number,value,datetime_start,datetime_complete,duration,params_alpha-eval,params_alpha-train,params_batch-size,params_eps-eval,params_eps-train,params_lambda-actions-eval,params_lambda-actions-train,params_lambda-frames-eval,params_lambda-frames-train,params_learning-rate,params_n-epochs,params_n-frames,params_radius-gw,params_rho,params_std-feats,params_ub-actions,params_ub-frames,params_weight-decay,state
784,0.5712534666061402,2025-04-07 17:46:10.943309,2025-04-07 17:46:35.531724,0 days 00:00:24.588415,0.054856013327884603,0.1354345808933689,8,0.11264424917395652,0.028356090661095856,0.011118847137948962,0.01043575736256856,0.06387253103632753,0.04136852911089585,0.0009855750311901202,12,37,0.04492086497822736,0.2582993954910045,False,False,True,6.215006010749757e-06,COMPLETE
785,0.5707535028457642,2025-04-07 17:46:35.787251,2025-04-07 17:47:00.450132,0 days 00:00:24.662881,0.065706285836729,0.14067240786983976,8,0.11916927856466598,0.03561133832065767,0.01036739534319951,0.006964241916745398,0.06270372830140783,0.04285983103349661,0.0012694863687584689,12,38,0.045653294901919064,0.24891067956572896,False,False,True,4.388215770269106e-06,COMPLETE
786,0.7149563193321229,2025-04-07 17:47:00.689181,2025-04-07 17:47:25.825502,0 days 00:00:25.136321,0.05420937283137875,0.15143733802968434,8,0.11773548208843171,0.03198450620473122,0.00910295944557778,0.00991152467454398,0.058660210024065046,0.04239199940053836,0.0008013683325536922,13,35,0.041435334503673954,0.24490761252353555,False,False,True,3.7127890064043394e-07,COMPLETE
787,0.41616652607917787,2025-04-07 17:47:26.079997,2025-04-07 17:47:51.190461,0 days 00:00:25.110464,0.0542326285712113,0.1503125298527313,8,0.11016423305185392,0.03180899448375432,0.009486914456376507,0.011424406338141865,0.06177426811908998,0.042101377463501725,0.0015159852690900244,12,134,0.03896075015966208,0.24646232587077993,False,False,True,4.7606709616112965e-07,COMPLETE
788,0.716100561618805,2025-04-07 17:47:51.433975,2025-04-07 17:48:16.453430,0 days 00:00:25.019455,0.05660108139082865,0.1243295036490099,8,0.11701465149670869,0.029230684173098338,0.007099856872548923,0.00985791780444388,0.056462667205675006,0.04032772111147191,0.0009286995115641791,13,35,0.042405968929272335,0.25995725703249845,False,False,True,9.139015103488342e-05,COMPLETE
789,0.570921015739441,2025-04-07 17:48:16.708644,2025-04-07 17:48:41.720954,0 days 00:00:25.012310,0.049876615892051945,0.14533033224461606,8,0.11245271290724873,0.03275844141555351,0.010577810487449987,0.011804388932018288,0.06646633322241742,0.04002773616424685,0.0010189379499413484,13,38,0.04159707524035787,0.25404795627406984,False,False,True,2.696483887169639e-06,COMPLETE
790,0.570678186416626,2025-04-07 17:48:41.976284,2025-04-07 17:49:07.643588,0 days 00:00:25.667304,0.05291013454232801,0.14840031502722556,8,0.116736297325555,0.030658682611263328,0.012018386737577453,0.009863201511651471,0.06857234530043052,0.0360348580215148,0.0011685474649903013,13,36,0.043021850302393944,0.25524444133200724,False,False,True,7.682240700343382e-07,COMPLETE
791,0.5958059072494507,2025-04-07 17:49:07.886637,2025-04-07 17:49:32.401140,0 days 00:00:24.514503,0.053702997435218516,0.1263804917689338,8,0.11059012485423166,0.06978417808593282,0.00862559900348167,0.009609905680665675,0.05876911580296421,0.03875894582801847,0.0008950051178709991,12,35,0.0401037789901598,0.26313903404628225,False,False,True,8.977713879752938e-05,COMPLETE
792,0.57113196849823,2025-04-07 17:49:32.656709,2025-04-07 17:49:57.616678,0 days 00:00:24.959969,0.060605526057384645,0.1542832704854994,8,0.11682840566237923,0.040475647262327226,0.008754545355049733,0.012598829655599258,0.05729342140283096,0.030225581823282856,0.0008145554017635566,13,38,0.04355785566883065,0.24892461532136137,False,False,True,6.902257666126242e-05,COMPLETE
793,0.48045973777771,2025-04-07 17:49:57.872069,2025-04-07 17:50:22.332547,0 days 00:00:24.460478,0.8532488535345805,0.12485234526772855,8,0.1118001543894276,0.02793797705186848,0.009124240682662994,0.008514427534263808,0.05944445484297292,0.04113229113808122,0.0007939240305490281,12,35,0.04462915830465439,0.2586779909314035,False,False,True,0.00015317298015964684,COMPLETE
794,0.5710454106330872,2025-04-07 17:50:22.575042,2025-04-07 17:50:46.331461,0 days 00:00:23.756419,0.05402416580305011,0.12539499631476214,8,0.11658938896054942,0.047385515728397845,0.011823018932618792,0.011059696401450622,0.060704595721985104,0.03746023820912913,0.001107530969556181,11,34,0.039959412727693225,0.24709090907231265,False,False,True,0.00011980587682060248,COMPLETE
795,0.5543272972106934,2025-04-07 17:50:46.590621,2025-04-07 17:51:11.715729,0 days 00:00:25.125108,0.4439229885253811,0.12235911883117465,8,0.12121021108672048,0.0340782097890821,0.00753369892283951,0.008527406721240574,0.06423607072879603,0.04253325898587798,0.0009281471876104691,13,38,0.036035369213111956,0.2469244241589879,False,False,True,7.27387146078876e-05,COMPLETE
796,0.5710433602333069,2025-04-07 17:51:11.974060,2025-04-07 17:51:37.033235,0 days 00:00:25.059175,0.05514384950131465,0.16274978708629248,8,0.11085186439144346,0.027174735216400812,0.010595960084772846,0.012187864108407869,0.05693003899938275,0.0399042574821163,0.0007119461919067336,13,34,0.0417543536464776,0.2619865959692695,False,False,True,1.1745347175727205e-06,COMPLETE
797,0.0909049764275551,2025-04-07 17:51:37.283324,2025-04-07 17:52:00.860968,0 days 00:00:23.577644,0.07159016025452983,0.14429258171274129,8,0.11865647019629666,0.21984094997131323,0.007223860004200029,0.006982882445762412,0.05536625055154491,0.03260627506663955,0.0007724304226604879,11,33,0.04615802737040114,0.25214703207171235,False,False,True,9.750313783475543e-05,COMPLETE
798,0.5691833853721618,2025-04-07 17:52:01.117496,2025-04-07 17:52:25.614301,0 days 00:00:24.496805,0.07461813633528738,0.12609534713722448,8,0.12021027269836301,0.03951543330750822,0.009740638203693714,0.009110318012819078,0.058801124280341927,0.03590791903101003,0.0007171807828812613,12,34,0.04368427082822693,0.24198165927062773,False,False,True,2.5525759417959463e-07,COMPLETE
799,0.09110647886991502,2025-04-07 17:52:25.870843,2025-04-07 17:52:50.645082,0 days 00:00:24.774239,0.057878478877975995,0.11628745462226725,8,0.11139685515292028,0.2356669054533473,0.006901929239465756,0.006904992382667848,0.056003917597083265,0.04232812692912252,0.0010132311685515827,13,33,0.04709949793804694,0.24466522695865575,False,False,True,0.00011881963314315702,COMPLETE
800,0.571122670173645,2025-04-07 17:52:50.891735,2025-04-07 17:53:15.880365,0 days 00:00:24.988630,0.07694561266674926,0.1491228762071628,8,0.19625071255559334,0.034339311016833685,0.008204502031278779,0.010025980519228329,0.05576679540888382,0.038394307953513604,0.0009016017406952136,13,37,0.03860419717518552,0.25805241382726674,False,False,True,5.971210505030064e-07,COMPLETE
801,0.5712534666061402,2025-04-07 17:53:16.136814,2025-04-07 17:53:40.475063,0 days 00:00:24.338249,0.05244896533358713,0.11297687238445765,8,0.12278924489401075,0.04495128242168953,0.006770112591388039,0.0060726929877757225,0.06093089283083594,0.0403708943556165,0.000705879115195093,12,38,0.04498316612357943,0.24202346436715103,False,False,True,9.083809722614666e-05,COMPLETE
802,0.7116327524185181,2025-04-07 17:53:40.733863,2025-04-07 17:54:05.192416,0 days 00:00:24.458553,0.07006606191025716,0.13683599905444502,8,0.11689717393356339,0.02878713561679002,0.005889912464476288,0.008262433417353401,0.05420606241710273,0.034135105165349525,0.0005892669521090939,12,35,0.04065235070216972,0.25342749541862386,False,False,True,6.10688955873001e-05,COMPLETE
803,0.5707019448280335,2025-04-07 17:54:05.438713,2025-04-07 17:54:29.232648,0 days 00:00:23.793935,0.05115142160950938,0.156919410148593,8,0.10940935836941705,0.0264895347931934,0.010910912789457711,0.007511316985047991,0.05716232670150947,0.03419414885656708,0.0006371037419767088,11,39,0.039782127910251645,0.26141952320952766,False,False,True,5.912469370670761e-05,COMPLETE
804,0.7082632541656494,2025-04-07 17:54:29.491121,2025-04-07 17:54:53.934508,0 days 00:00:24.443387,0.07121281766321698,0.16649085770384542,8,0.11687715604373614,0.027178641767007333,0.009333272015234952,0.0055913252194456165,0.05393643172680033,0.03029203477414806,0.0007780250437671683,12,35,0.04178203052131661,0.25285032433114035,False,False,True,7.351217501965901e-05,COMPLETE
805,0.5611553907394409,2025-04-07 17:54:54.179701,2025-04-07 17:55:18.930007,0 days 00:00:24.750306,0.37910556834379194,0.1648371888827298,8,0.11525808581369594,0.028804582993695073,0.011753716894487879,0.012060014821751727,0.055277560014667076,0.029561669792704078,0.0008841326665679466,12,36,0.03376629874982472,0.2531606466568693,False,False,True,4.6758159307328744e-05,COMPLETE
806,0.5712534666061402,2025-04-07 17:55:19.187480,2025-04-07 17:55:43.465417,0 days 00:00:24.277937,0.06610172599462188,0.162980292405684,8,0.10985953782984258,0.029233359135434026,0.009719779748381478,0.005927990739368989,0.05869199870505391,0.03137916189898336,0.0013555759721910706,12,38,0.04137593447694391,0.2522785285537368,False,False,True,7.549379141152371e-05,COMPLETE
807,0.6864690661430359,2025-04-07 17:55:43.726105,2025-04-07 17:56:08.759891,0 days 00:00:25.033786,0.0498179324497321,0.13099727106244866,8,0.11562775992892023,0.02632080063662602,0.011549225395666066,0.009809109708446551,0.054670231749343996,0.02574367918435466,0.0017511327256342659,13,35,0.03839008624080387,0.26561062919616396,False,False,True,1.414775350734842e-06,COMPLETE
808,0.5711475253105164,2025-04-07 17:56:09.007899,2025-04-07 17:56:32.810733,0 days 00:00:23.802834,0.07283099838685977,0.1805605370149762,8,0.10934796772059119,0.03250919964386781,0.008474055171794427,0.00788185933062598,0.05757852522473167,0.0273482569819119,0.0011509618354518657,11,39,0.03594122788606907,0.2605326581816808,False,False,True,6.804209278154574e-05,COMPLETE
809,0.7181978344917298,2025-04-07 17:56:33.069309,2025-04-07 17:56:58.720645,0 days 00:00:25.651336,0.049989549184228085,0.14458775413015218,8,0.11787145236801089,0.027505329824158403,0.009213240129079602,0.005615315771416985,0.061401306325326935,0.03443764993366372,0.0007397072713124428,13,35,0.04204037774932489,0.25574871996843884,False,False,True,5.77417489620573e-05,COMPLETE
810,0.5712534666061402,2025-04-07 17:56:58.980816,2025-04-07 17:57:24.116616,0 days 00:00:25.135800,0.04803302252336646,0.18106307498938007,8,0.11656069710213733,0.026807986935282642,0.011543886976911145,0.00519365607505697,0.06060749461024362,0.032335673551342405,0.0007998750162955302,13,39,0.04232553180721332,0.25618958997818797,False,False,True,5.522295296453671e-05,COMPLETE
811,0.7175265073776245,2025-04-07 17:57:24.364580,2025-04-07 17:57:50.101285,0 days 00:00:25.736705,0.054269546154543144,0.14514548606508235,8,0.10919496542824089,0.0257363373429706,0.009569429156778338,0.00827208025111923,0.05877427013300268,0.03160518833545819,0.0009128916286462326,14,35,0.040732540286432896,0.25588543444366535,False,False,True,3.5599439277688035e-07,COMPLETE
812,0.5694282174110413,2025-04-07 17:57:50.361793,2025-04-07 17:58:15.933343,0 days 00:00:25.571550,0.041987279661947347,0.17796485883952562,8,0.10689186736901359,0.027572522235724196,0.011644922360240756,0.010892994952141606,0.06274773261087324,0.029746027440957137,0.0010492994286985112,14,36,0.04072341461097939,0.2570453748269496,False,False,True,3.41787827830483e-07,COMPLETE
813,0.5706043720245362,2025-04-07 17:58:16.194172,2025-04-07 17:58:40.439905,0 days 00:00:24.245733,0.049538574759206824,0.15633637636128953,8,0.11045278907871246,0.026260495576475102,0.009289942190125133,0.00885056836292573,0.06213126663767881,0.03218631390038909,0.0008883276790000133,12,37,0.03698303081370964,0.26585780990568664,False,False,True,4.7469178007358183e-07,COMPLETE
814,0.7119284391403199,2025-04-07 17:58:40.687824,2025-04-07 17:59:06.912397,0 days 00:00:26.224573,0.048431486139263166,0.14773653988880114,8,0.10753251293860489,0.025396696584327413,0.00980476702257176,0.0119393023015572,0.06492135953378349,0.03062295666968452,0.001327420739132502,14,35,0.04027852625659275,0.265665214375187,False,False,True,3.5199932484059895e-07,COMPLETE
815,0.7016636729240417,2025-04-07 17:59:07.173883,2025-04-07 17:59:32.899307,0 days 00:00:25.725424,0.05322973412446336,0.19370365654402838,8,0.10886893239926669,0.02509959666640456,0.012586540234187257,0.012176808001841764,0.06154121382652321,0.027775960921491438,0.0013723523782634603,14,35,0.03926062723220874,0.2629780182777004,False,False,True,2.3115069290887236e-07,COMPLETE
816,0.5712942361831665,2025-04-07 17:59:33.162505,2025-04-07 17:59:58.942289,0 days 00:00:25.779784,0.04349309493732389,0.17989859046509593,8,0.10815657226351957,0.02501029539644064,0.011570797819509168,0.011768372256258257,0.06517537856977469,0.02862934751029575,0.0014899142800790456,14,39,0.03889730050655073,0.26396306550420723,False,False,True,2.7745619569336403e-07,COMPLETE
817,0.5714057087898254,2025-04-07 17:59:59.192118,2025-04-07 18:00:24.144227,0 days 00:00:24.952109,0.04345891262828079,0.194672222631306,8,0.11011325824022057,0.023585483443950436,0.010004896684877506,0.012445950099015404,0.06829097462442288,0.027166387298649758,0.029335491428599054,13,39,0.04010518233458116,0.2697367270069685,False,False,True,3.8114062714545857e-07,COMPLETE
818,0.1017263576388359,2025-04-07 18:00:24.406105,2025-04-07 18:00:49.733971,0 days 00:00:25.327866,0.04667512564826192,0.20419287466309707,8,0.28189590491170957,0.02622604341226119,0.011648957955606524,0.07259123776631861,0.06335955613707812,0.029774202187827822,0.001426515712055287,14,35,0.036731366341022254,0.26168845672602575,False,False,True,1.9048158911269158e-07,COMPLETE
819,0.5958657383918763,2025-04-07 18:00:49.996575,2025-04-07 18:01:15.838070,0 days 00:00:25.841495,0.0481038031161935,0.17360045207603755,8,0.10538340465361166,0.10118375658234105,0.013166776369826189,0.01265394777874388,0.06061515677009344,0.02444102007281638,0.002141335843558634,14,38,0.04136865433363442,0.2672516522363387,False,False,True,3.8736851882407844e-07,COMPLETE
820,0.5684785485267639,2025-04-07 18:01:16.086985,2025-04-07 18:01:41.173355,0 days 00:00:25.086370,0.0450899381506238,0.24823868707170435,8,0.10885686254657835,0.03390567551176629,0.01201787627811615,0.010145733130029668,0.06552990822886544,0.022022902091900644,0.0018415566855430276,13,36,0.03789270774197034,0.27408130802368513,False,False,True,5.740834085534773e-07,COMPLETE
821,0.5713014960289002,2025-04-07 18:01:41.435940,2025-04-07 18:02:07.026865,0 days 00:00:25.590925,0.06034052097186946,0.16584719806314682,8,0.10617131287713369,0.024924260470980432,0.012632327849769292,0.011370217336985521,0.07024567278483057,0.031802986017334195,0.0012385856928398885,14,39,0.04201340557316606,0.25878334815976267,False,False,True,2.169238905261449e-07,COMPLETE
822,0.7028946042060853,2025-04-07 18:02:07.298178,2025-04-07 18:02:32.381936,0 days 00:00:25.083758,0.058765369381000805,0.1646391296018069,8,0.1061080396463996,0.030916255927583198,0.01627623158578396,0.014920976842407936,0.06458366007995367,0.02607609312506929,0.0012475799638219768,13,35,0.03950973816047163,0.2538348509229941,False,False,True,4.1573225988640454e-07,COMPLETE
823,0.6950447678565979,2025-04-07 18:02:32.648250,2025-04-07 18:02:56.901459,0 days 00:00:24.253209,0.03989269116279992,0.18647071767804307,8,0.10590706155777918,0.02534872919344918,0.012848010983297383,0.013458665113614213,0.06657924403372491,0.02595320380923124,0.0012978797065249762,12,35,0.03516547214457644,0.27192748011208734,False,False,True,3.339763178140575e-07,COMPLETE
824,0.5714392066001892,2025-04-07 18:02:57.152617,2025-04-07 18:03:22.292741,0 days 00:00:25.140124,0.05728991110913661,0.15769234212932334,8,0.10745009937325728,0.03060198300969482,0.015998625029615177,0.01523742203869324,0.06498450557354973,0.022963225979253644,0.0018545990958346136,13,39,0.03863087120815515,0.2528221357003534,False,False,True,4.0112701762022587e-07,COMPLETE
825,0.5692516922950746,2025-04-07 18:03:22.557621,2025-04-07 18:03:47.585420,0 days 00:00:25.027799,0.04133035312862927,0.17453234095698,8,0.11292972150316524,0.026552520256927843,0.015578784039121989,0.012322183787719983,0.06261865015532157,0.02747136057395163,0.001615556258358059,13,34,0.04013118861668268,0.26183311760194883,False,False,True,4.612561608605267e-07,COMPLETE
826,0.7047459244728089,2025-04-07 18:03:47.851243,2025-04-07 18:04:13.552737,0 days 00:00:25.701494,0.060696431086755175,0.20016373020466977,8,0.10498038537267433,0.03179005970631089,0.013125769797429056,0.016925842242249783,0.05983536891988503,0.019140015506767836,0.001244020554202558,14,35,0.04235518597447046,0.2528012695691671,False,False,True,2.9077466430367686e-07,COMPLETE
827,0.5713014960289002,2025-04-07 18:04:13.809063,2025-04-07 18:04:39.727937,0 days 00:00:25.918874,0.054916169807311184,0.21700273730661201,8,0.10544197558766798,0.032188784620593804,0.016969765313847536,0.013493334683062434,0.061554462459450975,0.03337649126988224,0.0014889353618593479,14,39,0.04023850613959079,0.252897311997952,False,False,True,2.421679247714822e-07,COMPLETE
828,0.5712534666061402,2025-04-07 18:04:39.991006,2025-04-07 18:05:05.991232,0 days 00:00:26.000226,0.039462046691500906,0.19064537041838736,8,0.10471722431773416,0.023739142303529796,0.010631318943861956,0.015406693770572587,0.059722798099181476,0.030502562289735066,0.0012818270977051416,14,36,0.04262413823979255,0.26629698695897736,False,False,True,3.504190243065417e-07,COMPLETE
829,0.4710461974143982,2025-04-07 18:05:06.260025,2025-04-07 18:05:31.523946,0 days 00:00:25.263921,0.06316204837107627,0.22671922778515044,8,0.10466867569359094,0.14195242428315283,0.015452312583734466,0.01512850050973476,0.06378931904193091,0.03503977795633095,0.0010981128057198598,13,35,0.03736093664608593,0.25571061108041854,False,True,True,2.932276453103103e-07,COMPLETE
830,0.5713618755340577,2025-04-07 18:05:31.778035,2025-04-07 18:05:56.751580,0 days 00:00:24.973545,0.03889772393924962,0.1911980637347318,8,0.11215599248711391,0.03188741030562992,0.01304839498101583,0.016456278506265732,0.06147157134745185,0.016502275186301457,0.0010315500132085202,13,39,0.04288357465165697,0.2620149749112953,False,False,True,5.137319473270569e-07,COMPLETE
831,0.569727635383606,2025-04-07 18:05:57.027063,2025-04-07 18:06:22.832644,0 days 00:00:25.805581,0.0626893310780311,0.17519979689580567,8,0.10431127815910352,0.025063268927849748,0.010047865888584013,0.010891759352857612,0.06577035941817538,0.02421859578583914,0.001586983415418524,14,34,0.03432157251592277,0.2505118224503396,False,False,True,2.923456815592173e-07,COMPLETE
832,0.5703855276107789,2025-04-07 18:06:23.099893,2025-04-07 18:06:47.481934,0 days 00:00:24.382041,0.06407383547897962,0.21227489631313914,8,0.11094311886850626,0.03475593113297373,0.013458339889601883,0.01657364698193698,0.05990954101362854,0.019503316451456174,0.001159916779201772,12,37,0.04095588056025624,0.2581617791697061,False,False,True,4.244806498847486e-07,COMPLETE
833,0.567831027507782,2025-04-07 18:06:47.740043,2025-04-07 18:07:13.546187,0 days 00:00:25.806144,0.04128374163715154,0.22844859336374185,8,0.11442966488772262,0.025741719841224614,0.013786884815887971,0.015222121981356194,0.05927410826575235,0.018327307155299538,0.0025166364955473627,14,34,0.03886055877939613,0.2670587446145219,False,False,True,2.1368764904666e-07,COMPLETE
834,0.5710113525390625,2025-04-07 18:07:13.812783,2025-04-07 18:07:38.282967,0 days 00:00:24.470184,0.06353564461434434,0.19574912625479773,8,0.10888661710616787,0.031552522729023584,0.009995035883986095,0.012250777394591,0.06362676458600454,0.02081565452622991,0.001222280167604616,12,39,0.04316491442363931,0.2505313536728177,False,False,True,6.662000517144691e-07,COMPLETE
835,0.43687053918838503,2025-04-07 18:07:38.557616,2025-04-07 18:08:04.466882,0 days 00:00:25.909266,0.038832880681306726,0.1683492078211722,8,0.11372098053157523,0.02444504571091592,0.012417665105046476,0.009911868028131399,0.05864780572004202,0.0319044635021708,0.0009016256748610382,13,145,0.040688194975620755,0.27702162263169894,False,False,True,2.8571016559326177e-07,COMPLETE
836,0.5620552062988282,2025-04-07 18:08:04.722660,2025-04-07 18:08:29.611976,0 days 00:00:24.889316,0.06539736754627411,0.20653375947407349,8,0.21436933176032863,0.035167477166596586,0.015560484541459925,0.010066006450221848,0.06285443535077503,0.03450192080505635,0.0014756668015863035,13,33,0.03787114287410392,0.25780831676890703,False,False,True,4.177485651135334e-05,COMPLETE
837,0.09149228781461717,2025-04-07 18:08:29.880791,2025-04-07 18:08:55.447393,0 days 00:00:25.566602,0.04993426092169809,0.17233392077162646,8,0.10519366370485161,0.13263808763909102,0.01046537630213611,0.012853140462125656,0.06769555873760569,0.026185980371181104,0.0009939159958423495,14,36,0.04321192162971435,0.2482124237944416,False,False,True,9.990985941720187e-07,COMPLETE
838,0.5693019151687623,2025-04-07 18:08:55.717328,2025-04-07 18:09:20.643654,0 days 00:00:24.926326,0.06835497613729499,0.16207437682159026,8,0.11492583731171985,0.03102642274782586,0.01271594954065336,0.008396898163137354,0.07075909582913924,0.0305642621486912,0.0012333059446657806,12,33,0.035868666022846545,0.25779451886063287,False,False,True,1.9121517380727327e-07,COMPLETE
839,0.5714950919151307,2025-04-07 18:09:20.900658,2025-04-07 18:09:46.722381,0 days 00:00:25.821723,0.03613584010233864,0.16194469303422887,8,0.10859197849771753,0.03596649378999353,0.0098822114965869,0.010865644742296704,0.06184504396804964,0.03557093079912041,0.0009885070763387223,14,39,0.03948904047967175,0.27085120530848994,False,False,True,3.8366236521723424e-07,COMPLETE
