number,value,datetime_start,datetime_complete,duration,params_alpha-eval,params_alpha-train,params_batch-size,params_eps-eval,params_eps-train,params_lambda-actions-eval,params_lambda-actions-train,params_lambda-frames-eval,params_lambda-frames-train,params_learning-rate,params_n-epochs,params_n-frames,params_radius-gw,params_rho,params_std-feats,params_ub-actions,params_ub-frames,params_weight-decay,state
1764,0.29492651224136357,2025-04-15 17:34:28.440109,2025-04-15 17:34:35.720175,0 days 00:00:07.280066,0.4659518487918925,0.38483110110497043,16,0.02944070853603676,0.2688475308591278,0.09515427007164334,0.033710661955516655,0.07689361114824422,0.05713299577869278,9.104344827942109e-05,10,129,0.05534917935571777,0.20646029570772706,True,True,True,3.600764205473426e-08,COMPLETE
1765,0.27334054708480837,2025-04-15 17:34:36.313200,2025-04-15 17:34:45.974012,0 days 00:00:09.660812,0.5054958059391724,0.35234954340859614,16,0.017787613250269077,0.16196128893170295,0.04455268329407891,0.030802633170847804,0.0858196714958005,0.059976406599781665,0.0001983466569883354,27,123,0.058803910389784955,0.20162860345775682,True,True,True,2.1482956019775487e-08,COMPLETE
1766,0.42362264394760135,2025-04-15 17:34:46.550727,2025-04-15 17:34:57.295939,0 days 00:00:10.745212,0.47851159907118024,0.7078956126388937,16,0.03421814467883979,0.17723606594683747,0.09379972256372392,0.020321920690021655,0.08922851183198893,0.02104589652569116,0.00014235550162290558,30,142,0.06549254172437026,0.21907430560818447,True,True,True,3.985393247003865e-08,COMPLETE
1767,0.2048193633556366,2025-04-15 17:34:57.891406,2025-04-15 17:35:21.108884,0 days 00:00:23.217478,0.5387727092946916,0.8084759328342275,2,0.2558881131357766,0.1689525252034109,0.0966481794166206,0.0354642715417941,0.08355567388131592,0.09196664000115268,0.00010211327548629956,28,135,0.06292431359519156,0.21203506821062507,True,True,True,2.8270276612549154e-08,COMPLETE
1768,0.4294756054878235,2025-04-15 17:35:21.687477,2025-04-15 17:35:32.355974,0 days 00:00:10.668497,0.4378991397729962,0.7728429793597696,16,0.024406295772403854,0.15726009672036273,0.09119213352144868,0.03256342696044159,0.08141977220545461,0.058388082914097444,7.730316000865052e-05,29,147,0.060132175095450144,0.19198192998000016,True,True,True,5.6090940321581203e-08,COMPLETE
1769,0.4249986052513123,2025-04-15 17:35:32.950170,2025-04-15 17:35:43.682027,0 days 00:00:10.731857,0.4105336796626724,0.7885820096325117,16,0.01674585542776705,0.14671065549385362,0.08882123783993001,0.03726269500787546,0.07445781696935862,0.057836455240917364,6.761474065666196e-05,29,148,0.057037047951867835,0.19381073509619692,True,True,True,6.948933145215421e-08,COMPLETE
1770,0.2048193633556366,2025-04-15 17:35:44.258675,2025-04-15 17:35:54.827243,0 days 00:00:10.568568,0.42231371035669496,0.8404704828427616,16,0.10255152158096781,0.153557467953876,0.09059453048855726,0.004458484200817105,0.0778269294251194,0.05909210966161862,4.8328344331765875e-05,29,146,0.055442794668855565,0.20069782336019712,True,True,True,8.690789905404198e-08,COMPLETE
1771,0.2048193633556366,2025-04-15 17:35:55.422666,2025-04-15 17:36:05.997405,0 days 00:00:10.574739,0.4039408060935155,0.7350548493398457,16,0.16193097391712122,0.14083981815542387,0.08920624630008028,0.035058822768590216,0.07912033314818129,0.0608992603950015,6.280608953198593e-05,29,148,0.05955423644910321,0.03858847280911368,True,True,True,5.989041048672776e-08,COMPLETE
1772,0.39853628873825075,2025-04-15 17:36:06.574281,2025-04-15 17:36:17.336431,0 days 00:00:10.762150,0.4260805419092598,0.7602690339568227,16,0.011169374046073616,0.14777130329117538,0.0904300992530551,0.03407300378864776,0.0790146130071728,0.055729654920547454,5.205529360250121e-05,30,144,0.053221930801483075,0.20814534442434995,True,True,True,7.298523210776219e-08,COMPLETE
1773,0.42348015308380127,2025-04-15 17:36:17.931258,2025-04-15 17:36:28.570964,0 days 00:00:10.639706,0.43262782730521665,0.817558866352049,16,0.022601027485549537,0.15703774167312795,0.08836134135801604,0.00837511284033538,0.07560267928452982,0.06340362687594323,7.353645815740265e-05,29,147,0.058310056736096155,0.20195871638906585,True,True,True,5.7736257252755784e-08,COMPLETE
1774,0.28534165024757385,2025-04-15 17:36:29.168064,2025-04-15 17:36:39.627847,0 days 00:00:10.459783,0.39865850840320316,0.78174356300128,16,0.0105844617916209,0.15149041516066963,0.09156820789020445,0.03869277820229083,0.0807191877022795,0.05845990852604954,8.219869951818527e-05,28,148,0.06176987104711995,0.23051889195862557,True,True,True,9.973777373587914e-08,COMPLETE
1775,0.29278346300125124,2025-04-15 17:36:40.209942,2025-04-15 17:36:50.963918,0 days 00:00:10.753976,0.10949758224848405,0.7997621025666922,16,0.020220701211253272,0.1560495579582366,0.0983065750578684,0.03724488224773599,0.034724640379642055,0.05622705321867397,7.476739259718839e-05,29,150,0.05658208103242796,0.21691745636281984,True,True,False,6.849377164805732e-08,COMPLETE
1776,0.42369909286499025,2025-04-15 17:36:51.539212,2025-04-15 17:37:02.361688,0 days 00:00:10.822476,0.4432838712406823,0.7467651757788311,16,0.02828549314090915,0.14554036233613843,0.09210827264371152,0.032819142520551646,0.0817607534197583,0.060423413692669604,0.015926175627222608,30,145,0.053880743074844285,0.2089134960056672,True,True,True,4.080648387429093e-08,COMPLETE
1777,0.4216005325317383,2025-04-15 17:37:02.966074,2025-04-15 17:37:13.534507,0 days 00:00:10.568433,0.440674837319611,0.771317867210304,16,0.03317286716220556,0.1588728854381877,0.08850663009694079,0.03569550472804604,0.07664676492481233,0.062343959861851664,6.114802761733242e-05,28,150,0.059484015631889826,0.22317590973945675,True,True,True,5.077842815078373e-08,COMPLETE
1778,0.4241504430770874,2025-04-15 17:37:14.109763,2025-04-15 17:37:24.699586,0 days 00:00:10.589823,0.4235592162884588,0.7200799308669911,16,0.01744061421435479,0.15071937237365815,0.09826383631648541,0.04194918324704027,0.07916692783756367,0.05921622531281215,6.42714905897724e-05,29,145,0.06142410332815846,0.19454371746000892,True,True,True,7.472278962016555e-08,COMPLETE
1779,0.4271087527275086,2025-04-15 17:37:25.297206,2025-04-15 17:37:35.983611,0 days 00:00:10.686405,0.44983571938438965,0.7963501884474407,16,0.023559138107746586,0.1573302413011802,0.09990671374137229,0.033027080186524886,0.08049554016328017,0.05531166476097291,7.891907420380054e-05,30,143,0.06401509184082117,0.2048153213711015,True,True,True,5.7950521993178255e-08,COMPLETE
1780,0.3620140075683594,2025-04-15 17:37:36.562452,2025-04-15 17:37:47.329492,0 days 00:00:10.767040,0.4400570245037184,0.826959878712782,16,0.03826930093150769,0.16136678972533125,0.09538030496068589,0.0126623636320768,0.07861165882965492,0.05753242936375275,6.300200974754402e-05,29,150,0.05777138278114446,0.19878715218147933,True,True,True,5.280188173472311e-08,COMPLETE
1781,0.4318599224090577,2025-04-15 17:37:47.922606,2025-04-15 17:37:58.392076,0 days 00:00:10.469470,0.41882606913083287,0.7626860912667563,16,0.027597261778367348,0.15395937964558082,0.09666595157279198,0.034977263676469486,0.08071699537775655,0.05695296302766553,4.957934033677351e-05,28,145,0.05972066941511292,0.21452445074703533,True,True,True,7.747959236085633e-08,COMPLETE
1782,0.3808975338935852,2025-04-15 17:37:58.972217,2025-04-15 17:38:09.348265,0 days 00:00:10.376048,0.41970335778541157,0.7819138520948935,16,0.012867519867085273,0.14534029429790024,0.09272918215119291,0.03959919390788183,0.07793926288113376,0.05667447087203894,4.8935272310738376e-05,27,147,0.05545914710380907,0.22788576012092168,True,True,True,6.150980845801127e-08,COMPLETE
1783,0.4216100454330445,2025-04-15 17:38:09.955097,2025-04-15 17:38:20.190991,0 days 00:00:10.235894,0.40714029637154187,0.8096567270126582,16,0.024542491988294245,0.12724170400343898,0.09066561713499832,0.03711251013818532,0.07633156680047712,0.053978714940842575,3.819272329487257e-05,27,146,0.058385769462070615,0.2210850122253355,True,True,True,6.02824631497963e-08,COMPLETE
1784,0.4037961006164551,2025-04-15 17:38:20.769429,2025-04-15 17:38:31.235984,0 days 00:00:10.466555,0.3956717160184368,0.7675559083020312,16,0.03252898371571869,0.14008275299704778,0.09375200756329677,0.01774945558790862,0.07930162086719351,0.0565043030151045,3.928742914560061e-05,28,146,0.0563159163664572,0.21696588019970206,True,True,True,6.388723180333108e-08,COMPLETE
1785,0.4020976543426514,2025-04-15 17:38:31.832550,2025-04-15 17:38:42.008923,0 days 00:00:10.176373,0.391976007420587,0.7902261834442789,16,0.017967549577179158,0.13381290119841982,0.09404850443179731,0.03579582104152018,0.0807116936652404,0.05285637438949295,4.371249439676584e-05,27,144,0.04374466774924693,0.23241872951423212,True,True,True,1.0288697797762631e-07,COMPLETE
1786,0.4269908905029297,2025-04-15 17:38:42.610350,2025-04-15 17:38:53.003789,0 days 00:00:10.393439,0.39072168017003805,0.8276356945231598,16,0.02598579740936769,0.1539358510980785,0.09116194477682099,0.03891802247260274,0.07702380085351664,0.05826571521623655,3.764252073271379e-05,28,144,0.05960811618906413,0.22222116849925772,True,True,True,8.113470530790694e-08,COMPLETE
1787,0.33889998197555543,2025-04-15 17:38:53.582595,2025-04-15 17:39:04.176714,0 days 00:00:10.594119,0.40154999312516476,0.771816981586995,16,0.0458408611180046,0.14522259107288038,0.09497365501817626,0.03230510785946398,0.08042482439312312,0.0551384802962129,5.380358258340087e-05,28,150,0.06222804884087126,0.2157014070227034,True,True,True,7.121734297566916e-08,COMPLETE
1788,0.36938076019287114,2025-04-15 17:39:04.756078,2025-04-15 17:39:15.086662,0 days 00:00:10.330584,0.42104554463638366,0.8136418690409184,16,0.037863166798565384,0.149197229694226,0.09295982540266275,0.034728785074820315,0.07925950237104921,0.05890800189546949,2.58100472077118e-05,27,148,0.05769691529865145,0.22688345645953661,True,True,True,3.1558643121901897e-06,COMPLETE
1789,0.2740563690662384,2025-04-15 17:39:15.685282,2025-04-15 17:39:37.769316,0 days 00:00:22.084034,0.3966110022251582,0.7951204365996486,2,0.010331955518035469,0.1622310468517897,0.08952402969534469,0.014879870723123047,0.08124170731456713,0.0607355985918349,4.24629045387661e-05,26,143,0.053853958287416716,0.2146196838239614,True,True,True,7.664367338527902e-08,COMPLETE
1790,0.4229271292686463,2025-04-15 17:39:38.350344,2025-04-15 17:39:48.901040,0 days 00:00:10.550696,0.41764982297457165,0.8419519091956693,16,0.0214995964582641,0.15088232847397312,0.09538800916653684,0.037341355379862703,0.07500454638243925,0.05577576529891494,2.450659095396148e-05,28,147,0.060180479099183795,0.22073684550343137,True,True,True,1.0138642189575008e-07,COMPLETE
1791,0.419018280506134,2025-04-15 17:39:49.499995,2025-04-15 17:39:59.807896,0 days 00:00:10.307901,0.433599488986874,0.7618163228026225,16,0.030618077270734338,0.1414474182516969,0.09251691250816303,0.04135923732059955,0.07741458458589098,0.05716563301862378,6.773370071767451e-05,28,142,0.06294844689664349,0.21208521212000173,True,True,True,5.0744733070673305e-08,COMPLETE
1792,0.41751552820205695,2025-04-15 17:40:00.385189,2025-04-15 17:40:10.868387,0 days 00:00:10.483198,0.4109705566435267,0.7806745408348684,16,0.017047488249367936,0.1563096299531556,0.09571310593638177,0.033168425083764254,0.08121839830874321,0.05338446599821754,4.788387422468777e-05,28,146,0.05891826281382417,0.2260262655467731,True,True,True,4.9629733846554174e-08,COMPLETE
1793,0.24472326636314393,2025-04-15 17:40:11.465256,2025-04-15 17:40:21.560846,0 days 00:00:10.095590,0.4301927801561063,0.8033633003588947,16,0.026551312926458456,0.16402747746097587,0.09379990390705702,0.03611107933224721,0.07315321842074794,0.05909910059642133,9.525742387494343e-05,27,142,0.06115359404607363,0.2354228424342227,True,True,False,7.750311726272176e-08,COMPLETE
1794,0.4070705056190491,2025-04-15 17:40:22.167775,2025-04-15 17:40:32.570064,0 days 00:00:10.402289,0.4137569905972033,0.7527801272430127,16,0.03328027149460504,0.1530728438121853,0.0908164232793203,0.032029624906134604,0.0785225950803401,0.06117149332259171,3.6378219473322345e-05,28,145,0.05700250024298112,0.21257265797278038,True,True,True,1.542469917713357e-06,COMPLETE
1795,0.42466264963150024,2025-04-15 17:40:33.157957,2025-04-15 17:40:43.505049,0 days 00:00:10.347092,0.43958797562643004,0.7764895195674886,16,0.022325472635003254,0.1604877724495394,0.09612991908089322,0.034812656651733026,0.08202309920505653,0.05729549943139648,4.503640778984011e-05,27,150,0.06571912847064992,0.21836525903567544,True,True,True,4.86951373392247e-08,COMPLETE
1796,0.3557212114334106,2025-04-15 17:40:44.112315,2025-04-15 17:40:54.438158,0 days 00:00:10.325843,0.3940939100527528,0.7962622025419743,16,0.038766566177152795,0.16604674590489457,0.09398184939845132,0.04034134603445856,0.07978799164566637,0.05488544230131383,6.654552124847565e-05,28,142,0.06392692226862708,0.20898223718226736,True,True,True,4.31400874817779e-08,COMPLETE
1797,0.42627385854721067,2025-04-15 17:40:55.020923,2025-04-15 17:41:05.563107,0 days 00:00:10.542184,0.4460310277238541,0.7595359955276413,16,0.029514994344621754,0.14761315077369574,0.09204019033070501,0.020431727287575925,0.08201520108142264,0.060166195483159005,4.672912831852513e-05,28,147,0.055054468785313865,0.2232439163384027,True,True,True,6.047704828423924e-08,COMPLETE
1798,0.42364891767501833,2025-04-15 17:41:06.148704,2025-04-15 17:41:16.400198,0 days 00:00:10.251494,0.4180637093233801,0.8162701945702702,16,0.01649996262727236,0.15781919354822332,0.0962881606747354,0.03802725754390082,0.0775670962324946,0.06284510220064975,5.824062086205173e-05,27,145,0.06050117088344927,0.20410826807637752,True,True,True,4.528847451496905e-08,COMPLETE
1799,0.42800993919372554,2025-04-15 17:41:17.004125,2025-04-15 17:41:27.031091,0 days 00:00:10.026966,0.45538866461121613,0.735374105454082,16,0.024265278626795287,0.16405238356364552,0.08829340489982934,0.031002072741354712,0.08160476044926816,0.05170216695448421,5.885484842937411e-05,26,142,0.05891991781763113,0.21442484437564746,True,True,True,9.90308487123186e-08,COMPLETE
1800,0.3543973684310913,2025-04-15 17:41:27.619764,2025-04-15 17:41:38.294380,0 days 00:00:10.674616,0.4345972874593039,0.7799352788092699,16,0.04309120494978298,0.13793907346762008,0.09492548822897093,0.017591640798090263,0.07918399838474852,0.058834257750670645,8.825534299174333e-05,29,148,0.06215077312205775,0.20908420701268984,True,True,True,3.699487712254447e-08,COMPLETE
1801,0.3748594045639038,2025-04-15 17:41:38.896986,2025-04-15 17:41:48.691929,0 days 00:00:09.794943,0.39625531358405836,0.7533773249445566,16,0.031799166925123704,0.26422570351589464,0.09667507213953667,0.03370865737611565,0.0814235137424186,0.05465680237159768,3.400561783303689e-05,25,141,0.05645457643032413,0.19433665786988158,True,True,True,8.561537539610952e-08,COMPLETE
1802,0.2048193633556366,2025-04-15 17:41:49.273516,2025-04-15 17:41:59.712540,0 days 00:00:10.439024,0.46206304014375094,0.7914646034724394,16,0.19122993107392217,0.15487318541031725,0.09193390565959478,0.036754169928785246,0.0826534579134782,0.05687370375022511,5.514662230078216e-05,28,145,0.0607494757393207,0.21841744360120724,True,True,True,1.7598590246499077e-08,COMPLETE
1803,0.2760295629501343,2025-04-15 17:42:00.320427,2025-04-15 17:42:10.878867,0 days 00:00:10.558440,0.45433654205161655,0.8447972214847949,16,0.011421948429139732,0.1666112613863629,0.06370419995030042,0.034863470466410085,0.07948601643721656,0.053254212840430866,2.0517605075660383e-05,28,150,0.06371547053166009,0.28286795889944094,True,True,True,4.770628457486248e-08,COMPLETE
1804,0.4158871412277222,2025-04-15 17:42:11.461098,2025-04-15 17:42:22.040042,0 days 00:00:10.578944,0.427462944278425,0.8202013730904275,16,0.02077497102784863,0.15037812200966377,0.09423154436185378,0.03153415119195877,0.08313673325045352,0.061597609636899156,7.725745806396941e-05,29,144,0.06959389040875291,0.2001723111972104,True,True,True,3.646476979731825e-08,COMPLETE
1805,0.22111648321151733,2025-04-15 17:42:22.644470,2025-04-15 17:42:32.693710,0 days 00:00:10.049240,0.41150718984817064,0.7698261469607475,16,0.06392283551037611,0.1588771009519972,0.09639052314579735,0.03337517778197984,0.07627242460641523,0.058671107748753906,7.98425111785954e-05,27,140,0.058266190050563084,0.2059588099379522,True,True,True,1.713742164988024e-08,COMPLETE
1806,0.42867137193679816,2025-04-15 17:42:33.283080,2025-04-15 17:42:44.142149,0 days 00:00:10.859069,0.4487695837680058,0.8006371218444464,16,0.028063268793231625,0.1619901641768203,0.08945839426503316,0.015404715014010147,0.08065220015383728,0.06493691707166403,2.859597943180931e-05,30,147,0.05955075313364288,0.19165867583949772,True,True,True,6.184733286442037e-08,COMPLETE
1807,0.39058488607406616,2025-04-15 17:42:44.751049,2025-04-15 17:42:55.214598,0 days 00:00:10.463549,0.4339243313350582,0.7367425302034885,16,0.03690059832148782,0.1676307737832456,0.09339321134881236,0.03809279658414824,0.08278565784044194,0.056577612102002364,6.343237173531385e-05,29,141,0.06208305978641797,0.2109231132746598,True,True,True,3.533103350077394e-08,COMPLETE
1808,0.29107133150100706,2025-04-15 17:42:55.824282,2025-04-15 17:43:06.262303,0 days 00:00:10.438021,0.4608081965282308,0.24905785222908064,16,0.02517502909574615,0.12187001817884886,0.09701083800862853,0.029034449832932966,0.07827989320802484,0.060441558838432254,4.497038165071682e-05,28,144,0.054214642358870184,0.22469667355094602,True,True,True,2.258822765918792e-08,COMPLETE
1809,0.4074517488479614,2025-04-15 17:43:06.849907,2025-04-15 17:43:17.317841,0 days 00:00:10.467934,0.45421659588597374,0.7719664222723387,16,0.03356137156063661,0.14376664128926303,0.09488864866864428,0.04254828129311268,0.08217257229616778,0.05441873849674832,4.438042072915144e-05,29,140,0.0664229578375122,0.21520179367345,True,True,True,2.5310490739157544e-06,COMPLETE
1810,0.29865825176239014,2025-04-15 17:43:17.936398,2025-04-15 17:43:42.413633,0 days 00:00:24.477235,0.4341160916894498,0.7529687124070222,2,0.02095478141538247,0.15073360139499942,0.09148647506962732,0.03621474682266998,0.07518710054890089,0.05781285357272161,4.9092763396380924e-05,30,150,0.05725836540094341,0.20153847281682968,True,True,True,3.081052515395049e-08,COMPLETE
1811,0.26623853445053103,2025-04-15 17:43:43.003919,2025-04-15 17:43:53.545118,0 days 00:00:10.541199,0.390920579342724,0.794084064385797,16,0.05109111958254768,0.1559254276057153,0.09750297195873804,0.032039764780439406,0.08020904799362744,0.05101731968823404,5.49600297274112e-05,28,147,0.06379018834005479,0.20878482995864497,True,True,True,4.277370311924916e-08,COMPLETE
1812,0.25146069526672366,2025-04-15 17:43:54.157147,2025-04-15 17:44:04.303888,0 days 00:00:10.146741,0.4655096004443379,0.7795369037425506,16,0.07611641354300787,0.1699906776455448,0.06726336387190139,0.03886749924052495,0.08346234648147546,0.06254206312912677,0.0001091346991266503,27,142,0.060936563348087835,0.21936796744618656,True,True,True,5.4887005262544796e-08,COMPLETE
1813,0.23891056180000306,2025-04-15 17:44:04.894893,2025-04-15 17:44:14.743263,0 days 00:00:09.848370,0.4138595958209427,0.8214780725943653,16,0.01581791063708349,0.1615254241342959,0.09489284476607149,0.06287679094142054,0.0777037610629095,0.0555355303341368,8.909453383307689e-05,26,139,0.058866814621511616,0.23124986216816282,True,True,False,2.165842409757821e-08,COMPLETE
1814,0.3208082318305969,2025-04-15 17:44:15.353201,2025-04-15 17:44:25.958392,0 days 00:00:10.605191,0.4728001058379907,0.7599994668883197,16,0.02895883377162955,0.242265112668759,0.0924091927198202,0.0656540222853194,0.08377822501100118,0.05965030484641281,0.00011334474204609222,29,145,0.08552273006152464,0.1999644330557549,True,True,True,2.855561225267319e-08,COMPLETE
1815,0.4240091919898987,2025-04-15 17:44:26.550122,2025-04-15 17:44:37.231205,0 days 00:00:10.681083,0.44255251363301307,0.807197092110696,16,0.010305034174669762,0.16462034659349284,0.09677318972077033,0.019748167043845993,0.08125934516015502,0.05782310997198182,5.5168642795996766e-05,30,143,0.05536389570267192,0.1923539031140643,True,True,True,4.232080624759856e-08,COMPLETE
1816,0.38381217718124394,2025-04-15 17:44:37.864620,2025-04-15 17:44:48.432904,0 days 00:00:10.568284,0.4568476108646806,0.7386536118847471,16,0.04087120677186992,0.15363549357105177,0.09014279993038493,0.03478059897111898,0.07953403115743886,0.05288498064834172,7.659642537659285e-05,28,148,0.06159329326890806,0.21353937712121676,True,True,True,1.768576912343302e-08,COMPLETE
1817,0.39461722373962405,2025-04-15 17:44:49.019327,2025-04-15 17:44:59.449657,0 days 00:00:10.430330,0.47962251710463566,0.8439959977391139,16,0.0336359294884785,0.170954121072729,0.0980142793856454,0.03650571742579397,0.08347956572748791,0.06737830675687903,3.1971429205400336e-05,29,140,0.06524545948299262,0.2071140688190176,True,True,True,3.3740462412800956e-08,COMPLETE
1818,0.4226083755493164,2025-04-15 17:45:00.039934,2025-04-15 17:45:10.810124,0 days 00:00:10.770190,0.4279355477957146,0.7822985672782878,16,0.02292962494521357,0.1470145771437487,0.09326662811757765,0.03039929293504002,0.08198755661395021,0.056074661578923324,9.656824662472047e-05,30,145,0.0572727599669268,0.22246631811457918,True,True,True,2.4574667912918134e-08,COMPLETE
1819,0.43170166015625,2025-04-15 17:45:11.420469,2025-04-15 17:45:21.711369,0 days 00:00:10.290900,0.47007255356499705,0.7689821541469353,16,0.027612507879438683,0.1582182267006333,0.09551079512877862,0.04027646010843137,0.08400055305920298,0.06010293326807454,0.00011774370309707987,28,139,0.059857934333507924,0.20446043545104262,True,True,True,5.156499789111232e-08,COMPLETE
1820,0.332287859916687,2025-04-15 17:45:22.324673,2025-04-15 17:45:32.417823,0 days 00:00:10.093150,0.4201289376772901,0.8008336644277586,16,0.04485673703564036,0.14227622449123017,0.09698788727623903,0.03972366768334409,0.08446112563682116,0.06194851313268398,0.00011847903369529928,27,139,0.059776681337892275,0.19811139184823745,True,True,True,8.108623242632764e-08,COMPLETE
