number,value,datetime_start,datetime_complete,duration,params_alpha-eval,params_alpha-train,params_batch-size,params_eps-eval,params_eps-train,params_lambda-actions-eval,params_lambda-actions-train,params_lambda-frames-eval,params_lambda-frames-train,params_learning-rate,params_n-epochs,params_n-frames,params_radius-gw,params_rho,params_std-feats,params_ub-actions,params_ub-frames,params_weight-decay,state
1424,0.3085111975669861,2025-04-13 17:11:21.898123,2025-04-13 17:11:29.961170,0 days 00:00:08.063047,0.484127725683774,0.35078299147695013,8,0.0605275809888746,0.10152230372752276,0.06982897346888284,0.049594554394992385,0.06509088397698647,0.010901047263043313,0.0004529585968620841,16,53,0.061400526556530485,0.23721877899024832,True,True,True,1.8358829836374229e-06,COMPLETE
1425,0.42182854413986204,2025-04-13 17:11:30.417685,2025-04-13 17:11:38.539170,0 days 00:00:08.121485,0.490879317339222,0.712812347966038,8,0.04935263940382175,0.09302027487110184,0.06759666552466409,0.054783879286072666,0.06215592601094124,0.0066459080867259535,0.0005629325108206881,17,45,0.060615950492879364,0.20149439903315056,True,True,True,2.9281362707837634e-06,COMPLETE
1426,0.3531665921211243,2025-04-13 17:11:39.017442,2025-04-13 17:11:46.983678,0 days 00:00:07.966236,0.4429899568608369,0.9807833665326691,8,0.05434710123767754,0.0865349510567792,0.06526736528091277,0.050999219543046745,0.0660572443157534,0.02004173423861163,0.0011044979218500892,16,48,0.06311833117034013,0.22704275066249752,True,True,True,1.1599059329742215e-06,COMPLETE
1427,0.39507297277450565,2025-04-13 17:11:47.443848,2025-04-13 17:11:55.597106,0 days 00:00:08.153258,0.4045872618318823,0.7313597689256818,8,0.04280085243596231,0.2932069930619049,0.07127841275190674,0.05141520443558461,0.05956372878717912,0.013515554012821672,0.0004368001341478828,17,44,0.06478921155980023,0.22054004370389302,True,True,True,4.7211971944717275e-06,COMPLETE
1428,0.3877888202667237,2025-04-13 17:11:56.055386,2025-04-13 17:12:03.935138,0 days 00:00:07.879752,0.4624362853214191,0.6862764542295823,8,0.0673009231430985,0.10270099700517568,0.06758251489269923,0.057467701886111666,0.06618354178991315,0.0011578073269355362,0.0004321376047647929,15,48,0.061849931726393144,0.22574654800004335,True,True,True,3.800866742032365e-06,COMPLETE
1429,0.4239056706428528,2025-04-13 17:12:04.399225,2025-04-13 17:12:12.357096,0 days 00:00:07.957871,0.5050942049288852,0.7422366562401509,8,0.06035790081016513,0.09477227035621781,0.06545253926039675,0.049050616250214604,0.062355496528419464,0.01668134795224202,0.000692089240602946,16,44,0.05956965003680019,0.23611426424874887,True,True,True,3.02717629511464e-06,COMPLETE
1430,0.4200455904006958,2025-04-13 17:12:12.823134,2025-04-13 17:12:21.023094,0 days 00:00:08.199960,0.5348826168380421,0.7152145383378307,8,0.05033553342887012,0.10518659487377194,0.06944378729550843,0.0545031120465198,0.05714934614024995,0.011049500301946211,0.0005582011281741461,17,51,0.06304992902445018,0.2374234662411498,True,True,True,2.374472622455417e-06,COMPLETE
1431,0.4015529990196228,2025-04-13 17:12:21.499824,2025-04-13 17:12:35.127036,0 days 00:00:13.627212,0.49094883154310054,0.7620229310603964,2,0.07577439171058903,0.09726418601655844,0.07299431188709599,0.052514177451591454,0.0647063291336897,0.0078019652271866125,0.000441789714071685,14,45,0.06904769329806214,0.23024763225114042,True,True,True,1.892229590198237e-06,COMPLETE
1432,0.42656582593917847,2025-04-13 17:12:35.587307,2025-04-13 17:12:42.513232,0 days 00:00:06.925925,0.549051930899189,0.6899499578749876,8,0.044197698993372975,0.08387553541174364,0.06595285649091656,0.05090367487039427,0.06027738906754978,0.013251625397210963,0.0005515872835205861,9,47,0.06118975394852038,0.21457673120641724,True,True,True,4.9404911042084145e-06,COMPLETE
1433,0.42022670507431037,2025-04-13 17:12:42.972702,2025-04-13 17:12:50.968577,0 days 00:00:07.995875,0.47562866766800704,0.7414260032678096,8,0.05350325011438041,0.10271222755608042,0.07067539009232486,0.04900809619569117,0.06675202119450825,0.015983526519223076,0.0004222572460136747,16,43,0.06675026398856074,0.23619032604478965,True,True,True,3.7761515117083134e-06,COMPLETE
1434,0.2048193633556366,2025-04-13 17:12:51.427574,2025-04-13 17:12:58.150906,0 days 00:00:06.723332,0.5287141154018759,0.7771215972920084,8,0.06198122201863142,0.09184958158669101,0.06882056496152385,0.053570548673067465,0.06193731525274986,0.010531429873886862,0.0004257340262483792,8,53,0.06019829017778758,0.22460856701660373,True,True,False,2.6745986554396767e-06,COMPLETE
1435,0.4252442598342896,2025-04-13 17:12:58.609433,2025-04-13 17:13:06.755180,0 days 00:00:08.145747,0.5805109864421718,0.706956586519715,8,0.07030814652428977,0.09801321645455834,0.06513614497078686,0.056543559261793816,0.05814066121761066,0.00924995662544991,0.0008774485430747531,17,46,0.06532871420453543,0.23966250114598006,True,True,True,1.5549700520571401e-06,COMPLETE
1436,0.42412881851196294,2025-04-13 17:13:07.232756,2025-04-13 17:13:15.063880,0 days 00:00:07.831124,0.5596850459261616,0.7251382653868964,8,0.04467907944591178,0.10694908934008784,0.0675641068417933,0.04996585709657074,0.06425622525909953,0.003993682040433075,0.0005286422660115348,15,50,0.06334023296601542,0.23258895552522824,True,True,True,3.2803498041166114e-06,COMPLETE
1437,0.2048193633556366,2025-04-13 17:13:15.537195,2025-04-13 17:13:23.448998,0 days 00:00:07.911803,0.5135987713094471,0.6747338786518531,8,0.22652563614398144,0.08906690111401613,0.07109153755022644,0.05210155858482138,0.06657836950080716,0.020266104658515655,0.0006527181440185419,16,42,0.06052784492354148,0.2407682276713543,True,True,True,4.983706764178935e-06,COMPLETE
1438,0.28161730170249943,2025-04-13 17:13:23.910992,2025-04-13 17:13:32.075325,0 days 00:00:08.164333,0.5488149277352136,0.43391854586924217,8,0.05481787799932576,0.1007311454829314,0.07417486339207438,0.054980155073580006,0.06266436600852421,0.02321680789836183,0.0004982543157282589,17,48,0.062220643880696036,0.22901482965918518,True,True,True,2.2420210142165314e-06,COMPLETE
1439,0.3957948088645935,2025-04-13 17:13:32.533507,2025-04-13 17:13:40.279648,0 days 00:00:07.746141,0.5785786277869492,0.7544989224579284,8,0.06272124431372265,0.10743101950662237,0.06488854288661854,0.048586405983391256,0.060245233579477246,0.012374611639415013,0.0004150609139920907,15,44,0.05902873340898242,0.22089817797537362,True,False,True,3.958227410159853e-06,COMPLETE
1440,0.35962598323822026,2025-04-13 17:13:40.758491,2025-04-13 17:13:48.749709,0 days 00:00:07.991218,0.4967629187373684,0.6958786421600409,8,0.04092177821417241,0.08022752482213574,0.06787329384479915,0.050676222921779465,0.05646724117813813,0.014919635596357176,0.0006625174198166553,16,40,0.0644142923518233,0.23020942387950133,True,True,True,2.91727766980944e-06,COMPLETE
1441,0.4173866391181946,2025-04-13 17:13:49.215652,2025-04-13 17:14:04.507397,0 days 00:00:15.291745,0.5312136278597112,0.7946964150626017,2,0.04947426190012088,0.12557325810705197,0.07220415103361785,0.04570202823703591,0.06702705159300089,0.018404135199964845,0.0004092701429611971,17,46,0.05738228352660289,0.23930268154548479,True,True,True,1.8031857483717834e-06,COMPLETE
1442,0.41683870553970337,2025-04-13 17:14:04.971884,2025-04-13 17:14:12.668815,0 days 00:00:07.696931,0.6028128083554587,0.7360701747461712,8,0.05678233328302283,0.09623379603210691,0.06468866662007886,0.05323618372312437,0.06512293926192383,0.006383951180247178,0.0005086236116819674,14,50,0.06148527793297959,0.23965235249389447,True,True,True,4.159485477069492e-06,COMPLETE
1443,0.37990334033966067,2025-04-13 17:14:13.128138,2025-04-13 17:14:21.227206,0 days 00:00:08.099068,0.3938737321568747,0.7214725536300975,8,0.08366107873239322,0.1134848381973014,0.06984984909761356,0.04770731436784583,0.058866107968160976,0.013203005987244571,0.0003947577929668956,17,43,0.06002683870752512,0.219628825412583,True,True,True,2.592232589781751e-06,COMPLETE
1444,0.2048193633556366,2025-04-13 17:14:21.688491,2025-04-13 17:14:29.709928,0 days 00:00:08.021437,0.43861743759100624,0.7670198933469417,8,0.24103692728268528,0.10550783461681393,0.06724731467113396,0.04979152336595995,0.05393138108576658,0.008202714875099507,0.0005750488095130525,16,55,0.06365095737940597,0.2358136885001254,True,True,True,5.9295999073048714e-06,COMPLETE
1445,0.43575519323349,2025-04-13 17:14:30.191445,2025-04-13 17:14:37.949495,0 days 00:00:07.758050,0.46242312093780896,0.7052956418192138,8,0.06903273575718441,0.08937555765141936,0.06406241479873062,0.05160587647163276,0.0687790849467797,0.01579141489755366,0.0007393003398333602,15,41,0.06594152003896372,0.2395173824340812,True,True,True,3.341353779092901e-06,COMPLETE
1446,0.4028196215629578,2025-04-13 17:14:38.417552,2025-04-13 17:14:46.232162,0 days 00:00:07.814610,0.4200384404650542,0.7134320362342979,8,0.0772107391092091,0.08076242521241052,0.06572770830905088,0.04830354332900682,0.06770056214634582,0.01604321568213412,0.001143172032482942,15,37,0.06758847942636487,0.2331108579090351,True,True,True,3.013770883260696e-06,COMPLETE
1447,0.38777701854705815,2025-04-13 17:14:46.694837,2025-04-13 17:14:54.361395,0 days 00:00:07.666558,0.4384239891582657,0.7313907735301728,8,0.07549653964549266,0.08614567383870418,0.06689210665325156,0.04635240091236112,0.06759005891626887,0.017194792811692686,0.0009356897823383208,14,39,0.06545556399018933,0.2380792618007194,True,True,True,2.4341038275137587e-06,COMPLETE
1448,0.40627597570419316,2025-04-13 17:14:54.828204,2025-04-13 17:15:02.457403,0 days 00:00:07.629199,0.46548534398661506,0.7062578849268908,8,0.08367089870664009,0.07577525820713876,0.06879544696130858,0.05082436569722655,0.0651326808629932,0.01762618904409352,0.0007785610060785477,14,40,0.06689557148100275,0.23981624753564057,True,True,True,3.3937871132202944e-06,COMPLETE
1449,0.4093242168426514,2025-04-13 17:15:02.940403,2025-04-13 17:15:10.644884,0 days 00:00:07.704481,0.4207620433639794,0.7463981584692114,8,0.07384144091772185,0.08733014656584255,0.06445870276503331,0.04881918030460026,0.0680494121765932,0.015304644407231432,0.0008444288087898538,14,36,0.06961836337042934,0.2264533697622284,True,True,True,2.145100966517599e-06,COMPLETE
1450,0.3351197600364685,2025-04-13 17:15:11.117206,2025-04-13 17:15:18.939428,0 days 00:00:07.822222,0.4583208693118832,0.7238505124703348,8,0.0709112824643791,0.2713948702720881,0.06663613653440179,0.04513319199125765,0.06847639601469872,0.019580741806256328,0.0009018514260476042,15,42,0.06685670776775922,0.24091266212573678,True,True,True,3.214428133779354e-06,COMPLETE
1451,0.38002879619598395,2025-04-13 17:15:19.406940,2025-04-13 17:15:27.003303,0 days 00:00:07.596363,0.45781375834873667,0.7048513723260017,8,0.0689739252875116,0.07733832152787318,0.0701454712634048,0.051481800555328326,0.06598157531282148,0.018350436830310242,0.0006976462612791027,13,38,0.06626296687333495,0.23242243844041435,True,True,True,2.5914014874160514e-06,COMPLETE
1452,0.3912328958511353,2025-04-13 17:15:27.471352,2025-04-13 17:15:35.291514,0 days 00:00:07.820162,0.44864191904370454,0.7491369579510313,8,0.09036418933310089,0.08349425521397079,0.0642082163797681,0.04800563726268262,0.06822020965564035,0.015707669472771066,0.0012059435809621069,15,45,0.06726827612439144,0.2424973084426669,True,True,True,1.9589325836948403e-06,COMPLETE
1453,0.2048193633556366,2025-04-13 17:15:35.777479,2025-04-13 17:15:43.645323,0 days 00:00:07.867844,0.4499115109047936,0.7257463880631224,8,0.09632280718787015,0.09073742931468988,0.06840235057115936,0.050464048759083384,0.06346739462664124,0.014556360859773515,0.0005976139845916103,14,88,0.06865852418977808,0.2336506642293129,True,True,False,3.658797095429899e-06,COMPLETE
1454,0.3747237086296082,2025-04-13 17:15:44.121609,2025-04-13 17:15:50.744076,0 days 00:00:06.622467,0.4218574186900208,0.6978539639902361,8,0.0803244334790611,0.09131813404659993,0.07308025497821447,0.04645233663330616,0.067048605149222,0.02042389456394404,0.0007167125060009831,7,41,0.06435648517400028,0.22867908961445332,True,True,True,1.4390273262570662e-06,COMPLETE
1455,0.3075129628181458,2025-04-13 17:15:51.208052,2025-04-13 17:15:59.057658,0 days 00:00:07.849606,0.3803863118467209,0.7395221433618131,8,0.07125973416664193,0.09479727345021416,0.07609630402380234,0.049709148506557464,0.068836479788623,0.017905108683153818,0.0007954789920857797,15,48,0.06572968454862478,0.24140504490380021,True,True,True,3.0919252719184555e-06,COMPLETE
1456,0.4088798642158508,2025-04-13 17:15:59.526452,2025-04-13 17:16:06.590899,0 days 00:00:07.064447,0.4734970639511018,0.7585141064036695,8,0.06738387286195653,0.08552023864491708,0.0660293435555894,0.0522598699569499,0.06533881805817555,0.014832680232852781,0.0008376896922071126,10,44,0.07076554689367777,0.21716627326892793,True,True,True,4.777266017855754e-07,COMPLETE
1457,0.3708244800567627,2025-04-13 17:16:07.081103,2025-04-13 17:16:14.769160,0 days 00:00:07.688057,0.4411344107682246,0.778033056584266,8,0.06595440166394283,0.0970930155992871,0.029212060920673095,0.04778820210142604,0.06356882670050865,0.01611619761572918,0.0010113450813027873,14,52,0.06742063925281624,0.23436245680552792,True,True,True,2.4513342689360357e-06,COMPLETE
1458,0.2978851437568665,2025-04-13 17:16:15.241461,2025-04-13 17:16:22.979673,0 days 00:00:07.738212,0.47028426637366344,0.8209184656037243,8,0.07793100788755392,0.09058635636165108,0.07129243969643768,0.04527362889344455,0.06898173565064214,0.01329683403790619,0.0006441295117151055,15,40,0.06460446219772689,0.22535196280660955,True,False,True,3.900386508359281e-06,COMPLETE
1459,0.41247127056121824,2025-04-13 17:16:23.448479,2025-04-13 17:16:31.921200,0 days 00:00:08.472721,0.4771347120856996,0.7128528416655873,8,0.06445378736075073,0.10008650736525836,0.0633430250640921,0.03333854311872465,0.0663036366191067,0.021990891821841833,0.0006968354911978212,15,124,0.07000474197028009,0.21015402573952296,True,True,True,7.123475832888264e-07,COMPLETE
1460,0.41336830854415896,2025-04-13 17:16:32.388003,2025-04-13 17:16:40.255668,0 days 00:00:07.867665,0.4085079117162998,0.731338521949535,8,0.07186021530994754,0.09373508306443148,0.0781202068759993,0.05206737602950882,0.06921492736956537,0.017151541084004043,0.0010386613984800439,15,46,0.06314087511563427,0.24386695526742133,True,True,True,1.945630251350906e-06,COMPLETE
1461,0.4156916379928589,2025-04-13 17:16:40.720688,2025-04-13 17:16:48.789315,0 days 00:00:08.068627,0.48639911478734177,0.6877737346429472,8,0.06475978457646688,0.08364508288524457,0.06832804622990414,0.04974671557116385,0.06274217991267109,0.08244685930417338,0.0006103237342319489,16,49,0.06872774073706223,0.23705317801772513,True,True,True,2.8742739123995408e-06,COMPLETE
1462,0.4139598846435547,2025-04-13 17:16:49.275414,2025-04-13 17:16:57.130707,0 days 00:00:07.855293,0.4454642948744713,0.7140258889827995,8,0.07646754429017182,0.07279446109527406,0.06558288042814014,0.04695846098686734,0.06104423439700172,0.013726321754026778,0.0005167644839539387,15,42,0.05622008168476922,0.24254471106792974,True,True,True,3.924548462099584e-06,COMPLETE
1463,0.4138564705848694,2025-04-13 17:16:57.601817,2025-04-13 17:17:05.173930,0 days 00:00:07.572113,0.5957798897463724,0.7443922725696291,8,0.06156931897082263,0.10246830248547352,0.069973392776876,0.05288958539751954,0.06954651350023842,0.01908329522626378,0.00042078867097123675,14,33,0.0624586909402921,0.2303724959039174,True,True,True,4.377610541005474e-06,COMPLETE
1464,0.4099869728088379,2025-04-13 17:17:05.639915,2025-04-13 17:17:12.831456,0 days 00:00:07.191541,0.5791747496167188,0.762178293732246,8,0.0704641305492943,0.09826576379468184,0.07451364361082016,0.049028470550939916,0.06712329521996675,0.012643789363603773,0.001338490516975158,11,38,0.05885477596798632,0.22544117139073186,True,True,True,1.2292837342894814e-06,COMPLETE
1465,0.3738726615905762,2025-04-13 17:17:13.299622,2025-04-13 17:17:21.495806,0 days 00:00:08.196184,0.45929225754620995,0.6973589402847136,8,0.06117079745229819,0.10830060159253335,0.0639565559027376,0.04503803319225181,0.056622769693571766,0.016112517378515268,0.0007460404512595625,17,46,0.06518012576828491,0.23744706500691945,True,True,True,2.2694956230427256e-06,COMPLETE
1466,0.28216763734817507,2025-04-13 17:17:21.984138,2025-04-13 17:17:29.545890,0 days 00:00:07.561752,0.3937329416597817,0.2306615734902178,8,0.06724744726244941,0.08876709123922825,0.06687715594964552,0.05113560811896391,0.06985576982403383,0.014105015220285143,0.0005100616539429611,13,43,0.05604220446168147,0.12381415691747649,True,True,True,3.2718343694295675e-06,COMPLETE
1467,0.26453635692596433,2025-04-13 17:17:30.015026,2025-04-13 17:17:38.230523,0 days 00:00:08.215497,0.4891751732429212,0.7938361188436858,8,0.08507622446416302,0.11604485443834134,0.0726964572456477,0.05496251561870722,0.06400655546996922,0.02010583046894442,0.0005733736000012698,17,48,0.060866379937156205,0.2418260206816818,True,True,True,1.6509814481524666e-06,COMPLETE
1468,0.4086889386177063,2025-04-13 17:17:38.713460,2025-04-13 17:17:46.772507,0 days 00:00:08.059047,0.5920909763223502,0.7242336884379059,8,0.06024041771925196,0.10329065773594005,0.06807003860952934,0.047668808191778496,0.058839756779908534,0.011791218554811677,0.0007948334619374607,16,57,0.057525349991900246,0.24441047828291185,True,True,True,2.598582264043131e-06,COMPLETE
1469,0.2048193633556366,2025-04-13 17:17:47.240526,2025-04-13 17:17:55.081403,0 days 00:00:07.840877,0.5701941826825883,0.7677976199465162,8,0.2565353898214827,0.09614809402464033,0.06525065367880556,0.053262435674209026,0.06741020142302845,0.024308910200330033,0.0004822274135285138,15,52,0.06343561706969143,0.2341228185513691,True,True,True,4.543999746360422e-06,COMPLETE
1470,0.30425435304641724,2025-04-13 17:17:55.585673,2025-04-13 17:18:03.691304,0 days 00:00:08.105631,0.431615400622835,0.7461567850321215,8,0.07242038073580112,0.11316225011222432,0.07106578886197387,0.050497032887801066,0.05450462051904706,0.017243855550715413,0.00043638707294545496,14,96,0.059407100028810486,0.22373774062389135,True,True,True,3.370617659401881e-06,COMPLETE
1471,0.2281963586807251,2025-04-13 17:18:04.163252,2025-04-13 17:18:12.589951,0 days 00:00:08.426699,0.6080486849024004,0.6903260499728704,8,0.27508541235755907,0.08170502161374295,0.06383129357705476,0.044494435039262606,0.07014017050667319,0.011983772320662715,0.00041053950501447644,18,70,0.06202244769274507,0.24453504211656216,True,True,False,2.0753069024325968e-06,COMPLETE
1472,0.42455710172653205,2025-04-13 17:18:13.060613,2025-04-13 17:18:21.068466,0 days 00:00:08.007853,0.46338013378464094,0.7112123477916802,8,0.05771297683304079,0.09209951675109312,0.06690729323535352,0.047983930876163525,0.06535325333879491,0.014677817727594345,0.0006095111630227387,16,41,0.06498663070583724,0.1561936443893107,True,True,True,2.972565095953778e-06,COMPLETE
1473,0.37582298517227175,2025-04-13 17:18:21.536851,2025-04-13 17:18:29.572084,0 days 00:00:08.035233,0.5636127158225,0.732270906791241,8,0.07784870356898249,0.10483368652940651,0.06895981554107712,0.0516237884230308,0.06929072157243868,0.018349676781411136,0.00037401862849364476,17,35,0.06846346107996404,0.2150843147030504,True,True,True,4.448150366860664e-06,COMPLETE
1474,0.4204530239105224,2025-04-13 17:18:30.066697,2025-04-13 17:18:37.987747,0 days 00:00:07.921050,0.5047724556834063,0.780279412896975,8,0.06369523703215454,0.12079808548089561,0.06355240255729959,0.04934008208598539,0.06096680813121097,0.013821387773695952,0.0004903193186882565,15,44,0.06068654394471373,0.23704124361147075,True,True,True,3.4979125685128465e-06,COMPLETE
1475,0.415031635761261,2025-04-13 17:18:38.463014,2025-04-13 17:18:53.059157,0 days 00:00:14.596143,0.5911147724527881,0.6768862207026024,2,0.06774939398403496,0.10981957363609102,0.07141803398590797,0.05374967528827187,0.05700631016033549,0.016337625753038827,0.000914046525690294,16,38,0.057570585353977854,0.24727923871889507,True,True,True,2.626307944936387e-06,COMPLETE
1476,0.4292896509170533,2025-04-13 17:18:53.532044,2025-04-13 17:19:01.895098,0 days 00:00:08.363054,0.4853622680998959,0.7075119834355137,8,0.05774396992502397,0.09844249737815532,0.0658583516394725,0.0461541500496831,0.07096961556277857,0.011426384334060149,0.00038335836237378304,18,47,0.0634142559504369,0.22119053747193765,True,True,True,1.6686076974608603e-06,COMPLETE
1477,0.36219139099121095,2025-04-13 17:19:02.391387,2025-04-13 17:19:10.448056,0 days 00:00:08.056669,0.5562413997578258,0.75160093257647,8,0.05551433442427682,0.0914069555121526,0.06918412013402152,0.055512517219568944,0.06743033717725878,0.015497156930184849,0.00045346670673910016,17,44,0.059134805218264384,0.14289152169125616,True,False,True,4.635847773703173e-06,COMPLETE
1478,0.41954677104949956,2025-04-13 17:19:10.924511,2025-04-13 17:19:18.927346,0 days 00:00:08.002835,0.5788819735975794,0.7283445932942538,8,0.06339717409227098,0.13038819745226232,0.0746700966273645,0.050117225875267915,0.06546482274549406,0.012591548667441351,0.0006642901063810996,16,41,0.055402624211815674,0.2305439829530581,True,True,True,2.2690061786305347e-06,COMPLETE
1479,0.3933196783065796,2025-04-13 17:19:19.400340,2025-04-13 17:19:27.637962,0 days 00:00:08.237622,0.5450752966568363,0.6949360877803705,8,0.08164204345484496,0.1015256057963024,0.06320211732660838,0.05169917145197678,0.06165585469224095,0.019072457398038895,0.0005291692481095678,17,49,0.06608199745834549,0.23868560816361703,True,True,True,3.6532812506888663e-06,COMPLETE
1480,0.3950295209884644,2025-04-13 17:19:28.108773,2025-04-13 17:19:35.625528,0 days 00:00:07.516755,0.6065739175005262,0.8077653445435424,8,0.07174042789943337,0.10908013720228318,0.06737037344979821,0.04355800436169325,0.07060333620884446,0.014398251455906461,0.0003832754459793796,13,46,0.062364212915591716,0.24432103445594983,True,True,True,1.0132039682558491e-06,COMPLETE
