number,value,datetime_start,datetime_complete,duration,params_alpha-eval,params_alpha-train,params_batch-size,params_eps-eval,params_eps-train,params_lambda-actions-eval,params_lambda-actions-train,params_lambda-frames-eval,params_lambda-frames-train,params_learning-rate,params_n-epochs,params_n-frames,params_radius-gw,params_rho,params_std-feats,params_ub-actions,params_ub-frames,params_weight-decay,state
341,0.41464463472366336,2025-04-13 14:37:42.740523,2025-04-13 14:37:50.296436,0 days 00:00:07.555913,0.9467614777370515,0.6655722004000231,16,0.00887195153006214,0.016345955780740384,0.09563103353615661,0.07373975234778812,0.06113349717707244,0.03868045735296976,0.00044002738684976474,25,38,0.08114817288405826,0.2717357145504956,False,True,True,7.67967796371808e-08,COMPLETE
342,0.41749900579452515,2025-04-13 14:37:50.402467,2025-04-13 14:37:58.010536,0 days 00:00:07.608069,0.9539638599988631,0.5996480433512269,16,0.00012386232510808604,0.006324384024656614,0.09115930613749462,0.07731017427082158,0.061069555039509955,0.039127001332508446,0.00047178558849088353,26,35,0.08162780741816447,0.2744694608349084,False,True,True,7.432796252907227e-08,COMPLETE
343,0.4080670833587646,2025-04-13 14:37:58.116242,2025-04-13 14:38:05.788935,0 days 00:00:07.672693,0.9463751870495639,0.6010809299545844,16,0.006956098644071625,0.00495740629370118,0.09171997859896969,0.07734663965126465,0.06343163130022768,0.03976416996640798,0.0004560664582728555,26,37,0.08164248312286061,0.27803741706753377,False,True,True,6.818930854154123e-08,COMPLETE
344,0.4156244397163391,2025-04-13 14:38:05.896611,2025-04-13 14:38:13.441950,0 days 00:00:07.545339,0.923193031462103,0.5770123622837934,16,0.00038845278618124604,0.07240294232052077,0.09503805256599356,0.0842125059678405,0.060333111513589194,0.04176849719577884,0.0006178821470643279,25,34,0.07702377822013029,0.2731435453891552,False,True,True,8.004150428161429e-08,COMPLETE
345,0.40056245326995854,2025-04-13 14:38:13.558723,2025-04-13 14:38:21.157647,0 days 00:00:07.598924,0.9157917288189386,0.566649682637988,16,0.0051204069433047695,0.04671898785338781,0.0953680890879236,0.07510814041327873,0.06470732852482364,0.04102766295051373,0.0005477796152863167,25,29,0.07511449307856388,0.2663341466694299,False,True,True,1.0348301430948955e-07,COMPLETE
346,0.4145671606063843,2025-04-13 14:38:21.266712,2025-04-13 14:38:28.835252,0 days 00:00:07.568540,0.9191317781880092,0.6052570607704765,16,0.001908918423626686,0.061164332915310905,0.09361783994795925,0.07215688791289737,0.06169848364363962,0.038058416249808255,0.0006161835863903132,25,33,0.07386051770790994,0.26064804960697513,False,True,True,8.244132015386387e-08,COMPLETE
347,0.22316710948944093,2025-04-13 14:38:28.941980,2025-04-13 14:38:36.674308,0 days 00:00:07.732328,0.6441637748882377,0.6160732224886071,16,0.0007505012064875466,0.15785467907521655,0.09549458609263856,0.07727990171750265,0.05829064153061253,0.04211226493110158,0.0005887276629014244,26,58,0.07733160963415375,0.2750823882937123,False,True,True,7.578808353376603e-08,COMPLETE
348,0.385515034198761,2025-04-13 14:38:36.781004,2025-04-13 14:38:44.348662,0 days 00:00:07.567658,0.9384352271971376,0.5771053996536775,16,0.008379961264709166,0.06841094100527953,0.09348546426182051,0.07946892771956061,0.060397848321444673,0.037019575549527985,0.0004783793301942934,25,38,0.041417247789120586,0.27016498581185566,False,True,True,1.2895392581744675e-08,COMPLETE
349,0.4066291689872742,2025-04-13 14:38:44.466061,2025-04-13 14:38:52.118295,0 days 00:00:07.652234,0.9497941005911537,0.598678189225207,16,0.006250506369199027,0.05173853870157867,0.09667949119320836,0.07528086385435684,0.060220686167336855,0.03983484540908239,0.00031026395424545476,26,35,0.07718671253818708,0.26861779575278205,False,True,True,1.0527596650731019e-07,COMPLETE
350,0.41610507965087895,2025-04-13 14:38:52.226659,2025-04-13 14:38:59.727699,0 days 00:00:07.501040,0.9071212441971219,0.5909909827250255,16,0.01187777488941108,0.03570900694520193,0.09149164524684578,0.0832795959272368,0.06519141366126076,0.03559392231925705,0.00044434846573534364,25,30,0.08028390710725966,0.2700876054189241,False,True,True,0.0009651504741993125,COMPLETE
351,0.3985216140747071,2025-04-13 14:38:59.837426,2025-04-13 14:39:07.470813,0 days 00:00:07.633387,0.9018223515038774,0.5681016341009727,16,0.014000516418098751,0.05572378699399609,0.09088289111342675,0.08454410492153754,0.06704462625458463,0.033632189871702564,0.0006359906402787652,26,25,0.07164190493019973,0.24017543802695157,False,True,True,0.0005932821975008918,COMPLETE
352,0.42083895206451416,2025-04-13 14:39:07.579432,2025-04-13 14:39:26.575576,0 days 00:00:18.996144,0.9185665570434965,0.5903529692972246,2,0.011422012161021415,0.04341170249541413,0.09194212981688189,0.08355930100549872,0.06434289759123474,0.036263239794517454,0.0003994822521665111,25,28,0.07301717040501128,0.26147373103975835,False,True,True,5.4403298263060714e-05,COMPLETE
353,0.22657983899116518,2025-04-13 14:39:26.694203,2025-04-13 14:39:45.532584,0 days 00:00:18.838381,0.897549518841519,0.5328960657115269,2,0.0015593338890584067,0.04700397824144001,0.09083285744646104,0.08293085802806577,0.06400168089326881,0.03590507352121338,0.0005158270980426546,25,20,0.07406500243056395,0.2732170225466976,False,True,False,0.00014098163087509182,COMPLETE
354,0.3318565368652344,2025-04-13 14:39:45.644753,2025-04-13 14:40:04.704065,0 days 00:00:19.059312,0.9114379101019231,0.584938827846583,2,0.0005162185637413364,0.042526134937390644,0.0921160270622721,0.08365045472628321,0.06514248163184136,0.035625693031471645,0.00046878248423182906,25,28,0.07622802899537387,0.256094083445051,False,True,True,5.060685247259913e-05,COMPLETE
355,0.2531651556491852,2025-04-13 14:40:04.813971,2025-04-13 14:40:23.345539,0 days 00:00:18.531568,0.8715811349425163,0.5906833414776919,2,0.011340043334881348,0.03679278420885404,0.09307307608515875,0.08088555764196802,0.06742412703449069,0.03822266373826012,0.0007233407797852778,24,22,0.0780329964640689,0.26119477198118607,False,True,True,0.0009966266934045807,COMPLETE
356,0.3666674852371216,2025-04-13 14:40:23.454962,2025-04-13 14:40:43.666046,0 days 00:00:20.211084,0.9273820255819709,0.5368327737220328,2,0.012563682394193887,0.03814763279904348,0.09026279401512877,0.08115569772538644,0.09801115045817729,0.0422187940937335,0.00026530409425700233,26,103,0.07173800324602803,0.27072655488469105,False,True,True,6.208458258770078e-05,COMPLETE
357,0.3376994609832764,2025-04-13 14:40:43.787407,2025-04-13 14:41:02.937198,0 days 00:00:19.149791,0.8999600886031098,0.55388633168431,2,0.007064183673846567,0.05625937334612731,0.07771533130682698,0.08426744741683154,0.07875460887062785,0.03493821561955582,0.01222955341459924,25,30,0.07257600058272762,0.2643289164657737,False,True,True,0.0005043852180390751,COMPLETE
358,0.39771214723587034,2025-04-13 14:41:03.049002,2025-04-13 14:41:21.671007,0 days 00:00:18.622005,0.9577469876330876,0.6122618549391434,2,0.00040304063218815503,0.04272724878342481,0.09245744740799451,0.08561901816427284,0.06898342912445106,0.032110081788286254,0.0006077128296388392,24,25,0.07474049097213126,0.28063389931385335,False,True,True,7.90998133553517e-05,COMPLETE
359,0.38431113958358765,2025-04-13 14:41:21.784421,2025-04-13 14:41:41.385723,0 days 00:00:19.601302,0.9324402004683441,0.572363215387327,2,0.014810865581264963,0.03605314327051133,0.08992225255021637,0.0825465249493664,0.06285601631031379,0.030164854726760608,0.0075196411746562865,26,29,0.07957577132796202,0.2774912282535318,False,True,True,0.00035120360420301056,COMPLETE
360,0.41156585216522223,2025-04-13 14:41:41.509756,2025-04-13 14:41:49.074246,0 days 00:00:07.564490,0.9795062470784642,0.6262010053413496,16,0.006403102023671934,0.0734386207719206,0.09429540091382463,0.07894989674156733,0.06658548477850275,0.036219758027876844,0.0003350942431906901,25,32,0.07746557894502247,0.28276616682857153,False,True,True,2.5471117848658855e-05,COMPLETE
361,0.4156199216842652,2025-04-13 14:41:49.185471,2025-04-13 14:41:56.717868,0 days 00:00:07.532397,0.9130835181419149,0.5928012459715558,16,0.01691578188898754,0.04416649897771906,0.09180475162638391,0.08039389674983685,0.08911717343641544,0.033921532935286165,0.00040137761392988964,25,28,0.06960403163731929,0.27027720981488207,False,True,True,0.00010150505345190231,COMPLETE
362,0.40713527202606203,2025-04-13 14:41:56.831889,2025-04-13 14:42:04.381374,0 days 00:00:07.549485,0.8874424956518944,0.5907236459860584,16,0.016729837597622064,0.055135776331468246,0.09189104688865553,0.08041965676615026,0.0859862650484569,0.033453399051492944,0.00039532226940323993,25,24,0.07381531531484879,0.2593652085954904,False,True,True,0.00021759024935974906,COMPLETE
363,0.41913015842437745,2025-04-13 14:42:04.495230,2025-04-13 14:42:11.881685,0 days 00:00:07.386455,0.9111936508328606,0.5619860709217843,16,0.010113558200726572,0.049971225643410666,0.09028677370457962,0.07814893245172241,0.08995878064019888,0.03743002719959976,0.0004351491999449912,23,28,0.07253459209713602,0.2730502207258778,False,True,True,0.00012087278301430536,COMPLETE
364,0.28252232670784,2025-04-13 14:42:12.006144,2025-04-13 14:42:19.354976,0 days 00:00:07.348832,0.8584944045615376,0.5650793625490549,16,0.012542697707151175,0.03620458019824972,0.013839897452238986,0.07704218841326095,0.0953267536324308,0.039072503810072726,0.00040510331935810775,23,26,0.07091662536746551,0.26566862506312255,False,True,True,0.0001057583458477565,COMPLETE
365,0.3853028297424317,2025-04-13 14:42:19.471154,2025-04-13 14:42:38.212502,0 days 00:00:18.741348,0.9099409011101242,0.5508359285612108,2,0.008901724006496787,0.05098988195866962,0.09064402560239392,0.07961707784449101,0.08919583254577622,0.03722726618410009,0.00047806103143345545,24,21,0.06877477741200491,0.2510871760611102,False,True,True,0.00017388223940534238,COMPLETE
366,0.2937391757965088,2025-04-13 14:42:38.326068,2025-04-13 14:42:45.490288,0 days 00:00:07.164220,0.8916463502599724,0.5947012553143353,16,0.0005784906593236353,0.04667921255271392,0.09303132065776763,0.07704176062719059,0.08683556739311458,0.034718203904981544,0.00032338507452726406,21,26,0.07527761910322145,0.27028211094458615,False,True,True,8.760708223966212e-05,COMPLETE
367,0.29289541244506834,2025-04-13 14:42:45.604689,2025-04-13 14:42:53.066919,0 days 00:00:07.462230,0.9152798244012327,0.5133402668828139,16,0.1280663489164513,0.052625731689439105,0.0914961491409621,0.08177484736282116,0.08794369032050978,0.036839362890105316,0.0005396319582055505,24,28,0.07007135559986667,0.27324416208491686,False,True,True,0.0007797839061157375,COMPLETE
368,0.42108709812164313,2025-04-13 14:42:53.191136,2025-04-13 14:43:00.542444,0 days 00:00:07.351308,0.873941772740769,0.5793423354955803,16,0.01675437068683657,0.04440781901473621,0.0895265728874287,0.07832901851762523,0.09070495750893849,0.031035629378513455,0.00040775108711385745,22,29,0.07317199469046329,0.26762954645168946,False,True,True,0.00013122285516928184,COMPLETE
369,0.28878692984580995,2025-04-13 14:43:00.656799,2025-04-13 14:43:07.975935,0 days 00:00:07.319136,0.8460346298385945,0.5714214968726341,16,0.006109943216352049,0.047570821442330206,0.08868639497819311,0.07387807842247378,0.09045559100081862,0.030155667796579126,0.00027469321665190253,22,30,0.07302669042928393,0.26514285732018733,False,True,True,0.0003754543234846533,COMPLETE
370,0.4015628576278687,2025-04-13 14:43:08.089551,2025-04-13 14:43:15.503832,0 days 00:00:07.414281,0.8806592116004163,0.5468401437991859,16,0.017227235270080944,0.04135979498398841,0.05876994918663031,0.07740167309343988,0.09135355716609476,0.027195520553908562,0.03764331693819978,23,31,0.07269424338127524,0.2590319239727012,False,True,True,6.707691173872039e-05,COMPLETE
371,0.4033941745758057,2025-04-13 14:43:15.629009,2025-04-13 14:43:22.872905,0 days 00:00:07.243896,0.8787269727782817,0.6173993748460919,16,0.011728055845190436,0.052720440236484374,0.08996912949896764,0.0829941689770985,0.09439209233048797,0.04254786652126669,0.0005852193198994438,22,24,0.07579265293582178,0.2748777843533531,False,True,True,0.0002837788436130503,COMPLETE
372,0.20513326525688175,2025-04-13 14:43:22.989403,2025-04-13 14:43:29.977534,0 days 00:00:06.988131,0.8634195815911481,0.5881152173435737,16,0.005463635544272826,0.04502077255229903,0.09374744786781934,0.07889587664861351,0.057446146877262044,0.031753681167594826,0.0004871640312469144,19,32,0.0765470518608492,0.27944287289208264,False,True,False,2.254223145201437e-08,COMPLETE
373,0.38592945337295537,2025-04-13 14:43:30.092552,2025-04-13 14:43:48.766328,0 days 00:00:18.673776,0.9294187336974215,0.5686546359085044,2,0.018827451496583172,0.05741230122623581,0.046495522803732474,0.08438400000405573,0.07043656494105119,0.03927788094298404,0.00034654973857810447,24,19,0.07320649935952725,0.26568914307278985,False,True,True,0.00017952976451119108,COMPLETE
374,0.27970601916313176,2025-04-13 14:43:48.882702,2025-04-13 14:43:56.377830,0 days 00:00:07.495128,0.8983992209172854,0.5321534124737353,16,0.012123675545590629,0.040230508667832496,0.09485393339035568,0.08206488262911321,0.06330667962292612,0.044913073407062416,0.000674303544930047,24,29,0.07847482611250302,0.27525066532376274,False,True,True,0.00014174553082873617,COMPLETE
375,0.39912616014480595,2025-04-13 14:43:56.505125,2025-04-13 14:44:03.853799,0 days 00:00:07.348674,0.9277083319950298,0.5942602458105988,16,0.00037649699568004084,0.0043632868803658385,0.08934167189582036,0.07855471263432387,0.09263011878797583,0.03613693726915879,0.0004660779457392739,23,27,0.06801929657941198,0.20322650822968666,False,True,True,0.00011425860445492215,COMPLETE
376,0.4196470379829407,2025-04-13 14:44:03.973611,2025-04-13 14:44:11.413421,0 days 00:00:07.439810,0.9058130715507288,0.6267835027121544,16,0.010396206366825481,0.05980687002764895,0.09386145586475562,0.08564764061891436,0.0602141603649742,0.03393897466952596,0.0004049970131909486,23,34,0.07474520381394048,0.25602255671870133,False,True,True,0.0001580196568526125,COMPLETE
377,0.2048193633556366,2025-04-13 14:44:11.531144,2025-04-13 14:44:18.827283,0 days 00:00:07.296139,0.8648538882177635,0.6307385861603578,16,0.017989431655368145,0.05087632992979194,0.00467076695069777,0.08650777182051092,0.06391931228569943,0.02905173648124045,0.0003080169977284274,22,23,0.003146811909556152,0.2536498779195422,False,True,True,0.00013416332375366545,COMPLETE
378,0.40364124774932864,2025-04-13 14:44:18.945748,2025-04-13 14:44:26.233159,0 days 00:00:07.287411,0.8960060279682653,0.6132726750952656,16,0.010915288803431348,0.11950265038890553,0.08784961974635061,0.07509334305967366,0.06591734233016355,0.03204998974792366,0.00039963293286160564,22,31,0.07449706456374676,0.24871261124356164,False,True,True,0.0002079070027978019,COMPLETE
379,0.20619577765464783,2025-04-13 14:44:26.361442,2025-04-13 14:44:33.709370,0 days 00:00:07.347928,0.9433040348395536,0.6408631219536851,16,0.17759039499939347,0.03303786654825923,0.09325434630234772,0.0874006915949317,0.08406326810029094,0.03422509324212143,0.00035695785641138065,23,34,0.08009607497699875,0.25373389728659845,False,True,True,0.00026243049743049764,COMPLETE
380,0.2048193633556366,2025-04-13 14:44:33.828460,2025-04-13 14:44:41.027263,0 days 00:00:07.198803,0.8458274233159436,0.6106383171777698,16,0.0188177754222668,0.22218930542422818,0.09091042416643433,0.0797846757806074,0.0737874136034151,0.031883361806168714,0.0002439803415216059,21,27,0.0751356745881116,0.26076070456706485,False,True,True,0.0001615630736407075,COMPLETE
381,0.4270989060401917,2025-04-13 14:44:41.147598,2025-04-13 14:44:48.606309,0 days 00:00:07.458711,0.907781714269595,0.6270597641056166,16,0.012694105959147904,0.00035510800284041175,0.0962905768335913,0.08555437081169383,0.09009577262408316,0.0351553438117318,0.00042311117653361856,23,32,0.07925387985231043,0.2841227482562692,False,True,True,0.00012446806753015505,COMPLETE
382,0.4185502052307129,2025-04-13 14:44:48.738145,2025-04-13 14:44:56.119621,0 days 00:00:07.381476,0.8780790984515512,0.6234828443200723,16,0.02053608068016407,0.06458299399980713,0.07032403654291859,0.08152415890761974,0.09909710859298829,0.035011385653998084,0.00043264447248090107,23,31,0.07146527036049867,0.2847867544765272,False,True,True,9.857790914011057e-05,COMPLETE
383,0.30823797583580015,2025-04-13 14:44:56.238613,2025-04-13 14:45:14.180358,0 days 00:00:17.941745,0.8279473582677036,0.624159132025553,2,0.01427626319085042,0.06016369776473001,0.0672075744047527,0.08226811482350899,0.09568784293360375,0.025175313261157233,0.0004310108034918245,23,29,0.07151783450880743,0.24277563279577552,False,True,True,0.00010266050059225603,COMPLETE
384,0.40535247325897217,2025-04-13 14:45:14.302809,2025-04-13 14:45:21.702050,0 days 00:00:07.399241,0.8641865216148144,0.6123993145893936,16,0.01926071495101993,0.06651888878028966,0.07110699622643972,0.08620532041254832,0.09869376232635213,0.03459249259908623,0.0004976126403358792,23,26,0.0700184919119157,0.21545789298278803,False,True,True,0.00011380154913546234,COMPLETE
385,0.41467899084091187,2025-04-13 14:45:21.833485,2025-04-13 14:45:29.119770,0 days 00:00:07.286285,0.8830016929187328,0.6298645636264647,16,0.010804177624947573,0.061031436556122066,0.09802274668718647,0.022651922661630308,0.0976919342434529,0.03311929986130313,0.00042067641848529544,22,31,0.07409939864513516,0.23436222579303032,False,True,True,8.194257869163583e-05,COMPLETE
386,0.39663670063018797,2025-04-13 14:45:29.240176,2025-04-13 14:45:36.588164,0 days 00:00:07.347988,0.8853143410841795,0.6014157929157503,16,0.02117744421636057,0.059975308846565954,0.06393557815142799,0.08854781772907527,0.0934696352555479,0.03745852494064282,0.0005231229862334947,23,23,0.07228049176200703,0.2817509067781177,False,True,True,0.00016616288427692943,COMPLETE
387,0.39591695070266725,2025-04-13 14:45:36.707804,2025-04-13 14:45:44.531815,0 days 00:00:07.824011,0.8707119334221493,0.6508881766954023,16,0.013197867548852871,0.05605129979400869,0.09322253393502038,0.0839723793856132,0.09949738078522719,0.030958156472820297,0.0002839811624892112,23,125,0.07291391526160612,0.26702672820382173,False,True,True,0.0001153183779583682,COMPLETE
388,0.24615153074264529,2025-04-13 14:45:44.652726,2025-04-13 14:45:51.932524,0 days 00:00:07.279798,0.3373698212321513,0.4756729135922708,16,0.007270225072770601,0.00036062207392621986,0.09735161859239863,0.08106293255343995,0.07646652951306745,0.03526655748271113,0.00039287175378543217,22,32,0.05703796100410985,0.22327180559069448,False,True,True,3.993705172930436e-05,COMPLETE
389,0.41558254957199103,2025-04-13 14:45:52.064029,2025-04-13 14:45:59.458962,0 days 00:00:07.394933,0.8434652070023325,0.6262249090949105,16,0.017590899016880136,0.07921884013344212,0.09967635255850207,0.08577476193093571,0.09203307632629534,0.03576951949976285,0.0005446947034562827,23,29,0.07661377705238342,0.28362244059847863,False,True,True,0.00022589450250756388,COMPLETE
390,0.4242094993591309,2025-04-13 14:45:59.581329,2025-04-13 14:46:06.887413,0 days 00:00:07.306084,0.9039685654064731,0.5992761540150263,16,0.022572236071810914,0.05037088865456403,0.09682368847455422,0.08319465501607229,0.0964735293822894,0.033548631608277604,0.000445820731146863,22,33,0.06785326970586082,0.27628735441991836,False,True,True,0.00014221001527432015,COMPLETE
391,0.4248759388923645,2025-04-13 14:46:07.010960,2025-04-13 14:46:14.450045,0 days 00:00:07.439085,0.9034451544493469,0.6076435634658633,16,0.023598549766540508,0.04741091624833016,0.09588333852526468,0.08329854830363675,0.09503777339616,0.029639122487701394,0.0004448740331997238,23,34,0.06674265221321457,0.2624461597759042,False,True,True,9.268003243886728e-05,COMPLETE
392,0.29437037706375124,2025-04-13 14:46:14.583454,2025-04-13 14:46:21.816681,0 days 00:00:07.233227,0.910225472004262,0.6072066726018908,16,0.024699431013394193,0.05028755966770313,0.09636408435280575,0.08180573594356344,0.09693802095420612,0.02738234218091565,0.00035231465829143254,22,34,0.06558220674707936,0.2654143440563441,False,True,False,8.321752539634714e-05,COMPLETE
393,0.2812497019767761,2025-04-13 14:46:21.939724,2025-04-13 14:46:29.233085,0 days 00:00:07.293361,0.04327035839792792,0.6420203982937973,16,0.021928881540667598,0.04782405417693075,0.07340884892303191,0.08826186786481865,0.09996239378419992,0.02938970541665822,0.0004705535932820087,21,35,0.06519226834925293,0.27710541110181075,False,True,True,0.00012849005969832347,COMPLETE
394,0.41927210092544553,2025-04-13 14:46:29.356568,2025-04-13 14:46:36.772498,0 days 00:00:07.415930,0.8883216391663704,0.6373796765122128,16,0.03126829406612252,0.061042557284223,0.0979961287802723,0.08518006533556148,0.09721298014155633,0.03125226813911536,0.0005803161258330494,23,33,0.06725803681855895,0.25954637584593687,False,True,True,0.00015456553126236375,COMPLETE
395,0.4164944648742676,2025-04-13 14:46:36.896742,2025-04-13 14:46:44.223216,0 days 00:00:07.326474,0.9001853205873355,0.6377793841827449,16,0.03417533136096644,0.06485705169953622,0.09668598568969856,0.0852978366803089,0.09664012463401132,0.02651870741944515,0.0006947441353602878,22,34,0.06796166584362057,0.24883358024340024,False,True,True,0.00015879442552646424,COMPLETE
396,0.4236224174499512,2025-04-13 14:46:44.357223,2025-04-13 14:46:51.680653,0 days 00:00:07.323430,0.8676068289441451,0.6369406081757832,16,0.03387858221864496,0.06627678003209928,0.09547004550288568,0.08533383898776402,0.0962774869352873,0.02627885187248793,0.0007144712600149818,22,35,0.062455562857885144,0.25536959843750856,False,True,True,9.750752164962141e-05,COMPLETE
397,0.3962073206901551,2025-04-13 14:46:51.804406,2025-04-13 14:46:59.288033,0 days 00:00:07.483627,0.8613731446066684,0.6583091611190067,16,0.03411640024945594,0.07021252744734503,0.09489471979491462,0.0849164473174327,0.09786951386674808,0.02456896177313965,0.0007607418298924469,22,76,0.06706932219794315,0.25164958104275187,False,True,True,0.00017895022275214118,COMPLETE
