number,value,datetime_start,datetime_complete,duration,params_alpha-eval,params_alpha-train,params_batch-size,params_eps-eval,params_eps-train,params_lambda-actions-eval,params_lambda-actions-train,params_lambda-frames-eval,params_lambda-frames-train,params_learning-rate,params_n-epochs,params_n-frames,params_radius-gw,params_rho,params_std-feats,params_ub-actions,params_ub-frames,params_weight-decay,state
1025,0.42560677528381347,2025-04-15 15:25:33.232980,2025-04-15 15:25:41.307828,0 days 00:00:08.074848,0.5680775387079671,0.7372281458494582,16,0.03244898467870501,0.1838614875930956,0.09822868579850169,0.029911902691089315,0.0843339099571297,0.09752588038256137,0.0002505148629229561,14,146,0.061935339941643845,0.17426873929491077,True,True,True,1.667045216908568e-08,COMPLETE
1026,0.3957117557525635,2025-04-15 15:25:41.648932,2025-04-15 15:25:49.767264,0 days 00:00:08.118332,0.5441767685849946,0.7543537799436209,16,0.044355876538311384,0.17804461918756465,0.09544715448004783,0.031904480857049625,0.08179001869146446,0.09647470673700988,0.00033072152226362576,15,136,0.05936087779927149,0.1885773873152442,True,True,True,1.2018021525032756e-08,COMPLETE
1027,0.42129279375076295,2025-04-15 15:25:50.088306,2025-04-15 15:25:58.381230,0 days 00:00:08.292924,0.6333490929896592,0.7087286275214018,16,0.0398135092540036,0.1714465960375293,0.09816579911521817,0.025496436534562135,0.08557831074605124,0.09781804996254202,0.00022656522897678444,16,142,0.06362244273361022,0.17808409228707023,True,True,True,2.2123601748220448e-08,COMPLETE
1028,0.4272505164146423,2025-04-15 15:25:58.719139,2025-04-15 15:26:06.617189,0 days 00:00:07.898050,0.529730919486902,0.7262320379101564,16,0.03311089098408093,0.16383810192802867,0.09628133673503372,0.029143391273685204,0.08324682524548446,0.09581012641227621,0.00027410132453600474,14,132,0.06106652403608632,0.19635664800732658,True,True,True,1.6119503770556677e-08,COMPLETE
1029,0.4263729572296143,2025-04-15 15:26:06.954343,2025-04-15 15:26:15.048652,0 days 00:00:08.094309,0.5142610867554449,0.7290044986721196,16,0.03175080998575611,0.1575948538373714,0.09439942182499214,0.03172749484984479,0.07967835907078873,0.09561929217386818,0.00032072600324271753,14,146,0.059664254952607375,0.20421375119170448,True,True,True,2.5200096763343685e-08,COMPLETE
1030,0.42600197792053224,2025-04-15 15:26:15.385877,2025-04-15 15:26:23.338112,0 days 00:00:07.952235,0.5126433619845,0.7493630125775322,16,0.03044108634137293,0.15648409024925392,0.09438141255949245,0.03221329684475881,0.0794609967694239,0.09562278948009953,0.000311424784298524,14,139,0.058821901165284955,0.20799570242438273,True,True,True,2.6077226605564453e-08,COMPLETE
1031,0.42299216985702515,2025-04-15 15:26:23.677244,2025-04-15 15:26:31.575809,0 days 00:00:07.898565,0.519778664005954,0.7269264924641603,16,0.03349271975772018,0.15949341511499326,0.09473941661630318,0.031881861707614395,0.07982749853721725,0.09579512793053828,0.0003289335788852112,14,131,0.05868059449110212,0.20406700909185663,True,True,True,2.6496935938993923e-08,COMPLETE
1032,0.4257391691207886,2025-04-15 15:26:31.918114,2025-04-15 15:26:39.964777,0 days 00:00:08.046663,0.5717414399529025,0.7292583353292011,16,0.0334392297976518,0.16486169045427293,0.09464381593895535,0.03009865280676085,0.07917518448265218,0.09642710697368569,0.00035080069673631335,14,145,0.060683706138673695,0.20439914757509386,True,True,True,1.197657632190747e-08,COMPLETE
1033,0.4228087782859803,2025-04-15 15:26:40.305680,2025-04-15 15:26:48.291007,0 days 00:00:07.985327,0.6103343231409936,0.7187071402143831,16,0.04079625416759999,0.1581873143558204,0.09405822166793648,0.026402609013459786,0.0812460225568643,0.09784742172294095,0.00033411547026539754,14,142,0.06314474481819432,0.21186701583671363,True,True,True,1.857693201981243e-08,COMPLETE
1034,0.24044883251190186,2025-04-15 15:26:48.615978,2025-04-15 15:26:56.576422,0 days 00:00:07.960444,0.5302942688245638,0.6839198404514565,16,0.049420841324718065,0.1634071494536573,0.09592679475507432,0.02848673525153446,0.08208427647914944,0.0959966567608882,0.00028409707158731217,15,132,0.06651812079719122,0.19689363967870713,True,True,False,2.2792986282247746e-08,COMPLETE
1035,0.42328236103057865,2025-04-15 15:26:56.913560,2025-04-15 15:27:04.863492,0 days 00:00:07.949932,0.5504331328260362,0.7370321858605673,16,0.0318306788498131,0.1536556215562005,0.09647480887810841,0.03268827911624354,0.07946234772657193,0.09803464938043624,0.00022546782347770565,14,137,0.05860033400593554,0.19741851491778523,True,True,True,1.508379732262733e-08,COMPLETE
1036,0.4262370586395264,2025-04-15 15:27:05.203390,2025-04-15 15:27:13.243009,0 days 00:00:08.039619,0.5882850475900308,0.7577427931891287,16,0.037022254424774234,0.16880797559718955,0.09388115852636367,0.024240169084094258,0.08117056311844238,0.09627848099679345,0.00024711856644289097,14,144,0.06133723372922341,0.20411783118969307,True,True,True,1.0039638607248448e-08,COMPLETE
1037,0.2722073197364807,2025-04-15 15:27:13.581120,2025-04-15 15:27:21.873969,0 days 00:00:08.292849,0.5124653909211482,0.7147191434460978,16,0.044989728143578746,0.18813958523110985,0.09634468452948385,0.030211105903336,0.08270677622054592,0.09799138669226698,0.019477463189526794,16,140,0.05893468981819077,0.19563534005481462,True,True,True,3.077666400080777e-08,COMPLETE
1038,0.41781474351882936,2025-04-15 15:27:22.216182,2025-04-15 15:27:30.437694,0 days 00:00:08.221512,0.5597113676543274,0.6717031406164204,16,0.031197661936842848,0.16545874868386792,0.09999189796961824,0.02708676269329558,0.07912180862824328,0.0959582844129501,0.00019994836536159103,15,147,0.06407115384622476,0.19806711047821324,True,True,True,1.3285822187327792e-08,COMPLETE
1039,0.4281459450721741,2025-04-15 15:27:30.776690,2025-04-15 15:27:38.969814,0 days 00:00:08.193124,0.4993162442590281,0.7003886275663862,16,0.03161967217025079,0.17641738463700954,0.09470864696255683,0.02345148206210873,0.08361605133805053,0.0956735062584404,0.00034285212615605814,15,143,0.06107752698188385,0.1904012190021495,True,True,True,1.876833525612109e-08,COMPLETE
1040,0.4245370149612427,2025-04-15 15:27:39.311229,2025-04-15 15:27:47.541931,0 days 00:00:08.230702,0.5076296204539844,0.694122682977709,16,0.03423335796930609,0.1760504751627714,0.09378358361527585,0.0203573647922592,0.08385559070175315,0.0963476243727969,0.00035012339228007294,15,144,0.06101282728085624,0.2015552332263248,True,True,True,2.3468410170233516e-08,COMPLETE
1041,0.4209465146064758,2025-04-15 15:27:47.863597,2025-04-15 15:27:55.952347,0 days 00:00:08.088750,0.5355538443995926,0.7099663373923785,16,0.04237134857614981,0.1749205071052122,0.09364903183075912,0.022554730556788638,0.0858423369073119,0.0955186075172838,0.000291981239653653,14,147,0.06538134797485343,0.1928070878277728,True,True,True,1.6728105149139602e-08,COMPLETE
1042,0.4244425773620606,2025-04-15 15:27:56.292670,2025-04-15 15:28:04.174677,0 days 00:00:07.882007,0.5038076198564032,0.7340064708848075,16,0.038289577321836674,0.1638088226131657,0.09382743123410449,0.02250336176759793,0.08401373412641301,0.09776737400802671,0.000247746635550941,15,124,0.0628652038925856,0.20913632855717784,True,True,True,2.969503809379107e-08,COMPLETE
1043,0.41039993762969973,2025-04-15 15:28:04.514121,2025-04-15 15:28:12.645547,0 days 00:00:08.131426,0.4949150270005594,0.6497808788568785,16,0.03101305929082139,0.18545573224901218,0.09480977538138731,0.02615690186690297,0.08334932037670034,0.09989393278339269,0.00035049456993932975,15,141,0.060400615970588066,0.18967853668318013,True,True,True,1.9334768314214035e-08,COMPLETE
1044,0.4250094532966614,2025-04-15 15:28:12.984587,2025-04-15 15:28:21.206743,0 days 00:00:08.222156,0.5242985513716003,0.6834629976867999,16,0.03157862977583646,0.17858812312825573,0.09586763964875271,0.02412347769566942,0.08567093021315714,0.09562507135684194,0.00020807766271084207,16,138,0.06226630148668361,0.19941912161603098,True,True,True,1.221844289993253e-08,COMPLETE
1045,0.41645414829254146,2025-04-15 15:28:21.547158,2025-04-15 15:28:29.398896,0 days 00:00:07.851738,0.5527340769137221,0.6204642382538643,16,0.040223073847638194,0.17059396856157982,0.09416618247935314,0.028690611330116394,0.08139439228228919,0.09808297445328075,0.0002892289695023029,14,133,0.05837631758464263,0.1935139136831202,True,True,True,1.5733113472065205e-08,COMPLETE
1046,0.33946301937103274,2025-04-15 15:28:29.744795,2025-04-15 15:28:37.825844,0 days 00:00:08.081049,0.5821565471776771,0.7705191748957114,16,0.04718444074898275,0.16351943589094986,0.09644050196708849,0.024916691726218264,0.08376235678870557,0.0954487924229426,0.0002442010094220814,16,128,0.03570743253746877,0.18524944016632683,True,True,True,2.5245620469936987e-08,COMPLETE
1047,0.4182102203369141,2025-04-15 15:28:38.176195,2025-04-15 15:28:46.352546,0 days 00:00:08.176351,0.5025364728557868,0.7073357512860408,16,0.035188032833901595,0.15555754398038055,0.09340267689640369,0.03135622269362264,0.08136675440918047,0.09799097463852734,0.00035933800145164784,15,144,0.06793095416735487,0.19142413423719792,True,True,True,1.9250148697200784e-08,COMPLETE
1048,0.42559543848037723,2025-04-15 15:28:46.699432,2025-04-15 15:28:54.973911,0 days 00:00:08.274479,0.6162955065061729,0.74728818778643,16,0.03017515754796779,0.18324777299807735,0.09658621988093315,0.02754437565850399,0.08597067022091738,0.09507486290039849,0.00020637869694263382,15,147,0.061122639049071364,0.1839635748909672,True,True,True,1.4039349538195653e-08,COMPLETE
1049,0.4261119484901428,2025-04-15 15:28:55.298369,2025-04-15 15:29:03.341992,0 days 00:00:08.043623,0.5245987448010102,0.724894763386965,16,0.03674365520980079,0.1716209437815343,0.09563286835263046,0.029616429476245765,0.08314030822639092,0.09799918084304339,0.00029452097888312207,14,142,0.06440784220712353,0.20076577986926536,True,True,True,3.296737983002877e-08,COMPLETE
1050,0.385882294178009,2025-04-15 15:29:03.682678,2025-04-15 15:29:11.913256,0 days 00:00:08.230578,0.5596754028767109,0.6570828577188909,16,0.0526998598053276,0.1877623057032331,0.09354345916006118,0.03268589279020735,0.0805531374465731,0.09537415993450586,0.00026733964697495165,16,135,0.058753589868827956,0.1791577414580817,True,True,True,1.207512220017591e-08,COMPLETE
1051,0.4265772342681885,2025-04-15 15:29:12.256125,2025-04-15 15:29:20.570543,0 days 00:00:08.314418,0.49636352209873164,0.7562061766619592,16,0.02959433357212538,0.17964346880227797,0.09790466606236331,0.02653211862641338,0.08570689402877389,0.09996805664695997,0.0003622894005311758,16,139,0.060041390166693256,0.19011520065624604,True,True,True,1.0087538237394249e-08,COMPLETE
1052,0.4244561910629273,2025-04-15 15:29:20.916490,2025-04-15 15:29:29.208784,0 days 00:00:08.292294,0.49172701753444137,0.7727575614991543,16,0.029140217973775407,0.1789170763924965,0.09812887848120802,0.023826429292779838,0.0858023790196481,0.09834677096318217,0.000359882952435035,16,139,0.06312525014794232,0.18795965248096788,True,True,True,1.0392742512737602e-08,COMPLETE
1053,0.40269806385040285,2025-04-15 15:29:29.554157,2025-04-15 15:29:37.800313,0 days 00:00:08.246156,0.542641608561396,0.7546128256288362,16,0.04150881652269408,0.18126284664802186,0.09804194235585824,0.02140992579921231,0.08515425763855601,0.09997631340945567,0.000385402860627792,16,137,0.06132772056251689,0.19195300492470307,True,True,True,1.154265450630866e-08,COMPLETE
1054,0.42179892063140867,2025-04-15 15:29:38.146620,2025-04-15 15:29:46.386227,0 days 00:00:08.239607,0.5941108463022127,0.7446524259322936,16,0.029959319574968467,0.18630798957258338,0.0980353529003278,0.026026434754464388,0.08632112062572284,0.0997375104730454,0.0002017382756563185,16,133,0.0585838719014484,0.18247302030805726,True,True,True,1.0184865614876905e-08,COMPLETE
1055,0.240719211101532,2025-04-15 15:29:46.727384,2025-04-15 15:29:54.790847,0 days 00:00:08.063463,0.5608046067311674,0.7675602909409683,16,0.03864987535047495,0.17613640910916367,0.09703578499345623,0.025600502712146193,0.08374970651211619,0.09794541679939406,0.0002513381531431869,15,136,0.06512367799464917,0.17807957645054157,True,True,False,1.5647738007054085e-08,COMPLETE
1056,0.421648907661438,2025-04-15 15:29:55.142028,2025-04-15 15:30:03.450876,0 days 00:00:08.308848,0.5053577939536198,0.6997030974438863,16,0.028588788970523128,0.18863126054860216,0.09637908767012784,0.019343109218886434,0.0844086780098898,0.09977091669154903,0.0003880671430279514,16,141,0.06258235999593602,0.18682217124041856,True,True,True,1.413073782554481e-08,COMPLETE
1057,0.4253249287605285,2025-04-15 15:30:03.779890,2025-04-15 15:30:11.925038,0 days 00:00:08.145148,0.5342799028275463,0.755264337503092,16,0.03514183392290618,0.17635102631395042,0.0982772962137113,0.027652532547806107,0.08568804925113832,0.09735226221901466,0.0002955457374533383,15,141,0.06017485213904843,0.1754914239301248,True,True,True,1.9281592915124923e-08,COMPLETE
1058,0.3890818953514099,2025-04-15 15:30:12.268692,2025-04-15 15:30:20.585777,0 days 00:00:08.317085,0.48971189814455846,0.6774964626140715,16,0.047732764235274644,0.16985414073271432,0.0958557537191984,0.02352430736791886,0.08226862065835583,0.09691692388939514,0.00022962864121359183,16,143,0.057904023770761835,0.19277052550587742,True,True,True,1.2580253561922554e-08,COMPLETE
1059,0.4254431605339051,2025-04-15 15:30:20.928015,2025-04-15 15:30:28.986728,0 days 00:00:08.058713,0.5793285083253034,0.7312742853238806,16,0.02803339767219716,0.18062231180630384,0.09828934717346079,0.028182371010297046,0.08642529223309472,0.0999231331377577,0.00031562195378073834,15,131,0.061068140843611236,0.18226317683552348,True,True,True,1.0167041041825723e-08,COMPLETE
1060,0.40559937953948977,2025-04-15 15:30:29.334063,2025-04-15 15:30:37.633425,0 days 00:00:08.299362,0.524210790206879,0.7753191524810651,16,0.03500296762866918,0.19288427042575995,0.09585304096591714,0.025913911099158197,0.08314044577495788,0.09998207032365665,0.0003685121580096266,16,138,0.06660434347561789,0.17214037171713373,True,True,True,1.4229524900680146e-08,COMPLETE
1061,0.2048193633556366,2025-04-15 15:30:37.973312,2025-04-15 15:30:46.040788,0 days 00:00:08.067476,0.49682103348499124,0.7131732991063036,16,0.2953222494058316,0.17386089580868103,0.09831487437506545,0.029587579174155235,0.08417339941238412,0.09718830273669565,0.00019426384982052764,15,138,0.057989753317530014,0.1804244333504231,True,True,True,1.7527719826269814e-08,COMPLETE
1062,0.41801937818527224,2025-04-15 15:30:46.389033,2025-04-15 15:30:54.627286,0 days 00:00:08.238253,0.6465771580570643,0.7405658640218745,16,0.043695753596925756,0.1838201393320559,0.09378882836229085,0.024781069642636905,0.08180204955968173,0.09510651609395898,0.0002673640803839507,16,135,0.06349861591490703,0.1877933904132959,True,True,True,1.4986705360336394e-08,COMPLETE
1063,0.42443729639053346,2025-04-15 15:30:54.976125,2025-04-15 15:31:03.193584,0 days 00:00:08.217459,0.5462268027520558,0.6915635334398701,16,0.027239223113170737,0.16759978341224696,0.09667480809353646,0.021673335334349734,0.08401547069990707,0.09808863254532763,0.00024245044870694528,15,144,0.059933136369582016,0.1719712775365647,True,True,True,1.912165122338521e-08,COMPLETE
1064,0.41002631187438965,2025-04-15 15:31:03.541001,2025-04-15 15:31:11.531629,0 days 00:00:07.990628,0.6048752915506186,0.7584379757010788,16,0.03233249416353852,0.1900160910042312,0.09504347241468654,0.02793569422518157,0.0862863539488753,0.09525745069544744,0.0003854245904581324,16,116,0.08029928516093038,0.1935554108373941,True,True,True,1.2566714647979722e-08,COMPLETE
1065,0.4228621244430542,2025-04-15 15:31:11.878825,2025-04-15 15:31:20.129346,0 days 00:00:08.250521,0.569678934117592,0.7180336428396852,16,0.03813906722441396,0.18007474833043421,0.09849056870665777,0.026503344964199635,0.0820945325876299,0.09674824686030334,0.0003038662662142193,15,147,0.06254768376118613,0.17728787437885535,True,True,True,1.007248064760452e-08,COMPLETE
1066,0.4302331805229187,2025-04-15 15:31:20.462293,2025-04-15 15:31:28.561966,0 days 00:00:08.099673,0.49196960811369184,0.7762517920023739,16,0.02664298914516749,0.17383898911740017,0.09322239946795773,0.0296955010763325,0.08446727584213817,0.09811023834068311,0.000198761824807019,16,128,0.05895048907779203,0.18452590834094812,True,True,True,2.183996963558792e-08,COMPLETE
1067,0.4243501782417297,2025-04-15 15:31:28.905802,2025-04-15 15:31:37.070298,0 days 00:00:08.164496,0.5010608325664224,0.7783931106473109,16,0.026829649254699526,0.17328342638163663,0.09323070633328928,0.03342512113187205,0.08610847641027396,0.09517393666816598,0.00019809776614595118,16,132,0.05865317551158429,0.17553857450621774,True,True,True,3.52448173479136e-08,COMPLETE
1068,0.4253689169883728,2025-04-15 15:31:37.418081,2025-04-15 15:31:45.447332,0 days 00:00:08.029251,0.48525360087816577,0.7569055183614263,16,0.02540229693668949,0.18706242254070865,0.09363741736974011,0.03103673402658793,0.08671276113339497,0.09480800734201845,0.000189506882663133,16,126,0.05741620868073192,0.18270878844739083,True,True,True,2.2569081891470577e-08,COMPLETE
1069,0.42872596979141236,2025-04-15 15:31:45.795273,2025-04-15 15:31:53.889492,0 days 00:00:08.094219,0.5139444893167509,0.7729205216135384,16,0.026555435399259645,0.17756428555805148,0.09314501971391487,0.03035340834916016,0.08442880486317128,0.09672391786477712,0.00019149882845789947,16,127,0.06078955438112559,0.18913153864679563,True,True,True,2.8658958479352705e-08,COMPLETE
1070,0.42695406675338743,2025-04-15 15:31:54.234844,2025-04-15 15:32:02.374325,0 days 00:00:08.139481,0.5201670821287134,0.7839448487631165,16,0.02710825721282439,0.17272495626485376,0.09311757646603941,0.03036224004244674,0.08409548173376298,0.09504680729161741,0.00018859474578909649,16,129,0.06559531522466287,0.17186795679632974,True,True,True,3.181862147676732e-08,COMPLETE
1071,0.4155704259872437,2025-04-15 15:32:02.726343,2025-04-15 15:32:10.775815,0 days 00:00:08.049472,0.5308872597626779,0.7908210820017307,16,0.02651427077318763,0.16988500649731486,0.09255987812354698,0.03384578824916328,0.08104573731087528,0.0953380016089609,0.0001831810819566518,16,124,0.0689930228855256,0.17159333266813911,True,True,True,2.6691785550727663e-08,COMPLETE
1072,0.21591966152191164,2025-04-15 15:32:11.128603,2025-04-15 15:32:19.023014,0 days 00:00:07.894411,0.5172880698846285,0.7827524723180992,16,0.03091280142971502,0.1733930414476457,0.09401863247356171,0.03109938583593546,0.08386806590279745,0.0949611886486678,0.00020237532723685076,15,129,0.0693969190224043,0.171635354668776,True,True,False,3.010698800780256e-08,COMPLETE
1073,0.4240402698516846,2025-04-15 15:32:19.371897,2025-04-15 15:32:27.404827,0 days 00:00:08.032930,0.5204953990154899,0.7767732884585704,16,0.024148861681730416,0.16768540089240844,0.09275080671187073,0.03326593588485189,0.08277369189293163,0.09425249521271005,0.00018236963510222815,16,123,0.06600360585667242,0.16953507733986492,True,True,True,4.093767564619419e-08,COMPLETE
1074,0.4097844243049622,2025-04-15 15:32:27.761072,2025-04-15 15:32:36.038214,0 days 00:00:08.277142,0.5335030672257914,0.8012990141610838,16,0.031059158153160602,0.17529740672993369,0.09377820704157283,0.03064055644735084,0.08034921927343971,0.09466258676890377,0.00019016070332597128,17,128,0.06747113724705675,0.18222415753318927,True,True,True,3.9027471979634205e-08,COMPLETE
1075,0.4032676458358765,2025-04-15 15:32:36.392638,2025-04-15 15:32:44.359916,0 days 00:00:07.967278,0.5176962714016818,0.7919333675702237,16,0.03791416127025989,0.19498747298071428,0.09296091620424901,0.029535508377379147,0.019303553822181983,0.09657307830643704,0.00017342337174633678,15,126,0.07168874373075046,0.18817937628619874,True,True,True,2.8941233935751273e-08,COMPLETE
1076,0.42259672880172733,2025-04-15 15:32:44.705176,2025-04-15 15:32:52.822625,0 days 00:00:08.117449,0.5377240323900048,0.7689932173484862,16,0.026014016897011556,0.16205445182718964,0.09527413001548579,0.03330051092068082,0.08451337611626568,0.09415784675850133,0.0002056303919774548,16,129,0.06546563094312988,0.1966563195168227,True,True,True,3.649633418469292e-08,COMPLETE
1077,0.42510119676589964,2025-04-15 15:32:53.170445,2025-04-15 15:33:01.199101,0 days 00:00:08.028656,0.5065979027176529,0.7743921342576823,16,0.025144413432435044,0.17893278862332793,0.09311851290134057,0.030033800476606226,0.082143813025375,0.03226597384335453,0.00018590335894721924,16,124,0.06459404608573817,0.1795108950307277,True,True,True,2.328942289454226e-08,COMPLETE
1078,0.4086618423461914,2025-04-15 15:33:01.551370,2025-04-15 15:33:09.274009,0 days 00:00:07.722639,0.5466642837688042,0.6639248477726503,16,0.03397043207268492,0.17273061578001458,0.09266936891661112,0.03207362478628411,0.0839791419594581,0.09593395546306187,0.0002263873941594802,14,127,0.06718688323665058,0.17081769013604614,True,True,True,2.9076919047780087e-08,COMPLETE
1079,0.41972783803939817,2025-04-15 15:33:09.623157,2025-04-15 15:33:17.578164,0 days 00:00:07.955007,0.5679164357962944,0.7203238499160272,16,0.03953133776195768,0.18915204874749453,0.09533745171065314,0.029128306503044547,0.0794267605844933,0.09403902027997595,0.0001612833559795614,15,130,0.06440602313826492,0.17647534038717735,True,True,True,2.3529012667714192e-08,COMPLETE
1080,0.4051470994949341,2025-04-15 15:33:17.931251,2025-04-15 15:33:26.111066,0 days 00:00:08.179815,0.48263540960337986,0.7856206420800356,16,0.030891665310246796,0.16783308503160596,0.09537559841247023,0.031241335384022385,0.08132328007487499,0.09680077779637104,0.0001690115970638668,17,121,0.07065680427219737,0.1856759467493746,True,True,True,3.428842980397704e-08,COMPLETE
1081,0.4211719870567322,2025-04-15 15:33:26.464114,2025-04-15 15:33:34.469938,0 days 00:00:08.005824,0.5835405415627708,0.6988466518662827,16,0.025792947472634283,0.183503500532979,0.09255088243687815,0.03452983399774753,0.08396278690465384,0.09758415266895744,0.00021641623590336976,15,128,0.06320615450363111,0.1943704480829505,True,True,True,2.127360536809785e-08,COMPLETE
