number,value,datetime_start,datetime_complete,duration,params_alpha-eval,params_alpha-train,params_batch-size,params_eps-eval,params_eps-train,params_lambda-actions-eval,params_lambda-actions-train,params_lambda-frames-eval,params_lambda-frames-train,params_learning-rate,params_n-epochs,params_n-frames,params_radius-gw,params_rho,params_std-feats,params_ub-actions,params_ub-frames,params_weight-decay,state
797,0.42246990203857426,2025-04-13 15:38:40.749919,2025-04-13 15:38:48.665747,0 days 00:00:07.915828,0.4398371088011122,0.7815972830596642,8,0.04780842759794802,0.10863294573370862,0.062093649846240904,0.040955873576262077,0.06932770433841315,0.07454302938880498,0.0003043702289669978,16,43,0.06231110882858622,0.24585555576282123,True,True,True,2.1747395502424287e-06,COMPLETE
798,0.40524154901504517,2025-04-13 15:38:48.931805,2025-04-13 15:38:56.934146,0 days 00:00:08.002341,0.5519989733319938,0.7515107093422303,8,0.04777475740756944,0.09716535410540589,0.06405323416412545,0.04486944578602635,0.07173057058346367,0.015990098630028145,0.0002364688915023099,16,48,0.06897803651404409,0.2502859187017873,True,True,True,1.3435129537233168e-06,COMPLETE
799,0.39960243701934817,2025-04-13 15:38:57.196049,2025-04-13 15:39:04.864440,0 days 00:00:07.668391,0.5447391524016868,0.7369122459930662,8,0.06055902476949232,0.10266649574242097,0.059322223921722504,0.05283705369901762,0.06831274156700093,0.01391064852824721,0.0002797182685720374,14,51,0.059432066792895775,0.23697927716518577,True,True,True,1.6917405433465286e-06,COMPLETE
800,0.4138873934745789,2025-04-13 15:39:05.114659,2025-04-13 15:39:12.755163,0 days 00:00:07.640504,0.5206172138064444,0.7616464930465237,8,0.04492023080709434,0.11361181034948653,0.06584530687870986,0.04783687503502852,0.07133009557367956,0.020255978651857527,0.00035394817013245026,15,14,0.0640023837168535,0.23010341384049032,True,True,True,2.8219468432017885e-06,COMPLETE
801,0.43060439825057983,2025-04-13 15:39:13.016659,2025-04-13 15:39:20.921086,0 days 00:00:07.904427,0.5562466456429693,0.7332786427618965,8,0.057057672922792325,0.11662354646410933,0.06768442264075154,0.05038940974067041,0.07258451524286824,0.016672838484749226,0.00024198820047518783,15,45,0.06088347103644045,0.2488525074753962,True,True,True,3.901221562596518e-06,COMPLETE
802,0.3644227385520935,2025-04-13 15:39:21.185902,2025-04-13 15:39:28.819449,0 days 00:00:07.633547,0.5604387351384063,0.7381246748480109,8,0.0810763559695761,0.11121589259789859,0.06916405895026617,0.05018841088965556,0.07377817954533858,0.017191007407491753,0.00024813446101780147,14,41,0.06086757259076996,0.2405492440940591,True,True,True,3.972310192008947e-06,COMPLETE
803,0.4061375975608826,2025-04-13 15:39:29.067983,2025-04-13 15:39:36.792144,0 days 00:00:07.724161,0.535163948069054,0.7953495184428184,8,0.06638641865382046,0.12174389049946309,0.06720622039371563,0.04731116550268962,0.07043418007761236,0.01616989062563844,0.0003200278233738453,15,38,0.059497235609624166,0.24690267766805013,True,True,True,3.2767061018784853e-06,COMPLETE
804,0.42895187139511104,2025-04-13 15:39:37.056329,2025-04-13 15:39:44.690640,0 days 00:00:07.634311,0.5891161415023196,0.7759053659183858,8,0.05381870834844247,0.12894692930009174,0.06822330342194821,0.043499341302571354,0.07269608523675508,0.019095868888396247,0.000408820126893636,14,44,0.06245633215489157,0.24389951292029236,True,True,True,4.5958246732979245e-06,COMPLETE
805,0.41188471317291264,2025-04-13 15:39:44.938484,2025-04-13 15:39:52.556357,0 days 00:00:07.617873,0.592836958789494,0.7549626178445749,8,0.06011339892411857,0.12087568957662005,0.06699689539826055,0.04407075151555361,0.0719572908364545,0.01970184927187216,0.00041982424148067043,14,42,0.06306954297955678,0.23584007019498637,True,True,True,4.718986314323169e-06,COMPLETE
806,0.3195334792137146,2025-04-13 15:39:52.820228,2025-04-13 15:40:00.211698,0 days 00:00:07.391470,0.5784028585083899,0.80628769046912,8,0.0559389291637994,0.12876684359174384,0.06999667045989647,0.03864946828525876,0.07249515230476382,0.01992956201110818,0.00040280247253589123,13,45,0.0662179366269911,0.24211588977021004,True,True,False,3.908952776821574e-06,COMPLETE
807,0.34222064018249515,2025-04-13 15:40:00.474609,2025-04-13 15:40:08.154463,0 days 00:00:07.679854,0.5564493894722594,0.7763327103856411,8,0.07622379233061802,0.11773868776021502,0.07193107704291939,0.04241301874992301,0.06932636790793761,0.020912186014246874,0.0003813471922463575,14,41,0.06182585995536145,0.22319620623262026,True,True,True,2.7921413714478214e-06,COMPLETE
808,0.4125513315200806,2025-04-13 15:40:08.411926,2025-04-13 15:40:16.285026,0 days 00:00:07.873100,0.5741240818041411,0.7725824427528442,8,0.06348517440889648,0.12832984601978534,0.06829435415639885,0.04431486589447128,0.07414900744854533,0.01707143078507947,0.00032138844241778316,15,46,0.06404132809965792,0.23457944249058474,True,True,True,4.947350945108493e-06,COMPLETE
809,0.4122781872749329,2025-04-13 15:40:16.547503,2025-04-13 15:40:24.155558,0 days 00:00:07.608055,0.5585674318197057,0.7808316183892176,8,0.07044210272976793,0.1264328293668214,0.06850804677192099,0.04620370444875224,0.06763594774483221,0.06262067258663281,0.0003460564727638712,14,38,0.06090322735224983,0.24810635746210702,True,True,True,3.5303853042491774e-06,COMPLETE
810,0.41903736591339114,2025-04-13 15:40:24.419936,2025-04-13 15:40:32.262501,0 days 00:00:07.842565,0.5371444073505431,0.7465043727433361,8,0.05660585175036542,0.11675241507049064,0.06575612453223066,0.048865445708637226,0.07070307090931946,0.015745831487010545,0.0004043918681594914,15,45,0.0676429086479954,0.23106144831690284,True,True,True,4.360106448785027e-06,COMPLETE
811,0.40880945920944217,2025-04-13 15:40:32.511726,2025-04-13 15:40:40.117558,0 days 00:00:07.605832,0.5890185821157018,0.772194818695999,8,0.05206230837011741,0.1063654202164992,0.07221130434103788,0.05149874018802318,0.06438443802413508,0.018541368068375974,0.00027410933199773386,14,43,0.05890947002774628,0.23969778643285172,True,False,True,2.3029823538330383e-06,COMPLETE
812,0.3733372211456299,2025-04-13 15:40:40.382469,2025-04-13 15:40:47.940647,0 days 00:00:07.558178,0.5078702973493554,0.7361282819928937,8,0.05997972071377478,0.12206530851401483,0.06967935851079411,0.053366161351522584,0.07196245316112906,0.018115914067268195,0.00029583630389630233,13,48,0.06231220006947431,0.24515293818738235,True,True,True,3.3453352203875034e-06,COMPLETE
813,0.41200071573257446,2025-04-13 15:40:48.207232,2025-04-13 15:40:55.983856,0 days 00:00:07.776624,0.5507143995565629,0.8037971217352669,8,0.051443677413828846,0.11423547779610557,0.06557012003835593,0.04313179635437488,0.07370035711238668,0.021448627202942463,0.00042848164222857466,15,40,0.06489430922733717,0.24853099573931972,True,True,True,4.732615144319042e-06,COMPLETE
814,0.4151408195495606,2025-04-13 15:40:56.238803,2025-04-13 15:41:04.213321,0 days 00:00:07.974518,0.5736347877343776,0.7968595661501111,8,0.04971274528063661,0.14297343834255244,0.06421131789337477,0.05079303790580435,0.06645213427050067,0.014054238916668595,0.00033571587790817286,16,43,0.060966475912150216,0.25114675169113504,True,True,True,2.8456068403278303e-06,COMPLETE
815,0.39399926662445073,2025-04-13 15:41:04.478255,2025-04-13 15:41:12.464548,0 days 00:00:07.986293,0.5226726280719213,0.7581679792992781,8,0.055655639383804516,0.09290650132735333,0.06769335868011478,0.05506962547674525,0.06962608811090236,0.015483604179463635,0.0002737409523905246,16,48,0.058856151367141486,0.24307500783061453,True,True,True,1.6486534532505483e-06,COMPLETE
816,0.35235555171966554,2025-04-13 15:41:12.733317,2025-04-13 15:41:20.826209,0 days 00:00:08.092892,0.5380960719113015,0.8434527932852472,8,0.06688616314509738,0.10880434310360976,0.06416449166958775,0.04863826228796741,0.07430034692963686,0.013844058734036994,0.00023343740494954609,15,87,0.06259887962262091,0.254777739716961,True,True,True,4.018979676894568e-06,COMPLETE
817,0.29626924395561216,2025-04-13 15:41:21.079986,2025-04-13 15:41:28.962239,0 days 00:00:07.882253,0.49880483729247316,0.7304909143560541,8,0.04534187972940376,0.09864118806974861,0.07047701491352891,0.040772726731688566,0.07284061481685271,0.01738197030117234,0.00035739206574901804,16,38,0.06620278291472291,0.25006597261535823,True,True,True,5.326460385100494e-06,COMPLETE
818,0.42956881523132323,2025-04-13 15:41:29.229520,2025-04-13 15:41:37.364624,0 days 00:00:08.135104,0.5943895682440478,0.7539503122137037,8,0.051594381885235734,0.11726563252622663,0.07456215377187095,0.04710827942556567,0.06815546370472847,0.013389952751042546,0.00028209671697341783,17,45,0.06033138174080262,0.2416815314664965,True,True,True,2.323076142269969e-06,COMPLETE
819,0.3925894618034363,2025-04-13 15:41:37.629744,2025-04-13 15:41:45.650621,0 days 00:00:08.020877,0.6073836199405651,0.773941722975428,8,0.06310488163554027,0.123120845102471,0.07400921040725701,0.04617444601165104,0.06767760047252432,0.018620781645549964,0.00024744487384628606,17,41,0.06446521404200034,0.22759615148390702,True,True,True,2.044886055346807e-06,COMPLETE
820,0.4167916893959046,2025-04-13 15:41:45.908755,2025-04-13 15:41:53.957166,0 days 00:00:08.048411,0.5932635647612232,0.7524313690445666,8,0.05662256647574865,0.11321475483441244,0.07842498411368237,0.04468179484168483,0.06310351096034596,0.015667238980341926,0.000274534414191348,16,45,0.06943869864893998,0.23630420245886322,True,True,True,2.650380954892196e-06,COMPLETE
821,0.40337222814559937,2025-04-13 15:41:54.222602,2025-04-13 15:42:02.635143,0 days 00:00:08.412541,0.576781312758452,0.8098309008493536,8,0.05159316260035962,0.11754908768216257,0.06785346411896166,0.047692617361285466,0.0655572272399332,0.013760358438565138,0.0002342722083834148,14,146,0.06263993671640351,0.2405802570550367,True,True,True,1.9006145376008815e-06,COMPLETE
822,0.4190083384513855,2025-04-13 15:42:02.905621,2025-04-13 15:42:11.045542,0 days 00:00:08.139921,0.6029753671595759,0.767981814291842,8,0.06122225055942701,0.1304852128755501,0.06660249200973017,0.056544029247785295,0.06899906832416056,0.013150586833841574,0.0004244972666969314,17,42,0.05980463745398469,0.24270060357484416,True,True,True,1.3112508292817567e-06,COMPLETE
823,0.4066448330879211,2025-04-13 15:42:11.316555,2025-04-13 15:42:19.036570,0 days 00:00:07.720015,0.5854433070570325,0.7378164178988014,8,0.04952840127453273,0.10442772655295718,0.07008744809770932,0.052703397917138954,0.06710156507588488,0.017123318864192057,0.00021495998679778362,15,38,0.061405008309828285,0.24078715478385382,True,True,True,2.3529198906152478e-06,COMPLETE
824,0.4001592874526978,2025-04-13 15:42:19.294033,2025-04-13 15:42:27.794857,0 days 00:00:08.500824,0.5656203142214645,0.7898427789397708,8,0.058709506815637455,0.13724444923610152,0.07127043804056431,0.04265739540498319,0.06996456221321505,0.02093601720587101,0.00032688760083720604,16,110,0.06406745535077175,0.23610382733715166,True,True,True,3.155240328338861e-06,COMPLETE
825,0.3308363318443298,2025-04-13 15:42:28.066654,2025-04-13 15:42:36.133972,0 days 00:00:08.067318,0.5601690924348636,0.7633553684214582,8,0.04660105282369138,0.11989513172908926,0.06519053447178928,0.04718483176612778,0.07053266289252096,0.015311794368759894,0.0002800151655840794,17,45,0.0586660414935746,0.23507209716465358,True,True,False,1.7846673087353638e-06,COMPLETE
826,0.41485675573349,2025-04-13 15:42:36.408221,2025-04-13 15:42:44.173382,0 days 00:00:07.765161,0.5896264162317469,0.7326008091928975,8,0.05322730082951427,0.10986969568794479,0.06846378140574962,0.05423528744100841,0.06538169938709379,0.013537844992547586,0.00020841573768304574,15,41,0.06766615339892343,0.230334684325321,True,True,True,2.535817855362398e-06,COMPLETE
827,0.42956755161285404,2025-04-13 15:42:44.433224,2025-04-13 15:42:52.363028,0 days 00:00:07.929804,0.5603567302384662,0.7467502596993822,8,0.07174504982776818,0.10299948378946405,0.06327993013713161,0.051905747162021655,0.07463145557784,0.018742805060490152,0.0003614198822832084,16,46,0.060972478140627485,0.24610575210562308,True,True,True,3.355272207463498e-06,COMPLETE
828,0.374324643611908,2025-04-13 15:42:52.635309,2025-04-13 15:43:00.647108,0 days 00:00:08.011799,0.6078842710011639,0.8199864246265913,8,0.07494152573729237,0.1005434845848929,0.07518367129986943,0.058420700097017574,0.07473736055672035,0.01939665463905981,0.00044569242739801143,16,44,0.06576642627975275,0.2472713898319596,True,True,True,3.425602184015441e-06,COMPLETE
829,0.42625746726989744,2025-04-13 15:43:00.919189,2025-04-13 15:43:08.838165,0 days 00:00:07.918976,0.5753166526240902,0.7579596457316239,8,0.06566078866819987,0.1142124886751239,0.06660407178644334,0.05280323285458341,0.07379331916957049,0.018664939006913635,0.00035995935123945394,16,38,0.06266459284999512,0.24477474737450883,True,True,True,2.4528836951577397e-06,COMPLETE
830,0.3418917298316956,2025-04-13 15:43:09.101081,2025-04-13 15:43:16.894070,0 days 00:00:07.792989,0.5543368584989136,0.8686363927178031,8,0.07284801281026025,0.09114247211248389,0.06473721360281795,0.05551112449871011,0.06241416903689208,0.016882760609366016,0.0003888052264071888,15,42,0.06396323044985426,0.2319823998765753,True,True,True,1.5504753449360357e-06,COMPLETE
831,0.4173975706100464,2025-04-13 15:43:17.164004,2025-04-13 15:43:25.073574,0 days 00:00:07.909570,0.5990518865620609,0.7885320088222664,8,0.05887423030244304,0.10500919310893327,0.06327905937779858,0.052064038229609026,0.07468708527793526,0.01775546534813566,0.0002498444494001114,16,46,0.06114299671656019,0.24734883767760774,True,False,True,3.121670823907198e-06,COMPLETE
832,0.4019615530967713,2025-04-13 15:43:25.346778,2025-04-13 15:43:33.153575,0 days 00:00:07.806797,0.4668598040472223,0.7528117870707233,8,0.06840543913167224,0.09670117871590377,0.06704794757620583,0.05639890505190837,0.07265308057524321,0.019333741227951295,0.00042883670838127555,15,40,0.058194323651977894,0.24274281926813843,True,True,True,2.02726354772475e-06,COMPLETE
833,0.3926166296005249,2025-04-13 15:43:33.415315,2025-04-13 15:43:41.585531,0 days 00:00:08.170216,0.5201951541028909,0.7387047804783357,8,0.057589498674092486,0.08624531183801042,0.07998942242195371,0.05381080729980236,0.06815783292508681,0.0216519704491089,0.00034165837380653987,17,44,0.06286665075083461,0.25011795685130955,True,True,True,9.010358786222893e-07,COMPLETE
834,0.3880787611007691,2025-04-13 15:43:41.859218,2025-04-13 15:43:49.894971,0 days 00:00:08.035753,0.5722197388332529,0.7777729088490515,8,0.06276778452755066,0.10780423590519793,0.06461966799369115,0.05113602789280931,0.06971750386615433,0.021893396507379814,0.00020747093717121622,16,47,0.06520085012185528,0.2389934378701601,True,True,True,3.840706149095101e-06,COMPLETE
835,0.4255463600158691,2025-04-13 15:43:50.167893,2025-04-13 15:43:57.463974,0 days 00:00:07.296081,0.4925114023154308,0.7478585719320064,8,0.0532667535657203,0.12428199793663414,0.0724800746363282,0.04545183859355651,0.07549842024476112,0.015763703262966167,0.00026568096833482304,12,38,0.06115446486674045,0.24783552040089024,True,True,True,2.642778514407724e-06,COMPLETE
836,0.4076892256736755,2025-04-13 15:43:57.723716,2025-04-13 15:44:05.648690,0 days 00:00:07.924974,0.5439994994146102,0.802393725255137,8,0.05111722873696497,0.1155092232116412,0.0632030342209077,0.04914540878281434,0.07251021305684681,0.015284851796798284,0.0003021804869550161,16,43,0.05806923990979741,0.2410819846735339,True,True,True,3.2227709639806546e-06,COMPLETE
837,0.4566300034523011,2025-04-13 15:44:05.921437,2025-04-13 15:44:14.043393,0 days 00:00:08.121956,0.5292817366884254,0.11029020484228835,8,0.09286277319279648,0.10164989789506355,0.06846782492084381,0.040641368882891,0.07421999601985119,0.02000639989882353,0.00020699980913475112,17,47,0.060223226232882406,0.2548791061021402,True,True,True,4.194313095926921e-06,COMPLETE
838,0.28790576457977296,2025-04-13 15:44:14.319652,2025-04-13 15:44:22.391072,0 days 00:00:08.071420,0.5113824421987747,0.24931615594964915,8,0.08242642364898614,0.10158901726592932,0.06827946813368503,0.03928286699203931,0.07467925311922693,0.02159816379290066,0.00023879979149905186,17,41,0.060216053196646226,0.25338795839762324,True,True,True,4.320627538619778e-06,COMPLETE
839,0.283685564994812,2025-04-13 15:44:22.651813,2025-04-13 15:44:30.774168,0 days 00:00:08.122355,0.536623525621026,0.477986327227179,8,0.0844516293237329,0.09661377393622617,0.04102461363561721,0.041451707223835864,0.07462386235345021,0.017771882376268956,0.0003540054027151906,17,46,0.06255410789977485,0.2528348650073945,True,True,True,3.832041734451962e-06,COMPLETE
840,0.2437200486660004,2025-04-13 15:44:31.049004,2025-04-13 15:44:38.587021,0 days 00:00:07.538017,0.5247244773948694,0.2099313201498067,8,0.06609073834038577,0.10734360479264915,0.07077327118219451,0.044669282136275835,0.07216931834419832,0.019318238163036308,0.0002619227966009095,13,44,0.05900733423382049,0.21804370832804615,True,True,True,2.368059801642248e-06,COMPLETE
841,0.3048685431480408,2025-04-13 15:44:38.861224,2025-04-13 15:44:46.949147,0 days 00:00:08.087923,0.49026114836094664,0.1734681567717118,8,0.06702117133722302,0.10007435654841708,0.07118999037808865,0.0375686140558958,0.07070304924598592,0.022416187913106487,0.050525591172880545,17,40,0.06104445265403273,0.23375630499172803,True,True,True,3.1142210043850956e-06,COMPLETE
842,0.4233120203018189,2025-04-13 15:44:47.228604,2025-04-13 15:44:55.206187,0 days 00:00:07.977583,0.5662812391463257,0.7681529227840358,8,0.0563562207625443,0.09212968430841968,0.06813705524631651,0.03938777858698725,0.07310791956536698,0.01938899547715542,0.00021706361056839145,16,46,0.06395356991298845,0.24688983400815145,True,True,True,4.416474026738658e-06,COMPLETE
843,0.4073982238769531,2025-04-13 15:44:55.466268,2025-04-13 15:45:03.278459,0 days 00:00:07.812191,0.54541416220854,0.7383483183882525,8,0.06159773244720565,0.11165282408701901,0.07357558898106213,0.04275272603377024,0.07507063178872032,0.021003275060288994,0.00031076817888399676,15,42,0.06652573821393773,0.25191284352595933,True,True,True,2.191436873061427e-06,COMPLETE
844,0.3021174550056458,2025-04-13 15:45:03.553800,2025-04-13 15:45:11.598744,0 days 00:00:08.044944,0.5119940933626843,0.7289207222998038,8,0.0484762902180078,0.08481422676543493,0.07001652382206627,0.04714922485788624,0.06754785978737897,0.01581026216703235,0.00041993474277721724,17,37,0.05818888903180326,0.24578139752192368,True,True,False,1.3695505848878532e-06,COMPLETE
845,0.28173765540122986,2025-04-13 15:45:11.873436,2025-04-13 15:45:19.823351,0 days 00:00:07.949915,0.5908008008321374,0.42454756850856995,8,0.08754381214827656,0.10522924876696174,0.0690397839051274,0.043619504511603006,0.06961642290389568,0.017090984686495714,0.00020495330887075708,16,43,0.060658961715555244,0.22370422285066044,True,True,True,3.5826797411067856e-06,COMPLETE
846,0.4162590503692627,2025-04-13 15:45:20.089164,2025-04-13 15:45:28.182528,0 days 00:00:08.093364,0.5567735363963537,0.7522668412411775,8,0.055210326581097494,0.13192191667986408,0.06646131662116887,0.05468694380014178,0.07231428671791275,0.019730017268345352,0.0002795668474306102,17,47,0.06386965596071231,0.2524424938217703,True,True,True,4.615721627443559e-06,COMPLETE
847,0.41114871501922606,2025-04-13 15:45:28.457893,2025-04-13 15:45:36.373953,0 days 00:00:07.916060,0.5266093270789542,0.7841263548057124,8,0.06967960666884383,0.11792608523891505,0.06598377034769615,0.052191419111862175,0.07493673380829298,0.014433832111929147,0.00034841654266186314,16,39,0.06228525726654021,0.24060117349473464,True,True,True,2.929872682289991e-06,COMPLETE
848,0.38443171977996826,2025-04-13 15:45:36.651022,2025-04-13 15:45:44.321343,0 days 00:00:07.670321,0.5811974899377934,0.7292909583056129,8,0.045279953446979736,0.09292700015619082,0.06575509245687922,0.04125212865215324,0.06405324131712033,0.017501420389469974,0.00023307780887831753,14,45,0.068513486738298,0.2555548021393414,True,True,True,1.7828554351402862e-06,COMPLETE
849,0.3306359052658081,2025-04-13 15:45:44.582095,2025-04-13 15:45:52.741084,0 days 00:00:08.158989,0.4761037342640154,0.7229907304409574,8,0.07727317107841036,0.10339095993026029,0.07664484600888874,0.059694381742677556,0.07118560443236817,0.013694719827159519,0.00045306329466006986,17,48,0.06548290838073693,0.24986089567449501,True,True,True,4.5811639347061435e-06,COMPLETE
850,0.4027987480163574,2025-04-13 15:45:53.019507,2025-04-13 15:46:01.288627,0 days 00:00:08.269120,0.5580755181337298,0.7611052447023376,8,0.05119612654265377,0.11207216709739365,0.06844896704639448,0.050387177825543895,0.06773318892652985,0.013142735792917843,0.00029909120307713624,16,82,0.05822662831691774,0.23170008100150868,True,True,True,2.6202150621546307e-06,COMPLETE
851,0.2868290662765503,2025-04-13 15:46:01.565794,2025-04-13 15:46:09.355881,0 days 00:00:07.790087,0.5090611939059836,0.7697362173248055,8,0.09518239769221806,0.09875640290614479,0.06393714410625079,0.05724002322680717,0.07382680738268156,0.016489048697684087,0.00020769813281273895,15,41,0.06077535973279407,0.24305613654971084,True,False,True,3.6387147488259843e-06,COMPLETE
852,0.35840362310409546,2025-04-13 15:46:09.623618,2025-04-13 15:46:17.721503,0 days 00:00:08.097885,0.5332507233705573,0.7309063746795198,8,0.09156619553043437,0.10813067289630113,0.06696777080942877,0.053242600221804444,0.06904990005286597,0.020469952723783325,0.00025578654908141,17,37,0.06318443759132572,0.25304237003079866,True,True,True,2.102933521045989e-06,COMPLETE
853,0.40283945798873905,2025-04-13 15:46:17.995951,2025-04-13 15:46:25.591669,0 days 00:00:07.595718,0.6152631355394641,0.8298195509947076,8,0.06130498575425654,0.122226057744633,0.0632320205604108,0.04885257002346653,0.07553560057732157,0.02262067538101972,0.00034273122908201435,14,44,0.05872363407604595,0.23610570258375166,True,True,True,1.2192793978904705e-06,COMPLETE
