number,value,datetime_start,datetime_complete,duration,params_alpha-eval,params_alpha-train,params_batch-size,params_eps-eval,params_eps-train,params_lambda-actions-eval,params_lambda-actions-train,params_lambda-frames-eval,params_lambda-frames-train,params_learning-rate,params_n-epochs,params_n-frames,params_radius-gw,params_rho,params_std-feats,params_ub-actions,params_ub-frames,params_weight-decay,state
227,0.39442551136016846,2025-04-15 13:32:14.498353,2025-04-15 13:32:27.562010,0 days 00:00:13.063657,0.8088779326331311,0.8911079105390605,2,0.016349126106674442,0.17258970442442548,0.0010250447019631787,0.0947841972308859,0.0459439340887031,0.01959842723991855,0.00016622823379700358,13,90,0.06199162198192356,0.1780462716105341,False,False,True,3.8024241854894226e-05,COMPLETE
228,0.3572501301765442,2025-04-15 13:32:27.635474,2025-04-15 13:32:40.123183,0 days 00:00:12.487709,0.7885127114211068,0.8667197784648883,2,0.040161611878556144,0.14529168615495094,0.003438999987558833,0.09019099064454723,0.051249542528829115,0.013217959523957427,1.0140361106578848e-05,12,94,0.0666012292013388,0.1605460077921296,False,False,True,5.4227355538823535e-05,COMPLETE
229,0.39273928403854375,2025-04-15 13:32:40.196814,2025-04-15 13:32:53.254051,0 days 00:00:13.057237,0.8388017247156565,0.897561215634954,2,0.0282962177027017,0.13644418793602311,0.006914552066830665,0.09679898402759114,0.04088412618690534,0.015393548140719812,0.0021644124019514414,13,86,0.06411116515216043,0.18835909780124746,False,False,True,0.000196140051758352,COMPLETE
230,0.3261963129043579,2025-04-15 13:32:53.328602,2025-04-15 13:33:06.847597,0 days 00:00:13.518995,0.7670301218064657,0.8775425224719816,2,0.019544950002003084,0.15141740541154367,0.005418017402083203,0.09282748574384891,0.052675794992525296,0.008873799445453844,0.0031519370054801077,14,92,0.06830050450453246,0.1668251263639558,False,False,True,9.592613091785025e-05,COMPLETE
231,0.403507387638092,2025-04-15 13:33:06.921532,2025-04-15 13:33:18.918063,0 days 00:00:11.996531,0.7454397634233398,0.9236489608227911,2,0.031787820785389345,0.14185236819683278,0.008268675603575715,0.09784401978289581,0.04912699667328296,0.01824113674078847,7.557348923802714e-05,11,79,0.06573041232040028,0.17353032175571323,False,False,True,0.00012035462557672715,COMPLETE
232,0.40812387466430666,2025-04-15 13:33:18.990884,2025-04-15 13:33:31.558731,0 days 00:00:12.567847,0.7808071139337215,0.9082406505837621,2,0.02589254358454629,0.1304429771375134,0.010691727117691969,0.09830567478037044,0.04480738360290383,0.02141417303679283,0.003970496276126481,12,88,0.06666317295530173,0.20849444870306694,False,False,True,7.115794313918003e-05,COMPLETE
233,0.40582398176193235,2025-04-15 13:33:31.642241,2025-04-15 13:33:44.180571,0 days 00:00:12.538330,0.8036914490426742,0.9062976011054199,2,0.024409289532027846,0.13238107510331035,0.010672597859816581,0.09593061685263016,0.04467138580808645,0.021577325466175194,0.004609527875651169,12,88,0.06272969115792436,0.20841456544671952,False,False,True,6.250550170285942e-05,COMPLETE
234,0.40898874998092655,2025-04-15 13:33:44.255204,2025-04-15 13:33:56.762751,0 days 00:00:12.507547,0.7829411821177903,0.9051478176070454,2,0.026664354105278985,0.12999169953799963,0.013313300332201494,0.09504844903688342,0.04363546627910291,0.02078061569770756,0.003923808857408615,12,87,0.06122704182237658,0.20975225420046062,False,False,True,7.030663575468131e-05,COMPLETE
235,0.40575170516967773,2025-04-15 13:33:56.839248,2025-04-15 13:34:09.325822,0 days 00:00:12.486574,0.7771639405024444,0.8891551569606626,2,0.03494989766968781,0.13896384383444,0.012567246554931792,0.0945332553212169,0.04255385471048143,0.019514798018803202,0.004312305871145526,12,85,0.06045730975183919,0.21725532048912138,False,False,True,7.195483323109688e-05,COMPLETE
236,0.39656054973602295,2025-04-15 13:34:09.404480,2025-04-15 13:34:22.474461,0 days 00:00:13.069981,0.7875337297300111,0.9145418894073389,2,0.025983478388543632,0.12791691542879757,0.011455673140131094,0.09790724529931567,0.04655515717843711,0.017487725064300314,6.628624721634628e-05,13,90,0.06894353219649502,0.20067337863980508,False,False,True,4.7071240010061735e-06,COMPLETE
237,0.2686840474605561,2025-04-15 13:34:22.550999,2025-04-15 13:34:35.133110,0 days 00:00:12.582111,0.7668850488161569,0.9476788909998479,2,0.11113238405747644,0.1476025321239927,0.01474570913767827,0.09627997285386404,0.03919985953514109,0.015267560489875081,0.003644191250146566,12,97,0.05725281591379524,0.2274392510826797,False,False,True,8.690955275066413e-05,COMPLETE
238,0.299084734916687,2025-04-15 13:34:35.208341,2025-04-15 13:34:48.292366,0 days 00:00:13.084025,0.7464778803104415,0.8567027800384592,2,0.01370088582353118,0.15663070203481458,0.0031638575819988744,0.09335585170802668,0.04699825491649762,0.01174582967285008,0.00011359558975921007,13,93,0.06691827124634324,0.19346726633973788,False,False,True,7.108310615101494e-05,COMPLETE
239,0.3993153929710388,2025-04-15 13:34:48.379131,2025-04-15 13:35:00.959917,0 days 00:00:12.580786,0.7963133026246569,0.8782999978361673,2,0.03716721172012588,0.13486077183172276,0.009732429871672405,0.0911165931053667,0.04332672058918534,0.007699177628194951,0.00382516302669161,12,88,0.06478583078544137,0.1804246020970912,False,False,True,4.257256974751319e-05,COMPLETE
240,0.3330781936645508,2025-04-15 13:35:01.035920,2025-04-15 13:35:14.095737,0 days 00:00:13.059817,0.7703188962036792,0.9207385016576891,2,0.018046822423758074,0.14489284554972506,0.005272946127598803,0.09729073825805386,0.05073062217572212,0.02110259014329862,0.005857652861978336,13,84,0.05929984451831058,0.20808071016704616,False,False,True,0.00014758232420538644,COMPLETE
241,0.4016064167022705,2025-04-15 13:35:14.172387,2025-04-15 13:35:26.617078,0 days 00:00:12.444691,0.816373667258971,0.9033819820649731,2,0.02552382424456527,0.13150061292709686,0.010828825527930734,0.09554581708081988,0.04373979463920463,0.021276388024519872,0.004735421618185744,12,88,0.062142514443683135,0.16930544982040538,False,False,True,5.2791876663439924e-05,COMPLETE
242,0.39734573364257814,2025-04-15 13:35:26.694420,2025-04-15 13:35:39.285510,0 days 00:00:12.591090,0.801773196953313,0.900751680515749,2,0.023738506231821214,0.13031712904450382,0.01311649095045715,0.09554048561381018,0.04483686360763258,0.0165171460535266,0.0038480808349702724,12,92,0.06265972887791671,0.2046274261862129,False,False,True,6.017634594704999e-05,COMPLETE
243,0.4069504618644715,2025-04-15 13:35:39.362305,2025-04-15 13:35:51.302763,0 days 00:00:11.940458,0.7871858879549052,0.8723156443453858,2,0.030278450650944214,0.1391670316182037,0.011155394340108295,0.09873775919199337,0.04565377139392158,0.019283260773041475,0.004660991826853176,11,87,0.0642590341287043,0.2187819276441107,False,False,True,3.195390884010906e-05,COMPLETE
244,0.40648689270019533,2025-04-15 13:35:51.380794,2025-04-15 13:36:03.347644,0 days 00:00:11.966850,0.7841383743546624,0.848622784683704,2,0.02975484935512015,0.13978172445012327,0.0010284903392448438,0.09817544977818658,0.048193194032954016,0.004398868470195881,0.006057240933952033,11,86,0.06528140936088428,0.2162100268513557,False,False,True,3.266320647271948e-05,COMPLETE
245,0.4010055422782898,2025-04-15 13:36:03.435264,2025-04-15 13:36:15.481618,0 days 00:00:12.046354,0.7858193979278505,0.8435538212524188,2,0.0318467249964479,0.13886332568872384,0.0011577620325710432,0.09843733811403083,0.053730370404076105,0.003619138082955446,0.007838637204520587,11,85,0.06766477535554787,0.21206519092204315,False,False,True,2.9596225601249788e-05,COMPLETE
246,0.4006972312927246,2025-04-15 13:36:15.559679,2025-04-15 13:36:27.529639,0 days 00:00:11.969960,0.8117242317479404,0.8478133682478928,2,0.03758246576213239,0.14259390880193956,0.002902961583216413,0.09976135378298188,0.04882028413598831,0.0010915470578622324,0.0036159017731240617,11,87,0.07027492710569538,0.223264648190437,False,False,True,2.0626455538218795e-05,COMPLETE
247,0.2614575743675232,2025-04-15 13:36:27.608010,2025-04-15 13:36:40.872080,0 days 00:00:13.264070,0.7811596167145783,0.8855634509153077,2,0.01864747166258706,0.12568269405150637,0.0035039294629179906,0.09815179467633471,0.04857953739156117,0.019066478064685824,0.0030452147076767896,11,81,0.06552220497011112,0.21148178604779416,False,False,False,9.257354560611183e-05,COMPLETE
248,0.36973717212677004,2025-04-15 13:36:40.950873,2025-04-15 13:36:53.378032,0 days 00:00:12.427159,0.7530051072586795,0.8652977550729806,2,0.03162701186132419,0.15018326183434852,0.0011137596815392076,0.09397538880111614,0.03960803944079426,0.005455753351530171,2.7578410733021812e-05,11,88,0.06476003982408375,0.21743964127348195,True,False,True,4.3280408798188327e-05,COMPLETE
249,0.38235586881637573,2025-04-15 13:36:53.456113,2025-04-15 13:37:06.187441,0 days 00:00:12.731328,0.8304367107004812,0.9344440268620832,2,0.04446376933388664,0.1362715948331515,0.014740302683681324,0.0876666511454046,0.050250454761529124,0.01856157465171867,0.004564853167816366,12,95,0.06625809091823423,0.19199212532245166,False,False,True,6.840359998490586e-05,COMPLETE
250,0.3115604639053345,2025-04-15 13:37:06.267527,2025-04-15 13:37:12.846259,0 days 00:00:06.578732,0.7964536414982362,0.9535902903791341,16,0.011875810758661516,0.14407732818600685,0.008077690348747696,0.09856572061732173,0.04152999126718019,0.022996198502703756,0.002485154180632144,12,84,0.06418313122537327,0.1479596560265521,False,False,True,1.5947198669502746e-05,COMPLETE
251,0.35050795078277586,2025-04-15 13:37:12.934793,2025-04-15 13:37:22.235034,0 days 00:00:09.300241,0.7419341398095675,0.854913557213897,2,0.0215407296842303,0.14011898945694196,0.003136350296021975,0.09269881389908026,0.046851951702003646,0.016421586833997106,0.0008792960925531495,6,90,0.06088095402003906,0.17678594031953587,False,False,True,8.440985977614257e-05,COMPLETE
252,0.38675459623336794,2025-04-15 13:37:22.315378,2025-04-15 13:37:34.248032,0 days 00:00:11.932654,0.7718969667938386,0.8885386438124433,2,0.03191661821184549,0.14947223399111206,0.009498738156654207,0.09479387849334231,0.05477906714688163,0.010544482519295451,0.006272478343535642,11,91,0.06807029942684227,0.19845410819896017,False,False,True,1.1210326381994803e-05,COMPLETE
253,0.39598759412765505,2025-04-15 13:37:34.329858,2025-04-15 13:37:45.806809,0 days 00:00:11.476951,0.8143957664792604,0.9176107086871078,2,0.0407437191938658,0.1292415590499586,0.004835723929997505,0.0961840310896082,0.05245861277919728,0.004805666428034633,0.005129828404259239,10,98,0.06668656944857523,0.23563192775011588,False,False,True,0.00012232807858175975,COMPLETE
254,0.400920033454895,2025-04-15 13:37:45.893341,2025-04-15 13:37:59.689010,0 days 00:00:13.795669,0.786804622071905,0.877340174753916,2,0.028676539159833217,0.1343454814030223,0.012299838495455948,0.09066536535359634,0.03491193603833277,0.019745954827139804,0.0031626559420395205,14,85,0.06375298581833236,0.22186661718922027,False,True,True,0.00016837552782154817,COMPLETE
255,0.3863501071929932,2025-04-15 13:37:59.769915,2025-04-15 13:38:12.260080,0 days 00:00:12.490165,0.8462929910733342,0.9791089256342598,2,0.017938875246791858,0.16438373564984415,0.007400301064960362,0.08540753192455236,0.04350704412722206,0.012902588396768241,0.0006102961030608698,12,94,0.0692885707348255,0.1834853721431697,False,False,True,2.7323568078351093e-05,COMPLETE
256,0.27098681926727297,2025-04-15 13:38:12.343436,2025-04-15 13:38:25.317233,0 days 00:00:12.973797,0.2248421492528147,0.8522194567795676,2,0.03544332307982185,0.1459328375285233,0.002929399573444006,0.09988661098936538,0.047667609150680405,0.02206433248138827,0.0011740077825206775,13,89,0.024496476685636613,0.15660651009828622,False,False,True,5.257647209569737e-05,COMPLETE
257,0.410987401008606,2025-04-15 13:38:25.408552,2025-04-15 13:38:37.882831,0 days 00:00:12.474279,0.7666774180175213,0.9021363959621223,2,0.022998340599393707,0.12402701260263793,0.0064326365463087554,0.09812503886411922,0.058364739344952864,0.017658645636285532,0.0019084497173070438,12,82,0.05967090252550292,0.1715774224654092,False,False,True,9.664980717956959e-05,COMPLETE
258,0.26972344517707825,2025-04-15 13:38:37.965172,2025-04-15 13:38:49.928893,0 days 00:00:11.963721,0.7545480743252211,0.9094848360289305,2,0.010428711511245373,0.1235962527827858,0.005995493320576764,0.09764554720490257,0.055479852136217894,0.016231390866773502,0.001960848829359611,11,79,0.05811514701904635,0.17460496249525329,False,False,True,0.0001309202299833033,COMPLETE
259,0.40799933671951294,2025-04-15 13:38:50.010534,2025-04-15 13:38:58.663542,0 days 00:00:08.653008,0.7671072723403107,0.9376689481504606,2,0.023410701736869377,0.12284905803232352,0.004694770572804161,0.09397730771025198,0.05889714797592797,0.017934031961226764,0.0016460459608456965,5,52,0.060959483209809553,0.1896573659626601,False,False,True,0.0001828536182056325,COMPLETE
260,0.40628142356872565,2025-04-15 13:38:58.745587,2025-04-15 13:39:08.594501,0 days 00:00:09.848914,0.7386833334453355,0.9415466472987333,2,0.024943213326329372,0.11436100507184571,0.0011319106952306656,0.0937386734140172,0.05857704433987086,0.01731799072474212,0.0017308458786902082,7,82,0.060350773603128675,0.19050015956761435,False,False,True,0.00018205004776812334,COMPLETE
261,0.3098684906959534,2025-04-15 13:39:08.676651,2025-04-15 13:39:20.052605,0 days 00:00:11.375954,0.762037228454203,0.9624757354700857,2,0.014762096756971623,0.1190122783335992,0.010481703977560767,0.08883701681348295,0.05755515418062794,0.01878183552328544,0.0022803077143094784,10,76,0.05616965411496272,0.1822181883285341,False,False,True,0.00025321735933225235,COMPLETE
262,0.396764075756073,2025-04-15 13:39:20.135646,2025-04-15 13:39:28.874915,0 days 00:00:08.739269,0.7343611769055844,0.9365544423067326,2,0.027852723785808997,0.12419315290371298,0.006096941407374122,0.09219801392234442,0.05583401519004072,0.017666833549335445,0.0016964888325250377,5,86,0.05910567936583899,0.20360699392689516,False,False,True,0.00019430506914492476,COMPLETE
263,0.1775173306465149,2025-04-15 13:39:28.968409,2025-04-15 13:39:40.814046,0 days 00:00:11.845637,0.768675163742982,0.9120007470518083,2,0.2848770631412935,0.1290969928312758,0.002796516782178,0.09506909894539914,0.052439859155879426,0.007491533674587103,0.00048164312189193494,11,55,0.06086557360684537,0.1944702131611914,False,False,True,0.00014211915578687324,COMPLETE
264,0.34719420671463014,2025-04-15 13:39:40.898069,2025-04-15 13:39:50.053643,0 days 00:00:09.155574,0.7757690134908416,0.8973197524560914,2,0.01764536620690276,0.11898196419360026,0.05410923380066649,0.0983744338899917,0.05838567128988274,0.024447180238120394,0.002727530933816541,6,48,0.06186489696477655,0.20961242458441892,False,False,True,0.00010324236301571732,COMPLETE
265,0.29314368963241577,2025-04-15 13:39:50.138142,2025-04-15 13:40:01.581765,0 days 00:00:11.443623,0.7595292449590384,0.9278783481911835,2,0.023897964250906522,0.12589773039942162,0.004268694405855925,0.09994061791693729,0.05417344212768767,0.015407910902176202,0.0013035219832332253,8,82,0.05883724625785318,0.1833176470603406,False,False,False,0.0002070307522140332,COMPLETE
266,0.3111879825592041,2025-04-15 13:40:01.666844,2025-04-15 13:40:14.015321,0 days 00:00:12.348477,0.822164289598082,0.9549600864429009,2,0.007526171520977124,0.13443021296167473,0.007881026375908854,0.09601447008920647,0.05983642883151463,0.02033477296545113,0.00399944495175649,12,60,0.06358312159167012,0.17246744475108064,False,False,True,0.00011036715726540803,COMPLETE
267,0.40068295001983645,2025-04-15 13:40:14.100422,2025-04-15 13:40:22.893620,0 days 00:00:08.793198,0.7959942473114949,0.9901287539907832,2,0.028577822878585336,0.1376503176892929,0.015682671477957717,0.09282793463711837,0.05096310070867923,0.02170120202855651,0.0023074005995253515,5,95,0.061655721103198176,0.11360674432193416,False,False,True,0.00014332381181910385,COMPLETE
268,0.41069138050079346,2025-04-15 13:40:22.989221,2025-04-15 13:40:35.510783,0 days 00:00:12.521562,0.7453809519322276,0.8890930568179628,2,0.03857935209639021,0.1306167553060822,0.006000684818948853,0.09005966720505651,0.0560710095121957,0.018033176596422694,0.0015939418862529467,12,98,0.06394616571000566,0.18708695695799085,False,False,True,3.464099837223297e-05,COMPLETE
269,0.36048598289489747,2025-04-15 13:40:35.596237,2025-04-15 13:40:48.017921,0 days 00:00:12.421684,0.7358264015933709,0.9210485010612349,2,0.04125371675186503,0.12917925299009797,0.0011710520539403052,0.08904853297449947,0.055982245291108464,0.0191594662524751,0.001688578740498979,11,98,0.06406431394620087,0.19502903747748523,True,False,True,3.4037835111911826e-05,COMPLETE
270,0.3790708422660828,2025-04-15 13:40:48.104380,2025-04-15 13:41:00.564132,0 days 00:00:12.459752,0.7544108176318812,0.8940609559093642,2,0.0521885816844497,0.13251145239085926,0.010157775809056779,0.0905946076972165,0.05966757528771621,0.023459888683526373,0.0012664056888620446,12,98,0.06444482092661671,0.18632916935036647,False,False,True,2.1935975977936044e-05,COMPLETE
271,0.40910224914550786,2025-04-15 13:41:00.652297,2025-04-15 13:41:07.121646,0 days 00:00:06.469349,0.7307790069219344,0.9371781407383196,16,0.03625341878635369,0.27997324109385924,0.004403128574945419,0.09159980428941636,0.05720697864841814,0.018640886990147546,0.002007694796755768,12,31,0.0571399909168924,0.21605499007093323,False,False,True,3.630342045735024e-05,COMPLETE
272,0.39925099611282355,2025-04-15 13:41:07.207512,2025-04-15 13:41:13.604855,0 days 00:00:06.397343,0.5585601658663475,0.9428571934998377,16,0.04865572496013113,0.27777880178056613,0.013343658461578475,0.08707486792530844,0.056605882552044184,0.017505838959010932,0.001973275607087213,11,28,0.0596955615862952,0.2175963420562904,False,True,True,3.330109237675105e-05,COMPLETE
273,0.40367690324783323,2025-04-15 13:41:13.700497,2025-04-15 13:41:20.059666,0 days 00:00:06.359169,0.7268636717778366,0.9614108678423902,16,0.037130051886321125,0.2937289666519213,0.005340846972623209,0.09039345531403478,0.05405293060704993,0.014558983046028935,0.0015522201392903635,10,80,0.06313022123994659,0.20527655564632435,False,False,True,4.92342476937196e-05,COMPLETE
274,0.3881828188896179,2025-04-15 13:41:20.148161,2025-04-15 13:41:26.674551,0 days 00:00:06.526390,0.733226654937143,0.930069544762322,16,0.041499361926784675,0.11729288808453385,0.007784033991988494,0.09283130158130432,0.040774547411516246,0.019810917869205923,0.008883365928853712,12,37,0.05720739204147509,0.2142524489199485,False,False,True,2.5097433577213626e-05,COMPLETE
275,0.4072911381721497,2025-04-15 13:41:26.761126,2025-04-15 13:41:33.387843,0 days 00:00:06.626717,0.7457243454197038,0.9087688902310741,16,0.03487786656621458,0.1242452754668119,0.011880225751204608,0.0916391850102042,0.05662958038908493,0.01812716895600647,0.001931033705672379,12,85,0.0651783885777818,0.22367280012099017,False,False,True,4.076414474797658e-05,COMPLETE
276,0.391469144821167,2025-04-15 13:41:33.474726,2025-04-15 13:41:40.009861,0 days 00:00:06.535135,0.7511957579462368,0.9705576093145489,16,0.043749012378355906,0.24862524295155314,0.011646241542745558,0.08832946279503269,0.03173754915804185,0.018401067140793134,0.0023008938023847776,12,72,0.06597269124150598,0.2334260054051978,False,False,True,3.949141750323057e-05,COMPLETE
277,0.39193551540374755,2025-04-15 13:41:40.098391,2025-04-15 13:41:46.496831,0 days 00:00:06.398440,0.7226286529410122,0.9139723303163904,16,0.03553815664392716,0.12184187227660785,0.09453551700381091,0.09149052897336472,0.05714128580056367,0.020565108255971708,0.001946418324789658,11,16,0.06797349445028192,0.22032033910056817,False,False,True,3.874173976917636e-05,COMPLETE
278,0.39623337984085083,2025-04-15 13:41:46.594915,2025-04-15 13:41:52.909614,0 days 00:00:06.314699,0.7723353746201586,0.9377574361641318,16,0.033430879871243546,0.11308731426766978,0.012396218614653001,0.08931155168192037,0.054598690614675725,0.017128812571855157,0.002704125214137762,9,83,0.07108287118038306,0.22837727013458464,False,False,True,4.805395881086506e-05,COMPLETE
279,0.22186808586120607,2025-04-15 13:41:53.004791,2025-04-15 13:41:59.537849,0 days 00:00:06.533058,0.7496934620098832,0.9074805486575714,16,0.1372406154705613,0.25728824040407505,0.01001448839836004,0.09381441662937114,0.044747479856462914,0.02215942007388731,0.00040088286665852546,12,77,0.06545901312589912,0.22957174378555492,False,False,True,5.637515406074951e-05,COMPLETE
280,0.27753103971481324,2025-04-15 13:41:59.629151,2025-04-15 13:42:06.017806,0 days 00:00:06.388655,0.7753369887023449,0.9495270247103651,16,0.09302358914334787,0.12354725725610091,0.01566389209723632,0.09143916945116275,0.05561289851781746,0.019038153459425354,0.002028284404530325,11,42,0.06409366445866635,0.21794818382944287,False,False,True,3.12012556491468e-05,COMPLETE
281,0.4008061170578003,2025-04-15 13:42:06.108114,2025-04-15 13:42:18.645493,0 days 00:00:12.537379,0.812534060582208,0.33589392276693847,2,0.03656329192714566,0.23719030631364008,0.009409918698969502,0.0868116794629166,0.05267878396260987,0.015377807552279806,0.0017023378278379802,12,86,0.06145177696028867,0.22359845642442455,False,False,True,7.246774107751745e-05,COMPLETE
282,0.2925981163978577,2025-04-15 13:42:18.735229,2025-04-15 13:42:25.238983,0 days 00:00:06.503754,0.7070781500710189,0.9203010283009648,16,0.018592319485347092,0.12871800091824073,0.042638500355682715,0.09404543490140667,0.042408387069224854,0.021190440820680254,0.0030505251142781417,11,85,0.06769312642515876,0.21100622132941832,False,False,True,4.206784926826487e-05,COMPLETE
283,0.4085711479187012,2025-04-15 13:42:25.329893,2025-04-15 13:42:31.773421,0 days 00:00:06.443528,0.7631417524229863,0.9024365092579678,16,0.030559974329313296,0.11681698609780972,0.013782863300519834,0.09196859493229556,0.05646712720871932,0.011098401508345842,0.006732789367163882,12,33,0.05993332623627875,0.1991809567056991,False,False,True,6.365148088172205e-05,COMPLETE
