number,value,datetime_start,datetime_complete,duration,params_alpha-eval,params_alpha-train,params_batch-size,params_eps-eval,params_eps-train,params_lambda-actions-eval,params_lambda-actions-train,params_lambda-frames-eval,params_lambda-frames-train,params_learning-rate,params_n-epochs,params_n-frames,params_radius-gw,params_rho,params_std-feats,params_ub-actions,params_ub-frames,params_weight-decay,state
1937,0.2677029073238373,2025-04-13 18:21:31.556945,2025-04-13 18:21:38.238725,0 days 00:00:06.681780,0.4236679861113554,0.618662478976564,8,0.08220508973302808,0.13103236823994627,0.06292657539856628,0.02924541144467038,0.054359426434587035,0.02189064775318599,0.0014267909527830194,8,37,0.05198587184853218,0.19179703942410312,True,False,True,2.1026877263547155e-07,COMPLETE
1938,0.37383987903594973,2025-04-13 18:21:38.883484,2025-04-13 18:21:45.439276,0 days 00:00:06.555792,0.4504916662125931,0.5741663954258645,8,0.061477282717089375,0.13132249868719983,0.06503953138689904,0.02035253087489873,0.06153246231687694,0.025731625014013916,0.0008839786627809933,7,34,0.04894290632925717,0.2065659947014902,True,True,True,1.5963229903360202e-07,COMPLETE
1939,0.3872404932975769,2025-04-13 18:21:46.056625,2025-04-13 18:21:53.064417,0 days 00:00:07.007792,0.45619256170697015,0.48729775038845796,8,0.0674380489916171,0.12623226999711556,0.06678096323656992,0.02780866613488568,0.05922511306124759,0.018294900677940228,0.0010559736467806043,10,40,0.053442229080797175,0.18217912670998945,True,False,True,9.054136919370516e-07,COMPLETE
1940,0.40594424009323127,2025-04-13 18:21:53.707999,2025-04-13 18:22:00.415877,0 days 00:00:06.707878,0.4174125476837046,0.6144309820021246,8,0.05816472601451016,0.07860282531547773,0.06276930683618559,0.026174237200287595,0.056344578191318315,0.020479303316154957,0.0008213455505056781,8,30,0.051237159153849327,0.19743309967022218,True,False,True,2.02794400247403e-07,COMPLETE
1941,0.3038854837417603,2025-04-13 18:22:01.032197,2025-04-13 18:22:07.861997,0 days 00:00:06.829800,0.3870942560813042,0.6072159945916096,8,0.07773592142437345,0.1395071918862238,0.06905257843903687,0.020957038980217245,0.05503444115800037,0.02344347177744885,0.0012790433350757036,9,36,0.04419144729859424,0.2060004375328286,True,False,True,2.384706091025421e-07,COMPLETE
1942,0.32768256664276124,2025-04-13 18:22:08.501217,2025-04-13 18:22:15.226501,0 days 00:00:06.725284,0.43387810464120413,0.6163294251731444,8,0.0718412461785117,0.14259790527302402,0.05396242714695056,0.02991420709989228,0.0590691262543637,0.026985015888383042,0.0010272144962729553,8,40,0.04765206324087517,0.2097864325073111,True,False,True,1.1872134120094058e-07,COMPLETE
1943,0.20178741216659546,2025-04-13 18:22:15.873178,2025-04-13 18:22:22.656487,0 days 00:00:06.783309,0.4598716581642976,0.6297276409556722,8,0.16370725691250965,0.07118847476137151,0.0651005624167864,0.02623833509084662,0.05718603662609634,0.01827416532817855,0.000802922252677221,9,32,0.05310715426208101,0.20102873245624509,True,False,True,1.6607421274216197e-07,COMPLETE
1944,0.38241006135940553,2025-04-13 18:22:23.276512,2025-04-13 18:22:29.973468,0 days 00:00:06.696956,0.4127615908659509,0.6219138001724692,8,0.058072118506832346,0.14240056603670154,0.061818107956613126,0.02959362448467495,0.05444098989387923,0.020529400682395678,0.0011854683530139899,8,37,0.049572259745736,0.1915439839691579,True,False,True,2.350102552922077e-07,COMPLETE
1945,0.34613217115402223,2025-04-13 18:22:30.613299,2025-04-13 18:22:37.446954,0 days 00:00:06.833655,0.44364621542658345,0.5819934501258743,8,0.06289625174881558,0.08430399520229664,0.06701787234738556,0.028363342374881084,0.013557405706726436,0.0234218505766976,0.001593851203976997,9,33,0.05145606636298391,0.19670787632186626,True,False,True,1.348032584850984e-07,COMPLETE
1946,0.41219530105590824,2025-04-13 18:22:38.100974,2025-04-13 18:22:44.976224,0 days 00:00:06.875250,0.4650878399774649,0.6038101388037147,8,0.06859531116232975,0.12670079744725984,0.06020134736228695,0.021233681573084726,0.062447133557998274,0.025448344346054128,0.000909937272212174,9,40,0.05337579164259656,0.21005562341863834,True,False,True,1.8995978573965728e-07,COMPLETE
1947,0.2178847372531891,2025-04-13 18:22:45.596937,2025-04-13 18:22:53.280711,0 days 00:00:07.683774,0.4296512460946388,0.6335991906280304,8,0.05790498712071582,0.13874633598023053,0.06419936564941756,0.0176712464182422,0.05965507081397328,0.018071888038233522,0.0007584162019987413,8,128,0.0484821433159854,0.20361063474002727,True,False,False,2.5264222351160846e-07,COMPLETE
1948,0.365031373500824,2025-04-13 18:22:53.928233,2025-04-13 18:23:00.906875,0 days 00:00:06.978642,0.4733559560693572,0.6204858989167359,8,0.06426705297039077,0.07622203169581927,0.06879054600978471,0.025212698433153435,0.05710287804189748,0.02812633280146582,0.0010720495233284453,10,36,0.05058116707141607,0.18948930147861556,True,False,True,0.00031749140792400776,COMPLETE
1949,0.3631388068199158,2025-04-13 18:23:01.529159,2025-04-13 18:23:08.094486,0 days 00:00:06.565327,0.3949058293582861,0.6274360030531668,8,0.0753665247667547,0.06374280407888361,0.058352228606096686,0.03076531898142454,0.054340044522917824,0.022631865541618935,0.001312068911748227,7,30,0.04554796488501988,0.19945739710624621,True,False,True,2.632896514677895e-07,COMPLETE
1950,0.3698166847229004,2025-04-13 18:23:08.738066,2025-04-13 18:23:15.577593,0 days 00:00:06.839527,0.44311309851212805,0.5884108186569569,8,0.05739894501210871,0.08629771147238852,0.06285436519751926,0.027286054668363948,0.06045718476607176,0.020413610190166843,0.0009652138876691111,9,38,0.05338104524418637,0.20996126454318315,True,False,True,8.076509621248053e-08,COMPLETE
1951,0.3612599849700928,2025-04-13 18:23:16.228145,2025-04-13 18:23:23.272821,0 days 00:00:07.044676,0.4042073391193581,0.6304542877707777,8,0.06731214595903091,0.0811800848036658,0.0663657614083857,0.03144690772067976,0.05713418090846568,0.02424266787397659,0.000730563140865646,10,34,0.05177748278082382,0.09571161896105732,True,False,True,1.7436720010239736e-07,COMPLETE
1952,0.37722257375717166,2025-04-13 18:23:23.897868,2025-04-13 18:23:35.141976,0 days 00:00:11.244108,0.4702492108787655,0.5629266070729466,2,0.06134749088815329,0.07040614528977923,0.06478055582797673,0.03073323299218165,0.06213405867384386,0.03076076280444279,0.0008307140206424686,10,28,0.04798283852728144,0.20365905546035565,True,False,True,2.2587819248515354e-07,COMPLETE
1953,0.423512351512909,2025-04-13 18:23:35.789562,2025-04-13 18:23:42.659147,0 days 00:00:06.869585,0.42715634962679055,0.6339182522314497,8,0.05591739717614701,0.07784302987355425,0.06137464027501025,0.014370006802487012,0.05333637245919615,0.01692953923110922,0.0015042058689275191,9,40,0.05413626668465289,0.19476261842180642,True,False,True,1.5482799623762858e-07,COMPLETE
1954,0.24110319018363954,2025-04-13 18:23:43.315603,2025-04-13 18:23:50.011237,0 days 00:00:06.695634,0.4527892563525568,0.6393555006049197,8,0.0866959397491647,0.08906462242743643,0.05670290369793305,0.028767323281937106,0.05629715344923407,0.019759025294895045,1.3244843744822459e-05,8,37,0.05012576527991573,0.18391787609177768,True,False,True,2.80616058679403e-07,COMPLETE
1955,0.17958801984786987,2025-04-13 18:23:50.640706,2025-04-13 18:23:57.605897,0 days 00:00:06.965191,0.4795664978129997,0.6031930424235389,8,0.17896118582933151,0.09478949017776149,0.0666965241889768,0.022709598531900174,0.05858246858487613,0.0214302845613778,0.0010239521763080667,10,34,0.051899644432652284,0.20947866610535884,True,False,True,1.2262229854928408e-07,COMPLETE
1956,0.2776340484619141,2025-04-13 18:23:58.255744,2025-04-13 18:24:05.269315,0 days 00:00:07.013571,0.41281241189400036,0.6047206301312338,8,0.12212420177591574,0.06693233865262217,0.06373292229809428,0.02693341369643896,0.05221300176095534,0.017773223744055183,0.0007412719168567415,10,41,0.049527733170259235,0.20016176727537774,True,False,True,2.084576173594812e-07,COMPLETE
1957,0.275619524717331,2025-04-13 18:24:05.928391,2025-04-13 18:24:12.838046,0 days 00:00:06.909655,0.45413731868307095,0.6245053319282046,8,0.07084289028316232,0.0765125238427761,0.059550451264687124,0.022377106698942148,0.05446433577456052,0.07704201013994118,0.0011620784397722305,9,32,0.05390088037612113,0.19352347652197316,True,True,True,2.668165390900826e-07,COMPLETE
1958,0.41416034698486326,2025-04-13 18:24:13.467097,2025-04-13 18:24:20.517991,0 days 00:00:07.050894,0.3868949116338493,0.6401379843473021,8,0.062409219421329196,0.08350993454915788,0.06905988756564593,0.030178128468533766,0.057700160554466404,0.025099483728178218,0.0009371714406327752,10,37,0.046285068979466666,0.20451867759954065,True,True,True,8.676194995789244e-07,COMPLETE
1959,0.4360463619232178,2025-04-13 18:24:21.173383,2025-04-13 18:24:28.001441,0 days 00:00:06.828058,0.488312942676102,0.6371652730630118,8,0.057917413098910575,0.1279126765376748,0.06237022582348388,0.03272359250807272,0.06059594726049376,0.01907423488586921,0.001204370586542288,8,41,0.05178408055181388,0.21233717085214865,True,True,True,1.9865111308859656e-07,COMPLETE
1960,0.21603281497955323,2025-04-13 18:24:28.631455,2025-04-13 18:24:35.236920,0 days 00:00:06.605465,0.48832015477555496,0.602413874035627,8,0.14151248080381784,0.13643724327190557,0.059190324346666726,0.03234401588857945,0.06157896598335238,0.01969394600537537,0.0014795865047228223,7,30,0.05129478145967453,0.2160797483193406,True,True,True,1.4275062357201754e-07,COMPLETE
1961,0.42048790454864504,2025-04-13 18:24:35.893821,2025-04-13 18:24:42.524138,0 days 00:00:06.630317,0.4873281680268117,0.5877939544272334,8,0.05501203123266583,0.12785905519028928,0.05675339604172983,0.03141488205305197,0.06222922267380397,0.021498585397415858,0.001690870669313977,7,40,0.04885490196508075,0.21322869433985292,True,True,True,1.9060589335926364e-07,COMPLETE
1962,0.42281041145324705,2025-04-13 18:24:43.152384,2025-04-13 18:24:50.088462,0 days 00:00:06.936078,0.46972479265043454,0.6128351592928858,8,0.056367206696776,0.14471741312219827,0.060146310862314215,0.033853087014016785,0.06276409742282388,0.02192672705714533,0.001278170034088471,9,41,0.0523011520478805,0.21180911509613373,True,True,True,1.6601613285896155e-07,COMPLETE
1963,0.4176679849624634,2025-04-13 18:24:50.734381,2025-04-13 18:24:57.334507,0 days 00:00:06.600126,0.5016435073950086,0.625761526247462,8,0.06662906607060026,0.1357968911341606,0.061071339656320826,0.032776753580923135,0.05819584913145851,0.01936620410850557,0.0014053720793043179,7,35,0.05065479265366661,0.2144993054602693,True,True,True,1.2265818564065074e-07,COMPLETE
1964,0.20670528411865235,2025-04-13 18:24:57.986454,2025-04-13 18:25:08.110291,0 days 00:00:10.123837,0.47858332784146485,0.6173682846154341,2,0.05537069259671347,0.1281049076571679,0.05816887403479451,0.0308204808761835,0.06033110681071076,0.019762309977094283,0.001909090823623813,7,100,0.05346455539457053,0.21940682086830315,True,True,True,2.0960286927815625e-07,COMPLETE
1965,0.36604416370391846,2025-04-13 18:25:08.743000,2025-04-13 18:25:15.228643,0 days 00:00:06.485643,0.49427809138808476,0.638081206495121,8,0.07877920869350566,0.1473099244590957,0.0614830476240242,0.033008111080043506,0.059620628032009154,0.02265872671671076,0.0017610556556600962,6,38,0.04821585435499204,0.20911750824495964,True,True,True,1.0355581282594229e-07,COMPLETE
1966,0.37381455898284915,2025-04-13 18:25:15.891574,2025-04-13 18:25:22.576828,0 days 00:00:06.685254,0.4658493236774157,0.6376645676048859,8,0.062771079415444,0.13973486340481767,0.0598887098036384,0.029000355003788468,0.06049998361911816,0.018966008264654475,0.001219195478556213,8,33,0.05203796723963405,0.20640757663178505,True,False,True,1.7462389251857726e-07,COMPLETE
1967,0.3125638484954834,2025-04-13 18:25:23.233735,2025-04-13 18:25:30.047192,0 days 00:00:06.813457,0.4512112562235799,0.602259490354948,8,0.05709467357960575,0.13003997081876767,0.06217234288620639,0.032017672853327385,0.061885838556807495,0.020822134764206118,0.0015031814524213768,9,27,0.04964280276777689,0.21265848814300722,True,True,False,2.1322019309773718e-07,COMPLETE
1968,0.3883366465568543,2025-04-13 18:25:30.677490,2025-04-13 18:25:37.449520,0 days 00:00:06.772030,0.48717663135454314,0.5858759067993621,8,0.07016920237925589,0.1317543609714945,0.06236731597485714,0.03405445569226723,0.05995392221375366,0.06680606007061052,0.0011962963295082173,8,37,0.046790436358105716,0.22006512514763857,True,True,True,1.42333697951261e-07,COMPLETE
1969,0.34603735208511355,2025-04-13 18:25:38.107432,2025-04-13 18:25:44.829272,0 days 00:00:06.721840,0.4677137493609189,0.5508961124518471,8,0.0522455404495348,0.1313259680453858,0.06009924397105101,0.029135502129018755,0.06285850474827298,0.0178956938641905,0.0011020378537922105,8,31,0.053951480543576465,0.20381863163147035,True,True,True,2.6714533077238405e-07,COMPLETE
1970,0.31901729106903076,2025-04-13 18:25:45.471496,2025-04-13 18:25:52.214483,0 days 00:00:06.742987,0.4417793202848867,0.6402725569531624,8,0.09428627152475383,0.1402379504506086,0.06280849696546313,0.03044234740179904,0.059178990118482856,0.02334167727817957,0.001037476614147005,7,81,0.05049164627720886,0.20827727476300448,True,True,True,2.3025524530754285e-07,COMPLETE
1971,0.4294827222824097,2025-04-13 18:25:52.864678,2025-04-13 18:25:59.664519,0 days 00:00:06.799841,0.49704443463634707,0.6460787154122913,8,0.06281978895898115,0.12621931803137545,0.05755630963774981,0.02463815281932204,0.05593472783531311,0.02154517422638573,0.0013851598377350616,8,40,0.05250802790988301,0.20283659062430962,True,True,True,1.8315436121394923e-07,COMPLETE
1972,0.37589113712310795,2025-04-13 18:26:00.323486,2025-04-13 18:26:07.082032,0 days 00:00:06.758546,0.47044251005706506,0.6288267733653585,8,0.07380988288846814,0.12758802301137034,0.003219639626369966,0.035030906590847476,0.057273391834144705,0.01872069552263938,0.0009178029196444765,8,35,0.0479077720745741,0.19715140958947186,True,True,True,2.92582180803763e-07,COMPLETE
1973,0.43229978084564213,2025-04-13 18:26:07.716640,2025-04-13 18:26:14.481533,0 days 00:00:06.764893,0.42413889411364847,0.6212369410758968,8,0.05151162589621832,0.12354482966383146,0.054846633874468836,0.03291558695822946,0.06006534931647188,0.0237793017690286,0.0017048959400741684,8,41,0.05055372853863548,0.21017665677453545,True,True,True,2.503863239460405e-07,COMPLETE
1974,0.2048193633556366,2025-04-13 18:26:15.134673,2025-04-13 18:26:21.896885,0 days 00:00:06.762212,0.4828217899595535,0.6457206798065813,8,0.20806890993582475,0.1339206820504094,0.05921683045988554,0.028274751590101146,0.05858126469373058,0.017722074290293575,0.0011742389296174598,8,35,0.05445841040306228,0.2176931089488427,True,True,True,1.5542694409480664e-07,COMPLETE
1975,0.2048193633556366,2025-04-13 18:26:22.529561,2025-04-13 18:26:32.907653,0 days 00:00:10.378092,0.4523052816271959,0.5745302608582621,2,0.05814732059103486,0.13930874250246786,0.06177874915309,0.031385166158207654,0.06129752359691798,0.02047162660431509,0.0010226339834178662,8,38,0.05185612880454846,0.20038349929123414,True,True,True,3.587866948519249e-07,COMPLETE
1976,0.41930642127990725,2025-04-13 18:26:33.566136,2025-04-13 18:26:40.455434,0 days 00:00:06.889298,0.49967108017565093,0.6120045582037716,8,0.06643446824592816,0.12539930427407384,0.06438878039894663,0.02687163887003615,0.06303389639383492,0.02686566529995436,0.001296903640602283,9,31,0.05387530067591714,0.21371875390472672,True,True,True,9.084646147908784e-08,COMPLETE
1977,0.40497343540191655,2025-04-13 18:26:41.115863,2025-04-13 18:26:48.013141,0 days 00:00:06.897278,0.4297565753751511,0.6490036079100152,8,0.05276692922403543,0.13432740177888505,0.06301681726633676,0.03462608511125389,0.055450589361751415,0.025299020119900834,0.000873889116628101,9,34,0.04393783400693018,0.19014894121965478,True,True,True,1.9861974987388239e-07,COMPLETE
1978,0.3650415658950806,2025-04-13 18:26:48.646723,2025-04-13 18:26:55.027789,0 days 00:00:06.381066,0.45799988835559763,0.6258436293384623,8,0.06263189775778162,0.1270567835149403,0.06102032882001655,0.030260028829492306,0.05634316805912764,0.022971080458586545,0.0009803651069837927,6,23,0.04927513251229563,0.20744681492502992,True,False,True,2.9946052066204205e-07,COMPLETE
1979,0.23621456027030946,2025-04-13 18:26:55.682170,2025-04-13 18:27:02.516277,0 days 00:00:06.834107,0.07854436275441767,0.5932568957419594,8,0.059680041817407666,0.13873678577382476,0.05862656117985514,0.03359844953808936,0.05897064328399536,0.01729070221246269,0.001376095596324186,7,87,0.04615835299797088,0.1775654527288494,True,True,True,1.1232946277601935e-07,COMPLETE
1980,0.40326040983200073,2025-04-13 18:27:03.150341,2025-04-13 18:27:09.998021,0 days 00:00:06.847680,0.43869866653583545,0.6510900391634421,8,0.07312578454482022,0.13044231715711618,0.06395354472938897,0.032342437452450565,0.05797634928970535,0.02009453774337612,0.0010809354826903574,8,41,0.052020679389757754,0.19858065324043833,True,True,True,2.494604582862223e-07,COMPLETE
1981,0.41122046709060667,2025-04-13 18:27:10.658019,2025-04-13 18:27:17.518989,0 days 00:00:06.860970,0.4720975237742049,0.6181489229254834,8,0.08234608594854113,0.13426128750509947,0.056243760666962885,0.03629514560326717,0.05452298136482481,0.021747921912846403,0.0008194373229411062,9,28,0.05433074568678449,0.20386294569213678,True,True,True,1.5181981056636923e-07,COMPLETE
1982,0.39978963136672974,2025-04-13 18:27:18.173968,2025-04-13 18:27:25.444976,0 days 00:00:07.271008,0.4075478813946476,0.6510510030766695,8,0.0543971413023574,0.12860194871835157,0.06197331597266862,0.024559025243002037,0.06080789062388856,0.027624958615629077,0.0008295430899096643,8,139,0.04967976548605122,0.19465654065789229,True,True,True,4.422500231590235e-07,COMPLETE
1983,0.2911970794200897,2025-04-13 18:27:26.075488,2025-04-13 18:27:33.190956,0 days 00:00:07.115468,0.5018628983893418,0.507136355370852,8,0.06739882189778139,0.058402076503174846,0.06360470683039417,0.028049502614848676,0.05314506572976972,0.017600377550114458,0.0012079414174601783,10,38,0.05243370529124208,0.21333589941084755,True,True,True,3.392022159941224e-07,COMPLETE
1984,0.3286083102226257,2025-04-13 18:27:33.844400,2025-04-13 18:27:40.911742,0 days 00:00:07.067342,0.4531732725035093,0.6334784441240207,8,0.05097404832256762,0.07134597569044822,0.0606881834879039,0.03718049738298523,0.062932043725903,0.023891262649416472,0.001628447019266078,10,41,0.054676827621845746,0.1876487075365047,True,True,True,2.1532614922780333e-07,COMPLETE
1985,0.4137376546859741,2025-04-13 18:27:41.570861,2025-04-13 18:27:48.323913,0 days 00:00:06.753052,0.3819229996783199,0.6512000796275519,8,0.05864596609716609,0.12476885602609263,0.06421618651516398,0.029611315529474002,0.056550293985248336,0.01924544317877573,0.0010069274586503169,8,32,0.050216676697275996,0.20743053203593345,True,True,True,1.8031662996791613e-07,COMPLETE
1986,0.2943096041679383,2025-04-13 18:27:48.960785,2025-04-13 18:27:55.837523,0 days 00:00:06.876738,0.4813533327385419,0.6036837604143932,8,0.06511868979557586,0.07841701785801572,0.06512546437042063,0.032518069744630035,0.04952479885536797,0.02114316978792665,0.0008666978494527706,9,37,0.047874950646933215,0.2005316804733416,True,True,False,3.004983473767569e-07,COMPLETE
1987,0.2048193633556366,2025-04-13 18:27:56.492541,2025-04-13 18:28:08.078699,0 days 00:00:11.586158,0.4284282728745532,0.6539966215167913,2,0.076689895606519,0.12342886199495717,0.059022889636923065,0.03411647614949137,0.0583045181424816,0.02548201144793484,0.0012813261207953958,10,35,0.0515714025067383,0.21709735254116477,True,True,True,6.313654805696867e-07,COMPLETE
1988,0.28994275331497193,2025-04-13 18:28:08.734715,2025-04-13 18:28:15.333940,0 days 00:00:06.599225,0.4482304333815303,0.6318532158002198,8,0.0502229688397491,0.0650497042826978,0.06214092052764572,0.02649355469558478,0.05541964026302351,0.022599017330871277,0.0007333392776283346,7,38,0.05330079454786868,0.2207475840337767,True,True,True,2.3206757690690521e-07,COMPLETE
1989,0.3997375726699829,2025-04-13 18:28:15.969558,2025-04-13 18:28:22.855805,0 days 00:00:06.886247,0.5010612561437855,0.6609634088755485,8,0.05752537941043205,0.07354677155693098,0.06306708201230714,0.03526850982948171,0.051998427217919994,0.016708322678808032,0.0010249246402127747,9,32,0.048747003942231935,0.16552875930517325,True,True,True,3.61522274733662e-07,COMPLETE
1990,0.3514674186706543,2025-04-13 18:28:23.513193,2025-04-13 18:28:30.533392,0 days 00:00:07.020199,0.4772388333233429,0.5684599257341236,8,0.07045167479998526,0.08216097686989805,0.06515428553827352,0.031103789035081413,0.05919306479811754,0.01917963732479229,0.001425536566720389,10,35,0.05092626056598803,0.19406418829902408,True,False,True,2.78345239830704e-07,COMPLETE
1991,0.42411605119705204,2025-04-13 18:28:31.192077,2025-04-13 18:28:38.132934,0 days 00:00:06.940857,0.41891866078945866,0.6104477959283672,8,0.06277647978576997,0.1388378651778406,0.03734325342400728,0.03719535423294289,0.06061977051638959,0.021380653612918032,0.0007705217875619143,9,41,0.05291084567131722,0.15150597058323192,True,True,True,1.280918377032731e-07,COMPLETE
1992,0.2695879817008972,2025-04-13 18:28:38.770129,2025-04-13 18:28:45.835287,0 days 00:00:07.065158,0.40542559299455555,0.26975915594283484,8,0.053374277483134655,0.07499537169084901,0.06026153373953117,0.029700833911130944,0.05739708810431371,0.017906164543714267,0.0011326164873770152,10,29,0.05452998856957554,0.20555594197486093,True,True,True,5.026666762127473e-07,COMPLETE
1993,0.41194710731506345,2025-04-13 18:28:46.496411,2025-04-13 18:28:53.664391,0 days 00:00:07.167980,0.4679452865193035,0.6480123275242852,8,0.05881951502520381,0.12385545410099774,0.06557479359090572,0.032087819699838524,0.05374629555871374,0.028165915328862375,0.0008744288737659368,10,41,0.04589274897295098,0.21079831431070595,True,True,True,4.003530885412614e-07,COMPLETE
