number,value,datetime_start,datetime_complete,duration,params_alpha-eval,params_alpha-train,params_batch-size,params_eps-eval,params_eps-train,params_lambda-actions-eval,params_lambda-actions-train,params_lambda-frames-eval,params_lambda-frames-train,params_learning-rate,params_n-epochs,params_n-frames,params_radius-gw,params_rho,params_std-feats,params_ub-actions,params_ub-frames,params_weight-decay,state
626,0.40419355630874637,2025-04-15 14:26:36.025827,2025-04-15 14:26:45.164056,0 days 00:00:09.138229,0.34255328725382705,0.8757436520478599,8,0.011819110763190987,0.05874049124615585,0.09023421567401044,0.046478625885081316,0.09483109404849221,0.09886586932013444,9.050085375001959e-05,21,61,0.04819847829877145,0.1057282082017337,True,True,True,2.727817543461009e-07,COMPLETE
627,0.4043129920959473,2025-04-15 14:26:45.359850,2025-04-15 14:26:54.447961,0 days 00:00:09.088111,0.2897191700730237,0.8392943479117485,8,0.012251500904060172,0.053932540517581146,0.08885763921413257,0.04774862282953616,0.09734377127093255,0.0954183763304267,0.00012004660825097154,21,59,0.04996737356471956,0.1085307065633417,True,True,True,2.0359476376709888e-07,COMPLETE
628,0.23768603801727295,2025-04-15 14:26:54.663951,2025-04-15 14:27:03.529191,0 days 00:00:08.865240,0.3307959765225795,0.8642423423005452,8,0.0004361062127486281,0.051555014907625756,0.09029749170352386,0.04615363805355804,0.09272597567592378,0.09612578107486361,0.00010805061356899758,20,63,0.050735051369676105,0.11255698170598481,True,True,False,2.650075048938579e-07,COMPLETE
629,0.3948334097862244,2025-04-15 14:27:03.724756,2025-04-15 14:27:12.739941,0 days 00:00:09.015185,0.30837893696406954,0.8944643199278864,8,0.011011875517337247,0.06287040281053097,0.08577216268064598,0.04466036791371596,0.09466633459229865,0.09519437319392739,0.0001556273752731312,20,69,0.04478680493118647,0.1098902119762934,True,True,True,3.3425944312781126e-07,COMPLETE
630,0.41004693508148193,2025-04-15 14:27:12.950614,2025-04-15 14:27:21.968465,0 days 00:00:09.017851,0.3382699851828797,0.8538889027872896,8,0.006739839411873894,0.04042643092868698,0.08831087210437613,0.04886544864974514,0.08759482070954863,0.09933255603160238,0.000118387517615259,21,58,0.04902259306799611,0.1169829575756412,True,True,True,2.301002861133842e-07,COMPLETE
631,0.4255083084106446,2025-04-15 14:27:22.166232,2025-04-15 14:27:30.934698,0 days 00:00:08.768466,0.2738777485913952,0.882632611542949,8,0.011728653997262063,0.05739796580166935,0.06537204151311973,0.05379495113642183,0.09762163185132718,0.0908785887312304,0.0002245878240221787,19,61,0.052037914247181724,0.117124466112504,True,True,True,1.6919602420522505e-07,COMPLETE
632,0.38993774652481084,2025-04-15 14:27:31.145306,2025-04-15 14:27:39.955530,0 days 00:00:08.810224,0.24318937737052748,0.8735015996338074,8,0.011660990747509275,0.04811217411189683,0.07752453830830063,0.055544175048833716,0.09822224929756987,0.0976164546436416,9.691467551275192e-05,19,61,0.052760725601775416,0.1000631010465557,True,True,True,1.7367255658101706e-07,COMPLETE
633,0.40364037752151494,2025-04-15 14:27:40.153739,2025-04-15 14:27:48.846465,0 days 00:00:08.692726,0.26900980651833056,0.8398540413026423,8,0.00018747467595018122,0.06181237922019062,0.09067942386764156,0.053174377658577104,0.09564862018286509,0.08972659441219116,0.00021423333561502634,19,58,0.05406561913152287,0.1191416028517249,True,True,True,1.8330656679489212e-07,COMPLETE
634,0.4093345165252686,2025-04-15 14:27:49.055528,2025-04-15 14:27:57.743664,0 days 00:00:08.688136,0.23547156252985557,0.8817349493545649,8,0.013349361989938725,0.0490054872738939,0.051909049166459366,0.05404506376863482,0.09665311731167547,0.09388234346308263,0.00012870171099911955,19,62,0.051395808291545726,0.1094302045442213,True,True,True,2.390641883174107e-07,COMPLETE
635,0.42382272481918337,2025-04-15 14:27:57.942551,2025-04-15 14:28:06.734926,0 days 00:00:08.792375,0.25939349071514173,0.8564057759670817,8,0.012745915064850549,0.04027078310628982,0.07239825656247662,0.0507791701098912,0.0946112822920652,0.09599572768058062,0.00015817205300470608,19,61,0.05285853931948393,0.11870713257446645,True,True,True,1.531837484695661e-07,COMPLETE
636,0.3885127425193787,2025-04-15 14:28:06.948021,2025-04-15 14:28:15.691220,0 days 00:00:08.743199,0.2814692886163187,0.8892480619724962,8,0.013426712133120154,0.05441026122357841,0.09070821783857724,0.05738367120250716,0.09767337934839028,0.09034799869960611,0.0002545023724527167,19,58,0.04729799063025232,0.11286453804696064,True,True,True,2.9897203489007355e-07,COMPLETE
637,0.4051182627677918,2025-04-15 14:28:15.890079,2025-04-15 14:28:24.963467,0 days 00:00:09.073388,0.1954545365670931,0.8217201610920369,8,0.006469282446156027,0.19954964876838954,0.07100040003310583,0.05294713391819065,0.09380721878666384,0.09386770159667343,0.00019958048435730306,20,75,0.05454093444375396,0.1026020424943283,True,True,True,1.5891232914550708e-05,COMPLETE
638,0.4235948324203491,2025-04-15 14:28:25.176351,2025-04-15 14:28:34.555920,0 days 00:00:09.379569,0.2953802545906821,0.8972698368324803,8,0.014153875313485963,0.06244373294372074,0.06650182705746623,0.0437383324952711,0.08892851742041705,0.0922652668671895,0.0001610257737647914,22,68,0.05201284590293703,0.12117125183699373,True,True,True,6.260174187346145e-07,COMPLETE
639,0.38693445920944214,2025-04-15 14:28:34.755578,2025-04-15 14:28:43.876035,0 days 00:00:09.120457,0.3101094052452798,0.867726530984193,8,0.007016782831344961,0.04500285144145962,0.08010191778184764,0.05492778774519982,0.09988743963296455,0.09974564350044662,0.0002550840712508551,20,71,0.04084530157324978,0.11430786628113696,True,True,True,1.9868396329090455e-07,COMPLETE
640,0.4026648283004761,2025-04-15 14:28:44.089357,2025-04-15 14:28:53.167330,0 days 00:00:09.077973,0.27866415664132915,0.901717413094403,8,0.01413348240448822,0.0565963608615539,0.08801684251819465,0.058680622027428825,0.09548335863227689,0.09056387013347865,0.00019286130369086806,21,63,0.04932351790550314,0.1307572805051108,True,True,True,3.03357334403832e-07,COMPLETE
641,0.32275429964065555,2025-04-15 14:28:53.368046,2025-04-15 14:29:02.064396,0 days 00:00:08.696350,0.22926617846501943,0.8880746561169486,8,0.005882930786983661,0.037783860566008146,0.03918460133821758,0.050155405094713196,0.09310955313366202,0.09603783329569748,0.00022298334194713362,19,59,0.054997305265132426,0.1369965081719066,True,True,True,5.34241993962133e-07,COMPLETE
642,0.42198776006698613,2025-04-15 14:29:02.279146,2025-04-15 14:29:11.074837,0 days 00:00:08.795691,0.2977877058105784,0.9163074857997241,8,0.012686813464656659,0.04970943588043981,0.046236273234328884,0.047144074182273094,0.09803627464662663,0.08884263365666738,7.763431018908475e-05,19,63,0.05176052923452597,0.11892231603560899,True,True,True,2.3857390212509175e-07,COMPLETE
643,0.42428473234176634,2025-04-15 14:29:11.275679,2025-04-15 14:29:20.273308,0 days 00:00:08.997629,0.3175092907571709,0.9070189578880663,8,0.00030752772404605416,0.06375464725455733,0.0905463480254004,0.05168175702163773,0.0877142683565837,0.09339028423022831,0.00014468729638551678,20,67,0.05378707740300045,0.1081178446587926,True,True,True,1.491104478018081e-07,COMPLETE
644,0.4065271019935608,2025-04-15 14:29:20.489405,2025-04-15 14:29:29.761319,0 days 00:00:09.271914,0.26024768157311634,0.8753877780175142,8,0.007498413590409099,0.041774313764291054,0.08328317202651768,0.045554726843390736,0.08967547409266856,0.09093622699506368,6.0832628129886744e-05,22,58,0.04657469359462046,0.1263299694815972,True,True,True,5.270855585757381e-07,COMPLETE
645,0.40748910903930663,2025-04-15 14:29:29.965096,2025-04-15 14:29:38.804303,0 days 00:00:08.839207,0.34280898535166726,0.8493565323323703,8,0.012150775053278886,0.051573003104808314,0.043645607892141294,0.048674248777790696,0.09993845807327076,0.09770501137085366,0.00010387009799989793,19,63,0.048902423991772755,0.13907137258622426,True,True,True,3.6489348679470873e-07,COMPLETE
646,0.42381641864776615,2025-04-15 14:29:39.021178,2025-04-15 14:29:48.148679,0 days 00:00:09.127501,0.2907659122867566,0.9085682641219698,8,0.014964316249888683,0.05907386941365564,0.06057329038952972,0.0524449160983406,0.09585940412835668,0.09321695675458365,0.0002171234779233175,21,60,0.05541701652622783,0.13079378799591035,True,True,True,4.6107340246519986e-07,COMPLETE
647,0.4254422187805176,2025-04-15 14:29:48.363779,2025-04-15 14:29:57.244763,0 days 00:00:08.880984,0.3179876260095966,0.8803953783210635,8,0.0062060730824018496,0.037112317898419976,0.08808752288768704,0.055526427076381536,0.08684131320205066,0.08714080415536041,0.00013063076938381402,20,57,0.062482671454524095,0.11361833736202999,True,True,True,3.3108300302883667e-07,COMPLETE
648,0.2048193633556366,2025-04-15 14:29:57.449519,2025-04-15 14:30:06.220048,0 days 00:00:08.770529,0.27274593910937706,0.8267069611644213,8,0.00808710885056251,0.037388658839342205,0.06633213933178436,0.056376950244016275,0.08704838259850793,0.08680939052757256,0.00010812873133868509,20,57,0.06264666765556895,0.09893585408547646,True,True,False,3.1168576328723977e-07,COMPLETE
649,0.40042546987533567,2025-04-15 14:30:06.434771,2025-04-15 14:30:15.453002,0 days 00:00:09.018231,0.3087731470138888,0.8652967033559463,8,0.014048864406778543,0.03744413927413965,0.0909630420074172,0.06175605844635121,0.08991920545313967,0.08868621476165686,0.00011840298613158163,21,56,0.06196814546813976,0.10438817606662182,True,True,True,2.2318954437165864e-07,COMPLETE
650,0.42059488296508796,2025-04-15 14:30:15.657553,2025-04-15 14:30:24.549889,0 days 00:00:08.892336,0.34606479166146936,0.8413307759474848,8,0.015103595458532067,0.04480732285584666,0.08623848076603284,0.05025836029108038,0.08641216988311681,0.08723139639994372,0.00013808307482573946,20,60,0.061810098176267425,0.11481593925293218,True,True,True,2.745719103558199e-07,COMPLETE
651,0.4239853382110596,2025-04-15 14:30:24.767072,2025-04-15 14:30:33.902239,0 days 00:00:09.135167,0.32224935411283795,0.8606889588869274,8,0.007925007890309883,0.03590930344360574,0.075110684826113,0.044990588824865424,0.0920676747662471,0.09078417210435835,8.548687193226618e-05,21,59,0.062085958362737406,0.1117346039950617,True,True,True,1.9488574055647452e-07,COMPLETE
652,0.41845173835754396,2025-04-15 14:30:34.110510,2025-04-15 14:30:42.918590,0 days 00:00:08.808080,0.29522959087940803,0.8877354133516412,8,0.015410235116855013,0.04322466172541794,0.08921377317785131,0.04299783038229257,0.08861771523865569,0.08883454771106057,0.00016903734687031326,20,56,0.060359489537018626,0.13599424203700325,True,True,True,3.572409471467856e-07,COMPLETE
653,0.42011705636978147,2025-04-15 14:30:43.134261,2025-04-15 14:30:52.357300,0 days 00:00:09.223039,0.3468406370668623,0.8818012489345702,8,0.006046335622887468,0.03549152492897916,0.06937115219225132,0.05950830685258533,0.08641434648539618,0.08702468159032749,0.00026968711600482907,22,57,0.06298385867425386,0.10909248718613838,True,True,True,1.6360468955127252e-07,COMPLETE
654,0.2961839318275452,2025-04-15 14:30:52.560920,2025-04-15 14:31:01.670350,0 days 00:00:09.109430,0.25314640513490055,0.8831299521029554,8,0.016773098667440513,0.04731708051089494,0.09125767641927114,0.048058715068380685,0.0895604164868129,0.03724381639500103,0.00016152122433827514,21,66,0.057743575633209886,0.09532811748064404,True,True,True,2.6284442739493155e-07,COMPLETE
655,0.39009351730346675,2025-04-15 14:31:01.888010,2025-04-15 14:31:10.765096,0 days 00:00:08.877086,0.31021981695405226,0.9035597451149008,8,0.0006899559743210777,0.0326310417584508,0.08792004466705082,0.05529946642530696,0.09301609230819408,0.0891720816150407,0.00012835188267244638,20,61,0.059912362865172146,0.13889822151502088,True,True,True,3.84018644866632e-07,COMPLETE
656,0.4206793546676636,2025-04-15 14:31:10.975843,2025-04-15 14:31:19.978904,0 days 00:00:09.003061,0.2794165331394293,0.8625278676505607,8,0.01005375571613144,0.04363235852833116,0.08358181108321544,0.05082530546899006,0.09097672190701436,0.09093398451457645,0.00014138895636666432,20,62,0.05582444964731598,0.11915467279590819,True,True,True,3.057673673463912e-07,COMPLETE
657,0.41137185096740725,2025-04-15 14:31:20.198435,2025-04-15 14:31:29.443923,0 days 00:00:09.245488,0.3309809919089938,0.9152728040369049,8,0.01632116545160677,0.20994535410199247,0.09159564775548981,0.04698964391593133,0.09359727971509724,0.0956984131159801,0.0002751358793272874,21,71,0.062779578910077,0.1266249489711831,True,True,True,4.025540415267397e-07,COMPLETE
658,0.42547209262847907,2025-04-15 14:31:29.651440,2025-04-15 14:31:38.980237,0 days 00:00:09.328797,0.3515041982031793,0.8886979470474595,8,0.006545034826763628,0.04943058457618293,0.08927510338139742,0.053033358302859566,0.09135350420031166,0.08613697241512547,0.00017570156465897136,23,57,0.058155499034657734,0.10650390537745195,True,True,True,2.171781771193653e-07,COMPLETE
659,0.4226037740707398,2025-04-15 14:31:39.198202,2025-04-15 14:31:48.496630,0 days 00:00:09.298428,0.35238182048715555,0.8792619728757365,8,0.010661800789351328,0.06374422258332978,0.05637533356941675,0.05682092510023125,0.0883361426027668,0.08567718459152542,0.00011920729688476192,23,57,0.05832581091771426,0.10635045561093243,True,True,True,1.4866360160150382e-07,COMPLETE
660,0.4195913791656494,2025-04-15 14:31:48.704111,2025-04-15 14:31:57.940827,0 days 00:00:09.236716,0.34898546866585667,0.8442059603922838,8,0.01595390364187048,0.05177553835130891,0.09003748888273398,0.0545142976228188,0.08622523711734799,0.08310578235390162,0.00017656365308901575,22,56,0.06057110965296496,0.10342242307899416,True,True,True,2.0497118102150022e-07,COMPLETE
661,0.2048193633556366,2025-04-15 14:31:58.158126,2025-04-15 14:32:07.762885,0 days 00:00:09.604759,0.31138121485263454,0.8610786803237502,8,0.1844875352738826,0.057039181006887825,0.08592086261790174,0.049299836224646024,0.09100116534184402,0.08656078239527419,8.974064895620563e-05,24,60,0.05725086943565385,0.09851923146845676,True,True,True,1.334979825238304e-07,COMPLETE
662,0.3890695095062256,2025-04-15 14:32:07.970980,2025-04-15 14:32:17.246371,0 days 00:00:09.275391,0.2917541480244756,0.8880485807847631,8,0.016302616610781098,0.04081570842046948,0.0914305754813483,0.05276472628566146,0.08669820015417887,0.08468863220360581,0.0002531013610716195,23,55,0.05932809284655286,0.09199249900632514,True,True,True,2.3883758528791694e-07,COMPLETE
663,0.4219946146011353,2025-04-15 14:32:17.467741,2025-04-15 14:32:26.854347,0 days 00:00:09.386606,0.35193589656435054,0.8920650409327966,8,0.010110790487631555,0.0657303500271523,0.07836970502278653,0.04198214219919185,0.08935835332309221,0.08903890132038882,6.53863787810408e-05,23,58,0.06288407414163417,0.10570927496409495,True,True,True,2.1965837561825187e-07,COMPLETE
664,0.41967539787292485,2025-04-15 14:32:27.064999,2025-04-15 14:32:36.433954,0 days 00:00:09.368955,0.2699795315543843,0.8316024646348976,8,0.007495195279484302,0.031070787524219552,0.0898084846474975,0.045849893265334674,0.09230797599732007,0.0871547364849705,0.00015240079185669942,23,56,0.058126951352034086,0.11122038420313732,True,True,True,5.873610981166279e-07,COMPLETE
665,0.40714099407196047,2025-04-15 14:32:36.653259,2025-04-15 14:32:45.924814,0 days 00:00:09.271555,0.3227342561005529,0.8717659707870786,8,0.016956354878481766,0.050606833030808214,0.09169887656534435,0.049540128237941766,0.08488839927043815,0.08769646170619488,0.00030070689550713294,22,60,0.05594548065230769,0.11478485570753089,True,True,True,3.451183679981923e-07,COMPLETE
666,0.4246019124984741,2025-04-15 14:32:46.150406,2025-04-15 14:32:55.847519,0 days 00:00:09.697113,0.3017197497486208,0.893343281282418,8,0.006234348669669021,0.03946527118842862,0.08931499801918068,0.05246380824063415,0.08828493761526739,0.08435785752659461,0.00012581424536534425,24,67,0.06077466306981197,0.1152153891226513,True,True,True,8.546284795526528e-07,COMPLETE
667,0.2088875234127045,2025-04-15 14:32:56.057599,2025-04-15 14:33:05.696738,0 days 00:00:09.639139,0.33540748339751386,0.8539376719399592,8,0.0004435877101490798,0.037911236851654755,0.09172022843399584,0.05668613293974219,0.08770416283716487,0.08366113622552336,0.00011989674688476202,24,68,0.06171636414947376,0.11769982932833653,True,True,False,7.947053976936906e-07,COMPLETE
668,0.42169789075851444,2025-04-15 14:33:05.917945,2025-04-15 14:33:15.929591,0 days 00:00:10.011646,0.35607718519703824,0.8713382818795994,8,0.006095758175210255,0.030768402730451797,0.0332680978499105,0.05474397222782006,0.09041476535819658,0.08496670550147578,1.3434443745274394e-05,25,72,0.06088464735267509,0.10698209973467655,True,True,True,8.279685783276638e-07,COMPLETE
669,0.3854088425636292,2025-04-15 14:33:16.140776,2025-04-15 14:33:25.661667,0 days 00:00:09.520891,0.3028001005212087,0.8984211765129032,8,0.01704718506575754,0.057226079292237456,0.08935208443418684,0.05297000469274631,0.0852760625095896,0.08595927998287697,0.00010581503712846395,24,56,0.059903532378291345,0.11079015104730847,True,True,True,4.859309044252898e-07,COMPLETE
670,0.23647054433822634,2025-04-15 14:33:25.882258,2025-04-15 14:33:35.484873,0 days 00:00:09.602615,0.32093477435636025,0.10899592510540285,8,0.012489353361430606,0.03882467436457994,0.09253710893981099,0.048619531263529914,0.08808864707356118,0.08247413783787012,0.00023320618263243306,24,60,0.061566053504276665,0.09725505706600038,True,True,True,5.949096953028779e-07,COMPLETE
671,0.42002855539321904,2025-04-15 14:33:35.696176,2025-04-15 14:33:45.540103,0 days 00:00:09.843927,0.3390506589653705,0.8814250537893284,8,0.005272938407452954,0.050572829180305125,0.08977371027229102,0.04384388572403088,0.08853055129122889,0.0890220814325487,7.870879295114776e-05,25,65,0.06377734366131677,0.1411043318054564,True,True,True,6.942288785142589e-07,COMPLETE
672,0.3999006867408753,2025-04-15 14:33:45.761287,2025-04-15 14:33:55.229392,0 days 00:00:09.468105,0.3561853633126031,0.9034539683544364,8,0.017727566873012107,0.06071417366085711,0.09277158737527216,0.05768678311839438,0.09111572872636171,0.08706909418142915,0.00018312350317088206,24,55,0.0584305225963986,0.12160583269588965,True,True,True,1.756236289530861e-07,COMPLETE
673,0.4238498568534851,2025-04-15 14:33:55.440844,2025-04-15 14:34:05.291986,0 days 00:00:09.851142,0.31118726966049853,0.8456861248133946,8,0.011315813737670261,0.023377542489769903,0.0873555610066633,0.05329525872909171,0.08554870266033776,0.0896699496808535,0.00028597823163194544,25,62,0.05862634533049501,0.12780143544571504,True,True,True,4.3019434265367374e-07,COMPLETE
674,0.4000831127166748,2025-04-15 14:34:05.513137,2025-04-15 14:34:15.105298,0 days 00:00:09.592161,0.2939233083337751,0.8903830628885328,8,0.017196033095920365,0.032733966030664086,0.09203265475934115,0.04703350963578788,0.08751913903528438,0.08067026791213466,0.00013436800789945653,23,67,0.06196333762873957,0.14167060229205955,True,True,True,2.6096642296389054e-07,COMPLETE
675,0.4243624687194824,2025-04-15 14:34:15.317562,2025-04-15 14:34:24.655910,0 days 00:00:09.338348,0.329499508397299,0.8623562711386366,8,0.0005645521016818932,0.0638945435767235,0.08567768755978769,0.051070544041983246,0.09053995256603302,0.08484904910280307,9.878085863439538e-05,23,59,0.05738448110245251,0.10103729066747019,True,True,True,4.753318111014898e-07,COMPLETE
676,0.42244246006011965,2025-04-15 14:34:24.878459,2025-04-15 14:34:35.093081,0 days 00:00:10.214622,0.3605252843181238,0.9099829293082682,8,0.007279920724116977,0.05376233611505463,0.06500889706788494,0.05977037243122221,0.08920348301297769,0.09157730170677002,0.00021178536448828266,26,74,0.05984553040783902,0.12387436343537098,True,True,True,3.248441436041543e-07,COMPLETE
677,0.3124798655509949,2025-04-15 14:34:35.310507,2025-04-15 14:34:44.472989,0 days 00:00:09.162482,0.307709820396568,0.8750590423744424,8,0.00010293946265290971,0.039930179831217875,0.08897419499471707,0.05480795292223529,0.09167025969399194,0.08906256272140654,0.0003266961129594989,22,59,0.0564469354035397,0.14304939220803872,True,True,True,1.6948155335643027e-07,COMPLETE
678,0.28190429210662843,2025-04-15 14:34:44.696008,2025-04-15 14:34:54.365906,0 days 00:00:09.669898,0.22061287167111512,0.911428222175775,8,0.018539972642714286,0.04942664825559624,0.08998042126601488,0.04912951697153877,0.08539495943485871,0.08690447091177185,0.0002448291436871349,24,64,0.06248271586114248,0.11323167712134787,True,True,True,1.0943608358869377e-06,COMPLETE
679,0.42499599456787107,2025-04-15 14:34:54.594271,2025-04-15 14:35:04.050216,0 days 00:00:09.455945,0.33382382257627835,0.884570451517918,8,0.011724831457553438,0.06577225707579734,0.09296119716895701,0.04628610530934611,0.09321338504569042,0.0844395695095735,0.00016605925909124616,24,55,0.060597495942974824,0.1336613577440388,True,True,True,6.85110259893345e-07,COMPLETE
680,0.2048193633556366,2025-04-15 14:35:04.264329,2025-04-15 14:35:13.704126,0 days 00:00:09.439797,0.3419504595569326,0.8308456723331901,8,0.01465795201727585,0.06629876857168333,0.0931498302327128,0.045504632348983956,0.09241217179141586,0.07856988884955497,0.0002801649407511328,24,54,0.01402261133129841,0.10545538340978716,True,True,True,6.149310038822409e-07,COMPLETE
681,0.4207373857498169,2025-04-15 14:35:13.933447,2025-04-15 14:35:23.603322,0 days 00:00:09.669875,0.6086569497773334,0.8666653264882856,8,0.01978731332710066,0.0660849298230577,0.09267449676391838,0.04445539620547771,0.08755990779045741,0.08330549218907198,0.0002126484222735095,25,56,0.06364133227923789,0.13847669591324085,True,True,True,8.223773577690056e-07,COMPLETE
682,0.265440183877945,2025-04-15 14:35:23.817300,2025-04-15 14:35:33.247577,0 days 00:00:09.430277,0.3586017126795006,0.3846439534706233,8,0.012009314865995265,0.05813859892344883,0.09144990943491256,0.0420728956475103,0.09312323920130827,0.08375098508843418,0.00012819191689893684,24,54,0.059067561983477054,0.11786900745134468,True,True,True,2.5386062575249164e-07,COMPLETE
