number,value,datetime_start,datetime_complete,duration,params_alpha-eval,params_alpha-train,params_batch-size,params_eps-eval,params_eps-train,params_lambda-actions-eval,params_lambda-actions-train,params_lambda-frames-eval,params_lambda-frames-train,params_learning-rate,params_n-epochs,params_n-frames,params_radius-gw,params_rho,params_std-feats,params_ub-actions,params_ub-frames,params_weight-decay,state
1082,0.3718587398529053,2025-04-15 15:33:34.823752,2025-04-15 15:33:42.931224,0 days 00:00:08.107472,0.5166172924689403,0.7355622842215901,16,0.04337632986927374,0.1757195000340969,0.09667866304450519,0.029692646130526083,0.08643045679064583,0.09416219613219207,0.00022042323816570252,16,125,0.06544168618376824,0.16857941296936174,True,True,True,3.5689532845081675e-08,COMPLETE
1083,0.41218589544296264,2025-04-15 15:33:43.286198,2025-04-15 15:33:51.660148,0 days 00:00:08.373950,0.628940307131776,0.7609462197303068,16,0.024591994914088942,0.16159358054405337,0.09305070155931516,0.0324760159685509,0.08236508857980236,0.03831661845512412,0.0001961995057845807,17,133,0.06799097433319787,0.17999131413605063,True,True,True,4.2378070612884334e-08,COMPLETE
1084,0.4149322509765625,2025-04-15 15:33:52.017635,2025-04-15 15:34:00.186640,0 days 00:00:08.169005,0.540333634005602,0.636745443812976,16,0.03464064888972763,0.17820553302851858,0.09486738631266999,0.02866281677599888,0.08028262022405713,0.09651416086199169,0.0001783932004899828,16,132,0.062073881760758114,0.1881463276645209,True,True,True,3.050924117669412e-08,COMPLETE
1085,0.4165332317352295,2025-04-15 15:34:00.540994,2025-04-15 15:34:08.480391,0 days 00:00:07.939397,0.49200211450369213,0.7849220586434984,16,0.030400505270556346,0.16997693476901507,0.09996971824300545,0.030855215775691197,0.08441339201531925,0.06561935061247656,0.00023730109819603972,15,129,0.06309548434603125,0.1976490298890401,True,True,True,5.7117626090005915e-06,COMPLETE
1086,0.41964852809906006,2025-04-15 15:34:08.819410,2025-04-15 15:34:17.019078,0 days 00:00:08.199668,0.5069560676405723,0.6811750213538189,16,0.024236876046591513,0.18959705206369398,0.09661714599463654,0.03356837976874927,0.08605571905163857,0.09357211811138756,0.00023322404345994094,17,122,0.0612331801810258,0.174336778508483,True,True,True,2.0944740121616057e-08,COMPLETE
1087,0.3902203440666199,2025-04-15 15:34:17.372671,2025-04-15 15:34:25.312996,0 days 00:00:07.940325,0.48013014873218135,0.7584562050674365,16,0.038643016612154205,0.18360634439669274,0.09477509040403957,0.02305352512835851,0.07822457928777107,0.09672813152226399,0.0001649766040299897,15,126,0.06384904060784319,0.18233988828804099,True,True,True,2.5334878454766248e-08,COMPLETE
1088,0.41458580493927005,2025-04-15 15:34:25.669840,2025-04-15 15:34:33.518421,0 days 00:00:07.848581,0.5483017255588148,0.7159113362181942,16,0.030307457167257225,0.19557582986457595,0.09681278684835082,0.028621088441468046,0.08244271776582301,0.097933417108776,2.264005028647384e-05,14,131,0.07331949781988334,0.16874459029903022,True,True,True,1.890413230296126e-08,COMPLETE
1089,0.32140671014785765,2025-04-15 15:34:33.874696,2025-04-15 15:34:42.038274,0 days 00:00:08.163578,0.5300402217666987,0.7367632053500136,16,0.05997768760860111,0.16719088803712123,0.09273617858085685,0.025558492679859754,0.08636068192972082,0.09428345697825433,0.00022297191769070612,16,135,0.06634660439136958,0.18904557788732262,True,True,True,3.889168828901798e-08,COMPLETE
1090,0.4231881976127625,2025-04-15 15:34:42.393063,2025-04-15 15:34:50.685415,0 days 00:00:08.292352,0.5651297820108,0.7981915578828087,16,0.023912832538584547,0.17455100079037864,0.09526800070899173,0.03124606241096842,0.08070248529464127,0.06180072292723643,0.0001955593536304165,15,150,0.06164690177513091,0.17642401936886673,True,True,True,1.7004034214673412e-08,COMPLETE
1091,0.24607627391815187,2025-04-15 15:34:51.037939,2025-04-15 15:34:58.975433,0 days 00:00:07.937494,0.6001570382146387,0.6968677630523016,16,0.04419849504278908,0.18111600633155708,0.09854285220158336,0.02894354200210889,0.08369464358071416,0.098062576635796,0.000241852924486299,16,119,0.057826190281762495,0.1832336466528249,True,True,False,3.0134328693872816e-08,COMPLETE
1092,0.4005172967910766,2025-04-15 15:34:59.335873,2025-04-15 15:35:07.189419,0 days 00:00:07.853546,0.5040320567251358,0.7580886847838728,16,0.03425979204462802,0.16286558472760054,0.09686640349065032,0.023966161072439946,0.08697510605583564,0.09597974363010706,0.00017244405783904825,14,132,0.06221512420094629,0.17091733216627422,True,True,True,2.1897924299697857e-08,COMPLETE
1093,0.2462315559387207,2025-04-15 15:35:07.545258,2025-04-15 15:35:15.833541,0 days 00:00:08.288283,0.47773917436403246,0.7250425217324755,16,0.07446807680002943,0.1868586428772261,0.09259854001986108,0.02707447252489961,0.08231682047657472,0.09399652552594438,0.00025069106514901855,17,129,0.06477423140663255,0.19161408692532772,True,True,True,1.5589722207900948e-08,COMPLETE
1094,0.2823567926883698,2025-04-15 15:35:16.197058,2025-04-15 15:35:24.456498,0 days 00:00:08.259440,0.5552863273140654,0.6676478739871673,16,0.024020163883319554,0.1719983658563273,0.09488130239307419,0.03338650371671073,0.07966050731643431,0.09818629136408419,0.011193319798206633,16,134,0.06102874533163406,0.1761680076783453,True,True,True,4.38484694218179e-08,COMPLETE
1095,0.4116267204284668,2025-04-15 15:35:24.814237,2025-04-15 15:35:33.095903,0 days 00:00:08.281666,0.5243225453607617,0.5986488818016978,16,0.0385207172938627,0.193578829118075,0.099925005855111,0.02974963887609691,0.0846561057830923,0.09544127541099724,0.00022046960345779049,15,147,0.05782230828005643,0.1675148474845677,True,True,True,2.6679704327416933e-08,COMPLETE
1096,0.4307832002639771,2025-04-15 15:35:33.456166,2025-04-15 15:35:41.626927,0 days 00:00:08.170761,0.4977405933855946,0.7731285188983721,16,0.03145258192661909,0.1773537277127871,0.09691721496042885,0.03485329680473872,0.08152880640514906,0.09385252179547274,0.00027030369402662285,14,150,0.0601994099117676,0.19935804647848676,True,True,True,1.2813762401653858e-08,COMPLETE
1097,0.3636548757553101,2025-04-15 15:35:41.967502,2025-04-15 15:35:50.073828,0 days 00:00:08.106326,0.5093817467543384,0.7753646120192385,16,0.05073279053587252,0.17618828351746235,0.0930572891151936,0.03415836438473877,0.07783370715244008,0.09675682570718873,0.00017530056118993722,14,148,0.06368595213844384,0.20503676756168016,True,True,True,1.2825823316754529e-08,COMPLETE
1098,0.3992120504379273,2025-04-15 15:35:50.429708,2025-04-15 15:35:58.136473,0 days 00:00:07.706765,0.5317352047090818,0.7969183932513213,16,0.04352120895148569,0.16611182906003782,0.09482924019972196,0.034534792636914655,0.0789207023561269,0.09839176459633939,0.0002044938540981418,14,124,0.08672890199077668,0.19680375661987534,True,True,True,1.6595211235763897e-08,COMPLETE
1099,0.4152550578117371,2025-04-15 15:35:58.491000,2025-04-15 15:36:06.654316,0 days 00:00:08.163316,0.4912036185580374,0.77928443575109,16,0.034123401598252716,0.17064962412368617,0.09288156992602994,0.03207213142169192,0.08133290675830895,0.09447375208053285,0.00024068613341870942,14,149,0.060801942344535446,0.20007809297367365,True,True,True,1.309336655761414e-08,COMPLETE
1100,0.4225820064544678,2025-04-15 15:36:07.014996,2025-04-15 15:36:14.834243,0 days 00:00:07.819247,0.5758586242180923,0.799724075510362,16,0.030164867256045592,0.17949574003976596,0.09667751163467388,0.034806472089458675,0.07992773490862455,0.09607251787937693,0.00016306205624490295,14,130,0.06289979541350427,0.206438367016768,True,True,True,1.8743465813907623e-08,COMPLETE
1101,0.41013764142990117,2025-04-15 15:36:15.190670,2025-04-15 15:36:23.433899,0 days 00:00:08.243229,0.6713957282065202,0.767277731708889,16,0.034349194190494,0.15736346202025478,0.09512163757347068,0.035446644104030096,0.08201618506300315,0.094091180181377,0.00026530563933698745,15,145,0.07571976016025225,0.19026191816845098,True,True,True,1.3296675632829438e-08,COMPLETE
1102,0.4141095519065857,2025-04-15 15:36:23.794629,2025-04-15 15:36:31.731664,0 days 00:00:07.937035,0.5446152237239136,0.757475321750881,16,0.040540113171716796,0.17485839406211023,0.02228042066212559,0.02561264378646514,0.0781316342883364,0.09801751427425426,0.0002252375493171459,14,135,0.06025126120750295,0.19815978752241767,True,True,True,2.2226079599846272e-08,COMPLETE
1103,0.4184083700180054,2025-04-15 15:36:32.091877,2025-04-15 15:36:40.391289,0 days 00:00:08.299412,0.5134542611041358,0.7114814487851108,16,0.025085995645085717,0.16215521619654405,0.09280385673890838,0.02096391534430594,0.08090881180718776,0.09681914183804641,0.00019619269786273202,15,150,0.06504081959571183,0.2014431005403119,True,True,True,1.684514737429434e-08,COMPLETE
1104,0.3631503224372864,2025-04-15 15:36:40.751612,2025-04-15 15:36:48.567321,0 days 00:00:07.815709,0.5000757955648436,0.7269564579036065,16,0.04885546079580874,0.16868297802545643,0.09709448181629919,0.027065519124640083,0.08304430824106765,0.09428448490908588,0.00027159634779530306,15,119,0.062018200706555254,0.19103966624001734,True,True,True,1.2703660576963515e-08,COMPLETE
1105,0.4257266998291016,2025-04-15 15:36:48.925583,2025-04-15 15:36:56.923833,0 days 00:00:07.998250,0.58815379758848,0.7451762985820092,16,0.030579606386119985,0.18067321159686062,0.09486458180435323,0.031419032811662376,0.08343020630699811,0.09579141232659913,0.00027239161072562375,15,128,0.05954281639108297,0.19430804243834937,True,True,True,1.9927220064212685e-08,COMPLETE
1106,0.4047648549079895,2025-04-15 15:36:57.286756,2025-04-15 15:37:05.253371,0 days 00:00:07.966615,0.5290897348633382,0.7750723815228476,16,0.03797951186576587,0.18821265641927906,0.09662937671385155,0.024524833316749393,0.08042883613749692,0.056066334053588796,0.00015554073935721067,14,134,0.0671723227677533,0.20979800197674559,True,True,True,2.6523470837449937e-08,COMPLETE
1107,0.42513954639434814,2025-04-15 15:37:05.617473,2025-04-15 15:37:13.917145,0 days 00:00:08.299672,0.6198208248549377,0.6912230791288874,16,0.023183234052993884,0.17410330507387273,0.09272289540070207,0.03223798878103421,0.085215231478387,0.09827877155759082,0.00020147686027184315,15,148,0.060946856567941764,0.18606727314815377,True,True,True,1.531707025606143e-08,COMPLETE
1108,0.40699558258056645,2025-04-15 15:37:14.282829,2025-04-15 15:37:22.714106,0 days 00:00:08.431277,0.47917207348489804,0.7866419761675046,16,0.029929953420386488,0.16613763558451397,0.09769621096325647,0.02879655568848325,0.08666388548222625,0.09398928017065408,0.00027901195649923633,16,144,0.058107262291229984,0.18279598595444913,True,True,True,1.2593721983462546e-08,COMPLETE
1109,0.4227268099784851,2025-04-15 15:37:23.076856,2025-04-15 15:37:31.220998,0 days 00:00:08.144142,0.5517545299728971,0.741844377792897,16,0.03476750683664569,0.17858046356593674,0.09471394113711211,0.026795734227419685,0.07769919480062666,0.09805440823594326,0.00021314065581551597,14,150,0.06369152607290805,0.20071644903073255,True,True,True,2.198301828838764e-08,COMPLETE
1110,0.21198745965957644,2025-04-15 15:37:31.567785,2025-04-15 15:37:39.531022,0 days 00:00:07.963237,0.5166027035784255,0.7063701461500334,16,0.0231182070179993,0.19392397209569148,0.09855520571428128,0.03070721571797077,0.08260613620011864,0.04635517139156185,0.00024003894506993418,15,131,0.05948019812519351,0.19388796059786315,True,True,False,3.171311719934594e-08,COMPLETE
1111,0.4208369135856629,2025-04-15 15:37:39.888880,2025-04-15 15:37:47.950893,0 days 00:00:08.062013,0.4981571045989573,0.649229225315126,16,0.04502402158816149,0.15308371603055554,0.09618780153557152,0.03500073405921948,0.0812341264970097,0.0962574474377563,0.00017554879029540492,16,126,0.06186775583805566,0.18555145977472093,True,True,True,1.5703360404400545e-08,COMPLETE
1112,0.40193750858306887,2025-04-15 15:37:48.310698,2025-04-15 15:37:56.433081,0 days 00:00:08.122383,0.5716428679924563,0.7945819942599006,16,0.03807299461204568,0.18445694852378647,0.09365090826286673,0.03311270123183528,0.08452664909932475,0.09985421108350453,0.00029158601683828043,15,138,0.057603736617601556,0.18086030449527413,True,True,True,1.164545819645939e-08,COMPLETE
1113,0.42175581455230715,2025-04-15 15:37:56.795971,2025-04-15 15:38:05.150917,0 days 00:00:08.354946,0.5481891052483937,0.7646349546509377,16,0.02882321382253941,0.17116067161170267,0.09686914484424776,0.028341561354718114,0.07936712696157146,0.09410081749823619,0.00030881303389138353,16,142,0.06506457701086987,0.17819613662430459,True,True,True,1.827712887063431e-08,COMPLETE
1114,0.3842298746109009,2025-04-15 15:38:05.515257,2025-04-15 15:38:13.783521,0 days 00:00:08.268264,0.47679353284228443,0.673752475020029,16,0.022733183089070665,0.16242936451679343,0.09489499845277115,0.02211284069333443,0.08664225275974205,0.09599449536821765,0.0002543586113800649,15,145,0.05988794288291341,0.1864564775740166,True,True,True,1.0243626074769857e-08,COMPLETE
1115,0.4255439758300782,2025-04-15 15:38:14.163834,2025-04-15 15:38:22.606813,0 days 00:00:08.442979,0.5253079424849492,0.733263158220728,16,0.032325536990170455,0.17871727158157585,0.09870386128619886,0.024136842300386603,0.08256466570515637,0.09309242711692244,0.00020518850997778095,16,150,0.06264734638868438,0.19288994054476413,True,True,True,2.4821352907203052e-08,COMPLETE
1116,0.35782134532928467,2025-04-15 15:38:22.971899,2025-04-15 15:38:30.840391,0 days 00:00:07.868492,0.5123467510469285,0.8020018283689806,16,0.042294209298824284,0.1719877607610039,0.09260843433948514,0.030743419230401456,0.08415405663796449,0.09816824124515892,0.00015692298873681097,14,137,0.057601124517310455,0.17406455082818156,True,True,True,1.555711461995927e-08,COMPLETE
1117,0.42392643690109255,2025-04-15 15:38:31.203007,2025-04-15 15:38:39.248047,0 days 00:00:08.045040,0.5959156846405763,0.7556168323516593,16,0.022803116294826294,0.18630981607930003,0.0960064736793095,0.02623710984992854,0.08081895945956705,0.09994966000854853,0.0003215099210880099,15,132,0.061011642114864414,0.18210006548856555,True,True,True,3.4439186533917525e-08,COMPLETE
1118,0.42718824148178103,2025-04-15 15:38:39.616815,2025-04-15 15:38:47.617831,0 days 00:00:08.001016,0.5441879629986394,0.7114343254888849,16,0.030465325601690976,0.1911678798228053,0.09992714925066165,0.028145167096641173,0.08700042925072388,0.09630340161656416,0.00024152724763686884,16,122,0.05923061821327518,0.1897273920959416,True,True,True,2.052132194450876e-08,COMPLETE
1119,0.36701273918151855,2025-04-15 15:38:47.981946,2025-04-15 15:38:56.024678,0 days 00:00:08.042732,0.5687351989537508,0.6992182691439057,16,0.05408635447949414,0.19747714809025962,0.09872755158892678,0.02898856741650865,0.07861622419994346,0.0965294686585218,0.00018571706657179572,16,125,0.05767428017093812,0.2006380130443599,True,True,True,2.3000116090907812e-08,COMPLETE
1120,0.42518153190612795,2025-04-15 15:38:56.393593,2025-04-15 15:39:04.380476,0 days 00:00:07.986883,0.5356605922474302,0.7150341736652766,16,0.03791636589332027,0.19111769334911077,0.09941436515024164,0.027820986213236348,0.08502628951565272,0.09787055867472638,0.00022764852713971512,16,121,0.06625255023851287,0.19065087453655633,True,True,True,1.9483606633136668e-08,COMPLETE
1121,0.42567914724349976,2025-04-15 15:39:04.744329,2025-04-15 15:39:12.776118,0 days 00:00:08.031789,0.5532180048952889,0.6788862741781088,16,0.03414504506261179,0.1956162297159558,0.09984378198886482,0.024529113365257045,0.08237667802294653,0.09562478759448972,0.0001510309121629421,17,113,0.06320402013462875,0.19622811393731945,True,True,True,2.8530799105023133e-08,COMPLETE
1122,0.41830853223800657,2025-04-15 15:39:13.144103,2025-04-15 15:39:21.222099,0 days 00:00:08.077996,0.5375871004385643,0.7290323662241931,16,0.04690756433608942,0.2042178111019918,0.09831773016827569,0.031248778475367694,0.036010270854451513,0.0999827313684228,0.0001818845644848835,16,127,0.05969306134085391,0.21271552669177485,True,True,True,1.572795191548482e-08,COMPLETE
1123,0.256641149520874,2025-04-15 15:39:21.591029,2025-04-15 15:39:29.444034,0 days 00:00:07.853005,0.5715566618160257,0.6944090289732616,16,0.09312540724703387,0.19029999860309307,0.09749470434557952,0.026085677826618293,0.007191018186827471,0.09658966600325065,0.00023605855584174002,15,121,0.06147611367966285,0.18841274807351732,True,True,True,2.0982635698706384e-08,COMPLETE
1124,0.4249357461929322,2025-04-15 15:39:29.815485,2025-04-15 15:39:37.879835,0 days 00:00:08.064350,0.49391185938378535,0.7235927749208247,16,0.030064274264982503,0.18302365208826277,0.09850921082516616,0.019544927032714467,0.08684178737098164,0.09829014424509971,0.00022190358602563307,16,126,0.05731645286430245,0.18601278591047518,True,True,True,3.343198300135631e-06,COMPLETE
1125,0.41178531646728517,2025-04-15 15:39:38.249769,2025-04-15 15:39:46.289210,0 days 00:00:08.039441,0.5235961255633227,0.7447679529298658,16,0.04187514327572992,0.17810076245270148,0.09990255671103894,0.03324379362024669,0.08308970813236302,0.09498994023150242,0.00026649724398267893,17,116,0.06427372870053359,0.205749680326249,True,True,True,1.220990120728716e-08,COMPLETE
1126,0.4197811365127564,2025-04-15 15:39:46.642051,2025-04-15 15:39:54.490086,0 days 00:00:07.848035,0.5574899871409393,0.6610744759031834,16,0.035890985524423276,0.18414303542878557,0.09983549500142416,0.029152884663573637,0.0770838641220448,0.09812692417157438,0.00018684815218998366,14,129,0.05870654729901495,0.19566279156102828,True,True,True,3.568379852202228e-08,COMPLETE
1127,0.4233794569969177,2025-04-15 15:39:54.852519,2025-04-15 15:40:02.773643,0 days 00:00:07.921124,0.48636653472399655,0.7141724133359908,16,0.029121575857941076,0.1995391001140839,0.0970317442480352,0.027235528151356624,0.08028928692060452,0.0960831209087946,0.00031631447778213975,15,123,0.06169000923328901,0.17960443135812984,True,True,True,2.5813183548623233e-08,COMPLETE
1128,0.422593104839325,2025-04-15 15:40:03.143675,2025-04-15 15:40:11.519773,0 days 00:00:08.376098,0.605330099105383,0.7627049944460997,16,0.023922970219845956,0.15907163816672784,0.09662625143771511,0.02318299605825756,0.084924323772328,0.09341170214717409,0.00015638148500911136,17,131,0.06039417570410195,0.1902578844560455,True,True,True,1.7800323003402225e-08,COMPLETE
1129,0.4153771996498108,2025-04-15 15:40:11.883724,2025-04-15 15:40:19.897043,0 days 00:00:08.013319,0.512233001788681,0.7046906971413321,16,0.03830742995540324,0.16791804778566213,0.09452158114963743,0.030539568155241992,0.08123825129694046,0.09662112589960258,0.0002519693505457763,16,123,0.0572797054796724,0.18397317525486942,True,True,True,1.3011025815021883e-08,COMPLETE
1130,0.2048193633556366,2025-04-15 15:40:20.264690,2025-04-15 15:40:28.147572,0 days 00:00:07.882882,0.5834739615147466,0.7822499609591937,16,0.029542270759110055,0.1906067288663137,0.025315409932133017,0.03289982542443035,0.08337368362432224,0.0940801472051428,0.0003371541169442708,16,119,0.06923699757498564,0.2008225551288904,True,True,False,1.4152173129693387e-08,COMPLETE
1131,0.42828878164291384,2025-04-15 15:40:28.533841,2025-04-15 15:40:36.760773,0 days 00:00:08.226932,0.5450354534667781,0.7398906615584447,16,0.024028233136088095,0.1741396749442705,0.09701924086919429,0.027487398373036605,0.08635409168120498,0.09817137312926835,0.00019155431490415413,15,147,0.05937138058123945,0.1778507827090393,True,True,True,1.0066735794224071e-08,COMPLETE
1132,0.4265526413917542,2025-04-15 15:40:37.131168,2025-04-15 15:40:45.377552,0 days 00:00:08.246384,0.5519506492225259,0.7408777329598274,16,0.023145097345637845,0.1755305222698412,0.098104380185112,0.025379392806574343,0.08676550032882009,0.097971734295514,0.00014321595096540818,15,146,0.058985849092016554,0.17929689554690165,True,True,True,1.1207865975228153e-08,COMPLETE
1133,0.42514604330062866,2025-04-15 15:40:45.748221,2025-04-15 15:40:53.814451,0 days 00:00:08.066230,0.5350018355193971,0.6879924419952617,16,0.022304779657112115,0.17082394898446632,0.09256782076595282,0.028204335236148646,0.08704496682092608,0.09990996333013119,0.0001458626570814366,14,146,0.057560762486710215,0.18522547911469966,True,True,True,1.0362031022514753e-08,COMPLETE
1134,0.2048193633556366,2025-04-15 15:40:54.187038,2025-04-15 15:41:02.472678,0 days 00:00:08.285640,0.5427984151241287,0.7313922954755109,16,0.16216592208994604,0.17894319559614516,0.09543275311737674,0.026958906437984754,0.028502323071014343,0.09814917459760165,0.00018280247272129785,15,150,0.06326242359485643,0.19382991948040484,True,True,True,1.6342180066723283e-08,COMPLETE
1135,0.4210445761680603,2025-04-15 15:41:02.841498,2025-04-15 15:41:10.824472,0 days 00:00:07.982974,0.5660597252859901,0.767553557233715,16,0.03271912474479172,0.16676405123559618,0.09669786050816727,0.029305697907523423,0.08542631768900802,0.09641157284636157,0.00018722556682210535,14,142,0.05676018804136887,0.18030423626973582,True,True,True,8.023799244688252e-06,COMPLETE
1136,0.36008256673812866,2025-04-15 15:41:11.196287,2025-04-15 15:41:19.499154,0 days 00:00:08.302867,0.5161739234018395,0.748987454996212,16,0.04584765461012719,0.18489296730116833,0.0942982437262422,0.023559746331719745,0.08720357423094058,0.09757964499834453,0.0002040024163823729,15,148,0.061360280462198574,0.18968367565257463,True,True,True,1.2048702677188465e-08,COMPLETE
1137,0.4248518824577332,2025-04-15 15:41:19.867043,2025-04-15 15:41:28.235281,0 days 00:00:08.368238,0.579251640315582,0.7151462139441255,16,0.028495063864137533,0.17537346384733532,0.09861058972702356,0.030717391460201627,0.08191836170966324,0.09592776416976945,0.00021930822464414948,16,144,0.0661721931590159,0.17593526764125422,True,True,True,1.005147934000848e-08,COMPLETE
1138,0.4246512293815613,2025-04-15 15:41:28.607101,2025-04-15 15:41:36.896846,0 days 00:00:08.289745,0.5349124681385959,0.7342226854449843,16,0.03563211040178389,0.16307171099608617,0.09998328251385057,0.025510171813482967,0.08513881638132377,0.09816434027611247,0.0001636747169394077,15,147,0.059098465983789934,0.18647371359951448,True,True,True,1.4657401255043312e-08,COMPLETE
