number,value,datetime_start,datetime_complete,duration,params_alpha-eval,params_alpha-train,params_batch-size,params_eps-eval,params_eps-train,params_lambda-actions-eval,params_lambda-actions-train,params_lambda-frames-eval,params_lambda-frames-train,params_learning-rate,params_n-epochs,params_n-frames,params_radius-gw,params_rho,params_std-feats,params_ub-actions,params_ub-frames,params_weight-decay,state
113,0.3959142684936524,2025-04-15 13:08:31.224881,2025-04-15 13:08:44.903572,0 days 00:00:13.678691,0.8270926679857873,0.8610984487106939,2,0.02175197934213957,0.1386059734403905,0.001206348768756531,0.06835450226585915,0.08130847882377808,0.023016748209103374,0.001728963727302553,14,118,0.05749271657799325,0.09538606510619801,False,False,True,1.4502157913014983e-08,COMPLETE
114,0.4056516766548157,2025-04-15 13:08:44.942119,2025-04-15 13:08:58.102370,0 days 00:00:13.160251,0.7139741048987437,0.8294200914075707,2,0.02536151101363086,0.15251486991550903,0.0049908859677744374,0.06892852498007775,0.07363721983045655,0.03205613927653805,0.003347683778633288,13,109,0.053559417722076674,0.07467154918585414,False,False,True,0.0008240245802289291,COMPLETE
115,0.40443834066390993,2025-04-15 13:08:58.141302,2025-04-15 13:09:11.809288,0 days 00:00:13.667986,0.7147340567334595,0.8381772126475644,2,0.01325059508871423,0.17190564515410708,0.007983235776146791,0.07017217064515423,0.06895756322843719,0.03075030649865748,0.0019651845963120206,14,106,0.053617324426272754,0.07840605490409672,False,False,True,0.00043661535464112827,COMPLETE
116,0.3842143535614014,2025-04-15 13:09:11.848336,2025-04-15 13:09:25.542134,0 days 00:00:13.693798,0.655056714688216,0.8442882613228506,2,0.012728815669922927,0.1701514331753858,0.005099900885771008,0.06931197782693245,0.0663346283349993,0.032012900744022244,0.0020785717693161667,14,104,0.053808368560638004,0.075896703350354,False,False,True,0.0009001336239649814,COMPLETE
117,0.17461265325546266,2025-04-15 13:09:25.581052,2025-04-15 13:09:38.102970,0 days 00:00:12.521918,0.7158483993100849,0.9158295603040814,2,0.26999277793259313,0.15277922019937087,0.008553344661502253,0.08222404112507789,0.07219896371543143,0.028548669480008972,0.000544324570923761,12,111,0.05601455408051319,0.08436735134525036,False,False,True,0.0005035556598973549,COMPLETE
118,0.28159399628639226,2025-04-15 13:09:38.142103,2025-04-15 13:09:49.617497,0 days 00:00:11.475394,0.6351180831157218,0.9000511283302238,2,0.005886248686515452,0.18022233373604876,0.00714949081551141,0.06389462845223422,0.06786846704248832,0.02667897667153308,0.0026021126858050162,10,108,0.05933758404321021,0.07403866036977083,False,False,True,0.0005970315232041721,COMPLETE
119,0.27057031989097596,2025-04-15 13:09:49.657718,2025-04-15 13:10:04.211248,0 days 00:00:14.553530,0.7781934951125518,0.5685005060146434,2,0.025028923858304485,0.17417708623389877,0.011590107139351769,0.07077672740166129,0.06446915763275553,0.029771718442488836,0.0013204837941368215,13,94,0.05324595204851959,0.11717036743577351,False,False,False,0.00032350995436279364,COMPLETE
120,0.2966807186603546,2025-04-15 13:10:04.250967,2025-04-15 13:10:18.687297,0 days 00:00:14.436330,0.6720641094938032,0.4279796314702151,2,0.0011495105885566854,0.1568891874069522,0.007505887268387085,0.07292992881245226,0.052026252401810524,0.034023533006004754,0.003618880738911403,14,134,0.06233826742993498,0.06458072245411156,True,False,True,0.00046496055672042203,COMPLETE
121,0.38668811321258545,2025-04-15 13:10:18.727473,2025-04-15 13:10:30.759079,0 days 00:00:12.031606,0.7166121233133138,0.8274619136118121,2,0.016139380093118296,0.16607292362047404,0.015432956570079903,0.07604448048475293,0.07007613493261922,0.019003953675910665,0.0019950582055892345,11,126,0.05820063762026827,0.09145267497456817,False,False,True,0.0002268524129272342,COMPLETE
122,0.40205726623535154,2025-04-15 13:10:30.802748,2025-04-15 13:10:44.867999,0 days 00:00:14.065251,0.6914290074232686,0.8775624731484727,2,0.02291131680168136,0.1438892080064233,0.012528745714980239,0.09535691091344672,0.07460300680869643,0.014003613302981867,0.003383643024306245,15,97,0.06134904736929749,0.09818097234584999,False,False,True,0.000708407612600769,COMPLETE
123,0.4033780217170715,2025-04-15 13:10:44.918067,2025-04-15 13:10:59.014176,0 days 00:00:14.096109,0.7557754608376115,0.8768611459543808,2,0.025004169619510075,0.14112652428169925,0.0041120051614065125,0.09463887860194428,0.061443825162441824,0.015896051437155723,0.0010876553710000576,15,97,0.06030840660351308,0.09879999679584144,False,False,True,0.00023856943236882667,COMPLETE
124,0.3992948651313782,2025-04-15 13:10:59.055075,2025-04-15 13:11:13.155308,0 days 00:00:14.100233,0.7480467024025517,0.8819513231113532,2,0.025218205653038523,0.1413045010134491,0.0036397135748283617,0.09534999859309164,0.07352540658386314,0.015209355300865693,0.0011082978779711242,15,98,0.061698883315344726,0.09957614783914076,False,False,True,0.00020271281946984438,COMPLETE
125,0.4063656568527222,2025-04-15 13:11:13.196405,2025-04-15 13:11:27.213414,0 days 00:00:14.017009,0.7484401582653843,0.88479111497349,2,0.02378534570466311,0.14230378075870143,0.004073754794843332,0.09575023002090831,0.0590892930230628,0.01460810694285062,0.0010486421734061822,15,97,0.06282587619614532,0.10049425985783168,False,False,True,0.0001653664745228246,COMPLETE
126,0.4053765535354614,2025-04-15 13:11:27.254749,2025-04-15 13:11:41.466136,0 days 00:00:14.211387,0.7455772372009737,0.9662758789193513,2,0.02485794675641862,0.1431020348601999,0.004324320534989027,0.09502327445084258,0.06117790722892133,0.012247852662445595,0.001064684845014543,15,90,0.06375752171099315,0.10018574339885856,False,False,True,0.00023141869490136548,COMPLETE
127,0.203665828704834,2025-04-15 13:11:41.509545,2025-04-15 13:11:56.139645,0 days 00:00:14.630100,0.6977134223863614,0.9579426944631586,2,0.13895080027475312,0.15139729253896866,0.005168891771073212,0.09434164898322825,0.06051631408836891,0.010949261953686925,0.0008796612620894659,16,89,0.06824654161116155,0.07918994514527612,False,False,True,0.0008222728254697249,COMPLETE
128,0.37336419820785527,2025-04-15 13:11:56.182374,2025-04-15 13:12:03.149289,0 days 00:00:06.966915,0.7548906027598491,0.9177812670840052,16,0.04094407342586777,0.14201995119885408,0.0014478597569332272,0.09182327252984104,0.0562521648141075,0.006311409469902688,0.0006025846394784676,15,96,0.07099149995648733,0.08481566650396147,False,False,True,0.00026537123405334206,COMPLETE
129,0.395473039150238,2025-04-15 13:12:03.192267,2025-04-15 13:12:16.299047,0 days 00:00:13.106780,0.6801551040045838,0.8942571613063027,2,0.03474147955146055,0.14606504617319643,0.00530525300253811,0.09611752452326605,0.05865460515096951,0.012060775889516944,0.0015687730685187845,13,86,0.06348788570153087,0.08846245736414585,False,True,True,0.000339614884889226,COMPLETE
130,0.3829243302345276,2025-04-15 13:12:16.341944,2025-04-15 13:12:29.993686,0 days 00:00:13.651742,0.740998543255884,0.9715273828712738,2,0.021896752639380103,0.12391674735892112,0.009789951261516817,0.09174875340353857,0.06246495775346462,0.00777683714848925,0.0029787079127106563,14,93,0.04619224121918592,0.10210315134711172,False,False,True,0.0006913728754221741,COMPLETE
131,0.3999012470245361,2025-04-15 13:12:30.037089,2025-04-15 13:12:44.118848,0 days 00:00:14.081759,0.7671340682754018,0.8802833393405209,2,0.026430273115068303,0.1384251775327988,0.0030143023458015523,0.09909847943365258,0.05397736520559312,0.016846768849175284,0.0009326311925689908,15,99,0.061372338639472605,0.10133417044435096,False,False,True,0.00013713151229468353,COMPLETE
132,0.41127334833145146,2025-04-15 13:12:44.161759,2025-04-15 13:12:56.759063,0 days 00:00:12.597304,0.7974425361636468,0.8655588692832246,2,0.016448969846414484,0.1358926224807589,0.0031612614042495777,0.09971502144546798,0.05392938555675618,0.019754735693820885,0.0012166948605447472,12,91,0.06485574500977523,0.11591717298330188,False,False,True,0.0001274483799584553,COMPLETE
133,0.40891004800796515,2025-04-15 13:12:56.802706,2025-04-15 13:13:09.256516,0 days 00:00:12.453810,0.7230210567866563,0.8541460686756301,2,0.02022099938155541,0.13169598694297707,0.008531276243089475,0.08783662509036388,0.061332618600865065,0.01546077084709864,0.0021911161365822593,12,87,0.06579993736638565,0.11687848355417982,False,False,True,0.00015997594164236765,COMPLETE
134,0.4065449833869934,2025-04-15 13:13:09.300494,2025-04-15 13:13:21.750868,0 days 00:00:12.450374,0.8036642467899044,0.842311684359259,2,0.017781208502254522,0.1329737426832774,0.001047349989009896,0.09482115573653463,0.05860691125717576,0.015902837893469333,0.0011779519673475079,12,91,0.0657713015741403,0.1208576308777301,False,False,True,6.064475405791415e-05,COMPLETE
135,0.37707301378250124,2025-04-15 13:13:21.795737,2025-04-15 13:13:33.136220,0 days 00:00:11.340483,0.8056741365588302,0.8433066958371905,2,0.0410413629486952,0.10967316882567463,0.0028470016910868536,0.08987305500152314,0.05864711913368467,0.015337726888075155,0.0011464482733503337,10,80,0.06611814607963533,0.11981345193370056,False,False,True,0.0001513495123452913,COMPLETE
136,0.40233525037765505,2025-04-15 13:13:33.182081,2025-04-15 13:13:45.807667,0 days 00:00:12.625586,0.7874261553013454,0.8660651584478947,2,0.018442013624090065,0.13258678244439667,0.012281311265456714,0.08627767029247929,0.051418659886748874,0.01952194880925266,0.00041633299035323843,12,91,0.06417674507256846,0.11293260766427848,False,False,True,7.913485793460885e-05,COMPLETE
137,0.3981018662452698,2025-04-15 13:13:45.860798,2025-04-15 13:13:58.912145,0 days 00:00:13.051347,0.7941505146046026,0.8660092325229989,2,0.015473719449679938,0.1310840274891391,0.004720286203604228,0.09715961914437203,0.04858020687466765,0.02351752496580195,0.0004515315893539847,13,89,0.06913820565090165,0.11520991956052859,False,False,True,0.00010422133895148707,COMPLETE
138,0.403630793094635,2025-04-15 13:13:58.966001,2025-04-15 13:14:10.929962,0 days 00:00:11.963961,0.7717391855694119,0.8328451605800439,2,0.031728718250498084,0.1227874887819024,0.010046879259817511,0.08602505722443453,0.054262091518813164,0.019709956673642937,0.0006253593796314165,11,77,0.06460431141040053,0.12103407979538054,False,False,True,6.649166390822731e-05,COMPLETE
139,0.35805243253707886,2025-04-15 13:14:10.975319,2025-04-15 13:14:22.858587,0 days 00:00:11.883268,0.7364135310779908,0.8283985279304659,2,0.05219760875369253,0.12261580907292649,0.008023790512083313,0.09343450306225379,0.053918853911051494,0.01610095966004073,0.0006956936180545461,11,82,0.06724389150619316,0.12083366253142672,False,False,True,6.721219336648522e-05,COMPLETE
140,0.3901766061782837,2025-04-15 13:14:22.904944,2025-04-15 13:14:33.738099,0 days 00:00:10.833155,0.766431360588365,0.9378885974165841,2,0.032852124450574324,0.12035065215252232,0.0012760201017352074,0.08895280519961687,0.06057901466292792,0.012555136732545893,0.0013780761163580924,9,74,0.07380345191034507,0.1259232250745358,False,False,True,0.0001692824965624631,COMPLETE
141,0.3979711174964905,2025-04-15 13:14:33.784666,2025-04-15 13:14:46.302123,0 days 00:00:12.517457,0.7878548715649527,0.8500323483382194,2,0.0159478541740274,0.13187801956885226,0.010353794850517448,0.0859897845407446,0.04411085987225341,0.019888351914627823,0.00018912226275758244,12,76,0.06482740852156102,0.14190798129003684,False,False,True,4.8087760591016576e-05,COMPLETE
142,0.39364904165267944,2025-04-15 13:14:46.348808,2025-04-15 13:14:58.847109,0 days 00:00:12.498301,0.843183666452336,0.8053396203820626,2,0.028252397043234498,0.12660655307126736,0.005264738732401398,0.0998416746685172,0.04990376033427047,0.018340294065612148,0.00044011665583857865,12,92,0.07151360099592874,0.11166120411146102,False,False,True,0.00010904699013136984,COMPLETE
143,0.34687602519989014,2025-04-15 13:14:58.895377,2025-04-15 13:15:10.825309,0 days 00:00:11.929932,0.8001073588774144,0.8320737551790017,2,0.013078403370153835,0.11436164833278376,0.009096368051731045,0.09310313858026295,0.05220595713861458,0.025527716821598437,0.00028122808447401693,11,86,0.06536804574011917,0.10641643970615544,False,False,True,7.241742616851742e-05,COMPLETE
144,0.41144673824310307,2025-04-15 13:15:10.872380,2025-04-15 13:15:23.965020,0 days 00:00:13.092640,0.761555594871326,0.8530039727473671,2,0.034729512917393485,0.1302378288439144,0.01251142984907308,0.08676699710863044,0.056427502324940135,0.021174721763677712,0.0005976832977000566,13,92,0.06355959292653594,0.13586910592414536,False,False,True,7.803440162427216e-05,COMPLETE
145,0.4000313401222229,2025-04-15 13:15:24.012465,2025-04-15 13:15:37.015532,0 days 00:00:13.003067,0.7524055390771703,0.8973462680615695,2,0.03556050908829807,0.10998447559011082,0.003549212746493,0.09061499173200468,0.057018503557632154,0.009823256823666937,0.0007901442025393695,13,79,0.06846056624534275,0.13254272653775018,False,False,True,3.875797828716625e-05,COMPLETE
146,0.3991432905197143,2025-04-15 13:15:37.064023,2025-04-15 13:15:48.533608,0 days 00:00:11.469585,0.7216099726905454,0.9142188303919082,2,0.04218961227756276,0.15578913649959028,0.0010086073004785256,0.08277878383506485,0.05426445131122148,0.021980873346792437,0.0006294373468090214,10,101,0.06391826987502458,0.1375245785093298,False,False,True,0.00033992000454310885,COMPLETE
147,0.2752438068389893,2025-04-15 13:15:48.581481,2025-04-15 13:16:03.127037,0 days 00:00:14.545556,0.8104619630626907,0.8199890429806677,2,0.027928639355596335,0.11999153470962226,0.006375766455737912,0.08521244502728964,0.06521864197904471,0.017791003018969093,0.0009538426398951832,13,90,0.06738537838928309,0.24731123710020259,False,False,False,0.00023087548941532293,COMPLETE
148,0.4010289430618287,2025-04-15 13:16:03.175304,2025-04-15 13:16:10.463125,0 days 00:00:07.287821,0.7653921820066838,0.799924215698959,16,0.009690526524593004,0.13528139175066287,0.01057380487493395,0.09702456406761989,0.05855145262793616,0.006260952758112441,0.0011005170061205004,14,95,0.07027658444936769,0.12027623804827363,True,False,True,2.5759694303375577e-05,COMPLETE
149,0.2626820862293244,2025-04-15 13:16:10.513730,2025-04-15 13:16:25.063055,0 days 00:00:14.549325,0.8290135666722528,0.8498978280611797,2,0.0004942953983268737,0.12711322304966022,0.004836326581274362,0.08828791895906862,0.06070874728348921,0.024859997082857375,0.00234263095950767,16,85,0.060344040318006,0.14472985524744245,False,False,True,0.00017969930680079735,COMPLETE
150,0.20089993476867676,2025-04-15 13:16:25.112281,2025-04-15 13:16:38.144038,0 days 00:00:13.031757,0.7022779010963265,0.7783807627237411,2,0.03631686958345362,0.16015008635712083,0.01375002161712255,0.0930034756457277,0.05565276658901519,0.020996106541447408,0.0005355341692500653,13,65,0.011111486318091557,0.12680106933810212,False,False,True,6.0009072548965215e-05,COMPLETE
151,0.2756983757019043,2025-04-15 13:16:38.202799,2025-04-15 13:16:50.671485,0 days 00:00:12.468686,0.37162421033337273,0.8589186392234609,2,0.018328943132734383,0.13722660765141378,0.012279204741102698,0.08687582267822987,0.05135217192751413,0.019035491642670103,0.0007835164150259287,12,87,0.06370622842253258,0.11348596515332146,False,False,True,8.508671230745155e-05,COMPLETE
152,0.41062818765640263,2025-04-15 13:16:50.723388,2025-04-15 13:17:02.665504,0 days 00:00:11.942116,0.7777457681077047,0.8707065276982576,2,0.018161035332720385,0.13302479526677413,0.008242620560979446,0.09775310307395203,0.05796006615753568,0.027238617495565238,0.0015154637113901162,11,90,0.0657326989079575,0.11169694370078156,False,False,True,0.00012857659861131252,COMPLETE
153,0.41152300834655764,2025-04-15 13:17:02.715917,2025-04-15 13:17:14.636185,0 days 00:00:11.920268,0.7402147445278278,0.889699993953972,2,0.02880614661713303,0.10733826824491458,0.00846713347625477,0.09867233104475817,0.05772383407008287,0.029021947260043535,0.0015519127242665087,11,95,0.06621765587950024,0.10689608397933009,False,False,True,0.00013108432601209886,COMPLETE
154,0.405665111541748,2025-04-15 13:17:14.686221,2025-04-15 13:17:26.562784,0 days 00:00:11.876563,0.730825070852571,0.930835530495454,2,0.03110736489618336,0.10638068279697345,0.008418194397064635,0.09970920212406187,0.05751859316595154,0.028349055233580864,0.001417963757198143,11,82,0.06649886847413418,0.2868379697182627,False,False,True,0.00011067946267887648,COMPLETE
155,0.3955392360687256,2025-04-15 13:17:26.612713,2025-04-15 13:17:38.630587,0 days 00:00:12.017874,0.7327546723625851,0.9695740577642193,2,0.03173982568696862,0.10515222728549559,0.00867031823803686,0.097978363352213,0.05745069532463666,0.027863946253054436,0.0015790887307426593,11,83,0.07242707803100347,0.29447591348661634,False,False,True,0.00012136701665571242,COMPLETE
156,0.3839492440223694,2025-04-15 13:17:38.681172,2025-04-15 13:17:50.239717,0 days 00:00:11.558545,0.7804547650539563,0.9436688735963296,2,0.027826523889595493,0.09989348669283843,0.006718804257958887,0.0989889019237304,0.05528668051462206,0.023689181653788506,0.002135003013338116,10,81,0.06717118087963374,0.27393001365333325,False,True,True,0.00012943917947481217,COMPLETE
157,0.2655051350593567,2025-04-15 13:17:50.291145,2025-04-15 13:18:01.194668,0 days 00:00:10.903523,0.735106516201661,0.9161894999589713,2,0.007855116390332206,0.09597478384315913,0.009268346054521846,0.09744728807859512,0.05899586618907291,0.0268413858374848,0.0018058477650392424,9,76,0.06954521849160701,0.18575089855927907,False,False,True,9.948759829509571e-05,COMPLETE
158,0.3987465858459473,2025-04-15 13:18:01.246066,2025-04-15 13:18:13.241834,0 days 00:00:11.995768,0.7040816448715796,0.8855452262385745,2,0.04886050730296651,0.108188901704516,0.007555509989591346,0.09596151295908438,0.06753509394452636,0.02949304335054437,0.0013518382457957583,11,91,0.06572385840282201,0.1239721515122312,False,False,True,5.31670459270274e-05,COMPLETE
159,0.40833225250244143,2025-04-15 13:18:13.293900,2025-04-15 13:18:25.780395,0 days 00:00:12.486495,0.7702332126566707,0.9307485233588317,2,0.03452720321612715,0.12456825309339767,0.010384841902182959,0.09977711847924094,0.06428739857146235,0.02245548263982825,0.0012237022664935019,12,103,0.06263304604580616,0.20494802627317482,False,False,True,0.00029860445847705564,COMPLETE
160,0.3956291913986206,2025-04-15 13:18:25.832079,2025-04-15 13:18:38.337245,0 days 00:00:12.505166,0.6780278682839077,0.9328510320515397,2,0.03821095028462779,0.12777466268862325,0.0031732317531032728,0.09882769301546175,0.06361344076241203,0.025879888844730095,0.00126695754989956,12,104,0.07581000547266536,0.22760817183317056,False,False,True,0.0001736981193797333,COMPLETE
161,0.38625627756118774,2025-04-15 13:18:38.389731,2025-04-15 13:18:49.814757,0 days 00:00:11.425026,0.7664096077275697,0.903010471025823,2,0.020221119344640416,0.12191320596592041,0.01066459219767106,0.09214618000677474,0.06534755900943438,0.02259025324074341,0.002651022271782241,10,94,0.06298840263376564,0.19941362719649314,False,False,True,0.00030341501919918426,COMPLETE
162,0.3806136608123779,2025-04-15 13:18:49.877975,2025-04-15 13:19:02.046489,0 days 00:00:12.168514,0.7433092038934981,0.9541742953037269,2,0.028756566701388576,0.11308615697483962,0.006015931138362324,0.09949158963955669,0.05817104502251958,0.033694181291821404,0.001536724668271154,11,101,0.06839296571290236,0.27070821617601093,False,False,True,0.00014019033170816994,COMPLETE
163,0.406061851978302,2025-04-15 13:19:02.100631,2025-04-15 13:19:15.023538,0 days 00:00:12.922907,0.8010633282036749,0.8392763032767389,2,0.03352752405030071,0.1488925755919167,0.008245570373601819,0.07946062627892295,0.06137306766754425,0.02064030118362732,0.0008255608528621143,13,89,0.0662436806100474,0.2859649059878367,False,False,True,8.684749218076049e-05,COMPLETE
164,0.3941481232643128,2025-04-15 13:19:15.076995,2025-04-15 13:19:28.031192,0 days 00:00:12.954197,0.8095022408234989,0.8972528609461631,2,0.04234553532862962,0.14600430391021021,0.007490323458551861,0.07829252891550915,0.06840012602908366,0.0236702204500471,0.0010038775750571896,13,87,0.06675612238194722,0.2987006683222458,False,False,True,0.0003785005233261506,COMPLETE
165,0.2664392352104187,2025-04-15 13:19:28.085910,2025-04-15 13:19:40.639897,0 days 00:00:12.553987,0.7239565061671062,0.982263361764036,2,0.012616551489662927,0.1519734550312261,0.005342509120659554,0.09665720980302278,0.06208251864260389,0.02790971261362781,0.001962963003291257,12,95,0.07042705096795468,0.2871715078234302,False,False,True,0.00019067685502544812,COMPLETE
166,0.30699021816253663,2025-04-15 13:19:40.693798,2025-04-15 13:19:54.264581,0 days 00:00:13.570783,0.7890897370974497,0.9278573759735901,2,0.021039334478072054,0.13235311850816833,0.07593220620702619,0.09527028604848904,0.05966099210623479,0.021532660451173895,0.0007906264536150552,14,88,0.03290545162066307,0.28383631113910623,False,False,True,1.2010663664966573e-05,COMPLETE
167,0.39374451637268065,2025-04-15 13:19:54.320669,2025-04-15 13:20:07.350477,0 days 00:00:13.029808,0.8227042870668297,0.8647183014384583,2,0.03480075938024311,0.1360864155453984,0.012796923561589098,0.0936873671794648,0.06427337437296549,0.01269333188898189,0.0015974277517929142,13,92,0.06301543552739686,0.10791507859899323,False,False,True,9.938553286770115e-05,COMPLETE
168,0.40632317066192625,2025-04-15 13:20:07.405471,2025-04-15 13:20:19.957690,0 days 00:00:12.552219,0.7980980686416577,0.8458653350239634,2,0.02461577455076204,0.14999370791050923,0.002788854941492453,0.09988738892125872,0.061011010273922306,0.02450042816381756,0.001203199621131989,12,99,0.05485488623780732,0.2847134323599839,False,False,True,0.0002878160184899903,COMPLETE
169,0.1667704999446869,2025-04-15 13:20:20.012508,2025-04-15 13:20:32.479923,0 days 00:00:12.467415,0.8421366571911717,0.8442027317654563,2,0.2369993718047894,0.1484896477679747,0.0025950061426992625,0.09945310248533497,0.061904467638282765,0.02535394161970446,0.0011956794857662044,12,106,0.05727102130627648,0.2594368947903267,False,False,True,0.0002739270214114523,COMPLETE
