number,value,datetime_start,datetime_complete,duration,params_alpha-eval,params_alpha-train,params_batch-size,params_eps-eval,params_eps-train,params_lambda-actions-eval,params_lambda-actions-train,params_lambda-frames-eval,params_lambda-frames-train,params_learning-rate,params_n-epochs,params_n-frames,params_radius-gw,params_rho,params_std-feats,params_ub-actions,params_ub-frames,params_weight-decay,state
512,0.42553240060806274,2025-04-13 15:02:25.145654,2025-04-13 15:02:32.434006,0 days 00:00:07.288352,0.7097198176048127,0.6264071347117405,16,0.020364159519753622,0.041871663099267216,0.050588682808286656,0.06559883856067976,0.08451562244632066,0.008548289852518813,0.00010434820849314312,21,56,0.05193848494333811,0.27953512711691547,False,True,True,3.569089176562414e-05,COMPLETE
513,0.4217616438865661,2025-04-13 15:02:32.603362,2025-04-13 15:02:39.785769,0 days 00:00:07.182407,0.7213713533131063,0.6282506858629657,16,0.01954431050552072,0.04205970590454759,0.05085459032927585,0.06104969010154033,0.08724460616419788,0.008860671446947018,0.00019074317616343537,19,57,0.05210478928216672,0.26823949592820145,False,True,True,3.542500415316744e-05,COMPLETE
514,0.23142415285110474,2025-04-13 15:02:39.946536,2025-04-13 15:02:46.892165,0 days 00:00:06.945629,0.7107474131519199,0.6292220075940668,16,0.03453239537819695,0.03906574991440877,0.0554595532039415,0.06545881542593539,0.08525635151626616,0.012303876546090964,0.00010314477445587256,18,54,0.056344705346537384,0.2807889401837201,False,True,False,2.6542810508627788e-05,COMPLETE
515,0.40644925832748413,2025-04-13 15:02:47.063504,2025-04-13 15:02:54.382089,0 days 00:00:07.318585,0.6938491572196411,0.6459579628716428,16,0.020050348639087452,0.04981137483770084,0.0484201219043853,0.06580311736092398,0.08627605321457228,0.007658059244009371,0.00011308862105751505,21,48,0.048607520702286085,0.27361228866103393,False,True,True,3.589956246758603e-05,COMPLETE
516,0.42279634475708006,2025-04-13 15:02:54.551074,2025-04-13 15:03:02.011917,0 days 00:00:07.460843,0.7312022983214147,0.6250062211093584,16,0.028420254012745165,0.03813862285123327,0.04682183545778825,0.06298088978567112,0.08266773217023582,0.005243833633505578,0.00015608630149983294,23,53,0.050914194720552135,0.2658453498371435,False,True,True,1.5306087239344142e-05,COMPLETE
517,0.4234563946723938,2025-04-13 15:03:02.176799,2025-04-13 15:03:09.513592,0 days 00:00:07.336793,0.6540884614774195,0.6520296846286036,16,0.03398790711922345,0.04784916875890758,0.05753834778902032,0.07205290582692847,0.0842640849123726,0.01018679982852351,0.00020157060321775692,21,51,0.053344453783115316,0.280070068428968,False,True,True,2.4830887004405104e-05,COMPLETE
518,0.38626580238342284,2025-04-13 15:03:09.685593,2025-04-13 15:03:15.676294,0 days 00:00:05.990701,0.7420027315406844,0.626311384927893,16,0.025769813614423494,0.05433233309345196,0.050115194262758345,0.06670284781145201,0.08772291023418297,0.0050783176781555315,0.00013766704278738302,6,56,0.04686632438708389,0.26538079616397553,False,True,True,3.087203909236737e-05,COMPLETE
519,0.20747689604759217,2025-04-13 15:03:15.837607,2025-04-13 15:03:23.245827,0 days 00:00:07.408220,0.7101999901156509,0.6238626660130738,16,0.14430357999095855,0.045659839495858966,0.052503281535437596,0.06898138990542727,0.0814231394954456,0.007565181806943825,0.0001677299227747649,23,49,0.05538956606946996,0.27390524517158327,False,True,True,1.7155041576904823e-05,COMPLETE
520,0.425766122341156,2025-04-13 15:03:23.422503,2025-04-13 15:03:30.693784,0 days 00:00:07.271281,0.6734730319888605,0.6477172061153401,16,0.019632184828934262,0.037963985777494325,0.05466325687636087,0.06730455569254613,0.08507739771615086,0.003691230101354056,0.00011763833366391985,20,58,0.05103801954687061,0.26489345080021975,False,True,True,2.357758486392726e-05,COMPLETE
521,0.40539878606796265,2025-04-13 15:03:30.858407,2025-04-13 15:03:38.048254,0 days 00:00:07.189847,0.6741751924638294,0.6730953825389644,16,0.022066605171969293,0.05241295000643015,0.055043797859114396,0.06708665573065739,0.08565306272332056,0.0035886529379886563,0.00012028687388145443,20,58,0.0499820866264819,0.26447927287496925,False,False,True,2.3533018792558712e-05,COMPLETE
522,0.401796567440033,2025-04-13 15:03:38.212742,2025-04-13 15:03:45.367491,0 days 00:00:07.154749,0.6913529310488395,0.6443929391781069,16,0.01995410947533887,0.03862686395769682,0.05953290229372393,0.0708018645971196,0.08303524933569595,0.009596471704399045,0.00010051555873636042,19,54,0.04408327952312339,0.27130416542369123,False,True,True,3.958675457193222e-05,COMPLETE
523,0.2048193633556366,2025-04-13 15:03:45.542381,2025-04-13 15:03:52.743109,0 days 00:00:07.200728,0.6414604888090603,0.6710907629406025,16,0.2500155904422291,0.047760630648447384,0.051100950511004585,0.06396502254255214,0.08448229769180486,0.005251618872081475,0.00012954329682251977,20,63,0.05305433400011253,0.2646194033542704,False,True,True,2.802102215444959e-05,COMPLETE
524,0.4256814002990723,2025-04-13 15:03:52.906247,2025-04-13 15:04:00.088206,0 days 00:00:07.181959,0.72124615586893,0.642927907182618,16,0.03053072208771504,0.04296990163042385,0.053752569884469754,0.06924039353493062,0.07830341537337435,0.007714588053836541,8.055838218075744e-05,20,47,0.05121566775332246,0.2812161381522881,False,True,True,1.3355640209716099e-05,COMPLETE
525,0.4044607758522034,2025-04-13 15:04:00.264882,2025-04-13 15:04:07.338314,0 days 00:00:07.073432,0.7208296572264551,0.6585488909111722,16,0.032172205466322726,0.03724752481948094,0.05377766400395856,0.0677599596795413,0.07786609116973334,0.007720272846878254,8.099107721335172e-05,19,48,0.04918392436613937,0.27817603496414967,False,True,True,9.757059457225154e-06,COMPLETE
526,0.42104662656784064,2025-04-13 15:04:07.503288,2025-04-13 15:04:14.708771,0 days 00:00:07.205483,0.6765348521653178,0.6442411472629093,16,0.03569860510216276,0.04357900929641169,0.05600175260480553,0.07247738658861497,0.0756275193738916,0.0036788759276423716,7.07365917479951e-05,20,51,0.05150144428619092,0.2830853453463824,False,True,True,1.4065172662801727e-05,COMPLETE
527,0.4039459228515625,2025-04-13 15:04:14.871825,2025-04-13 15:04:22.174784,0 days 00:00:07.302959,0.7359929582380565,0.6754188760023875,16,0.030193127013537015,0.05407798468266473,0.049179693136777544,0.0697231416821783,0.07780206268563461,0.0063209412615932575,0.00010809767935913323,21,56,0.047265061831231046,0.2817873623608782,False,True,True,1.844388368939362e-05,COMPLETE
528,0.4159829735755921,2025-04-13 15:04:22.354517,2025-04-13 15:04:29.620100,0 days 00:00:07.265583,0.5752991519399311,0.6542284568332125,16,0.030479012810266295,0.03616863243544047,0.04556919099888377,0.06627856882722044,0.08134873422599889,0.010106188651908748,0.00017126859400919725,21,52,0.055070627320051996,0.27553098850281554,False,True,True,8.442408218165105e-06,COMPLETE
529,0.4239519596099854,2025-04-13 15:04:29.783336,2025-04-13 15:04:37.033274,0 days 00:00:07.249938,0.7583433652299613,0.6331926705211284,16,0.018378985957634215,0.04334089729994535,0.0577230143573163,0.061257201008930715,0.08675640683451781,0.003358483901572532,0.00014985645030655756,20,60,0.05036428933339152,0.2726969225858355,False,True,True,1.301970554584777e-05,COMPLETE
530,0.4178520441055298,2025-04-13 15:04:37.211298,2025-04-13 15:04:44.306724,0 days 00:00:07.095426,0.7022501615420722,0.6743749055234876,16,0.02696492040501157,0.05528412171490256,0.052283115648933086,0.06518367576215353,0.07971677190330077,0.007781448833476136,8.686905453540969e-05,19,46,0.053185023439387746,0.28187141909570546,False,True,True,2.342447944479166e-05,COMPLETE
531,0.4218774318695069,2025-04-13 15:04:44.471953,2025-04-13 15:04:51.692235,0 days 00:00:07.220282,0.7527065816321946,0.6382495351790618,16,0.03596078268252703,0.0494417677547203,0.05394313268372977,0.06898493364616434,0.08303635933446434,0.005358949455879128,0.00021937955229475912,20,48,0.05143578115156775,0.2698031420710607,False,True,True,3.2725083290337114e-05,COMPLETE
532,0.2077039897441864,2025-04-13 15:04:51.871178,2025-04-13 15:04:59.016171,0 days 00:00:07.144993,0.7210801232879871,0.6210782471445812,16,0.1616017569558203,0.04142070392633709,0.04736958914401835,0.0720957683548897,0.07353755423913934,0.013635312766354362,0.00011680327695998325,20,54,0.04833856988776287,0.275896193050828,False,True,True,1.752712694053893e-05,COMPLETE
533,0.2228254318237305,2025-04-13 15:04:59.182398,2025-04-13 15:05:06.419899,0 days 00:00:07.237501,0.6580174897014637,0.65704958825325,16,0.017384789342602118,0.035969661410668444,0.0503531293152841,0.0744833751989066,0.0786159164431626,0.01127895625861005,6.003996208948383e-05,21,58,0.056675626987547,0.2680114888767747,False,True,False,2.110079652860683e-05,COMPLETE
534,0.4213030934333801,2025-04-13 15:05:06.586622,2025-04-13 15:05:13.892031,0 days 00:00:07.305409,0.6913461204002339,0.6251746901965936,16,0.027887336647344725,0.0487097755585734,0.061383570900876865,0.06749632628697097,0.08772665648168972,0.002750092122206547,0.00019167097116585828,21,50,0.05337937069029322,0.28146644795680326,False,True,True,3.6710075065761115e-05,COMPLETE
535,0.4045974612236023,2025-04-13 15:05:14.070175,2025-04-13 15:05:21.298306,0 days 00:00:07.228131,0.7415749869839103,0.6515150147989097,16,0.036762854362215165,0.05475253291955176,0.056259225009433124,0.07047444200763484,0.08557898806123762,0.00861221127846951,9.788365027454065e-05,21,46,0.04974692860059068,0.2725233070508094,False,True,True,2.589595199258575e-05,COMPLETE
536,0.40340803861618046,2025-04-13 15:05:21.466391,2025-04-13 15:05:28.660798,0 days 00:00:07.194407,0.7092921891203091,0.6773092870066407,16,0.025550233800872395,0.04339189863330257,0.05351099504490949,0.06309610737712662,0.08140772055105833,0.006010627847025902,0.000151833450839777,20,55,0.04555742297409621,0.26605468913817354,False,True,True,1.0914462795997365e-05,COMPLETE
537,0.2048193633556366,2025-04-13 15:05:28.839061,2025-04-13 15:05:36.198755,0 days 00:00:07.359694,0.6174584557455476,0.6229435395429207,16,0.19566249741592165,0.050716989550073054,0.051615061429993975,0.07452732516506996,0.0836682565906635,0.004727390432673921,0.00013601832741957112,22,52,0.05501016641004992,0.2762424813246392,False,True,True,1.7743693755228635e-05,COMPLETE
538,0.4177988409996033,2025-04-13 15:05:36.366031,2025-04-13 15:05:43.818191,0 days 00:00:07.452160,0.6651173424616657,0.6434036053084523,16,0.019173971145015338,0.03697366081607591,0.04916486264888009,0.06916091974149795,0.08790911952393589,0.0070483256398999675,8.649505433918008e-05,22,58,0.051784230391443614,0.2797040843441495,False,True,True,2.9491254052788934e-05,COMPLETE
539,0.4074131011962891,2025-04-13 15:05:43.987841,2025-04-13 15:05:50.991984,0 days 00:00:07.004143,0.729703187369022,0.6200598663928927,16,0.0305984749371561,0.14788157888514666,0.04289573012964314,0.06485097333876513,0.0851260225060783,0.00253469501200603,0.00011213006616783372,18,47,0.0478490179833153,0.27027789930130225,False,True,True,1.3814685245038408e-05,COMPLETE
540,0.4218229413032532,2025-04-13 15:05:51.172689,2025-04-13 15:05:58.579016,0 days 00:00:07.406327,0.6846542671733662,0.661674803780227,16,0.024388032824806744,0.04414481968860667,0.05528120479645117,0.07302721390718585,0.08152224802352633,0.009232632991897683,0.00018109118194644942,21,68,0.05063508834704021,0.26368268088403185,False,False,True,2.152130087827251e-05,COMPLETE
541,0.4213034749031067,2025-04-13 15:05:58.748331,2025-04-13 15:06:06.096079,0 days 00:00:07.347748,0.7640095386256397,0.642544814876302,16,0.032923868663007484,0.05638042600509719,0.05901173931070951,0.06801044500423471,0.0753785241065134,0.0010136415079064318,0.00012813087856280338,22,52,0.053699886706837945,0.27404388220893766,False,True,True,4.061442159836313e-05,COMPLETE
542,0.41952092647552497,2025-04-13 15:06:06.275072,2025-04-13 15:06:13.657182,0 days 00:00:07.382110,0.7087177144763932,0.6796371030565531,16,0.01812287139494237,0.048976335243876803,0.052070243595569346,0.07109947701603694,0.07986499895649898,0.004214875067487619,7.758767984978105e-05,22,61,0.056471367980704464,0.2815610256447115,False,True,True,2.8273756162476223e-05,COMPLETE
543,0.4137348771095276,2025-04-13 15:06:13.824969,2025-04-13 15:06:21.067570,0 days 00:00:07.242601,0.6366286940168728,0.6294402047022863,16,0.03815092384546669,0.04150600294738395,0.05713905463521476,0.06648591481429685,0.0833482304420994,0.006675313600766862,0.00019947993534615146,21,49,0.04906871243872439,0.2677742660134728,False,True,True,1.572421572039205e-05,COMPLETE
544,0.42269259691238403,2025-04-13 15:06:21.252261,2025-04-13 15:06:28.379002,0 days 00:00:07.126741,0.7450261366723688,0.6618539973052222,16,0.023967109462600677,0.0345927898207108,0.04769038482334273,0.07573215042956792,0.08671562355277096,0.011931301314722803,9.539035756838922e-05,19,56,0.05171856269175928,0.2621904985937318,False,True,True,2.222722057983325e-05,COMPLETE
545,0.4034980535507202,2025-04-13 15:06:28.548332,2025-04-13 15:06:35.886959,0 days 00:00:07.338627,0.7203990074052741,0.6418452609747809,16,0.01716057848700618,0.055224954102008034,0.054904929897080304,0.06949150287030424,0.07838224249574563,0.005091895278078006,0.00014732961568427933,21,63,0.04622856511737833,0.27297888038710333,False,True,True,3.365269490835073e-05,COMPLETE
546,0.424303936958313,2025-04-13 15:06:36.059041,2025-04-13 15:06:43.518075,0 days 00:00:07.459034,0.6768140962665897,0.618091841571744,16,0.029625177866724365,0.0478124029840753,0.04982350565075666,0.07397083803200535,0.08495794823353367,0.008556046349256167,0.0001115646510041694,23,46,0.05446274121675316,0.2834970837723627,False,True,True,1.1370629633311158e-05,COMPLETE
547,0.4082862973213196,2025-04-13 15:06:43.698785,2025-04-13 15:06:50.919687,0 days 00:00:07.220902,0.6962156261545716,0.6186123278448876,16,0.025646249847744794,0.03938560999930104,0.05360814425866728,0.06468527290743688,0.08866890189251202,0.0028095109510433212,0.00022026879111189848,20,53,0.049863774600112085,0.2689745073818978,False,True,True,1.9991733823683404e-05,COMPLETE
548,0.4184154987335206,2025-04-13 15:06:51.090544,2025-04-13 15:06:58.447678,0 days 00:00:07.357134,0.7666714026307465,0.682203081219916,16,0.03664798942458193,0.05143233659556297,0.045556960724094535,0.0579492938061857,0.07682166612592621,0.007024550060040737,0.00017257286802243864,22,50,0.052339054121809336,0.277041794171725,False,True,True,1.6099299367254496e-05,COMPLETE
549,0.4234606266021729,2025-04-13 15:06:58.632704,2025-04-13 15:07:06.163107,0 days 00:00:07.530403,0.7412093414939407,0.6513904103857577,16,0.019259533204528678,0.042204502746349376,0.060531504044566906,0.059531626744681966,0.08096736417312843,0.010069555346262457,0.0001393791550536968,23,58,0.05650999796395955,0.2634182451431102,False,True,True,4.114007873210787e-05,COMPLETE
550,0.4209241271018982,2025-04-13 15:07:06.334709,2025-04-13 15:07:13.752782,0 days 00:00:07.418073,0.7075080631911187,0.6380690500482107,16,0.029930111132432102,0.055982368384402535,0.05165847082003584,0.06698544639299513,0.08264246625910693,0.0045848273251362075,6.695872416883421e-05,22,55,0.05281359489446456,0.27332030596852225,False,True,True,2.7378599948762265e-05,COMPLETE
551,0.4080808997154236,2025-04-13 15:07:13.935707,2025-04-13 15:07:21.070942,0 days 00:00:07.135235,0.6488150804895095,0.619586514739429,16,0.022790700271315488,0.03341125727291856,0.05687971601043214,0.07665817043214368,0.08617845952627161,0.00340950486268206,0.00012087730334966344,20,47,0.04787947440861879,0.2799057768208408,False,True,True,2.4758670365829388e-05,COMPLETE
552,0.20933849811553956,2025-04-13 15:07:21.244741,2025-04-13 15:07:27.626721,0 days 00:00:06.381980,0.6901045824492187,0.6669911211658744,16,0.17285833853699306,0.0461912944137867,0.0489733157404277,0.07248625646759771,0.08387390717889277,0.006188643549323081,9.365081395049494e-05,12,51,0.04995853709853907,0.2689802196537098,False,True,False,3.2074658971412266e-05,COMPLETE
553,0.39759970903396613,2025-04-13 15:07:27.809148,2025-04-13 15:07:35.149858,0 days 00:00:07.340710,0.6683578767352163,0.6549241413221726,16,0.016707914540677292,0.05053833818265266,0.05425878262348731,0.07062730044960165,0.08873086424613207,0.0011388360917333707,4.9390132723146865e-05,21,54,0.04311730343117135,0.2628671961690662,False,True,True,1.932581012058512e-05,COMPLETE
554,0.4236896276473999,2025-04-13 15:07:35.325564,2025-04-13 15:07:42.300936,0 days 00:00:06.975372,0.7303046483980143,0.6156744418762097,16,0.03314881194969172,0.04002531882045439,0.05856801177211283,0.06254138008889004,0.07897308488718897,0.00835850856212653,0.00016496887932915553,18,44,0.05523699039978416,0.27651678152889836,False,True,True,1.2375536953964813e-05,COMPLETE
555,0.426033091545105,2025-04-13 15:07:42.472859,2025-04-13 15:07:49.922742,0 days 00:00:07.449883,0.7639983486633284,0.6387272140526246,16,0.02639201900048136,0.05588048352813851,0.05234201393438317,0.06863360684026705,0.08200358676084257,0.005502573144843025,0.00010447553786409073,22,58,0.05157217401494234,0.2843332927276713,False,True,True,7.490792930318844e-06,COMPLETE
556,0.42182656526565554,2025-04-13 15:07:50.107967,2025-04-13 15:07:57.522996,0 days 00:00:07.415029,0.7634734225993507,0.6878506213869535,16,0.01793105982776314,0.056989853398359124,0.051751866844421325,0.0668085607836683,0.08157349340249517,0.005260300021408416,7.937805402328617e-05,22,60,0.050279751628852655,0.28154685165774745,False,True,True,1.5248312812844702e-05,COMPLETE
557,0.41811188459396365,2025-04-13 15:07:57.697143,2025-04-13 15:08:05.102555,0 days 00:00:07.405412,0.7267314591964462,0.6378030520807065,16,0.026185190653257934,0.11682711963176108,0.05592468760881512,0.06980037852077145,0.08429249419931799,0.0028029384699262416,0.00010891902338048176,21,63,0.05218858191470182,0.282282977931676,False,True,True,8.995166968147336e-06,COMPLETE
558,0.40227050781250007,2025-04-13 15:08:05.288949,2025-04-13 15:08:12.640055,0 days 00:00:07.351106,0.7456129355199833,0.6677134849333701,16,0.022439194488651344,0.04568940581883834,0.053080483331786936,0.06848952153799907,0.08268145826547171,0.007519443292713014,0.00013610666638239,22,57,0.04661256064625738,0.2856259396862469,False,True,True,7.332053992206528e-06,COMPLETE
559,0.39556632041931156,2025-04-13 15:08:12.812146,2025-04-13 15:08:20.202112,0 days 00:00:07.389966,0.5460418997221185,0.6396434984964992,16,0.028637890006903113,0.0514421638311337,0.050300882414044276,0.06499947683836056,0.07980174657217592,0.009580435354186845,9.693751209211865e-05,21,67,0.04885085943168742,0.2783364080940935,False,True,True,2.2728553499055007e-05,COMPLETE
560,0.3448351860046387,2025-04-13 15:08:20.389106,2025-04-13 15:08:27.708734,0 days 00:00:07.319628,0.708456145927546,0.6550298718457446,16,0.017999882699212086,0.12359492253089405,0.04651445604877703,0.07168538201562086,0.08615118366911477,0.004944453797801461,0.00021183716804627417,22,50,0.053777589807826875,0.28488821826848654,False,False,True,1.724893310155999e-05,COMPLETE
561,0.40993963479995726,2025-04-13 15:08:27.881960,2025-04-13 15:08:35.203943,0 days 00:00:07.321983,0.7749700083813617,0.6307751824901853,16,0.03356760401078198,0.25169684096430633,0.04849001098918902,0.06793174049649298,0.07632617916186613,0.011398526649434686,0.00015791773842662831,20,73,0.051897276680231134,0.27474848848637073,False,True,True,1.3486633467940574e-05,COMPLETE
562,0.3968989968299866,2025-04-13 15:08:35.379685,2025-04-13 15:08:41.571557,0 days 00:00:06.191872,0.6835050177434181,0.6807822686999117,16,0.025164584759561744,0.038426476083856444,0.055549199976445925,0.0757850669008754,0.0818302499662521,0.006691021267081129,0.00011855689773030955,9,59,0.044849253346954956,0.270925624482191,False,True,True,2.8317888037836012e-05,COMPLETE
563,0.424127471446991,2025-04-13 15:08:41.759538,2025-04-13 15:08:49.078652,0 days 00:00:07.319114,0.7488065316684038,0.620381749426383,16,0.016341344377392878,0.056546809484152916,0.05301518259205102,0.0736180154558109,0.0847436515377864,0.003017983016459603,7.32787587783201e-05,21,55,0.05119355163799497,0.28377697064026847,False,True,True,2.2843327498797675e-05,COMPLETE
564,0.4037714123725891,2025-04-13 15:08:49.254639,2025-04-13 15:08:56.679015,0 days 00:00:07.424376,0.599372688485339,0.6546018436488664,16,0.021916573061371333,0.03313674266171479,0.05084749029456382,0.06609056476667428,0.08734625551007552,0.004982920709628157,0.0001352572439965307,22,49,0.047791589280861635,0.26068261324204217,False,True,True,3.439369288770395e-05,COMPLETE
565,0.38396390676498415,2025-04-13 15:08:56.864989,2025-04-13 15:09:04.010580,0 days 00:00:07.145591,0.7171299855550547,0.6376584760302175,16,0.02945967465861298,0.044977975701083216,0.058594698359418024,0.06970675737386942,0.07861663511432279,0.008321151697890836,0.00017162328055302749,19,53,0.03928980634771399,0.27669316052417864,False,True,True,1.1458856266452494e-05,COMPLETE
566,0.4193875312805176,2025-04-13 15:09:04.190088,2025-04-13 15:09:11.494566,0 days 00:00:07.304478,0.6607487098004273,0.6699705527106768,16,0.038143096643868196,0.0501027666725591,0.05464536048459375,0.07739049877480936,0.08076777006385495,0.0030398135041598676,9.962530146105237e-05,21,45,0.05412023948662373,0.2684491651732422,False,True,True,6.149026796988315e-06,COMPLETE
567,0.39879448413848884,2025-04-13 15:09:11.683258,2025-04-13 15:09:19.151101,0 days 00:00:07.467843,0.6897227673843904,0.6166311683415363,16,0.015667395288422686,0.04351635200609026,0.04816353546111361,0.06397625207951008,0.08349887713837112,0.006495621251030385,0.00023447012079959485,22,57,0.049677069338910876,0.2742501890873767,False,True,True,1.89655216642094e-05,COMPLETE
568,0.26542454957962036,2025-04-13 15:09:19.331910,2025-04-13 15:09:26.652900,0 days 00:00:07.320990,0.7317284450521583,0.08479066320330447,16,0.025684094025161336,0.05640189477480217,0.05198248587573564,0.07129713664660095,0.08666281877542956,0.013103909798574655,8.56525048205612e-05,22,51,0.05165004964187803,0.2855951086013427,False,True,True,3.837017164228834e-05,COMPLETE
