number,value,datetime_start,datetime_complete,duration,params_alpha-eval,params_alpha-train,params_batch-size,params_eps-eval,params_eps-train,params_lambda-actions-eval,params_lambda-actions-train,params_lambda-frames-eval,params_lambda-frames-train,params_learning-rate,params_n-epochs,params_n-frames,params_radius-gw,params_rho,params_std-feats,params_ub-actions,params_ub-frames,params_weight-decay,state
512,0.3119490385055542,2025-04-15 14:10:44.330267,2025-04-15 14:10:51.821872,0 days 00:00:07.491605,0.3451309443694361,0.8909419630256817,16,0.00810298481060618,0.009771916374502174,0.08539279831754036,0.021658432456446303,0.07847565087839359,0.08184394562521341,0.0003790255388764529,20,49,0.052930111846327864,0.15140405559917744,True,False,True,3.550273675968685e-06,COMPLETE
513,0.41452014446258545,2025-04-15 14:10:51.995258,2025-04-15 14:10:59.408138,0 days 00:00:07.412880,0.3068660549076199,0.9025110872569502,16,0.02556112336071662,0.025960742527722874,0.09464245165486551,0.030964707356666808,0.0783922407081722,0.09308501983836988,0.00023940993086697725,19,56,0.04980580379727283,0.14377020012519437,True,False,True,3.8116080259038687e-06,COMPLETE
514,0.3902550935745239,2025-04-15 14:10:59.572172,2025-04-15 14:11:06.889123,0 days 00:00:07.316951,0.275663761271417,0.9245050521471739,16,0.019095264659476783,0.037924573476350885,0.07346016079742973,0.0639371094794665,0.08061684706525289,0.09401376895645043,0.00029620529121884354,20,37,0.053239679033845556,0.15447972395689946,True,False,True,3.490141368364306e-07,COMPLETE
515,0.40910027027130125,2025-04-15 14:11:07.063474,2025-04-15 14:11:14.386848,0 days 00:00:07.323374,0.3300076247981434,0.8964788097200491,16,0.02638816786272983,0.014807698789986718,0.09153440771030746,0.03337078272161953,0.07571937701514231,0.09588067493751583,0.0004537344465820023,19,44,0.04730133586914666,0.14819481778690485,True,False,True,2.0627114948841615e-06,COMPLETE
516,0.37053917646408085,2025-04-15 14:11:14.549076,2025-04-15 14:11:22.031567,0 days 00:00:07.482491,0.35568177525603123,0.9178748437551704,16,0.027073704431863386,0.0446265404144285,0.09582229684464716,0.02453048442928108,0.08599349145514407,0.09984235610541337,0.00032340895700948,19,52,0.09745744284487817,0.13753992611629304,True,True,True,7.752277336942626e-06,COMPLETE
517,0.17002744674682618,2025-04-15 14:11:22.194219,2025-04-15 14:11:29.659044,0 days 00:00:07.464825,0.34727368533333947,0.8794360853648385,16,0.13214981984930355,0.028031176974098064,0.09431163522191978,0.044889925437422894,0.08237968255808237,0.09048182232764232,0.00039408010420624167,20,47,0.05698069534098788,0.15902846756390576,True,False,True,1.2732289677667436e-06,COMPLETE
518,0.32012338638305665,2025-04-15 14:11:29.835184,2025-04-15 14:11:37.421697,0 days 00:00:07.586513,0.32399470427636423,0.9306993937017479,16,0.01263752965710424,0.021387423225757294,0.09634600068915013,0.036120346995605436,0.07489417489834983,0.09204364742025378,0.0004796345056729496,22,41,0.051825475124506984,0.13257122914339692,True,False,True,3.0408216960402753e-06,COMPLETE
519,0.41970052719116213,2025-04-15 14:11:37.585438,2025-04-15 14:11:46.211337,0 days 00:00:08.625899,0.3700092409044629,0.9075263734539725,8,0.020347912338737284,0.02138772462914367,0.090098567064659,0.053534908824371,0.0767987264568847,0.07757454795721226,0.0005917768360894769,19,59,0.05390049944196195,0.1518247719099786,True,False,True,4.1987073116487596e-06,COMPLETE
520,0.4251788854598999,2025-04-15 14:11:46.388644,2025-04-15 14:11:53.967454,0 days 00:00:07.578810,0.3653713846721687,0.9228618785017151,16,0.02787284968968649,0.03583192762273929,0.09387778353490141,0.018003808128766563,0.07370335276275983,0.08526411701371629,0.0005078836640760788,19,70,0.059156205715988265,0.14383730220881666,True,False,True,0.0004598584850516497,COMPLETE
521,0.3202856659889221,2025-04-15 14:11:54.131098,2025-04-15 14:12:01.682321,0 days 00:00:07.551223,0.3441187494512652,0.8713123301146912,16,0.01595391038911676,0.03525417954722826,0.09280492547779233,0.0685913990109747,0.07417497265992005,0.08733215925511228,0.0004257772977526597,19,62,0.05987420556509046,0.14277359318587513,True,False,True,8.734652828980516e-07,COMPLETE
522,0.38876694440841675,2025-04-15 14:12:01.845989,2025-04-15 14:12:09.495871,0 days 00:00:07.649882,0.2981501861437258,0.9017223339555954,16,0.025911977805651472,0.0429272769957151,0.08883409672505124,0.07242887281916673,0.07930983974072305,0.08479530278994334,0.00034320144297124346,20,66,0.05914660238790566,0.16030078379468082,True,False,True,0.0005208906289528598,COMPLETE
523,0.3670059680938721,2025-04-15 14:12:09.670737,2025-04-15 14:12:17.301871,0 days 00:00:07.631134,0.3597950226528566,0.9242326235541072,16,0.02141154039665898,0.035837620824518204,0.09215501113152647,0.013538701378827197,0.07302477862080967,0.08639630372216554,0.0005186435355817958,20,70,0.05807435033911594,0.13786709203172662,True,False,True,0.000805035384003229,COMPLETE
524,0.42694895267486577,2025-04-15 14:12:17.469100,2025-04-15 14:12:25.068777,0 days 00:00:07.599677,0.3265640505881764,0.9047570191642796,16,0.027713845996358826,0.027757014966907044,0.0965582027602773,0.04774703788793162,0.07660187510827587,0.08774095958554252,0.00044907558007165163,21,56,0.057165397631580336,0.15491539546477048,True,False,True,4.524331703016556e-07,COMPLETE
525,0.3095039963722229,2025-04-15 14:12:25.246465,2025-04-15 14:12:32.869506,0 days 00:00:07.623041,0.32241592296020566,0.8752238191777433,16,0.012088935491517235,0.02790046525405209,0.0945142956067392,0.01951762129145493,0.07758479874715923,0.08861950263164477,0.0002646638883766319,20,63,0.06021472467742417,0.14370237369258976,True,False,True,4.1894730075666483e-07,COMPLETE
526,0.4248730540275574,2025-04-15 14:12:33.041467,2025-04-15 14:12:40.872432,0 days 00:00:07.830965,0.3115870587450501,0.9000509627884592,16,0.02764759172025464,0.03166618230516398,0.0964507653910215,0.04861908432025346,0.0758228455616203,0.08943656625757572,0.000372827858339653,23,53,0.05761939420344858,0.16020779859352435,True,False,True,0.00017462072280322928,COMPLETE
527,0.2809799611568451,2025-04-15 14:12:41.038056,2025-04-15 14:12:48.992939,0 days 00:00:07.954883,0.281310195843045,0.8830600438699204,16,0.005808093069116005,0.030199261816628874,0.09644135432615283,0.04705790078655918,0.08063848513237383,0.09045956563147214,0.0003618959463724047,25,52,0.05814025610714104,0.16256587809844103,True,False,True,6.147394330177522e-06,COMPLETE
528,0.3051443934440613,2025-04-15 14:12:49.169616,2025-04-15 14:12:56.736599,0 days 00:00:07.566983,0.3370667392553114,0.893872932766785,16,0.019426540580215722,0.015868527594143682,0.09669697752681934,0.048081105234412926,0.025346673602570174,0.08649268286926791,0.0005205980660139877,20,54,0.0602839187833342,0.15992270511108533,True,False,True,4.943844836286757e-07,COMPLETE
529,0.1728637993335724,2025-04-15 14:12:56.901885,2025-04-15 14:13:06.408553,0 days 00:00:09.506668,0.3002956474301055,0.901692886457784,8,0.1452716822110958,0.02380059160878302,0.09420813660436746,0.018566935539839527,0.07504627692607406,0.08435680566740449,0.0004420244858293445,27,35,0.05710082664287804,0.1560493876839125,True,False,True,2.7178901996485837e-07,COMPLETE
530,0.28252451419830327,2025-04-15 14:13:06.588814,2025-04-15 14:13:14.767744,0 days 00:00:08.178930,0.3350477440125817,0.33225000111253356,16,0.0250866731183855,0.035769302581120134,0.09631059860602198,0.017041019600536233,0.0788832379243627,0.0824762141632728,0.0005713962820105248,22,44,0.05878250639738427,0.16238133470439134,True,False,False,2.8719563373773983e-07,COMPLETE
531,0.31878275871276857,2025-04-15 14:13:14.935955,2025-04-15 14:13:22.959577,0 days 00:00:08.023622,0.38205599320885364,0.8705964656843704,16,0.015027681439468017,0.030940979970122767,0.09654939294142811,0.04314404070513991,0.07328988165168135,0.09029344239268726,0.00037051858468008735,23,74,0.05658151874272499,0.15214562966949652,True,False,True,2.0033689572536777e-07,COMPLETE
532,0.42609989643096924,2025-04-15 14:13:23.141071,2025-04-15 14:13:30.666074,0 days 00:00:07.525003,0.35360222130777047,0.9062806711089249,16,0.027803336808740343,0.02371942581402036,0.09385193835562328,0.03936854941814743,0.0831216984875741,0.0897396536467925,0.0006047746479707806,21,46,0.05961467379077552,0.1547880017560224,True,False,True,5.116129666241103e-07,COMPLETE
533,0.42690821886062624,2025-04-15 14:13:30.834348,2025-04-15 14:13:38.368115,0 days 00:00:07.533767,0.3161531329050872,0.9006080419829978,16,0.02682512770615577,0.04060466180223375,0.09683998325921461,0.05113281800406847,0.08390676220218743,0.08830319199041466,0.0004311535250775239,21,40,0.060091540968092744,0.16235986876707204,True,False,True,2.228856771333135e-07,COMPLETE
534,0.41735363006591797,2025-04-15 14:13:38.536672,2025-04-15 14:13:46.108116,0 days 00:00:07.571444,0.24320275336345465,0.9069440319827861,16,0.028597303139328806,0.04551695100083278,0.0969202814464518,0.03920364619635475,0.0865074837872009,0.08907736015938046,0.0004927846842824705,21,40,0.059951037135770865,0.16321956196413878,True,False,True,3.459677378918551e-07,COMPLETE
535,0.42128480672836305,2025-04-15 14:13:46.286047,2025-04-15 14:13:53.862307,0 days 00:00:07.576260,0.28083319355988756,0.9061431735037604,16,0.028619159580788086,0.03926409049000329,0.09688970423542431,0.0459968861709492,0.08763626100426919,0.08617010260022301,0.0006110340050640532,21,39,0.06058693187948022,0.15917142760764966,True,False,True,6.150065600935313e-07,COMPLETE
536,0.4231858253479004,2025-04-15 14:13:54.034455,2025-04-15 14:14:01.619873,0 days 00:00:07.585418,0.31059571929032803,0.8803180596435218,16,0.028059139597714246,0.03535835208592536,0.0951198848647899,0.04053300852207792,0.0829187919921438,0.08765806856096604,0.0004435483745535434,22,42,0.06052321618550973,0.16521700869791078,True,False,True,1.0124561900719446e-07,COMPLETE
537,0.4181235313415528,2025-04-15 14:14:01.802481,2025-04-15 14:14:09.442407,0 days 00:00:07.639926,0.2983522721516368,0.8657460675779461,16,0.029505394074619672,0.04151827662848934,0.09544832619501681,0.04921074994954128,0.0849397959335455,0.08249728715462482,0.0004498288836959745,23,38,0.06130941620749177,0.16579904995136366,True,False,True,5.001042092088606e-07,COMPLETE
538,0.4057404637336731,2025-04-15 14:14:09.612821,2025-04-15 14:14:18.825059,0 days 00:00:09.212238,0.270275872311819,0.8581754135812076,8,0.0299035256741937,0.03341289823489471,0.09707152445992497,0.05335875416230485,0.09041114277656602,0.084924425597387,0.00041411802614630755,24,33,0.05993832156975271,0.16376954871590418,True,True,True,3.1341178380626034e-07,COMPLETE
539,0.4231097936630249,2025-04-15 14:14:18.997866,2025-04-15 14:14:26.726176,0 days 00:00:07.728310,0.3013196208392343,0.8952507640590935,16,0.023733287319509445,0.038399342503463316,0.09765654514373684,0.05045310243303522,0.08333336476612509,0.08783785529053985,0.000339804911025084,23,42,0.059414538961179895,0.16145753870603755,True,False,True,1.875289551168123e-07,COMPLETE
540,0.39830256700515754,2025-04-15 14:14:26.909517,2025-04-15 14:14:34.555979,0 days 00:00:07.646462,0.23214122756207128,0.8801681938439331,16,0.02351849022334895,0.04025545981743133,0.09772409710095827,0.049971362066948626,0.0840457046530408,0.08770355808936821,0.00031142383779515656,22,42,0.0611699625177925,0.15687634571132383,True,False,True,9.292972222316021e-08,COMPLETE
541,0.42338104248046876,2025-04-15 14:14:34.725122,2025-04-15 14:14:42.320292,0 days 00:00:07.595170,0.2816919842996243,0.892551965027586,16,0.024007342322144385,0.03406201170816922,0.09783906498243303,0.05019037721943459,0.08293225641458568,0.08803715492194361,0.0002990362146711418,22,37,0.05951002996451257,0.1564822054410018,True,False,True,1.0144643926516391e-07,COMPLETE
542,0.37239779233932496,2025-04-15 14:14:42.504749,2025-04-15 14:14:50.112697,0 days 00:00:07.607948,0.2933498629256029,0.8753422447425578,16,0.021576324078279033,0.034339255928531084,0.0951872684068232,0.054893083370083626,0.08301614881320829,0.08901270226773816,0.00027545060067210917,23,35,0.06084129348894096,0.15551275137009532,True,False,True,6.416160560611262e-08,COMPLETE
543,0.3617359876632691,2025-04-15 14:14:50.282386,2025-04-15 14:14:57.954298,0 days 00:00:07.671912,0.19769708120744017,0.8651230535870517,16,0.025162262980562247,0.036286864443479984,0.05748031507389203,0.05032048712077445,0.08328233450442978,0.0885571904070264,0.0003061819881652749,23,37,0.05978771957890798,0.16005673049979946,True,False,True,2.1198628965911556e-07,COMPLETE
544,0.3068014204502106,2025-04-15 14:14:58.140488,2025-04-15 14:15:05.654379,0 days 00:00:07.513891,0.2699261606158161,0.8875923705208445,16,0.013084230345759049,0.04220579441013643,0.09798107309703165,0.05118244815662969,0.08670120251735275,0.08607411244178763,0.00021571389348056517,22,39,0.058771238394924236,0.15431819016016693,True,False,True,1.1241460558252907e-07,COMPLETE
545,0.3276649236679077,2025-04-15 14:15:05.824086,2025-04-15 14:15:13.301720,0 days 00:00:07.477634,0.3082306489596753,0.8947859176593771,16,0.017752683750451883,0.030268022769584173,0.09473906306996556,0.04419561802986838,0.08884845314996302,0.08835755011289025,0.0003356270273349657,22,31,0.061330398975851186,0.15331426925457783,True,False,True,1.1761937338104694e-07,COMPLETE
546,0.26265547275543216,2025-04-15 14:15:13.476324,2025-04-15 14:15:21.313409,0 days 00:00:07.837085,0.2828004177756558,0.8702796001064264,16,0.07788770670565064,0.029845923014343797,0.05388131860591679,0.03938490630646277,0.0834468356715245,0.08708995486497538,0.0003864413499534672,24,41,0.05926080480832831,0.16117828790385072,True,False,True,1.408436803594761e-07,COMPLETE
547,0.4210607647895813,2025-04-15 14:15:21.494831,2025-04-15 14:15:30.531988,0 days 00:00:09.037157,0.308371867251896,0.8914989485611451,8,0.027508240330626377,0.03552850108553315,0.0973822628835549,0.05202245856902561,0.08578298548738852,0.08751885595328732,0.00029232375402492094,23,36,0.061325621388337956,0.1582715756103597,True,False,True,1.497888888341928e-07,COMPLETE
548,0.4180773138999939,2025-04-15 14:15:30.707684,2025-04-15 14:15:38.327757,0 days 00:00:07.620073,0.2560391434149075,0.9042813274085811,16,0.023520963125224108,0.045298375316460956,0.09509536467885213,0.04772861792270839,0.08453289371202585,0.0834454370082986,0.0004210991437796743,22,42,0.05838854840398191,0.15305317003729807,True,False,True,1.9338720517588696e-07,COMPLETE
549,0.29390891194343566,2025-04-15 14:15:38.512939,2025-04-15 14:15:46.594356,0 days 00:00:08.081417,0.3128438660810999,0.8600284955961266,16,0.09646610891878879,0.03977842289119486,0.09775811843444081,0.040586739896290094,0.08130211110531596,0.0849475320597032,0.00034684813377441594,22,33,0.05911386814687781,0.1644008423292285,True,False,False,2.192398868026262e-07,COMPLETE
550,0.325354015827179,2025-04-15 14:15:46.768382,2025-04-15 14:15:54.525938,0 days 00:00:07.757556,0.2909135320223634,0.9071430885525299,16,0.014975560329196535,0.030247341966030298,0.09247220748162166,0.05207678910778072,0.0836300518290928,0.09070677855407437,0.00042788248590633083,24,38,0.057969250176682585,0.14950176358445885,True,False,True,2.513253591826801e-07,COMPLETE
551,0.4176862001419067,2025-04-15 14:15:54.710909,2025-04-15 14:16:02.419153,0 days 00:00:07.708244,0.3218620302853723,0.8873939585293645,16,0.028071794337203484,0.04994191418910476,0.09584411535612214,0.048918218230462815,0.08547277172024452,0.08643177571053917,0.000489945083848756,23,41,0.061162744928192195,0.17358244228319242,True,False,True,2.9639058320767725e-07,COMPLETE
552,0.3351808786392212,2025-04-15 14:16:02.595575,2025-04-15 14:16:10.225068,0 days 00:00:07.629493,0.27878784836774395,0.8772859587150728,16,0.020167070751227853,0.03583907524891447,0.09813852027764676,0.05663768398061084,0.08673198613696954,0.08984400811974312,0.00024035700563190633,23,37,0.05795821495799551,0.16245349292512218,True,False,True,7.774931702642224e-08,COMPLETE
553,0.4184447050094605,2025-04-15 14:16:10.411410,2025-04-15 14:16:18.007024,0 days 00:00:07.595614,0.3205993329368877,0.9104871195940769,16,0.02917535831642146,0.025169330431276317,0.09403390281842867,0.043886146378777385,0.08146699449750962,0.08795735595774498,0.00032779183281538926,21,45,0.056621392393445234,0.1555885241475727,True,False,True,9.04183110606828e-08,COMPLETE
554,0.2886089026927948,2025-04-15 14:16:18.183000,2025-04-15 14:16:25.787714,0 days 00:00:07.604714,0.3353022171834582,0.8934960358925709,16,0.007862696511921514,0.019835700667766375,0.09059956395990937,0.05032061030556897,0.07248377469889006,0.0792746101606932,0.00039445951650179055,22,35,0.06164650033070683,0.1499260539048358,True,False,True,7.078988423068786e-07,COMPLETE
555,0.3258230805397034,2025-04-15 14:16:25.962929,2025-04-15 14:16:34.842150,0 days 00:00:08.879221,0.3018114646268308,0.9184872127891,8,0.02221983977744406,0.04485257611401264,0.09777863176148217,0.04635677724755317,0.0818033629129054,0.08553485400968328,0.0004945263601127074,22,41,0.033823677080883754,0.16489456049938722,True,False,True,4.483050780798609e-07,COMPLETE
556,0.4268832087516785,2025-04-15 14:16:35.028981,2025-04-15 14:16:42.691050,0 days 00:00:07.662069,0.3352149114373715,0.9086888353234054,16,0.026347562225816135,0.03209403318420833,0.09568098423818326,0.04735925753149132,0.08775311244836093,0.0905919653131779,0.0002801940912740377,22,44,0.059478536912478695,0.15785536995508237,True,False,True,4.1125807328666294e-07,COMPLETE
557,0.3339412212371826,2025-04-15 14:16:42.867105,2025-04-15 14:16:50.511210,0 days 00:00:07.644105,0.3464253068321777,0.9156150477343773,16,0.028996089201680585,0.011762426669817881,0.09292985814525567,0.04332893006648145,0.09267117332718003,0.09204301216397112,0.00019353833344263585,22,44,0.055925035241780996,0.15547242294217972,True,True,True,4.0306463796356705e-07,COMPLETE
558,0.4158494949340821,2025-04-15 14:16:50.699711,2025-04-15 14:16:58.319343,0 days 00:00:07.619632,0.3426459381069192,0.930480759990519,16,0.029459592043451836,0.03061389490293427,0.09518346575453941,0.03800313170992987,0.07224427517819378,0.09054436692136654,0.00027372141099492184,22,45,0.05866755339133424,0.1488242445473179,True,False,True,5.103558756104823e-08,COMPLETE
559,0.26175839304924015,2025-04-15 14:16:58.494377,2025-04-15 14:17:06.208800,0 days 00:00:07.714423,0.3803391914767915,0.5247812482421101,16,0.017213114642376334,0.017367899218962018,0.09117512479575472,0.020922453399838892,0.08907369190958263,0.08345714248327406,0.00022442934730888966,21,70,0.04804935161314044,0.16936015132583288,True,False,True,1.0953313766440618e-06,COMPLETE
560,0.2799558281898499,2025-04-15 14:17:06.400765,2025-04-15 14:17:13.788459,0 days 00:00:07.387694,0.3240014926556038,0.9139823116608489,16,0.029692591724901886,0.03008419093696451,0.09596008277248225,0.047009410356550096,0.08886991266859491,0.09130496139808761,0.07258173739720969,21,31,0.05652003382240463,0.15703639205280023,True,False,True,5.516163694197878e-07,COMPLETE
561,0.2796583592891693,2025-04-15 14:17:13.963225,2025-04-15 14:17:21.475125,0 days 00:00:07.511900,0.34949198942684956,0.4431173238175061,16,0.02390910242342765,0.0005940754598268289,0.09368889111382624,0.040752442187309425,0.08747988511949842,0.08933357999859164,0.0005194303287641267,21,39,0.06197138062785791,0.14859379783586935,True,False,True,4.657742902750378e-07,COMPLETE
562,0.17246894240379335,2025-04-15 14:17:21.655868,2025-04-15 14:17:29.128432,0 days 00:00:07.472564,0.32459404514051665,0.8757756964641396,16,0.21740383563130555,0.022929867081614222,0.09495706276655189,0.04613960355646299,0.0917183757960897,0.0550094333898231,0.00040299507341604707,21,46,0.059946352094124744,0.17280166744494344,True,False,True,3.3232548687284135e-07,COMPLETE
563,0.3061136841773987,2025-04-15 14:17:29.316985,2025-04-15 14:17:36.758016,0 days 00:00:07.441031,0.3846613904753191,0.9329452293161022,16,0.01488821339985965,0.033558270675523,0.09807455318631482,0.017599551533197425,0.07659213490946527,0.09384393343602512,0.0002991918465141102,21,34,0.09252775015849046,0.15769165914581262,True,False,True,9.014029013530353e-07,COMPLETE
564,0.401390540599823,2025-04-15 14:17:36.937796,2025-04-15 14:17:45.766891,0 days 00:00:08.829095,0.36572921820299475,0.9107324463351167,8,0.030805101335472783,0.02699430982560597,0.09319999422433621,0.0428249561417052,0.0743088876411885,0.08661257027508,0.0005478238972639424,22,38,0.04463485894363105,0.16481203712569853,True,False,True,4.5656094011356237e-07,COMPLETE
565,0.4189048409461975,2025-04-15 14:17:45.956410,2025-04-15 14:17:53.500327,0 days 00:00:07.543917,0.3398449630504816,0.8578161786229721,16,0.021538486243539833,0.048765475311979015,0.09636277726536702,0.026225451134388518,0.07243056021271342,0.08929407549353424,0.0002575093832140955,21,43,0.057358267321741,0.1526226914100474,True,False,True,6.520865379271781e-07,COMPLETE
566,0.2946087956428528,2025-04-15 14:17:53.677955,2025-04-15 14:18:01.346258,0 days 00:00:07.668303,0.39782023411688444,0.8955579509332744,16,0.010172082857075576,0.04128160984845328,0.09106865681036391,0.04804212990916319,0.07598186025356012,0.08504431058252518,0.0004311660189711176,22,46,0.05545552078884544,0.14588336333621466,True,False,True,7.144656387283546e-08,COMPLETE
567,0.40301446914672856,2025-04-15 14:18:01.538738,2025-04-15 14:18:08.967356,0 days 00:00:07.428618,0.31844237558426525,0.9316395129530542,16,0.03022915952792079,0.03604957687441104,0.09789105843898238,0.015400458033025087,0.08437285844084573,0.09032437609988,0.0005681528238921173,21,39,0.04972126070411827,0.1592640681542039,True,False,True,3.7420094284522123e-07,COMPLETE
568,0.2048193633556366,2025-04-15 14:18:09.149590,2025-04-15 14:18:17.303059,0 days 00:00:08.153469,0.3555254473326587,0.9151478295440085,16,0.024814604179442392,0.019676222080632237,0.09563698266889784,0.02270180016159773,0.07310936960487233,0.08809063046726971,0.0003634693199096141,23,42,0.05963022101486167,0.16916774439786858,True,False,False,1.025440266747842e-07,COMPLETE
