number,value,datetime_start,datetime_complete,duration,params_alpha-eval,params_alpha-train,params_batch-size,params_eps-eval,params_eps-train,params_lambda-actions-eval,params_lambda-actions-train,params_lambda-frames-eval,params_lambda-frames-train,params_learning-rate,params_n-epochs,params_n-frames,params_radius-gw,params_rho,params_std-feats,params_ub-actions,params_ub-frames,params_weight-decay,state
683,0.41789175271987916,2025-04-13 15:23:29.158852,2025-04-13 15:23:36.309966,0 days 00:00:07.151114,0.5584504182051949,0.7195141153372525,16,0.049167053686480236,0.17023100963389085,0.061908631092134014,0.04971327928414748,0.07575410121514126,0.013239468046445737,0.0001984505007581912,17,46,0.05732023020511212,0.26807590146537497,True,True,True,5.5540792368579524e-06,COMPLETE
684,0.42020993232727055,2025-04-13 15:23:36.522266,2025-04-13 15:23:43.588995,0 days 00:00:07.066729,0.5505201687519011,0.692353648116164,16,0.03862331676564768,0.1796691769275301,0.058967560836077335,0.04692932219519497,0.07276862063216714,0.009746639870137064,0.0003011257632456134,17,51,0.05586369047416211,0.2627457621095814,True,True,True,6.561195423144021e-06,COMPLETE
685,0.2048193633556366,2025-04-13 15:23:43.813310,2025-04-13 15:23:50.877934,0 days 00:00:07.064624,0.5649788415635145,0.6697998970961077,16,0.11141539527092342,0.19931411361386447,0.06329708326005926,0.048222012023100294,0.06803845828193379,0.007932330122797308,0.00016133775292549856,18,41,0.04146055994511014,0.276954681796554,True,True,True,2.0318856148035286e-06,COMPLETE
686,0.4261574625968933,2025-04-13 15:23:51.093172,2025-04-13 15:23:58.233174,0 days 00:00:07.140002,0.49801994570441177,0.6953937532193031,16,0.045821303607279276,0.173304558770049,0.05958388705509048,0.05302000479702181,0.07563725249667463,0.014848363829300375,0.00024528173481400627,17,49,0.06092463764243905,0.27253035932952413,True,True,True,3.6279744991890346e-06,COMPLETE
687,0.41846234798431403,2025-04-13 15:23:58.457523,2025-04-13 15:24:05.580672,0 days 00:00:07.123149,0.525857221234591,0.7206333833248714,16,0.03652696296681195,0.18785857105005668,0.06533459035619155,0.05424063172976291,0.0772627499932184,0.01051078063750486,0.00018761624914712534,17,46,0.057919336120872786,0.25417535733912056,True,True,True,4.903265932576199e-06,COMPLETE
688,0.31582436561584476,2025-04-13 15:24:05.809569,2025-04-13 15:24:13.011599,0 days 00:00:07.202030,0.5372204056199459,0.6684461456065797,16,0.03596208076434738,0.16287767323408084,0.0617512283478829,0.05183924235372705,0.07148721646095013,0.008214756377020058,0.0002964412747276772,18,48,0.056273661906465954,0.26837277166633605,True,True,False,6.608389837107315e-06,COMPLETE
689,0.42158058881759647,2025-04-13 15:24:13.226600,2025-04-13 15:24:20.089324,0 days 00:00:06.862724,0.5701025761882853,0.7407567631786283,16,0.04295460842082048,0.14989581410611633,0.05825171994880176,0.04892710773406347,0.07712124425717688,0.01317905463982526,0.0002219956888299672,16,43,0.06159812510165125,0.2600904999513042,False,True,True,1.0639375841824747e-05,COMPLETE
690,0.4163712501525879,2025-04-13 15:24:20.317430,2025-04-13 15:24:27.242617,0 days 00:00:06.925187,0.5866225358452863,0.699589425462836,16,0.03457962112107165,0.1812376878962461,0.05990038958988211,0.056102656980629974,0.06845597896561866,0.007881865809782505,0.0001581684876355155,17,52,0.05865307384428031,0.27945080317121346,False,True,True,3.4596617451334896e-06,COMPLETE
691,0.4279768466949463,2025-04-13 15:24:27.457954,2025-04-13 15:24:34.497610,0 days 00:00:07.039656,0.5441790707767181,0.6662808896768819,16,0.03364106121001839,0.17727550693423677,0.06287667515499065,0.04330777128171885,0.07490238273826788,0.010381470072759273,0.00018780986427962022,18,46,0.06333551340753525,0.2739986827699581,False,True,True,5.752515552376847e-06,COMPLETE
692,0.4266293525695801,2025-04-13 15:24:34.725868,2025-04-13 15:24:41.707685,0 days 00:00:06.981817,0.5347364893055697,0.6874045104440026,16,0.04185759231253043,0.16877595583390617,0.06602342613500732,0.05848921129045896,0.07338401110607397,0.012105342967608894,0.0002013136947857075,18,41,0.0635146349733105,0.26464224285746507,False,True,True,4.617990707324037e-06,COMPLETE
693,0.39153757095336916,2025-04-13 15:24:41.922064,2025-04-13 15:24:48.961995,0 days 00:00:07.039931,0.5817424024732987,0.9442589968107367,16,0.05514339874300279,0.14189536842051143,0.06648875283196364,0.04239313832811014,0.07347503065429331,0.06598579309742891,0.00018910751016930742,18,41,0.05973817919417894,0.2547041047104493,False,True,True,5.0762666201202055e-06,COMPLETE
694,0.4216294050216675,2025-04-13 15:24:49.187495,2025-04-13 15:24:56.178103,0 days 00:00:06.990608,0.5396232203855412,0.7176717707689948,16,0.045680430790423186,0.17418581550550988,0.06428008498302099,0.053876098611145465,0.0707924477210241,0.01278755117917828,0.00025192330064182343,18,40,0.06415582529041507,0.2600984130031218,False,True,True,4.59357050680503e-06,COMPLETE
695,0.41067872047424314,2025-04-13 15:24:56.394437,2025-04-13 15:25:03.450825,0 days 00:00:07.056388,0.5136773481470432,0.6948856415132002,16,0.05057615481293073,0.15696823088247028,0.063806379320549,0.0365295919459561,0.07357869461164385,0.014888700187101506,0.00016619060366418798,18,43,0.06321281017033925,0.2640468873777298,False,True,True,2.783206987548901e-06,COMPLETE
696,0.41908146142959596,2025-04-13 15:25:03.679578,2025-04-13 15:25:10.557650,0 days 00:00:06.878072,0.49961181095186386,0.6894336059387216,16,0.042813762279306264,0.1778086795087589,0.06572567999690686,0.04023011171266977,0.06901830332220217,0.01889803856901165,0.0001970951917496836,17,45,0.0626146494888066,0.25055532333703184,False,False,True,3.5155848523536692e-06,COMPLETE
697,0.37996060848236085,2025-04-13 15:25:10.787354,2025-04-13 15:25:17.834764,0 days 00:00:07.047410,0.5175202723009782,0.7158455293250395,16,0.05986876414568203,0.19267012160881739,0.06286300340598718,0.05638751754199911,0.0702394456480143,0.011998111488258053,0.00030405264130304975,18,42,0.06243819127405114,0.26558045912808953,False,True,True,5.965563580668786e-06,COMPLETE
698,0.3899111747741699,2025-04-13 15:25:18.051703,2025-04-13 15:25:25.842577,0 days 00:00:07.790874,0.4507262663181531,0.7617630092449583,8,0.04946385559847382,0.1648849104376912,0.06091957653280225,0.05718202891034419,0.07345378800225862,0.016981035099194127,0.0002423417040890934,16,45,0.06475749642116292,0.25850685652988203,False,True,True,4.210834619024227e-06,COMPLETE
699,0.4248968482017518,2025-04-13 15:25:26.071975,2025-04-13 15:25:33.090137,0 days 00:00:07.018162,0.5481700013350652,0.6685746268986713,16,0.042086197060874235,0.18423940883834672,0.059072290004858134,0.058341481216581254,0.07298507432986656,0.010393436610806151,0.0001664754267258516,18,40,0.06244403386106758,0.2686453193849863,False,True,True,5.610231609632129e-06,COMPLETE
700,0.4123283386230469,2025-04-13 15:25:33.308255,2025-04-13 15:25:40.378459,0 days 00:00:07.070204,0.49173764343385395,0.7313788991148181,16,0.039054264109780995,0.20089780832433685,0.05752612714082627,0.053509113889382655,0.07501334666762087,0.009408116506397786,0.00019625529232181622,17,40,0.06531098084853156,0.26433416314959113,True,True,True,4.7212090267182705e-06,COMPLETE
701,0.3669825911521912,2025-04-13 15:25:40.607899,2025-04-13 15:25:47.571440,0 days 00:00:06.963541,0.5380328158847734,0.6676282408977576,16,0.037699848823467,0.17696823240342904,0.06547884167498905,0.05892302607408691,0.07136113397026526,0.014286886373579489,0.00015274672179826443,18,45,0.036499417214792426,0.26957098056074463,False,True,True,2.984018555107917e-06,COMPLETE
702,0.423277223110199,2025-04-13 15:25:47.792066,2025-04-13 15:25:54.556041,0 days 00:00:06.763975,0.5313815658123485,0.7014213981480478,16,0.04491455501313474,0.1882194167068779,0.06111635145382913,0.04486179807103589,0.07647942219042558,0.009170539482278485,0.0003020074486607624,15,47,0.06127042665895045,0.26111929115446264,False,True,True,6.6899941314689025e-06,COMPLETE
703,0.4032081365585327,2025-04-13 15:25:54.784403,2025-04-13 15:26:01.677053,0 days 00:00:06.892650,0.5602091656083199,0.6829484145224847,16,0.06428447143635806,0.16925216050121167,0.0630061944193197,0.05509552792651881,0.07493523075606111,0.012646322768606076,0.00022260992702106898,17,43,0.060618916301036226,0.272936286462915,False,True,True,9.630540622490018e-06,COMPLETE
704,0.4261760950088501,2025-04-13 15:26:01.909305,2025-04-13 15:26:08.958603,0 days 00:00:07.049298,0.5706820637421414,0.7445873825028283,16,0.03423779095410611,0.15340590059306297,0.058584482346618394,0.051295116848446155,0.07236468900821266,0.007523900358608164,0.00025653014259630313,18,49,0.05587427438820939,0.2824303307082499,False,True,True,3.80176925446359e-06,COMPLETE
705,0.4266403436660766,2025-04-13 15:26:09.176692,2025-04-13 15:26:16.028765,0 days 00:00:06.852073,0.5407030321516071,0.6618211885182781,16,0.03316166614990694,0.1623272488263383,0.06039357257897072,0.032121689561108266,0.07746167515082843,0.01077082627270196,0.00015384232380373467,16,43,0.05427130178631225,0.2506252902860834,False,True,True,6.909879225505844e-06,COMPLETE
706,0.3930222749710083,2025-04-13 15:26:16.261802,2025-04-13 15:26:23.081658,0 days 00:00:06.819856,0.47387954238437696,0.6888754775578834,16,0.052363212481338864,0.161471113063498,0.06337351612970854,0.019683284635257325,0.0775410612379029,0.01560913057211281,0.00014795843653628502,16,41,0.0579899369358175,0.26324140449367817,False,True,True,6.892442037748123e-06,COMPLETE
707,0.4237901091575623,2025-04-13 15:26:23.301477,2025-04-13 15:26:30.102871,0 days 00:00:06.801394,0.5530507397525337,0.666975121315433,16,0.04100308281336451,0.15799393257760128,0.06092368965045948,0.02592073921672802,0.07591688941096053,0.011706462188047186,0.00016476934939641005,16,43,0.053806938679418985,0.24857863499758848,False,True,True,5.968243406074469e-06,COMPLETE
708,0.21195308566093446,2025-04-13 15:26:30.336035,2025-04-13 15:26:36.973470,0 days 00:00:06.637435,0.5176260800284723,0.7117552896479589,16,0.037582641972051925,0.1659827444496999,0.06605594929808244,0.03283707353556789,0.0784913222308494,0.007720464095315473,0.00020197512812294204,15,46,0.0565728046031585,0.2532268371019565,False,True,False,9.526384524288838e-06,COMPLETE
709,0.4252329468727112,2025-04-13 15:26:37.194445,2025-04-13 15:26:44.020439,0 days 00:00:06.825994,0.5394719670675406,0.6637449683261499,16,0.03515471911649077,0.17859944743125597,0.06058222947906414,0.05852551081740866,0.07465959883063313,0.010005444601847383,0.0001504002283163834,16,39,0.054692571899897166,0.261437473591221,False,True,True,7.523297139080191e-06,COMPLETE
710,0.42392171621322633,2025-04-13 15:26:44.252501,2025-04-13 15:26:51.184894,0 days 00:00:06.932393,0.5196522099784615,0.6981209005571044,16,0.047166340761093085,0.15010680614409333,0.06354035297328713,0.030335219840313885,0.07822264825219236,0.013562599397167932,0.0002491918644629884,17,44,0.05997821208727086,0.2557983967090248,False,True,True,4.620416548019312e-06,COMPLETE
711,0.4248778223991394,2025-04-13 15:26:51.418035,2025-04-13 15:26:58.142462,0 days 00:00:06.724427,0.5753483894219386,0.6874969050508967,16,0.03194686665836948,0.17133482271122957,0.058317246373028396,0.03761741587038931,0.0738275208289498,0.00673820850793468,0.0001859171427747622,15,40,0.06368393604246865,0.25724349719999867,False,True,True,1.147551489163893e-05,COMPLETE
712,0.20613259673118592,2025-04-13 15:26:58.366129,2025-04-13 15:27:05.169882,0 days 00:00:06.803753,0.5443273682039399,0.66258543448312,16,0.12077318414699482,0.1684467010090124,0.061683679100691925,0.04330007546635445,0.07699992048824114,0.010860542940168121,0.0002979977342703163,16,46,0.05729672375173152,0.2678270135156322,False,True,True,1.6339680481668001e-06,COMPLETE
713,0.41438556909561164,2025-04-13 15:27:05.402250,2025-04-13 15:27:12.482381,0 days 00:00:07.080131,0.5831543086714084,0.7217376927378366,16,0.033766109883782314,0.16055464971604264,0.0590279369839464,0.05473505488608073,0.07129163541571658,0.016495972050742488,0.00014212719071311414,17,42,0.05384152607533356,0.2692567526394793,True,True,True,5.927256554103779e-06,COMPLETE
714,0.27923951745033265,2025-04-13 15:27:12.706510,2025-04-13 15:27:20.008920,0 days 00:00:07.302410,0.5101140743214069,0.6806098443747309,16,0.03699256331225874,0.0986481885667989,0.06512438723988145,0.006845659976128838,0.07939894146953225,0.008829786602235046,0.00022201860887930265,17,143,0.09968639375321171,0.2806299488788798,False,True,True,8.793595443085e-06,COMPLETE
715,0.4243944048881531,2025-04-13 15:27:20.239626,2025-04-13 15:27:27.092529,0 days 00:00:06.852903,0.5467061722395103,0.7100134990938711,16,0.045368189258819365,0.18432408952927884,0.062482188398898,0.0563465253641884,0.06920891927083792,0.01223975116699379,0.00017951488336148309,16,48,0.05896158768756991,0.2495849990039303,False,True,True,7.47292096890205e-06,COMPLETE
716,0.4298574447631836,2025-04-13 15:27:27.315138,2025-04-13 15:27:34.337392,0 days 00:00:07.022254,0.570285661090352,0.6597994136935307,16,0.04091427286942298,0.17423393889275798,0.060103861137419314,0.05363114584726574,0.07489397323432281,0.00665490340154575,0.00031642642709406744,18,44,0.061771603648346766,0.27323329092568954,False,True,True,5.208822156444804e-06,COMPLETE
717,0.4010279655456543,2025-04-13 15:27:34.573676,2025-04-13 15:27:41.402585,0 days 00:00:06.828909,0.5581114053181616,0.6603082736762799,16,0.03176289965670131,0.09334358765649792,0.0583868052087404,0.05210385727196629,0.0760984890603933,0.005992774503347073,0.0003049131932057483,17,45,0.05593796995985992,0.2750919570888475,False,False,True,1.1504625748666405e-05,COMPLETE
718,0.4258604049682617,2025-04-13 15:27:41.639484,2025-04-13 15:27:49.728996,0 days 00:00:08.089512,0.5822069895129824,0.6643825970313039,8,0.031732971417651114,0.17812315870544929,0.06027157344361603,0.047498922990218496,0.07938434892276072,0.008035928700313968,0.0002982476440540849,18,49,0.06120625387516135,0.2808453298862189,False,True,True,5.921074618592263e-06,COMPLETE
719,0.40796996355056764,2025-04-13 15:27:49.952598,2025-04-13 15:27:56.875763,0 days 00:00:06.923165,0.5951392245988527,0.6546731564252661,16,0.055773497439024856,0.18949149484344768,0.05810171415790619,0.053382266747887805,0.07720964774246025,0.006283246192307348,0.00025656128805626443,17,46,0.054350421764583184,0.2871985374032839,False,True,True,9.471749854314658e-06,COMPLETE
720,0.42129101753234866,2025-04-13 15:27:57.117152,2025-04-13 15:28:04.030566,0 days 00:00:06.913414,0.5726182157070084,0.6689678453708091,16,0.03917597825782091,0.12335559543882654,0.060086124969631595,0.049521358594719636,0.07491658488553958,0.006811786831602121,0.00030767307097111213,17,50,0.05857341254396006,0.27456751883994707,False,True,True,7.157436482972317e-06,COMPLETE
721,0.42367881536483765,2025-04-13 15:28:04.254116,2025-04-13 15:28:11.252259,0 days 00:00:06.998143,0.5947932877483513,0.67697090261283,16,0.032868866633668586,0.15040209663873283,0.05740503690823794,0.03542993372087042,0.07926285454013629,0.007570602277070384,0.00033365385128093783,18,43,0.053226979066626795,0.28224110209907444,False,True,True,3.329641909417907e-06,COMPLETE
722,0.4143677473068237,2025-04-13 15:28:11.488966,2025-04-13 15:28:18.278298,0 days 00:00:06.789332,0.561912239006654,0.7017108733112266,16,0.05017958222407044,0.16464061343894143,0.06130529415064026,0.0159877701742289,0.0721536459880507,0.009516915268631222,0.00023936220195976758,15,46,0.056294157567262186,0.27157543958865926,False,True,True,1.379565912201439e-05,COMPLETE
723,0.4192545771598816,2025-04-13 15:28:18.501295,2025-04-13 15:28:25.478651,0 days 00:00:06.977356,0.6064193174781356,0.6594156337573918,16,0.04205691769782918,0.17365389824421074,0.05737151682105864,0.03179588590684417,0.07540215721758518,0.005699981897779352,0.00015017269707876874,18,51,0.06013449081911363,0.2773542258702226,False,True,True,5.209975485765374e-06,COMPLETE
724,0.27742946743965147,2025-04-13 15:28:25.714665,2025-04-13 15:28:32.942167,0 days 00:00:07.227502,0.580951975050028,0.7378611441089433,16,0.031014969697913234,0.18018484062718532,0.059542245184981746,0.022380890157446504,0.0775849851977823,0.008960301461472416,0.09652555038857982,18,93,0.05325840395242516,0.287174969131674,False,True,True,8.593142517327858e-06,COMPLETE
725,0.29691696763038633,2025-04-13 15:28:33.179100,2025-04-13 15:28:40.168761,0 days 00:00:06.989661,0.4931298614391023,0.6794371583887782,16,0.03739033856496102,0.15716869751078047,0.06314671555456033,0.05164813258951428,0.07451504241848886,0.010050825857959493,0.0002519267943387919,16,39,0.057411507294067333,0.2686595576186661,True,True,True,1.1872858095211746e-05,COMPLETE
726,0.42947063446044925,2025-04-13 15:28:40.397026,2025-04-13 15:28:47.211409,0 days 00:00:06.814383,0.5266839044314044,0.6576260134281693,16,0.045817823733856865,0.17461152373567387,0.061235361526398746,0.053763102169067135,0.07942086146256976,0.006654347190733528,0.00014433868783439397,16,43,0.061877562920217115,0.27519056195589,False,True,True,6.910011476103708e-06,COMPLETE
727,0.36403689384460447,2025-04-13 15:28:47.447236,2025-04-13 15:28:54.354322,0 days 00:00:06.907086,0.4599572548607731,0.13603096271640164,16,0.04776135202420778,0.18489405498014533,0.06256826777568197,0.05051142093243901,0.07845212071546082,0.005745470605539808,0.00020758030930467347,17,49,0.06130159097307681,0.27913440545138,False,True,False,3.963074049664067e-06,COMPLETE
728,0.2048193633556366,2025-04-13 15:28:54.582058,2025-04-13 15:29:01.531163,0 days 00:00:06.949105,0.5230996681098985,0.703067570535543,16,0.25428301262129105,0.17636086855700495,0.058303029255678374,0.05338341911444739,0.08118076300254723,0.006925304496739839,0.0001420364911922845,18,47,0.06534345272833922,0.2839109781969415,False,True,True,1.0266590765174603e-05,COMPLETE
729,0.40435314178466797,2025-04-13 15:29:01.767868,2025-04-13 15:29:08.738981,0 days 00:00:06.971113,0.5599312406156348,0.6580075292262872,16,0.05291951360784647,0.18159837361455336,0.06364465453024337,0.05527824592558097,0.07969315877677,0.005265187036516554,0.0003267818489533863,17,44,0.06295579454191462,0.2761245696740303,False,True,True,1.4796254047143303e-05,COMPLETE
730,0.42236419916152956,2025-04-13 15:29:08.981488,2025-04-13 15:29:16.099706,0 days 00:00:07.118218,0.5131408551324991,0.686569659185148,16,0.04481928664979294,0.19017135748654523,0.05741034082837607,0.05228502489144156,0.07999581197272783,0.007846095410575297,0.0001748121241959068,19,40,0.06070432357895503,0.2880352962692973,False,True,True,5.079838925583997e-06,COMPLETE
731,0.39820429086685183,2025-04-13 15:29:16.323391,2025-04-13 15:29:23.274231,0 days 00:00:06.950840,0.6172709938559244,0.7239320184679872,16,0.06420279297575397,0.17385996508031656,0.06127782331743266,0.054789358098173306,0.07065181966781782,0.005903165729757724,0.00022626060234577655,17,51,0.06113378538242885,0.27275200986888154,False,True,True,2.3466577227964245e-06,COMPLETE
732,0.40104610919952394,2025-04-13 15:29:23.516221,2025-04-13 15:29:30.521888,0 days 00:00:07.005667,0.5773174641827886,0.6493825205343086,16,0.05962362636848847,0.1742469356108501,0.059395997792896546,0.03953709445463677,0.07331968360053928,0.008395628684672873,0.00027994705468537765,18,47,0.06325386128410289,0.2821727383118473,False,True,True,7.874117837450295e-06,COMPLETE
733,0.42137538194656377,2025-04-13 15:29:30.748086,2025-04-13 15:29:37.816604,0 days 00:00:07.068518,0.47955907818447363,0.6794151861078361,16,0.04189161465899223,0.18616636684783588,0.05668481971064927,0.04706545248844399,0.07623734968324357,0.008106816211344025,0.0001856115971604434,19,43,0.06250568438991425,0.27219357288863966,False,False,True,1.5262565052324237e-05,COMPLETE
734,0.42401213645935054,2025-04-13 15:29:38.059159,2025-04-13 15:29:45.044496,0 days 00:00:06.985337,0.5445605370545228,0.7067844436452381,16,0.03765710528961494,0.1940306224143822,0.06472260827975572,0.05691042140817703,0.07993243706771024,0.004826741119540108,0.00013674842031474773,18,49,0.05929132111995991,0.12460299276881864,False,True,True,1.1457349178428089e-05,COMPLETE
735,0.429087233543396,2025-04-13 15:29:45.287109,2025-04-13 15:29:52.214926,0 days 00:00:06.927817,0.562114593695917,0.6543221377687434,16,0.0462511317933016,0.104157491945117,0.060454482643343486,0.0542071420370297,0.07201216733707311,0.006611448589638594,0.00022342667981217263,17,45,0.059046189493816306,0.27818604354277254,False,True,True,5.73062301557423e-06,COMPLETE
736,0.3325150847434998,2025-04-13 15:29:52.442317,2025-04-13 15:29:59.435336,0 days 00:00:06.993019,0.5629779958136645,0.6808416038745341,16,0.0537898805633505,0.10434200675437863,0.061479749844558514,0.052976436196494184,0.06865602649817357,0.004798503502132418,0.00024144539972340644,16,39,0.05879773589227651,0.28899860069069305,True,True,True,5.67489765298857e-06,COMPLETE
737,0.41421271562576295,2025-04-13 15:29:59.677126,2025-04-13 15:30:06.577780,0 days 00:00:06.900654,0.603841082447782,0.7474611505344506,16,0.04898539193202432,0.178905537840503,0.05950505593912785,0.05525986789322651,0.06785429210582529,0.006033371534941439,0.0002697458986926262,17,43,0.06015383017143482,0.2809690313410184,False,True,True,4.0888535591832434e-06,COMPLETE
738,0.4052459955215454,2025-04-13 15:30:06.808148,2025-04-13 15:30:13.688470,0 days 00:00:06.880322,0.5229166399354176,0.6557425996287876,16,0.055767206902012346,0.10546616857784762,0.06243498577578814,0.0513752868818788,0.07187091222293918,0.008791719353957774,0.00021078135976550417,17,46,0.0651372404461557,0.2903471313921349,False,True,True,6.089650357517614e-06,COMPLETE
739,0.4279634356498718,2025-04-13 15:30:13.927936,2025-04-13 15:30:21.719429,0 days 00:00:07.791493,0.5555249314649281,0.7231993597287667,8,0.04875402452986795,0.09823502361195796,0.06672788941804894,0.053356617414010245,0.07032630286610345,0.010057257937568806,0.0003368198709685654,16,41,0.062467786255598665,0.27694748430995697,False,True,True,3.116771169681508e-06,COMPLETE
