number,value,datetime_start,datetime_complete,duration,params_alpha-eval,params_alpha-train,params_batch-size,params_eps-eval,params_eps-train,params_lambda-actions-eval,params_lambda-actions-train,params_lambda-frames-eval,params_lambda-frames-train,params_learning-rate,params_n-epochs,params_n-frames,params_radius-gw,params_rho,params_std-feats,params_ub-actions,params_ub-frames,params_weight-decay,state
1310,0.4288597822189331,2025-04-13 16:54:52.701670,2025-04-13 16:55:00.814625,0 days 00:00:08.112955,0.5418493936780916,0.687019236884095,8,0.05548536835762865,0.16957677142266403,0.07137851272731979,0.047258372633198376,0.0514645893380583,0.013384966155939166,0.0002795495691064595,17,42,0.058782753395065876,0.2560573223615823,True,True,True,3.0716900404114234e-06,COMPLETE
1311,0.3787396788597107,2025-04-13 16:55:01.237570,2025-04-13 16:55:07.702557,0 days 00:00:06.464987,0.6512105266767849,0.9351105533463677,8,0.06561980376768246,0.15885041208084363,0.06856847474670298,0.044996784863395166,0.062245304121483026,0.010922546011102234,0.0003835827866234325,6,40,0.05604916959071938,0.2845765408776553,True,True,True,4.518234308008512e-06,COMPLETE
1312,0.38145391941070556,2025-04-13 16:55:08.124089,2025-04-13 16:55:14.895249,0 days 00:00:06.771160,0.5701685877198572,0.3813314419090829,8,0.10008856109701747,0.08314150502449033,0.06146128549139827,0.054172860224713675,0.06516776051928366,0.00701658542027474,0.00021118600423036368,8,46,0.060349208997879544,0.22977828915694487,True,True,True,7.3454945300469846e-06,COMPLETE
1313,0.32044196128845215,2025-04-13 16:55:15.313324,2025-04-13 16:55:25.222795,0 days 00:00:09.909471,0.6014653431036461,0.664472804755116,2,0.10819301347554892,0.1030529899020808,0.07729798929575385,0.04875098420998001,0.05519831109416664,0.0028019611619285525,0.0002862583632140136,7,43,0.0611999443310915,0.2741466340011219,True,True,True,1.3594655915484147e-06,COMPLETE
1314,0.42033264636993406,2025-04-13 16:55:25.641560,2025-04-13 16:55:32.406634,0 days 00:00:06.765074,0.5493993971995216,0.7141260927333255,8,0.0507285845529491,0.11489936674724788,0.06735680119897264,0.05238738201826475,0.06576766074570603,0.015041929390173554,0.0004424691850041036,8,37,0.058045353575053055,0.2603799466928429,True,True,True,3.368889725915741e-06,COMPLETE
1315,0.39664884805679324,2025-04-13 16:55:32.844022,2025-04-13 16:55:41.387029,0 days 00:00:08.543007,0.6180487007426362,0.739591774810398,8,0.07337198652448493,0.09338352513978046,0.07178499419463552,0.0557523047763242,0.05886153267947354,0.012690049253104645,0.00035759868939506506,19,49,0.05226569293051864,0.26698479709780226,True,True,True,2.4754102934015157e-06,COMPLETE
1316,0.2546059608459473,2025-04-13 16:55:41.820274,2025-04-13 16:55:50.113136,0 days 00:00:08.292862,0.5786258181718855,0.6943668949013821,8,0.0472427271691629,0.0997362872964723,0.07434143835522752,0.05035163679225437,0.05187249356251467,0.009935510607945775,0.0002457013103962161,18,44,0.02521090343598371,0.24479933326783823,True,True,True,5.4126104306357164e-06,COMPLETE
1317,0.4244388937950134,2025-04-13 16:55:50.536810,2025-04-13 16:55:58.646041,0 days 00:00:08.109231,0.5608868043963543,0.6602044796890864,8,0.08751185022569688,0.10860122093216933,0.05914368924518941,0.046500354686019964,0.07005491099274712,0.01632952148012022,0.00020321117131292412,17,40,0.05509984524420495,0.2532878525845911,True,True,True,3.959956262337828e-06,COMPLETE
1318,0.4258755564689637,2025-04-13 16:55:59.067741,2025-04-13 16:56:07.308512,0 days 00:00:08.240771,0.5940546880582007,0.727879522348375,8,0.0601785637313767,0.088796658657198,0.06908329795400292,0.05332730373166648,0.06711078492021268,0.005031959703978439,0.0003167986907217064,17,47,0.06137281267832536,0.23610049171954267,True,True,True,1.6975581249956684e-06,COMPLETE
1319,0.2996893048286438,2025-04-13 16:56:07.732993,2025-04-13 16:56:15.951820,0 days 00:00:08.218827,0.5265655724912269,0.7516673583607102,8,0.0522155700904259,0.10542726777331567,0.062140095709373594,0.044815926198155186,0.06809575031774301,0.007953489382706763,0.00048416267910154974,18,51,0.0591361202216841,0.2788575041214163,True,True,False,1.015044905323427e-05,COMPLETE
1320,0.4220682263374329,2025-04-13 16:56:16.381455,2025-04-13 16:56:23.578323,0 days 00:00:07.196868,0.5471193447593015,0.679956323859556,8,0.04580822174332702,0.11506737327162857,0.06481157454989168,0.04828579895532574,0.06444057394289907,0.044147947346749684,0.00026312707716821094,11,42,0.06152372702542085,0.26175144303276426,True,True,True,3.228896170189047e-06,COMPLETE
1321,0.41734722852706907,2025-04-13 16:56:23.999170,2025-04-13 16:56:38.678778,0 days 00:00:14.679608,0.577370344952999,0.7045553884950965,2,0.06622777619817719,0.09666493019491597,0.06681610061750173,0.050957906904655806,0.06540365883892488,0.014054630256640072,0.00041388888261140275,16,46,0.0580238082807573,0.22269081574264976,True,True,True,2.301034089872477e-06,COMPLETE
1322,0.41307481527328493,2025-04-13 16:56:39.102377,2025-04-13 16:56:45.808180,0 days 00:00:06.705803,0.6092589090170789,0.7402505718896847,8,0.05520304895095747,0.1791955889947805,0.06078182751267754,0.059794339572826066,0.056222036379668654,0.017299990143995133,0.00033570453009356413,8,36,0.05684155036250263,0.2711669751035813,True,True,True,1.837787090191637e-07,COMPLETE
1323,0.2826524317264557,2025-04-13 16:56:46.251858,2025-04-13 16:56:53.371023,0 days 00:00:07.119165,0.5144393927529624,0.2738588159583859,8,0.04301015317582065,0.10947597604812515,0.06311080523045406,0.0343347676222539,0.06234193466796213,0.011253349947015788,0.0008819966715614807,10,40,0.05406805363870043,0.2489667792175751,True,True,True,7.055650121419075e-06,COMPLETE
1324,0.34438030719757085,2025-04-13 16:56:53.800693,2025-04-13 16:57:00.965509,0 days 00:00:07.164816,0.5602412268802827,0.7168935373225505,8,0.07684283446991658,0.16407721801175884,0.07006459247010952,0.04900739820471631,0.07010665513541506,0.009247332505456736,0.00023437517029334097,11,44,0.06334889480299262,0.2414500354555093,True,False,True,4.3694208272281664e-06,COMPLETE
1325,0.2048193633556366,2025-04-13 16:57:01.392567,2025-04-13 16:57:09.545797,0 days 00:00:08.153230,0.6292669956431434,0.6559154350183651,8,0.1282045002059778,0.10239791969162221,0.0665820031756433,0.05563674481916298,0.0683694564427379,0.014651047762351486,0.0002943039138065343,17,49,0.0598648811765768,0.016849845579357148,True,True,True,5.548809981685563e-06,COMPLETE
1326,0.42021160125732426,2025-04-13 16:57:09.972693,2025-04-13 16:57:18.120867,0 days 00:00:08.148174,0.5357153860288262,0.6835888962188839,8,0.060613139204508,0.17247594353191678,0.0646814591799615,0.046404306561077975,0.07105489843058387,0.006303081103456494,0.0001983580001890274,17,43,0.06166799470670722,0.2566803713193419,True,True,True,2.834416558540054e-06,COMPLETE
1327,0.4134691476821899,2025-04-13 16:57:18.548792,2025-04-13 16:57:26.772293,0 days 00:00:08.223501,0.590629833893724,0.7041104355819819,8,0.050666873727547176,0.09269080543470136,0.07325864074706583,0.05220669608157183,0.06920094634419992,0.011937265506093631,0.0003493708140531028,18,38,0.05653019330993931,0.18954389123995447,True,True,True,2.0888831127480433e-06,COMPLETE
1328,0.3952940106391907,2025-04-13 16:57:27.198663,2025-04-13 16:57:35.216060,0 days 00:00:08.017397,0.6549257077165357,0.7505533273850947,8,0.07010056039532558,0.11742816875914029,0.06114946558502959,0.04998884934714867,0.06776462108791882,0.016927763736633072,0.00026487312712351457,16,52,0.0642683111253753,0.2847684657664614,True,True,True,3.6242015694429034e-06,COMPLETE
1329,0.36718822717666627,2025-04-13 16:57:35.645420,2025-04-13 16:57:43.801634,0 days 00:00:08.156214,0.5665874067260446,0.7228780699081845,8,0.0403244086330268,0.07814758995400597,0.06850840721186491,0.057605756273657806,0.07712319080499444,0.013360369310590044,0.0004019138853949557,17,45,0.059929472092408266,0.2668979584492615,True,True,True,4.7397787756675896e-06,COMPLETE
1330,0.42403569221496584,2025-04-13 16:57:44.226663,2025-04-13 16:58:00.493560,0 days 00:00:16.266897,0.5474688563381271,0.6732541206863417,2,0.05573290053990538,0.15590725774745925,0.05829047805995471,0.04489130075709217,0.0726514735074784,0.009989564881025384,0.0001870915965388015,19,47,0.06245998672958542,0.24986858061940123,True,True,True,6.641978868025548e-06,COMPLETE
1331,0.4267173171043396,2025-04-13 16:58:00.919284,2025-04-13 16:58:08.201737,0 days 00:00:07.282453,0.5833160960877722,0.74813260443023,8,0.047280713187949124,0.10216328455631389,0.06402578498847729,0.05333625665180709,0.06605821076189333,0.007486947005053475,0.0004962731414895378,12,34,0.05193649239012154,0.27810552898160046,True,True,True,8.696457620284636e-06,COMPLETE
1332,0.4294424891471863,2025-04-13 16:58:08.647016,2025-04-13 16:58:16.634869,0 days 00:00:07.987853,0.5199668914595663,0.7249081894631579,8,0.06280652744576933,0.11059154069198464,0.07137660614709146,0.04732653695749291,0.07103868931721675,0.015037446971243887,0.000231109958358851,16,41,0.05877072392005971,0.26158000864788516,True,True,True,3.37903148613475e-06,COMPLETE
1333,0.4029294490814209,2025-04-13 16:58:17.063391,2025-04-13 16:58:25.072379,0 days 00:00:08.008988,0.49100400149983736,0.7559691925840012,8,0.08198118455473126,0.11032806574080652,0.0730789158961006,0.04422643916501301,0.06880591038668397,0.01862400978554367,0.00016464858385428874,16,38,0.05617530356528601,0.26846243141469184,True,True,True,2.5225920315424295e-06,COMPLETE
1334,0.42339611053466797,2025-04-13 16:58:25.502580,2025-04-13 16:58:33.517037,0 days 00:00:08.014457,0.47540724451490113,0.7312553495543442,8,0.07105915865589446,0.11349461364976485,0.07160790080373204,0.046431550351151624,0.06978497549625558,0.017923922298010347,0.00020770230585341666,17,34,0.05464325682884138,0.27458616102999633,True,True,True,3.050434426508e-06,COMPLETE
1335,0.42012590169906616,2025-04-13 16:58:33.946601,2025-04-13 16:58:42.000534,0 days 00:00:08.053933,0.505579104682208,0.7366666757270536,8,0.06548211376067141,0.12153842122382956,0.0748439581189359,0.043864409915148124,0.07095808263540032,0.01595909429845136,0.00022748402580299678,16,37,0.05761536328133495,0.2646864115024713,True,True,True,1.6568595036255026e-06,COMPLETE
1336,0.42545737028121955,2025-04-13 16:58:42.430706,2025-04-13 16:58:50.540547,0 days 00:00:08.109841,0.5041258945748288,0.7542970867701613,8,0.07278534713765235,0.11639188595124275,0.07225060898373895,0.047874996616475464,0.06787852454723135,0.015300336274115818,0.0002959157758194859,17,39,0.05854937445667669,0.2763324014684441,True,True,True,2.0619141720299518e-06,COMPLETE
1337,0.4270516037940979,2025-04-13 16:58:50.965631,2025-04-13 16:58:58.922737,0 days 00:00:07.957106,0.5183533846214627,0.7206278612160316,8,0.06375635654439774,0.10838995355638842,0.07651024659934362,0.04538495065783603,0.07129423764497902,0.018212002915197024,0.00017844503916058773,16,41,0.05559859742454632,0.27089091193497733,True,True,True,2.632649564482977e-06,COMPLETE
1338,0.23374924659729004,2025-04-13 16:58:59.348233,2025-04-13 16:59:05.741140,0 days 00:00:06.392907,0.5209326073484418,0.737022145148764,8,0.06735515297110642,0.10491463098211146,0.07419963265249037,0.04708928742801097,0.06399665327042682,0.016379504572622605,0.0003700913296936077,6,41,0.05749155954592584,0.2623434570038881,True,True,False,3.444145861603075e-06,COMPLETE
1339,0.4239797830581665,2025-04-13 16:59:06.188762,2025-04-13 16:59:14.458375,0 days 00:00:08.269613,0.49114569963057375,0.7574785862538727,8,0.07927107308777072,0.12016269603513506,0.07082605334750099,0.04314643679935195,0.06733508606573058,0.014991959372501373,0.0002371038774202578,18,36,0.058660394192582045,0.2929690644696142,True,True,True,1.9837913138054547e-06,COMPLETE
1340,0.4063558340072632,2025-04-13 16:59:14.894657,2025-04-13 16:59:29.871455,0 days 00:00:14.976798,0.5312865738346639,0.7154860633293878,2,0.0630357326012033,0.11237421963549879,0.07160069106579044,0.04758005351014129,0.05975269490753237,0.019966371278773327,0.0002889393683942046,17,40,0.05399001522277576,0.28280289320124774,False,True,True,2.743297012814789e-06,COMPLETE
1341,0.22846579551696777,2025-04-13 16:59:30.316180,2025-04-13 16:59:38.505897,0 days 00:00:08.189717,0.5097227037288156,0.10096971255935576,8,0.16773294685500995,0.09853890645485323,0.07384580770530517,0.041763088870002,0.06997465931064198,0.0023295361281277776,0.000449731165350497,17,42,0.05993503116175294,0.27036284391402504,True,True,True,3.438751002204277e-06,COMPLETE
1342,0.4225104928016663,2025-04-13 16:59:38.935366,2025-04-13 16:59:45.951213,0 days 00:00:07.015847,0.5320461584010178,0.7345633448510871,16,0.06912252024100488,0.10860355481206557,0.06900060402701494,0.04507310230142443,0.07171712183840068,0.005185997555489235,0.00019682012285121016,16,39,0.05613253452724165,0.26160035232783374,True,True,True,1.396788195643184e-06,COMPLETE
1343,0.3484330177307129,2025-04-13 16:59:46.386433,2025-04-13 16:59:54.500651,0 days 00:00:08.114218,0.5102051145665747,0.7609116458072133,8,0.07610879626256864,0.11865726115421706,0.0787077533573901,0.05108889462495521,0.06955554410832454,0.017469241819295364,0.00034500834488346207,18,34,0.059229844964916026,0.2743020746089302,False,True,True,2.5339113128659234e-06,COMPLETE
1344,0.3958363771438599,2025-04-13 16:59:54.928043,2025-04-13 17:00:03.291147,0 days 00:00:08.363104,0.4747768348931381,0.7101867422244396,8,0.06002249897520256,0.2400403965069975,0.07043239903243996,0.05512470021025319,0.06605801095244566,0.013691147250512481,0.014769013505839416,17,82,0.052088729108971,0.2670044734383152,True,False,True,3.586283453466179e-06,COMPLETE
1345,0.2048193633556366,2025-04-13 17:00:03.722602,2025-04-13 17:00:10.727312,0 days 00:00:07.004710,0.5380101335984028,0.17213411238071402,16,0.061812165170322134,0.09867429499891071,0.07269712275675444,0.04842562429137457,0.07237970889924925,0.06091742958195829,0.00015654331812584913,16,43,0.05699142756167538,0.23472941966188704,True,True,True,2.0638927583205453e-06,COMPLETE
1346,0.3849572062492371,2025-04-13 17:00:11.155500,2025-04-13 17:00:19.281256,0 days 00:00:08.125756,0.5288431806914627,0.7291291851612192,8,0.06993893490761449,0.10421012115415872,0.06961663878988655,0.047015747415345026,0.07122554283000486,0.01528842252664625,0.00024667697671964747,18,37,0.054302648570627644,0.2617494445536087,False,True,True,4.172549246852089e-06,COMPLETE
1347,0.42480911016464235,2025-04-13 17:00:19.732751,2025-04-13 17:00:27.740207,0 days 00:00:08.007456,0.4959868557087954,0.7493717640684102,8,0.057663928943357964,0.08830824166672262,0.07591071727919133,0.05851833713800744,0.07250590515524201,0.011812381553668282,0.0005609037271163265,16,42,0.06037444340913674,0.1782263540475695,True,True,True,3.0562405777306466e-06,COMPLETE
1348,0.40224488973617556,2025-04-13 17:00:28.173825,2025-04-13 17:00:35.349330,0 days 00:00:07.175505,0.5436404527393217,0.6901484772658097,16,0.064151502542014,0.11329819478705797,0.0722235797099505,0.05156393865709891,0.06872633898340706,0.018184763366855358,0.00029702398110319857,17,45,0.05816461427725772,0.28673245618060916,True,True,True,2.4305475856594465e-06,COMPLETE
1349,0.42493162155151365,2025-04-13 17:00:35.782333,2025-04-13 17:00:43.889703,0 days 00:00:08.107370,0.5199961737247267,0.7697313413639205,8,0.05690989110733255,0.0939540834746126,0.07041342930578606,0.04343249827604899,0.074095399309967,0.0874002706665333,0.00040023204437873917,17,40,0.060293489145441366,0.22669549309942852,True,True,True,3.974647127239586e-06,COMPLETE
1350,0.3660440444946289,2025-04-13 17:00:44.323347,2025-04-13 17:00:52.116783,0 days 00:00:07.793436,0.4649896237291157,0.6497195627869128,8,0.06581444519003753,0.10579328080275396,0.0682033392828254,0.04943689109542395,0.06752713639142935,0.008711980835426729,4.139229782874478e-05,16,43,0.05682660164533382,0.2549817698323311,False,True,True,3.1692533072244506e-06,COMPLETE
1351,0.2048193633556366,2025-04-13 17:00:52.549279,2025-04-13 17:01:07.740730,0 days 00:00:15.191451,0.5545152674251083,0.7080722031826031,2,0.09385935262750097,0.25525137909939843,0.07041523033019935,0.053860868743777456,0.06983659218899907,0.013186672979991987,0.0002084368036801029,17,48,0.06100356022336063,0.2808143609925871,True,True,True,0.000709477706046527,COMPLETE
1352,0.4253860116004944,2025-04-13 17:01:08.174491,2025-04-13 17:01:15.411057,0 days 00:00:07.236566,0.5476926691972994,0.7266780960223398,16,0.05454239378838922,0.09911361887690452,0.07391449574249379,0.03877788081372548,0.07336871220999833,0.00453120193946367,0.0003252629640613579,19,37,0.053389108709507395,0.24071625212444162,True,True,True,1.777600073513339e-06,COMPLETE
1353,0.37559051513671876,2025-04-13 17:01:15.841061,2025-04-13 17:01:22.440229,0 days 00:00:06.599168,0.5032310764277713,0.7453084842588531,8,0.07186548357609479,0.11554250960213386,0.068339959888189,0.04538055050044452,0.05514114678100476,0.010828553545790931,0.0002627934348939878,8,10,0.05919262932590192,0.25874717993350804,False,True,True,4.0177942441234506e-06,COMPLETE
1354,0.4017940998077393,2025-04-13 17:01:22.890861,2025-04-13 17:01:31.207270,0 days 00:00:08.316409,0.5211049055484568,0.692488929701007,8,0.08301065219913516,0.10873870527767107,0.06674447370466813,0.05650561259435575,0.06568448824879447,0.014370682830942685,0.00047893284119327633,18,45,0.05636946299316505,0.2690922508498414,True,True,True,2.755460552680447e-06,COMPLETE
1355,0.42829375267028813,2025-04-13 17:01:31.644462,2025-04-13 17:01:38.680227,0 days 00:00:07.035765,0.5563157556194646,0.765314595417085,16,0.06073147972843418,0.08431827950222386,0.07090915366875793,0.050079331923923116,0.04989110575392003,0.016001010795600998,0.0003870058198942506,16,41,0.061260365378770526,0.24635738897935752,True,True,True,2.2789058195692277e-06,COMPLETE
1356,0.3525450110435486,2025-04-13 17:01:39.114055,2025-04-13 17:01:47.091766,0 days 00:00:07.977711,0.537468014631282,0.717213664040595,8,0.0758157654264804,0.1209021779292701,0.07750878721834711,0.05291969749641832,0.07118794900085529,0.006709852826840162,0.00023041251284818245,17,48,0.05893397066013073,0.27537505144476815,False,True,True,4.79932658349345e-06,COMPLETE
1357,0.27855504751205445,2025-04-13 17:01:47.526535,2025-04-13 17:01:55.431843,0 days 00:00:07.905308,0.5675281391805285,0.6747941961446046,8,0.051332523150525305,0.102994178632405,0.06743285699501765,0.04143974492342818,0.07350145971969833,0.020456089762345822,0.0001811703924991759,16,44,0.05484695191680634,0.2508822269997102,True,True,False,1.1850839446188034e-06,COMPLETE
1358,0.2126188337802887,2025-04-13 17:01:55.865550,2025-04-13 17:02:03.021795,0 days 00:00:07.156245,0.49012704827483666,0.7439855737560589,16,0.14251013199796012,0.09335795166569878,0.06903178878687329,0.046184990375893034,0.07025946800743749,0.010968699749089329,0.0002880642896388159,18,39,0.06183944963298256,0.26445333488250605,True,True,True,3.425946393377019e-06,COMPLETE
1359,0.40538141727447513,2025-04-13 17:02:03.460238,2025-04-13 17:02:10.637549,0 days 00:00:07.177311,0.5221817860502292,0.6990519680553934,8,0.05993509296805317,0.1108914766254205,0.07227652482309091,0.051580584687731024,0.0743913128625949,0.012753469397010041,0.00012524751499423914,11,34,0.05800304371459615,0.25869154088243396,True,True,True,1.7681963533307215e-06,COMPLETE
1360,0.40190495252609254,2025-04-13 17:02:11.093732,2025-04-13 17:02:19.045343,0 days 00:00:07.951611,0.5483862564019371,0.6483782319182854,8,0.06649752434740254,0.09724410675890205,0.07509216522126991,0.04817199626918231,0.01659870950792585,0.008621851477682713,0.0003532727729848254,17,50,0.05238159410383668,0.23087926773623765,False,True,True,3.0606696785435585e-06,COMPLETE
1361,0.41561623811721804,2025-04-13 17:02:19.488492,2025-04-13 17:02:26.536371,0 days 00:00:07.047879,0.5657066221783889,0.777504860567217,8,0.05499294558351528,0.10461572755043727,0.06563002824005441,0.05480965985981055,0.052794686035332085,0.01721806702011188,0.0012117205546581273,10,46,0.0620577632036903,0.23634267350707927,True,True,True,1.1731825445568053e-05,COMPLETE
1362,0.41408863067626955,2025-04-13 17:02:26.978514,2025-04-13 17:02:33.953211,0 days 00:00:06.974697,0.5373612736356863,0.7255761077460025,16,0.05235396725802741,0.11545539862813059,0.06759726841720601,0.043962341523108676,0.06238196249724677,0.014773115699867652,0.0002232022325868543,16,42,0.05958722487147466,0.25394162849930246,True,False,True,4.396605637264147e-06,COMPLETE
1363,0.39923202991485596,2025-04-13 17:02:34.395662,2025-04-13 17:02:40.647356,0 days 00:00:06.251694,0.6408722539536245,0.7062588802305232,8,0.058806345147279004,0.08912713735851306,0.023500552552875087,0.04915893476056371,0.0721122423210912,0.010654410314872078,0.00028516213832098443,5,39,0.05649908975106526,0.24434547903124088,False,True,True,2.492634903835725e-06,COMPLETE
1364,0.42296552658081055,2025-04-13 17:02:41.084044,2025-04-13 17:02:56.877641,0 days 00:00:15.793597,0.6154733526584361,0.7568951548652897,2,0.04357611029279994,0.11095912366712095,0.05676621873551465,0.04596133742287235,0.0667225458511825,0.019041961830671153,0.00015252491610844154,18,43,0.060566596334279216,0.27106961809341606,True,True,True,5.415974909821862e-06,COMPLETE
1365,0.43098539113998413,2025-04-13 17:02:57.315657,2025-04-13 17:03:05.449509,0 days 00:00:08.133852,0.5717624594069871,0.6820026756416634,8,0.03575614276613294,0.1010054892162078,0.07003764870935737,0.051061253326422605,0.07530509906311779,0.0070712595010184445,0.0004392184767176632,17,47,0.06265333040802297,0.21353260587850695,True,True,True,3.997667121520903e-06,COMPLETE
1366,0.2048193633556366,2025-04-13 17:03:05.885348,2025-04-13 17:03:13.893303,0 days 00:00:08.007955,0.5906906357956538,0.70095861190664,8,0.15320627512261453,0.08398068885337188,0.0721420698350375,0.04777998304236668,0.07585853277024991,0.012962902818542909,0.00047666823038221187,16,54,0.06480199367038919,0.22381045767214117,True,True,True,3.3791428923263954e-06,COMPLETE
