number,value,datetime_start,datetime_complete,duration,params_alpha-eval,params_alpha-train,params_batch-size,params_eps-eval,params_eps-train,params_lambda-actions-eval,params_lambda-actions-train,params_lambda-frames-eval,params_lambda-frames-train,params_learning-rate,params_n-epochs,params_n-frames,params_radius-gw,params_rho,params_std-feats,params_ub-actions,params_ub-frames,params_weight-decay,state
683,0.42085940837860114,2025-04-15 14:35:33.475046,2025-04-15 14:35:42.991373,0 days 00:00:09.516327,0.31551236087434964,0.8498111101870696,8,0.016394825224079472,0.061098007250147655,0.029439813737913784,0.047827580664639574,0.09056848636374414,0.08605924126774005,3.9227625174978107e-05,24,58,0.05998717777454833,0.13342084084463637,True,True,True,1.0007746342353004e-06,COMPLETE
684,0.41152151823043825,2025-04-15 14:35:43.207772,2025-04-15 14:35:52.446540,0 days 00:00:09.238768,0.28981974844511005,0.8065465311816126,8,0.010609212626834515,0.026118145103460035,0.09319042323015891,0.04588584796444648,0.0846936997644235,0.08410705795480063,0.0003284556402877173,23,55,0.06133738194196543,0.14214132026993068,True,True,True,2.0043274258038255e-07,COMPLETE
685,0.4187608003616333,2025-04-15 14:35:52.677858,2025-04-15 14:36:02.013518,0 days 00:00:09.335660,0.3401222114333778,0.8825921127992534,8,0.019619144408575033,0.06546889176581785,0.09425085669455271,0.047360554238295924,0.0895554663286494,0.08790284445234312,0.00019284101551394667,23,58,0.06324263655830412,0.25026712396243433,True,True,True,7.43489640855442e-07,COMPLETE
686,0.21059150099754334,2025-04-15 14:36:02.227902,2025-04-15 14:36:11.396303,0 days 00:00:09.168401,0.3654563450487275,0.8926119456889312,8,0.006141409370403989,0.05764744014764909,0.09110664745374425,0.050975202615165784,0.08716905652313095,0.0855482090194321,0.00016401191856295686,23,54,0.06028805050563394,0.08714973739042005,True,True,False,1.7824259914102545e-06,COMPLETE
687,0.4174147725105286,2025-04-15 14:36:11.627246,2025-04-15 14:36:21.257299,0 days 00:00:09.630053,0.25653102700526753,0.8980777286773352,8,0.013056912316195483,0.017396625211722947,0.0492581892790457,0.0494442045774716,0.08909087431126506,0.08219011282577521,0.0002666939252753849,24,62,0.05796650769714904,0.10877033745940341,True,True,True,1.419669644815266e-06,COMPLETE
688,0.3976571440696717,2025-04-15 14:36:21.488520,2025-04-15 14:36:30.987516,0 days 00:00:09.498996,0.30422172542665504,0.8698306528107221,8,0.018315254908387,0.03355786737932153,0.0928240468150661,0.04413190964222618,0.09305275270614445,0.09008213405014655,0.00010429065384198765,24,57,0.06401924546593828,0.14556468711417703,True,True,True,3.9925751063042795e-07,COMPLETE
689,0.4006228089332581,2025-04-15 14:36:31.207194,2025-04-15 14:36:39.844159,0 days 00:00:08.636965,0.334215864110893,0.852797803415638,8,0.020179803318131545,0.06610996640444797,0.09018281750700739,0.04696821219324896,0.08658496533742037,0.080707976992916,0.00013476776328657088,18,61,0.06048098899747735,0.12404281017134662,True,True,True,1.253931693892536e-07,COMPLETE
690,0.4161326050758362,2025-04-15 14:36:40.074024,2025-04-15 14:36:49.385093,0 days 00:00:09.311069,0.27427545517606067,0.8932981903854967,8,0.010808027359615939,0.007846055384495676,0.09426560829805614,0.04036220056678706,0.08988529547244725,0.08767335470757479,0.00033720731644180176,23,54,0.05718373742625082,0.11507780635458344,True,True,True,3.0044542620744165e-07,COMPLETE
691,0.26814739108085633,2025-04-15 14:36:49.602859,2025-04-15 14:36:59.301351,0 days 00:00:09.698492,0.3607340370368442,0.6420557408548253,8,0.004820563786898468,0.0536832183806904,0.09395438843093287,0.05168777277677283,0.0922955081204692,0.08552463252380084,0.0002279486711876499,25,59,0.0620693849025306,0.13798570214402264,True,True,True,6.435254944227755e-07,COMPLETE
692,0.3729838490486145,2025-04-15 14:36:59.531896,2025-04-15 14:37:08.168533,0 days 00:00:08.636637,0.32057253385854595,0.8748588588525358,8,0.02131581464532292,0.04086746500842014,0.09105203905992099,0.04951554354743324,0.08611729192935931,0.07615671148269539,0.0001751091934146059,18,62,0.056333658601377505,0.13129660038305374,True,True,True,2.291474446796831e-07,COMPLETE
693,0.4206362009048462,2025-04-15 14:37:08.390953,2025-04-15 14:37:18.073390,0 days 00:00:09.682437,0.34028509541197577,0.9125617533490977,8,0.006195446416692747,0.032016057902661606,0.08933220906893688,0.04258002700046173,0.08390947774365151,0.09100982373572292,0.0002678295333154134,25,57,0.05899860681791015,0.14390057790792696,True,True,True,4.5073452392642456e-07,COMPLETE
694,0.2048193633556366,2025-04-15 14:37:18.300704,2025-04-15 14:37:26.908127,0 days 00:00:08.607423,0.2915506715777817,0.9047935899170692,8,0.25350259695487753,0.024148557595562642,0.059714282249686945,0.046168580365625864,0.09412766005760147,0.08858211680455313,0.0003472259452534597,19,54,0.055361442312901514,0.12176534884612537,True,True,True,3.397041057893907e-07,COMPLETE
695,0.4115087151527405,2025-04-15 14:37:27.129557,2025-04-15 14:37:36.666353,0 days 00:00:09.536796,0.3124850771723483,0.8294063093533393,8,0.012948012221804943,0.058238259456451294,0.09440905404299418,0.05284819039435091,0.09094203516395276,0.05156625780798452,0.0002016065041495089,23,68,0.061096548258118395,0.10001633497071978,True,True,True,1.8006929304919094e-07,COMPLETE
696,0.38370063304901125,2025-04-15 14:37:36.896581,2025-04-15 14:37:46.159241,0 days 00:00:09.262660,0.3550971180918335,0.8803176381850027,8,0.019338280247006543,0.04505091831867977,0.09155880298813585,0.048027519230421284,0.08772834320646364,0.09181463526036102,0.0001486798157660843,22,60,0.05793786847219492,0.11158419083664585,True,True,True,5.144531265504602e-07,COMPLETE
697,0.2048193633556366,2025-04-15 14:37:46.391879,2025-04-15 14:37:55.018522,0 days 00:00:08.626643,0.32623370850344696,0.9173547845176188,8,0.1554362282143522,0.06674751607051865,0.0877986633702536,0.050742263911256386,0.0848242294631384,0.08747412236699909,0.0002891393708174663,19,56,0.055456961913403914,0.1459279288231316,True,True,True,2.56962667692383e-07,COMPLETE
698,0.42287143468856814,2025-04-15 14:37:55.237375,2025-04-15 14:38:03.684299,0 days 00:00:08.446924,0.2942916167221699,0.89358257228715,8,0.005627360619820176,0.052552497291176226,0.09581080118274157,0.030536923445383366,0.08894865265657922,0.08395143568906363,0.00023603757235854866,17,64,0.06372309192932527,0.13679787227003729,True,True,True,4.208710141840405e-07,COMPLETE
699,0.2508406341075897,2025-04-15 14:38:03.917396,2025-04-15 14:38:12.545252,0 days 00:00:08.627856,0.37160271085862917,0.553060371809639,8,0.012569473177615016,0.03608327188137377,0.09210672487183078,0.04472566541897424,0.09325673887311095,0.0890097297942444,0.00012495894420187775,18,60,0.059674943422156616,0.11759660144211344,True,True,True,3.2244452386313437e-07,COMPLETE
700,0.3539076685905457,2025-04-15 14:38:12.765850,2025-04-15 14:38:21.575141,0 days 00:00:08.809291,0.3392660706012746,0.9184707103515565,8,0.020122908769850484,0.06077382607437874,0.09400194352465902,0.04974480820307201,0.09143020659203085,0.09033165715427499,0.0001714485550991665,20,54,0.056991164457356504,0.10314447269056858,True,True,True,6.655367970132797e-07,COMPLETE
701,0.2803911089897156,2025-04-15 14:38:21.807482,2025-04-15 14:38:31.387962,0 days 00:00:09.580480,0.27049582248658094,0.8546091823384395,8,0.0005523180774746209,0.04568650909744417,0.08889450891392495,0.0372283813022484,0.08745736513846593,0.0862176318017492,0.00029696609073529093,24,58,0.06227861404807907,0.13267038548760912,True,True,True,9.079110414096986e-07,COMPLETE
702,0.2048193633556366,2025-04-15 14:38:31.606865,2025-04-15 14:38:39.466972,0 days 00:00:07.860107,0.31404479836396476,0.8897969818667103,16,0.196230954440119,0.02838573870417648,0.09584636429363047,0.052441316702468585,0.08996479875867847,0.08164696257368863,9.429445646679336e-05,22,63,0.019965243940730636,0.12743403524113223,True,True,True,1.4445140882893905e-07,COMPLETE
703,0.4221339821815491,2025-04-15 14:38:39.698055,2025-04-15 14:38:47.311381,0 days 00:00:07.613326,0.3496096800830201,0.9043053960535237,16,0.012393378798494866,0.05317047835708265,0.08485860028387987,0.05409486476281124,0.08435187300724573,0.09145467631487394,0.0003671211731571683,19,70,0.054750075461794064,0.14634947146856364,True,True,True,2.274597350411994e-07,COMPLETE
704,0.2130373239517212,2025-04-15 14:38:47.545586,2025-04-15 14:38:56.050869,0 days 00:00:08.505283,0.2998516444183761,0.8703599699824798,8,0.00024232568303483339,0.043704902776991114,0.09264661126281169,0.034051819056755445,0.0257999194473323,0.08812726597765377,0.0001991378074642979,18,62,0.05932551299767669,0.1408889597542151,True,True,False,3.6783781544411007e-07,COMPLETE
705,0.2048193633556366,2025-04-15 14:38:56.273918,2025-04-15 14:39:03.791220,0 days 00:00:07.517302,0.24617645071780975,0.9244081501059233,16,0.10309491240531982,0.021041675245211045,0.05586938993313894,0.04795664388417448,0.09426123755899743,0.08507381509106476,0.00023734480736838833,20,53,0.08276087544335951,0.10744685746794456,True,True,True,1.8457211349634215e-07,COMPLETE
706,0.3777776598930359,2025-04-15 14:39:04.025841,2025-04-15 14:39:13.006307,0 days 00:00:08.980466,0.36571526275587624,0.9212689285287979,8,0.02161074076285862,0.03933374365036128,0.0870398516239575,0.063082163215226,0.09187673378001761,0.0897747388405874,0.0001498342326339179,21,57,0.054215671915622744,0.09508035451070977,True,True,True,2.8025178814272983e-07,COMPLETE
707,0.4152500987052917,2025-04-15 14:39:13.229605,2025-04-15 14:39:21.440520,0 days 00:00:08.210915,0.324842567848756,0.8845142469075105,16,0.007477091020661751,0.05835584571796837,0.09038343619076271,0.04990915603756638,0.019828961341284153,0.09247648728591772,3.0126509079418305e-05,25,66,0.05783049134991088,0.11964731155092533,True,True,True,5.210244357146152e-07,COMPLETE
708,0.4169601798057556,2025-04-15 14:39:21.673539,2025-04-15 14:39:29.255094,0 days 00:00:07.581555,0.33952917530126747,0.9039482008229115,16,0.01608039155866741,0.06752098032585034,0.09590019988245226,0.046573205426932385,0.08646646800380514,0.0860510884909513,0.0001147071048395852,19,60,0.06050230337408078,0.12511373550829005,True,True,True,4.36326054924209e-07,COMPLETE
709,0.4224607586860657,2025-04-15 14:39:29.478982,2025-04-15 14:39:38.314486,0 days 00:00:08.835504,0.27470767722909295,0.8660652537165152,8,0.009402796710180227,0.051909549755677395,0.08208836688648152,0.052246672257505886,0.08894503946378339,0.09055806067299008,0.00035205216724560365,20,53,0.05671080248628789,0.1109592577295419,True,True,True,2.20674236726974e-07,COMPLETE
710,0.2709686636924744,2025-04-15 14:39:38.546926,2025-04-15 14:39:46.588671,0 days 00:00:08.041745,0.3142854087290639,0.9021375300454807,16,0.021952240064971693,0.033258159685805595,0.09433787425871722,0.044736529183213844,0.09435732087615066,0.04658653804468371,7.221528412445033e-05,23,67,0.06413271869441772,0.05405662324194102,True,True,True,3.07263418517099e-07,COMPLETE
711,0.421398651599884,2025-04-15 14:39:46.824971,2025-04-15 14:39:54.067572,0 days 00:00:07.242601,0.36205854067994014,0.8488546908935036,16,0.016187210509608925,0.04776794298703093,0.08882926904099825,0.04248674000404097,0.09018282962425297,0.08334152215173134,0.0001833258226062806,17,57,0.05492729160473243,0.1470226660457763,True,True,True,6.574673013153189e-07,COMPLETE
712,0.4240819215774536,2025-04-15 14:39:54.290084,2025-04-15 14:40:04.462644,0 days 00:00:10.172560,0.29874514912777944,0.9191656052595085,8,0.006241537303874078,0.016153058110267703,0.0915033728098886,0.05028488017526444,0.0835830585969975,0.09233908552947871,0.00027231077224745733,26,76,0.05862558086436677,0.13591629336590433,True,True,True,3.8526178456345813e-07,COMPLETE
713,0.41379579305648806,2025-04-15 14:40:04.701234,2025-04-15 14:40:12.583857,0 days 00:00:07.882623,0.34046762551779675,0.8855067777995691,16,0.011434518946269585,0.06122388071125302,0.09656224010574296,0.0398031231293399,0.08720869277513903,0.08787423225619412,2.101742685636429e-05,22,62,0.0619400538540778,0.11605715354251706,True,True,True,3.0133909149881776e-07,COMPLETE
714,0.42029436826705935,2025-04-15 14:40:12.806582,2025-04-15 14:40:21.318688,0 days 00:00:08.512106,0.3218524537688527,0.8381719983953712,8,0.02256817429579605,0.02669742247488766,0.04176267650948154,0.006175419237593901,0.09260609963287175,0.08916563623518844,0.00014038170361275036,18,58,0.054003137334414426,0.1291313312414281,True,True,True,1.5253483529492845e-07,COMPLETE
715,0.3663569688796997,2025-04-15 14:40:21.556399,2025-04-15 14:40:29.299741,0 days 00:00:07.743342,0.29023112250948413,0.9221055412938063,16,0.016240929655400325,0.04037978378572131,0.0982060195398185,0.04819280442321692,0.0893672841763394,0.06321656145755071,0.0002323902598603302,21,64,0.05626422304493723,0.10152687109748611,True,True,True,4.575400867270516e-07,COMPLETE
716,0.4226842522621155,2025-04-15 14:40:29.522227,2025-04-15 14:40:36.890341,0 days 00:00:07.368114,0.37316397049696765,0.8688132973731225,16,0.005815210801658197,0.23664306187122303,0.09332901322851674,0.054198362564386454,0.08563455777303325,0.08624207629062143,0.0003662027746320183,19,53,0.05895359804513001,0.14117061484585505,True,True,True,2.6328280270087806e-07,COMPLETE
717,0.4249122738838196,2025-04-15 14:40:37.128399,2025-04-15 14:40:46.841429,0 days 00:00:09.713030,0.3465062817233786,0.8989620480749523,8,0.01249561463042707,0.05576371882913083,0.08562851834214992,0.051268585192322164,0.09170020168190186,0.08048036634615077,0.00031253648996454927,24,71,0.06091588645379275,0.14715593086850975,True,True,True,5.580803017171383e-07,COMPLETE
718,0.4216858267784119,2025-04-15 14:40:47.081727,2025-04-15 14:40:56.986355,0 days 00:00:09.904628,0.3265661086114854,0.8822776605985898,8,0.012472417820551425,0.048863524216525615,0.08644048643920058,0.051619776508001765,0.09201989894957,0.0816966528142513,0.00026007004458671013,24,75,0.0635817739476993,0.14690025973758195,True,True,True,8.910174510517209e-07,COMPLETE
719,0.41145842075347905,2025-04-15 14:40:57.213288,2025-04-15 14:41:07.140264,0 days 00:00:09.926976,0.2634437498925447,0.8985127630446053,8,0.005939836094380514,0.0672777681557689,0.08445256966030033,0.053577526681514505,0.09062233855759622,0.07838768803151737,0.00029437635817451745,25,71,0.0611484305547239,0.13909580686506143,True,True,True,5.882565516141954e-07,COMPLETE
720,0.421671462059021,2025-04-15 14:41:07.383915,2025-04-15 14:41:17.173536,0 days 00:00:09.789621,0.2996795997723523,0.8664596516204269,8,0.010553446992822822,0.03778916470290813,0.08625064489899711,0.04816037354980021,0.09402144755015548,0.08046123331883022,0.0001813120617276228,24,69,0.06473460125627845,0.14893175699222644,True,True,True,7.535074718300176e-07,COMPLETE
721,0.42042944431304935,2025-04-15 14:41:17.402997,2025-04-15 14:41:27.197470,0 days 00:00:09.794473,0.3458735941429244,0.8956867769491599,8,0.015558001545976403,0.05596106091715484,0.08959336673349869,0.05078499421309379,0.08833370971623647,0.08493514269175459,0.00021690889238053836,24,72,0.06180375430588564,0.14270671414453057,True,True,True,5.027218082176889e-07,COMPLETE
722,0.3657039046287537,2025-04-15 14:41:27.436197,2025-04-15 14:41:37.514866,0 days 00:00:10.078669,0.3143524339789921,0.852718815276623,8,0.0007098195032023084,0.03214252036389963,0.08385395403975435,0.055749218851518276,0.0957086016135474,0.08355801319445912,4.752827737316545e-05,25,77,0.06243089239845288,0.13300923510643212,True,True,True,1.1970513205078724e-06,COMPLETE
723,0.2048193633556366,2025-04-15 14:41:37.744251,2025-04-15 14:41:47.277339,0 days 00:00:09.533088,0.33088543040187846,0.8788478533195708,8,0.2827649955272307,0.044388009608741244,0.08811290560888124,0.04953274257541507,0.09195107075353808,0.05825683739907865,0.04683625233404134,23,69,0.06045862461349858,0.14966189809912525,True,True,True,6.735504022132885e-07,COMPLETE
724,0.2048193633556366,2025-04-15 14:41:47.516236,2025-04-15 14:41:57.134008,0 days 00:00:09.617772,0.279800390923648,0.8165639474273072,8,0.018468410657601513,0.06450392828188299,0.08660550053155808,0.05320904003524611,0.09058092599017509,0.08639606869309598,0.0003181696257294249,24,67,0.06548235800016422,0.12345507179326626,True,True,False,1.0583399294433187e-05,COMPLETE
725,0.39473059177398684,2025-04-15 14:41:57.374735,2025-04-15 14:42:07.022411,0 days 00:00:09.647676,0.3059972648479597,0.9092971321461958,8,0.005018901604220916,0.050968886840483375,0.06338321651111943,0.046128015552631095,0.09349830288661047,0.08778549642998693,0.0001634596663330033,23,74,0.05330281058210401,0.14169362321292492,True,True,True,3.507182782253983e-07,COMPLETE
726,0.41854608058929443,2025-04-15 14:42:07.251679,2025-04-15 14:42:17.193415,0 days 00:00:09.941736,0.34788242356098953,0.8927746950098913,8,0.01571124672723353,0.060620437532988306,0.09025630069748597,0.002324573335332574,0.08840768314939998,0.08453979544031066,8.547625845575801e-05,25,72,0.05961210886952658,0.1342908317270067,True,True,True,4.615637699333134e-07,COMPLETE
727,0.3647672057151795,2025-04-15 14:42:17.435708,2025-04-15 14:42:27.098172,0 days 00:00:09.662464,0.3778555289899716,0.92541135324789,8,0.023788214917396047,0.19019930951179503,0.08871535709548593,0.052523969882046204,0.09602382135373172,0.0922607917153185,0.00011270809882560787,24,65,0.06265107409365929,0.11345199891868671,True,True,True,5.868856448704192e-07,COMPLETE
728,0.2048193633556366,2025-04-15 14:42:27.328889,2025-04-15 14:42:36.582850,0 days 00:00:09.253961,0.32505348859283745,0.9053573049970904,8,0.139291005393346,0.02905482905567773,0.0912756001112343,0.04766226496473039,0.08490257661549852,0.08179704989905125,0.0002030174646273459,22,61,0.05602048205130371,0.15192627001323436,True,True,True,3.8681237159077364e-07,COMPLETE
729,0.42303766012191774,2025-04-15 14:42:36.822575,2025-04-15 14:42:45.999816,0 days 00:00:09.177241,0.2888798393936913,0.85839750970263,8,0.010881424243267124,0.0222029584345828,0.08100800718934295,0.028438477264298892,0.09229092521519329,0.09009120785485655,0.00023577418239594233,21,69,0.05255332476603512,0.12771334258494635,True,True,True,1.94795504853344e-05,COMPLETE
730,0.42418593168258667,2025-04-15 14:42:46.240924,2025-04-15 14:42:55.636286,0 days 00:00:09.395362,0.2503784602379925,0.8800759812757359,8,0.00933052716858809,0.037954634336025424,0.08511023352908206,0.05062693047289712,0.08950704211347654,0.08785132073530451,0.00031748202931542244,23,59,0.06046842214003906,0.14547908059869577,True,True,True,1.9624127963472099e-07,COMPLETE
731,0.363416862487793,2025-04-15 14:42:55.865568,2025-04-15 14:43:04.751982,0 days 00:00:08.886414,0.3561186442180394,0.9251713424305392,8,0.022142922871098286,0.053720419070309,0.08857017709392041,0.043402199784510584,0.09503359760401832,0.09411993190681889,0.00013952171365914497,20,56,0.057775663691892486,0.11955339362455317,True,True,True,8.995876213912246e-07,COMPLETE
732,0.4239932656288147,2025-04-15 14:43:04.993499,2025-04-15 14:43:14.970304,0 days 00:00:09.976805,0.3093188663128087,0.8379312556982013,8,0.006412846468513449,0.04568144644391733,0.09249637609342783,0.054980493454007524,0.08265441551892226,0.09006951566250827,0.00018822088542603057,26,64,0.05407977922142634,0.1347347817318987,True,True,True,5.187774045365296e-07,COMPLETE
733,0.3992437720298767,2025-04-15 14:43:15.200857,2025-04-15 14:43:24.179194,0 days 00:00:08.978337,0.3376025307433317,0.9046023868981914,8,0.016204362472311253,0.06919053204634468,0.09060120394170594,0.058119470653939104,0.08638283624176456,0.08397920637234949,0.0002588213028989827,20,62,0.0632503141828259,0.10849205791193789,True,True,True,2.665782836468184e-07,COMPLETE
734,0.4249691843986511,2025-04-15 14:43:24.419785,2025-04-15 14:43:34.112987,0 days 00:00:09.693202,0.3625689787766359,0.8774546626563312,8,0.010604680304461236,0.010668607415268238,0.09322935295868998,0.02564191545116884,0.09087855136842096,0.08631412170924153,0.0003800913077601423,24,67,0.058662798004542833,0.1503330505578304,True,True,True,3.584193615841979e-07,COMPLETE
735,0.2048193633556366,2025-04-15 14:43:34.357178,2025-04-15 14:43:44.102221,0 days 00:00:09.745043,0.3512745651363582,0.8585474116316247,8,0.16188924439215327,0.006349046136314301,0.09230816962657443,0.046108189612522825,0.09109863928058902,0.08594891970100686,0.00036560249423273755,24,70,0.06117906684249739,0.13803725837882758,True,True,True,3.5192718934155155e-07,COMPLETE
736,0.42234641313552856,2025-04-15 14:43:44.335082,2025-04-15 14:43:54.099259,0 days 00:00:09.764177,0.3227634540191352,0.8763823155080446,8,0.010587736640928018,0.01837049993346069,0.08745563518766433,0.03320953784807018,0.08797971382652,0.08721679656135516,0.0003031837164331472,24,73,0.06475295625872075,0.14425237967656523,True,True,True,4.2551281868134664e-07,COMPLETE
737,0.2072131335735321,2025-04-15 14:43:54.347919,2025-04-15 14:44:04.034538,0 days 00:00:09.686619,0.33984886423780064,0.8529068685215802,8,0.0706924926939745,0.01497307119478375,0.09026793356675025,0.04931136527261441,0.0920792073374412,0.07936888119696502,0.00038833954763834583,24,67,0.05908066167736531,0.1493748682948081,True,True,True,3.219799216841103e-07,COMPLETE
738,0.36046844720840454,2025-04-15 14:44:04.268998,2025-04-15 14:44:13.821091,0 days 00:00:09.552093,0.2790956184146203,0.8251134035572129,8,0.005120856856024522,0.007670750927043585,0.0934743180143786,0.038144606488015015,0.09372323962799856,0.08260600270486572,0.0003182166779674621,23,68,0.06042046804231095,0.1389663668888931,True,True,True,1.352627462032619e-05,COMPLETE
739,0.3901701450347901,2025-04-15 14:44:14.063607,2025-04-15 14:44:23.863661,0 days 00:00:09.800054,0.3674217720172607,0.8822002453957912,8,0.0005447423173452516,0.014428280302819823,0.09121623494719557,0.05181323449174389,0.09015931317524561,0.08551890345474224,0.00042732118725085706,25,66,0.05834667057527929,0.12770656890788598,True,True,True,2.352365783732109e-07,COMPLETE
