number,value,datetime_start,datetime_complete,duration,params_alpha-eval,params_alpha-train,params_batch-size,params_eps-eval,params_eps-train,params_lambda-actions-eval,params_lambda-actions-train,params_lambda-frames-eval,params_lambda-frames-train,params_learning-rate,params_n-epochs,params_n-frames,params_radius-gw,params_rho,params_std-feats,params_ub-actions,params_ub-frames,params_weight-decay,state
1253,0.416089391708374,2025-04-13 16:46:53.026425,2025-04-13 16:47:00.559397,0 days 00:00:07.532972,0.6213719647818592,0.7157895175831192,8,0.061960627822991096,0.11242525144670844,0.06819574133560119,0.04570818960418566,0.0728202123943707,0.0187774061714981,0.0004357184452513264,13,52,0.0637903325478441,0.2787220781061616,True,True,True,3.5334857194250993e-06,COMPLETE
1254,0.3775984764099121,2025-04-13 16:47:00.960923,2025-04-13 16:47:15.559245,0 days 00:00:14.598322,0.559123310298203,0.6438205093188873,2,0.04837581438122908,0.07897285874098028,0.05683262495416726,0.051013292026510386,0.08014478693396991,0.006653275757632365,0.00027967837863011023,16,38,0.057325127193042676,0.26714073374980984,True,True,True,4.893101849911914e-06,COMPLETE
1255,0.35858261585235596,2025-04-13 16:47:15.982134,2025-04-13 16:47:24.267232,0 days 00:00:08.285098,0.5399871685933985,0.6738701921065735,8,0.03583090868171704,0.15066556560590488,0.06215286336453478,0.0479734489571339,0.07043087810313473,0.009736628983724967,0.00021482673651509568,18,44,0.062428665163013555,0.2581557911378043,True,True,True,2.469002812009546e-06,COMPLETE
1256,0.4184115052223206,2025-04-13 16:47:24.677714,2025-04-13 16:47:32.466099,0 days 00:00:07.788385,0.5965543683605432,0.7760252724228146,8,0.05589372169684767,0.12026418498158381,0.06667632433606041,0.05752125003370952,0.07581051759080351,0.012676869430784839,0.000355213962565416,15,41,0.05982851826897193,0.251450463479521,True,True,True,6.050328911261742e-06,COMPLETE
1257,0.42158572673797606,2025-04-13 16:47:32.874443,2025-04-13 16:47:41.094522,0 days 00:00:08.220079,0.5797448007089544,0.6950490133202412,8,0.041835873556061345,0.09170658519375968,0.07026108315587233,0.05377041066211671,0.06589265913450194,0.016416702532691545,0.0001352066402640564,17,48,0.05464804179025224,0.28188354983511515,True,True,True,1.7161876472934985e-05,COMPLETE
1258,0.3812644600868225,2025-04-13 16:47:41.504360,2025-04-13 16:47:49.170167,0 days 00:00:07.665807,0.5130944444254,0.7431288774653513,8,0.05024054620438061,0.10032803558069865,0.06524710254438346,0.044125428323211674,0.074237714850003,0.004381755340894823,0.00016896543676228886,14,44,0.057939691099756524,0.10768733762807128,True,True,True,9.652859424099532e-06,COMPLETE
1259,0.38576887845993046,2025-04-13 16:47:49.577820,2025-04-13 16:47:57.925557,0 days 00:00:08.347737,0.5587706119432723,0.7167204820521812,8,0.06339443099246156,0.11030622473047322,0.060743812644827255,0.051572835294245535,0.07854890295486582,0.01433874220318258,0.0002453841183594347,18,50,0.06403676466076812,0.27132465833493796,True,True,True,4.200378698217009e-06,COMPLETE
1260,0.2906433045864105,2025-04-13 16:47:58.341818,2025-04-13 16:48:05.360696,0 days 00:00:07.018878,0.5299397564505359,0.665039440313502,16,0.03040273753367092,0.08424181068768867,0.06367735100983846,0.0614468093675296,0.06885660181933852,0.008354706560437058,0.00035253397856215495,17,39,0.045751523532516214,0.25877261645367605,True,True,True,3.2307625037218877e-06,COMPLETE
1261,0.36848413944244385,2025-04-13 16:48:05.770637,2025-04-13 16:48:13.503363,0 days 00:00:07.732726,0.6099892507282632,0.7584932003996081,8,0.04425683765004896,0.21105908379412996,0.058446511222066504,0.04891556609677791,0.07198461039713014,0.010957032219625615,0.000652122338933703,16,46,0.06126647421745968,0.2450910930652607,False,True,False,2.072758765398253e-06,COMPLETE
1262,0.41693346500396733,2025-04-13 16:48:13.907782,2025-04-13 16:48:28.275710,0 days 00:00:14.367928,0.6361775008385071,0.8121842722179066,2,0.05672259793159442,0.1166418039837377,0.0679503301036434,0.04019250721776017,0.08100335784342784,0.022121235716480322,0.0002866208010191418,15,42,0.059852868692227,0.29035105352817836,True,True,True,7.040831759688461e-06,COMPLETE
1263,0.2792771577835083,2025-04-13 16:48:28.682358,2025-04-13 16:48:36.733314,0 days 00:00:08.050956,0.5740952181817607,0.20470874098813122,8,0.07319613836374499,0.09680374836964054,0.06368416638189722,0.055760848475904505,0.061679636473669586,0.01972699031179312,0.00020224671589876524,17,35,0.06298992987467687,0.26412022626381076,True,True,True,1.7428438785893784e-06,COMPLETE
1264,0.4283081889152527,2025-04-13 16:48:37.139606,2025-04-13 16:48:43.979801,0 days 00:00:06.840195,0.4908952029678516,0.687138173906397,16,0.038927663320454636,0.12561470720773243,0.0800812908728295,0.04610112709800446,0.08412422432401641,0.017488025049943314,0.0004623036649626326,16,45,0.057848344705761126,0.25415747801129385,False,True,True,1.2311313580443895e-05,COMPLETE
1265,0.38615981340408323,2025-04-13 16:48:44.386911,2025-04-13 16:48:52.691267,0 days 00:00:08.304356,0.5392807403911607,0.7258987615632762,8,0.05094231967504506,0.10306870794856045,0.06613954315026985,0.04244779792645537,0.07662338761758744,0.006207246130826405,2.9564136794684663e-05,18,49,0.0612558345116349,0.27109462170632775,True,True,True,5.030627501955372e-06,COMPLETE
1266,0.4326989769935608,2025-04-13 16:48:53.092995,2025-04-13 16:49:00.882130,0 days 00:00:07.789135,0.5880279342564338,0.702927551437706,8,0.0663487682095173,0.10870728903533901,0.07125368719384532,0.04958842880266109,0.07339920322272267,0.012633533087759137,0.00032258657218764615,15,42,0.05569027718280697,0.24710103240246048,True,True,True,4.2019589986858065e-06,COMPLETE
1267,0.35294079780578613,2025-04-13 16:49:01.287039,2025-04-13 16:49:08.871673,0 days 00:00:07.584634,0.6531656105267732,0.7086224817076169,8,0.07002055478091965,0.08569532783941314,0.07317795222119859,0.049578576576411654,0.07255548432997466,0.014308857324460793,0.00038764099471397755,14,37,0.056712641848949544,0.24291888753649762,True,False,True,3.7542351903372156e-06,COMPLETE
1268,0.3219194293022156,2025-04-13 16:49:09.287891,2025-04-13 16:49:17.734892,0 days 00:00:08.447001,0.6268144078971797,0.9550107912687993,8,0.07401775502724046,0.09119254578538646,0.07379443356313058,0.05101974715958755,0.07403853001554939,0.012921945821108548,0.000445470985930084,15,120,0.05601893485948097,0.24377248680975452,True,True,True,4.827792224208036e-06,COMPLETE
1269,0.37869699001312257,2025-04-13 16:49:18.145954,2025-04-13 16:49:26.093253,0 days 00:00:07.947299,0.6459829584396861,0.7249177871284885,8,0.07696104653581974,0.1055735442610418,0.07234524319620567,0.048785083331175955,0.07164130674725853,0.01553871027126188,0.000333080105954809,14,93,0.05524398006102947,0.2486412524889011,True,True,True,4.0369393878642905e-06,COMPLETE
1270,0.4265179157257081,2025-04-13 16:49:26.498296,2025-04-13 16:49:34.276489,0 days 00:00:07.778193,0.6141336915467663,0.6988974340015142,8,0.06941480959678464,0.0876024961632012,0.07339968861882615,0.04686850722129103,0.06996743719790466,0.013345763046705103,0.0003920355638269969,15,40,0.05424993404028696,0.24051998616071396,True,True,True,5.6819900507091445e-06,COMPLETE
1271,0.4254385113716126,2025-04-13 16:49:34.705928,2025-04-13 16:49:42.503261,0 days 00:00:07.797333,0.5982174202646602,0.7408136215065704,8,0.06858213948294509,0.09514266670881452,0.07457637451461158,0.05302377816936157,0.07456640881421386,0.016049471558534884,0.0003218507707330262,15,38,0.056452704522620176,0.24625811055229013,True,True,True,3.4668131585810346e-06,COMPLETE
1272,0.4272785186767578,2025-04-13 16:49:42.916738,2025-04-13 16:49:50.660888,0 days 00:00:07.744150,0.6301693541488513,0.7125448333084727,8,0.06502568730105188,0.11171441469503474,0.07162693633094384,0.050522857184524816,0.07293973926136382,0.011579858880707127,0.0005458172234610506,15,41,0.05810436536496254,0.23967629746797542,True,True,True,2.86879159181683e-06,COMPLETE
1273,0.4261522889137268,2025-04-13 16:49:51.073515,2025-04-13 16:49:58.711085,0 days 00:00:07.637570,0.6075338826512519,0.7379682505212799,8,0.08091186753540247,0.08073493394350155,0.07600372794241168,0.04791372934393621,0.07119438825443986,0.014702191296996093,0.000319190141973324,14,34,0.05527012521187694,0.24646273947002115,True,True,True,4.687401534789423e-06,COMPLETE
1274,0.41292003393173216,2025-04-13 16:49:59.122771,2025-04-13 16:50:06.961172,0 days 00:00:07.838401,0.5909191522851855,0.7738222031382572,8,0.060094775076142116,0.09998614518362221,0.07116282535060646,0.05197992776322227,0.07543539875234023,0.01705238254363353,0.00038967996371214007,15,37,0.05899179555138658,0.2504996587651389,True,True,True,6.235840285823871e-06,COMPLETE
1275,0.43099125623703005,2025-04-13 16:50:07.373457,2025-04-13 16:50:14.869248,0 days 00:00:07.495791,0.6180608607429421,0.7181960037656463,8,0.06668953499134941,0.1068037991824228,0.07158211874890803,0.04923206044600428,0.06822945909741589,0.012448202698835238,0.0005153920407419788,13,42,0.05737736578891744,0.24088430759715623,True,True,True,3.1362088291700888e-06,COMPLETE
1276,0.4189522624015808,2025-04-13 16:50:15.278447,2025-04-13 16:50:23.225143,0 days 00:00:07.946696,0.6611498027148187,0.702019330333469,8,0.08270437815358515,0.10576647060753715,0.07285565102711389,0.04949456312397366,0.06436843323940096,0.011413091641331478,0.0007288254933344616,16,39,0.05588613590894262,0.23893407219845084,True,True,True,2.421528576352873e-06,COMPLETE
1277,0.42111030817031864,2025-04-13 16:50:23.638520,2025-04-13 16:50:31.772106,0 days 00:00:08.133586,0.6335369054505469,0.7181787046825829,8,0.07539904655832397,0.09710974729379163,0.07477337863855019,0.05110007821760976,0.0670520654405475,0.012016095538298487,0.00045328815959789473,17,35,0.05373089542331099,0.2386432212628374,True,True,True,2.345982805236265e-06,COMPLETE
1278,0.4212096333503723,2025-04-13 16:50:32.182881,2025-04-13 16:50:40.114791,0 days 00:00:07.931910,0.6558942496942678,0.6993320571147856,8,0.07324052206887093,0.09254943100316768,0.07240506111810535,0.05335964209786164,0.06471062074792779,0.013108854384630317,0.0005533567373497528,16,41,0.056100645218659435,0.25273430031810173,True,True,True,2.9949277008597575e-06,COMPLETE
1279,0.4155059337615967,2025-04-13 16:50:40.525908,2025-04-13 16:50:47.854296,0 days 00:00:07.328388,0.6412789989235382,0.6882251348053143,8,0.06531478863649874,0.10266628518183593,0.07698633262045372,0.04976555969408653,0.06336661682699374,0.010284802570795178,0.0006043357112891234,12,38,0.05481103171083074,0.24859298761488652,True,True,True,2.9300919314226565e-06,COMPLETE
1280,0.4261766910552979,2025-04-13 16:50:48.265287,2025-04-13 16:50:55.626682,0 days 00:00:07.361395,0.6311911286034024,0.7050471076428537,8,0.06831156463240964,0.10726037932618512,0.07434137443425166,0.051494410935234255,0.06720214738401294,0.01275128871866483,0.0006873640923957292,12,42,0.05725243080499205,0.24241147758488518,True,True,True,2.246169198283995e-06,COMPLETE
1281,0.2048193633556366,2025-04-13 16:50:56.037342,2025-04-13 16:51:03.459501,0 days 00:00:07.422159,0.6219572265070061,0.7218686465162565,8,0.07512263661569295,0.09983557590522474,0.07469906669814315,0.048981342638970055,0.06769446325301838,0.010399397992958373,0.0007874259217008909,13,40,0.05757864465856626,0.15055086135634935,True,True,False,1.8300539029140626e-06,COMPLETE
1282,0.41670539379119875,2025-04-13 16:51:03.869758,2025-04-13 16:51:12.053974,0 days 00:00:08.184216,0.6095707635026565,0.7239698995480123,8,0.06785679068116293,0.08832284879270204,0.07176986771014235,0.05432760165932325,0.06574349329924599,0.013957605290670477,0.0010666497599411706,17,43,0.053118254473599975,0.254220344750039,True,True,True,3.4410871377570423e-06,COMPLETE
1283,0.3733161687850952,2025-04-13 16:51:12.463808,2025-04-13 16:51:19.629346,0 days 00:00:07.165538,0.6555817202326156,0.6915877273761076,8,0.09088138351926174,0.10842593168259297,0.07123932497601618,0.00787218620230394,0.06661792258196192,0.012069876408696518,0.0005441296152006079,11,35,0.05807657236769554,0.23704881455301327,True,True,True,2.6654567301255753e-06,COMPLETE
1284,0.4244097948074341,2025-04-13 16:51:20.060643,2025-04-13 16:51:27.424276,0 days 00:00:07.363633,0.6076151909361225,0.70911783654627,8,0.06367201256190402,0.0959902764097139,0.07036863196175597,0.04795766872801651,0.06870848448000139,0.01408644312116504,0.000272852770591242,12,42,0.0552692389086494,0.24928597411098125,True,True,True,1.454342519228485e-06,COMPLETE
1285,0.42174196243286133,2025-04-13 16:51:27.848178,2025-04-13 16:51:35.003991,0 days 00:00:07.155813,0.5804905907850071,0.6810542129253891,8,0.07473212329441091,0.1026331510595989,0.07128227039472856,0.052092691484119893,0.06916300257525602,0.010241630680708519,0.0005122400770144176,11,38,0.05868284673152917,0.2341000690065659,True,True,True,3.6729986051213325e-06,COMPLETE
1286,0.40646589994430543,2025-04-13 16:51:35.419042,2025-04-13 16:51:43.356338,0 days 00:00:07.937296,0.6150196291758168,0.7323187838665575,8,0.07907681863264868,0.10928734591300047,0.07646503613129171,0.050216886263289004,0.07068245534317427,0.012272301088088659,0.0003022383645201578,16,40,0.05381831824150787,0.2557700307077276,True,True,True,2.1008616429142413e-06,COMPLETE
1287,0.3845957279205322,2025-04-13 16:51:43.773038,2025-04-13 16:51:50.964613,0 days 00:00:07.191575,0.6379957003821657,0.7357198494528302,8,0.07070616568094572,0.07530619680656893,0.07032020638204195,0.047590377939641,0.06869597496644766,0.01508731189713069,0.000623118558305619,11,44,0.05783226688013168,0.24433838342217015,True,False,True,2.920079998020181e-06,COMPLETE
1288,0.4310973048210144,2025-04-13 16:51:51.378564,2025-04-13 16:51:58.401889,0 days 00:00:07.023325,0.5655827172398525,0.7104394688850127,8,0.0639005367635437,0.08915070106070584,0.07235570270268417,0.05539243545698134,0.05994208535113824,0.009388990980144766,0.00034559977116936907,10,42,0.05613121304925359,0.22943900667469003,True,True,True,4.027604457228643e-06,COMPLETE
1289,0.41509944200515747,2025-04-13 16:51:58.817754,2025-04-13 16:52:05.729221,0 days 00:00:06.911467,0.5946454289372429,0.697986997999769,8,0.07965213635692753,0.08091016825433704,0.07517118281786814,0.05287561915464215,0.05725503614540731,0.008802991938617789,0.00024475252542293974,9,44,0.05369136010353372,0.2542702083485987,True,True,True,4.401045558649211e-06,COMPLETE
1290,0.3851802349090576,2025-04-13 16:52:06.146543,2025-04-13 16:52:14.460797,0 days 00:00:08.314254,0.5785959926302716,0.6822009661147937,8,0.06421566496333364,0.07688367492637106,0.07412428302435528,0.04990135892955253,0.059464509096748844,0.00892702475019063,0.00027864966511601175,18,46,0.05263215682037454,0.24744522535897784,True,True,True,7.671124599448462e-06,COMPLETE
1291,0.41311421394348147,2025-04-13 16:52:14.878581,2025-04-13 16:52:21.918161,0 days 00:00:07.039580,0.5929951204613199,0.6809752036905047,8,0.08582396582497637,0.08710513652350445,0.07332784488001648,0.05447033018641939,0.0565182276024395,0.009676476087311443,0.00032261922301194947,10,43,0.0545934569730433,0.2584152721910733,True,True,True,4.334285811003315e-06,COMPLETE
1292,0.4268494367599487,2025-04-13 16:52:22.332119,2025-04-13 16:52:29.271767,0 days 00:00:06.939648,0.5676580229671226,0.7046800611079815,8,0.07131192242180706,0.0826816433849298,0.07295195690534023,0.04751261310392055,0.057890090035342345,0.010883153514594958,0.00025991690507680247,9,46,0.055751128220787684,0.2288213417197444,True,True,True,5.869214222491149e-06,COMPLETE
1293,0.4269532322883606,2025-04-13 16:52:29.688282,2025-04-13 16:52:37.925235,0 days 00:00:08.236953,0.6125615595447693,0.673139344316513,8,0.0824886838594639,0.09256641917826743,0.07508086221775692,0.05131645427518079,0.05624330781970237,0.008194997934188621,0.00035406530153168957,18,42,0.056853381282066656,0.24117742136428177,True,True,True,3.676770324733091e-06,COMPLETE
1294,0.4050489783287049,2025-04-13 16:52:38.336446,2025-04-13 16:52:46.464585,0 days 00:00:08.128139,0.5649122358596688,0.7092233335986805,8,0.06457214072702759,0.08785718183567813,0.07269540957667003,0.04657721558600795,0.0609753539420112,0.012908993864044937,0.0002965455296919425,17,46,0.052734886576957546,0.2612218332028143,True,True,True,4.0070909672636425e-06,COMPLETE
1295,0.3560960769653321,2025-04-13 16:52:46.879934,2025-04-13 16:52:58.361553,0 days 00:00:11.481619,0.589949571678578,0.6916411224623499,2,0.07578748444964815,0.08655330341535103,0.07484822474033839,0.049227674077934686,0.06118080486597052,0.048186516170972374,0.00025324332152664185,10,42,0.05472671827063546,0.25092887562755334,True,True,True,5.2779837693447865e-06,COMPLETE
1296,0.37278497219085693,2025-04-13 16:52:58.794057,2025-04-13 16:53:05.727695,0 days 00:00:06.933638,0.6194786266913581,0.7111752621250738,8,0.06858654329170184,0.08227307573051282,0.07019156826693325,0.05531240881647306,0.05292132878399984,0.010278063408048346,0.00035159166378566603,9,38,0.056350633431112816,0.2818653006239868,True,True,True,8.322282386339753e-06,COMPLETE
1297,0.2833184480667114,2025-04-13 16:53:06.146458,2025-04-13 16:53:13.064536,0 days 00:00:06.918078,0.11245776904907345,0.6698078911984551,8,0.06400794905812424,0.09147292220717398,0.07145770535667093,0.05324452030947644,0.056415453548662356,0.014550124422699501,0.00023396765309021973,9,44,0.05578907106862456,0.2494074387231027,True,True,True,6.666446087487986e-06,COMPLETE
1298,0.39904448986053465,2025-04-13 16:53:13.483208,2025-04-13 16:53:20.723200,0 days 00:00:07.239992,0.5590077230500937,0.7170016377016346,8,0.06237762080256796,0.07444753434340522,0.07658584831898371,0.058602849197683965,0.053756893333178846,0.00767898281572164,0.00030387127250219436,11,47,0.05748182213794252,0.1626776279787847,True,True,True,3.4803698658300593e-06,COMPLETE
1299,0.2966721117496491,2025-04-13 16:53:21.141135,2025-04-13 16:53:28.532779,0 days 00:00:07.391644,0.5833040688906329,0.14459390125130225,8,0.05905279115523444,0.0972587793658503,0.07132266942813716,0.05134015544783095,0.06325689745345695,0.011521584702976494,0.00035925718686072376,12,41,0.0584181419927534,0.2882291478224634,True,True,True,5.416537999114747e-06,COMPLETE
1300,0.28762127161026,2025-04-13 16:53:28.953420,2025-04-13 16:53:35.959175,0 days 00:00:07.005755,0.5725315840861964,0.7248801875672567,8,0.07204014219940078,0.11236522457857942,0.07549372562971111,0.04637681912195761,0.05938377402522052,0.009332891183795447,0.0002711270287645529,10,45,0.05277750390133891,0.24095528018589144,True,True,False,2.6605275277022977e-06,COMPLETE
1301,0.4270640254020691,2025-04-13 16:53:36.371984,2025-04-13 16:53:43.776747,0 days 00:00:07.404763,0.5535352852140645,0.6912124436928146,8,0.060474883143552934,0.09172544186410925,0.07842126530494618,0.048125736145738986,0.059930517624571196,0.01369020649628953,0.00022796002387168228,12,48,0.05961882026101847,0.25773248036297997,True,True,True,3.950605769669315e-06,COMPLETE
1302,0.419953989982605,2025-04-13 16:53:44.195483,2025-04-13 16:53:52.509570,0 days 00:00:08.314087,0.60170321077089,0.6996325140963093,8,0.05914549392466319,0.17624035110077296,0.06939593128364906,0.05245724750608495,0.057734392545268715,0.01593846931357972,0.00038240666103071336,18,40,0.0557153729594015,0.23678950756061257,True,True,True,4.965516859838409e-06,COMPLETE
1303,0.2048193633556366,2025-04-13 16:53:52.928498,2025-04-13 16:54:05.939967,0 days 00:00:13.011469,0.6382629201226386,0.7211149950407574,2,0.06937296676287737,0.16654147777051526,0.07289836415165758,0.05012644304047315,0.057042836705953254,0.012061020037612665,0.0003028240013842774,13,43,0.05903997460883967,0.26175566262536404,True,True,True,2.8720283292427558e-06,COMPLETE
1304,0.4032758235931397,2025-04-13 16:54:06.358279,2025-04-13 16:54:15.074477,0 days 00:00:08.716198,0.5765369297528304,0.6668929875410619,8,0.06461744005243238,0.10371106670876161,0.06957285270331909,0.045789288219156316,0.05465407752722157,0.006555454319653663,0.00023373929569845558,18,100,0.057242575594453,0.294307427266295,True,True,True,0.00044883367219834613,COMPLETE
1305,0.39599835872650146,2025-04-13 16:54:15.493092,2025-04-13 16:54:22.022963,0 days 00:00:06.529871,0.5483248657409486,0.5183698450433212,8,0.07868289224660571,0.19104639839034848,0.0728093481701015,0.05458795329082154,0.05394618844502069,0.009698795893167916,0.00031930850156459647,7,35,0.05280950420720153,0.25364001399500763,True,True,True,1.7902095498716395e-06,COMPLETE
1306,0.3902475833892822,2025-04-13 16:54:22.456400,2025-04-13 16:54:29.385504,0 days 00:00:06.929104,0.6039223162388679,0.6808661077560682,8,0.05521419510800662,0.11414871389549658,0.07762713485230051,0.048680359057470965,0.06149212406387847,0.014198618992401326,0.0004263158214985554,10,17,0.05989115148002121,0.24830848457786794,True,True,True,4.0200796224463515e-06,COMPLETE
1307,0.3896284341812134,2025-04-13 16:54:29.807523,2025-04-13 16:54:36.419678,0 days 00:00:06.612155,0.6276261106547767,0.7258055354539474,8,0.060847157846479386,0.09646741773601587,0.06993696212367573,0.05204295423843671,0.05794153507111066,0.016125255577678264,0.0002595836822636699,7,45,0.054453662688510034,0.24363359993121375,True,False,True,8.715346014371945e-06,COMPLETE
1308,0.384752881526947,2025-04-13 16:54:36.844338,2025-04-13 16:54:44.944047,0 days 00:00:08.099709,0.5610173111061899,0.7049725080511767,8,0.06918648129902719,0.10800237096649087,0.06924480252012381,0.05699457675872886,0.05484634189357707,0.011758206834006378,0.00021809223532987727,17,38,0.057190024462006314,0.27731299017948,True,True,True,2.2933487863293305e-06,COMPLETE
1309,0.4133103609085083,2025-04-13 16:54:45.370361,2025-04-13 16:54:52.280861,0 days 00:00:06.910500,0.5880626934823597,0.7390977377005284,8,0.05677838213664497,0.18353461731068074,0.07558872066741887,0.05023791705196952,0.058624662938941,0.008585844927373926,0.0003300793722727423,9,48,0.06001934009327436,0.2653119059640669,True,True,True,6.07646983549966e-06,COMPLETE
