number,value,datetime_start,datetime_complete,duration,params_alpha-eval,params_alpha-train,params_batch-size,params_eps-eval,params_eps-train,params_lambda-actions-eval,params_lambda-actions-train,params_lambda-frames-eval,params_lambda-frames-train,params_learning-rate,params_n-epochs,params_n-frames,params_radius-gw,params_rho,params_std-feats,params_ub-actions,params_ub-frames,params_weight-decay,state
569,0.28927308320999146,2025-04-15 14:18:17.494301,2025-04-15 14:18:24.990288,0 days 00:00:07.495987,0.3792414177212605,0.18350907894264307,16,0.018421954047285565,0.051657498451769895,0.09287577745355344,0.03578498099756483,0.07784117949568158,0.083083180324244,0.0006090094585027315,21,46,0.0473468365215745,0.15257111848095242,True,False,True,5.625568696076841e-07,COMPLETE
570,0.16631491780281066,2025-04-15 14:18:25.173082,2025-04-15 14:18:33.466571,0 days 00:00:08.293489,0.34356346008579214,0.8837830430787492,16,0.11634926818549925,0.027874115818396907,0.08921750201288466,0.04172298204777193,0.07475664759833194,0.0926459956382247,0.000472093139647915,29,49,0.041692571278588095,0.16412214864125513,True,False,True,2.958531282246786e-07,COMPLETE
571,0.3623781561851502,2025-04-15 14:18:33.645800,2025-04-15 14:18:41.037758,0 days 00:00:07.391958,0.26379400118445334,0.9337104272935515,16,0.0319242158770133,0.04398017598582847,0.09796508771358134,0.009036328643996002,0.08194651733678163,0.08590434467616681,0.0003188797562579717,21,35,0.058097874717917206,0.1465547379343618,True,False,True,3.7533233010731446e-07,COMPLETE
572,0.42226032018661497,2025-04-15 14:18:41.228200,2025-04-15 14:18:50.093804,0 days 00:00:08.865604,0.398786698718752,0.9035864321591949,8,0.02605329751584227,0.01446529671114714,0.09444480303479968,0.0030550636132577053,0.0717268090300668,0.08202291173601767,0.0004013081657414812,22,40,0.055154662352783185,0.15544093716997404,True,False,True,2.3825294248545553e-07,COMPLETE
573,0.39629673957824707,2025-04-15 14:18:50.273954,2025-04-15 14:18:57.769645,0 days 00:00:07.495691,0.369373374524957,0.936064938111997,16,0.03114215484380462,0.03561517385521096,0.09613706011909644,0.05923865387027811,0.011889675133168798,0.08069694174962072,0.0006236793504444174,20,47,0.05091883688928313,0.15979406203422952,True,False,True,1.2778919473646889e-07,COMPLETE
574,0.38461744785308843,2025-04-15 14:18:57.962368,2025-04-15 14:19:05.419982,0 days 00:00:07.457614,0.31272587835375953,0.9402715833080831,16,0.01917140691606955,0.027650913435873507,0.09805339049485615,0.038432272424936804,0.09435136943527347,0.09473206289381955,0.00017476566103852162,20,44,0.05609108639946752,0.1726089222303288,True,False,True,7.524649652694015e-07,COMPLETE
575,0.42599216699600223,2025-04-15 14:19:05.599671,2025-04-15 14:19:13.138270,0 days 00:00:07.538599,0.3304179390255703,0.9181836273048664,16,0.012684738796226712,0.05177830940394787,0.09173479110421527,0.04574605889311611,0.08695301014775444,0.08732046500293265,0.0002711876283878471,19,57,0.062295258088921474,0.1417357666710251,True,True,True,4.306371253895444e-07,COMPLETE
576,0.4236829996109009,2025-04-15 14:19:13.330260,2025-04-15 14:19:20.870375,0 days 00:00:07.540115,0.35791861640287703,0.9187173998995406,16,0.0057443374219187625,0.05283753867063182,0.08862622024468933,0.048825668573874624,0.08600871893953062,0.08914574758591712,0.00022839335321233755,19,57,0.050456142102352323,0.13175541858702483,True,True,True,4.4657495569482894e-07,COMPLETE
577,0.39938602447509763,2025-04-15 14:19:21.052220,2025-04-15 14:19:28.596952,0 days 00:00:07.544732,0.3751987296990252,0.9401474230769062,16,0.019350035444464217,0.05118531802251987,0.09129199114440059,0.04553376792827104,0.08865836876736236,0.04115493155743161,0.0002566841738802051,19,58,0.048200442889123,0.12429157171106339,True,True,True,4.923561189659765e-07,COMPLETE
578,0.42435628175735474,2025-04-15 14:19:28.791292,2025-04-15 14:19:36.444598,0 days 00:00:07.653306,0.3347317869667744,0.9151215574916004,16,0.007088429579727121,0.056657829823448164,0.08543727882094083,0.04904627849401869,0.09103496209484402,0.09196508023760731,0.0002513144280189136,20,65,0.05031863566429863,0.13371550364853632,True,True,True,3.948091465241551e-07,COMPLETE
579,0.40535482168197634,2025-04-15 14:19:36.625906,2025-04-15 14:19:44.261738,0 days 00:00:07.635832,0.33348424032335733,0.9126970726002239,16,0.00791910322857781,0.053382556020829156,0.0847083092617917,0.05213930423242494,0.09048464915351695,0.09281719336694577,0.0001701767085767051,20,67,0.04602131663347915,0.12935026546145825,True,True,True,4.2615284427034013e-07,COMPLETE
580,0.40973089933395385,2025-04-15 14:19:44.458703,2025-04-15 14:19:52.209313,0 days 00:00:07.750610,0.2126137401986745,0.9015846621812086,16,0.009180260468849132,0.053641787430167134,0.08620978830417098,0.046835591326782555,0.09436037138543572,0.09045049016263351,0.00015024731015297565,20,66,0.04951995420187615,0.13787102171925725,True,True,True,5.581835050339302e-07,COMPLETE
581,0.4257554173469543,2025-04-15 14:19:52.391064,2025-04-15 14:20:01.321013,0 days 00:00:08.929949,0.2894736964911574,0.9167955699625008,8,0.008268466519241223,0.0486829972488655,0.08781482653116669,0.04881031888154799,0.09151675693772851,0.08929478320439588,0.00021595243074714322,20,63,0.050789013426050154,0.12207910126507532,True,True,True,3.439435821519882e-07,COMPLETE
582,0.3998281121253967,2025-04-15 14:20:01.519333,2025-04-15 14:20:09.114737,0 days 00:00:07.595404,0.2874009211592805,0.9213248536815354,16,0.013668242736793214,0.04858842955257793,0.08714585629558412,0.049908672030833136,0.09125903496034005,0.09604905156956042,0.00019984748754569805,19,65,0.046339792116406014,0.12628243100303732,True,True,True,3.314677211741928e-07,COMPLETE
583,0.40925822257995603,2025-04-15 14:20:09.298245,2025-04-15 14:20:17.046694,0 days 00:00:07.748449,0.2638169123141238,0.9189841839716303,16,0.010578572911396123,0.05661879755703844,0.0857972256439156,0.048835755552551284,0.09006512667441585,0.09088608860731015,0.00018860827409509237,20,64,0.049609270571516026,0.13264486108645146,True,True,True,3.9010369046452205e-07,COMPLETE
584,0.3794727802276612,2025-04-15 14:20:17.230424,2025-04-15 14:20:25.003570,0 days 00:00:07.773146,0.23957191533479388,0.9333701699703381,16,0.013311261982302775,0.059109104383923694,0.08774072490854738,0.0486813426783083,0.09328593958014568,0.08923136198698675,0.00022273461704266345,21,62,0.0471709437668755,0.12037548130510028,True,True,True,3.071776407675383e-07,COMPLETE
585,0.42550598382949834,2025-04-15 14:20:25.197903,2025-04-15 14:20:32.769100,0 days 00:00:07.571197,0.2890513571781089,0.8951143452247244,16,0.006683872968526683,0.046286627621825414,0.08770166127874547,0.0515498247616751,0.09131570864033152,0.09369693876487681,0.00022495550526572525,19,60,0.050784449119521555,0.1341323240470807,True,True,True,2.5521414770704437e-07,COMPLETE
586,0.40897879600524906,2025-04-15 14:20:32.952738,2025-04-15 14:20:40.455467,0 days 00:00:07.502729,0.3002496443686403,0.944440715505413,16,0.001397148076751409,0.04870677707823354,0.08388473414703332,0.05523070317428855,0.09884782634195137,0.09622267978929679,9.648433236053687e-05,19,60,0.048918133806864404,0.12261520410703236,True,True,True,2.156262152766753e-07,COMPLETE
587,0.41603834629058845,2025-04-15 14:20:40.650639,2025-04-15 14:20:48.209876,0 days 00:00:07.559237,0.31765673684474527,0.9135280567642445,16,0.0016639804728006873,0.053426140435730164,0.0862818336838023,0.04788504500445041,0.08951258809474573,0.09320776236019201,0.00016231410441722402,19,69,0.05084821476158533,0.12770665260362835,True,True,True,2.6223277823292713e-07,COMPLETE
588,0.21687684059143067,2025-04-15 14:20:48.396648,2025-04-15 14:20:55.956525,0 days 00:00:07.559877,0.06740392142728124,0.6684671184454796,16,0.006486933479476584,0.05604575034785549,0.08832661549606143,0.045449639066597915,0.09208041877675625,0.09731975339729594,0.00021935109569150657,20,61,0.04807568486357655,0.12813876835278876,True,True,False,4.0344182859601016e-07,COMPLETE
589,0.4243656396865845,2025-04-15 14:20:56.152280,2025-04-15 14:21:04.950029,0 days 00:00:08.797749,0.33147272458294946,0.9381109433848887,8,0.0035583853251183583,0.046855371405359954,0.08802403537345213,0.05187132177942139,0.09493500230666166,0.09354247942048105,0.00019052845029184906,19,63,0.05082962078881213,0.13421487103334886,True,True,True,2.889642705236941e-07,COMPLETE
590,0.39853788614273067,2025-04-15 14:21:05.138014,2025-04-15 14:21:13.992631,0 days 00:00:08.854617,0.29270372655667065,0.8947079028815894,8,0.0038248157101604253,0.04522818911195496,0.08836404340687362,0.05272824368082911,0.09669873177479195,0.09364562148303518,0.0001190727497899988,19,67,0.04536466676564103,0.13399653178625887,True,True,True,2.730961563373979e-07,COMPLETE
591,0.41847718954086305,2025-04-15 14:21:14.191491,2025-04-15 14:21:23.090850,0 days 00:00:08.899359,0.3266402530773314,0.9202013746883545,8,0.002172421800665839,0.046816677783934425,0.08523148138346613,0.05251089308336124,0.09225519190656756,0.09515676743957963,0.00013819354473979426,20,63,0.05024328578757817,0.13734050037998963,True,True,True,3.327027382372468e-07,COMPLETE
592,0.40993891954421996,2025-04-15 14:21:23.279373,2025-04-15 14:21:32.112136,0 days 00:00:08.832763,0.3498336815170178,0.8724033829358173,8,0.006332207801808075,0.050001312876466066,0.08317661342722497,0.05104192395413998,0.09348631942659354,0.09177072967579648,0.00017789297201337045,19,70,0.04913187247823228,0.1315136116685209,True,True,True,2.520058918470848e-07,COMPLETE
593,0.4243656396865845,2025-04-15 14:21:32.312486,2025-04-15 14:21:41.132927,0 days 00:00:08.820441,0.32507130235895476,0.9383495658241496,8,0.002262441482321566,0.055842229858486324,0.08842625893535194,0.053878644119151005,0.09777950168546569,0.09385234522833866,0.00021354950811566242,19,64,0.05112726804148864,0.12258204509655002,True,True,True,5.041862331517008e-07,COMPLETE
594,0.4123676061630249,2025-04-15 14:21:41.319141,2025-04-15 14:21:50.121078,0 days 00:00:08.801937,0.3024467203256741,0.9026994711710593,8,0.0005851302696820021,0.056484133328554294,0.0891619537763708,0.05400420304115355,0.09747534723770508,0.09404212881143269,0.00020801182069964233,19,64,0.04447514769088035,0.12194787706080878,True,True,True,5.25731795627503e-07,COMPLETE
595,0.42435628175735474,2025-04-15 14:21:50.320855,2025-04-15 14:21:59.398419,0 days 00:00:09.077564,0.32377352116064917,0.9388694517040538,8,0.0035656010556269144,0.04527889030347427,0.0871793601435265,0.05108528676766437,0.09076729002826991,0.0923831412085276,0.00018803720737734875,20,65,0.05134498459357195,0.1250286524843367,True,True,True,4.261764687122576e-07,COMPLETE
596,0.4243912220001221,2025-04-15 14:21:59.587581,2025-04-15 14:22:08.539984,0 days 00:00:08.952403,0.2807802107194325,0.9389761507799097,8,0.008968018220151957,0.04438282136875347,0.08716796385580754,0.05126241606452576,0.09621945748512026,0.09545139311779256,0.0001508082737863488,20,65,0.052430739129537884,0.11629516989585895,True,True,True,3.686045432307079e-07,COMPLETE
597,0.38846611976623535,2025-04-15 14:22:08.739152,2025-04-15 14:22:17.819085,0 days 00:00:09.079933,0.2751327602894849,0.7417908266608736,8,0.002407395251479991,0.042381258265290205,0.08635245729192574,0.054149391156987164,0.09590915021636312,0.09742755440078261,0.0001643802330814241,20,72,0.051393325007174376,0.11551368632149993,True,True,True,3.7953461662342766e-07,COMPLETE
598,0.4127950668334961,2025-04-15 14:22:18.007223,2025-04-15 14:22:27.062244,0 days 00:00:09.055021,0.2503696461159772,0.9394841227455367,8,0.001697624106616948,0.04517411560957704,0.08118788712784494,0.057093308852956826,0.09530138916719444,0.09464802466338373,0.00013560730904147683,20,69,0.048176756275673194,0.11523806004599896,True,True,True,6.4261128654399e-07,COMPLETE
599,0.22213789820671082,2025-04-15 14:22:27.248697,2025-04-15 14:22:36.260908,0 days 00:00:09.012211,0.27806326781888885,0.28416118009212576,8,0.0016235005360678333,0.04635120773874056,0.08391746825661064,0.051792920478302244,0.0992891760093337,0.0978656479790479,0.0001931159052706187,20,66,0.051251516453943755,0.1201659738268845,True,True,True,2.91313886612257e-07,COMPLETE
600,0.4207328319549561,2025-04-15 14:22:36.462592,2025-04-15 14:22:45.425886,0 days 00:00:08.963294,0.29586739951878427,0.9350325357804354,8,0.0008752865469459018,0.04186374963435874,0.08699665083959152,0.055814850165241445,0.09472109259816859,0.09562494454651627,0.00013863936957705846,20,64,0.05211323786168615,0.1245390222243484,True,True,True,3.3107323995456284e-07,COMPLETE
601,0.2048193633556366,2025-04-15 14:22:45.614851,2025-04-15 14:22:54.729912,0 days 00:00:09.115061,0.26200434465367106,0.8961236244821669,8,0.006720934534087158,0.05012262540097093,0.08582502163932684,0.050598268895132595,0.09670906276867566,0.09247163791245303,0.000172284394842769,21,67,0.01649527581258349,0.12651316742399976,True,True,True,2.50095978368945e-07,COMPLETE
602,0.42468880414962773,2025-04-15 14:22:54.932043,2025-04-15 14:23:03.848574,0 days 00:00:08.916531,0.31299863494946767,0.9188616567322588,8,0.007255323219853228,0.05831805854927661,0.08787478447455489,0.052895408600407166,0.09133465558396683,0.09423577797651606,0.00015707548701976486,20,62,0.0525223991593581,0.12109255800934676,True,True,True,4.0640614406373794e-07,COMPLETE
603,0.3928157091140747,2025-04-15 14:23:04.036438,2025-04-15 14:23:13.106148,0 days 00:00:09.069710,0.30581655622911796,0.9408939171000631,8,0.0002810518845301575,0.05791266731463396,0.08452124544364623,0.053796741061752446,0.09206075104593822,0.09971923149536568,0.00015293538159553497,21,62,0.053247988997109266,0.12498455645481672,True,True,True,4.6721704980001395e-07,COMPLETE
604,0.4051239371299744,2025-04-15 14:23:13.306957,2025-04-15 14:23:22.376263,0 days 00:00:09.069306,0.28744086937012947,0.92236525034874,8,0.006243103860468066,0.051222438070326504,0.08688166265977515,0.05209047271234855,0.09778852702117784,0.09676232496985462,0.00012120632440238831,20,73,0.04667257794595599,0.1161117326982918,True,True,True,5.844289463175646e-07,COMPLETE
605,0.4215032577514649,2025-04-15 14:23:22.565902,2025-04-15 14:23:31.464303,0 days 00:00:08.898401,0.31593607908048593,0.9425962087513368,8,0.005818912686870482,0.04374267239483201,0.08780034742248158,0.047820307503119344,0.09474234087244143,0.09458145180786286,9.391942687832367e-05,20,61,0.05322050811513465,0.12336276617380022,True,True,True,4.6316746638381324e-07,COMPLETE
606,0.40488008260726926,2025-04-15 14:23:31.664704,2025-04-15 14:23:40.808197,0 days 00:00:09.143493,0.2710916490720505,0.9201880412647648,8,0.008932455666592492,0.05981849767815378,0.08514695819678904,0.05016269668932925,0.09099764908717849,0.09298887811570962,0.00010808760785538714,21,64,0.04869269980274968,0.11105860725585028,True,True,True,7.149161784883281e-07,COMPLETE
607,0.4230571269989014,2025-04-15 14:23:41.003856,2025-04-15 14:23:50.016416,0 days 00:00:09.012560,0.31723121010591804,0.9423076016374979,8,0.00940904709602097,0.042016616034798365,0.08948173216314326,0.05405143557086085,0.0934293524259679,0.09516661037815309,0.00018840600717393014,20,65,0.054122141220589996,0.11624180700837851,True,True,True,1.8259695796014155e-07,COMPLETE
608,0.24626296758651733,2025-04-15 14:23:50.221055,2025-04-15 14:23:58.943644,0 days 00:00:08.722589,0.2950388350954678,0.9116237707924838,8,0.0007370868532395429,0.05359404279045563,0.08218497591857131,0.04930185358029627,0.09057918422170964,0.09211807451437215,0.0002258180435308371,19,61,0.052207052088995884,0.12040456048894706,True,True,False,3.7976127041580303e-07,COMPLETE
609,0.4244549989700318,2025-04-15 14:23:59.134963,2025-04-15 14:24:08.282790,0 days 00:00:09.147827,0.32634232523248347,0.9246215151896915,8,0.007201629929180449,0.04792635465586323,0.08772226726304787,0.05613925233141864,0.09591020544243054,0.09666565782809611,0.0001641712179143779,21,65,0.0503017317300953,0.12981061519978132,True,True,True,5.219696803149774e-07,COMPLETE
610,0.2533612847328186,2025-04-15 14:24:08.489840,2025-04-15 14:24:17.673525,0 days 00:00:09.183685,0.3231146893574477,0.4798124306652949,8,0.007660131735077108,0.0485193800924663,0.0871850386723045,0.05513709361891311,0.09601044462907679,0.0969814162715881,0.00013070863986394421,21,69,0.04703568655270143,0.12939180214296636,True,True,True,5.803802355593849e-07,COMPLETE
611,0.19753088951110842,2025-04-15 14:24:17.865706,2025-04-15 14:24:27.033669,0 days 00:00:09.167963,0.29263287806750476,0.021539510609724255,8,0.004087594105667022,0.040924929785346,0.0803424958921728,0.052450540295583964,0.09877217148696937,0.09377898647022266,0.00016552554366134497,21,66,0.043594738236325994,0.13398744813917704,True,True,True,4.794954307449408e-07,COMPLETE
612,0.40987380743026736,2025-04-15 14:24:27.236894,2025-04-15 14:24:36.259554,0 days 00:00:09.022660,0.31234151293093854,0.883019483579973,8,0.005369425426644727,0.04739743585857476,0.0875004027100459,0.05799587702162365,0.09607288043115823,0.09607946370366063,0.00014695800952884566,20,69,0.0487620782685734,0.12229458800184605,True,True,True,4.043993815680315e-07,COMPLETE
613,0.4078786492347717,2025-04-15 14:24:36.451946,2025-04-15 14:24:45.541902,0 days 00:00:09.089956,0.24661753534922484,0.920825854462349,8,0.009204765002590994,0.05409385023328574,0.08474382272614814,0.04467128673949629,0.09326538873766525,0.09760045143699074,0.00022496389187929205,21,62,0.048066904816308625,0.12950656685018871,True,True,True,8.350687311290487e-07,COMPLETE
614,0.42601459026336674,2025-04-15 14:24:45.744993,2025-04-15 14:24:54.724308,0 days 00:00:08.979315,0.3239707525362944,0.8924180623035589,8,0.010373704138117147,0.05882568248546327,0.08960628243108036,0.05109084766697656,0.088582008016316,0.09159000286694718,0.00018415144440768618,20,65,0.050892850342036104,0.1330161325400684,True,True,True,2.48022728993151e-07,COMPLETE
615,0.4123088359832764,2025-04-15 14:24:54.918369,2025-04-15 14:25:03.947678,0 days 00:00:09.029309,0.2789894198338819,0.8561805761733762,8,0.008059630809017478,0.06024934679607041,0.08956196192286399,0.05184919172656858,0.09992122292094817,0.09124240557933255,0.00011387853315887562,20,72,0.04980485702811922,0.12779129045155727,True,True,True,2.333705747279202e-07,COMPLETE
616,0.42367185354232795,2025-04-15 14:25:04.153484,2025-04-15 14:25:13.290472,0 days 00:00:09.136988,0.3280566519768232,0.8795114228460035,8,0.009509584238426138,0.053128570054213335,0.08741528869406542,0.056388089409226176,0.08952334662560313,0.09374482095937746,0.00018157968008976152,21,66,0.05014194489541901,0.13363532605490824,True,True,True,2.9607872240421065e-07,COMPLETE
617,0.4125429272651673,2025-04-15 14:25:13.484774,2025-04-15 14:25:22.401898,0 days 00:00:08.917124,0.30407580464768225,0.8919466908294829,8,0.00013593755675785643,0.05589529685649078,0.0831833387100208,0.050865536069990766,0.08823949694619822,0.09834990324229824,0.00014866862810538554,20,60,0.052244793151697916,0.11674391815370638,True,True,True,1.5858777494075322e-07,COMPLETE
618,0.40645580291748046,2025-04-15 14:25:22.610424,2025-04-15 14:25:31.644686,0 days 00:00:09.034262,0.32834656634623594,0.8663250425015122,8,0.011125772790865879,0.06097656185098201,0.09004084869032605,0.047358543542949716,0.09135365886737584,0.09075856519208046,0.00018154741380935853,21,61,0.046615074971427764,0.12092186741331543,True,True,True,2.1533573884676157e-07,COMPLETE
619,0.40835142135620117,2025-04-15 14:25:31.842065,2025-04-15 14:25:40.801390,0 days 00:00:08.959325,0.2630436527722728,0.9015578764272477,8,0.011839801932971603,0.04912447235874391,0.0857024643166535,0.05356616329359402,0.0941336230805209,0.09221025076303131,0.00020331558078043148,20,64,0.049953090158164924,0.13470184681367153,True,True,True,3.2514578628538037e-07,COMPLETE
620,0.42367067337036135,2025-04-15 14:25:41.009020,2025-04-15 14:25:50.011004,0 days 00:00:09.001984,0.30902106536097507,0.8473312923367362,8,0.005821572372609194,0.06119541164597255,0.08900994529497666,0.04920367712166273,0.0881540483952653,0.09408241485186722,0.00023996204142902452,20,68,0.05271624104363797,0.1276465282999061,True,True,True,5.629554091613419e-07,COMPLETE
621,0.4196653485298157,2025-04-15 14:25:50.217087,2025-04-15 14:25:59.308525,0 days 00:00:09.091438,0.2863577326059706,0.8830174102501938,8,0.010185003511183817,0.03945025595105334,0.08711035965490406,0.05572713956459536,0.09683814106789936,0.09135086428320983,0.00013297741534306362,21,64,0.0540135937620284,0.12390583189521373,True,True,True,3.7523752665583256e-07,COMPLETE
622,0.4261988639831543,2025-04-15 14:25:59.516724,2025-04-15 14:26:08.374419,0 days 00:00:08.857695,0.33436283022912516,0.9080402708941259,8,0.005166953304346661,0.05637248800356147,0.08950226021269937,0.05119043619901739,0.09243981472887217,0.0963538921478881,0.00016705519216822997,20,60,0.05077732977042621,0.10964245648224932,True,True,True,4.529831022378927e-07,COMPLETE
623,0.4090646862983704,2025-04-15 14:26:08.574251,2025-04-15 14:26:17.591584,0 days 00:00:09.017333,0.327627804472366,0.9017913614839171,8,0.0007522230350593207,0.04765205378882933,0.08971766817250475,0.051901380036424194,0.09130764784482151,0.09701078592795391,0.00014816106390495685,21,59,0.0481414163670089,0.11198854844086141,True,True,True,4.3953918795089554e-07,COMPLETE
624,0.4061285734176636,2025-04-15 14:26:17.801046,2025-04-15 14:26:26.781583,0 days 00:00:08.980537,0.30618437421145905,0.8677984576204882,8,0.0056145883319441104,0.05531646595142011,0.08436800004066536,0.06032637790622536,0.09239969257143359,0.09453372088883183,0.0001849610171019693,20,66,0.04586146964815706,0.10536277054302058,True,True,True,7.424992785840277e-07,COMPLETE
625,0.42519601583480837,2025-04-15 14:26:26.977515,2025-04-15 14:26:35.816839,0 days 00:00:08.839324,0.33037756561293286,0.8821007526581446,8,0.008959941545326193,0.05032414216294076,0.08844413318215709,0.04556182049529623,0.0944082122296592,0.09486066176531792,0.00011438156653292119,20,62,0.05058278408235008,0.10905695043116648,True,True,True,2.745732757257786e-07,COMPLETE
