number,value,datetime_start,datetime_complete,duration,params_alpha-eval,params_alpha-train,params_batch-size,params_eps-eval,params_eps-train,params_lambda-actions-eval,params_lambda-actions-train,params_lambda-frames-eval,params_lambda-frames-train,params_learning-rate,params_n-epochs,params_n-frames,params_radius-gw,params_rho,params_std-feats,params_ub-actions,params_ub-frames,params_weight-decay,state
1423,0.4250920653343201,2025-04-15 16:30:52.176576,2025-04-15 16:31:02.045456,0 days 00:00:09.868880,0.4673655555539312,0.7642863370915451,16,0.015187737991146368,0.14064165874143025,0.0980824619624536,0.03938883606647144,0.087657698468662,0.04566353674325074,6.721833047142573e-05,28,124,0.05771276590640545,0.22390814647986687,True,True,True,2.845478193572668e-08,COMPLETE
1424,0.4257248759269715,2025-04-15 16:31:02.506607,2025-04-15 16:31:10.917820,0 days 00:00:08.411213,0.49016325342881534,0.7991148400497308,16,0.03750669155819022,0.16526756533083026,0.09993045136357234,0.03217083498395725,0.09221408926135813,0.06556898816096939,9.363587550461724e-05,27,127,0.06134331504048414,0.2086189863949911,False,True,True,3.53770258306575e-08,COMPLETE
1425,0.4117743015289307,2025-04-15 16:31:11.381784,2025-04-15 16:31:21.544497,0 days 00:00:10.162713,0.4527114890224079,0.7825482569378612,16,0.03131431928418658,0.153178831440325,0.09512343568781095,0.0359806182204723,0.09009616825250953,0.057977662602681716,0.00013796195738355476,29,130,0.05921132737390144,0.20289039894165978,True,True,True,5.644740910651867e-08,COMPLETE
1426,0.42481911182403564,2025-04-15 16:31:22.023981,2025-04-15 16:31:32.326221,0 days 00:00:10.302240,0.42518869867963077,0.7545001758697026,16,0.024444733261482977,0.15873909603132552,0.09646148470984518,0.034242682141232536,0.08633432951313938,0.06125330734308685,0.00010530404775155178,29,135,0.0639329757386314,0.21543705740052285,True,True,True,9.55895843294249e-06,COMPLETE
1427,0.42164833545684816,2025-04-15 16:31:32.793489,2025-04-15 16:31:43.067706,0 days 00:00:10.274217,0.47624329517824193,0.8062699760338815,16,0.020459349643434682,0.16554601464221178,0.09473081948402873,0.032439185826597376,0.08762417757635983,0.06000901353105523,8.162002802056498e-05,29,133,0.0566209129008968,0.20582515213443353,True,True,True,2.6622150862605042e-08,COMPLETE
1428,0.42926708459854124,2025-04-15 16:31:43.535573,2025-04-15 16:31:53.715375,0 days 00:00:10.179802,0.49730852669886133,0.7762842082148653,16,0.028749235857965343,0.1518359048234499,0.09672703857191833,0.03783341232472158,0.08945680106207465,0.05694178376713306,0.0001190079176850224,28,136,0.061448689827503386,0.21927168075947567,True,True,True,4.186595196756615e-08,COMPLETE
1429,0.38030591011047366,2025-04-15 16:31:54.185871,2025-04-15 16:32:04.083609,0 days 00:00:09.897738,0.49470581266620994,0.8253102103654847,16,0.038503412444133654,0.1464241946006063,0.09498841592621421,0.03807990371804356,0.08943102784460388,0.05188986605369327,0.00010030802056022585,27,132,0.06210192620860352,0.22680133942840894,True,True,True,4.774343822416706e-08,COMPLETE
1430,0.36783688068389897,2025-04-15 16:32:04.553869,2025-04-15 16:32:14.881180,0 days 00:00:10.327311,0.4724017071944669,0.7971177611980089,16,0.043440952916454084,0.1409585728996794,0.09700467299363216,0.04109452604781683,0.09207362538331185,0.0559949453672187,0.00011552087091594317,28,136,0.06280574666728236,0.23639434184709973,True,True,True,6.396135532434221e-08,COMPLETE
1431,0.3972568273544312,2025-04-15 16:32:15.367999,2025-04-15 16:32:25.616075,0 days 00:00:10.248076,0.44933653925850975,0.7820724695175385,16,0.034502540019150325,0.14890873621632592,0.09822983103731389,0.04073543001352176,0.09053489396234501,0.057454762094740985,8.479460207546227e-05,28,137,0.06420379310562943,0.22384682446204193,True,True,True,4.250422595746613e-08,COMPLETE
1432,0.41568565368652344,2025-04-15 16:32:26.084967,2025-04-15 16:32:35.957240,0 days 00:00:09.872273,0.49694116340650285,0.8119256827030144,16,0.030545765641006962,0.13344857273859265,0.09993203662175432,0.03874640093800029,0.09239613032443623,0.058639109010273915,6.574206577048141e-05,27,129,0.06343133473939919,0.2196298487462481,True,True,True,5.585316412249176e-08,COMPLETE
1433,0.35355677604675295,2025-04-15 16:32:36.427507,2025-04-15 16:32:46.532296,0 days 00:00:10.104789,0.47227695156525074,0.7816311141450134,16,0.041428660866984345,0.14973769896107192,0.09448395883013949,0.037371034023485114,0.09275586697537198,0.05457007240423143,0.0001154155632278626,28,133,0.061069365671911874,0.2290409387513207,True,True,True,3.510330126575469e-08,COMPLETE
1434,0.37072079181671147,2025-04-15 16:32:46.993572,2025-04-15 16:33:10.309473,0 days 00:00:23.315901,0.43792572001275465,0.7693557580389564,2,0.029509825292120203,0.1536039305368321,0.09639296861174632,0.03954980539706056,0.09050045705090982,0.05344190615884172,9.796286421133105e-05,28,135,0.06132138131051623,0.21649516827841278,True,True,True,4.2553008047291074e-08,COMPLETE
1435,0.22345255613327028,2025-04-15 16:33:10.778118,2025-04-15 16:33:20.790113,0 days 00:00:10.011995,0.4966431590133332,0.7901901966516756,16,0.03546496398514185,0.14253165918220675,0.0943545262494744,0.03621246615570768,0.08852473537981298,0.056624863070470835,0.00013166155088094447,28,131,0.06353067984713835,0.21850047154703367,True,True,False,7.166536291146761e-08,COMPLETE
1436,0.42445868253707886,2025-04-15 16:33:21.274657,2025-04-15 16:33:29.600346,0 days 00:00:08.325689,0.4580660586676204,0.8210148979185138,16,0.028195769543823312,0.15610909473932888,0.09824254946009157,0.03610161609240201,0.09180993785671902,0.06204041336040303,7.747476246662298e-05,26,137,0.060020283380284076,0.21364365255831055,False,True,True,3.2474889275893294e-08,COMPLETE
1437,0.40056428909301756,2025-04-15 16:33:30.076656,2025-04-15 16:33:39.880165,0 days 00:00:09.803509,0.47963520895433825,0.7646126172980923,16,0.03589183230133985,0.15041435217540097,0.09618873025213086,0.038102603135179186,0.08957444873052531,0.05944163322949003,0.00010418446217346362,27,127,0.06513710234035122,0.22199294298659925,True,True,True,5.2119011611414565e-08,COMPLETE
1438,0.40985965728759766,2025-04-15 16:33:40.349157,2025-04-15 16:33:50.683131,0 days 00:00:10.333974,0.898416330437039,0.797674384435859,16,0.02592853307558204,0.1575986522850032,0.09409200582196164,0.03425010155756937,0.08796983996715547,0.060001242767449434,0.0001234982494606824,29,136,0.06196630100509107,0.21176650232779423,True,True,True,4.358711850436875e-08,COMPLETE
1439,0.20551828145980838,2025-04-15 16:33:51.150372,2025-04-15 16:34:01.311256,0 days 00:00:10.160884,0.11061743756948411,0.830908988304629,16,0.0399023720408222,0.13915384739713485,0.09651582987992452,0.036670830684291986,0.09061621035515938,0.057077329870479906,9.072289182732964e-05,29,132,0.05875925326580801,0.21055101069539595,True,True,True,2.791739338636564e-08,COMPLETE
1440,0.32766221761703496,2025-04-15 16:34:01.798823,2025-04-15 16:34:11.795861,0 days 00:00:09.997038,0.4570183308440841,0.38955961649567233,16,0.09900599614617098,0.1463611110661149,0.09844417946543889,0.03528428207915858,0.08649162209067805,0.05432606100022621,0.00014299617776634236,28,129,0.060723801650324795,0.2250484762256494,True,True,True,3.7016678450844804e-08,COMPLETE
1441,0.394488525390625,2025-04-15 16:34:12.270718,2025-04-15 16:34:22.532305,0 days 00:00:10.261587,0.4227719794794618,0.7738962383998508,16,0.031219017847590652,0.15800782208775493,0.09435091107430836,0.03951906961495369,0.08834897039733162,0.029751112868333228,7.084215881549465e-05,29,133,0.06451687768066464,0.2044293242533659,True,True,True,3.048494413706165e-08,COMPLETE
1442,0.42164833545684816,2025-04-15 16:34:23.008381,2025-04-15 16:34:33.148794,0 days 00:00:10.140413,0.5018202633773673,0.8057122214424567,16,0.021081104886419212,0.1517444186966396,0.09822938761926499,0.03393281906630676,0.09291239469934445,0.06416043372630297,0.00011418815730257552,28,135,0.05748053270653758,0.21703053385092957,True,True,True,5.462829944824457e-08,COMPLETE
1443,0.42177574634552006,2025-04-15 16:34:33.619198,2025-04-15 16:34:43.325120,0 days 00:00:09.705922,0.47835456852827757,0.7636764932236884,16,0.01577760574357799,0.160471585609268,0.09632454139222023,0.03743365160699731,0.08681441335549386,0.05844775008797498,8.885083824691187e-05,27,124,0.06294202039422174,0.20904131881826266,True,True,True,2.574297224160829e-08,COMPLETE
1444,0.4213575839996338,2025-04-15 16:34:43.790062,2025-04-15 16:34:54.190353,0 days 00:00:10.400291,0.41366064593710905,0.7897886810321922,16,0.026826735564196257,0.15317004249428032,0.09417429302535091,0.03476456089508596,0.08977863700052964,0.03989705421281572,0.00012982146905787562,29,137,0.05903107578984481,0.2018176009937442,True,True,True,7.387417756300046e-08,COMPLETE
1445,0.4224648833274841,2025-04-15 16:34:54.676750,2025-04-15 16:35:04.659074,0 days 00:00:09.982324,0.4391515863028579,0.7575195785229385,16,0.03412161196098555,0.16115457448634943,0.0982183750997478,0.04033160169395433,0.028109101559385685,0.052901336298501085,0.0001017432080825524,28,131,0.060981927093396664,0.23364565610893062,True,True,True,3.998717905736724e-08,COMPLETE
1446,0.36295878887176514,2025-04-15 16:35:05.133405,2025-04-15 16:35:15.310033,0 days 00:00:10.176628,0.48809601376652223,0.8172710475042355,16,0.04341828292989025,0.13533578304713847,0.09622030643347877,0.03286640825520758,0.08574965714536564,0.06097806035156344,7.898280261568107e-05,29,128,0.056049843996046865,0.22019717196124974,True,True,True,3.2717580408445025e-08,COMPLETE
1447,0.4248212814331055,2025-04-15 16:35:15.779784,2025-04-15 16:35:25.969207,0 days 00:00:10.189423,0.46313849639423044,0.7795414167825861,16,0.019697031960853893,0.16620311926257336,0.09416130473067748,0.0354553321321336,0.08799799357030715,0.03539253854062531,6.168045138309672e-05,28,136,0.062157049462935404,0.2085205441904701,True,True,True,4.608346676634527e-08,COMPLETE
1448,0.4232831597328186,2025-04-15 16:35:26.440633,2025-04-15 16:35:35.122475,0 days 00:00:08.681842,0.5001108966171969,0.7523437472067653,16,0.026136552024276383,0.14417880884060383,0.0998650184316466,0.038009750173063406,0.09146056738180493,0.05617781194489771,0.0001377844807399926,29,137,0.058712016268886426,0.2133369980543861,False,True,True,2.624668637610256e-08,COMPLETE
1449,0.40009624958038337,2025-04-15 16:35:35.610314,2025-04-15 16:35:45.570034,0 days 00:00:09.959720,0.4522276533451851,0.7940064539910205,16,0.031348292521138105,0.15514110902760567,0.09641474633705506,0.03231206635237106,0.08541830010517804,0.04943734492275682,0.00010986909601792774,27,133,0.06399989579106902,0.20168419697252615,True,True,True,1.8569453609855815e-05,COMPLETE
1450,0.4248212814331055,2025-04-15 16:35:46.047012,2025-04-15 16:35:56.124125,0 days 00:00:10.077113,0.4760845981815429,0.7720702275548493,16,0.02173931875400304,0.15967440191252383,0.09827485642448638,0.03534861409602499,0.08932399243719656,0.05805174950943935,8.886675584103355e-05,29,126,0.05980505638463614,0.2164932491958121,True,True,True,3.39760096141032e-08,COMPLETE
1451,0.3680628895759583,2025-04-15 16:35:56.599823,2025-04-15 16:36:06.576012,0 days 00:00:09.976189,0.438372501696342,0.8319817662123338,16,0.03626113116985893,0.14837344894010876,0.09375143374471169,0.06262513761167787,0.08585246741448285,0.062256037094557265,0.0001425645176572197,28,130,0.05734122521035347,0.2070519964066962,True,True,True,2.615084872230102e-08,COMPLETE
1452,0.34031397104263306,2025-04-15 16:36:07.045067,2025-04-15 16:36:17.487345,0 days 00:00:10.442278,0.5022079305521187,0.8054904040037923,16,0.0490971371240224,0.16493165566714593,0.0955827681549013,0.03321201867581808,0.08727980882472053,0.037622509115197926,0.00012059906443176783,29,138,0.0547159028249732,0.22499888254291311,True,True,True,5.753326785096111e-08,COMPLETE
1453,0.2926084458827972,2025-04-15 16:36:17.977492,2025-04-15 16:36:28.077053,0 days 00:00:10.099561,0.46803002916773456,0.21985661282990931,16,0.025726689358194707,0.15464412847875564,0.09779731148339064,0.031367657113489725,0.09338519525478008,0.05620984069377871,9.584931505835807e-05,28,133,0.060729776424953225,0.20210934247402335,True,True,True,4.6972136556302397e-08,COMPLETE
1454,0.20979796648025514,2025-04-15 16:36:28.557808,2025-04-15 16:36:51.895891,0 days 00:00:23.338083,0.4130229456676642,0.7499985896636132,2,0.017126602604118846,0.16717521135669017,0.09994054221862825,0.037323570569536266,0.09016111991899325,0.03310943954424324,7.1904233912172e-05,29,137,0.06527136816076631,0.2126158947524699,True,True,False,3.6068040601360056e-08,COMPLETE
1455,0.4264379262924195,2025-04-15 16:36:52.368529,2025-04-15 16:37:02.130931,0 days 00:00:09.762402,0.5054175087309732,0.7856627476025291,16,0.030453880898456784,0.16094060528448337,0.09368643811904853,0.03432232674823435,0.08830640306749865,0.05187147225421966,0.00014940040088169305,28,122,0.06205092772226043,0.22031733673614082,True,True,True,2.47553811211284e-08,COMPLETE
1456,0.3742406249046326,2025-04-15 16:37:02.599063,2025-04-15 16:37:12.396077,0 days 00:00:09.797014,0.48355476417607723,0.8119991205425119,16,0.03914960684725476,0.14919629111464192,0.09991205063001696,0.03945526250092658,0.08523784565313101,0.05461597907716911,0.00011799963422481095,26,134,0.0552108549042879,0.2090409047880131,True,True,True,3.200431779203312e-08,COMPLETE
1457,0.3686244487762451,2025-04-15 16:37:12.886379,2025-04-15 16:37:22.732586,0 days 00:00:09.846207,0.4457378679541502,0.7678175951454755,16,0.013762946255015937,0.15685352639944372,0.09597100526494591,0.03615940058921094,0.09107407890775213,0.06066104810624891,8.161391348136666e-05,27,129,0.03674993799297067,0.20203100769456447,True,True,True,4.241651224962564e-08,COMPLETE
1458,0.3464288830757141,2025-04-15 16:37:23.210005,2025-04-15 16:37:31.832207,0 days 00:00:08.622202,0.46749711026958,0.785087687188013,16,0.02244609235213716,0.16634816082682988,0.09997408327688069,0.0312733826244013,0.08619660944645673,0.058970305317483346,9.966394672146046e-05,29,138,0.05898209300627408,0.23034909072915577,False,True,True,5.433695827333853e-06,COMPLETE
1459,0.4231166481971741,2025-04-15 16:37:32.304762,2025-04-15 16:37:42.735978,0 days 00:00:10.431216,0.486251343892542,0.7430580016928594,16,0.030586442424037068,0.16081970242723687,0.09516438065361078,0.04088531692805768,0.08897038137213595,0.030919546410760397,0.00014596587176636278,30,131,0.06328707915836776,0.21549898410942303,True,True,True,2.558531018603072e-08,COMPLETE
1460,0.3631503820419312,2025-04-15 16:37:43.209916,2025-04-15 16:37:53.138463,0 days 00:00:09.928547,0.433580715286691,0.8325395131387265,16,0.034929781749820366,0.1424536015595776,0.09716204666464534,0.03367295426009893,0.08499303779497319,0.06666295478561247,0.00011520868723976084,29,125,0.057343323583016366,0.20784752866159756,True,True,True,6.130543300592357e-08,COMPLETE
1461,0.42818908691406254,2025-04-15 16:37:53.612507,2025-04-15 16:38:03.829054,0 days 00:00:10.216547,0.5066056304147836,0.7627306075006484,16,0.025679662635362976,0.1499618675208715,0.07489860116786942,0.03168478206985285,0.09311082699129716,0.05682434482513228,7.957253503698094e-05,28,138,0.060686913307385626,0.20190452754815374,True,True,True,3.954974346161433e-08,COMPLETE
1462,0.42456414699554446,2025-04-15 16:38:04.321794,2025-04-15 16:38:14.354928,0 days 00:00:10.033134,0.4587033988602695,0.8020733107571033,16,0.015518615710659598,0.1667702500841006,0.09358612724216739,0.03707532251249901,0.08764626157088498,0.06310851307039768,9.314704706582346e-05,27,135,0.05975452244782701,0.21370661583887388,True,True,True,2.8957158865596392e-08,COMPLETE
1463,0.35464240312576295,2025-04-15 16:38:14.828950,2025-04-15 16:38:25.068094,0 days 00:00:10.239144,0.4763909760933511,0.7762538153323788,16,0.04198876027072397,0.15546143529998344,0.09792631099074015,0.03450332044218815,0.0853849734168,0.0473877149229016,6.790840913384502e-05,29,133,0.06227512217074561,0.2226646805199472,True,True,True,5.0021920128601363e-08,COMPLETE
1464,0.2048193633556366,2025-04-15 16:38:25.547765,2025-04-15 16:38:35.796930,0 days 00:00:10.249165,0.42737395859367855,0.7476026495242389,16,0.1882725189023415,0.16129583667512623,0.09572920916025869,0.033297713807262395,0.09158095316526803,0.05942397740644636,0.00012557932375115459,30,129,0.05735721965597876,0.20614062385596824,True,True,True,3.327465597102913e-08,COMPLETE
1465,0.4270949959754944,2025-04-15 16:38:36.296711,2025-04-15 16:38:46.685127,0 days 00:00:10.388416,0.4081685352086356,0.7930746799497282,16,0.02170168062243997,0.1464199177886155,0.09378195225519755,0.03139152820738236,0.08779492035521792,0.05441068474591584,0.00014592647973479323,29,138,0.06626690764549091,0.20010033284951756,True,True,True,2.5803530279462215e-08,COMPLETE
1466,0.42486546039581297,2025-04-15 16:38:47.177762,2025-04-15 16:38:57.329916,0 days 00:00:10.152154,0.45300240704766576,0.7630244164454356,16,0.029032326959033773,0.15307124658388302,0.09695885659412988,0.03816674514279159,0.08958614724849996,0.06468171314151956,0.00010492353152965052,28,136,0.059939465376967184,0.21357184009978528,True,True,True,3.99119553299652e-08,COMPLETE
1467,0.4171030998229981,2025-04-15 16:38:57.806698,2025-04-15 16:39:07.717205,0 days 00:00:09.910507,0.5082365738005398,0.7340248105715714,16,0.035551797513753536,0.16731063339732255,0.09805857738161938,0.03574959762394562,0.08566185394519943,0.041449980509081184,8.467704282535608e-05,28,126,0.06337857694631163,0.20703482446614807,True,True,True,3.419649223783215e-08,COMPLETE
1468,0.4230990409851074,2025-04-15 16:39:08.197689,2025-04-15 16:39:18.786278,0 days 00:00:10.588589,0.48815458374620585,0.8181805575820749,16,0.020259238674067835,0.16105408260954013,0.09391865134281843,0.03508855401783056,0.09117133705300633,0.034295466702700284,6.661314908412443e-05,30,138,0.05814277027234429,0.21934062093324536,True,True,True,4.95942337701102e-08,COMPLETE
1469,0.40630630254745487,2025-04-15 16:39:19.261510,2025-04-15 16:39:29.393180,0 days 00:00:10.131670,0.46239683223664807,0.5822528366776156,16,0.02719445207901459,0.13011481880736153,0.09579785747896281,0.0409569304247554,0.08843801344908313,0.061513222743852305,0.00010591741333540607,28,132,0.06154066041976087,0.2011514606891886,True,True,True,2.461846791683234e-08,COMPLETE
1470,0.258502721786499,2025-04-15 16:39:29.885939,2025-04-15 16:39:38.308085,0 days 00:00:08.422146,0.4422587358445494,0.12929948860464296,16,0.046300245387324725,0.16820611505020233,0.09821619058194507,0.03786283747024513,0.08507422372051764,0.03673712847788162,0.0001476039546823752,27,134,0.05608116018695994,0.21179552955118322,False,True,True,3.0744027862167215e-08,COMPLETE
1471,0.2048193633556366,2025-04-15 16:39:38.786222,2025-04-15 16:39:48.819386,0 days 00:00:10.033164,0.48968946649524425,0.7844925834760914,16,0.2231205954163719,0.1562304134570217,0.09997302859326172,0.03346387663035356,0.03390525087687126,0.05808052678032888,0.0001323758067067981,29,128,0.06465296837579365,0.1997096268428306,True,True,True,5.740692489478003e-08,COMPLETE
1472,0.28820498585700993,2025-04-15 16:39:49.296844,2025-04-15 16:39:59.436599,0 days 00:00:10.139755,0.5100960185004687,0.4207010302960435,16,0.014906259862268572,0.15256160045779502,0.09313148936685565,0.0361759885980585,0.08727013788712563,0.05254395432070362,5.978905152302039e-05,29,130,0.05502829701795817,0.2257973198521003,True,True,True,7.38344779863963e-08,COMPLETE
1473,0.22777416706085207,2025-04-15 16:39:59.910973,2025-04-15 16:40:10.237184,0 days 00:00:10.326211,0.4684732443045434,0.7585148278020565,16,0.035512035316004095,0.13902426317807023,0.09507849412021985,0.031451781481620894,0.08504277216375293,0.04804229210305418,9.975821880486548e-05,29,139,0.05961689877267568,0.21851821553932096,True,True,False,2.338528349332726e-08,COMPLETE
1474,0.4127056360244751,2025-04-15 16:40:10.733806,2025-04-15 16:40:21.188878,0 days 00:00:10.455072,0.4093580310065306,0.8066870826439964,16,0.02537961008039978,0.16172716909569448,0.09675497830876202,0.03339449301888966,0.0046973735478704134,0.06091871436743128,0.00012398425624915067,30,135,0.0617449513376894,0.20685238741537584,True,True,True,4.1525255547272674e-08,COMPLETE
1475,0.3824743509292603,2025-04-15 16:40:21.669241,2025-04-15 16:40:44.718680,0 days 00:00:23.049439,0.48513258150358707,0.7751269921801034,2,0.03137372673563277,0.16764375557000305,0.09302534713042306,0.03879449855218173,0.08990091659972409,0.056904289695479726,8.113101818429917e-05,28,131,0.05815028920914709,0.21188695706405614,True,True,True,3.096476905365268e-08,COMPLETE
1476,0.4233538269996643,2025-04-15 16:40:45.196001,2025-04-15 16:40:55.741086,0 days 00:00:10.545085,0.44737963751879484,0.739325814519798,16,0.019346679520529132,0.1496534612112852,0.0999774618487485,0.03577264297667786,0.09268433664055607,0.06261750145788271,0.00011301659059996729,30,138,0.06294728423294495,0.2058350819690061,True,True,True,4.3620117016418865e-06,COMPLETE
1477,0.3482694625854492,2025-04-15 16:40:56.240572,2025-04-15 16:41:06.239189,0 days 00:00:09.998617,0.4295927122951159,0.7948526689161682,16,0.04037234005430117,0.1615029993322287,0.09674424875619066,0.03189740480107282,0.0868637966469501,0.05570415259799899,0.00014795406007120008,29,124,0.05962236411370857,0.19977016031840733,True,True,True,2.4396333393506016e-08,COMPLETE
1478,0.42415317296981814,2025-04-15 16:41:06.722427,2025-04-15 16:41:16.909292,0 days 00:00:10.186865,0.5114922436115883,0.829258939958145,16,0.025581293377870726,0.15551236373760496,0.09552982449506314,0.034506274388465034,0.08953801607882944,0.028996472813533992,8.839051814745764e-05,28,134,0.06551020312136566,0.21683710710512327,True,True,True,4.1351589438406866e-08,COMPLETE
1479,0.42513713836669925,2025-04-15 16:41:17.392567,2025-04-15 16:41:27.533517,0 days 00:00:10.140950,0.46644924113509534,0.7596959538942419,16,0.014769469655801013,0.16928628340496035,0.0930252864483889,0.037183485926471145,0.08500163807377106,0.058579912117957086,0.00010218652781435246,29,127,0.05714551040242461,0.21002485168846022,True,True,True,3.0684956602866633e-08,COMPLETE
