number,value,datetime_start,datetime_complete,duration,params_alpha-eval,params_alpha-train,params_batch-size,params_eps-eval,params_eps-train,params_lambda-actions-eval,params_lambda-actions-train,params_lambda-frames-eval,params_lambda-frames-train,params_learning-rate,params_n-epochs,params_n-frames,params_radius-gw,params_rho,params_std-feats,params_ub-actions,params_ub-frames,params_weight-decay,state
911,0.40509573221206663,2025-04-15 15:09:07.124075,2025-04-15 15:09:15.765791,0 days 00:00:08.641716,0.40859174181668284,0.843144261389849,16,0.017514735705229073,0.25779002881860064,0.09471241358775459,0.03773198610444826,0.08314223081651213,0.09968282583548191,0.00034001199313120025,18,142,0.04923380653366639,0.0905906085903012,True,True,True,3.1054985369327555e-08,COMPLETE
912,0.279827356338501,2025-04-15 15:09:16.065933,2025-04-15 15:09:24.190119,0 days 00:00:08.124186,0.4197107595612766,0.8292155484294416,16,0.010812395361972843,0.2307969999638886,0.0644546151275985,0.03529415489779443,0.07781550584903227,0.09629364021683894,0.0004140264414892574,17,121,0.05121275305105877,0.24114434400085075,True,True,True,4.0755661786589343e-08,COMPLETE
913,0.275910633802414,2025-04-15 15:09:24.488990,2025-04-15 15:09:31.879250,0 days 00:00:07.390260,0.41228798329811683,0.8215789865507777,16,0.000264054609468628,0.22272508098759772,0.09675362686916127,0.03874497602240896,0.08233708390059746,0.0998317304897671,0.00031393961956484296,18,58,0.05454071270844854,0.2674848532130071,True,True,True,4.038807148785588e-08,COMPLETE
914,0.42461317777633667,2025-04-15 15:09:32.183704,2025-04-15 15:09:39.749632,0 days 00:00:07.565928,0.4374794989461551,0.8192113627065106,16,0.01566648151309396,0.2284354684902299,0.06065404300465641,0.03227397726350974,0.07981044751633412,0.09991611972317492,0.00031640884941956595,22,33,0.052498886712053154,0.10615387539648043,True,True,True,3.700095784367745e-08,COMPLETE
915,0.36470263004302983,2025-04-15 15:09:40.036171,2025-04-15 15:09:47.446311,0 days 00:00:07.410140,0.38169625321443174,0.8499080302407582,16,0.005990937160558013,0.19815910578182466,0.04809381352290603,0.03698612572812642,0.0787293097666713,0.09552639592333033,0.0003980487833150275,18,58,0.04875211403396787,0.15248992437162737,True,True,True,5.636669770248794e-08,COMPLETE
916,0.21448364257812502,2025-04-15 15:09:47.747282,2025-04-15 15:09:56.857372,0 days 00:00:09.110090,0.42019334180606394,0.8650157021355894,16,0.010003727015466568,0.18424255305471365,0.09298503018917682,0.03460751813783132,0.0825825534098273,0.09671327567324053,0.0002935480196587798,22,133,0.05478917784460791,0.13521676433784563,True,True,False,1.1209786703893702e-07,COMPLETE
917,0.42420774698257446,2025-04-15 15:09:57.157972,2025-04-15 15:10:05.762206,0 days 00:00:08.604234,0.45100643267117096,0.8316310087008478,16,0.01901491719805417,0.20797239878638568,0.09037125843605195,0.038955030140517835,0.0819331008491849,0.0977523368426292,0.0004465727080066325,21,114,0.05071929810627387,0.11532826987716166,True,True,True,4.985602706749685e-08,COMPLETE
918,0.4255338549613953,2025-04-15 15:10:06.069649,2025-04-15 15:10:14.423249,0 days 00:00:08.353600,0.3936632071526246,0.7751980271640787,16,0.01387498574443494,0.19421317631940116,0.09765419976260567,0.03068527287982462,0.08373432660522544,0.09454768839978882,0.0003691383595979326,18,126,0.0533517570592769,0.1579506532870007,True,True,True,9.590617354716673e-08,COMPLETE
919,0.42357124090194703,2025-04-15 15:10:14.711175,2025-04-15 15:10:23.268201,0 days 00:00:08.557026,0.4310455298524914,0.7760631692802491,16,0.02275214249418689,0.2004747384143,0.09796602302005082,0.028333570331206058,0.08435635368802097,0.09986378779345269,0.0003806826873073013,17,143,0.05519896076795831,0.1645145637266746,True,True,True,1.1480686486109901e-07,COMPLETE
920,0.4241976618766785,2025-04-15 15:10:23.573009,2025-04-15 15:10:31.988762,0 days 00:00:08.415753,0.4026236454461438,0.7831007769896058,16,0.019012536832178444,0.17509687949417307,0.09841242820474709,0.029153541287001615,0.08028573499418751,0.09724433123566321,0.0005084604522710531,17,140,0.05598283749330084,0.1597422234899131,True,True,True,8.153228218081195e-08,COMPLETE
921,0.42599948644638064,2025-04-15 15:10:32.290831,2025-04-15 15:10:41.146060,0 days 00:00:08.855229,0.44359589892173323,0.7594524367224065,16,0.025022739593387813,0.2325214029686259,0.09813880889217265,0.037128500724775935,0.0814932291693663,0.09444310912208771,0.00034056017215635206,18,150,0.056295546649112696,0.15748803942785167,True,True,True,6.205861238198691e-08,COMPLETE
922,0.36224528551101687,2025-04-15 15:10:41.449894,2025-04-15 15:10:49.676060,0 days 00:00:08.226166,0.3994990080465466,0.7587124027096308,16,0.03173552269273193,0.255777185219785,0.09870261343729923,0.03273359080325232,0.0846332780040854,0.09466339050282654,0.00031831035129827257,18,118,0.056456529187642226,0.16334744405952953,True,True,True,5.960692331420398e-08,COMPLETE
923,0.4271915555000305,2025-04-15 15:10:49.965339,2025-04-15 15:10:58.286201,0 days 00:00:08.320862,0.4375172443643983,0.7543233698871237,16,0.02570046819962085,0.18939257468369178,0.09710862795200481,0.031630646270349734,0.08180283328235821,0.09393295334735079,0.0002871540006435137,18,125,0.056790431347127406,0.16808417878998896,True,True,True,4.5252488069038165e-08,COMPLETE
924,0.42893849611282353,2025-04-15 15:10:58.591465,2025-04-15 15:11:07.369028,0 days 00:00:08.777563,0.43425212341496483,0.7664571111962414,16,0.024614461166857574,0.1913520975134218,0.09851193850402734,0.03329060053041069,0.08301560723015854,0.09384727534537274,0.0002833585020141399,18,150,0.057092624877570795,0.17150422193363293,True,True,True,2.847554703454834e-08,COMPLETE
925,0.20369173884391786,2025-04-15 15:11:07.672613,2025-04-15 15:11:16.298531,0 days 00:00:08.625918,0.4404578948576464,0.7700725614352065,16,0.025354127786649677,0.19473178183114723,0.09791925224127382,0.03178882619566424,0.08289928245845182,0.09420955206271944,0.0002838065128725495,18,143,0.09983468443996879,0.17783222776900914,True,True,True,5.556708111890903e-08,COMPLETE
926,0.4241573452949524,2025-04-15 15:11:16.606512,2025-04-15 15:11:25.346638,0 days 00:00:08.740126,0.43213527317124384,0.7319551948023432,16,0.026203385654169607,0.23407139948652816,0.09847851186109519,0.030640972400499303,0.08254899931816781,0.09356940153549483,0.00029902937431845885,18,148,0.05685812125245659,0.17081115999419277,True,True,True,5.245940614938651e-08,COMPLETE
927,0.3816766262054443,2025-04-15 15:11:25.636139,2025-04-15 15:11:34.396025,0 days 00:00:08.759886,0.4138613275338913,0.7494661685286226,16,0.03148375187909894,0.18465755345958512,0.0987026115503294,0.030983412567591708,0.08348287235457169,0.09342466588163427,0.00027583119000976306,18,148,0.05609588443873693,0.1596301673049263,True,True,True,1.1825989848586688e-07,COMPLETE
928,0.4269790410995484,2025-04-15 15:11:34.701153,2025-04-15 15:11:42.839283,0 days 00:00:08.138130,0.4523644879646581,0.7686998944882784,16,0.025035248163567076,0.19456989118376328,0.09820651370885403,0.030913353434725493,0.08336059094418476,0.09324689416492601,0.00027629250970830283,18,115,0.05733328464157458,0.1700798435075882,True,True,True,4.214728323475491e-08,COMPLETE
929,0.37413107156753544,2025-04-15 15:11:43.144441,2025-04-15 15:11:51.723411,0 days 00:00:08.578970,0.4623880271494221,0.8098015423009826,16,0.035436207827365146,0.19856864698289928,0.09900522775683895,0.02900669763056157,0.08347834376125914,0.09412463906972346,0.0002816926001038857,18,138,0.05715785434347324,0.15988061698918118,True,True,True,2.6067765436169326e-08,COMPLETE
930,0.40507581233978274,2025-04-15 15:11:52.030782,2025-04-15 15:12:00.447494,0 days 00:00:08.416712,0.4445567791972954,0.7407299471222564,16,0.031803780933502904,0.19105535479685787,0.09972289055837935,0.030004634150926416,0.0812512396628125,0.09304626147931168,0.0002559618624915667,18,127,0.057086668753236876,0.17366268527473666,True,True,True,3.387906051125733e-08,COMPLETE
931,0.2048193633556366,2025-04-15 15:12:00.739178,2025-04-15 15:12:09.182241,0 days 00:00:08.443063,0.46172778934526826,0.7471046711221485,16,0.1329486089525963,0.17877921182664938,0.0974749286660102,0.029323461347178913,0.08360496293706327,0.09489909231731006,0.00033038914022522336,18,133,0.05711392408166195,0.17607459368225473,True,True,True,5.045189768260125e-08,COMPLETE
932,0.4239854574203491,2025-04-15 15:12:09.490822,2025-04-15 15:12:17.794084,0 days 00:00:08.303262,0.44328530556614915,0.7407832220206542,16,0.025383322329665683,0.1889930101752424,0.0971665720482902,0.03304212901460166,0.08174135472110454,0.09388251867632201,0.0003245216609258433,18,121,0.05512372916583358,0.1722627519614998,True,True,True,4.363859808930069e-08,COMPLETE
933,0.42283451557159424,2025-04-15 15:12:18.098956,2025-04-15 15:12:27.053211,0 days 00:00:08.954255,0.4449945022057729,0.7242242311738831,16,0.026620000922462736,0.1936074962433657,0.09666404740939481,0.03125662008424515,0.08354368568896876,0.0924869652927852,0.0002651745185406893,19,150,0.05757656524940513,0.1673718135828769,True,True,True,3.449181505629872e-08,COMPLETE
934,0.41127417087554935,2025-04-15 15:12:27.364917,2025-04-15 15:12:35.726182,0 days 00:00:08.361265,0.4700133554319153,0.7721891711293815,16,0.030937935430737,0.168254704212161,0.09831178406508664,0.03244659732588904,0.0808811951848647,0.09274967122360328,0.0003309404564836076,18,125,0.05545302819284325,0.1737503000562522,True,True,True,2.751175696945219e-08,COMPLETE
935,0.42545611858367915,2025-04-15 15:12:36.035385,2025-04-15 15:12:44.654951,0 days 00:00:08.619566,0.46143765480697974,0.7180917379424768,16,0.02369152425921018,0.19001431756897308,0.09821037732895513,0.03115573827699178,0.08445011913521942,0.09506084231518083,0.00025242728507283806,17,150,0.054388004438912715,0.1688829098947735,True,True,True,4.493834199060883e-08,COMPLETE
936,0.24703186750411987,2025-04-15 15:12:44.951141,2025-04-15 15:12:53.149685,0 days 00:00:08.198544,0.478003098515577,0.7636879982323399,16,0.03393199598373193,0.18225101561095608,0.09973527514986862,0.03347883730055316,0.08226051625614161,0.0924517496047648,0.00029282670832324635,17,130,0.05696489997358346,0.16958660736817108,True,True,False,6.735993837714018e-08,COMPLETE
937,0.4242357134819031,2025-04-15 15:12:53.454955,2025-04-15 15:13:01.999025,0 days 00:00:08.544070,0.427396129726788,0.7090022883298442,16,0.02233615884764424,0.2045688014674844,0.09648362127399415,0.030858261158237102,0.08499678383182634,0.09593265237991437,0.00024286422514105375,18,136,0.05426402336881188,0.1680330118496962,True,True,True,5.2580925919082806e-08,COMPLETE
938,0.2048193633556366,2025-04-15 15:13:02.307249,2025-04-15 15:13:11.017332,0 days 00:00:08.710083,0.43375296280170134,0.7613605470061158,16,0.09893691577787825,0.19825142457217243,0.09677402366973098,0.027619567773612172,0.08098760687714403,0.09465953533263326,0.00035477628812393135,18,145,0.057039494235264304,0.1667497489717344,True,True,True,1.7580926048494926e-07,COMPLETE
939,0.42673141956329347,2025-04-15 15:13:11.325646,2025-04-15 15:13:19.900223,0 days 00:00:08.574577,0.45638140126292265,0.7455130629793894,16,0.027738774610154008,0.18438060621512206,0.09854998784874269,0.02964417990587073,0.0842817744284029,0.09212317550181331,0.0002984667499439234,17,147,0.054997729350496134,0.16633278812977426,True,True,True,8.75244608834175e-08,COMPLETE
940,0.3965323805809021,2025-04-15 15:13:20.195207,2025-04-15 15:13:28.714130,0 days 00:00:08.518923,0.4545156524129189,0.7476239584160276,16,0.034669539503059336,0.18540112780062296,0.09958087938339368,0.03052837804672461,0.0832208121197144,0.09244959169205726,0.00034069911136033276,17,143,0.055896598725563615,0.1756880746484414,True,True,True,3.3915795974064584e-08,COMPLETE
941,0.38271980285644536,2025-04-15 15:13:29.021083,2025-04-15 15:13:37.444344,0 days 00:00:08.423261,0.48406656380236235,0.7809574905195301,16,0.03797003314880705,0.18166284266234078,0.09985927652270865,0.03389711168322434,0.08409093420123645,0.09502798595208761,0.0002920766874544145,16,149,0.05370850661712269,0.1682948798303785,True,True,True,9.697966200381529e-08,COMPLETE
942,0.4242682456970215,2025-04-15 15:13:37.754144,2025-04-15 15:13:46.293150,0 days 00:00:08.539006,0.46782827616272155,0.7502119009067384,16,0.02895168572443291,0.18990254224920855,0.09753682178161849,0.02601488389965477,0.08522581387106323,0.09257060247369411,0.00036595608371080344,17,146,0.05277318204803014,0.16844915686212675,True,True,True,8.339157062262238e-08,COMPLETE
943,0.42220101356506345,2025-04-15 15:13:46.603464,2025-04-15 15:13:55.191877,0 days 00:00:08.588413,0.49806332224048094,0.7889445631900134,16,0.028268744589479804,0.19776508825473876,0.09658975339507472,0.02761617715703225,0.08121129331056112,0.09580242201310542,0.0002841762544750969,17,146,0.054595472090173826,0.1776980621778692,True,True,True,6.230379502066016e-08,COMPLETE
944,0.38354464769363406,2025-04-15 15:13:55.505616,2025-04-15 15:14:04.154425,0 days 00:00:08.648809,0.45362707001863384,0.7455159562194031,16,0.035769900873121985,0.20599934298718786,0.09775280525850971,0.03348081398291694,0.08261029587898021,0.0916883585317226,0.00025145210836532056,17,147,0.05419749732060524,0.1637395407093645,True,True,True,7.620214813198635e-08,COMPLETE
945,0.42589371204376225,2025-04-15 15:14:04.451146,2025-04-15 15:14:13.286978,0 days 00:00:08.835832,0.4516088885041982,0.7702220842768138,16,0.02642540623992206,0.20046707352908627,0.0999411418072674,0.02971356144908121,0.07862357622338129,0.09407906979549653,0.00034659821402452514,18,150,0.055679123118407475,0.17405262159876939,True,True,True,8.869851800687826e-08,COMPLETE
946,0.3986842632293701,2025-04-15 15:14:13.598539,2025-04-15 15:14:22.205299,0 days 00:00:08.606760,0.4470539579266299,0.7806952876255256,16,0.032657052598110546,0.19314997959126814,0.09985991079190953,0.029919089939954426,0.07769139389614595,0.09355625575666882,0.0003683631312240993,17,149,0.055895079078721883,0.17279990825038494,True,True,True,8.733468556627247e-08,COMPLETE
947,0.38248318433761597,2025-04-15 15:14:22.514321,2025-04-15 15:14:31.166104,0 days 00:00:08.651783,0.48284187335854134,0.7281203410943194,16,0.03995523299174658,0.20603928834677937,0.09989752479291122,0.027273618798517443,0.0787750688340595,0.09604668332235874,0.00034367442816927795,17,150,0.057852544495203065,0.18131990588829833,True,True,True,6.498093896369741e-08,COMPLETE
948,0.42619215250015263,2025-04-15 15:14:31.480429,2025-04-15 15:14:40.192972,0 days 00:00:08.712543,0.4708366799849879,0.7731824713360098,16,0.02826424120997561,0.1931966654670412,0.09813027620959187,0.030055445145183674,0.07805033764594796,0.09192603294041082,0.00038710584369413143,18,147,0.05790290358733832,0.1775363536169114,True,True,True,8.745334434291524e-08,COMPLETE
949,0.3734903216362,2025-04-15 15:14:40.496053,2025-04-15 15:14:48.823516,0 days 00:00:08.327463,0.47822985906249094,0.7635991486084809,16,0.0391843107275114,0.20155020330253692,0.09997435850162066,0.027920985585293927,0.07768877869655219,0.09406254552761785,0.00043300990582755656,16,146,0.05856778657644091,0.18220065940612948,True,True,True,8.106858495308749e-08,COMPLETE
950,0.41989707946777344,2025-04-15 15:14:49.133303,2025-04-15 15:14:57.703323,0 days 00:00:08.570020,0.49800122589185813,0.7575591093550061,16,0.03311508310571528,0.19377723733131488,0.09823520564210093,0.030068027863356463,0.07864250676510097,0.09608934383018031,0.00039762909852550653,17,145,0.05763158628719377,0.17940305382585056,True,True,True,4.911903788414312e-08,COMPLETE
951,0.40750726461410525,2025-04-15 15:14:58.012677,2025-04-15 15:15:06.769862,0 days 00:00:08.757185,0.4539575547073125,0.7853946151315112,16,0.030956809661004177,0.18926828027003006,0.09727327644132915,0.029023158647759083,0.07938425600612863,0.09186485597558572,0.00037004215884524247,18,147,0.056224034733408236,0.17738469509276547,True,True,True,9.106397752288494e-08,COMPLETE
952,0.40885437726974483,2025-04-15 15:15:07.084855,2025-04-15 15:15:15.872929,0 days 00:00:08.788074,0.4596894584978005,0.7173321019602601,16,0.03745131979810246,0.17816722242303595,0.09755150094831237,0.032315757134252346,0.07700085297614144,0.09350048402192779,0.0004338914223147429,18,147,0.05804708333982213,0.18235326907183477,True,True,True,7.124993505566168e-08,COMPLETE
953,0.4269806623458863,2025-04-15 15:15:16.194650,2025-04-15 15:15:24.680396,0 days 00:00:08.485746,0.4657251431635995,0.7636506015757281,16,0.02811916098467085,0.21102851111343926,0.09826185889459513,0.02634680734644956,0.08019467414459588,0.0917620926607014,0.00033790638219360376,16,150,0.05565879888887236,0.1746942746868305,True,True,True,6.015155095426465e-08,COMPLETE
954,0.3596260666847229,2025-04-15 15:15:24.979528,2025-04-15 15:15:33.408344,0 days 00:00:08.428816,0.4857642342470887,0.756325444428165,16,0.04184319250430557,0.2104387143881058,0.09836565722228198,0.025625663605019857,0.07992460125377471,0.09093138652283407,0.0003155588196821805,16,150,0.05707830564194439,0.17114462112475565,True,True,True,4.2876015502345225e-08,COMPLETE
955,0.25129525661468505,2025-04-15 15:15:33.723276,2025-04-15 15:15:42.110772,0 days 00:00:08.387496,0.5027554650994108,0.6983035877218295,16,0.10997863869929009,0.2073388871352794,0.09609819727364699,0.026538758462334073,0.08000944464895997,0.09166320988152139,0.0003246379835493682,16,150,0.05881520886002431,0.17490480064495537,True,True,False,5.624195784961536e-08,COMPLETE
956,0.4201396703720093,2025-04-15 15:15:42.425163,2025-04-15 15:15:50.784036,0 days 00:00:08.358873,0.48275136795905954,0.7309823073420132,16,0.033918439808674074,0.2001899184164907,0.09985889114674197,0.02910373800336204,0.07914080283636002,0.09124468274370778,0.0004423442048324797,16,145,0.055494082535936615,0.17612240832676887,True,True,True,4.2477227768207214e-08,COMPLETE
957,0.42608031034469607,2025-04-15 15:15:51.097631,2025-04-15 15:15:59.436334,0 days 00:00:08.338703,0.469460495097178,0.7926038160435194,16,0.02751628025590335,0.18950043560250682,0.0964796523932542,0.024839036203013733,0.0811234863687785,0.09071407530301696,0.0003141726578020554,16,141,0.05793821054304232,0.17538154168578654,True,True,True,2.4971123084831533e-08,COMPLETE
958,0.3871621966362,2025-04-15 15:15:59.753564,2025-04-15 15:16:07.876697,0 days 00:00:08.123133,0.5175127726178601,0.789768208084513,16,0.038727852172586334,0.1863534065663879,0.09992827702987599,0.025217588392227208,0.07646617959518569,0.09274573752890049,0.0003618605063219952,15,141,0.05873916232298,0.180388760673325,True,True,True,2.146847500968772e-08,COMPLETE
959,0.4224601149559021,2025-04-15 15:16:08.181802,2025-04-15 15:16:16.671614,0 days 00:00:08.489812,0.47183082259726955,0.7645961092594422,16,0.030307072745448506,0.2028099678904711,0.09600659376790488,0.022314709377921578,0.07792879078695186,0.09142917132544545,0.00039549399241277394,17,141,0.05848737028907425,0.17480682920005944,True,True,True,2.865842828751524e-08,COMPLETE
960,0.4129326701164246,2025-04-15 15:16:16.988938,2025-04-15 15:16:25.428483,0 days 00:00:08.439545,0.47508283692665976,0.7818294224082796,16,0.030453770392628525,0.1970907371823049,0.09614699002645172,0.023117066286938243,0.08091545541861471,0.09509083141536216,0.00046993201591193095,16,150,0.057808896236249865,0.1746317322332424,True,True,True,3.75086658660748e-08,COMPLETE
961,0.3895740270614624,2025-04-15 15:16:25.742889,2025-04-15 15:16:34.176682,0 days 00:00:08.433793,0.45832277494320384,0.7937293398447638,16,0.03799355595184408,0.18762339504712178,0.09804483258073646,0.02661232171383891,0.07778084657391925,0.0931998706630249,0.000351769108090069,16,146,0.05894553700881937,0.18341857998809358,True,True,True,1.6816491867053998e-08,COMPLETE
962,0.3350005626678467,2025-04-15 15:16:34.493302,2025-04-15 15:16:42.875854,0 days 00:00:08.382552,0.4667982586321192,0.7411914602769559,16,0.027088542799642148,0.17907681198648776,0.09601470612012135,0.025804778553989993,0.08093020742570858,0.0967200035035518,0.0003008032806998905,16,145,0.031770182503997824,0.17362285566956878,True,True,True,6.004152489747998e-08,COMPLETE
963,0.411024022102356,2025-04-15 15:16:43.195319,2025-04-15 15:16:51.488336,0 days 00:00:08.293017,0.49248050723036485,0.7640453555553629,16,0.034045151448622815,0.19216911093732977,0.09793153668892508,0.02754733049895196,0.07916047356965199,0.09083471761787754,0.00031701215298096436,15,150,0.056738715786392564,0.18138085610127777,True,True,True,3.410475723610026e-08,COMPLETE
964,0.36629141569137574,2025-04-15 15:16:51.792266,2025-04-15 15:17:00.243879,0 days 00:00:08.451613,0.5225919307667656,0.7964676931363728,16,0.04350443030203127,0.21222320158855393,0.09622070462656412,0.024504310130326973,0.08166426362717556,0.09337086495754716,0.0004473162632943385,16,148,0.05620570436008267,0.18512468870447704,True,True,True,2.2621036549950242e-08,COMPLETE
965,0.42177801132202153,2025-04-15 15:17:00.557294,2025-04-15 15:17:08.930839,0 days 00:00:08.373545,0.43793832024700524,0.7424377383807873,16,0.030540359274699343,0.22052571904122933,0.09785508462090088,0.031535050361056555,0.07761189750318975,0.09084030422682032,0.0003042177546251111,16,147,0.05949186395773821,0.1724197802713099,True,True,True,4.9620383984432236e-08,COMPLETE
966,0.3809101104736329,2025-04-15 15:17:09.254957,2025-04-15 15:17:17.807327,0 days 00:00:08.552370,0.4467469425187892,0.7620212581820877,16,0.027230510752361974,0.19770310400139124,0.09571489207013975,0.029210464718908733,0.08117101889268727,0.09552975486250613,0.000391416887120941,17,143,0.05599018340248517,0.06206388910269252,True,True,True,2.5229556625901264e-08,COMPLETE
967,0.42555425167083744,2025-04-15 15:17:18.126116,2025-04-15 15:17:26.621093,0 days 00:00:08.494977,0.47289677914670014,0.7987712602525994,16,0.0269424634608209,0.20306668361170285,0.09992334896771085,0.03399905988273966,0.08197581357002368,0.09241973850470286,0.0004926565207190957,17,142,0.05823944719815862,0.16699246576303536,True,True,True,4.586914280972929e-08,COMPLETE
