number,value,datetime_start,datetime_complete,duration,params_alpha-eval,params_alpha-train,params_batch-size,params_eps-eval,params_eps-train,params_lambda-actions-eval,params_lambda-actions-train,params_lambda-frames-eval,params_lambda-frames-train,params_learning-rate,params_n-epochs,params_n-frames,params_radius-gw,params_rho,params_std-feats,params_ub-actions,params_ub-frames,params_weight-decay,state
227,0.40402926206588746,2025-04-13 14:20:32.359685,2025-04-13 14:20:39.990168,0 days 00:00:07.630483,0.9816704294023987,0.6656626705725468,16,0.006972045821622235,0.038001106884835184,0.089610473856955,0.08533000795073559,0.0011212363879878199,0.022313502026997053,0.0006399534412393922,26,36,0.07852582791725292,0.2950074409558533,False,True,True,3.206342340620278e-08,COMPLETE
228,0.4033988118171692,2025-04-13 14:20:40.062918,2025-04-13 14:20:47.685724,0 days 00:00:07.622806,0.9832993524726887,0.6791001365276114,16,0.004640790722709553,0.03314379525143923,0.09100197094472237,0.08894561837482697,0.0037672054585643515,0.028067077209130334,0.000779760247336056,26,27,0.08201601202200165,0.29945427574523975,False,True,True,1.7587308063423147e-08,COMPLETE
229,0.4065178632736206,2025-04-13 14:20:47.757957,2025-04-13 14:20:55.472890,0 days 00:00:07.714933,0.997138645587792,0.63914546808847,16,0.011949519805435953,0.02668970243579232,0.0843093675670365,0.08706417185996251,0.07695506224610042,0.01793527535606539,0.0008519994698356954,27,34,0.08348541297965055,0.28772630443199865,False,True,True,3.3899238147718934e-08,COMPLETE
230,0.39632391929626465,2025-04-13 14:20:55.545822,2025-04-13 14:21:03.291085,0 days 00:00:07.745263,0.9694783707449018,0.6058534160534776,16,0.01522251399257593,0.021324518201596674,0.08701864484889221,0.09073692092710041,0.00861113769460701,0.021065617658121087,0.0009441410137727729,27,41,0.07892855676566737,0.29118665975088426,False,True,True,2.2586958017879157e-08,COMPLETE
231,0.3992496252059936,2025-04-13 14:21:03.363672,2025-04-13 14:21:11.261996,0 days 00:00:07.898324,0.9405770263874176,0.7248712351636961,16,0.0065874331144802865,0.018487024408774956,0.08934386816202258,0.08922119465172525,0.0026909631102622804,0.03096025222442715,0.00112346410866188,29,34,0.0853096705218604,0.29311060872948774,False,True,True,5.5031685229785846e-08,COMPLETE
232,0.3999377608299255,2025-04-13 14:21:11.337327,2025-04-13 14:21:19.054861,0 days 00:00:07.717534,0.999678221579148,0.7402287855745667,16,0.019662638844941002,0.03127294056261884,0.09210152302128614,0.08734485573475534,0.006170120399922874,0.00949496978297909,0.0012926676559681207,27,33,0.08754700119106239,0.28486745021044196,False,True,True,4.7524914065827446e-08,COMPLETE
233,0.4112207889556885,2025-04-13 14:21:19.140086,2025-04-13 14:21:27.019026,0 days 00:00:07.878940,0.9585031463887033,0.71397342349018,16,0.011395327080731842,0.024298921877071288,0.08587670081802776,0.09082271919407141,0.0027308922844399564,0.09551039324429213,0.0010287686125342588,28,37,0.0846633102372847,0.2991418537204987,False,True,True,3.2426817914181644e-08,COMPLETE
234,0.4172211408615113,2025-04-13 14:21:27.093964,2025-04-13 14:21:34.911389,0 days 00:00:07.817425,0.9634856823776251,0.6842915591861936,16,0.011195765315400522,0.023986406869109838,0.0858346823406282,0.09169989270850487,0.0045790368122811415,0.03610442171599592,0.0008672827419614432,28,38,0.08228857566210242,0.2997560065810347,False,True,True,2.7545585348508706e-08,COMPLETE
235,0.4065894961357117,2025-04-13 14:21:34.987329,2025-04-13 14:21:42.930835,0 days 00:00:07.943506,0.9769667009636536,0.6609981029758824,16,0.006207281558981652,0.039155689050479746,0.08447998301131823,0.09048883723756497,0.001011315597683321,0.052109518941953245,0.0008996792617822525,28,39,0.08134791437329966,0.29880572707717934,False,True,True,2.6518525266780893e-08,COMPLETE
236,0.41661596298217773,2025-04-13 14:21:43.005524,2025-04-13 14:21:50.734695,0 days 00:00:07.729171,0.9447247849219691,0.6820159471307398,16,0.00044557307450251256,0.02743465284618075,0.08648708595738022,0.08842283686534524,0.09238090540518133,0.038372105910462084,0.0006028087930837157,27,38,0.08357408093396317,0.2907830525964861,False,True,True,3.381756021199524e-08,COMPLETE
237,0.3993042588233948,2025-04-13 14:21:50.809704,2025-04-13 14:21:58.681318,0 days 00:00:07.871614,0.9554718399036881,0.6845725279297571,16,0.01125137306115934,0.026460471680775116,0.0858538647301241,0.09191683108105021,0.09295470209254483,0.024275679108982828,0.0005815546027230839,28,43,0.0835272108021281,0.2901358342674044,False,True,True,3.4513677035264615e-08,COMPLETE
238,0.41579145193099976,2025-04-13 14:21:58.757480,2025-04-13 14:22:06.343136,0 days 00:00:07.585656,0.9394296865735496,0.6507468789798376,16,0.001028555165728532,0.021876175160162305,0.08871136983211184,0.08503217318920071,0.0899262525001178,0.04868199038546631,0.0010797189054750328,25,38,0.0869360003668151,0.2999020905684837,False,True,True,3.329298124448326e-08,COMPLETE
239,0.3884942889213562,2025-04-13 14:22:06.429731,2025-04-13 14:22:14.097434,0 days 00:00:07.667703,0.9350833194547952,0.6274469680652084,16,0.0032236322537116183,0.031712462213262675,0.08205749282041987,0.08018375850645036,0.09109620865721485,0.04407860841456581,0.0010007357670734126,26,45,0.08732786012896358,0.2958859401482878,False,True,True,1.6331293262847684e-08,COMPLETE
240,0.4093061089515686,2025-04-13 14:22:14.173646,2025-04-13 14:22:21.762592,0 days 00:00:07.588946,0.940876741131555,0.7080527799903259,16,0.011286374485811877,0.025218688825703345,0.08797030880697906,0.08244501848401047,0.08480205225534063,0.03757211292116151,0.0011676894823064794,25,39,0.08931816279191941,0.2998360430078692,False,True,True,2.1786030747425314e-08,COMPLETE
241,0.40970792770385744,2025-04-13 14:22:21.839000,2025-04-13 14:22:29.620385,0 days 00:00:07.781385,0.9701567134341647,0.6431470838090717,16,0.00035930474564491166,0.020594726684140256,0.09008267997066151,0.08479809717107528,0.09613337108535194,0.05212204894092078,0.0006648276543340005,27,37,0.08472562321006495,0.289335085154132,False,True,True,3.3458487712413975e-08,COMPLETE
242,0.4033778071403504,2025-04-13 14:22:29.698053,2025-04-13 14:22:37.529257,0 days 00:00:07.831204,0.9622916318247413,0.6533831787698586,16,0.016291479562205228,0.025143834899093283,0.08631382092189048,0.08887235168435445,0.09004960293814449,0.047656144732887415,0.0010878016559394959,28,37,0.08627913394828819,0.2930975738219232,False,True,True,3.5450822257641986e-08,COMPLETE
243,0.39652909040451056,2025-04-13 14:22:37.607730,2025-04-13 14:22:45.513127,0 days 00:00:07.905397,0.9798207937687524,0.6994426890118575,16,0.01061357247807458,0.01726636639946109,0.08367979487682684,0.09102538307289397,0.09579327421214283,0.03820628467728077,0.0004858598697499179,29,40,0.08356504583291074,0.2857624814757489,False,True,True,2.8617113589163643e-08,COMPLETE
244,0.4133009791374207,2025-04-13 14:22:45.591557,2025-04-13 14:22:53.345861,0 days 00:00:07.754304,0.9427659487355797,0.6837769289654434,16,0.015137719000064682,0.022119176297450367,0.08894038304415547,0.09286885744672807,0.030598825718504342,0.04915083111804304,0.0008391090872186653,27,37,0.08558871261168886,0.2921125106533638,False,True,True,4.573489418580261e-08,COMPLETE
245,0.39791400432586665,2025-04-13 14:22:53.432763,2025-04-13 14:23:01.194598,0 days 00:00:07.761835,0.9409467265470409,0.7492352929019099,16,0.006515846096635958,0.03254052865917936,0.08874546775203505,0.08595527584728564,0.006795210222820693,0.06306765769281866,0.001792243805882523,27,37,0.08747776649160108,0.2999692068100088,False,True,True,4.925240639293217e-08,COMPLETE
246,0.2048193633556366,2025-04-13 14:23:01.273290,2025-04-13 14:23:08.848855,0 days 00:00:07.575565,0.9113034532941316,0.6828528429107119,16,0.014218367623171475,0.016487679952365906,0.08492763972113859,0.08831902218033154,0.0427186049015688,0.050234918908699605,0.0009259911561388651,25,47,0.012811144631016583,0.28313605960090427,False,True,True,4.320432110169361e-08,COMPLETE
247,0.4061318159103394,2025-04-13 14:23:08.927341,2025-04-13 14:23:16.571118,0 days 00:00:07.643777,0.9452836479532704,0.7179114173403288,16,0.009068676136611711,0.026078102420893493,0.08859786179752524,0.09239293755672065,0.09296388566432015,0.047268495586760405,0.0015130995237451607,26,42,0.08256146373242586,0.2942809155174134,False,True,True,7.875355472959986e-08,COMPLETE
248,0.40384693145751954,2025-04-13 14:23:16.649121,2025-04-13 14:23:24.334076,0 days 00:00:07.684955,0.9829644742642949,0.685814648523844,16,0.0013798482410436216,0.016372072007556877,0.08683042871477785,0.09035428423198887,0.07213851348327387,0.07014146218748883,0.003947684068865264,27,36,0.08649396263600367,0.2874623394962928,False,True,True,5.1896342913873766e-08,COMPLETE
249,0.39825656414031985,2025-04-13 14:23:24.411648,2025-04-13 14:23:32.214456,0 days 00:00:07.802808,0.9296896052607716,0.7658794658894118,16,0.017767350633472956,0.029038739589536247,0.05748425551156641,0.09747401135383355,0.00489203506500842,0.0963495516879631,0.0012157056750556816,26,62,0.0891399785715477,0.29993384208165447,False,True,True,2.158114046086447e-08,COMPLETE
250,0.40895283222198486,2025-04-13 14:23:32.292691,2025-04-13 14:23:39.998429,0 days 00:00:07.705738,0.9570062036634825,0.6536425252458009,16,0.020947177118925644,0.019920016002124504,0.09150586100035461,0.09286392343417688,0.007932809022407197,0.055785662192827566,0.008374789327323376,27,31,0.08378124816808287,0.293174139733769,False,True,True,1.0146192352679264e-08,COMPLETE
251,0.401498818397522,2025-04-13 14:23:40.087944,2025-04-13 14:23:47.980241,0 days 00:00:07.892297,0.9804981789187696,0.7332883941078009,16,0.010396336457311875,0.03546436986656562,0.08991484638491647,0.08477615779219624,0.08609850028338675,0.049803619620684685,0.0016886982757062983,29,39,0.08574795446121249,0.2796460128835746,False,True,True,3.9587882748416434e-08,COMPLETE
252,0.40907703638076787,2025-04-13 14:23:48.059592,2025-04-13 14:23:55.888950,0 days 00:00:07.829358,0.9504657275836558,0.6975963588689831,16,0.00026808818419318294,0.023504317079404282,0.09243905279704523,0.09002708365952537,0.03349175119729195,0.043504099398438675,0.002083383371882066,28,29,0.08792926481220564,0.2871679554685374,False,True,True,2.7652752530335517e-08,COMPLETE
253,0.37685110569000246,2025-04-13 14:23:55.969384,2025-04-13 14:24:16.620031,0 days 00:00:20.650647,0.9055714445004972,0.6223103408468784,2,0.014782639693364515,0.016810499098611275,0.08594902484357271,0.08682393124145761,0.024775919394181174,0.04599814900142498,0.0008649929482872584,28,35,0.07974802029049882,0.2936748233169007,False,True,True,4.8308672385618685e-08,COMPLETE
254,0.4155149459838867,2025-04-13 14:24:16.699324,2025-04-13 14:24:24.357425,0 days 00:00:07.658101,0.9621981831088277,0.7093632241878115,16,0.023247006481626704,0.02998333202625306,0.09739777271833708,0.09583037615711663,0.004928897104094327,0.09629788493812637,0.0010960550552922888,26,41,0.08199777445924154,0.2842211839676071,False,True,True,6.407696988147048e-08,COMPLETE
255,0.40743192434310915,2025-04-13 14:24:24.438598,2025-04-13 14:24:32.115792,0 days 00:00:07.677194,0.9245576805657264,0.7157670595999338,16,0.006295224963872777,0.030810507487843596,0.09605979144034929,0.09316224055594637,0.02996794277187862,0.04043541627614001,0.02854950991261472,26,38,0.08555974607142444,0.29354689005679047,False,True,True,6.17812599258096e-08,COMPLETE
256,0.2048193633556366,2025-04-13 14:24:32.197021,2025-04-13 14:24:39.967511,0 days 00:00:07.770490,0.9636026087978821,0.7473646586523226,16,0.23492006063094945,0.04730923289597333,0.08801707412589295,0.091188532605246,0.009363960087818443,0.053032416710843966,0.000976938065093505,25,80,0.08188349936959752,0.28874667972495127,False,True,True,3.7609514556241925e-08,COMPLETE
257,0.3986374616622925,2025-04-13 14:24:40.058667,2025-04-13 14:24:48.021747,0 days 00:00:07.963080,0.9417592148277613,0.7136124434357413,16,0.025999012324911436,0.02850493516675188,0.0981109809198591,0.09579813891460702,0.005723427785314578,0.04153105991427586,0.000657077975300263,29,31,0.08432702074526595,0.09822509580666541,False,True,True,6.922018835309764e-08,COMPLETE
258,0.38495533466339116,2025-04-13 14:24:48.102972,2025-04-13 14:24:53.982537,0 days 00:00:05.879565,0.9999489272893285,0.6929200466479261,16,0.013878559202405985,0.03444666092737825,0.09712158502787946,0.08873361408073178,0.004671356942119061,0.0023298315707984962,0.0019531875554713867,6,35,0.08985269615484918,0.29992662651750235,False,True,True,4.220871067964354e-08,COMPLETE
259,0.4007274866104126,2025-04-13 14:24:54.064667,2025-04-13 14:25:01.737016,0 days 00:00:07.672349,0.9654815952886217,0.7269493222824296,16,0.008664859318148518,0.02214106328921809,0.08362927343712878,0.0938241461859322,0.011018073007410149,0.05944289628209733,0.0033237610503097795,27,27,0.08697565126161787,0.2811590492446213,False,True,True,2.7673994961861443e-08,COMPLETE
260,0.2872742533683777,2025-04-13 14:25:01.818058,2025-04-13 14:25:09.510296,0 days 00:00:07.692238,0.30472812429361784,0.5792582036821342,16,0.018766376135197924,0.014285225971701988,0.08926051055821731,0.09128761443846896,0.007121907127903704,0.03650073705329821,0.001602234329661407,26,24,0.09233083057174356,0.2937547811003237,False,True,True,1.7340199406998506e-08,COMPLETE
261,0.4025573015213013,2025-04-13 14:25:09.592007,2025-04-13 14:25:17.441554,0 days 00:00:07.849547,0.8971499118285753,0.7832620716083656,16,0.024032592289166103,0.02295294820793382,0.09328392884076965,0.09632065876183557,0.07999048457379146,0.031932342454967025,0.004525071345557136,28,32,0.077212887225164,0.28575025040153335,False,True,True,5.580236043759502e-08,COMPLETE
262,0.35125529766082764,2025-04-13 14:25:17.525061,2025-04-13 14:25:25.569195,0 days 00:00:08.044134,0.941815750607473,0.642218248993647,16,0.00012818537917398632,0.03680191736751841,0.06418310008983517,0.08743023391599151,0.03924883192586838,0.09566769182810345,0.0013690538814917854,28,70,0.08847186494870526,0.2905292408669715,False,True,True,0.0006271542425924828,COMPLETE
263,0.39496202468872077,2025-04-13 14:25:25.661519,2025-04-13 14:25:33.614312,0 days 00:00:07.952793,0.9778392071073544,0.606643723686873,16,0.011899879719338702,0.02826549241347175,0.08229474331011462,0.09276037179738733,0.0045513065590345155,0.09734299966870237,0.0022162592305793754,29,40,0.08295782947695494,0.2765439356393495,False,True,True,3.474785779877419e-08,COMPLETE
264,0.39855203628540037,2025-04-13 14:25:33.698526,2025-04-13 14:25:41.389858,0 days 00:00:07.691332,0.9581560042019849,0.6641267586250699,16,0.006727612296263964,0.04212369296511845,0.08600433168725867,0.08984728214326176,0.006337520603845664,0.02748298787695009,0.0007904385153668109,27,29,0.08509787989742858,0.2948417578985182,False,True,True,4.6233529517789316e-08,COMPLETE
265,0.41684134006500245,2025-04-13 14:25:41.473659,2025-04-13 14:25:49.122869,0 days 00:00:07.649210,0.9185459168770636,0.7025144063164807,16,0.01655405324686354,0.01323411117285979,0.09740035328738729,0.09514611427372227,0.047122476367867115,0.09508263957267814,0.0005792570816826669,26,36,0.08050505117826465,0.2999057796028662,False,True,True,2.27174198398428e-08,COMPLETE
266,0.3976073503494263,2025-04-13 14:25:49.206558,2025-04-13 14:25:56.938385,0 days 00:00:07.731827,0.9234856957184003,0.6871927330755919,16,0.017986501214167283,0.012966330649459049,0.09760035474409612,0.09581776374939315,0.009335798469984724,0.09200850219058104,0.0005669209044046633,26,45,0.07915026380845383,0.28320280043552293,False,True,True,2.1163285341180706e-08,COMPLETE
267,0.4158304691314697,2025-04-13 14:25:57.020868,2025-04-13 14:26:04.700387,0 days 00:00:07.679519,0.9263930952293852,0.7539345749895758,16,0.02741751630788071,0.008951485612576117,0.09526953631497985,0.07835947029359515,0.047939718191932434,0.09456093778202931,0.0003343170898141679,26,37,0.08103432770571735,0.2899642260235143,False,True,True,1.4495054351046349e-08,COMPLETE
268,0.410814106464386,2025-04-13 14:26:04.793657,2025-04-13 14:26:12.447495,0 days 00:00:07.653838,0.8974373555023426,0.7516161274611182,16,0.02893798937157557,0.0067625903879673065,0.09993679201402941,0.07651669900371871,0.04719194308082056,0.09370104563679699,0.00032839080027636326,25,41,0.07998049841095638,0.2880524521049099,False,True,True,1.5159775000873075e-08,COMPLETE
269,0.41824123859405515,2025-04-13 14:26:12.532075,2025-04-13 14:26:20.411196,0 days 00:00:07.879121,0.9173862204337168,0.7375715550009143,16,0.023835018791091334,0.007771006326831101,0.0960734193780771,0.08124788537471606,0.0444748532541472,0.09499309308210667,0.0004764550720719042,28,37,0.07741292762558072,0.2798749690003,False,True,True,1.4374174021183291e-08,COMPLETE
270,0.21279446482658387,2025-04-13 14:26:20.494982,2025-04-13 14:26:28.434572,0 days 00:00:07.939590,0.9131435396919585,0.7570330746591083,16,0.1667396580598185,0.008506154249029887,0.09709003523752188,0.08382791043212491,0.04808169901865986,0.09461003957411836,0.0004919906388633072,29,38,0.08097218986954892,0.27754831821389014,False,True,True,1.3629072626412124e-08,COMPLETE
271,0.4015373826026917,2025-04-13 14:26:28.519749,2025-04-13 14:26:36.309493,0 days 00:00:07.789744,0.9317704022444759,0.7382304587157749,16,0.025843267934763624,0.0007427513694400183,0.09468639847187253,0.07924127630931023,0.05052791129068007,0.0977335359764145,0.0003734998814256187,27,53,0.07544883460908708,0.2731713739787059,False,True,True,1.0515431690302858e-08,COMPLETE
272,0.3985221028327942,2025-04-13 14:26:36.394395,2025-04-13 14:26:57.226385,0 days 00:00:20.831990,0.8907892007893188,0.7679460519141855,2,0.02348718753344915,0.012685259580448138,0.09645798898693515,0.08365153074985136,0.043400205999776495,0.09236586747166617,0.0004905133675235035,28,42,0.07944969733689668,0.2802979757648312,False,True,True,1.9438817879576692e-08,COMPLETE
273,0.4166732907295227,2025-04-13 14:26:57.321810,2025-04-13 14:27:04.971032,0 days 00:00:07.649222,0.9231169221187785,0.6991844750981936,16,0.03485432754311814,0.009672882072292766,0.0949183122536076,0.08195018555575462,0.044867505701885316,0.09589767857508635,0.00043495439644621606,26,36,0.07781926069545404,0.03791083862371453,False,True,True,1.274750517155274e-08,COMPLETE
274,0.4077216267585755,2025-04-13 14:27:05.057527,2025-04-13 14:27:12.715674,0 days 00:00:07.658147,0.9095740631889189,0.7357209408092326,16,0.03255949963336863,0.007438097230713541,0.09609720050448914,0.07839243078829776,0.04585143470423082,0.09815774494031727,0.00041588214647300095,25,49,0.07724356417201723,0.28843240602886555,False,True,True,1.275214815000074e-08,COMPLETE
275,0.2048193633556366,2025-04-13 14:27:12.801969,2025-04-13 14:27:20.244958,0 days 00:00:07.442989,0.9259476360756191,0.8156214585006254,16,0.034669546624004434,0.23850048466730195,0.009713404453767085,0.07784080881034672,0.04058281180271161,0.09432088089210809,0.0003016159670724719,24,37,0.07761935941851779,0.03254188487050632,False,True,True,1.4643234141021401e-08,COMPLETE
276,0.2048193633556366,2025-04-13 14:27:20.331726,2025-04-13 14:27:27.882569,0 days 00:00:07.550843,0.942463580491332,0.702160527691569,16,0.02338242771485162,0.1931445900849213,0.09822880887104776,0.08030594149650272,0.04395293449982502,0.0975088853743704,0.0005568130767990263,26,31,0.07381978328647656,0.039694858328846644,False,True,True,1.2732742270767258e-08,COMPLETE
277,0.4044977307319641,2025-04-13 14:27:27.969012,2025-04-13 14:27:35.635653,0 days 00:00:07.666641,0.8868376070704206,0.7875834360907953,16,0.042437145267356896,0.007459641883273964,0.09425421063452039,0.0829255015045325,0.04641168457421131,0.09996198637545443,0.0004594966488376198,26,44,0.07693342929146432,0.10908030203520488,False,True,True,2.3908080595165047e-08,COMPLETE
278,0.4122293829917908,2025-04-13 14:27:35.732841,2025-04-13 14:27:43.461196,0 days 00:00:07.728355,0.9175449080791258,0.6737550160307392,16,0.030007918660936175,0.017237685803919777,0.09515409356022846,0.08185103893939803,0.047328096858962325,0.09602068828547261,0.0004234565873155446,27,39,0.07886605288541661,0.28471419252895536,False,True,True,7.555704914417099e-08,COMPLETE
279,0.4127863883972168,2025-04-13 14:27:43.549177,2025-04-13 14:27:51.126375,0 days 00:00:07.577198,0.9072271632990263,0.6746917623744063,16,0.030940736951156577,0.015422100157327954,0.09478481678341766,0.08071780907431803,0.04888786808322237,0.09119361927506345,0.0003987178080490347,25,39,0.07849757815388816,0.2832928141812818,False,True,True,9.61512868911556e-08,COMPLETE
280,0.4072401523590088,2025-04-13 14:27:51.213869,2025-04-13 14:27:58.846822,0 days 00:00:07.632953,0.9207553548002849,0.6705736428321646,16,0.03229158033167106,0.004969545095989323,0.09523628588272583,0.08250948983822663,0.04824451832683502,0.09192340151900323,0.00045267726691430486,26,41,0.07633748293758848,0.0610824507002902,False,True,True,1.766865380185023e-07,COMPLETE
281,0.41402308940887456,2025-04-13 14:27:58.937250,2025-04-13 14:28:06.459103,0 days 00:00:07.521853,0.8851960726598164,0.6819245912768102,16,0.028939578881371605,0.015291928646046915,0.09853807546261517,0.08024292591568959,0.05020937183388999,0.09392386992857242,0.0003819559713027897,24,40,0.07914663515055867,0.14027782631828828,False,True,True,1.4374839936240335e-07,COMPLETE
282,0.39360800981521604,2025-04-13 14:28:06.547114,2025-04-13 14:28:14.055930,0 days 00:00:07.508816,0.8950727287271872,0.7021712542604736,16,0.04195771383487991,0.013696552846639006,0.09983011727038087,0.07739818420079966,0.052867400482295976,0.08995981654856189,0.00034843306582907466,24,36,0.07552836209338736,0.019243475500289087,False,True,True,1.2278802648734227e-07,COMPLETE
283,0.3020104348659515,2025-04-13 14:28:14.144304,2025-04-13 14:28:21.721525,0 days 00:00:07.577221,0.21588152297670843,0.6791481309420803,16,0.036088382094351834,0.0012282515617008261,0.09804827512342575,0.08502127627128318,0.05043851339244644,0.0909505779010329,0.0003116487641778856,25,46,0.07820657699346645,0.1760144313522714,False,True,True,1.558767235034623e-07,COMPLETE
