number,value,datetime_start,datetime_complete,duration,params_alpha-eval,params_alpha-train,params_batch-size,params_eps-eval,params_eps-train,params_lambda-actions-eval,params_lambda-actions-train,params_lambda-frames-eval,params_lambda-frames-train,params_learning-rate,params_n-epochs,params_n-frames,params_radius-gw,params_rho,params_std-feats,params_ub-actions,params_ub-frames,params_weight-decay,state
1537,0.41816612482070925,2025-04-15 16:51:57.548817,2025-04-15 16:52:06.196564,0 days 00:00:08.647747,0.43226340949111075,0.7787065673132588,16,0.031633417573068916,0.25174026483108847,0.09482785807952691,0.04125894668159584,0.08475402347933401,0.06213711240020682,0.0001588391075740182,30,122,0.05946351457513674,0.20901056442636348,False,True,True,2.194426590283864e-08,COMPLETE
1538,0.2048193633556366,2025-04-15 16:52:06.700436,2025-04-15 16:52:27.734217,0 days 00:00:21.033781,0.46196684654187553,0.7499907066654604,2,0.01317629674844183,0.15428110393426242,0.09704604610176412,0.036941179827909704,0.0909600728539976,0.055625025779348865,0.00012502752547342258,28,28,0.06454712129922101,0.222681249246841,True,True,True,5.802514545791921e-08,COMPLETE
1539,0.42289309501647954,2025-04-15 16:52:28.233896,2025-04-15 16:52:38.463085,0 days 00:00:10.229189,0.49450636245495655,0.7993451276126348,16,0.024852954778245562,0.16607287964494255,0.0938953863800818,0.030439900609082013,0.08739537197768288,0.0531282607684382,0.00010681218798229235,28,137,0.057445473020213765,0.20339801925861964,True,True,True,4.62253404307685e-08,COMPLETE
1540,0.37894035577774055,2025-04-15 16:52:38.960830,2025-04-15 16:52:49.225861,0 days 00:00:10.265031,0.4769276276798388,0.7683003713655039,16,0.03896847459858091,0.17448797349795409,0.09991261188260857,0.034306604578342156,0.08908649792685673,0.06285975101806723,7.563599551322722e-05,29,134,0.06028467935467917,0.21134979761418812,True,True,True,3.916017066573748e-08,COMPLETE
1541,0.4219536781311035,2025-04-15 16:52:49.740994,2025-04-15 16:53:00.033424,0 days 00:00:10.292430,0.5120068211114253,0.835418951211183,16,0.020531243359246353,0.16139246755664652,0.09182339451063713,0.018401744004436674,0.08371352339168658,0.05714240115656419,0.00015821180858517604,30,126,0.0626014290769527,0.21760866207791202,True,True,True,3.163171940333953e-08,COMPLETE
1542,0.20613259673118592,2025-04-15 16:53:00.532871,2025-04-15 16:53:11.029225,0 days 00:00:10.496354,0.44595721334596494,0.7909370812979357,16,0.08871378504341822,0.1427155427184445,0.09651801600428983,0.03265721670276843,0.08626551428488326,0.06076368811661306,0.00012986995606175755,29,142,0.05852132515855705,0.1988627709813178,True,True,True,2.2332020865424637e-08,COMPLETE
1543,0.4282686591148377,2025-04-15 16:53:11.528772,2025-04-15 16:53:21.902317,0 days 00:00:10.373545,0.4893219813271366,0.7678475183663056,16,0.029477099081635944,0.1694471372396121,0.09478533889573174,0.03546437652978669,0.08310770768206424,0.0433007779101296,8.993602105589908e-05,30,130,0.060797412134750754,0.22743972453007702,True,True,True,6.539502626722788e-06,COMPLETE
1544,0.42137726545333865,2025-04-15 16:53:22.423450,2025-04-15 16:53:32.555820,0 days 00:00:10.132370,0.41911573487504206,0.8184852346313245,16,0.02307577988990222,0.15020572410846647,0.09729190577390917,0.03828895621850584,0.08817683792304955,0.040534488107576115,0.00011113847799627228,27,139,0.054510275756182155,0.21311183204278566,True,True,True,7.235675781527699e-08,COMPLETE
1545,0.32436403036117556,2025-04-15 16:53:33.060387,2025-04-15 16:53:40.063064,0 days 00:00:07.002677,0.46544296612171554,0.7425054673661649,16,0.013605697816753987,0.15748256498426824,0.09001518851721575,0.0302767459707987,0.09127344056611328,0.058930387802509566,6.5904699969254e-05,8,135,0.0640145928013263,0.2058740586926287,True,True,True,2.787844935868836e-08,COMPLETE
1546,0.35531967878341675,2025-04-15 16:53:40.563845,2025-04-15 16:53:50.906928,0 days 00:00:10.343083,0.5018338565606086,0.5059655873621635,16,0.03332308888573701,0.16643955264049926,0.09320236021631621,0.03276187012526358,0.08551635351099034,0.04566296911887395,0.0001388065933129037,28,143,0.056928502460268225,0.2005644674606721,True,True,True,4.560464008530906e-08,COMPLETE
1547,0.4293494582176209,2025-04-15 16:53:51.425418,2025-04-15 16:54:01.630896,0 days 00:00:10.205478,0.5185774479988086,0.7820273625327084,16,0.027260984405435434,0.1731550381906392,0.09537057050861897,0.03701878085484976,0.08981598028358968,0.054297284862068196,9.525996987204484e-05,29,132,0.06189726875327507,0.2176659665826748,True,True,True,3.397515368839434e-08,COMPLETE
1548,0.42467010021209717,2025-04-15 16:54:02.135013,2025-04-15 16:54:12.270659,0 days 00:00:10.135646,0.5257813206612632,0.8072514950011582,16,0.01965042529590739,0.17831596248126114,0.09823645194391717,0.0421193527151824,0.09488656930185538,0.05051561847056207,0.0001601640306358924,29,129,0.058836142339643335,0.23545881307231786,True,True,True,3.458383094351146e-08,COMPLETE
1549,0.21016275882720947,2025-04-15 16:54:12.767469,2025-04-15 16:54:22.431263,0 days 00:00:09.663794,0.5111046671156023,0.7564333680411297,16,0.01377431957381883,0.17564946442061194,0.09250400078357852,0.04006905084120603,0.09207921723378555,0.05589709679802328,0.00012046301521544795,26,132,0.06028463426084285,0.22505122496453683,True,True,False,3.695078490348763e-08,COMPLETE
1550,0.421677041053772,2025-04-15 16:54:22.955651,2025-04-15 16:54:33.300754,0 days 00:00:10.345103,0.521569943797734,0.7890487057757867,16,0.02573743996688242,0.17583335396360994,0.09804637611080948,0.03891787999809695,0.09375457687706817,0.05368394340187943,9.886437348207641e-05,30,127,0.05753619544745269,0.22009449783610663,True,True,True,5.8245323696166106e-08,COMPLETE
1551,0.4251354813575745,2025-04-15 16:54:33.807265,2025-04-15 16:54:44.000314,0 days 00:00:10.193049,0.3983552402988505,0.7716334928485481,16,0.018599850048319974,0.17139680862006237,0.09536137629119303,0.041027965282427865,0.0904750225510269,0.05278558719041536,0.00012865354499112854,29,131,0.06114540426042421,0.2195930912713106,True,True,True,4.7575324321502285e-08,COMPLETE
1552,0.42180743217468264,2025-04-15 16:54:44.504689,2025-04-15 16:54:54.442890,0 days 00:00:09.938201,0.4343785267974851,0.8154103826533372,16,0.025028773450195482,0.17228234306330165,0.09095984754688045,0.007579901395400801,0.09273204125566369,0.0514852882543437,0.00010488695283557562,28,125,0.05848559974621915,0.2306424804940707,True,True,True,3.4485267759697686e-08,COMPLETE
1553,0.420132040977478,2025-04-15 16:54:54.971633,2025-04-15 16:55:05.345559,0 days 00:00:10.373926,0.45662851764621615,0.7401893018350916,16,0.018840861522519597,0.2587049473485173,0.047355410172449465,0.0376665408078091,0.09015303384936767,0.05478465712020448,0.00016325569955707382,30,133,0.055619196607386706,0.22569467711260738,True,True,True,2.8825745116466138e-08,COMPLETE
1554,0.42999159097671513,2025-04-15 16:55:05.850591,2025-04-15 16:55:15.679348,0 days 00:00:09.828757,0.48028585522440886,0.7830246685570044,16,0.02793421625511235,0.1734196009131524,0.09398049454463774,0.037049539527075806,0.08962242469449898,0.05453871011138253,0.00014015132149103158,27,129,0.06211599049703968,0.21514781469923108,True,True,True,4.1971469525701066e-08,COMPLETE
1555,0.4009772419929505,2025-04-15 16:55:16.183179,2025-04-15 16:55:25.967672,0 days 00:00:09.784493,0.5134969543286637,0.7594057555603482,16,0.03868788980454946,0.17747162519211537,0.0967572581422969,0.04084259481979405,0.09406815644634912,0.05549111920312104,0.00013837654599488782,27,125,0.06527865764426811,0.22887193312995596,True,True,True,6.488577017076838e-08,COMPLETE
1556,0.42228780984878544,2025-04-15 16:55:26.493382,2025-04-15 16:55:36.080675,0 days 00:00:09.587293,0.4875384467906363,0.7449629309277347,16,0.030687411615327304,0.17549297517732224,0.09994327957205663,0.03921531448370494,0.0913708770462791,0.05030624252163618,0.00014873410190749004,26,122,0.06515269977136567,0.2464350054734589,True,True,True,4.828391637089311e-08,COMPLETE
1557,0.3712347030639649,2025-04-15 16:55:36.587341,2025-04-15 16:55:46.248460,0 days 00:00:09.661119,0.5207317092908624,0.7760097288291422,16,0.04578602504432781,0.1774790630355111,0.0950300263565559,0.038083513888143045,0.09443832622613382,0.05316535235670991,0.00014365729969690339,26,126,0.06352854105932267,0.2217102339323863,True,True,True,4.039569775945745e-08,COMPLETE
1558,0.35892248153686523,2025-04-15 16:55:46.753446,2025-04-15 16:55:56.567194,0 days 00:00:09.813748,0.1937235642895555,0.7206359217279612,16,0.0358293528244288,0.17193934559529347,0.09814683680615473,0.03698479442044437,0.09250542857860626,0.05148904287568265,0.0001459469105774303,27,129,0.06637816213496761,0.21666763334758712,True,True,True,4.3628441441565346e-08,COMPLETE
1559,0.3171670794487,2025-04-15 16:55:57.096180,2025-04-15 16:56:19.339128,0 days 00:00:22.242948,0.4762490361774083,0.7574402797358256,2,0.027745525991796204,0.16633602912728918,0.09651686410364183,0.041516422948281936,0.09007671013547866,0.05556720898441171,0.00011743349562725674,27,129,0.06312900592125924,0.29896070586080775,True,True,True,6.13292176345194e-08,COMPLETE
1560,0.37411758899688724,2025-04-15 16:56:19.846218,2025-04-15 16:56:29.854232,0 days 00:00:10.008014,0.5013921606460935,0.7792691502649234,16,0.04043155697894137,0.17413158689251995,0.09475168909347917,0.03988530445045528,0.091471713635805,0.048828705607698086,0.00016961976368852665,28,129,0.06785780130901253,0.21632360398509728,True,True,True,5.28430632277805e-08,COMPLETE
1561,0.2048193633556366,2025-04-15 16:56:30.361222,2025-04-15 16:56:39.727811,0 days 00:00:09.366589,0.4764242704707973,0.7407695056632662,16,0.2714553656485329,0.17852110150444855,0.09693197615450458,0.03708761879898277,0.08967131782030321,0.053773051334390615,0.00016467883780890008,26,117,0.06210676634928132,0.22238623156350376,True,True,True,3.623520038630237e-08,COMPLETE
1562,0.40928335189819337,2025-04-15 16:56:40.266268,2025-04-15 16:56:49.969200,0 days 00:00:09.702932,0.49895965279773274,0.7654941387044502,16,0.029895593528768392,0.1667913572999936,0.0998914806366617,0.039438519289193646,0.09272080682917495,0.05473811345135243,0.0001620543233397123,27,122,0.06800593422998776,0.2145030337829043,True,True,True,2.9033505899235983e-08,COMPLETE
1563,0.41474950313568115,2025-04-15 16:56:50.483503,2025-04-15 16:57:00.288618,0 days 00:00:09.805115,0.5255129661350135,0.7967917829432766,16,0.033251295975077574,0.18175541754846786,0.09371174057690777,0.03637626324380955,0.08842536225176811,0.05302779563259062,0.00012694932953834687,27,128,0.06424805754428495,0.22613417927451632,True,True,True,7.991927905177216e-08,COMPLETE
1564,0.42531696557998655,2025-04-15 16:57:00.795617,2025-04-15 16:57:10.578851,0 days 00:00:09.783234,0.4830241935107742,0.7798888645830712,16,0.027155629231766107,0.1703923794984819,0.09821581493410088,0.03811956609566835,0.09485214443933844,0.05750657322415109,0.0001678243688248878,27,125,0.06280894341731949,0.23519691449290617,True,True,True,4.600861524550931e-08,COMPLETE
1565,0.39603060483932495,2025-04-15 16:57:11.107255,2025-04-15 16:57:20.944347,0 days 00:00:09.837092,0.4657273583852072,0.7527485450030125,16,0.0359054988649883,0.1626044281993405,0.09539197325016494,0.04161792050228465,0.08961624386948552,0.05666380017872071,0.00012500205055763033,27,130,0.06140927463804377,0.21368764956834058,True,True,True,3.6320578853912154e-08,COMPLETE
1566,0.4262122750282288,2025-04-15 16:57:21.455367,2025-04-15 16:57:31.519242,0 days 00:00:10.063875,0.49930696844604616,0.803061841726644,16,0.025547378379589123,0.17124976955690757,0.0980927322778157,0.036051908590691364,0.09138417546761754,0.05071116776080725,0.0001309434270316788,28,132,0.06540565122570649,0.21671913018076427,True,True,True,3.1067902134636263e-08,COMPLETE
1567,0.2884932637214661,2025-04-15 16:57:32.029513,2025-04-15 16:57:41.724304,0 days 00:00:09.694791,0.46030477688676585,0.7218998239492006,16,0.059750654120738614,0.16418131641936742,0.09391780629770378,0.0384051748424136,0.08873861304445886,0.05232962252123911,0.00011107212767042711,26,127,0.061348325333750474,0.22151846849105675,True,True,True,5.5961120422043396e-08,COMPLETE
1568,0.24081845283508302,2025-04-15 16:57:42.256056,2025-04-15 16:57:52.134639,0 days 00:00:09.878583,0.5212509426734713,0.7687555598508043,16,0.04256678228006669,0.17616023208976428,0.09637696517300423,0.036375148813606775,0.09234205551043158,0.0539857157798799,0.0001687531733878034,28,130,0.06385090277198538,0.20879040188180972,True,True,False,4.045622551609391e-08,COMPLETE
1569,0.4198582410812378,2025-04-15 16:57:52.649277,2025-04-15 16:58:02.748693,0 days 00:00:10.099416,0.48228606720529993,0.8258241618062473,16,0.029504039409938645,0.16225869779043947,0.09995385717329727,0.035217054947633816,0.08986208001245782,0.05705025141725302,0.00014301959435034247,28,132,0.06064962719828375,0.23061036652295436,True,True,True,2.6625739658158066e-08,COMPLETE
1570,0.29628608226776126,2025-04-15 16:58:03.258524,2025-04-15 16:58:12.747340,0 days 00:00:09.488816,0.5094506778753606,0.16408244233632535,16,0.023794418770912183,0.16894757515795683,0.09402169104658774,0.03941868563670667,0.08814588301144122,0.055703935160367986,0.00011456882114901175,26,123,0.06281191082672798,0.01952171998152391,True,True,True,3.507409312862498e-08,COMPLETE
1571,0.2048193633556366,2025-04-15 16:58:13.278919,2025-04-15 16:58:23.101850,0 days 00:00:09.822931,0.4776364830070135,0.47158724545573183,16,0.03507875424292592,0.1811473551779593,0.09668163879937237,0.03631502453907167,0.03943519139295913,0.05386705219633728,0.009107859809502775,27,127,0.0604039998590796,0.21097421141881884,True,True,True,4.8070848748703525e-08,COMPLETE
1572,0.34457211494445805,2025-04-15 16:58:23.610124,2025-04-15 16:58:33.395168,0 days 00:00:09.785044,0.46054467923580283,0.7865640313492087,16,0.02878520128639831,0.28961067935689144,0.09806589868970127,0.03475529909983916,0.09061872585410972,0.07694202248405528,0.0001090419746340127,28,119,0.03416208359993929,0.21808975705796,True,True,True,6.549557314148966e-08,COMPLETE
1573,0.34498867988586424,2025-04-15 16:58:33.905148,2025-04-15 16:58:43.490044,0 days 00:00:09.584896,0.494888161396054,0.7462124523557141,16,0.04927583507787671,0.2994858546839788,0.09541004386299323,0.037487025679667635,0.09321351632821724,0.048987093342970474,0.0001662267026554357,25,132,0.06664025694411004,0.2067952223654969,True,True,True,2.3774696985109487e-08,COMPLETE
1574,0.42445900440216067,2025-04-15 16:58:44.018919,2025-04-15 16:58:50.554757,0 days 00:00:06.535838,0.44979980165377564,0.7641304981699661,16,0.022836886766079825,0.17358431309405892,0.0927011070740559,0.03485081995389005,0.08848710910053374,0.05824015460805162,0.00013659084910022903,5,134,0.06288211387526674,0.2114459201802786,True,True,True,2.8884692754101304e-08,COMPLETE
1575,0.3855952262878418,2025-04-15 16:58:51.062479,2025-04-15 16:59:00.827344,0 days 00:00:09.764865,0.5161083446776996,0.8029411257125559,16,0.03774083904159406,0.21698975272439258,0.0980520583219496,0.039028084686036926,0.09515086698122188,0.055076826005545934,9.455881615162298e-05,27,127,0.059789882624230906,0.2212785614477087,True,True,True,4.0139473210623174e-08,COMPLETE
1576,0.4156757593154907,2025-04-15 16:59:01.335115,2025-04-15 16:59:11.432198,0 days 00:00:10.097083,0.48062459954629455,0.7801362818969005,16,0.03179683148708605,0.16091363068339348,0.09524922700304744,0.04072705371606019,0.08756977037063983,0.05837991044211674,0.00016989695285592017,28,134,0.061670499278793534,0.20574210141284371,True,True,True,2.848557190141027e-08,COMPLETE
1577,0.2048193633556366,2025-04-15 16:59:11.962824,2025-04-15 16:59:21.927109,0 days 00:00:09.964285,0.4973100694149677,0.8391723989035564,16,0.14466026253071296,0.16524740520501463,0.09338980782200146,0.03682886223993066,0.09131332396393324,0.05667596729234913,0.00011905313487116206,28,131,0.07202913477037787,0.2140765785872894,True,True,True,3.676720697812458e-08,COMPLETE
1578,0.4203802108764649,2025-04-15 16:59:22.438147,2025-04-15 16:59:32.414539,0 days 00:00:09.976392,0.4642668517888729,0.7280239175209495,16,0.016877493829881938,0.18152524110062485,0.09997004825426348,0.03438289366450375,0.08890334049710967,0.051649320950899344,9.440745887367218e-05,28,129,0.06507326420976967,0.22507908214948377,True,True,True,5.1248907415783365e-08,COMPLETE
1579,0.42803065776824956,2025-04-15 16:59:32.926666,2025-04-15 16:59:42.961101,0 days 00:00:10.034435,0.44574807597338867,0.8137769594779489,16,0.02352886979066305,0.15779539921922286,0.0907702596396071,0.012332504695136847,0.0868121618912079,0.05814783466435638,0.00013655422460494317,27,134,0.05920527777362969,0.20402174499554965,True,True,True,2.5385136182715557e-08,COMPLETE
1580,0.42214511632919316,2025-04-15 16:59:43.491710,2025-04-15 17:00:07.291277,0 days 00:00:23.799567,0.5256591364666299,0.7558484634878059,2,0.031156422963883955,0.10947611006785546,0.096954558365791,0.014933464588856738,0.09025029551863278,0.0559957034535074,0.00010192259850934509,29,132,0.05703162425486481,0.2151700773852364,True,True,True,3.328252241656501e-08,COMPLETE
1581,0.35150554180145266,2025-04-15 17:00:07.803356,2025-04-15 17:00:17.707230,0 days 00:00:09.903874,0.4765817349922107,0.7865302459969638,16,0.04243939028519127,0.17276714017958641,0.09584519443532209,0.042107577169069585,0.09281565547555938,0.07301330001565837,0.00016677412446125027,28,126,0.06047220479792639,0.20847746787567692,True,True,True,6.75078110427556e-08,COMPLETE
1582,0.27532719373703,2025-04-15 17:00:18.223244,2025-04-15 17:00:28.470426,0 days 00:00:10.247182,0.5012026937265674,0.7399246451012634,16,0.01853363082344652,0.1670959872462714,0.09820214092649089,0.03761593477584873,0.08735456666587181,0.059676668072972526,0.03033501008348782,29,135,0.06405859263605766,0.21737945906484238,True,True,True,4.4706124854148504e-08,COMPLETE
1583,0.4251751422882081,2025-04-15 17:00:28.997528,2025-04-15 17:00:39.104714,0 days 00:00:10.107186,0.44753839168229165,0.772294862902094,16,0.013254879114386367,0.1602394224727446,0.09196555040236064,0.035199470633691825,0.08932966846365083,0.05453888418042855,8.543186405617111e-05,28,129,0.06124679574613667,0.20246442277347856,True,True,True,2.3335671668030516e-08,COMPLETE
1584,0.42181167602539066,2025-04-15 17:00:39.613789,2025-04-15 17:00:49.396742,0 days 00:00:09.782953,0.5244313492148192,0.7986982552603575,16,0.02557802182645621,0.17533878877411185,0.09405542929602961,0.034064763356305844,0.08622260499732981,0.05261699667661864,0.00011985237072976475,26,134,0.05840754420136131,0.20944171626646496,True,True,True,3.169877141805438e-08,COMPLETE
1585,0.3861169576644897,2025-04-15 17:00:49.912533,2025-04-15 17:00:59.942104,0 days 00:00:10.029571,0.4685089759954991,0.8342407318907314,16,0.035589632554866406,0.16855562290357617,0.09805659046925459,0.03634913617586073,0.09105622905867207,0.053860363632137344,0.00015053382550429988,29,125,0.062340793280331964,0.2233508593547121,True,True,True,2.27621535763946e-08,COMPLETE
1586,0.2048193633556366,2025-04-15 17:01:00.472379,2025-04-15 17:01:10.242221,0 days 00:00:09.769842,0.4884899156390756,0.33496550180995494,16,0.02911381821133605,0.15460435912923126,0.0961668193383573,0.03979515918454228,0.08873965865694869,0.05739457261115398,0.054215221605879826,27,131,0.05736057553470491,0.22990693895162717,True,True,False,5.2319756124461264e-08,COMPLETE
1587,0.41273763179779055,2025-04-15 17:01:10.756680,2025-04-15 17:01:21.087708,0 days 00:00:10.331028,0.5035759219771363,0.7587523372762653,16,0.022577745156439573,0.18276648944272103,0.0939725160315441,0.037952473951650696,0.08615182804076373,0.05126994029243199,0.00010437837506861482,29,136,0.06866490148215199,0.21394864429918886,True,True,True,3.786230302265415e-08,COMPLETE
1588,0.3878864765167236,2025-04-15 17:01:21.626888,2025-04-15 17:01:31.589226,0 days 00:00:09.962338,0.45619883515277604,0.7846558029443753,16,0.03844676276908252,0.16348581584218516,0.02009634823348143,0.03399649376584503,0.09454024696041213,0.059676777833866025,7.97492928398278e-05,28,128,0.054325636680089516,0.1998313785294463,True,True,True,2.8050558429960425e-08,COMPLETE
1589,0.4238398909568787,2025-04-15 17:01:32.113606,2025-04-15 17:01:42.189464,0 days 00:00:10.075858,0.4802237270742711,0.7243425533887159,16,0.01867008147775455,0.17675555129246437,0.08997030395666487,0.036103408619556826,0.08778092990432679,0.05660171870242939,0.00013352715087708352,29,124,0.059777872372173586,0.2069043944003477,True,True,True,4.308573946790299e-08,COMPLETE
1590,0.42260365486145024,2025-04-15 17:01:42.706503,2025-04-15 17:01:52.869829,0 days 00:00:10.163326,0.5248396497632686,0.8021377138903519,16,0.02932898848188551,0.1453877496650718,0.09650791346875837,0.033006342527378586,0.08494974094190891,0.049427624616247647,0.00011078549217800203,28,136,0.06590330773473624,0.21275148518160436,True,True,True,3.517854867087524e-08,COMPLETE
1591,0.2831087946891785,2025-04-15 17:01:53.410541,2025-04-15 17:02:03.352691,0 days 00:00:09.942150,0.44360440588784733,0.7434472685809295,16,0.014052224649632622,0.1585212015248676,0.04294767008512152,0.0344376541728062,0.09129739402245235,0.05497787922822819,0.0001659663512719186,27,131,0.06382370136941917,0.21874444831446357,True,True,True,2.09653488068661e-08,COMPLETE
1592,0.39950459003448485,2025-04-15 17:02:03.878277,2025-04-15 17:02:14.159544,0 days 00:00:10.281267,0.4971507566121738,0.8167711015474648,16,0.03371385113172558,0.15205985226283844,0.09227098678139552,0.03846629410058346,0.08950651448433047,0.06028934642164982,8.829234958940208e-05,29,132,0.06194382850980897,0.2031206767212462,True,True,True,7.141977088683555e-08,COMPLETE
1593,0.4277023673057556,2025-04-15 17:02:14.678936,2025-04-15 17:02:24.904218,0 days 00:00:10.225282,0.46830835156966893,0.7689610383919272,16,0.023348240659523286,0.1686912869777402,0.09823932788993234,0.03263005946457305,0.08609854412297069,0.05898029780035167,0.00014175501556104356,28,136,0.059135410142034536,0.20864162342568818,True,True,True,2.7766621534203084e-08,COMPLETE
