number,value,datetime_start,datetime_complete,duration,params_alpha-eval,params_alpha-train,params_batch-size,params_eps-eval,params_eps-train,params_lambda-actions-eval,params_lambda-actions-train,params_lambda-frames-eval,params_lambda-frames-train,params_learning-rate,params_n-epochs,params_n-frames,params_radius-gw,params_rho,params_std-feats,params_ub-actions,params_ub-frames,params_weight-decay,state
1935,0.40751770734786985,2025-04-15 18:07:11.316866,2025-04-15 18:07:35.519021,0 days 00:00:24.202155,0.4909460661339451,0.7789046074894322,2,0.035996693332904416,0.14553889593805935,0.09189729167710087,0.033891725506010904,0.089609984332669,0.05795500190113737,0.00010106437118767494,30,134,0.06337740951787633,0.20127596881240012,True,True,True,2.3269352494750778e-08,COMPLETE
1936,0.20783950090408326,2025-04-15 18:07:36.170321,2025-04-15 18:07:46.585025,0 days 00:00:10.414704,0.46346063618611555,0.7581110488590899,16,0.08866507202830454,0.1615479718321929,0.09999488109500124,0.03704807284477672,0.0857615203801782,0.06036730377473996,0.0001454541939796568,28,145,0.05573662900550322,0.22317769894137474,True,True,True,3.0779225204252965e-08,COMPLETE
1937,0.36699843406677246,2025-04-15 18:07:47.219758,2025-04-15 18:07:57.350881,0 days 00:00:10.131123,0.5131146686540814,0.7215303919774831,16,0.04583211583406492,0.16760414508633897,0.0949527825573166,0.04109764032439149,0.0905686711331981,0.055985138018132284,0.00011779468532132161,29,129,0.05953752166465234,0.2109311477867144,True,True,True,2.064113715986569e-08,COMPLETE
1938,0.42468078136444093,2025-04-15 18:07:58.007418,2025-04-15 18:08:08.680933,0 days 00:00:10.673515,0.44175677279819614,0.7943965519900555,16,0.022050788732497054,0.13995063641394312,0.09695770907052875,0.010146376965889943,0.08795797069245703,0.0588197893184335,7.599645299728894e-05,30,138,0.06501808433085177,0.21857672504546127,True,True,True,8.124078367455552e-08,COMPLETE
1939,0.4243678092956543,2025-04-15 18:08:09.311849,2025-04-15 18:08:16.116768,0 days 00:00:06.804919,0.47739791269021586,0.8231426523763548,16,0.009709626216102885,0.1541086771695159,0.09399096604501316,0.031886507257530394,0.09320489229031419,0.05403595413621307,8.61157271628355e-05,6,147,0.06221439117477425,0.20483676041866383,True,True,True,3.387033547265456e-08,COMPLETE
1940,0.42144501209259033,2025-04-15 18:08:16.769696,2025-04-15 18:08:26.708230,0 days 00:00:09.938534,0.5443401236738131,0.7770547649592469,16,0.028604188056253407,0.14886985192116883,0.09798407943937448,0.035061801302390505,0.08537969672632992,0.056733469251927605,0.00017251306662893474,27,132,0.05730668226698273,0.19742364499618564,True,True,True,6.048870670585251e-08,COMPLETE
1941,0.4256869673728943,2025-04-15 18:08:27.337902,2025-04-15 18:08:37.730664,0 days 00:00:10.392762,0.4584027856564707,0.7513266403955267,16,0.015526039617052097,0.1614110053477649,0.09599931520767742,0.038713526890420534,0.08735267947260306,0.06333362327812361,0.00010230125330198913,28,143,0.06052088940259758,0.21356473119169841,True,True,True,4.267691900359222e-08,COMPLETE
1942,0.41673078536987307,2025-04-15 18:08:38.379653,2025-04-15 18:08:48.785137,0 days 00:00:10.405484,0.4107554587792329,0.7068011674413799,16,0.03347706244442434,0.17073152573654476,0.09141079095816744,0.027955524703907476,0.017683753897194197,0.051847076057666815,0.000126440454900555,29,137,0.05824611865620572,0.22409203668697805,True,True,True,1.541407999951515e-08,COMPLETE
1943,0.42672708034515383,2025-04-15 18:08:49.440929,2025-04-15 18:08:59.858060,0 days 00:00:10.417131,0.5035901436973517,0.8060065537641654,16,0.024933213672378194,0.15627892692929995,0.09383735790040218,0.03293962916174676,0.0897940973954176,0.06953222310276025,0.0001439014497533649,28,140,0.06296764230431236,0.20478947074690465,True,True,True,2.5683461574445695e-08,COMPLETE
1944,0.4273715019226074,2025-04-15 18:09:00.485702,2025-04-15 18:09:10.986502,0 days 00:00:10.500800,0.4298063071247842,0.7687836309928286,16,0.02098612107627223,0.16395925795203212,0.09826747692465117,0.0302471477847087,0.08535449766981984,0.06075073803594941,5.517754354113387e-05,30,135,0.06089260698207279,0.2185605634736272,True,True,True,3.2158971133891277e-08,COMPLETE
1945,0.21717900037765503,2025-04-15 18:09:11.639066,2025-04-15 18:09:21.527471,0 days 00:00:09.888405,0.48630480341414445,0.7433271821486717,16,0.04061869552555582,0.1446475221173038,0.08802982811312753,0.03550392861705933,0.09178246524510796,0.05865834424314996,9.867087000001436e-05,27,129,0.05549446119232489,0.210340116639851,True,True,False,4.97108746053085e-08,COMPLETE
1946,0.3233096361160278,2025-04-15 18:09:22.187221,2025-04-15 18:09:32.804264,0 days 00:00:10.617043,0.4655921447204126,0.789879092516029,16,0.03029975379522542,0.15860216917504427,0.09559004628289215,0.036876786918054044,0.09638063928152876,0.05512848042170626,7.235749241799285e-05,29,145,0.030110094147817526,0.24108016191256576,True,True,True,2.0100779011696163e-08,COMPLETE
1947,0.4104577779769898,2025-04-15 18:09:33.439600,2025-04-15 18:09:43.925158,0 days 00:00:10.485558,0.5206052434307299,0.7639101603897127,16,0.0368698160538459,0.1718183202906949,0.09690776910100923,0.033426705393709226,0.08843651824152453,0.061633848945854545,0.00017225216847327452,28,148,0.06559573836461581,0.23095237965517687,True,True,True,3.684653573508708e-08,COMPLETE
1948,0.4255703926086426,2025-04-15 18:09:44.577932,2025-04-15 18:09:54.777943,0 days 00:00:10.200011,0.4442516679433521,0.7811173191876496,16,0.015400407468110739,0.15216813915601624,0.09284359991890026,0.03020968078704032,0.08524869800790497,0.06473605423155815,0.00011664052004933837,29,132,0.059292866007503726,0.1980324920636238,True,True,True,2.534424514721582e-08,COMPLETE
1949,0.42896450757980353,2025-04-15 18:09:55.407050,2025-04-15 18:10:05.754304,0 days 00:00:10.347254,0.4932078172308201,0.8012315877510545,16,0.026727426350207768,0.1655751060460057,0.09841594101635995,0.03869871289145404,0.08702914660853832,0.057399148597099735,8.723597948805161e-05,28,141,0.06188170877781886,0.20781425784021015,True,True,True,6.714555797827977e-08,COMPLETE
1950,0.4251570582389832,2025-04-15 18:10:06.404290,2025-04-15 18:10:16.928804,0 days 00:00:10.524514,0.40595538221321736,0.7334500297021446,16,0.02009484574525633,0.13511592450660528,0.09015371985422797,0.03211935369506817,0.0952902356661322,0.060009326737236864,0.0001280311401142084,30,137,0.05737872675791021,0.2152294442367059,True,True,True,4.430270480758209e-08,COMPLETE
1951,0.3342830896377563,2025-04-15 18:10:17.581265,2025-04-15 18:10:27.642732,0 days 00:00:10.061467,0.4795254321993545,0.8186165756700466,16,0.05019342856770511,0.15854631379935857,0.09489106828485944,0.034398556387273745,0.09074796481635082,0.05304247467840872,0.00015358244559422556,26,143,0.07728459893321382,0.20320092454378538,True,True,True,1.663447523544536e-08,COMPLETE
1952,0.41925028562545774,2025-04-15 18:10:28.286770,2025-04-15 18:10:38.570083,0 days 00:00:10.283313,0.453181915673743,0.7525584057788995,16,0.03240508125908383,0.15118003960802265,0.09673085740116859,0.027836811560508417,0.08869764671583368,0.05637219030769756,0.00010352536216278088,29,133,0.06440634455148225,0.22641414480296448,True,True,True,2.8500651484337237e-08,COMPLETE
1953,0.25632159709930424,2025-04-15 18:10:39.225109,2025-04-15 18:10:49.077492,0 days 00:00:09.852383,0.508359760044998,0.7788895451545845,16,0.010299913663924307,0.1717913085384709,0.0928524325510455,0.036021308138153255,0.09292811486798976,0.06181108239861027,6.464686574231734e-05,27,130,0.025618079169317874,0.22066245059599163,True,True,True,2.1731564302434943e-08,COMPLETE
1954,0.42407108545303346,2025-04-15 18:10:49.739403,2025-04-15 18:11:00.407080,0 days 00:00:10.667677,0.43636988035145946,0.8001545654872354,16,0.02540711025190335,0.1650080953855891,0.09993831298721413,0.03169560625784572,0.08500505338952338,0.059042696518624455,3.907398941415182e-05,29,147,0.05969343873599907,0.19308218146796008,True,True,True,3.706096229484543e-08,COMPLETE
1955,0.4050445318222046,2025-04-15 18:11:01.046450,2025-04-15 18:11:11.351264,0 days 00:00:10.304814,0.5410394754322977,0.7286032748201934,16,0.03939471362572588,0.14232435693775297,0.09459763371915555,0.034635907701141895,0.09000840582078948,0.04988949190897828,8.33488510755829e-05,28,140,0.06176512779480744,0.21161728065216742,True,True,True,5.439339983765165e-08,COMPLETE
1956,0.27163230776786806,2025-04-15 18:11:12.007841,2025-04-15 18:11:36.532653,0 days 00:00:24.524812,0.46950694049959,0.3962047821814175,2,0.029794028004222404,0.1555058199289664,0.09998561225613734,0.04026991378013862,0.08676741509183884,0.05398075301085256,0.0001231374793100953,30,136,0.05710007636347075,0.20158671434380276,True,True,True,3.01414767039047e-08,COMPLETE
1957,0.4096020936965943,2025-04-15 18:11:37.196516,2025-04-15 18:11:45.440088,0 days 00:00:08.243572,0.3889339384581985,0.7614644446025643,16,0.02057519847358231,0.14817001743290947,0.09687136482341349,0.036432614807694254,0.08515399554719005,0.057645198478378304,0.00019014709897749183,29,24,0.06351620684844571,0.2180048787771783,True,True,True,4.265714396538222e-08,COMPLETE
1958,0.3700393557548523,2025-04-15 18:11:46.074928,2025-04-15 18:11:56.525380,0 days 00:00:10.450452,0.41925332213010097,0.8236416960816899,16,0.03444301208041271,0.1594498471245057,0.09153261302955581,0.037641996611458374,0.08877324224186187,0.05546053158459849,0.00014850262087560658,28,144,0.06762306614413063,0.2079764418351958,True,True,True,1.516196786770435e-08,COMPLETE
1959,0.41944136619567873,2025-04-15 18:11:57.190523,2025-04-15 18:12:07.287965,0 days 00:00:10.097442,0.4974061704551219,0.7866575328298522,16,0.02497103736333681,0.16819357241034938,0.09999927422900509,0.029493317468402357,0.045637905362732795,0.06020830432812828,0.00010438691567623933,29,128,0.05921193260006622,0.19756807288104272,True,True,True,2.243293013710162e-08,COMPLETE
1960,0.3586802244186401,2025-04-15 18:12:07.925349,2025-04-15 18:12:18.505286,0 days 00:00:10.579937,0.4604139101569816,0.7042217273962396,16,0.043937040030918265,0.16254465064211426,0.0952490773375558,0.03308818762692559,0.0912398903485755,0.0582272016818908,9.078845164868625e-05,28,150,0.055546963420706794,0.2136691752690265,True,True,True,9.105650732558981e-08,COMPLETE
1961,0.42365928888320925,2025-04-15 18:12:19.167033,2025-04-15 18:12:29.664832,0 days 00:00:10.497799,0.5126301606077066,0.7459917389459693,16,0.013957344147087101,0.1486722979006552,0.09812421859228447,0.031029198506569367,0.08706788546071291,0.06332856588413907,7.203783411911872e-05,30,134,0.06081303306173956,0.22311996526528663,True,True,True,3.333544117941752e-08,COMPLETE
1962,0.421682333946228,2025-04-15 18:12:30.307553,2025-04-15 18:12:40.245969,0 days 00:00:09.938416,0.48170203124026095,0.7724285070812895,16,0.029058711348523322,0.17236073157666945,0.09344897629312345,0.034345233332696394,0.09365582795104324,0.051586984917506476,0.00012180432663510824,26,140,0.058078242941025954,0.2049297220947096,True,True,True,1.8361010672785506e-08,COMPLETE
1963,0.4231236219406128,2025-04-15 18:12:40.900227,2025-04-15 18:12:51.223587,0 days 00:00:10.323360,0.44294968844697313,0.8054658924140905,16,0.019770221975507943,0.15512921168791965,0.09634987325931403,0.04340369960719149,0.08436146819805224,0.06570368021303495,0.00014486877134132223,27,146,0.06320171385854281,0.1909799416866147,True,True,True,2.6171789432083156e-08,COMPLETE
1964,0.2135720729827881,2025-04-15 18:12:51.891845,2025-04-15 18:13:02.164940,0 days 00:00:10.273095,0.42549153313053606,0.7621289214601531,16,0.036208776918884494,0.16594269784709198,0.09034997274441095,0.037616863619111596,0.08890260948227036,0.05652531117361714,0.00011057723913724911,29,137,0.09517256598298217,0.2300209311766791,True,True,False,5.7734752716748336e-08,COMPLETE
1965,0.4283054351806641,2025-04-15 18:13:02.807708,2025-04-15 18:13:13.044518,0 days 00:00:10.236810,0.5248201093288156,0.7868911953728934,16,0.02528660656686574,0.14010608761788015,0.09798112776776603,0.03257399287149967,0.08708007754050075,0.059647129939229084,9.22173455494765e-05,27,143,0.060745544336380075,0.21565655385715196,True,True,True,4.4125389083026297e-08,COMPLETE
1966,0.26045851707458495,2025-04-15 18:13:13.709399,2025-04-15 18:13:23.764282,0 days 00:00:10.054883,0.47319625068538795,0.7317517633041256,16,0.06198477934216665,0.16067766738824193,0.09405325366828929,0.04165461640246608,0.09839404540846515,0.06223314745386439,0.0001739472997785646,28,131,0.059020372739139584,0.20887404574076657,True,True,True,3.3302286826066984e-08,COMPLETE
1967,0.4193177342414856,2025-04-15 18:13:24.427148,2025-04-15 18:13:34.644016,0 days 00:00:10.216868,0.6920150562805688,0.8250042164171911,16,0.0318274703474331,0.17371845064026964,0.09570871266278573,0.029924476035930445,0.08428292546546963,0.054390438753694134,0.00013119770517558375,30,127,0.06213859864397412,0.2009253764540011,True,True,True,7.034348305182569e-08,COMPLETE
1968,0.4199273347854614,2025-04-15 18:13:35.281847,2025-04-15 18:13:45.761208,0 days 00:00:10.479361,0.49249557408110145,0.7535643606909074,16,0.016337044207121808,0.1518588274421666,0.09198293003356305,0.035567706324952646,0.09017022216111807,0.05744833099874438,5.697264313167254e-05,29,140,0.06588036708646726,0.2240247462213988,True,True,True,2.6068303920140377e-08,COMPLETE
1969,0.4196404218673706,2025-04-15 18:13:46.421573,2025-04-15 18:13:56.858425,0 days 00:00:10.436852,0.4492222539660226,0.7737876547508461,16,0.03835506232584066,0.13066119433949153,0.09833168883544731,0.03869730216140891,0.02687616995884705,0.060544780653808666,0.00010576860814372477,28,147,0.05672401557518988,0.19597650603978456,True,True,True,1.9762858529837933e-08,COMPLETE
1970,0.4180938363075256,2025-04-15 18:13:57.499322,2025-04-15 18:14:07.904471,0 days 00:00:10.405149,0.4014368995284301,0.7933990034338142,16,0.023664520613260152,0.1462937786495874,0.09612991003968062,0.02827124000897336,0.09296401338368426,0.05628741923933447,7.142351352008252e-05,29,136,0.06439326120916616,0.21130367481175819,True,True,True,4.151804839960942e-08,COMPLETE
1971,0.4303284645080567,2025-04-15 18:14:08.564783,2025-04-15 18:14:18.940955,0 days 00:00:10.376172,0.4662131157300615,0.8061507380662072,16,0.02854007592636846,0.16593320851382287,0.08862428956815505,0.0335252536296669,0.08634838178762294,0.05940382062354009,0.0001658622644495918,30,132,0.05973725644805091,0.21952904948544427,True,True,True,1.4719875773137059e-08,COMPLETE
1972,0.4245306372642518,2025-04-15 18:14:19.608654,2025-04-15 18:14:29.694794,0 days 00:00:10.086140,0.4381505321464345,0.8412432032579741,16,0.017804426893192317,0.1717236612991831,0.08657079578488203,0.03546575163464578,0.09114794708139667,0.06519730125592772,0.00019009982767089818,28,133,0.0560987062213815,0.2301788131522793,True,True,True,1.4747839778742412e-08,COMPLETE
1973,0.36749246120452883,2025-04-15 18:14:30.336893,2025-04-15 18:14:40.325656,0 days 00:00:09.988763,0.4265778389043717,0.8434945992822027,16,0.012261688866881854,0.17556422146896408,0.08859660135306256,0.039568000130932715,0.08872126109348609,0.062470081309984486,0.0001884679999710503,27,135,0.03688502215221548,0.23614817280891895,True,True,True,1.3367205756469626e-08,COMPLETE
1974,0.3371209502220154,2025-04-15 18:14:40.987759,2025-04-15 18:14:51.380019,0 days 00:00:10.392260,0.451154491038036,0.8233594627364552,16,0.0085411451591333,0.16925745976248985,0.09128679922602853,0.037176106709540906,0.08753976246030717,0.0637445542411476,0.00018318880594935005,29,138,0.07188875023879189,0.22719808394644858,True,True,True,1.3534394512749886e-08,COMPLETE
1975,0.2048193633556366,2025-04-15 18:14:52.023607,2025-04-15 18:15:02.601685,0 days 00:00:10.578078,0.45845074455812745,0.8275981418323712,16,0.023067414024090672,0.11827243739478496,0.08926381806807311,0.034652433399508596,0.0897507926432821,0.06095216313167255,0.00020415803472271737,30,134,0.0017935105448922406,0.2701600515167438,True,True,True,1.4932729802238482e-08,COMPLETE
1976,0.422910213470459,2025-04-15 18:15:03.261197,2025-04-15 18:15:13.498775,0 days 00:00:10.237578,0.4204027695406388,0.8091442289058597,16,0.019784569141035026,0.16604026909401484,0.08788032837446023,0.036903968695232325,0.09206885170603535,0.05970535599757508,0.00016544798340208873,28,138,0.0586580594857635,0.2343296083615275,True,True,True,1.899009960268219e-08,COMPLETE
1977,0.424013614654541,2025-04-15 18:15:14.163483,2025-04-15 18:15:38.126743,0 days 00:00:23.963260,0.46322765472799987,0.8244860607107094,2,0.027077079968555167,0.1745210114593708,0.08866366648225443,0.03395247496722131,0.09611472606827444,0.06232528613751943,0.00016673328544698245,29,142,0.061288232890364704,0.2223569709956621,True,True,True,1.408009579275462e-08,COMPLETE
1978,0.42338471412658696,2025-04-15 18:15:38.770495,2025-04-15 18:15:48.927932,0 days 00:00:10.157437,0.4420258768611201,0.8114492757538969,16,0.01581474979190238,0.16755024954497635,0.08749281096698627,0.03938930561250107,0.08626729627065312,0.05933372787056886,1.2764264322343691e-05,28,135,0.05769168195155491,0.22728465424709776,True,True,True,1.775915373372274e-08,COMPLETE
1979,0.4264816999435425,2025-04-15 18:15:49.596144,2025-04-15 18:15:59.597313,0 days 00:00:10.001169,0.4662543530338459,0.8392286216244971,16,0.02869537871635027,0.174164334853648,0.08746239370940419,0.03236640239834328,0.08819385058145292,0.06131577188423677,0.00015325089020771525,27,132,0.06013089076976988,0.24876912192943787,True,True,True,1.282662777952505e-08,COMPLETE
1980,0.2048193633556366,2025-04-15 18:16:00.236403,2025-04-15 18:16:10.018110,0 days 00:00:09.781707,0.4373259871955394,0.8126124817375571,16,0.2683989960723747,0.16410975431031033,0.0896237407512727,0.036027523381348035,0.09105632420002827,0.06365185302899093,0.00018775314519660875,25,140,0.05456182007677717,0.22054736484608067,True,True,True,1.2771845119849688e-08,COMPLETE
1981,0.42579580545425416,2025-04-15 18:16:10.688306,2025-04-15 18:16:21.324497,0 days 00:00:10.636191,0.4028591698572447,0.8000823561371204,16,0.023746086416811633,0.15688648796637492,0.08718524216725249,0.034299911773424854,0.09420799066732838,0.05949458599401454,0.00019912580074750793,29,145,0.06318588101012541,0.22211332484973179,True,True,True,1.6973204253339082e-08,COMPLETE
1982,0.4176121830940247,2025-04-15 18:16:22.000949,2025-04-15 18:16:32.582681,0 days 00:00:10.581732,0.4711107462272658,0.8307328664652844,16,0.010617472086644923,0.16893862704648288,0.08981204926940634,0.03097559339426807,0.08658328114035277,0.05842988345681254,0.00015651855702321403,30,138,0.05749944584924982,0.23421651582317815,True,True,True,1.435457731317812e-08,COMPLETE
1983,0.4098343014717102,2025-04-15 18:16:33.221402,2025-04-15 18:16:43.783141,0 days 00:00:10.561739,0.4210585620885124,0.8059743314411421,16,0.03127524358323885,0.16158324372351765,0.08641709230836318,0.061922290780177795,0.08900561802826618,0.0682529948671812,0.0001464394558882388,29,143,0.062003559766336605,0.21817542187235428,True,True,True,1.2938011314060472e-08,COMPLETE
1984,0.22529420852661136,2025-04-15 18:16:44.446451,2025-04-15 18:16:54.569940,0 days 00:00:10.123489,0.45491195084518526,0.7906592448430432,16,0.019619708392796472,0.17687591475425757,0.08832602498289917,0.06464228423842493,0.09976069878656066,0.05539103793872459,0.00018915209349914774,28,135,0.05516267643695646,0.24047442366349284,True,True,False,1.810067701691969e-08,COMPLETE
1985,0.42659969329833985,2025-04-15 18:16:55.242788,2025-04-15 18:17:06.203467,0 days 00:00:10.960679,0.477994843602089,0.8083219842497897,16,0.026855524755717355,0.1678099629471732,0.08760045510652682,0.04135688135958434,0.0849352789802693,0.06107308261366367,0.00014132802998506838,30,150,0.05911558110826451,0.2267046280066259,True,True,True,1.5543648099248644e-08,COMPLETE
1986,0.3824004888534546,2025-04-15 18:17:06.845455,2025-04-15 18:17:17.070618,0 days 00:00:10.225163,0.4457373060040838,0.7939410534860808,16,0.03589219817413172,0.1384945943950188,0.0906084202982603,0.0671809010356049,0.08401031538804778,0.06638377694176568,0.00020001320924604285,29,131,0.06623693564009471,0.21753105977849543,True,True,True,1.2892112488912195e-08,COMPLETE
1987,0.42607342004776005,2025-04-15 18:17:17.736311,2025-04-15 18:17:25.433026,0 days 00:00:07.696715,0.38795073652657336,0.8265831882045138,16,0.02096569438446826,0.1565436378259447,0.08918390113725252,0.03757238482984194,0.08999831125323833,0.05263176351831244,0.00014495589330106097,12,140,0.06125668245896987,0.22027114636643128,True,True,True,1.7680419366192766e-08,COMPLETE
1988,0.4111844182014466,2025-04-15 18:17:26.109074,2025-04-15 18:17:36.212448,0 days 00:00:10.103374,0.42509675615028714,0.7884728348896386,16,0.031724846378896845,0.1631595618307528,0.09021587096633348,0.033690350382516776,0.08722123682715577,0.04785546225559077,0.00016403295619113887,27,136,0.06378850815122017,0.22848398982515014,True,True,True,6.157048332767691e-08,COMPLETE
1989,0.42432742118835454,2025-04-15 18:17:36.856684,2025-04-15 18:17:47.328277,0 days 00:00:10.471593,0.4589255685906117,0.8389968029143531,16,0.016206910462867645,0.17324555601991237,0.0868036735323434,0.027479530015475453,0.09221752405241854,0.05816306091929814,0.00013129145760817367,28,146,0.058682782255883796,0.21609299299224888,True,True,True,1.9376119658537636e-08,COMPLETE
1990,0.42181124687194826,2025-04-15 18:17:47.994346,2025-04-15 18:17:57.757643,0 days 00:00:09.763297,0.4792844426301201,0.8066563211961186,16,0.025418981357432632,0.15172330075745458,0.08995844043427877,0.03529902318694863,0.08791606420391906,0.06150489020041375,0.00016365599515220187,26,132,0.05666795716448682,0.2228199403472677,True,True,True,8.516866092066656e-08,COMPLETE
1991,0.3826269268989563,2025-04-15 18:17:58.427196,2025-04-15 18:18:08.909834,0 days 00:00:10.482638,0.4075315036147347,0.7813201078764337,16,0.03568087550961959,0.1444195873431029,0.09128626849047325,0.030595484780842532,0.08599165758974744,0.055880646233296596,0.0001275167810834405,29,142,0.06098659899947037,0.21408119782537663,True,True,True,4.93950828194724e-08,COMPLETE
