number,value,datetime_start,datetime_complete,duration,params_alpha-eval,params_alpha-train,params_batch-size,params_eps-eval,params_eps-train,params_lambda-actions-eval,params_lambda-actions-train,params_lambda-frames-eval,params_lambda-frames-train,params_learning-rate,params_n-epochs,params_n-frames,params_radius-gw,params_rho,params_std-feats,params_ub-actions,params_ub-frames,params_weight-decay,state
854,0.1963830590248108,2025-04-15 15:01:35.952312,2025-04-15 15:01:43.742300,0 days 00:00:07.789988,0.2781244092091578,0.30767761840197727,16,0.17703300899715818,0.05940913140022396,0.08683279183396507,0.054053868458339205,0.08769514306037335,0.07187437797431058,0.0001267892184440636,23,42,0.051354555982908945,0.14511797119820224,True,True,True,5.961861776510547e-07,COMPLETE
855,0.25447710752487185,2025-04-15 15:01:44.025010,2025-04-15 15:01:51.490568,0 days 00:00:07.465558,0.37490509784895854,0.41391947635883003,16,0.00976901918671762,0.04169978266276897,0.08973960180657964,0.04468430977688551,0.0848202171451505,0.09079009532128689,0.00024746757398992495,19,53,0.053847180385175004,0.107838645194305,True,True,True,1.4324783007914245e-07,COMPLETE
856,0.4076905846595764,2025-04-15 15:01:51.760943,2025-04-15 15:01:59.325357,0 days 00:00:07.564414,0.332454638017372,0.8617110472067788,16,0.01649825873528221,0.032496902614256966,0.06392960026013655,0.04195626762287628,0.09275123143453616,0.08560366447344189,0.0001951689730891747,20,58,0.048085145087938985,0.13825215880328665,True,True,True,2.696070865696533e-07,COMPLETE
857,0.3204325914382935,2025-04-15 15:01:59.607109,2025-04-15 15:02:07.214947,0 days 00:00:07.607838,0.3521722000479907,0.8925413873539388,16,0.02529242925807171,0.02324269229213705,0.09619502800995815,0.050757262747455026,0.08941331273628145,0.0870796622531569,0.00010395782317208256,21,48,0.055846869302105216,0.09607499870366673,True,True,True,4.5770529782065473e-07,COMPLETE
858,0.2616602718830109,2025-04-15 15:02:07.499524,2025-04-15 15:02:15.324400,0 days 00:00:07.824876,0.2989200450916666,0.9197306852398711,16,0.005961456299420229,0.05489089406717144,0.06731989324716572,0.04819169080948257,0.030109862423522177,0.09257950942873289,5.8464469128779966e-05,23,56,0.046221468574479715,0.12581371425912707,True,True,False,1.3294411238377163e-06,COMPLETE
859,0.2350545644760132,2025-04-15 15:02:15.594168,2025-04-15 15:02:22.974631,0 days 00:00:07.380463,0.21139481253212836,0.8351541789616552,16,0.01191440548701726,0.04843517046838029,0.07139955886749097,0.05277826899042741,0.0953734794996061,0.08941603559884827,0.00013688225900796187,20,33,0.05062868386247321,0.005243563956444874,True,True,True,3.764089183082557e-07,COMPLETE
860,0.22986855506896975,2025-04-15 15:02:23.259125,2025-04-15 15:02:30.699368,0 days 00:00:07.440243,0.26406050733841374,0.8754474599829223,16,0.030458731032924128,0.06953766948951581,0.05122137548488676,0.038430240786901985,0.0866816672345042,0.08414538158832624,0.00024235529250795344,19,51,0.053044109121120356,0.03399620093707523,True,True,True,2.2061575043143744e-07,COMPLETE
861,0.39906061887741096,2025-04-15 15:02:30.983267,2025-04-15 15:02:38.665101,0 days 00:00:07.681834,0.32257986255805693,0.9372674289958713,16,0.019119096317201732,0.02821397963037164,0.08444276635008935,0.055546041902852526,0.08170762823992872,0.09087905393585424,0.00017974127872934407,22,45,0.04316719679629745,0.15011592123945783,True,True,True,1.1180188826348293e-07,COMPLETE
862,0.23551967740058902,2025-04-15 15:02:38.936347,2025-04-15 15:02:46.470935,0 days 00:00:07.534588,0.38188474530710986,0.26219886157136957,16,0.009865604931311925,0.03724455806490797,0.07984903774637239,0.04625987698833423,0.09406078316671453,0.09496250377400307,0.00015791440268372067,20,54,0.05009350198431405,0.14377454383289434,True,True,True,8.810037400586771e-08,COMPLETE
863,0.4166051030158997,2025-04-15 15:02:46.753401,2025-04-15 15:02:54.303051,0 days 00:00:07.549650,0.3579366064728391,0.8983279921967914,16,0.021616607521684636,0.059607259932842535,0.027267401210764625,0.04340013460939517,0.0894560183960589,0.09828241009941487,0.0002670494309961358,21,39,0.05426881416850573,0.11825024778122686,True,True,True,8.05503439002214e-07,COMPLETE
864,0.2487128734588623,2025-04-15 15:02:54.589191,2025-04-15 15:03:02.616369,0 days 00:00:08.027178,0.30041683957251686,0.49119589025181803,16,0.006072823119075393,0.0442404039178595,0.09359290303842069,0.048396148684288896,0.09727845106854514,0.08732264390065626,0.00021982933743234256,23,60,0.05594059965318187,0.13210243107460098,True,True,True,5.513411794242449e-07,COMPLETE
865,0.34150798320770265,2025-04-15 15:03:02.902503,2025-04-15 15:03:10.386589,0 days 00:00:07.484086,0.33890678634909216,0.9135697755976051,16,0.00036916986365375434,0.050643938650873715,0.08893751210699996,0.051396752382097316,0.09265418144919077,0.08561597408457848,0.00017821800159922453,19,59,0.05235840888189879,0.16084603553231705,True,True,True,3.0510177306331076e-07,COMPLETE
866,0.40779128074646,2025-04-15 15:03:10.661785,2025-04-15 15:03:18.450779,0 days 00:00:07.788994,0.4012936769470108,0.8524931517108413,16,0.016260489323901117,0.03621820149937372,0.09085129829418034,0.05785010855073272,0.08483513139282188,0.09339952821582131,0.00025117422607234325,22,55,0.048197356327534885,0.1552818415059868,True,True,True,1.625784671668198e-07,COMPLETE
867,0.20710924863815308,2025-04-15 15:03:18.733428,2025-04-15 15:03:26.358415,0 days 00:00:07.624987,0.3179018865279311,0.16850812994241912,16,0.02791662322723166,0.05523468804128253,0.0951062214658948,0.052889315235065334,0.012215575836066583,0.08912860955002774,0.00013834305955709016,21,48,0.0550503867860891,0.13751652828038138,True,True,True,3.973064970285974e-07,COMPLETE
868,0.42516287565231325,2025-04-15 15:03:26.648465,2025-04-15 15:03:34.155004,0 days 00:00:07.506539,0.2853864049980574,0.8806922966233993,16,0.013364014736031112,0.06399011131028692,0.08709449787125689,0.04966200955684107,0.09127829146158813,0.08324341744666866,0.0001971375565296003,20,43,0.051400414307625555,0.14852249104413956,True,True,True,0.0006697425248921032,COMPLETE
869,0.36729615926742554,2025-04-15 15:03:34.426459,2025-04-15 15:03:41.947726,0 days 00:00:07.521267,0.261316700493918,0.8716488937752458,16,0.022671971179660858,0.04298695306561509,0.0862522097676529,0.05072847862263645,0.0882326569710912,0.08314476030498316,0.00021072912186546427,20,42,0.04961788155791768,0.1533257818109552,True,True,True,0.0007714113247727997,COMPLETE
870,0.24939203262329102,2025-04-15 15:03:42.236008,2025-04-15 15:03:49.635060,0 days 00:00:07.399052,0.24268254381467425,0.9358195535565783,16,0.028808890951889193,0.02900412377742731,0.08401543142983288,0.055135129251084554,0.09041572311971122,0.0753881750307855,0.0002590190142864434,20,36,0.05150633812844524,0.1480394474262892,True,True,True,1.9870298020422137e-07,COMPLETE
871,0.39820890426635747,2025-04-15 15:03:49.921186,2025-04-15 15:03:57.385941,0 days 00:00:07.464755,0.27574291438024,0.9003365829330338,16,0.01574926710868106,0.21522477985567318,0.08236285349743065,0.05347463978816994,0.08638410232177125,0.09122709489382443,0.0002865596429791013,20,41,0.04558210978448056,0.15962278806338137,True,True,True,0.0006778615351946751,COMPLETE
872,0.3964232444763184,2025-04-15 15:03:57.675714,2025-04-15 15:04:05.085321,0 days 00:00:07.409607,0.2582803398398876,0.8530402220068954,16,0.02291021956105189,0.01935567224288403,0.087070998883185,0.04901104442907544,0.07991382571866132,0.08258013103029677,0.0005471879597577525,19,44,0.049714623025301725,0.1492919915981462,True,True,True,2.2906759962117685e-07,COMPLETE
873,0.2759803891181946,2025-04-15 15:04:05.358635,2025-04-15 15:04:12.844180,0 days 00:00:07.485545,0.29413910103108487,0.8178729150737547,16,0.006023597774437378,0.06311677730918958,0.08489834077215275,0.05174815135579508,0.08310942558211275,0.09627831247383287,0.00021879544177839187,20,41,0.05222065759738008,0.15782415865692037,True,True,True,0.0008221617698046549,COMPLETE
874,0.4003724455833435,2025-04-15 15:04:13.131722,2025-04-15 15:04:20.669599,0 days 00:00:07.537877,0.2875950963673698,0.917659759352053,16,0.01615663708368486,0.048165621650840304,0.0731974011933269,0.05010018545738263,0.0883824207689072,0.08793878210400656,0.00031093425374184596,21,39,0.047548825414818766,0.15220782818732442,True,True,True,0.0006812694419113602,COMPLETE
875,0.26405153274536136,2025-04-15 15:04:20.957105,2025-04-15 15:04:28.335944,0 days 00:00:07.378839,0.23790459976032766,0.8862006351490178,16,0.030270112861742658,0.033066264477671886,0.08775662900258394,0.06027402682937327,0.09023703346619183,0.09257661628915227,0.0004303414675313591,19,45,0.05130016973428537,0.14372059346892999,True,True,True,0.0006167379087728507,COMPLETE
876,0.27827469110488895,2025-04-15 15:04:28.630689,2025-04-15 15:04:36.139201,0 days 00:00:07.508512,0.2734731098963104,0.7883320089719088,16,0.00011445419280717468,0.05405096243548255,0.08531632204325727,0.056409016533495074,0.09096385413391106,0.08633477063066326,0.00019984621608024975,20,43,0.05339463912802008,0.1621192737567948,True,True,True,0.000553267482924791,COMPLETE
877,0.30406903028488164,2025-04-15 15:04:36.418918,2025-04-15 15:04:43.918193,0 days 00:00:07.499275,0.28575532484440624,0.9404771462142438,16,0.011011692185180721,0.023301168012021662,0.08198184948051146,0.05335600349173258,0.08666129785046223,0.08898398343875914,0.0002669944878078156,21,39,0.04860875128350673,0.14741850396469391,True,True,False,0.0006762909057591273,COMPLETE
878,0.2048193633556366,2025-04-15 15:04:44.211731,2025-04-15 15:04:51.428078,0 days 00:00:07.216347,0.3080531598010185,0.6790185065786092,16,0.14927055569255782,0.04006144150020363,0.08792827787827727,0.03603374960416332,0.09199673190125823,0.09439788037663809,0.0005161278026753204,19,30,0.05355320866488078,0.10387201672726533,True,True,True,0.0005735116294617893,COMPLETE
879,0.36193298101425175,2025-04-15 15:04:51.719181,2025-04-15 15:04:59.112420,0 days 00:00:07.393239,0.25317801118299654,0.8731033816617559,16,0.019640770302451094,0.058832414641294406,0.030960181804769192,0.04846463087976629,0.08431946929903522,0.09049506642260112,0.0003330333722195549,20,36,0.05200703468511792,0.15464713699258012,True,True,True,0.000956040335767142,COMPLETE
880,0.3630603075027466,2025-04-15 15:04:59.389137,2025-04-15 15:05:06.975863,0 days 00:00:07.586726,0.3083338397619568,0.9054150737193211,16,0.023737497114884664,0.04692993557632851,0.08903804249312229,0.051207044419439546,0.08805600464481377,0.08682822052991596,0.0002273902506863772,21,47,0.050005183747931975,0.14250716671275077,True,True,True,9.46450536640639e-06,COMPLETE
881,0.40308992862701415,2025-04-15 15:05:07.265164,2025-04-15 15:05:14.681884,0 days 00:00:07.416720,0.28406439419814217,0.9247585218503809,16,0.011848971114567577,0.06797265865279889,0.08591150692546363,0.055425142465942843,0.08208653573191368,0.09208993889607302,0.0001883247508833499,19,44,0.046289288034139446,0.11191593990477755,True,True,True,2.435221310270695e-07,COMPLETE
882,0.275752329826355,2025-04-15 15:05:14.974610,2025-04-15 15:05:22.675842,0 days 00:00:07.701232,0.4171268669566314,0.8973339152248762,16,0.006081976787014804,0.02843972034773334,0.09014253389180332,0.05005176461851906,0.0894482603067031,0.08159860362564009,0.00040640674718859577,22,47,0.048791039870430056,0.14875634131447055,True,True,True,0.0009500573962158441,COMPLETE
883,0.4250017762184143,2025-04-15 15:05:22.967605,2025-04-15 15:05:30.410210,0 days 00:00:07.442605,0.3216550112570852,0.8499683551102138,16,0.016946208848331305,0.040635330478334016,0.08377485860602377,0.0037086163198696565,0.09468947148584798,0.042202299803741725,0.0002894479785488549,20,42,0.05429036895001547,0.16085614005540627,True,True,True,3.216472181334818e-07,COMPLETE
884,0.2048193633556366,2025-04-15 15:05:30.689700,2025-04-15 15:05:38.179184,0 days 00:00:07.489484,0.3653045377565608,0.9472098502480076,16,0.21580394358877097,0.264438122292631,0.08722986556562627,0.05189396942389502,0.08614100601051694,0.09998353256838995,0.0001144936145098315,21,37,0.055615666590555675,0.15384167493117437,True,True,True,2.915166444694711e-07,COMPLETE
885,0.2048193633556366,2025-04-15 15:05:38.469306,2025-04-15 15:05:45.946271,0 days 00:00:07.476965,0.34339564480015095,0.8791532555600317,16,0.26492217090506104,0.052093717526310944,0.08894288686184669,0.04040334108973891,0.0916985251542116,0.08904093333851207,0.00016227181453642205,20,46,0.051303447795961174,0.1414692821487799,True,True,True,1.6872142544197774e-07,COMPLETE
886,0.30699441432952884,2025-04-15 15:05:46.240752,2025-04-15 15:05:53.660682,0 days 00:00:07.419930,0.29739530003144177,0.9143710648048606,16,0.028630681151126373,0.03522892978955026,0.0761298065719203,0.05382763039130086,0.09646835869778196,0.0963298380855787,0.00022743220280527885,19,50,0.050708355641046594,0.145856339037275,True,True,True,4.029153203152738e-07,COMPLETE
887,0.4082159280776978,2025-04-15 15:05:53.942313,2025-04-15 15:06:00.963748,0 days 00:00:07.021435,0.390751178476872,0.8920283490818754,16,0.01047002640325623,0.06326710633815258,0.045302440518651885,0.04686427346574751,0.09997634981745428,0.09382841640060599,0.0005237934440080136,16,41,0.04791115660780311,0.15454809119839008,True,True,True,2.354252913003671e-05,COMPLETE
888,0.36961003541946413,2025-04-15 15:06:01.255050,2025-04-15 15:06:08.603549,0 days 00:00:07.348499,0.22534456291318888,0.8313986870090746,16,0.020956887360302014,0.0434919642947867,0.09090065225338209,0.049593053995829736,0.08816299241318933,0.08502494584498844,0.00034913767607692043,19,35,0.05373423524737382,0.13854189455137203,True,True,True,0.0007335277574261363,COMPLETE
889,0.4099364042282104,2025-04-15 15:06:08.900021,2025-04-15 15:06:16.710886,0 days 00:00:07.810865,0.3176426510269922,0.9244905399399195,16,0.015134792613400507,0.057470115369546715,0.08623366354996637,0.04798853019167788,0.08450978530130362,0.09078791790298582,0.00014015243936132304,21,62,0.05240991434462052,0.10852770268396465,True,True,True,2.590584488877598e-07,COMPLETE
890,0.42449344396591193,2025-04-15 15:06:17.006753,2025-04-15 15:06:24.284749,0 days 00:00:07.277996,0.3555240085426901,0.8681968310790154,16,0.006693433476586944,0.022757541344170226,0.09678429012939133,0.03782555461229775,0.09270475945565373,0.08780994692859691,8.378679421594799e-05,18,39,0.05642024962432266,0.11681433907683277,True,True,True,3.4887002240539775e-07,COMPLETE
891,0.26545668840408326,2025-04-15 15:06:24.562222,2025-04-15 15:06:32.331963,0 days 00:00:07.769741,0.27399427861626074,0.5744142833578434,16,0.03124936188770727,0.04985895950188163,0.0886022174997594,0.05216302295411113,0.09762364644284187,0.09153601935113982,0.0002671410075392677,22,49,0.049862300660596895,0.16065158365140977,True,True,True,1.933540596125592e-07,COMPLETE
892,0.3710561513900757,2025-04-15 15:06:32.625378,2025-04-15 15:06:40.089069,0 days 00:00:07.463691,0.33332920208665817,0.9455789259293086,16,0.024896825377251224,0.028829139478567595,0.09151008165358353,0.05771207783375192,0.08967263750888903,0.08228855767929238,0.000452505512391617,20,44,0.0451033808609726,0.1490540342986556,True,True,True,4.63758288411481e-07,COMPLETE
893,0.4241460084915162,2025-04-15 15:06:40.381672,2025-04-15 15:06:48.045102,0 days 00:00:07.663430,0.30178146027827946,0.905430014424963,16,0.0057336868139689,0.03832701322521942,0.08445346033695182,0.045215101291668,0.09369254945637312,0.08494430628311751,0.00018548926371210283,20,59,0.05526541408763423,0.10030523850517148,True,True,True,1.4186840862232928e-07,COMPLETE
894,0.42799334526062016,2025-04-15 15:06:48.341553,2025-04-15 15:06:56.080233,0 days 00:00:07.738680,0.37685516881480874,0.8596883417687353,16,0.014741178670251171,0.202062506309573,0.08716778177346947,0.034515913827781054,0.08035756276965497,0.09755842020706898,0.0003764204919865636,21,62,0.05230969592582414,0.14337989170052398,True,True,True,2.925989891820468e-07,COMPLETE
895,0.42543990612030036,2025-04-15 15:06:56.361595,2025-04-15 15:07:04.140030,0 days 00:00:07.778435,0.42425092093519756,0.8366470557672027,16,0.01822836651980004,0.25276619507816755,0.05464034678007146,0.038756352763908354,0.0794752679315366,0.09759700929000607,0.00040555437099837647,21,63,0.052061342832352475,0.15330043310673333,True,True,True,3.0905940494915514e-08,COMPLETE
896,0.23954803943634034,2025-04-15 15:07:04.437743,2025-04-15 15:07:12.140861,0 days 00:00:07.703118,0.3871874953512149,0.8092147937933407,16,0.030713787834951614,0.2948405831932922,0.05577687782747957,0.03592205913175207,0.07859480521491535,0.09947657621096787,0.00045096903514075805,21,64,0.05314169729722413,0.15720975412099278,True,True,False,3.9454721508676166e-08,COMPLETE
897,0.4095423221588135,2025-04-15 15:07:12.437598,2025-04-15 15:07:20.253329,0 days 00:00:07.815731,0.42663256327184307,0.8001516864954321,16,0.02530113450832564,0.2687501282203214,0.05395188255199854,0.033230418550842196,0.08001172780689793,0.09780901330161458,0.0005569310636801168,21,63,0.04981482366449985,0.16263311593104043,True,True,True,4.4949760352572784e-08,COMPLETE
898,0.41991256475448613,2025-04-15 15:07:20.551925,2025-04-15 15:07:28.373518,0 days 00:00:07.821593,0.4144009538095282,0.8295288522392839,16,0.020456915139664838,0.2725937389678901,0.041585011616802,0.037911573186196756,0.07614172055812832,0.09638854930693497,0.00040003853678850505,21,62,0.05299303289336397,0.1624400486216814,True,True,True,2.0422240969603938e-08,COMPLETE
899,0.40794801712036133,2025-04-15 15:07:28.656192,2025-04-15 15:07:36.437583,0 days 00:00:07.781391,0.43511272514320515,0.8508379021499085,16,0.03121121760278004,0.2767852561122963,0.05867551779950443,0.03384551053172208,0.08060247202012932,0.09817260774331024,0.0005044842653254985,21,65,0.051416413818166744,0.15432025962079762,True,True,True,3.1034515062731505e-08,COMPLETE
900,0.2048193633556366,2025-04-15 15:07:36.731674,2025-04-15 15:07:44.494538,0 days 00:00:07.762864,0.41683402015588134,0.8214773140184441,16,0.18519604647577256,0.28444723156956236,0.0522418073091205,0.03670832642138958,0.0791364612189973,0.09841371244185636,0.00038618900904024875,21,65,0.04777242989311356,0.1530592256830455,True,True,True,2.7563533325022332e-08,COMPLETE
901,0.4197620153427124,2025-04-15 15:07:44.792959,2025-04-15 15:07:52.550475,0 days 00:00:07.757516,0.397424522050535,0.8254330073213333,16,0.024416666042118288,0.29462441732628997,0.05026708474259538,0.03523157126635585,0.08030989222350664,0.09784359930250333,0.0004401279904461569,21,61,0.05404669597877115,0.1450327341763925,True,True,True,2.0988364908016927e-08,COMPLETE
902,0.40981085300445563,2025-04-15 15:07:52.849674,2025-04-15 15:08:00.621281,0 days 00:00:07.771607,0.40172245300504916,0.855083918202434,16,0.019357905635722816,0.24478096805244118,0.06206945884926249,0.037359960520552266,0.08183344275108495,0.09662581831674004,0.0005911013134415603,21,63,0.04951472086289824,0.11181004129883332,True,True,True,5.38292255063716e-07,COMPLETE
903,0.423452365398407,2025-04-15 15:08:00.902016,2025-04-15 15:08:09.545920,0 days 00:00:08.643904,0.4135365220069721,0.7990557951233243,16,0.018370640700824913,0.2616040140230185,0.09602092613669723,0.0386469495968513,0.07874368042409095,0.09536058166111237,0.00037192566438682653,29,60,0.054778835648925994,0.1577371951700578,True,True,True,1.3305574151376688e-08,COMPLETE
904,0.42017104625701907,2025-04-15 15:08:09.844268,2025-04-15 15:08:17.727296,0 days 00:00:07.883028,0.44192332508908666,0.8366298252460104,16,0.025272805321160583,0.020654525725244323,0.0660011991450234,0.034801524179587734,0.077632952170073,0.09712500850368479,0.00048305549873951483,22,62,0.05196136821336353,0.12283624495448074,True,True,True,7.879291422399405e-08,COMPLETE
905,0.38741639852523807,2025-04-15 15:08:18.026321,2025-04-15 15:08:25.770149,0 days 00:00:07.743828,0.3901313290376822,0.8426458003177919,16,0.034457097836927304,0.24069926478585102,0.04505177566192882,0.0399740430483012,0.0820464205945216,0.0981369705384963,0.0003506719336431227,20,66,0.050493149647736324,0.15013218173279122,True,True,True,7.268598174932599e-08,COMPLETE
906,0.2048193633556366,2025-04-15 15:08:26.073023,2025-04-15 15:08:33.588158,0 days 00:00:07.515135,0.375174167557895,0.8555202485585653,16,0.27929576261572675,0.2717241319018255,0.09686093823789355,0.040447038413842874,0.07861198151598091,0.09524809740960322,0.0005893036232581326,19,60,0.04683092333829714,0.1649840621336494,True,True,True,1.402099591066085e-05,COMPLETE
907,0.4252005457878113,2025-04-15 15:08:33.871556,2025-04-15 15:08:42.632531,0 days 00:00:08.760975,0.4392453756904811,0.8329355094480767,16,0.016149433354283732,0.2149344330962667,0.09429569658479163,0.037700076476319275,0.08021138567867594,0.09983194967542557,0.00040713567091681764,18,144,0.05296525205270457,0.14285225477865962,True,True,True,6.472458722782317e-08,COMPLETE
908,0.4214823246002197,2025-04-15 15:08:42.931277,2025-04-15 15:08:50.057839,0 days 00:00:07.126562,0.4279869394577433,0.8282659876688252,16,0.010781235425672216,0.24761390390324123,0.07832473719496673,0.03212354433665309,0.08139072795551504,0.09847743194177556,0.00033301131786663956,17,31,0.052921478215019,0.14223177917898605,True,True,True,2.1938335394932426e-08,COMPLETE
909,0.42209534645080565,2025-04-15 15:08:50.355416,2025-04-15 15:08:58.148128,0 days 00:00:07.792712,0.43916325993842087,0.8098995618422308,16,0.015330074047867074,0.20225098860473462,0.05382298665328601,0.03614882895053516,0.08029566326777583,0.0987464963432404,0.00043819826838879377,16,111,0.05160575587307658,0.08253311633649427,True,True,True,6.746677352546569e-08,COMPLETE
910,0.4244348168373108,2025-04-15 15:08:58.451041,2025-04-15 15:09:06.837707,0 days 00:00:08.386666,0.40442463576025767,0.7694445824812415,16,0.005248493714234558,0.21532136900918958,0.06987815736708121,0.03413561434463724,0.08075038115479496,0.09963671839596984,0.00037422338814434097,17,137,0.05346184926270586,0.12849839737646762,True,True,True,1.5755086816686584e-08,COMPLETE
