number,value,datetime_start,datetime_complete,duration,params_alpha-eval,params_alpha-train,params_batch-size,params_eps-eval,params_eps-train,params_lambda-actions-eval,params_lambda-actions-train,params_lambda-frames-eval,params_lambda-frames-train,params_learning-rate,params_n-epochs,params_n-frames,params_radius-gw,params_rho,params_std-feats,params_ub-actions,params_ub-frames,params_weight-decay,state
398,0.42014024257659915,2025-04-13 14:46:59.417147,2025-04-13 14:47:06.607772,0 days 00:00:07.190625,0.8690658063977337,0.6325805233780276,16,0.04115345272743197,0.06401756554595676,0.0954411534256875,0.08375468843996683,0.09475639498370916,0.02610170714329727,0.0006365230945848596,21,33,0.06234628293277402,0.24747846353343772,False,True,True,0.00013665534850279537,COMPLETE
399,0.4212775111198426,2025-04-13 14:47:06.742933,2025-04-13 14:47:14.010532,0 days 00:00:07.267599,0.8357767511805556,0.5988230841603671,16,0.047484220007155395,0.0649030334664896,0.09370098714372466,0.0833189220156874,0.09492762375035511,0.022876347317539493,0.0006191101185391971,22,32,0.06114149983515776,0.25772018379536704,False,True,True,9.519583052867597e-05,COMPLETE
400,0.3925084352493286,2025-04-13 14:47:14.134860,2025-04-13 14:47:31.436102,0 days 00:00:17.301242,0.8374825670939018,0.5797807274594433,2,0.03764038791327757,0.06478828296689697,0.0934605235287666,0.08338644082135005,0.09475298820583819,0.02756403448277828,0.0008414503865209782,21,32,0.0600216739208726,0.2566146413582253,False,True,True,9.17275783702749e-05,COMPLETE
401,0.3592581629753113,2025-04-13 14:47:31.562107,2025-04-13 14:47:38.998803,0 days 00:00:07.436696,0.8573255674630278,0.6013640223532575,16,0.04391404545434263,0.07417521373999708,0.0950780272642582,0.08322369427381575,0.09627421341880889,0.028855721508764098,0.0006582575327222179,22,66,0.0630706037489313,0.2573409464414685,False,True,True,6.773255078278587e-05,COMPLETE
402,0.41331565380096436,2025-04-13 14:47:39.135524,2025-04-13 14:47:46.427021,0 days 00:00:07.291497,0.8701364311536229,0.5575301935427464,16,0.03595718034407106,0.06341335614761755,0.09383686260553796,0.08079652675709227,0.09448704770653234,0.02337135194658434,0.0007545791455469094,22,32,0.06171329604182356,0.24594448460319976,False,True,True,0.00010865888893811222,COMPLETE
403,0.41970623731613166,2025-04-13 14:47:46.552488,2025-04-13 14:47:53.791402,0 days 00:00:07.238914,0.8289215863287712,0.5807158880167185,16,0.04452800670058804,0.08161256668479329,0.09592186202407704,0.08233639838725547,0.09814537637798636,0.02477728093794297,0.0005902115914767416,21,32,0.06372928882639267,0.2575642445332431,False,True,True,0.00012574061609382613,COMPLETE
404,0.41684904098510744,2025-04-13 14:47:53.918072,2025-04-13 14:48:01.192009,0 days 00:00:07.273937,0.8253896499071935,0.5692891197543846,16,0.04202637068106059,0.07632012509524891,0.09598596459119071,0.08401182980945929,0.09795663983512451,0.01946628774074977,0.0006082268158843534,21,31,0.06316548810181424,0.25919383040561134,False,True,True,0.0001387206981794678,COMPLETE
405,0.37918729782104493,2025-04-13 14:48:01.319017,2025-04-13 14:48:08.713816,0 days 00:00:07.394799,0.8146685022807882,0.5640726206720476,16,0.05273907830804144,0.07954081327378286,0.09998316186356548,0.08387179550653476,0.09774307515208676,0.019740115310562467,0.000606078079108315,21,84,0.06292235796809952,0.25946253254217116,False,True,True,0.00012833125755526146,COMPLETE
406,0.40825767517089845,2025-04-13 14:48:08.850307,2025-04-13 14:48:15.947252,0 days 00:00:07.096945,0.8306072428254777,0.5800882988721374,16,0.047285436965838194,0.07433099351176654,0.09611358968532288,0.08521160925112664,0.09997408286722331,0.01948077450419018,0.0008957930096395381,20,26,0.06485653204021795,0.24399283450637682,False,True,True,0.00015366602521923984,COMPLETE
407,0.41926110982894904,2025-04-13 14:48:16.074339,2025-04-13 14:48:23.312875,0 days 00:00:07.238536,0.8313108551084158,0.5870055724654621,16,0.046766855786888675,0.08060175832481137,0.07647615188263303,0.08102576009090337,0.09601775157058218,0.022465457494989773,0.0006622528245335711,21,30,0.06611628802253006,0.25935166901571555,False,True,True,0.00020776342433042033,COMPLETE
408,0.39516506195068357,2025-04-13 14:48:23.440074,2025-04-13 14:48:30.612076,0 days 00:00:07.172002,0.8627729257033415,0.5441561312381042,16,0.047449839863664175,0.08972220686979748,0.07956377803102993,0.08126603368490663,0.09530615524355561,0.016412445862257277,0.0007228476417858803,21,28,0.06098785771344086,0.25157842811844755,False,True,True,0.00021506622647282663,COMPLETE
409,0.4071866512298584,2025-04-13 14:48:30.750498,2025-04-13 14:48:48.233742,0 days 00:00:17.483244,0.7943020717863637,0.58376759842257,2,0.048869890190265525,0.07219329427155805,0.09293242566983621,0.08274002947713838,0.09665241195745233,0.021472033552006133,0.0008961088087920806,21,117,0.0636338131798792,0.25704823187509657,False,True,True,9.338643469241022e-05,COMPLETE
410,0.41472644805908204,2025-04-13 14:48:48.362539,2025-04-13 14:48:55.619716,0 days 00:00:07.257177,0.8107274662709832,0.5615927713191087,16,0.04356456250506552,0.07956973891187781,0.07478763082344617,0.00990676577893669,0.09868003969742264,0.025347715505448464,0.0006089611320732991,21,31,0.05809210767737566,0.2608418076981461,False,True,True,0.00013788490573619268,COMPLETE
411,0.403605318069458,2025-04-13 14:48:55.747975,2025-04-13 14:49:02.891634,0 days 00:00:07.143659,0.8314979756366839,0.6006950292470925,16,0.041673146311285075,0.06826183427586571,0.07639602178467063,0.08030095130229861,0.09600932666810699,0.023237319033658017,0.0007184823018751939,20,25,0.06564922899299055,0.25325046798440326,False,True,True,7.438196671491369e-05,COMPLETE
412,0.4096041798591614,2025-04-13 14:49:03.031950,2025-04-13 14:49:10.330292,0 days 00:00:07.298342,0.8177572160381057,0.5351183677660116,16,0.05343634452491784,0.08539031378667489,0.09547010437918392,0.08375750858619882,0.09820422410050485,0.018955454769337073,0.0005517112038078062,22,29,0.06619601616009486,0.25798243103825025,False,True,True,0.00021798322743401928,COMPLETE
413,0.2975298881530762,2025-04-13 14:49:10.461267,2025-04-13 14:49:17.601585,0 days 00:00:07.140318,0.8495364096591201,0.5763231814740347,16,0.04519660511433417,0.06651526409670509,0.09357872207849582,0.08588183947508614,0.09434438083916344,0.024362431536678556,0.0007840342109373194,21,31,0.06296614687262639,0.2484585045318079,False,True,False,0.00011524844656543187,COMPLETE
414,0.4091349959373474,2025-04-13 14:49:17.731031,2025-04-13 14:49:24.965995,0 days 00:00:07.234964,0.8500038980281903,0.5053801144728294,16,0.04073012328419144,0.07902162531308443,0.09138745301725855,0.07988378840116957,0.09660499783576144,0.02112806951135245,0.000572808274184983,22,27,0.06791492820864034,0.2384023222898759,False,True,True,0.00018326677483434403,COMPLETE
415,0.4222642898559571,2025-04-13 14:49:25.106602,2025-04-13 14:49:32.491579,0 days 00:00:07.384977,0.8341611263826271,0.6094964532001854,16,0.03816775520261403,0.061605754161316105,0.09815369987420239,0.08267334146995735,0.09330588442149193,0.02548169946255495,0.0006758964127898621,23,32,0.05980294910565924,0.2640884617345678,False,True,True,5.0299567214890204e-05,COMPLETE
416,0.39920146465301515,2025-04-13 14:49:32.624202,2025-04-13 14:49:39.986027,0 days 00:00:07.361825,0.8594392783832401,0.6134685622694085,16,0.03168803953010557,0.06365869175970681,0.09899469564389182,0.08220689362291198,0.09392663825059788,0.026130153259717303,0.0009268016878943152,23,23,0.055496856184969835,0.26119551147294406,False,True,True,5.947099202652634e-05,COMPLETE
417,0.32713760137557985,2025-04-13 14:49:40.115527,2025-04-13 14:49:57.704155,0 days 00:00:17.588628,0.7755585102126887,0.618788868127611,2,0.040172249459178536,0.1035207427930309,0.09992508004571891,0.014556374311360962,0.09104144703321619,0.023148315265995853,0.0007269293892412443,22,33,0.06832865273849938,0.2642552399755894,False,True,True,8.293688415930459e-05,COMPLETE
418,0.4149734854698181,2025-04-13 14:49:57.846511,2025-04-13 14:50:05.239699,0 days 00:00:07.393188,0.84155028369587,0.5950423846305909,16,0.04908047295845832,0.0579222854520846,0.09765843094902603,0.0787118991290448,0.09284420063317793,0.027707799741607298,0.0005133469257255776,23,29,0.06553379863886431,0.2519752270813167,False,True,True,9.422027597921187e-05,COMPLETE
419,0.42794225215911863,2025-04-13 14:50:05.371059,2025-04-13 14:50:12.805423,0 days 00:00:07.434364,0.8012728967579994,0.6213472552078307,16,0.031080618820029354,0.09531512729542568,0.09419475143520709,0.08140120274708901,0.09514982410389908,0.02531573607058537,0.0006668312395091557,23,32,0.058988270291840054,0.2643974919692534,False,True,True,5.4708273354812587e-05,COMPLETE
420,0.40619815587997443,2025-04-13 14:50:12.935367,2025-04-13 14:50:20.302228,0 days 00:00:07.366861,0.7905579536073551,0.6236612721757,16,0.03484364297677617,0.06110316905648783,0.09034080688342122,0.08085938421157571,0.0953096172523114,0.024912799413071555,0.06297367973280883,23,33,0.06017852852490487,0.26528696038934885,False,True,True,5.038401805172864e-05,COMPLETE
421,0.39812833070755005,2025-04-13 14:50:20.445068,2025-04-13 14:50:27.803932,0 days 00:00:07.358864,0.8351509086830932,0.6041056471001373,16,0.038788568628855616,0.09333068253233628,0.09221432350405485,0.0821643421207166,0.09236124371695573,0.028965104009000677,0.0007897374942901264,23,26,0.058674834957187214,0.2554505989308872,False,True,True,5.289294273106648e-05,COMPLETE
422,0.4231318950653077,2025-04-13 14:50:27.935619,2025-04-13 14:50:35.250885,0 days 00:00:07.315266,0.8283161313962734,0.5946314014787014,16,0.031162937567521913,0.058487344514564624,0.09417393507964929,0.07904068148376875,0.0941388945481306,0.0256182779141772,0.000652035448041889,22,30,0.05373397102911135,0.2641818030660973,False,True,True,7.568946765528765e-05,COMPLETE
423,0.2048193633556366,2025-04-13 14:50:35.383306,2025-04-13 14:50:42.571095,0 days 00:00:07.187789,0.8178135157700712,0.5932094992803446,16,0.04699439576343739,0.07034377091294655,0.09465158707986998,0.07895634837278347,0.09376637312365274,0.026020865024427107,0.000936420666345511,22,18,0.053175084314518846,0.26431212506386104,False,True,True,6.702769617547013e-05,COMPLETE
424,0.41076648235321045,2025-04-13 14:50:42.716687,2025-04-13 14:50:50.020920,0 days 00:00:07.304233,0.7982621728505016,0.5870811051969509,16,0.032207360133535846,0.05867000400669926,0.0981832194121912,0.07601977039515308,0.09005089653642029,0.023772458910824787,0.0006374073290664572,22,28,0.06049720083007578,0.2628754332923201,False,True,True,3.3616178513392014e-05,COMPLETE
425,0.39794940948486324,2025-04-13 14:50:50.152749,2025-04-13 14:50:57.532268,0 days 00:00:07.379519,0.8393853047598018,0.6162704865848022,16,0.05443759063452934,0.05986861781549611,0.0962175145394917,0.07987175271999315,0.09632182095100196,0.026484954862605235,0.0006625986185077882,23,22,0.050228292680055533,0.25330136276007736,False,True,True,0.00010048159181371941,COMPLETE
426,0.40656106472015385,2025-04-13 14:50:57.665770,2025-04-13 14:51:15.752179,0 days 00:00:18.086409,0.8267441658215741,0.5578906016499217,2,0.031182529289254357,0.08426613371376507,0.09351747252510036,0.08072204454859319,0.09988775397023254,0.028730299740988955,0.0005441810370073115,23,30,0.057608920071165706,0.24386897603373883,False,True,True,7.661188268302365e-05,COMPLETE
427,0.4012977123260498,2025-04-13 14:51:15.887086,2025-04-13 14:51:23.110850,0 days 00:00:07.223764,0.8715206350408492,0.6000906558838539,16,0.039045207353251836,0.06591013105899257,0.09621648790820364,0.07801473713908066,0.0939350968774763,0.02141695983357,0.0007034857395637054,21,25,0.06177035677098135,0.26920189326168564,False,True,True,4.4445676942044634e-05,COMPLETE
428,0.4261735796928406,2025-04-13 14:51:23.254349,2025-04-13 14:51:30.576624,0 days 00:00:07.322275,0.850736416800291,0.5829423050917787,16,0.02856857528412955,0.05646381119815999,0.06695998210267248,0.08488506254925578,0.09102200243478183,0.02623440011480998,0.000528050804395365,22,32,0.06387303978613404,0.2604035685056956,False,True,True,0.00012570012576726373,COMPLETE
429,0.4205912947654724,2025-04-13 14:51:30.709649,2025-04-13 14:51:37.993653,0 days 00:00:07.284004,0.8001275844223665,0.5775465575993567,16,0.030532850712762353,0.05875760513245736,0.07113510439077252,0.08490091431453972,0.09035020477844317,0.025638297951321942,0.0005193240775036348,22,31,0.05942104334875826,0.25615668804254743,False,True,True,0.000118255092922042,COMPLETE
430,0.41171467304229736,2025-04-13 14:51:38.127383,2025-04-13 14:51:45.398893,0 days 00:00:07.271510,0.806093801947281,0.5726706495496668,16,0.02784793541433207,0.05831116583700494,0.07003347407520331,0.08550287897396751,0.09159201249645589,0.02544505582287629,0.0005477592063190884,22,28,0.059623244478722935,0.25801680528808835,False,True,True,0.00012355846064112286,COMPLETE
431,0.4158082604408264,2025-04-13 14:51:45.544156,2025-04-13 14:51:52.848956,0 days 00:00:07.304800,0.7733269901162627,0.5265496418736684,16,0.03516558264784083,0.06875326241758632,0.06123432079936233,0.08400463286362853,0.08950010603261306,0.025671294716020907,0.00041694999927797846,22,31,0.0645858642015114,0.2504265463571365,False,True,True,0.00010223439264362635,COMPLETE
432,0.4055438876152039,2025-04-13 14:51:52.986153,2025-04-13 14:52:00.073468,0 days 00:00:07.087315,0.806363008845335,0.5609398917842529,16,0.04294656349793635,0.054374176530467305,0.06634549468860611,0.08677327844873527,0.09250358378393565,0.027457551969846537,0.0005026625256645338,20,26,0.055481185285927825,0.26186669180634015,False,True,True,0.00016563468660398778,COMPLETE
433,0.2048193633556366,2025-04-13 14:52:00.209038,2025-04-13 14:52:07.827684,0 days 00:00:07.618646,0.8547009613651715,0.5472221919947158,16,0.03016023517968978,0.06433010611589399,0.07306595453120374,0.08271891211823136,0.09042282778010205,0.024242332168298582,0.0006316228065452994,22,110,0.06256900950493692,0.25530974465946615,False,True,False,0.000246850241993325,COMPLETE
434,0.419384503364563,2025-04-13 14:52:07.973797,2025-04-13 14:52:15.238812,0 days 00:00:07.265015,0.8237238540163091,0.576854883461148,16,0.03648672018808681,0.05345076722369091,0.0694919534830268,0.0853165760327639,0.09582805327698998,0.014348764084679694,0.00040978709786372857,22,31,0.05883581399115181,0.2654242167017478,False,True,True,6.0218336723657636e-05,COMPLETE
435,0.4065025925636292,2025-04-13 14:52:15.376414,2025-04-13 14:52:32.980456,0 days 00:00:17.604042,0.7865462704885714,0.5835989261297698,2,0.03850121136656928,0.05915559621924497,0.06920162509646227,0.08493339064655463,0.09534266600373242,0.030281760028100034,0.0003876257218723603,22,32,0.058738555273175494,0.24871694959934004,False,True,True,8.429412809165176e-05,COMPLETE
436,0.2048193633556366,2025-04-13 14:52:33.118044,2025-04-13 14:52:40.264321,0 days 00:00:07.146277,0.8272990859067777,0.5754040875495605,16,0.29755001909839107,0.05417147160033485,0.07013592730758471,0.08239294940368036,0.0969473199842504,0.009078540697449358,0.0005265490954277901,21,29,0.05688105100076569,0.26551633068455704,False,True,True,5.8466298284925276e-05,COMPLETE
437,0.40233689546585083,2025-04-13 14:52:40.411090,2025-04-13 14:52:47.789547,0 days 00:00:07.378457,0.7527449434199533,0.5525153095614799,16,0.031449399483652885,0.07068383368988963,0.06741407623322267,0.08621671529140426,0.09475159563124042,0.014944257497972221,0.00041616962484067793,23,25,0.06108590682658149,0.25795530322941274,False,True,True,0.0001292911355452799,COMPLETE
438,0.41874153614044196,2025-04-13 14:52:47.926818,2025-04-13 14:52:55.286614,0 days 00:00:07.359796,0.8062256251734089,0.5796165733601812,16,0.04648467651038825,0.05429321571165648,0.07272592450038376,0.08433598398496454,0.09330593662005672,0.023341572034041927,0.00048249231933132056,23,33,0.054100127127286374,0.2660651598809642,False,True,True,4.340949637571214e-05,COMPLETE
439,0.41658085584640503,2025-04-13 14:52:55.422151,2025-04-13 14:53:02.820077,0 days 00:00:07.397926,0.8033642008144146,0.5821737331959883,16,0.053268918596431486,0.05294249443287989,0.07243001519390792,0.08424154981659597,0.08801590358647474,0.021950756115963515,0.0005769955864578758,23,32,0.05551278052270347,0.24433936121885386,False,True,True,6.376345568588592e-05,COMPLETE
440,0.3771998643875122,2025-04-13 14:53:02.966816,2025-04-13 14:53:10.286560,0 days 00:00:07.319744,0.816354481527751,0.9013756000224749,16,0.059556688303325764,0.06164063563844562,0.07139769857559586,0.08543114215929504,0.091184564805417,0.012786056437784205,0.0003835418563122684,23,28,0.06690351173026991,0.2616795821296622,False,True,True,5.4737249396273166e-05,COMPLETE
441,0.40519394874572756,2025-04-13 14:53:10.424046,2025-04-13 14:53:17.718286,0 days 00:00:07.294240,0.8440001427799628,0.5263528098348825,16,0.04761281284261525,0.05474858863427058,0.07556415613797779,0.08647506140447968,0.09325631551068239,0.022104239896738875,0.0006903398637439534,22,22,0.05254195950095465,0.2675140031479634,False,True,True,4.3916021134858936e-05,COMPLETE
442,0.4109877943992615,2025-04-13 14:53:17.856767,2025-04-13 14:53:25.121340,0 days 00:00:07.264573,0.7811704491588287,0.5527674499414124,16,0.049612561936320784,0.09668664265796792,0.07313454786150271,0.0831734295941565,0.09746896796809609,0.023365391978897088,0.00032410950443408407,22,34,0.04886990251498445,0.2553450674925186,False,True,True,3.452487201269075e-05,COMPLETE
443,0.4205885767936707,2025-04-13 14:53:25.276884,2025-04-13 14:53:32.662091,0 days 00:00:07.385207,0.8303070680804975,0.5940514176873548,16,0.04191044229584974,0.06247985206953152,0.06858943488475676,0.08470313781441335,0.09470244589150781,0.027016683191579703,0.0004665222376413927,23,30,0.054401985851980854,0.2621935928098062,False,True,True,6.81636170845367e-05,COMPLETE
444,0.41658499240875246,2025-04-13 14:53:32.800571,2025-04-13 14:53:40.172701,0 days 00:00:07.372130,0.8340444599535074,0.6014354910789397,16,0.043403015338812904,0.06423235260632745,0.06899893507100298,0.08223493328774739,0.09532354717063482,0.026917813288797214,0.0004584884125503021,23,31,0.054247333581283454,0.2615031424431471,False,True,True,6.872575225286393e-05,COMPLETE
445,0.42490899562835693,2025-04-13 14:53:40.323270,2025-04-13 14:53:47.765081,0 days 00:00:07.441811,0.8045973710986557,0.5703776596449405,16,0.03932028656723871,0.07325251268532125,0.0661194201252215,0.08700956767673157,0.09339215763039453,0.029680728196395837,0.0005332158509918364,23,33,0.058617052042876386,0.26801560845226213,False,True,True,8.031066519530481e-05,COMPLETE
446,0.4164501428604126,2025-04-13 14:53:47.903713,2025-04-13 14:53:55.253913,0 days 00:00:07.350200,0.7995864991239279,0.5672298177986015,16,0.039255663675629694,0.07798113972487478,0.06592757674680884,0.08693089473556594,0.09158174111460865,0.02882566443244364,0.000538970316754604,22,34,0.0585494386515431,0.2688085691236844,False,True,True,4.624191932459362e-05,COMPLETE
447,0.4192961692810059,2025-04-13 14:53:55.392598,2025-04-13 14:54:02.644725,0 days 00:00:07.252127,0.757132212510784,0.5802095258587182,16,0.05127944181396759,0.06901250609428512,0.06811259518215064,0.08722133658661553,0.09337605162278305,0.026580692391181566,0.0005889299978048865,21,35,0.05217981599118022,0.25439319102643976,False,True,True,7.3379657559577e-05,COMPLETE
448,0.41579504013061525,2025-04-13 14:54:02.797536,2025-04-13 14:54:10.009294,0 days 00:00:07.211758,0.7720487196186301,0.5545498641120341,16,0.054395307909565475,0.07366651375061,0.06535294757316755,0.08558647396641134,0.0891602703140225,0.027091663660356785,0.0006084654492904942,21,35,0.05977741518111978,0.24838763425569255,False,True,True,7.119985956011392e-05,COMPLETE
449,0.41590744256973267,2025-04-13 14:54:10.157953,2025-04-13 14:54:17.381726,0 days 00:00:07.223773,0.8224375071477427,0.526032499413038,16,0.04089199826369821,0.0710481597110322,0.06426124319048596,0.08714576296512938,0.09356967836673456,0.02917311809912959,0.0007297070786601198,21,29,0.05236790599364026,0.2562094696325967,False,True,True,8.138891845205528e-05,COMPLETE
450,0.39814698696136475,2025-04-13 14:54:17.522699,2025-04-13 14:54:25.204454,0 days 00:00:07.681755,0.7496790715844934,0.5899160269621812,16,0.037286927484725604,0.07932281577940016,0.06780751344526727,0.08692216940880279,0.08648693123691184,0.025301135411064258,0.0005676984454311316,21,131,0.06432677237842782,0.23981483840660375,False,True,True,0.0001571570205718996,COMPLETE
451,0.41679689884185794,2025-04-13 14:54:25.357294,2025-04-13 14:54:32.634599,0 days 00:00:07.277305,0.8381125835221601,0.606291628584036,16,0.04955707071652152,0.07157676071275795,0.06344517904080482,0.08483216969296899,0.09112848309314803,0.026507128795086307,0.00036968455137520115,22,36,0.05678649502529719,0.2537840939214481,False,True,True,9.156394847295093e-05,COMPLETE
452,0.41064900159835815,2025-04-13 14:54:32.776168,2025-04-13 14:54:50.721969,0 days 00:00:17.945801,0.788308217184776,0.861488048879756,2,0.03517432360406769,0.08669693935566773,0.07118268352980306,0.08786047671523456,0.09549570972405207,0.030225959715789934,0.0006584300694145803,22,89,0.05137305267386815,0.2468027109829266,False,True,True,0.00011855503243092995,COMPLETE
453,0.2812332630157471,2025-04-13 14:54:50.872217,2025-04-13 14:54:58.205169,0 days 00:00:07.332952,0.8187089314553138,0.5434129218530053,16,0.05940425054916277,0.0588969160803841,0.06899376579795667,0.08388440454502037,0.09404918786762978,0.02819260056506583,0.0005096074685545669,23,31,0.06158991747332963,0.26181002962136707,False,True,False,0.00018844320069205596,COMPLETE
454,0.40733433961868293,2025-04-13 14:54:58.360519,2025-04-13 14:55:05.425934,0 days 00:00:07.065415,0.847825590177505,0.567570361430936,16,0.04368682049533324,0.0673984504696899,0.06681801951495842,0.08609305991152069,0.09645707555125184,0.025366770431239298,0.0007825125728327192,20,27,0.056367155085757445,0.2604400408193645,False,True,True,0.00011102196417426424,COMPLETE
