number,value,datetime_start,datetime_complete,duration,params_alpha-eval,params_alpha-train,params_batch-size,params_eps-eval,params_eps-train,params_lambda-actions-eval,params_lambda-actions-train,params_lambda-frames-eval,params_lambda-frames-train,params_learning-rate,params_n-epochs,params_n-frames,params_radius-gw,params_rho,params_std-feats,params_ub-actions,params_ub-frames,params_weight-decay,state
1538,0.35056366920471194,2025-04-13 17:27:26.393142,2025-04-13 17:27:33.831695,0 days 00:00:07.438553,0.514960678502177,0.632323001318282,8,0.07293174967902691,0.06927160984650402,0.06734829443596724,0.031244002686742857,0.051388177962681,0.024759260144040802,0.0005622716263922395,13,27,0.050303988343823075,0.18560655517042463,True,True,True,1.0654238246620323e-07,COMPLETE
1539,0.30120631456375124,2025-04-13 17:27:34.326428,2025-04-13 17:27:41.815437,0 days 00:00:07.489009,0.5138108361517723,0.6330122466161539,8,0.0810012826121892,0.20625931719863363,0.06773770669778574,0.031450318116386274,0.05277055262112849,0.018208572342259963,0.0013697667180888767,13,32,0.05319054384972284,0.17271149986484233,True,True,True,1.6051858804787856e-07,COMPLETE
1540,0.3865715980529785,2025-04-13 17:27:42.308390,2025-04-13 17:27:49.790031,0 days 00:00:07.481641,0.5157688836680382,0.6395891974035273,8,0.07738462220546562,0.0676545165409561,0.06720259026228492,0.030829221454922055,0.05441642379577438,0.026325961295663884,0.0010288847574426339,13,29,0.04809103235517184,0.19586918905407472,True,True,True,1.70485399276545e-07,COMPLETE
1541,0.3878398299217224,2025-04-13 17:27:50.300608,2025-04-13 17:27:57.721321,0 days 00:00:07.420713,0.5170357846789472,0.6311042316485959,8,0.0701425459704641,0.07951632810737465,0.06679501001973255,0.03175281339814913,0.051515436704727434,0.021228536186273274,0.0013279283966508512,13,27,0.05198955262041735,0.19700196764660957,True,True,True,1.2739257281747382e-07,COMPLETE
1542,0.40669571161270146,2025-04-13 17:27:58.215771,2025-04-13 17:28:05.687687,0 days 00:00:07.471916,0.501221625036253,0.6457351305926228,8,0.07273499663327247,0.07354476660031284,0.06920511906637289,0.027607437293366167,0.05421439506979856,0.022191176810844437,0.0012928069122955842,13,24,0.050626573483020194,0.1881137116251533,True,True,True,2.038651885286324e-07,COMPLETE
1543,0.38049355745315555,2025-04-13 17:28:06.176876,2025-04-13 17:28:13.661933,0 days 00:00:07.485057,0.5172642894277221,0.6312382718366458,8,0.06757175165325159,0.07278704546299788,0.06642806698246248,0.037329112042924065,0.055071571613032916,0.023800885817380768,0.0010730811819867898,13,29,0.05290883348485665,0.20342453338017463,True,True,True,3.673148442887145e-07,COMPLETE
1544,0.40528258085250857,2025-04-13 17:28:14.180160,2025-04-13 17:28:21.617190,0 days 00:00:07.437030,0.4891146885306561,0.6535188954121143,8,0.07439286311074025,0.0831952527856811,0.06858652797127596,0.03925852888101604,0.057082772542366766,0.022503514189242076,0.0014214317565860706,13,31,0.04623053709032679,0.20033771462126748,True,True,True,2.069507611807009e-07,COMPLETE
1545,0.4203036665916443,2025-04-13 17:28:22.112009,2025-04-13 17:28:29.618000,0 days 00:00:07.505991,0.5146410397169036,0.6525201525169575,8,0.07608285960001183,0.07480809220135819,0.06657355233021521,0.03854350668844528,0.05423325801768446,0.02071149102980065,0.0016952759726644234,13,37,0.05059615372719518,0.187638229537615,True,True,True,1.9756892766740644e-07,COMPLETE
1546,0.4036121368408203,2025-04-13 17:28:30.109720,2025-04-13 17:28:37.525448,0 days 00:00:07.415728,0.49012792464583727,0.6529361543189226,8,0.06674262563240543,0.07883140347111837,0.07038471867390997,0.03499270465042766,0.0545226392611185,0.020687948629392376,0.0010661922411949547,13,29,0.04862085973711561,0.1889656924292375,True,True,True,2.485699193925032e-07,COMPLETE
1547,0.4264355421066285,2025-04-13 17:28:38.037076,2025-04-13 17:28:45.335134,0 days 00:00:07.298058,0.5214684387208411,0.6258172809721254,8,0.07843670315524676,0.06838204180386465,0.06857956874600565,0.03671366406683173,0.05381217167555451,0.02420079215128286,0.0008878035558858299,12,33,0.05308688268413832,0.1935349559681779,True,True,True,2.95496132328467e-07,COMPLETE
1548,0.40737112760543825,2025-04-13 17:28:45.832906,2025-04-13 17:28:53.327354,0 days 00:00:07.494448,0.4620078932093993,0.6582941958067093,8,0.06881852214789909,0.07746359891842526,0.06532317888229187,0.034607066273389324,0.056305467768609785,0.019888140673401326,0.0008804750159094799,13,32,0.049780749478735786,0.1978586402990262,True,True,True,3.426646429530924e-07,COMPLETE
1549,0.3111813426017761,2025-04-13 17:28:53.816836,2025-04-13 17:29:01.088143,0 days 00:00:07.271307,0.08515886716376125,0.639689823861048,8,0.06413817245037148,0.08233239826852727,0.07057078646297431,0.039597846203690945,0.05111676306546102,0.01987946269720421,0.0015548533192952538,12,30,0.05346542446182345,0.19083684953573918,True,True,False,3.013486472384818e-07,COMPLETE
1550,0.3702612638473511,2025-04-13 17:29:01.601546,2025-04-13 17:29:08.967142,0 days 00:00:07.365596,0.5006374155572292,0.6573338611751155,8,0.06306067462749179,0.0749311548657783,0.06765613551912954,0.03585410007082866,0.05329261393434993,0.020125134623255263,0.0010648948344261571,12,34,0.05380384628570656,0.17975666568960988,True,True,True,3.83157025596401e-07,COMPLETE
1551,0.420798671245575,2025-04-13 17:29:09.467975,2025-04-13 17:29:16.497112,0 days 00:00:07.029137,0.49769280693860457,0.6647461499389091,8,0.07078009966679606,0.08522709442776032,0.06574593225306476,0.038680022034993995,0.05209455191733728,0.02143839997625024,0.0016712149322850207,10,31,0.05350594290648476,0.19328561201132882,True,True,True,1.318657295723535e-07,COMPLETE
1552,0.4120472311973572,2025-04-13 17:29:17.001005,2025-04-13 17:29:24.152594,0 days 00:00:07.151589,0.475553480860324,0.6374858471652485,8,0.07959515748079901,0.07866331362285077,0.06886709381399943,0.029775395510789355,0.05431264579667576,0.01976881364051816,0.0012677850043586658,11,28,0.05110105960675074,0.19694580177600757,True,True,True,2.0822104678127238e-07,COMPLETE
1553,0.3632237553596497,2025-04-13 17:29:24.684417,2025-04-13 17:29:32.118238,0 days 00:00:07.433821,0.5212596638275805,0.6252954481415216,8,0.06264457327930588,0.08751912739897584,0.07119479375029157,0.03841529078173426,0.05600565386476432,0.023018110979279183,0.0011306435985574685,13,34,0.048037130230774494,0.2016467459349373,True,True,True,2.351730716304332e-07,COMPLETE
1554,0.2961642861366272,2025-04-13 17:29:32.620515,2025-04-13 17:29:39.906939,0 days 00:00:07.286424,0.44605448076615917,0.6590201711387389,8,0.08867621390202712,0.08471221132154574,0.06602755385678563,0.029278089920876472,0.05151530061746663,0.02285524141070166,0.0013265205364452642,12,34,0.0532254163305445,0.2029102904230279,True,False,True,1.6499701633424998e-07,COMPLETE
1555,0.4252146005630494,2025-04-13 17:29:40.405788,2025-04-13 17:29:47.908655,0 days 00:00:07.502867,0.5199776803038368,0.6762975073901409,8,0.06858721963074232,0.06642850656744383,0.06759177068762458,0.037196402780518466,0.05481322342366718,0.02753665959189363,0.0007311968807027157,13,35,0.05221448083077463,0.19155977090079532,True,True,True,2.862304300125715e-07,COMPLETE
1556,0.40728487968444826,2025-04-13 17:29:48.429143,2025-04-13 17:29:55.554310,0 days 00:00:07.125167,0.4665608581455355,0.6708305634766466,8,0.06253584033262741,0.07466748476493132,0.0653769394917648,0.033249216710502204,0.05703304680482724,0.0192738337563705,0.001022680770557673,11,27,0.05033690702117637,0.18123248557993524,True,True,True,1.7691740793934677e-07,COMPLETE
1557,0.39171127080917356,2025-04-13 17:29:56.052479,2025-04-13 17:30:03.353600,0 days 00:00:07.301121,0.4990738914390974,0.6557916253149857,8,0.07250293346905787,0.0794843798790252,0.07026454734668902,0.04042485221183326,0.0522750096134021,0.024905199436506206,0.0009551187583276896,12,31,0.053868669140624936,0.2086900132186255,True,True,True,4.1980851220365785e-07,COMPLETE
1558,0.3789888024330139,2025-04-13 17:30:03.858253,2025-04-13 17:30:11.340472,0 days 00:00:07.482219,0.5178907886151825,0.6285484433568201,8,0.0614263321339554,0.08607115950999301,0.06835741117404011,0.03656594994043137,0.056391448473358446,0.02129851039098658,0.0012237828912412614,13,34,0.04914117649800972,0.19828443362879042,True,True,True,1.5518027592270447e-07,COMPLETE
1559,0.37847651243209846,2025-04-13 17:30:11.858611,2025-04-13 17:30:18.859996,0 days 00:00:07.001385,0.48718783048430464,0.669277407451115,8,0.06794879391869149,0.07028794764756144,0.0660990348121684,0.03593007520214979,0.059236802157563995,0.020264025349946587,0.0011943634156050366,10,36,0.046262400138441614,0.20596745042912581,True,True,True,3.312144067844267e-07,COMPLETE
1560,0.43242288827896125,2025-04-13 17:30:19.361613,2025-04-13 17:30:26.855604,0 days 00:00:07.493991,0.46830050731826506,0.6690277376690686,8,0.061202050956250156,0.08051920241717118,0.06482379453908163,0.03394502085846765,0.058549569361241616,0.018832334781771088,0.0008689119445423727,13,35,0.054323627008426544,0.20758234974037879,True,True,True,5.751156258804848e-07,COMPLETE
1561,0.355310070514679,2025-04-13 17:30:27.354152,2025-04-13 17:30:34.796793,0 days 00:00:07.442641,0.41522381238568457,0.6428594207140613,8,0.0752904054847858,0.07166510861077029,0.06516424403819744,0.03188509842875718,0.057459992128948326,0.02378946791052492,0.001468701327350446,13,30,0.05164654030690829,0.20684376757046738,True,True,True,4.3610733148162506e-07,COMPLETE
1562,0.42831718921661377,2025-04-13 17:30:35.323788,2025-04-13 17:30:42.737384,0 days 00:00:07.413596,0.4457938706389404,0.6504625888262477,8,0.06928661240405262,0.07869771346158709,0.03190672596615551,0.03515325319781934,0.0594749179501729,0.025891428870056875,0.0010812572335365616,13,32,0.05158731328128591,0.20126204275942486,True,True,True,6.125249234531743e-07,COMPLETE
1563,0.42350336313247683,2025-04-13 17:30:43.242078,2025-04-13 17:30:56.323927,0 days 00:00:13.081849,0.45126026073319603,0.6300864374126113,2,0.0772174836896889,0.08120295113020524,0.06408847079946324,0.03441197253208193,0.058272049483551504,0.022479333367537484,0.0008856640342059193,13,34,0.05352504257909638,0.207833764093445,True,True,True,4.354889638905774e-07,COMPLETE
1564,0.39616839885711674,2025-04-13 17:30:56.882200,2025-04-13 17:31:04.150605,0 days 00:00:07.268405,0.460120772222152,0.6566168261102892,8,0.08192995221783086,0.06528611277450887,0.06520072055570929,0.04013218950240724,0.05593829433369773,0.01966101736925853,0.0009476916355723833,12,25,0.0544207025745278,0.19919619246018083,True,True,True,2.602333724746011e-07,COMPLETE
1565,0.3975963830947876,2025-04-13 17:31:04.679579,2025-04-13 17:31:12.015301,0 days 00:00:07.335722,0.4339269256325362,0.6771202674020074,8,0.06332638266475026,0.08510233575877398,0.06371969251846209,0.035079557038502615,0.058399190039264776,0.021936126416505934,0.001126273314983533,12,31,0.051622084996744325,0.19258598355767442,True,True,True,5.033033064366396e-07,COMPLETE
1566,0.4342998981475831,2025-04-13 17:31:12.518652,2025-04-13 17:31:19.811699,0 days 00:00:07.293047,0.46663355898970077,0.6636180352095015,8,0.0661424886807767,0.07516466404087863,0.06429806263618193,0.03163658102851191,0.0565894485925795,0.02014259450802894,0.0009048101665430251,12,35,0.05390074984652645,0.2019711853765892,True,True,True,3.194909041516229e-07,COMPLETE
1567,0.29030604362487794,2025-04-13 17:31:20.317687,2025-04-13 17:31:27.544777,0 days 00:00:07.227090,0.4316530158390997,0.6691542704855753,8,0.05915812201654372,0.06515416498833601,0.06402046482907313,0.03392716243457103,0.05791516740379431,0.01799454542272742,0.0008543076953263239,11,36,0.05423880167069697,0.2078551795815859,True,True,True,4.2375889646121743e-07,COMPLETE
1568,0.44301953315734866,2025-04-13 17:31:28.072617,2025-04-13 17:31:35.408765,0 days 00:00:07.336148,0.45838941794251337,0.6683427182475492,8,0.061326110983856694,0.07449498899659032,0.06418092200949221,0.03782814309737696,0.057209125093962136,0.019612012219763428,0.0008928323346218222,12,35,0.051754311174754535,0.20772163332478993,True,True,True,3.494329991106784e-07,COMPLETE
1569,0.31453654766082767,2025-04-13 17:31:35.919049,2025-04-13 17:31:43.129734,0 days 00:00:07.210685,0.434318063237631,0.6604775437367726,8,0.06436537345907639,0.06508674064739742,0.06283176682580403,0.03733065689430785,0.05692185772925292,0.02118787412120921,0.0008157487481553102,12,34,0.048046691692657045,0.20666095339400234,True,True,False,3.6058633969736745e-07,COMPLETE
1570,0.4153362274169922,2025-04-13 17:31:43.632976,2025-04-13 17:31:50.975833,0 days 00:00:07.342857,0.3855966315725846,0.6454351647045501,8,0.0611735461885687,0.06900717960343968,0.0637710227938981,0.032979278823900914,0.06032270819483507,0.0229499655213911,0.0009946393767704049,12,35,0.0497957778339049,0.19962325907812756,True,True,True,3.513277055020195e-07,COMPLETE
1571,0.4379335522651673,2025-04-13 17:31:51.503440,2025-04-13 17:31:58.697615,0 days 00:00:07.194175,0.4309797235192941,0.6501191242224094,8,0.06635376121864968,0.07520413642620992,0.06312025328460133,0.03292851887375957,0.05961024007796712,0.019703536353689124,0.0009539479027916393,11,35,0.05110769585333695,0.20527060662631433,True,True,True,4.679646086006419e-07,COMPLETE
1572,0.35188615322113037,2025-04-13 17:31:59.203904,2025-04-13 17:32:06.376534,0 days 00:00:07.172630,0.40051310509762067,0.6167267337888729,8,0.07276357315725318,0.07173764552424165,0.06378457927434429,0.0316184290265084,0.05947868804867706,0.022555377396155457,0.00131795901519782,11,28,0.04616216891967624,0.20318516497232317,True,True,True,7.117931213769422e-07,COMPLETE
1573,0.29668802618980405,2025-04-13 17:32:06.881141,2025-04-13 17:32:14.007131,0 days 00:00:07.125990,0.3962046027273075,0.622159830898814,8,0.07451737180939291,0.07251825118880606,0.06427865662297351,0.029296724896892574,0.0600181275418351,0.025720546778892538,0.0009638206792760525,11,31,0.04921717681309518,0.20004111827354487,True,True,True,4.1316581186185294e-07,COMPLETE
1574,0.29987972378730776,2025-04-13 17:32:14.534008,2025-04-13 17:32:21.735597,0 days 00:00:07.201589,0.4118822210770856,0.644422942523339,8,0.06748411006512538,0.07534293814045352,0.0618796493051503,0.030048908422670682,0.05848072765672988,0.02069206143550025,0.0011707263902801883,11,34,0.043189202648945366,0.20566715591341658,True,True,True,4.5412306472584926e-07,COMPLETE
1575,0.38064271211624146,2025-04-13 17:32:22.241151,2025-04-13 17:32:34.529993,0 days 00:00:12.288842,0.4333225044536054,0.6499962871719914,2,0.06864416503776563,0.06443838168506599,0.06480913837550759,0.03186857744463991,0.0604556818967467,0.019761678482202293,0.0008696539250238914,12,29,0.05058934031033309,0.19518208493969585,True,False,True,5.749464852552931e-07,COMPLETE
1576,0.35177854299545286,2025-04-13 17:32:35.032558,2025-04-13 17:32:42.200000,0 days 00:00:07.167442,0.41830865394897404,0.6278095380358809,8,0.07612745984488947,0.06860024755341153,0.06288245107066325,0.027823626643663276,0.05661064108777722,0.024493907268462824,0.0011073702959348438,11,31,0.04743493865071483,0.2045995469685812,True,True,True,5.645572654517579e-07,COMPLETE
1577,0.291091650724411,2025-04-13 17:32:42.722660,2025-04-13 17:32:49.723979,0 days 00:00:07.001319,0.4166141510663503,0.655373961136361,8,0.06505367376660275,0.06992546687139785,0.06489761566305954,0.033653678363864424,0.05803396017211375,0.021786248043994736,0.0009072255988644694,10,34,0.051492474886425305,0.1964425570594515,True,True,True,3.054936456055741e-07,COMPLETE
1578,0.42596093416213987,2025-04-13 17:32:50.230895,2025-04-13 17:32:57.539864,0 days 00:00:07.308969,0.4352577620837401,0.6686928499312279,8,0.07042981173025438,0.07474756334322606,0.06462472328911162,0.028569180192867902,0.06059850787287298,0.018949443266232165,0.0008308085138591207,12,33,0.05088856450767547,0.20172851384951693,True,True,True,4.523025758611668e-07,COMPLETE
1579,0.34772505760192873,2025-04-13 17:32:58.055065,2025-04-13 17:33:05.380334,0 days 00:00:07.325269,0.41592089989705,0.6644107113422701,8,0.08577284359900292,0.07280958686423963,0.06224898705677125,0.030793377667922915,0.056260976313469144,0.01970797803285045,0.0015177361007269804,12,35,0.048814126581275145,0.19513018969722953,True,True,True,5.958967367200005e-07,COMPLETE
1580,0.40654771327972417,2025-04-13 17:33:05.906423,2025-04-13 17:33:13.215036,0 days 00:00:07.308613,0.44403256976149347,0.6351379554383245,8,0.06211435968858003,0.07567238432005882,0.005522485754413595,0.03709298306675191,0.05873152034748405,0.023356655515107853,0.0010481533182772843,12,35,0.051857524182140007,0.2115537510063256,True,True,True,3.22169165005242e-07,COMPLETE
1581,0.20862580537796022,2025-04-13 17:33:13.731120,2025-04-13 17:33:20.850071,0 days 00:00:07.118951,0.45008110789868105,0.6515449931769977,8,0.17407521528474407,0.0642286379061493,0.0654787246382296,0.03292383509854139,0.06075129707013306,0.018822086392662418,0.0008461745173264015,11,33,0.05024231538152693,0.20678463262925215,True,True,True,5.793744621249356e-07,COMPLETE
1582,0.4148242831230164,2025-04-13 17:33:21.358354,2025-04-13 17:33:28.334881,0 days 00:00:06.976527,0.39957585712220167,0.6774796010758506,8,0.0813734929842056,0.07924361884127301,0.0631756081745101,0.03359697256659427,0.0588541494498191,0.02063710812493829,0.0011814885923329046,10,29,0.0525511308291367,0.20891730258386573,True,True,True,3.544986492223933e-07,COMPLETE
1583,0.29281078577041625,2025-04-13 17:33:28.859043,2025-04-13 17:33:36.080600,0 days 00:00:07.221557,0.3778059312469818,0.6103556892879018,8,0.06613331625709762,0.07637246104841539,0.0617984974798269,0.025103227445372384,0.056891512232932935,0.02726335496410478,0.001309284685010348,11,36,0.04977227592365335,0.2088620841878404,True,True,True,4.842251319149719e-07,COMPLETE
1584,0.4130917549133301,2025-04-13 17:33:36.585698,2025-04-13 17:33:48.465675,0 days 00:00:11.879977,0.42696358625200487,0.639263424364523,2,0.060637117472364305,0.06699189435532606,0.06565221306966244,0.034497194958320494,0.056029101132390874,0.018821332335925676,0.0009241106481009714,11,32,0.04524495140135873,0.19822270975578785,True,True,True,3.2534086554393877e-07,COMPLETE
1585,0.33158199787139897,2025-04-13 17:33:48.987257,2025-04-13 17:33:56.351285,0 days 00:00:07.364028,0.4528422092750646,0.6664781951352912,8,0.0727091790815047,0.07206637024797863,0.06426278078143265,0.03296078396160331,0.06024873127682228,0.021430291564471213,0.0008157344943310854,12,36,0.047655850269318456,0.2027652859734646,True,True,True,5.911134554447803e-07,COMPLETE
1586,0.37316508293151857,2025-04-13 17:33:56.877181,2025-04-13 17:34:04.035052,0 days 00:00:07.157871,0.4568497014856887,0.6601597094436572,8,0.06502012768577843,0.07987157485275165,0.06588213493288433,0.03371346018637278,0.055261203152916286,0.022652155082405326,0.0010156717551390525,11,26,0.053302688451436486,0.19338827530216451,True,True,True,2.889597141507707e-07,COMPLETE
1587,0.3123449444770813,2025-04-13 17:34:04.544217,2025-04-13 17:34:11.835662,0 days 00:00:07.291445,0.4253290234202113,0.676971705112933,8,0.05946979298872547,0.0781934619732756,0.06138779227087896,0.034567004723798964,0.05758007233239402,0.019260268790677156,0.0008151054625938516,12,32,0.052342127130582186,0.21125456027977263,True,True,False,2.5638031814754293e-07,COMPLETE
1588,0.43540539741516116,2025-04-13 17:34:12.361966,2025-04-13 17:34:19.652907,0 days 00:00:07.290941,0.46369792939103893,0.6268170837379663,8,0.07527890770958258,0.08299663359444913,0.06357077441989827,0.029385971146925788,0.06152531938463703,0.018376182060339065,0.0009507463305597212,12,35,0.054335266108599,0.21043307922272667,True,True,True,4.394872212466956e-07,COMPLETE
1589,0.4060312509536743,2025-04-13 17:34:20.165442,2025-04-13 17:34:27.338986,0 days 00:00:07.173544,0.4649964190776938,0.6158835498569949,8,0.09186441069428908,0.08110979787960479,0.06220680230800473,0.028922896276836585,0.06124275780740528,0.019022920467105974,0.0015585814794508563,11,29,0.05143751346323026,0.21057532917212685,True,True,True,5.105464000566021e-07,COMPLETE
1590,0.37816222906112673,2025-04-13 17:34:27.849279,2025-04-13 17:34:35.186071,0 days 00:00:07.336792,0.4392653702514428,0.6254273174254986,8,0.07445860058268768,0.08229018186464028,0.06279668431734471,0.030546334077632513,0.06091018393556974,0.025093854057431933,0.0011486349252412941,12,31,0.04900944402105898,0.18328771200027716,True,True,True,3.7283407591649335e-07,COMPLETE
1591,0.42440484762191777,2025-04-13 17:34:35.724619,2025-04-13 17:34:42.904670,0 days 00:00:07.180051,0.4642980639624917,0.6319458609642711,8,0.08236498845621493,0.07141111348365944,0.061180850968171635,0.032649205083263896,0.059434528060094444,0.020940735186045684,0.000974250613772386,11,35,0.05354974777676482,0.203817871990927,True,True,True,3.6867195396173494e-07,COMPLETE
1592,0.284244042634964,2025-04-13 17:34:43.416702,2025-04-13 17:34:50.729137,0 days 00:00:07.312435,0.45430646227770805,0.61557781052367,8,0.08373470397812763,0.06468960074273829,0.06371799907927746,0.024799258078116206,0.06012881420354396,0.022715150863626587,0.001237954587939999,12,30,0.05149667788067519,0.2089409462994283,True,True,True,4.3661166436468987e-07,COMPLETE
1593,0.37576152086257936,2025-04-13 17:34:51.239575,2025-04-13 17:34:58.159549,0 days 00:00:06.919974,0.36346563248359137,0.6429617099283417,8,0.07789869668430624,0.07543613780938963,0.06388075916906807,0.030238235918320106,0.057910828209461876,0.01839672237355244,0.0009980430868646133,10,20,0.05397471067924472,0.19926509538179088,True,False,True,2.860573798690923e-07,COMPLETE
1594,0.4049628257751465,2025-04-13 17:34:58.687213,2025-04-13 17:35:05.865368,0 days 00:00:07.178155,0.4156118649029165,0.6413503597966904,8,0.07371742363681799,0.08250929677375152,0.06145015903879789,0.02689819438671327,0.06111758326405929,0.020597633257918063,0.001375754104103278,11,35,0.04967873210863231,0.21216620865720157,True,True,True,5.145470180891487e-07,COMPLETE
