number,value,datetime_start,datetime_complete,duration,params_alpha-eval,params_alpha-train,params_batch-size,params_eps-eval,params_eps-train,params_lambda-actions-eval,params_lambda-actions-train,params_lambda-frames-eval,params_lambda-frames-train,params_learning-rate,params_n-epochs,params_n-frames,params_radius-gw,params_rho,params_std-feats,params_ub-actions,params_ub-frames,params_weight-decay,state
911,0.34547317028045654,2025-04-13 15:54:59.652101,2025-04-13 15:55:07.809771,0 days 00:00:08.157670,0.5596334773019098,0.7071023101618348,8,0.056840704057924615,0.08723988996518638,0.06518772228162198,0.048428412251078294,0.07712729129729357,0.013763695199964824,0.00019211700894293328,17,45,0.06257170458597162,0.26003922110197525,True,True,True,4.574370893888095e-06,COMPLETE
912,0.4166926145553589,2025-04-13 15:55:08.102538,2025-04-13 15:55:16.155700,0 days 00:00:08.053162,0.6022264806515495,0.755958655571318,8,0.04824184512451947,0.1136576761589972,0.07329406180514747,0.03635265107354482,0.06566563122846299,0.015624665710551263,0.00032825450218254375,17,37,0.058040902195206384,0.24686396279970554,True,True,True,2.676297918265376e-06,COMPLETE
913,0.4250921964645386,2025-04-13 15:55:16.455836,2025-04-13 15:55:24.190684,0 days 00:00:07.734848,0.4936321275389288,0.7269768934413593,8,0.046741742368072894,0.14252180619154597,0.059794730762397975,0.05302101709450177,0.073799483510373,0.018534526496674742,0.0003935438526630288,15,41,0.06037432525050286,0.2542367018544843,True,True,True,1.6382251247936783e-06,COMPLETE
914,0.2048193633556366,2025-04-13 15:55:24.490096,2025-04-13 15:55:32.513757,0 days 00:00:08.023661,0.5569000197226457,0.7734094107061035,8,0.17060285096411504,0.09313451192700989,0.06711922979897555,0.05575717760554018,0.07069642841452958,0.010921108677565116,0.00024097068053390095,16,47,0.05692140241198819,0.23087992727552173,True,True,True,3.2754247671061787e-06,COMPLETE
915,0.2973121762275696,2025-04-13 15:55:32.798108,2025-04-13 15:55:40.966129,0 days 00:00:08.168021,0.5259603233023532,0.27914703911810435,8,0.14667457388249047,0.10100042469486743,0.06326035457790227,0.04331401510764567,0.0680235869389876,0.013300337568861006,0.0005030964068652406,17,43,0.06513767827029049,0.24058259439938662,True,True,True,6.080951165975604e-06,COMPLETE
916,0.40802476406097415,2025-04-13 15:55:41.262072,2025-04-13 15:55:49.544349,0 days 00:00:08.282277,0.5806077113751724,0.7449211277571508,8,0.04163947940611683,0.16649713264857835,0.06112600661337363,0.04727089809045912,0.0753278685867161,0.016936610124030967,1.0287103137633313e-05,18,49,0.06272261264416286,0.260520058841265,True,True,True,3.999311112801414e-06,COMPLETE
917,0.27044677138328554,2025-04-13 15:55:49.845386,2025-04-13 15:55:57.852292,0 days 00:00:08.006906,0.5460882200946872,0.22742427846637597,8,0.06501407532689413,0.10980850573938208,0.06895249765219694,0.05033641990095172,0.07239896965228614,0.01967973866074967,0.00017683551423000783,16,46,0.060975979019085774,0.24848127881609977,True,True,True,2.300958179385741e-06,COMPLETE
918,0.2048193633556366,2025-04-13 15:55:58.152989,2025-04-13 15:56:13.340623,0 days 00:00:15.187634,0.508937264601089,0.7253813667311972,2,0.12505331448069476,0.09847872475985149,0.06526506363350924,0.05393410439977652,0.07732414801271101,0.014918670777650397,0.00028377108562826765,17,42,0.05902058171780741,0.012804873085562357,True,True,True,5.283893784316579e-06,COMPLETE
919,0.3827340602874756,2025-04-13 15:56:13.626509,2025-04-13 15:56:21.888156,0 days 00:00:08.261647,0.5326721050965262,0.9707015850001117,8,0.05419285140888611,0.11678597382760683,0.05923628056286046,0.05727876017260108,0.06874254871468247,0.009890468403853311,0.00022272830576482887,18,37,0.06711669031259522,0.2535267953579232,True,True,True,3.133653509819443e-06,COMPLETE
920,0.2048193633556366,2025-04-13 15:56:22.185735,2025-04-13 15:56:30.063079,0 days 00:00:07.877344,0.5703972869930486,0.7154430595612903,8,0.041425114439572176,0.12510059453951428,0.06319744720814612,0.051836029119038035,0.07330433277872711,0.022605973094702376,0.00033841327403282554,16,50,0.06337007278182515,0.10412315922216642,True,True,False,2.1212020842569572e-06,COMPLETE
921,0.43361371755599976,2025-04-13 15:56:30.365156,2025-04-13 15:56:38.157035,0 days 00:00:07.791879,0.5990300014215927,0.7046343015191976,8,0.05974724713524731,0.10534224266363208,0.06654542615012972,0.04538595569223898,0.0710856595693131,0.01302035744029594,0.00042277384288470483,15,40,0.061725253844574196,0.26214305357719303,True,True,True,4.230015813572435e-06,COMPLETE
922,0.2869645893573761,2025-04-13 15:56:38.457832,2025-04-13 15:56:46.089258,0 days 00:00:07.631426,0.01619918702512102,0.7094427980240743,8,0.06939772522913552,0.10848098844236499,0.07208973891921303,0.0442877770086664,0.07087332905106149,0.08055861258417644,0.00027716077634813143,14,40,0.06521350115447412,0.25768286533421925,True,True,True,4.648131393376348e-06,COMPLETE
923,0.4106276273727417,2025-04-13 15:56:46.375833,2025-04-13 15:56:54.194991,0 days 00:00:07.819158,0.6143475559693792,0.7061315485543125,8,0.06082308709528627,0.15146681699190956,0.07467990574340115,0.04198815057341852,0.06702476649196648,0.013113669827818182,0.00017176839972764265,15,39,0.07012102445542584,0.2355478875885185,True,True,True,3.6956995494032194e-06,COMPLETE
924,0.41662470102310184,2025-04-13 15:56:54.493194,2025-04-13 15:57:02.079162,0 days 00:00:07.585968,0.6006923405141875,0.7363512537705955,8,0.07347194416396245,0.11544980041033424,0.07020054682989285,0.04581482680152035,0.07042665262294964,0.011331231572176192,0.000425146516569418,13,42,0.06187857024716159,0.2435160457021164,True,True,True,4.051505065712357e-06,COMPLETE
925,0.4244771480560303,2025-04-13 15:57:02.381678,2025-04-13 15:57:10.020405,0 days 00:00:07.638727,0.6104375662807275,0.7637568786336063,8,0.06335854672315264,0.10446550917001188,0.06827562393904638,0.045806887514235735,0.0719629494044596,0.01283939129956184,0.00033863755833971683,14,44,0.06398684464306151,0.2610069456342364,True,True,True,2.7620600812375374e-06,COMPLETE
926,0.40331436395645137,2025-04-13 15:57:10.325660,2025-04-13 15:57:18.048884,0 days 00:00:07.723224,0.6246747867542732,0.6987713805927817,8,0.05802846932938077,0.17025054817221455,0.06679578929399954,0.04862003208737286,0.07450813301343921,0.010228976355646055,0.00021975422312234575,15,40,0.06609616664679471,0.24904836372054667,True,False,True,7.022686371120398e-06,COMPLETE
927,0.4237995862960816,2025-04-13 15:57:18.338964,2025-04-13 15:57:26.103087,0 days 00:00:07.764123,0.5913109358664616,0.7300983673885835,8,0.05351202757948543,0.12252987625654467,0.07601720825016023,0.04378936501968692,0.06826412146064596,0.015220787641987185,0.0002678567998906484,15,37,0.06221066721642701,0.2526170313442693,True,True,True,5.334401064153568e-06,COMPLETE
928,0.37507861852645874,2025-04-13 15:57:26.402973,2025-04-13 15:57:34.229516,0 days 00:00:07.826543,0.5848604553392418,0.7895824941590284,8,0.08650103866193369,0.11114326509392221,0.06661206048208254,0.04703581320223352,0.06991038167304602,0.012395945879349153,0.0003741412442197202,15,45,0.06047327329412771,0.26105410293021836,True,True,True,3.2616851141329533e-06,COMPLETE
929,0.3992852926254272,2025-04-13 15:57:34.532777,2025-04-13 15:57:42.352707,0 days 00:00:07.819930,0.570047486965236,0.7458317892232801,8,0.06930719800763097,0.1611215961706311,0.07024927465120416,0.04175851009987404,0.07274084829543805,0.009502521947793937,0.00030173247434262576,15,42,0.0631197009547147,0.24163124007663705,True,True,True,4.506103898690734e-06,COMPLETE
930,0.41919604539871214,2025-04-13 15:57:42.658855,2025-04-13 15:57:50.608269,0 days 00:00:07.949414,0.5497413311611676,0.7027445320628594,8,0.058387978052426535,0.10486771707211691,0.0645827293320632,0.039347909893667876,0.06474750651351908,0.014112792049823578,0.00018107860812505115,16,46,0.0684668572187576,0.17186714189306526,True,True,True,2.605749205098753e-06,COMPLETE
931,0.4215272426605225,2025-04-13 15:57:50.897262,2025-04-13 15:57:58.547681,0 days 00:00:07.650419,0.6067009646384678,0.7681229174370833,8,0.06400321949053225,0.10032285461362875,0.06797352944034622,0.051216494065394566,0.07749058070554883,0.06746726333234047,0.00023755386299416915,14,39,0.06438078865829193,0.25540815246696624,True,True,True,1.7751053024103186e-06,COMPLETE
932,0.42267875671386723,2025-04-13 15:57:58.847423,2025-04-13 15:58:06.844444,0 days 00:00:07.997021,0.5597965902685351,0.7176937172672637,8,0.051585566345342455,0.14058756684376522,0.06562843853559533,0.049601348828882355,0.07550615944532472,0.010942367491999639,0.00021024255187471433,16,43,0.06148552575123682,0.2290905494836447,True,True,True,3.724095629033393e-06,COMPLETE
933,0.40805304050445557,2025-04-13 15:58:07.149894,2025-04-13 15:58:15.197943,0 days 00:00:08.048049,0.5821911318055947,0.7476937764151638,8,0.049117888679375145,0.11272896612855435,0.06224902338062496,0.055366051105982056,0.07122192166377268,0.016801574451758138,0.00039642288836193556,17,36,0.05995816669583694,0.24750189486928037,True,True,True,5.715861076794041e-07,COMPLETE
934,0.3702503204345703,2025-04-13 15:58:15.501965,2025-04-13 15:58:23.162097,0 days 00:00:07.660132,0.481403782445669,0.9177212898107893,8,0.05888502211492459,0.10820504596714915,0.06413688531628287,0.04795807409680497,0.06659803773345457,0.012531899111464469,0.0002914760678071529,14,46,0.06663977820967446,0.26208807536233936,True,True,True,5.914924613402192e-06,COMPLETE
935,0.40533428192138676,2025-04-13 15:58:23.470172,2025-04-13 15:58:31.290375,0 days 00:00:07.820203,0.5191222431215566,0.8237114982897797,8,0.0533347911845623,0.09601187610116951,0.06962037915165649,0.04484410151307325,0.0736341535125852,0.015327407846044742,0.00026286175386828526,15,41,0.05745456191347169,0.2569214637799987,True,True,True,4.866559899540698e-06,COMPLETE
936,0.2048193633556366,2025-04-13 15:58:31.580152,2025-04-13 15:58:39.590670,0 days 00:00:08.010518,0.541121899588239,0.6995947968256551,8,0.18340330968227408,0.11886370823909748,0.06754569061576791,0.05350502822499343,0.06922089579491487,0.00923688876384299,0.00017124706442682636,16,48,0.06305387076031757,0.2456118261149398,True,True,True,6.820992986016764e-06,COMPLETE
937,0.26648734807968144,2025-04-13 15:58:39.897386,2025-04-13 15:58:54.507421,0 days 00:00:14.610035,0.628046082028989,0.7312500726832447,2,0.11543586200569278,0.10126939942396959,0.07245331838462163,0.049007517816571144,0.07160741818093538,0.013128265855524863,0.00032728126532876705,16,44,0.05997892689554654,0.2374038099523626,True,True,True,3.164081435967066e-06,COMPLETE
938,0.3322499990463257,2025-04-13 15:58:54.815245,2025-04-13 15:59:03.010462,0 days 00:00:08.195217,0.45901887458841334,0.7775119617781232,8,0.0669191562107209,0.17187400116436496,0.061633363756356446,0.051862776177529366,0.07527198903227134,0.017650689713442965,0.00041790864742737347,17,52,0.06511304340739824,0.26208315762797124,True,True,True,2.0902725356118442e-06,COMPLETE
939,0.4239215970039368,2025-04-13 15:59:03.319780,2025-04-13 15:59:11.569700,0 days 00:00:08.249920,0.500437334859987,0.7545741691494827,8,0.046916132454695864,0.13237472579046844,0.0656832032195994,0.059861874816863635,0.07721222864937181,0.011015820048521802,0.00021669002601281448,18,39,0.0617708044995685,0.2519442182187979,True,True,True,4.081673857257359e-06,COMPLETE
940,0.2048193633556366,2025-04-13 15:59:11.862109,2025-04-13 15:59:19.852592,0 days 00:00:07.990483,0.5941847643067537,0.7135314253478956,8,0.05703632568708007,0.08970902549275121,0.06376772857912812,0.045978322504541216,0.07295806541413756,0.015293419284687441,0.00025744785255630935,17,43,0.0585542683787487,0.22416451886599795,True,True,False,1.5873744684857075e-06,COMPLETE
941,0.3727797985076905,2025-04-13 15:59:20.157870,2025-04-13 15:59:28.134605,0 days 00:00:07.976735,0.563771454543349,0.7292155132146363,8,0.07616567764290588,0.12670294358461173,0.05972200033737517,0.054203257537957156,0.06841571848995319,0.009151443537573186,0.0003385070472388547,16,47,0.06322030910055547,0.23365447535041692,True,True,True,2.780182778286289e-06,COMPLETE
942,0.25615465044975283,2025-04-13 15:59:28.447125,2025-04-13 15:59:36.301383,0 days 00:00:07.854258,0.5361992136944105,0.19449079868758185,8,0.050062703262693325,0.10564461377082446,0.06669112146592647,0.05030510150299231,0.07050579223045174,0.01433379093662078,0.0001891565711140584,15,49,0.061156956481013054,0.26091978131361176,True,True,True,4.903742910559517e-06,COMPLETE
943,0.42620925903320317,2025-04-13 15:59:36.608205,2025-04-13 15:59:44.821680,0 days 00:00:08.213475,0.5100129965720736,0.700779367333411,8,0.06431250789834746,0.11743976311480371,0.062186473862410115,0.0566417445003789,0.07432839001005011,0.0115695778269478,0.0004937937305260075,18,41,0.06500312010209984,0.24396936039258865,True,True,True,1.3264766622723702e-06,COMPLETE
944,0.41921999454498293,2025-04-13 15:59:45.132119,2025-04-13 15:59:53.185367,0 days 00:00:08.053248,0.5762873138052474,0.7499350231200429,8,0.04467305261644245,0.09628047797446196,0.06456926352405719,0.04715788740190868,0.06688053070289685,0.01654428855754831,0.0002811081840231855,17,37,0.05634268179632313,0.2505093741494385,True,True,True,3.675406065582219e-06,COMPLETE
945,0.2048193633556366,2025-04-13 15:59:53.480308,2025-04-13 16:00:08.147403,0 days 00:00:14.667095,0.5558879705474769,0.04474719768645864,2,0.05625575034269179,0.15684179166849246,0.06940019282163418,0.04284557591909125,0.07265935094377583,0.013719451190248238,0.00022290534905853782,16,45,0.05840445948415383,0.2543009216292972,True,True,True,2.1288461059606024e-06,COMPLETE
946,0.39582260847091677,2025-04-13 16:00:08.454081,2025-04-13 16:00:16.065720,0 days 00:00:07.611639,0.5268401560398512,0.7215101797713256,8,0.04129756548269598,0.11249408422944099,0.06120137872081722,0.05252413693637443,0.06934392507853145,0.01857471969323183,0.0003565829800201536,14,42,0.067609028211445,0.26229353940016414,True,True,True,6.288055549420722e-06,COMPLETE
947,0.37927147150039675,2025-04-13 16:00:16.375711,2025-04-13 16:00:25.428708,0 days 00:00:09.052997,0.6032833119513077,0.7704629806076704,8,0.05098409267439771,0.08153583825225993,0.058668947270301114,0.05844597556338665,0.07608475425978314,0.010648513690625683,0.00017755806970667695,17,150,0.062335862160658714,0.2405608783475231,True,False,True,2.5520259234996122e-06,COMPLETE
948,0.3379463434219361,2025-04-13 16:00:25.739571,2025-04-13 16:00:33.773782,0 days 00:00:08.034211,0.5448473700151181,0.7949383316150272,8,0.05943344415070645,0.10677373849981818,0.06710935049659426,0.05533687986483359,0.07069288052915353,0.008974013329180835,0.0004097242086361209,16,50,0.059935838437259734,0.0965817592083594,True,True,True,3.4079631412506437e-06,COMPLETE
949,0.42907726764678955,2025-04-13 16:00:34.067461,2025-04-13 16:00:41.842481,0 days 00:00:07.775020,0.5834102084648092,0.700248468009365,8,0.047993409415999,0.16419617378094672,0.06368975643572754,0.04946041912021966,0.07776928483127298,0.01280399799038985,0.00025224492733953296,15,45,0.06425928731154246,0.25554139201533144,True,True,True,5.178623826093141e-06,COMPLETE
950,0.2593624711036682,2025-04-13 16:00:42.150674,2025-04-13 16:00:49.649847,0 days 00:00:07.499173,0.6109169537064252,0.6949829641939594,8,0.09561388170454968,0.16618165827382717,0.06333151121881185,0.04476985739675606,0.07725879090794815,0.015926118760954722,0.00016498859406619156,13,48,0.06947369760693613,0.25487614122449453,True,True,True,6.6965526088062835e-06,COMPLETE
951,0.4256818890571594,2025-04-13 16:00:49.957215,2025-04-13 16:00:57.904013,0 days 00:00:07.946798,0.5889381677101072,0.69397819123276,8,0.040998940514374194,0.15968750757643163,0.06075918115590233,0.048295286410790436,0.07826032419433195,0.012557433033030887,0.0002086944142001273,15,51,0.06513868731474329,0.24898274200413284,True,True,True,6.891650936190197e-06,COMPLETE
952,0.3962482213973999,2025-04-13 16:00:58.217364,2025-04-13 16:01:05.895150,0 days 00:00:07.677786,0.5807296696221913,0.6973456689705786,8,0.04624770966122356,0.15043662142168085,0.06268378027108948,0.034934049639259335,0.07841829352672815,0.0174369100807237,0.00025146894020335953,14,46,0.06689039683893183,0.2566872838941205,True,True,True,5.236687889411686e-06,COMPLETE
953,0.33828574419021606,2025-04-13 16:01:06.207440,2025-04-13 16:01:20.310541,0 days 00:00:14.103101,0.6154606219582233,0.8855332098954269,2,0.07033461776233459,0.1663678565896235,0.05927276917070837,0.04955619134649588,0.07569380835065137,0.014922118764928922,0.00020348503940751137,14,115,0.0646061784724734,0.194145967245998,True,True,True,5.3189172485573315e-06,COMPLETE
954,0.38517378568649296,2025-04-13 16:01:20.606824,2025-04-13 16:01:28.440799,0 days 00:00:07.833975,0.5691251346877794,0.7383667983068799,8,0.055791953804920955,0.17061378032213875,0.0607546239330983,0.046890123608140495,0.07704972595406924,0.013067406652658231,0.00024039571766645544,15,52,0.06374566742523183,0.24488145937554176,True,True,True,4.422206593226655e-06,COMPLETE
955,0.2048193633556366,2025-04-13 16:01:28.752017,2025-04-13 16:01:36.532013,0 days 00:00:07.779996,0.6313420226673723,0.8048326863508444,8,0.22355876636870142,0.16407559587357445,0.06447760300777006,0.04105262708129506,0.07806451492085886,0.016891873726460352,0.0001622267653146315,15,45,0.06029463443381767,0.25598565038680765,True,True,True,1.0946080418033063e-06,COMPLETE
956,0.40784162282943726,2025-04-13 16:01:36.842930,2025-04-13 16:01:45.114436,0 days 00:00:08.271506,0.5958419583276745,0.7120210898042256,8,0.06410274224676753,0.17573027640624597,0.06297226221182095,0.04984554138483938,0.07482357054406512,0.014099908282798482,0.0002903972845024708,18,48,0.056730837153892856,0.24898737232350654,True,True,True,7.16957132540878e-06,COMPLETE
957,0.3786607623100281,2025-04-13 16:01:45.422697,2025-04-13 16:01:53.713495,0 days 00:00:08.290798,0.48930290809905097,0.8559064363851637,8,0.05362603302357066,0.1575437354986347,0.05886956685062485,0.04381123589728601,0.0743691054790414,0.01582115728274155,0.0002061078591867931,18,44,0.06681570499481251,0.23905117022347389,True,True,True,4.7315688040998005e-06,COMPLETE
958,0.42060514688491824,2025-04-13 16:01:54.025696,2025-04-13 16:02:01.882082,0 days 00:00:07.856386,0.5188684451427443,0.7507321489887497,8,0.045452747646863335,0.17214453071369992,0.06439443742731467,0.0463604863155838,0.07620854932155013,0.019916313706939345,0.0002481112151636921,15,47,0.061617698922391766,0.26153412823527866,True,True,True,5.745372913516607e-06,COMPLETE
959,0.2048193633556366,2025-04-13 16:02:02.181236,2025-04-13 16:02:09.770675,0 days 00:00:07.589439,0.6261447122893544,0.6992296339483907,8,0.08091866208522414,0.1637528445726003,0.06173419353883161,0.05104460553299501,0.07848872381645239,0.018489286957022955,0.00028780378778760804,14,53,0.05831887137787264,0.25092169416249616,True,True,False,4.080457930607904e-06,COMPLETE
960,0.26510847806930543,2025-04-13 16:02:10.082059,2025-04-13 16:02:18.171130,0 days 00:00:08.089071,0.33234993442966365,0.4092323559634134,8,0.04114578238600548,0.15245626894629072,0.06509747605184661,0.04929614444017513,0.07389920235538823,0.0119159770466027,0.0001812479043512932,17,43,0.027427455860566236,0.25890395035401054,True,True,True,7.296933556910888e-06,COMPLETE
961,0.39686841964721686,2025-04-13 16:02:18.482215,2025-04-13 16:02:27.211501,0 days 00:00:08.729286,0.5643423790697679,0.7681315175632982,8,0.0506838395682567,0.1760370724996618,0.061229905015480736,0.04776247785040832,0.07603485662136619,0.013195378254051194,0.00022593236454329592,16,133,0.06329886863045134,0.24390058041198398,True,True,True,3.561863020998315e-06,COMPLETE
962,0.4057362198829651,2025-04-13 16:02:27.525337,2025-04-13 16:02:42.738383,0 days 00:00:15.213046,0.5343719121474165,0.7211639687358595,2,0.060119423424987176,0.12558402641624578,0.06332578127421427,0.05174395555809746,0.07287839030100059,0.015147842641221973,0.00015079561465135416,17,49,0.06045071103515604,0.2548814411226183,True,True,True,5.287172345159616e-06,COMPLETE
963,0.4285934686660767,2025-04-13 16:02:43.059571,2025-04-13 16:02:51.353081,0 days 00:00:08.293510,0.5870964192423449,0.736436488267151,8,0.04017025131009892,0.1211952490746835,0.0655233483883112,0.045473211045693296,0.07831073064165918,0.01161639918345297,0.00026810903454496887,18,45,0.06575897851457586,0.23543910389700362,True,True,True,4.205503152520425e-06,COMPLETE
964,0.4141331195831299,2025-04-13 16:02:51.652507,2025-04-13 16:02:59.398127,0 days 00:00:07.745620,0.5979404186358696,0.7531906306850242,8,0.051242669510523385,0.13766384105760962,0.06885141206031323,0.04625023490830068,0.07891701855045245,0.016883565959214846,0.00031890340064960967,15,40,0.06953784129011457,0.23677859582143784,True,False,True,2.799142793570542e-06,COMPLETE
965,0.41165150403976436,2025-04-13 16:02:59.712191,2025-04-13 16:03:07.849011,0 days 00:00:08.136820,0.6192737206190158,0.7840035233976761,8,0.04486692531664999,0.12012975026101906,0.07090546139871982,0.04824383392182474,0.07781161592618524,0.013930812733197412,0.0002830007382263655,17,43,0.06746344033985771,0.22705384523079747,True,True,True,3.974602653844075e-06,COMPLETE
966,0.4265965461730957,2025-04-13 16:03:08.162667,2025-04-13 16:03:16.083152,0 days 00:00:07.920485,0.5910345589913826,0.7364123446484415,8,0.05684531961567299,0.12462953026650972,0.06627771455953405,0.05037618864121277,0.07799630378607068,0.01224985566886201,0.00034295940466613366,16,38,0.06599692517194493,0.2329327997192606,True,True,True,1.7334139619000656e-06,COMPLETE
967,0.42070667743682866,2025-04-13 16:03:16.400110,2025-04-13 16:03:24.683268,0 days 00:00:08.283158,0.5807494718814421,0.7677393047624195,8,0.04099276626101695,0.13159784068418545,0.0684770493833704,0.05288469604658169,0.06403287697162911,0.01964852557053339,0.0002642109043385853,18,45,0.06940388925730155,0.21706696977916498,True,True,True,2.3884290270673842e-06,COMPLETE
