number,value,datetime_start,datetime_complete,duration,params_alpha-eval,params_alpha-train,params_batch-size,params_eps-eval,params_eps-train,params_lambda-actions-eval,params_lambda-actions-train,params_lambda-frames-eval,params_lambda-frames-train,params_learning-rate,params_n-epochs,params_n-frames,params_radius-gw,params_rho,params_std-feats,params_ub-actions,params_ub-frames,params_weight-decay,state
1595,0.41562288999557495,2025-04-13 17:35:06.377310,2025-04-13 17:35:18.891601,0 days 00:00:12.514291,0.4479071670903572,0.6465103204328546,2,0.07272139314896058,0.07485717518346073,0.06451994827324452,0.032544725529896096,0.059053923032764334,0.01850297811569786,0.001020709936799757,12,27,0.05223674872198816,0.19173962373802594,True,True,True,4.1239133098343237e-07,COMPLETE
1596,0.28874183893203736,2025-04-13 17:35:19.401246,2025-04-13 17:35:26.497188,0 days 00:00:07.095942,0.4389027322643108,0.624942327593047,8,0.06735294839972392,0.08038482343552594,0.06045064532817812,0.030386530615795302,0.061692005165195414,0.02156723220266436,0.0008222053647754321,10,34,0.04769982588667764,0.20472248543380317,True,True,True,2.732083300445256e-07,COMPLETE
1597,0.42219660282135013,2025-04-13 17:35:27.028015,2025-04-13 17:35:34.189704,0 days 00:00:07.161689,0.46301474850231067,0.6504610119591169,8,0.07910247067837484,0.06841499397364645,0.06327066383380657,0.028832259051899116,0.05722951075867652,0.023641214811190525,0.0012188931867270286,11,32,0.05377345103894388,0.20514152384725098,True,True,True,5.563086263354905e-07,COMPLETE
1598,0.43633910417556765,2025-04-13 17:35:34.702281,2025-04-13 17:35:41.926725,0 days 00:00:07.224444,0.39604811429259645,0.6626495303284122,8,0.06027947527311991,0.08353250202346718,0.06536304340374265,0.0290166719425651,0.05587861216089883,0.01830000856511448,0.0008457918697979008,11,35,0.0503042792765139,0.1991898803647264,True,True,True,5.097538110335853e-07,COMPLETE
1599,0.2880902111530304,2025-04-13 17:35:42.462401,2025-04-13 17:35:49.743941,0 days 00:00:07.281540,0.41935945665591845,0.6203682192602618,8,0.057638325726516046,0.07425021915489068,0.0655281735596923,0.027714238058526665,0.054854098328746465,0.019136486712751238,0.0008772504097974537,12,27,0.04669634366212341,0.18905115782201462,True,True,True,6.491329432229065e-07,COMPLETE
1600,0.2941470146179199,2025-04-13 17:35:50.258881,2025-04-13 17:35:57.446597,0 days 00:00:07.187716,0.3827013845108913,0.6063338174672916,8,0.0595522109611569,0.0831545974439016,0.06361114088884806,0.02676150647533797,0.05415904878263963,0.020752841057172726,0.0009547502421469233,11,31,0.04882376906107244,0.19658830374996655,True,True,True,6.869804405029579e-07,COMPLETE
1601,0.2873058557510376,2025-04-13 17:35:57.956368,2025-04-13 17:36:05.243312,0 days 00:00:07.286944,0.40176081955599235,0.6533896281359669,8,0.06124713778589487,0.06979692658959753,0.06503069211936896,0.028889438620814483,0.054791409123357934,0.01797191227358815,0.0011173842549807354,12,30,0.047844134796457834,0.20051407995200696,True,True,True,7.147697542091232e-07,COMPLETE
1602,0.4061141967773438,2025-04-13 17:36:05.780543,2025-04-13 17:36:12.957033,0 days 00:00:07.176490,0.4025269377090304,0.6417299192933312,8,0.0676951300338582,0.07660240142509364,0.06107375384824775,0.021635230984521157,0.05601794994182114,0.019644676338751724,0.0007490174429614391,11,32,0.04570520200297519,0.19149070337312724,True,True,True,4.891499106733343e-07,COMPLETE
1603,0.40162528753280635,2025-04-13 17:36:13.471254,2025-04-13 17:36:20.787996,0 days 00:00:07.316742,0.4098316342253255,0.6307076879677904,8,0.08934724055102061,0.08231220366192026,0.06251982679136865,0.027899358638227595,0.05612423527045119,0.017818935678153812,0.0008283577034594202,12,35,0.04985740721407573,0.2021298018761553,True,True,True,3.8712688286374625e-07,COMPLETE
1604,0.34934059381484983,2025-04-13 17:36:21.302024,2025-04-13 17:36:28.457618,0 days 00:00:07.155594,0.40871665200800356,0.6611646977824895,8,0.05895344764480493,0.07672688154975311,0.06588572005492092,0.025462972307977293,0.05319617525141275,0.02204439650446563,0.0015168438860068403,11,36,0.05062775488779563,0.19506977026478065,True,True,True,5.475450635586523e-07,COMPLETE
1605,0.28781016469001774,2025-04-13 17:36:28.993093,2025-04-13 17:36:36.366694,0 days 00:00:07.373601,0.3807189268824335,0.6082618701988353,8,0.06828382681213471,0.06362237373347407,0.06375298880928731,0.026948829867481726,0.05744127266436569,0.017419238249435726,0.0009505230409795202,12,34,0.05120262066612702,0.18409901223533096,True,True,True,3.6904151407894777e-07,COMPLETE
1606,0.38227049112319944,2025-04-13 17:36:36.880562,2025-04-13 17:36:44.076250,0 days 00:00:07.195688,0.34434960193017794,0.6602647382419579,8,0.06047065789120485,0.08463754351649266,0.06618729749954201,0.024307272133015097,0.05568750010430942,0.01925229580896241,0.0007498268461872725,11,29,0.045289129821424585,0.2090586809360186,True,True,True,4.402416761820779e-07,COMPLETE
1607,0.3080364465713501,2025-04-13 17:36:44.587238,2025-04-13 17:36:56.989453,0 days 00:00:12.402215,0.3980524843475799,0.6441455391833831,2,0.06328771560786772,0.07042817320514928,0.060351266066950474,0.032262257937067114,0.05387909547352767,0.02093449966842846,0.0010814173253528687,12,33,0.0478236912330755,0.20210067176472818,True,True,False,3.0189850900007233e-07,COMPLETE
1608,0.40313810110092163,2025-04-13 17:36:57.523957,2025-04-13 17:37:04.817422,0 days 00:00:07.293465,0.36065207697558743,0.6715899453765287,8,0.07374510717234888,0.08325975839045519,0.06306052810664656,0.029755972819495706,0.05757507532545337,0.02521085348261917,0.001253075548894593,12,35,0.049744493443593406,0.2094093409037866,True,True,True,2.3153474142826812e-07,COMPLETE
1609,0.42696681022644045,2025-04-13 17:37:05.330749,2025-04-13 17:37:12.465001,0 days 00:00:07.134252,0.42503067043249515,0.631626762578163,8,0.056952906586362005,0.07795787281264879,0.06519606209898796,0.029936352994598032,0.05817777942491753,0.018031847509794145,0.0008127950661762428,11,32,0.05155674370700921,0.19826363040159098,True,True,True,3.9937104099547957e-07,COMPLETE
1610,0.2906931936740875,2025-04-13 17:37:12.999856,2025-04-13 17:37:20.415560,0 days 00:00:07.415704,0.4272116145135737,0.6646200752242073,8,0.06907356887920009,0.06314184853338631,0.06634813560723167,0.03225143243822569,0.055620531693020725,0.01724105429640471,0.000768601593809443,12,36,0.04938917207436124,0.21287744024402214,True,True,True,7.319401432250903e-07,COMPLETE
1611,0.39849747419357295,2025-04-13 17:37:20.935333,2025-04-13 17:37:28.027229,0 days 00:00:07.091896,0.39427778163791766,0.6491220366222448,8,0.05648679526341678,0.08530471588814591,0.06170332604853104,0.026890955744948947,0.058680907060429444,0.023659649461554477,0.0009806059784265367,11,29,0.052772441101597234,0.18720093697713985,True,True,True,3.0140654593575913e-07,COMPLETE
1612,0.29724169969558717,2025-04-13 17:37:28.552340,2025-04-13 17:37:35.904855,0 days 00:00:07.352515,0.3756124793032359,0.6249616998053105,8,0.09652582594221032,0.07325674788110097,0.06434298839013781,0.031082816672899083,0.051816640403298225,0.021043560477540357,0.0008615081051987225,13,25,0.044450633118744885,0.20532965569941952,True,False,True,5.23222088049041e-07,COMPLETE
1613,0.37808755636215213,2025-04-13 17:37:36.442919,2025-04-13 17:37:43.765894,0 days 00:00:07.322975,0.44067000559117236,0.6687485359544622,8,0.06330283328377789,0.07984083623528007,0.06014639352237611,0.03497457036355537,0.053645095461063066,0.019375578096307196,0.001172137693383974,12,36,0.05172257340965487,0.19348047735037002,True,True,True,4.973314366770491e-07,COMPLETE
1614,0.38678989410400394,2025-04-13 17:37:44.288385,2025-04-13 17:37:51.449715,0 days 00:00:07.161330,0.4684164580158826,0.6718864928498922,8,0.07582968221037699,0.08786546060919435,0.06651673547396832,0.028965290563873917,0.05597063629208275,0.018104928168122515,0.0007164741048239033,11,33,0.047788705119355526,0.19952175753059953,True,True,True,2.202983011205887e-07,COMPLETE
1615,0.40398602485656737,2025-04-13 17:37:51.967118,2025-04-13 17:37:59.302172,0 days 00:00:07.335054,0.44484854267497825,0.6491924381846066,8,0.05624982808321362,0.06676842523712967,0.06239856495836775,0.03382924890269416,0.05754932337868518,0.022412395725392126,0.000993886974317284,12,37,0.0508127108149929,0.211016591427759,True,True,True,3.6359752258553557e-07,COMPLETE
1616,0.3705471515655518,2025-04-13 17:37:59.844779,2025-04-13 17:38:07.137403,0 days 00:00:07.292624,0.4681526821033925,0.6736556396661524,8,0.06762549426824771,0.07931444710260224,0.06433606305974301,0.026296953763024412,0.05312571163538344,0.0169559128581644,0.0013569924694526482,12,36,0.053521905252207784,0.20531900215414722,True,True,True,6.651352316670064e-07,COMPLETE
1617,0.3382038712501526,2025-04-13 17:38:07.653091,2025-04-13 17:38:19.627975,0 days 00:00:11.974884,0.34417693809618777,0.6007652348072605,2,0.06270565528956118,0.0850072751853429,0.01060649546568887,0.024151782782778297,0.05495420582846615,0.019983155679013008,0.0007600964626672198,11,30,0.054220625884336404,0.1995047631814327,True,True,True,2.4783025243919413e-07,COMPLETE
1618,0.40323585271835327,2025-04-13 17:38:20.168748,2025-04-13 17:38:27.504773,0 days 00:00:07.336025,0.4226516446219285,0.6467427008207824,8,0.05534471792132133,0.07232427674163906,0.06638321930382916,0.03198432937749449,0.06207530282340731,0.01694243790786559,0.001031269416099479,12,33,0.04970294800637864,0.21197121519109147,True,True,True,3.5926096634363207e-07,COMPLETE
1619,0.35820335149765015,2025-04-13 17:38:28.026181,2025-04-13 17:38:35.237609,0 days 00:00:07.211428,0.45156212317795225,0.6275263138750489,8,0.08091849055416131,0.0847363291343806,0.06324609541255216,0.03084369028812977,0.059490138954980565,0.021867191410904034,0.000756583310073394,11,36,0.0516969783754066,0.19355288388626618,True,True,True,4.2723779802128595e-07,COMPLETE
1620,0.4154603719711304,2025-04-13 17:38:35.755720,2025-04-13 17:38:43.311946,0 days 00:00:07.556226,0.37664232551255156,0.666143660057372,8,0.07047928453072685,0.07373676170281299,0.06506981296021239,0.03641320300790368,0.05677829452369083,0.019430157589830705,0.0008922182178589457,13,37,0.04666796246820629,0.20355007887282067,True,True,True,2.895603474691864e-07,COMPLETE
1621,0.42679673433303833,2025-04-13 17:38:43.855949,2025-04-13 17:38:51.218874,0 days 00:00:07.362925,0.46882454270328944,0.6792146870322817,8,0.06039421519589703,0.0865307490303001,0.05982128432483735,0.028183513733551383,0.058688226233176426,0.017399395228238156,0.0017043815146120073,12,33,0.053711129562836094,0.20962014579740948,True,True,True,5.891077046353416e-07,COMPLETE
1622,0.3331248998641968,2025-04-13 17:38:51.743016,2025-04-13 17:38:59.200406,0 days 00:00:07.457390,0.3614209718933386,0.6552814436433764,8,0.06563032414251473,0.07721030222115623,0.061716323351117104,0.03389739549349985,0.05143436634986589,0.024095688119791184,0.0007039183100585173,13,29,0.04994775732622734,0.2135910371376939,True,True,True,2.8888283389328966e-07,COMPLETE
1623,0.3583673000335693,2025-04-13 17:38:59.715722,2025-04-13 17:39:06.933296,0 days 00:00:07.217574,0.436979835248403,0.5092439224146779,8,0.05595738513838556,0.08821127822262256,0.06646581850903066,0.03638373645938159,0.05484222590171007,0.016961030142113413,0.0011705199541426714,11,37,0.05217243443589076,0.1980946786076398,True,True,True,2.2779843362433252e-07,COMPLETE
1624,0.42103239297866824,2025-04-13 17:39:07.474188,2025-04-13 17:39:14.810975,0 days 00:00:07.336787,0.47095499540407393,0.6403544123617086,8,0.0708654662406631,0.06770896483520844,0.06434965516203783,0.030675480155934187,0.06136035683934693,0.01980695459480267,0.000917926194252398,12,33,0.05404821964107982,0.20588026638718507,True,True,True,4.788422485007329e-07,COMPLETE
1625,0.19822099804878235,2025-04-13 17:39:15.329730,2025-04-13 17:39:22.798781,0 days 00:00:07.469051,0.45179920482087116,0.4177582989615688,8,0.21293872007315154,0.08067530687252394,0.06664848271161565,0.03299017990530735,0.05676449641774962,0.02128885439461682,0.0007221391266315852,13,27,0.04846875898172921,0.18529319926962495,True,True,True,3.364004569011284e-07,COMPLETE
1626,0.2956977725028992,2025-04-13 17:39:23.343339,2025-04-13 17:39:30.407137,0 days 00:00:07.063798,0.42909233862941853,0.6150094616421339,8,0.06136105878155959,0.07736211142164584,0.062422231584203756,0.035134628917572575,0.05938563927867775,0.01921850888523377,0.0008730641527210131,11,36,0.051231624041169654,0.21398403097025148,True,True,False,4.438078756021971e-07,COMPLETE
1627,0.37653660774230957,2025-04-13 17:39:30.932988,2025-04-13 17:39:42.345321,0 days 00:00:11.412333,0.3916193645182095,0.6772776180126735,2,0.054467493297725926,0.06233680066723024,0.0643222438067586,0.03767551908769876,0.0547493414831174,0.01770751592886791,0.0014792757699822676,10,37,0.05456655685607242,0.19211524925307796,True,True,True,1.9865170713926447e-07,COMPLETE
1628,0.43231475353240967,2025-04-13 17:39:42.870166,2025-04-13 17:39:50.364295,0 days 00:00:07.494129,0.4773568616972849,0.6573986213230169,8,0.065106854361482,0.08644599175307027,0.0597452255453332,0.03165617489681925,0.06213880527960933,0.02347480486086336,0.0006915299565625003,13,33,0.052545903420174594,0.20226493809131296,True,True,True,3.4407255379662123e-07,COMPLETE
1629,0.2860503554344177,2025-04-13 17:39:50.905363,2025-04-13 17:39:58.405449,0 days 00:00:07.500086,0.4772346707097509,0.6249099143404313,8,0.0803531002939098,0.0710370683871661,0.058448128573645126,0.02951643350073782,0.057673784647027465,0.025077217678402663,0.0007249593192117132,13,30,0.052192349381454596,0.1994221313618347,True,True,True,3.941868248479088e-07,COMPLETE
1630,0.3638795375823975,2025-04-13 17:39:58.928264,2025-04-13 17:40:06.319977,0 days 00:00:07.391713,0.47293707578544936,0.6346911205378855,8,0.07540994225237777,0.0817417969168237,0.059607312998905065,0.033112905656423886,0.052335696120017636,0.02460007991087073,0.0009392671153164513,13,26,0.04961730251163542,0.18981516354485514,True,True,True,2.6713909329118254e-07,COMPLETE
1631,0.2976865768432617,2025-04-13 17:40:06.864060,2025-04-13 17:40:14.310564,0 days 00:00:07.446504,0.4548829546944561,0.6493481517282028,8,0.08484350960668258,0.07633498899400926,0.05875325374741179,0.028070120767371826,0.055785615156824855,0.02701417056599016,0.0010959750705547117,13,30,0.05267851959913751,0.20325455027011405,True,True,True,3.4674278517181125e-07,COMPLETE
1632,0.38146295547485354,2025-04-13 17:40:14.837419,2025-04-13 17:40:22.231315,0 days 00:00:07.393896,0.4735374499630645,0.6072668742472169,8,0.07250690906415881,0.08240204419255977,0.0589082559483262,0.03255897205121912,0.05752657159746945,0.02700993809755731,0.0006940557317052005,13,33,0.05429404494376071,0.1843866372039084,True,False,True,5.88095781168893e-07,COMPLETE
1633,0.31732896566390995,2025-04-13 17:40:22.754008,2025-04-13 17:40:30.013252,0 days 00:00:07.259244,0.3275835634516497,0.6589642784778366,8,0.0670234792084076,0.08609308009069648,0.06119210871158517,0.029170721527137504,0.05977103475808738,0.023774614977135233,0.0008561037234593423,12,24,0.05067805406545156,0.19578039165962957,True,True,True,7.550901597601946e-07,COMPLETE
1634,0.28663231134414674,2025-04-13 17:40:30.562543,2025-04-13 17:40:38.011076,0 days 00:00:07.448533,0.412613682029522,0.6359372089383865,8,0.07764246399275809,0.07004685471436732,0.05998660160564388,0.02614304297911799,0.05038540697826102,0.022875588904285538,0.000703682596580581,13,30,0.04781365012744934,0.20576529713945133,True,True,True,3.273208897819939e-07,COMPLETE
1635,0.4130301952362061,2025-04-13 17:40:38.534925,2025-04-13 17:40:45.795480,0 days 00:00:07.260555,0.4359695369417907,0.6592694293302778,8,0.07361010286933298,0.08649164287059963,0.0605943838378121,0.031196825927237975,0.05464989544387505,0.022378000172789233,0.001212938632430473,12,27,0.05233001747694463,0.19999112671075062,True,True,True,2.3721444567884995e-07,COMPLETE
1636,0.42316291332244876,2025-04-13 17:40:46.342460,2025-04-13 17:40:53.689081,0 days 00:00:07.346621,0.477536329949431,0.6717073008862743,8,0.06518895638609466,0.07848042859813179,0.05770695411430336,0.030118653023276976,0.05931596251549985,0.022412979172771918,0.0008274291670370488,12,32,0.05417086603220379,0.19331790443764651,True,True,True,4.895337246245544e-07,COMPLETE
1637,0.296550452709198,2025-04-13 17:40:54.216088,2025-04-13 17:41:01.681829,0 days 00:00:07.465741,0.44847433595967806,0.6407577101876623,8,0.06968198751911064,0.07642139634159124,0.06096418391607746,0.03442022919631922,0.06202374743975618,0.02493473140404352,0.0011336988433408171,13,34,0.049819677859561866,0.2068361828617042,True,True,True,2.799156544930355e-07,COMPLETE
1638,0.4016969323158264,2025-04-13 17:41:02.209393,2025-04-13 17:41:14.740413,0 days 00:00:12.531020,0.4808960095371117,0.67566366504401,2,0.06298443587528797,0.08583700936221011,0.0620006493833536,0.031634867882207554,0.05338246725999996,0.02146743639671474,0.0006924028528327507,12,33,0.04592469110117934,0.20060375556576707,True,True,True,4.114506682949988e-07,COMPLETE
1639,0.28972108364105226,2025-04-13 17:41:15.289616,2025-04-13 17:41:22.515969,0 days 00:00:07.226353,0.3952008760333126,0.6137664572117788,8,0.0783896926707546,0.06992487413095405,0.059758794262158105,0.03544125912797276,0.05685611623835319,0.02116570703572972,0.001017526424177687,11,36,0.051207653345474266,0.20789690822679774,True,True,True,3.354452021463416e-07,COMPLETE
1640,0.3920533895492554,2025-04-13 17:41:23.048383,2025-04-13 17:41:30.300504,0 days 00:00:07.252121,0.4590634544921647,0.6574342981176906,8,0.06956276415204016,0.08063636942207911,0.06223696223277193,0.03143978399697126,0.05850752463439308,0.023961464785614596,0.0020207227125856567,12,30,0.0440942451534562,0.19746775093515065,True,True,True,1.9573630899456013e-07,COMPLETE
1641,0.42960045337677005,2025-04-13 17:41:30.849416,2025-04-13 17:41:38.306095,0 days 00:00:07.456679,0.4849299007968051,0.6789313464553386,8,0.058659500076780294,0.0641449615799713,0.06250779888708358,0.02738644959153116,0.05569810850371684,0.019870271323885323,0.0008695926071319265,13,33,0.05445908106317209,0.2050117922382278,True,True,True,5.05913308655443e-07,COMPLETE
1642,0.2949157238006592,2025-04-13 17:41:38.835770,2025-04-13 17:41:46.306328,0 days 00:00:07.470558,0.42502924064240916,0.596735300721403,8,0.06632888937445967,0.08815534454805195,0.05912459284382359,0.03711038548407915,0.060583431035613214,0.025895338357646062,0.0006838462781105351,13,36,0.05254486656513021,0.2143075161480907,True,True,True,7.898570130241057e-07,COMPLETE
1643,0.4341681480407715,2025-04-13 17:41:46.832028,2025-04-13 17:41:54.022333,0 days 00:00:07.190305,0.4505763499638696,0.6523761135399933,8,0.05452748100309707,0.08039279464888438,0.060933950590175166,0.033311162666510956,0.05174573315828722,0.02795074437357075,0.0008327125381976768,11,37,0.05451271735352832,0.1897492854877525,True,True,True,2.5768697695883776e-07,COMPLETE
1644,0.2755512833595276,2025-04-13 17:41:54.565593,2025-04-13 17:42:01.509760,0 days 00:00:06.944167,0.4644462384360785,0.6311183263366728,8,0.05256769554232983,0.07287710006673834,0.05880468364207499,0.032122388091561364,0.050140411549871616,0.02544109246857208,0.001414147702393405,10,34,0.05431771575207415,0.1897736048806299,True,True,False,2.7146927407979473e-07,COMPLETE
1645,0.2947814404964447,2025-04-13 17:42:02.038078,2025-04-13 17:42:09.159964,0 days 00:00:07.121886,0.3632422532033521,0.6439573383190033,8,0.053032608310443305,0.07500237831189072,0.057003746704206576,0.03330636797918308,0.049566279607953595,0.029362726475099334,0.0008178773708315176,11,31,0.0526923722223303,0.18952960302128868,True,True,True,1.9125967283772086e-07,COMPLETE
1646,0.31286972761154175,2025-04-13 17:42:09.714330,2025-04-13 17:42:16.796994,0 days 00:00:07.082664,0.4829467723379182,0.6291349191892026,8,0.05487052696194201,0.0684686430777392,0.05772060899804939,0.03542374239785627,0.05211393242319874,0.026632193531576354,0.0011528263617055913,10,36,0.050653058991561827,0.17241955539964382,True,True,True,2.251459812161574e-07,COMPLETE
1647,0.3497704148292542,2025-04-13 17:42:17.325520,2025-04-13 17:42:24.486134,0 days 00:00:07.160614,0.4494698126684869,0.6521400623882596,8,0.05313746751544214,0.07679699251063772,0.06125285811863496,0.03499082726126966,0.05018935062189486,0.023614968434143284,0.0009966856079864916,11,27,0.05448282359072747,0.1798958411049342,True,True,True,1.2318549000577992e-07,COMPLETE
1648,0.2861728131771088,2025-04-13 17:42:25.013317,2025-04-13 17:42:32.194773,0 days 00:00:07.181456,0.43112582300034996,0.5937803860935293,8,0.053355508731852914,0.07822891624085447,0.06060233721993508,0.0333435389263734,0.05253655571747826,0.02591981834670703,0.0008968619068969646,11,36,0.049503786134439634,0.17584555510472988,True,True,True,3.564921708845449e-07,COMPLETE
1649,0.41828337907791135,2025-04-13 17:42:32.744172,2025-04-13 17:42:44.664495,0 days 00:00:11.920323,0.4822477345603159,0.6554535803323548,2,0.059362581229375294,0.08428989363490665,0.06010318574302485,0.030716159598279832,0.05132414983657283,0.02204108662286358,0.0010397264946011135,11,31,0.052582681303763715,0.18174580968949205,True,True,True,2.8362502630868736e-07,COMPLETE
1650,0.3830594658851624,2025-04-13 17:42:45.195169,2025-04-13 17:42:52.518747,0 days 00:00:07.323578,0.4796088462606552,0.6172166794211461,8,0.057847762318147124,0.06247436689559574,0.0558311072354582,0.02962776962612344,0.05332341429125169,0.02747423804867332,0.0013771827676219255,12,37,0.048090763568557765,0.18523334035598277,True,False,True,1.5702093119153125e-07,COMPLETE
1651,0.4099279880523682,2025-04-13 17:42:53.070965,2025-04-13 17:43:00.107903,0 days 00:00:07.036938,0.46194018519184676,0.6576277711491377,8,0.052773463422210176,0.0826806145054441,0.059083966032309684,0.0365440786514584,0.05316564674899994,0.028519077475258458,0.04598366795546155,10,34,0.05467876349141442,0.19460086694529014,True,True,True,2.43519310404009e-07,COMPLETE
