number,value,datetime_start,datetime_complete,duration,params_alpha-eval,params_alpha-train,params_batch-size,params_eps-eval,params_eps-train,params_lambda-actions-eval,params_lambda-actions-train,params_lambda-frames-eval,params_lambda-frames-train,params_learning-rate,params_n-epochs,params_n-frames,params_radius-gw,params_rho,params_std-feats,params_ub-actions,params_ub-frames,params_weight-decay,state
1196,0.4259604573249817,2025-04-15 15:51:40.735354,2025-04-15 15:51:51.259046,0 days 00:00:10.523692,0.4902042618025541,0.773329101219793,16,0.03190370705147191,0.15999690171421857,0.09255768967730868,0.020906927446997466,0.08121443258858294,0.09808811700876857,8.725550720272514e-05,28,150,0.06290474984301311,0.21543913801319564,True,True,True,3.6345218741232354e-08,COMPLETE
1197,0.42538639307022097,2025-04-15 15:51:51.648489,2025-04-15 15:52:02.064668,0 days 00:00:10.416179,0.5330094816023756,0.74590408961045,16,0.019841561031718226,0.1715464137540823,0.09478665717971574,0.016359071401863837,0.0790573408415152,0.0997945873563229,5.160005571513016e-05,29,139,0.060123379353044494,0.20513865282854038,True,True,True,1.4548369476690058e-08,COMPLETE
1198,0.43164739608764646,2025-04-15 15:52:02.455744,2025-04-15 15:52:13.119255,0 days 00:00:10.663511,0.47043669439545976,0.7903125215329693,16,0.026479272937670228,0.16290308064454778,0.09506265839229766,0.021099395163061193,0.08101061183981591,0.09533785764424402,0.00010403794262091736,29,145,0.06121518618784531,0.19687706421612483,True,True,True,2.3740013271632912e-08,COMPLETE
1199,0.4233287930488587,2025-04-15 15:52:13.512977,2025-04-15 15:52:23.983643,0 days 00:00:10.470666,0.4576902427975759,0.8135805139273959,16,0.01957979485318604,0.15396389815185618,0.09114484874702439,0.021722058061720013,0.07767904648244559,0.05031951649292378,9.707390011311735e-05,28,147,0.06331437477679046,0.19963667775686023,True,True,True,3.69405426162728e-08,COMPLETE
1200,0.42359492778778074,2025-04-15 15:52:24.375712,2025-04-15 15:52:34.918876,0 days 00:00:10.543164,0.4707388810722518,0.7910469573635039,16,0.02517015853530189,0.14600436587663146,0.09062706899358638,0.020439101402676706,0.07567426871324676,0.09491935142510434,0.00010528007048039761,29,145,0.06472862814559166,0.20904100889551483,True,True,True,2.4692660822493753e-08,COMPLETE
1201,0.2048193633556366,2025-04-15 15:52:35.313601,2025-04-15 15:52:46.125790,0 days 00:00:10.812189,0.4671796553615168,0.8184042263659003,16,0.02593505323922627,0.17223595381738233,0.09321489879678618,0.020227818597433837,0.08007563557062106,0.09712258822253493,8.22889475403867e-05,30,148,0.006563789891220188,0.22080282094500564,True,True,True,3.081047692961298e-08,COMPLETE
1202,0.42437083721160895,2025-04-15 15:52:46.526731,2025-04-15 15:52:57.024741,0 days 00:00:10.498010,0.4494222873108651,0.7884690966945074,16,0.020034577325628404,0.16650190786247632,0.09474699189417086,0.018206256878254622,0.07869363408170005,0.03577705404877057,7.24419713510727e-05,29,143,0.06091791747172075,0.20132791678070688,True,True,True,6.467293526721761e-06,COMPLETE
1203,0.4133862137794495,2025-04-15 15:52:57.417962,2025-04-15 15:53:07.835125,0 days 00:00:10.417163,0.49756977368082034,0.775345214593435,16,0.02681872660682899,0.1580182731946147,0.09234631257988102,0.017992860821326822,0.08107653201059992,0.0999960159564218,9.346762520397803e-05,28,145,0.0685728621094288,0.2321407092510738,True,True,True,2.159840097480249e-08,COMPLETE
1204,0.4226907372474671,2025-04-15 15:53:08.230197,2025-04-15 15:53:18.713523,0 days 00:00:10.483326,0.47929426167305866,0.7970040932435591,16,0.019775804153907308,0.1727915371596562,0.0948866089346072,0.021496293612092477,0.08145456136587144,0.09561970479544718,0.00010957459210110754,29,142,0.0628679629529771,0.21108145858563726,True,True,True,2.8595575628967455e-08,COMPLETE
1205,0.4270061612129211,2025-04-15 15:53:19.106231,2025-04-15 15:53:29.784210,0 days 00:00:10.677979,0.4411753789001345,0.770759201852439,16,0.02995609666773277,0.16326798966165665,0.09290716137143967,0.016352404446694713,0.07427675701282534,0.09794631347134583,8.014468861095268e-05,29,147,0.06030740540777104,0.19652581218621193,True,True,True,3.9713837321954456e-08,COMPLETE
1206,0.4253402352333069,2025-04-15 15:53:30.177481,2025-04-15 15:53:41.055949,0 days 00:00:10.878468,0.4839387522923541,0.8194628983274846,16,0.024667426302338022,0.15402332846625075,0.09141137934896894,0.019553563948548357,0.07633838293549416,0.09510458222086739,0.00010131210762555344,30,150,0.06576657773921799,0.2046253978582446,True,True,True,2.4231960664707956e-08,COMPLETE
1207,0.2155802607536316,2025-04-15 15:53:41.449580,2025-04-15 15:53:52.153825,0 days 00:00:10.704245,0.4553134207139798,0.7910032503144843,16,0.019988794414949565,0.17456416928690616,0.09518976775769598,0.009071288091449093,0.07965542473488801,0.09988902208122692,0.00010732259281759879,30,145,0.061770500073473386,0.1961622208669266,True,True,False,1.872723476103241e-08,COMPLETE
1208,0.4263380765914917,2025-04-15 15:53:52.547538,2025-04-15 15:54:03.012853,0 days 00:00:10.465315,0.5035151540350128,0.7681334053055235,16,0.03307366261336319,0.1690784497497578,0.09340622071543069,0.02105992286383543,0.07725830716461025,0.0973095088284398,5.759258614350978e-05,29,141,0.0641423820789056,0.21214593282574695,True,True,True,2.9489031965181328e-08,COMPLETE
1209,0.3886101126670838,2025-04-15 15:54:03.411600,2025-04-15 15:54:13.958409,0 days 00:00:10.546809,0.48155382843617067,0.8011008445325,16,0.038987013057315695,0.14085858025329887,0.0954118354613007,0.02299887390456475,0.08081344009644068,0.0947809747768973,6.944321171193466e-05,29,144,0.060256726313076846,0.20082181741049668,True,True,True,2.2528595197298203e-08,COMPLETE
1210,0.42049343585968013,2025-04-15 15:54:14.355032,2025-04-15 15:54:24.860384,0 days 00:00:10.505352,0.505111497981527,0.7602231923288851,16,0.02514916240683926,0.1628456344337168,0.03433715761477335,0.014888709220400233,0.07880742525586966,0.0982513118191587,0.00011181100681557557,28,148,0.06233186440411939,0.19489817121528938,True,True,True,4.700903347455103e-08,COMPLETE
1211,0.2048193633556366,2025-04-15 15:54:25.256391,2025-04-15 15:54:35.899155,0 days 00:00:10.642764,0.46753219553700354,0.814885104099029,16,0.23940185062785363,0.17550166686257027,0.09002704497625678,0.023087198067864315,0.08171106347367812,0.09658556712140311,4.116188634506691e-05,30,141,0.05990296237380807,0.20569221089969528,True,True,True,3.7157326439220045e-08,COMPLETE
1212,0.302664190530777,2025-04-15 15:54:36.295183,2025-04-15 15:54:46.768197,0 days 00:00:10.473014,0.4426611846161062,0.1223084658839293,16,0.03149368310129577,0.16906066464988717,0.0904702339152042,0.018217610688649286,0.07956359156372464,0.0999799719168562,9.831051944862495e-05,28,150,0.06459416505159828,0.19501217881708366,True,True,True,1.6708957746847754e-08,COMPLETE
1213,0.42525253295898435,2025-04-15 15:54:47.164323,2025-04-15 15:54:57.413899,0 days 00:00:10.249576,0.4929305320959718,0.7806413633466931,16,0.018981542084178987,0.15061741311785995,0.09278597540871378,0.022803487213635138,0.08204379621138817,0.09471078003901336,8.058309808003644e-05,27,145,0.061937799602521,0.2226540313995383,True,True,True,9.40006981718812e-06,COMPLETE
1214,0.3102333664894104,2025-04-15 15:54:57.809697,2025-04-15 15:55:08.225597,0 days 00:00:10.415900,0.5157475732695107,0.3974270918174549,16,0.027080153474040372,0.1592551739847812,0.0956446312013828,0.013560971382859072,0.07794219777040881,0.0969109861945232,0.00011469891000656697,29,138,0.06693893448458971,0.21502972973198708,True,True,True,2.628016387746949e-08,COMPLETE
1215,0.4159136176109314,2025-04-15 15:55:08.619542,2025-04-15 15:55:19.332951,0 days 00:00:10.713409,0.4745146956174973,0.7529697375286436,16,0.036973390535134765,0.17488910090488163,0.09423730710121843,0.020770790556523224,0.07489601602997151,0.09818168273088473,7.910862672693493e-05,30,142,0.0597779684258094,0.20094032620482444,True,True,True,1.4046503373049108e-08,COMPLETE
1216,0.4099990606307984,2025-04-15 15:55:19.727943,2025-04-15 15:55:30.470449,0 days 00:00:10.742506,0.9389628522194586,0.8017994417312164,16,0.019543687059710445,0.1660138912211095,0.09088695600896365,0.016479446121674308,0.0814902599613189,0.09499282140608241,0.00011650981124799797,30,146,0.06335480783905081,0.20884863223512534,True,True,True,1.9573361242459123e-08,COMPLETE
1217,0.42294859886169434,2025-04-15 15:55:30.866214,2025-04-15 15:55:41.339132,0 days 00:00:10.472918,0.4557818085826398,0.7742804336912167,16,0.03188472700754931,0.17747064383040226,0.09608941009086758,0.018699459892955655,0.07902028442297845,0.09998148199082953,9.650484957321795e-05,29,140,0.06037296356239293,0.19903332235203028,True,True,True,3.273629343916305e-08,COMPLETE
1218,0.38441059589385984,2025-04-15 15:55:41.737202,2025-04-15 15:55:52.587944,0 days 00:00:10.850742,0.49531864560024336,0.7531133688828102,16,0.04379309613314064,0.15841886887105486,0.09314198138319477,0.0232455985841513,0.07654317659068265,0.09669056566883977,3.39695487977427e-05,30,148,0.06173942681526158,0.19357653169149722,True,True,True,2.390167193810554e-08,COMPLETE
1219,0.43020942211151125,2025-04-15 15:55:52.987595,2025-04-15 15:56:03.506856,0 days 00:00:10.519261,0.43546913876685844,0.7961340598568334,16,0.024997948536093,0.17021397745409372,0.09600697801510749,0.020958819760121376,0.08153241713597276,0.09808952663281291,0.00011913543824563704,29,143,0.05905388842458309,0.204088801191265,True,True,True,1.7189978759635916e-08,COMPLETE
1220,0.41663146018981934,2025-04-15 15:56:03.903949,2025-04-15 15:56:14.432949,0 days 00:00:10.529000,0.43006531372590395,0.8172706545772978,16,0.029892525665404342,0.17206606936509744,0.09180594000277201,0.011412500313267725,0.08214638115985803,0.09994745047362211,8.876343387800324e-05,30,137,0.05903322966345358,0.19614061908303415,True,True,True,1.3564424865356453e-08,COMPLETE
1221,0.3681252241134644,2025-04-15 15:56:14.834473,2025-04-15 15:56:25.195552,0 days 00:00:10.361079,0.44110261605204665,0.795165272859137,16,0.03866534830881731,0.1811328694829315,0.09390282277756663,0.023210640959039405,0.08146123857333253,0.0981640678565907,5.5859666103708515e-05,28,142,0.06514089769050734,0.20436476745993623,True,True,True,1.7224308019894228e-08,COMPLETE
1222,0.4209338545799256,2025-04-15 15:56:25.594096,2025-04-15 15:56:36.042635,0 days 00:00:10.448539,0.4304127958228299,0.7414875964183285,16,0.033602523191708,0.17591318289901484,0.09104789509971103,0.020102292488337944,0.08265227462208749,0.09806715312281117,0.0001241230002409065,28,147,0.059136959121801884,0.21478124124366943,True,True,True,1.4449167602201824e-08,COMPLETE
1223,0.419428563117981,2025-04-15 15:56:36.445781,2025-04-15 15:56:47.018563,0 days 00:00:10.572782,0.4575005014030068,0.8186839425526251,16,0.02702195743390333,0.15300453759017155,0.09528021545275853,0.017502017976701822,0.08244737128803341,0.09479037754172619,7.367278271682772e-05,30,139,0.06301639567905382,0.19319375787363144,True,True,True,1.7019537267502184e-08,COMPLETE
1224,0.4234357357025147,2025-04-15 15:56:47.417800,2025-04-15 15:56:58.131150,0 days 00:00:10.713350,0.5217172007191508,0.7725608700847597,16,0.019902319915118864,0.16265547268802405,0.09299280307304822,0.019142779510153494,0.07972997118663482,0.09997561063056172,0.00011360845477269987,29,150,0.06166393306201398,0.20988691957426595,True,True,True,1.9463161980520723e-08,COMPLETE
1225,0.22770660519599917,2025-04-15 15:56:58.529852,2025-04-15 15:57:09.098215,0 days 00:00:10.568363,0.43156449776223094,0.5417866549190496,16,0.12206616760771809,0.17032930090060933,0.09548841856434577,0.014374151792551153,0.08166131582290086,0.0960735561030087,8.710220933894807e-05,29,143,0.07063144328585248,0.19192814324529617,True,True,True,1.24949955228925e-08,COMPLETE
1226,0.42708582878112794,2025-04-15 15:57:09.497029,2025-04-15 15:57:19.846605,0 days 00:00:10.349576,0.4571438635584016,0.7563750823525348,16,0.027252290329784008,0.14600948599530952,0.09337942135364319,0.02306855593578413,0.07737169581526902,0.09810232536290843,0.00011555831963312869,28,145,0.05868996856134459,0.20240184824545637,True,True,True,1.2997250862527611e-08,COMPLETE
1227,0.23180595636367798,2025-04-15 15:57:20.245081,2025-04-15 15:57:30.277417,0 days 00:00:10.032336,0.5436764335704437,0.4589138248747585,16,0.042470825408445295,0.17799234977547895,0.09575020828914778,0.016062727533866113,0.03790912178736644,0.09442902270520799,9.38966520309932e-05,27,140,0.06391915774909694,0.19697363936240375,True,True,False,2.095906566092264e-08,COMPLETE
1228,0.41889051198959354,2025-04-15 15:57:30.677918,2025-04-15 15:57:40.826213,0 days 00:00:10.148295,0.5124093071138637,0.7969172259230369,16,0.03562709784177191,0.1644316576692654,0.090077013247813,0.009523263435939474,0.08048688497473973,0.09660968254033792,6.775571999511784e-05,26,147,0.0609094696714861,0.2081113285855457,True,True,True,1.6815541945924364e-08,COMPLETE
1229,0.4244911789894104,2025-04-15 15:57:41.227900,2025-04-15 15:57:51.875240,0 days 00:00:10.647340,0.48194953492386017,0.8222975448573334,16,0.019020274736903514,0.17101179437552919,0.09216890464820755,0.02132898296478083,0.08270548077736253,0.09795561241045322,0.0001278905743727539,30,143,0.058599892398361275,0.1999518435841244,True,True,True,2.315952788000728e-08,COMPLETE
1230,0.4130735993385315,2025-04-15 15:57:52.275701,2025-04-15 15:58:02.694518,0 days 00:00:10.418817,0.5334099272261841,0.7394430612874412,16,0.024720906032982944,0.18008409333226805,0.09498113912339476,0.022254018446858384,0.07891252124642541,0.09392641908693643,0.00011057814116966931,29,138,0.0672628308582976,0.1916871267251834,True,True,True,1.3409309692962401e-08,COMPLETE
1231,0.4156874895095825,2025-04-15 15:58:03.097017,2025-04-15 15:58:13.936449,0 days 00:00:10.839432,0.43387823707376044,0.7780466006731862,16,0.03117454796318198,0.16150464350227225,0.09028607847399196,0.023493246448218333,0.08280717448966458,0.09818071764077399,6.387673957929915e-05,30,147,0.062403754987413296,0.19129276406472526,True,True,True,1.8509884376388107e-08,COMPLETE
1232,0.3504540801048279,2025-04-15 15:58:14.335639,2025-04-15 15:58:25.035729,0 days 00:00:10.700090,0.46846553403674457,0.7600696158890371,16,0.04795409151164126,0.15508646224977413,0.09647631031929371,0.018330647579436213,0.07999173456283115,0.09996366040837586,4.673052125829895e-05,29,150,0.060337581921942746,0.20784276786810513,True,True,True,2.625433343395202e-08,COMPLETE
1233,0.3996723055839539,2025-04-15 15:58:25.438695,2025-04-15 15:58:36.062188,0 days 00:00:10.623493,0.508018101067502,0.80081460254829,16,0.037770893015644486,0.17215239767290444,0.09356113416742058,0.012467043378222367,0.08382681602189523,0.0959063264487451,7.726220962199663e-05,30,141,0.06454885712511978,0.21553989000409257,True,True,True,1.513206072587283e-08,COMPLETE
1234,0.17611790895462037,2025-04-15 15:58:36.485581,2025-04-15 15:58:47.027803,0 days 00:00:10.542222,0.04414085624492914,0.7773755768187554,16,0.025445551437550472,0.1662212072947494,0.09229907406571006,0.024266863816892928,0.07784695528622461,0.09393420450691035,0.0001355669059000732,29,144,0.05951255281412462,0.19990060761297715,True,True,True,2.1147656818974807e-08,COMPLETE
1235,0.2048193633556366,2025-04-15 15:58:47.432129,2025-04-15 15:58:57.659554,0 days 00:00:10.227425,0.4464826490978153,0.7399381201192573,16,0.1941375153085158,0.17957101557728297,0.09614293817906054,0.019608873263003167,0.0814203291334881,0.09655432202467037,8.029427630701992e-05,28,137,0.05826606194873934,0.22418521605191774,True,True,True,1.1912112852166593e-08,COMPLETE
1236,0.2048193633556366,2025-04-15 15:58:58.064878,2025-04-15 15:59:08.787115,0 days 00:00:10.722237,0.5577870613913904,0.8211698459140861,16,0.10564999250976215,0.1492981320688904,0.09431256041792926,0.016087504086414683,0.08418749474082404,0.0980792521083295,0.00011840491896011844,30,144,0.06187909440729245,0.19318750565295462,True,True,True,1.7251624986364797e-05,COMPLETE
1237,0.30137651562690737,2025-04-15 15:59:09.192692,2025-04-15 15:59:19.696905,0 days 00:00:10.504213,0.49214405176427223,0.5186896150649326,16,0.01921144540213205,0.15815639233727483,0.0904201862554601,0.021190838410120462,0.07533684176884434,0.09538250832896801,9.235792311264176e-05,29,141,0.06529313303513412,0.20477546061072374,True,True,True,1.847863713503097e-08,COMPLETE
1238,0.2048193633556366,2025-04-15 15:59:20.105373,2025-04-15 15:59:30.869984,0 days 00:00:10.764611,0.5231393394549644,0.761002938749802,16,0.23247252274010416,0.17418513360194496,0.09617985033131136,0.024370393442373017,0.08074436517117432,0.09998240975024776,9.905049584519393e-05,30,148,0.027124169153596746,0.1985631077486786,True,True,True,2.69891961421772e-08,COMPLETE
1239,0.4179248571395874,2025-04-15 15:59:31.275686,2025-04-15 15:59:41.882570,0 days 00:00:10.606884,0.4657998244780065,0.7977679273330975,16,0.03164688825550575,0.1807754836749285,0.09402337307429733,0.01475651829810613,0.0787243667589336,0.09350713516824492,0.00014469523307016237,29,145,0.06316158923906344,0.19158711530995476,True,True,True,1.510210967718966e-08,COMPLETE
1240,0.42811129093170164,2025-04-15 15:59:42.288015,2025-04-15 15:59:51.989539,0 days 00:00:09.701524,0.500758785579724,0.780095940240155,16,0.026841329902854875,0.14100488152769186,0.09208070272418566,0.024350605737581802,0.08334576128748278,0.0979391958202428,5.362932928318341e-05,30,108,0.06090624246687527,0.20814884515547477,True,True,True,1.2237685728322336e-08,COMPLETE
1241,0.42326754331588745,2025-04-15 15:59:52.398277,2025-04-15 16:00:02.927730,0 days 00:00:10.529453,0.5412222525926101,0.8203254957685944,16,0.019144105883373386,0.13798215810562203,0.08998173450647656,0.025648048779970036,0.08421377189564343,0.09816788300246701,5.30570415849985e-05,30,137,0.06625663026037712,0.21342519071557584,True,True,True,1.2025060169266534e-08,COMPLETE
1242,0.17534216046333312,2025-04-15 16:00:03.334599,2025-04-15 16:00:13.916909,0 days 00:00:10.582310,0.12485864212300996,0.7318860416928582,16,0.04076839958655015,0.1440111354782491,0.0902688663610792,0.02451110175224622,0.08335465273616047,0.09835007268247908,3.968089999508456e-05,30,140,0.06339015204515695,0.22325290803634812,True,True,True,1.283775615876226e-08,COMPLETE
1243,0.4264694094657898,2025-04-15 16:00:14.322061,2025-04-15 16:00:24.863440,0 days 00:00:10.541379,0.5082054751129693,0.7872686530588444,16,0.023826665774973513,0.18376413833895275,0.09231331205088275,0.02356363957490505,0.0845798123489493,0.09832596309216933,2.6192376732923096e-05,30,136,0.06166199346091201,0.2150178195631485,True,True,True,1.1895523157934558e-08,COMPLETE
1244,0.413476824760437,2025-04-15 16:00:25.268295,2025-04-15 16:00:36.126472,0 days 00:00:10.858177,0.47410198963361,0.7555573528204066,16,0.03504416135086645,0.17738495435433724,0.09091986585313976,0.023543667612449495,0.08289589193305215,0.09595028843096978,7.564932514153706e-05,30,150,0.06803678913837378,0.218522125147603,True,True,True,1.0170620415752886e-08,COMPLETE
1245,0.2587101817131042,2025-04-15 16:00:36.531226,2025-04-15 16:00:46.101690,0 days 00:00:09.570464,0.5583497246664968,0.09118773505490979,16,0.030595381845924655,0.17391308576399858,0.09189998997554763,0.023911384886421132,0.08547131668864061,0.09677469466553212,5.4519760800289905e-05,30,103,0.06419634041834942,0.20917970838453365,True,True,False,1.5027348391503338e-08,COMPLETE
1246,0.4258521795272827,2025-04-15 16:00:46.505446,2025-04-15 16:00:56.945024,0 days 00:00:10.439578,0.52478033132963,0.8080043605159662,16,0.018788454180945796,0.153475507997416,0.09302310685413906,0.02561790549872506,0.08189081369100658,0.09495905226717148,4.364302606417323e-05,29,141,0.0609191637750645,0.1883988482085819,True,True,True,1.6436512442860152e-08,COMPLETE
1247,0.4245886325836182,2025-04-15 16:00:57.352549,2025-04-15 16:01:07.865093,0 days 00:00:10.512544,0.44900262436733057,0.7864732993139069,16,0.02281927104575125,0.1615998524112064,0.09000223828117314,0.022257233543448815,0.08453489479248508,0.09840591125417048,5.4197394029775296e-05,30,138,0.06258659456153477,0.2065641825350779,True,True,True,1.2628163770200712e-08,COMPLETE
1248,0.42364623546600344,2025-04-15 16:01:08.273672,2025-04-15 16:01:18.929155,0 days 00:00:10.655483,0.4875322902395789,0.7376743830657183,16,0.0290719346068937,0.18364982280517642,0.09210082631718568,0.02512492868034889,0.08257867351188354,0.09998867644071517,6.069842876769552e-05,30,142,0.06584091526467109,0.19678797474867293,True,True,True,1.2038104560809232e-05,COMPLETE
1249,0.4051627397537232,2025-04-15 16:01:19.333951,2025-04-15 16:01:29.952846,0 days 00:00:10.618895,0.43068391071123113,0.7690464003677522,16,0.03381202631071892,0.16942765028728365,0.09391019758912447,0.01730132707701595,0.08159086714817924,0.09347010079809077,6.025824894520869e-05,29,147,0.06011242881315477,0.19035690290985183,True,True,True,3.3242599383081402e-06,COMPLETE
1250,0.42495739459991455,2025-04-15 16:01:30.363039,2025-04-15 16:01:40.916589,0 days 00:00:10.553550,0.506435581415526,0.8241360808598452,16,0.018099584259174527,0.17714629426519735,0.09724199961814636,0.02472959334725521,0.08543343872065473,0.09660955250548968,8.680337272195985e-05,29,143,0.06147382057661987,0.20957403534219435,True,True,True,1.005570980639386e-08,COMPLETE
1251,0.3985081791877747,2025-04-15 16:01:41.322722,2025-04-15 16:01:51.084224,0 days 00:00:09.761502,0.537199315307529,0.7994000073491103,16,0.03907442931035412,0.16399783624526973,0.09054788325396815,0.0217735484131114,0.0833700374917494,0.09786608334254158,4.6023510859119286e-05,30,110,0.06389502367250756,0.1969829499401134,True,True,True,1.7524335722685215e-08,COMPLETE
1252,0.42732645273208614,2025-04-15 16:01:51.493938,2025-04-15 16:02:02.145217,0 days 00:00:10.651279,0.4695707003148881,0.7519182069521942,16,0.023949532267355755,0.15707712688388292,0.09381855325712685,0.018958991555081732,0.08116823120095343,0.0523585163636535,5.064232018439033e-05,29,147,0.05951414418006128,0.18739936703331037,True,True,True,1.3456741632293207e-08,COMPLETE
