number,value,datetime_start,datetime_complete,duration,params_alpha-eval,params_alpha-train,params_batch-size,params_eps-eval,params_eps-train,params_lambda-actions-eval,params_lambda-actions-train,params_lambda-frames-eval,params_lambda-frames-train,params_learning-rate,params_n-epochs,params_n-frames,params_radius-gw,params_rho,params_std-feats,params_ub-actions,params_ub-frames,params_weight-decay,state
341,0.3618179321289063,2025-04-15 13:49:00.347912,2025-04-15 13:49:07.280208,0 days 00:00:06.932296,0.4678325289346532,0.9817737396368827,16,0.05298107360871518,0.10953829543540272,0.0992654600219755,0.08295047841518642,0.061076891112975214,0.002342009220918359,0.0017286501432684153,15,46,0.05454961515800801,0.1881887461791468,True,False,True,0.00011789888395977462,COMPLETE
342,0.40745247602462764,2025-04-15 13:49:07.387928,2025-04-15 13:49:14.229179,0 days 00:00:06.841251,0.4318270254479435,0.9768201874818748,16,0.04171216724017276,0.08033274682787231,0.09539168122674088,0.08185383118037942,0.0597998503308388,0.0027219518994557983,0.00208380082663553,15,38,0.04919510400873953,0.20385895215064473,True,False,True,9.377245515665151e-05,COMPLETE
343,0.4204142451286316,2025-04-15 13:49:14.337475,2025-04-15 13:49:21.347741,0 days 00:00:07.010266,0.4835280725841335,0.9678593715025745,16,0.039284786192848656,0.09101871194123208,0.09583635861104076,0.08389258793388951,0.06331127160680344,0.0022421930541534595,0.0017634454310718032,16,42,0.05562852496156724,0.19346357572759118,True,False,True,0.00014825445810991885,COMPLETE
344,0.4181535720825196,2025-04-15 13:49:21.456590,2025-04-15 13:49:28.399136,0 days 00:00:06.942546,0.46604078773130414,0.9818815729970397,16,0.03901312093025661,0.08915350495805972,0.09376455397919173,0.07985407964208367,0.06164572308275118,0.003081951225553735,0.0014626301868780757,15,42,0.053082943643091456,0.17728821847546422,True,False,True,0.00015041443216041306,COMPLETE
345,0.4196735501289368,2025-04-15 13:49:28.518099,2025-04-15 13:49:35.516925,0 days 00:00:06.998826,0.45454583949926863,0.9999368468662406,16,0.03838088764002229,0.08938766231234774,0.09479670546161575,0.07982689961977832,0.06322525203152732,0.0031633745433986378,0.0016610417177135978,15,48,0.05443448039213884,0.17948347567521986,True,False,True,0.00015075020069188776,COMPLETE
346,0.4196735501289368,2025-04-15 13:49:35.626427,2025-04-15 13:49:42.724867,0 days 00:00:07.098440,0.4617941732791091,0.9796259971505603,16,0.03813092004060657,0.09550609263925687,0.09624692901949965,0.07890434491852798,0.0638704113188303,0.0017748752833659843,0.0014471223895531973,16,49,0.054897317849141085,0.17968816900709045,True,False,True,0.00018017546783990446,COMPLETE
347,0.41914937496185306,2025-04-15 13:49:42.833835,2025-04-15 13:49:49.956875,0 days 00:00:07.123040,0.46348276392776294,0.9558872858995736,16,0.03898018968143952,0.09265578874932935,0.09602752660526029,0.07769968993693516,0.06370874001290841,0.0016050783262951665,0.0014005660952446477,16,49,0.0545353639763963,0.17713379712647215,True,False,True,0.00021890730890508156,COMPLETE
348,0.4196735501289368,2025-04-15 13:49:50.065539,2025-04-15 13:49:57.104918,0 days 00:00:07.039379,0.4618410546143912,0.9633288801653973,16,0.039066428467252,0.09147960681168672,0.09618100428257162,0.0781233656772334,0.06488608548120474,0.0021884367668691808,0.0013179649478055739,16,49,0.05487596481619599,0.17949306454340264,True,False,True,0.0002141232385042238,COMPLETE
349,0.2544870972633362,2025-04-15 13:49:57.227928,2025-04-15 13:50:04.741724,0 days 00:00:07.513796,0.45867294610941844,0.95578331956202,16,0.03887214199568083,0.09057819056293784,0.09722849726946534,0.07676980203111396,0.06578103817325177,0.00200747185355906,0.0013399539776343984,16,52,0.05412247440277771,0.17663386282181376,True,False,False,0.00019010748664694262,COMPLETE
350,0.4191699862480164,2025-04-15 13:50:04.851802,2025-04-15 13:50:11.878810,0 days 00:00:07.027008,0.4775510844430204,0.9787707190388738,16,0.03965329652806817,0.09440008525975549,0.09570190698217092,0.07864688647334321,0.06410810702634524,0.0014926078340244736,0.0010486134213682017,16,48,0.05529945254872899,0.17878154257606949,True,False,True,0.00023166842939937552,COMPLETE
351,0.4191733956336975,2025-04-15 13:50:11.988745,2025-04-15 13:50:19.100483,0 days 00:00:07.111738,0.48298553298602903,0.9745486105810752,16,0.038467026114233346,0.09437603628232419,0.09988767910738071,0.07591054219388339,0.06439059202846377,0.0013065794041399576,0.0012873150712673087,17,48,0.055775846669500646,0.17913122562614736,True,False,True,0.0002225717456556152,COMPLETE
352,0.41914937496185306,2025-04-15 13:50:19.210766,2025-04-15 13:50:26.260614,0 days 00:00:07.049848,0.4699107964683219,0.977872843640282,16,0.03880220168254172,0.09519209110415949,0.09609656667392331,0.07491375808560696,0.06487197472344187,0.0013286357491660158,0.0012194367432207265,16,50,0.055317778520866716,0.1795914648625261,True,False,True,0.00022996183574761642,COMPLETE
353,0.4192528605461121,2025-04-15 13:50:26.383068,2025-04-15 13:50:33.588688,0 days 00:00:07.205620,0.4765307595720162,0.9792825050963353,16,0.03886259989031143,0.09515205173042159,0.09577140278072352,0.07565164651862727,0.06426022129732717,0.001372151236717242,0.001050839294785981,17,49,0.05546613636693874,0.17857714077180237,True,False,True,0.00024119580032005189,COMPLETE
354,0.36235053539276124,2025-04-15 13:50:33.699186,2025-04-15 13:50:40.882444,0 days 00:00:07.183258,0.47709261827453003,0.9796664708476822,16,0.051774619891798976,0.09464551035808344,0.09565094732636686,0.07462469818547456,0.06411969038357208,0.001182762281219791,0.0010126202022258614,17,49,0.05570613752336354,0.18152893444546722,True,False,True,0.0002713818792173265,COMPLETE
355,0.42050532102584837,2025-04-15 13:50:40.994445,2025-04-15 13:50:48.176340,0 days 00:00:07.181895,0.45175157189028514,0.9813986425592219,16,0.039354679260210905,0.09678975718210901,0.09996556727496306,0.07693595621620726,0.06498812285244633,0.0012570044611234302,0.0010862070339919016,17,48,0.05499824913660962,0.17742443753448847,True,False,True,0.00023105857230722033,COMPLETE
356,0.4196735501289368,2025-04-15 13:50:48.287970,2025-04-15 13:50:55.478639,0 days 00:00:07.190669,0.45148564698011423,0.9746096939977388,16,0.03880173104974084,0.09048975392436429,0.09906874477614,0.07713440632883208,0.06589174101576155,0.0019206081802912846,0.00101466793109006,17,49,0.0545072395666622,0.1793901617512627,True,False,True,0.0003580593778068074,COMPLETE
357,0.4196735501289368,2025-04-15 13:50:55.600951,2025-04-15 13:51:02.798558,0 days 00:00:07.197607,0.45024456706738014,0.9574234156071495,16,0.03837203859071147,0.09196436394881216,0.09849238399850202,0.07715188880939952,0.06692407094278832,0.0012743642842369162,0.0009559925129581852,17,49,0.054464048582180895,0.17648572483404187,True,False,True,0.00033269724261382455,COMPLETE
358,0.3830939412117005,2025-04-15 13:51:02.913573,2025-04-15 13:51:10.112487,0 days 00:00:07.198914,0.4600555203852296,0.9534664772077672,16,0.038621479866997606,0.09130877942889346,0.09941961370689122,0.07671404195718609,0.06692939009520196,0.0011943261501867098,0.0010160215919802153,17,49,0.054329976306939774,0.17671826660093928,True,True,True,0.0003729109497262686,COMPLETE
359,0.42055214643478395,2025-04-15 13:51:10.225846,2025-04-15 13:51:17.387812,0 days 00:00:07.161966,0.4179127234626661,0.9554060100796034,16,0.038418196357063526,0.07537353958946374,0.09984850075608238,0.0785469828865758,0.06828615695682505,0.0015144795947235883,0.0008368558803674116,17,47,0.05478622733317326,0.16837172641209083,True,False,True,0.00024248276309177125,COMPLETE
360,0.42050532102584837,2025-04-15 13:51:17.512497,2025-04-15 13:51:24.770805,0 days 00:00:07.258308,0.43991460552943723,0.9551589471872184,16,0.03712001034882612,0.07773762426212871,0.09986355929435119,0.07513386682047625,0.06511648978359111,0.0016618845703488818,0.0008797728344411653,18,46,0.055216250665153954,0.1683515643022394,True,False,True,0.00023964662931770362,COMPLETE
361,0.4196735501289368,2025-04-15 13:51:24.884862,2025-04-15 13:51:32.125629,0 days 00:00:07.240767,0.44506842852509393,0.9537514968541746,16,0.037937605618176794,0.07426936638870543,0.0993640293727595,0.07566874416330327,0.06793016493304023,0.0010855044533945658,0.0008178681499251067,18,47,0.05485402842310631,0.16834588147364776,True,False,True,0.0002576040307304692,COMPLETE
362,0.42107218503952026,2025-04-15 13:51:32.240291,2025-04-15 13:51:39.535077,0 days 00:00:07.294786,0.39240837816969326,0.9521819294906047,16,0.037202547650505485,0.07296996905096836,0.0993989501247454,0.07561655596923804,0.06767308182791384,0.0016507452190226012,0.0007954380180088464,18,51,0.053227461222150274,0.168961550382552,True,False,True,0.000306921182176359,COMPLETE
363,0.4196735501289368,2025-04-15 13:51:39.648718,2025-04-15 13:51:46.903478,0 days 00:00:07.254760,0.4490158036371874,0.951272036452566,16,0.03678836961580913,0.0688377317852399,0.09991362853519418,0.07515616110307974,0.06754714805007268,0.0010666553832961734,0.0007071382234792813,18,51,0.053066258113918054,0.16840172629736425,True,False,True,0.00030151836435142064,COMPLETE
364,0.4201701402664185,2025-04-15 13:51:47.030631,2025-04-15 13:51:54.306255,0 days 00:00:07.275624,0.38851212535025725,0.9513420816678992,16,0.03721643148954549,0.06168645857023924,0.09953263947155605,0.07489176879441888,0.06827150679889739,0.0011143296184410473,0.0007646693551612726,18,47,0.05323907805383733,0.16849194194113018,True,False,True,0.00032840523124401903,COMPLETE
365,0.4211418628692627,2025-04-15 13:51:54.423064,2025-04-15 13:52:01.659073,0 days 00:00:07.236009,0.39036357566859975,0.9582230536355169,16,0.03473473148662524,0.07822180456180272,0.0997490964959064,0.07543318186435093,0.06907686375232484,0.0010326766617034535,0.0007421336434359335,18,47,0.05506636575321513,0.16998428650258682,True,False,True,0.0002493487637650524,COMPLETE
366,0.4234013438224793,2025-04-15 13:52:01.774137,2025-04-15 13:52:09.033909,0 days 00:00:07.259772,0.38938673863829887,0.9526104069394606,16,0.03765774134451928,0.0731256415282118,0.09988718368732967,0.07547697943335238,0.06809390514100518,0.0010660575369761376,0.0008239934789806604,18,47,0.054764071698506944,0.16961848234884558,True,False,True,0.0003577957639011646,COMPLETE
367,0.4240856647491455,2025-04-15 13:52:09.150719,2025-04-15 13:52:16.425243,0 days 00:00:07.274524,0.3771606533877901,0.9493643743737642,16,0.03639397931295556,0.07047462039543687,0.09929422477383666,0.07515584373948414,0.06910185197655773,0.0016312515138624155,0.0007562596264040776,18,47,0.055307911177995495,0.1677617252448763,True,False,True,0.00036130026744636654,COMPLETE
368,0.42116831541061406,2025-04-15 13:52:16.550733,2025-04-15 13:52:23.836139,0 days 00:00:07.285406,0.3862510834436323,0.9498393861475977,16,0.035371699204861946,0.07239151219651888,0.09966511467941051,0.07525770948680202,0.06985781892163037,0.0010088381762899282,0.0007298720740492936,18,51,0.05475812618685337,0.16776699062691425,True,False,True,0.0003169965059365195,COMPLETE
369,0.4245618939399719,2025-04-15 13:52:23.951376,2025-04-15 13:52:31.293598,0 days 00:00:07.342222,0.3453692615150219,0.9511371795997646,16,0.03530629284835892,0.07187283174960157,0.09915428788697511,0.07561550467634048,0.06875022381191981,0.0011235870621623676,0.0007229883574558352,18,54,0.05502907466161172,0.1678670184342415,True,False,True,0.000384819256932948,COMPLETE
370,0.41508868932724,2025-04-15 13:52:31.410136,2025-04-15 13:52:38.791828,0 days 00:00:07.381692,0.32843217744327263,0.9515036626290106,16,0.03556044424933037,0.07499950470593514,0.09995207720201435,0.07334970628231723,0.07007722647940917,0.0012647741056246236,0.0007287266368650936,18,54,0.05555453669672128,0.16646134875695795,True,False,True,0.0003360228558776909,COMPLETE
371,0.28851643800735477,2025-04-15 13:52:38.918153,2025-04-15 13:52:46.531268,0 days 00:00:07.613115,0.34544849804102495,0.9484116439673266,16,0.034792027144423296,0.05904526093706185,0.09981915390047565,0.07567299768513483,0.06849139901668154,0.0014705945282703179,0.0008043071290423307,17,47,0.055811547655365036,0.1679224819917599,True,False,False,0.0004638973397170291,COMPLETE
372,0.3546378374099731,2025-04-15 13:52:46.648423,2025-04-15 13:52:53.906092,0 days 00:00:07.257669,0.3715864160042097,0.5361402213720675,16,0.03482326005358843,0.06866833765044042,0.09798833304327526,0.07557956428148545,0.06868479364695407,0.0042398039995376205,0.0008734742055461558,18,51,0.054102265204455824,0.16172590542381732,True,False,True,0.000382018962837557,COMPLETE
373,0.4245311498641968,2025-04-15 13:52:54.022045,2025-04-15 13:53:01.412318,0 days 00:00:07.390273,0.38836676657934976,0.9499123091890677,16,0.03517390028786293,0.07576248672043068,0.09981347388681315,0.07288132741010377,0.07086748496499595,0.003444986374870413,0.0006840129099133325,18,59,0.05561363330525384,0.15836059351592505,True,False,True,0.000299364485130263,COMPLETE
374,0.4210193634033203,2025-04-15 13:53:01.530998,2025-04-15 13:53:08.971892,0 days 00:00:07.440894,0.38919231139063254,0.9473676947552963,16,0.034769988883791784,0.07235065683409471,0.0999536618083417,0.0739707408556953,0.07116084603991477,0.0010499855657804032,0.0006963948844583849,18,57,0.05349613221818845,0.15447832396029074,True,False,True,0.00029733225388870604,COMPLETE
375,0.4189188122749329,2025-04-15 13:53:09.099116,2025-04-15 13:53:16.414228,0 days 00:00:07.315112,0.3979509750643425,0.9483652331617702,16,0.0337528764325458,0.06228444097020644,0.09763850427754993,0.07340049169104129,0.07229541046038411,0.0039505950640161235,0.0006935545061173133,18,60,0.05345450472132511,0.15622986157570215,True,False,True,0.0002954024120021095,COMPLETE
376,0.4242124557495117,2025-04-15 13:53:16.530749,2025-04-15 13:53:23.948079,0 days 00:00:07.417330,0.38218300417850226,0.9493497850915352,16,0.03334317482516021,0.06975112519298128,0.09824046164209403,0.07291855871122145,0.07070797183132174,0.0011230415612024259,0.0006700711396429395,19,54,0.05679216810515175,0.15270189041895235,True,False,True,0.0003435581382864211,COMPLETE
377,0.4188384771347046,2025-04-15 13:53:24.068085,2025-04-15 13:53:31.471039,0 days 00:00:07.402954,0.35586927842070226,0.9460960859778742,16,0.03561888197666515,0.07148472925563086,0.09835128648369754,0.07224941277116134,0.07072138186630192,0.003566503644303912,0.0006806312123053358,19,57,0.05351231737163395,0.1545558374251165,True,False,True,0.0005408791047623458,COMPLETE
378,0.3718961358070374,2025-04-15 13:53:31.589882,2025-04-15 13:53:38.936329,0 days 00:00:07.346447,0.3851863143988545,0.9646166730135145,16,0.033641298799745006,0.07672070534630025,0.09971553586869768,0.07375635435691662,0.06719176186669942,0.0010916384221538711,0.0006274846921132006,18,56,0.056942933013189756,0.14789185834082155,True,True,True,0.0003566734201372534,COMPLETE
379,0.4204151511192322,2025-04-15 13:53:39.065805,2025-04-15 13:53:46.383682,0 days 00:00:07.317877,0.39234704912091006,0.950598578275946,16,0.03388764680590776,0.0683830543668714,0.0977895836110179,0.0767684792446477,0.07178820890542832,0.003589608544607049,0.0005082231248084408,19,45,0.05325496497131199,0.16271149879394511,True,False,True,0.00042160149908594463,COMPLETE
380,0.17211520671844482,2025-04-15 13:53:46.502448,2025-04-15 13:53:53.882185,0 days 00:00:07.379737,0.35675996317848413,0.9506121254587491,16,0.15375356380867272,0.07135731815393195,0.09731173101452166,0.07734921115539836,0.07135073760549764,0.004023215134212846,0.000544204768084037,19,54,0.053246352476849654,0.1617015567165802,True,False,True,0.0003997618494677367,COMPLETE
381,0.4204151511192322,2025-04-15 13:53:54.002810,2025-04-15 13:54:01.262822,0 days 00:00:07.260012,0.39058561310325723,0.9425022831400923,16,0.033181674015610826,0.053395719864011704,0.0998794363287923,0.07698923557456695,0.06966953630273715,0.0032254642164282073,0.0008293138733088838,18,45,0.05335493414530761,0.15205984419278845,True,False,True,0.0002964990396788455,COMPLETE
382,0.41728260517120364,2025-04-15 13:54:01.393357,2025-04-15 13:54:08.696984,0 days 00:00:07.303627,0.3879389275273123,0.9448336832048927,16,0.03462225213278647,0.0510490332988431,0.09844299595576307,0.07135404082952287,0.06935568443389839,0.0036906265607042203,0.0008001791866051889,18,52,0.05732640800831874,0.15288600698856808,True,False,True,0.0003112572014822919,COMPLETE
383,0.25959792137146,2025-04-15 13:54:08.817141,2025-04-15 13:54:16.047423,0 days 00:00:07.230282,0.4117657487962825,0.20732825665388138,16,0.0331783278025836,0.06574363733816924,0.0998095301580299,0.07433541424173029,0.07350702837047147,0.0037676156111924753,0.000522271199303175,18,45,0.05294263197972003,0.15984250873669595,True,False,True,0.0004795326071440885,COMPLETE
384,0.4087106823921204,2025-04-15 13:54:16.170752,2025-04-15 13:54:23.547370,0 days 00:00:07.376618,0.3735696324750615,0.9464652083023584,16,0.03424343390900443,0.055239954169494926,0.09791353936048147,0.07683368980107864,0.06857510961617719,0.0033621387279933333,0.0007224402403875535,19,57,0.04942543386260124,0.16625586385672186,True,False,True,0.00032109772834767363,COMPLETE
385,0.41069722175598145,2025-04-15 13:54:23.678871,2025-04-15 13:54:30.844294,0 days 00:00:07.165423,0.30234769940017614,0.9423624304220409,16,0.032650432572472604,0.07679393178818812,0.09979104395620275,0.07295751063635679,0.07166076401823573,0.0032118872544009483,0.0008561578303554613,17,53,0.056690523933065506,0.14455094025872148,True,False,True,0.0004153099796986885,COMPLETE
386,0.41963202953338624,2025-04-15 13:54:30.966850,2025-04-15 13:54:38.217721,0 days 00:00:07.250871,0.40359930799682703,0.9477082904799835,16,0.03777735526293871,0.06420464466363046,0.09766702059175704,0.07035331069539051,0.06694114121741092,0.004328482582366372,0.0006706213661107616,18,45,0.05316571486931759,0.1694256895325057,True,False,True,0.00028466884389034055,COMPLETE
387,0.2080513894557953,2025-04-15 13:54:38.339502,2025-04-15 13:54:45.711504,0 days 00:00:07.372002,0.3899135238296442,0.26258737297572554,16,0.21167324554188333,0.07140086293701296,0.09993729881833019,0.07772939620519598,0.0700031655040157,0.0011261812536299725,0.0004472703249475107,19,51,0.05450891204691614,0.15796104035460684,True,False,True,0.0006207089781938868,COMPLETE
388,0.423016619682312,2025-04-15 13:54:45.834131,2025-04-15 13:54:53.082224,0 days 00:00:07.248093,0.41873446263912173,0.9564256625163059,16,0.03349236309950376,0.06035215935354025,0.09765695028812799,0.07522006526906923,0.07522098416541634,0.0029455876295610478,0.000815031782896007,18,44,0.05236555380018262,0.16814024453120066,True,False,True,0.0003498391088547421,COMPLETE
389,0.28577137589454654,2025-04-15 13:54:53.214925,2025-04-15 13:55:00.597286,0 days 00:00:07.382361,0.3528105057692572,0.10315016587281794,16,0.0318597758652627,0.05997734178602957,0.09712475206128848,0.07641595164830081,0.07125505106635897,0.004391408933821773,0.0008913854714878739,19,44,0.0561592566708843,0.15299687942127707,True,False,True,0.0004832490152652336,COMPLETE
390,0.42340391874313354,2025-04-15 13:55:00.719302,2025-04-15 13:55:08.044210,0 days 00:00:07.324908,0.37456090402863496,0.9361353246060348,16,0.031669876726167265,0.07927537337518906,0.09763155476566439,0.07870022057934108,0.07540457179793432,0.002988885624915203,0.0005795115043421835,18,47,0.05043438272962473,0.16777003674227797,True,False,True,0.000365055897622092,COMPLETE
391,0.4059049606323243,2025-04-15 13:55:08.167499,2025-04-15 13:55:15.489871,0 days 00:00:07.322372,0.36998536798880693,0.9330024217733899,16,0.029812430453917398,0.07993635742290525,0.09706697758620743,0.07893062020647913,0.07507731210612176,0.0033859992281451193,0.0005622593196647578,17,64,0.04748163724878298,0.16454544295600868,True,False,True,0.00036791270578735935,COMPLETE
392,0.29378473162651064,2025-04-15 13:55:15.624713,2025-04-15 13:55:23.414659,0 days 00:00:07.789946,0.41665703483504096,0.9389373303285711,16,0.030938824030669783,0.07948037013851225,0.09752374334985676,0.073199780877981,0.07277179359922077,0.004810243875102431,0.00047262513398266774,19,46,0.05068261781005265,0.14988907712434596,True,False,False,0.00040725822695344385,COMPLETE
393,0.1687964737415314,2025-04-15 13:55:23.538334,2025-04-15 13:55:30.775497,0 days 00:00:07.237163,0.34183484745539006,0.958890226886584,16,0.12486856845901302,0.06239603602538185,0.09598585689831224,0.07909932979969415,0.07408755930105056,0.003062925883973727,0.0006096638926901286,17,57,0.04984934202187381,0.16064926093648058,True,False,True,0.0005483116401594005,COMPLETE
394,0.4099669575691223,2025-04-15 13:55:30.902969,2025-04-15 13:55:38.067141,0 days 00:00:07.164172,0.39633670312291774,0.9295046587757713,16,0.03971209187129712,0.05468417065889282,0.09794410121908513,0.07752934200206903,0.07006817425072599,0.004870425558979742,0.0009076514065067529,18,43,0.05185002951947297,0.17047890628047413,True,False,True,0.00033216119240435816,COMPLETE
395,0.419608473777771,2025-04-15 13:55:38.192011,2025-04-15 13:55:45.548475,0 days 00:00:07.356464,0.4178410049676966,0.9581200213671714,16,0.03167088055902432,0.07554939866321157,0.09467001102116464,0.07441272072242588,0.06745169339701398,0.0029191365473544726,0.0007404397093260606,19,52,0.057033092609885226,0.15841820333773488,True,False,True,0.00027665054967873724,COMPLETE
396,0.40077397823333744,2025-04-15 13:55:45.682475,2025-04-15 13:55:52.921761,0 days 00:00:07.239286,0.37092226257181926,0.9326585140421922,16,0.040997464769633216,0.04507197753686869,0.09782622145494495,0.07202447887969723,0.06577216344342214,0.0011053034010684102,0.0009362829278075333,17,61,0.052116220150831186,0.1631819983279689,True,False,True,0.00040638810574818,COMPLETE
397,0.4081122756004334,2025-04-15 13:55:53.046807,2025-04-15 13:56:00.233447,0 days 00:00:07.186640,0.39143079071918263,0.9603677759359052,16,0.03449087925431554,0.06891205498060082,0.0962089484486654,0.07942071254114628,0.07517317871499364,0.005042667082004753,0.00038535113897155137,17,47,0.04909244701376453,0.17230276215910062,True,False,True,0.0007057148190328765,COMPLETE
