number,value,datetime_start,datetime_complete,duration,params_alpha-eval,params_alpha-train,params_batch-size,params_eps-eval,params_eps-train,params_lambda-actions-eval,params_lambda-actions-train,params_lambda-frames-eval,params_lambda-frames-train,params_learning-rate,params_n-epochs,params_n-frames,params_radius-gw,params_rho,params_std-feats,params_ub-actions,params_ub-frames,params_weight-decay,state
1878,0.2048193633556366,2025-04-15 17:56:24.576035,2025-04-15 17:56:34.978534,0 days 00:00:10.402499,0.4089528809936589,0.7120976035211941,16,0.28609833986083183,0.1422507694280813,0.0939713532228127,0.02881326901135905,0.0915223792897353,0.059088425638001894,0.00016348295905005818,29,139,0.0641442294126159,0.22732590387887164,True,True,True,2.09347971651223e-08,COMPLETE
1879,0.32592961788177494,2025-04-15 17:56:35.596053,2025-04-15 17:56:45.753372,0 days 00:00:10.157319,0.436980571226811,0.7378656439865651,16,0.048701954286186455,0.14036390107503474,0.09825321992974752,0.03367296446211513,0.09465564865298005,0.061709128473077454,0.00012846114572139894,28,136,0.06018212271885565,0.22433195337466663,True,True,True,4.526873162324211e-08,COMPLETE
1880,0.4247024178504944,2025-04-15 17:56:46.384747,2025-04-15 17:56:56.816714,0 days 00:00:10.431967,0.47253283695013454,0.7843040911645025,16,0.025439442655503814,0.1356126617514747,0.0955410120328957,0.030442803106395758,0.09197440904054031,0.05696101840343651,9.253233142268494e-05,29,139,0.0661162957850185,0.2366861936822635,True,True,True,1.6571691801398526e-08,COMPLETE
1881,0.399128794670105,2025-04-15 17:56:57.427490,2025-04-15 17:57:07.764981,0 days 00:00:10.337491,0.3890762150058413,0.7549578154055164,16,0.03622962818855578,0.1453925138226521,0.09268791507391663,0.008308432045566166,0.09132381880137842,0.05524097519632248,0.0001067611180995307,28,142,0.06193426688225821,0.22185754846111377,True,True,True,3.1707485845361844e-08,COMPLETE
1882,0.28636967539787295,2025-04-15 17:57:08.398936,2025-04-15 17:57:18.379948,0 days 00:00:09.981012,0.4511028241395933,0.4553384921669182,16,0.01986126034293676,0.12962275503914014,0.09792150021384112,0.032609095349631634,0.0965280914153959,0.06318822581666676,0.00013440626435223097,27,135,0.05952905950060216,0.22683392438242514,True,True,True,2.429289649947506e-08,COMPLETE
1883,0.4144402384757996,2025-04-15 17:57:18.993781,2025-04-15 17:57:29.605335,0 days 00:00:10.611554,0.4972672243727161,0.778631613424154,16,0.010485929525319546,0.1458963319809012,0.09546361042171454,0.028084640839957143,0.09025705648738014,0.053397482182512966,0.00016046776061698513,29,144,0.06321665952328137,0.2215346161750777,True,True,True,4.0289968459269326e-08,COMPLETE
1884,0.4289234757423401,2025-04-15 17:57:30.240787,2025-04-15 17:57:40.511601,0 days 00:00:10.270814,0.47582884141217363,0.7661188519503616,16,0.029044255510326005,0.14775633591587162,0.09829189306960959,0.034450314855774475,0.090166338174612,0.05760185205206574,8.173088142156986e-05,28,137,0.06110626450762499,0.22773434013606936,True,True,True,6.447782804470768e-08,COMPLETE
1885,0.36876496076583865,2025-04-15 17:57:41.134476,2025-04-15 17:57:51.696593,0 days 00:00:10.562117,0.43604006609123963,0.7314971691257997,16,0.04232609009449424,0.14071343491621047,0.09377601755757604,0.031047695488540555,0.09503154114831779,0.06000189271731997,0.00011288957011680026,29,143,0.05909444454242352,0.23010397662977072,True,True,True,1.6464980534446243e-08,COMPLETE
1886,0.425700044631958,2025-04-15 17:57:52.310343,2025-04-15 17:58:02.414193,0 days 00:00:10.103850,0.41619699275285527,0.7858960245534197,16,0.02199887129552191,0.14900462804506023,0.09092266138395304,0.03550291138634558,0.09331911360885752,0.06005445256821762,8.836118652435182e-05,27,140,0.06430935405693415,0.22174523404063806,True,True,True,2.8865908143973667e-08,COMPLETE
1887,0.4237018704414368,2025-04-15 17:58:03.041750,2025-04-15 17:58:13.212704,0 days 00:00:10.170954,0.4652127577266987,0.7461039724682158,16,0.03359380150560582,0.1404102025277523,0.09649710067297014,0.0327822089073523,0.09077138358591778,0.0557357947042746,0.00013137745187721502,28,134,0.06265919341637315,0.2464089900503304,True,True,True,5.032741614044116e-08,COMPLETE
1888,0.2893858790397644,2025-04-15 17:58:13.848223,2025-04-15 17:58:24.242212,0 days 00:00:10.393989,0.49039459337290575,0.20986817761160123,16,0.026030263021855824,0.1470750961602395,0.09828362213053846,0.03695242294003201,0.08937859138297129,0.06173916112706061,0.00016268306043254802,29,139,0.06023826547710029,0.22099974605265402,True,True,True,2.0654384790949603e-08,COMPLETE
1889,0.30543122291564945,2025-04-15 17:58:24.853622,2025-04-15 17:58:35.465785,0 days 00:00:10.612163,0.44941259251630167,0.7683436672842825,16,0.01572738174752105,0.15119124933341013,0.09308297825769994,0.034318237455909735,0.09174455501157869,0.05792274220612398,0.00011119375943477362,29,145,0.09103037445757528,0.2203644361961539,True,True,True,8.438361827424648e-08,COMPLETE
1890,0.21070083379745486,2025-04-15 17:58:36.103029,2025-04-15 17:58:46.302018,0 days 00:00:10.198989,0.508500242923485,0.78772401642478,16,0.03756445056946563,0.15065984138786948,0.09551845364341442,0.03165617633060582,0.08914426601963592,0.06476288514458041,0.00013617623581909134,28,136,0.06752431897309367,0.23492265435711465,True,True,False,3.605256955056885e-08,COMPLETE
1891,0.4255024671554566,2025-04-15 17:58:46.925695,2025-04-15 17:58:56.911829,0 days 00:00:09.986134,0.48303027091590756,0.7526120517708794,16,0.025953203469978536,0.1345027139155645,0.09683563759834174,0.028269536199986522,0.09397081863367208,0.052481201790022934,9.425763275941904e-05,26,141,0.058598286994938714,0.21786096990477907,True,True,True,3.0150949742069223e-08,COMPLETE
1892,0.41573982238769536,2025-04-15 17:58:57.542595,2025-04-15 17:59:08.196736,0 days 00:00:10.654141,0.4307822038538308,0.7898683863055863,16,0.0315850484979792,0.14391469632639167,0.09169371557452197,0.03945201844117364,0.0893593395065164,0.05897000543094659,7.582208355061363e-05,29,145,0.06535425772432144,0.22888349174651682,True,True,True,2.3778914028230595e-08,COMPLETE
1893,0.2048193633556366,2025-04-15 17:59:08.831735,2025-04-15 17:59:18.826269,0 days 00:00:09.994534,0.46247306812616973,0.7225408860901826,16,0.019350130819392235,0.15278656815134986,0.09998477853085591,0.03484600932697633,0.09205315327083802,0.05498304213212814,0.0001134134965875748,27,134,0.007503758480606297,0.21908303388748293,True,True,True,5.41085137739322e-08,COMPLETE
1894,0.2789429306983948,2025-04-15 17:59:19.438480,2025-04-15 17:59:42.770882,0 days 00:00:23.332402,0.5041081186540468,0.7581672856692215,2,0.02899818092114195,0.14745079769912797,0.09499589362350189,0.030011070677986192,0.0893698866735298,0.060262100617906635,0.00015611757552552513,28,142,0.06141943347957147,0.21578455617224954,True,True,True,3.949679367771203e-08,COMPLETE
1895,0.3441560745239258,2025-04-15 17:59:43.406354,2025-04-15 17:59:53.830141,0 days 00:00:10.423787,0.40845291848372656,0.7740520815493348,16,0.04507197262070335,0.13727363670743506,0.09386161904291744,0.037534427876539996,0.09683679580509033,0.056974856910094206,9.941283502348817e-05,29,138,0.06275066501935027,0.22435788626590572,True,True,True,1.8572786669557715e-08,COMPLETE
1896,0.37138110399246216,2025-04-15 17:59:54.445353,2025-04-15 18:00:02.422369,0 days 00:00:07.977016,0.47832952410362883,0.624456487730215,16,0.037755249804976056,0.1539262791626985,0.09825861249849165,0.03287016905279324,0.08851314428644454,0.06264551362093979,8.52555958684613e-05,27,17,0.05850702788648558,0.21665253864187228,True,True,True,3.5117308316247535e-08,COMPLETE
1897,0.29721733927726746,2025-04-15 18:00:03.057735,2025-04-15 18:00:13.321791,0 days 00:00:10.264056,0.44657528308800515,0.7371963293670165,16,0.010805996801896617,0.1524605775342069,0.09666810994206394,0.035572916520054,0.09921349179986648,0.057926092180540525,0.00012340611852915327,28,139,0.07386417546707266,0.23005618101948638,True,True,True,1.516334501149117e-08,COMPLETE
1898,0.42581359148025516,2025-04-15 18:00:13.938900,2025-04-15 18:00:24.616810,0 days 00:00:10.677910,0.5213030695277807,0.7889483645706158,16,0.02106561159933098,0.14616705396203622,0.09055562789745046,0.0313226413166024,0.09981980111927773,0.054158684628721844,0.00013752906707970583,29,145,0.06051814288463719,0.23706774655339985,True,True,True,2.6697039143586444e-08,COMPLETE
1899,0.2866330862045288,2025-04-15 18:00:25.250069,2025-04-15 18:00:35.449973,0 days 00:00:10.199904,0.46590788121363763,0.11716559853981856,16,0.0312589162542076,0.15354448074124738,0.09326126766559428,0.03372414300267657,0.09148829661055057,0.0669204661601982,0.00016605791806321746,28,134,0.06377723814596238,0.22117928896578118,True,True,True,1.0220487178791892e-07,COMPLETE
1900,0.4247312188148499,2025-04-15 18:00:36.092931,2025-04-15 18:00:46.806066,0 days 00:00:10.713135,0.4261553648239457,0.7648509638909394,16,0.02506243032892486,0.14342391846956,0.09679955527846515,0.027954160036594847,0.09363344240235177,0.05995291970617828,0.00011335860810463232,30,142,0.05653043129206854,0.2147332516243281,True,True,True,4.594646843075016e-08,COMPLETE
1901,0.39108190536499027,2025-04-15 18:00:47.420558,2025-04-15 18:00:57.809190,0 days 00:00:10.388632,0.5008182769588047,0.7131708595907559,16,0.016010818363108827,0.13032740328883097,0.09844136992170954,0.0387103872134266,0.08832422242352367,0.05635595453346662,3.0089931243892095e-05,29,136,0.059709736602178674,0.22463763987679716,True,True,True,6.46951969002673e-08,COMPLETE
1902,0.3564849138259888,2025-04-15 18:00:58.447895,2025-04-15 18:01:08.906023,0 days 00:00:10.458128,0.3933117347748825,0.7989473880488498,16,0.035566084346200545,0.15596772398610312,0.09501189974125927,0.036666836972357585,0.08780888028165303,0.05160034969356495,7.531777507731893e-05,28,145,0.06161056399955345,0.2127919535668997,True,True,True,2.012364395580928e-08,COMPLETE
1903,0.4230663537979126,2025-04-15 18:01:09.534570,2025-04-15 18:01:19.604286,0 days 00:00:10.069716,0.4833951029818027,0.7749363537709079,16,0.02139226171732623,0.1489249048725911,0.09248997275429857,0.04277736741140591,0.0904885955850371,0.0630004003487545,0.00010133335760288663,27,138,0.058638460247604655,0.2192494752352072,True,True,True,3.411632087642331e-08,COMPLETE
1904,0.42312681674957275,2025-04-15 18:01:20.239349,2025-04-15 18:01:30.719295,0 days 00:00:10.479946,0.44330614618859426,0.7436064334030308,16,0.028227276680950677,0.15591644228079402,0.0953311344490333,0.032297081073687214,0.09238083886895242,0.058722670991821706,8.902438362355125e-05,29,142,0.06618371371358023,0.21423171949525072,True,True,True,2.5568128740204456e-08,COMPLETE
1905,0.3533171057701111,2025-04-15 18:01:31.364383,2025-04-15 18:01:41.781256,0 days 00:00:10.416873,0.4648921265777004,0.7943222369745817,16,0.04117092465170349,0.13796565448152334,0.08860278642657235,0.029840939888644405,0.08781333769493248,0.06163962206022465,0.00013140948297559306,30,133,0.06216891689289579,0.22298570775733273,True,True,True,4.287339678411316e-08,COMPLETE
1906,0.4278767466545105,2025-04-15 18:01:42.405014,2025-04-15 18:01:52.911893,0 days 00:00:10.506879,0.49746858667148275,0.7662138945963368,16,0.030806336703567697,0.14995406728551258,0.09814578845306476,0.04037088669955963,0.09080233422203583,0.056275769254690834,0.00016773294054456852,29,138,0.057721862989597084,0.23112464407919905,True,True,True,2.8747132820659003e-08,COMPLETE
1907,0.4249736428260803,2025-04-15 18:01:53.566240,2025-04-15 18:02:03.647289,0 days 00:00:10.081049,0.5202602629193565,0.7476919385750735,16,0.015056458705792307,0.15825793825188184,0.09684878527816795,0.03385787484381311,0.08723027350126818,0.05469534386355499,0.0001112747191962806,28,133,0.06037246195700882,0.21366017909333526,True,True,True,5.5942572441651114e-08,COMPLETE
1908,0.42013995647430424,2025-04-15 18:02:04.272682,2025-04-15 18:02:14.265082,0 days 00:00:09.992400,0.42452655141628887,0.7822885829690992,16,0.024114058625609253,0.14631315196731884,0.09405718591643439,0.03607909180351627,0.09453843235182595,0.060147181544215673,0.0001402391119961829,26,143,0.06462810698416306,0.21037504741532959,True,True,True,1.572472637217228e-08,COMPLETE
1909,0.38560923337936404,2025-04-15 18:02:14.914638,2025-04-15 18:02:25.527084,0 days 00:00:10.612446,0.4535472724280223,0.8039207534218199,16,0.03513280184316614,0.15701669242401703,0.09106464715257141,0.031229587543446666,0.08922245437776635,0.06434563121161173,6.815086729639638e-05,29,146,0.05633841894767562,0.219457547280183,True,True,True,2.278337003100648e-08,COMPLETE
1910,0.23195598721504213,2025-04-15 18:02:26.150578,2025-04-15 18:02:36.274139,0 days 00:00:10.123561,0.48042079109200164,0.41882998297068474,16,0.01892513795297886,0.14265592859781862,0.09989302888295241,0.03512082780094679,0.08669491331868547,0.05825793233532793,9.034322306658258e-05,28,140,0.06287723889099643,0.2106581820052234,True,True,False,7.655687287075596e-08,COMPLETE
1911,0.42564427852630615,2025-04-15 18:02:36.918883,2025-04-15 18:02:47.498345,0 days 00:00:10.579462,0.4090480772919526,0.7244551137537221,16,0.027566746641959343,0.15133346599902622,0.09647770474317408,0.038105111442446174,0.08966530556525273,0.0534923446976449,0.0001698653372313242,30,136,0.059615850686984766,0.22385723807483512,True,True,True,3.68163053256101e-08,COMPLETE
1912,0.3827216386795044,2025-04-15 18:02:48.123316,2025-04-15 18:02:58.079855,0 days 00:00:09.956539,0.4404821441925117,0.7552094085678874,16,0.03772190934255415,0.156568180354239,0.09460355960873462,0.0325526630085837,0.09287083703907262,0.049915522648899514,0.00012502648660221325,27,133,0.061720361312705585,0.21662246651802133,True,True,True,4.591764779054757e-08,COMPLETE
1913,0.42530350685119633,2025-04-15 18:02:58.738177,2025-04-15 18:03:09.228049,0 days 00:00:10.489872,0.49878413434971725,0.7790536590795422,16,0.02422233939489772,0.13769681622952895,0.09842757252578237,0.029701305705838257,0.09054535655006644,0.05707222760270198,0.0001057135324705234,29,141,0.057937845080648614,0.20806188337251885,True,True,True,2.0219506842457192e-08,COMPLETE
1914,0.27915653586387634,2025-04-15 18:03:09.852623,2025-04-15 18:03:20.252916,0 days 00:00:10.400293,0.4683475272642213,0.7045829977630518,16,0.009149755361491763,0.16063559686178466,0.09263901162485601,0.033930345048608763,0.08698372288412874,0.0593868860063394,7.845938183723954e-05,28,145,0.060499011447144105,0.23807017997556956,True,True,True,2.966233339633288e-08,COMPLETE
1915,0.2048193633556366,2025-04-15 18:03:20.901046,2025-04-15 18:03:30.389869,0 days 00:00:09.488823,0.38639565468941384,0.8029878245270947,16,0.11493057900854045,0.15469944694146442,0.09678256825230397,0.03580075261302715,0.09661633555457799,0.061392520746394896,0.00014610999607778225,30,100,0.06434544761937633,0.21538478291702065,True,True,True,1.5358459542004443e-08,COMPLETE
1916,0.2048193633556366,2025-04-15 18:03:31.017034,2025-04-15 18:03:54.816385,0 days 00:00:23.799351,0.5179587665538279,0.06622431166481274,2,0.05429586889104551,0.14859227389835586,0.09997338760121746,0.006406575229430139,0.08834310623097677,0.05536387257265825,0.00010437553143081288,29,138,0.06951136957811137,0.22673313414469282,True,True,True,3.437618343993489e-08,COMPLETE
1917,0.3369279742240906,2025-04-15 18:03:55.465827,2025-04-15 18:04:05.660706,0 days 00:00:10.194879,0.4830859801353772,0.7419107658094667,16,0.04716794236833281,0.1605492719484703,0.09497517050527385,0.04066123987085196,0.0864015145253595,0.0524451386312067,6.466557095812762e-05,28,135,0.056167007141309754,0.2044693890311204,True,True,True,2.4002278541919763e-08,COMPLETE
1918,0.41773810386657717,2025-04-15 18:04:06.291752,2025-04-15 18:04:15.763870,0 days 00:00:09.472118,0.45764598862697226,0.7678739023729839,16,0.033176174439215465,0.1413800770590763,0.08981175562966216,0.027718160167629544,0.09149835300248219,0.05880380058119994,8.505851884260485e-05,27,113,0.05897687970082249,0.21225258586565968,True,True,True,5.6462957898597696e-08,COMPLETE
1919,0.42588002681732184,2025-04-15 18:04:16.413158,2025-04-15 18:04:26.952943,0 days 00:00:10.539785,0.42811711459007745,0.7944446692901441,16,0.01639931906101898,0.1282615560401595,0.09824138858663216,0.03837866216842262,0.09403059972061215,0.05705779188340073,0.00012247909069756943,29,143,0.06249553533188205,0.22080033156557732,True,True,True,4.089039986867119e-08,COMPLETE
1920,0.42751911878585813,2025-04-15 18:04:27.583003,2025-04-15 18:04:37.952301,0 days 00:00:10.369298,0.50269642527099,0.7639622886453732,16,0.0284444180283586,0.15141194894980128,0.09327340906280464,0.031481474882750715,0.08876552935098776,0.06223796676735254,0.00016757530988146662,30,131,0.06049041939223826,0.2301029288972817,True,True,True,2.9843352726965945e-08,COMPLETE
1921,0.423227870464325,2025-04-15 18:04:38.607540,2025-04-15 18:04:49.182674,0 days 00:00:10.575134,0.44753220244285163,0.7296259748655552,16,0.022432208892883974,0.15848665323547867,0.09597074469060277,0.03390456251715793,0.08648909443156154,0.06052971475430345,9.760457165727147e-05,28,147,0.06603452398600423,0.2064560236972032,True,True,True,2.2112748948199545e-08,COMPLETE
1922,0.2048193633556366,2025-04-15 18:04:49.809009,2025-04-15 18:05:00.288953,0 days 00:00:10.479944,0.4824698609381004,0.7795546684269853,16,0.1401329071942768,0.16335841199138643,0.09242107858505831,0.03697724678700822,0.09008013139383231,0.05533349445943288,0.00014323186790333466,29,140,0.07559468678645677,0.21674796519955714,True,True,True,4.7773385772308337e-08,COMPLETE
1923,0.3997082591056824,2025-04-15 18:05:00.937621,2025-04-15 18:05:11.140998,0 days 00:00:10.203377,0.5257220659309182,0.8131676335152009,16,0.04027122873212235,0.15390233357196684,0.02166831165597209,0.02963991872014696,0.08583727309054351,0.06432471451459905,0.00011790814303269467,28,136,0.05795809656569959,0.20148785024104954,True,True,True,3.436657593914495e-08,COMPLETE
1924,0.4218499779701233,2025-04-15 18:05:11.768672,2025-04-15 18:05:21.709879,0 days 00:00:09.941207,0.4669575839992398,0.7494808621405576,16,0.033027739193830744,0.14435208107447411,0.07778392675248398,0.03273326903537321,0.0922964919971547,0.05789770652978495,7.309300901023364e-05,27,132,0.06314502678033453,0.21008785673330113,True,True,True,1.8225812915164228e-08,COMPLETE
1925,0.2984795331954956,2025-04-15 18:05:22.348496,2025-04-15 18:05:33.082989,0 days 00:00:10.734493,0.4093656086049207,0.27904820413297365,16,0.01906095005817711,0.1648144492458154,0.09997105723497823,0.03559201280889291,0.08850360969213533,0.06033668417018258,0.00017879474985035035,30,145,0.06084115962191459,0.22186128140816533,True,True,True,2.6370623876691466e-08,COMPLETE
1926,0.21590168476104737,2025-04-15 18:05:33.735430,2025-04-15 18:05:44.234102,0 days 00:00:10.498672,0.4312330050792554,0.7907083306269651,16,0.026330691706323635,0.159690118011928,0.09680965057477525,0.027729239942403297,0.08596247546126821,0.05322103791053672,9.007549172695524e-05,29,142,0.05584621289856169,0.21238224336289466,True,True,False,7.091970198817732e-08,COMPLETE
1927,0.3171085834503174,2025-04-15 18:05:44.871895,2025-04-15 18:05:53.727823,0 days 00:00:08.855928,0.4919070289406434,0.7678719896747728,16,0.012658352628160556,0.14800474302655248,0.09475926111764657,0.03358933294317436,0.010424217455890727,0.05603778443223867,0.00013215096787110953,28,81,0.05890885136969523,0.20263748603017598,True,True,True,3.817934430625514e-08,COMPLETE
1928,0.42295897006988525,2025-04-15 18:05:54.375351,2025-04-15 18:06:04.305013,0 days 00:00:09.929662,0.4572084287937302,0.7450820116788015,16,0.029911357300403486,0.16794318870185573,0.09111490458748173,0.043196417899128,0.09039943365570162,0.059122281093489444,0.00010559166263658732,26,139,0.0642022496936576,0.22650849328320596,True,True,True,5.505575857326691e-08,COMPLETE
1929,0.42552570104598997,2025-04-15 18:06:04.929255,2025-04-15 18:06:15.311058,0 days 00:00:10.381803,0.5063091667466978,0.7843093359264407,16,0.022146718621443472,0.124470812896729,0.09832160850854536,0.030985543243886308,0.08823570243876994,0.06663211774500855,0.00014295137800353824,29,135,0.06107229559614317,0.2174291693646622,True,True,True,1.889017146216407e-08,COMPLETE
1930,0.4159724354743958,2025-04-15 18:06:15.960412,2025-04-15 18:06:26.422799,0 days 00:00:10.462387,0.44368904315576785,0.6019053083558267,16,0.04197332886822985,0.13431876462594078,0.09541398258028551,0.03943840193002701,0.09438020341594913,0.0507730196720363,6.250702764216631e-05,28,147,0.057786349244652736,0.2091309169792087,True,True,True,1.4955844875077895e-08,COMPLETE
1931,0.371374249458313,2025-04-15 18:06:27.047661,2025-04-15 18:06:37.619714,0 days 00:00:10.572053,0.47590064813403166,0.8159864750885472,16,0.03527322784540808,0.1540679774973267,0.09345419171589374,0.03734870403194249,0.08574822018277425,0.06282530917306574,8.49019870898554e-05,30,138,0.06755633491255998,0.19817302488090716,True,True,True,2.792478325720423e-08,COMPLETE
1932,0.4273266673088074,2025-04-15 18:06:38.269745,2025-04-15 18:06:48.246742,0 days 00:00:09.976997,0.5308176553510321,0.762707564526419,16,0.025529134693724923,0.1600127150695121,0.09826392184840359,0.031618247914386666,0.09194929100195384,0.05738385623655539,4.2041001481661405e-05,27,131,0.061730045312952786,0.20689857459746447,True,True,True,1.1937232554698215e-07,COMPLETE
1933,0.424164366722107,2025-04-15 18:06:48.901109,2025-04-15 18:06:59.519699,0 days 00:00:10.618590,0.4207662235884133,0.8021046472584193,16,0.017626123094218057,0.16757158450240822,0.09663261133729098,0.03516041383088342,0.09760010858613301,0.05449154077076068,0.00011788941677507331,29,143,0.05945205673512931,0.23296675288301982,True,True,True,4.965757729121028e-08,COMPLETE
1934,0.2048193633556366,2025-04-15 18:07:00.148509,2025-04-15 18:07:10.667035,0 days 00:00:10.518526,0.3863134589281916,0.7344422693703352,16,0.03068250263680163,0.15263001164774026,0.08912985560071328,0.02938203153973181,0.0876342047524767,0.061787713749699595,0.00017593355735419006,29,141,0.015378645366933903,0.21519117625949583,True,True,True,4.0447377960816606e-08,COMPLETE
