number,value,datetime_start,datetime_complete,duration,params_alpha-eval,params_alpha-train,params_batch-size,params_eps-eval,params_eps-train,params_lambda-actions-eval,params_lambda-actions-train,params_lambda-frames-eval,params_lambda-frames-train,params_learning-rate,params_n-epochs,params_n-frames,params_radius-gw,params_rho,params_std-feats,params_ub-actions,params_ub-frames,params_weight-decay,state
626,0.20547538995742798,2025-04-13 15:16:35.613632,2025-04-13 15:16:42.774974,0 days 00:00:07.161342,0.6340044597797792,0.6964467098589351,16,0.15568265058184014,0.1040922428898326,0.05816953399803654,0.06391216083753828,0.07996326874237347,0.012565444647998171,0.00021258579398417344,20,44,0.05331679858813644,0.2860336164678051,False,True,True,1.5768424724466702e-05,COMPLETE
627,0.4258058547973633,2025-04-13 15:16:42.969376,2025-04-13 15:16:50.071754,0 days 00:00:07.102378,0.646770149157706,0.6974364006817052,16,0.02267821195338364,0.11428074198042402,0.05573620940178502,0.06153990514949233,0.08172778773572045,0.015714391103844188,0.00022805200655313227,19,45,0.05449889646100537,0.2800016083624255,False,True,True,1.043207850617254e-05,COMPLETE
628,0.2886365413665771,2025-04-13 15:16:50.280060,2025-04-13 15:16:57.269224,0 days 00:00:06.989164,0.6157497104623324,0.6994970164587261,16,0.012038033086998754,0.03409798598531294,0.06067388263018734,0.06138291957247895,0.08174712673376756,0.01621412016699952,0.00025831882561789583,18,46,0.055321565040792185,0.28550529560061194,False,True,True,1.0511451313918686e-05,COMPLETE
629,0.30219463109970096,2025-04-13 15:16:57.463777,2025-04-13 15:17:04.513969,0 days 00:00:07.050192,0.6593382230661178,0.7042267696880151,16,0.021642080672708584,0.12748073535766852,0.056615298302428646,0.0641588633796741,0.07764206830220492,0.012581262933120955,0.00018805971525034655,19,47,0.054270809014624,0.2791036059086301,False,True,False,9.569867648490248e-06,COMPLETE
630,0.4087407350540161,2025-04-13 15:17:04.724228,2025-04-13 15:17:11.844956,0 days 00:00:07.120728,0.6429999028617708,0.7023422940439925,16,0.01851475195811802,0.10929690034785784,0.06243892896970563,0.060603087494466246,0.08076498722300779,0.016070699758113628,0.0002745357663754083,19,48,0.048146891856363165,0.28875478228687,False,True,True,5.832016889671686e-06,COMPLETE
631,0.429300856590271,2025-04-13 15:17:12.040589,2025-04-13 15:17:19.010558,0 days 00:00:06.969969,0.6350526384460414,0.6864961205778818,16,0.023590403632656538,0.16434314134071987,0.059575879358497306,0.06544852061676965,0.07533698083578319,0.01394124942318319,0.00022673168194175205,18,44,0.05199735796505675,0.28181667874664496,False,True,True,1.2646801381263946e-05,COMPLETE
632,0.2048193633556366,2025-04-13 15:17:19.219509,2025-04-13 15:17:26.120681,0 days 00:00:06.901172,0.5719145335432056,0.7080924163117582,16,0.026220725218088783,0.16239282671138916,0.06007617288843334,0.06238279791216883,0.07590390668803279,0.01758135240399541,0.0002487923932419781,17,42,0.04494516463951656,0.2883829276588768,False,True,True,7.795641989354138e-06,COMPLETE
633,0.4217645645141601,2025-04-13 15:17:26.317255,2025-04-13 15:17:33.245353,0 days 00:00:06.928098,0.6312615392120057,0.714017235706335,16,0.023877754596105846,0.10998574096733855,0.05839572482900374,0.06300266508673268,0.07829740132628282,0.013195308415721222,0.00022326466253550108,17,45,0.05451691209807509,0.28493110332631655,False,True,True,1.0712806681641296e-05,COMPLETE
634,0.38507176637649543,2025-04-13 15:17:33.456249,2025-04-13 15:17:40.538257,0 days 00:00:07.082008,0.642073772858833,0.6805920148858333,16,0.014320514249484877,0.13743726465787257,0.0565462783950736,0.06536322535764556,0.0759322309848492,0.01830221659840325,0.0002197546134204259,19,44,0.05692765407690898,0.28007936383647564,False,True,True,1.3263271301918271e-05,COMPLETE
635,0.4251980185508728,2025-04-13 15:17:40.735960,2025-04-13 15:17:47.829095,0 days 00:00:07.093135,0.5921070573194093,0.692870465761416,16,0.03076657439715231,0.11372173939477132,0.06245670102488534,0.059370996621438285,0.07381560998506471,0.014184088339158712,0.00026313944820162926,18,80,0.051521016556564665,0.2760899679767146,False,True,True,8.976714875674177e-06,COMPLETE
636,0.2771667242050171,2025-04-13 15:17:48.040017,2025-04-13 15:17:55.022017,0 days 00:00:06.982000,0.5990294835873554,0.6762122659591965,16,0.01070114813366356,0.15389237012953302,0.05997342403995687,0.06536738199379032,0.07930817693624,0.01402321019459147,0.00021425053620270672,18,45,0.049142328078986025,0.0018199010312071606,False,True,True,1.248053509445181e-05,COMPLETE
637,0.3650647521018982,2025-04-13 15:17:55.218251,2025-04-13 15:18:02.153034,0 days 00:00:06.934783,0.6492920967308534,0.4460139311225439,16,0.024449974623465476,0.17446782503253846,0.06353154986616687,0.06696450877473409,0.07934151896185004,0.011140613662542006,0.00018243802727864147,18,41,0.053254875788946554,0.28227415701414876,False,False,True,1.2007276939080616e-05,COMPLETE
638,0.25870710611343384,2025-04-13 15:18:02.363499,2025-04-13 15:18:09.318859,0 days 00:00:06.955360,0.6075812605118427,0.6775248883376926,16,0.10204723578713057,0.11656171941147639,0.0577692061739154,0.06744544763337866,0.08224285460620093,0.015462137081836837,0.00021723823927821483,18,49,0.04713161073654294,0.2751545442086883,False,True,True,1.5615347388591612e-05,COMPLETE
639,0.426890230178833,2025-04-13 15:18:09.518458,2025-04-13 15:18:16.598564,0 days 00:00:07.080106,0.614288788239915,0.6944430802663585,16,0.029782167162342655,0.09968594941191182,0.05527400726250675,0.06919236415349674,0.07692866632010431,0.010366694795262553,0.00019480737296252577,19,46,0.051168104951259584,0.2878415061449242,False,True,True,7.90861548551064e-06,COMPLETE
640,0.4245957255363464,2025-04-13 15:18:16.810057,2025-04-13 15:18:23.898716,0 days 00:00:07.088659,0.6393630328560104,0.7134942024186175,16,0.030815373211852983,0.10228209871132335,0.05598919937229125,0.06880031804104399,0.07434511607250689,0.014643972398621623,0.0002606949496385006,18,42,0.055634278108971154,0.28819964396495584,False,True,True,6.257612326872043e-06,COMPLETE
641,0.42407674789428706,2025-04-13 15:18:24.097197,2025-04-13 15:18:31.169492,0 days 00:00:07.072295,0.6341704205239758,0.6956089318011434,16,0.03836431147964443,0.10949262289086868,0.05543327113349738,0.06973730285621146,0.0777057512932882,0.01049584447778495,0.0001980570168681722,19,46,0.0524511580347127,0.28995881334471046,False,True,True,9.440466069671095e-06,COMPLETE
642,0.4097116708755494,2025-04-13 15:18:31.383480,2025-04-13 15:18:38.540993,0 days 00:00:07.157513,0.6094620538431011,0.7115708340772249,16,0.028845237681676038,0.1763087363265591,0.05871875963086806,0.06439499054547493,0.07572049301558999,0.01213778910021958,0.00028102501357640174,19,47,0.04988463041262879,0.28712288692874455,False,True,True,6.608074585937636e-06,COMPLETE
643,0.42056467533111574,2025-04-13 15:18:38.741784,2025-04-13 15:18:45.835135,0 days 00:00:07.093351,0.6240737573169921,0.6953707092008841,16,0.03375365716334547,0.1440143386802976,0.060874864698214785,0.07683658110308826,0.0722924227212035,0.010548391142745809,0.00016334661010215763,19,43,0.05420378161788302,0.282707412581984,False,True,True,8.368945471602932e-06,COMPLETE
644,0.4095692753791809,2025-04-13 15:18:46.046122,2025-04-13 15:18:53.210279,0 days 00:00:07.164157,0.6686206560855703,0.7159232992716258,16,0.017685530417827118,0.11951348208159428,0.05429211334739865,0.06647897655594995,0.08224101322116151,0.013494150595102112,0.00022942053890323642,19,49,0.04791162009205104,0.2816356325956352,False,True,True,5.36765215659957e-06,COMPLETE
645,0.42236285209655766,2025-04-13 15:18:53.411648,2025-04-13 15:19:00.447053,0 days 00:00:07.035405,0.6557234392009812,0.6903559944416916,16,0.042969454091240186,0.09824230959067212,0.05764006371135962,0.07499989502300763,0.08073361727851519,0.017638299668869296,0.0001801691260189115,18,41,0.05164362712561294,0.28878510105800004,False,True,True,1.066510430673381e-05,COMPLETE
646,0.4262803554534912,2025-04-13 15:19:00.659308,2025-04-13 15:19:07.736537,0 days 00:00:07.077229,0.6217252261044866,0.6809735936999888,16,0.027390848226769078,0.16574195320220714,0.05585240136266419,0.05553372513063585,0.07656772437233442,0.00985969727962487,0.0002571406363325489,19,45,0.057063284765991124,0.27706897051398016,False,True,True,1.2606331125888369e-05,COMPLETE
647,0.4257474780082703,2025-04-13 15:19:07.949933,2025-04-13 15:19:15.034165,0 days 00:00:07.084232,0.6248866451074004,0.6836046144099948,16,0.024573543906418596,0.1532817572857198,0.05609346962112211,0.061817815277411495,0.07487646160651609,0.010873911551862672,0.0002781144442236156,19,45,0.05721042949453867,0.283224572503274,False,True,True,3.921531026678431e-06,COMPLETE
648,0.40283142328262334,2025-04-13 15:19:15.238402,2025-04-13 15:19:22.437988,0 days 00:00:07.199586,0.6270424794455205,0.728512230650701,16,0.016868870778783067,0.16438012218656922,0.05922682851755198,0.057796512911822945,0.07552093597705543,0.0145542468032739,0.0002753633587233072,19,42,0.057938335078868086,0.28946979350979923,False,True,True,4.157256442003381e-06,COMPLETE
649,0.41916441917419434,2025-04-13 15:19:22.652833,2025-04-13 15:19:29.610911,0 days 00:00:06.958078,0.5897109368737996,0.7082739110686497,16,0.021719222219652896,0.15453557628921233,0.05587680569125986,0.052134756452404896,0.07380572375780045,0.011616288146195815,0.0002567928054478322,18,44,0.05773662826101132,0.27831275228893976,False,True,True,7.232409636491729e-06,COMPLETE
650,0.2966035008430481,2025-04-13 15:19:29.813238,2025-04-13 15:19:36.797894,0 days 00:00:06.984656,0.6117016122703627,0.7258547006022175,16,0.015393998567261102,0.14681700992096244,0.057143501772001906,0.05303726184903475,0.07096219408704241,0.015428747666280093,0.00028866924691957476,18,41,0.025556677380880098,0.2851409129957741,False,True,False,2.5044088900079693e-06,COMPLETE
651,0.4267743468284607,2025-04-13 15:19:37.011663,2025-04-13 15:19:44.054452,0 days 00:00:07.042789,0.5853577506110094,0.6885640079042015,16,0.024877921747568855,0.15690178912098598,0.05958660078778707,0.056034142077743376,0.07638120669140602,0.010945023973751461,0.00021220270025278543,19,44,0.057397174474242876,0.27713346498053903,False,True,True,5.2497610049076124e-06,COMPLETE
652,0.2801539123058319,2025-04-13 15:19:44.256405,2025-04-13 15:19:51.345379,0 days 00:00:07.088974,0.5353006101914601,0.6975229802643077,16,0.010966943858843703,0.16153792405296422,0.06097263258332645,0.0598809490394967,0.07647521401398163,0.01275713362268836,0.000215376955996435,19,44,0.05629993450883505,0.2755398402955806,False,True,True,5.352789730681785e-06,COMPLETE
653,0.4264271855354309,2025-04-13 15:19:51.559697,2025-04-13 15:19:58.701078,0 days 00:00:07.141381,0.607006547639284,0.6781875457698968,16,0.025777391349647325,0.16958456678178585,0.06200799576472373,0.04973872602615817,0.07639339206990456,0.010888788754327125,0.00021679924732982572,19,48,0.05865604088256916,0.27483146364003913,False,True,True,8.018634405016648e-06,COMPLETE
654,0.20478012561798098,2025-04-13 15:19:58.907715,2025-04-13 15:20:05.883352,0 days 00:00:06.975637,0.5655167651756576,0.7285212419624735,16,0.1308277403113372,0.1699046927708029,0.06347327996858892,0.048776187305617356,0.07302011349980311,0.010716010749196501,0.00022393588511886143,18,47,0.05796305444690619,0.2771462080542517,False,True,True,3.282309910349651e-06,COMPLETE
655,0.42275073528289797,2025-04-13 15:20:06.100932,2025-04-13 15:20:13.161969,0 days 00:00:07.061037,0.6049880707624417,0.7092087197647929,16,0.026147720628527875,0.18419210622702697,0.061821928051524075,0.059393093144594976,0.07658312405066096,0.016810808604643315,0.0002032777792783609,18,41,0.05596485332340031,0.27374987381127575,False,True,True,6.802198009746537e-06,COMPLETE
656,0.403301739692688,2025-04-13 15:20:13.366404,2025-04-13 15:20:20.471317,0 days 00:00:07.104913,0.5825985372432652,0.6927464321825126,16,0.029079131652039417,0.1639429510825871,0.060195285273522775,0.05099920843321355,0.07141072373314569,0.013142473898877263,0.000247853568983452,19,45,0.057588801837792504,0.27989030587900043,False,False,True,7.331980268197461e-06,COMPLETE
657,0.42538621425628664,2025-04-13 15:20:20.688019,2025-04-13 15:20:27.596007,0 days 00:00:06.907988,0.6087597179523558,0.6837210192121262,16,0.035869655398489395,0.1569490939693885,0.06236958609960857,0.05509075409296056,0.07727082933372575,0.00992284617983666,0.000181237736352425,17,49,0.059251964363481235,0.28923765408825164,False,True,True,5.105810383130557e-06,COMPLETE
658,0.42629523277282716,2025-04-13 15:20:27.803662,2025-04-13 15:20:34.889965,0 days 00:00:07.086303,0.5908206417111365,0.6797180545649752,16,0.02480537225386436,0.17049470174404774,0.05905917839423094,0.0566016978070566,0.07499664886414308,0.011867886915594848,0.00022610194027939242,19,44,0.05496904826741872,0.27253620308481746,False,True,True,8.51470437370017e-06,COMPLETE
659,0.4272503376007081,2025-04-13 15:20:35.106984,2025-04-13 15:20:42.140396,0 days 00:00:07.033412,0.5643066787877814,0.6741463576025478,16,0.028727118085513363,0.1823850885484366,0.06382156658268949,0.05478732161738529,0.0737012355955617,0.009627753351469195,0.00019241013172802897,18,40,0.059343066550780886,0.2725383226979462,False,True,True,8.647477287389997e-06,COMPLETE
660,0.42704634666442876,2025-04-13 15:20:42.349121,2025-04-13 15:20:49.304644,0 days 00:00:06.955523,0.5544823545718054,0.6772194525054451,16,0.037677540306149115,0.18177711300384278,0.06412108225915612,0.05530073388662735,0.07547463299063273,0.010329483275015334,0.0001802378486586522,17,44,0.05929445632711229,0.26849705552890746,False,True,True,7.515924767888299e-06,COMPLETE
661,0.4227014899253845,2025-04-13 15:20:49.521541,2025-04-13 15:20:56.502228,0 days 00:00:06.980687,0.5970254731054258,0.6799933426258061,16,0.04124180987078614,0.18246602978922608,0.06466170132243193,0.057121016996164224,0.07295536439030952,0.011610027031699225,0.00017331393013464828,18,42,0.0605728450303117,0.2700672558684616,False,True,True,6.508118206686186e-06,COMPLETE
662,0.41996591091156005,2025-04-13 15:20:56.708916,2025-04-13 15:21:03.665605,0 days 00:00:06.956689,0.5549600024162558,0.7181627664992746,16,0.03626162329103796,0.18798950377282003,0.06402708253065138,0.054459199033498246,0.07393783241273047,0.010121779302700197,0.0001899893151924475,17,48,0.058221873160023,0.2710754547035985,False,True,True,4.97295426271141e-06,COMPLETE
663,0.42552142143249516,2025-04-13 15:21:03.882011,2025-04-13 15:21:10.799145,0 days 00:00:06.917134,0.5552415553179418,0.6798533251590997,16,0.03274805891351734,0.1757023931540181,0.06450389862955477,0.05391221277312847,0.07029790067340834,0.013573824447075916,0.00021774850557541823,17,44,0.059914395519458305,0.08442348722805193,False,True,True,8.02458821980591e-06,COMPLETE
664,0.4215675473213196,2025-04-13 15:21:11.008719,2025-04-13 15:21:17.888569,0 days 00:00:06.879850,0.5324620760496841,0.7060815453277411,16,0.027606080992017543,0.16814998561862013,0.06199937892239586,0.05669420326740337,0.07226258623070357,0.009796134913433707,0.00016393786847449565,16,40,0.05907775790343845,0.2695950441722768,False,True,True,8.268373507702776e-06,COMPLETE
665,0.43313237428665163,2025-04-13 15:21:18.103869,2025-04-13 15:21:25.026204,0 days 00:00:06.922335,0.5698945511580785,0.6827591955817951,16,0.03678244617763561,0.17898810022236347,0.06411236223113204,0.054954606983216,0.0743058776483689,0.012785363111563551,0.0002507580933390941,17,47,0.059230742303756176,0.2747443152144311,False,True,True,7.060684316189378e-06,COMPLETE
666,0.4246061682701111,2025-04-13 15:21:25.248028,2025-04-13 15:21:32.110697,0 days 00:00:06.862669,0.5759435087237152,0.7301798348552886,16,0.040531044025334924,0.17998263085551067,0.06256044899356127,0.05529436849723817,0.07508559899520002,0.013185780459654874,0.00026286699113030646,16,47,0.05963291850239876,0.2707430970897877,False,True,True,5.759866107300487e-06,COMPLETE
667,0.42428094148635864,2025-04-13 15:21:32.317102,2025-04-13 15:21:39.207173,0 days 00:00:06.890071,0.5662596392121585,0.6886181843002842,16,0.04345901782327174,0.1771924929707893,0.06442306907164976,0.05089395142427011,0.07487406362495443,0.011677793692759824,0.0002078999281063805,17,48,0.056848793442303085,0.2751378936043266,False,True,True,8.729123877542107e-06,COMPLETE
668,0.4223556280136108,2025-04-13 15:21:39.430047,2025-04-13 15:21:46.322004,0 days 00:00:06.891957,0.5909748538222582,0.7076138750189953,16,0.03442689027379019,0.19579774842521383,0.06409937514159571,0.05394103718073984,0.07380091680602739,0.015345019718972213,0.0002495021240073528,17,44,0.06040170819899957,0.26700854336057867,False,True,True,9.372767770501482e-06,COMPLETE
669,0.2711062908172608,2025-04-13 15:21:46.531378,2025-04-13 15:21:53.375294,0 days 00:00:06.843916,0.4987821019936036,0.6755369651972595,16,0.03684374029955971,0.18679847488370632,0.060717937390016255,0.05606842826025797,0.07247041550619943,0.011604512091228805,0.00018284942182526649,17,43,0.05790665189842379,0.2747283735206234,False,True,False,7.790171482393833e-06,COMPLETE
670,0.42757780551910396,2025-04-13 15:21:53.599801,2025-04-13 15:22:00.562673,0 days 00:00:06.962872,0.5522961815614725,0.688550517651074,16,0.04468575873070044,0.17881722614057616,0.062061525762245266,0.049810042168985116,0.07142867406013909,0.009627856736667465,0.00029820094645827475,18,49,0.06035931129543808,0.26645816114873777,False,True,True,6.279114790449018e-06,COMPLETE
671,0.42749478816986086,2025-04-13 15:22:00.770126,2025-04-13 15:22:07.740661,0 days 00:00:06.970535,0.5349879758105074,0.7038268249656058,16,0.03932047708964112,0.17208218869205105,0.061856904597952275,0.05007318964660869,0.07174125484862978,0.010382381075290586,0.0003051961092351997,17,49,0.05968468792728273,0.2685759412088968,False,True,True,5.417664648408242e-06,COMPLETE
672,0.4207518219947815,2025-04-13 15:22:07.963986,2025-04-13 15:22:14.889512,0 days 00:00:06.925526,0.5245883108607323,0.7362556546722617,16,0.04736937257787219,0.1737480654594168,0.06272278708751856,0.046766063761320684,0.07397132489157136,0.01320331689073947,0.0002790937158255633,17,50,0.059679959037800684,0.26678069804529914,False,True,True,4.538134874857176e-06,COMPLETE
673,0.4315831303596497,2025-04-13 15:22:15.098250,2025-04-13 15:22:22.252915,0 days 00:00:07.154665,0.5127088399800421,0.7220043273002339,16,0.04318668908591987,0.15895796662267098,0.061243677900254805,0.051975515285336456,0.07173066152324806,0.009405000585685589,0.00029643699177334397,17,48,0.06089118525009579,0.26673283081455684,True,True,True,3.650370583235389e-06,COMPLETE
674,0.41101733446121214,2025-04-13 15:22:22.473681,2025-04-13 15:22:29.670084,0 days 00:00:07.196403,0.5395694879144654,0.7263859025286588,16,0.05165453325517303,0.16023648377888586,0.06436768643316784,0.04799146270204433,0.06973712588249081,0.008719377442321362,0.0002826821537766466,17,50,0.06077494863908151,0.2665161188614342,True,True,True,2.7725748400763877e-06,COMPLETE
675,0.4259944796562195,2025-04-13 15:22:29.880009,2025-04-13 15:22:36.939738,0 days 00:00:07.059729,0.5018275073673862,0.7218649495701874,16,0.04539723709443916,0.18480211519203255,0.061293567877412684,0.04969842657339131,0.06947833685374791,0.009623063183864555,0.0002733778507161867,16,50,0.06054476335600709,0.26459878258289965,True,False,True,4.405874990177594e-06,COMPLETE
676,0.4170940041542054,2025-04-13 15:22:37.160706,2025-04-13 15:22:45.072067,0 days 00:00:07.911361,0.5508093385022254,0.7121194870183988,16,0.04526907797322598,0.18076553545991178,0.06289541633247037,0.05242141678688901,0.07118646423844195,0.009293114298939685,0.0003167101097158395,17,137,0.05901074002238662,0.26112807879400407,True,True,True,6.862293558390884e-06,COMPLETE
677,0.4183824896812439,2025-04-13 15:22:45.280793,2025-04-13 15:22:52.363322,0 days 00:00:07.082529,0.5131101178628519,0.73759921168125,16,0.041822396516471134,0.19200205894668132,0.06017316789289557,0.051814904310867785,0.0722195658109436,0.011576292648830607,0.00021911972774051841,16,49,0.061212994405631646,0.26826876060554933,True,True,True,3.900732258852815e-06,COMPLETE
678,0.408126974105835,2025-04-13 15:22:52.586002,2025-04-13 15:22:59.721333,0 days 00:00:07.135331,0.5545539816178485,0.708750590005616,16,0.051489864981709245,0.20496561049578935,0.06465444481459882,0.051703868698543945,0.0686947884282049,0.014299668155904933,0.00016945749126934975,17,47,0.059731009801001746,0.27064354951633274,True,True,True,5.528468274858483e-06,COMPLETE
679,0.4203567743301392,2025-04-13 15:22:59.946387,2025-04-13 15:23:07.141910,0 days 00:00:07.195523,0.5177528813459744,0.7057905161655345,16,0.04388451838196063,0.1737852773512591,0.06105812104475047,0.050000531183291314,0.07240179629345496,0.009060252381104562,0.0002111230397118268,18,47,0.05912377733949143,0.2572915973260976,True,True,True,4.732230320007389e-06,COMPLETE
680,0.4198267817497253,2025-04-13 15:23:07.353404,2025-04-13 15:23:14.363732,0 days 00:00:07.010328,0.48269204242131875,0.7418484223143689,16,0.04042634078901406,0.18173994897896648,0.06232798967177427,0.050222590020703006,0.07465416412930359,0.010812938878635388,0.00029980606318624027,16,50,0.05853916279165841,0.2648102770749939,True,True,True,5.980798033797831e-06,COMPLETE
681,0.2048193633556366,2025-04-13 15:23:14.588218,2025-04-13 15:23:21.695515,0 days 00:00:07.107297,0.526289028305192,0.6976090345186776,16,0.05734194079153336,0.16845542072424802,0.06480738437639039,0.05320885304287058,0.07046949349481331,0.008519613418175418,0.00016201281737088187,18,47,0.007720184910954664,0.2730907856403216,True,True,True,3.2090812634551267e-06,COMPLETE
682,0.42288736104965213,2025-04-13 15:23:21.909419,2025-04-13 15:23:28.934301,0 days 00:00:07.024882,0.5703682106670495,0.7516656353855525,16,0.039923874397936474,0.15861258979390266,0.06028104137516021,0.04504340297927316,0.07163860220419982,0.011693996101966805,0.000239409254216825,18,51,0.061752521452883284,0.2781710319411635,False,True,True,3.969047181084628e-06,COMPLETE
