number,value,datetime_start,datetime_complete,duration,params_alpha-eval,params_alpha-train,params_batch-size,params_eps-eval,params_eps-train,params_lambda-actions-eval,params_lambda-actions-train,params_lambda-frames-eval,params_lambda-frames-train,params_learning-rate,params_n-epochs,params_n-frames,params_radius-gw,params_rho,params_std-feats,params_ub-actions,params_ub-frames,params_weight-decay,state
1025,0.4208878993988038,2025-04-13 16:12:07.036674,2025-04-13 16:12:14.867231,0 days 00:00:07.830557,0.5861752935514181,0.7277334828291555,8,0.05748066896498137,0.10418550621618439,0.06359592319557145,0.04603945001673136,0.055932612759636575,0.014752987889901006,0.00025887511424439974,15,41,0.05992733967709242,0.15514233888664533,True,True,True,1.5955985041702916e-06,COMPLETE
1026,0.4188881993293762,2025-04-13 16:12:15.203039,2025-04-13 16:12:23.577897,0 days 00:00:08.374858,0.5501617945648705,0.7901389774910497,8,0.042928857375646584,0.1609116852313704,0.06890839162396462,0.04882540561004009,0.0731225102877168,0.011531033673054752,0.00017408826601015678,18,51,0.062271726319957234,0.2662064734136152,True,True,True,2.0297613890600877e-06,COMPLETE
1027,0.2048193633556366,2025-04-13 16:12:23.895192,2025-04-13 16:12:31.501287,0 days 00:00:07.606095,0.6218426109757099,0.06737081186395064,8,0.07241783453825609,0.1326992643456528,0.011414869667097087,0.04331004472352694,0.08047213718079294,0.009339264744451367,0.00032969667735692086,14,44,0.0705508234157399,0.24796908215425498,True,True,True,4.649449043905934e-06,COMPLETE
1028,0.4015082240104676,2025-04-13 16:12:31.830980,2025-04-13 16:12:39.929518,0 days 00:00:08.098538,0.5064141713773612,0.6799996897384997,8,0.06485087578976992,0.08925402959046455,0.07415337224269458,0.04830795184867657,0.07832488425301712,0.007044300594949359,0.00022548685029719418,17,47,0.0661759080362636,0.2531157738473871,True,True,True,5.910490441967608e-06,COMPLETE
1029,0.4249746322631836,2025-04-13 16:12:40.262092,2025-04-13 16:12:48.291936,0 days 00:00:08.029844,0.5590846106283448,0.7548543194988395,8,0.049193781690377546,0.0959262747951524,0.07151110440730514,0.05104713681934678,0.07496617155026528,0.07244666864331846,0.00029329030875188797,16,54,0.05920343997571956,0.2690193752475731,True,True,True,3.4918299345416845e-06,COMPLETE
1030,0.2048193633556366,2025-04-13 16:12:48.626739,2025-04-13 16:12:56.886831,0 days 00:00:08.260092,0.6047181204979435,0.7170120731930036,8,0.29518215695532285,0.10881094016507817,0.06625681867342523,0.04599801226591947,0.07117383941113016,0.01532659920755467,2.34648273343479e-05,18,39,0.05545159452669089,0.26378831244196843,True,True,True,2.5738444275991633e-06,COMPLETE
1031,0.43328838348388676,2025-04-13 16:12:57.220294,2025-04-13 16:13:05.201460,0 days 00:00:07.981166,0.5748938870286717,0.7408148036261305,8,0.05292726426933914,0.11845293639196622,0.06396131020749976,0.04344369898815669,0.05421475567872945,0.012760402339597118,0.0005273509319315871,16,42,0.0643021011531429,0.2566881039523623,True,True,True,8.254382207179067e-06,COMPLETE
1032,0.39734934568405156,2025-04-13 16:13:05.536988,2025-04-13 16:13:20.355649,0 days 00:00:14.818661,0.6369350275586977,0.7840922930395213,2,0.06288606885857595,0.1269269446696165,0.060443523596599026,0.040873219743119624,0.05259434197153983,0.013702055378076547,0.00044299197719868514,16,48,0.06646671423549404,0.24823965123717925,True,True,True,9.305665109257828e-06,COMPLETE
1033,0.4211151599884033,2025-04-13 16:13:20.692874,2025-04-13 16:13:28.491115,0 days 00:00:07.798241,0.5825371184904792,0.7723494304319147,8,0.05619631869693581,0.1227776957462187,0.06767069571633272,0.03988867829453081,0.056032572622001384,0.08359411962384972,0.0004941499342730992,15,44,0.0640114916848974,0.2553726055142327,True,True,True,8.511544596610377e-06,COMPLETE
1034,0.4220369338989258,2025-04-13 16:13:28.809881,2025-04-13 16:13:36.354943,0 days 00:00:07.545062,0.6086791550674727,0.7525393815810287,8,0.06794737434879398,0.12053074614156424,0.06333335633281481,0.04301651292467327,0.053562810410637623,0.015567525186041837,0.000567366308815296,13,43,0.062081628312674234,0.2463944354723797,True,True,True,7.894705336652518e-06,COMPLETE
1035,0.3991011142730713,2025-04-13 16:13:36.688977,2025-04-13 16:13:44.601631,0 days 00:00:07.912654,0.5859748618580488,0.8207971886006232,8,0.05907728196005372,0.1174781774768523,0.062221768694371196,0.04301575314776914,0.05978471693164146,0.011016745891460136,0.0004983818323331264,15,51,0.05764843171109267,0.25247745822424333,True,True,True,1.020888692246914e-05,COMPLETE
1036,0.3885365009307861,2025-04-13 16:13:44.935225,2025-04-13 16:13:52.902733,0 days 00:00:07.967508,0.5745773763273627,0.7422564617710469,8,0.07573486166736543,0.13028621261417023,0.03964637170737476,0.043836559736223864,0.08070656913867329,0.012892937703190032,0.0004999418306517172,16,46,0.06783069432200955,0.2434227377620153,True,True,True,7.272023247215076e-06,COMPLETE
1037,0.2119493842124939,2025-04-13 16:13:53.234494,2025-04-13 16:14:01.612898,0 days 00:00:08.378404,0.5970842107549527,0.8019533370287524,8,0.1058779083499494,0.1465283138192494,0.05806296230978274,0.041188179653097165,0.05787204422024763,0.0158706801022896,0.0004321039789932463,16,100,0.0606542877680952,0.2580912721054855,True,True,True,8.092792932384866e-06,COMPLETE
1038,0.3733378767967225,2025-04-13 16:14:01.949116,2025-04-13 16:14:09.715030,0 days 00:00:07.765914,0.6158393209171149,0.7589973145608012,8,0.053448051792031756,0.26293201834022617,0.06945941582049753,0.04472673662213921,0.05559926826330164,0.008362339429970004,0.0005742067964413238,15,42,0.05905192787164797,0.08969069859235065,True,True,False,6.734408125964981e-06,COMPLETE
1039,0.3927771806716919,2025-04-13 16:14:10.053305,2025-04-13 16:14:17.793791,0 days 00:00:07.740486,0.5651340785631382,0.7421420907110691,8,0.05092772113894448,0.11720627056496692,0.06511401701166579,0.04623604881782416,0.05022498560295954,0.010466528861264746,0.0005567574161368186,14,49,0.06163469159436689,0.07221472546800554,True,True,True,5.662311672229664e-06,COMPLETE
1040,0.4098099708557129,2025-04-13 16:14:18.130814,2025-04-13 16:14:32.882064,0 days 00:00:14.751250,0.5727650438660175,0.7739292904084958,2,0.06137039731334941,0.11278478281422276,0.060153490178877944,0.03662627420984281,0.05513318503052552,0.014167570237514263,0.00038687249597018606,16,37,0.06432926755754005,0.23303278567923497,True,True,True,9.652624812309875e-06,COMPLETE
1041,0.26536377072334294,2025-04-13 16:14:33.214161,2025-04-13 16:14:40.995906,0 days 00:00:07.781745,0.5958594577861811,0.7304956109323437,8,0.08541821644555908,0.13591262198505022,0.06688037130473838,0.04157722174119158,0.054180725298903755,0.00711028847549243,0.0003650424810043932,15,45,0.05603529354901768,0.12884672848485187,True,False,True,6.183957946004866e-06,COMPLETE
1042,0.42002112865448,2025-04-13 16:14:41.330078,2025-04-13 16:14:49.103100,0 days 00:00:07.773022,0.6383147659197024,0.6715981725980611,8,0.037138873918800754,0.12480249391364165,0.06412943111503011,0.0467505651586439,0.050782313476203614,0.012370069172351974,0.00044478861854482587,15,40,0.0653775482635618,0.2375682088396188,True,True,True,4.895916566648945e-06,COMPLETE
1043,0.21193122267723086,2025-04-13 16:14:49.439853,2025-04-13 16:14:57.407728,0 days 00:00:07.967875,0.5507756563618639,0.7590659281262397,8,0.13798862306220241,0.11401099154140296,0.06091907733650845,0.04502957106726044,0.06174271429787438,0.016391627988048538,0.0003668546596597859,16,47,0.06860032821470277,0.2502021069495546,True,True,True,8.539035984604662e-06,COMPLETE
1044,0.2048193633556366,2025-04-13 16:14:57.742323,2025-04-13 16:15:05.907344,0 days 00:00:08.165021,0.5806745782284126,0.7020985650572755,8,0.23644531071172187,0.16459611931645246,0.07097369360856715,0.043253993097735324,0.05678928811261392,0.009215065331154779,0.0005746670049753128,17,53,0.0595225810463143,0.2252797018436022,True,True,True,6.347599839532311e-06,COMPLETE
1045,0.2048193633556366,2025-04-13 16:15:06.245840,2025-04-13 16:15:14.167627,0 days 00:00:07.921787,0.6215526986633555,0.30907801501717563,8,0.055392869126901535,0.1732683113101266,0.06607572697162589,0.04771054948427033,0.07809772066288337,0.01428255562711953,0.0004481662176727416,16,42,0.06283024849638584,0.26110063870014744,True,True,True,4.904361589050689e-06,COMPLETE
1046,0.2829113185405731,2025-04-13 16:15:14.503453,2025-04-13 16:15:22.899329,0 days 00:00:08.395876,0.5577791727405998,0.43473602507368503,8,0.04663929812270087,0.11931359203552043,0.06243145905142072,0.012235928154477216,0.07625304252123805,0.051333380888521865,0.0003445691766623966,19,36,0.06079166273522835,0.21175558864112784,True,True,True,4.273902821442875e-06,COMPLETE
1047,0.389828896522522,2025-04-13 16:15:23.239498,2025-04-13 16:15:31.133455,0 days 00:00:07.893957,0.5391759831718318,0.7322031439841004,8,0.06615681543071505,0.12925660717848478,0.06807379307172702,0.044989196361458844,0.05710473561219557,0.011011693989573646,0.0004028552459369524,15,50,0.057529032643461854,0.24513717191389653,True,True,True,9.825964693686113e-06,COMPLETE
1048,0.425497031211853,2025-04-13 16:15:31.474666,2025-04-13 16:15:39.450124,0 days 00:00:07.975458,0.6007748182765849,0.7868034724618079,8,0.043365437529684636,0.11126324146287511,0.0642141993755593,0.040604231768254284,0.05523820402897982,0.017807813089660472,0.00030907040534718745,16,45,0.06486853438638548,0.2569042918674489,True,True,True,6.681040357672681e-06,COMPLETE
1049,0.2048193633556366,2025-04-13 16:15:39.772495,2025-04-13 16:15:54.987111,0 days 00:00:15.214616,0.5692647129457641,0.6976683496824483,2,0.05209778390880403,0.22724427598524066,0.05976196144356859,0.04913770196451359,0.05944339575901478,0.013317145699022061,0.0003607384545682151,17,39,0.06240161373840652,0.2681265057038538,True,True,True,5.182620712449197e-06,COMPLETE
1050,0.4153000354766846,2025-04-13 16:15:55.327971,2025-04-13 16:16:03.455295,0 days 00:00:08.127324,0.528056828689656,0.7444581713923509,8,0.07865182174366346,0.10536677078088219,0.06948479549985564,0.038354180335747785,0.052551754246023485,0.015884531495101963,0.0005382993326765424,17,43,0.059806660171890985,0.24011770392211487,True,True,True,4.15207244076535e-06,COMPLETE
1051,0.2048193633556366,2025-04-13 16:16:03.794755,2025-04-13 16:16:12.028295,0 days 00:00:08.233540,0.5129650626973946,0.013634710000208994,8,0.03774809862607916,0.170876787190965,0.06585801128272267,0.04711998205695883,0.05360182054537417,0.00971779455723414,0.00029496765493090534,16,79,0.05571202708498729,0.25282377652879856,True,True,True,3.6763276036055503e-06,COMPLETE
1052,0.3997601866722107,2025-04-13 16:16:12.370703,2025-04-13 16:16:20.720250,0 days 00:00:08.349547,0.4799794383042127,0.7174787716062188,8,0.059481046287120955,0.12276795330324845,0.0581838732584331,0.042801896088864234,0.07922706710531836,0.012003772819220358,0.00032622900365968343,18,48,0.06684631021814073,0.26761051852299683,True,True,True,7.132403989410816e-06,COMPLETE
1053,0.421788501739502,2025-04-13 16:16:21.060184,2025-04-13 16:16:28.985990,0 days 00:00:07.925806,0.5537842220996988,0.7683482828881331,8,0.049769717633708424,0.10903390026237418,0.06236683905484995,0.03492602029387343,0.07416302354273871,0.0072196540219062084,0.00019794373683701695,16,41,0.05765655481059295,0.2581768345762284,True,True,True,5.229533956805849e-06,COMPLETE
1054,0.2048193633556366,2025-04-13 16:16:29.328107,2025-04-13 16:16:36.992041,0 days 00:00:07.663934,0.5816420765940484,0.1553445790163106,8,0.04221165001106305,0.18334322757620988,0.07205299543589208,0.060492245949964926,0.05105361166922706,0.014792427692867266,0.0004498994128351516,14,46,0.06368127586124069,0.24722550669519794,True,True,True,3.0437070174531513e-06,COMPLETE
1055,0.2895332217216492,2025-04-13 16:16:37.333670,2025-04-13 16:16:44.989997,0 days 00:00:07.656327,0.6166597665900174,0.6734503631182691,8,0.05612277594661118,0.15804888718945956,0.07971189274634756,0.04554987086083623,0.06368244229136341,0.010627272393498923,0.00014396133538071838,15,44,0.06122184220258573,0.2613319704821408,True,True,False,3.843210742639518e-06,COMPLETE
1056,0.36333159208297733,2025-04-13 16:16:45.335197,2025-04-13 16:16:53.141608,0 days 00:00:07.806411,0.5445860300361237,0.6954793846471788,8,0.06634498421409338,0.15094550591351433,0.0673880959151869,0.04882826740495609,0.0698232329515402,0.012957095060326584,0.00025974366729782566,17,6,0.059054847539990504,0.25184155641839323,True,True,True,5.975976742882058e-06,COMPLETE
1057,0.408330237865448,2025-04-13 16:16:53.468205,2025-04-13 16:17:09.794450,0 days 00:00:16.326245,0.5907778993520195,0.7310629275931936,2,0.03738545629736549,0.11673336441467545,0.06363536686889915,0.05038359426579682,0.07624400638609688,0.017011414120337593,0.00040693688247935223,19,50,0.06256008328299739,0.23652031896643141,True,True,True,9.763031294102842e-06,COMPLETE
1058,0.42265049219131473,2025-04-13 16:17:10.138653,2025-04-13 16:17:18.355139,0 days 00:00:08.216486,0.5635173142689905,0.7630431566395169,8,0.04773520924008536,0.10457952239171055,0.07631941925383234,0.044608560684716435,0.06888028833121931,0.008914933596692471,0.0002248034077955937,18,37,0.065807646636751,0.2203598020063349,True,True,True,7.829212173959106e-06,COMPLETE
1059,0.34776628017425537,2025-04-13 16:17:18.694332,2025-04-13 16:17:26.624200,0 days 00:00:07.929868,0.42255453968743045,0.7971202520453238,8,0.05964596775687328,0.14105093810071323,0.061370204223806846,0.03967983534776283,0.08035230093471707,0.014579834524336761,0.00017372810569520254,16,42,0.06096136394621336,0.26844289185764003,True,True,True,4.484910415010872e-06,COMPLETE
1060,0.41886359453201294,2025-04-13 16:17:26.969163,2025-04-13 16:17:35.053650,0 days 00:00:08.084487,0.5151921783987347,0.6744891130274043,8,0.05263447878278976,0.11222399429950343,0.06516494900189013,0.04774304688679903,0.0733303905578958,0.011664625504537712,0.00028155579099823405,17,54,0.057463406347167796,0.22863764542993795,True,False,True,3.1921924159081475e-06,COMPLETE
1061,0.2687722325325012,2025-04-13 16:17:35.395570,2025-04-13 16:17:43.287466,0 days 00:00:07.891896,0.5353946663768352,0.12002126234703603,8,0.04132566155577736,0.12751880157564766,0.0692419024322403,0.04251828669574745,0.058323799540085396,0.017313701559705106,0.0003327767579469307,15,48,0.0645528007198801,0.2579239634048406,True,True,True,5.293675411332611e-06,COMPLETE
1062,0.4180424332618714,2025-04-13 16:17:43.633849,2025-04-13 16:17:51.657198,0 days 00:00:08.023349,0.6010723277398629,0.71117882931451,8,0.07046462599741929,0.1636189097721085,0.059591753195545064,0.05137657494005719,0.07773679346364167,0.007473762704928882,0.00037665630826272324,17,39,0.059469721855471565,0.2435782831145347,True,True,True,2.9882412630022594e-06,COMPLETE
1063,0.3777884244918823,2025-04-13 16:17:51.999759,2025-04-13 16:17:59.980309,0 days 00:00:07.980550,0.45135299157297,0.7487967595271283,8,0.04774344007706279,0.11803783735974126,0.06278007876146012,0.049414315662344235,0.07077013700158775,0.01883109679494154,0.0005109999928422131,16,45,0.0628001304746837,0.2641059896239687,True,True,True,4.119549958220794e-06,COMPLETE
1064,0.3530614972114563,2025-04-13 16:18:00.327280,2025-04-13 16:18:08.090257,0 days 00:00:07.762977,0.6342138256483707,0.36661027968158005,8,0.06026863969639007,0.10287770625603625,0.06662463381003,0.046167262772668395,0.019381924510731348,0.013169517344858439,0.00020807961666081273,13,90,0.0680475725403582,0.2501277293022322,True,True,True,7.43080817777962e-06,COMPLETE
1065,0.42251511812210085,2025-04-13 16:18:08.438040,2025-04-13 16:18:16.105607,0 days 00:00:07.667567,0.5650896579419785,0.7212999697234553,8,0.04392226383740761,0.13395801598662127,0.041987649282117845,0.05165004001557475,0.07531511041123581,0.00996609085146108,0.0002767762035750327,14,42,0.05512942183732072,0.271324762895148,True,True,True,6.097169739165806e-06,COMPLETE
1066,0.41679481267929075,2025-04-13 16:18:16.437619,2025-04-13 16:18:24.696994,0 days 00:00:08.259375,0.49363172988681975,0.737782798668555,8,0.054340931258643796,0.1806099692907715,0.06457692144763094,0.05490428339640973,0.06799781119982973,0.015572320187227,0.00016238495281131182,18,47,0.0612521837714939,0.25608140296744136,True,True,True,3.498437107141046e-06,COMPLETE
1067,0.39382114410400393,2025-04-13 16:18:25.041223,2025-04-13 16:18:40.447018,0 days 00:00:15.405795,0.5820466198497143,0.6822183057384855,2,0.03841294639107677,0.10943726568921897,0.06133744805479183,0.058728607126428946,0.07202220847623463,0.00697495069240645,0.0002478746363893922,17,51,0.05883630775530231,0.24115230005877386,True,True,True,2.543037979094779e-06,COMPLETE
1068,0.4008165121078491,2025-04-13 16:18:40.790668,2025-04-13 16:18:48.703068,0 days 00:00:07.912400,0.5415155401274417,0.7005450661907674,8,0.05018414531971764,0.12318176655562721,0.057630159746695435,0.04751740113081922,0.07905359599864721,0.011661104693036262,0.0003302418284217582,16,39,0.05658454870326809,0.264862557144558,True,True,True,1.0424355477605655e-05,COMPLETE
1069,0.2048193633556366,2025-04-13 16:18:49.047364,2025-04-13 16:18:57.309857,0 days 00:00:08.262493,0.5204412791852658,0.5056169448339471,8,0.06367278916298984,0.17248785900686117,0.07350466190413944,0.04398344860694659,0.07454262294710873,0.015100865714609854,0.00019142855033980893,18,45,0.06425891275448474,0.23435349537287653,True,True,True,4.867729403845995e-06,COMPLETE
1070,0.3978210210800171,2025-04-13 16:18:57.653076,2025-04-13 16:19:05.394556,0 days 00:00:07.741480,0.5598924600292161,0.7833900352515569,8,0.03656435832179999,0.1156424495421627,0.06842661511076249,0.04943221237263802,0.07731415657828736,0.013217762214393901,0.00040172292245987257,15,36,0.07088464886596026,0.18687222171903112,True,True,True,8.51331711879588e-07,COMPLETE
1071,0.4251526355743408,2025-04-13 16:19:05.741434,2025-04-13 16:19:14.150891,0 days 00:00:08.409457,0.6111699819234765,0.7590746529285537,8,0.05601034450105366,0.10141953708851627,0.06395992218341118,0.05418048332105637,0.07330571842046509,0.009043486243883042,0.00023653575604126612,19,43,0.06074279322934156,0.27268981148060834,True,True,True,3.995636188654625e-06,COMPLETE
1072,0.4165492653846741,2025-04-13 16:19:14.499826,2025-04-13 16:19:22.625570,0 days 00:00:08.125744,0.5857654910991864,0.7194569948188457,8,0.044933419547235974,0.24805746330862882,0.06606327297187141,0.05700043535141353,0.03924769179584439,0.018036454972166285,0.0002970055803125894,17,48,0.06296142278702586,0.24682319999681104,True,True,True,2.8610688528347752e-06,COMPLETE
1073,0.21441446542739867,2025-04-13 16:19:22.973147,2025-04-13 16:19:30.654148,0 days 00:00:07.681001,0.5466468555044348,0.6942528722829533,8,0.07308431762145298,0.10826399741899351,0.07112823744630664,0.04527873303682672,0.06915564975923762,0.01116421771920112,0.0005788753989929792,15,42,0.0655392524332719,0.258847731635095,True,True,False,5.698174565089633e-06,COMPLETE
1074,0.4146036982536316,2025-04-13 16:19:31.008024,2025-04-13 16:19:38.984245,0 days 00:00:07.976221,0.5719718440945084,0.740288092380456,8,0.049904017466063724,0.16791057065946893,0.06016497165750845,0.05248785280516502,0.07147807636096556,0.013785992127454395,0.00013701270839582987,16,46,0.054934022850636435,0.2526788524776053,True,True,True,8.387311903339283e-06,COMPLETE
1075,0.3917532801628113,2025-04-13 16:19:39.335453,2025-04-13 16:19:55.048284,0 days 00:00:15.712831,0.2528339139710624,0.6667380752007872,2,0.06289264016196648,0.12172476611363064,0.062412566612971065,0.05061109342257428,0.0807961608547632,0.016323251762206902,0.00046491032899119796,18,40,0.059000924767956486,0.2679859062275277,True,True,True,3.81947060101621e-06,COMPLETE
1076,0.42319970130920415,2025-04-13 16:19:55.379880,2025-04-13 16:20:03.587182,0 days 00:00:08.207302,0.5127003396279738,0.7663896996792985,8,0.03677429535539021,0.15508608774428242,0.06696931712840046,0.04737826718999883,0.07584081536123523,0.008688730973205721,0.00021470635188034713,17,51,0.06158083886994893,0.2771302201688384,True,True,True,2.2477907885246975e-06,COMPLETE
1077,0.389354944229126,2025-04-13 16:20:03.930429,2025-04-13 16:20:11.850748,0 days 00:00:07.920319,0.49145712265826236,0.8352636786424003,8,0.05565565475500798,0.17688714260992613,0.0583141259671647,0.04166060527321904,0.06234255001849224,0.011556194699801799,0.00035269538308059544,16,44,0.05687348772486983,0.24448677725263868,True,True,True,4.887901773643999e-06,COMPLETE
1078,0.4113354444503784,2025-04-13 16:20:12.199881,2025-04-13 16:20:20.331702,0 days 00:00:08.131821,0.5991738396198708,0.8062457994416838,8,0.044646125750031684,0.1876061069815775,0.06408483187417724,0.03900226673574316,0.0737603128811906,0.019297316507957178,0.00029707488491093455,17,48,0.0671697210778891,0.2536840851914304,True,False,True,6.311997976149414e-06,COMPLETE
1079,0.33279731273651125,2025-04-13 16:20:20.677173,2025-04-13 16:20:28.297896,0 days 00:00:07.620723,0.5341950659198021,0.7097036546170791,8,0.05064680206109744,0.0989449641724631,0.06773963095347084,0.049484112030750045,0.07762132366465833,0.007094966839964633,0.00025021930327908954,14,38,0.06260600298926693,0.2611831717254106,True,True,True,3.17228868577546e-06,COMPLETE
1080,0.424811863899231,2025-04-13 16:20:28.647001,2025-04-13 16:20:36.963260,0 days 00:00:08.316259,0.5552894841143894,0.7323465354049434,8,0.042992190492732514,0.10686970962824682,0.0616227921408745,0.04457483700919237,0.06963218771769523,0.01450068808496635,0.00018303716121298254,18,53,0.060045242182237966,0.23833078974304073,True,True,True,4.159089299524246e-06,COMPLETE
1081,0.4281401872634888,2025-04-13 16:20:37.314979,2025-04-13 16:20:45.244719,0 days 00:00:07.929740,0.6301641846811172,0.6738695258108802,8,0.059682863828096185,0.11326172639567045,0.06501603340457182,0.054639795249724045,0.05440036586093512,0.009908112549096279,0.0003900652589654039,16,42,0.06487224271296048,0.22859222813280117,True,True,True,1.1297154538782979e-05,COMPLETE
