number,value,datetime_start,datetime_complete,duration,params_alpha-eval,params_alpha-train,params_batch-size,params_eps-eval,params_eps-train,params_lambda-actions-eval,params_lambda-actions-train,params_lambda-frames-eval,params_lambda-frames-train,params_learning-rate,params_n-epochs,params_n-frames,params_radius-gw,params_rho,params_std-feats,params_ub-actions,params_ub-frames,params_weight-decay,state
1196,0.421902596950531,2025-04-13 16:38:17.816308,2025-04-13 16:38:25.497612,0 days 00:00:07.681304,0.5485043293678287,0.7880776918016812,8,0.034112265239376896,0.1174948871275097,0.06836853469552419,0.036791950536929796,0.06631225057926864,0.011270154440641892,0.0003254935894001432,14,40,0.06122774049344007,0.23293709521538608,True,True,True,1.3122391233940266e-05,COMPLETE
1197,0.28837191462516787,2025-04-13 16:38:25.884483,2025-04-13 16:38:33.881690,0 days 00:00:07.997207,0.4903987270363169,0.6726723550366149,8,0.04310004372368924,0.10591503698223605,0.06613949134307162,0.041214128783958234,0.07622339787329244,0.014837290146436814,0.0001984909901898299,16,46,0.07124163876717676,0.26148624776663576,True,True,True,2.9726854855632897e-06,COMPLETE
1198,0.4025939106941223,2025-04-13 16:38:34.280042,2025-04-13 16:38:42.064540,0 days 00:00:07.784498,0.5242630020821107,0.7134684097169613,8,0.049899989788761555,0.16468648473179656,0.06005731950068439,0.0501698671821821,0.07306942980019202,0.008078137182987073,0.0002878657642534931,15,37,0.06743140544442591,0.276904607571885,True,True,True,6.954397270820721e-06,COMPLETE
1199,0.23435513973236086,2025-04-13 16:38:42.460911,2025-04-13 16:38:50.598742,0 days 00:00:08.137831,0.559615473469577,0.7419423199830356,8,0.03896607943807088,0.13436092218518667,0.06403206329040767,0.04687359155298331,0.08026890222746155,0.013634711166811475,0.0003546075744001003,17,51,0.020841114662138827,0.20667691467395538,True,True,True,2.5787226977389118e-06,COMPLETE
1200,0.3938346266746521,2025-04-13 16:38:50.988898,2025-04-13 16:38:58.995433,0 days 00:00:08.006535,0.6033444524854088,0.7722298200265196,8,0.07679155708569467,0.12372096342280473,0.056905428655432966,0.05104155503204934,0.0634131470117876,0.020580745804115588,0.0001621847095291092,16,44,0.063836665147531,0.21943758045159323,True,True,True,4.6340945305695e-06,COMPLETE
1201,0.41918196678161623,2025-04-13 16:38:59.382483,2025-04-13 16:39:08.766622,0 days 00:00:09.384139,0.5733452351204241,0.7275224359136525,2,0.03096001303027047,0.09539220579735457,0.07134517780222645,0.05475211643383491,0.08299277786508227,0.01788766563786177,0.0002291895871575091,6,47,0.05912862207471686,0.2488981867097308,True,True,True,3.5063741862340494e-06,COMPLETE
1202,0.4012236833572388,2025-04-13 16:39:09.153392,2025-04-13 16:39:17.525055,0 days 00:00:08.371663,0.541281470478831,0.8331491510098213,8,0.058124142969778796,0.10881465950863074,0.06183597032427256,0.04888628418941023,0.06975998912315695,0.009537888955349691,0.0004282600541166567,19,41,0.05543498925536049,0.26850576131501624,True,True,True,5.9292923399048256e-06,COMPLETE
1203,0.42071670293807983,2025-04-13 16:39:17.919643,2025-04-13 16:39:26.183422,0 days 00:00:08.263779,0.5045849498831357,0.6551223181405806,8,0.0477108530421381,0.20260958780842664,0.06914724996407083,0.04474561785805101,0.06046161840914592,0.012469523955135528,0.0005387556168565558,18,43,0.06182246489645304,0.2547472082973399,True,True,True,2.186105158018444e-06,COMPLETE
1204,0.40652831792831423,2025-04-13 16:39:26.576259,2025-04-13 16:39:34.476593,0 days 00:00:07.900334,0.5832704262708096,0.7558698354766916,8,0.05272946358166516,0.1730227361462687,0.06634996082624012,0.05263052488728215,0.07476257810060795,0.015804388330771964,0.00027066699419122563,15,49,0.06503327138586741,0.2870594733086095,True,True,True,9.07467973621228e-06,COMPLETE
1205,0.37854470014572145,2025-04-13 16:39:34.863445,2025-04-13 16:39:42.968175,0 days 00:00:08.104730,0.5639646781450112,0.7015034499757877,8,0.06521688808954049,0.10014651748486343,0.06411899815878556,0.041612239963534754,0.07777968107399678,0.010659122944440698,0.00019963265740290844,17,38,0.06041775292662076,0.24324112990570515,True,True,True,3.920461189036354e-06,COMPLETE
1206,0.4196054100990296,2025-04-13 16:39:43.358073,2025-04-13 16:39:51.453037,0 days 00:00:08.094964,0.6248335947700228,0.797617644114838,8,0.04288760136197107,0.1150903874798871,0.07534993747681788,0.04820211048019012,0.07188979885643185,0.007880396264948353,0.0003210592430968965,16,45,0.05716161093200215,0.27339702338348704,True,True,True,5.1760401209000936e-06,COMPLETE
1207,0.21357596516609192,2025-04-13 16:39:51.840193,2025-04-13 16:39:59.831224,0 days 00:00:07.991031,0.5188605378899743,0.6812618717306913,8,0.03669306732975255,0.09363027018451804,0.0788172915536962,0.0512179934170184,0.0752092666995977,0.01355047943210932,0.0004023965986323081,17,40,0.06294517724771762,0.261021832488352,True,True,False,2.7875959280673597e-06,COMPLETE
1208,0.33930640220642094,2025-04-13 16:40:00.221953,2025-04-13 16:40:09.133320,0 days 00:00:08.911367,0.6018373605280944,0.7370766374367811,8,0.0719371764391542,0.15290175807132553,0.060652522856165236,0.038983897062896865,0.0691598326332371,0.004468119814593323,0.0002550234014777965,18,106,0.05867323195697027,0.2347331711614921,True,True,True,1.704205407070267e-06,COMPLETE
1209,0.4210786938667297,2025-04-13 16:40:09.523338,2025-04-13 16:40:17.456753,0 days 00:00:07.933415,0.5448339707305898,0.7712636169993597,8,0.06018428583374373,0.08664455621339405,0.06786572341660999,0.057179247977533744,0.04179706862355785,0.01891603027225315,0.00019642694487053368,16,35,0.06611821921126101,0.24856874825153355,True,True,True,4.606548713629451e-06,COMPLETE
1210,0.39467087984085086,2025-04-13 16:40:17.853775,2025-04-13 16:40:34.035297,0 days 00:00:16.181522,0.5730331785426338,0.7112551210445611,2,0.05101844916567762,0.10489647827614935,0.06303966536509978,0.043519078351911086,0.0809851672269482,0.015953694408015723,0.00013073328621843866,19,52,0.06118861277870345,0.2684998018736283,True,False,True,3.2951318380740795e-06,COMPLETE
1211,0.42078977823257446,2025-04-13 16:40:34.425758,2025-04-13 16:40:42.274895,0 days 00:00:07.849137,0.48136945211535115,0.7501134495877804,8,0.04513714211008009,0.19357166093336342,0.05963711026351159,0.062236791733677965,0.07303833614688814,0.022357111224948396,0.00032938660828499923,15,48,0.06316539704802597,0.2799772184584088,True,True,True,6.779115829069166e-06,COMPLETE
1212,0.4340004563331604,2025-04-13 16:40:42.667493,2025-04-13 16:40:50.816586,0 days 00:00:08.149093,0.5360841806588124,0.6701395876098165,8,0.05415153710326886,0.12149498240384059,0.06563535898860846,0.04655459550777692,0.07720959447725745,0.006654354870082367,0.00024512370900275,17,43,0.054113927420275876,0.25690379384611933,True,True,True,2.3696646725446203e-06,COMPLETE
1213,0.37962625026702884,2025-04-13 16:40:51.210429,2025-04-13 16:40:58.681213,0 days 00:00:07.470784,0.5165528028278513,0.657134063270003,8,0.06791427095161501,0.12941389159351038,0.07042649122281854,0.05007308641662762,0.0760420387216468,0.005767597897907956,0.0002188641851967179,13,39,0.053820882742744616,0.25969821268688537,True,True,True,1.7062180975294834e-06,COMPLETE
1214,0.422252631187439,2025-04-13 16:40:59.073902,2025-04-13 16:41:07.041271,0 days 00:00:07.967369,0.4946305517771782,0.667698494320387,8,0.05975261409999246,0.17913919690356883,0.0673284193555067,0.04732301255051584,0.07174987128727955,0.0027419174156298647,0.00015422236067707572,16,42,0.05359624517049511,0.2559404454718423,True,True,True,2.007195170147299e-06,COMPLETE
1215,0.4209690809249878,2025-04-13 16:41:07.436678,2025-04-13 16:41:15.531022,0 days 00:00:08.094344,0.5161006685304219,0.6505691971534895,8,0.055925355708322765,0.16600313532646596,0.05722920924970923,0.052869704070043155,0.06794681633883864,0.0028194471735457113,0.00017269910013086815,17,35,0.053218525880369814,0.26310625783490044,True,True,True,2.228652638058576e-06,COMPLETE
1216,0.3513621807098389,2025-04-13 16:41:15.921998,2025-04-13 16:41:23.905341,0 days 00:00:07.983343,0.5299255139963803,0.6718953275512981,8,0.06274335506152559,0.07890016611127629,0.042923593869364965,0.055290908924369775,0.07411157184578249,0.0047691123361044635,0.0005912505689697554,16,42,0.05421806698167923,0.25551727361734206,True,True,True,2.3651259461276342e-06,COMPLETE
1217,0.28422316908836365,2025-04-13 16:41:24.299832,2025-04-13 16:41:32.432722,0 days 00:00:08.132890,0.5307903483920835,0.6650540933091097,8,0.05424799739032584,0.09988638041292647,0.025634225736358793,0.049286620935050346,0.05672544365667045,0.005424631833333981,0.00023119135963775515,17,38,0.05488808047526298,0.2611756505498859,True,True,True,2.0582742532726755e-06,COMPLETE
1218,0.2048193633556366,2025-04-13 16:41:32.824063,2025-04-13 16:41:47.544903,0 days 00:00:14.720840,0.48229028131156804,0.6449236621976092,2,0.26179153168641245,0.1127639948567841,0.06452349643074026,0.05202436100644072,0.07040209775016665,0.006501667356723782,0.0001930873439367458,16,43,0.05597248022638598,0.2514665498537326,True,True,True,2.483089217953998e-06,COMPLETE
1219,0.37377663850784304,2025-04-13 16:41:47.936835,2025-04-13 16:41:56.054090,0 days 00:00:08.117255,0.5015797363941428,0.6805807127415877,8,0.0659188523068576,0.16060251649608795,0.06221537348394763,0.04670221463090878,0.07647785099545354,0.0032524510259954774,0.00029190674326282074,17,39,0.09703236500713824,0.2668380435836566,True,True,True,1.364910800245422e-06,COMPLETE
1220,0.2175363063812256,2025-04-13 16:41:56.448196,2025-04-13 16:42:04.608740,0 days 00:00:08.160544,0.546032643827506,0.6455930369996139,8,0.17858220793108562,0.10654979915915434,0.06598013093029738,0.054473248792848226,0.04966588281228061,0.006607862421019294,0.0003898002107008565,17,45,0.054966626216942115,0.2568331431399532,True,True,True,1.848105997605892e-06,COMPLETE
1221,0.4276966452598572,2025-04-13 16:42:05.002790,2025-04-13 16:42:12.652239,0 days 00:00:07.649449,0.5380174112204579,0.6842362014683409,8,0.05890337669954691,0.09182358622957786,0.07238275132509482,0.05025586382678127,0.07306954549301634,0.007878377539265107,0.0004621916433422473,14,41,0.05737423755499714,0.2640047826642017,True,True,True,1.5840839599796782e-06,COMPLETE
1222,0.4259080767631531,2025-04-13 16:42:13.042893,2025-04-13 16:42:20.866990,0 days 00:00:07.824097,0.5178476466465107,0.6694282878381327,8,0.07396847584385291,0.12037499480720715,0.06965993921901055,0.047924559821550194,0.07460117961063768,0.004476294146409097,0.00024310794869640586,15,47,0.05616128258973566,0.2711399397031508,True,True,True,2.9157179701848824e-06,COMPLETE
1223,0.418287456035614,2025-04-13 16:42:21.262247,2025-04-13 16:42:29.170121,0 days 00:00:07.907874,0.5525019537267509,0.6968376262325721,8,0.05257968540273235,0.140920369647405,0.05876438322080268,0.05306959968571297,0.06605569032195098,0.006457512626468934,0.00017549543168824964,16,37,0.057027216950890906,0.25121148926262854,True,True,True,2.302016299904573e-06,COMPLETE
1224,0.2228438973426819,2025-04-13 16:42:29.560737,2025-04-13 16:42:37.577289,0 days 00:00:08.016552,0.5045656004752797,0.6879868143869017,8,0.06119655520936902,0.11230188813435747,0.06146926934545145,0.05662458432022675,0.0714920626615715,0.008047766855419183,0.00035378782020288656,17,43,0.015526485596066765,0.25875120962078224,True,True,False,2.785651368513784e-06,COMPLETE
1225,0.2435571074485779,2025-04-13 16:42:37.971832,2025-04-13 16:42:45.977144,0 days 00:00:08.005312,0.5289021061929169,0.2950473614064055,8,0.05339904158035249,0.09979025365269346,0.06354444477512627,0.044910394168628444,0.07685330729942337,0.008981158594615924,0.00030319448293884924,16,50,0.058869958972424065,0.2745842879732209,True,True,True,1.4130427561979737e-05,COMPLETE
1226,0.41729493141174323,2025-04-13 16:42:46.367180,2025-04-13 16:42:54.182484,0 days 00:00:07.815304,0.5621279309193449,0.6495734979446023,8,0.06934241316818765,0.1732867432169775,0.06788820515051965,0.060085818844297034,0.05256699316616923,0.0011284470281634684,0.00013447145182356459,15,46,0.054923437870373244,0.25193517488016154,True,True,True,1.07088723191225e-05,COMPLETE
1227,0.28731160759925845,2025-04-13 16:42:54.577581,2025-04-13 16:43:09.803290,0 days 00:00:15.225709,0.5470485305944489,0.33394056600483124,2,0.05106780770352109,0.10829725430117115,0.06518027649362731,0.05154410492364814,0.06916243972396727,0.006738388838124552,0.00021863753004458108,17,40,0.053960944528829984,0.26873822862579627,True,True,True,3.389043306356966e-06,COMPLETE
1228,0.2776663899421692,2025-04-13 16:43:10.197825,2025-04-13 16:43:18.116637,0 days 00:00:07.918812,0.5297502418918171,0.4006054027576796,8,0.05873585180574008,0.08573766403841614,0.06124739088447933,0.04890923906595592,0.07903886524269355,0.00923839645788213,0.0002670165567435567,16,44,0.0580874327727426,0.26299225494940637,True,True,True,1.548353472635944e-06,COMPLETE
1229,0.4113277912139893,2025-04-13 16:43:18.509882,2025-04-13 16:43:26.538194,0 days 00:00:08.028312,0.561914324538225,0.673235836951214,8,0.06471909492596531,0.12329167315944639,0.0632805794269995,0.042615237609462106,0.07401682308340549,0.017759489919198443,0.0003561488755150582,17,35,0.05250918607799184,0.2850291661233519,True,False,True,2.6124122215805966e-06,COMPLETE
1230,0.4189240336418152,2025-04-13 16:43:26.932566,2025-04-13 16:43:34.973783,0 days 00:00:08.041217,0.5084285619295341,0.6481561734480965,8,0.0469797906304581,0.09528991585733222,0.059340845675390136,0.05387757751250964,0.07260858359719925,0.021174474271503756,0.00016351446831287697,16,54,0.060194220191979564,0.2547947837624768,True,True,True,3.2515372809510383e-06,COMPLETE
1231,0.42483097314834595,2025-04-13 16:43:35.364100,2025-04-13 16:43:43.169748,0 days 00:00:07.805648,0.5532327601125552,0.6982436599028536,8,0.05709423778311808,0.11424815627865202,0.06656380700363314,0.04649967522251979,0.07691217058299726,0.010109175879875445,0.000473010143788195,15,48,0.05638170655816794,0.27699258370550495,True,True,True,1.993145036258515e-06,COMPLETE
1232,0.42636836767196656,2025-04-13 16:43:43.564852,2025-04-13 16:43:51.677988,0 days 00:00:08.113136,0.4813578475018251,0.7075288613524735,8,0.04836719877991212,0.10318527318334302,0.0694247349710853,0.05028102901795868,0.07058634087783115,0.0032927174032692957,0.0002347524079483925,17,42,0.052972219894032314,0.26555109848166153,True,True,True,1.752492023739403e-05,COMPLETE
1233,0.37904593944549564,2025-04-13 16:43:52.072653,2025-04-13 16:44:00.201833,0 days 00:00:08.129180,0.5316472867065295,0.6816545129905233,8,0.09184829951428422,0.14575012234157567,0.06530119192042501,0.04476010646057121,0.07516321307025724,0.019123159466821513,0.00029780008407371286,17,46,0.05989082811849637,0.25834613589978356,True,True,True,8.500900949150616e-06,COMPLETE
1234,0.4076097846031189,2025-04-13 16:44:00.616911,2025-04-13 16:44:08.568566,0 days 00:00:07.951655,0.5725949131399648,0.6499215568897715,8,0.054693606266561424,0.1558141388173906,0.06275165010842697,0.05840243752026389,0.08375690011817809,0.005444164920720335,0.0006325680180576529,16,38,0.05844025742518998,0.27050086128979767,True,True,True,3.57102538618465e-06,COMPLETE
1235,0.3093573391437531,2025-04-13 16:44:08.967188,2025-04-13 16:44:23.207639,0 days 00:00:14.240451,0.543921626040525,0.44937724196743684,2,0.06360153130485612,0.18662337967872447,0.05705902389693285,0.04025573799966159,0.06777592968421665,0.015960036189113576,0.0008406153432379542,15,50,0.046982924956556996,0.24835844914810482,True,True,True,2.660880290816774e-06,COMPLETE
1236,0.3986143708229065,2025-04-13 16:44:23.610448,2025-04-13 16:44:31.558317,0 days 00:00:07.947869,0.5151715869507516,0.8979239163254424,8,0.0458821198519316,0.12987608372047155,0.06818168427092737,0.047214032619843777,0.07883517138268395,0.007616287596944493,0.00038299536263365635,16,41,0.06058872866256606,0.2653273334391923,True,True,True,5.860774638608626e-06,COMPLETE
1237,0.4188961386680603,2025-04-13 16:44:31.962495,2025-04-13 16:44:40.086527,0 days 00:00:08.124032,0.5674329601166614,0.8132045430542614,8,0.05179102129699551,0.11854772393516039,0.06042163853319833,0.051468687045727796,0.08130772156526182,0.01168321230936839,0.00020342194468187688,17,44,0.05687424423413982,0.2793567321302542,True,True,True,1.2723280618117881e-05,COMPLETE
1238,0.3964470624923706,2025-04-13 16:44:40.489083,2025-04-13 16:44:48.209755,0 days 00:00:07.720672,0.5885359668539653,0.7137191900969945,8,0.08434262701366071,0.10794518390117445,0.06440014300486412,0.04938538542373567,0.07202430126051534,0.014291522922964614,0.00026470797794539837,14,47,0.05921513790583215,0.2539731265303649,True,True,True,4.072130586422702e-06,COMPLETE
1239,0.42046629190444945,2025-04-13 16:44:48.608051,2025-04-13 16:44:56.594992,0 days 00:00:07.986941,0.6442143725653185,0.670075681634104,8,0.07008751279048742,0.16606064621564828,0.07164865313312631,0.056400796474873324,0.07363613926484472,0.00988540902638399,0.00048373201450971413,16,43,0.06227535631714426,0.29094944294820857,True,True,True,1.860546713414124e-06,COMPLETE
1240,0.37275913953781126,2025-04-13 16:44:56.998726,2025-04-13 16:45:04.427196,0 days 00:00:07.428470,0.49499588177805026,0.7051197755664781,8,0.060400986534855955,0.09876113742674886,0.06621785437863806,0.05431380809668693,0.0760170017160193,0.020380573824998745,0.00018491878218034085,12,51,0.053513665291763254,0.2591721820648085,True,True,True,2.4300971532722664e-06,COMPLETE
1241,0.3412668466567993,2025-04-13 16:45:04.826879,2025-04-13 16:45:13.071689,0 days 00:00:08.244810,0.553670993472812,0.6897790297003088,8,0.11743661575150796,0.10209680222357417,0.06293526171472527,0.04280951541853564,0.07008504655820348,0.02391652029892518,0.0003070952641672912,18,40,0.06112039251302495,0.2739365390924687,True,True,True,3.2733810584470737e-06,COMPLETE
1242,0.2349050045013428,2025-04-13 16:45:13.471560,2025-04-13 16:45:21.289306,0 days 00:00:07.817746,0.5319044924626737,0.029086301482343896,8,0.04599973315888267,0.08989412886159966,0.06770618804971139,0.0455012539180603,0.07950698286298077,0.017370027280509768,0.00039183806283397027,15,37,0.05644248501600247,0.2500555211097575,True,True,True,7.763194751223391e-06,COMPLETE
1243,0.3188961982727051,2025-04-13 16:45:21.689818,2025-04-13 16:45:29.752865,0 days 00:00:08.063047,0.6071548338719591,0.7861221434140162,8,0.057019186136264444,0.17570174191862295,0.05879378881950434,0.05258106277438798,0.07737811968950879,0.012960419611719485,0.0002475629069360892,17,47,0.05879048144753313,0.2446910605222738,True,True,False,4.907611941184949e-06,COMPLETE
1244,0.42617011070251465,2025-04-13 16:45:30.151694,2025-04-13 16:45:45.372937,0 days 00:00:15.221243,0.5783716241544711,0.7276726373405845,2,0.05115252085630728,0.12558879633911274,0.07368039727196093,0.0480716726784627,0.0671360115742998,0.007606087144142892,0.0003292845244759173,17,44,0.06155301451582999,0.26531610605284744,True,True,True,1.0355926168905745e-05,COMPLETE
1245,0.4173281788825989,2025-04-13 16:45:45.775558,2025-04-13 16:45:53.450806,0 days 00:00:07.675248,0.5537653110427718,0.8470654552235195,8,0.040175089347564856,0.1358225983466433,0.06115940383478999,0.050545131005692225,0.07381806283873371,0.015103254965262271,0.00020989993675247235,14,40,0.05981967667767989,0.2706946223677257,True,True,True,3.6272957401241083e-06,COMPLETE
1246,0.4102837800979614,2025-04-13 16:45:53.852552,2025-04-13 16:46:01.870057,0 days 00:00:08.017505,0.5211975143321357,0.6612650561517969,8,0.03133477667942591,0.11629981005350605,0.06472687384888659,0.03769870780443059,0.06367916728818113,0.004759115761534186,0.00014912717065169117,16,49,0.05548763501548115,0.2587768247613431,True,True,True,1.518701898121281e-06,COMPLETE
1247,0.41211297512054446,2025-04-13 16:46:02.272669,2025-04-13 16:46:10.618269,0 days 00:00:08.345600,0.5023502932633732,0.6936474668826054,8,0.04835650965983418,0.10849606640754474,0.06965085011700871,0.046772234421948236,0.07131160980331383,0.010885704181130024,0.000273419724301623,18,55,0.04895046180275171,0.28470558126733553,True,True,True,5.753176779429632e-06,COMPLETE
1248,0.40474275350570676,2025-04-13 16:46:11.018406,2025-04-13 16:46:18.769598,0 days 00:00:07.751192,0.5901358744197297,0.4907312275914699,8,0.07751630516349586,0.17068361123021458,0.06630207601624162,0.04367499148037076,0.0752356654950967,0.009018240156635032,0.00040159846259816645,15,45,0.0628698204517699,0.2746671995940755,True,False,True,2.899669333364613e-06,COMPLETE
1249,0.39144138097763065,2025-04-13 16:46:19.171883,2025-04-13 16:46:27.249831,0 days 00:00:08.077948,0.5385331843253823,0.7655458986832503,8,0.06790319820006989,0.0949455587043852,0.0623978660672251,0.055288883484546004,0.0543548800818598,0.017346727018264296,0.000527981532473605,17,35,0.05809384698712364,0.19567496013776384,True,True,True,2.1157116081789206e-06,COMPLETE
1250,0.4185606718063355,2025-04-13 16:46:27.650253,2025-04-13 16:46:35.837051,0 days 00:00:08.186798,0.4729114458664693,0.7287329593398513,8,0.04270044509926051,0.18130314446522855,0.05986639391702416,0.049270003062594096,0.06879905461282153,0.013425888769556232,0.00023541097675382682,16,68,0.06153863371888772,0.2523600337475872,True,True,True,4.384509175422233e-06,COMPLETE
1251,0.2048193633556366,2025-04-13 16:46:36.239199,2025-04-13 16:46:44.111190,0 days 00:00:07.871991,0.5685680098358279,0.7967043337522918,8,0.21444751964233516,0.10452332993077046,0.06423154936192513,0.0529459055837862,0.08252693297003867,0.011801069259196103,0.00031955497168675,16,42,0.060061929973167956,0.26277964719276903,True,True,True,7.1696030202195555e-06,COMPLETE
1252,0.2569137454032898,2025-04-13 16:46:44.508423,2025-04-13 16:46:52.622519,0 days 00:00:08.114096,0.19978746871454772,0.7554059554499559,8,0.055042803503775155,0.1616387361605443,0.07660847883224041,0.04153982326327906,0.07767468487039594,0.015482252329222675,0.00017968822055044537,17,47,0.05279748668139782,0.24574361509265624,True,True,True,2.794667051998775e-06,COMPLETE
