number,value,datetime_start,datetime_complete,duration,params_alpha-eval,params_alpha-train,params_batch-size,params_eps-eval,params_eps-train,params_lambda-actions-eval,params_lambda-actions-train,params_lambda-frames-eval,params_lambda-frames-train,params_learning-rate,params_n-epochs,params_n-frames,params_radius-gw,params_rho,params_std-feats,params_ub-actions,params_ub-frames,params_weight-decay,state
0,0.19499096870422367,2025-04-13 13:47:38.885667,2025-04-13 13:47:46.982013,0 days 00:00:08.096346,0.2788854253644126,0.029202999584880096,16,0.2986297757456256,0.10136519147555667,0.031051142897065776,0.0013109511031933604,0.09478306272569623,0.026013973139034124,0.07566075870735213,25,71,0.04319550498112401,0.14624423045804005,True,True,True,4.644330526409651e-08,COMPLETE
1,0.2048193633556366,2025-04-13 13:47:46.986204,2025-04-13 13:47:54.492040,0 days 00:00:07.505836,0.4307181443012272,0.4257071420085792,16,0.2676074542793883,0.24787795074789729,0.022442938701747975,0.0732238823718319,0.021069645060291298,0.0157534503255376,0.00017664602131603146,23,75,0.08559297816055572,0.2524324872468754,False,True,True,3.9689188295862917e-07,COMPLETE
2,0.2077495872974396,2025-04-13 13:47:54.495735,2025-04-13 13:48:00.228136,0 days 00:00:05.732401,0.776015366081799,0.3469912685711325,16,0.1231038478332776,0.1536653710920159,0.08952878672103007,0.0704759338726429,0.02419007767108008,0.006408454495876631,0.00043983546341188197,5,18,0.023842296282528527,0.20511919915882212,False,True,False,5.0093328022990236e-05,COMPLETE
3,0.16710609197616577,2025-04-13 13:48:00.232058,2025-04-13 13:48:08.885003,0 days 00:00:08.652945,0.2441440707384183,0.8163740713288655,2,0.19710480387809243,0.05325200680918102,0.03142723771834203,0.017077194862461013,0.028885134277502427,0.014671673213980625,0.0007041474608648638,5,50,0.03266389059905056,0.10625495363199987,True,False,True,2.073206829352154e-06,COMPLETE
4,0.2145918309688568,2025-04-13 13:48:08.889295,2025-04-13 13:48:28.974155,0 days 00:00:20.084860,0.9767572616654776,0.9088598591298153,2,0.1589499567257411,0.05776153695851125,0.07898563460301568,0.053432361395716485,0.026600117449025903,0.0893953232053123,0.0002774412586097112,26,87,0.046693504925654716,0.2814525943195933,False,True,True,4.18754202110129e-06,COMPLETE
5,0.1900785028934479,2025-04-13 13:48:28.978610,2025-04-13 13:48:47.278521,0 days 00:00:18.299911,0.35720868172986214,0.6680972236942431,2,0.0821676099698531,0.22126615752839038,0.03165709087912691,0.03270163443151215,0.06626969322490593,0.038893080764980506,0.00012764636811903577,19,122,0.07506650580257185,0.010213081586078393,False,False,False,1.1474418496284294e-05,COMPLETE
6,0.2048193633556366,2025-04-13 13:48:47.283454,2025-04-13 13:48:54.693667,0 days 00:00:07.410213,0.3204828773386737,0.756007305783681,8,0.14538215504699892,0.19884486445236135,0.04762005273505058,0.037121402231775104,0.01932962210380162,0.05525627892700791,0.0006075150651015924,13,102,0.06109141671038869,0.07470426742820806,False,True,True,5.1707319851048545e-05,COMPLETE
7,0.17138912677764895,2025-04-13 13:48:54.699892,2025-04-13 13:49:04.875101,0 days 00:00:10.175209,0.7341046901508725,0.9829717738250991,2,0.26624795681987967,0.22233577425538092,0.006915558406120499,0.03259071536602774,0.013909173308958325,0.054401609797663696,0.060561719586714316,8,64,0.09729689774849493,0.06073481221963833,False,False,True,0.0005692307635194811,COMPLETE
8,0.2048193633556366,2025-04-13 13:49:04.880816,2025-04-13 13:49:19.998006,0 days 00:00:15.117190,0.05747304917428162,0.6263810830737717,2,0.16507690963582802,0.06276771053097091,0.051099270535292986,0.08460303911699339,0.04180369987101796,0.04599999863873715,0.0032066030613612058,14,108,0.01184139905317435,0.28239807896651914,False,False,False,1.2001100378617626e-07,COMPLETE
9,0.1819191634654999,2025-04-13 13:49:20.003990,2025-04-13 13:49:28.635101,0 days 00:00:08.631111,0.31076900043881045,0.2141075527741757,2,0.28841126298091013,0.15808878411013214,0.030366611792280025,0.024929728521931156,0.044509581189894815,0.009435101720831791,0.00012568473130113224,5,27,0.07859457459793746,0.2945190127993333,True,False,True,9.238596908190136e-06,COMPLETE
10,0.3710768580436707,2025-04-13 13:49:28.641384,2025-04-13 13:49:40.185873,0 days 00:00:11.544489,0.952986013368965,0.9543750408317354,8,0.0071271026764334056,0.011043794212747537,0.09464333846103584,0.05592950308643675,0.001470759508628551,0.09734645261937883,1.039680852854274e-05,30,145,0.05635216045735049,0.20748716510323667,True,True,False,1.6181520384282263e-08,COMPLETE
11,0.3653549075126648,2025-04-13 13:49:40.192482,2025-04-13 13:49:51.624479,0 days 00:00:11.431997,0.8687061617231575,0.9932625772275779,8,0.013114013288479854,0.006454816096254978,0.09603355240493856,0.0573801764021746,0.001300857879224159,0.09961990947679673,1.0733960396942468e-05,29,150,0.05268313858358316,0.2121479285280587,True,True,False,1.1817589379161519e-08,COMPLETE
12,0.2928135395050049,2025-04-13 13:49:51.631429,2025-04-13 13:50:03.056271,0 days 00:00:11.424842,0.9402137586655152,0.99449862142822,8,0.00316127139432674,0.0075005735465382,0.07451782579722749,0.05270954618514127,0.004372076365304421,0.09835762433520798,1.0544313522994477e-05,30,144,0.059264543324451247,0.19070191882758003,True,True,False,1.235796713037324e-08,COMPLETE
13,0.2575726866722107,2025-04-13 13:50:03.064042,2025-04-13 13:50:14.564099,0 days 00:00:11.500057,0.6263538394214618,0.8451963129956757,8,0.0013666405663225068,0.0017340821948691396,0.0971807596202785,0.0630119172580261,0.001121943466094892,0.07834927153460994,1.0434141691241882e-05,30,148,0.060480916698582805,0.21205208940423467,True,True,False,2.1314750906968607e-08,COMPLETE
14,0.16726552844047549,2025-04-13 13:50:14.571571,2025-04-13 13:50:23.973842,0 days 00:00:09.402271,0.8315127654244178,0.5661298093303537,8,0.0629715226448366,0.10594611613713338,0.06760397304116642,0.09641816008751497,0.06268950039662922,0.07649031807245454,3.628379703599552e-05,21,124,0.0011523737680577614,0.16075804215429734,True,True,False,2.9568222383895975e-07,COMPLETE
15,0.2048193633556366,2025-04-13 13:50:23.981647,2025-04-13 13:50:34.727719,0 days 00:00:10.746072,0.5662715503023904,0.7219574890434981,8,0.05442068070920153,0.029517979460918164,0.098764986419499,0.048968380285178956,0.09848985258396878,0.07222133113570119,0.0035372659800397316,27,135,0.03521356793744963,0.23409424045964417,True,True,False,6.951808602397815e-08,COMPLETE
16,0.2521852612495422,2025-04-13 13:50:34.735950,2025-04-13 13:50:45.224982,0 days 00:00:10.489032,0.8905962173211377,0.8776156980533381,8,0.03491226688204798,0.2963632506699612,0.06071617985631535,0.08259351710338725,0.009048819527547795,0.0973807234384886,3.030084662376032e-05,28,107,0.06654874669441677,0.16385865152736556,True,True,False,1.0444041221492264e-08,COMPLETE
17,0.32780081033706665,2025-04-13 13:50:45.236213,2025-04-13 13:50:54.004438,0 days 00:00:08.768225,0.6794389241799481,0.4777319669045835,8,0.09792761932546742,0.0960452686741252,0.08551051606358726,0.044589723819254475,0.08088466878789295,0.06496564549144163,3.7703167734983477e-05,16,150,0.050638709989794486,0.12052040300643116,True,True,False,8.879923530446512e-07,COMPLETE
18,0.23250014781951905,2025-04-13 13:50:54.013322,2025-04-13 13:51:03.836769,0 days 00:00:09.823447,0.8222585201984217,0.999118172594362,8,0.028183755401022664,0.03576349426135933,0.08834189768283375,0.060844323694896764,0.036470177469301576,0.08778074424977389,0.01408931519465332,23,127,0.028430646018386952,0.24416200051205936,True,True,False,1.688038048110917e-07,COMPLETE
19,0.2601467490196228,2025-04-13 13:51:03.845637,2025-04-13 13:51:14.363599,0 days 00:00:10.517962,0.9714614137301427,0.27736865196023053,8,0.21541255554901662,0.08317584931205688,0.06233749769540114,0.07165942672649392,0.011308460961866324,0.08712314021251111,6.984757726974471e-05,30,92,0.04874817336538848,0.18381944379936258,True,True,False,3.1659283006539974e-08,COMPLETE
20,0.40143862962722776,2025-04-13 13:51:14.374665,2025-04-13 13:51:23.343940,0 days 00:00:08.969275,0.5632684022289565,0.7967453124521844,8,0.09014655386257078,0.1283607337170067,0.07540773131297604,0.09892924730642486,0.05837987489340666,0.09903650933060709,1.947618064767103e-05,24,39,0.07012681763283105,0.22909579963138543,True,True,False,1.0793389404741112e-06,COMPLETE
21,0.23473000526428225,2025-04-13 13:51:23.353627,2025-04-13 13:51:32.474415,0 days 00:00:09.120788,0.5184669447099964,0.8984717278948342,8,0.03230171646923312,0.02245798020016629,0.07618832691387994,0.09697580372993013,0.05923615301787806,0.09988459143975639,2.0061546013738346e-05,24,50,0.07269354367496264,0.2212255369575562,True,True,False,7.050169907087159e-08,COMPLETE
22,0.2651687264442444,2025-04-13 13:51:32.484737,2025-04-13 13:51:42.103397,0 days 00:00:09.618660,0.8886840611602904,0.7594011641661873,8,0.10972954538271501,0.12838974510593765,0.09355129269267057,0.08029905777150148,0.05435351504628712,0.08704492216357287,1.0338976610544445e-05,28,42,0.09283046773867878,0.2575301188094544,True,True,False,7.727911315891014e-07,COMPLETE
23,0.3297357678413391,2025-04-13 13:51:42.114559,2025-04-13 13:51:50.491961,0 days 00:00:08.377402,0.6926298839870891,0.923188068771249,8,0.07743882465286639,0.18372537471222897,0.08291675085685335,0.061122969920934675,0.07251098728071972,0.06599885913485838,4.477636555675557e-05,21,12,0.0545642417340302,0.18299079427326564,True,True,False,0.000875955653463653,COMPLETE
24,0.24089575409889225,2025-04-13 13:51:50.502615,2025-04-13 13:51:59.948918,0 days 00:00:09.446303,0.5968590771698838,0.806733960508512,8,0.020210822353313347,0.1262245335537866,0.09958551015509808,0.04235379820577038,0.03475196238577842,0.09232778017213972,1.9554197825893148e-05,27,32,0.06768335483302322,0.2626545415856717,True,True,False,3.4335428053537704e-08,COMPLETE
25,0.2771189570426941,2025-04-13 13:51:59.959810,2025-04-13 13:52:08.963766,0 days 00:00:09.003956,0.17319448550408517,0.6873965629669464,16,0.04590450732292596,0.07438149270509514,0.07228043859474108,0.02380991583929319,0.04682293232909125,0.08073426085581942,6.931140090134173e-05,28,116,0.03914587242669036,0.22197061673098895,True,True,False,0.0001022818970894996,COMPLETE
26,0.27226309776306157,2025-04-13 13:52:08.974816,2025-04-13 13:52:19.461788,0 days 00:00:10.486972,0.4338614671406392,0.5684850925244156,8,0.08031139120572964,0.035984229870573536,0.09010649589808817,0.08931121802249524,0.08097986430301034,0.06647833643656219,1.9584396351948594e-05,21,137,0.08425979278456172,0.12858176534856983,True,False,False,1.4628452472687593e-07,COMPLETE
27,0.19847833514213564,2025-04-13 13:52:19.475089,2025-04-13 13:52:29.838213,0 days 00:00:10.363124,0.8768135270998925,0.9488747460481026,8,0.0009149460568239481,0.002031593255841355,0.05225931076685042,0.008166208224325497,0.050930232487772883,0.09285983809416407,0.0014157620595484377,25,135,0.0673710003143512,0.1989206118978521,True,True,False,1.845715698849004e-08,COMPLETE
28,0.26228343248367314,2025-04-13 13:52:29.849711,2025-04-13 13:52:39.967326,0 days 00:00:10.117615,0.7850431975757509,0.8165195525592168,8,0.13497522123580322,0.2871149413975116,0.08103697185015075,0.065071884655611,0.01617783394213188,0.08483675272807958,8.389387808368906e-05,30,61,0.05563123208482702,0.23144873070256333,True,True,False,1.4563581745921286e-06,COMPLETE
29,0.3006618142127991,2025-04-13 13:52:39.980587,2025-04-13 13:52:48.152216,0 days 00:00:08.171629,0.9981488746430738,0.877668557367574,16,0.06470272757809718,0.1019084718064623,0.06250050546753733,0.09028042458431816,0.08980933793746121,0.03539651398718929,1.943902664849807e-05,25,85,0.04253186624440153,0.1496968530171011,True,True,False,5.2527213226474835e-08,COMPLETE
30,0.2074260711669922,2025-04-13 13:52:48.164367,2025-04-13 13:52:56.248177,0 days 00:00:08.083810,0.6949115602655356,0.1226297972459397,8,0.10257876748942805,0.1271560028759224,0.06868904714488458,0.004091336065419532,0.0066744640872359404,0.09373406829466839,0.01907883658561464,17,66,0.018854119530816796,0.17231146300210115,True,True,False,4.9796158949168285e-06,COMPLETE
31,0.34153399467468265,2025-04-13 13:52:56.260695,2025-04-13 13:53:04.532678,0 days 00:00:08.271983,0.6480229252576024,0.9262010908469329,8,0.07949081770501752,0.18065613903784092,0.08335408554946713,0.058967976447901686,0.07036895610878295,0.06838721263398219,4.7073990590591564e-05,20,10,0.05562246814539699,0.1855301333267909,True,True,False,0.00022512481927706264,COMPLETE
32,0.2748635530471802,2025-04-13 13:53:04.545551,2025-04-13 13:53:12.824254,0 days 00:00:08.278703,0.45997462238809356,0.960061790693086,8,0.020739301435637902,0.1829733617788742,0.09354982409119805,0.05616500918374937,0.06895135499340861,0.08148079425600133,1.9599629732452856e-05,20,23,0.06414342219328999,0.20405440881529044,True,True,False,0.0002681946287374705,COMPLETE
33,0.27888051271438596,2025-04-13 13:53:12.837673,2025-04-13 13:53:20.137945,0 days 00:00:07.300272,0.5352030261377757,0.7739423803044149,16,0.046401430744643354,0.1682888858022266,0.08425139433534787,0.07605038721624106,0.07817514729231345,0.07229795605926007,0.00021751926662661673,23,13,0.054288928186907934,0.13857700758515812,True,True,False,1.9363290997758507e-05,COMPLETE
34,0.2048193633556366,2025-04-13 13:53:20.151244,2025-04-13 13:53:28.397046,0 days 00:00:08.245802,0.6375460909607337,0.858589775597099,8,0.18047834180619823,0.228765412240924,0.09264116374754902,0.06942455607807013,0.056448570257429366,0.0247840908281531,4.662157644016062e-05,19,35,0.08409397600550626,0.2440857411880634,True,True,True,3.9595313787021057e-07,COMPLETE
35,0.25600426197052006,2025-04-13 13:53:28.410907,2025-04-13 13:53:36.106478,0 days 00:00:07.695571,0.7910770417661279,0.9286087122457806,16,0.11942712600154154,0.1981210488764369,0.07889843508816967,0.057381358732664915,0.07465924081108989,0.09517568885691739,1.3539494976893201e-05,23,52,0.04321407433397267,0.2720525861081733,True,True,False,2.8986160215582724e-05,COMPLETE
36,0.27060761451721194,2025-04-13 13:53:36.121199,2025-04-13 13:53:45.234035,0 days 00:00:09.112836,0.900359235941524,0.9211157730788032,8,0.07072803479244993,0.24395499252060227,0.08629575616731752,0.04714783628184946,0.08819969691820806,0.06167991879335924,0.0003436182501145543,27,5,0.07312931155857688,0.21485988582690468,False,True,False,0.0001073917360518615,COMPLETE
37,0.3291610598564148,2025-04-13 13:53:45.248998,2025-04-13 13:53:54.869403,0 days 00:00:09.620405,0.4830421461282072,0.8239172213657362,8,0.018480174710988322,0.055721083912760136,0.04289962768345014,0.0388631268924348,0.030354078011830522,0.07401851541422219,0.00012001175914572095,26,74,0.04917366676297057,0.18178462233009848,True,False,True,1.8136779598079863e-06,COMPLETE
38,0.26395186185836794,2025-04-13 13:53:54.884177,2025-04-13 13:54:02.417080,0 days 00:00:07.532903,0.8400441033517047,0.4386243482817429,8,0.09854397917711848,0.2585830638871338,0.09372300049944524,0.06869535654646437,0.02288635806542883,0.09983423315044627,2.9000528030447553e-05,15,42,0.07820633827376498,0.19965519875875198,False,True,False,0.00027112715557237467,COMPLETE
39,0.2328148663043976,2025-04-13 13:54:02.433349,2025-04-13 13:54:14.603927,0 days 00:00:12.170578,0.3862218047918171,0.6408299629072122,2,0.1329742579181136,0.14193025379160223,0.07010627137262535,0.07454824797434492,0.06466470365296675,0.08263574922323685,7.080029694057947e-05,12,6,0.05688375082263472,0.23487172160802497,True,False,True,5.790799885129154e-06,COMPLETE
40,0.22893649339675903,2025-04-13 13:54:14.619511,2025-04-13 13:54:22.439184,0 days 00:00:07.819673,0.9380295743920111,0.7143146571055301,16,0.22837261290849153,0.01942629835713805,0.07837680447168649,0.033485863315099756,0.01777763336140055,0.04829824268147702,1.5804522391698366e-05,29,19,0.044515932757227976,0.08666607530712526,False,True,False,2.3136311019826107e-07,COMPLETE
41,0.30289878845214846,2025-04-13 13:54:22.454843,2025-04-13 13:54:30.374016,0 days 00:00:07.919173,0.7340311097262417,0.9355345114779079,8,0.08084840822880211,0.18348300676979132,0.08459258924784924,0.06063050441898278,0.07474978073735282,0.061957384645230984,4.9699845520590994e-05,18,13,0.05246584772708959,0.17573888234523694,True,True,False,0.0007537904678611481,COMPLETE
42,0.3052397251129151,2025-04-13 13:54:30.390271,2025-04-13 13:54:38.813572,0 days 00:00:08.423301,0.7410915148695691,0.8908377793111898,8,0.04689217742454426,0.19671662689363895,0.08197580179179252,0.05415756295610729,0.07251463487147776,0.05687803165292899,2.8576442351958745e-05,21,13,0.06182080024408646,0.004585423404283723,True,True,False,0.00035446799462509205,COMPLETE
43,0.2749928712844849,2025-04-13 13:54:38.830535,2025-04-13 13:54:47.415257,0 days 00:00:08.584722,0.665842904660717,0.9972798931320817,8,0.08822882304948923,0.16991908467236214,0.014141967793096871,0.06645656730095113,0.06944127972732266,0.0396339188306759,0.00015128772118862082,22,27,0.07101425828685462,0.19028499942874855,True,True,False,0.0009024137155047813,COMPLETE
44,0.22104612588882447,2025-04-13 13:54:47.431904,2025-04-13 13:55:04.262045,0 days 00:00:16.830141,0.5698239531847512,0.9516895839330746,2,0.11765919446224542,0.15287216370293888,0.09046372310553943,0.05068790872494668,0.0022315167900716936,0.06876926676770177,5.407763164827142e-05,19,142,0.03511913873661386,0.03501695449678709,True,True,False,7.69869147417971e-05,COMPLETE
45,0.2048193633556366,2025-04-13 13:55:04.279040,2025-04-13 13:55:13.297654,0 days 00:00:09.018614,0.7576220963087705,0.025903282908277925,8,0.15203478565269035,0.04916066820070557,0.09998240946863494,0.058703263969276255,0.0609299515533587,0.08944072059279365,2.8291519732597258e-05,24,31,0.05818474813876237,0.1675255731969169,True,True,True,0.0004923444872680923,COMPLETE
46,0.22696558833122255,2025-04-13 13:55:13.314910,2025-04-13 13:55:23.532614,0 days 00:00:10.217704,0.6180671476894292,0.7740885537891383,8,0.01089847259386835,0.20800304424369123,0.07377245694979537,0.04158476673317363,0.04927818639085142,0.09194227519204416,1.3557130353577136e-05,26,97,0.05219151408294204,0.20931663109440046,False,False,False,0.00020165974283642557,COMPLETE
47,0.2048193633556366,2025-04-13 13:55:23.549923,2025-04-13 13:55:32.362776,0 days 00:00:08.812853,0.7130719486617867,0.8525688261537684,8,0.060811977578562104,0.18167081416754824,0.05569589892717734,0.07857099786582947,0.08776727784649957,0.0519804266097362,0.0005203157594386448,20,84,0.06480933746456194,0.15036298493812214,True,True,False,0.0001681978223613389,COMPLETE
48,0.2048193633556366,2025-04-13 13:55:32.380638,2025-04-13 13:55:44.553594,0 days 00:00:12.172956,0.9362366483418486,0.913180005424971,2,0.03630544175133943,0.14069172076974237,0.08784103461209,0.06364689099710773,0.06799555714285421,0.07690896672776788,0.001231727596836429,11,116,0.047078597720771616,0.1941506577395016,True,True,False,1.5474310870162846e-08,COMPLETE
49,0.31136535406112675,2025-04-13 13:55:44.571811,2025-04-13 13:55:54.267192,0 days 00:00:09.695381,0.6553629470601012,0.9677611298042172,8,0.08523721353841998,0.21307115171686708,0.09562999314792144,0.0878710399775283,0.0838720066780828,0.04420104463157684,1.051425818633817e-05,29,40,0.040310563838248846,0.22613164160915702,True,True,False,1.7070227910354042e-05,COMPLETE
50,0.36712419986724854,2025-04-13 13:55:54.285636,2025-04-13 13:56:02.144165,0 days 00:00:07.858529,0.8530641497233629,0.3776569658915331,8,0.07375387694991305,0.016590552388727302,0.03656988451876313,0.04823410648150918,0.04082012363548569,0.09510553811067451,0.00010839369531923446,17,19,0.07853983633937545,0.2483548814741208,True,False,True,2.8045674012831725e-06,COMPLETE
51,0.3650563478469849,2025-04-13 13:56:02.164455,2025-04-13 13:56:09.848755,0 days 00:00:07.684300,0.8405404137334349,0.3000989950725894,8,0.0744478837871961,0.012668913900076696,0.025627722219942986,0.049915351171872485,0.007457331861231341,0.09580370756345213,9.595099052133734e-05,16,22,0.07862719769268763,0.292895807344027,True,False,True,8.886651520956001e-06,COMPLETE
52,0.37809373140335084,2025-04-13 13:56:09.867910,2025-04-13 13:56:17.562068,0 days 00:00:07.694158,0.8510027087064487,0.3509081861527933,8,0.053839529160099875,0.009319498354999754,0.036211985157527424,0.04701102120420568,0.011869085363951771,0.09641152333016267,0.00021355105284451726,16,21,0.07937003094018029,0.2971923341088579,True,False,True,2.4673706880553327e-06,COMPLETE
53,0.3914315938949585,2025-04-13 13:56:17.581530,2025-04-13 13:56:25.143627,0 days 00:00:07.562097,0.8556242717820022,0.368599485371959,8,0.05253325920118905,0.011669622059289697,0.039858586536808994,0.04564661088008375,0.010880486714056226,0.09570108290900373,0.00022995962758880892,15,21,0.08960845901177206,0.2913408028975742,True,False,True,7.891561170442869e-07,COMPLETE
54,0.37375415563583375,2025-04-13 13:56:25.163351,2025-04-13 13:56:32.666987,0 days 00:00:07.503636,0.8624429020796353,0.38545831140463366,8,0.05187530014278364,0.042970264447435035,0.038915994084243115,0.030031845146149847,0.010246673701714493,0.09035230700877843,0.0008739121614786572,14,24,0.09211653339375561,0.28052288725807073,True,False,True,2.7211056784849087e-06,COMPLETE
55,0.3363552570343018,2025-04-13 13:56:32.687001,2025-04-13 13:56:40.096149,0 days 00:00:07.409148,0.9601580763981639,0.39680902854034183,8,0.058617329737436,0.04430917179875714,0.03873737403743373,0.026121634411513384,0.012233772465242999,0.08940218725690582,0.0007164497974530383,14,27,0.09089339751048621,0.2987455581595242,True,False,True,2.646362549432045e-06,COMPLETE
