number,value,datetime_start,datetime_complete,duration,params_alpha-eval,params_alpha-train,params_batch-size,params_eps-eval,params_eps-train,params_lambda-actions-eval,params_lambda-actions-train,params_lambda-frames-eval,params_lambda-frames-train,params_learning-rate,params_n-epochs,params_n-frames,params_radius-gw,params_rho,params_std-feats,params_ub-actions,params_ub-frames,params_weight-decay,state
398,0.39229536056518555,2025-04-15 13:56:00.358620,2025-04-15 13:56:07.658096,0 days 00:00:07.299476,0.42345390646197456,0.9434406104165808,16,0.029840612458964508,0.07872231655726204,0.09996752747301152,0.07721748438694784,0.07651785815292092,0.0026179110602149946,0.0005968212262927313,18,50,0.0539127181204181,0.15228041889243701,True,True,True,0.00027326090421346137,COMPLETE
399,0.37944090366363525,2025-04-15 13:56:07.794836,2025-04-15 13:56:15.200716,0 days 00:00:07.405880,0.3789536479104204,0.9592754465892837,16,0.04226864781992396,0.0663628469562391,0.09779920160280996,0.06945923377419222,0.07206401742262489,0.003044084717684284,0.0007642665237029921,18,54,0.05741410245924997,0.16449077168017265,True,False,True,0.0004950794350799633,COMPLETE
400,0.28342244625091556,2025-04-15 13:56:15.326847,2025-04-15 13:56:22.578903,0 days 00:00:07.252056,0.40565919306752257,0.4610402292051565,16,0.037394628280681505,0.08164886251052102,0.09391924254346455,0.07462445621953868,0.06885653287273572,0.00473551093900514,0.000506178472898157,18,44,0.0523185566411246,0.14129379651462695,True,False,True,0.00037606682618258636,COMPLETE
401,0.3331920981407166,2025-04-15 13:56:22.705046,2025-04-15 13:56:29.854758,0 days 00:00:07.149712,0.3393854014452309,0.9314997942993036,16,0.04892883954817026,0.059903188143542875,0.09638046742648827,0.07949456724877271,0.06978041835333944,0.002916256266729861,0.0006478848325614497,17,47,0.055498529894660906,0.17256035155420466,True,False,True,0.0003260286401521052,COMPLETE
402,0.4065771460533142,2025-04-15 13:56:29.993638,2025-04-15 13:56:38.051179,0 days 00:00:08.057541,0.36214085944152646,0.9604089603451386,8,0.028529340282783998,0.07125495912391971,0.09998132256654649,0.0773025394746674,0.06607576347827485,0.005017870945814799,0.0009409730974707732,16,43,0.04740115704280822,0.1572784687613532,True,False,True,0.00024404212150699482,COMPLETE
403,0.41412436962127686,2025-04-15 13:56:38.178661,2025-04-15 13:56:45.585157,0 days 00:00:07.406496,0.42608776034071083,0.926626924848296,16,0.04082774288471631,0.08183936966545963,0.09806511456923467,0.07284124563184129,0.07368529585709119,0.001294317831335411,0.0007477715553030309,18,55,0.05038073621953578,0.17075374868638227,True,False,True,0.00045584495772121495,COMPLETE
404,0.419608473777771,2025-04-15 13:56:45.712415,2025-04-15 13:56:53.044959,0 days 00:00:07.332544,0.4011581532884721,0.9600651429397424,16,0.032772851668461354,0.051298599955432136,0.09507621397262085,0.07562824143967557,0.06586550334743892,0.0030227899585482682,0.0009167891096893757,19,50,0.054400189863769904,0.1622124568310253,True,False,True,0.0003007943096258397,COMPLETE
405,0.35379167795181277,2025-04-15 13:56:53.171427,2025-04-15 13:57:00.304449,0 days 00:00:07.133022,0.3837866077632935,0.9428769756399353,16,0.05062950258474322,0.07340918868724947,0.09825435594316397,0.08021819016192325,0.07148281127121396,0.0012344728266637228,0.0005186292035824957,17,47,0.057145221309880395,0.16824242208910262,True,False,True,0.0005885858467132314,COMPLETE
406,0.41880125999450685,2025-04-15 13:57:00.443864,2025-04-15 13:57:07.893570,0 days 00:00:07.449706,0.43543476330437214,0.9632812399373246,16,0.03777687236753357,0.06471112569461356,0.09625575505502497,0.07433507024560672,0.06939786033077498,0.0010213213679201656,0.0010316163975800914,20,53,0.05291746714391036,0.14777200608126523,True,False,True,0.000217852768668976,COMPLETE
407,0.41159058809280397,2025-04-15 13:57:08.024064,2025-04-15 13:57:15.141887,0 days 00:00:07.117823,0.3158626647412644,0.9274348421613832,16,0.027359868241863643,0.08341556305700804,0.09343560026424642,0.0776851081118835,0.06670314989775433,0.004996753092908626,0.0006585280287193483,16,58,0.05630470487581861,0.17288596555855518,True,False,True,0.0003636118169674952,COMPLETE
408,0.38630588054656984,2025-04-15 13:57:15.273305,2025-04-15 13:57:22.613719,0 days 00:00:07.340414,0.4116413387601685,0.9589079614584454,16,0.043122225845761704,0.07650405929495803,0.0982657475352407,0.07191156558823522,0.07074821304285935,0.003395500200102192,0.0008124687261806342,19,44,0.05138272792344851,0.15644676815050665,True,False,True,0.00026793542416992587,COMPLETE
409,0.4227333784103393,2025-04-15 13:57:22.753145,2025-04-15 13:57:30.025499,0 days 00:00:07.272354,0.3650779594782845,0.965831678913716,16,0.03378365910679643,0.05677526841601635,0.09624707342815846,0.07550423904724003,0.06807786658926118,0.005217156574582766,0.0005877410866142095,18,48,0.05465690369229145,0.1648876507071007,True,False,True,0.00020121360803793665,COMPLETE
410,0.42448705434799194,2025-04-15 13:57:30.156285,2025-04-15 13:57:37.380865,0 days 00:00:07.224580,0.3586559989239173,0.9416423941310915,16,0.0336778955694578,0.05648047029388985,0.0999589444726307,0.07009406033639905,0.06843842326667579,0.005199590707239252,0.0004191345579786641,18,42,0.05773321741522113,0.1653711616090994,True,False,True,0.00020657383319447936,COMPLETE
411,0.28549181222915654,2025-04-15 13:57:37.511386,2025-04-15 13:57:45.214926,0 days 00:00:07.703540,0.3611211899216053,0.938574964033391,16,0.026246903680941507,0.0420608189421981,0.09558230748328629,0.07388011831030036,0.07279947313217851,0.005552014856446066,0.000336519159242317,18,41,0.05745868761459191,0.16423213695786418,True,False,False,0.0002307645799554453,COMPLETE
412,0.4088351845741272,2025-04-15 13:57:45.357408,2025-04-15 13:57:52.764088,0 days 00:00:07.406680,0.34098670103968254,0.9284969179586651,16,0.03321078753974158,0.05324908085141737,0.09649899612518185,0.0678500116499537,0.0760728501766901,0.005330596627460821,0.000292034110894178,18,67,0.058301770160398954,0.15902100338699648,True,False,True,0.00019287795021020264,COMPLETE
413,0.17390443682670592,2025-04-15 13:57:52.894269,2025-04-15 13:58:00.235913,0 days 00:00:07.341644,0.3725388576164589,0.9468309508805579,16,0.1668660078302795,0.05845713636342,0.0999880781667791,0.07006244160531305,0.0690688356249721,0.0033910906458538333,0.0005570725561371122,19,45,0.05609795017884098,0.16639484649426703,True,False,True,0.0001915943434993823,COMPLETE
414,0.4237292408943176,2025-04-15 13:58:00.366868,2025-04-15 13:58:07.622084,0 days 00:00:07.255216,0.3911436662874559,0.9674496089717585,16,0.025780596705219445,0.06522891590726701,0.09349145490467937,0.07164705356336472,0.06789632368987915,0.005186100423361405,0.0004012968290212668,18,42,0.05198365000602896,0.15136754713871323,True,False,True,0.00023904730309274441,COMPLETE
415,0.1883051872253418,2025-04-15 13:58:07.765268,2025-04-15 13:58:14.996618,0 days 00:00:07.231350,0.2692926245086013,0.6082679804572435,16,0.24131868933459094,0.062215462946053304,0.09327654000390842,0.07124969496410834,0.06844181159943555,0.005475320576794203,0.00040444963270914634,18,41,0.05060089520829127,0.1438507802248793,True,False,True,0.000259556055519587,COMPLETE
416,0.2771767497062683,2025-04-15 13:58:15.128160,2025-04-15 13:58:22.482003,0 days 00:00:07.353843,0.3909785659731826,0.4187515291600753,16,0.02705019698024693,0.06705717090655093,0.0943761913352195,0.0729282611186224,0.07061321626587932,0.0048933070896789825,0.0004287066744793761,19,45,0.04848393859850664,0.14977069404836219,True,False,True,0.0002548803810773477,COMPLETE
417,0.4114246368408203,2025-04-15 13:58:22.613678,2025-04-15 13:58:29.781494,0 days 00:00:07.167816,0.38066606402439257,0.9217965578281935,16,0.023722053641382187,0.059246666786190824,0.09781927916608851,0.07523373565985664,0.0733688437916572,0.0033211943150424066,0.0005169598228070966,18,42,0.05231680337830577,0.15320334185429535,True,False,True,0.0004903433754021173,COMPLETE
418,0.37388994693756106,2025-04-15 13:58:29.924673,2025-04-15 13:58:37.236429,0 days 00:00:07.311756,0.3594262442213553,0.966528420704532,16,0.03117000656459174,0.06955355318145283,0.09992586469352166,0.07003681120943375,0.06838650208973909,0.005449082012280685,0.00023437831812377056,18,54,0.05285876195867788,0.1617157741263908,True,True,True,0.00029494110591650653,COMPLETE
419,0.4005281805992127,2025-04-15 13:58:37.368420,2025-04-15 13:58:44.708181,0 days 00:00:07.339761,0.40470296152507,0.94265463979273,16,0.02445535958838807,0.05474967393465882,0.0966015182495368,0.07523653896165763,0.07258086911983666,0.0033187870374593092,0.000356011716104128,19,46,0.049858821729928206,0.15340415678903987,True,False,True,0.00040379909148520183,COMPLETE
420,0.4193281054496766,2025-04-15 13:58:44.841839,2025-04-15 13:58:52.118275,0 days 00:00:07.276436,0.3532363705732683,0.9679745482064115,16,0.03238756002434286,0.04755464320182057,0.09819563787406661,0.0730019088850298,0.07130318957767491,0.0010727295859587235,0.000441233036772799,18,51,0.057982720365358065,0.16736348013768432,True,False,True,0.000226355334624872,COMPLETE
421,0.3986488461494446,2025-04-15 13:58:52.263408,2025-04-15 13:58:59.479254,0 days 00:00:07.215846,0.3125819613110694,0.9248756148351476,16,0.0324726470906188,0.06668700988937785,0.09459627310303313,0.06730037148018173,0.06742186665440401,0.003350800857984891,0.0006209698133164094,19,39,0.046061159433119295,0.158820845355097,True,False,True,0.00030772980554176054,COMPLETE
422,0.41958361864089966,2025-04-15 13:58:59.612457,2025-04-15 13:59:06.799377,0 days 00:00:07.186920,0.384930786803848,0.940865041660801,16,0.02530992031634426,0.03913328466386075,0.03701888420922288,0.08011199016362172,0.07500160317016984,0.006188633902855232,0.0006049717163223518,17,43,0.05569137267419284,0.17038790846861063,True,False,True,0.0001940606877480034,COMPLETE
423,0.3606020092964173,2025-04-15 13:59:06.931441,2025-04-15 13:59:15.619329,0 days 00:00:08.687888,0.3331749032233275,0.9715338108962395,8,0.04361090756043086,0.07078033999448495,0.09999553485828884,0.07564050672555875,0.06989643644264887,0.004436635391369235,0.0007676894959396912,20,46,0.05221177381049634,0.13897077759288418,True,False,True,0.0004597340477542291,COMPLETE
424,0.17816350460052494,2025-04-15 13:59:15.765886,2025-04-15 13:59:23.051030,0 days 00:00:07.285144,0.41030599663269696,0.9502707514599618,16,0.11372637524080317,0.07514863700593144,0.0969651929675116,0.07170232369211957,0.07817732280396118,0.0031049502288016013,0.0005100328651138677,18,52,0.053994186304144265,0.1472906939766949,True,False,True,0.000264116035551616,COMPLETE
425,0.1740178346633911,2025-04-15 13:59:23.188017,2025-04-15 13:59:30.548492,0 days 00:00:07.360475,0.42238765737970824,0.9681787810227215,16,0.26503213895719246,0.05914298753242213,0.09356452653377002,0.07358625273659225,0.06800508337269731,0.005927672061201788,0.0007103868795781823,18,60,0.05796495818751043,0.1628628507721776,True,False,True,0.0003499829364699344,COMPLETE
426,0.42187516689300536,2025-04-15 13:59:30.683691,2025-04-15 13:59:38.124618,0 days 00:00:07.440927,0.3639896483960185,0.9280007487445946,16,0.03468502575685413,0.0491121254708772,0.09998676927652154,0.078661474153747,0.0703445533603837,0.0028836497152568367,0.0004610797872310855,19,56,0.05613133334938911,0.1553783432716213,True,False,True,0.0006115292539849753,COMPLETE
427,0.22936589121818543,2025-04-15 13:59:38.259854,2025-04-15 13:59:45.635854,0 days 00:00:07.376000,0.36962494473225,0.9219986687825447,16,0.08650855676437426,0.0468715085147147,0.09791857665078044,0.07652937736351097,0.07161476231434784,0.00315577199332689,0.00044199206828892876,19,56,0.03855237597594672,0.15482617175671978,True,False,True,0.0006177783627089135,COMPLETE
428,0.18892249464988708,2025-04-15 13:59:45.780847,2025-04-15 13:59:53.242905,0 days 00:00:07.462058,0.39246440648417763,0.925133268777648,16,0.10353676013928408,0.055576696395764694,0.09798168416495964,0.06965519117388926,0.06974701968440448,0.0010227214298871106,0.0002818639655823033,20,55,0.056452483944964986,0.15800820938109225,True,False,True,0.0007873358061426279,COMPLETE
429,0.4262438535690308,2025-04-15 13:59:53.377390,2025-04-15 14:00:00.536814,0 days 00:00:07.159424,0.3488128026197748,0.9450297470195321,16,0.0300418589648068,0.0641499558441454,0.0998922157389988,0.07456917000450972,0.07327761861782733,0.006625882648041105,0.00033485676015629215,18,43,0.0500862743036582,0.15031514237855131,True,False,True,0.0005452420560445458,COMPLETE
430,0.33207022547721865,2025-04-15 14:00:00.673351,2025-04-15 14:00:07.892878,0 days 00:00:07.219527,0.28839856505320755,0.9440601925400411,16,0.023737234076789307,0.050886125376870484,0.09977330343568816,0.07420757650108316,0.07506903843340974,0.006685793148163716,0.0004017113657965277,18,41,0.04780510606727931,0.14672211313148928,True,False,True,0.0006881212638424308,COMPLETE
431,0.2910125195980072,2025-04-15 14:00:08.040769,2025-04-15 14:00:15.912098,0 days 00:00:07.871329,0.3492662493126128,0.9273844530044737,16,0.028009130851016018,0.06424880670142048,0.09978276820643645,0.07137303218142818,0.07371658455034093,0.004909145313917248,0.00047983154889198965,19,39,0.05096714209193777,0.1415384100793298,True,False,False,0.0005183041506072536,COMPLETE
432,0.4081122756004334,2025-04-15 14:00:16.051681,2025-04-15 14:00:23.487582,0 days 00:00:07.435901,0.36402673954899945,0.9184419230792994,16,0.031155010680077633,0.06419577775158528,0.09812153928262617,0.07582302369509757,0.07224698047807883,0.005024296101956905,0.000591988449491875,18,62,0.04883019319519721,0.15235755639721477,True,False,True,0.0004310876641308878,COMPLETE
433,0.17691722512245178,2025-04-15 14:00:23.624206,2025-04-15 14:00:31.049072,0 days 00:00:07.424866,0.3775362339266817,0.9514419138866265,16,0.23034246071240055,0.07372181687605092,0.06834806813116225,0.0731541748298911,0.0772519652350343,0.0010705754151369875,0.0003289536074717245,20,43,0.04561183586937443,0.16233444316571924,True,False,True,0.0006053579591373327,COMPLETE
434,0.2500483214855194,2025-04-15 14:00:31.195920,2025-04-15 14:00:38.622492,0 days 00:00:07.426572,0.32267429369595424,0.9441627853137279,16,0.023564845141092198,0.02400674912635057,0.09998932489797972,0.07506775563198051,0.07042109362770024,0.007211162680337002,0.0006609967753034486,19,59,0.029020625869398776,0.150451529015313,True,False,True,0.0003983172040510812,COMPLETE
435,0.3115598797798157,2025-04-15 14:00:38.759374,2025-04-15 14:00:46.082457,0 days 00:00:07.323083,0.34279606973025145,0.9188484459318316,16,0.03168981950544525,0.058902759587518796,0.0968362597631919,0.07121418334117549,0.06788886448819563,0.00301994439441857,0.0003661410716207047,18,45,0.0216594622688187,0.15701115125216747,True,False,True,0.0005431185548718169,COMPLETE
436,0.2652928054332733,2025-04-15 14:00:46.224519,2025-04-15 14:00:53.455337,0 days 00:00:07.230818,0.39802747373128317,0.37856156203791835,16,0.03445051614104263,0.0702316113418727,0.09777194813653806,0.07649885487495513,0.06631398199433432,0.0010189360937760334,0.0004632876052789232,17,52,0.052500659606700396,0.16589813883897037,True,False,True,0.00034438392063128727,COMPLETE
437,0.40480133295059206,2025-04-15 14:00:53.603942,2025-04-15 14:01:00.943283,0 days 00:00:07.339341,0.36432328172927575,0.9416329199914852,16,0.027892920233495787,0.051538957390874815,0.09995016298162361,0.06515999507312842,0.07293013754122098,0.004785254231508916,0.0005615494833755311,19,47,0.05019015505429471,0.1714298374560291,True,True,True,0.00028241599543670333,COMPLETE
438,0.3828853130340576,2025-04-15 14:01:01.083686,2025-04-15 14:01:08.256013,0 days 00:00:07.172327,0.38546314244167973,0.9491757144340232,16,0.03497152191615868,0.08023129586213198,0.09536607927010045,0.0734155944137879,0.001597579467121718,0.007234966096631396,0.0002688315137010944,18,43,0.05845402989602458,0.15864314906496105,True,False,True,0.0004446560746364468,COMPLETE
439,0.3524108648300171,2025-04-15 14:01:08.394742,2025-04-15 14:01:15.549724,0 days 00:00:07.154982,0.41654747654495855,0.9667240447837147,16,0.046886778014222946,0.03181025951667203,0.09800111462518597,0.06865586979287062,0.06904699456753721,0.003249213834251228,0.00021149894339396753,17,51,0.053094172798895244,0.16479896239776456,True,False,True,0.00034848306043416306,COMPLETE
440,0.4253554224967957,2025-04-15 14:01:15.698879,2025-04-15 14:01:22.838163,0 days 00:00:07.139284,0.350097817456657,0.9209619306876063,16,0.029113744624191355,0.06305161944299821,0.0955387294336816,0.07749355615812005,0.07102955872889731,0.004455145814561845,0.0007849801447522017,17,39,0.056488376165698816,0.14396990913426302,True,False,True,0.0002899657115613384,COMPLETE
441,0.33411124944686893,2025-04-15 14:01:22.976521,2025-04-15 14:01:30.165831,0 days 00:00:07.189310,0.3249848707439159,0.9252326830388657,16,0.022485135476573725,0.06351317773800187,0.09505912908313688,0.07832856683497297,0.07065607661557236,0.006879616772716078,0.0007852515151977122,17,47,0.05641087031855033,0.1445276980501606,True,False,True,0.0007076180420604081,COMPLETE
442,0.41539753675460817,2025-04-15 14:01:30.305691,2025-04-15 14:01:37.705871,0 days 00:00:07.400180,0.34438172787338867,0.9140916923394503,16,0.02208148382453934,0.06794087145605693,0.09993665798399666,0.07567279570781979,0.0760343712408446,0.004709883073463211,0.000753712456131086,18,57,0.058831686678211766,0.13997116636100265,True,False,True,0.00024152756221105699,COMPLETE
443,0.4242115616798401,2025-04-15 14:01:37.855771,2025-04-15 14:01:45.193279,0 days 00:00:07.337508,0.37108832847943685,0.9372920294415331,16,0.028933481766675498,0.04416753490155666,0.09283698844081804,0.07262379609072223,0.0739051753530358,0.0032907973030713604,0.0006285389720006631,19,41,0.050881632967059026,0.15163667373431655,True,False,True,0.0003020362386555331,COMPLETE
444,0.4095481753349305,2025-04-15 14:01:45.334335,2025-04-15 14:01:52.662119,0 days 00:00:07.327784,0.3604063693987328,0.915394323161948,16,0.0275574329076732,0.04270758884724894,0.09293658051454899,0.07211065825525192,0.0741090777414451,0.003266602059923983,0.0005943583931699012,19,40,0.04802612228036903,0.15235374048584788,True,False,True,0.0003115376756082857,COMPLETE
445,0.3894632339477539,2025-04-15 14:01:52.814169,2025-04-15 14:02:00.927256,0 days 00:00:08.113087,0.30249804218757653,0.9350995294477246,8,0.022995706709991924,0.04847717122228615,0.09633375448261755,0.07434206097327925,0.07208921801639609,0.00578615565999576,0.0006795744133391029,17,42,0.051329998491397875,0.14653213983723057,True,False,True,0.0004368939788144045,COMPLETE
446,0.4078351736068726,2025-04-15 14:02:01.067086,2025-04-15 14:02:08.333166,0 days 00:00:07.266080,0.3777826878969551,0.9144964391435345,16,0.02907470827871432,0.059603424540049695,0.09293114193675003,0.07047816162918633,0.07503825444121637,0.003197329869486237,0.00049487653713762,18,45,0.049471077126296135,0.15119525169738735,True,False,True,0.0005514725012088803,COMPLETE
447,0.4258812427520752,2025-04-15 14:02:08.473479,2025-04-15 14:02:15.736108,0 days 00:00:07.262629,0.39785391221997707,0.9396808005170474,16,0.032298523495339314,0.0559326365633988,0.09800108862130405,0.07705408211701373,0.07019609657591536,0.004481619265274278,0.00035211505596431756,19,37,0.05231851891632482,0.1571267549368832,True,False,True,0.0002943488811282697,COMPLETE
448,0.40840728282928473,2025-04-15 14:02:15.890651,2025-04-15 14:02:23.145545,0 days 00:00:07.254894,0.35059380795378153,0.9382086688049127,16,0.020489695952883476,0.041900735905425764,0.09535777303431076,0.07779678351508196,0.07129959933852523,0.007498471253994788,0.0003754851786996048,19,37,0.05110509923134797,0.13545520337206438,True,False,True,0.00026619642490467184,COMPLETE
449,0.40824632644653325,2025-04-15 14:02:23.287522,2025-04-15 14:02:30.696933,0 days 00:00:07.409411,0.3978788412605512,0.9138780029220483,16,0.02968638143007596,0.053623581860046024,0.09808914925135999,0.07886711329275284,0.0775261394313307,0.005132778661164936,0.00032501718491887447,20,39,0.04906812753684685,0.1565726370894954,True,False,True,0.00039119879380479993,COMPLETE
450,0.2484195172786713,2025-04-15 14:02:30.839486,2025-04-15 14:02:38.188825,0 days 00:00:07.349339,0.33361546844728696,0.5846915301879366,16,0.02026023681786221,0.07421264291704784,0.0966438324411879,0.0763979314790001,0.07303473325445221,0.004864192560899039,0.00045830839073655546,19,41,0.04285454851126628,0.14447300509289973,True,False,True,0.00019676418893382186,COMPLETE
451,0.28678632378578184,2025-04-15 14:02:38.343385,2025-04-15 14:02:46.185199,0 days 00:00:07.841814,0.36997049057739473,0.9364924020358658,16,0.03217222577300313,0.03588337010670486,0.0980368449777377,0.07223196833607806,0.08003403854494563,0.007376722091160318,0.0002962561346608696,20,37,0.05263717019432874,0.16129341281408321,True,False,False,0.00023297914194956256,COMPLETE
452,0.4036470890045166,2025-04-15 14:02:46.329445,2025-04-15 14:02:53.504659,0 days 00:00:07.175214,0.4104909815758331,0.9502247726751063,16,0.026321192909493307,0.05282742091269,0.09429491259759995,0.07402345354737688,0.07001308288475858,0.002999287984226275,0.000570903386213292,17,44,0.04594971301496854,0.15001233017135557,True,False,True,0.00029818464376128625,COMPLETE
453,0.1711016297340393,2025-04-15 14:02:53.646845,2025-04-15 14:03:01.025012,0 days 00:00:07.378167,0.38146927984694523,0.9273263698106613,16,0.1945049379820481,0.06720862294593581,0.0999978028460696,0.08077888528380672,0.07371198676171913,0.004542783120287716,0.0004061837292464044,19,54,0.054380019108512964,0.15602776696473425,True,False,True,0.0004905599175361169,COMPLETE
454,0.4233115315437317,2025-04-15 14:03:01.179207,2025-04-15 14:03:08.471646,0 days 00:00:07.292439,0.4278493675780661,0.9633251565817934,16,0.03370678770010567,0.07582055136920914,0.09253169239327637,0.07773982386596219,0.06960743636625036,0.003206216038655763,0.0008819436781685752,18,50,0.050963067777148326,0.16028943667815146,True,False,True,0.00037689090723816085,COMPLETE
