number,value,datetime_start,datetime_complete,duration,params_alpha-eval,params_alpha-train,params_batch-size,params_eps-eval,params_eps-train,params_lambda-actions-eval,params_lambda-actions-train,params_lambda-frames-eval,params_lambda-frames-train,params_learning-rate,params_n-epochs,params_n-frames,params_radius-gw,params_rho,params_std-feats,params_ub-actions,params_ub-frames,params_weight-decay,state
1992,0.39129517078399656,2025-04-15 18:18:09.557192,2025-04-15 18:18:19.792475,0 days 00:00:10.235283,0.4381742032950099,0.7793837980010876,16,0.0400530112443095,0.15726671921119972,0.06187674079727916,0.03874707099196317,0.09561647552323872,0.05866437897930046,0.0001997309928954426,28,137,0.05964626593844859,0.23172492973625183,True,True,True,2.2279424143519287e-08,COMPLETE
1993,0.29990307688713075,2025-04-15 18:18:20.461567,2025-04-15 18:18:28.459243,0 days 00:00:07.997676,0.4756895182332599,0.4942547441238436,16,0.027912974081176427,0.16585645090323237,0.08820175168504067,0.032920104888367815,0.0843250901634034,0.05711667334834633,0.0001338026255068339,13,148,0.06892858869183144,0.2174634898033705,True,True,True,1.5324916982243043e-08,COMPLETE
1994,0.423021399974823,2025-04-15 18:18:29.096764,2025-04-15 18:18:39.905035,0 days 00:00:10.808271,0.4530201219528674,0.8060971181879616,16,0.02209569432950568,0.15016532144829708,0.08095305993188642,0.0365216341237425,0.08947534861703153,0.06427507126877402,0.00016988410321851986,30,144,0.06303598112495037,0.22373665485290262,True,True,True,1.2510537041422075e-08,COMPLETE
1995,0.4218953728675843,2025-04-15 18:18:40.571813,2025-04-15 18:18:51.074372,0 days 00:00:10.502559,0.4887047711496632,0.7855585961362556,16,0.010302924526678702,0.17442139751281938,0.09200141728784966,0.05948371468908969,0.0918902846219696,0.05412338970764599,0.0001264995535909358,29,140,0.06470263657991805,0.2121956803534506,True,True,True,2.3182835244131128e-08,COMPLETE
1996,0.32457953691482544,2025-04-15 18:18:51.744676,2025-04-15 18:19:01.659627,0 days 00:00:09.914951,0.4328250472368657,0.819400828221319,16,0.043798083078990815,0.16015916884691295,0.09190832587978562,0.03139471226852966,0.08374187727950394,0.05998445579276437,0.00016220165531158218,27,132,0.05759007244684675,0.21782149272647167,True,True,True,5.0322429654917557e-08,COMPLETE
1997,0.24606809616088868,2025-04-15 18:19:02.303525,2025-04-15 18:19:12.489220,0 days 00:00:10.185695,0.4627451672530943,0.7717436923832394,16,0.07075337432477255,0.17908445031671225,0.09256794224808917,0.034299981010830406,0.08661647251033561,0.06255121520485202,3.2820844051880195e-05,28,134,0.060180052270396606,0.21138924477250243,True,True,True,6.97267918144374e-08,COMPLETE
1998,0.41454710960388186,2025-04-15 18:19:13.152368,2025-04-15 18:19:37.080224,0 days 00:00:23.927856,0.48764500895983365,0.7995017122998883,2,0.03173732259864403,0.16620796513842398,0.08579274139266935,0.02959206758561393,0.09039695635395728,0.05664613782751526,0.0001164584330175819,29,145,0.05480213330920955,0.22797334619778983,True,True,True,3.7574550775591554e-08,COMPLETE
1999,0.41319122314453127,2025-04-15 18:19:37.749862,2025-04-15 18:19:48.359166,0 days 00:00:10.609304,0.4235650444394963,0.7707952906612343,16,0.014917912034705773,0.15439434850744005,0.09048283394155465,0.026759331558987517,0.09374497036174706,0.05363932181486235,0.00020419093037306197,30,138,0.06165197365302323,0.22218773301693753,True,True,True,2.1423429077950338e-08,COMPLETE
