number,value,datetime_start,datetime_complete,duration,params_alpha-eval,params_alpha-train,params_batch-size,params_eps-eval,params_eps-train,params_lambda-actions-eval,params_lambda-actions-train,params_lambda-frames-eval,params_lambda-frames-train,params_learning-rate,params_n-epochs,params_n-frames,params_radius-gw,params_rho,params_std-feats,params_ub-actions,params_ub-frames,params_weight-decay,state
854,0.23892515897750854,2025-04-13 15:46:25.873941,2025-04-13 15:46:33.977034,0 days 00:00:08.103093,0.3699359036722166,0.7439999368169109,8,0.10062942598162203,0.09892033222636656,0.07229994213119509,0.046217175786352344,0.07133303183135063,0.012962984455661554,0.0001944153496877958,17,47,0.060610546551679044,0.25508092729133564,True,True,True,2.989379937715972e-06,COMPLETE
855,0.39429948329925535,2025-04-13 15:46:34.256722,2025-04-13 15:46:42.185189,0 days 00:00:07.928467,0.5511509335563421,0.798360767455104,8,0.07351968964934052,0.090292048368938,0.06485415745947612,0.05501191098211608,0.07317931315107233,0.01818253232776005,0.0003991993259370957,16,41,0.06599897828014827,0.24544431462334648,True,True,True,5.423539899107748e-06,COMPLETE
856,0.42404884099960327,2025-04-13 15:46:42.452271,2025-04-13 15:46:50.256560,0 days 00:00:07.804289,0.5858032436697569,0.7225985693453741,8,0.044590266870470324,0.11587615542447127,0.06962233176341914,0.05149508429988329,0.06612185876781455,0.015599343473387301,0.00025467277592817046,15,50,0.06265541132802062,0.25621979588598537,True,True,True,1.6363448777773085e-06,COMPLETE
857,0.2195362687110901,2025-04-13 15:46:50.534724,2025-04-13 15:46:58.462759,0 days 00:00:07.928035,0.5688707613614478,0.7516732545439024,8,0.13982028471867203,0.10493553823182436,0.06212284566631063,0.049854156451016485,0.0761983094899391,0.012050139438312098,0.0002996382114773631,16,44,0.05970151506073948,0.2437983229677698,True,True,True,4.091216341062446e-06,COMPLETE
858,0.27737314701080323,2025-04-13 15:46:58.743953,2025-04-13 15:47:06.795063,0 days 00:00:08.051110,0.5342063655227482,0.7220576617693211,8,0.10749567209392635,0.10921094674586515,0.06730462606806879,0.0401154815335186,0.0697239860872617,0.015121157825320967,0.00019982272799524847,17,38,0.06487461238635106,0.14588943739516408,True,True,True,3.8653766239186046e-06,COMPLETE
859,0.4220788836479187,2025-04-13 15:47:07.063824,2025-04-13 15:47:15.034937,0 days 00:00:07.971113,0.49054503595924237,0.7790545395888685,8,0.05604852057415026,0.09748062016950465,0.06532613304064103,0.05323069604146815,0.07326937842365336,0.012512870069136907,0.00038172565419727266,16,47,0.06179769066145706,0.23926708880657901,True,True,True,2.7983544183427784e-06,COMPLETE
860,0.2048193633556366,2025-04-13 15:47:15.315667,2025-04-13 15:47:23.609320,0 days 00:00:08.293653,0.5435611047473455,0.15378516283289184,8,0.047383413039828653,0.12663534503817656,0.06135513798708325,0.04780341129857546,0.07152683444160651,0.018217529191404847,0.00023388830440889349,18,43,0.057660126197720776,0.16020308696040736,True,True,True,5.154436108629052e-06,COMPLETE
861,0.414620041847229,2025-04-13 15:47:23.889454,2025-04-13 15:47:32.048994,0 days 00:00:08.159540,0.5059983320702938,0.7161713809399425,8,0.050842288334596454,0.11536326380852864,0.06362077576054828,0.05614710917295424,0.06846543967842761,0.015041943246567852,0.00029964833376506996,17,50,0.06316797611934882,0.24948770877109933,True,True,True,1.9899144114436717e-06,COMPLETE
862,0.41205815076828,2025-04-13 15:47:32.321528,2025-04-13 15:47:40.410749,0 days 00:00:08.089221,0.6050377966574527,0.7555199230881261,8,0.04419591971955664,0.10400960359193596,0.06100810236152703,0.043203585561372757,0.07561798560973965,0.020136287400052775,0.00026359509149082516,17,40,0.06760475004193481,0.25533673176722593,True,True,True,3.465012040288021e-06,COMPLETE
863,0.21544941663742068,2025-04-13 15:47:40.689167,2025-04-13 15:47:48.379560,0 days 00:00:07.690393,0.5211788457470162,0.7353763944807624,8,0.059390458724002414,0.08617557204679434,0.0687039608202037,0.051452527039049734,0.07053668511220738,0.012600278343415667,0.0001891954224613954,15,46,0.06102076391403356,0.22588964100664097,True,True,False,2.5548381524053345e-06,COMPLETE
864,0.2048193633556366,2025-04-13 15:47:48.663183,2025-04-13 15:48:04.271555,0 days 00:00:15.608372,0.5725570864089985,0.10523801714746556,2,0.05483867061159387,0.13560137572330966,0.06325762849285924,0.054621939063622574,0.06552892497272532,0.01639614739068266,0.00036098827940672553,18,43,0.059480249654026436,0.2555580240156561,True,True,True,4.975118548643098e-06,COMPLETE
865,0.42025370597839357,2025-04-13 15:48:04.559267,2025-04-13 15:48:12.524641,0 days 00:00:07.965374,0.46318985740614743,0.771117493142099,8,0.044180827700471985,0.0933319479824945,0.06570986331078754,0.05745848690759103,0.07378815345612497,0.017388484384609455,0.00045915989552395106,16,51,0.06465894208540604,0.2481901418309657,True,True,True,3.461206385386032e-06,COMPLETE
866,0.42480494976043703,2025-04-13 15:48:12.793736,2025-04-13 15:48:20.869762,0 days 00:00:08.076026,0.5663661038368759,0.7192516556512786,8,0.05063152578218242,0.11056829481673447,0.07408796136000234,0.0454957978185145,0.07231291395712261,0.014418945033376207,0.00023404769724657306,17,37,0.0580602434301246,0.23725959156172008,True,True,True,5.724136956809405e-06,COMPLETE
867,0.3880037546157837,2025-04-13 15:48:21.152595,2025-04-13 15:48:28.939115,0 days 00:00:07.786520,0.5935093750420956,0.06238560801592933,8,0.061949935689212025,0.12062193327168838,0.06096397376403805,0.049415778823415954,0.0676401484438291,0.012088340863587375,0.0003233547325737007,15,40,0.06227673326491396,0.2569455362185869,True,True,True,4.323743547209627e-06,COMPLETE
868,0.4217336177825928,2025-04-13 15:48:29.220058,2025-04-13 15:48:37.172415,0 days 00:00:07.952357,0.5487842836376047,0.8110948307757618,8,0.04340736121104874,0.1012054587606827,0.07080081898431334,0.05223061942215365,0.0754336124668646,0.022636256896440443,0.00019460821641009325,16,45,0.06056194721909248,0.24617117870578797,True,True,True,2.2094586959929377e-06,COMPLETE
869,0.3957477450370789,2025-04-13 15:48:37.444070,2025-04-13 15:48:45.070460,0 days 00:00:07.626390,0.6214945896296176,0.749464941491039,8,0.05498302407127652,0.09512341540714488,0.06701356553589133,0.047188272932161164,0.07027949442110729,0.019436979854518907,0.000265965501719637,14,48,0.06478338399921463,0.25832293398688927,True,False,True,3.0118256206586675e-06,COMPLETE
870,0.2814729571342468,2025-04-13 15:48:45.354805,2025-04-13 15:48:53.481065,0 days 00:00:08.126260,0.5242556614690161,0.10872409128531106,8,0.06690346260135323,0.1270392412493881,0.06259524476454718,0.050583727025615186,0.07319648248374444,0.014543113154403084,0.0003881873861536295,17,42,0.057807403645009275,0.24933608455571205,True,True,True,1.5303933985584649e-06,COMPLETE
871,0.3651591897010803,2025-04-13 15:48:53.763929,2025-04-13 15:49:09.552602,0 days 00:00:15.788673,0.5480333193066266,0.4550061045273359,2,0.05090940904494657,0.10659336394245925,0.0655248294064166,0.05384679315669923,0.0762984503622808,0.016519263342838812,0.0002946491702130207,18,46,0.06988978472959222,0.18249702026155243,True,True,True,1.1612312055505458e-06,COMPLETE
872,0.41324437856674195,2025-04-13 15:49:09.842044,2025-04-13 15:49:17.925601,0 days 00:00:08.083557,0.5034754931940051,0.7832937103263721,8,0.04544240269597698,0.08259283472102986,0.06385514153948574,0.04094591072337233,0.06837426349703381,0.013103366350127389,0.0002279138581697154,17,43,0.06677319609595986,0.25480478093542663,True,True,True,4.399039964429352e-06,COMPLETE
873,0.4238187789916993,2025-04-13 15:49:18.197004,2025-04-13 15:49:26.222384,0 days 00:00:08.025380,0.5800770293456508,0.7142668153518602,8,0.04351268965045962,0.11387521787760858,0.0599887872370011,0.049008845634112966,0.07133971240616106,0.01855824903943853,0.00018223123693809402,16,49,0.06319778534287328,0.23997018881096166,True,True,True,2.298059147009906e-06,COMPLETE
874,0.4290110349655152,2025-04-13 15:49:26.509054,2025-04-13 15:49:34.418926,0 days 00:00:07.909872,0.5275633866117696,0.7464070338166876,8,0.05843161373218515,0.09975852639894368,0.06803235366066829,0.05617427966060223,0.07385775820408426,0.011579955596770315,0.00044839427740020975,16,40,0.05982958793560577,0.23214378342557423,True,True,True,3.154793441217681e-06,COMPLETE
875,0.423387610912323,2025-04-13 15:49:34.704246,2025-04-13 15:49:42.628984,0 days 00:00:07.924738,0.48112811648676407,0.7673803884347294,8,0.06847273450477082,0.09932291269290251,0.07179966202803156,0.05850412789967433,0.07406386682603633,0.015098694259235403,0.00047148523132237315,16,38,0.05971949023987607,0.2280075104508672,True,True,True,2.9201257733222816e-06,COMPLETE
876,0.38448032140731814,2025-04-13 15:49:42.919699,2025-04-13 15:49:50.663773,0 days 00:00:07.744074,0.5227811848331971,0.8003261691358787,8,0.06091846818627518,0.0961607371274584,0.06891728994025867,0.055931292173984404,0.07194897307844988,0.012487496342226734,0.0004479460698470288,15,37,0.06176268369552034,0.22713492186849438,True,True,True,3.669130628723525e-06,COMPLETE
877,0.38193684816360474,2025-04-13 15:49:50.934824,2025-04-13 15:49:58.854849,0 days 00:00:07.920025,0.5028210008137777,0.7422809527442071,8,0.0793861028784296,0.088704061962199,0.06793153576576695,0.05433247523945254,0.07492074193531531,0.017134088741841927,0.00043446263025974786,16,40,0.059452016153587244,0.23122635602539726,True,True,True,2.729053685625883e-06,COMPLETE
878,0.37141296863555906,2025-04-13 15:49:59.141884,2025-04-13 15:50:07.044021,0 days 00:00:07.902137,0.5354951421896889,0.7547243487681503,8,0.07206506738811955,0.10079182280009369,0.0698345968309509,0.05758681280940607,0.07004405321850539,0.013805121431114332,0.00038927711252937747,16,37,0.06190017703737688,0.2181761823082374,True,True,True,1.8243865757374542e-06,COMPLETE
879,0.24755152463912966,2025-04-13 15:50:07.333564,2025-04-13 15:50:14.984920,0 days 00:00:07.651356,0.1796663735614336,0.7855939124955643,8,0.0625182737400006,0.09000162866351703,0.06693737323021318,0.0553041058385437,0.07657534220051468,0.020778381819132684,0.00035261427889905875,14,40,0.05770858954847014,0.23662356154086178,True,True,True,5.616726451852196e-06,COMPLETE
880,0.42275395393371584,2025-04-13 15:50:15.259766,2025-04-13 15:50:23.071520,0 days 00:00:07.811754,0.557421604808683,0.7666685579920782,8,0.05697960205057466,0.10450986407096031,0.07262351109564855,0.05400793639380255,0.0732452235751568,0.011990682245919702,0.0004480912763304082,15,42,0.06415860671888628,0.23697494833529845,True,True,True,3.449294082342373e-06,COMPLETE
881,0.4241450190544128,2025-04-13 15:50:23.357705,2025-04-13 15:50:31.380652,0 days 00:00:08.022947,0.514324548072399,0.7291465972218762,8,0.053075955725015736,0.09492841420977151,0.07001292518858022,0.05181109296764009,0.07175170943158832,0.01568062555126306,0.0003419470127279985,17,37,0.059836990016409866,0.23078406018924366,True,True,True,4.311953116940259e-06,COMPLETE
882,0.22240774631500243,2025-04-13 15:50:31.672944,2025-04-13 15:50:39.503745,0 days 00:00:07.830801,0.5331466562799458,0.7499289122333147,8,0.04969323299848717,0.10822102664302428,0.06712067331939395,0.05245500818898279,0.06243376744814424,0.018942626658827073,0.00047422183066708583,16,40,0.062444160541621704,0.2136070069128745,True,True,False,2.134144429784942e-06,COMPLETE
883,0.2048193633556366,2025-04-13 15:50:39.792673,2025-04-13 15:50:47.958434,0 days 00:00:08.165761,0.4882386425765203,0.7344295912918704,8,0.05982777630879699,0.10253054192574987,0.0655562103690203,0.05045832153498185,0.06501087992554389,0.02286294972159327,0.0003251018491164705,17,44,0.019660774337148797,0.24222087566273187,True,True,True,2.8913892733278004e-06,COMPLETE
884,0.2048193633556366,2025-04-13 15:50:48.234935,2025-04-13 15:50:56.123792,0 days 00:00:07.888857,0.5503945128399362,0.7629187959342092,8,0.053733296060246655,0.27691905166005326,0.06842117498594656,0.05561180186975764,0.0694994163613424,0.014302597074315368,0.0005000555176750889,16,42,0.06593858986705332,0.22484308788236937,True,True,True,5.838162769990726e-06,COMPLETE
885,0.42610535621643064,2025-04-13 15:50:56.412877,2025-04-13 15:51:04.258752,0 days 00:00:07.845875,0.5601346971587337,0.7416319449922504,8,0.048275523012191845,0.09123878522371483,0.06467179538828409,0.05948130752090595,0.06697591269436608,0.011905466218619607,0.0002934763286061428,15,47,0.06033647868846926,0.2341380958617649,True,True,True,3.7102394643164812e-06,COMPLETE
886,0.36588606834411624,2025-04-13 15:51:04.550762,2025-04-13 15:51:12.694024,0 days 00:00:08.143262,0.5311337131909348,0.7797591163964194,8,0.06865457620978241,0.08285941518284999,0.06349090405453181,0.052763327988311785,0.07510178437045535,0.01761717260085164,0.00039158750246454674,17,52,0.05729061655740193,0.2487714262350553,True,True,True,2.3213097817097936e-06,COMPLETE
887,0.2679463565349579,2025-04-13 15:51:12.971655,2025-04-13 15:51:27.664835,0 days 00:00:14.693180,0.08252041475825472,0.7157886034878844,2,0.042929917154087546,0.11062967222438451,0.07475023356434907,0.04418834281687976,0.07346637301298564,0.02051031610040458,0.0003783468572505652,16,45,0.0641570381872729,0.2202221939688202,True,True,True,4.875353346060342e-06,COMPLETE
888,0.4108225464820862,2025-04-13 15:51:27.953184,2025-04-13 15:51:36.160551,0 days 00:00:08.207367,0.4452396239293373,0.7497231675670684,8,0.05787916062732728,0.09936459932218406,0.07121178182107646,0.0476287470634037,0.07159778752850687,0.01633070852835569,0.00030174570308613154,18,40,0.06142728604975887,0.24237379862400962,True,False,True,1.6363673697468586e-06,COMPLETE
889,0.4017872214317322,2025-04-13 15:51:36.448926,2025-04-13 15:51:44.498168,0 days 00:00:08.049242,0.5743490649348498,0.7379424340513695,8,0.048450889596888855,0.10486865638388994,0.03786304204380262,0.05762523050988882,0.06911610319705198,0.05691737809896536,0.00025858737098477275,17,44,0.058985132151535086,0.04784887574736606,True,True,True,3.4010502469582815e-06,COMPLETE
890,0.3784420967102051,2025-04-13 15:51:44.790257,2025-04-13 15:51:52.520245,0 days 00:00:07.729988,0.5006809611070934,0.8038702668393061,8,0.06608548086062017,0.09615110739810598,0.06593509458384944,0.05056809539526176,0.07695966917570798,0.012077562788597533,0.00046863159664351433,15,37,0.06322880115207484,0.23286694855601667,True,True,True,7.993405414256779e-07,COMPLETE
891,0.38031988143920903,2025-04-13 15:51:52.797435,2025-04-13 15:52:00.349544,0 days 00:00:07.552109,0.5436853197433633,0.724230934070163,8,0.05607894217648468,0.11264332012781142,0.06773477671624259,0.04581930254694375,0.07429507740106926,0.014701680361258584,0.0003354781197707826,13,48,0.0675590766566975,0.2515393271958182,True,True,True,2.5839565648167767e-06,COMPLETE
892,0.4257439374923706,2025-04-13 15:52:00.639265,2025-04-13 15:52:08.741383,0 days 00:00:08.102118,0.5178790497569101,0.7794462950602946,8,0.042499059648542115,0.10175327428464986,0.06243823321000847,0.056084573099678126,0.07256229681218572,0.011506336609092099,0.00026886262705591807,17,43,0.06124114807394211,0.25869021126414277,True,True,True,4.41887392348358e-06,COMPLETE
893,0.4231335043907166,2025-04-13 15:52:09.031505,2025-04-13 15:52:17.245539,0 days 00:00:08.214034,0.589672086662639,0.7684027360088365,8,0.05053370655456093,0.09225456023746903,0.06509777980225097,0.05323193406265994,0.06633642335664398,0.017831694215471892,0.0003707436138991719,18,41,0.05812359544316008,0.24665596315573338,True,True,True,6.142126135859291e-06,COMPLETE
894,0.2687648177146912,2025-04-13 15:52:17.539781,2025-04-13 15:52:25.566672,0 days 00:00:08.026891,0.46652525476330586,0.3895812709325712,8,0.05593470456073957,0.10954305306544468,0.06868992622900699,0.04959375182772306,0.07655074159506,0.013597991232842443,0.00024013009636239088,16,50,0.06497301687220759,0.23959589092158454,True,True,True,1.949756172237976e-06,COMPLETE
895,0.2288488566875458,2025-04-13 15:52:25.846223,2025-04-13 15:52:40.740479,0 days 00:00:14.894256,0.5647530502723209,0.7123654750513451,2,0.04202039089292946,0.14659581720334858,0.06291742818328937,0.0511555985186522,0.07049107663041712,0.016635260021980996,0.00030613762539517944,16,76,0.05978207957225115,0.2575514785128018,True,True,True,3.1176253757445494e-06,COMPLETE
896,0.42135996818542487,2025-04-13 15:52:41.033289,2025-04-13 15:52:49.224813,0 days 00:00:08.191524,0.533855160599123,0.7538596705286584,8,0.059988360861584315,0.10708689771608337,0.06655940665253879,0.048206466373749625,0.06827620144254865,0.013858461691392824,0.0003851205661950861,17,46,0.06312447785396394,0.25200031768558634,True,True,True,4.063371870131964e-06,COMPLETE
897,0.3027281999588013,2025-04-13 15:52:49.518575,2025-04-13 15:52:57.339423,0 days 00:00:07.820848,0.5154228457088973,0.7198466302922699,8,0.04849469125606972,0.08460084028871756,0.08129753625166658,0.0382854332139401,0.07457358697299941,0.01901320740589405,0.0002351343735389395,15,39,0.061688561316539874,0.2426086804742681,True,True,True,1.4071033490088183e-06,COMPLETE
898,0.4220210433006287,2025-04-13 15:52:57.636442,2025-04-13 15:53:05.899464,0 days 00:00:08.263022,0.41238870785863246,0.7343905352248947,8,0.062159335174567926,0.11545783154259945,0.0779739537635511,0.054318862404854125,0.07266478652902561,0.011679375172032266,0.0004646933676393533,18,43,0.06576936553302025,0.25093573034997846,True,True,True,5.14605615320777e-06,COMPLETE
899,0.41719383001327515,2025-04-13 15:53:06.184402,2025-04-13 15:53:14.220408,0 days 00:00:08.036006,0.5492434419858906,0.790171323094349,8,0.04242684309461458,0.098704961579849,0.06151092013125181,0.06010613591952486,0.07027173247889319,0.020588937018131692,0.0002882841759726723,16,48,0.05681289038862397,0.2595944304537211,True,True,True,2.5129183405306015e-06,COMPLETE
900,0.3984358072280884,2025-04-13 15:53:14.512780,2025-04-13 15:53:22.238061,0 days 00:00:07.725281,0.5746279962641891,0.7646379467246109,8,0.0775183026901608,0.1656738454012533,0.06491476326225532,0.04266741907198256,0.07639031069664161,0.01601122449424168,0.0001837031363596511,15,36,0.060178155112012514,0.23179560896690868,True,True,True,3.4943820640034573e-06,COMPLETE
901,0.31565600633621216,2025-04-13 15:53:22.532947,2025-04-13 15:53:30.634368,0 days 00:00:08.101421,0.49972899197001325,0.49145053959264395,8,0.05284169884615459,0.10371954558873007,0.059997542162619134,0.0526085528872531,0.07404594000976535,0.01157384008431872,0.00032336493439381474,17,52,0.06317252739345065,0.25669866821952136,True,True,False,6.56261250522079e-06,COMPLETE
902,0.25950533151626587,2025-04-13 15:53:30.929707,2025-04-13 15:53:46.221953,0 days 00:00:15.292246,0.2919319407820036,0.7107137901992672,2,0.064636828351117,0.09502048181599566,0.06382689046492153,0.05587838752024542,0.07177485918865005,0.023458126428753685,0.00020949418328512306,17,45,0.057122631092045136,0.24621798060362834,True,True,True,1.8506520684545982e-06,COMPLETE
903,0.4183682918548584,2025-04-13 15:53:46.503178,2025-04-13 15:53:54.447891,0 days 00:00:07.944713,0.5968043689818329,0.7435199429911401,8,0.04826431701146373,0.12018032997072207,0.07117362234011876,0.04660982580030769,0.06731395227439736,0.014224432783995673,0.017635899117301446,16,40,0.0685801187508728,0.24009528336183114,True,True,True,9.965320204354453e-07,COMPLETE
904,0.40934945344924933,2025-04-13 15:53:54.741423,2025-04-13 15:54:03.015010,0 days 00:00:08.273587,0.5469882697597297,0.7260636767628332,8,0.07240044902475808,0.11056533311483312,0.06843479665457305,0.051722471304958315,0.06365781590314658,0.01659329132374785,0.00024774942232427366,18,47,0.05905234872682885,0.2590561663195588,True,True,True,4.80077637710446e-06,COMPLETE
905,0.4272070050239563,2025-04-13 15:54:03.312849,2025-04-13 15:54:11.449780,0 days 00:00:08.136931,0.5264918829250056,0.7573997884263249,8,0.05481534814125917,0.09012209583555698,0.062268554440518306,0.04927310185842111,0.06928841140568297,0.0111098330909052,0.00040064225100276457,17,42,0.061376461515463984,0.25214677047543826,True,True,True,2.7650686617921034e-06,COMPLETE
906,0.4209279298782349,2025-04-13 15:54:11.745542,2025-04-13 15:54:19.886083,0 days 00:00:08.140541,0.4824206859765681,0.7085963879928503,8,0.04158588364618078,0.09851666940694238,0.06655947583311335,0.04490495458370959,0.07594706478768175,0.015032115646267418,0.00048816392542001916,14,97,0.06389776994632791,0.2235840316763523,True,True,True,4.007821507638895e-06,COMPLETE
907,0.40841180086135864,2025-04-13 15:54:20.168776,2025-04-13 15:54:28.123474,0 days 00:00:07.954698,0.5678424351340299,0.8122424208626323,8,0.04682660497517741,0.10585239719320291,0.06988742083691414,0.0539910981594092,0.07287178752123834,0.01839453205619146,0.00029118505897260974,16,49,0.06674098292348452,0.24408513836092197,True,False,True,2.224557839744632e-06,COMPLETE
908,0.4196231603622437,2025-04-13 15:54:28.416065,2025-04-13 15:54:36.641361,0 days 00:00:08.225296,0.5827616645149595,0.8361999730126098,8,0.04090268379652086,0.11766494818457801,0.06426776702798916,0.05769470123715601,0.07486000369770987,0.012972005666959531,0.00034545865013788183,18,44,0.061182562826286625,0.2600496706781688,True,True,True,3.2961782401416363e-06,COMPLETE
909,0.41661643981933594,2025-04-13 15:54:36.939169,2025-04-13 15:54:44.951883,0 days 00:00:08.012714,0.5390162503931426,0.7911323314925646,8,0.052457924539322506,0.10445473681389209,0.060097888547165274,0.04060079666284038,0.06979501358654759,0.011151917808149229,0.00022095219470614317,16,39,0.05925319457033207,0.2513738582536878,True,True,True,6.031328896636984e-06,COMPLETE
910,0.32882677316665654,2025-04-13 15:54:45.249455,2025-04-13 15:54:59.368557,0 days 00:00:14.119102,0.5171348148412097,0.7377652810982177,2,0.062164925509473154,0.13113279431883107,0.062117118420378876,0.051048549787898155,0.07168586304618835,0.02105231409204581,0.0002617732789473036,15,52,0.06458701412271502,0.23634962488036718,True,True,True,1.3107742391172252e-06,COMPLETE
