number,value,datetime_start,datetime_complete,duration,params_alpha-eval,params_alpha-train,params_batch-size,params_eps-eval,params_eps-train,params_lambda-actions-eval,params_lambda-actions-train,params_lambda-frames-eval,params_lambda-frames-train,params_learning-rate,params_n-epochs,params_n-frames,params_radius-gw,params_rho,params_std-feats,params_ub-actions,params_ub-frames,params_weight-decay,state
1823,0.32683649063110354,2025-04-13 18:06:11.357211,2025-04-13 18:06:18.683901,0 days 00:00:07.326690,0.290264271470973,0.6208899570336323,8,0.060468594749967616,0.08639543376205512,0.06533592097601262,0.029133456602375315,0.05053379078319315,0.020197391127704543,0.0015754631146220812,12,30,0.04927883870595516,0.20273447408072737,True,True,True,3.696526121541829e-07,COMPLETE
1824,0.29285761117935183,2025-04-13 18:06:19.267562,2025-04-13 18:06:26.507773,0 days 00:00:07.240211,0.43972427819420434,0.6575760045853165,8,0.05382460734017343,0.07329751129577781,0.06161463399647335,0.04273546882660283,0.055745903020645735,0.018488268079473198,0.001188339585270699,11,39,0.05575089364106537,0.19675138208144058,True,True,True,2.4139978017974487e-07,COMPLETE
1825,0.363176167011261,2025-04-13 18:06:27.111303,2025-04-13 18:06:34.190784,0 days 00:00:07.079481,0.4981002585995031,0.6909405501968183,8,0.06535198359702851,0.058924036777094624,0.06755358610729538,0.03874032051462436,0.053578922302306646,0.026279111426782478,0.0009588497919269639,10,34,0.04723607215769746,0.20656127202001417,True,True,True,6.092666933147082e-07,COMPLETE
1826,0.3679480910301209,2025-04-13 18:06:34.801896,2025-04-13 18:06:42.170750,0 days 00:00:07.368854,0.4706400631053188,0.6391865941937274,8,0.07342152698531469,0.09189277111950733,0.06554126278892639,0.034457859408896487,0.04765366718344043,0.021456469681792448,0.0007585688337453951,12,36,0.05228748668291027,0.2117856707988535,True,True,True,1.572810479826509e-07,COMPLETE
1827,0.39250811338424685,2025-04-13 18:06:42.758493,2025-04-13 18:06:49.935424,0 days 00:00:07.176931,0.4555348972494758,0.678225326167397,8,0.03999334993918376,0.08038370634553971,0.06330028202077839,0.027482506620647152,0.05624397754727333,0.02384304913882858,0.0005934504393587255,11,32,0.0503450196852635,0.2184958728024564,True,True,True,4.2422241727533944e-07,COMPLETE
1828,0.2907963693141937,2025-04-13 18:06:50.544501,2025-04-13 18:06:57.639602,0 days 00:00:07.095101,0.4403153627668951,0.5919557425730094,8,0.05097604514613127,0.0692083072371309,0.0611794707702866,0.032265950560834984,0.05327151246808336,0.017042981338624825,0.0010548015739152115,10,39,0.0531215851312199,0.1957119742965918,True,True,True,3.347685358699384e-07,COMPLETE
1829,0.4306175470352173,2025-04-13 18:06:58.234955,2025-04-13 18:07:05.577702,0 days 00:00:07.342747,0.4975572049473573,0.6625238341259002,8,0.05910956470929609,0.0850793704406491,0.05962743569233774,0.02015502469509349,0.043909995418562636,0.019913255833717253,0.0008532806950727794,12,37,0.05574565724708681,0.20222310279305464,True,True,True,2.2122801060206439e-07,COMPLETE
1830,0.3898494243621826,2025-04-13 18:07:06.162519,2025-04-13 18:07:13.646143,0 days 00:00:07.483624,0.4221400370384624,0.6980034181051342,8,0.0455131534021085,0.07617313953405588,0.06746083509045965,0.040585986548684616,0.04917911025742691,0.022210689305524434,0.0013635325928277194,13,28,0.04852303466655643,0.19092967004173234,True,True,True,2.877059039341052e-07,COMPLETE
1831,0.3986345887184143,2025-04-13 18:07:14.253146,2025-04-13 18:07:26.217161,0 days 00:00:11.964015,0.3864797107718858,0.6244118091534461,2,0.06445868292020529,0.08068286143767119,0.06489248451714055,0.03659630171096808,0.04055495569362117,0.025691945256745945,0.0006795144174531,11,34,0.051061948392624214,0.21462950910207487,True,True,True,5.51169761415567e-07,COMPLETE
1832,0.3810965657234192,2025-04-13 18:07:26.826558,2025-04-13 18:07:34.195788,0 days 00:00:07.369230,0.3553836685612822,0.647448779346646,8,0.0573681437623977,0.09176875349980183,0.06317302887763315,0.04265906301062232,0.05094161413992794,0.017017955063456977,0.002214876806819067,12,30,0.0537531787111088,0.20715211210759785,True,True,True,9.2672956030489e-08,COMPLETE
1833,0.2925356805324555,2025-04-13 18:07:34.786618,2025-04-13 18:07:41.658525,0 days 00:00:06.871907,0.326892350602713,0.6771520568008418,8,0.05038160933533535,0.07352802967055196,0.057247985853049285,0.030730346712556537,0.05626850325839141,0.030608935513471144,0.0009468626736047373,9,39,0.043340274957714524,0.20184576641210444,True,True,True,7.891798545752945e-07,COMPLETE
1834,0.3748620986938477,2025-04-13 18:07:42.249599,2025-04-13 18:07:49.448777,0 days 00:00:07.199178,0.4793835584742483,0.6958032262264208,8,0.06897890847311176,0.08596188618886057,0.06568631270481304,0.0339261128568706,0.05422073254800913,0.019204723016803336,0.03473212024907788,11,34,0.055800690064319154,0.18303061866896925,True,True,True,3.939680368515457e-07,COMPLETE
1835,0.2717983961105347,2025-04-13 18:07:50.052013,2025-04-13 18:07:57.029555,0 days 00:00:06.977542,0.40030942452987567,0.6604283185196448,8,0.042366906188111016,0.06740161038811819,0.059415285660268526,0.024106768140055718,0.04766044701341782,0.02284320930599498,0.0017713627196887546,10,37,0.046840272338911706,0.19659624624818228,True,True,False,1.4401251812011023e-07,COMPLETE
1836,0.34160925149917604,2025-04-13 18:07:57.616499,2025-04-13 18:08:05.129093,0 days 00:00:07.512594,0.46161411030238003,0.633942962381906,8,0.06061024761818348,0.07896508833357388,0.06229965667414612,0.03794351600100461,0.05298658360965351,0.017293250983894875,0.001211829322076079,13,31,0.05244703405446306,0.2130846263263423,True,True,True,2.919787535975735e-07,COMPLETE
1837,0.4125863671302796,2025-04-13 18:08:05.731751,2025-04-13 18:08:13.084995,0 days 00:00:07.353244,0.5032820449912213,0.6774815108989037,8,0.07483890747295102,0.0868185194987217,0.06713611306541985,0.040035840621555095,0.05627318880519123,0.02069876876499651,0.0006308608588360241,12,39,0.04980001237112353,0.20791489379530728,True,True,True,1.9663055024355804e-07,COMPLETE
1838,0.20639471411705018,2025-04-13 18:08:13.701887,2025-04-13 18:08:20.862865,0 days 00:00:07.160978,0.4347808102399917,0.5213295683580519,8,0.23219873300848085,0.07444080620344637,0.06422705678714948,0.03168419356744105,0.023813096498822545,0.02861164003849772,0.0007939312790348702,11,36,0.053627388713163596,0.2194748411040202,True,True,True,2.5103763582592997e-07,COMPLETE
1839,0.39694486856460576,2025-04-13 18:08:21.452926,2025-04-13 18:08:28.779020,0 days 00:00:07.326094,0.4775298383683034,0.6491722078435969,8,0.053823869973077906,0.06056731523919404,0.06180198415037161,0.03629349105664253,0.03290445415050229,0.025260783885701937,0.001018092817085964,12,33,0.05148663971160609,0.1997157985808412,True,True,True,4.950787901511526e-07,COMPLETE
1840,0.3400992155075073,2025-04-13 18:08:29.396753,2025-04-13 18:08:36.819238,0 days 00:00:07.422485,0.4553204466181782,0.6080568309337957,8,0.06718337372843229,0.09251438034516091,0.06584409522758398,0.028514640943473037,0.04457859089220958,0.01843127200871603,0.0007465944884343067,13,26,0.05580650240775662,0.18775801715425275,True,True,True,3.6082253496429143e-07,COMPLETE
1841,0.3847411274909973,2025-04-13 18:08:37.407836,2025-04-13 18:08:44.640010,0 days 00:00:07.232174,0.4182636407860324,0.6951893560063931,8,0.04864448392717574,0.08079332274406952,0.06765521712797748,0.04260080233841567,0.04636709498673069,0.021760622751591872,0.0014691205030848513,11,39,0.04864100456031392,0.19292530719605908,True,True,True,2.02907303037501e-07,COMPLETE
1842,0.40304157733917234,2025-04-13 18:08:45.254653,2025-04-13 18:08:57.675667,0 days 00:00:12.421014,0.4980375052108255,0.6622228553066342,2,0.06056620812292208,0.09131046472374854,0.059954623125701656,0.034658525967008906,0.05174793534164364,0.02401230877032562,0.0006016123123630738,12,36,0.05098399103297518,0.20595407715751554,True,False,True,2.7916744174001876e-07,COMPLETE
1843,0.27811439037323,2025-04-13 18:08:58.271003,2025-04-13 18:09:05.253849,0 days 00:00:06.982846,0.44194235798721204,0.6946028802996965,8,0.07984011652925631,0.2044916493744725,0.06367789122297816,0.03904019001532718,0.04955135931575097,0.021001753040690414,0.0009128241582317429,10,31,0.05388490827084479,0.16930554604624343,True,True,True,4.099836900267138e-07,COMPLETE
1844,0.3312343955039978,2025-04-13 18:09:05.864755,2025-04-13 18:09:13.073944,0 days 00:00:07.209189,0.4822665581912748,0.6726246858633516,8,0.0544787591171625,0.06928616568433293,0.06545783955146106,0.041606945832478905,0.05672702842154744,0.016793248177478997,0.0012060459029009571,11,39,0.04602995990664055,0.2027883203116363,True,True,True,2.496757433229851e-07,COMPLETE
1845,0.29475067257881166,2025-04-13 18:09:13.677488,2025-04-13 18:09:21.083257,0 days 00:00:07.405769,0.45766032957647834,0.6369103875146039,8,0.0422023333864787,0.08547228657346162,0.061306162064066985,0.03264661036251297,0.042682122789575144,0.03181263586362231,0.0006069265364483391,12,34,0.05539129823614332,0.21290496315264348,True,True,True,3.2955978446121304e-07,COMPLETE
1846,0.38200699090957646,2025-04-13 18:09:21.698999,2025-04-13 18:09:28.892650,0 days 00:00:07.193651,0.40819076930442827,0.6774685372528435,8,0.07058103263908735,0.0764257674053335,0.06353363748851586,0.03608755424373807,0.0547100480330455,0.04099864758084063,0.0008408706563705171,11,28,0.05203345909104629,0.22037368764211945,True,True,True,1.6377975792822592e-07,COMPLETE
1847,0.29270439147949223,2025-04-13 18:09:29.486193,2025-04-13 18:09:36.791947,0 days 00:00:07.305754,0.374900745065175,0.649560923008028,8,0.04732900965070292,0.08256762461023671,0.05781609506061397,0.02549738758865444,0.0463229221598411,0.019137772670891957,0.0010624347862171356,12,36,0.04879049578128258,0.19628403178706702,True,True,True,6.767435332178672e-07,COMPLETE
1848,0.2048193633556366,2025-04-13 18:09:37.405987,2025-04-13 18:09:44.835272,0 days 00:00:07.429285,0.21537543054183345,0.02145437694745503,8,0.06422069342765412,0.09120343346505237,0.06715278597030125,0.02936781974492438,0.05749302091023276,0.0271441880311858,0.0007366196834667364,13,32,0.05386251168482964,0.2090546647705396,True,True,True,2.0681591520319817e-07,COMPLETE
1849,0.41795471906661985,2025-04-13 18:09:45.452169,2025-04-13 18:09:52.488180,0 days 00:00:07.036011,0.48162018072874596,0.6970358879388382,8,0.05659591306121892,0.06417040349437536,0.06273269430316386,0.04017073971381717,0.0527361547752011,0.022825366094940923,0.0026666353396444954,10,39,0.049687007852354255,0.19993715198629686,True,True,True,4.579496659926649e-07,COMPLETE
1850,0.2863147735595703,2025-04-13 18:09:53.079703,2025-04-13 18:10:00.249198,0 days 00:00:07.169495,0.4314903270182408,0.6268542804991306,8,0.0514159052488434,0.07209989989448201,0.06490142847027708,0.04277809688627823,0.04924477753881163,0.020063974299063845,0.0009628514329310834,11,24,0.05571766447703214,0.21339435400870668,True,True,True,2.9345326113041e-07,COMPLETE
1851,0.3764288544654847,2025-04-13 18:10:00.867089,2025-04-13 18:10:08.335790,0 days 00:00:07.468701,0.5058716303734762,0.6607854374167075,8,0.05950565257071286,0.0789152856855563,0.05987054637109845,0.037872176202675155,0.05505843230483582,0.017345487053122298,0.001319652493871227,12,36,0.051852622549431855,0.18864205699984446,True,True,True,1.1073697045231339e-07,COMPLETE
1852,0.27254043817520146,2025-04-13 18:10:08.930071,2025-04-13 18:10:16.331618,0 days 00:00:07.401547,0.45866881727626435,0.45730712523664596,8,0.06684435711285705,0.08525606809678479,0.06791345443412163,0.035067490997972836,0.05054940027376077,0.02571816157620237,0.0006294298836513169,11,65,0.047803092820497495,0.20235189627709857,True,True,True,3.4138785788166693e-07,COMPLETE
1853,0.2676545739173889,2025-04-13 18:10:16.948792,2025-04-13 18:10:28.295534,0 days 00:00:11.346742,0.39133521713054287,0.6124717143854308,2,0.04639054783904216,0.09226863252481357,0.055556451345824556,0.027474633133503276,0.04800203051865086,0.02405671638368496,0.0007865630942790833,9,117,0.05058489132897084,0.17903000266391547,True,True,True,5.256748843260841e-07,COMPLETE
1854,0.2063532292842865,2025-04-13 18:10:28.893638,2025-04-13 18:10:36.271375,0 days 00:00:07.377737,0.49895169425968183,0.6743713877275964,8,0.04059181585651656,0.07216796291603197,0.06143281995221113,0.0307819614910812,0.05742577717758718,0.016523708775957706,0.0011804357901427605,13,30,0.05434925501179689,0.007994291208508808,True,True,False,2.224742838302874e-07,COMPLETE
1855,0.27653847336769105,2025-04-13 18:10:36.886143,2025-04-13 18:10:43.940653,0 days 00:00:07.054510,0.44278642497447657,0.6407486557474134,8,0.07190028058740194,0.07998811247628976,0.06568407754309429,0.032911147721832366,0.0452097519055817,0.02155973059234658,0.07054422717364918,10,39,0.05214426298160129,0.20606584168019454,True,True,True,3.856020813425907e-07,COMPLETE
1856,0.4064111232757569,2025-04-13 18:10:44.539615,2025-04-13 18:10:51.869511,0 days 00:00:07.329896,0.42038777373672787,0.6990147659184102,8,0.055322299194407155,0.13659636054587496,0.06380522803339943,0.010213094439184472,0.05447338813221025,0.01904756565105117,0.0015968463998578197,12,34,0.04529962893160862,0.21911023052957576,True,True,True,1.4866414647004864e-07,COMPLETE
1857,0.42412734031677246,2025-04-13 18:10:52.490000,2025-04-13 18:10:59.725609,0 days 00:00:07.235609,0.4682088071009559,0.6752755089814787,8,0.06275398872817085,0.0860304244711315,0.06775526947395381,0.04116048352585624,0.04368937366275741,0.029033924167131922,0.011287535846515807,11,39,0.050075769395948974,0.19485021129918814,True,True,True,2.4774248875943835e-07,COMPLETE
1858,0.3118518471717835,2025-04-13 18:11:00.348515,2025-04-13 18:11:07.649490,0 days 00:00:07.300975,0.5066235096772675,0.6589373032040787,8,0.09133640430262994,0.0767620248925255,0.05840790553598391,0.03743589357193631,0.053482666629375175,0.02321347768108518,0.0008817370735147859,12,32,0.055809194210650635,0.21085296762025763,True,False,True,2.997220053468933e-07,COMPLETE
1859,0.31947479248046873,2025-04-13 18:11:08.250425,2025-04-13 18:11:15.788655,0 days 00:00:07.538230,0.4820969898350259,0.6959665047026207,8,0.049434162920575196,0.07120154887336841,0.06229638819084979,0.042423884178009026,0.04042540263750365,0.016604996483611908,0.0006329890052881456,13,36,0.054046702009529705,0.2059371820565325,True,True,True,1.7178447138309756e-07,COMPLETE
1860,0.37368199825286863,2025-04-13 18:11:16.421585,2025-04-13 18:11:23.626509,0 days 00:00:07.204924,0.45127106461991934,0.5973577585962032,8,0.05853234768343238,0.09226984512783254,0.06592550161702004,0.039003782203346646,0.047142395920045224,0.026071939748644544,0.0007445058688359403,11,28,0.05269200274924916,0.19194711240970969,True,True,True,4.5217481569359245e-07,COMPLETE
1861,0.250369256734848,2025-04-13 18:11:24.226354,2025-04-13 18:11:31.315427,0 days 00:00:07.089073,0.3947257004398912,0.30155304375949965,8,0.07720829709951225,0.06722161227226418,0.06380015865729849,0.022444830829013704,0.05114442325263444,0.02044276043683232,0.0010683789548069846,10,40,0.04796832715773989,0.19940358763042906,True,True,True,3.382201289655736e-07,COMPLETE
1862,0.3307086229324341,2025-04-13 18:11:31.913648,2025-04-13 18:11:39.233144,0 days 00:00:07.319496,0.4175715477076286,0.631814025415923,8,0.06599268409532982,0.0831487812226393,0.06198641638938108,0.03480789911574277,0.05747216188225131,0.018494334083097922,0.0006104440119407052,12,34,0.050496150263854844,0.058209887993360826,True,True,True,6.174993781895627e-07,COMPLETE
1863,0.40726685523986816,2025-04-13 18:11:39.850464,2025-04-13 18:11:47.007908,0 days 00:00:07.157444,0.4612589758850803,0.6572070958095549,8,0.054109375025475075,0.2463779598961487,0.06598999166797376,0.01599198635036332,0.05227617685129057,0.021937994713295533,0.0019039193964502992,11,37,0.05277723458875594,0.21302687175619645,True,True,True,2.0125413559035464e-07,COMPLETE
1864,0.39282571077346806,2025-04-13 18:11:47.639568,2025-04-13 18:12:00.139895,0 days 00:00:12.500327,0.34798287908209236,0.6807339609915544,2,0.08300845982937806,0.05981537383995597,0.060026049468400025,0.0305298240917743,0.05573319781581912,0.018138616712093283,0.0008946032496854142,12,31,0.055794120337453984,0.20335467598326984,True,True,True,2.497115718240681e-07,COMPLETE
1865,0.3211742520332337,2025-04-13 18:12:00.740164,2025-04-13 18:12:08.283401,0 days 00:00:07.543237,0.48633349326720343,0.12470535699213788,8,0.06102191914513356,0.0916305996286354,0.06813020382663627,0.03226526157095416,0.048454386044772174,0.02443698639704485,0.0014020234825871491,13,40,0.049713939631556306,0.197354911538396,True,True,True,3.723298493546391e-07,COMPLETE
1866,0.4119865298271179,2025-04-13 18:12:08.903825,2025-04-13 18:12:16.064611,0 days 00:00:07.160786,0.5105390831991286,0.6504812398366047,8,0.041780167228478514,0.07552878618784607,0.06431768063692106,0.03979294569676612,0.04514573353166194,0.02743783088896163,0.0011213196725162991,11,33,0.04427391934797422,0.21962703009466308,True,True,True,1.3564831250572816e-07,COMPLETE
1867,0.3798105597496033,2025-04-13 18:12:16.664923,2025-04-13 18:12:23.732562,0 days 00:00:07.067639,0.43682462413895196,0.6962939380015254,8,0.05095535395511247,0.0867104325470705,0.060363816270373315,0.043037301124925875,0.05681363135152924,0.019680126255464173,0.0007644911949341705,10,36,0.053684177786225265,0.18564373204687212,True,True,True,2.6677720958444527e-07,COMPLETE
1868,0.27009042501449587,2025-04-13 18:12:24.353472,2025-04-13 18:12:32.044446,0 days 00:00:07.690974,0.4696370136692316,0.4049684366002252,8,0.07007591169685219,0.2385769730662518,0.0629548492596336,0.027103005816169343,0.053035719712965695,0.01615775280373857,0.0009512736949771023,12,93,0.04736409164413499,0.2082397032908393,True,True,True,5.101778989681078e-07,COMPLETE
1869,0.3215098738670349,2025-04-13 18:12:32.671304,2025-04-13 18:12:39.910020,0 days 00:00:07.238716,0.417372268532571,0.5712305143063854,8,0.04629383810980924,0.26189966302520845,0.0661611777910923,0.0359801078845433,0.05506471852928472,0.021649728636820343,0.0007146684332841871,11,37,0.05587521852528461,0.04923573920123518,True,True,True,1.849784469858153e-07,COMPLETE
1870,0.31689563989639286,2025-04-13 18:12:40.516970,2025-04-13 18:12:47.891610,0 days 00:00:07.374640,0.504245448640274,0.6148731484878138,8,0.05875863963111097,0.07945978161760167,0.05727181978807547,0.03787644927818602,0.04340482136126549,0.023510446472199145,0.0012142982861583964,12,40,0.051308344409524365,0.2145810298863418,True,True,True,3.292787754499105e-07,COMPLETE
1871,0.38709534406661994,2025-04-13 18:12:48.489459,2025-04-13 18:12:55.611618,0 days 00:00:07.122159,0.3990087341192661,0.6761977513265011,8,0.06436894555002033,0.06738927209921954,0.06450246476763653,0.04042209817123781,0.05089629495519093,0.01638444599045827,0.0006142896345177329,11,28,0.0524628396688647,0.1951689720312842,True,True,True,4.3444519620264635e-07,COMPLETE
1872,0.345443868637085,2025-04-13 18:12:56.231696,2025-04-13 18:13:03.448957,0 days 00:00:07.217261,0.43941382619776426,0.6431719832038656,8,0.07321823065494726,0.09297808009154801,0.0679835279848899,0.033646937490420074,0.04865625212550624,0.02066324722574914,2.0407131293253467e-05,9,103,0.04870825587482363,0.20273352159082586,True,True,False,2.1752740940069176e-07,COMPLETE
1873,0.3668404817581177,2025-04-13 18:13:04.078280,2025-04-13 18:13:11.112007,0 days 00:00:07.033727,0.4809857464476737,0.6953329714666255,8,0.05287582502800471,0.08155516999849313,0.06124657846270759,0.04301317553154157,0.057817199039931676,0.018385674303131674,0.0008963816169699912,10,34,0.0560541516832753,0.20861806628684149,True,True,True,2.770244891182387e-07,COMPLETE
1874,0.3095406770706177,2025-04-13 18:13:11.712581,2025-04-13 18:13:19.189341,0 days 00:00:07.476760,0.5149725692529719,0.6620917939186829,8,0.039970048582438786,0.07481204280153614,0.034238572902098655,0.028192236391620704,0.0552134405257566,0.02512387230834754,0.0010042862263718382,13,31,0.0540776055147898,0.1924374954082495,True,True,True,3.8764083648336217e-07,COMPLETE
1875,0.2849740028381348,2025-04-13 18:13:19.814140,2025-04-13 18:13:32.939148,0 days 00:00:13.125008,0.3726266534818123,0.6250116139097553,2,0.05689291158628287,0.08762080124854418,0.05947503254884746,0.03130124137734959,0.04694696206973067,0.026770084798055233,0.0005862853357380694,12,132,0.050883768147217776,0.20036824004193765,True,True,True,7.228820602177573e-07,COMPLETE
1876,0.35970495939254765,2025-04-13 18:13:33.536666,2025-04-13 18:13:40.735892,0 days 00:00:07.199226,0.45947941510580204,0.6696777154317151,8,0.06682353027544227,0.08205617761106115,0.06419786149244242,0.03632241484511302,0.051163421307723174,0.044717588511403034,0.000826022474008092,11,39,0.0465387650023103,0.2190528896960191,True,True,True,2.88132640305784e-07,COMPLETE
1877,0.40537298917770387,2025-04-13 18:13:41.359473,2025-04-13 18:13:48.665744,0 days 00:00:07.306271,0.4898617322410659,0.6994942860598813,8,0.04721235381749412,0.07374643417056985,0.05432561159997893,0.03392832984595082,0.04163890104022083,0.02256848530520955,0.0012964477778085657,12,36,0.05279197262048728,0.20669885105797536,True,False,True,1.705954581356026e-07,COMPLETE
1878,0.3641785025596619,2025-04-13 18:13:49.298696,2025-04-13 18:13:56.330216,0 days 00:00:07.031520,0.426419811842442,0.6425530510207765,8,0.06126244187680211,0.06356009185710916,0.06647627219545715,0.02922135042528615,0.04570112035043544,0.016443059977874385,0.0007119401463172539,10,33,0.04971070909587007,0.21192659933157149,True,True,True,2.3469513176190272e-07,COMPLETE
1879,0.39447579383850095,2025-04-13 18:13:56.937378,2025-04-13 18:14:04.180746,0 days 00:00:07.243368,0.4438955944957413,0.6781082941428417,8,0.053001667249242504,0.08677270868552732,0.06224636534485534,0.04128402596882122,0.058485912272634215,0.019580183246971944,0.0016356664201169135,11,39,0.055918309030098555,0.18878100579036652,True,True,True,3.393050535887379e-07,COMPLETE
