number,value,datetime_start,datetime_complete,duration,params_alpha-eval,params_alpha-train,params_batch-size,params_eps-eval,params_eps-train,params_lambda-actions-eval,params_lambda-actions-train,params_lambda-frames-eval,params_lambda-frames-train,params_learning-rate,params_n-epochs,params_n-frames,params_radius-gw,params_rho,params_std-feats,params_ub-actions,params_ub-frames,params_weight-decay,state
1994,0.4319938659667969,2025-04-13 18:28:54.301570,2025-04-13 18:29:01.128129,0 days 00:00:06.826559,0.43258816271959566,0.6190963471753405,8,0.06848357051827665,0.06855082071413673,0.06273527099532292,0.03794144595693642,0.06308990896143747,0.024470146000879878,0.0009678745211754897,9,37,0.05037015300097837,0.1994850348368759,True,True,True,1.7636217786458435e-07,COMPLETE
1995,0.39779406785964966,2025-04-13 18:29:01.777663,2025-04-13 18:29:08.924869,0 days 00:00:07.147206,0.5053727206561921,0.6562098297822948,8,0.05097163035381257,0.08190615694511065,0.0574591619920176,0.034514195307250896,0.05144624882771407,0.019730721010143133,0.0007384122637375516,11,25,0.04826231374853576,0.19003183913943977,True,True,True,2.553319850299502e-07,COMPLETE
1996,0.2844250679016114,2025-04-13 18:29:09.586308,2025-04-13 18:29:16.374104,0 days 00:00:06.787796,0.4537175170114942,0.6355098257249329,8,0.05721153059511173,0.08690134388748448,0.06103838927931786,0.025304764569854254,0.05596571517099579,0.02229304617128399,0.0016234905722939531,8,34,0.02821034500988633,0.20376245243229008,True,True,True,1.5474964653543895e-07,COMPLETE
1997,0.29576507210731506,2025-04-13 18:29:17.003796,2025-04-13 18:29:24.091846,0 days 00:00:07.088050,0.49144481785085964,0.6600990891523214,8,0.06488204857547511,0.0779333256373951,0.06403642890065775,0.029178616872450908,0.04917501668714101,0.01708575564009162,0.001159628426123931,10,38,0.05509582731597458,0.1952062834041255,True,True,True,2.1397493048502824e-07,COMPLETE
1998,0.33261450529098513,2025-04-13 18:29:24.749428,2025-04-13 18:29:36.775338,0 days 00:00:12.025910,0.38484161428533287,0.5922338361743757,2,0.07540918450982828,0.07316951690229588,0.06664159599140189,0.02748049343302509,0.06079640065577211,0.03021425050927675,0.0006753770913014647,11,41,0.052257134371498544,0.2118976337203194,True,True,True,3.6495241265964206e-07,COMPLETE
1999,0.28754374384880066,2025-04-13 18:29:37.444243,2025-04-13 18:29:44.171613,0 days 00:00:06.727370,0.4671179677018124,0.6295725921661307,8,0.04912213881295787,0.08723446160215634,0.05965292233044396,0.036057651877875886,0.05472185352144143,0.02636922651359197,0.0009277321394400189,8,30,0.050768332098350424,0.22016082252330618,True,True,True,6.48947627426596e-07,COMPLETE
