number,value,datetime_start,datetime_complete,duration,params_alpha-eval,params_alpha-train,params_batch-size,params_eps-eval,params_eps-train,params_lambda-actions-eval,params_lambda-actions-train,params_lambda-frames-eval,params_lambda-frames-train,params_learning-rate,params_n-epochs,params_n-frames,params_radius-gw,params_rho,params_std-feats,params_ub-actions,params_ub-frames,params_weight-decay,state
968,0.4080196022987366,2025-04-15 15:17:26.942999,2025-04-15 15:17:35.230814,0 days 00:00:08.287815,0.4530432873347965,0.7147624251153792,16,0.034711974497192315,0.17257302721887807,0.0999869855366361,0.024110476866668874,0.0808043240426255,0.09021059735630997,0.00028976267207509647,16,140,0.05747695437417262,0.1720385683463065,True,True,True,6.776123953112669e-08,COMPLETE
969,0.42126492261886594,2025-04-15 15:17:35.533483,2025-04-15 15:17:44.177966,0 days 00:00:08.644483,0.5014567512084515,0.7711664133096023,16,0.02568220428256146,0.19322151051778982,0.09538721091686432,0.03211991265733669,0.07593551400738287,0.0965935803104554,0.00038293877136559383,17,150,0.055897141148007895,0.17652354861792485,True,True,True,2.4572489905377355e-08,COMPLETE
970,0.37062945365905764,2025-04-15 15:17:44.498163,2025-04-15 15:17:53.006745,0 days 00:00:08.508582,0.46351175468355793,0.7452671996335473,16,0.03977190998295385,0.1868320639369327,0.09789619868391201,0.034996309324330614,0.07890406512773791,0.09411978888511524,0.000320413136878008,17,144,0.059515747094705924,0.16457708133961935,True,True,True,6.076758612650523e-08,COMPLETE
971,0.42420070171356206,2025-04-15 15:17:53.322992,2025-04-15 15:18:01.615922,0 days 00:00:08.292930,0.4334332484605371,0.7323395060223774,16,0.028233534367958366,0.2107038115024292,0.09791516321198143,0.027981032295040766,0.08234349258743093,0.09031705229254704,0.00044821932698076546,16,139,0.05527953487793887,0.18269676765643567,True,True,True,2.737243588873952e-08,COMPLETE
972,0.41933242082595823,2025-04-15 15:18:01.934539,2025-04-15 15:18:10.516264,0 days 00:00:08.581725,0.4886482116379811,0.7877637022173742,16,0.03567477086974568,0.20182971418391846,0.09604973549063417,0.03179689551299007,0.07721628987895834,0.09318686613729057,0.026220615995215555,17,145,0.05779873652049517,0.1679073678999828,True,True,True,8.375934372973603e-08,COMPLETE
973,0.42623438835144045,2025-04-15 15:18:10.834228,2025-04-15 15:18:19.630226,0 days 00:00:08.795998,0.4448099460278084,0.7584604283607889,16,0.02705632084018977,0.1816271959803203,0.09817010778896927,0.029767387012846078,0.08323640546744433,0.0950045188494649,0.00027154760728922164,18,147,0.06002090436422124,0.17051569618253945,True,True,True,1.8187708824126003e-08,COMPLETE
974,0.42909885644912715,2025-04-15 15:18:19.936230,2025-04-15 15:18:28.472983,0 days 00:00:08.536753,0.4542399590336514,0.7675867373786914,16,0.025678974464026377,0.179970526896443,0.09614041755550432,0.030590266081205644,0.08369724105050272,0.09721833312373582,0.00026956631480382743,17,147,0.058771148856058,0.17812146810592278,True,True,True,3.6134016131246177e-08,COMPLETE
975,0.23542953729629518,2025-04-15 15:18:28.788534,2025-04-15 15:18:37.121376,0 days 00:00:08.332842,0.4633262978570087,0.718701238874905,16,0.024457008777509948,0.17270845297845594,0.09575407788299865,0.03032489728620575,0.08362231767464291,0.09760087152000807,0.0002810971797145911,16,147,0.06111714896343498,0.18007594381899533,True,True,False,1.2789737395642143e-08,COMPLETE
976,0.4266858816146851,2025-04-15 15:18:37.440971,2025-04-15 15:18:45.786801,0 days 00:00:08.345830,0.48890346119406247,0.7448010072623317,16,0.024310488966395084,0.1829467997761968,0.09484486507797388,0.027499814576832208,0.08501599200552935,0.09730357387387953,0.00026220043722828405,16,143,0.05942990846044723,0.17705212403651896,True,True,True,1.7523466012847836e-08,COMPLETE
977,0.4229732394218445,2025-04-15 15:18:46.108573,2025-04-15 15:18:54.385995,0 days 00:00:08.277422,0.5493853187718474,0.6857275990239623,16,0.032055160721770566,0.18401424188270418,0.09477209088014955,0.02528172955350996,0.08478370715246275,0.09661568997429756,0.0002637605373814914,16,136,0.05975246218626444,0.17841677067767595,True,True,True,1.7809111017447373e-08,COMPLETE
978,0.42813470363616946,2025-04-15 15:18:54.709326,2025-04-15 15:19:03.047737,0 days 00:00:08.338411,0.5137183680550178,0.7499432473324009,16,0.026656741549494094,0.17722844902460244,0.09501314566520429,0.027539178322998552,0.0833827468041355,0.0976042033870089,0.0002630327309067841,16,141,0.060246684054333845,0.1760430968288876,True,True,True,1.3292996022484924e-08,COMPLETE
979,0.38179234266281126,2025-04-15 15:19:03.355842,2025-04-15 15:19:11.574424,0 days 00:00:08.218582,0.5035136308384193,0.7486659192202577,16,0.041839426486469114,0.17945893029190813,0.09515341387819974,0.027138536465508744,0.08274032836913196,0.09816003872768797,0.0002691648686837651,15,141,0.05993743826914119,0.18379781283070556,True,True,True,1.0924050969889422e-08,COMPLETE
980,0.4253206968307496,2025-04-15 15:19:11.894710,2025-04-15 15:19:20.031600,0 days 00:00:08.136890,0.5604208551318053,0.7218214536619534,16,0.036542825340437096,0.17737451933506393,0.09521876123255914,0.027801009447607394,0.08452401786122463,0.09780126756949649,0.0002614185636439429,15,139,0.06014501902617046,0.18668751292300775,True,True,True,1.794768209593223e-08,COMPLETE
981,0.42742203474044804,2025-04-15 15:19:20.350021,2025-04-15 15:19:28.578319,0 days 00:00:08.228298,0.5409292989940881,0.7420421441148976,16,0.029441107327808816,0.1726100887479578,0.09663169669544187,0.028566214359524493,0.08290833381758236,0.09680854689405392,0.00024821318693971854,15,143,0.05963506998165025,0.17499452777356778,True,True,True,1.5347559093306176e-08,COMPLETE
982,0.42845567464828493,2025-04-15 15:19:28.898896,2025-04-15 15:19:37.298680,0 days 00:00:08.399784,0.535032498363622,0.7317412603238952,16,0.03222190949155864,0.16922379409144805,0.09564384611263532,0.025785481914348048,0.08372081471531126,0.09659310441418188,0.00024527280372887365,16,142,0.06034506666031441,0.18459774671873466,True,True,True,1.3730098103398535e-08,COMPLETE
983,0.3969227075576782,2025-04-15 15:19:37.623349,2025-04-15 15:19:45.786035,0 days 00:00:08.162686,0.5392463604671109,0.7305727362053505,16,0.04393562607853502,0.1626943747445849,0.09603830116030132,0.0271571474439118,0.08345203671785581,0.09762681122203526,0.00023903946152080516,15,138,0.06014522380045529,0.1844071335954482,True,True,True,1.361617053928664e-08,COMPLETE
984,0.42742038965225215,2025-04-15 15:19:46.112226,2025-04-15 15:19:54.342808,0 days 00:00:08.230582,0.5379823925361685,0.7064248492757402,16,0.03266070836824792,0.1701927027080497,0.09458073211230338,0.026105589216034022,0.0828491751379038,0.09774878899130916,0.0002583300492949093,15,143,0.06092101793958503,0.18289825635986726,True,True,True,1.1931235708926756e-08,COMPLETE
985,0.42503038644790647,2025-04-15 15:19:54.654601,2025-04-15 15:20:02.829854,0 days 00:00:08.175253,0.5741190629112244,0.6910831845339993,16,0.04213776150975934,0.16605633397736627,0.0950998178468078,0.02315836064129061,0.08261377958732516,0.0985310037123586,0.00025469614695725924,15,142,0.061056021042980725,0.1820003939410564,True,True,True,1.0533390641151563e-08,COMPLETE
986,0.4270273327827454,2025-04-15 15:20:03.153308,2025-04-15 15:20:11.223406,0 days 00:00:08.070098,0.5389731217996055,0.695190799247257,16,0.03612436814001464,0.17040756823629857,0.09464260919539037,0.026707567796701748,0.08237473735258108,0.09817889533904524,0.00023238690102450065,15,135,0.06166135372137295,0.18396216764773332,True,True,True,1.1147192369844623e-08,COMPLETE
987,0.39055830240249634,2025-04-15 15:20:11.543593,2025-04-15 15:20:19.741968,0 days 00:00:08.198375,0.5436568415252729,0.7274752216555175,16,0.0460916019421614,0.16976579481546178,0.09463781463660446,0.02594226922691869,0.08335871780992907,0.09851112092307927,0.00023022129061214862,15,144,0.06284827572485165,0.18506310839645895,True,True,True,1.465510278288512e-08,COMPLETE
988,0.42621142864227296,2025-04-15 15:20:20.071013,2025-04-15 15:20:28.181898,0 days 00:00:08.110885,0.5347682327560945,0.703522961159614,16,0.03727594242401322,0.1720395037454968,0.09657178980184472,0.027990465097810793,0.0850941544394086,0.09996273050586743,0.00026734272098618645,15,135,0.06164893022132842,0.18594839918616957,True,True,True,1.48390922111794e-08,COMPLETE
989,0.3918183207511902,2025-04-15 15:20:28.508008,2025-04-15 15:20:36.550091,0 days 00:00:08.042083,0.5303623965005282,0.6990544829329123,16,0.04944203681347713,0.17226797935418334,0.09687713810622439,0.02856984964273945,0.08505729110081056,0.09968467180646043,0.0002511520110207591,15,134,0.06258874420265347,0.1890647867110095,True,True,True,1.060255400516834e-08,COMPLETE
990,0.41961404085159304,2025-04-15 15:20:36.861729,2025-04-15 15:20:44.858178,0 days 00:00:07.996449,0.5633760211191764,0.6663653761009508,16,0.04083263656450288,0.1673891424365573,0.0949055726339612,0.024871953357166583,0.08464243186413342,0.09964014241116245,0.00023258513717690755,15,132,0.0644307993697324,0.1873667575637227,True,True,True,1.3062296301422201e-08,COMPLETE
991,0.42789521217346194,2025-04-15 15:20:45.181435,2025-04-15 15:20:53.280851,0 days 00:00:08.099416,0.5840474953141527,0.6935799524031044,16,0.03668306775831302,0.17389599522817645,0.09665548777864,0.028419276973447538,0.08214241095711002,0.09779636452606684,0.00022620136785311628,15,138,0.06187573628711804,0.18359040150178288,True,True,True,1.619619848828759e-08,COMPLETE
992,0.41206810474395755,2025-04-15 15:20:53.608382,2025-04-15 15:21:01.737764,0 days 00:00:08.129382,0.568802220071295,0.6811233348107313,16,0.048332549855947496,0.17232274368772296,0.09525496214810185,0.02130950144737972,0.08217979122241775,0.09979965786856196,0.00022765921372608288,15,136,0.0647785925146952,0.18495646497451781,True,True,True,1.5282368635289602e-08,COMPLETE
993,0.426924467086792,2025-04-15 15:21:02.063065,2025-04-15 15:21:10.091915,0 days 00:00:08.028850,0.6035991668808937,0.6920693978704417,16,0.0373448529791611,0.17530856066792916,0.09672503957720135,0.02725863118769873,0.08497650263855457,0.09803898754891938,0.00022759352074190392,15,134,0.06219089946325051,0.18634033926166893,True,True,True,1.0190246465338244e-08,COMPLETE
994,0.39525067806243896,2025-04-15 15:21:10.424306,2025-04-15 15:21:18.524034,0 days 00:00:08.099728,0.5903473056016373,0.7023016143202742,16,0.052640742410733264,0.17564363987232876,0.09695504818389818,0.02332972459698997,0.08489296327530371,0.09800976136999497,0.0002359623534737546,15,133,0.06347106890756259,0.19058011023615698,True,True,True,1.0416029642163275e-08,COMPLETE
995,0.4082881689071655,2025-04-15 15:21:18.851847,2025-04-15 15:21:26.977838,0 days 00:00:08.125991,0.587966797710686,0.6614080071809427,16,0.0446211554215147,0.162148555259745,0.09677825635456339,0.02699011113614941,0.08310706900147032,0.09992966493411176,0.00021622535762082007,15,138,0.06786366933781017,0.18809518289690924,True,True,True,1.6442272488523923e-08,COMPLETE
996,0.24070281982421876,2025-04-15 15:21:27.290085,2025-04-15 15:21:35.361218,0 days 00:00:08.071133,0.6157572808786073,0.7000338111970454,16,0.05582862762626434,0.1685107444703942,0.09503916028149362,0.028261655127765597,0.08559640289414389,0.09742311401070151,0.00022131169496872303,15,137,0.06507646063594436,0.1938624701235489,True,True,False,1.2867961402224149e-08,COMPLETE
997,0.40880870819091797,2025-04-15 15:21:35.684327,2025-04-15 15:21:43.849154,0 days 00:00:08.164827,0.6503671613498252,0.6746079463419319,16,0.040686173495189645,0.17526028282027376,0.09708567548308596,0.026114965406959578,0.08249556627179828,0.09996934803646516,0.00021924378703246902,15,140,0.06599451751145236,0.18199448425258455,True,True,True,1.8565122082313636e-08,COMPLETE
998,0.4249030113220215,2025-04-15 15:21:44.175549,2025-04-15 15:21:52.189297,0 days 00:00:08.013748,0.5350275127398122,0.7024714540732617,16,0.03959618551573148,0.18007553907119944,0.09503873564956389,0.024766744849735862,0.08501775606110262,0.0975655117655633,0.0002635220243070646,15,135,0.06268051829903953,0.18332146963000245,True,True,True,1.4177419793972077e-08,COMPLETE
999,0.42458310127258303,2025-04-15 15:21:52.516439,2025-04-15 15:22:00.565636,0 days 00:00:08.049197,0.5569752310505688,0.6859063482511253,16,0.03602708204583892,0.1694325285122569,0.09765401821315906,0.028681298470866777,0.08080774317975788,0.09733038295044043,0.00021471828557417027,15,129,0.06206166228655575,0.18650659641234799,True,True,True,1.0260175193194923e-08,COMPLETE
1000,0.38036876916885376,2025-04-15 15:22:00.898135,2025-04-15 15:22:09.161455,0 days 00:00:08.263320,0.5356046998763758,0.7228980271929583,16,0.048224989351867656,0.18042857232284334,0.09441883385374694,0.026764269869739978,0.0831392741879817,0.09747991328807849,0.0002569702128786267,16,139,0.06251845505157894,0.18158022963062323,True,True,True,1.7037450493097494e-08,COMPLETE
1001,0.4143645763397217,2025-04-15 15:22:09.490135,2025-04-15 15:22:17.456041,0 days 00:00:07.965906,0.581395171499266,0.7040770835968094,16,0.037787245635476495,0.16361280644329576,0.09688637394712477,0.029379625498296116,0.08498240202243279,0.09834640303148333,0.0002655703432066612,14,135,0.06668662432882945,0.19180172247617272,True,True,True,1.4971452075193815e-08,COMPLETE
1002,0.42509891986846926,2025-04-15 15:22:17.772096,2025-04-15 15:22:25.965267,0 days 00:00:08.193171,0.5626333807993649,0.7238728954923321,16,0.0377684135416532,0.17535893513531442,0.09832829098691756,0.022593953041374952,0.08062387545458037,0.0979083356901663,0.00021573751651874967,15,142,0.06169475950627382,0.17944170757664774,True,True,True,1.261812647368971e-08,COMPLETE
1003,0.4185515284538269,2025-04-15 15:22:26.291036,2025-04-15 15:22:34.362558,0 days 00:00:08.071522,0.6015552940080897,0.6921845408925555,16,0.037003367570541255,0.18094641424906854,0.09454522343372422,0.024870680843686516,0.08339477606387007,0.09973455664869944,0.00026254026567132155,16,130,0.06414174503280273,0.18714950867829366,True,True,True,1.0000771237820522e-08,COMPLETE
1004,0.41670912504196167,2025-04-15 15:22:34.693857,2025-04-15 15:22:42.998910,0 days 00:00:08.305053,0.6253884814852958,0.6567985572496066,16,0.04246560791430057,0.17126659610519046,0.09589756407932952,0.028147288883226353,0.08487400663958383,0.0967005955713037,0.00021651882539942976,16,138,0.06133504794021742,0.18017364721866755,True,True,True,2.062681111511921e-08,COMPLETE
1005,0.3975972294807434,2025-04-15 15:22:43.327918,2025-04-15 15:22:51.522606,0 days 00:00:08.194688,0.5291744250965804,0.7041365980380989,16,0.04469380607641301,0.18189971263738597,0.09821067536709654,0.030342198172822684,0.08110231521504256,0.09721830351814564,0.0002769720904325622,15,143,0.06138012878380664,0.17654911874015108,True,True,True,1.2500418365710547e-08,COMPLETE
1006,0.4223855018615723,2025-04-15 15:22:51.855877,2025-04-15 15:22:59.847326,0 days 00:00:07.991449,0.5734059630526036,0.7180125278303433,16,0.033890540367746615,0.16018865301123844,0.09417130314860625,0.026153419565410178,0.08281083475115646,0.0980381527798117,0.00021339912276917752,14,140,0.06269794093470796,0.19535096964547521,True,True,True,1.7099641707693204e-08,COMPLETE
1007,0.41221606731414795,2025-04-15 15:23:00.180488,2025-04-15 15:23:08.401323,0 days 00:00:08.220835,0.5445733421486727,0.6398622230361184,16,0.04954797694858771,0.17343938116661556,0.09717952035903507,0.027917586328846385,0.08544569367080249,0.09669022242588596,0.000284353898256396,15,144,0.0642771540698701,0.18837636759549425,True,True,True,1.3811901294208328e-08,COMPLETE
1008,0.42429713010787967,2025-04-15 15:23:08.717192,2025-04-15 15:23:16.967001,0 days 00:00:08.249809,0.5168191645215319,0.7326351774376149,16,0.034426463820672444,0.16601769918045928,0.09631193402352847,0.023635664405078895,0.08146659553789476,0.09830726701199813,0.00024293656354842968,16,135,0.06077408584596378,0.17570729410446662,True,True,True,1.766211924325508e-08,COMPLETE
1009,0.424177634716034,2025-04-15 15:23:17.294085,2025-04-15 15:23:25.438387,0 days 00:00:08.144302,0.6036187731413647,0.7123671555428822,16,0.03946196979500417,0.17739344026342432,0.09438070024059468,0.03045172996004927,0.08378306513221437,0.09631746315433798,0.0001944976530836867,16,131,0.06607541191095556,0.18459950995571936,True,True,True,1.2472835306808782e-08,COMPLETE
1010,0.32492778301239017,2025-04-15 15:23:25.771051,2025-04-15 15:23:33.824205,0 days 00:00:08.053154,0.5228396865520639,0.6652474623682512,16,0.06694915574166477,0.18604807165010145,0.09673719024858227,0.026731626618408985,0.08559267983968112,0.09645141351018857,0.0002801519796651044,15,138,0.060967082834472844,0.1957209189779422,True,True,True,2.207942090666937e-08,COMPLETE
1011,0.42618005275726323,2025-04-15 15:23:34.155594,2025-04-15 15:23:42.499352,0 days 00:00:08.343758,0.546864896914172,0.743496520673428,16,0.03454088445942961,0.1694404225055009,0.0985735913994539,0.029584053265513156,0.08025113509848214,0.09888909225711812,0.00020466075597419178,16,143,0.06036566364665682,0.1743156150594325,True,True,True,1.4699329450402283e-08,COMPLETE
1012,0.41164453029632575,2025-04-15 15:23:42.831048,2025-04-15 15:23:50.834009,0 days 00:00:08.002961,0.5144425914037917,0.6906131713354087,16,0.044874825415763854,0.17663432837390178,0.09407290237209942,0.024458471935633427,0.08253984311686426,0.09841803535761966,0.00024873477283643923,14,141,0.06318188775457267,0.17964546152411104,True,True,True,1.0181677489583564e-08,COMPLETE
1013,0.4281590700149537,2025-04-15 15:23:51.165736,2025-04-15 15:23:59.377064,0 days 00:00:08.211328,0.5670073570876537,0.7357990701774586,16,0.03468823928442985,0.18235771756080962,0.09824924377552428,0.028568597430658975,0.08553684317394958,0.099969682122678,0.0002925641746190611,15,145,0.05989712127369767,0.1852429636887615,True,True,True,1.646514077393611e-08,COMPLETE
1014,0.3822622299194336,2025-04-15 15:23:59.694970,2025-04-15 15:24:07.763692,0 days 00:00:08.068722,0.552915165064078,0.7430345754687397,16,0.044621895114245184,0.18218073495572185,0.09988034453697303,0.028687641705472965,0.08376749990673127,0.0983909532017759,0.0002963821128513536,14,144,0.0595612861771723,0.1875945914457982,True,True,True,1.9283678829562435e-08,COMPLETE
1015,0.23403016328811646,2025-04-15 15:24:08.092487,2025-04-15 15:24:16.290864,0 days 00:00:08.198377,0.5788696128760706,0.7154227586704216,16,0.058106674509669096,0.181353564764726,0.0980598643394963,0.030795026394487505,0.08073931991781934,0.09958688537335622,0.00030037185907452746,15,145,0.059580757225648845,0.19968808866766843,True,True,False,1.590958643553216e-08,COMPLETE
1016,0.4172719120979309,2025-04-15 15:24:16.623306,2025-04-15 15:24:24.985982,0 days 00:00:08.362676,0.6032551972518619,0.6802907962095278,16,0.037836610610848094,0.17451858708003934,0.09996813262803107,0.026602564087700294,0.08540558027663554,0.09619066154367825,0.00023924382954614197,16,146,0.06354471479623898,0.19119313054436568,True,True,True,1.9138543489489392e-08,COMPLETE
1017,0.4265018224716186,2025-04-15 15:24:25.317255,2025-04-15 15:24:33.493697,0 days 00:00:08.176442,0.5582737937653505,0.7402948610053546,16,0.034589351012304405,0.16455435545852953,0.09649330567634451,0.027791624309850937,0.08236662298108925,0.09910522222310007,0.0003011709654619903,15,140,0.05960356101226388,0.18505562190984293,True,True,True,1.476459863376422e-08,COMPLETE
1018,0.36549263000488286,2025-04-15 15:24:33.826816,2025-04-15 15:24:41.973082,0 days 00:00:08.146266,0.5762972469714323,0.7362958251978952,16,0.05318159099967962,0.16071251855014246,0.09660733731191481,0.02115505552727258,0.08015969683289448,0.09988438104871969,0.0003046225697446782,15,139,0.05980708946310876,0.18491363642546613,True,True,True,1.36466311799109e-08,COMPLETE
1019,0.42313326597213746,2025-04-15 15:24:42.309576,2025-04-15 15:24:50.203761,0 days 00:00:07.894185,0.5587819670877229,0.7195679223275598,16,0.041729045522603814,0.17012187053301367,0.09719269777253656,0.027918414879029362,0.08231743561088374,0.09958736599846349,0.0003024270258626418,14,134,0.059787318780167624,0.19558251411583094,True,True,True,1.2512352140750793e-08,COMPLETE
1020,0.37194622755050666,2025-04-15 15:24:50.526254,2025-04-15 15:24:58.683795,0 days 00:00:08.157541,0.5168869634806762,0.7520325802288927,16,0.04905376855286854,0.16661325163870927,0.09834744752439536,0.024881003508181582,0.080018517781032,0.09966362791701841,0.0002915486647023462,15,141,0.06924120716899093,0.18060127342851598,True,True,True,1.0006917289615412e-08,COMPLETE
1021,0.4232686281204224,2025-04-15 15:24:59.014638,2025-04-15 15:25:07.133660,0 days 00:00:08.119022,0.5399613028753862,0.7351579391318941,16,0.03686758376610165,0.18536636929791356,0.09600304790551703,0.031406938182132194,0.08229288497339685,0.09992986398953178,0.0003164198235061019,15,137,0.06229650622430465,0.19211556226951668,True,True,True,2.1770194992241074e-08,COMPLETE
1022,0.29161952733993535,2025-04-15 15:25:07.475327,2025-04-15 15:25:15.880774,0 days 00:00:08.405447,0.5299957621381232,0.708619371062608,16,0.034531847347907936,0.1754671736064456,0.09801878556405594,0.028475214633546332,0.08356064272993148,0.09742257612374329,0.06274373427907279,16,143,0.06155011829952111,0.1828109068557725,True,True,True,1.6432681614262258e-08,COMPLETE
1023,0.40836926698684695,2025-04-15 15:25:16.218136,2025-04-15 15:25:24.578973,0 days 00:00:08.360837,0.5933526624424968,0.7492047728030465,16,0.04220391465369954,0.1584788878888326,0.0999113989236475,0.026705790759337707,0.08192066857055366,0.09998201115404544,0.0002481100019175158,16,140,0.06487132734799442,0.17733636484145035,True,True,True,1.3275468047665796e-08,COMPLETE
1024,0.4234956026077271,2025-04-15 15:25:24.917550,2025-04-15 15:25:32.898690,0 days 00:00:07.981140,0.5539008615386343,0.6870395469350942,16,0.03400647396012702,0.1670614844055616,0.09573501668560311,0.02258165518801014,0.0796998213291148,0.09682060180870743,0.00031183916712760397,15,128,0.05923200292028848,0.18580531389767813,True,True,True,2.0414940412843718e-08,COMPLETE
