number,value,datetime_start,datetime_complete,duration,params_alpha-eval,params_alpha-train,params_batch-size,params_eps-eval,params_eps-train,params_lambda-actions-eval,params_lambda-actions-train,params_lambda-frames-eval,params_lambda-frames-train,params_learning-rate,params_n-epochs,params_n-frames,params_radius-gw,params_rho,params_std-feats,params_ub-actions,params_ub-frames,params_weight-decay,state
170,0.2632089972496033,2025-04-15 13:20:32.535331,2025-04-15 13:20:45.864084,0 days 00:00:13.328753,0.7996159060078394,0.8169559935742107,2,0.011749869897655755,0.11703691017041176,0.003988880365689855,0.09733891802589713,0.05690701717044448,0.03218155449600172,0.0008542673743319153,11,99,0.05587106904815235,0.2800792036264405,False,False,False,0.0005089096072065637,COMPLETE
171,0.39891595840454097,2025-04-15 13:20:45.921160,2025-04-15 13:20:58.936650,0 days 00:00:13.015490,0.751554534057258,0.886724872860984,2,0.024587642997223155,0.16235436071640738,0.008334389067013684,0.08087694203062439,0.059667355483632084,0.020953092611376383,0.002306629194615725,13,102,0.05121266428755753,0.277475937879358,False,False,True,0.0001994393769097897,COMPLETE
172,0.31410372257232666,2025-04-15 13:20:59.000974,2025-04-15 13:21:11.455083,0 days 00:00:12.454109,0.7713095152248689,0.8646216422174102,2,0.018058189240759977,0.14214314785261373,0.005795164836255749,0.09535628220593595,0.06681132977103632,0.01712899461934863,0.001495712688870312,12,84,0.06168425241689752,0.2597916925751939,False,False,True,0.00013087638645406237,COMPLETE
173,0.1914174318313599,2025-04-15 13:21:11.510648,2025-04-15 13:21:25.038713,0 days 00:00:13.528065,0.8160215711687865,0.8343945749531645,2,0.18449471322672906,0.12830353736153519,0.0011781372848930355,0.08984448399806141,0.0710585314062479,0.023562970965076046,0.001791353181451917,14,96,0.06599437357042755,0.2921877435366403,False,False,True,8.94047342733249e-05,COMPLETE
174,0.3954058289527893,2025-04-15 13:21:25.098771,2025-04-15 13:21:37.592301,0 days 00:00:12.493530,0.7139219349221191,0.8978500556287179,2,0.02508088380593452,0.15397365295374899,0.011126146696106197,0.0995140615364865,0.06395744948292517,0.027497013475868252,0.001155687140755099,12,90,0.05403512105474365,0.28660954675671296,False,False,True,0.0003988329290217299,COMPLETE
175,0.4017170310020447,2025-04-15 13:21:37.648941,2025-04-15 13:21:50.810120,0 days 00:00:13.161179,0.7901169480334649,0.8470691073461486,2,0.03348782570726601,0.1333753347471022,0.00783741552640075,0.09723437779704795,0.060685958671457416,0.030207653044599648,0.0010054502517759985,13,100,0.05982631167056816,0.10742588933975558,False,False,True,0.00016622615297947488,COMPLETE
176,0.30064151287078855,2025-04-15 13:21:50.866745,2025-04-15 13:22:02.797720,0 days 00:00:11.930975,0.7450510919711877,0.8090999528140042,2,0.017440895567962425,0.1480186419050829,0.004467170291482528,0.09419573554775504,0.06922133459378788,0.02556806667433099,0.0027849188169836504,11,92,0.06259316119699922,0.215939684449946,False,False,True,0.00026298091732668245,COMPLETE
177,0.2048193633556366,2025-04-15 13:22:02.856051,2025-04-15 13:22:09.613508,0 days 00:00:06.757457,0.7759055618714064,0.9508920161109993,16,0.008072882981863552,0.13735035256129932,0.009062040817585826,0.07418415815969504,0.05294130937257975,0.017848824715053693,0.0013656914623291399,10,94,0.004607448344805268,0.1348550525911897,True,False,True,0.0006293793243699016,COMPLETE
178,0.3787188053131104,2025-04-15 13:22:09.672301,2025-04-15 13:22:20.592245,0 days 00:00:10.919944,0.8280915643955491,0.8707505975064773,2,0.04504278713720243,0.12701958884578118,0.002744509525242576,0.0999384498956822,0.056714435946773285,0.02066881110251587,0.0021789787699005156,9,97,0.068447793924713,0.23864929133643056,False,False,True,0.00015604505927098761,COMPLETE
179,0.3890653014183045,2025-04-15 13:22:20.649401,2025-04-15 13:22:33.779915,0 days 00:00:13.130514,0.7324846541634247,0.9217895717155506,2,0.02687342651420707,0.1674818519649455,0.014188841810634508,0.06856924898547394,0.06220461717046267,0.015332270324345067,4.0969559639155825e-05,13,103,0.06483945620795735,0.11578365494267587,False,False,True,0.00011193615022242405,COMPLETE
180,0.3895986318588257,2025-04-15 13:22:33.840206,2025-04-15 13:22:46.461445,0 days 00:00:12.621239,0.6963601748277473,0.8223587063344296,2,0.03819844018481997,0.11846566133169265,0.006088626613216213,0.0911917842855549,0.06576001700363643,0.02368218700594774,0.0018155603184409582,12,89,0.0668508704197943,0.09267944573271464,False,True,True,4.526528204453486e-05,COMPLETE
181,0.40193787813186643,2025-04-15 13:22:46.529231,2025-04-15 13:22:58.391391,0 days 00:00:11.862160,0.7563801744625698,0.8320632833746354,2,0.0323542338452058,0.12244294267184662,0.009565062967135201,0.08451256937588653,0.05340885762515208,0.020690672508962497,0.0006798813236116179,11,79,0.06341142011367407,0.1188879121715974,False,False,True,7.209940599133907e-05,COMPLETE
182,0.4158985733985901,2025-04-15 13:22:58.450865,2025-04-15 13:23:09.871671,0 days 00:00:11.420806,0.7732273623926812,0.8491446023416145,2,0.029764672745150017,0.14337046370950737,0.01126090925911322,0.08291410336426709,0.0551874196963249,0.018498705854708506,0.0006204412385933584,10,86,0.06498417056887386,0.10450798035965539,False,False,True,8.393782160562227e-05,COMPLETE
183,0.39968267679214475,2025-04-15 13:23:09.930786,2025-04-15 13:23:21.392422,0 days 00:00:11.461636,0.7979139793108777,0.8573683883462009,2,0.019159620789091503,0.1416905200622653,0.012022894510062812,0.07894149503559124,0.05545338784532631,0.014187116371748689,0.0009979313780411087,10,83,0.059615891250357295,0.10230970639730204,False,False,True,0.00022834210285638297,COMPLETE
184,0.18805102705955506,2025-04-15 13:23:21.451705,2025-04-15 13:23:33.992776,0 days 00:00:12.541071,0.7784628833402069,0.887532687618281,2,0.02223030459875058,0.15697017555146875,0.006975093188168279,0.08248742540041945,0.057424402264954315,0.03568335984901331,0.004165222277738626,12,86,0.01659713265754429,0.20272043961739467,False,False,True,9.185785995413958e-05,COMPLETE
185,0.40744891166687014,2025-04-15 13:23:34.054496,2025-04-15 13:23:44.547713,0 days 00:00:10.493217,0.8104461497328391,0.9071705101891658,2,0.014350231013869794,0.149925819789971,0.004127268507798961,0.09674693500264914,0.05925576181672903,0.018032146349727947,0.0005423359608085726,8,106,0.06551140934996028,0.10979986056488424,False,False,True,0.00011941791277310238,COMPLETE
186,0.18814098834991455,2025-04-15 13:23:44.608748,2025-04-15 13:23:55.003040,0 days 00:00:10.394292,0.8147346224150153,0.9059722395675773,2,0.2028257484047462,0.14918777181927828,0.0041794215616979625,0.0969560512968746,0.058480367407586345,0.01726335007553834,0.0007616541497555899,8,107,0.06928430643468875,0.10462459845478879,False,False,True,3.255101649106636e-05,COMPLETE
187,0.395998215675354,2025-04-15 13:23:55.065538,2025-04-15 13:24:04.366575,0 days 00:00:09.301037,0.8754356532545792,0.8002254719812463,2,0.012498158905578136,0.13157239155602574,0.0028969551906918405,0.09336568737099582,0.05951807082547589,0.012434350436537723,0.00050997968600622,6,98,0.07174019398522492,0.2644241204373876,False,False,True,0.00012119665167666612,COMPLETE
188,0.3112538576126099,2025-04-15 13:24:04.427117,2025-04-15 13:24:14.753007,0 days 00:00:10.325890,0.8523535320056451,0.8515260312399651,2,0.004562229677344185,0.16070664832105783,0.010582120860213762,0.0883639909764742,0.06103722722872714,0.0181660812073109,0.0012104365531020829,8,88,0.061916362996089,0.10891511042800274,False,False,True,8.004186775739678e-05,COMPLETE
189,0.34595599174499514,2025-04-15 13:24:14.813961,2025-04-15 13:24:25.741531,0 days 00:00:10.927570,0.8386068892312175,0.9441163777786069,2,0.05640761009043302,0.14428161709315093,0.0013048224087424199,0.09554553545431332,0.0551653625434592,0.009554757949719783,0.0005607215700465029,9,91,0.06690273513483325,0.0893784585132233,False,False,True,0.00015943226939400552,COMPLETE
190,0.3938679218292237,2025-04-15 13:24:25.811354,2025-04-15 13:24:37.726749,0 days 00:00:11.915395,0.8034536776586395,0.9732515493985717,2,0.02832622264427558,0.10825280879936823,0.0056818015074268395,0.09806405469554591,0.04756247580200054,0.015384035155737833,0.0003215579056661553,11,95,0.06534149556733762,0.09510522968634266,False,False,True,0.00020805415203771366,COMPLETE
191,0.3077486634254456,2025-04-15 13:24:37.789776,2025-04-15 13:24:50.808685,0 days 00:00:13.018909,0.7502747135077998,0.8745613735936623,2,0.016760119737353404,0.13813133281208526,0.007424255673885507,0.0963759659730194,0.06388531587611075,0.022515739141330073,0.0003628087572050271,13,104,0.06426893438637603,0.29986112101332973,False,False,True,0.00011809393592438733,COMPLETE
192,0.4028056263923645,2025-04-15 13:24:50.869965,2025-04-15 13:25:04.288907,0 days 00:00:13.418942,0.7660162897688695,0.917925705851336,2,0.02565348253110243,0.15223957040871955,0.008654112756741803,0.07721825710467203,0.05777009783820565,0.02655803743770931,0.0008261361385886411,14,93,0.06732690682508638,0.11302039607386329,False,False,True,6.0477232394534976e-05,COMPLETE
193,0.4050214529037476,2025-04-15 13:25:04.349940,2025-04-15 13:25:16.989035,0 days 00:00:12.639095,0.7170842977535894,0.840838913250145,2,0.021503819752427072,0.1410058115829604,0.004658064588565831,0.09989652012150763,0.061813733675441955,0.028652413526673835,0.0014061089017298697,12,100,0.060972364272032974,0.1299742188060596,False,False,True,0.0009553153856826273,COMPLETE
194,0.3713360667228699,2025-04-15 13:25:17.051231,2025-04-15 13:25:29.585276,0 days 00:00:12.534045,0.7193311988324984,0.8389540771675087,2,0.012863215612409728,0.13444871337944836,0.004040432673572337,0.09992537350372502,0.06145584714723167,0.029898384554233957,0.0009495186047623288,12,101,0.060850034820440435,0.12617535217144937,False,False,True,0.000964106871275314,COMPLETE
195,0.4004472017288208,2025-04-15 13:25:29.649630,2025-04-15 13:25:41.060463,0 days 00:00:11.410833,0.6480177076165252,0.811549047839411,2,0.03144871437822809,0.14656986445491751,0.005529609270378739,0.09794556762566178,0.059861964700437434,0.019213206274997407,0.0014146696493010588,10,85,0.058515425766166335,0.1299558920513478,False,False,True,0.0008494245621503657,COMPLETE
196,0.39708498716354373,2025-04-15 13:25:41.124613,2025-04-15 13:25:53.115591,0 days 00:00:11.990978,0.686070603885993,0.8591335763854595,2,0.02211170910212683,0.125311507449894,0.01124803400883137,0.09153331723355437,0.06308576456356378,0.028184147620591342,0.0011401026921977362,11,97,0.055131216713829145,0.11075194209501764,False,False,True,0.00030654607992826533,COMPLETE
197,0.37776399850845344,2025-04-15 13:25:53.180487,2025-04-15 13:26:05.662530,0 days 00:00:12.482043,0.7336420704927574,0.7634462369544585,2,0.039796738526946054,0.11292479614858672,0.002652409428873315,0.09442379561186341,0.06567378325328779,0.02474184807640245,0.0007067885456411123,12,106,0.052484305018286374,0.07008090854780957,False,False,True,0.0005887129477816367,COMPLETE
198,0.31859204769134525,2025-04-15 13:26:05.735740,2025-04-15 13:26:17.694295,0 days 00:00:11.958555,0.7946369419483955,0.8289968922125869,2,0.007473304845301308,0.130587283964605,0.009033380372606963,0.09805399241920983,0.05646699465336584,0.03293161178163587,0.0015426265190886098,11,89,0.06311741269435349,0.09939170235316305,False,False,True,0.0004379518955668106,COMPLETE
199,0.2627920269966125,2025-04-15 13:26:17.759800,2025-04-15 13:26:30.296222,0 days 00:00:12.536422,0.7089784051677044,0.7932810487226698,2,0.015553466903947334,0.14034926209011117,0.013690720591703176,0.09993050575642773,0.014931378475328563,0.028679311578552174,0.005168608974765712,12,101,0.048870132462932675,0.10407727845173488,False,False,True,0.0001298083434507428,COMPLETE
200,0.41045159101486206,2025-04-15 13:26:30.360477,2025-04-15 13:26:43.457285,0 days 00:00:13.096808,0.7831260123861634,0.883813472211143,2,0.02786643912641481,0.15451606245163885,0.0062939780814952285,0.09595402150757587,0.0501018621330276,0.01629603059854601,0.0029789861971368393,13,93,0.06060677734262086,0.161930427710041,False,False,True,9.518744195591476e-05,COMPLETE
201,0.4063225507736206,2025-04-15 13:26:43.522782,2025-04-15 13:26:57.104430,0 days 00:00:13.581648,0.7854696221662,0.8892982432092456,2,0.027985988745535376,0.15773730225192178,0.0062430149986903395,0.09596811680227207,0.04989309170499116,0.016182802161070035,0.003756129816012336,14,92,0.0614467440095312,0.1729046717459888,False,False,True,8.963373609364039e-05,COMPLETE
202,0.40043075084686275,2025-04-15 13:26:57.169990,2025-04-15 13:27:10.195112,0 days 00:00:13.025122,0.8246544158480301,0.8919444501480177,2,0.03498319297360421,0.15726918125522538,0.005549169738634291,0.09579502928533408,0.05075378100717612,0.013581442688428265,0.003288083724590215,13,93,0.06105984728657077,0.16512475031885587,False,False,True,9.917428352644955e-05,COMPLETE
203,0.4075084209442139,2025-04-15 13:27:10.260266,2025-04-15 13:27:22.782287,0 days 00:00:12.522021,0.7821572157432003,0.9134153507503936,2,0.028005470736079254,0.15187974604629856,0.004525190547520007,0.09289049222589464,0.04297541092815016,0.016435016869508608,0.006121157900951232,12,89,0.06369687457093544,0.17852108807628198,False,False,True,8.296850087670296e-05,COMPLETE
204,0.40975079536437986,2025-04-15 13:27:22.848381,2025-04-15 13:27:35.861554,0 days 00:00:13.013173,0.776472984660326,0.9314945655939425,2,0.029591915959756868,0.15192872188112855,0.001006704100754723,0.09283907184550652,0.04320317925693412,0.016067591229760463,0.0039539173546050575,13,88,0.06302240927184732,0.1831666859171775,False,False,True,8.303336427777005e-05,COMPLETE
205,0.4088020324707031,2025-04-15 13:27:35.941105,2025-04-15 13:27:49.546629,0 days 00:00:13.605524,0.7832885209259373,0.9320899538013929,2,0.02953194539146658,0.16339311199654563,0.0016527171116353866,0.09274530614045967,0.042248292994044756,0.011051690711184838,0.003565951653973863,14,83,0.06303551789908442,0.1787768676419091,False,False,True,6.865118514447243e-05,COMPLETE
206,0.38513866662979124,2025-04-15 13:27:49.614077,2025-04-15 13:28:03.162975,0 days 00:00:13.548898,0.7878417170972967,0.929469632376064,2,0.04334815076004387,0.16441542376013002,0.001053665612812533,0.09021261448935093,0.044126788498891,0.01645365879427972,0.004212171499131732,14,81,0.06264106123032831,0.17730271175282464,False,False,True,7.674383281595969e-05,COMPLETE
207,0.2647433757781983,2025-04-15 13:28:03.230591,2025-04-15 13:28:17.924336,0 days 00:00:14.693745,0.7787386267519398,0.9041385537812208,2,0.03207514132404191,0.15627460822266157,0.0027920306289789154,0.09275362520397877,0.041761031415264646,0.015058026686578222,0.003653238956173114,13,84,0.06570030650323459,0.18728622962597893,False,False,False,5.665478100458013e-05,COMPLETE
208,0.20488372445106506,2025-04-15 13:28:17.992253,2025-04-15 13:28:31.482308,0 days 00:00:13.490055,0.8130784237273536,0.9156313867056747,2,0.16562632469012778,0.15260283457402535,0.00210015433044987,0.09191168938628444,0.046663261418945085,0.011169816576300888,0.0029404815789814713,13,87,0.05874206375449349,0.16912931260066025,True,False,True,4.696734250106294e-05,COMPLETE
209,0.3834073543548584,2025-04-15 13:28:31.552991,2025-04-15 13:28:38.308447,0 days 00:00:06.755456,0.7819149500087724,0.9376748964428065,16,0.03575261552224891,0.16909548344188452,0.006704094698095547,0.08907432027919865,0.040193829517012204,0.018374453379975175,0.0037273947579885935,14,82,0.06765789874111487,0.15880632421446403,False,False,True,8.296027697928123e-05,COMPLETE
210,0.35950790643692015,2025-04-15 13:28:38.376688,2025-04-15 13:28:50.282370,0 days 00:00:11.905682,0.8033290118298284,0.8792753313119824,2,0.048582192792916465,0.1590941703803527,0.0036522836661752366,0.0932802949987435,0.03222458540643547,0.01625693974453778,0.005404592825041272,11,87,0.0633982417626571,0.15230673894793686,False,False,True,6.353036046364516e-05,COMPLETE
211,0.40288882255554204,2025-04-15 13:28:50.350457,2025-04-15 13:29:04.421568,0 days 00:00:14.071111,0.7638730078650908,0.9651885074101082,2,0.027924360560874648,0.15080989625851995,0.0043959620282249786,0.0958288391052668,0.03735008982385973,0.019908136581133103,0.006550402686148402,15,91,0.06519045724122033,0.18221947918574474,False,False,True,9.35703958970684e-05,COMPLETE
212,0.40755568742752074,2025-04-15 13:29:04.489019,2025-04-15 13:29:17.532109,0 days 00:00:13.043090,0.7495444299010858,0.9343938967486239,2,0.027779192215594464,0.14704126555420471,0.0014430302752491391,0.09351664892094518,0.04529379493046868,0.012667453432531811,0.0025498842005014202,13,90,0.06343710555103263,0.17347185233426987,False,False,True,0.0001354983127672716,COMPLETE
213,0.4052138805389405,2025-04-15 13:29:17.609023,2025-04-15 13:29:30.736403,0 days 00:00:13.127380,0.7741841838590412,0.9008180045675173,2,0.027751428375501222,0.16454391214752673,0.0017327701214130175,0.08401539476676355,0.04245261974635411,0.013777600037873369,0.002706339721791529,13,94,0.06264972232081138,0.19357155806708037,False,False,True,0.00010520607919328277,COMPLETE
214,0.4071879625320435,2025-04-15 13:29:30.806647,2025-04-15 13:29:43.265060,0 days 00:00:12.458413,0.7927928461576577,0.9402734998289075,2,0.0358067315089322,0.14835171696973568,0.0013183552609448736,0.09335218128938205,0.04879621763431349,0.007473666954682366,0.004240920236269065,12,89,0.0604478752875349,0.17186962527600194,False,False,True,0.00013845379872377014,COMPLETE
215,0.37973955869674686,2025-04-15 13:29:43.334118,2025-04-15 13:29:55.810587,0 days 00:00:12.476469,0.8021252887028064,0.9449234532985593,2,0.03971971538033937,0.14796223435680875,0.0012283393770183974,0.0905020623069407,0.04583510846939135,0.006560384780647906,0.0043058745411714335,12,85,0.05985951595152306,0.1720589422150841,False,False,True,0.00013766681925212528,COMPLETE
216,0.2736758589744568,2025-04-15 13:29:55.881524,2025-04-15 13:30:07.864325,0 days 00:00:11.982801,0.020174234607861774,0.9267892085538119,2,0.03228027050291695,0.1465622469568581,0.004003991294682889,0.09419463239884654,0.04949090087040091,0.003708865495529793,0.0025260375550413363,11,89,0.06612409825402132,0.1639322219963428,False,False,True,7.553034907941264e-05,COMPLETE
217,0.3565062046051025,2025-04-15 13:30:07.934290,2025-04-15 13:30:19.486851,0 days 00:00:11.552561,0.8193051298729745,0.9132755549906331,2,0.037809123145814895,0.16051792532880343,0.006363859743147575,0.08789803464944701,0.044797031615415234,0.009916505946939203,1.9688734388850678e-05,10,91,0.061256017958065796,0.17722220857223323,False,False,True,0.00011256643866658842,COMPLETE
218,0.3860058426856995,2025-04-15 13:30:19.556690,2025-04-15 13:30:32.173454,0 days 00:00:12.616764,0.7827209921248807,0.8880253727922387,2,0.029441716437972738,0.15279788447893278,0.001026362675351999,0.09248243206244443,0.042015523935591485,0.011806736682162413,0.0030738755581489396,12,87,0.06907203993710197,0.18135427881468985,False,True,True,0.00016492354468405885,COMPLETE
219,0.39236397743225104,2025-04-15 13:30:32.242893,2025-04-15 13:30:41.964193,0 days 00:00:09.721300,0.7563601417729776,0.9524788837204614,2,0.02236665828302096,0.13617062834761906,0.0026894322500371384,0.09743783878079171,0.04827503654305329,0.00872966089944897,0.00446406131943471,7,13,0.06396649497814728,0.17325806325091964,False,False,True,8.733691253468237e-05,COMPLETE
220,0.3688047885894775,2025-04-15 13:30:42.043756,2025-04-15 13:30:55.633691,0 days 00:00:13.589935,0.7997586134662064,0.9319327960589694,2,0.045750172603092,0.14462819293476242,0.06336616325410727,0.09497663380983093,0.04923554691758335,0.016739620246246593,0.004846478930691617,14,95,0.057951566384239976,0.18613579599303498,False,False,True,0.0001446156271258215,COMPLETE
221,0.4059410452842713,2025-04-15 13:30:55.704557,2025-04-15 13:31:08.863801,0 days 00:00:13.159244,0.763703041318376,0.8686263332032303,2,0.027595138237498505,0.15593941127178465,0.005798280138488548,0.09701320586608764,0.04556112177276695,0.014372358095999866,0.0059173561641081155,13,92,0.06224091555954122,0.16419081332750798,False,False,True,0.0001116030019386751,COMPLETE
222,0.4033745408058167,2025-04-15 13:31:08.934896,2025-04-15 13:31:21.868092,0 days 00:00:12.933196,0.7713699084042328,0.8802315282262612,2,0.03486134135295555,0.15618769175655117,0.006409171958486984,0.09652681903655191,0.04318476542576703,0.01437574903062529,0.00728773412078754,13,92,0.06259347568854164,0.16125470210314552,False,False,True,0.00011046313714358437,COMPLETE
223,0.40436410903930664,2025-04-15 13:31:21.940261,2025-04-15 13:31:34.443945,0 days 00:00:12.503684,0.7553218994505042,0.9086320520908405,2,0.0284287695293165,0.16402838069811945,0.00927181239472946,0.09396988284642843,0.037788225791237605,0.017470922883991012,0.005467168836250483,12,83,0.06489166250098102,0.1727952162538651,False,False,True,6.51507610484443e-05,COMPLETE
224,0.4061182498931885,2025-04-15 13:31:34.515718,2025-04-15 13:31:47.504136,0 days 00:00:12.988418,0.7884098963361102,0.8693879653592353,2,0.02127551276823558,0.14910347852955141,0.0042193680902769355,0.09710538557816016,0.04728450401881042,0.013253827469015994,8.120532375105197e-05,13,89,0.06665393777416899,0.16532249965498916,False,False,True,8.827765892836433e-05,COMPLETE
225,0.3714978337287903,2025-04-15 13:31:47.576306,2025-04-15 13:32:00.595900,0 days 00:00:13.019594,0.7885922185943705,0.8666707344130031,2,0.02067116959196858,0.15032977816335708,0.0031478307117758526,0.09747389153631612,0.04538231858083541,0.011516134931686451,0.005746704015338167,13,89,0.060242662442574646,0.15548789330819407,False,False,True,8.299970125551607e-05,COMPLETE
226,0.40386270284652714,2025-04-15 13:32:00.667575,2025-04-15 13:32:14.416380,0 days 00:00:13.748805,0.8299409951026077,0.8608405506638335,2,0.0238075966405584,0.15783150749006722,0.004728024143630351,0.09183061258088107,0.04755118128679363,0.01425676426637412,0.006375828667222945,14,96,0.06429424011791238,0.16669368900766846,False,False,True,0.00014755723805225205,COMPLETE
