number,value,datetime_start,datetime_complete,duration,params_alpha-eval,params_alpha-train,params_batch-size,params_eps-eval,params_eps-train,params_lambda-actions-eval,params_lambda-actions-train,params_lambda-frames-eval,params_lambda-frames-train,params_learning-rate,params_n-epochs,params_n-frames,params_radius-gw,params_rho,params_std-feats,params_ub-actions,params_ub-frames,params_weight-decay,state
1709,0.29913144111633305,2025-04-13 17:50:30.808053,2025-04-13 17:50:42.801295,0 days 00:00:11.993242,0.4110661544104532,0.08026136609477548,2,0.05084772309521261,0.08832700760434081,0.0575920660675735,0.03582151274345645,0.04836945732702034,0.02598683865505015,0.0014906451396705,11,38,0.05009912299813173,0.20587172827987657,True,True,True,1.1583027663127483e-07,COMPLETE
1710,0.3101771712303162,2025-04-13 17:50:43.366404,2025-04-13 17:50:50.688089,0 days 00:00:07.321685,0.42425990703963157,0.6621617956979036,8,0.05992802633580094,0.06110501935545651,0.06083399065189245,0.02905243689737306,0.04296442981373659,0.02229856588273071,0.0009557077308395087,12,31,0.052242907790828824,0.19007055183572744,True,True,True,2.8258207192551264e-07,COMPLETE
1711,0.3492919921875,2025-04-13 17:50:51.234661,2025-04-13 17:50:58.527505,0 days 00:00:07.292844,0.43581106448782214,0.6562118247070524,8,0.05641070895629881,0.08387053219544185,0.0651617928982335,0.03917328319716838,0.04548931152384033,0.023044866136507712,0.0008148379047137053,12,34,0.047983043873922195,0.19708510396999662,True,True,True,3.084544857507199e-07,COMPLETE
1712,0.31154004335403446,2025-04-13 17:50:59.094554,2025-04-13 17:51:06.150977,0 days 00:00:07.056423,0.4038557854213611,0.6839735762491718,8,0.0465217719298181,0.07669386295260712,0.06268086742110775,0.032305960876843134,0.04884995743098988,0.030240522246342227,0.0009255277739976454,10,38,0.04590139572126391,0.2083351199863067,True,True,True,2.354160042956202e-07,COMPLETE
1713,0.20974212288856509,2025-04-13 17:51:06.698146,2025-04-13 17:51:13.784690,0 days 00:00:07.086544,0.38988896827434916,0.6324782902326097,8,0.18476721376792854,0.0711324369588357,0.0595211887334274,0.03658315215880177,0.040103062672385066,0.027219328341631606,0.0018359973709555994,11,29,0.05065605790320955,0.21192218897116105,True,True,True,1.9415950750565318e-07,COMPLETE
1714,0.41717146635055546,2025-04-13 17:51:14.356342,2025-04-13 17:51:21.550717,0 days 00:00:07.194375,0.44787099263315844,0.6046092385522985,8,0.0503111239619237,0.09037391920826779,0.05554789196673751,0.03407618878198092,0.045755796404709566,0.02006079554332806,0.001256980876841814,11,35,0.053015264406000934,0.20395782229892673,True,True,True,3.2665042082726904e-07,COMPLETE
1715,0.3925933241844177,2025-04-13 17:51:22.095453,2025-04-13 17:51:29.492577,0 days 00:00:07.397124,0.42514511732434584,0.6653677212698409,8,0.0584856177847481,0.22734094596733567,0.06455041183490527,0.026202400013247425,0.037493733330683496,0.024796030352190426,0.0008133038643674549,12,38,0.04956395003702525,0.19864840224179217,True,True,True,1.4366728340518737e-07,COMPLETE
1716,0.2790768682956696,2025-04-13 17:51:30.073082,2025-04-13 17:51:37.229120,0 days 00:00:07.156038,0.44227393062759984,0.48291702065450026,8,0.054800304208910494,0.06719567768540881,0.061186836652584266,0.029736918407214936,0.04102967230638693,0.02353335825088604,0.0010854875030517459,11,32,0.05494392545638765,0.18468739174394966,True,True,True,2.3299542777503757e-07,COMPLETE
1717,0.4104293107986451,2025-04-13 17:51:37.784057,2025-04-13 17:51:44.776265,0 days 00:00:06.992208,0.4648563207371829,0.6889771499069287,8,0.04617624057960513,0.08265777774994915,0.0651319357594394,0.04021404984728395,0.045989717431745625,0.021585562277087578,0.0008138937037357632,10,25,0.052263493914353566,0.19394677810562694,True,True,True,2.928690048292153e-07,COMPLETE
1718,0.2920351088047028,2025-04-13 17:51:45.322477,2025-04-13 17:51:52.663096,0 days 00:00:07.340619,0.41821881531857463,0.2519093851439226,8,0.060174701732977946,0.07695276471853889,0.0628099069411703,0.022173186173288815,0.048131198167054606,0.046796510007834434,0.0009468250112508259,12,35,0.051352583157098355,0.20325156029248,True,True,True,3.705621179974491e-07,COMPLETE
1719,0.2048193633556366,2025-04-13 17:51:53.228563,2025-04-13 17:52:00.400907,0 days 00:00:07.172344,0.444476632941558,0.6424041818957663,8,0.22067534661521954,0.08861870258197925,0.058074185966401994,0.038783147559167945,0.04853248671376072,0.026048801038785527,0.0014856845638487471,11,38,0.048611979698718895,0.2134142440871305,True,True,True,2.0591062927027977e-07,COMPLETE
1720,0.4224714517593384,2025-04-13 17:52:00.954596,2025-04-13 17:52:13.289509,0 days 00:00:12.334913,0.36530093847769357,0.665806349917986,2,0.13634308599268377,0.2164898450480127,0.06487154978645539,0.032088112467175925,0.05035524671874725,0.020335666937135302,0.0007440558410607349,12,32,0.05467643968381109,0.1776736978219803,True,True,False,1.0011612576566883e-07,COMPLETE
1721,0.36402881145477295,2025-04-13 17:52:13.868446,2025-04-13 17:52:20.921479,0 days 00:00:07.053033,0.4650021941468475,0.6896585610148398,8,0.05199763053627279,0.08270235675802678,0.06145771162773463,0.035518796110911716,0.04289053882304434,0.021082237591559538,0.0012219526717893749,10,34,0.052413169647249,0.20068927662550326,True,True,True,1.7383468886371542e-07,COMPLETE
1722,0.2806341290473938,2025-04-13 17:52:21.467772,2025-04-13 17:52:28.642264,0 days 00:00:07.174492,0.03385651945398377,0.6501707230940102,8,0.05980943144477229,0.07798647774405723,0.06341273387812355,0.03735173636987739,0.049082348534698485,0.020879802420815236,0.002305922858297724,11,29,0.0551580632002826,0.20935922116887382,True,True,True,2.929251739065144e-07,COMPLETE
1723,0.28789409399032595,2025-04-13 17:52:29.216178,2025-04-13 17:52:36.551353,0 days 00:00:07.335175,0.42307760388139526,0.6146743252315364,8,0.043364919450749766,0.08828801356695803,0.05928500712147561,0.03341601145690333,0.044370956010548725,0.022697326069479086,0.000987432332891853,12,39,0.04704940651595274,0.18928579804526985,True,True,True,3.6337801018733684e-07,COMPLETE
1724,0.43413575887680056,2025-04-13 17:52:37.101064,2025-04-13 17:52:44.169578,0 days 00:00:07.068514,0.44818670677333766,0.6736223599508571,8,0.051774246383702795,0.07412695930106429,0.06578004000977376,0.04096923012956583,0.0466616768374417,0.024722936407137117,0.0007540175079257768,10,35,0.05002316502459699,0.20615339192959856,True,True,True,2.5384222141739715e-07,COMPLETE
1725,0.2837748765945435,2025-04-13 17:52:44.746300,2025-04-13 17:52:51.551740,0 days 00:00:06.805440,0.43898552672345464,0.6484955264995786,8,0.04943757188983318,0.06764046605324525,0.06566470201171397,0.039171649935700825,0.04814316949205034,0.025235475949972257,0.0007332815565897021,9,30,0.04255516612166957,0.2143204967787002,True,True,True,2.2870055151146e-07,COMPLETE
1726,0.3624935626983643,2025-04-13 17:52:52.105423,2025-04-13 17:52:59.132031,0 days 00:00:07.026608,0.4479309868932222,0.6304473006618466,8,0.04744924875246291,0.06588756719977507,0.06381847638437801,0.04074600645149199,0.046827708198160484,0.02491867001503384,0.0007256013063128805,10,32,0.0453078675026961,0.20546290751296842,True,True,True,2.6691727401024727e-07,COMPLETE
1727,0.2908640742301941,2025-04-13 17:52:59.708297,2025-04-13 17:53:06.726944,0 days 00:00:07.018647,0.4241446855147125,0.6648027602462168,8,0.042603103274638204,0.061607942528121476,0.06566663091579629,0.04101391670448955,0.043181464779358754,0.02891217272621261,0.000827273389423865,10,27,0.047210807092931836,0.20847007434382073,True,False,True,1.7813587906290113e-07,COMPLETE
1728,0.37828037738800047,2025-04-13 17:53:07.288587,2025-04-13 17:53:14.114788,0 days 00:00:06.826201,0.3915905521677244,0.6322435476203537,8,0.04428984820358368,0.07463326503767512,0.061960710941837104,0.03798452996709164,0.04025177560366446,0.026942857287684165,0.0008921592629670614,9,35,0.04864991711491065,0.19972789242907832,True,True,True,2.39952271590422e-07,COMPLETE
1729,0.3886744618415833,2025-04-13 17:53:14.662956,2025-04-13 17:53:21.670572,0 days 00:00:07.007616,0.45694683894054705,0.6562832097554071,8,0.05072915992671682,0.07180141836690412,0.06380979924383957,0.04124354281858888,0.04475675382198395,0.0269709651945208,0.0007063204560163812,10,33,0.04914251250288018,0.21164507440951913,True,True,True,1.534933324976714e-07,COMPLETE
1730,0.3625843048095703,2025-04-13 17:53:22.244348,2025-04-13 17:53:29.200942,0 days 00:00:06.956594,0.40818827850952155,0.6716071128874856,8,0.045503750733044884,0.06956853610374285,0.06533088553398028,0.04002174107706951,0.04643898916552549,0.027932976320720854,0.0006663512424107386,10,29,0.04539798532998344,0.19616074402588096,True,True,True,3.013636774080662e-07,COMPLETE
1731,0.36683119535446174,2025-04-13 17:53:29.753217,2025-04-13 17:53:40.649643,0 days 00:00:10.896426,0.4431155558935646,0.6194948463712652,2,0.050464012293603845,0.06288429439191932,0.06179738678754838,0.03773630629660791,0.04790807120034182,0.03014165644514711,0.001077292955584625,9,35,0.04731735368114378,0.20454981032721373,True,True,True,3.73237454182959e-07,COMPLETE
1732,0.28837656378746035,2025-04-13 17:53:41.224889,2025-04-13 17:53:48.299928,0 days 00:00:07.075039,0.4725929061777399,0.5948699184341041,8,0.05334903952610895,0.07342024479348759,0.06556763374868367,0.04120816636801222,0.046124418619620765,0.02411468569263117,0.0009573013195005072,10,31,0.049965638433893456,0.20222545961595698,True,True,True,2.241226338905471e-07,COMPLETE
1733,0.4247096538543701,2025-04-13 17:53:48.850879,2025-04-13 17:53:55.989793,0 days 00:00:07.138914,0.4650179030661418,0.6439194587765338,8,0.05276990419244817,0.07624904174929609,0.06355249332458583,0.03891131020109234,0.04926127701088871,0.0236839667713804,0.0008413333881430835,11,35,0.04964147499998807,0.21395710161447729,True,True,True,3.138176369917452e-07,COMPLETE
1734,0.3754517316818238,2025-04-13 17:53:56.568248,2025-04-13 17:54:03.425438,0 days 00:00:06.857190,0.42870058546398787,0.6734276664035718,8,0.043929112014632,0.0809331283104881,0.05991265932858739,0.035117633534579,0.05003860713383981,0.025855649559017747,0.001232273592142595,9,25,0.040139198529029786,0.19294881498841737,True,True,True,4.5771294723522416e-07,COMPLETE
1735,0.4259446144104004,2025-04-13 17:54:03.979899,2025-04-13 17:54:11.255045,0 days 00:00:07.275146,0.4830511078793337,0.6511919449635891,8,0.04317559064008667,0.07719891114632049,0.0627351203126037,0.03672836531089051,0.04732903530011805,0.028588813078938406,0.00108435984006822,11,33,0.047595196293191415,0.20697136811776595,True,True,True,1.7512420039253686e-07,COMPLETE
1736,0.40579799413681034,2025-04-13 17:54:11.828182,2025-04-13 17:54:18.872381,0 days 00:00:07.044199,0.40065410575510996,0.6853599191689189,8,0.05556165137745785,0.0697953575910937,0.06594601770699993,0.030411488091294143,0.044088749454580245,0.023161007607995908,0.0007129736243596663,10,37,0.043275978091190784,0.19996639988928114,True,True,True,2.6933526296672253e-07,COMPLETE
1737,0.3804015517234802,2025-04-13 17:54:19.423678,2025-04-13 17:54:26.594835,0 days 00:00:07.171157,0.4453658109681394,0.6677004107166605,8,0.050287889503601024,0.08353461241040937,0.06104127145172178,0.04165875267545684,0.04557190393502397,0.025455431315519174,0.0007873374049472753,11,29,0.050686834359434475,0.21399190590382466,True,True,True,4.042412008556753e-07,COMPLETE
1738,0.2048193633556366,2025-04-13 17:54:27.170472,2025-04-13 17:54:34.280031,0 days 00:00:07.109559,0.4764346047312796,0.6303105052922745,8,0.05737129543523152,0.06030622960016442,0.06411089459398582,0.02853179254074416,0.04221782921616514,0.023001259872305696,0.0009969302413571442,11,22,0.009216402278834378,0.18651552616071165,True,True,True,1.2818597486722642e-07,COMPLETE
1739,0.2930365324020386,2025-04-13 17:54:34.834915,2025-04-13 17:54:41.849753,0 days 00:00:07.014838,0.4145237667239824,0.6893931501409932,8,0.04399652330132065,0.0761131518516903,0.06633721738887031,0.03441565384758063,0.046859468600619236,0.021129986423663264,0.0006551317264653963,10,36,0.051174076677381,0.20693412176687961,True,True,False,2.0943817564357717e-07,COMPLETE
1740,0.4155713081359863,2025-04-13 17:54:42.425138,2025-04-13 17:54:49.779970,0 days 00:00:07.354832,0.44917885260354407,0.6536088640431403,8,0.05491923241156793,0.06648951191418354,0.056603478834081504,0.04205671826152488,0.0510111787292711,0.02614193822011281,0.0008490337421765734,12,32,0.04836662748581488,0.19882401973467895,True,True,True,3.3434261421369495e-07,COMPLETE
1741,0.3577481031417847,2025-04-13 17:54:50.331815,2025-04-13 17:54:57.516694,0 days 00:00:07.184879,0.4620330974584609,0.611396328749472,8,0.05044431401117624,0.0854325473520366,0.06248254446385338,0.03868399962218691,0.05114697880916268,0.023025928291771212,0.0013476226427184001,11,38,0.045960330424031845,0.19425154501235894,True,True,True,2.4458878106990803e-07,COMPLETE
1742,0.39883716106414796,2025-04-13 17:54:58.094356,2025-04-13 17:55:10.653349,0 days 00:00:12.558993,0.43536786304394104,0.6746009584092147,2,0.058003662432254584,0.08037818434698978,0.06466611452102863,0.03177742655733324,0.051436557599046126,0.020854304749372773,0.0011496511313300295,12,33,0.05037002777755155,0.13299719346164135,True,True,True,4.4595282417260866e-07,COMPLETE
1743,0.29475427269935606,2025-04-13 17:55:11.216642,2025-04-13 17:55:18.428285,0 days 00:00:07.211643,0.492923540615484,0.644804064973235,8,0.04307232475247155,0.07123406051109361,0.059302593222439894,0.02398968324040736,0.0441870701150302,0.04270779276378961,0.0007111900117952549,11,38,0.0518779889618627,0.20983761703909692,True,True,True,1.8333457825544216e-07,COMPLETE
1744,0.400900936126709,2025-04-13 17:55:19.005885,2025-04-13 17:55:25.883663,0 days 00:00:06.877778,0.3803917287928096,0.6857258244152755,8,0.04950459746364079,0.08393258474346471,0.06083480713456451,0.03666023039496396,0.048406271269861925,0.027219300641096116,0.0009170210681022056,9,35,0.04930197388787359,0.20408454853860794,True,True,True,3.0502416193991595e-07,COMPLETE
1745,0.39567846059799194,2025-04-13 17:55:26.448219,2025-04-13 17:55:33.395008,0 days 00:00:06.946789,0.4681252027654138,0.663992755456906,8,0.05642933382549025,0.07820921938665405,0.06289932993267137,0.03976721136315206,0.04963226149387397,0.02081531936981899,0.0016008969075844857,10,29,0.051188909503131985,0.21597372687976532,True,False,True,3.628798492163889e-07,COMPLETE
1746,0.34939413070678715,2025-04-13 17:55:33.976303,2025-04-13 17:55:41.301430,0 days 00:00:07.325127,0.4189628724943137,0.6352758516289888,8,0.060314356921732745,0.08822379964172826,0.06618460976027392,0.0341137145884786,0.045425282315874886,0.024673002777264957,0.0006760365704662055,12,38,0.048363077880577754,0.1985383649609137,True,True,True,2.6896670185116144e-07,COMPLETE
1747,0.2922594666481018,2025-04-13 17:55:41.863665,2025-04-13 17:55:49.063883,0 days 00:00:07.200218,0.3247800964844121,0.5832006238902993,8,0.04770195724375194,0.07434275719151807,0.06447882593829533,0.02682528346870716,0.05134116348917049,0.03017608722199489,0.000958804730911219,11,32,0.04452273332516888,0.19395010166694834,True,True,True,1.3774236711221363e-07,COMPLETE
1748,0.2337618112564087,2025-04-13 17:55:49.648209,2025-04-13 17:55:56.956079,0 days 00:00:07.307870,0.4759927337176767,0.6892009486041316,8,0.1478312346461789,0.09052315268991541,0.05860146746735422,0.04162234149141707,0.047910000804271095,0.03231704981652732,0.0008217036057019416,12,36,0.05294370374744977,0.2149042962240355,True,True,True,1.9644393764280512e-07,COMPLETE
1749,0.35152788162231446,2025-04-13 17:55:57.514561,2025-04-13 17:56:04.548700,0 days 00:00:07.034139,0.4560510235183,0.6640639770892905,8,0.05417137800335153,0.08233651312631801,0.06175247706694425,0.029487139675722304,0.04319412658158194,0.02278466460628272,0.0011951883842104534,10,39,0.04980685747075798,0.182790511223306,True,True,True,4.751437105605103e-07,COMPLETE
1750,0.29176188707351686,2025-04-13 17:56:05.131522,2025-04-13 17:56:12.334280,0 days 00:00:07.202758,0.14318209948962957,0.6311655206780742,8,0.042128131595397356,0.06807959557500297,0.06589013141931643,0.03658038694072805,0.052458270551961846,0.019873929329693275,0.000775055928374895,11,27,0.05286951835476666,0.20595926363626077,True,True,True,1.0030717149148404e-07,COMPLETE
1751,0.41185935735702517,2025-04-13 17:56:12.898760,2025-04-13 17:56:20.220047,0 days 00:00:07.321287,0.48793508869154445,0.6719109914694499,8,0.06241993233838462,0.07796942575985084,0.0637978581001914,0.032650162602557785,0.04908485746782351,0.021767931170427558,0.0006562000806019648,12,35,0.046790682648065254,0.20085950956434154,True,True,True,2.4840368584147117e-07,COMPLETE
1752,0.30521197319030763,2025-04-13 17:56:20.774941,2025-04-13 17:56:27.920283,0 days 00:00:07.145342,0.43739500556557204,0.6464382219995858,8,0.05347890347569003,0.06173796272291898,0.06055905048997494,0.040056843065116525,0.05086422683210815,0.024891422552755622,0.0010171040260529601,11,31,0.05094378954731603,0.1902093613994995,True,True,True,3.5325294727705126e-07,COMPLETE
1753,0.2893555283546448,2025-04-13 17:56:28.501151,2025-04-13 17:56:35.571586,0 days 00:00:07.070435,0.4899131898034258,0.6893053299077572,8,0.05862907350745569,0.09000230564832969,0.06606630037305757,0.042007291171615925,0.04674050712236203,0.01966682344319309,0.0012622255954239786,10,38,0.052909360710833936,0.20916135043120293,True,True,True,2.2197584090007135e-07,COMPLETE
1754,0.2048193633556366,2025-04-13 17:56:36.123775,2025-04-13 17:56:48.677808,0 days 00:00:12.554033,0.34888986907852393,0.6160468308413383,2,0.048110748122036605,0.07290152810635302,0.06370573820190653,0.03818889000313795,0.05268117160562362,0.027302140791182143,0.0014889817734059386,12,34,0.004549935194315138,0.20367671435285675,True,True,True,3.1410137378102583e-07,COMPLETE
1755,0.29139164686203,2025-04-13 17:56:49.259207,2025-04-13 17:56:56.446817,0 days 00:00:07.187610,0.39718373424866393,0.6523612119172347,8,0.06222364165101094,0.08343100526824666,0.062499917127434704,0.0313803431197324,0.049021725114341774,0.02271818913166695,0.0008185664505057521,11,38,0.09427277944308828,0.2150223335099278,True,True,True,4.3334107114820716e-07,COMPLETE
1756,0.3080243229866028,2025-04-13 17:56:57.035798,2025-04-13 17:57:03.951537,0 days 00:00:06.915739,0.4168444515598733,0.6677559218654203,8,0.04224819709915434,0.07885169530894454,0.05426850100203946,0.02592528785106008,0.04561339755156343,0.018778214046939697,0.000965810304949043,9,31,0.049570493517639404,0.1937715714528278,True,True,True,2.641815221570196e-07,COMPLETE
1757,0.32188254594802856,2025-04-13 17:57:04.522003,2025-04-13 17:57:11.878737,0 days 00:00:07.356734,0.45052699269579616,0.6872814560254554,8,0.054014445898273596,0.08983781487814202,0.008682760527619439,0.035053162601247766,0.0529404719478199,0.024201887883373817,0.0006424888173100919,12,36,0.051522026525201735,0.20824640883342244,True,True,True,1.4873750228350488e-07,COMPLETE
1758,0.30314813852310185,2025-04-13 17:57:12.443624,2025-04-13 17:57:19.509526,0 days 00:00:07.065902,0.49112776794790297,0.6892766639854001,8,0.04824979814462568,0.06785422355086736,0.0665350431228998,0.027968019042078098,0.04198255644223785,0.020516950633060596,0.001037669925971158,11,34,0.047980613049887474,0.19762294194588123,True,True,False,2.0067715259359623e-07,COMPLETE
1759,0.34901777505874637,2025-04-13 17:57:20.094271,2025-04-13 17:57:27.437664,0 days 00:00:07.343393,0.4681439123869589,0.6363425598137126,8,0.05903026832873679,0.08389240563357934,0.059714893937100666,0.03977866480922345,0.050962580077613104,0.019153277299538966,0.000810199954264841,12,38,0.052806786870916174,0.18856212186966453,True,True,True,5.688759512599092e-07,COMPLETE
1760,0.4124543905258179,2025-04-13 17:57:27.995179,2025-04-13 17:57:35.193999,0 days 00:00:07.198820,0.4427221623386682,0.6565694737092177,8,0.09731539119389593,0.07269814580703039,0.06494069525906991,0.04191820643297517,0.04871961867881521,0.021706436007454873,0.0006338912041446021,11,29,0.05059619262975594,0.20211974678873398,True,True,True,3.073981963091553e-07,COMPLETE
1761,0.2733777046203614,2025-04-13 17:57:35.781980,2025-04-13 17:57:42.793889,0 days 00:00:07.011909,0.4258035294015471,0.6696299329554027,8,0.06308112652977385,0.09048951267066495,0.05699876350079064,0.0302787131920537,0.030047702826269795,0.025209804396591387,0.02002721407117547,10,33,0.05344586830771864,0.215961374051579,True,True,True,4.367038103535332e-07,COMPLETE
1762,0.35944120883941655,2025-04-13 17:57:43.360274,2025-04-13 17:57:50.803164,0 days 00:00:07.442890,0.49584066161153834,0.603140896078293,8,0.054490325693668774,0.07879164141858326,0.06170132824702621,0.036753864545458245,0.04375501831154001,0.020561151376989044,0.0010537341180234827,12,39,0.04608483459950636,0.14685543101185333,True,True,True,1.7502319851718468e-07,COMPLETE
1763,0.2947179555892945,2025-04-13 17:57:51.389030,2025-04-13 17:57:58.620984,0 days 00:00:07.231954,0.47933615200850965,0.21936487031950835,8,0.05015468390826982,0.08455565392404103,0.06632868181732349,0.03298034189334538,0.052741564607926415,0.027969795507069677,0.0013581732465046664,11,39,0.04838749388788309,0.21009341857992597,True,True,True,3.5608029699042743e-07,COMPLETE
1764,0.3470041871070862,2025-04-13 17:57:59.182238,2025-04-13 17:58:10.668068,0 days 00:00:11.485830,0.46230281093323716,0.6919593088893424,2,0.042023262465736774,0.07251960445166854,0.0632006030646851,0.04270432236468532,0.046406254388351276,0.022910181667754152,0.0007735501566182203,10,26,0.05147229874980134,0.19702319364049517,True,True,True,2.959268322232195e-07,COMPLETE
1765,0.2048193633556366,2025-04-13 17:58:11.256347,2025-04-13 17:58:18.447743,0 days 00:00:07.191396,0.39186633239774005,0.5579075907882645,8,0.06388695518205413,0.06247679525144476,0.059964851146540404,0.03911146016759668,0.053328987905961134,0.01897089218037449,0.0006449280957643241,11,36,0.01714108830738311,0.1806648839133812,True,True,True,2.2527360323343574e-07,COMPLETE
