number,value,datetime_start,datetime_complete,duration,params_alpha-eval,params_alpha-train,params_batch-size,params_eps-eval,params_eps-train,params_lambda-actions-eval,params_lambda-actions-train,params_lambda-frames-eval,params_lambda-frames-train,params_learning-rate,params_n-epochs,params_n-frames,params_radius-gw,params_rho,params_std-feats,params_ub-actions,params_ub-frames,params_weight-decay,state
284,0.41188353300094604,2025-04-13 14:28:21.819392,2025-04-13 14:28:29.473001,0 days 00:00:07.653609,0.871794331579933,0.7104828760834605,16,0.02821516224042026,0.007910394511350265,0.09720610622651794,0.07424094688178724,0.05326865447255007,0.09367336687670608,0.0005929514547754282,25,43,0.08062234408466115,0.19697357238749633,False,True,True,1.0158179506760435e-07,COMPLETE
285,0.41264008283615117,2025-04-13 14:28:29.563220,2025-04-13 14:28:37.086732,0 days 00:00:07.523512,0.9085785717284505,0.6628273813321061,16,0.028246582222465,0.012889020645046576,0.09369662105239591,0.07942699408158913,0.048718111013065314,0.04970659107654648,0.0003569502391479483,24,35,0.0783110812007195,0.055248624291798706,False,True,True,9.197689517656318e-08,COMPLETE
286,0.4116536021232605,2025-04-13 14:28:37.176255,2025-04-13 14:28:44.887083,0 days 00:00:07.710828,0.9292957908379834,0.6894245218666221,16,0.021386664418229607,0.01671579192471416,0.09634730077001591,0.08287470573381013,0.0455793642638254,0.054169790771317367,0.00025769055740319693,26,40,0.08070751457698078,0.2836777616233136,False,True,True,7.133282584819368e-08,COMPLETE
287,0.401530933380127,2025-04-13 14:28:44.978527,2025-04-13 14:28:52.611222,0 days 00:00:07.632695,0.9006846020143402,0.7371422376755952,16,0.045313759233341286,0.007149723333821673,0.0986684026532796,0.08094824071408582,0.05124117371863198,0.035390235330684215,0.0006010882867560186,25,36,0.0728584773460052,0.08054881553038037,False,True,True,2.281590975007983e-08,COMPLETE
288,0.35402837991714475,2025-04-13 14:28:52.710931,2025-04-13 14:29:00.369282,0 days 00:00:07.658351,0.9394840709614399,0.652969938976026,16,0.03358761351463214,0.014161862970311322,0.09317444951243083,0.08097554459801354,0.0438391917887386,0.09279222596740785,0.0006556975073333262,26,33,0.07456720061076368,0.0073681842945582735,False,True,True,1.966818653205223e-08,COMPLETE
289,0.41469882726669316,2025-04-13 14:29:00.459820,2025-04-13 14:29:08.213143,0 days 00:00:07.753323,0.9284599782728601,0.7106887278278932,16,0.021348491704075084,0.019835839423180325,0.09521004704522337,0.08653479042469367,0.04926613089524303,0.09466603094938146,0.0003744307758998529,27,40,0.0818993239732907,0.15296288074403908,False,True,True,1.5263098818424575e-08,COMPLETE
290,0.2048193633556366,2025-04-13 14:29:08.304092,2025-04-13 14:29:15.837466,0 days 00:00:07.533374,0.8799964291141551,0.6852828109362539,16,0.019569692620073603,0.2986330344453744,0.09255039262223616,0.08597897470576427,0.04974302587203229,0.09121519428838158,0.0003920024344972528,25,43,0.08150981422429206,0.1324363829693737,False,True,True,3.3456784090177913e-07,COMPLETE
291,0.4117398262023926,2025-04-13 14:29:15.928144,2025-04-13 14:29:23.762089,0 days 00:00:07.833945,0.8982443968545265,0.5349171463852129,16,0.019046795073785896,0.020029817875165848,0.09609021190009066,0.08512109273448962,0.03472226925557433,0.09500048184582703,0.00037318234728603566,27,39,0.07906583039837649,0.15297488928319097,False,True,True,1.6636459552121183e-08,COMPLETE
292,0.412206768989563,2025-04-13 14:29:23.853533,2025-04-13 14:29:31.548896,0 days 00:00:07.695363,0.9298882628486138,0.7198760957082747,16,0.03745411995834899,0.022580287635148515,0.09828601579735918,0.08147685238118785,0.05505130268747946,0.09318223854164834,0.0004909233217375667,26,40,0.07653857408097871,0.13809405274966463,False,True,True,1.2022174571740436e-08,COMPLETE
293,0.21380956172943116,2025-04-13 14:29:31.649626,2025-04-13 14:29:39.438088,0 days 00:00:07.788462,0.922638009032623,0.7011562359198592,16,0.027829861517826085,0.01729794631934744,0.09270735623707486,0.08413913784392121,0.04937335027153225,0.09503205022742957,0.00028119785098179286,27,47,0.08066936116171691,0.018672407511087244,False,True,False,1.0185450363358152e-08,COMPLETE
294,0.4248291254043579,2025-04-13 14:29:39.529959,2025-04-13 14:29:59.671943,0 days 00:00:20.141984,0.9459608923662357,0.7531690482766024,2,0.022869474023137822,0.03131350790384739,0.0024511178745207987,0.08196959691223304,0.046158644654942835,0.09605090578863044,0.00039565915396468424,27,37,0.08206170376686886,0.20373975963850952,False,True,True,1.3945692433512424e-08,COMPLETE
295,0.3539023876190186,2025-04-13 14:29:59.763575,2025-04-13 14:30:19.963039,0 days 00:00:20.199464,0.9473696185648979,0.7377872946368174,2,0.017970920295386605,0.03398760927989639,0.014042164389235766,0.08638675901325313,0.04504103513922196,0.09651594216962027,0.0005451129664104859,27,27,0.08263972127016196,0.1138810432646675,False,True,True,1.4127621397473877e-08,COMPLETE
296,0.40789365768432617,2025-04-13 14:30:20.056592,2025-04-13 14:30:39.767826,0 days 00:00:19.711234,0.9539570281287032,0.7530009730205887,2,0.023075852965617785,0.04589961541869207,0.09701133115631896,0.07586025249493657,0.04511954533781368,0.09485445967572735,0.000685515335456887,26,36,0.08214506120058677,0.17249423557211038,False,True,True,1.6706376708857784e-08,COMPLETE
297,0.4047500371932984,2025-04-13 14:30:39.859585,2025-04-13 14:31:00.008818,0 days 00:00:20.149233,0.9389896845487405,0.8315732447047006,2,0.023463759879240872,0.028426645954603157,0.00789138251898045,0.08373837176603695,0.04656586970921008,0.09708306570962069,0.0002541840225901162,27,32,0.08200235752973385,0.17964073931139204,False,True,True,1.4680205319223973e-08,COMPLETE
298,0.37148293256759646,2025-04-13 14:31:00.111956,2025-04-13 14:31:20.482896,0 days 00:00:20.370940,0.9655647939614161,0.7778800963061856,2,0.016519650511739294,0.036683684677018526,0.09942002816898923,0.08614623868896334,0.08773400467197161,0.09344963091747813,0.00031272795848632574,27,42,0.03714182321325944,0.10039603339455012,False,True,True,1.1441265444184857e-08,COMPLETE
299,0.3942465424537659,2025-04-13 14:31:20.575984,2025-04-13 14:31:40.845596,0 days 00:00:20.269612,0.9428020888829406,0.7587140807412285,2,0.016524436064028904,0.026990249162513896,0.09129848567099674,0.07873932707645051,0.04115400264836306,0.032526953489224415,0.00043862931023405866,27,37,0.07993368803312102,0.2951131578361004,False,True,True,1.8355050735211328e-08,COMPLETE
300,0.4000638008117676,2025-04-13 14:31:40.939648,2025-04-13 14:31:48.584047,0 days 00:00:07.644399,0.9678257319049149,0.723865481271331,16,0.026477103355832952,0.0529011645748009,0.09474769799529766,0.0817727677920295,0.04229317228250997,0.09612890352817703,0.0007275195074372122,26,30,0.08263282023818153,0.16103345921077164,False,True,True,2.6723929286894416e-08,COMPLETE
301,0.3875590682029724,2025-04-13 14:31:48.676967,2025-04-13 14:31:56.343920,0 days 00:00:07.666953,0.9224997511640967,0.6259112871942766,16,0.021104326308929482,0.02228999236613211,0.05375379981940416,0.08777111750177331,0.051106578709443594,0.09784468578330095,0.014839978025483655,27,34,0.08100068226423955,0.22092015086935335,False,True,True,2.2315408860263442e-08,COMPLETE
302,0.2048193633556366,2025-04-13 14:31:56.438478,2025-04-13 14:32:16.994612,0 days 00:00:20.556134,0.9562742247421601,0.7077626678355317,2,0.03493146569823023,0.17368869270430473,0.002103431760636598,0.08845253873994557,0.037537647892328815,0.09527976346476265,0.0005577081917139165,28,23,0.08345015284475857,0.09259076603078889,False,True,True,2.463829279024545e-08,COMPLETE
303,0.20621920228004456,2025-04-13 14:32:17.099939,2025-04-13 14:32:24.881788,0 days 00:00:07.781849,0.9296778701616883,0.7426819236468111,16,0.20284104515665327,0.03062748287641745,0.06829034133780384,0.08532936073876075,0.047012083481212386,0.04158826511628848,0.00038211918131025657,28,27,0.04574941025791981,0.06644499272040215,False,True,True,1.3319729515485163e-08,COMPLETE
304,0.40288281440734863,2025-04-13 14:32:24.978684,2025-04-13 14:32:32.733962,0 days 00:00:07.755278,0.9685804214670135,0.6521759698899097,16,0.013982130471777713,0.01177863121103887,0.07452335705040126,0.0936850128613263,0.05344804710557252,0.039229995495056125,0.00021423642796219308,26,37,0.0784892859058217,0.12035044612125698,False,True,True,1.999423091944808e-08,COMPLETE
305,0.4009894371032715,2025-04-13 14:32:32.830827,2025-04-13 14:32:40.566630,0 days 00:00:07.735803,0.955946772105068,0.7653897207383796,16,0.023578648332138206,0.02224575247021465,0.09192414032343618,0.08918865609411979,0.09243563573288371,0.09767680074165343,0.0028610335410623263,27,32,0.08219154751790522,0.26966355831971206,False,True,True,2.997453097038058e-08,COMPLETE
306,0.40738884210586546,2025-04-13 14:32:40.663540,2025-04-13 14:32:48.481923,0 days 00:00:07.818383,0.9108384902099125,0.7227405644445994,16,0.01421061219235261,0.03504974487173069,0.00440975015390474,0.08730467101731253,0.09721050943339832,0.09294217461163654,0.000461737928033143,28,44,0.08664426872600167,0.2116573880515008,False,True,True,5.607089723537195e-08,COMPLETE
307,0.4125323057174683,2025-04-13 14:32:48.587775,2025-04-13 14:32:56.228645,0 days 00:00:07.640870,0.9423569116220029,0.6889151176184163,16,0.029833621416096332,0.01084584695295541,0.09349010498514088,0.08326965477919357,0.048424632590342055,0.0954243390044179,0.000860498918118702,26,35,0.07682371735027374,0.29965736117291525,False,True,True,1.571802649633993e-08,COMPLETE
308,0.3940390825271607,2025-04-13 14:32:56.324565,2025-04-13 14:33:04.165604,0 days 00:00:07.841039,0.9791523686710236,0.7928347507713529,16,0.006625935627449658,0.04245795019388064,0.06122270530287421,0.09170914976412119,0.031628431245318334,0.04561178223583005,0.00029488101434130824,28,29,0.0835320916992963,0.2911423441554895,False,True,True,2.72724121237697e-08,COMPLETE
309,0.39184648990631105,2025-04-13 14:33:04.260942,2025-04-13 14:33:11.986461,0 days 00:00:07.725519,0.8815121410483553,0.6353893002897406,16,0.01914057643325722,0.019099699066241288,0.09573120896431447,0.09777969736015688,0.05161057763829381,0.0978116253262597,0.008798732276655868,27,40,0.08002982236524044,0.1433284776423776,False,True,True,4.439305693967295e-08,COMPLETE
310,0.4125510692596436,2025-04-13 14:33:12.082846,2025-04-13 14:33:19.810986,0 days 00:00:07.728140,0.9478612522074654,0.705236278059494,16,0.041896094395789715,0.027303372135040995,0.09829060976318053,0.0816966787208271,0.04572166608768496,0.09424703213836334,0.0006384426743936973,27,33,0.0874047972911826,0.19067908272558298,False,True,True,6.614872347102501e-08,COMPLETE
311,0.40328828096389774,2025-04-13 14:33:19.908319,2025-04-13 14:33:27.751701,0 days 00:00:07.843382,0.9786789510085789,0.6653331673262921,16,0.026574907585052827,0.0012609755669798998,0.049730548974913635,0.07961163074601754,0.05784375541775434,0.04827614760185565,0.002471870729519422,28,38,0.08520120996610138,0.2998445165609552,False,True,True,3.557506821314869e-08,COMPLETE
312,0.38180356025695805,2025-04-13 14:33:27.859246,2025-04-13 14:33:35.532013,0 days 00:00:07.672767,0.9257534190703994,0.600460025188122,16,0.016115953159336206,0.018499843063270023,0.09986850293366525,0.09450065275640135,0.02691781025217465,0.09643293437697889,0.0010682101489737333,26,42,0.07480334223777839,0.18483554821532375,False,True,True,1.1537587294035956e-08,COMPLETE
313,0.40666898488998415,2025-04-13 14:33:35.630354,2025-04-13 14:33:43.413447,0 days 00:00:07.783093,0.9631643021789755,0.7399911973644885,16,0.004920889990409636,0.0076293381550407565,0.09156162277700461,0.08963912008567733,0.05596731854952076,0.09828345563709351,0.0003455937778477976,28,25,0.08137542676993487,0.2910961675760766,False,True,True,1.9128364181188862e-08,COMPLETE
314,0.2699681520462036,2025-04-13 14:33:43.512120,2025-04-13 14:33:51.189830,0 days 00:00:07.677710,0.9099966595598226,0.6904310119124601,16,0.15104704729076612,0.276907566250606,0.0964119482260329,0.09175252061112421,0.04339839755306798,0.09242487830973281,0.0008272775850723051,27,35,0.08998086468331636,0.12169254153715887,False,True,False,5.2162054545498864e-08,COMPLETE
315,0.3786595225334167,2025-04-13 14:33:51.290066,2025-04-13 14:33:58.933015,0 days 00:00:07.642949,0.9387218366900938,0.7225086079366931,16,0.037002595502953387,0.03211880421830145,0.017987193533408843,0.08464197357065993,0.040038247071472716,0.08926408563690766,0.006254206143775196,26,30,0.08327616814395825,0.2948997482944532,False,True,True,2.5775474873721466e-08,COMPLETE
316,0.3903971672058105,2025-04-13 14:33:59.042091,2025-04-13 14:34:17.110460,0 days 00:00:18.068369,0.9759600104870878,0.7732254390114962,2,0.010961197045259656,0.024481907208347014,0.09024265094969001,0.09319706964019682,0.04655685780643407,0.09617022520792994,0.0034991402913012665,23,37,0.07827992486879884,0.15226324188948975,False,True,True,3.457999483333148e-08,COMPLETE
317,0.40904642343521114,2025-04-13 14:34:17.208422,2025-04-13 14:34:24.932906,0 days 00:00:07.724484,0.9515320485533162,0.6749103150363538,16,0.02215405863019823,0.012204998950260271,0.09271797581755777,0.08704254429541788,0.048488838999603844,0.0979770050681786,0.0006790332669659782,27,31,0.08599567909984589,0.1683656481428271,False,True,True,1.5638997786454694e-08,COMPLETE
318,0.4125745534896851,2025-04-13 14:34:25.032787,2025-04-13 14:34:32.623100,0 days 00:00:07.590313,0.9266275188218385,0.7565093001069144,16,0.02888745980274416,0.0396525748459082,0.09407512325475825,0.09508778561753634,0.05029548180007003,0.09429985338792123,0.0005451537380990693,25,40,0.08815795858623228,0.287868716682265,False,True,True,4.7136064330086516e-08,COMPLETE
319,0.4163403034210205,2025-04-13 14:34:32.722091,2025-04-13 14:34:40.593093,0 days 00:00:07.871002,0.9764761113490991,0.6492097458602694,16,0.01575756319920067,0.017885617316101395,0.09726018350920516,0.0899151225170137,0.07036382970962546,0.03623169836269223,0.0004784519336826885,28,34,0.08412212911224144,0.2024242687884879,False,True,True,6.354869909935379e-08,COMPLETE
320,0.4163453817367554,2025-04-13 14:34:40.703141,2025-04-13 14:34:48.221710,0 days 00:00:07.518569,0.9798956413061203,0.6333058109254249,16,0.0007096191895488782,0.02387982988100921,0.09720430049705876,0.08874825140463193,0.08030008422633844,0.03322882004921077,0.00046226442762515544,24,35,0.08086220551166609,0.27872073638175376,False,True,True,7.946331945590044e-08,COMPLETE
321,0.29174928069114686,2025-04-13 14:34:48.322089,2025-04-13 14:34:55.857112,0 days 00:00:07.535023,0.41843138487331943,0.6274286326528814,16,0.002542141639554827,0.027317596779079793,0.09687197282922821,0.08663375841468961,0.0834997848088129,0.031779242887456836,0.0004283692261905226,24,34,0.07969598245446233,0.271439332348861,False,True,True,8.152243836037728e-08,COMPLETE
322,0.3596958041191101,2025-04-13 14:34:55.958115,2025-04-13 14:35:03.374731,0 days 00:00:07.416616,0.9819300586331812,0.6102253500850507,16,0.007965759235913597,0.03180014502944971,0.09763062574574338,0.08885869822844007,0.07460505918808563,0.03606001068318208,0.0005027955967979805,23,50,0.0768091146646323,0.19810253324606317,False,True,True,6.752338258717528e-08,COMPLETE
323,0.4080416202545166,2025-04-13 14:35:03.474646,2025-04-13 14:35:10.957778,0 days 00:00:07.483132,0.9761042043065811,0.6412420824004356,16,0.0043637658907916075,0.019012138442410006,0.09596268951448739,0.08408478510584882,0.06289452560319911,0.03438188451591745,0.00034624469625093007,24,27,0.08076445997241478,0.22895618376542556,False,True,True,1.0029010722053808e-08,COMPLETE
324,0.37483267784118657,2025-04-13 14:35:11.058489,2025-04-13 14:35:18.694861,0 days 00:00:07.636372,0.9843835196393486,0.5817643091006768,16,0.009972270862978283,0.00858685088713312,0.0999689166257844,0.09020557824985337,0.08112286997920921,0.038078141138250615,0.00042495277128939165,25,45,0.08302784552036033,0.27862567689947115,False,True,True,1.1472578780327892e-07,COMPLETE
325,0.40426173210144045,2025-04-13 14:35:18.805391,2025-04-13 14:35:26.658627,0 days 00:00:07.853236,0.9998574407103209,0.6490609225203797,16,0.0008520743104468984,0.01636431279797007,0.09752579196773824,0.08582003751455004,0.0720930525828324,0.03051025647672177,0.00023475716566009403,28,35,0.07994572096867344,0.28194240975836715,False,True,True,1.466818915728713e-07,COMPLETE
326,0.3963099718093872,2025-04-13 14:35:26.759565,2025-04-13 14:35:34.189173,0 days 00:00:07.429608,0.9664912538612763,0.6245514543547633,16,0.0139619869697204,0.02715499669818813,0.09539657223896524,0.08844612755852878,0.06861220920521795,0.02873637471696404,0.0005083380114714417,23,41,0.07125241058077761,0.26691725447218506,False,True,True,8.84110152457544e-08,COMPLETE
327,0.42598155736923216,2025-04-13 14:35:34.291343,2025-04-13 14:35:41.795706,0 days 00:00:07.504363,0.8927616949910745,0.6603233919928823,16,0.0006773851759420884,0.03479638979763778,0.094562163090332,0.08200057060668314,0.09383954744245315,0.03602907071131919,0.0003721038443237238,24,32,0.08177205373847456,0.2769289541023307,False,True,True,6.353356809370784e-08,COMPLETE
328,0.41615661382675173,2025-04-13 14:35:41.897722,2025-04-13 14:35:49.472104,0 days 00:00:07.574382,0.8887789456288044,0.6129710920570464,16,0.005122121416643943,0.0512657698920683,0.09798999627835799,0.07723044051997455,0.06501657786689953,0.03355763101390896,0.000339135644428165,24,29,0.07825831621358682,0.20355438250589347,False,True,True,8.377116238126253e-08,COMPLETE
329,0.28976279497146606,2025-04-13 14:35:49.584319,2025-04-13 14:36:08.265707,0 days 00:00:18.681388,0.8654818815825647,0.6053945416363987,2,0.001953764400930966,0.04006589038954632,0.09842911279626931,0.07527867479148158,0.09436615362787815,0.03389770917988394,0.00029965692015855117,24,24,0.07426580351074821,0.21709789356042092,False,True,True,1.1344132031874717e-07,COMPLETE
330,0.3388753414154053,2025-04-13 14:36:08.367804,2025-04-13 14:36:15.809943,0 days 00:00:07.442139,0.8817258837461623,0.5571797494765975,16,0.0007874025356720497,0.055944165183896985,0.09814053422757872,0.07862648180776606,0.08841773633733407,0.03303997756345522,0.0003491782158317698,24,29,0.07752829504800117,0.20198748028829983,False,True,True,8.163162991737496e-08,COMPLETE
331,0.4013350248336792,2025-04-13 14:36:15.913886,2025-04-13 14:36:23.388999,0 days 00:00:07.475113,0.8851433430282957,0.6245317621595711,16,0.007062792109782156,0.06269803065233928,0.0948063676320878,0.08142570547121838,0.0669652690292018,0.03663836591324864,0.000262082716709851,24,27,0.0784303640796629,0.2095853711636398,False,True,True,6.509470549018236e-08,COMPLETE
332,0.2538531541824341,2025-04-13 14:36:23.491949,2025-04-13 14:36:30.846357,0 days 00:00:07.354408,0.9021432787159399,0.643632825666396,16,0.13928925916387047,0.04319776178765501,0.09673410531637677,0.07973282222758432,0.065410773318779,0.0355350379879141,0.0004099773618081418,23,31,0.07589161060550986,0.20815929770980007,False,True,True,0.00032331562285773985,COMPLETE
333,0.27475982904434204,2025-04-13 14:36:30.959118,2025-04-13 14:36:38.357723,0 days 00:00:07.398605,0.8810105433209383,0.6118361493569326,16,0.0074477964734934975,0.20926652265190024,0.09506745142827995,0.08262268854820232,0.059668680280495864,0.03777227303670188,0.00037219757580504167,24,29,0.08115368866478324,0.27490117253068,False,True,False,2.3586076727094945e-07,COMPLETE
334,0.4041094183921814,2025-04-13 14:36:38.463101,2025-04-13 14:36:45.797792,0 days 00:00:07.334691,0.9097641918529025,0.6521733372807155,16,0.010288409348036813,0.04913776810451523,0.09962503745485131,0.07824499265745598,0.09269529089108446,0.03553058135835126,0.000298243175372414,23,25,0.07862196687669773,0.20487797870787497,False,True,True,8.716285229337681e-08,COMPLETE
335,0.2902595937252045,2025-04-13 14:36:45.901063,2025-04-13 14:36:53.229321,0 days 00:00:07.328258,0.5085916515620761,0.6562943273811965,16,0.00013803778949200533,0.0004429920653709861,0.09716911924003581,0.07665646939784765,0.07541034410546402,0.03959591637622419,0.02542890839808412,22,32,0.08182313644116787,0.19565567473281795,False,True,True,6.006610574713092e-08,COMPLETE
336,0.2048193633556366,2025-04-13 14:36:53.333471,2025-04-13 14:37:00.883067,0 days 00:00:07.549596,0.8648396316688779,0.6270138349476776,16,0.2683936405190882,0.06678339390287294,0.09982343404735687,0.08266713860862568,0.06200029332482936,0.030065166304237865,0.00043733801872765653,25,33,0.07630005880709359,0.26404983485555156,False,True,True,1.2027946987584252e-07,COMPLETE
337,0.3598135352134705,2025-04-13 14:37:00.998165,2025-04-13 14:37:08.776423,0 days 00:00:07.778258,0.9013466759409058,0.5856510768433977,16,0.006528373874882217,0.04975839166269937,0.0945017666695912,0.07159423724230071,0.08192874558907041,0.03283335430274758,0.00022722010531717236,24,95,0.07985325874650359,0.16660427641655398,False,True,True,7.036713259788783e-08,COMPLETE
338,0.3430960297584534,2025-04-13 14:37:08.881461,2025-04-13 14:37:16.454738,0 days 00:00:07.573277,0.9226944480371658,0.5015380283117449,16,0.012630202383781649,0.009770785959348657,0.09652362545534768,0.08500139861365673,0.09108204178138907,0.036989074248303125,0.00019104161690991798,25,31,0.08200273390523535,0.05133175817802993,False,True,True,1.9891691576649655e-08,COMPLETE
339,0.4060710668563843,2025-04-13 14:37:16.560325,2025-04-13 14:37:24.066292,0 days 00:00:07.505967,0.9319811982878836,0.6741053181738206,16,0.01615708155191086,0.03716968544422795,0.0938509191100758,0.08167407129314709,0.0705131735515512,0.04060785109443459,0.0003573316520078259,25,27,0.07927614848420526,0.27827825128398687,False,True,True,9.319181452874052e-08,COMPLETE
340,0.38760354518890383,2025-04-13 14:37:24.175830,2025-04-13 14:37:42.623944,0 days 00:00:18.448114,0.8917170002220082,0.6400306562769923,2,0.0008531709572770045,0.08369826886098837,0.09794705206046732,0.08716826245832487,0.09433281264851733,0.03365787760252789,0.0005284522483678696,24,22,0.08343923301019596,0.1880574658762856,False,True,True,1.3799817590209852e-08,COMPLETE
