number,value,datetime_start,datetime_complete,duration,params_alpha-eval,params_alpha-train,params_batch-size,params_eps-eval,params_eps-train,params_lambda-actions-eval,params_lambda-actions-train,params_lambda-frames-eval,params_lambda-frames-train,params_learning-rate,params_n-epochs,params_n-frames,params_radius-gw,params_rho,params_std-feats,params_ub-actions,params_ub-frames,params_weight-decay,state
1766,0.43191159963607795,2025-04-13 17:58:19.014522,2025-04-13 17:58:26.391764,0 days 00:00:07.377242,0.4526975990469023,0.6230940508391379,8,0.05685006458742622,0.09121963358273408,0.06471570399886535,0.03542397685616699,0.049947353998673394,0.02394485087950839,0.0008505650482723034,12,32,0.0537482431208561,0.2049664595399367,True,True,True,3.990798027666146e-07,COMPLETE
1767,0.4020733356475831,2025-04-13 17:58:26.993107,2025-04-13 17:58:34.149274,0 days 00:00:07.156167,0.4968090187484321,0.6503725483772109,8,0.04791481951350069,0.08026220091780986,0.062011886119643485,0.042274977804118624,0.053861528486295676,0.018893496680916076,0.0012153711559611585,11,35,0.049783229519472776,0.19997109765081045,True,False,True,2.617398175400152e-07,COMPLETE
1768,0.29417699575424194,2025-04-13 17:58:34.711846,2025-04-13 17:58:42.081716,0 days 00:00:07.369870,0.4277525455984462,0.6687027993426125,8,0.06252837413105,0.06737505519302711,0.06701681038257215,0.03353795345266425,0.05460936292153281,0.021678370482023465,0.0009186228440660242,12,39,0.05428044529087653,0.21200023126309508,True,True,True,5.123003250184202e-07,COMPLETE
1769,0.3345160484313965,2025-04-13 17:58:42.666801,2025-04-13 17:58:49.761693,0 days 00:00:07.094892,0.408292410439556,0.6905488666899802,8,0.05496838326043237,0.0853474874142295,0.058131779927629475,0.030175160042091836,0.039998389721569105,0.018006674620671133,0.0010310411126538209,10,30,0.05192566763789702,0.19097418867567284,True,True,True,1.771529180027486e-07,COMPLETE
1770,0.2903174102306366,2025-04-13 17:58:50.324990,2025-04-13 17:58:57.506346,0 days 00:00:07.181356,0.4630404330068,0.6362635908225772,8,0.04222765484075583,0.076353065584529,0.06386630098764436,0.038417306318559795,0.047427622017675426,0.026105554931411118,0.0007331828806106663,11,36,0.04868530578612506,0.20394036761688736,True,True,True,3.760043574378229e-07,COMPLETE
1771,0.37092492580413816,2025-04-13 17:58:58.095659,2025-04-13 17:59:05.662574,0 days 00:00:07.566915,0.4960268474135603,0.6738111470235937,8,0.050315126806377265,0.09245161124076444,0.06138355291213131,0.04025313918157424,0.05157682304984606,0.020580782085838127,0.0006884729296552483,13,39,0.05082785162315183,0.21040541800982657,True,True,True,2.357442574249527e-07,COMPLETE
1772,0.4329448938369751,2025-04-13 17:59:06.226454,2025-04-13 17:59:13.584631,0 days 00:00:07.358177,0.3719524108808736,0.6525849714359788,8,0.06536538150623426,0.08215250843556757,0.06608830331628142,0.03619495268637686,0.04324054117090067,0.029461563030069058,0.0016049293221747723,12,33,0.05516474498225196,0.21591145378805662,True,True,True,3.0593760867984617e-07,COMPLETE
1773,0.38067713975906375,2025-04-13 17:59:14.172097,2025-04-13 17:59:21.442810,0 days 00:00:07.270713,0.3640793818580583,0.618281588714673,8,0.06944821934176927,0.07536760199668933,0.06684225442094166,0.03639973894022125,0.04024208457741118,0.027679014532074768,0.0013389969528555647,12,25,0.054719775269032676,0.21681420764846243,True,True,True,3.3760687787191975e-07,COMPLETE
1774,0.3327293634414673,2025-04-13 17:59:22.038145,2025-04-13 17:59:29.323456,0 days 00:00:07.285311,0.3428345829876933,0.593135668673091,8,0.07129740247077225,0.07112953810805037,0.06434074551177672,0.03456203178988211,0.042611366789605504,0.029517564736783127,0.0020020090785707843,12,27,0.0534918689196178,0.21689754764390462,True,True,True,2.8141686739321864e-07,COMPLETE
1775,0.39458553791046147,2025-04-13 17:59:29.895703,2025-04-13 17:59:37.191778,0 days 00:00:07.296075,0.35096260426874126,0.63959237543038,8,0.06632436336627198,0.07982269236405586,0.06281776199191577,0.03682975863925091,0.04367252248832371,0.03003970462790919,0.0025025474733938314,12,29,0.053964058684306405,0.21459315358934852,True,True,True,5.042657167118565e-07,COMPLETE
1776,0.296066415309906,2025-04-13 17:59:37.761816,2025-04-13 17:59:45.072749,0 days 00:00:07.310933,0.30317919473416666,0.6485395153991991,8,0.06624118683753033,0.06601206360487984,0.027350492063204144,0.03496190952717332,0.04135647243620105,0.03193865747840314,0.0016996773619401568,12,31,0.055229499572633886,0.21591176746604068,True,True,True,3.598401308104104e-07,COMPLETE
1777,0.3070977568626404,2025-04-13 17:59:45.660693,2025-04-13 17:59:58.460593,0 days 00:00:12.799900,0.3794378755057063,0.6239891558113858,2,0.08844143293220776,0.0759002639512813,0.06691697374382699,0.03649761158741385,0.04456960782475238,0.03145674137812237,0.0012117114116706827,13,23,0.05518358146049264,0.20911893591821773,True,True,False,2.115500328673766e-07,COMPLETE
1778,0.42692452669143677,2025-04-13 17:59:59.029859,2025-04-13 18:00:06.388906,0 days 00:00:07.359047,0.3627942193978314,0.6541159948520661,8,0.0703098865639077,0.08316269083971829,0.05923807751377018,0.032419318631703165,0.03912978407453829,0.03315548774546152,0.0018595476668922112,12,32,0.05305908313296279,0.20531780971409666,True,True,True,2.9329071110034396e-07,COMPLETE
1779,0.35138403177261357,2025-04-13 18:00:06.976549,2025-04-13 18:00:14.174374,0 days 00:00:07.197825,0.3835411799774493,0.6100749619541812,8,0.06390571159386205,0.07387639458292268,0.06515953137999314,0.03849695656725015,0.04272271678497674,0.028989407550042774,0.0015133449049773387,11,29,0.05211794622501815,0.2090042570466182,True,True,True,4.6620577186018806e-07,COMPLETE
1780,0.4228900074958801,2025-04-13 18:00:14.746880,2025-04-13 18:00:22.204019,0 days 00:00:07.457139,0.31618804341674694,0.6552961298938955,8,0.07364805238337338,0.08163699717400358,0.06054419569415619,0.03303190229226487,0.03552880101244374,0.025454609559861004,0.0018508427171768473,13,33,0.05140258806118081,0.2165589437001552,True,True,True,1.558254617558506e-07,COMPLETE
1781,0.32144879102706914,2025-04-13 18:00:22.808226,2025-04-13 18:00:29.999070,0 days 00:00:07.190844,0.3721840993702497,0.6338888739414628,8,0.06577331046822095,0.059812969505904076,0.06306378927580242,0.037643735507419694,0.03865289156199135,0.028327114380823623,0.0013974578361132582,11,28,0.05531711202431146,0.20039086906704429,True,True,True,2.2931131816587525e-07,COMPLETE
1782,0.3226298034191132,2025-04-13 18:00:30.569430,2025-04-13 18:00:38.678879,0 days 00:00:08.109449,0.3328532504739086,0.6720485424264449,8,0.06050768738419917,0.07152178857800381,0.056504892775941985,0.03517776141140476,0.045487942734909914,0.03280768580024139,0.002231194710138496,12,147,0.05306611119784054,0.20401973759148087,True,True,True,3.723387061374695e-07,COMPLETE
1783,0.3870570302009583,2025-04-13 18:00:39.270114,2025-04-13 18:00:46.602426,0 days 00:00:07.332312,0.368691118216842,0.6559180662952984,8,0.07093173408871427,0.078491454302413,0.06682317123167118,0.03163675520911461,0.04225599188098099,0.029293703954341513,0.0032028406871392814,12,33,0.05532116000802256,0.21059285312565817,True,False,True,6.656155373251411e-07,COMPLETE
1784,0.4084536910057068,2025-04-13 18:00:47.173731,2025-04-13 18:00:54.394866,0 days 00:00:07.221135,0.38604372116968316,0.6731494947454594,8,0.06410411054364594,0.08229757396430468,0.06509819895822369,0.03809286311588275,0.04448289227291219,0.02720031558375089,0.0012973740392874466,11,31,0.05018393395980404,0.1955638609443087,True,True,True,2.915328166650331e-07,COMPLETE
1785,0.43138854503631596,2025-04-13 18:00:54.987692,2025-04-13 18:01:02.320050,0 days 00:00:07.332358,0.3620267072410986,0.6306765813130193,8,0.06070609983824654,0.08598201903399201,0.06192900019011581,0.03388794027349392,0.04527048296119228,0.0294983841856331,0.002544637680428743,12,32,0.05246610937597255,0.21782354457102915,True,True,True,1.8590757167537405e-07,COMPLETE
1786,0.2048193633556366,2025-04-13 18:01:02.920620,2025-04-13 18:01:10.013794,0 days 00:00:07.093174,0.4007872675563083,0.5944208208767534,8,0.06719388921843404,0.06672821486288263,0.06689517926161549,0.028968639767010126,0.04720352547114448,0.026703302349020436,0.0020181513825471577,11,18,0.047332572642941356,0.20702368131081586,True,True,True,4.1006060071876496e-07,COMPLETE
1787,0.22045422792434693,2025-04-13 18:01:10.592293,2025-04-13 18:01:22.059911,0 days 00:00:11.467618,0.3386502842482921,0.6880969921386083,2,0.11013699791145709,0.07641789564954946,0.06355501107278096,0.04032516115652668,0.0433555012304043,0.026018428794726996,0.001659307995174623,10,34,0.05533647265815527,0.19696853633976238,True,True,True,2.8085936081027007e-07,COMPLETE
1788,0.4117711305618287,2025-04-13 18:01:22.639242,2025-04-13 18:01:29.811768,0 days 00:00:07.172526,0.39373705801252445,0.6524571588465454,8,0.07544572204337477,0.08581668602499479,0.05997853133487328,0.036022760896161674,0.04952535543630294,0.030030157800725606,0.0011350232042908988,11,35,0.04963663577538354,0.2115051315509013,True,True,True,1.3416037291467444e-07,COMPLETE
1789,0.3555158138275147,2025-04-13 18:01:30.399971,2025-04-13 18:01:37.866820,0 days 00:00:07.466849,0.3713510628958153,0.6697386519042268,8,0.05829932982645635,0.07039080978272784,0.06543696005118849,0.031118627297588367,0.04677631606025881,0.028014231947141772,0.0016383298609813838,13,28,0.05325264646888084,0.1878359624317284,True,True,True,2.4474918973153735e-07,COMPLETE
1790,0.35063081979751587,2025-04-13 18:01:38.446261,2025-04-13 18:01:45.297656,0 days 00:00:06.851395,0.41364658764032897,0.6179003091616827,8,0.061150364877785766,0.07839130797126369,0.06152647838298721,0.03958926944767264,0.041354971744884415,0.026900726736950535,0.0016443266807805222,9,36,0.05099078021262099,0.21778333194906754,True,True,True,5.382867436882949e-07,COMPLETE
1791,0.4159367084503174,2025-04-13 18:01:45.887805,2025-04-13 18:01:53.237959,0 days 00:00:07.350154,0.35525497084768687,0.691692577006038,8,0.08442499762328835,0.0863313859090652,0.05805462553759448,0.025482161711705226,0.04432790303770622,0.02454711675319142,0.0010785392199986184,12,31,0.055108821063714626,0.2015797316941886,True,True,True,3.854350734246879e-07,COMPLETE
1792,0.42278140783309937,2025-04-13 18:01:53.811086,2025-04-13 18:02:01.131213,0 days 00:00:07.320127,0.41138295664439806,0.647128159326481,8,0.06543426536609599,0.07285515010770674,0.06406807748182451,0.027836870685718336,0.04578334639178188,0.02433674112364832,0.0015060660844248566,12,33,0.05184451336299475,0.20646249890698617,True,True,True,3.1808786504699476e-07,COMPLETE
1793,0.4036380529403687,2025-04-13 18:02:01.724828,2025-04-13 18:02:08.787323,0 days 00:00:07.062495,0.3929479465179329,0.6701338154304717,8,0.05740167264427957,0.08141704541298364,0.05522560417576374,0.0344932209383618,0.0482932455911421,0.023121088835656292,0.000889494119138743,10,35,0.04441131151764116,0.19352543330605537,True,True,True,2.1003379719284044e-07,COMPLETE
1794,0.31430891752243045,2025-04-13 18:02:09.387055,2025-04-13 18:02:16.538117,0 days 00:00:07.151062,0.4285921934738139,0.6348598433364881,8,0.07523318831234647,0.06061721170427774,0.06716862394940928,0.02311770121383366,0.03969260800497731,0.024783936773377816,0.0014954262844054339,11,30,0.04855481981339857,0.19833766538955802,True,True,True,2.608380241683142e-07,COMPLETE
1795,0.4299223303794861,2025-04-13 18:02:17.119957,2025-04-13 18:02:24.627207,0 days 00:00:07.507250,0.33767712484211787,0.678266811873112,8,0.06825777273563169,0.08889244980585681,0.06277203594121865,0.037324524074650804,0.04157095937419861,0.030375007482096435,0.0010890253956273932,13,35,0.05389646509172267,0.21171951912998127,True,True,True,1.6324415666202453e-07,COMPLETE
1796,0.3066080689430237,2025-04-13 18:02:25.226559,2025-04-13 18:02:32.284190,0 days 00:00:07.057631,0.384918393370646,0.691939476530937,8,0.05858358731987021,0.07836234970207187,0.06514578089186396,0.03304620582928247,0.048511945634677624,0.023365796536847033,0.0009142216512440966,11,25,0.051036962925545756,0.2001274322873137,True,True,False,4.414482103699216e-07,COMPLETE
1797,0.3879277586936951,2025-04-13 18:02:32.859807,2025-04-13 18:02:40.144545,0 days 00:00:07.284738,0.4245933796803502,0.658936306836301,8,0.09373121872879,0.0657010344607839,0.061183513059383146,0.005643040905122881,0.050034293950272174,0.026608042251569774,0.0021514801131968463,12,33,0.049754052415733115,0.20530345500757213,True,True,True,1.1592076267446254e-07,COMPLETE
1798,0.41379469633102417,2025-04-13 18:02:40.720481,2025-04-13 18:02:52.238120,0 days 00:00:11.517639,0.4100292201609448,0.6114138356098454,2,0.07077324884666181,0.08499612239233109,0.05891480553659231,0.04052370562382975,0.051698528048186684,0.022052759895812075,0.0012348897040364273,10,37,0.05307797384202992,0.21809158706617393,True,True,True,3.3125861363637137e-07,COMPLETE
1799,0.35545672178268434,2025-04-13 18:02:52.835113,2025-04-13 18:03:00.783837,0 days 00:00:07.948724,0.44039826792042913,0.638905567586242,8,0.062395729358565244,0.07268561077992129,0.06725804928129424,0.03800951873225787,0.05414789692106025,0.0592319225761373,0.0007964317950478975,13,108,0.047192839464009324,0.21203366543743507,True,True,True,2.0181027025184273e-07,COMPLETE
1800,0.3883585572242737,2025-04-13 18:03:01.357731,2025-04-13 18:03:08.568760,0 days 00:00:07.211029,0.3982674742727404,0.6595668720164122,8,0.05502397243884528,0.09145996844081389,0.0644041579374532,0.02999120661580443,0.041021684466763436,0.031152055299532612,0.0009470100755520131,11,27,0.05543416910188113,0.19185246219034857,True,True,True,6.260377834272275e-07,COMPLETE
1801,0.3970612645149231,2025-04-13 18:03:09.163712,2025-04-13 18:03:16.497642,0 days 00:00:07.333930,0.44003480504501236,0.6793739253963499,8,0.0659063609698374,0.07926221051571262,0.06297244067814566,0.034588235776038936,0.045395047043956374,0.025733797743104993,0.001904056723425132,12,36,0.052280518867299466,0.20552748568317372,True,True,True,2.8499613561349636e-07,COMPLETE
1802,0.3902890682220459,2025-04-13 18:03:17.071443,2025-04-13 18:03:24.178756,0 days 00:00:07.107313,0.37401494189510465,0.6939187080815831,8,0.0549304821893344,0.08555494811582115,0.0668202454564142,0.03186128214006091,0.03781969063358635,0.02776264822439708,0.0013483333188983356,11,31,0.0487063514957483,0.18492934536360586,True,False,True,3.8056709319043303e-07,COMPLETE
1803,0.2048193633556366,2025-04-13 18:03:24.775081,2025-04-13 18:03:31.940591,0 days 00:00:07.165510,0.4271209478942182,0.6303690877929673,8,0.058850100672402164,0.06857398802525347,0.060490326227881225,0.03617546512390682,0.05200314112605051,0.022252905521043524,0.0006709709502987448,12,9,0.055488398253862196,0.20115496688153978,True,True,True,5.052254057519513e-07,COMPLETE
1804,0.32561392784118653,2025-04-13 18:03:32.519786,2025-04-13 18:03:40.100706,0 days 00:00:07.580920,0.40341272440367104,0.6501574260968738,8,0.0782678698052451,0.0747836787997429,0.06502198418304113,0.040284812717960194,0.0472596867016459,0.023257984886677498,0.0009405576855572924,13,39,0.050663250872704436,0.21069338657400866,True,True,True,2.384130574188689e-07,COMPLETE
1805,0.2048193633556366,2025-04-13 18:03:40.692713,2025-04-13 18:03:48.024935,0 days 00:00:07.332222,0.4492913088776415,0.6715036962582525,8,0.2020090468291041,0.28597851850418454,0.06250296049749259,0.02777626240064922,0.05456530110390453,0.024683338680287843,0.0011368318637129669,12,36,0.05368779035550036,0.1940518737389444,True,True,True,2.0996423431912963e-07,COMPLETE
1806,0.36382464170455936,2025-04-13 18:03:48.605091,2025-04-13 18:03:55.894208,0 days 00:00:07.289117,0.4239956675089846,0.6876619703609775,8,0.07092218100661078,0.08985389529207255,0.05811724843727022,0.04201839271985126,0.055601282868448176,0.020447072412478416,0.0006659427949116095,10,74,0.05167277271968616,0.2167223830027234,True,True,True,1.6019267776421597e-07,COMPLETE
1807,0.3407750487327576,2025-04-13 18:03:56.501477,2025-04-13 18:04:03.675292,0 days 00:00:07.173815,0.3528707870429984,0.5782866173335246,8,0.06251054241194293,0.07966342019901666,0.06683533992482697,0.038100803245312065,0.04394485661737294,0.020470294867152537,0.000787688310754362,11,33,0.04624288931797564,0.20362266688615882,True,True,True,3.42635815556515e-07,COMPLETE
1808,0.40844541788101196,2025-04-13 18:04:04.284477,2025-04-13 18:04:11.433707,0 days 00:00:07.149230,0.47190990559108775,0.6572779929936658,8,0.0518629329806776,0.08322346358464833,0.06395852466163304,0.04232993848243501,0.05248001827118575,0.025256388005493187,0.001149691848130911,11,29,0.049387847116284085,0.19774962605287683,True,True,True,7.946175096597546e-07,COMPLETE
1809,0.31773580908775334,2025-04-13 18:04:12.018652,2025-04-13 18:04:23.046563,0 days 00:00:11.027911,0.4523888364252384,0.05731236872177786,2,0.12787300344394467,0.0912256876294319,0.06009923125957804,0.03080868194213067,0.04585827353305281,0.021959040203229776,0.0008891224808139493,9,39,0.05361513007933058,0.2098180204062099,True,True,True,2.6726703375119765e-07,COMPLETE
1810,0.2978311896324158,2025-04-13 18:04:23.649700,2025-04-13 18:04:31.028188,0 days 00:00:07.378488,0.4107767689912101,0.6071034130102406,8,0.05624637524128131,0.06563401181697934,0.06239563726095925,0.03355224246858885,0.05065315020062024,0.02854508291908731,0.0014326958584432064,12,36,0.03286138971860855,0.20384916782560286,True,True,True,4.126323181944955e-07,COMPLETE
1811,0.2909802675247193,2025-04-13 18:04:31.604813,2025-04-13 18:04:38.821970,0 days 00:00:07.217157,0.4334779388565505,0.6365991901313706,8,0.046779499898108284,0.07351955768435278,0.06586897314739722,0.038963583098312306,0.048417795758293435,0.019498176773082333,0.0006416442300288518,11,39,0.054860428196784314,0.2166109354586323,True,True,True,5.688421260264302e-07,COMPLETE
1812,0.39621332883834837,2025-04-13 18:04:39.427767,2025-04-13 18:04:46.854077,0 days 00:00:07.426310,0.38531801099275975,0.6708009892399915,8,0.06786839690606672,0.08033161390893091,0.06457415854444931,0.03658491116019442,0.05541363182921521,0.023135908333792594,0.0010731798925185966,13,22,0.051308439499799824,0.18960069223553278,True,True,True,1.8555734579317717e-07,COMPLETE
1813,0.3986622214317322,2025-04-13 18:04:47.432246,2025-04-13 18:04:54.459157,0 days 00:00:07.026911,0.4513205840918222,0.6962415867758225,8,0.061333390352187045,0.08469485382803768,0.061031421099661406,0.04047304819868339,0.04939626302640775,0.021208278189166915,0.0017862866362151188,10,32,0.047785649767434685,0.20005251057893778,True,True,True,3.3174580404337837e-07,COMPLETE
1814,0.29044682383537296,2025-04-13 18:04:55.067193,2025-04-13 18:05:02.427155,0 days 00:00:07.359962,0.4547442793512995,0.6225302456551414,8,0.04954666829905319,0.07090674620376013,0.06707062561731562,0.025991485023312066,0.0434560622516302,0.01849725049754835,0.0007752932124611118,12,34,0.05254231781896958,0.21027761396724137,True,True,True,2.44674514687947e-07,COMPLETE
1815,0.2826719880104065,2025-04-13 18:05:03.011908,2025-04-13 18:05:10.209404,0 days 00:00:07.197496,0.47538735062681164,0.651056759896772,8,0.056390349247140946,0.07653286697262777,0.06325855392429056,0.03510977097677893,0.053343312639954066,0.07967290773831562,0.0006332651858205703,11,39,0.05535273157353385,0.1979328289656748,True,True,False,4.774885760368454e-07,COMPLETE
1816,0.4023068070411682,2025-04-13 18:05:10.814063,2025-04-13 18:05:18.110418,0 days 00:00:07.296355,0.4713412359047533,0.6968525079315269,8,0.07111437334443267,0.09168111303130497,0.05871491889673092,0.031766241208322304,0.05436538801248403,0.026758951935238647,0.0009671268835455509,12,29,0.049349350162235135,0.2182604750053048,True,True,True,3.024683081675955e-07,COMPLETE
1817,0.2933801531791687,2025-04-13 18:05:18.696661,2025-04-13 18:05:26.186965,0 days 00:00:07.490304,0.4168258507520476,0.6750513914461734,8,0.0642586996676078,0.0633075774508898,0.06480662611758028,0.042465083200260295,0.05630686362049668,0.024636928845815673,0.0008036711330540825,13,36,0.053233727012823945,0.2061220110049732,True,True,True,2.0742988880556279e-07,COMPLETE
1818,0.22005572319030764,2025-04-13 18:05:26.770051,2025-04-13 18:05:33.802961,0 days 00:00:07.032910,0.4336466742846931,0.6956200055102078,8,0.11642543293219246,0.08657408415046498,0.054782553880784075,0.029788594006268532,0.051303386628212336,0.022061939211415155,0.001336616815991982,10,33,0.05056138702804361,0.19254920649165866,True,True,True,4.398329479369041e-07,COMPLETE
1819,0.3339584469795227,2025-04-13 18:05:34.404144,2025-04-13 18:05:41.621883,0 days 00:00:07.217739,0.49786029938190024,0.6450931063997416,8,0.05339004754395611,0.07652367035971162,0.05706135479680693,0.03846552783474242,0.046782669975919094,0.01900077179777302,0.0011136844921807883,11,39,0.045712358317046425,0.18579001892937377,True,True,True,1.236102890560392e-07,COMPLETE
1820,0.2816578149795532,2025-04-13 18:05:42.233793,2025-04-13 18:05:54.598592,0 days 00:00:12.364799,0.375188848833959,0.668409766578486,2,0.0865590230199563,0.0914042752465762,0.06745125963268747,0.033340225944512664,0.036709373299178866,0.023765649714822003,0.0006366366074853758,12,36,0.05529757204726891,0.17641418152017083,True,False,True,3.181374600970713e-07,COMPLETE
1821,0.2790588974952698,2025-04-13 18:05:55.183575,2025-04-13 18:06:02.710945,0 days 00:00:07.527370,0.4052563218198652,0.3752297776406546,8,0.07875266088434149,0.08131688114197327,0.061091391432768996,0.03643365862302363,0.04212565478301031,0.01694546943538761,0.0008942178674851445,11,84,0.051434638969104975,0.2097687463447066,True,True,True,2.5441768059578643e-07,COMPLETE
1822,0.21713595390319826,2025-04-13 18:06:03.316972,2025-04-13 18:06:10.769554,0 days 00:00:07.452582,0.4725973827823511,0.1572605562713541,8,0.044978123730992345,0.06783310406852848,0.06313164266369743,0.04066228901165127,0.04550719072094141,0.02806847825803003,0.0007530130781852844,13,26,0.05377517313366056,0.15739328469146144,True,True,True,1.7729730177429623e-07,COMPLETE
