number,value,datetime_start,datetime_complete,duration,params_alpha-eval,params_alpha-train,params_batch-size,params_eps-eval,params_eps-train,params_lambda-actions-eval,params_lambda-actions-train,params_lambda-frames-eval,params_lambda-frames-train,params_learning-rate,params_n-epochs,params_n-frames,params_radius-gw,params_rho,params_std-feats,params_ub-actions,params_ub-frames,params_weight-decay,state
1651,0.42546892166137695,2025-04-15 17:13:07.750732,2025-04-15 17:13:17.601463,0 days 00:00:09.850731,0.4979717587065731,0.7945776569905031,16,0.028548095021544595,0.1711727548092639,0.0955906505273119,0.030068886625446323,0.09600285894517718,0.05781802561073339,0.00011471434021406857,27,130,0.05614336316847691,0.19538340539504304,True,True,True,2.5246781922451534e-08,COMPLETE
1652,0.20613502860069277,2025-04-15 17:13:18.142460,2025-04-15 17:13:27.700633,0 days 00:00:09.558173,0.4670186660062613,0.7729795753685449,16,0.10850749928780698,0.15128054347828887,0.09838294716716821,0.03415004585440871,0.08162977488793893,0.05652719694594883,0.0001512894896810423,25,129,0.06325881152255503,0.2273999041424151,True,True,True,1.9467532696751494e-08,COMPLETE
1653,0.4084326267242432,2025-04-15 17:13:28.237343,2025-04-15 17:13:38.434504,0 days 00:00:10.197161,0.5141433880967603,0.8007060184201663,16,0.03590423293046366,0.17583020930168997,0.09385274286136135,0.03177753067411125,0.08487285771364432,0.060552982856189264,9.603387571089955e-05,30,123,0.05948966221783097,0.2044758328214817,True,True,True,3.3929683154652256e-08,COMPLETE
1654,0.39046359062194824,2025-04-15 17:13:39.006920,2025-04-15 17:13:49.193880,0 days 00:00:10.186960,0.4868495757374941,0.7480274143204706,16,0.04546982986508351,0.16718017695460946,0.0965858441511224,0.018982451976435912,0.0900493323449049,0.05831245589063189,0.00011456750488406182,29,130,0.074271621672261,0.21324147036767205,True,True,True,2.7117867070810696e-08,COMPLETE
1655,0.42503859996795657,2025-04-15 17:13:49.730332,2025-04-15 17:13:59.965224,0 days 00:00:10.234892,0.45675957740515444,0.7824675624932891,16,0.0280169047034491,0.14314073638125438,0.09816327185635369,0.0341442844979916,0.0869616506499592,0.05942048582691479,0.00017654949878929306,30,127,0.05419795443034771,0.19619109702332485,True,True,True,2.2596823841960583e-08,COMPLETE
1656,0.42060675621032717,2025-04-15 17:14:00.528749,2025-04-15 17:14:11.080343,0 days 00:00:10.551594,0.5324251173169545,0.7173695909987674,16,0.033038758201290985,0.15932412895794765,0.09506826347499905,0.02992824672955975,0.08291624873677798,0.05469666671963421,0.00013489240836183942,28,150,0.06582956591008862,0.23353192980492152,True,True,True,3.6967766038690224e-08,COMPLETE
1657,0.42846766710281375,2025-04-15 17:14:11.623657,2025-04-15 17:14:21.857020,0 days 00:00:10.233363,0.43596140227647817,0.758742067545317,16,0.027174143911514594,0.18571599238998246,0.0911155173497434,0.035327692125338296,0.08530804087490021,0.06167033172646328,8.747763236907674e-05,29,132,0.06173242105054439,0.21922058180246687,True,True,True,3.083839320197778e-08,COMPLETE
1658,0.4202869892120361,2025-04-15 17:14:22.395674,2025-04-15 17:14:32.191270,0 days 00:00:09.795596,0.5007384104760972,0.832382492028771,16,0.03876959108703741,0.24704183791587186,0.09991115408158811,0.03294592352184162,0.08769460063480826,0.0535043819009803,0.021866532655464527,27,125,0.05790463871130222,0.20796961540085324,True,True,True,1.9381084145462858e-08,COMPLETE
1659,0.4104840993881226,2025-04-15 17:14:32.750585,2025-04-15 17:14:40.733801,0 days 00:00:07.983216,0.47024110697766675,0.8170164510936296,16,0.026012912104081694,0.16431365525661695,0.09654373449359994,0.0169317370139863,0.08217236400613624,0.05662118332567004,0.00010974757637098403,29,8,0.06375994316981706,0.20151720895355918,True,True,True,2.473308929604196e-08,COMPLETE
1660,0.4144744873046875,2025-04-15 17:14:41.272994,2025-04-15 17:14:51.023554,0 days 00:00:09.750560,0.4162618359671771,0.7336266972318828,16,0.033451472502482156,0.17878546950970114,0.09312800232981923,0.037263596046154264,0.09209096142236599,0.0631544583595813,0.0001463230261177552,26,132,0.05984641516560247,0.2161335563992701,True,True,True,3.877449386515939e-08,COMPLETE
1661,0.29122098684310915,2025-04-15 17:14:51.590618,2025-04-15 17:15:01.937779,0 days 00:00:10.347161,0.48335144980189115,0.23053142882451205,16,0.021354263407523076,0.15268393583119863,0.09813800122108018,0.013546888178046031,0.09002647582088248,0.06751308975974606,9.003305672093731e-05,30,129,0.05709313798827329,0.208764168493106,True,True,True,2.9598904768263418e-08,COMPLETE
1662,0.2499276638031006,2025-04-15 17:15:02.483656,2025-04-15 17:15:12.489252,0 days 00:00:10.005596,0.4507890668512569,0.7867401723734285,16,0.04432152465345169,0.17095953383992504,0.09494733004519183,0.03520894463317788,0.08586684283530116,0.05276353200499972,0.00011749037176440535,28,132,0.07880394490983883,0.21386358005445735,True,True,False,2.27012123059897e-08,COMPLETE
1663,0.38832926750183105,2025-04-15 17:15:13.026051,2025-04-15 17:15:23.015341,0 days 00:00:09.989290,0.5073985178320143,0.7667937275197477,16,0.03066627036612863,0.1575223106520303,0.08939495422246779,0.03188337907363059,0.08117650375184954,0.06098176148601904,0.00018576709926010522,29,121,0.06189952877443205,0.057161013292248805,True,True,True,4.0673841662458654e-08,COMPLETE
1664,0.2048193633556366,2025-04-15 17:15:23.575823,2025-04-15 17:15:33.568449,0 days 00:00:09.992626,0.5331539341864479,0.8036600667419592,16,0.17160252222701786,0.16593588290297026,0.07677533965984053,0.03312630438067252,0.08833727979748315,0.05764781678716071,0.0001410775630212299,30,118,0.05934403918352188,0.22343251402246886,True,True,True,2.007391623341052e-08,COMPLETE
1665,0.4137272953987122,2025-04-15 17:15:34.109478,2025-04-15 17:15:43.912324,0 days 00:00:09.802846,0.4742695403090694,0.746117716305173,16,0.024664300755125667,0.14765677266286703,0.0929918794506795,0.037852875626641844,0.08476234360686759,0.05519287380097835,7.145939427508123e-05,28,123,0.06850175879276449,0.19621276506299967,True,True,True,3.4064041875990075e-08,COMPLETE
1666,0.414672589302063,2025-04-15 17:15:44.471419,2025-04-15 17:15:54.656942,0 days 00:00:10.185523,0.44893670132455027,0.7756833067432404,16,0.01818805100214581,0.16011318823713525,0.09989256609752467,0.030008874301584422,0.031012105000761087,0.05964172473052439,0.00010111974554892405,29,129,0.063681739450803,0.20469997517080674,True,True,True,2.7489728332917548e-08,COMPLETE
1667,0.2880550026893616,2025-04-15 17:15:55.202871,2025-04-15 17:16:18.215927,0 days 00:00:23.013056,0.4924480946314296,0.1446706525934698,2,0.038001537980116504,0.13742221375836777,0.09674058656490042,0.019205884928471494,0.08371540307123068,0.0577746727230427,0.00017926171988032875,28,133,0.06051409339091001,0.20030317078335777,True,True,True,4.187578049240546e-08,COMPLETE
1668,0.4125282645225525,2025-04-15 17:16:18.782701,2025-04-15 17:16:29.013287,0 days 00:00:10.230586,0.4234972995810033,0.7998227423915522,16,0.029237681282315128,0.1752068852263527,0.09119832881773575,0.035808245841944294,0.08906641475993204,0.05441734026654702,0.0001237918271271474,27,144,0.05411125636787133,0.21159715933498285,True,True,True,2.5178672925345846e-08,COMPLETE
1669,0.4221966028213501,2025-04-15 17:16:29.561301,2025-04-15 17:16:39.589146,0 days 00:00:10.027845,0.5181893077086228,0.7598139921902559,16,0.023217477346860898,0.15326061261506735,0.09530192893809646,0.040264338407842284,0.09326109453492823,0.06214430150099359,9.166057409045997e-05,29,127,0.055951480134209766,0.22201681669597248,True,True,True,1.9307248189540257e-08,COMPLETE
1670,0.4216881632804871,2025-04-15 17:16:40.130297,2025-04-15 17:16:50.997011,0 days 00:00:10.866714,0.47509144202737336,0.7219322226777618,16,0.03396018346058724,0.1828466346409166,0.09816836888989873,0.034071288501039555,0.08632779427064255,0.06413154355406257,0.00015829078851153428,30,150,0.06629882958996629,0.20660866814732287,True,True,True,2.624869408688925e-06,COMPLETE
1671,0.42120406627655027,2025-04-15 17:16:51.561793,2025-04-15 17:17:02.027387,0 days 00:00:10.465594,0.4598439789582369,0.8225022564960117,16,0.026471001971673437,0.16914233193247788,0.09396638067024851,0.032004927177562974,0.08093288859571944,0.05219317212912644,8.046698373555346e-05,28,147,0.05822458281245356,0.21790001869610506,True,True,True,2.05987182943571e-05,COMPLETE
1672,0.4254802465438843,2025-04-15 17:17:02.582294,2025-04-15 17:17:13.034618,0 days 00:00:10.452324,0.495550913508489,0.7855301486355292,16,0.02045704977919606,0.1610859815000084,0.09663868606747038,0.03682928583828385,0.08360048092158386,0.05623700259668392,0.00011870010623448579,30,134,0.062107234334600234,0.20050142731327497,True,True,True,3.405535559908117e-08,COMPLETE
1673,0.3406804323196411,2025-04-15 17:17:13.610117,2025-04-15 17:17:23.863306,0 days 00:00:10.253189,0.4379611031357915,0.7489845600387302,16,0.046921476428627616,0.17621849182626934,0.09825159208799265,0.0149731713233101,0.0951063963419807,0.060081798889100084,0.00010387625511163517,29,131,0.05978826838803859,0.2277892400705759,True,True,True,4.8241698133262495e-08,COMPLETE
1674,0.4189789295196533,2025-04-15 17:17:24.408972,2025-04-15 17:17:34.457727,0 days 00:00:10.048755,0.5187288767328793,0.7702224704377881,16,0.014194532230678503,0.16626402222304074,0.09251106706279909,0.029693015800270717,0.09127946254393082,0.058159006675685715,0.00013599062902357238,29,124,0.06377321999053075,0.19539876091224975,True,True,True,3.1301893089954304e-08,COMPLETE
1675,0.3645308136940003,2025-04-15 17:17:35.006445,2025-04-15 17:17:45.236763,0 days 00:00:10.230318,0.48793533730916844,0.8073005216590289,16,0.039164988992741775,0.15585212279335814,0.09540874834287837,0.03427421873723927,0.08739919111828365,0.05443265729180487,0.0001701517295236128,27,144,0.05735083132514406,0.21241912615822398,True,True,True,2.471384626387467e-08,COMPLETE
1676,0.42246140241622926,2025-04-15 17:17:45.808994,2025-04-15 17:17:56.008611,0 days 00:00:10.199617,0.46300292422486705,0.7891614086897314,16,0.031815216293227,0.14605107753939542,0.09685956381018991,0.03923460737771502,0.08972556073992624,0.05898484142579271,6.893978403852784e-05,28,135,0.06081317445537737,0.241789806529704,True,True,True,1.941996370566141e-08,COMPLETE
1677,0.3251179099082947,2025-04-15 17:17:56.570745,2025-04-15 17:18:07.054119,0 days 00:00:10.483374,0.4123173010628468,0.7364633209233525,16,0.026428471236772645,0.17217051628724722,0.08918469666555073,0.03223003816008595,0.08318206944734713,0.05739998419762388,0.00018800687956130622,29,141,0.05856908249718727,0.029344258047961536,True,True,True,4.256505728313744e-08,COMPLETE
1678,0.42281404733657835,2025-04-15 17:18:07.621825,2025-04-15 17:18:17.239097,0 days 00:00:09.617272,0.533545900662896,0.7649561569799406,16,0.034386958918104726,0.1634033210318164,0.03834744736780216,0.042102138257497805,0.0863175546379448,0.0626315167756877,9.87179057059416e-05,26,128,0.06249699009089679,0.2104274149693923,True,True,True,3.5883825394553406e-08,COMPLETE
1679,0.4073771715164185,2025-04-15 17:18:17.786762,2025-04-15 17:18:28.108013,0 days 00:00:10.321251,0.9592414057701191,0.8144661118652876,16,0.017227644745007632,0.19306612296520154,0.09412659127994656,0.035103536287949225,0.08172317018731158,0.06024850224216822,0.00013151527639258646,30,131,0.06552027440530826,0.20537664352265336,True,True,True,2.8463753754475768e-08,COMPLETE
1680,0.42356038093566895,2025-04-15 17:18:28.679641,2025-04-15 17:18:39.171292,0 days 00:00:10.491651,0.4407734579816334,0.7795644680629231,16,0.023758523073467333,0.1519807782496117,0.09822373500212234,0.037222078490816074,0.08771598728713874,0.05546945293335218,8.378121425672161e-05,28,148,0.0551590460263386,0.22020271105482084,True,True,True,5.1779138208311674e-08,COMPLETE
1681,0.24860205650329592,2025-04-15 17:18:39.721312,2025-04-15 17:18:50.224673,0 days 00:00:10.503361,0.5130465894439709,0.8442137907461867,16,0.040425980814322235,0.15839515214839187,0.09990233853750197,0.01703766810122593,0.08449024386735428,0.050893843031947855,0.0001166779446213274,30,138,0.06158727557016291,0.19496845245982913,True,True,False,2.3200854468955874e-08,COMPLETE
1682,0.4250448822975159,2025-04-15 17:18:50.768922,2025-04-15 17:19:00.556149,0 days 00:00:09.787227,0.4773650064752745,0.7144008630830445,16,0.0299890195550195,0.1812102066589514,0.09113998412343988,0.06373963549292427,0.09189395309170996,0.06545917842444875,0.00015085211778247104,27,126,0.05967281668457722,0.21502833377416355,True,True,True,3.517754966233379e-08,COMPLETE
1683,0.42465397119522097,2025-04-15 17:19:01.127539,2025-04-15 17:19:11.410780,0 days 00:00:10.283241,0.4935277521139568,0.7468222492485008,16,0.012795248248643833,0.16844249889907445,0.09578349722859313,0.03090249708082256,0.08952460031636965,0.05328802927568978,0.00010689259042292823,29,134,0.056501467129038516,0.20580073112463304,True,True,True,2.8739450982690516e-08,COMPLETE
1684,0.27674703598022465,2025-04-15 17:19:11.958430,2025-04-15 17:19:35.427357,0 days 00:00:23.468927,0.4556305302294926,0.7937423668507892,2,0.019781460339350722,0.17701757092160428,0.09335277738880139,0.03381594078310278,0.0805023350953067,0.055899805437718435,8.176239382161722e-05,28,141,0.06292119746611982,0.20098215650227383,True,True,True,2.01939262856137e-08,COMPLETE
1685,0.3922681450843811,2025-04-15 17:19:35.998542,2025-04-15 17:19:46.225994,0 days 00:00:10.227452,0.47313478422517036,0.7643465223640994,16,0.034850580285388164,0.16291119556564948,0.0998831387309431,0.029747063411845433,0.09985808789207183,0.05844175764530696,0.00018846222802587043,29,130,0.058354865644003884,0.21721135914542705,True,True,True,4.137549514853179e-08,COMPLETE
1686,0.41817153692245485,2025-04-15 17:19:46.777086,2025-04-15 17:19:57.259620,0 days 00:00:10.482534,0.4272123924023841,0.8305955263027219,16,0.026278869068065838,0.1884883718169601,0.0967942767725511,0.03615904942777609,0.08585859251093667,0.06098066432037656,0.00012864356147100506,28,145,0.06446290730901111,0.2255929721771143,True,True,True,1.8842013205072753e-08,COMPLETE
1687,0.3746337175369263,2025-04-15 17:19:57.826945,2025-04-15 17:20:08.362672,0 days 00:00:10.535727,0.5063404329579263,0.8059624912417149,16,0.04218539802499115,0.14217521759936502,0.09199479363050371,0.038772837776435164,0.08300746370903413,0.061832036323093496,0.00015110957940865812,30,137,0.06074907257909699,0.20787500503973774,True,True,True,6.644712428974803e-08,COMPLETE
1688,0.40679249763488773,2025-04-15 17:20:08.910718,2025-04-15 17:20:18.884659,0 days 00:00:09.973941,0.4464030886307642,0.7822823237945297,16,0.030320979068581486,0.17135790815117244,0.09994428959199672,0.03209021903777029,0.08815499308784672,0.05593931715525889,9.230948178780719e-05,27,133,0.06731255477321546,0.21252575496210763,True,True,True,2.8660436037168004e-08,COMPLETE
1689,0.36408571004867557,2025-04-15 17:20:19.434382,2025-04-15 17:20:29.934589,0 days 00:00:10.500207,0.5322005742338624,0.7328607475205159,16,0.051372180124780974,0.15390245264723684,0.09503535074251467,0.03474880884789535,0.09090111519939684,0.06953021607954755,5.857544383533305e-05,29,142,0.059003254525974394,0.20101601038883082,True,True,True,4.931659192349036e-08,COMPLETE
1690,0.2962261974811554,2025-04-15 17:20:30.505744,2025-04-15 17:20:41.406701,0 days 00:00:10.900957,0.49221196167392656,0.48818232412975215,16,0.021732259072058297,0.1582430785578946,0.026208521045701726,0.033144160231842974,0.09384141852089038,0.057490748652633136,0.00010890136822092395,30,150,0.05638990044882362,0.19580742915522287,True,True,True,3.702219443656139e-08,COMPLETE
1691,0.4130672931671142,2025-04-15 17:20:41.960261,2025-04-15 17:20:52.376592,0 days 00:00:10.416331,0.4016486063692114,0.75745858572553,16,0.015357632014441763,0.1486842498725766,0.09700349094070038,0.03785908093351502,0.08518989329052376,0.05930187355479646,7.01491293664442e-05,28,145,0.054161467979769916,0.2191164490127347,True,True,True,2.3151381751057006e-08,COMPLETE
1692,0.3981383204460144,2025-04-15 17:20:52.956087,2025-04-15 17:21:03.163931,0 days 00:00:10.207844,0.46767848581454413,0.7926701039219207,16,0.03548379221247636,0.16557083753539115,0.09431544447523235,0.018595729732065476,0.08101470062789667,0.06446027048191703,0.00015468117567442132,29,128,0.06119685164103836,0.20762019435608703,True,True,True,3.1850677157369746e-08,COMPLETE
1693,0.42180125713348393,2025-04-15 17:21:03.718069,2025-04-15 17:21:13.754176,0 days 00:00:10.036107,0.510651987927421,0.7729120323497909,16,0.02653794876341494,0.1829261162459253,0.09814737882574824,0.03600370574171619,0.08843091819802384,0.054024323618319735,0.00012589023565564463,29,124,0.06345262528291834,0.23026130551830334,True,True,True,4.6290277171888434e-08,COMPLETE
1694,0.42663015127182013,2025-04-15 17:21:14.332128,2025-04-15 17:21:24.246241,0 days 00:00:09.914113,0.4837872659620197,0.751526733871173,16,0.020830244101734917,0.17378857996748126,0.0901840615096888,0.029615404511556503,0.0836194761832832,0.060612607733530256,9.193644661573346e-05,26,137,0.06047995725841624,0.21490794945180458,True,True,True,1.8870294365922813e-08,COMPLETE
1695,0.3900974750518799,2025-04-15 17:21:24.812314,2025-04-15 17:21:34.969521,0 days 00:00:10.157207,0.4379349811465438,0.8203161541841043,16,0.030813720602284902,0.2592160483002409,0.09335523217316127,0.03133571945097936,0.08608632330407068,0.05711399629573113,0.00017982271941755613,28,135,0.057901799619569816,0.2036897499513064,True,True,True,2.3679641716348643e-08,COMPLETE
1696,0.4196646690368653,2025-04-15 17:21:35.542553,2025-04-15 17:21:45.760401,0 days 00:00:10.217848,0.5432259323627855,0.8010588067156091,16,0.011937419660458233,0.29276798942028315,0.0497906292856144,0.033176022945296486,0.09062838810552676,0.07664260866126697,0.00010717693022015129,27,140,0.06446467348097656,0.19451184805924468,True,True,True,3.5760782018545656e-08,COMPLETE
1697,0.3285160779953003,2025-04-15 17:21:46.311345,2025-04-15 17:21:57.175425,0 days 00:00:10.864080,0.4603897352709138,0.7163110188005262,16,0.04164394599402478,0.16127284608617118,0.09654749914655052,0.040432052217473605,0.08184635952688167,0.05297302845761204,0.00012961876356450345,30,147,0.06169573446282358,0.07473609460908019,True,True,True,5.6636057363231544e-08,COMPLETE
1698,0.4248823046684265,2025-04-15 17:21:57.749144,2025-04-15 17:22:07.998675,0 days 00:00:10.249531,0.5057910930263226,0.7672043713534384,16,0.02606879805726144,0.16877563342404242,0.09516585158360302,0.06081084338852582,0.08791265674785032,0.02294160027717748,0.00019356801308191056,29,131,0.059307887916845534,0.21061919658394038,True,True,True,2.8001419061667646e-08,COMPLETE
1699,0.24253926873207093,2025-04-15 17:22:08.562172,2025-04-15 17:22:18.880323,0 days 00:00:10.318151,0.4219418603562296,0.741741198510974,16,0.034152837242221554,0.2203016657661541,0.09812527312538126,0.01610638357261094,0.08440292043873666,0.0629065421693948,7.880669866983542e-05,28,143,0.06279850955817047,0.2237842404484256,True,True,False,4.345680065674852e-08,COMPLETE
1700,0.42476854324340824,2025-04-15 17:22:19.431472,2025-04-15 17:22:29.854061,0 days 00:00:10.422589,0.4772554079918079,0.7799927491420918,16,0.01927669879375361,0.15647371285294343,0.09179456871099123,0.012171319464197404,0.09308561929963032,0.07212626576877301,0.00014483230703228736,30,132,0.056273358994475595,0.20094270269125722,True,True,True,2.4659528663507694e-08,COMPLETE
1701,0.2048193633556366,2025-04-15 17:22:30.434448,2025-04-15 17:22:40.456643,0 days 00:00:10.022195,0.13532248105048103,0.8092276372046988,16,0.02842145287727807,0.15148607932495567,0.09652318698661597,0.03492819113799324,0.08716895373336753,0.051850217871145673,9.580756243033349e-05,29,126,0.0581101998197874,0.21535577180143664,True,True,True,1.833891879118561e-08,COMPLETE
1702,0.4069795846939087,2025-04-15 17:22:41.007002,2025-04-15 17:22:50.371342,0 days 00:00:09.364340,0.8718892996713521,0.8406853290847534,16,0.022964675066332048,0.17868083292649894,0.09350373209123956,0.03749576744629055,0.09538484394366176,0.05942932214503824,0.00011596455670697382,25,120,0.0540562529909948,0.20865597335058167,True,True,True,3.209624815668598e-08,COMPLETE
1703,0.27668524980545045,2025-04-15 17:22:50.944854,2025-04-15 17:23:00.977334,0 days 00:00:10.032480,0.4578260610907105,0.7880724371735864,16,0.037179818112461474,0.13721107610125982,0.09994160330437797,0.029517765794330127,0.08037160506887674,0.055375676902348854,6.449398420746511e-05,27,139,0.06013906949587785,0.002104247358581196,True,True,True,6.171201540779068e-08,COMPLETE
1704,0.4222865104675293,2025-04-15 17:23:01.531073,2025-04-15 17:23:11.894356,0 days 00:00:10.363283,0.526411250865739,0.7562298010918439,16,0.017063989422392397,0.11584073459374075,0.08892932777876537,0.019539367904500646,0.08963725094889338,0.057102613726493785,0.00015683664302466584,29,136,0.06193468104861997,0.22095160622904592,True,True,True,4.0493946928023354e-08,COMPLETE
1705,0.3431007981300354,2025-04-15 17:23:12.470495,2025-04-15 17:23:35.481425,0 days 00:00:23.010930,0.4953032580634033,0.7286650136092883,2,0.030335942591098435,0.16458124127872906,0.09832666422471106,0.03174919239867997,0.08625252597357295,0.04995511098264051,0.0001941596486034668,28,129,0.06453412086796702,0.19523773283671028,True,True,True,2.5155408657134064e-08,COMPLETE
1706,0.3320222616195679,2025-04-15 17:23:36.042146,2025-04-15 17:23:46.913384,0 days 00:00:10.871238,0.4476647890304293,0.7693808398873573,16,0.04749793761373575,0.17043774781349227,0.09507025328942281,0.03583084241784755,0.08299061402256573,0.06122860008987141,8.460507393970486e-05,30,147,0.056964628172849134,0.2361222769916907,True,True,True,3.1728181840119537e-08,COMPLETE
