number,value,datetime_start,datetime_complete,duration,params_alpha-eval,params_alpha-train,params_batch-size,params_eps-eval,params_eps-train,params_lambda-actions-eval,params_lambda-actions-train,params_lambda-frames-eval,params_lambda-frames-train,params_learning-rate,params_n-epochs,params_n-frames,params_radius-gw,params_rho,params_std-feats,params_ub-actions,params_ub-frames,params_weight-decay,state
1367,0.4269487500190735,2025-04-13 17:03:14.350852,2025-04-13 17:03:22.517701,0 days 00:00:08.166849,0.6212037623295354,0.6824855249178389,8,0.030724966191601033,0.09484698280329172,0.07068150239646762,0.049768672904637615,0.07556476987193896,0.008979334724360797,0.0006346978963939467,17,52,0.06197864575802754,0.22016168606820452,True,True,True,2.6874853747137872e-06,COMPLETE
1368,0.42180212736129763,2025-04-13 17:03:22.957091,2025-04-13 17:03:31.139753,0 days 00:00:08.182662,0.5984856950335814,0.7298220356366537,8,0.03633126484140961,0.10003348160554767,0.07298227934961965,0.051018354370681786,0.07549020731885168,0.016282502304234787,0.0005504953518428098,17,49,0.06351281403735934,0.22297718475067166,True,True,True,3.8338359701255755e-06,COMPLETE
1369,0.42221119403839114,2025-04-13 17:03:31.580589,2025-04-13 17:03:39.930020,0 days 00:00:08.349431,0.57396010947322,0.7190990669972387,8,0.031048722755462138,0.08893927808664458,0.07030031285654678,0.047245327982870705,0.07520033087938957,0.0120661081263614,0.0006109236303627635,18,48,0.06320477440632807,0.23326098978694465,True,True,True,2.240601578378369e-06,COMPLETE
1370,0.42526323795318605,2025-04-13 17:03:40.373803,2025-04-13 17:03:48.868841,0 days 00:00:08.495038,0.5066796880247698,0.6967687119777891,8,0.032298207678955845,0.07638002620183384,0.07443059224973855,0.029160017851235016,0.07697203363493668,0.0146840094222335,0.0004910035569326353,19,51,0.06454063785548164,0.19885407182054668,True,True,True,2.986280971439759e-06,COMPLETE
1371,0.4304696679115295,2025-04-13 17:03:49.303739,2025-04-13 17:03:57.340579,0 days 00:00:08.036840,0.47783834962911037,0.7381810930540712,8,0.038694289793455676,0.09783395633500364,0.07002925719493391,0.04866614346119587,0.058567288094358155,0.010182666934492528,0.0007752525046037557,16,47,0.06226040595132773,0.22687878054911517,True,True,True,1.5160405828408416e-06,COMPLETE
1372,0.41712361574172974,2025-04-13 17:03:57.780812,2025-04-13 17:04:05.666873,0 days 00:00:07.886061,0.43325071019922545,0.7521637046572186,8,0.03986437191468513,0.20007274044392764,0.07114453361154538,0.04851667847016999,0.057297911862426026,0.007157533892799291,0.0007016353145888202,15,54,0.06313237041302917,0.20735762406007552,True,True,True,1.0916874642527757e-06,COMPLETE
1373,0.4194242596626282,2025-04-13 17:04:06.130928,2025-04-13 17:04:14.197523,0 days 00:00:08.066595,0.47408572375015223,0.7729575274513838,8,0.03814075642250381,0.09388896118323657,0.06971463013027696,0.04586863910683178,0.05980712980643612,0.0081070325492693,0.0006155357990740686,16,56,0.065676818612294,0.21270644416033252,True,True,True,1.6297594583841827e-06,COMPLETE
1374,0.42920992374420164,2025-04-13 17:04:14.642198,2025-04-13 17:04:22.695802,0 days 00:00:08.053604,0.4619465242159635,0.7378865891180107,8,0.03530765114947579,0.09751756815770993,0.07309481990900989,0.04920590834532245,0.0589216513650155,0.009546753133761018,0.0008380607937891336,16,50,0.062337850263197186,0.21200296716805248,True,True,True,1.134085500450945e-06,COMPLETE
1375,0.4186625957489014,2025-04-13 17:04:23.141652,2025-04-13 17:04:30.972367,0 days 00:00:07.830715,0.45946784491677783,0.7897506438983221,8,0.04294923352459182,0.0887316953850647,0.06946971099111814,0.04711240588693137,0.0613085113406757,0.006785036817050696,0.000726103952096756,15,52,0.06456858954571666,0.22156273679724384,True,True,True,2.082459856097492e-06,COMPLETE
1376,0.2048193633556366,2025-04-13 17:04:31.414328,2025-04-13 17:04:39.071732,0 days 00:00:07.657404,0.44782869055315944,0.7638068965959571,8,0.03768389988631517,0.08207754263872256,0.07203406286852639,0.050289989863515315,0.06216700782863198,0.004425391256810099,0.0008115297037337033,16,5,0.0618930511435986,0.22403812576786555,True,True,True,1.1921768354367896e-06,COMPLETE
1377,0.41730808019638066,2025-04-13 17:04:39.514716,2025-04-13 17:04:47.530632,0 days 00:00:08.015916,0.49294478360076804,0.7472805243043653,8,0.0441711281882876,0.09998024770435271,0.07020663820762461,0.043906368413600426,0.05841351812466826,0.009540880863741788,0.0005500029636400369,16,49,0.06322711362024346,0.21286994492613662,True,True,True,1.4205705062449396e-06,COMPLETE
1378,0.3786821842193604,2025-04-13 17:04:47.974247,2025-04-13 17:04:55.810541,0 days 00:00:07.836294,0.5044048099365008,0.7333461323665107,8,0.0739544328441751,0.10341232536665888,0.07556369287436497,0.04867554660419004,0.05621852083828303,0.0055680445790777175,0.000621333008436532,15,47,0.06575364053979313,0.21702741542482545,True,True,True,1.5158961050159313e-06,COMPLETE
1379,0.2680839776992798,2025-04-13 17:04:56.273572,2025-04-13 17:05:04.174293,0 days 00:00:07.900721,0.47168572499931,0.7638343620662177,8,0.048752014556771216,0.09015048679447976,0.07314069461422833,0.04708274464341526,0.05532732375715132,0.008110566332049936,0.000759557613526763,16,47,0.0611191792333326,0.22624917879712253,True,True,False,1.4063933970570173e-06,COMPLETE
1380,0.42407457828521733,2025-04-13 17:05:04.620391,2025-04-13 17:05:12.495614,0 days 00:00:07.875223,0.4883855670945172,0.7412516820869195,8,0.036169615595884004,0.09407825196106301,0.06880711435347807,0.036596100814568155,0.05837703477148063,0.010727568216772211,0.001033088702953558,15,53,0.06323131558122809,0.23021496475054262,True,True,True,1.3934058233086172e-06,COMPLETE
1381,0.4313080072402954,2025-04-13 17:05:12.939732,2025-04-13 17:05:20.961472,0 days 00:00:08.021740,0.4512934457031435,0.7754265773757951,8,0.067771987608947,0.0984216653883336,0.07127546676439611,0.05092897665918198,0.06101989196457668,0.009963160185857231,0.000640439195609064,16,46,0.06096378545327699,0.23115659416359222,True,True,True,2.311849611944718e-06,COMPLETE
1382,0.312948215007782,2025-04-13 17:05:21.404425,2025-04-13 17:05:29.262060,0 days 00:00:07.857635,0.4287153042560186,0.7302794271436311,8,0.07183250151546763,0.10540235842580609,0.07719578390916637,0.0514329905277236,0.05987469089607501,0.010887704641278355,0.0009035084269634697,15,50,0.06056128428063101,0.21839952092287426,True,True,True,1.6717484657549937e-06,COMPLETE
1383,0.2928533673286438,2025-04-13 17:05:29.704734,2025-04-13 17:05:37.614963,0 days 00:00:07.910229,0.45351510773307435,0.7499869230827094,8,0.08006301046262707,0.10214166015389528,0.07340449341851048,0.051299598666374395,0.059242563029997426,0.011591539354281255,0.0006075183501999183,15,55,0.05990936995574634,0.21414847265341388,True,True,True,1.9926101503034055e-06,COMPLETE
1384,0.34016985893249513,2025-04-13 17:05:38.059161,2025-04-13 17:05:46.027912,0 days 00:00:07.968751,0.40843054341645035,0.7277502117016449,8,0.06841879729454294,0.09887289019890966,0.07574121193940352,0.05249119799610014,0.06257296397429496,0.052603319955208665,0.0010993433327135186,16,52,0.06417301186528175,0.2217259688988889,True,False,True,1.8575515517401045e-06,COMPLETE
1385,0.2542127013206482,2025-04-13 17:05:46.491821,2025-04-13 17:05:54.487933,0 days 00:00:07.996112,0.45290054213380637,0.757100733666981,8,0.08226013921732438,0.1081992303764729,0.071522501448923,0.050944365511182366,0.058428774880528916,0.01033159008146589,0.0007544951442752119,16,48,0.06180024365171672,0.21596294504474428,True,True,True,1.7840215175541751e-06,COMPLETE
1386,0.31556953191757203,2025-04-13 17:05:54.932856,2025-04-13 17:06:02.761632,0 days 00:00:07.828776,0.49336475634681937,0.7162026240868864,8,0.08756634096228683,0.09935232907077635,0.07366358928299252,0.04984146852031217,0.059327299686546466,0.011538170745563705,0.0009532164881072146,15,50,0.0596011001871137,0.2274348756497899,True,True,True,1.428621265031517e-06,COMPLETE
1387,0.30994687080383304,2025-04-13 17:06:03.210799,2025-04-13 17:06:11.372242,0 days 00:00:08.161443,0.43136915040273155,0.7884118328110361,8,0.07519637260818374,0.10642023920494101,0.0717968127900033,0.05259592068780133,0.060906810758503835,0.012858203325367624,0.0009541712143827242,16,76,0.0659214007644075,0.21511696360112745,True,True,True,2.5231739530232376e-06,COMPLETE
1388,0.3238488912582398,2025-04-13 17:06:11.813699,2025-04-13 17:06:19.833736,0 days 00:00:08.020037,0.4111871838563316,0.7437305959008687,8,0.0664161899775128,0.11308890120143403,0.07500307949809593,0.04985751814277512,0.06025897998816375,0.07251924717308057,0.0006573753599844408,16,47,0.06298099485821304,0.22661259952582383,True,True,True,9.863575481649935e-07,COMPLETE
1389,0.38377290964126587,2025-04-13 17:06:20.279225,2025-04-13 17:06:28.126177,0 days 00:00:07.846952,0.4681138832824441,0.7719823109553371,8,0.07653697908180797,0.09711779938170254,0.0715425360175336,0.02322961682675545,0.05623016763132539,0.009996792064886526,0.000889976225543224,15,46,0.060961232681993924,0.22058146883416377,True,True,True,3.135266407136835e-06,COMPLETE
1390,0.4281915545463562,2025-04-13 17:06:28.592113,2025-04-13 17:06:36.628258,0 days 00:00:08.036145,0.4861186992922764,0.716497549244765,8,0.06827006707842355,0.10751446236294782,0.0701252980371964,0.04873619797085929,0.057996761712734525,0.008269350233012028,0.0007759539416199233,16,46,0.05873832240388012,0.23259682542341456,True,True,True,1.9649133317786158e-06,COMPLETE
1391,0.36443116664886477,2025-04-13 17:06:37.080962,2025-04-13 17:06:45.076931,0 days 00:00:07.995969,0.4201891280611729,0.7365207433073343,8,0.06190921928677583,0.11823889735024812,0.073817449931915,0.02681111414744301,0.06150712724554433,0.012325052430991688,0.0006339860649353199,16,52,0.0641673234267437,0.22345273111068192,True,True,True,3.63709712279431e-06,COMPLETE
1392,0.3543055295944214,2025-04-13 17:06:45.523301,2025-04-13 17:06:53.402622,0 days 00:00:07.879321,0.44151004980705716,0.7634453966204531,8,0.06684261811198759,0.10299074655274966,0.06935630700979963,0.05207788695204379,0.06391246274311484,0.013242350511088713,0.0008112294133479014,15,49,0.06107137887301797,0.2286724801069518,True,True,True,1.2512975295844125e-06,COMPLETE
1393,0.4261779665946961,2025-04-13 17:06:53.857523,2025-04-13 17:07:01.857032,0 days 00:00:07.999509,0.44244957936140294,0.7107876567109016,8,0.07094887145452176,0.11074197183632385,0.07106865456108422,0.051140607360660034,0.059863751854019,0.009802679349260535,0.0007042101927066084,16,45,0.05867515191774067,0.22829295839131977,True,True,True,2.29726104201775e-06,COMPLETE
1394,0.2048193633556366,2025-04-13 17:07:02.301140,2025-04-13 17:07:10.075964,0 days 00:00:07.774824,0.4600335216401638,0.04838892452531102,8,0.06336581608441785,0.19668587557687012,0.07378373733600893,0.048490634043578874,0.06302760415049503,0.006006595826723436,0.0007271357351619085,15,45,0.06683692885085857,0.21831678918738878,True,True,True,3.0700591407671366e-06,COMPLETE
1395,0.3573514461517334,2025-04-13 17:07:10.522447,2025-04-13 17:07:18.565645,0 days 00:00:08.043198,0.4932593155858367,0.7465092051367282,8,0.07332186684005365,0.09654074318510102,0.07196050277190871,0.05260319736513612,0.05494980729899715,0.013837990921700145,0.0009844562354719378,16,48,0.06316843475336154,0.2263695906057507,True,True,True,4.234605216970012e-06,COMPLETE
1396,0.2048193633556366,2025-04-13 17:07:19.029243,2025-04-13 17:07:26.942754,0 days 00:00:07.913511,0.47788643013105514,0.7276012222721351,8,0.06104250110651105,0.12399331636180022,0.06906088481894432,0.04995253218045078,0.05703281668568218,0.007963196767217434,0.0005621934105957083,16,53,0.06003550793917689,0.22975689388201873,True,True,False,9.397136212837054e-07,COMPLETE
1397,0.4258520007133484,2025-04-13 17:07:27.398471,2025-04-13 17:07:35.230559,0 days 00:00:07.832088,0.46002124791948495,0.7818197829352627,8,0.05778667065784737,0.10214536895895034,0.0690617212003618,0.05387116762292447,0.06090160507636747,0.016457196308549946,0.0006937230534568523,15,42,0.062335232728654676,0.2259744576184184,True,True,True,2.687468942089709e-06,COMPLETE
1398,0.35799741744995117,2025-04-13 17:07:35.680982,2025-04-13 17:07:43.747299,0 days 00:00:08.066317,0.4703139978646644,0.7110675260290954,8,0.07696135676946293,0.09331369758442423,0.07714005231943241,0.047393650249753096,0.06279913683811435,0.021318160260534867,0.0006671934846990679,16,56,0.06478560584391557,0.23176894875550322,True,True,True,3.998424158823856e-06,COMPLETE
1399,0.40312427282333374,2025-04-13 17:07:44.199488,2025-04-13 17:07:52.057701,0 days 00:00:07.858213,0.47615334544477417,0.7597800994328758,8,0.06693951781768014,0.11073397494314366,0.07076631090126974,0.05069899535823034,0.0580586084375478,0.012416809411754116,0.0013035427795977195,15,45,0.057809987040781254,0.2329054563189041,True,True,True,1.960949844586273e-06,COMPLETE
1400,0.2783837676048279,2025-04-13 17:07:52.508101,2025-04-13 17:08:00.011057,0 days 00:00:07.502956,0.2699339226485804,0.7263353260273565,8,0.061745926748260856,0.11751088037956495,0.07451661349426922,0.04937669111476611,0.05594417403765894,0.010118631017263848,0.0008881255404576845,13,49,0.060660499102388334,0.21749763868684022,True,True,True,3.3144543084027003e-06,COMPLETE
1401,0.42787395715713505,2025-04-13 17:08:00.481320,2025-04-13 17:08:08.444671,0 days 00:00:07.963351,0.43056580261494304,0.740830319426234,8,0.054764346090300925,0.10637291610622941,0.06869658232603518,0.01265784259172794,0.06083438987262931,0.01877371954305454,0.0005756317402312621,16,43,0.062480217071354545,0.20826436657492586,True,True,True,1.5708682943202473e-06,COMPLETE
1402,0.33281044960021977,2025-04-13 17:08:08.899177,2025-04-13 17:08:16.736470,0 days 00:00:07.837293,0.4808156771169151,0.31826428985932737,8,0.07121347899146979,0.09795152043990514,0.06787971776133674,0.05313001074255085,0.06364035126696535,0.014936472027635306,0.0005397196719833495,15,47,0.05912749857954018,0.22143257589714332,True,False,True,2.5575653313103753e-06,COMPLETE
1403,0.39708986282348635,2025-04-13 17:08:17.192261,2025-04-13 17:08:25.970562,0 days 00:00:08.778301,0.45289144843038853,0.7044610114211891,8,0.058650835291589064,0.1122609642066636,0.07206201366523578,0.04729955907842612,0.053132699277640257,0.007286233326911876,0.000527313836110497,16,136,0.06716874201118991,0.23453655617206742,True,True,True,4.376277339545315e-06,COMPLETE
1404,0.41380480527877805,2025-04-13 17:08:26.420614,2025-04-13 17:08:34.574918,0 days 00:00:08.154304,0.5079938699688274,0.7734985658751716,8,0.06465030291145969,0.10239331257057291,0.07586928089429895,0.05104012706791533,0.05757338384591159,0.011783474073284539,0.0007734913058237418,17,41,0.06429792080718812,0.2294995566741532,True,True,True,3.4331108410480798e-06,COMPLETE
1405,0.38051087856292726,2025-04-13 17:08:35.028276,2025-04-13 17:08:43.068826,0 days 00:00:08.040550,0.45065044774603613,0.7975133130994433,8,0.05312979631003112,0.12233727216300108,0.07029059275520645,0.048762073604323594,0.05522046291125355,0.0028520890055397604,0.0005316138130957385,16,50,0.058036461082233745,0.23071893477076605,True,True,True,2.1439566463328905e-06,COMPLETE
1406,0.3995987415313721,2025-04-13 17:08:43.519158,2025-04-13 17:08:51.676854,0 days 00:00:08.157696,0.4783876086739912,0.7208158864156923,8,0.08647789325487364,0.09282535426566993,0.06785163525489263,0.05327721842879829,0.06016790135759235,0.009006671067431624,0.0006004260509024023,17,45,0.061506572727390754,0.23669422240340526,True,True,True,2.799402457854243e-06,COMPLETE
1407,0.3089864253997803,2025-04-13 17:08:52.147765,2025-04-13 17:09:00.127421,0 days 00:00:07.979656,0.4986685779704129,0.12688307189961698,8,0.06551120239324926,0.10658561155170264,0.07284516712483127,0.0475242125211312,0.06291080864301674,0.014650365118302758,0.000511880320664435,16,40,0.06032909280116591,0.20498004829634578,True,True,True,4.5255701782588824e-06,COMPLETE
1408,0.4122010111808777,2025-04-13 17:09:00.580765,2025-04-13 17:09:08.400253,0 days 00:00:07.819488,0.5135664517665107,0.7497319728769388,8,0.07937614211847739,0.11683082627198181,0.07032061899400172,0.04603962618105937,0.06500862043792426,0.06463866186434325,0.0006689153507476832,15,43,0.06554079288586553,0.23643687608880357,True,True,True,3.7294279551017986e-06,COMPLETE
1409,0.3873279333114624,2025-04-13 17:09:08.852814,2025-04-13 17:09:16.921369,0 days 00:00:08.068555,0.5184741761223268,0.6958910672004596,8,0.05369762623977905,0.0996058965291365,0.0801785225369215,0.050452182766102395,0.057756266142059094,0.004283588074322727,0.00047019267603853394,17,36,0.057777663880803284,0.22222608095975585,True,True,True,1.8132110240195093e-06,COMPLETE
1410,0.431112802028656,2025-04-13 17:09:17.372104,2025-04-13 17:09:25.426369,0 days 00:00:08.054265,0.46612678469131896,0.7421531770862809,8,0.05971177379984381,0.09303338630645558,0.06794974847155062,0.05237088388938116,0.064512592411787,0.017172322432441198,0.0004746219244688806,16,47,0.06273164904186358,0.22748667840174022,True,True,True,2.3850658023020978e-06,COMPLETE
1411,0.3598853707313538,2025-04-13 17:09:25.878016,2025-04-13 17:09:34.091012,0 days 00:00:08.212996,0.4132476035103898,0.7968187582964037,8,0.049729423570980535,0.09499204546989976,0.06720568973114825,0.05516936918696606,0.06392480624191349,0.02356584867402341,0.0005811708112585369,17,53,0.06774314322258562,0.22180482981192096,True,True,True,1.3343627205608616e-06,COMPLETE
1412,0.3674539208412171,2025-04-13 17:09:34.560742,2025-04-13 17:09:42.011211,0 days 00:00:07.450469,0.45882779163207704,0.7713437765460833,8,0.05758328667143881,0.2173526037794225,0.06773308688228828,0.05407279253045491,0.06109844041186765,0.01861487248738955,0.000490184687806345,12,52,0.06545146853569067,0.22766775384394386,True,True,True,2.025194383170801e-06,COMPLETE
1413,0.40577100515365605,2025-04-13 17:09:42.466246,2025-04-13 17:09:50.364171,0 days 00:00:07.897925,0.4580116785533579,0.7579016178401576,8,0.05072014049233858,0.08761703196569122,0.06738468329093507,0.05351175273137811,0.06268622302995142,0.01867894671468558,0.0007380953008440292,15,51,0.06368936902049369,0.21296502132081988,True,True,True,1.5675482695937158e-06,COMPLETE
1414,0.35377143621444707,2025-04-13 17:09:50.819954,2025-04-13 17:09:58.836894,0 days 00:00:08.016940,0.4502909019488256,0.8786095032077954,8,0.056868989566633214,0.08984541189314695,0.06655834741537403,0.05219362636903314,0.06415992095219618,0.021798667494671884,0.0005490311935686236,16,49,0.06614213994931699,0.21788479056071275,True,True,True,2.272277058424303e-06,COMPLETE
1415,0.2048193633556366,2025-04-13 17:09:59.293929,2025-04-13 17:10:07.399665,0 days 00:00:08.105736,0.42951173743422716,0.7870464557652883,8,0.04758605487187476,0.09296297517476726,0.06871901608956713,0.054784809030948324,0.06377941641796141,0.021691987318767408,0.0007006999153966327,17,50,0.06411462475971601,0.2276672833344084,True,True,False,1.6373120014926183e-06,COMPLETE
1416,0.41511379480361943,2025-04-13 17:10:07.855272,2025-04-13 17:10:15.558600,0 days 00:00:07.703328,0.4333155052495748,0.7557685787458237,8,0.053227298068582486,0.08668350245440587,0.06635190623503613,0.0533106307568605,0.05941526156567296,0.055513939349923415,0.0004766498184540843,14,47,0.06331837136297218,0.21935203882617593,True,True,True,2.3789513903521917e-06,COMPLETE
1417,0.3078539490699768,2025-04-13 17:10:16.032193,2025-04-13 17:10:24.099853,0 days 00:00:08.067660,0.44465721933476826,0.46483150694527176,8,0.059852464191453354,0.09402563842334695,0.06877728820324112,0.05200266925867542,0.061420910697319184,0.0168524982051184,0.0006130649116403481,16,55,0.06837823449017387,0.22473908379521065,True,True,True,2.1101001815493276e-06,COMPLETE
1418,0.42339655160903933,2025-04-13 17:10:24.560189,2025-04-13 17:10:32.444475,0 days 00:00:07.884286,0.46685303568474085,0.7437547607325068,8,0.048701495567378614,0.08221169503928179,0.0664468265667315,0.05584497436441732,0.06097789663612779,0.02075150644764811,0.0004853363069719888,15,56,0.06243797306559046,0.2302733421856115,True,True,True,2.7990532404035775e-06,COMPLETE
1419,0.37705178260803224,2025-04-13 17:10:32.897410,2025-04-13 17:10:41.093967,0 days 00:00:08.196557,0.47849059166966457,0.7700066057620052,8,0.07153196209954557,0.09314405295290416,0.06901106008930402,0.051960860477074045,0.06418435986812938,0.017711776879954223,0.00047941241861379437,17,47,0.06531810993825023,0.23444025127577353,True,True,True,1.285525956452291e-06,COMPLETE
1420,0.17195051908493042,2025-04-13 17:10:41.547510,2025-04-13 17:10:49.457038,0 days 00:00:07.909528,0.47868874283370666,0.7399951555490649,8,0.19346886048790057,0.09896808161617086,0.06614484767501606,0.056050040372877384,0.06455742168783199,0.019402355644942217,0.0009384272084546991,16,50,0.061894963257506826,0.2099271310104972,True,False,True,1.618911811079748e-06,COMPLETE
1421,0.40001037120819094,2025-04-13 17:10:49.930983,2025-04-13 17:11:05.109922,0 days 00:00:15.178939,0.4319446115414771,0.7844771348886846,2,0.056148175938183977,0.08916827939577977,0.06759736310662269,0.05034179258172537,0.061862558306363474,0.005730743780384904,0.0006224868246452196,17,47,0.06292170441047842,0.2329119688568894,True,True,True,2.7543622841202514e-06,COMPLETE
1422,0.3803578853607178,2025-04-13 17:11:05.570629,2025-04-13 17:11:13.133802,0 days 00:00:07.563173,0.4719525792279605,0.761567624743385,8,0.044870981850332683,0.09871239990026866,0.06571431203195505,0.053630381797521026,0.05975291153785743,0.01694192201265158,0.0004573877127911416,13,46,0.0668853831014382,0.22499172184373104,True,True,True,8.853456694224363e-07,COMPLETE
1423,0.33599660396575926,2025-04-13 17:11:13.594055,2025-04-13 17:11:21.439089,0 days 00:00:07.845034,0.45187269210349035,0.8103986721438351,8,0.06598313460462937,0.18951360519492527,0.0694254575101851,0.0523080033851775,0.06569520299916116,0.009237320375152954,0.000791245358297033,15,50,0.06467861536514102,0.23275848072581068,True,True,True,2.2479210715437723e-06,COMPLETE
