number,value,datetime_start,datetime_complete,duration,params_alpha-eval,params_alpha-train,params_batch-size,params_eps-eval,params_eps-train,params_lambda-actions-eval,params_lambda-actions-train,params_lambda-frames-eval,params_lambda-frames-train,params_learning-rate,params_n-epochs,params_n-frames,params_radius-gw,params_rho,params_std-feats,params_ub-actions,params_ub-frames,params_weight-decay,state
1707,0.4223842978477478,2025-04-15 17:23:47.471642,2025-04-15 17:23:57.622717,0 days 00:00:10.151075,0.47821591229109284,0.7956595342497871,16,0.025195512236156438,0.1452777551262277,0.09097566041594812,0.033591784757145145,0.0917458020897954,0.05837848538463789,0.00012195934900746051,28,134,0.06646389095477348,0.20488228207342257,True,True,True,1.9219802144517518e-08,COMPLETE
1708,0.40094205141067507,2025-04-15 17:23:58.195185,2025-04-15 17:24:08.628638,0 days 00:00:10.433453,0.5052953406573344,0.7471774343955253,16,0.011307397663018422,0.18766589272144546,0.05694947384660709,0.03948956407168841,0.08485678223084495,0.06633671411658171,0.00010665665836888876,29,142,0.059727109365741535,0.21097253036995237,True,True,True,4.758491604890936e-08,COMPLETE
1709,0.3665558815002442,2025-04-15 17:24:09.180697,2025-04-15 17:24:19.466783,0 days 00:00:10.286086,0.41920919175009863,0.8256287982392809,16,0.03697189329676083,0.15894752492679493,0.09684580155521615,0.031694528083743755,0.08904690021640442,0.05418126520244844,0.00014054762499229314,30,130,0.06251568414034046,0.2019678528354489,True,True,True,9.322348155803469e-08,COMPLETE
1710,0.4240191459655762,2025-04-15 17:24:20.040530,2025-04-15 17:24:30.247853,0 days 00:00:10.207323,0.5406241175663138,0.78142417730777,16,0.021396716169955622,0.1772356577002939,0.0932622605256426,0.036362723281511314,0.08060807196948738,0.0560524372271671,9.293887309929101e-05,28,138,0.058495074031640955,0.2175734700673356,True,True,True,2.868651147117381e-08,COMPLETE
1711,0.42387157678604126,2025-04-15 17:24:30.804438,2025-04-15 17:24:41.614876,0 days 00:00:10.810438,0.470704777535069,0.8093900311415783,16,0.030704099094323204,0.1651677435862131,0.09490199916052774,0.04259341685754344,0.08229459748020275,0.05918273393167602,0.00015776131081177968,29,150,0.06097427730709195,0.22843619580646363,True,True,True,3.689979175689485e-08,COMPLETE
1712,0.4254853367805481,2025-04-15 17:24:42.189877,2025-04-15 17:24:51.955426,0 days 00:00:09.765549,0.49420892382240333,0.7653323419853403,16,0.016943326329597587,0.15459347783787472,0.09990470521836219,0.03369965620615471,0.08682242031455599,0.06409601732018415,7.411596896949948e-05,27,126,0.05544052706129338,0.21257237040484328,True,True,True,2.4803558752775074e-08,COMPLETE
1713,0.3366906762123108,2025-04-15 17:24:52.512383,2025-04-15 17:25:02.954198,0 days 00:00:10.441815,0.40108669353579224,0.7904701356107977,16,0.04147650644727142,0.10590748800645566,0.09813482655431366,0.03862534506280965,0.0901271481416071,0.06088559540997749,0.00012584771210875893,30,133,0.06448321204598184,0.19857712130364805,True,True,True,1.8722277674017544e-08,COMPLETE
1714,0.4260998606681824,2025-04-15 17:25:03.536682,2025-04-15 17:25:14.153341,0 days 00:00:10.616659,0.5188293039756762,0.7176275264557497,16,0.025409050877382783,0.17365013924270103,0.09998320419245876,0.029509689749946572,0.08444342195742802,0.0571998808471839,0.0001014438857689804,29,145,0.06006921073343667,0.20490812184828627,True,True,True,5.7460048495436825e-08,COMPLETE
1715,0.38951817750930784,2025-04-15 17:25:14.707960,2025-04-15 17:25:25.018190,0 days 00:00:10.310230,0.44210710201401965,0.7356468588854479,16,0.03476033979478799,0.16118102128553177,0.09644916605998823,0.035108576764521046,0.08835007987957076,0.05332245163315672,0.00019381292124500353,28,140,0.05724234135104544,0.19438851262670662,True,True,True,3.970620528981169e-08,COMPLETE
1716,0.2936233937740326,2025-04-15 17:25:25.597851,2025-04-15 17:25:35.149393,0 days 00:00:09.551542,0.4605677066788166,0.43477482288928104,16,0.029284535180394936,0.18310539984460555,0.09191447182248365,0.03730763006202349,0.07982080212233601,0.059227631197379796,8.177977226197806e-05,26,123,0.062310579794164295,0.22546106047453657,True,True,True,2.221190951115631e-08,COMPLETE
1717,0.4220150947570801,2025-04-15 17:25:35.711258,2025-04-15 17:25:46.020783,0 days 00:00:10.309525,0.4772012978072066,0.8391265101700766,16,0.02220682484755261,0.14960928288834174,0.09505056479633674,0.030949909803304428,0.09271247595445546,0.05487967100183705,0.00011222308856903,29,135,0.0586479045706262,0.21923905122075002,True,True,True,3.089811396358093e-08,COMPLETE
1718,0.42222993373870854,2025-04-15 17:25:46.573254,2025-04-15 17:25:56.525496,0 days 00:00:09.952242,0.5124385903183519,0.7663743515155025,16,0.017153729812006878,0.17074315868936865,0.09800166660259746,0.03358475051478833,0.08278504667477002,0.062266917554298994,0.00013579729154201788,27,129,0.0660956260407609,0.2076951219136521,True,True,True,4.6577991999424924e-08,COMPLETE
1719,0.41626518964767456,2025-04-15 17:25:57.100339,2025-04-15 17:26:07.816148,0 days 00:00:10.715809,0.49189091364448356,0.8117183844606631,16,0.03256289385976516,0.16601560991418524,0.09302781012745844,0.014586353754766837,0.08552832414624084,0.056092116047736354,0.00016458070064587156,30,143,0.06095204952478838,0.21305162830319596,True,True,True,7.583845804404049e-08,COMPLETE
1720,0.23407707810401918,2025-04-15 17:26:08.372719,2025-04-15 17:26:18.805468,0 days 00:00:10.432749,0.4505059183537283,0.7513220090965628,16,0.011194780785534982,0.1564475593959458,0.0968606237754806,0.04096336133705398,0.08719194991339783,0.05135647803057213,5.639057661300321e-05,28,147,0.06273855723302334,0.2024962134490245,True,True,False,3.5168925597039784e-08,COMPLETE
1721,0.42405000925064085,2025-04-15 17:26:19.383647,2025-04-15 17:26:29.580312,0 days 00:00:10.196665,0.49012165634827937,0.7823344825253415,16,0.025908295857666214,0.19138401729250448,0.08978704715431768,0.019172728391921887,0.09635182566513328,0.05824779419479878,9.418136043127903e-05,29,131,0.05608875925263594,0.22080825203284618,True,True,True,2.569335107119041e-08,COMPLETE
1722,0.41356737613677985,2025-04-15 17:26:30.143526,2025-04-15 17:26:40.611244,0 days 00:00:10.467718,0.43051547715851934,0.7991423274757735,16,0.04162739903047212,0.17848674331154427,0.04099616424298833,0.03517639537764804,0.03700281002743736,0.06198472246967429,0.00019278696583619866,30,136,0.05393447742247562,0.19420141946758196,True,True,True,1.80092819793381e-08,COMPLETE
1723,0.2048193633556366,2025-04-15 17:26:41.188948,2025-04-15 17:26:51.440121,0 days 00:00:10.251173,0.5245856788118588,0.7676001227912431,16,0.12444397960898373,0.16119241123586936,0.09428528367247235,0.031851132098959824,0.0902296278194267,0.060372412826983676,0.00012713149509302991,28,139,0.05872832954178709,0.20841276840053416,True,True,True,5.0607998855170854e-08,COMPLETE
1724,0.4091976284980774,2025-04-15 17:26:51.999548,2025-04-15 17:27:02.292664,0 days 00:00:10.293116,0.4661706899623457,0.735360698893455,16,0.03561084176332733,0.14096096806769484,0.09818589567919718,0.03770366133315563,0.08336365758210092,0.05413737703637695,7.566054407002681e-05,29,133,0.06887763428494377,0.2156600191975475,True,True,True,2.9728063878327235e-08,COMPLETE
1725,0.3350625276565552,2025-04-15 17:27:02.874895,2025-04-15 17:27:12.637874,0 days 00:00:09.762979,0.5430114052468302,0.8208484729183603,16,0.05587730247081872,0.15175174081059084,0.096584132476825,0.029318869826237964,0.08574861466020527,0.06821582622464722,0.00010301361905440119,27,128,0.060541014801480574,0.2016649728080597,True,True,True,2.3217391608999084e-08,COMPLETE
1726,0.24600107669830323,2025-04-15 17:27:13.196993,2025-04-15 17:27:23.747468,0 days 00:00:10.550475,0.03238878089681996,0.7818078631382809,16,0.021821243930515797,0.1683955899528251,0.09297445716185392,0.032944872560509694,0.08058764010502076,0.05837250825251122,0.00015255978701490024,29,144,0.042582221390691455,0.232172541303839,True,True,True,3.8013762334973495e-08,COMPLETE
1727,0.2048193633556366,2025-04-15 17:27:24.330690,2025-04-15 17:27:48.603951,0 days 00:00:24.273261,0.49765745071869305,0.3013135099188386,2,0.030284678153223776,0.28284263784896124,0.09995758728778181,0.016667835996138934,0.08819337244423511,0.05674960026917652,0.00011481861147013421,30,139,0.06468168674294861,0.21090638828527516,True,True,True,1.8828389572149342e-08,COMPLETE
1728,0.424790632724762,2025-04-15 17:27:49.166394,2025-04-15 17:27:59.758375,0 days 00:00:10.591981,0.43747950745714353,0.7533950333684208,16,0.015270406590374649,0.1738789945691659,0.0953054375843045,0.033676216038883676,0.09135483898289336,0.051758629000129494,8.794224961921128e-05,28,150,0.057339638291510356,0.19839203760667554,True,True,True,3.01937960382359e-08,COMPLETE
1729,0.42276669740676887,2025-04-15 17:28:00.320242,2025-04-15 17:28:10.428175,0 days 00:00:10.107933,0.4066352275769341,0.7959994281036598,16,0.02483199174044586,0.14724371464126532,0.09123043652502102,0.03611524599318944,0.09442465270946891,0.06363973498023816,0.00016440198081334317,29,126,0.06228953356061114,0.2146942984679957,True,True,True,4.42916340281054e-08,COMPLETE
1730,0.4095550656318665,2025-04-15 17:28:11.005394,2025-04-15 17:28:21.569252,0 days 00:00:10.563858,0.47686521051465514,0.5810379269676524,16,0.03148806804146296,0.1315946365121602,0.09997228907575663,0.039054195700696834,0.0782969572948426,0.05997308624876149,0.00012460531811404296,30,136,0.059979998645198755,0.2245625886266689,True,True,True,6.768501300626944e-08,COMPLETE
1731,0.3954028844833374,2025-04-15 17:28:22.128835,2025-04-15 17:28:31.962401,0 days 00:00:09.833566,0.5077371459662088,0.7080286700704067,16,0.04712948886463526,0.15757300585565678,0.0960209431867477,0.03159389403421867,0.08404980475560722,0.05645779291095171,0.00018609081164820118,26,132,0.06321301813854577,0.20741469969827592,True,True,True,2.305358209366065e-08,COMPLETE
1732,0.36077109575271604,2025-04-15 17:28:32.540705,2025-04-15 17:28:43.036508,0 days 00:00:10.495803,0.45052980415443106,0.7788239692779956,16,0.03781332952027644,0.16585820682730004,0.09449089095754874,0.03547351985674208,0.0819249020436492,0.054099984170118076,6.846508827060341e-05,28,147,0.058803004444183384,0.19411481971949807,True,True,True,3.4960775049908335e-08,COMPLETE
1733,0.42400250434875486,2025-04-15 17:28:43.598988,2025-04-15 17:28:53.790059,0 days 00:00:10.191071,0.4673068365271121,0.7531688834711072,16,0.0193887894769567,0.18322552705514422,0.097126766866335,0.029844901701837945,0.08870534099764558,0.02706274513660688,0.00013879536357962085,27,141,0.05561033904836001,0.207964548168138,True,True,True,2.7405274636297546e-05,COMPLETE
1734,0.41735465526580806,2025-04-15 17:28:54.371119,2025-04-15 17:29:04.252457,0 days 00:00:09.881338,0.5218400492308564,0.8363457195239511,16,0.025930370703937236,0.17254212623474174,0.08879806161316145,0.03421994208431434,0.040881788882452225,0.058254210251645726,0.00010026126661132435,25,144,0.06120538164159303,0.22179992299245888,True,True,True,5.248427247084987e-08,COMPLETE
1735,0.4130710005760193,2025-04-15 17:29:04.811156,2025-04-15 17:29:14.962903,0 days 00:00:10.151747,0.4307324777497092,0.7679416717009868,16,0.029940362338236166,0.2539234939154958,0.0929356232988404,0.03820550537272716,0.0862873509271967,0.04849037749225463,9.036597688585009e-05,29,129,0.06454627810708,0.21495027805481326,True,True,True,2.725042773195637e-08,COMPLETE
1736,0.4247486472129822,2025-04-15 17:29:15.545737,2025-04-15 17:29:25.980505,0 days 00:00:10.434768,0.4871957822268246,0.8108777252934365,16,0.011485775122722103,0.16199908438539432,0.09549238222001939,0.04247039982071513,0.09168842686044971,0.06140458019476178,0.00010953833111612526,30,135,0.05784172391514181,0.20223795819639706,True,True,True,1.744427322144953e-08,COMPLETE
1737,0.2088072419166565,2025-04-15 17:29:26.545931,2025-04-15 17:29:36.332737,0 days 00:00:09.786806,0.4545848464412363,0.7303095290453352,16,0.01819821192374539,0.154613180409203,0.03516640633110651,0.02040483345964608,0.0838194691669981,0.05567507767098798,6.767759494379525e-05,28,124,0.054135388732513376,0.21773078401808252,True,True,False,4.008483570270667e-08,COMPLETE
1738,0.382017457485199,2025-04-15 17:29:36.918684,2025-04-15 17:29:47.153564,0 days 00:00:10.234880,0.506634149522694,0.797352417672273,16,0.036917142903593506,0.1767190462845997,0.09810145344731501,0.01765134128069009,0.09774861682286648,0.06338302164921926,0.0001451625433684945,29,132,0.06048420428292036,0.1996179941328921,True,True,True,2.2643557678206243e-08,COMPLETE
1739,0.4141959547996521,2025-04-15 17:29:47.719105,2025-04-15 17:29:58.204512,0 days 00:00:10.485407,0.4811890381131844,0.7473069162339905,16,0.024215012324507467,0.16898019688589178,0.09142816272493424,0.03645786851350434,0.07951443731306083,0.05221134730508817,0.00019065009569131815,29,142,0.06718636074159755,0.20736505968576904,True,True,True,3.3239188391832026e-08,COMPLETE
1740,0.37747782468795776,2025-04-15 17:29:58.784185,2025-04-15 17:30:07.045924,0 days 00:00:08.261739,0.536737257321707,0.7763791263771092,16,0.04266062131344579,0.1612906640096825,0.09807149946319632,0.032530160178209616,0.08934653214479613,0.06554600870372919,0.00012216526023497618,17,127,0.06307897394575626,0.21302818617514585,True,True,True,5.53799773861612e-08,COMPLETE
1741,0.4089942812919617,2025-04-15 17:30:07.605809,2025-04-15 17:30:17.837195,0 days 00:00:10.231386,0.9205933191207529,0.790979182678674,16,0.030231325658513386,0.14998195191442762,0.09370070011545326,0.03113292587103138,0.08679398261748736,0.05790165028481089,7.827381430359821e-05,28,138,0.059672344883764085,0.20460644113477394,True,True,True,2.6512967789744132e-08,COMPLETE
1742,0.4208491683006287,2025-04-15 17:30:18.421242,2025-04-15 17:30:29.237289,0 days 00:00:10.816047,0.4205402176098707,0.8196224333779438,16,0.021658247174928903,0.1452489972981575,0.09646687022649171,0.03547212371833205,0.08162651916228952,0.024358035348403285,0.0001644568978235837,30,147,0.056851522509508354,0.22518927804872144,True,True,True,1.8020921993631912e-08,COMPLETE
1743,0.39360960721969607,2025-04-15 17:30:29.801914,2025-04-15 17:30:39.846305,0 days 00:00:10.044391,0.46061406804511607,0.7717639258433167,16,0.035031298065873726,0.18310451408060516,0.09816964573011873,0.02906492840460914,0.07609782994540748,0.06051493086192067,0.0001025807149241688,27,134,0.061780661233726455,0.19483988933478363,True,True,True,3.826490722544244e-06,COMPLETE
1744,0.4234213471412659,2025-04-15 17:30:40.432737,2025-04-15 17:30:50.648332,0 days 00:00:10.215595,0.48731459711585473,0.7352645421969458,16,0.027523778085273697,0.23513700090722292,0.09450831462328105,0.033527181987864495,0.08508661926391561,0.07378660027200257,0.00012871002836605476,29,131,0.0589073188095294,0.21940949414957922,True,True,True,4.1476191219298714e-08,COMPLETE
1745,0.4199694633483887,2025-04-15 17:30:51.216236,2025-04-15 17:31:01.498126,0 days 00:00:10.281890,0.504160312813578,0.7527485392316667,16,0.016637131300783876,0.1575291974592287,0.0920617505576752,0.040082572452569326,0.0877149739986678,0.05409287996398392,8.88891058522769e-05,28,139,0.0657320419804006,0.210648434203032,True,True,True,3.0181755374513556e-08,COMPLETE
1746,0.3975950121879578,2025-04-15 17:31:02.089155,2025-04-15 17:31:12.185002,0 days 00:00:10.095847,0.4709145390664382,0.7999185657425896,16,0.03325929763451529,0.16584082500879557,0.09999837924123856,0.03780584158566591,0.08258103373472242,0.059359353157274586,0.00019204662612805343,30,121,0.0612298695035533,0.1934555743274723,True,True,True,3.6136609929002733e-08,COMPLETE
1747,0.42103880643844604,2025-04-15 17:31:12.750404,2025-04-15 17:31:23.284490,0 days 00:00:10.534086,0.5164783740300122,0.763281865407941,16,0.023194859623612566,0.17275023893464467,0.09579168544733771,0.013727045534476814,0.09282371215309541,0.056405188772195594,0.0001503890388693657,29,143,0.06368138653499505,0.2000246406436551,True,True,True,2.2827187686218643e-08,COMPLETE
1748,0.3242447137832642,2025-04-15 17:31:23.882151,2025-04-15 17:31:46.553918,0 days 00:00:22.671767,0.43870438316633337,0.5165353446299268,2,0.04098844400349205,0.1537113082207893,0.08899406154316,0.0312227210928977,0.09070891354102041,0.05057756751889424,0.00011099219629164392,27,136,0.05578714464361166,0.20544205530155812,True,True,True,4.4755464468911175e-08,COMPLETE
1749,0.42407238483428955,2025-04-15 17:31:47.121016,2025-04-15 17:31:57.675136,0 days 00:00:10.554120,0.45691575934712164,0.7201877098802286,16,0.02784634016603277,0.1635250021993966,0.09822601514338,0.01083215213218391,0.08605130525875203,0.05787740606877189,6.329740962430038e-05,28,148,0.05776850295904788,0.21158082502314657,True,True,True,1.8253696284582197e-08,COMPLETE
1750,0.3947032213211059,2025-04-15 17:31:58.264888,2025-04-15 17:32:08.561987,0 days 00:00:10.297099,0.5012001025990439,0.8380567733378417,16,0.012423449606811033,0.17883050319811336,0.09382318972872954,0.03447516242316927,0.015408986155450742,0.06256622642749107,8.55007180842534e-05,30,128,0.059716436114276863,0.21616619863322703,True,True,True,2.8297290844355097e-08,COMPLETE
1751,0.4233287930488587,2025-04-15 17:32:09.135376,2025-04-15 17:32:19.684753,0 days 00:00:10.549377,0.4804150627177494,0.7860617186562368,16,0.01978817287754643,0.16932829185742448,0.09670131489808749,0.036263116683783625,0.08935984826859407,0.05496884979278521,5.212497086415857e-05,29,141,0.06278734226985212,0.2307385281291293,True,True,True,7.598760970221201e-08,COMPLETE
1752,0.3871792793273926,2025-04-15 17:32:20.250498,2025-04-15 17:32:30.754074,0 days 00:00:10.503576,0.41419214206092847,0.81047656108727,16,0.03443573055979902,0.18647959916012236,0.09108011995119653,0.032467386568703724,0.0803920783611042,0.014926005701483155,0.00013295687176937768,28,145,0.061049829720545096,0.22148760477592844,True,True,True,5.9258583395849106e-08,COMPLETE
1753,0.3177610516548157,2025-04-15 17:32:31.341744,2025-04-15 17:32:41.107573,0 days 00:00:09.765829,0.5274947831161686,0.19236408791581727,16,0.0504224628394247,0.15694879534131478,0.09519778812169845,0.019129270264677978,0.08414945926628195,0.05991449092432381,0.0001966798543193208,26,131,0.057676028636763486,0.20584597873136723,True,True,True,3.3241819967483043e-08,COMPLETE
1754,0.3938713073730469,2025-04-15 17:32:41.671539,2025-04-15 17:32:52.061679,0 days 00:00:10.390140,0.5472612240979575,0.542431303216757,16,0.025220566924174154,0.14343574281915342,0.09996111203371082,0.029203139281027003,0.07833791241963588,0.057078784742145054,0.0001111265613156648,29,137,0.053960047343858814,0.199128429785228,True,True,True,2.2925365815358374e-08,COMPLETE
1755,0.4207706928253174,2025-04-15 17:32:52.649733,2025-04-15 17:33:03.472155,0 days 00:00:10.822422,0.44403212412494764,0.7705851076232031,16,0.016414240448594554,0.16318213882149907,0.09298149212760946,0.04045907890361445,0.08756692540176345,0.05268938582487641,0.00016530309111422112,30,150,0.06508754883293545,0.21184477297561263,True,True,True,9.87439351550218e-08,COMPLETE
1756,0.23893644213676452,2025-04-15 17:33:04.066107,2025-04-15 17:33:13.951593,0 days 00:00:09.885486,0.46977318690357195,0.7466055659341927,16,0.03988107053939615,0.19306916684199443,0.0970236951631989,0.016089589569620984,0.0821199969733594,0.06103259037755056,7.98413113127622e-05,27,134,0.059175890203565264,0.1930067015203228,True,True,False,4.5488966220449516e-08,COMPLETE
1757,0.424171257019043,2025-04-15 17:33:14.526276,2025-04-15 17:33:24.529894,0 days 00:00:10.003618,0.4909533827261271,0.7861530051822001,16,0.030215555956035183,0.17800344175394184,0.09817865161089201,0.03463957789852941,0.09406313809597959,0.06485663110661354,1.8038464519387984e-05,28,130,0.062015166331289416,0.21908018683035188,True,True,True,3.6921330422052605e-08,COMPLETE
1758,0.42236046791076665,2025-04-15 17:33:25.098949,2025-04-15 17:33:33.410874,0 days 00:00:08.311925,0.5182981931782271,0.8227283533125593,16,0.021942140069405775,0.15147010948446604,0.09492150318391851,0.03748469187703563,0.08535651693312947,0.07785419574811316,9.763254811648496e-05,17,125,0.05661802023674237,0.20479827128625028,True,True,True,2.706782227338253e-08,COMPLETE
1759,0.4258617401123047,2025-04-15 17:33:34.002338,2025-04-15 17:33:44.576515,0 days 00:00:10.574177,0.4005947641985443,0.7602094819726929,16,0.028307918023165138,0.17236024940719905,0.059861738790725635,0.03128875370976132,0.09001149341951872,0.05538536005914902,0.00013770436751333822,29,145,0.06023334954274394,0.2114177968328284,True,True,True,1.822103824043544e-08,COMPLETE
1760,0.41466197967529295,2025-04-15 17:33:45.145283,2025-04-15 17:33:55.787249,0 days 00:00:10.641966,0.4511613016636339,0.7343061823609134,16,0.035982060128292796,0.16000976681798149,0.09043345250101548,0.03327246522583485,0.08777395897573217,0.05860218026869465,0.00011117703845911409,30,140,0.06372536665101476,0.22589773028405552,True,True,True,2.3717841746307902e-08,COMPLETE
1761,0.4241087555885315,2025-04-15 17:33:56.385084,2025-04-15 17:34:06.644320,0 days 00:00:10.259236,0.42656018201340434,0.7998915797368991,16,0.013137136968138265,0.13745511115418185,0.09686639434182244,0.03616826132990815,0.08344390820412276,0.049569339907044055,0.00015836116529689874,29,133,0.05793270418572853,0.19750402448539411,True,True,True,1.830475557510052e-06,COMPLETE
1762,0.41200482845306396,2025-04-15 17:34:07.215208,2025-04-15 17:34:16.900878,0 days 00:00:09.685670,0.48965761593293056,0.7806614932517193,16,0.02298288374696521,0.16740104567060002,0.09280916443310844,0.02876426995323447,0.09154808358789274,0.06208972385589071,7.125368769456066e-05,28,118,0.06749921212957831,0.23927841430882935,True,True,True,3.10542649493979e-08,COMPLETE
1763,0.22913252115249633,2025-04-15 17:34:17.494234,2025-04-15 17:34:27.872484,0 days 00:00:10.378250,0.18473035626510875,0.7568240876821513,16,0.043780797716848674,0.15164974726941607,0.09823045738648278,0.038992352986438036,0.0803105444691659,0.05389232080048425,0.00012466564835110605,29,137,0.06102143268452061,0.21505757752987523,True,True,True,5.107021492273285e-08,COMPLETE
