number,value,datetime_start,datetime_complete,duration,params_alpha-eval,params_alpha-train,params_batch-size,params_eps-eval,params_eps-train,params_lambda-actions-eval,params_lambda-actions-train,params_lambda-frames-eval,params_lambda-frames-train,params_learning-rate,params_n-epochs,params_n-frames,params_radius-gw,params_rho,params_std-feats,params_ub-actions,params_ub-frames,params_weight-decay,state
740,0.28164126276969914,2025-04-15 14:44:24.108972,2025-04-15 14:44:34.015151,0 days 00:00:09.906179,0.30006031291646446,0.7774230731785446,8,0.011974504953708795,0.006131437883922053,0.09393018707508755,0.012415162756780646,0.08740592381115816,0.08831303756465798,0.0002078951807343769,25,71,0.06284351902993464,0.15227087722881633,True,True,True,5.853268948868786e-07,COMPLETE
741,0.42619885206222535,2025-04-15 14:44:34.247649,2025-04-15 14:44:43.720813,0 days 00:00:09.473164,0.31809549730940967,0.8719706453308138,8,0.016603844501980408,0.024320257562987644,0.0893940057138496,0.04122244642301554,0.08989229416458784,0.09213174526288193,0.00026301440631233935,23,65,0.061166905829646935,0.14378008201089987,True,True,True,4.074254857990017e-07,COMPLETE
742,0.4196369528770447,2025-04-15 14:44:43.965380,2025-04-15 14:44:53.416892,0 days 00:00:09.451512,0.28033298863173517,0.8386946696033276,8,0.01569142513372053,0.008781592394647632,0.08829705128212077,0.03889379009380437,0.09145991854270455,0.09169790719759241,0.00026419273149448636,23,66,0.06250989236676968,0.14394397337190432,True,True,True,4.078955684455204e-07,COMPLETE
743,0.4223792433738709,2025-04-15 14:44:53.649479,2025-04-15 14:45:03.056868,0 days 00:00:09.407389,0.3141634354434357,0.8620304456877272,8,0.009805512285215544,0.011481585557273931,0.08582157942124433,0.04417812739488395,0.09010530354485366,0.09213329014978014,0.00025018936664254326,23,64,0.06504606347219041,0.13912486854909176,True,True,True,5.189955586710347e-07,COMPLETE
744,0.2048193633556366,2025-04-15 14:45:03.302030,2025-04-15 14:45:12.586137,0 days 00:00:09.284107,0.2690607145594153,0.8765715137460671,8,0.01623441399414497,0.021273172149771678,0.0899176970930003,0.04181361009455244,0.08915849769096532,0.08974327280048926,0.00033620030812319204,22,67,0.06196408875171615,0.14696088108167413,True,True,False,3.1394034078675605e-07,COMPLETE
745,0.2792164206504822,2025-04-15 14:45:12.834170,2025-04-15 14:45:22.434956,0 days 00:00:09.600786,0.2946334157334873,0.8452687540042135,8,0.00044525605886722164,0.002880042776550469,0.0865470940932704,0.04188684358640073,0.09353531767376509,0.09395805578898998,0.0002813274102155954,23,70,0.06468138167796744,0.13279602582688352,True,True,True,3.769777675177717e-07,COMPLETE
746,0.423087477684021,2025-04-15 14:45:22.669598,2025-04-15 14:45:32.532651,0 days 00:00:09.863053,0.3226030316449729,0.8651832762359111,8,0.006394001356199039,0.026605155410460293,0.08297951873050949,0.039704952295760654,0.08805519908243259,0.08994081332952968,0.00016767566586144877,24,74,0.06053066754432471,0.14189438916215552,True,True,True,6.487511557278443e-07,COMPLETE
747,0.4055237650871277,2025-04-15 14:45:32.779278,2025-04-15 14:45:42.513338,0 days 00:00:09.734060,0.24202309897266622,0.8853628007177952,8,0.010857600823337962,0.020776080653522044,0.08899611864512473,0.024574561564152195,0.09719260300925607,0.09343143645649589,0.0002176949174635913,24,65,0.06352178974322738,0.13248927215322248,True,True,True,2.678831103291933e-07,COMPLETE
748,0.37674314975738527,2025-04-15 14:45:42.745730,2025-04-15 14:45:52.275639,0 days 00:00:09.529909,0.3059016854709147,0.8915318713460751,8,0.019974370038828876,0.01331869498611023,0.0913610190862932,0.04078284641045133,0.08510661677214511,0.08763237305923656,0.0003621874087769028,23,69,0.06633895203442697,0.12366205533333297,True,True,True,4.6404475760101997e-07,COMPLETE
749,0.42604147195816044,2025-04-15 14:45:52.523850,2025-04-15 14:46:02.230209,0 days 00:00:09.706359,0.329444245484818,0.8147380503575422,8,0.01380436763807859,0.026822478071293447,0.08698557389648494,0.037275031973791374,0.08661531906691354,0.08371081335232872,0.00028165185244832585,23,78,0.060443871185575926,0.14911410560566543,True,True,True,7.456118624889549e-07,COMPLETE
750,0.42399939298629763,2025-04-15 14:46:02.476211,2025-04-15 14:46:12.140040,0 days 00:00:09.663829,0.33589212848687056,0.822011829765941,8,0.018508639497790504,0.01828168862251727,0.08391204963842205,0.03662911403258802,0.08299436270158454,0.09191178632971868,0.0003105465977301225,23,79,0.057975928939002386,0.15268291212512716,True,True,True,2.018663182324715e-07,COMPLETE
751,0.41853508949279783,2025-04-15 14:46:12.382098,2025-04-15 14:46:21.850681,0 days 00:00:09.468583,0.35640256873119847,0.8437312426928947,8,0.021094513452555967,0.021326620701766857,0.08676985441344916,0.026434067094758734,0.08539677615707876,0.08126114111530702,0.00025625804479481823,22,76,0.05921967134124085,0.14872450828653277,True,True,True,3.314754414980374e-07,COMPLETE
752,0.26727448701858525,2025-04-15 14:46:22.100906,2025-04-15 14:46:31.681462,0 days 00:00:09.580556,0.3295052905200905,0.23051220996405042,8,0.012543668558843507,0.02714089082666509,0.08523211132188965,0.037267175922592426,0.09486634751018411,0.09450291272825813,0.00029203953293077494,22,80,0.06170480872850783,0.1451932568055466,True,True,True,1.2830328218070047e-07,COMPLETE
753,0.42394042015075684,2025-04-15 14:46:31.917148,2025-04-15 14:46:41.378292,0 days 00:00:09.461144,0.3624590073005476,0.8036361627238131,8,0.01613763733455104,0.012441245374028066,0.08840393790077125,0.0396368489031072,0.09242796687017088,0.08638515022318295,0.00023062438426197979,23,61,0.05983669009243203,0.1398243136162747,True,True,True,4.42522733399891e-07,COMPLETE
754,0.4170069575309754,2025-04-15 14:46:41.625984,2025-04-15 14:46:51.096948,0 days 00:00:09.470964,0.339193945248945,0.8641465877475591,8,0.022574176942285515,0.026600361395735315,0.07642583370272012,0.03925847919974386,0.08637127914882228,0.08927025041946617,0.0003627708752352029,22,72,0.06241167435334401,0.15417022255855328,True,True,True,2.8386913706485907e-07,COMPLETE
755,0.3981939673423767,2025-04-15 14:46:51.347935,2025-04-15 14:47:01.058626,0 days 00:00:09.710691,0.32315356856886207,0.7630535427585522,8,0.014281193885141529,0.0015905304051112828,0.09247444601560881,0.0367316550375144,0.08999298899167048,0.08354808311719701,0.00027957835897523094,23,75,0.05886923774613951,0.1491665250571786,True,True,True,6.871230109005148e-07,COMPLETE
756,0.39753340482711796,2025-04-15 14:47:01.298085,2025-04-15 14:47:10.679240,0 days 00:00:09.381155,0.3503339143683572,0.8732855962243599,8,0.019304284415979044,0.03362136857370261,0.0818620564504507,0.03219362311875449,0.08363505088547116,0.09097003006340651,0.00040186677090167357,22,63,0.04517237277132812,0.14327966601046307,True,True,True,1.6451037512775387e-07,COMPLETE
757,0.39676364660263064,2025-04-15 14:47:10.928521,2025-04-15 14:47:20.068537,0 days 00:00:09.140016,0.17668378497488924,0.8231781733483107,8,0.012648783772266565,0.02670399481670113,0.08613678524047261,0.03455905586774747,0.08687875868145614,0.08825271871898376,0.0002369718683059008,21,62,0.06398773203715108,0.15138581769630305,True,True,True,3.7794017528982414e-07,COMPLETE
758,0.4231850266456604,2025-04-15 14:47:20.323276,2025-04-15 14:47:29.457676,0 days 00:00:09.134400,0.3701750492846717,0.9042732929654871,8,0.006108365252983258,0.016931104559399647,0.0877164541535362,0.04273540611130632,0.09102770492804775,0.09253244476537242,0.00033189943023346217,21,59,0.060701853377577164,0.13732011203788758,True,True,True,5.340606858144301e-07,COMPLETE
759,0.3659428358078003,2025-04-15 14:47:29.695433,2025-04-15 14:47:39.436764,0 days 00:00:09.741331,0.31154472597470134,0.8556961913522731,8,0.021623442935464372,0.030540200571081238,0.09093906240382756,0.034989495267609645,0.09337763294286683,0.0857549783830952,0.0001980082766869456,23,78,0.057282162804822984,0.1460702879243522,True,True,True,2.177705718194521e-07,COMPLETE
760,0.40912731885910036,2025-04-15 14:47:39.695373,2025-04-15 14:47:49.136737,0 days 00:00:09.441364,0.33769326344792316,0.8993492430234796,8,0.010223753579571306,0.03172178172332832,0.09253794908607789,0.04108308742688836,0.08164842354321186,0.09561033599665479,0.00047238438762136026,22,77,0.047822177890365455,0.1358533157461414,True,True,True,2.687338483917055e-07,COMPLETE
761,0.2761428833007813,2025-04-15 14:47:49.377034,2025-04-15 14:47:58.339962,0 days 00:00:08.962928,0.28874330978748863,0.884737252089634,8,0.0001534172193310042,0.02137791507731241,0.084468808878181,0.03775551656299898,0.0962355027932015,0.09058127038268353,0.0002895808600033452,20,63,0.059165544768978014,0.1548066183321359,True,True,True,3.963337310403933e-07,COMPLETE
762,0.35987153053283694,2025-04-15 14:47:58.593091,2025-04-15 14:48:07.609955,0 days 00:00:09.016864,0.38132913785088957,0.8779167938194322,8,0.022898596157897536,0.024757550543095516,0.08968603767752183,0.04500759620446369,0.0890642516091595,0.08749988662408224,0.0004008517383377032,21,56,0.03822559477943957,0.1421396798029185,True,True,True,5.352856238181992e-07,COMPLETE
763,0.20579266548156738,2025-04-15 14:48:07.861577,2025-04-15 14:48:17.181077,0 days 00:00:09.319500,0.31639681970194283,0.8420681757029618,8,0.016167136938803936,0.033624319169863456,0.09435057196529856,0.043250093501528496,0.09190750431006733,0.08307375751874016,0.0002279801257663388,23,60,0.06147619457214272,0.15014990393622205,True,True,False,3.264579515953445e-07,COMPLETE
764,0.2048193633556366,2025-04-15 14:48:17.420302,2025-04-15 14:48:27.195221,0 days 00:00:09.774919,0.35485585652980267,0.802199422895993,8,0.0063849381353653905,0.00989578386579419,0.0880641495557968,0.046114073539233705,0.08477810494387616,0.09311327717927627,0.0001986319432302345,24,71,0.003608512869190443,0.13700586862429073,True,True,True,7.295226052016014e-07,COMPLETE
765,0.21102586388587952,2025-04-15 14:48:27.445503,2025-04-15 14:48:36.434973,0 days 00:00:08.989470,0.014002154916383236,0.9083794330161902,8,0.024794688748888537,0.017444040317329244,0.09173194008383011,0.04055886604623472,0.09506120818022205,0.08939474522751464,0.00032924415851776686,21,52,0.09505461743800912,0.15544228742445665,True,True,True,2.310699262490307e-07,COMPLETE
766,0.42187099456787114,2025-04-15 14:48:36.676567,2025-04-15 14:48:45.977026,0 days 00:00:09.300459,0.3312650938211648,0.8653871230092995,8,0.013982116748662149,0.037537098288181914,0.07905250593980195,0.0439528699817691,0.08777439294114733,0.034862510647450884,0.0002672701720223581,22,64,0.05769945836136036,0.12966915720920746,True,True,True,1.7385770030011628e-07,COMPLETE
767,0.2048193633556366,2025-04-15 14:48:46.227924,2025-04-15 14:48:56.743382,0 days 00:00:10.515458,0.25906567341415604,0.9162612288061603,8,0.22598308210661533,0.026365363241713728,0.08304617810514278,0.04763627470627283,0.0906330397903834,0.06723390795415961,0.00045532478215776364,20,148,0.06583326453584018,0.1473760594909925,True,True,True,4.534399171781316e-07,COMPLETE
768,0.4126870512962342,2025-04-15 14:48:57.002078,2025-04-15 14:49:07.841474,0 days 00:00:10.839396,0.30563496997431827,0.8951264064930671,8,0.010028076885257125,0.04301038368449838,0.09354295870690174,0.045624672312137085,0.09329864959877983,0.08565069670260675,0.0003553660923342842,30,73,0.049179177904540766,0.1420175619781175,True,True,True,1.2495293364943693e-06,COMPLETE
769,0.2048193633556366,2025-04-15 14:49:08.085337,2025-04-15 14:49:16.868869,0 days 00:00:08.783532,0.37340059522046504,0.8868602278607963,8,0.08148947640380702,0.03311659435314521,0.0902354724121444,0.03626656646487149,0.09734830011846043,0.09763411400444501,0.00016038662361191256,20,57,0.05708008942531531,0.13272646162343088,True,True,True,3.906034015926951e-07,COMPLETE
770,0.41921107769012456,2025-04-15 14:49:17.121398,2025-04-15 14:49:26.733034,0 days 00:00:09.611636,0.6311971717853135,0.9142645123421386,8,0.018484608601977513,0.022702893347759562,0.08684023413390385,0.00873894634563821,0.08658022052333436,0.07967255204497148,0.0002444220474829807,24,61,0.059910493993810474,0.15573413636738972,True,True,True,2.87102247012652e-07,COMPLETE
771,0.2048193633556366,2025-04-15 14:49:26.992248,2025-04-15 14:49:36.657944,0 days 00:00:09.665696,0.34942893616126086,0.8597686248133336,8,0.0066904402455595525,0.04808484233389265,0.09443724792393912,0.047935698989270616,0.08940233557015019,0.04395424860325652,0.00018594839099020093,23,78,0.008287920188320315,0.14821725752608833,True,True,True,5.648254329910113e-07,COMPLETE
772,0.35954999923706055,2025-04-15 14:49:36.899267,2025-04-15 14:49:46.075696,0 days 00:00:09.176429,0.2860390567379911,0.8976617641326037,8,0.023593645503819836,0.013689590733734838,0.09193539916369013,0.04202915457229759,0.08160916277448894,0.09115474881276346,0.00029329466728255185,21,66,0.06299898586331236,0.14051889837860473,True,True,True,3.154515450927922e-07,COMPLETE
773,0.4261954188346863,2025-04-15 14:49:46.331919,2025-04-15 14:49:55.558414,0 days 00:00:09.226495,0.3245189402293583,0.8734802192310989,8,0.013950879395043594,0.03747379590587261,0.08931238981711315,0.04942217122955928,0.0924111093938045,0.09495524367438418,0.0004429616259960622,22,58,0.05196286270447058,0.1540749103960305,True,True,True,2.1160427725068103e-07,COMPLETE
774,0.4101053833961487,2025-04-15 14:49:55.798814,2025-04-15 14:50:04.926591,0 days 00:00:09.127777,0.34340657334036273,0.8302089518566338,8,0.016306478186444293,0.03649144124057628,0.08998124632387151,0.048437566658518845,0.09477685958708097,0.08702584106737034,0.00044605757718766363,22,55,0.04789462514053856,0.15609600052512182,True,True,True,1.2957471526501378e-07,COMPLETE
775,0.40876039266586306,2025-04-15 14:50:05.181364,2025-04-15 14:50:14.589724,0 days 00:00:09.408360,0.3270392980819128,0.7285913537078705,8,0.02416079066651638,0.2277071139277405,0.09300763533290353,0.04648265876377238,0.09309234054452602,0.08472817174550505,0.00038107430859132834,23,58,0.050707139470073395,0.15337457204316463,True,True,True,1.798002568877659e-07,COMPLETE
776,0.39752185344696045,2025-04-15 14:50:14.849971,2025-04-15 14:50:23.899522,0 days 00:00:09.049551,0.37567363293899075,0.8424494140355602,8,0.018791337877965622,0.03083747528832135,0.09521162531279796,0.04989737302519102,0.09808477114717566,0.09582935578037861,0.0004891637784339279,22,51,0.042885200263706,0.1481133624836406,True,True,True,2.1405640679484985e-07,COMPLETE
777,0.41972554922103883,2025-04-15 14:50:24.142032,2025-04-15 14:50:33.323320,0 days 00:00:09.181288,0.35449003049693895,0.7872612588295134,8,0.024796756431690888,0.04121442759601185,0.09040313174690932,0.044355029248743245,0.08357970285746441,0.08164184058379101,0.0004055201794645873,22,56,0.06138103269248543,0.15895908812094814,True,True,True,1.939505900441824e-07,COMPLETE
778,0.40570594072341926,2025-04-15 14:50:33.578164,2025-04-15 14:50:42.972995,0 days 00:00:09.394831,0.32480049402362243,0.8688277186075068,8,0.013446074839459381,0.034265305954099115,0.09222210437327179,0.03801645023198953,0.08676005475946619,0.08814579745243115,0.0004884422487490784,23,53,0.04600298963469759,0.15033132223925622,True,True,True,1.3077387174161997e-07,COMPLETE
779,0.4205007314682007,2025-04-15 14:50:43.230591,2025-04-15 14:50:52.480671,0 days 00:00:09.250080,0.29743446195183104,0.8475151199082213,8,0.01922831500695476,0.028065984792521453,0.0945746913091789,0.04686582215219736,0.08884693703030677,0.0927614750334517,0.0003610421532963677,22,59,0.05580129932544575,0.1458622514421638,True,True,True,2.5631619017218783e-07,COMPLETE
780,0.4227938413619995,2025-04-15 14:50:52.723982,2025-04-15 14:51:02.042279,0 days 00:00:09.318297,0.3628239126767619,0.8752047314627395,8,0.011970398925933401,0.040044099229644706,0.08862380721835979,0.049181294134821994,0.09518627814097996,0.08951548851309873,0.00032517787719980255,23,56,0.05909704909670326,0.15658925757834433,True,True,True,1.5827143477873897e-07,COMPLETE
781,0.2965741753578186,2025-04-15 14:51:02.300597,2025-04-15 14:51:11.700502,0 days 00:00:09.399905,0.22644342710306256,0.8552294607079626,8,0.026813517460976814,0.02285629685858792,0.09071959920038505,0.04103241339111439,0.09141998286863727,0.08398800684348928,0.00043363320977161387,24,53,0.06382914772705005,0.14241936985253428,True,True,True,2.174099764377725e-07,COMPLETE
782,0.32729268074035645,2025-04-15 14:51:11.959943,2025-04-15 14:51:21.151406,0 days 00:00:09.191463,0.3930831920061617,0.8799934538127594,8,0.016597724286272264,0.04307872831904105,0.08556512163640284,0.04289653604358211,0.08532527153138883,0.09101133561093154,0.0002843301603964443,22,60,0.049873985849924814,0.15254749150977742,True,True,False,2.7156269657939406e-07,COMPLETE
783,0.40679167509078984,2025-04-15 14:51:21.398911,2025-04-15 14:51:30.803657,0 days 00:00:09.404746,0.33329747880224797,0.8345158965452163,8,0.024642149448518284,0.032534365116166024,0.09405881290276953,0.04550776387812538,0.09301706872401377,0.09839643689833599,0.000343456688754266,23,58,0.0529124960531292,0.15819030399066056,True,True,True,1.679939607419272e-07,COMPLETE
784,0.2786537826061249,2025-04-15 14:51:31.062881,2025-04-15 14:51:40.334424,0 days 00:00:09.271543,0.310738993846114,0.8146515867668922,8,0.005299056826785223,0.025160708949074226,0.09245814825922116,0.048673432924491444,0.0889864746675032,0.09492501838070175,0.0004953167232272527,21,69,0.05676285704652001,0.14536869246360534,True,True,True,2.4681126223937505e-07,COMPLETE
785,0.42509462833404543,2025-04-15 14:51:40.596638,2025-04-15 14:51:49.671095,0 days 00:00:09.074457,0.34193738411504276,0.8896252966798248,8,0.012595254258334958,0.03791282467403291,0.08841477177501277,0.05128017725408827,0.09078874366744948,0.08607710974711709,0.00023974446881280277,22,51,0.06050220554556379,0.1386907531985226,True,True,True,3.0742533258626004e-07,COMPLETE
786,0.40802481174468996,2025-04-15 14:51:49.916770,2025-04-15 14:51:59.012678,0 days 00:00:09.095908,0.3696257951832043,0.8752016782298309,8,0.01058982244143309,0.04478149425486258,0.0873217190630357,0.05065928500071355,0.03269203188145796,0.08343083056332366,0.00022350327167906974,22,51,0.06754711767793058,0.13670922846534356,True,True,True,3.114508554672841e-07,COMPLETE
787,0.42121143341064454,2025-04-15 14:51:59.272270,2025-04-15 14:52:08.178796,0 days 00:00:08.906526,0.35407244171220603,0.8676030085571815,8,0.004802111360016056,0.0379022059483348,0.08494947541252404,0.03244668287175559,0.09032419110137042,0.08594657868988895,0.00022952197288852135,21,52,0.06526354985109888,0.13500490899197382,True,True,True,2.1817486619627519e-07,COMPLETE
788,0.3421903967857361,2025-04-15 14:52:08.426362,2025-04-15 14:52:17.887111,0 days 00:00:09.460749,0.38666658204727455,0.8865411643603487,8,0.000347378661218976,0.04892822245831259,0.08861862293408303,0.019935742832636584,0.09193687496221584,0.0807495556877691,0.0002860576930232491,22,74,0.06254192076424744,0.14036679359432785,True,True,True,3.4528934001304063e-07,COMPLETE
789,0.42331720590591426,2025-04-15 14:52:18.148325,2025-04-15 14:52:27.079448,0 days 00:00:08.931123,0.3440399116022424,0.8521456389832106,8,0.011081979980680676,0.043918120394817,0.08728700436814762,0.05113582508081607,0.09424120829718675,0.08467515576852767,0.0001985557271654743,21,50,0.061162217456936285,0.1324786366552011,True,True,True,2.671548521383321e-07,COMPLETE
790,0.4184459686279297,2025-04-15 14:52:27.340183,2025-04-15 14:52:36.478827,0 days 00:00:09.138644,0.34085123900884234,0.8980352570360924,8,0.014854096117413585,0.05085032849805491,0.08898518527064594,0.034913677733295824,0.08845663853143014,0.08634067573085774,0.00024899214053342714,21,64,0.06388633848463175,0.13949659484670687,True,True,True,4.75137146443221e-07,COMPLETE
791,0.42446372509002683,2025-04-15 14:52:36.729098,2025-04-15 14:52:46.157909,0 days 00:00:09.428811,0.35865905524658265,0.8626652049071852,8,0.009985958697746421,0.035982967764965124,0.08321312076227676,0.02709102190555167,0.09678235692546827,0.08277705205033098,0.0002591492106286119,22,68,0.06124994063755472,0.1465466750901216,True,True,True,3.4264057840565613e-07,COMPLETE
792,0.4013150453567505,2025-04-15 14:52:46.419255,2025-04-15 14:52:55.708425,0 days 00:00:09.289170,0.37650435265230797,0.8913019369064673,8,0.01964498838464364,0.2674377650481229,0.0899951579216523,0.039467127077204074,0.08723614210239872,0.08791008029755301,0.00020314708384228661,22,55,0.047310380212144135,0.14318884005414206,True,True,True,1.053261704574131e-07,COMPLETE
793,0.42140414714813235,2025-04-15 14:52:55.972351,2025-04-15 14:53:05.119968,0 days 00:00:09.147617,0.33044016114960806,0.9103263518835085,8,0.00603835051893894,0.03966600377716224,0.08672789111973372,0.050889594707293,0.0909045041191324,0.060375741960226895,0.0003063575749191825,21,61,0.059997497554423164,0.1344741446540263,True,True,True,2.0042737754509523e-07,COMPLETE
794,0.4151756048202515,2025-04-15 14:53:05.368503,2025-04-15 14:53:14.299097,0 days 00:00:08.930594,0.32514558878881006,0.885739046375971,8,0.015257034885015392,0.04766183591042099,0.09004854424313301,0.053883246274746596,0.09320931047531872,0.08775291522356851,0.00017792310518132347,20,65,0.06302272680959588,0.14935589475357847,True,True,True,1.021072495257996e-06,COMPLETE
795,0.4228208780288697,2025-04-15 14:53:14.564260,2025-04-15 14:53:23.601031,0 days 00:00:09.036771,0.39693980094662373,0.8344988489224086,8,0.012122766183341415,0.05126019266375484,0.08563880818101072,0.04760254064813757,0.08500111604507023,0.0968124198306392,0.00024046353872273735,21,56,0.0665367055412028,0.1305330320555868,True,True,True,1.515829204930458e-07,COMPLETE
796,0.38122837543487553,2025-04-15 14:53:23.864658,2025-04-15 14:53:32.805223,0 days 00:00:08.940565,0.36138375834843084,0.9230638500647288,8,0.00014076499427465375,0.018774543861487338,0.09141954767645594,0.02358726436097559,0.0916213734062294,0.07752452698354939,0.0003018114583805917,20,60,0.0515162866131201,0.138522130482867,True,True,True,4.1195440160902485e-07,COMPLETE
