number,value,datetime_start,datetime_complete,duration,params_alpha-eval,params_alpha-train,params_batch-size,params_eps-eval,params_eps-train,params_lambda-actions-eval,params_lambda-actions-train,params_lambda-frames-eval,params_lambda-frames-train,params_learning-rate,params_n-epochs,params_n-frames,params_radius-gw,params_rho,params_std-feats,params_ub-actions,params_ub-frames,params_weight-decay,state
569,0.41743124723434455,2025-04-13 15:09:26.843952,2025-04-13 15:09:34.303944,0 days 00:00:07.459992,0.7594885507852194,0.6421930010864055,16,0.03297218000993597,0.03556289081009645,0.05713654454510726,0.0682374823560246,0.08878340167551224,0.010543823907786883,0.00011616331348509877,23,48,0.05503601390015206,0.26259851615000046,False,True,True,1.5329464878745045e-05,COMPLETE
570,0.40635272264480593,2025-04-13 15:09:34.479764,2025-04-13 15:09:41.823349,0 days 00:00:07.343585,0.7075631498941324,0.6052086706328982,16,0.021376443699309453,0.048427639411445435,0.04420981744021003,0.07516637807376049,0.08500486116956855,0.004727539464246703,0.00018988805195431068,21,62,0.048312067111795365,0.2711881323621981,False,True,True,2.651602291977006e-05,COMPLETE
571,0.24044002294540406,2025-04-13 15:09:41.999563,2025-04-13 15:09:49.142506,0 days 00:00:07.142943,0.6744308078924272,0.6555153217248891,16,0.026762905854347003,0.04051340357355661,0.050392162001229236,0.07744515098696665,0.07762330453469093,0.007687372701585043,0.00014292812913876192,20,54,0.053426973510312906,0.27764406323599966,False,True,False,1.9887956148533854e-05,COMPLETE
572,0.4203834414482117,2025-04-13 15:09:49.329332,2025-04-13 15:09:56.731814,0 days 00:00:07.402482,0.7720648564441982,0.6873151015663628,16,0.03503251722426045,0.05532328523649394,0.05322813281152121,0.06568928797972541,0.08230423801832559,0.0016094796396982562,5.5942221110298074e-05,22,58,0.05676498621140148,0.26613465182494017,False,True,True,9.33369976294064e-06,COMPLETE
573,0.2048193633556366,2025-04-13 15:09:56.908260,2025-04-13 15:10:04.306775,0 days 00:00:07.398515,0.6375840385568803,0.6209981074642944,16,0.20530384890284847,0.04469635492288852,0.055032465890733476,0.06859059016988944,0.07954610488418312,0.004028792096747449,0.00011457872460454452,23,45,0.023053394069892146,0.280494014622889,False,True,True,2.986216280257343e-05,COMPLETE
574,0.4254082918167114,2025-04-13 15:10:04.497603,2025-04-13 15:10:11.815855,0 days 00:00:07.318252,0.7230055240995026,0.6371679107753329,16,0.017518694604331763,0.051707899466120436,0.06161912015723501,0.07198064055024919,0.08439078499617912,0.006518925883482249,9.383809517918939e-05,21,53,0.05055596688672914,0.26024636940803386,False,True,True,2.4787244270238844e-05,COMPLETE
575,0.39952412843704227,2025-04-13 15:10:11.993408,2025-04-13 15:10:19.239220,0 days 00:00:07.245812,0.6979646374429789,0.6053633469702362,16,0.013986074896788776,0.059073207301500355,0.06294432843349762,0.0728180723854714,0.08829005632890413,0.015373090963374787,6.89604919502132e-05,21,52,0.04694557036143065,0.25967185713103164,False,True,True,3.815342654109343e-05,COMPLETE
576,0.4217840790748596,2025-04-13 15:10:19.431162,2025-04-13 15:10:26.728081,0 days 00:00:07.296919,0.7125425914978694,0.6326294510332523,16,0.015385783933901448,0.051566069620198815,0.05892644663459643,0.0714399012850439,0.07516559268653786,0.008704052548776962,0.00015682616133075428,21,48,0.05259622448173804,0.25998754091170023,False,True,True,2.307766685393868e-05,COMPLETE
577,0.40851482152938845,2025-04-13 15:10:26.907513,2025-04-13 15:10:34.046974,0 days 00:00:07.139461,0.6805105116910704,0.6142369562160586,16,0.030169280060753922,0.05191515327023097,0.06105797810116064,0.07442424197330713,0.08594261949959757,0.010461639005500917,0.00020149205401343552,20,51,0.04944905725796784,0.26534441040523976,False,True,True,4.337824518723643e-05,COMPLETE
578,0.25599165558815007,2025-04-13 15:10:34.239943,2025-04-13 15:10:41.422292,0 days 00:00:07.182349,0.7196846725146365,0.03652260768676602,16,0.021232673899872125,0.05785158074631414,0.06220898365165308,0.07296718078124588,0.08074774740382445,0.00624938590859209,8.495044783893573e-05,21,47,0.05104256268808313,0.2675395635259924,False,False,True,2.8287717432944635e-05,COMPLETE
579,0.2048193633556366,2025-04-13 15:10:41.600963,2025-04-13 15:10:48.919637,0 days 00:00:07.318674,0.7492239355637484,0.6366994417265166,16,0.028655932872439456,0.1673337328414448,0.047089084746532645,0.07609172952437168,0.08463127083111892,0.00794824709268082,0.0001342212986338649,22,44,0.016635641074009125,0.2578881687962921,False,True,True,1.5422114912946115e-05,COMPLETE
580,0.4133444786071777,2025-04-13 15:10:49.113560,2025-04-13 15:10:56.307308,0 days 00:00:07.193748,0.6608408156466339,0.6069347946945444,16,0.037713003961248326,0.04873632485674265,0.060126310442351186,0.07021747218412375,0.08755759558838719,0.006160080434863059,0.0001790823892324468,20,54,0.05551396780096702,0.2706803255579357,False,True,True,3.278166938438972e-05,COMPLETE
581,0.41747244596481325,2025-04-13 15:10:56.486003,2025-04-13 15:11:03.862271,0 days 00:00:07.376268,0.697864266998042,0.6670589595788284,16,0.01519769813650443,0.033490847608555176,0.05159939750966306,0.07126049316996735,0.08222290105972525,0.00972633806389218,0.00010535242869772961,21,60,0.053398007092572336,0.261768078765231,False,True,True,2.4027838789940133e-05,COMPLETE
582,0.40421153306961066,2025-04-13 15:11:04.058167,2025-04-13 15:11:11.436905,0 days 00:00:07.378738,0.6219765672043176,0.6385278259722734,16,0.02339704170551129,0.054597515271556374,0.05692998462190686,0.07850416867161608,0.07857064603534193,0.012624476672144256,0.00012779161811061736,22,51,0.04554864214697189,0.27948819216889936,False,True,True,1.2124833314247824e-05,COMPLETE
583,0.4058627367019654,2025-04-13 15:11:11.617616,2025-04-13 15:11:19.103116,0 days 00:00:07.485500,0.7309817494225022,0.6232751760094547,16,0.03027285075476711,0.046480441425658436,0.049419681042805814,0.07804189344137508,0.08891613734042363,0.005076233431886291,0.00023591165570576694,23,56,0.04837071964497697,0.266930566671908,False,True,True,1.7963522642487137e-05,COMPLETE
584,0.4224417209625244,2025-04-13 15:11:19.285110,2025-04-13 15:11:26.623740,0 days 00:00:07.338630,0.7583300604165092,0.6009180874991067,16,0.018492943233522102,0.039014565938468304,0.056687728870404665,0.07391209432587337,0.08535523392060951,0.007281995408456205,0.0001536421468932055,22,48,0.05100242402715503,0.28504056981715375,False,True,True,2.6738456618437113e-05,COMPLETE
585,0.41899430751800537,2025-04-13 15:11:26.817079,2025-04-13 15:11:34.175968,0 days 00:00:07.358889,0.6740821109788426,0.646695971250449,16,0.03828909520206834,0.05159553899810557,0.059582344109418144,0.06903370218230193,0.08334808839191414,0.003411484091959109,8.236933389919026e-05,21,65,0.053709718148227704,0.2718226991519492,False,True,True,3.868133737389684e-05,COMPLETE
586,0.42120068073272704,2025-04-13 15:11:34.360350,2025-04-13 15:11:41.495487,0 days 00:00:07.135137,0.7004694082965763,0.6734052354067248,16,0.024204797390479142,0.05923714890483097,0.05308080391304594,0.07660131094725642,0.08053206410077295,0.006032253488496068,0.00010912177077980119,19,53,0.05681742315869505,0.2596193355393392,False,True,True,2.039429707133212e-05,COMPLETE
587,0.4120662808418274,2025-04-13 15:11:41.690158,2025-04-13 15:11:48.998839,0 days 00:00:07.308681,0.6447940168109236,0.6246997633133569,16,0.03348491677706335,0.04216646000155572,0.049794059512811836,0.0786981338002484,0.08687714055302559,0.009059588908670695,0.0001769179333352813,22,44,0.049720730593766006,0.27562223852021395,False,True,True,1.5804076208723044e-05,COMPLETE
588,0.39789083003997805,2025-04-13 15:11:49.183186,2025-04-13 15:11:56.384231,0 days 00:00:07.201045,0.7787111827644487,0.6574622658327093,16,0.015303979918759892,0.049490713217275994,0.046001977949170055,0.07020274323289213,0.0765589947400119,0.011208820016599244,0.0001363303859052228,20,58,0.042379279104009376,0.2662531990637562,False,True,True,3.055778362067052e-05,COMPLETE
589,0.2048193633556366,2025-04-13 15:11:56.576734,2025-04-13 15:12:03.910165,0 days 00:00:07.333431,0.7255161165834046,0.6359689436110844,16,0.2674253653273851,0.05900353835565883,0.05766286832340021,0.07526640445472038,0.08233484686525984,0.004252566630222488,6.021239382516266e-05,22,50,0.052315293107827225,0.2827303314195564,False,True,True,2.293556368619325e-05,COMPLETE
590,0.2181850790977478,2025-04-13 15:12:04.098047,2025-04-13 15:12:11.627089,0 days 00:00:07.529042,0.7447172993540371,0.5969374288577519,16,0.024040895698124003,0.0345892260528993,0.048083895889149096,0.07291611637992729,0.08920697521654425,0.007453127361430651,0.0002196378951093788,23,54,0.04634796927562882,0.2743717453911345,False,True,False,7.355831554818498e-06,COMPLETE
591,0.4050269007682801,2025-04-13 15:12:11.821752,2025-04-13 15:12:19.100504,0 days 00:00:07.278752,0.6855232086110672,0.6841990119519044,16,0.029403365867765062,0.04610107412917998,0.05492139902770554,0.06724382937268376,0.08488292180392698,0.003179982902204196,9.033002450341918e-05,21,46,0.048524009877946465,0.263406356443828,False,True,True,1.1967731063934291e-05,COMPLETE
592,0.42260390520095825,2025-04-13 15:12:19.285292,2025-04-13 15:12:26.519582,0 days 00:00:07.234290,0.7174936950996799,0.621813465746397,16,0.019503565177426824,0.04040763119372509,0.051258868459128526,0.07950864902953861,0.08040055409187442,0.005653309612502988,0.00010693104618014697,21,43,0.05449613365271016,0.2704429540980976,False,True,True,4.1643051001807975e-05,COMPLETE
593,0.2048193633556366,2025-04-13 15:12:26.715955,2025-04-13 15:12:34.056251,0 days 00:00:07.340296,0.7794852165236063,0.6546465557817881,16,0.2762158810407423,0.05306838557882728,0.053042058476594385,0.06962726449997494,0.0836922083993357,0.009108979545723858,0.0001568552775090609,22,62,0.05131502615495274,0.2862382387352644,False,True,True,2.4452174439583657e-05,COMPLETE
594,0.42221825122833256,2025-04-13 15:12:34.240873,2025-04-13 15:12:41.728774,0 days 00:00:07.487901,0.6535172404879985,0.5965242739725212,16,0.040789101473150284,0.19117877637370195,0.062219270711711495,0.07216392610477329,0.08638075479448806,0.006686646554257123,0.00012581854072514246,23,48,0.05720635459301124,0.27881278866830744,False,True,True,3.391811412251253e-05,COMPLETE
595,0.2048193633556366,2025-04-13 15:12:41.925126,2025-04-13 15:12:49.179739,0 days 00:00:07.254613,0.702243429827653,0.6150558727650187,16,0.23535967480653971,0.04538691129400015,0.05017786821381971,0.07772024370816924,0.07437220670853029,0.002971369576588391,6.765303515206818e-05,21,56,0.049472029751550524,0.2578930186667623,False,True,True,4.4412045072771546e-06,COMPLETE
596,0.42100707292556766,2025-04-13 15:12:49.365704,2025-04-13 15:12:56.775574,0 days 00:00:07.409870,0.7383877897892039,0.6367449633645245,16,0.014313864613748912,0.036334081896650966,0.055953396720581035,0.06789309924070876,0.07807884327792679,0.004923247699049258,0.0002042509212255364,22,52,0.052332056075173924,0.27295598536833215,False,True,True,5.445114675738476e-07,COMPLETE
597,0.4189831972122192,2025-04-13 15:12:56.973037,2025-04-13 15:13:04.135685,0 days 00:00:07.162648,0.6680519880992671,0.6663161722177001,16,0.02803577838297273,0.058412707416893486,0.05858477336460465,0.07945652214506978,0.08168988098083066,0.008193384354382535,0.00012846733950557464,20,59,0.054947246872947324,0.26577357103304666,False,False,True,1.8187062129790452e-05,COMPLETE
598,0.40390262603759763,2025-04-13 15:13:04.322874,2025-04-13 15:13:11.769554,0 days 00:00:07.446680,0.7561549976740742,0.64568397608762,16,0.03518355361695505,0.05213762142913185,0.05363299312211848,0.07537872933625807,0.08950402483502552,0.011024010137780784,9.667173428035903e-05,23,50,0.04766255098902759,0.2790315270091483,False,True,True,1.4166996083726783e-05,COMPLETE
599,0.2048193633556366,2025-04-13 15:13:11.958137,2025-04-13 15:13:19.320989,0 days 00:00:07.362852,0.7180801100334852,0.5950381058468652,16,0.02111279813063807,0.2922625250665938,0.04854442283878952,0.07117293223750842,0.08717367677388073,0.004458683973108591,0.00016613698698297633,22,54,0.05063550106680555,0.2690420806254329,False,True,True,8.963787479812425e-06,COMPLETE
600,0.4201858758926391,2025-04-13 15:13:19.518100,2025-04-13 15:13:26.796374,0 days 00:00:07.278274,0.6869194512429619,0.6858475947047112,16,0.02773131668247081,0.045615455176214764,0.052082221389861176,0.08001907982184858,0.07910596801432548,0.01403627911135558,8.149780017315278e-05,21,46,0.05372993412089267,0.2850275309448658,False,True,True,2.749135436954922e-05,COMPLETE
601,0.33216923475265503,2025-04-13 15:13:26.988027,2025-04-13 15:13:34.451632,0 days 00:00:07.463605,0.72825027273717,0.6193587102226326,16,0.03320492319927189,0.13030931597027057,0.05619734697177543,0.06866851516712787,0.084439471569413,0.0012015936678443934,0.00014687710556207282,23,56,0.03234937803553337,0.25764662013361606,False,True,True,2.1633347756163643e-05,COMPLETE
602,0.4236897587776184,2025-04-13 15:13:34.650109,2025-04-13 15:13:42.026198,0 days 00:00:07.376089,0.7015753839890707,0.6504469795480221,16,0.015044050865874794,0.03938604824440109,0.060354811340935094,0.0763640538577897,0.08137979964235238,0.006377465674943568,0.00024042520763418692,22,49,0.051955328749474464,0.27540002243366707,False,True,True,3.143443496102821e-05,COMPLETE
603,0.39518352746963503,2025-04-13 15:13:42.218873,2025-04-13 15:13:49.507892,0 days 00:00:07.289019,0.6761216116476932,0.6136178240694153,16,0.023480687483562017,0.03241799146548289,0.0436167513185588,0.028179872193439752,0.0828549392204236,0.00862114178195771,0.00011466710784546783,20,71,0.044478350147134096,0.2641575782054752,False,True,True,4.404379717308937e-05,COMPLETE
604,0.4073017477989197,2025-04-13 15:13:49.709095,2025-04-13 15:13:56.957482,0 days 00:00:07.248387,0.7641227128897305,0.66416395985348,16,0.04018403486764211,0.050081804855601826,0.05116157452404625,0.07450440166447035,0.08564221706994846,0.0033048408366560885,0.00017924696067546665,21,43,0.04941591878533447,0.2714607385762057,False,True,True,1.711702575503139e-05,COMPLETE
605,0.2767226874828339,2025-04-13 15:13:57.145233,2025-04-13 15:14:04.532862,0 days 00:00:07.387629,0.23741044812605244,0.6337483850811609,16,0.020239836986101496,0.05584182945233683,0.04757781799772725,0.06628494303974564,0.07676449766905914,0.005621480811515518,9.578261780344826e-05,22,52,0.05555940864202219,0.27861271283392675,False,True,True,2.4630295777347357e-05,COMPLETE
606,0.40058143138885505,2025-04-13 15:14:04.731066,2025-04-13 15:14:12.095197,0 days 00:00:07.364131,0.783333991339798,0.5925231517731868,16,0.027897265096747163,0.045173024899474376,0.054984718581677465,0.08003979258367805,0.08775535804882542,0.009949558303411508,0.0001244155241070269,21,58,0.04729879211676192,0.2606590392592584,False,True,True,1.3687298749887145e-05,COMPLETE
607,0.27050842642784123,2025-04-13 15:14:12.284916,2025-04-13 15:14:19.498024,0 days 00:00:07.213108,0.12832793507777518,0.631784318907685,16,0.012581741118003854,0.09942519232630473,0.05721853037917572,0.0699744581441821,0.073389802098416,0.007353654499267245,0.00014866640601067773,19,61,0.051083711596234135,0.2857635679953553,False,True,True,2.0116950752434262e-05,COMPLETE
608,0.42194049358367924,2025-04-13 15:14:19.700124,2025-04-13 15:14:27.059875,0 days 00:00:07.359751,0.7404324070703568,0.6534681276318971,16,0.03302794647993034,0.060977039589716495,0.0460380144824926,0.07824117837977504,0.0805383691107374,0.0030144771197167346,7.751892174061997e-05,22,52,0.0572916661093163,0.2691064773268833,False,True,True,1.0675526184623297e-05,COMPLETE
609,0.30797092914581303,2025-04-13 15:14:27.249372,2025-04-13 15:14:34.686048,0 days 00:00:07.436676,0.6487305135255715,0.6088561291177489,16,0.025367752904752235,0.23462209150077934,0.05309500129168724,0.07334544311596873,0.08383818137703566,0.004711767044070107,0.0001051727758606102,24,47,0.05320707162040738,0.27578312550193024,False,True,False,3.440369573353388e-05,COMPLETE
610,0.4074427008628845,2025-04-13 15:14:34.888304,2025-04-13 15:14:42.358340,0 days 00:00:07.470036,0.7132343629194411,0.6882327454108479,16,0.018140403670065523,0.04097052309692628,0.05002854008296538,0.06244342422654819,0.08922563507145247,0.012166714721884665,0.00019843037194941152,23,55,0.04945956682510563,0.25388501686745296,False,True,True,4.601969428277532e-05,COMPLETE
611,0.4254409909248352,2025-04-13 15:14:42.548833,2025-04-13 15:14:49.896907,0 days 00:00:07.348074,0.6975340749407487,0.6700092427078691,16,0.034012250213781015,0.05056862110562693,0.054419274077202644,0.0676603516972713,0.08564052844418515,0.0074122773219114785,0.0001418855397771607,22,43,0.05249414678244417,0.2656044998749967,False,True,True,2.6143375934486656e-05,COMPLETE
612,0.41778718233108525,2025-04-13 15:14:50.098459,2025-04-13 15:14:57.348659,0 days 00:00:07.250200,0.69012465387009,0.689741639815755,16,0.036012144573814804,0.21630050800174463,0.054411308060361166,0.06500402715689867,0.08506755554248195,0.016380128728003526,0.00013756873462182097,21,43,0.052543812164354844,0.28085301285683895,False,True,True,2.5826419036875324e-05,COMPLETE
613,0.4172379851341248,2025-04-13 15:14:57.539510,2025-04-13 15:15:04.818121,0 days 00:00:07.278611,0.6264679054070166,0.670053955575721,16,0.02148551297061881,0.05483945355601312,0.051283686411431946,0.06759885828281799,0.08220014904284326,0.007698140176731564,0.00015639490993247558,21,46,0.0550662518127575,0.26544435540468747,False,True,True,1.739912243364649e-05,COMPLETE
614,0.3890416622161866,2025-04-13 15:15:05.021374,2025-04-13 15:15:12.488724,0 days 00:00:07.467350,0.671792823468933,0.6736570209478774,16,0.013549885264831944,0.03400986023343103,0.05738846397707582,0.06411776545524953,0.07878392072095936,0.009263184661994028,0.00011809137298272445,23,42,0.050765221442614875,0.2724677164164028,False,True,True,2.091476230164798e-05,COMPLETE
615,0.40286749601364136,2025-04-13 15:15:12.681466,2025-04-13 15:15:19.848344,0 days 00:00:07.166878,0.7039558001909779,0.6467838335575173,16,0.026853414637270007,0.04609331622580653,0.05262069916134218,0.07147002802202708,0.08406474648913131,0.006592362685656792,0.00017124359087260823,20,50,0.04759734096424304,0.28555424756545084,False,True,True,2.9141073746396523e-05,COMPLETE
616,0.41437648534774785,2025-04-13 15:15:20.050565,2025-04-13 15:15:27.386623,0 days 00:00:07.336058,0.7185465513784407,0.6710845836420708,16,0.040235152353086334,0.05979587465196737,0.058727315434937304,0.0681323912165274,0.08599907752512376,0.01104312586315243,9.211859406899518e-05,22,48,0.05365111489567858,0.27837441829615656,False,False,True,2.338218375361044e-05,COMPLETE
617,0.4274068951606751,2025-04-13 15:15:27.577264,2025-04-13 15:15:35.087948,0 days 00:00:07.510684,0.6585274651131752,0.6926919149056903,16,0.018747022198687326,0.03968535845456774,0.055030545379047446,0.06968121375233281,0.07994658609825289,0.005028317063621715,0.0002248731330772557,23,44,0.051239037404896236,0.26627704610418496,False,True,True,1.5435456482653547e-05,COMPLETE
618,0.2758256196975708,2025-04-13 15:15:35.293971,2025-04-13 15:15:42.834785,0 days 00:00:07.540814,0.47184653980083013,0.6959265991321621,16,0.01860889618982246,0.03144432142629586,0.05561788001706314,0.06964247920829007,0.07690245660226912,0.006174533414686084,0.0002333039130552812,24,46,0.046102331016183044,0.2624917544345271,False,True,True,1.5269612771613164e-05,COMPLETE
619,0.34518612623214723,2025-04-13 15:15:43.027903,2025-04-13 15:15:50.526096,0 days 00:00:07.498193,0.651504486812744,0.6945878501051658,16,0.012679567193453757,0.040127486280386405,0.05444728742145215,0.06671804414639255,0.07893124445761508,0.009411206883725164,0.0002007137641689793,23,53,0.04954727243058752,0.2723971347632299,False,True,True,1.2666094333365596e-05,COMPLETE
620,0.2048193633556366,2025-04-13 15:15:50.732322,2025-04-13 15:15:58.182989,0 days 00:00:07.450667,0.4099040822752533,0.693606199855334,16,0.1879302907993869,0.037172602987433946,0.04949660017372778,0.0718820096676622,0.08038259639610676,0.002510454026824975,0.00018261706565689332,24,50,0.0515832475632404,0.26458516913716734,False,True,True,1.075377432159534e-05,COMPLETE
621,0.39933677911758425,2025-04-13 15:15:58.374006,2025-04-13 15:16:06.001948,0 days 00:00:07.627942,0.6665350672686005,0.671657677736506,16,0.01290899413030126,0.05177801923902339,0.056557097115882846,0.06837954499136072,0.08179668871347867,0.007767366936670036,0.00024809720607283563,23,65,0.04858412676766584,0.2593277879195151,False,True,True,3.377249857125954e-05,COMPLETE
622,0.4361847519874573,2025-04-13 15:16:06.208022,2025-04-13 15:16:13.416707,0 days 00:00:07.208685,0.6401218939914294,0.6537681533945564,16,0.0206191938292997,0.10786720171917116,0.05981927135988084,0.0707888050095387,0.0800252140262923,0.014060430453178875,0.00021148495158084015,20,44,0.051122415876958004,0.27988291778853597,False,True,True,1.613629161081348e-05,COMPLETE
623,0.35329412221908574,2025-04-13 15:16:13.608536,2025-04-13 15:16:20.703299,0 days 00:00:07.094763,0.5895641854977142,0.6790983332044681,16,0.01814124337116571,0.09171177967942876,0.05986407270561058,0.0731447729751273,0.08280146170926699,0.014196555937775506,0.00024748357384634306,19,42,0.05282097324337273,0.28497619825199644,False,True,True,1.4007979230971076e-05,COMPLETE
624,0.28230737447738646,2025-04-13 15:16:20.909303,2025-04-13 15:16:28.025538,0 days 00:00:07.116235,0.6209151551356002,0.659974008077638,16,0.01099210052659762,0.10663898481746611,0.05860893665598159,0.07083378099832091,0.08049963323617841,0.01208675213639228,0.0001863498304887191,20,44,0.050402235565881096,0.2801058429046981,False,True,True,8.189484172999212e-06,COMPLETE
625,0.4278520822525025,2025-04-13 15:16:28.216793,2025-04-13 15:16:35.405673,0 days 00:00:07.188880,0.6527597186280341,0.7003111813276606,16,0.01801406595582446,0.11999734694778742,0.06087720836297695,0.06616246344625151,0.08311477041519248,0.010948952081361759,0.00021048400335179607,20,45,0.05227582457744471,0.27707017183946164,False,True,True,1.6396807171127785e-05,COMPLETE
