number,value,datetime_start,datetime_complete,duration,params_alpha-eval,params_alpha-train,params_batch-size,params_eps-eval,params_eps-train,params_lambda-actions-eval,params_lambda-actions-train,params_lambda-frames-eval,params_lambda-frames-train,params_learning-rate,params_n-epochs,params_n-frames,params_radius-gw,params_rho,params_std-feats,params_ub-actions,params_ub-frames,params_weight-decay,state
1652,0.4277108788490296,2025-04-13 17:43:00.641645,2025-04-13 17:43:07.820145,0 days 00:00:07.178500,0.4156389565169146,0.6792324962862826,8,0.059975771485008794,0.07303481949812689,0.06199199655769957,0.034110563075412985,0.05069308792316021,0.022839677382906647,0.0009185518245926597,11,37,0.051309550096652015,0.19588868613626798,True,True,True,3.7937736581859643e-07,COMPLETE
1653,0.38684161901474,2025-04-13 17:43:08.346864,2025-04-13 17:43:15.346531,0 days 00:00:06.999667,0.43629804185126114,0.6349605989459667,8,0.05289856597776322,0.23204177487020117,0.06275046627270844,0.028901001327517467,0.05390256138114227,0.028140422566989856,0.0008046769122001478,10,23,0.05459771682998311,0.19937403530884681,True,True,True,1.9244625344160184e-07,COMPLETE
1654,0.4371900796890259,2025-04-13 17:43:15.894984,2025-04-13 17:43:23.233136,0 days 00:00:07.338152,0.4886363929208903,0.6625614590516122,8,0.05798140206207432,0.07921082909359924,0.05782499366598193,0.032175926710020404,0.04850521431277221,0.02462336068235453,0.0010115461424138115,12,33,0.05232688760131312,0.2020503754002794,True,True,True,2.86528610096223e-07,COMPLETE
1655,0.374687922000885,2025-04-13 17:43:23.758666,2025-04-13 17:43:31.087284,0 days 00:00:07.328618,0.44937592458253545,0.682073826481024,8,0.050779327995053206,0.06557646883411723,0.057769698110394646,0.025030808549638718,0.04778897931925411,0.02525910373440187,0.0013137604997387673,12,28,0.04710721818761493,0.19061204368130305,True,True,True,6.052041961840647e-07,COMPLETE
1656,0.34769328832626345,2025-04-13 17:43:31.635979,2025-04-13 17:43:38.932131,0 days 00:00:07.296152,0.4690600321607074,0.6162867974636976,8,0.05175279432460182,0.07271047546556055,0.056922992202802954,0.032364154992068545,0.04640959976286759,0.027568050110827115,0.001735941545880772,12,30,0.048802689041485735,0.1957045651125143,True,True,True,3.14366918791216e-07,COMPLETE
1657,0.35742930173873905,2025-04-13 17:43:39.461682,2025-04-13 17:43:46.663282,0 days 00:00:07.201600,0.48449566616302425,0.6674852006084178,8,0.05646209661182141,0.06996652968473024,0.05863090048257723,0.02768013266376336,0.050113403020414206,0.023869271184673274,0.001177070769690024,11,26,0.051012201331367704,0.20062387007123533,True,True,True,5.015751588978612e-07,COMPLETE
1658,0.4306517124176026,2025-04-13 17:43:47.191105,2025-04-13 17:43:54.309389,0 days 00:00:07.118284,0.45873937586316943,0.6451595146957971,8,0.05129344069431072,0.08094622770051388,0.05706791692069157,0.03074245005949204,0.048375671311878,0.026830646460693098,0.0016285300160957161,11,32,0.051234045350199146,0.18665112532494346,True,True,True,4.1268992070808704e-07,COMPLETE
1659,0.3699330568313599,2025-04-13 17:43:54.855584,2025-04-13 17:44:06.160536,0 days 00:00:11.304952,0.4087749625661091,0.6806693040022508,2,0.058900401642487346,0.07556804833548449,0.05562317623297094,0.03118436899231522,0.04860245481839966,0.0270625036273466,0.0012351774050194937,10,20,0.05279315383304974,0.1939388271404264,True,True,True,3.0078712460068086e-07,COMPLETE
1660,0.36307541131973264,2025-04-13 17:44:06.697994,2025-04-13 17:44:13.973421,0 days 00:00:07.275427,0.480083788942857,0.6628307555747602,8,0.057093732164107826,0.06707021718029649,0.059256861963521194,0.028935706927717693,0.04774579600424928,0.023786484528877685,0.0009955830922880366,12,28,0.048246145567886416,0.2019277289120844,True,True,True,4.188333084924554e-07,COMPLETE
1661,0.30648180842399597,2025-04-13 17:44:14.527370,2025-04-13 17:44:22.002589,0 days 00:00:07.475219,0.4426417666872272,0.6300693506208804,8,0.04942499622842342,0.07792698103601584,0.05864864982174258,0.03376958265602802,0.0470137841106225,0.028470685072270144,0.0013728183716439398,13,30,0.049481161043413165,0.1933203068357482,True,True,True,5.832372780797898e-07,COMPLETE
1662,0.424532413482666,2025-04-13 17:44:22.538415,2025-04-13 17:44:29.741642,0 days 00:00:07.203227,0.49044235340025744,0.6823532688410837,8,0.0616456918121132,0.07105381631120561,0.0602290301952425,0.031807855358486146,0.04332418164885571,0.02535354693299876,0.001069977667257046,11,32,0.05256903413558383,0.20309056481173243,True,True,True,3.2543727285292833e-07,COMPLETE
1663,0.31470813751220705,2025-04-13 17:44:30.271499,2025-04-13 17:44:37.574347,0 days 00:00:07.302848,0.39037916776204534,0.6388721830342949,8,0.05565136270285759,0.07745269359660871,0.055680891967187576,0.03317084824107911,0.04662425527316217,0.02318339702160565,0.001102439452037279,12,33,0.05455231073800909,0.20481000270690747,True,True,False,4.1018005806773853e-07,COMPLETE
1664,0.4355995893478394,2025-04-13 17:44:38.126770,2025-04-13 17:44:45.316763,0 days 00:00:07.189993,0.4259501488982494,0.6644346615780192,8,0.050295940877002086,0.08054186526333512,0.06019924996580077,0.026366260580717248,0.04618805168426733,0.025724134364948182,0.000992886772883529,11,35,0.050144859609293276,0.19780253977601164,True,True,True,2.1932498824904476e-07,COMPLETE
1665,0.41022286415100095,2025-04-13 17:44:45.850342,2025-04-13 17:44:52.859133,0 days 00:00:07.008791,0.4214985947949472,0.6031273934238149,8,0.06060940774552254,0.08265380374925882,0.05785002007274117,0.025183747273368404,0.04511804685429851,0.022510029795055196,0.0013515627087568635,10,33,0.04534322452660567,0.185928414555268,True,True,True,1.8148276746925428e-07,COMPLETE
1666,0.3379634499549866,2025-04-13 17:44:53.414422,2025-04-13 17:45:00.648402,0 days 00:00:07.233980,0.38112278900989316,0.6476399767200001,8,0.05174067014486742,0.07983332502376571,0.056288331515912664,0.02784823951019576,0.04478292547082899,0.026153247974858785,0.001179819663435564,11,28,0.0495397881051272,0.19018411009351555,True,True,True,1.359604877441605e-07,COMPLETE
1667,0.3740110278129578,2025-04-13 17:45:01.185974,2025-04-13 17:45:08.206637,0 days 00:00:07.020663,0.4095418295423497,0.6589092874667486,8,0.0620147884041624,0.061798107630740715,0.060679465584031374,0.02141167098957175,0.047028304608165684,0.02877505873208157,0.0016564801934317265,10,34,0.04654811941569331,0.18093068349122363,True,True,True,2.1642981650731229e-07,COMPLETE
1668,0.3860842823982239,2025-04-13 17:45:08.762922,2025-04-13 17:45:15.876818,0 days 00:00:07.113896,0.3961600337331617,0.6223102343578422,8,0.05601438430274518,0.22190787933629197,0.058142638170017705,0.0186732988856083,0.05110909600455932,0.027517615682734968,0.0010286765486160311,11,31,0.042885434468167005,0.19148329460770686,True,True,True,2.343526736723318e-07,COMPLETE
1669,0.3976314544677735,2025-04-13 17:45:16.416810,2025-04-13 17:45:23.508324,0 days 00:00:07.091514,0.4246560779550212,0.6417107508101988,8,0.06346904844270278,0.07289288237443449,0.06068920296678348,0.02432775430994533,0.042968489740659775,0.028270419402422642,0.0010478125183218442,11,35,0.04994478819814327,0.20012534593271888,True,False,True,1.8690927007071896e-07,COMPLETE
1670,0.29952832460403445,2025-04-13 17:45:24.042889,2025-04-13 17:45:31.175601,0 days 00:00:07.132712,0.4253287706206359,0.6619744877458735,8,0.05306476233004244,0.0881941951756736,0.05914965928765134,0.025844773145595447,0.04226907957160969,0.026195726268363213,0.0009078917811100941,11,24,0.0507501042395148,0.19808952324150522,True,True,True,2.5702615941388005e-07,COMPLETE
1671,0.4125431180000305,2025-04-13 17:45:31.732595,2025-04-13 17:45:38.938843,0 days 00:00:07.206248,0.4039015033195565,0.6674931341808956,8,0.05733285503457013,0.08044412788335839,0.06024719622796422,0.030128673571344793,0.049396797364989586,0.02440337751903797,0.0019009239839766414,11,29,0.04763956713788219,0.19715104182790533,True,True,True,3.176347725223509e-07,COMPLETE
1672,0.29397200345993046,2025-04-13 17:45:39.472050,2025-04-13 17:45:46.548799,0 days 00:00:07.076749,0.43031985661357225,0.6196886682830223,8,0.06483930355450511,0.06642213197463244,0.05595853186187989,0.026134522116443695,0.048579934700311744,0.0250796362211207,0.0013774732786544757,10,34,0.04908835131860494,0.19323393147354304,True,True,True,2.855011461769158e-07,COMPLETE
1673,0.42019481658935554,2025-04-13 17:45:47.112061,2025-04-13 17:45:54.416002,0 days 00:00:07.303941,0.43519147068638875,0.6469259037629292,8,0.052490856232561264,0.07292373913968495,0.013589112710633844,0.027429881800994444,0.04621947715968836,0.028825034893646195,0.0008778416694681438,12,33,0.051619430560215424,0.16547650332321992,True,True,True,1.6163360336878313e-07,COMPLETE
1674,0.35766288042068484,2025-04-13 17:45:54.954472,2025-04-13 17:46:02.286438,0 days 00:00:07.331966,0.39883218244203583,0.6786411665579091,8,0.05894252261076805,0.08599287540617516,0.0618856470960418,0.02364970577732019,0.042438892182879044,0.030739184847704167,0.0012281171112912537,12,36,0.04697915484433482,0.20529248579745657,True,True,True,2.1966074462064203e-07,COMPLETE
1675,0.43102090358734135,2025-04-13 17:46:02.818862,2025-04-13 17:46:10.051325,0 days 00:00:07.232463,0.44567335830354504,0.6356465202532825,8,0.06489561445789259,0.0794122448510258,0.06023322175923512,0.029802425558606814,0.0443180870176458,0.02630767616381817,0.0008755522733390833,11,37,0.05157597922284938,0.18568019195612973,True,True,True,3.798448665750235e-07,COMPLETE
1676,0.42812883853912354,2025-04-13 17:46:10.611513,2025-04-13 17:46:18.085698,0 days 00:00:07.474185,0.4428952321350499,0.6597698159391918,8,0.052168882510979966,0.08767204883381051,0.06197261616566451,0.026728976045605583,0.03954428324119554,0.0243840237875764,0.0009896031524357482,13,32,0.05296835173727678,0.19724264584693726,True,True,True,4.989421481474217e-07,COMPLETE
1677,0.3317799806594849,2025-04-13 17:46:18.623117,2025-04-13 17:46:25.978177,0 days 00:00:07.355060,0.41875845537703293,0.6750245160596532,8,0.05785872081867175,0.07459243179283012,0.05758108645283878,0.028522139095188446,0.04713499743048414,0.029851630043759514,0.0007817932760974161,12,27,0.048727179211252455,0.20328427791613837,True,True,True,2.7996007820068544e-07,COMPLETE
1678,0.31474769115448,2025-04-13 17:46:26.536500,2025-04-13 17:46:33.618887,0 days 00:00:07.082387,0.38625282163544916,0.6086464447310921,8,0.04929436434105035,0.08185777867893668,0.059649352857144816,0.020945572994432924,0.04868515919756229,0.026833084019828493,0.0010516671661846904,10,37,0.050983024499322474,0.20785106612380722,True,True,True,3.640538838962371e-07,COMPLETE
1679,0.4045550227165222,2025-04-13 17:46:34.154515,2025-04-13 17:46:41.323894,0 days 00:00:07.169379,0.4529888181845097,0.685130828177663,8,0.06785985211327485,0.07044188432367761,0.06251031787705824,0.03192399276733368,0.05196136687466754,0.025051831780532535,0.0014923184216491382,11,31,0.05341985430974196,0.19992848308871744,True,True,True,2.1107989809989264e-07,COMPLETE
1680,0.28717080950737,2025-04-13 17:46:41.887094,2025-04-13 17:46:49.244036,0 days 00:00:07.356942,0.3745195411932137,0.6453117515862313,8,0.0625698281875125,0.061713633521610134,0.061206868070446376,0.02411659527337466,0.044055870124429665,0.02276969608114214,0.000816972945110271,12,34,0.04973654974295094,0.2087117910904867,True,True,True,1.4966818171903987e-07,COMPLETE
1681,0.43439903259277346,2025-04-13 17:46:49.782234,2025-04-13 17:46:57.017220,0 days 00:00:07.234986,0.45403013014358695,0.6628546741664955,8,0.04933840525917825,0.08911124506452203,0.06328633185928918,0.03443460054339609,0.046475615901647456,0.02453979675643834,0.0011340107094610708,11,37,0.052479295101853174,0.20258776671696954,True,True,True,2.7871222060886305e-07,COMPLETE
1682,0.40800110101699827,2025-04-13 17:46:57.553113,2025-04-13 17:47:04.613935,0 days 00:00:07.060822,0.421375407531826,0.6824039464160819,8,0.04711391472057427,0.08886745969876562,0.06317098167894203,0.033070403372708765,0.04716934040328263,0.026129330030274456,0.0016552254330405316,10,37,0.043996725390947546,0.20920540514361588,True,True,True,2.2481839099551537e-07,COMPLETE
1683,0.2420404314994812,2025-04-13 17:47:05.174282,2025-04-13 17:47:11.990769,0 days 00:00:06.816487,0.4091229546929386,0.6676758241477464,8,0.29956853553785506,0.08027320276179004,0.0635111366745493,0.022790030429120287,0.04481177825947317,0.03172502474386749,0.0014170702121849108,9,38,0.04759427574156239,0.17780629589021318,True,True,False,1.8602002120718986e-07,COMPLETE
1684,0.42685163021087646,2025-04-13 17:47:12.534704,2025-04-13 17:47:19.744170,0 days 00:00:07.209466,0.42912430495260123,0.6849849195089652,8,0.04673049725898281,0.08955935811221326,0.06361351380136172,0.03544940038416387,0.04542882001175214,0.02802859926525719,0.0013472003288399633,11,37,0.05475134666295385,0.1933639385319657,True,True,True,2.699027149307081e-07,COMPLETE
1685,0.3064970254898072,2025-04-13 17:47:20.302349,2025-04-13 17:47:27.502274,0 days 00:00:07.199925,0.43912118251251375,0.631303882259273,8,0.048441526223177565,0.07524926333227488,0.06345016120856277,0.035365962283487457,0.04644225739955683,0.02500392356855131,0.0012153825863864284,11,38,0.05024304770571415,0.19703871513246754,True,True,True,2.567057358588249e-07,COMPLETE
1686,0.3238822102546692,2025-04-13 17:47:28.046339,2025-04-13 17:47:35.053712,0 days 00:00:07.007373,0.458641133987099,0.6620359827092068,8,0.04954158956898011,0.06897228242021504,0.06297485035642093,0.03654967136672575,0.05113692272729493,0.0244281391783906,0.0012065070768637416,10,36,0.05230871275157524,0.19019281819270767,True,True,True,4.693435504509509e-07,COMPLETE
1687,0.30299460887908936,2025-04-13 17:47:35.614365,2025-04-13 17:47:42.896589,0 days 00:00:07.282224,0.45673675140639863,0.6852342025034088,8,0.04911326148970624,0.08209906389691951,0.06409205308775451,0.03366149088046519,0.047024794962083664,0.02235814400989277,0.002024953486460662,11,38,0.05483462362081212,0.2126210896383785,True,True,True,1.1687621338663454e-07,COMPLETE
1688,0.3745242834091187,2025-04-13 17:47:43.443153,2025-04-13 17:47:50.476983,0 days 00:00:07.033830,0.43931958976280205,0.6486447854035787,8,0.053585586675352216,0.08717928472237306,0.061729911298471093,0.03521771376701212,0.04148901259689508,0.03139323098806377,0.0015579305004950882,10,38,0.04639393727115529,0.20138962987189538,True,False,True,1.6592855708486744e-07,COMPLETE
1689,0.3799801349639893,2025-04-13 17:47:51.011657,2025-04-13 17:47:58.193709,0 days 00:00:07.182052,0.4622133831152796,0.588353577231194,8,0.05050843980657132,0.07578546293369244,0.06313887525395742,0.03714159377343533,0.04955876948057172,0.02184763184861455,0.0011508370285347304,11,35,0.05063922241515334,0.20496970287911442,True,True,True,3.337278960552268e-07,COMPLETE
1690,0.3150422692298889,2025-04-13 17:47:58.754334,2025-04-13 17:48:05.952700,0 days 00:00:07.198366,0.40331328763983054,0.66927614256835,8,0.048169303929459145,0.08184170863322403,0.0641575655515959,0.033999876736290936,0.047445440428042315,0.028471562315552618,0.0009840093685634414,11,34,0.04850731448209273,0.1880193256206226,True,True,True,2.2505954853422506e-07,COMPLETE
1691,0.3089935302734375,2025-04-13 17:48:06.496578,2025-04-13 17:48:13.522903,0 days 00:00:07.026325,0.41745149688976624,0.6227363197155933,8,0.05339460686062233,0.08963732574346421,0.062007144583396456,0.02978833347585553,0.04645864750653766,0.02459554126079792,0.0012221001265361423,10,38,0.05465000654349181,0.2113606752305135,True,True,True,6.696727779369381e-07,COMPLETE
1692,0.43193668127059937,2025-04-13 17:48:14.082470,2025-04-13 17:48:21.241798,0 days 00:00:07.159328,0.34850491264553646,0.6824907632825098,8,0.056815861113746244,0.0786822532672515,0.0646963705068455,0.03773200023783282,0.0448193277361882,0.021437134400136188,0.000991160611393683,11,35,0.05266960517621881,0.19579439647252395,True,True,True,4.2078326876379056e-07,COMPLETE
1693,0.2900567412376404,2025-04-13 17:48:21.780400,2025-04-13 17:48:28.895319,0 days 00:00:07.114919,0.45710652612889185,0.6434941270896458,8,0.04775726965388361,0.06982616685081305,0.061646126967911885,0.028255384864724946,0.03829850053481812,0.023649116128055942,0.0011156327405287129,11,30,0.051351572526568114,0.2071848076292341,True,True,True,3.0279706077837814e-07,COMPLETE
1694,0.28924510478973386,2025-04-13 17:48:29.456941,2025-04-13 17:48:36.830404,0 days 00:00:07.373463,0.43353728999806856,0.6882924539141207,8,0.05567686991302925,0.06531618457616722,0.06441396488891139,0.031389019378594014,0.04338853349130933,0.021328350023468622,0.0009307355319147616,12,38,0.05364379129249136,0.20249211151935304,True,True,True,2.5878996131688675e-07,COMPLETE
1695,0.36643803119659424,2025-04-13 17:48:37.371896,2025-04-13 17:48:44.248559,0 days 00:00:06.876663,0.38738689765097534,0.6647869137796202,8,0.05702622290089354,0.08636863907872477,0.060609238670145435,0.02558488282158589,0.04975026766209713,0.025257450174122828,0.0018473778096979804,9,34,0.048737807340818395,0.21321095951878932,True,True,True,1.3199809194325309e-07,COMPLETE
1696,0.31088846921920776,2025-04-13 17:48:44.813071,2025-04-13 17:48:52.007135,0 days 00:00:07.194064,0.4441523257000165,0.5355144790397623,8,0.04761472833101396,0.09029210929968598,0.06446944670919715,0.03353491310466471,0.044908377034922384,0.026882073207886718,0.0013355928732090318,11,31,0.05442791293935295,0.19422043614507675,True,True,True,8.020876216626273e-07,COMPLETE
1697,0.44301549196243295,2025-04-13 17:48:52.550456,2025-04-13 17:48:59.876658,0 days 00:00:07.326202,0.41424951970181606,0.648571402848109,8,0.053493291073375734,0.07673266972752517,0.06228874542195935,0.03634135546311412,0.0452379401214862,0.023247814896589804,0.0010010631184684496,12,35,0.05125909675592494,0.20054959688746887,True,True,True,1.9392182985336827e-07,COMPLETE
1698,0.34290850162506104,2025-04-13 17:49:00.462680,2025-04-13 17:49:07.857648,0 days 00:00:07.394968,0.4303157038260818,0.6503319748669786,8,0.04754747008514976,0.06504663654164816,0.058895450877231297,0.03792557799986882,0.04167091539464219,0.028934805471041124,0.0014605831534161946,12,38,0.04482915479304077,0.1840959700192335,True,True,True,1.848967151444379e-07,COMPLETE
1699,0.3984679341316223,2025-04-13 17:49:08.423889,2025-04-13 17:49:20.511000,0 days 00:00:12.087111,0.3815386465762559,0.6087119315089583,2,0.04581438742139249,0.07166161366114177,0.061179191120721454,0.03964757646296499,0.042492793390104956,0.026105590570877073,0.001152777141010556,11,38,0.046983303613150285,0.190244141513637,True,True,True,1.4444780068261796e-07,COMPLETE
1700,0.3736206769943238,2025-04-13 17:49:21.056115,2025-04-13 17:49:28.071645,0 days 00:00:07.015530,0.38837349943759275,0.6223078748839712,8,0.0517882107157207,0.06094282924570605,0.059214230881326345,0.04000853667581692,0.0495175338637915,0.02951174242707259,0.0013355097232373289,10,33,0.04925665333449547,0.19799727106322562,True,True,True,1.799745423507468e-07,COMPLETE
1701,0.3057761788368225,2025-04-13 17:49:28.634066,2025-04-13 17:49:35.896454,0 days 00:00:07.262388,0.37101605169090124,0.6007944074724862,8,0.045592537526700824,0.07490683989224103,0.06169808283307347,0.03573566736526091,0.041161861773788846,0.025961914454352884,0.0009486601091897226,12,35,0.0500891038983647,0.1940869795732473,True,True,False,1.231415563041566e-07,COMPLETE
1702,0.3420717477798462,2025-04-13 17:49:36.438588,2025-04-13 17:49:43.660917,0 days 00:00:07.222329,0.41055658499168934,0.6315730354086622,8,0.05335726675127908,0.07526919351093965,0.062268877447640876,0.03807230769430382,0.044264952431478495,0.024661977471436128,0.0015838381063556861,11,30,0.04779072437499465,0.18297828156283608,True,True,True,2.156931406808177e-07,COMPLETE
1703,0.299890798330307,2025-04-13 17:49:44.228089,2025-04-13 17:49:51.587213,0 days 00:00:07.359124,0.39285362983868627,0.6424308881581287,8,0.045270055050447955,0.08275989851037502,0.06051074216041086,0.03530914378370383,0.04818762958394584,0.027336483564997134,0.0010722075925659515,12,38,0.051245518383185126,0.20225019375712044,True,True,True,1.6467624391094833e-07,COMPLETE
1704,0.31580169796943663,2025-04-13 17:49:52.133076,2025-04-13 17:49:59.253644,0 days 00:00:07.120568,0.36690891475168586,0.5783504053434089,8,0.05101283747091898,0.0730056527028026,0.058250756063725845,0.036764033054292274,0.04648580238316664,0.02358614041262721,0.0010978164531635299,11,32,0.050453183653581084,0.1983106488140221,True,True,True,2.0720061030614504e-07,COMPLETE
1705,0.3122527003288269,2025-04-13 17:49:59.823732,2025-04-13 17:50:06.861405,0 days 00:00:07.037673,0.36097425283058543,0.6167440947500996,8,0.0557573927164155,0.0900831133076228,0.06303081865442826,0.037861584550040475,0.04535549811848161,0.02381530265610691,0.000820296885529681,10,38,0.04586427992490439,0.19360867194130235,True,True,True,2.390033962179198e-07,COMPLETE
1706,0.3073773860931397,2025-04-13 17:50:07.405526,2025-04-13 17:50:14.773155,0 days 00:00:07.367629,0.40569056703667317,0.6442409177569858,8,0.054976370954953724,0.06835418163988682,0.06054811097782256,0.03941047468086856,0.047287503393746606,0.021815816965834504,0.001257462158625904,12,36,0.048618452530144476,0.18860824851172758,True,True,True,1.482292130289675e-07,COMPLETE
1707,0.2772311329841614,2025-04-13 17:50:15.317620,2025-04-13 17:50:22.428867,0 days 00:00:07.111247,0.41705509276082825,0.6307791230059872,8,0.1035405390684164,0.0801678655038619,0.06285482422965841,0.027277042086640068,0.044574136552257525,0.024084247194413023,0.0010442980992392786,11,35,0.05166905064791518,0.20099530190662948,True,False,True,2.5913174277114153e-07,COMPLETE
1708,0.4141803860664368,2025-04-13 17:50:22.994048,2025-04-13 17:50:30.262189,0 days 00:00:07.268141,0.40223666587383744,0.6844785475234854,8,0.04592531034179859,0.21009025183571717,0.06354547783369836,0.030926354190547498,0.043613424930785134,0.022534929761567617,0.0068318537623967045,12,27,0.05267001011075612,0.17237149417779624,True,True,True,1.8648251436474914e-07,COMPLETE
