number,value,datetime_start,datetime_complete,duration,params_alpha-eval,params_alpha-train,params_batch-size,params_eps-eval,params_eps-train,params_lambda-actions-eval,params_lambda-actions-train,params_lambda-frames-eval,params_lambda-frames-train,params_learning-rate,params_n-epochs,params_n-frames,params_radius-gw,params_rho,params_std-feats,params_ub-actions,params_ub-frames,params_weight-decay,state
1139,0.3100149631500244,2025-04-13 16:29:29.354428,2025-04-13 16:29:36.979741,0 days 00:00:07.625313,0.5756169621129257,0.7986317796152044,8,0.057197460188186944,0.15821412268512736,0.06124127586557649,0.05435655327368282,0.07717704434145116,0.018706601292643128,0.000601035902202749,15,12,0.06241657378633512,0.2876362082208107,True,True,True,2.5598186793511156e-06,COMPLETE
1140,0.4255225539207459,2025-04-13 16:29:37.349621,2025-04-13 16:29:45.631536,0 days 00:00:08.281915,0.515139306381483,0.7282878585847068,8,0.067882605355738,0.10472175038103412,0.06734926642927212,0.04836021843626412,0.07038058407243325,0.02396502798137553,0.000224974545190382,18,45,0.06137128704933018,0.2788203520415347,True,True,True,3.8729341219613445e-06,COMPLETE
1141,0.399269449710846,2025-04-13 16:29:46.000207,2025-04-13 16:29:53.986085,0 days 00:00:07.985878,0.6219712980164518,0.7449203974596199,8,0.04642391069177882,0.28266738853731155,0.0644966367061421,0.05740126396269577,0.07945032278514899,0.01545935153486552,0.0003742360956403404,16,41,0.06651940877270918,0.24489347003518716,True,True,True,9.575338418963169e-06,COMPLETE
1142,0.25512098073959355,2025-04-13 16:29:54.353668,2025-04-13 16:30:09.530423,0 days 00:00:15.176755,0.5959143227553558,0.7637303074861236,2,0.04094123246144923,0.08402941430301672,0.06988053569187805,0.045298858590987486,0.07410548674902499,0.0770453754299798,0.0002619587162279491,17,48,0.06372378669963127,0.2626788249354504,True,True,True,6.180360272567785e-06,COMPLETE
1143,0.41636811494827275,2025-04-13 16:30:09.900987,2025-04-13 16:30:18.130111,0 days 00:00:08.229124,0.5535032555677167,0.7210839362963117,8,0.06091123399506787,0.1482991420220675,0.05806567717269016,0.04077783758571756,0.07250057215459763,0.004095786645914118,0.00021715599529451558,18,43,0.061650610577770354,0.2747505052625772,True,True,True,3.176932879496241e-06,COMPLETE
1144,0.24871565103530885,2025-04-13 16:30:18.501896,2025-04-13 16:30:26.635969,0 days 00:00:08.134073,0.5756917251962638,0.1865167067870267,8,0.0535077011850994,0.10816027907336503,0.06629890005942228,0.0495156519869244,0.0823851491089431,0.020713246516956555,0.00031398240960700085,17,52,0.06453547726510502,0.25257398229601163,True,True,True,2.248945655045442e-06,COMPLETE
1145,0.28446797728538514,2025-04-13 16:30:27.009955,2025-04-13 16:30:34.849558,0 days 00:00:07.839603,0.15814799266421198,0.7674534934054761,8,0.03865050311982334,0.09376875694367452,0.061534114699210746,0.0472082744115553,0.07545471210422781,0.0064603400806763096,0.00048780761973496554,15,45,0.060139794953603505,0.2680131989181049,True,True,True,4.976202974825954e-06,COMPLETE
1146,0.4162081480026245,2025-04-13 16:30:35.221966,2025-04-13 16:30:43.213595,0 days 00:00:07.991629,0.5403791391531096,0.7441281394996736,8,0.04691983487758905,0.18607928825308195,0.06358463044769323,0.03490867966630638,0.07784419701047797,0.01464934569863429,0.0007116619345446971,16,39,0.06584810639381987,0.24055110400683036,True,True,True,4.244092612525684e-06,COMPLETE
1147,0.4208911180496216,2025-04-13 16:30:43.590805,2025-04-13 16:30:51.750627,0 days 00:00:08.159822,0.6051758642954109,0.7226099420039367,8,0.03268944403546381,0.10012449492149601,0.06850483750108394,0.05234115395757868,0.07021736381134996,0.017414191503600324,0.00018966941557375916,17,47,0.06301967324487356,0.25757609376681184,True,True,True,7.3337790701794775e-06,COMPLETE
1148,0.3440017938613892,2025-04-13 16:30:52.106644,2025-04-13 16:31:00.107158,0 days 00:00:08.000514,0.5099879192985667,0.08380331557514409,8,0.05476969501027548,0.17198952647415502,0.05966949391851883,0.0439317726556247,0.0737281655441671,0.008398763747053662,0.000381448353535744,16,54,0.06125050220804204,0.23297015143937308,True,True,False,2.9184323736726114e-06,COMPLETE
1149,0.4198054909706116,2025-04-13 16:31:00.474737,2025-04-13 16:31:08.707137,0 days 00:00:08.232400,0.5614617370071862,0.8019165742495389,8,0.05001606361296335,0.10829436692726314,0.06600724783620403,0.05560767451706849,0.07206233719801454,0.011156775132248022,0.00026017223311966894,18,35,0.059579334737075,0.2837661100214463,True,True,True,5.60619308588383e-06,COMPLETE
1150,0.3394677758216858,2025-04-13 16:31:09.077609,2025-04-13 16:31:16.762322,0 days 00:00:07.684713,0.5895277678545088,0.23728979561668612,8,0.06150325514753605,0.1774097240469495,0.07211792683077606,0.05084199336779556,0.07598299408950081,0.013864204391579904,0.0003005195147348837,14,50,0.06397524421670975,0.2514883152787876,True,True,True,1.216809281175342e-05,COMPLETE
1151,0.4251689076423645,2025-04-13 16:31:17.130344,2025-04-13 16:31:31.205578,0 days 00:00:14.075234,0.5385945908772581,0.7516542615059892,2,0.04037080732654181,0.10190178844533689,0.0632808347532169,0.04662355033160534,0.0782460663605541,0.01054502667511218,0.00023393547570844754,15,42,0.06206141823933762,0.2715163107375856,True,True,True,3.6265214467214654e-06,COMPLETE
1152,0.41589075326919556,2025-04-13 16:31:31.577227,2025-04-13 16:31:39.557610,0 days 00:00:07.980383,0.6297154007551777,0.6618340104970821,8,0.06837715545898844,0.16052030065871797,0.06111464692659098,0.05348726664995288,0.08076551676687367,0.018011974324998924,0.00039600933691848607,16,44,0.06803692268355113,0.26445863120524365,True,True,True,2.3215818983399343e-06,COMPLETE
1153,0.42608654499053955,2025-04-13 16:31:39.931511,2025-04-13 16:31:48.091138,0 days 00:00:08.159627,0.5641707578411431,0.7739745180920682,8,0.04471876698678178,0.08967252106716288,0.06678874403656028,0.04918290185614034,0.07000299778255818,0.006592777771813946,0.00019125126345805922,17,47,0.05955912517355188,0.24661667747131044,True,True,True,8.30911532839929e-06,COMPLETE
1154,0.2844497799873352,2025-04-13 16:31:48.463623,2025-04-13 16:31:56.632146,0 days 00:00:08.168523,0.5255048030794833,0.7116738407854089,8,0.03330501044752195,0.1109140601558136,0.0690355724254508,0.04169274129730807,0.07466560161323303,0.015945508869421792,0.00034893059121186235,18,40,0.06538670099105072,0.2761122550746947,True,False,True,4.373936843954471e-06,COMPLETE
1155,0.39730688333511355,2025-04-13 16:31:57.006931,2025-04-13 16:32:05.216030,0 days 00:00:08.209099,0.5798151918539514,0.7344517058404934,8,0.051089405374213845,0.1043580970304902,0.06451770328883112,0.018596167154386542,0.07237898504889953,0.022022468034830156,0.0004644667356928025,17,43,0.0617750339825348,0.26007367024485406,True,True,True,1.9637323463348806e-06,COMPLETE
1156,0.2048193633556366,2025-04-13 16:32:05.591099,2025-04-13 16:32:13.369834,0 days 00:00:07.778735,0.055017643083827505,0.7892397142537301,8,0.1995916949603547,0.09657215735564188,0.06228493042918274,0.03890118661474697,0.07726887081718065,0.01227960755888289,0.0002570968169030774,15,50,0.06441325037230368,0.24006346998628825,True,True,True,5.6456506950962005e-06,COMPLETE
1157,0.4264675736427307,2025-04-13 16:32:13.742041,2025-04-13 16:32:22.254365,0 days 00:00:08.512324,0.6143421846129251,0.7598221685041089,8,0.057501009472122507,0.11167335372272111,0.07565508303701958,0.054363823552189355,0.07958909991707758,0.0027168847444532206,0.0005647895732565276,19,46,0.05944471447261161,0.29293880692531715,True,True,True,3.216664959068809e-06,COMPLETE
1158,0.29188265204429625,2025-04-13 16:32:22.626301,2025-04-13 16:32:30.549459,0 days 00:00:07.923158,0.5069269397605323,0.7106641181208051,8,0.03882090855732284,0.0767212192753815,0.0583644822713752,0.045610652722288,0.08310305062876057,0.01981409864832445,0.00028617019584862,16,36,0.06297682017414369,0.25447932231288634,True,True,True,6.666891023423639e-06,COMPLETE
1159,0.2048193633556366,2025-04-13 16:32:30.923406,2025-04-13 16:32:43.905721,0 days 00:00:12.982315,0.5448093709867552,0.7319091850596535,2,0.06161576374681423,0.1704130218790162,0.06740837634473236,0.05116731978688029,0.051267302343919005,0.008076576832426987,0.00020486289832883874,13,41,0.06651485224124548,0.22799254641235614,True,True,True,3.842336654983038e-06,COMPLETE
1160,0.4226929783821106,2025-04-13 16:32:44.280777,2025-04-13 16:32:52.321147,0 days 00:00:08.040370,0.5971937134413826,0.824420818182925,8,0.045168571099360816,0.08579184610106125,0.06544564381758934,0.061073940994575554,0.07121950394459506,0.014252442550104622,0.00013330066917834714,17,38,0.061213839177940356,0.2696650233811759,True,True,True,2.599959090750823e-06,COMPLETE
1161,0.40600116252899165,2025-04-13 16:32:52.691708,2025-04-13 16:33:00.997870,0 days 00:00:08.306162,0.5708781910678649,0.8620890475263503,8,0.05021266503037831,0.09811778330833788,0.07096410076216167,0.04777012631701351,0.07406398846856037,0.00950623980575217,0.00033586813298136915,18,46,0.058421332321145006,0.2800157542460141,True,True,True,4.646277125035081e-06,COMPLETE
1162,0.42444404363632204,2025-04-13 16:33:01.373204,2025-04-13 16:33:09.338814,0 days 00:00:07.965610,0.5492331033804942,0.7445268492396471,8,0.03285423574979855,0.1545683729325051,0.06074824802373469,0.05744858729626128,0.07673494697558014,0.0123223267389199,0.000171799653511722,16,49,0.06057701652782916,0.16741200938069492,True,True,True,9.194296542531958e-06,COMPLETE
1163,0.3889321327209473,2025-04-13 16:33:09.710829,2025-04-13 16:33:17.868199,0 days 00:00:08.157370,0.4953292320880723,0.6653585968005826,8,0.055185958325150004,0.10533821848694122,0.06318323115743861,0.04316536690305224,0.08033684239901118,0.004904877124626009,0.0004153875702069756,14,113,0.0635288199431284,0.1390206055357702,True,True,True,3.1171844816962513e-06,COMPLETE
1164,0.29379271864891054,2025-04-13 16:33:18.241564,2025-04-13 16:33:26.380608,0 days 00:00:08.139044,0.5247996055459222,0.6924765851840993,8,0.041118792574806,0.09245849154924732,0.05731239042403326,0.052084865326006695,0.06917665341870648,0.016031651645509674,0.000250664928154509,17,43,0.0701882580353938,0.24533841049427352,True,True,True,5.315482276447438e-06,COMPLETE
1165,0.3903564333915711,2025-04-13 16:33:26.753978,2025-04-13 16:33:35.220782,0 days 00:00:08.466804,0.5926430907469576,0.7170274232853109,8,0.08001410521037268,0.17959192952131153,0.0691245154402815,0.05578238690419608,0.07285897374777706,0.010470913632543688,0.00030794827160578376,15,129,0.06552099195765314,0.2604008342336404,True,True,True,1.9414488677851183e-06,COMPLETE
1166,0.4124211192131043,2025-04-13 16:33:35.596204,2025-04-13 16:33:43.870010,0 days 00:00:08.273806,0.6449381058414919,0.7760464926105866,8,0.06621928183138961,0.11347408034880035,0.06525152224085784,0.04949743368346706,0.07437501501567172,0.013800521375963257,0.00021418968679810357,18,41,0.061574242828879924,0.248579798635975,True,True,True,3.7009381711061744e-06,COMPLETE
1167,0.29964442253112794,2025-04-13 16:33:44.244818,2025-04-13 16:33:52.223640,0 days 00:00:07.978822,0.5628538674499586,0.7523232012888896,8,0.04931971934037241,0.16659689838630531,0.07349464670948977,0.047580238429737624,0.07587455526880421,0.00747802073049341,0.00035344230739630474,16,54,0.0382518884082397,0.26704646590464226,True,True,False,1.0876174753707768e-05,COMPLETE
1168,0.27885528802871706,2025-04-13 16:33:52.600219,2025-04-13 16:34:07.788234,0 days 00:00:15.188015,0.6146239349600697,0.7338458991437115,2,0.057517949664764936,0.10393610274851946,0.06331418343620335,0.045369623281481246,0.07841125316521708,0.017689801942907868,0.00027271514277564063,17,45,0.05916629732896356,0.25533014309825797,True,True,True,4.652154109359965e-06,COMPLETE
1169,0.3934202909469604,2025-04-13 16:34:08.164494,2025-04-13 16:34:16.177567,0 days 00:00:08.013073,0.531469838099874,0.7029892258591599,8,0.04394706381664672,0.1400202378012988,0.05978634400092078,0.05326415386623083,0.0707260960224979,0.011513901993519555,0.0005370513465201564,16,49,0.04400552903617341,0.23749251018730871,True,True,True,6.602093297473112e-06,COMPLETE
1170,0.3423800349235535,2025-04-13 16:34:16.554700,2025-04-13 16:34:24.333001,0 days 00:00:07.778301,0.5816194928214491,0.6608766534282629,8,0.07254025768278481,0.0977069454432609,0.06695479893709075,0.04313960657578254,0.08193531411106873,0.014803248178810706,0.000227489389134575,15,38,0.06270479501658288,0.2865726202958141,True,True,True,2.8958349815943258e-06,COMPLETE
1171,0.42558110952377315,2025-04-13 16:34:24.715454,2025-04-13 16:34:33.102813,0 days 00:00:08.387359,0.5533782230017373,0.8024730933687328,8,0.03223397681641997,0.12246898575270593,0.062448808356533325,0.05048466211393308,0.07274544933679139,0.019224624898761023,0.00042086609884085287,19,43,0.05795832237392132,0.27546605860700935,True,True,True,2.2003490762311626e-06,COMPLETE
1172,0.41151841878890993,2025-04-13 16:34:33.478698,2025-04-13 16:34:41.699056,0 days 00:00:08.220358,0.5993147134666449,0.6841382950522288,8,0.03675022665152218,0.1882672731040641,0.06815231939851636,0.04118029732695471,0.07602700277281947,0.009058917850184669,0.0001566642071007014,17,46,0.06377969655286118,0.26443320188161623,True,True,True,3.6713043532477414e-06,COMPLETE
1173,0.4039023399353028,2025-04-13 16:34:42.080053,2025-04-13 16:34:50.365676,0 days 00:00:08.285623,0.5108095543280933,0.7686006479702504,8,0.05249639384185941,0.1110206648046464,0.06485366634564055,0.04853231231237792,0.06970386359296656,0.013046602408341795,0.0002990041767385975,18,52,0.06709404726234469,0.2414845881776542,True,False,True,7.310794115423754e-06,COMPLETE
1174,0.4246540904045105,2025-04-13 16:34:50.743191,2025-04-13 16:34:58.401244,0 days 00:00:07.658053,0.568996603445331,0.7183621215116669,8,0.06283621574951277,0.16313942516572202,0.06082519267420472,0.05372844156367763,0.07938281174692537,0.016629446271682165,0.00019521325665834978,14,39,0.0611272306958958,0.2506090136062411,True,True,True,5.381406578565779e-06,COMPLETE
1175,0.2048193633556366,2025-04-13 16:34:58.781158,2025-04-13 16:35:05.743387,0 days 00:00:06.962229,0.5393366373253019,0.7545287928263938,8,0.28075688890859024,0.11572216234332239,0.07128730903696986,0.04560591045609357,0.07426695189072899,0.0059085922000720785,0.0003828543300766858,10,35,0.059608927537454164,0.2326937065365695,True,True,True,2.6510145068993025e-06,COMPLETE
1176,0.394980537891388,2025-04-13 16:35:06.118993,2025-04-13 16:35:21.378609,0 days 00:00:15.259616,0.4915845279452653,0.7850681738084718,2,0.04568579008432126,0.10708781914224362,0.06608418824696458,0.0595169146638379,0.05433607695627341,0.023726264919044185,0.000231044661595739,17,48,0.06451463773199352,0.2715108978555205,True,True,True,4.267977467019226e-06,COMPLETE
1177,0.4262173295021057,2025-04-13 16:35:21.760656,2025-04-13 16:35:29.684313,0 days 00:00:07.923657,0.6295973443964835,0.737880786416484,8,0.05669996415352752,0.09152170287331111,0.06431387141999398,0.05020108258845708,0.07121620638059206,0.01016080332116795,0.0003263781651184676,16,42,0.05776646280261444,0.25864740254195706,True,True,True,1.8105192570380694e-06,COMPLETE
1178,0.4233036279678345,2025-04-13 16:35:30.061105,2025-04-13 16:35:38.105303,0 days 00:00:08.044198,0.5578877275109567,0.7043574425583607,8,0.038487817845188024,0.10159179084607058,0.05900350242336939,0.056144915556672614,0.06750721242024497,0.02141546165452441,0.00048507209663182447,15,73,0.062132742390902,0.28140201341881016,True,True,True,1.3328615803760566e-05,COMPLETE
1179,0.4136145353317261,2025-04-13 16:35:38.487172,2025-04-13 16:35:46.703170,0 days 00:00:08.215998,0.5801644399874064,0.6837175491964957,8,0.04822105101697887,0.17627062939559085,0.06147431182034015,0.05148846699353319,0.05777774845803456,0.012576416261879702,0.00027064752455274613,17,45,0.06867916389458703,0.26266218782656403,True,True,True,3.2827218036953233e-06,COMPLETE
1180,0.3033817052841187,2025-04-13 16:35:47.088230,2025-04-13 16:35:55.038873,0 days 00:00:07.950643,0.5198707683704168,0.65975123041039,8,0.06449814918774036,0.09769403007378602,0.06952805680985984,0.047784248817515355,0.07768922547681424,0.01502502335009402,0.0007615727111064069,16,40,0.060281101501742936,0.042126653950222345,True,True,True,8.145205262949911e-06,COMPLETE
1181,0.2436166048049927,2025-04-13 16:35:55.419455,2025-04-13 16:36:03.725649,0 days 00:00:08.306194,0.5506930111383432,0.7279017253484429,8,0.10162532591546468,0.08282914008720807,0.0675719958992443,0.04438906067712955,0.07232260722475026,0.008349871782811914,0.00017603471593629746,18,50,0.06652216163843437,0.25417172182563685,True,True,True,5.9559031020823575e-06,COMPLETE
1182,0.4259547233581543,2025-04-13 16:36:04.108779,2025-04-13 16:36:12.220174,0 days 00:00:08.111395,0.6067388677756206,0.7599682935451723,8,0.053039049527112414,0.13006844157598457,0.06376263843809962,0.05415587895191223,0.08319792378205626,0.01822476674108145,0.00036109684440665857,17,44,0.06283329074231751,0.24686441670262282,True,True,True,2.382476511269041e-06,COMPLETE
1183,0.2078688502311707,2025-04-13 16:36:12.602517,2025-04-13 16:36:20.418643,0 days 00:00:07.816126,0.5846925768721072,0.7076059470596054,8,0.14885148995096112,0.11783317636130962,0.06596864386528926,0.04600810799117021,0.07607787488633116,0.010759164050911997,0.0002399885797254017,15,48,0.06019288791950233,0.2768578780411447,True,True,True,4.392676396214405e-06,COMPLETE
1184,0.41326996088027956,2025-04-13 16:36:20.800701,2025-04-13 16:36:37.111273,0 days 00:00:16.310572,0.5377122295043738,0.7828576690079957,2,0.041871735168586964,0.14862388331954574,0.05719070839537599,0.03959998440723881,0.06948670551856193,0.0034831905237166865,0.00012883464907464771,19,41,0.06482255936415576,0.2683160526967494,True,True,True,3.569883569409525e-06,COMPLETE
1185,0.40617690086364744,2025-04-13 16:36:37.496066,2025-04-13 16:36:45.791465,0 days 00:00:08.295399,0.5673462255680533,0.7394911568052553,8,0.032481716471093665,0.1072568260730249,0.06218268110886683,0.0032173668681884995,0.08130456290997488,0.016468091781437363,0.00028709796034158706,18,45,0.05759227143439572,0.23822046222236337,True,True,True,2.806065666693244e-06,COMPLETE
1186,0.17460876107215884,2025-04-13 16:36:46.171871,2025-04-13 16:36:53.985538,0 days 00:00:07.813667,0.5225501796018166,0.8118639800667488,8,0.0593247259271725,0.15854638607589938,0.06806415473724624,0.052127542608593626,0.07364558949543833,0.01338615322129159,0.00044255019335681694,16,35,0.010512298805329813,0.030872264759165477,True,True,False,1.0546760327476476e-05,COMPLETE
1187,0.41487330198287964,2025-04-13 16:36:54.368753,2025-04-13 16:37:02.548824,0 days 00:00:08.180071,0.6115822786077354,0.6802523448020399,8,0.048309614811285984,0.17073633047080314,0.060279417634913,0.042822937800819826,0.07818083070029805,0.011918706077779541,0.0006505236877233157,17,52,0.06191720180514186,0.22723042182742983,True,True,True,5.085433537722769e-06,COMPLETE
1188,0.4178021550178528,2025-04-13 16:37:02.931491,2025-04-13 16:37:10.633752,0 days 00:00:07.702261,0.5877273817795835,0.7232387231656306,8,0.06893015268637172,0.12461733023154456,0.0641447142413435,0.04919747807058006,0.07469929469776572,0.006620285743124526,0.00019061662484978032,14,47,0.05929226632852041,0.29151269432491655,True,True,True,6.630048580852238e-06,COMPLETE
1189,0.36682183742523194,2025-04-13 16:37:11.020490,2025-04-13 16:37:19.038164,0 days 00:00:08.017674,0.5054581793139384,0.7673039311410372,8,0.08488091860344679,0.11148676519644454,0.07013771761983775,0.0566666394707287,0.07132971565631992,0.009243896416452195,0.0003456940122341815,16,43,0.06387679396791388,0.2578556450120843,True,True,True,3.9788973099532666e-06,COMPLETE
1190,0.2926467478275299,2025-04-13 16:37:19.422177,2025-04-13 16:37:27.651604,0 days 00:00:08.229427,0.5557628271944245,0.6563463992003448,8,0.038066032645889473,0.0945753618327888,0.06652929447739746,0.046168427315469114,0.07998445712462025,0.06903424498943292,0.00022747935522146758,18,38,0.05681139339788547,0.24696083880876804,True,True,True,2.120449642715354e-06,COMPLETE
1191,0.38299856185913084,2025-04-13 16:37:28.038207,2025-04-13 16:37:36.086487,0 days 00:00:08.048280,0.6471599833112867,0.698547921999369,8,0.05353712354503593,0.10304088123084147,0.0620057707453597,0.04811645922931034,0.0756341143544802,0.01445718309640566,0.0002894043838765274,17,41,0.06066716489032482,0.272442817223597,True,False,True,3.070753267406998e-06,COMPLETE
1192,0.36153109073638917,2025-04-13 16:37:36.470342,2025-04-13 16:37:44.332499,0 days 00:00:07.862157,0.53678265025325,0.7448019895632622,8,0.04472020285747847,0.08860945907877157,0.058524783914359876,0.052539082897873145,0.06826396250386499,0.057065420885166376,0.00014952551410476003,15,46,0.06563767125180084,0.28241883105255666,True,True,True,5.285217588050355e-06,COMPLETE
1193,0.2048193633556366,2025-04-13 16:37:44.718237,2025-04-13 16:37:52.641713,0 days 00:00:07.923476,0.575031288826255,0.7238239946421239,8,0.05618952350423351,0.1832223080536877,0.06493353272625238,0.054629273291933816,0.07316768767352728,0.019512585930472847,0.00041436101397353324,16,43,0.04094054251642239,0.26480671238860765,True,True,True,8.529049903629602e-06,COMPLETE
1194,0.3928773880004883,2025-04-13 16:37:53.027728,2025-04-13 16:38:08.857677,0 days 00:00:15.829949,0.6251920255734178,0.7560959008159163,2,0.0622033993354262,0.11281404123254729,0.07306555435236535,0.058446935424334004,0.07802305429606904,0.016688888464905727,0.0002507019751249639,18,49,0.06282156131740249,0.2544062402157563,True,True,True,4.069175447218601e-06,COMPLETE
1195,0.2048193633556366,2025-04-13 16:38:09.246120,2025-04-13 16:38:17.425357,0 days 00:00:08.179237,0.5937400674990553,0.6903200994206189,8,0.1879756394648199,0.10047311430898594,0.06273374731382089,0.043939050952867216,0.07094420582146725,0.005112448478094116,0.0005022889562484155,17,55,0.05846352927640492,0.2413599592714484,True,True,True,1.699262177486244e-06,COMPLETE
