number,value,datetime_start,datetime_complete,duration,params_alpha-eval,params_alpha-train,params_batch-size,params_eps-eval,params_eps-train,params_lambda-actions-eval,params_lambda-actions-train,params_lambda-frames-eval,params_lambda-frames-train,params_learning-rate,params_n-epochs,params_n-frames,params_radius-gw,params_rho,params_std-feats,params_ub-actions,params_ub-frames,params_weight-decay,state
1821,0.3520406365394593,2025-04-15 17:45:33.007657,2025-04-15 17:45:43.297149,0 days 00:00:10.289492,0.41214208668091007,0.7698724895447846,16,0.037290181845236595,0.1380724948873555,0.09816739898216881,0.03329180804285567,0.08462974154812712,0.060312950042988714,0.0001251611370548543,28,139,0.062294122729792116,0.20361572140811046,True,True,True,5.852700734952026e-08,COMPLETE
1822,0.3878828287124634,2025-04-15 17:45:43.917833,2025-04-15 17:45:54.242189,0 days 00:00:10.324356,0.4420622709773372,0.787320861840391,16,0.03276588885945417,0.14808149097072884,0.09571439121757526,0.035340679174191245,0.09759300272258405,0.06364238205835598,0.00010468120823687746,28,141,0.0599582589714881,0.1973053941427409,True,True,True,7.486273854904288e-08,COMPLETE
1823,0.3361474394798279,2025-04-15 17:45:54.838736,2025-04-15 17:46:04.931646,0 days 00:00:10.092910,0.40399309129814776,0.756846581756538,16,0.03998512469122364,0.14407844392281907,0.09814792159538127,0.032156447453952956,0.08499923780979733,0.06112002270728684,9.325732107118935e-05,27,139,0.03783238150841627,0.2041647382651613,True,True,True,6.106831979753623e-08,COMPLETE
1824,0.4109827637672424,2025-04-15 17:46:05.526352,2025-04-15 17:46:15.919082,0 days 00:00:10.392730,0.45301988987361175,0.803575090602545,16,0.02966269488394932,0.15073582978715172,0.09606142347606066,0.03706893932815116,0.08066149599325041,0.06507218904307459,0.00012628124054540101,28,142,0.06309319519460094,0.19251808539261203,True,True,True,8.711015435063681e-08,COMPLETE
1825,0.31901021003723146,2025-04-15 17:46:16.526580,2025-04-15 17:46:22.770519,0 days 00:00:06.243939,0.4290105944374815,0.7805197256248206,16,0.03561446304798247,0.1536947571054701,0.09814516364056684,0.04008091938081702,0.08516441771961714,0.059281090684469906,8.445120188797611e-05,8,19,0.03198097345065973,0.21025448315801257,True,True,True,5.180418863792283e-08,COMPLETE
1826,0.3927525639533997,2025-04-15 17:46:23.385266,2025-04-15 17:46:33.514176,0 days 00:00:10.128910,0.3940679854138107,0.8187760329800314,16,0.028053218673841564,0.147145215032307,0.0957257413761431,0.03382030893068874,0.08270486604430774,0.061520504413182596,3.090112467613962e-05,27,138,0.058808895507353305,0.20342793819679691,True,True,True,6.77246030871737e-08,COMPLETE
1827,0.4288742780685425,2025-04-15 17:46:34.109943,2025-04-15 17:46:44.516295,0 days 00:00:10.406352,0.4675747181771307,0.7470348373674008,16,0.026344420109308774,0.15599343605009036,0.0979758335757924,0.030895074978246707,0.07689526305716603,0.06372663974668827,0.00011036112177192796,28,143,0.061108376012722614,0.19803003594663943,True,True,True,5.294719800788176e-08,COMPLETE
1828,0.307836925983429,2025-04-15 17:46:45.135259,2025-04-15 17:46:55.420618,0 days 00:00:10.285359,0.3943863777707554,0.7647804112615916,16,0.04696760003048528,0.13845664931794374,0.09523223898236449,0.04320692028838425,0.08616941125498971,0.059517241117016284,0.00012874223550116422,28,139,0.06454926322957064,0.21036589801815472,True,True,True,4.7089432900861035e-08,COMPLETE
1829,0.39605107307434084,2025-04-15 17:46:56.017052,2025-04-15 17:47:05.119707,0 days 00:00:09.102655,0.4416895324676699,0.7913536570350366,16,0.03576756285327913,0.150836050912663,0.09680768870162926,0.029265086083462854,0.07396181552196858,0.0581385106585592,9.797075389348807e-05,27,97,0.058611867849739124,0.21598381118919152,True,True,True,6.461041705780805e-08,COMPLETE
1830,0.42252172231674195,2025-04-15 17:47:05.712769,2025-04-15 17:47:13.567591,0 days 00:00:07.854822,0.41523500505642374,0.8092709120426921,16,0.020721044885988006,0.15812700873937474,0.09821874721806444,0.01285553346615899,0.07903384587210002,0.062413148013089226,8.216815913390311e-05,28,6,0.06133122882445724,0.2064179917041012,True,True,True,4.332106225644177e-08,COMPLETE
1831,0.27820463180541993,2025-04-15 17:47:14.186827,2025-04-15 17:47:38.076960,0 days 00:00:23.890133,0.4685598310674697,0.7301960565352733,2,0.03063416687736627,0.14455869381232228,0.09446543585486915,0.03530701988829718,0.09535303643446418,0.05916970497114439,0.00013584662181346385,29,144,0.06288997473104009,0.19212827558190612,True,True,True,1.1054002985421336e-07,COMPLETE
1832,0.2048193633556366,2025-04-15 17:47:38.700729,2025-04-15 17:47:48.884774,0 days 00:00:10.184045,0.45461284196256224,0.7721410884193268,16,0.22444398876454855,0.15638158543067018,0.09997648111463034,0.017705503703921967,0.08289274104970579,0.05713955248963454,0.00010700063826851665,28,137,0.06755827476241509,0.20239033790717545,True,True,True,4.303048380722487e-08,COMPLETE
1833,0.25633493065834045,2025-04-15 17:47:49.479371,2025-04-15 17:47:59.722599,0 days 00:00:10.243228,0.487944516829548,0.7892550770385887,16,0.04089454790231767,0.1504897951410741,0.09629769010227501,0.03300682773599952,0.08469786065250318,0.0608462575223895,6.874705930357476e-05,27,147,0.05950409566382205,0.2139024508379742,True,True,False,3.8256275669942916e-08,COMPLETE
1834,0.41995724439620974,2025-04-15 17:48:00.314964,2025-04-15 17:48:10.808648,0 days 00:00:10.493684,0.4399233258232398,0.7489675806829996,16,0.026179338040167126,0.15993505670823752,0.0945433876894471,0.037928590988876465,0.028452877882797593,0.05695181850032123,0.0001193665131161139,29,141,0.05753998884394126,0.19788155831044973,True,True,True,7.247726474971639e-08,COMPLETE
1835,0.42506941556930544,2025-04-15 17:48:11.423611,2025-04-15 17:48:21.373212,0 days 00:00:09.949601,0.48511758367702124,0.7692760772671956,16,0.01754816588131787,0.1542039245634128,0.09791662154241337,0.034597856593157714,0.08020108212476153,0.059184078441365535,0.00013973382527292496,26,138,0.060912650585234776,0.20767375935033566,True,True,True,5.309297436735413e-08,COMPLETE
1836,0.2987913727760315,2025-04-15 17:48:21.963435,2025-04-15 17:48:32.319920,0 days 00:00:10.356485,0.4234642162240674,0.3240463145491482,16,0.03258168171257246,0.13405667951738107,0.09398582429996372,0.0407072882777553,0.08646418303134476,0.06372914058126915,9.367064080592445e-05,28,143,0.06427554738694483,0.21746290917843286,True,True,True,3.500569160225647e-08,COMPLETE
1837,0.427338182926178,2025-04-15 17:48:32.937560,2025-04-15 17:48:43.573456,0 days 00:00:10.635896,0.465520595734205,0.8242955165946764,16,0.023979878189665085,0.14256352140097597,0.09636066901573742,0.036783489187260515,0.08233747171469456,0.055002100953102366,7.800930953400972e-05,29,147,0.06248903493140767,0.21139345526397318,True,True,True,4.986991048941932e-08,COMPLETE
1838,0.38410985469818115,2025-04-15 17:48:44.199545,2025-04-15 17:48:54.970183,0 days 00:00:10.770638,0.47621075168895466,0.8023982341314413,16,0.03787252476167527,0.16127569744964973,0.09850367747471728,0.03134557339352228,0.08111702429921887,0.06082017419908263,0.0001074602413955762,29,150,0.05959781173424035,0.19263588364576187,True,True,True,3.179273316768182e-08,COMPLETE
1839,0.4236213207244873,2025-04-15 17:48:55.569373,2025-04-15 17:49:05.786603,0 days 00:00:10.217230,0.3903623938049922,0.7577468517067475,16,0.028286775323448702,0.1492447512889199,0.05275218813774967,0.03294548489932355,0.07780617689034758,0.05771653355348125,5.7729364886223364e-05,28,140,0.05795949336845984,0.2028989585567553,True,True,True,4.401362259038854e-08,COMPLETE
1840,0.28159032464027406,2025-04-15 17:49:06.407926,2025-04-15 17:49:13.335259,0 days 00:00:06.927333,0.45495702694535856,0.7178327558606146,16,0.01662547814273567,0.1592766563918826,0.09436337303828961,0.02860721419171491,0.08424143472321197,0.06238180122542765,0.0001474305940872814,7,145,0.060917338675536586,0.22553544678179965,True,True,True,6.111217753972144e-08,COMPLETE
1841,0.3218734860420227,2025-04-15 17:49:13.937592,2025-04-15 17:49:21.845070,0 days 00:00:07.907478,0.43229596769961154,0.7904970089295971,16,0.04457322204310078,0.1544257514439582,0.09673993760030389,0.03527152204886066,0.08734985479234281,0.055440250494570915,0.00011914463094819126,27,14,0.06562565034264883,0.21916216948250822,True,True,True,9.442293922216638e-08,COMPLETE
1842,0.41168003082275395,2025-04-15 17:49:22.470515,2025-04-15 17:49:32.884566,0 days 00:00:10.414051,0.4949081399171688,0.7387927246674026,16,0.03338422502774115,0.16393594568034184,0.09263180477703543,0.03882448983542224,0.021509853426889877,0.06549527016466218,8.657917238755308e-05,29,137,0.06266504767638553,0.20717075132800056,True,True,True,2.8482021024798795e-08,COMPLETE
1843,0.24387383460998535,2025-04-15 17:49:33.490701,2025-04-15 17:49:41.332771,0 days 00:00:07.842070,0.46919148202122163,0.7764621853632208,16,0.05602422127541566,0.1585563470096624,0.0958363711011129,0.060307819864740896,0.0933286143018305,0.05926292255399344,0.00010180397641108207,27,11,0.05704924766338391,0.19850352841415772,True,True,True,3.621005052817396e-08,COMPLETE
1844,0.4273098945617676,2025-04-15 17:49:41.957649,2025-04-15 17:49:52.253390,0 days 00:00:10.295741,0.4102328456921734,0.8179262423637605,16,0.022112504836089376,0.14831194480272886,0.09807193256053132,0.01980334364605372,0.0858443355074296,0.05677930705303672,0.00013996350529993062,28,143,0.05977126346315826,0.2135569607882026,True,True,True,3.897630512041694e-08,COMPLETE
1845,0.4249685525894165,2025-04-15 17:49:52.848779,2025-04-15 17:50:03.397657,0 days 00:00:10.548878,0.44909226500084903,0.7623279314632079,16,0.02844323213682019,0.16748999014961835,0.09399185088904069,0.03057100461892917,0.08299242585308274,0.05282569511142952,6.661954905258297e-05,29,141,0.06178260273272443,0.20535412928080343,True,True,True,2.560532065575939e-08,COMPLETE
1846,0.37417600154876707,2025-04-15 17:50:04.019713,2025-04-15 17:50:14.506461,0 days 00:00:10.486748,0.4867150297875732,0.7919662478158417,16,0.03882305233091167,0.1617531913522439,0.0999602925094516,0.015840425221175798,0.07972417306016989,0.060170639822477216,0.00011849952351208037,28,147,0.05847117278655567,0.21104251486552772,True,True,True,5.09223146427318e-08,COMPLETE
1847,0.4258203864097595,2025-04-15 17:50:15.108889,2025-04-15 17:50:25.700195,0 days 00:00:10.591306,0.43261254514019637,0.744302548603661,16,0.020534459124049848,0.1436830553893636,0.09648692326975211,0.0340028662338562,0.08715098466349966,0.05795653711647104,7.687559287588596e-05,30,136,0.0637243643808068,0.19140254675762483,True,True,True,1.7340362109402893e-08,COMPLETE
1848,0.42272536754608153,2025-04-15 17:50:26.316663,2025-04-15 17:50:36.668145,0 days 00:00:10.351482,0.4696035396769297,0.8041630534104064,16,0.03228128698392144,0.1517409023295414,0.0925341546534946,0.03635457026253735,0.07640992344112266,0.05424477934705933,9.273826093579094e-05,29,138,0.0600666552780074,0.22071495686024628,True,True,True,7.206323648878805e-08,COMPLETE
1849,0.41790122985839845,2025-04-15 17:50:37.296761,2025-04-15 17:50:47.839939,0 days 00:00:10.543178,0.49157529442980036,0.7795381144138077,16,0.026543902261040756,0.16535643563509728,0.09810438802160462,0.032275465394801306,0.04866302023379473,0.0631667659117833,0.00015141833677755827,28,150,0.05651370068820872,0.1998442737113141,True,True,True,3.13106633123562e-08,COMPLETE
1850,0.20891497135162354,2025-04-15 17:50:48.444264,2025-04-15 17:50:57.927713,0 days 00:00:09.483449,0.45094981735558026,0.7164796681978021,16,0.015262924241578196,0.15708700763374214,0.09456539250124553,0.04140384135715327,0.0918785070383554,0.06106615868565981,0.00012878750723191063,29,105,0.06112106697455513,0.22893176923773767,True,True,False,4.198798217995474e-08,COMPLETE
1851,0.4236174464225769,2025-04-15 17:50:58.554371,2025-04-15 17:51:08.812539,0 days 00:00:10.258168,0.40613624705852513,0.7568028456173637,16,0.022241748900829014,0.15330531348017015,0.09563845882047325,0.038021918021423136,0.08140683119491698,0.05816840247383973,0.00010325059563016042,27,145,0.0656840292576029,0.2139388678738091,True,True,True,2.077471936660781e-08,COMPLETE
1852,0.38671301603317265,2025-04-15 17:51:09.412457,2025-04-15 17:51:33.821639,0 days 00:00:24.409182,0.4703656841469627,0.7771832343610998,2,0.03687344918054383,0.16498716123785095,0.0999747315307615,0.029273671512069,0.08468314455059033,0.0566019640955655,7.570738382012988e-05,30,141,0.05859677044039032,0.20579761505819566,True,True,True,2.650584052287214e-08,COMPLETE
1853,0.41487298011779783,2025-04-15 17:51:34.447573,2025-04-15 17:51:44.688956,0 days 00:00:10.241383,0.5027913340103706,0.8321425735896385,16,0.030095565536127432,0.17074184848541585,0.09698627655352919,0.03499848762085623,0.09016075702067815,0.05574137168075324,5.392242069138431e-05,28,137,0.0629834211644821,0.1957876118330529,True,True,True,3.355348501952089e-08,COMPLETE
1854,0.3323879957199097,2025-04-15 17:51:45.288689,2025-04-15 17:51:55.833685,0 days 00:00:10.544996,0.43167407713166644,0.8063955981856152,16,0.04299353595733099,0.15859153437957904,0.09231646791890989,0.0329372994682691,0.08305287978140209,0.06030055226333077,0.00015494327648803236,29,144,0.05656045039835533,0.21687175333608003,True,True,True,5.332590175394478e-08,COMPLETE
1855,0.41779453754425055,2025-04-15 17:51:56.459692,2025-04-15 17:52:07.315262,0 days 00:00:10.855570,0.48294189033641804,0.7434889807041088,16,0.010083589965047698,0.16309703986907073,0.09809196774038517,0.03639670268831319,0.078642271712101,0.054093734732076106,0.00011094408795021184,30,148,0.059474387002242425,0.21018193458636394,True,True,True,2.282505817267082e-08,COMPLETE
1856,0.4300200343132019,2025-04-15 17:52:07.921236,2025-04-15 17:52:18.502546,0 days 00:00:10.581310,0.4536938146562437,0.7685137265474452,16,0.025963130902036807,0.14816344177879423,0.09496406314829633,0.030969385309614794,0.08750080219636652,0.058817088880354376,8.820880865076035e-05,29,143,0.06165064704626778,0.2231362785903618,True,True,True,1.717310509198747e-08,COMPLETE
1857,0.28784242272377014,2025-04-15 17:52:19.126121,2025-04-15 17:52:29.662538,0 days 00:00:10.536417,0.4277567942438286,0.7267740238051027,16,0.016372462764875112,0.13478593847120227,0.09997878674256845,0.029158376378599905,0.08881195089310949,0.05864629602509958,0.00012892914303319947,28,146,0.07140713704210891,0.24091182001380554,True,True,True,1.621470078134843e-08,COMPLETE
1858,0.4220498681068421,2025-04-15 17:52:30.296475,2025-04-15 17:52:40.780999,0 days 00:00:10.484524,0.4139147937146054,0.740283246987976,16,0.03180098334579616,0.13477612218305338,0.09618579218402096,0.02893721559031516,0.08731315530537384,0.06270859804114023,9.746476643303801e-05,28,147,0.05748554683324546,0.23202259431287833,True,True,True,6.600674796708938e-08,COMPLETE
1859,0.41198416948318484,2025-04-15 17:52:41.386847,2025-04-15 17:52:51.625010,0 days 00:00:10.238163,0.38667509164156444,0.7535347813364552,16,0.02448729893804516,0.1414795228633018,0.07188641519035385,0.030341812226094236,0.08871937137730358,0.05774892927111865,0.0001172475109278669,27,144,0.0641974754697828,0.22703657500302496,True,True,True,4.1786553020439006e-08,COMPLETE
1860,0.42559114694595335,2025-04-15 17:52:52.255614,2025-04-15 17:53:02.777952,0 days 00:00:10.522338,0.4378774036799872,0.7117296772275749,16,0.03542763476059971,0.13901148423849322,0.09768709852846832,0.028286812182912374,0.09120884487955128,0.062156005376943414,0.0001512914677667384,28,148,0.06018116070203983,0.2511005045384178,True,True,True,3.193258283580914e-08,COMPLETE
1861,0.4264585137367249,2025-04-15 17:53:03.381185,2025-04-15 17:53:13.693496,0 days 00:00:10.312311,0.44973158096885885,0.762481520973942,16,0.019887532959341293,0.14324888076520872,0.09564081595000085,0.030823529846956587,0.08773232221348949,0.05923532383211766,9.658979332044534e-05,28,143,0.06196317084892377,0.23509220974622175,True,True,True,8.506568198213576e-08,COMPLETE
1862,0.2048193633556366,2025-04-15 17:53:14.298010,2025-04-15 17:53:24.848872,0 days 00:00:10.550862,0.41250393560925824,0.7310795779080526,16,0.14858323134964188,0.14556757212611288,0.0984116179574347,0.0308017630334631,0.09018734190353721,0.06062789596170347,0.00012251600445522786,29,145,0.06701233380610128,0.22999446403895993,True,True,True,4.9466990042344374e-08,COMPLETE
1863,0.32606842517852785,2025-04-15 17:53:25.473257,2025-04-15 17:53:36.010395,0 days 00:00:10.537138,0.44714377137980754,0.7656374332600796,16,0.049396230460482554,0.1476216617357852,0.09561302239272275,0.028217411800499193,0.08687789972311517,0.05611370083371144,0.00015782863151914272,28,148,0.058081056580355186,0.23389873015662319,True,True,True,1.5957665620621433e-08,COMPLETE
1864,0.43048375844955444,2025-04-15 17:53:36.644557,2025-04-15 17:53:47.182353,0 days 00:00:10.537796,0.4218417567940593,0.7485176029007851,16,0.026483337158224644,0.13698949421334855,0.09822567985932056,0.03150766867200828,0.09317581637173776,0.05912895228730525,0.00013291012334984116,29,142,0.060287781987671554,0.2254141045879293,True,True,True,2.1279150513035915e-08,COMPLETE
1865,0.37483943700790406,2025-04-15 17:53:47.795482,2025-04-15 17:53:58.279224,0 days 00:00:10.483742,0.4008847408332891,0.7168348616198398,16,0.04232195314340961,0.12176184533081869,0.09454668703142713,0.030062318223679184,0.09882125894676477,0.06123159121697494,0.00013732358810669728,29,141,0.06512194250368232,0.22803141224512619,True,True,True,1.996868756836555e-08,COMPLETE
1866,0.4093485236167908,2025-04-15 17:53:58.907256,2025-04-15 17:54:09.418374,0 days 00:00:10.511118,0.4039600161939351,0.702248379255552,16,0.0381267515371595,0.13129246198301958,0.09680352755129829,0.028220762297861215,0.09978482561259942,0.0659914682404174,0.0001147440323669352,29,141,0.06786732736001894,0.23385813590940033,True,True,True,1.5659865377575742e-08,COMPLETE
1867,0.4207474112510681,2025-04-15 17:54:10.023752,2025-04-15 17:54:20.557709,0 days 00:00:10.533957,0.43290613267169953,0.7278592248652498,16,0.030868705623637124,0.14149542544212187,0.09479342988731725,0.03169928168315948,0.09531349348416893,0.05936652638818734,0.00013871817357959275,29,140,0.06413266014237298,0.2237608848022255,True,True,True,1.7423086990441615e-08,COMPLETE
1868,0.41408950090408325,2025-04-15 17:54:21.190459,2025-04-15 17:54:31.724170,0 days 00:00:10.533711,0.4180616075529159,0.7421159998008734,16,0.02747262475528598,0.1290556362323453,0.09999091498167668,0.028696065122925885,0.09505782887953731,0.06458294270599711,0.00010812119429645333,29,142,0.07024993591090126,0.22498712380970068,True,True,True,2.2341035083970862e-08,COMPLETE
1869,0.2048193633556366,2025-04-15 17:54:32.355144,2025-04-15 17:54:42.752603,0 days 00:00:10.397459,0.3910474172378723,0.7311048316970576,16,0.21074460843865728,0.12697050140404365,0.09720936366741027,0.029964113400433447,0.09585562555244388,0.05884696019442102,0.0001315439646102557,29,138,0.034699675220000836,0.23401017187055223,True,True,True,1.622413522376868e-08,COMPLETE
1870,0.421247935295105,2025-04-15 17:54:43.366012,2025-04-15 17:54:53.646357,0 days 00:00:10.280345,0.45453948269811156,0.7553177840033041,16,0.034697400288653917,0.1389583469744662,0.09417628982410467,0.03212350091620359,0.09270423962421853,0.05738735324826745,0.00010796427962140544,28,140,0.0627381295915183,0.2441835392925948,True,True,True,2.0511090356827445e-08,COMPLETE
1871,0.2596505701541901,2025-04-15 17:54:54.252320,2025-04-15 17:55:04.541127,0 days 00:00:10.288807,0.4185307253346,0.7021722478938994,16,0.025912222935060483,0.1309798281125275,0.09664996806725114,0.03065031658545898,0.09822226751394562,0.06157633569064029,8.779943816128563e-05,29,136,0.06842726408407315,0.24343090579890694,True,True,False,2.526959576411219e-08,COMPLETE
1872,0.416526198387146,2025-04-15 17:55:05.168293,2025-04-15 17:55:15.499051,0 days 00:00:10.330758,0.38684017250575975,0.7474616407230071,16,0.030836818856996795,0.13377861209195455,0.09810978740967848,0.03175942743996293,0.09847686230880125,0.059747364929633714,0.00015451800300615175,28,142,0.0657516699090287,0.22807776476696617,True,True,True,2.0308767267360224e-08,COMPLETE
1873,0.41165456771850584,2025-04-15 17:55:16.138775,2025-04-15 17:55:26.568746,0 days 00:00:10.429971,0.44455860785171913,0.725657809664375,16,0.021347219897984382,0.1328866241842157,0.09317844730544456,0.028359564837207654,0.09383586854968999,0.06352063184251307,0.00012733241686311336,29,140,0.06224334963181216,0.2323110002001249,True,True,True,1.593138541661483e-08,COMPLETE
1874,0.4181688189506531,2025-04-15 17:55:27.177186,2025-04-15 17:55:51.086379,0 days 00:00:23.909193,0.46879921908361777,0.771091460608485,2,0.04059286228053835,0.1349108302667435,0.09999710257016728,0.03294108474778243,0.0970025195939211,0.056753574841860305,9.282304897885232e-05,29,137,0.06344275024709947,0.21804384005514182,True,True,True,2.5393261425889263e-08,COMPLETE
1875,0.2048193633556366,2025-04-15 17:55:51.714414,2025-04-15 17:56:02.043338,0 days 00:00:10.328924,0.4575621472316757,0.7495009062706995,16,0.13058316537012327,0.13714542369259658,0.09513752537830461,0.030123089005552654,0.09660281824766517,0.061124882347578076,0.00011654445919185006,28,143,0.06121814723375182,0.22450997719918622,True,True,True,3.667028123907864e-08,COMPLETE
1876,0.36711183786392215,2025-04-15 17:56:02.651598,2025-04-15 17:56:12.986872,0 days 00:00:10.335274,0.42527567560460944,0.7750702351213311,16,0.0328236833442692,0.1260586991669995,0.09130010731495906,0.0341266114863458,0.09298845500108677,0.05531751225734599,0.00014831955179404183,29,135,0.04058410767817328,0.23782321488978703,True,True,True,2.831929659151172e-08,COMPLETE
1877,0.40559580326080324,2025-04-15 17:56:13.611047,2025-04-15 17:56:23.937923,0 days 00:00:10.326876,0.45931293796253314,0.7610832237625635,16,0.01482635270968728,0.13996967446143257,0.09671862139365463,0.03198764440455881,0.09311735760612176,0.0583374591932312,9.921505580342642e-05,28,143,0.06068625626523064,0.23881823141291142,True,True,True,6.146950914456939e-08,COMPLETE
