number,value,datetime_start,datetime_complete,duration,params_alpha-eval,params_alpha-train,params_batch-size,params_eps-eval,params_eps-train,params_lambda-actions-eval,params_lambda-actions-train,params_lambda-frames-eval,params_lambda-frames-train,params_learning-rate,params_n-epochs,params_n-frames,params_radius-gw,params_rho,params_std-feats,params_ub-actions,params_ub-frames,params_weight-decay,state
113,0.33323484659194946,2025-04-13 14:04:43.817160,2025-04-13 14:04:52.449043,0 days 00:00:08.631883,0.7968464195656375,0.2707652293140965,8,0.05808647257779031,0.0008241321378218546,0.03254017411400485,0.045655058822145274,0.015659267653316766,0.09061138943310348,3.397633473686864e-05,22,24,0.087234214672752,0.2759003453402189,True,True,True,2.9267416343132916e-05,COMPLETE
114,0.2871323645114899,2025-04-13 14:04:52.487434,2025-04-13 14:05:00.811306,0 days 00:00:08.323872,0.8192936119569094,0.3134674455921496,8,0.04087398526423719,0.012559868080972723,0.025684715735523785,0.042591474415003536,0.019492713938235977,0.0939251412744099,6.351519290385304e-05,20,27,0.09204457585960067,0.2947545021312622,True,False,True,6.778166102420867e-05,COMPLETE
115,0.33560729026794434,2025-04-13 14:05:00.850008,2025-04-13 14:05:09.777103,0 days 00:00:08.927095,0.7698369808233609,0.7321711090914941,8,0.1027540323333567,0.035741584840784074,0.03052630981997955,0.03588207406846277,0.013060123095128705,0.09743715906420032,7.456901125268231e-05,23,32,0.08033664279622588,0.288881163061263,True,True,True,3.9620482607347514e-05,COMPLETE
116,0.3493174195289612,2025-04-13 14:05:09.814899,2025-04-13 14:05:18.329509,0 days 00:00:08.514610,0.9136848261842664,0.05133201448504876,8,0.06903603831076914,0.06304282953213675,0.09999898003166066,0.07587979017766378,0.011025839112364922,0.08916333464418097,2.46971773653219e-05,21,29,0.0968706243094486,0.2814710893694468,True,False,True,1.6021411416106736e-07,COMPLETE
117,0.3453920841217041,2025-04-13 14:05:18.368739,2025-04-13 14:05:24.988488,0 days 00:00:06.619749,0.7456651458329467,0.3027087834317889,16,0.08007408727505924,0.13339786689697344,0.021567540536067457,0.04902274822868804,0.008082500256888503,0.0944088090142218,5.114363207859562e-05,13,35,0.08493205401072415,0.2996491931613689,True,False,True,1.8241491005909678e-05,COMPLETE
118,0.21636890769004824,2025-04-13 14:05:25.027063,2025-04-13 14:05:33.104127,0 days 00:00:08.077064,0.8551160466906498,0.1482005783214189,8,0.1918534002162355,0.019035054486943773,0.08098826912754116,0.05662431261815723,0.004719276635727655,0.0986834431756484,0.0017404979803404272,15,100,0.09372767889159533,0.2604352385220097,True,True,True,3.497746381642702e-06,COMPLETE
119,0.20180897712707518,2025-04-13 14:05:33.142795,2025-04-13 14:05:53.917190,0 days 00:00:20.774395,0.44614310079142044,0.09065177419047925,2,0.1266867424464871,0.1586571508164954,0.034952921194725844,0.05130931753193025,0.022224883850627937,0.09156895553567701,0.004961360424134422,28,41,0.08756461138787835,0.27488871182681984,True,False,True,4.621402150206717e-07,COMPLETE
120,0.23588266968727112,2025-04-13 14:05:53.960232,2025-04-13 14:06:01.368478,0 days 00:00:07.408246,0.47976018827969813,0.34245369252843777,8,0.06370316538035559,0.027488032609130037,0.04599089852057911,0.05384841220902547,0.017020056487175438,0.09683027047073518,4.395721885670517e-05,14,25,0.09035188045189527,0.1595112016018363,True,False,True,7.720267147319722e-06,COMPLETE
121,0.34888236522674565,2025-04-13 14:06:01.407954,2025-04-13 14:06:09.033229,0 days 00:00:07.625275,0.8460652602532175,0.39483787117458014,8,0.07431808041087322,0.010055395997201297,0.04181288849389242,0.04810434527024256,0.051313923220433245,0.09570506027042427,9.888885162093307e-05,16,15,0.07945737370544895,0.25225559465838704,True,False,True,1.14205650581789e-06,COMPLETE
122,0.32446423768997196,2025-04-13 14:06:09.073035,2025-04-13 14:06:16.872634,0 days 00:00:07.799599,0.8716728244722973,0.37919812370041117,8,0.09164140237304977,0.017556514293843518,0.03726715665277529,0.059961285676636875,0.03784034348590861,0.09333629991666614,0.00013012651336194596,17,19,0.08267699545038983,0.2680780183014851,True,False,True,2.6129474125638144e-06,COMPLETE
123,0.2833161771297455,2025-04-13 14:06:16.922176,2025-04-13 14:06:25.063808,0 days 00:00:08.141632,0.7916092740450866,0.2573262190668677,8,0.05311196639483825,0.006179126657085316,0.03925184501162464,0.07975780861209264,0.01439407386896667,0.0997941795333708,0.00016168337605678595,19,22,0.07408842802539425,0.24670974061704992,True,False,True,4.580091910839921e-06,COMPLETE
124,0.41584931612014775,2025-04-13 14:06:25.104630,2025-04-13 14:06:33.434108,0 days 00:00:08.329478,0.8173118866427358,0.3291122442411336,8,0.0735723663589449,0.053461330501516635,0.033322683544622575,0.045424932348875624,0.06164763323419842,0.08581105686296679,0.00022530063030943822,20,28,0.07668416241245452,0.28623548533112986,True,False,True,0.00013659493190654718,COMPLETE
125,0.21034266948699953,2025-04-13 14:06:33.476306,2025-04-13 14:06:41.943325,0 days 00:00:08.467019,0.8907751316198299,0.30122878812886034,8,0.0714799640962851,0.04618263738317804,0.03317318621278461,0.04518974966064521,0.06576746624814961,0.08593125434315595,0.0002784348703480694,20,37,0.02214289908787055,0.28821770629329896,True,False,True,1.468421964192644e-05,COMPLETE
126,0.3399596095085144,2025-04-13 14:06:41.984840,2025-04-13 14:06:50.665446,0 days 00:00:08.680606,0.8218707763253927,0.2813728654958583,8,0.08797502444163904,0.09371178727536833,0.0291098710386354,0.06462281920819732,0.010100951878332374,0.08774913779222318,0.00020780661089437162,23,33,0.07697207975074177,0.2813092643682228,False,False,True,8.884881397993611e-05,COMPLETE
127,0.2989757001399994,2025-04-13 14:06:50.707456,2025-04-13 14:06:59.316532,0 days 00:00:08.609076,0.7109110430095034,0.3318956227561945,8,0.04630821070781386,0.0602230468568698,0.02426011867357655,0.09443435707913822,0.060333832614623176,0.09062086646559443,0.000635558778075513,21,28,0.07075538291155586,0.29273923841467125,True,True,True,5.728937746096863e-05,COMPLETE
128,0.3236376523971558,2025-04-13 14:06:59.358583,2025-04-13 14:07:07.735959,0 days 00:00:08.377376,0.8015917398608803,0.3539631298009571,8,0.08229109099404333,0.08814549345291209,0.09306231423084656,0.03795172464361166,0.06235466840590898,0.09275308140274975,0.0004205130295010303,22,12,0.09306878201751759,0.27161071738182957,True,False,True,0.0001381320829337155,COMPLETE
129,0.3532527685165405,2025-04-13 14:07:07.778942,2025-04-13 14:07:15.571721,0 days 00:00:07.792779,0.9251248073814635,0.23139015886181724,8,0.10616141351473637,0.07552194334365638,0.027124892632514365,0.04163316829841387,0.055365161365049445,0.09995106744378525,7.82441020603311e-05,15,47,0.08623277289608557,0.03587718992155124,True,False,True,3.172586255704898e-05,COMPLETE
130,0.2048193633556366,2025-04-13 14:07:15.614018,2025-04-13 14:07:23.995976,0 days 00:00:08.381958,0.6773682151823889,0.4075084333287103,8,0.2856666656079484,0.03955656003990063,0.07182625870762657,0.003418791254882002,0.00636044438115033,0.09711543344668691,3.28985916507159e-05,20,25,0.08413135370449872,0.2760688911111384,True,True,True,0.00043176730788807485,COMPLETE
131,0.29601436853408813,2025-04-13 14:07:24.038354,2025-04-13 14:07:31.869165,0 days 00:00:07.830811,0.7745241474829863,0.32005981012522783,8,0.06294884126951754,0.06972830763493466,0.03586580830862765,0.047403803770864804,0.012025684512980453,0.0949520924596724,0.00014168426882216903,17,20,0.07483884153865815,0.28505930558774356,True,False,True,1.7704726593984926e-06,COMPLETE
132,0.332511055469513,2025-04-13 14:07:31.912518,2025-04-13 14:07:39.980802,0 days 00:00:08.068284,0.8443466859044283,0.375633773659989,8,0.07375321869250245,0.05367646724658817,0.031688255658459036,0.050239781919578355,0.06728055221919974,0.09501231668047504,1.2896038180289188e-05,18,29,0.08046355314825838,0.2629550303373042,True,False,True,5.606855650448222e-06,COMPLETE
133,0.348854124546051,2025-04-13 14:07:40.024336,2025-04-13 14:07:48.880964,0 days 00:00:08.856628,0.8701521756573088,0.7951166263873969,8,0.05485030306739076,0.022552654656030954,0.03402298611711073,0.05299563330752294,0.05783859772067708,0.08905819798658336,0.0002486494479668194,24,22,0.0775497655929962,0.29479405903149025,True,False,True,3.5439372489006816e-06,COMPLETE
134,0.33072469234466556,2025-04-13 14:07:48.925177,2025-04-13 14:07:57.073442,0 days 00:00:08.148265,0.8194647876664836,0.3459965257073495,8,0.06736261532585353,0.03026661222335801,0.04054473885219441,0.043189962925084195,0.008400112640660201,0.09770436957142341,9.277111448543347e-05,16,90,0.08845627755019381,0.23340343155202664,True,False,True,6.3922535036525866e-06,COMPLETE
135,0.3335059404373169,2025-04-13 14:07:57.117610,2025-04-13 14:08:04.655724,0 days 00:00:07.538114,0.894168676935948,0.43545086873146976,8,0.07750906048210783,0.012879163292693358,0.030257574206064397,0.04805016108742073,0.052219292381404006,0.09261651748785094,5.721989763583829e-05,15,17,0.06908025344591805,0.278874813882617,True,False,True,0.00012661188272590677,COMPLETE
136,0.2048193633556366,2025-04-13 14:08:04.700623,2025-04-13 14:08:12.706318,0 days 00:00:08.005695,0.851720210598015,0.4852015351189693,8,0.11582349719574672,0.00031099879999109403,0.0443456778829825,0.05506546369123254,0.04523904215097797,0.09101646643787487,0.00011638819927188038,14,32,0.0952936423716486,0.26771209352358766,True,False,False,2.4984577853652444e-06,COMPLETE
137,0.2812675774097443,2025-04-13 14:08:12.752048,2025-04-13 14:08:20.454480,0 days 00:00:07.702432,0.5892913718683782,0.28989569485747824,8,0.09658733441989656,0.02251821693318844,0.03796245555970128,0.06929779041111471,0.028117355460270416,0.08146211048023949,0.00018415043081833633,16,12,0.07235835583871113,0.25633600991074634,True,False,True,9.116195817822829e-07,COMPLETE
138,0.371028208732605,2025-04-13 14:08:20.509396,2025-04-13 14:08:30.406576,0 days 00:00:09.897180,0.9508666096972348,0.36240547614434365,8,0.05830429640463087,0.01801801561721675,0.032413402832328464,0.08736140034169519,0.0013391552139915795,0.09562308978457847,0.000531150444587042,30,25,0.07568366131388134,0.28802636322229236,True,True,True,2.4457199716830493e-08,COMPLETE
139,0.41828233003616333,2025-04-13 14:08:30.451439,2025-04-13 14:08:40.083888,0 days 00:00:09.632449,0.9487002823074577,0.35837344339664756,8,0.03410020555838117,0.009980781790369937,0.0980810811848993,0.08435679997937182,0.002450971339462262,0.09611451407164669,0.0009134075712596962,28,26,0.07563561326158046,0.2894011822298071,True,True,True,2.6149333577015035e-08,COMPLETE
140,0.35557875633239744,2025-04-13 14:08:40.129715,2025-04-13 14:09:02.391577,0 days 00:00:22.261862,0.9729450776508959,0.41850690515082245,2,0.03169928773059075,0.10866870654365174,0.0983497822443355,0.08660482674374954,0.0010634097405606705,0.08513663424832583,0.0005202366908906828,30,38,0.07570814411538045,0.29929175093778726,True,True,True,7.437142392763972e-07,COMPLETE
141,0.3981959581375122,2025-04-13 14:09:02.437557,2025-04-13 14:09:12.046331,0 days 00:00:09.608774,0.9441182629352455,0.6779950811664958,8,0.039651605181995286,0.006997676001997133,0.09442950522025373,0.09940735118803974,0.0027302566018669694,0.0963626971949836,0.0010284286934242196,28,26,0.08201331229703214,0.28753548123358647,True,True,True,2.85881460310508e-08,COMPLETE
142,0.39811555147171024,2025-04-13 14:09:12.092893,2025-04-13 14:09:21.805886,0 days 00:00:09.712993,0.9408107947864965,0.6756136542210326,8,0.03807273971741446,0.005440276768206824,0.09506106545011411,0.09659351630950787,0.0031989667238468606,0.09787546407558499,0.0013630857515969004,29,27,0.0816672052381889,0.286100726002919,True,True,True,3.9325059750455024e-08,COMPLETE
143,0.39778956174850466,2025-04-13 14:09:21.851466,2025-04-13 14:09:31.559490,0 days 00:00:09.708024,0.9261756773813667,0.7446125434100749,8,0.03706212523682228,0.003240977062268109,0.09590495741375198,0.09220535338648567,0.0028009204962860836,0.09790555179102721,0.0008684845701678015,29,27,0.08279389219403246,0.2859140752451236,True,True,True,3.4216811228609835e-08,COMPLETE
144,0.4017079949378968,2025-04-13 14:09:31.606260,2025-04-13 14:09:41.476939,0 days 00:00:09.870679,0.9826780849124653,0.6784913087397502,8,0.035913334457202635,0.0039821848350396274,0.09486983668769543,0.0996116626437173,0.0038241248488384743,0.09822889208871981,0.0009361019041123703,29,34,0.08285792072697344,0.2840353206933511,True,True,True,6.157262057657403e-08,COMPLETE
145,0.40076450109481815,2025-04-13 14:09:41.523405,2025-04-13 14:09:51.327595,0 days 00:00:09.804190,0.9715271439777439,0.6686892320975614,8,0.040608735708633714,0.006142651264713534,0.09657196241214805,0.09976713121458851,0.003592238108534412,0.09770943226376727,0.0011053023251608094,29,34,0.08434550564139495,0.28388947395893716,True,True,True,6.639182027508307e-08,COMPLETE
146,0.39512891769409186,2025-04-13 14:09:51.376272,2025-04-13 14:10:01.194404,0 days 00:00:09.818132,0.9873701864347735,0.6017306164608942,8,0.038911127740147274,0.0025934115504879915,0.09656471696092662,0.09986589344819169,0.003321264964068267,0.09988152769632584,0.001187259951202712,29,36,0.08202517335473883,0.28437625223586516,True,True,True,7.25513965874069e-08,COMPLETE
147,0.3935889840126038,2025-04-13 14:10:01.241913,2025-04-13 14:10:11.120373,0 days 00:00:09.878460,0.9813862457074439,0.6799210681378677,8,0.03534055617955044,0.005148516741080813,0.09211320281227738,0.09984632788204699,0.0038214082428577097,0.09785847959538407,0.0012303488859608668,29,35,0.08239556232899153,0.28423185030371856,True,True,True,6.797773214787709e-08,COMPLETE
148,0.39326891899108884,2025-04-13 14:10:11.168493,2025-04-13 14:10:19.445013,0 days 00:00:08.276520,0.9848784935072099,0.6824297526513124,16,0.03769718609594669,0.004854776973492523,0.09192173816026991,0.0995077490639101,0.004288018368849624,0.09817402452513616,0.0011415515850895222,29,41,0.08237937442198728,0.28424718733422205,True,True,True,7.391880607876166e-08,COMPLETE
149,0.4065555810928345,2025-04-13 14:10:19.493616,2025-04-13 14:10:27.344595,0 days 00:00:07.850979,0.9836186141028379,0.6792496774201711,16,0.016832026793572593,0.004848130188196103,0.09153270125583356,0.09986531391631255,0.0034563320418722803,0.09809855385733096,0.0012059744213725424,28,33,0.0822931733160417,0.2844638352239152,False,True,True,8.395276017820431e-08,COMPLETE
150,0.41038768291473393,2025-04-13 14:10:27.393132,2025-04-13 14:10:35.424421,0 days 00:00:08.031289,0.9852041995559315,0.677115377861303,16,0.02227472203262271,0.004953566461624944,0.09154830966879866,0.09972903611355531,0.0034368416159088018,0.09925977231764525,0.0011848628384631857,27,42,0.08245486981105322,0.28371541932221583,True,True,True,9.514781692417779e-08,COMPLETE
151,0.39153461456298827,2025-04-13 14:10:35.482384,2025-04-13 14:10:43.254803,0 days 00:00:07.772419,0.9897529892583179,0.673400505774626,16,0.016940745077391108,0.009403664248720921,0.09189551824003521,0.09969487622585359,0.0032896418056577417,0.09968807154520593,0.0009991023715097665,27,41,0.08302882696200911,0.28725465513012366,False,True,True,9.844293790152105e-08,COMPLETE
152,0.3717040181159973,2025-04-13 14:10:43.303899,2025-04-13 14:10:51.243907,0 days 00:00:07.940008,0.9771964212209258,0.6413917679166298,16,0.020069424526628885,0.00015900800743287634,0.08796795053504765,0.09690708383084472,0.004462170082003281,0.09767398127089957,0.0013856510724430296,29,45,0.08167006100995935,0.2833414409350109,False,True,True,6.739127587108542e-08,COMPLETE
153,0.4089971542358398,2025-04-13 14:10:51.293243,2025-04-13 14:10:59.108206,0 days 00:00:07.814963,0.9551140350326539,0.6999864807669874,16,0.03641436694141194,0.004738627404012984,0.09426073501044516,0.0942924062785396,0.0026968212201112255,0.09995126146253672,0.0017660923887733466,28,32,0.08367422758063353,0.2819372948042979,False,True,True,4.28923328061627e-08,COMPLETE
154,0.4126784443855286,2025-04-13 14:10:59.157747,2025-04-13 14:11:07.011991,0 days 00:00:07.854244,0.9618299782718931,0.7063283345107655,16,0.02537040097885008,0.005122154236326888,0.09455898644025194,0.09395983658330781,0.002396373319278545,0.09910890042787975,0.001763240604310272,28,34,0.08437218830553453,0.2920980897612644,False,True,True,3.981573468662601e-08,COMPLETE
155,0.4059904575347901,2025-04-13 14:11:07.061647,2025-04-13 14:11:14.948825,0 days 00:00:07.887178,0.9545792572516126,0.7128425809902456,16,0.02705108021718709,0.0001480220043020026,0.09571161720461091,0.09229696266958269,0.0027286032734744063,0.09972344320305217,0.001770610380455543,28,31,0.08565624802256071,0.29301997192131235,False,True,True,4.206701539167186e-08,COMPLETE
156,0.4170075297355652,2025-04-13 14:11:15.000108,2025-04-13 14:11:22.808123,0 days 00:00:07.808015,0.9567017005500353,0.713092596585138,16,0.025919877711908967,0.003992251762646401,0.09553919619496015,0.09257129406439628,0.002226685616812794,0.09961352636505408,0.001849733560805829,28,31,0.08545078655278031,0.29407738488000473,False,True,True,3.783786132854219e-08,COMPLETE
157,0.40514175891876225,2025-04-13 14:11:22.858527,2025-04-13 14:11:30.698997,0 days 00:00:07.840470,0.9565326674130958,0.7092875501542277,16,0.026595072282559484,0.012394482204318841,0.09421872946213485,0.09134421806452048,0.0013938000902809753,0.09980337438410118,0.001970336041326988,28,30,0.0865229903375968,0.293717621691054,False,True,True,3.482995300705261e-08,COMPLETE
158,0.40560164451599123,2025-04-13 14:11:30.749603,2025-04-13 14:11:38.524471,0 days 00:00:07.774868,0.9564540721310589,0.7043338186666529,16,0.026909213617823502,0.009849248472983048,0.09440852923236903,0.09088221062769865,0.001080971344899346,0.09995375781298053,0.0018710441352448365,28,30,0.08611117098122757,0.29476019463601116,False,True,True,3.6233869336572704e-08,COMPLETE
159,0.4093291759490967,2025-04-13 14:11:38.575403,2025-04-13 14:11:46.294110,0 days 00:00:07.718707,0.9596888165219385,0.7047782492956361,16,0.026059047005701032,0.010377986623417473,0.09442138803837523,0.09526551297654776,0.002153987540764902,0.098448324313465,0.002470586741988014,28,31,0.08527440100834746,0.2945104760289368,False,True,True,4.417655850820537e-08,COMPLETE
160,0.4140509605407715,2025-04-13 14:11:46.345785,2025-04-13 14:11:54.163390,0 days 00:00:07.817605,0.9594966713833247,0.7082388176568521,16,0.024175960031524273,0.01190381133965309,0.08875253944765146,0.09408710283100251,0.0018707039726305191,0.09928553086677301,0.0024063370127619674,28,33,0.08539483922775006,0.2931758115256196,False,True,True,5.0926749093827665e-08,COMPLETE
161,0.40923920869827274,2025-04-13 14:11:54.216657,2025-04-13 14:12:01.988000,0 days 00:00:07.771343,0.9579807946165892,0.7078714970449465,16,0.025365226834773907,0.01122992642811866,0.09394763388720116,0.09457930088756616,0.001379087402411379,0.09972606671169743,0.002783513422528718,28,30,0.08540286396954581,0.29490089831923316,False,True,True,4.104280659149323e-08,COMPLETE
162,0.40169879198074343,2025-04-13 14:12:02.051253,2025-04-13 14:12:09.842306,0 days 00:00:07.791053,0.9517311361455904,0.7051091560117808,16,0.025959122055768884,0.012240858250647595,0.08592776992923111,0.0938653835917284,0.0010435544830673473,0.0996012447137097,0.0027748483683676375,27,31,0.08586178045578294,0.29977928636713796,False,True,True,4.921908269380396e-08,COMPLETE
163,0.4132885456085206,2025-04-13 14:12:09.896543,2025-04-13 14:12:17.790126,0 days 00:00:07.893583,0.9608534578554065,0.7039923048082907,16,0.026918389330275544,0.013692589361834685,0.08565029682957626,0.09395432684937088,0.005795379203170757,0.09962911282185882,0.0031306476244623727,28,32,0.0855277661476695,0.29916943382840216,False,True,True,5.082216232121115e-08,COMPLETE
164,0.39846742153167725,2025-04-13 14:12:17.843006,2025-04-13 14:12:25.634025,0 days 00:00:07.791019,0.9591385859882897,0.7093787501720955,16,0.025625451433513993,0.013032930786434813,0.0862544038501754,0.09459931607956254,0.0013110328721198734,0.0999377018713613,0.0029300469876375936,27,31,0.08622140283677485,0.2999905090999688,False,True,True,4.880097020326646e-08,COMPLETE
165,0.40884863138198857,2025-04-13 14:12:25.687276,2025-04-13 14:12:33.444575,0 days 00:00:07.757299,0.961752822772124,0.6983096791238116,16,0.010638357729702147,0.022600221494381657,0.0887873051768816,0.08988349003212662,0.005890914046000187,0.09934685199358029,0.0018285023907413523,28,31,0.08526726271049129,0.2947808198436346,False,True,True,4.142996914551471e-08,COMPLETE
166,0.4062066078186035,2025-04-13 14:12:33.498042,2025-04-13 14:12:41.331128,0 days 00:00:07.833086,0.9584417854111094,0.7077959426775198,16,0.013126224540863355,0.021735240289848308,0.0898016210390373,0.09130059768504939,0.005852292371567934,0.09989624744046562,0.0018305577365767378,28,30,0.08545964555661456,0.29441144452123424,False,True,True,4.021492513115194e-08,COMPLETE
167,0.4180666923522949,2025-04-13 14:12:41.384728,2025-04-13 14:12:49.149462,0 days 00:00:07.764734,0.9996755418452625,0.6428041974234051,16,0.008169766162729294,0.023845053555379747,0.08914366594758612,0.09029252153011212,0.005796916466950847,0.09921737171625715,0.0018841309026854565,28,30,0.08520668630415772,0.2945106835659478,False,True,True,3.877600110392959e-08,COMPLETE
168,0.41199162006378176,2025-04-13 14:12:49.203734,2025-04-13 14:12:56.933092,0 days 00:00:07.729358,0.9994639585707172,0.637078644700977,16,0.008040515850939109,0.024475069514860254,0.08883186862294709,0.09052017094226765,0.006015528010493225,0.09999129725942106,0.0017947531705143065,28,30,0.08519875679141482,0.2940569371841598,False,True,True,3.826643214083831e-08,COMPLETE
169,0.4075418472290039,2025-04-13 14:12:56.986967,2025-04-13 14:13:04.814945,0 days 00:00:07.827978,0.9299901467877114,0.6463230800418179,16,0.007836636858241324,0.025724739879457552,0.08930159967403795,0.09020635495438113,0.005855618276262769,0.09637049021829029,0.0037555547853143204,28,32,0.08487333102204037,0.29253883669662584,False,True,True,1.1483261185686702e-07,COMPLETE
