number,value,datetime_start,datetime_complete,duration,params_alpha-eval,params_alpha-train,params_batch-size,params_eps-eval,params_eps-train,params_lambda-actions-eval,params_lambda-actions-train,params_lambda-frames-eval,params_lambda-frames-train,params_learning-rate,params_n-epochs,params_n-frames,params_radius-gw,params_rho,params_std-feats,params_ub-actions,params_ub-frames,params_weight-decay,state
170,0.40755716562271116,2025-04-13 14:13:04.869752,2025-04-13 14:13:12.542204,0 days 00:00:07.672452,0.9994659960822037,0.6370309885064108,16,0.008077422275940636,0.026141839553227568,0.08957048494041236,0.09012812191158626,0.0056363491939494074,0.0964509489739075,0.005099314762129835,26,33,0.08433250067350241,0.29479499289136996,False,True,True,4.451031289798369e-08,COMPLETE
171,0.41056700944900515,2025-04-13 14:13:12.596626,2025-04-13 14:13:20.262619,0 days 00:00:07.665993,0.9942689286239044,0.6497669303406237,16,0.008643965438946064,0.028409597120926035,0.08830943344112073,0.09517995539676533,0.00565646040131995,0.09670933075739696,0.004139579142780005,26,33,0.08913354599299401,0.29330180534564537,False,True,True,4.410879150044092e-08,COMPLETE
172,0.41552549600601196,2025-04-13 14:13:20.326148,2025-04-13 14:13:27.980300,0 days 00:00:07.654152,0.9998488367902383,0.635697347394349,16,0.008242507168677218,0.028218308878966217,0.08801329734768568,0.08939052308862788,0.005521381848595839,0.09645732250133399,0.004294278015301646,26,33,0.08936812348327698,0.2947269827342054,False,True,True,1.0807754840852204e-07,COMPLETE
173,0.39334245920181277,2025-04-13 14:13:28.037012,2025-04-13 14:13:35.702735,0 days 00:00:07.665723,0.9990155282415263,0.6520486144978849,16,0.008569651340475243,0.02825395698044823,0.08906158463172817,0.08901727734929185,0.006022956720485236,0.09630944547855569,0.004874466996093736,26,33,0.08924989307259568,0.2997186103110031,False,True,True,1.0378530921748317e-07,COMPLETE
174,0.33840241432189944,2025-04-13 14:13:35.758587,2025-04-13 14:13:43.478896,0 days 00:00:07.720309,0.9317745193740763,0.6173106332285623,16,0.0007767109521775034,0.02878943415334677,0.08363742091600876,0.09455039828150359,0.00694029592262211,0.09652604958129303,0.00424691649118001,26,34,0.08833112333540019,0.29215450603721654,False,True,True,1.1741866259802925e-07,COMPLETE
175,0.4000096440315247,2025-04-13 14:13:43.536501,2025-04-13 14:13:51.281846,0 days 00:00:07.745345,0.9938250721296362,0.5922502627291362,16,0.008140052211424154,0.024235778757939558,0.08831372179613935,0.0855384120104882,0.005884068792915531,0.0941654357239738,0.0024134771751082684,27,38,0.08435970720431991,0.2922631690835869,False,True,True,2.4629102079608614e-08,COMPLETE
176,0.4171755313873291,2025-04-13 14:13:51.338878,2025-04-13 14:13:59.060481,0 days 00:00:07.721603,0.9688016989330205,0.6529493190022547,16,0.015742589518257535,0.035059210345931194,0.09014790954110466,0.08281168892548346,0.00522660352029937,0.09673186951081786,0.008240513101868924,27,33,0.08831862487404404,0.296623738939221,False,True,True,5.375637146680516e-08,COMPLETE
177,0.40374183654785156,2025-04-13 14:13:59.117833,2025-04-13 14:14:06.807125,0 days 00:00:07.689292,0.9985473776977475,0.641369143588721,16,0.013836760155986928,0.03166676018087822,0.08482349047908133,0.0815696443787157,0.005712926685189938,0.09326158592647543,0.008420522245601463,27,28,0.08920291367949108,0.2953843768165315,False,True,True,2.038839793731449e-07,COMPLETE
178,0.3982871294021606,2025-04-13 14:14:06.864225,2025-04-13 14:14:14.535320,0 days 00:00:07.671095,0.9159913112785724,0.745335638871578,16,0.005556431970659956,0.03643401171980886,0.08942824385800618,0.08929470385259032,0.007640660718316911,0.09623245595515885,0.006685181079985438,26,37,0.08813462971483164,0.29973293720125116,False,True,True,5.5523148361980835e-08,COMPLETE
179,0.4038130402565002,2025-04-13 14:14:14.592114,2025-04-13 14:14:22.341985,0 days 00:00:07.749871,0.9673552203850079,0.5796397947603023,16,0.020900748951646016,0.03443610282817285,0.08637886188672825,0.095726081969284,0.005263468940716426,0.09614502514666724,0.0038386787387122935,27,33,0.09069700483182586,0.29178833408802185,False,True,True,2.0312307862542837e-08,COMPLETE
180,0.3945490241050721,2025-04-13 14:14:22.400005,2025-04-13 14:14:29.945229,0 days 00:00:07.545224,0.934675695804045,0.7757267606030325,16,0.009025677241208074,0.02488030453653694,0.08260481759924078,0.08306951550952116,0.0075383687926041006,0.09352733012818557,0.003349520037783255,25,29,0.07988568582007835,0.2901459917580334,False,True,True,1.3217293944850023e-07,COMPLETE
181,0.4207406878471375,2025-04-13 14:14:30.011863,2025-04-13 14:14:37.840660,0 days 00:00:07.828797,0.9629680375215,0.6257778308543009,16,0.01710016961718746,0.01801838736481767,0.09113028404441309,0.08915298361643806,0.004948398622920245,0.09768080607072882,0.0024891568127916805,28,33,0.08515447250871133,0.29445279236290156,False,True,True,2.9781980601962336e-08,COMPLETE
182,0.3978484988212586,2025-04-13 14:14:37.899057,2025-04-13 14:14:45.729087,0 days 00:00:07.830030,0.9707330121509048,0.6529774659045762,16,0.015013429955623806,0.02114678315130688,0.09029354332957411,0.08845655717172002,0.004877985130539075,0.09696457304325415,0.006482250086846395,28,36,0.08400255139808938,0.29995857233377726,False,True,True,3.0852516029000194e-08,COMPLETE
183,0.3726925849914551,2025-04-13 14:14:45.788063,2025-04-13 14:14:53.540365,0 days 00:00:07.752302,0.9989659070771559,0.631890111287654,16,0.0015580734567324141,0.018981940104320943,0.08766034664372521,0.09319428121449475,0.005581997497917487,0.09483765123162567,0.002507739032578183,27,42,0.0875056867249578,0.2936115629791172,False,True,True,4.5193989076422404e-08,COMPLETE
184,0.4033145308494568,2025-04-13 14:14:53.599225,2025-04-13 14:15:01.417056,0 days 00:00:07.817831,0.9327563223987912,0.7324519529134008,16,0.020287327181569857,0.041933191087330395,0.09314067204755422,0.09008591003902691,0.00813300943636456,0.058576026271025816,0.001552227862324765,28,32,0.08466510397095868,0.28901290733086904,False,True,True,2.827963120673829e-08,COMPLETE
185,0.39812011718749996,2025-04-13 14:15:01.477083,2025-04-13 14:15:09.149702,0 days 00:00:07.672619,0.9680660490118411,0.6473229257695687,16,0.007477324591164841,0.027614420764587016,0.08940453413314259,0.09597740904443032,0.005135421943781135,0.09738130153377349,0.0033571916839091344,26,39,0.0899155356103185,0.2800245868094064,False,True,True,5.2767399862232765e-08,COMPLETE
186,0.3748432874679566,2025-04-13 14:15:09.210475,2025-04-13 14:15:16.920471,0 days 00:00:07.709996,0.9126168512775412,0.6142970047999973,16,0.013329272039850919,0.018165103448491978,0.09109604349858716,0.08650193999322248,0.006915352457627462,0.0981681740188082,0.0023117992409199114,27,29,0.08734326339250582,0.29591316986936705,False,True,True,2.0429446041883106e-08,COMPLETE
187,0.3943428754806519,2025-04-13 14:15:16.982406,2025-04-13 14:15:24.820676,0 days 00:00:07.838270,0.9719187557729568,0.7581197680021478,16,0.020702982567875873,0.03404297625806631,0.08115109616317515,0.09724339623936959,0.0027986127398199525,0.0951938581655473,0.0040642154836945735,28,35,0.08044863337510376,0.07659503128949419,False,True,True,8.270977043193806e-08,COMPLETE
188,0.40631881952285764,2025-04-13 14:15:24.880486,2025-04-13 14:15:32.567097,0 days 00:00:07.686611,0.930004334274576,0.6558687600984826,16,0.009101450685814048,0.016416383828521355,0.08470686118348285,0.08450003657089626,0.008958176743613749,0.0929167005000206,0.0028370689309726955,27,27,0.08437814690068327,0.292571917848681,False,True,True,4.533957407423715e-08,COMPLETE
189,0.35806478261947633,2025-04-13 14:15:32.627707,2025-04-13 14:15:40.203645,0 days 00:00:07.575938,0.9475770946991713,0.622304599000475,16,0.00036941389659180326,0.025208883663481268,0.08723731755642485,0.09000586246972299,0.004819023979531212,0.04373188649362398,0.0057145800787142525,26,32,0.09153143716635173,0.2790795538701143,False,True,True,2.914316977665013e-08,COMPLETE
190,0.3794124245643616,2025-04-13 14:15:40.273887,2025-04-13 14:15:48.046494,0 days 00:00:07.772607,0.9685872246865115,0.6951371917679622,16,0.02005280039352234,0.038811056188402686,0.09294747059806499,0.09305729802318567,0.001053732596672967,0.012831147922363742,0.002061835815887362,28,24,0.08570007678651208,0.2999097421569301,False,True,True,5.896603051902265e-08,COMPLETE
191,0.40584037303924564,2025-04-13 14:15:48.107703,2025-04-13 14:15:55.892727,0 days 00:00:07.785024,0.9980493610031791,0.6614229648108936,16,0.014705002289047673,0.014992586295334913,0.0909739063997223,0.09696254872594418,0.003148288854218608,0.09801232129094706,0.001554948472001632,28,33,0.08010238862111087,0.28984466846031204,False,True,True,9.398845294101106e-08,COMPLETE
192,0.2048193633556366,2025-04-13 14:15:55.953873,2025-04-13 14:16:03.729931,0 days 00:00:07.776058,0.9792707180869759,0.6910809130989265,16,0.030604451317166645,0.2668337379496143,0.09830848812045286,0.09479293885707261,0.004249207062768297,0.09809096740813394,0.017873308084069617,28,38,0.08387880107300216,0.2886381475599754,False,True,True,3.673760017112996e-08,COMPLETE
193,0.391273045539856,2025-04-13 14:16:03.792187,2025-04-13 14:16:11.466002,0 days 00:00:07.673815,0.9497534416199138,0.7280256153205045,16,0.015952193548696897,0.021720199369172424,0.08871100619999603,0.0879607403864327,0.007044336173643812,0.09619765482418279,0.0030587811300400304,27,29,0.08815009397685575,0.2802788015085675,False,True,True,8.407972875913471e-08,COMPLETE
194,0.4168045282363892,2025-04-13 14:16:11.528853,2025-04-13 14:16:19.355884,0 days 00:00:07.827031,0.9774919867958429,0.7307553597434314,16,0.006626086753879455,0.01471937965808724,0.09246655874342649,0.09185927863000168,0.002987606104659078,0.09833605320291595,0.0023873976149116046,28,34,0.0866932427980914,0.2948131317545941,False,True,True,5.502218909312711e-08,COMPLETE
195,0.40821932554245,2025-04-13 14:16:19.418393,2025-04-13 14:16:27.118567,0 days 00:00:07.700174,0.9393813109568971,0.6320222323794538,16,0.007371376585993823,0.03019456158177424,0.09314546005630628,0.09184453775432491,0.0024648280128740045,0.09989411087694584,0.002235608614169107,27,36,0.08659729375276332,0.294671833457934,False,True,True,4.994495648775181e-08,COMPLETE
196,0.41353694200515745,2025-04-13 14:16:27.181955,2025-04-13 14:16:34.956976,0 days 00:00:07.775021,0.9728460534311169,0.7284238178210554,16,0.02161721667141564,0.0317906482851541,0.09286808422883867,0.09250267568157955,0.0023682182992836543,0.09978556598597405,0.0021011246494765565,27,35,0.08708255786989054,0.2956481877688008,False,True,True,4.815095984750249e-08,COMPLETE
197,0.40422054529190066,2025-04-13 14:16:35.019286,2025-04-13 14:16:42.835937,0 days 00:00:07.816651,0.9430855571088808,0.7374507158011974,16,0.02259004696155853,0.034620053890410035,0.09364954637285237,0.09206058118412239,0.001132724089363046,0.09983069855839492,0.002396028853612831,27,36,0.09015761304270738,0.2957364378272241,False,True,True,5.54048004968612e-08,COMPLETE
198,0.4069087147712708,2025-04-13 14:16:42.908263,2025-04-13 14:16:50.622010,0 days 00:00:07.713747,0.9072133281207568,0.7622237022606838,16,0.030530798959700522,0.048276008299013344,0.09296000418251181,0.09311528116858163,0.0025435135349057814,0.0987425365336428,0.0015639886273398815,27,40,0.08764978722203867,0.2887613623398502,False,True,True,2.4055454439890496e-08,COMPLETE
199,0.3988642573356629,2025-04-13 14:16:50.685790,2025-04-13 14:16:58.261325,0 days 00:00:07.575535,0.9672065027586464,0.7210332076516902,16,0.022863819529971886,0.015900617040743054,0.09870326300284343,0.09696672913430512,0.002961493797676065,0.07549893063458218,0.002137178507018277,25,44,0.09208659187811045,0.2993391530710041,False,True,True,3.558219008811931e-08,COMPLETE
200,0.39597443342208866,2025-04-13 14:16:58.325686,2025-04-13 14:17:06.157094,0 days 00:00:07.831408,0.9707701609018663,0.5914369593394588,16,0.016052392705490838,0.010874420978334895,0.09190354904988247,0.09506778260859935,0.004604974887959121,0.09457908445357632,0.002691626899035545,28,36,0.08646096528900062,0.13000854039404555,False,True,True,3.0386533780070234e-08,COMPLETE
201,0.39215142726898194,2025-04-13 14:17:06.221465,2025-04-13 14:17:13.920462,0 days 00:00:07.698997,0.9987185515232325,0.6959334132080263,16,0.005254461582041227,0.0307342022598814,0.09622567924137504,0.08781318938278147,0.09979556010656551,0.09787248593159814,0.0020539706591376707,26,29,0.08871476508690425,0.294505129252847,False,True,True,4.461548066012616e-08,COMPLETE
202,0.414240050315857,2025-04-13 14:17:13.986489,2025-04-13 14:17:21.714725,0 days 00:00:07.728236,0.9803871101147855,0.7255686738073728,16,0.010281014323526348,0.019942103554142967,0.08654046750895991,0.09139859181143013,0.00787605082593004,0.0999433670302218,0.001567705795675184,27,35,0.08468629444903054,0.28836226644234314,False,True,True,4.471760609921871e-08,COMPLETE
203,0.41216042041778567,2025-04-13 14:17:21.780385,2025-04-13 14:17:29.688037,0 days 00:00:07.907652,0.945961278059667,0.728630723611561,16,0.012688064119564108,0.018515754192872477,0.08564228094426687,0.09235040285095829,0.00830355868197297,0.09990685979620359,0.0016192475271413237,29,38,0.08660330410596467,0.2891337995297926,False,True,True,5.63967862890389e-08,COMPLETE
204,0.40609010457992556,2025-04-13 14:17:29.753989,2025-04-13 14:17:37.681007,0 days 00:00:07.927018,0.9612574252703793,0.7772493495052019,16,0.014976598779791855,0.01809520341652499,0.08588946411403856,0.09391898438018888,0.008459247000737673,0.09819040575446537,0.001650791241931114,29,39,0.08905419316045012,0.2801069197953843,False,True,True,6.233816799065009e-08,COMPLETE
205,0.39477900266647337,2025-04-13 14:17:37.755873,2025-04-13 14:17:45.599508,0 days 00:00:07.843635,0.9739960665049214,0.7237106261092845,16,0.03107440898252713,0.010167207207917818,0.0869650633101677,0.08605846021954826,0.007224901092301525,0.09829401142264482,0.0015323228294260541,29,26,0.0854876897072053,0.28799738582701057,False,True,True,3.687418033207576e-08,COMPLETE
206,0.3995313048362732,2025-04-13 14:17:45.666058,2025-04-13 14:17:53.449674,0 days 00:00:07.783616,0.9451803101815321,0.7466242729029661,16,0.021374579879401147,0.02054721571828671,0.08385459623660818,0.09154978844942921,0.004317013966947175,0.09966634600081227,0.0031995094948530883,28,30,0.08088485354702826,0.2870109674794012,False,True,True,2.4502275237483612e-08,COMPLETE
207,0.41130235195159914,2025-04-13 14:17:53.515036,2025-04-13 14:18:01.439952,0 days 00:00:07.924916,0.9798594455098782,0.6929308692068045,16,0.012381661121994491,0.012561936508106952,0.08785502666591487,0.09691417325300786,0.0011432348008252676,0.09600823271668942,0.0019096188522990166,29,34,0.08365040650582034,0.2773687098987091,False,True,True,1.718002527224198e-08,COMPLETE
208,0.3845509886741638,2025-04-13 14:18:01.506636,2025-04-13 14:18:09.489194,0 days 00:00:07.982558,0.9833385866664619,0.6665073832300049,16,0.02487761433296922,0.013167550231631568,0.09096220388825461,0.09735540652663723,0.001163253832196144,0.09549666279781693,0.0026829522664946104,29,42,0.08338173629038345,0.2811138825311783,False,True,True,1.8019150861922598e-08,COMPLETE
209,0.4093243002891541,2025-04-13 14:18:09.556832,2025-04-13 14:18:17.556302,0 days 00:00:07.999470,0.9152049811504653,0.7236683649000742,16,0.030937402898772774,0.012011477304656534,0.07964163101629546,0.09446588422945668,0.002852612482744617,0.09446510541150911,0.0014289504620396232,30,34,0.0907155866102837,0.2748979881231298,False,True,True,5.981670150762879e-08,COMPLETE
210,0.40759379863739015,2025-04-13 14:18:17.624635,2025-04-13 14:18:25.589679,0 days 00:00:07.965044,0.9189238307757573,0.7313898908810258,16,0.018961038052194266,0.01531441747138065,0.08043553460692397,0.09589535493538187,0.004427279141363502,0.09228220391889774,0.0013574072355338196,30,35,0.09153939351769562,0.2757687655191546,False,True,True,6.254126881462519e-08,COMPLETE
211,0.3963517665863038,2025-04-13 14:18:25.658648,2025-04-13 14:18:33.606485,0 days 00:00:07.947837,0.9811808865088688,0.6932931800032505,16,0.02961925863453614,0.008205047575726139,0.08531829105378991,0.09378046909509695,0.0031194056481876646,0.0969248286634672,0.0019787836204423885,29,34,0.08751913974600128,0.2869918703832736,False,True,True,3.090016241610179e-08,COMPLETE
212,0.4033425807952881,2025-04-13 14:18:33.673574,2025-04-13 14:18:41.703013,0 days 00:00:08.029439,0.948517315465628,0.719619859564161,16,0.0007785699817780753,0.010140045184514638,0.0874643410297044,0.09788652506853392,0.00309205219332187,0.09448083568377477,0.0024356167645398644,30,38,0.08932895364310388,0.2813492251109971,False,True,True,5.27123828639992e-08,COMPLETE
213,0.4077182292938233,2025-04-13 14:18:41.779840,2025-04-13 14:18:49.604466,0 days 00:00:07.824626,0.9817019632443854,0.690924109015094,16,0.02526767093136971,0.015075791368848724,0.0944194879195338,0.09447180271461122,0.001050972944567568,0.09982694577435523,0.0017299507825935454,28,32,0.08347034938523296,0.27540913838706993,False,True,True,7.603442544471793e-08,COMPLETE
214,0.3972293257713318,2025-04-13 14:18:49.673030,2025-04-13 14:18:57.594740,0 days 00:00:07.921710,0.9564108699044036,0.7625413218439507,16,0.03229068519126807,0.020165367982994745,0.0910661573425634,0.09261247347231458,0.009029149451105572,0.09640032870480908,0.001382212674549993,29,27,0.08688666553573576,0.28892239556251553,False,True,True,4.175553418655351e-08,COMPLETE
215,0.4045603036880493,2025-04-13 14:18:57.665062,2025-04-13 14:19:05.416600,0 days 00:00:07.751538,0.9994550454546548,0.7977467987834912,16,0.012841241573299245,0.008726970090943599,0.09612194768116285,0.0956253521638063,0.006094681006885799,0.09735885978885109,0.00332796750904635,27,34,0.08586888818966279,0.2994404147508437,False,True,True,2.3802768026593404e-08,COMPLETE
216,0.3955895423889161,2025-04-13 14:19:05.485364,2025-04-13 14:19:13.209392,0 days 00:00:07.724028,0.9312254766882659,0.7449701661133772,16,0.01753291515820617,0.0003702165950831373,0.08259863233176484,0.08906444976011961,0.004442186576664448,0.09455365195851795,0.01142975176170534,27,29,0.09050044197746558,0.28961424865557245,False,True,True,5.4889075970508676e-08,COMPLETE
217,0.27851667404174807,2025-04-13 14:19:13.277738,2025-04-13 14:19:21.091836,0 days 00:00:07.814098,0.10927321584766725,0.7188496957638534,16,0.011735743624488535,0.015931852751316797,0.09984552744527307,0.09256736050585654,0.002738419215030311,0.09992803276489394,0.002033216908331715,28,40,0.08104607632634603,0.2828263496777818,False,True,True,1.3740299553320865e-08,COMPLETE
218,0.41346958875656126,2025-04-13 14:19:21.161285,2025-04-13 14:19:28.982987,0 days 00:00:07.821702,0.9633663890744937,0.6653507788385715,16,0.02286041139194308,0.023786013317123912,0.0926835325535308,0.09571497405916798,0.00801891003643784,0.09679525108342779,0.0007477296560062757,28,37,0.08384808145467067,0.2903628013164249,False,True,True,3.304870375527771e-08,COMPLETE
219,0.3999954581260681,2025-04-13 14:19:29.052282,2025-04-13 14:19:37.049797,0 days 00:00:07.997515,0.9773551022886211,0.6623971791414063,16,0.0235335907406929,0.025729326301609907,0.08858309616659614,0.09734793978741442,0.007256782336080897,0.09641700113788147,0.0027741724276358574,30,37,0.08856115633571592,0.29029348248793224,False,True,True,3.093770612557467e-08,COMPLETE
220,0.31311912536621095,2025-04-13 14:19:37.130298,2025-04-13 14:19:45.046130,0 days 00:00:07.915832,0.9200536767728872,0.5523645480758522,16,0.011883206640714019,0.029985104537446582,0.08589354004473236,0.09112160787996344,0.010113065778614129,0.09333431160521416,0.0007225324263615299,29,36,0.030239746750996617,0.29483240814462136,False,True,True,6.861041938720802e-08,COMPLETE
221,0.40713938474655154,2025-04-13 14:19:45.116631,2025-04-13 14:19:52.949926,0 days 00:00:07.833295,0.9572622746834087,0.6916444974513118,16,0.03187483290003023,0.00971452118229091,0.09298108917138671,0.09524106449393957,0.0045995365928859794,0.09770009240440801,0.0014063444200984822,28,31,0.08374950426229125,0.2852088556297936,False,True,True,3.964052939124395e-08,COMPLETE
222,0.4102567315101624,2025-04-13 14:19:53.019656,2025-04-13 14:20:00.872945,0 days 00:00:07.853289,0.9668256164224603,0.6682551249247457,16,0.018241149848357983,0.022063093579947242,0.09076686686621835,0.0936739377733276,0.0010366777327657066,0.09997463076159809,0.000762129448126096,28,33,0.08493452011356115,0.2905885248077027,False,True,True,3.363458475948573e-08,COMPLETE
223,0.3973226428031922,2025-04-13 14:20:00.943256,2025-04-13 14:20:08.823376,0 days 00:00:07.880120,0.974734227929498,0.6657409235827116,16,0.01982094720380219,0.021805966445905416,0.09088364150875586,0.09249049752099055,0.0071504720973111216,0.09767629792208496,0.0023264021010397434,28,39,0.08681469117511847,0.29029916842554815,False,True,True,1.967062633924453e-08,COMPLETE
224,0.41050139665603635,2025-04-13 14:20:08.894937,2025-04-13 14:20:16.586365,0 days 00:00:07.691428,0.9994622633769437,0.7198829643999267,16,0.00400322554893078,0.020696385437476504,0.09029677178887441,0.08843966474459132,0.0011724707653459824,0.022125395141811242,0.0007800734559090629,27,34,0.08503550470964528,0.2992278486045619,False,True,True,3.1795690929988366e-08,COMPLETE
225,0.4100149512290955,2025-04-13 14:20:16.658026,2025-04-13 14:20:24.364747,0 days 00:00:07.706721,0.9977000203243617,0.6723371503512376,16,0.004206414176187739,0.03903502510163186,0.08739837588580834,0.08759018258233012,0.0011004490689227667,0.034139640399730636,0.0007772830816465409,27,34,0.0816661672464191,0.29920144314406466,False,True,True,2.8109503905604255e-08,COMPLETE
226,0.38949859142303467,2025-04-13 14:20:24.436935,2025-04-13 14:20:32.277048,0 days 00:00:07.840113,0.9998673941207511,0.6220944756368422,16,0.0005552528000720841,0.042414735531951575,0.08768089646327769,0.0831806712081252,0.005130653719453113,0.0343392566637523,0.0007192444132072052,27,43,0.08039726819359248,0.29944080376106125,False,True,True,2.5809086417009597e-08,COMPLETE
