number,value,datetime_start,datetime_complete,duration,params_alpha-eval,params_alpha-train,params_batch-size,params_eps-eval,params_eps-train,params_lambda-actions-eval,params_lambda-actions-train,params_lambda-frames-eval,params_lambda-frames-train,params_learning-rate,params_n-epochs,params_n-frames,params_radius-gw,params_rho,params_std-feats,params_ub-actions,params_ub-frames,params_weight-decay,state
1880,0.33138179779052734,2025-04-13 18:14:04.810051,2025-04-13 18:14:12.325098,0 days 00:00:07.515047,0.47159842061585233,0.6580055784824576,8,0.07701018634626546,0.07836418455144667,0.06787141586623434,0.03886669735501882,0.053613272667194414,0.02937176281583624,0.0009843974596900355,13,30,0.0516572381054556,0.20243460882578437,True,True,True,2.1932286449377565e-07,COMPLETE
1881,0.381382954120636,2025-04-13 18:14:12.933264,2025-04-13 18:14:20.288901,0 days 00:00:07.355637,0.5172992883618428,0.6998863342230185,8,0.040207364673104276,0.09283746908924569,0.06460141648417295,0.02445033553357561,0.055179340207114,0.017907179717976264,0.000597692442520825,12,36,0.05395735330990073,0.19777686525062055,True,True,True,5.042556804804765e-07,COMPLETE
1882,0.3603902339935303,2025-04-13 18:14:20.918808,2025-04-13 18:14:28.019023,0 days 00:00:07.100215,0.40218614033860045,0.6799460101691575,8,0.05704779489227697,0.07108539516639056,0.058510509844856486,0.037382656822696904,0.05784877721408819,0.03447394212233444,0.0007164516476206222,11,25,0.04834476677839523,0.1804220420374851,False,True,True,2.9338671909009664e-07,COMPLETE
1883,0.2973276674747467,2025-04-13 18:14:28.626846,2025-04-13 18:14:35.988410,0 days 00:00:07.361564,0.49333250605419343,0.6331792566701184,8,0.06550393719290419,0.08471989371078598,0.062381702327627506,0.032765676830044846,0.042468985375029224,0.020951512376529407,0.0011150237852136696,12,34,0.05059814623452992,0.21518814974886363,True,True,True,4.195683368302225e-07,COMPLETE
1884,0.41701173782348633,2025-04-13 18:14:36.617913,2025-04-13 18:14:44.199136,0 days 00:00:07.581223,0.45754133122085056,0.6474779888067482,8,0.045684578946127465,0.29818034689201856,0.06559673698343618,0.04045418000292007,0.0496886725999305,0.023104852960148022,0.0014759753140816461,13,39,0.056095328911124884,0.20599102938131772,True,True,True,8.052202927314918e-07,COMPLETE
1885,0.2749310791492462,2025-04-13 18:14:44.808497,2025-04-13 18:14:52.527890,0 days 00:00:07.719393,0.43484674516914923,0.5955664668037122,8,0.051619035259570845,0.09461427486530785,0.01934887814703535,0.04278461365607603,0.052428110466380816,0.01612647578691597,0.0008503154041414996,11,112,0.053634770699482984,0.19324702837329474,True,True,True,1.3513616914872075e-07,COMPLETE
1886,0.34825360774993896,2025-04-13 18:14:53.149084,2025-04-13 18:15:05.755356,0 days 00:00:12.606272,0.5112692931334883,0.6652491125645067,2,0.07159583831703882,0.07773640576230084,0.060875485566361236,0.03542204805114711,0.056376567879655684,0.02622496380280294,0.004006203445154279,12,40,0.050272515713378166,0.22028376958335402,True,True,True,2.0046841905594806e-07,COMPLETE
1887,0.20478012561798098,2025-04-13 18:15:06.382134,2025-04-13 18:15:13.621038,0 days 00:00:07.238904,0.4172246890083601,0.6218275027303681,8,0.09941834685962601,0.06667115176316683,0.06787648378728774,0.03024570871885633,0.039034523800240334,0.018900562852052147,0.000590779169093781,10,78,0.05232090239051706,0.026645418707150273,True,True,True,6.144357882383103e-07,COMPLETE
1888,0.3559020042419434,2025-04-13 18:15:14.249097,2025-04-13 18:15:21.369308,0 days 00:00:07.120211,0.4703545101276417,0.6989630013009791,8,0.06195350963031148,0.08793023572385898,0.06344347778213794,0.03842785315944193,0.04705793256160499,0.024300554642996162,0.0011339725225859875,11,30,0.041207674866329515,0.20993444721130236,False,True,True,3.574683236981904e-07,COMPLETE
1889,0.4102127432823181,2025-04-13 18:15:21.976252,2025-04-13 18:15:29.044189,0 days 00:00:07.067937,0.48627795904342225,0.6797988187395101,8,0.05527102625637598,0.08191677397000845,0.06586111127422699,0.04334687465203076,0.05371035567218022,0.053778775614480336,0.0008700915061905155,10,37,0.04743235829193493,0.20032592265439256,True,True,True,2.550588743112518e-07,COMPLETE
1890,0.3133855700492859,2025-04-13 18:15:29.675017,2025-04-13 18:15:36.922962,0 days 00:00:07.247945,0.4443960880907123,0.6544998746403821,8,0.04599325879397407,0.09094672712534031,0.05663045610736032,0.03433584595841807,0.05830812127559804,0.03220682792904589,0.0007772554639025763,12,34,0.05391189172083382,0.21375240062653056,True,True,False,3.0736949998242165e-07,COMPLETE
1891,0.35588954687118535,2025-04-13 18:15:37.535301,2025-04-13 18:15:44.974181,0 days 00:00:07.438880,0.3609911751806257,0.6776464239254346,8,0.08271623083056803,0.0727463385647959,0.06283521711088044,0.02664432922217127,0.04488402374558824,0.020805038619066744,0.0013667551839529272,13,20,0.05590093917030131,0.18807154254044336,True,True,True,5.350347056317114e-07,COMPLETE
1892,0.4056991815567017,2025-04-13 18:15:45.599539,2025-04-13 18:15:52.821531,0 days 00:00:07.221992,0.5185739017109129,0.6373648702234005,8,0.0679651247441304,0.0777239080409867,0.0602183579463669,0.036341667338848256,0.050704794343696964,0.01682488926282646,0.0010157407180608076,11,40,0.04917274490665471,0.16173228808276158,True,True,True,1.6714000434206347e-07,COMPLETE
1893,0.2265959441661835,2025-04-13 18:15:53.454577,2025-04-13 18:16:00.776170,0 days 00:00:07.321593,0.4574962324736556,0.18822286622401518,8,0.05996995804376577,0.05874923894387858,0.06481925955920596,0.031967427186039274,0.05600293370228347,0.02226984350435436,0.0005877545410889677,12,36,0.05178591136560985,0.2047432080296151,True,True,True,2.3961639794448e-07,COMPLETE
1894,0.3979832649230957,2025-04-13 18:16:01.383433,2025-04-13 18:16:08.483980,0 days 00:00:07.100547,0.3855319461994141,0.7035302789506139,8,0.05039340845746392,0.09323551409738573,0.06792304469997207,0.04327456496437081,0.05273349798923282,0.01892176703799342,0.0007559350237764224,11,27,0.05409708319421953,0.19620028006715257,False,True,True,4.1087609025595513e-07,COMPLETE
1895,0.2317923903465271,2025-04-13 18:16:09.114476,2025-04-13 18:16:16.379537,0 days 00:00:07.265061,0.4909090932880758,0.6186762499092243,8,0.03833267099631897,0.08211595140107228,0.061391439018583044,0.039796133611110736,0.04346556614889827,0.025147782075879803,0.002085612815231319,12,32,0.022200810040720137,0.20785779860845136,True,False,True,3.333422225943239e-07,COMPLETE
1896,0.43767646551132205,2025-04-13 18:16:16.991912,2025-04-13 18:16:23.869947,0 days 00:00:06.878035,0.4231654444739065,0.6586276949658307,8,0.05702422210766133,0.07044900096580113,0.06658871936221189,0.04089093927486458,0.05907987071824712,0.028288791304420153,0.0012018380986808374,9,37,0.05170747979655472,0.19852587557393087,True,True,True,1.8673274313263276e-07,COMPLETE
1897,0.3978382229804993,2025-04-13 18:16:24.500577,2025-04-13 18:16:36.021655,0 days 00:00:11.521078,0.42672915519237,0.6845127639554253,2,0.046003048635750735,0.06657470460428976,0.0677948112563292,0.04161118053200676,0.06031772079528626,0.020577776292176282,0.0010705597496042634,10,40,0.04491382779455463,0.18587726718156308,True,True,True,1.3508309407743603e-07,COMPLETE
1898,0.4150204062461853,2025-04-13 18:16:36.631480,2025-04-13 18:16:43.513070,0 days 00:00:06.881590,0.43376276360401894,0.7009772330703321,8,0.05126789886143443,0.05962690870422857,0.06336750719901808,0.04341225055031426,0.059349891784912,0.016345958571989398,0.001022012086944252,9,40,0.046398330007305234,0.17943422917076035,True,True,True,1.2598780418581474e-07,COMPLETE
1899,0.3953022122383118,2025-04-13 18:16:44.140318,2025-04-13 18:16:51.057614,0 days 00:00:06.917296,0.44852132717835175,0.6645621383423704,8,0.04422403533978931,0.06263922569228723,0.058940319448888924,0.04120401496892834,0.05908254360905038,0.027537743531943666,0.0008892947623405702,9,40,0.04868117044186499,0.1926563846753917,True,True,True,9.403468499134243e-08,COMPLETE
1900,0.40101723670959477,2025-04-13 18:16:51.691061,2025-04-13 18:16:58.507381,0 days 00:00:06.816320,0.4473827264980686,0.684257236829288,8,0.052714070004867344,0.06518386734242218,0.06649174053423398,0.04168559441989733,0.05855779512481785,0.023186030637538664,0.0011925510691699977,9,37,0.04934163351602954,0.1852305361367688,False,True,True,1.7124886577830818e-07,COMPLETE
1901,0.3932841420173645,2025-04-13 18:16:59.119946,2025-04-13 18:17:05.840832,0 days 00:00:06.720886,0.42653481646349145,0.9216502127145412,8,0.03911622796622162,0.05894164233578768,0.06318872116277811,0.04081649079000641,0.05774334384925927,0.01796403740931493,0.0008798889955526989,8,40,0.04677918120524915,0.19362457114989925,True,True,True,1.396118371438596e-07,COMPLETE
1902,0.41738991737365727,2025-04-13 18:17:06.478723,2025-04-13 18:17:13.371858,0 days 00:00:06.893135,0.41315463440235983,0.6635895696610462,8,0.05564353138364519,0.06940466073960505,0.06843379249836744,0.0433023545742736,0.05737193221313723,0.015945889195301908,0.0006998847230291798,9,37,0.04996075445966923,0.17455118151265372,True,True,True,1.0176615804174588e-07,COMPLETE
1903,0.4093008279800415,2025-04-13 18:17:13.980071,2025-04-13 18:17:21.229459,0 days 00:00:07.249388,0.4696785027231495,0.7009215925044038,8,0.04835412126827161,0.06408265962681155,0.06452705139086747,0.04390975939049402,0.05987876508230427,0.020074049434116708,0.0009986925580576498,8,143,0.0497881285198115,0.19321196673147598,True,True,True,1.7766760057518914e-07,COMPLETE
1904,0.3487432956695557,2025-04-13 18:17:21.858519,2025-04-13 18:17:28.522235,0 days 00:00:06.663716,0.4276920971168222,0.6409388739804833,8,0.05655101178780143,0.07168937534663188,0.06142512780951382,0.039865356666991876,0.05663519669275354,0.02479508944265151,0.0011941646413549808,8,16,0.04772944203012874,0.19892290004205793,True,True,True,1.1740195830267886e-07,COMPLETE
1905,0.3915528178215027,2025-04-13 18:17:29.155286,2025-04-13 18:17:36.114861,0 days 00:00:06.959575,0.45382032021887553,0.6782657878108005,8,0.04984551786721758,0.0700716446831682,0.05615575010540739,0.04193360125832148,0.05555246474803994,0.021875432146320383,0.0007965917772949021,9,40,0.05138056660230435,0.18976198473780448,True,True,True,1.6864284972622839e-07,COMPLETE
1906,0.36667336225509645,2025-04-13 18:17:36.728653,2025-04-13 18:17:43.550061,0 days 00:00:06.821408,0.4065029475904777,0.6573096097611668,8,0.05900189030084844,0.06834646769446595,0.06609746211058003,0.04311742741418167,0.05874534497021732,0.016037849722629866,0.0005750303939638489,9,37,0.04467763044184249,0.18456170223751603,False,True,True,2.0044485078118543e-07,COMPLETE
1907,0.2048193633556366,2025-04-13 18:17:44.189919,2025-04-13 18:17:51.222123,0 days 00:00:07.032204,0.4713119124511599,0.6869298884345548,8,0.2730416543239192,0.07280875234395923,0.058474396484592905,0.039281223712999705,0.054778657151486276,0.018786435845696087,0.0007155623231161319,10,37,0.05081108916460067,0.19780129450806738,True,True,True,2.1667378061115684e-07,COMPLETE
1908,0.40681216716766355,2025-04-13 18:17:51.840035,2025-04-13 18:17:58.924233,0 days 00:00:07.084198,0.4376021012084674,0.6992776220698166,8,0.044363439947275464,0.07566212862605834,0.06419936464842746,0.02564019135549521,0.060018775948800326,0.05728338446668238,0.0009344995339372485,9,68,0.04790215661842542,0.1966557144524517,True,True,True,1.5515392822678218e-07,COMPLETE
1909,0.2048193633556366,2025-04-13 18:17:59.564134,2025-04-13 18:18:10.402729,0 days 00:00:10.838595,0.45547678982764805,0.6398043824879007,2,0.05336402736797645,0.06900799118054088,0.0681914661343987,0.041036158715612066,0.05551228830760624,0.021506915649399022,0.0006786612186541292,9,40,0.052280801821810434,0.20275798566377526,True,True,False,2.0546117209193635e-07,COMPLETE
1910,0.343478012084961,2025-04-13 18:18:11.022410,2025-04-13 18:18:17.927684,0 days 00:00:06.905274,0.4820979594003052,0.6674391310894136,8,0.041978517356576296,0.06555402749727975,0.0610614717031344,0.04339823419579704,0.0575554489140454,0.026360602364989574,0.0012520459655057119,9,36,0.05030512654959446,0.19192490759222372,True,True,True,2.411750105367731e-07,COMPLETE
1911,0.4387420654296875,2025-04-13 18:18:18.575725,2025-04-13 18:18:25.343815,0 days 00:00:06.768090,0.4147166412015257,0.606532427221374,8,0.058123182564094364,0.13928455661966016,0.06602604404422698,0.02868229530677809,0.056840265263653086,0.018285045646631155,0.0010203455726221589,8,40,0.05173879786121869,0.19928775023011908,True,True,True,1.5572083009662895e-07,COMPLETE
1912,0.40804433822631836,2025-04-13 18:18:25.964794,2025-04-13 18:18:32.694201,0 days 00:00:06.729407,0.40645717728655034,0.5787483545681409,8,0.06206755595346561,0.1372804641877203,0.06887787653854477,0.027607876786239268,0.05668314119961334,0.085784341970454,0.0010972352553401336,8,40,0.0487742759486565,0.18488166486151755,True,True,True,8.589388151629544e-08,COMPLETE
1913,0.32005670070648196,2025-04-13 18:18:33.335121,2025-04-13 18:18:40.087330,0 days 00:00:06.752209,0.4038990049319726,0.5604341930077152,8,0.061869327249373454,0.13491789659471295,0.06813332167519705,0.024512527315963775,0.056679461207863324,0.01949667052756069,0.0011995377265586213,8,37,0.04274584177450166,0.1938752847647895,True,True,True,1.1364325932816555e-07,COMPLETE
1914,0.2984014868736267,2025-04-13 18:18:40.707621,2025-04-13 18:18:47.546817,0 days 00:00:06.839196,0.40678433920059376,0.6020279722888586,8,0.10572866923048399,0.07530396671532733,0.06686118518691,0.026219572974742766,0.05938255541489214,0.018426614868260027,0.0013920627826897625,8,35,0.04654701296674749,0.1907108617718434,True,True,True,1.8157944495167146e-07,COMPLETE
1915,0.43715026378631594,2025-04-13 18:18:48.187075,2025-04-13 18:18:55.159486,0 days 00:00:06.972411,0.4248959779847349,0.5834689680372185,8,0.06468019233271123,0.12514696690137184,0.06629272301529882,0.022615984399094548,0.05914074877856562,0.020833535809280962,0.0010122279193169853,9,40,0.051358662782646176,0.2023487873413684,True,False,True,1.5738821817823845e-07,COMPLETE
1916,0.33365405797958375,2025-04-13 18:18:55.779017,2025-04-13 18:19:02.544031,0 days 00:00:06.765014,0.40027906798754137,0.5619238060402947,8,0.07320611764463471,0.13898557121135607,0.06864877936511404,0.019813141756033825,0.06152565007527859,0.020870065085271026,0.001342221946775878,8,34,0.04868616152761093,0.19979655910151936,True,False,True,1.2394818553205816e-07,COMPLETE
1917,0.35092316865921025,2025-04-13 18:19:03.182636,2025-04-13 18:19:10.066112,0 days 00:00:06.883476,0.42007292606855684,0.5811744305147863,8,0.07653881570082846,0.1292740896264729,0.068284132063289,0.027273880159452153,0.060612026342492784,0.022652437732781482,0.0011175884292676638,9,38,0.05126623433701031,0.20001870086895107,True,False,True,1.1290236165503946e-07,COMPLETE
1918,0.33034026622772217,2025-04-13 18:19:10.688125,2025-04-13 18:19:17.519076,0 days 00:00:06.830951,0.424881528290655,0.5772963031576674,8,0.07088850512922423,0.13355307042630807,0.06642138953974802,0.0233061151697441,0.06149626811237207,0.020015823702572703,0.0009553963152628264,9,35,0.05098607672836074,0.1975397756884729,True,False,True,1.6256406587797387e-07,COMPLETE
1919,0.27591289281845094,2025-04-13 18:19:18.162563,2025-04-13 18:19:24.791801,0 days 00:00:06.629238,0.41502155911591787,0.5179006868498359,8,0.09031080740427619,0.12568616736938792,0.06862205901388448,0.02136515146932201,0.05868809224901563,0.02281707175619435,0.001315035696038409,7,38,0.04694171755618001,0.18948114693837517,True,False,True,1.1548247660668084e-07,COMPLETE
1920,0.2048193633556366,2025-04-13 18:19:25.414759,2025-04-13 18:19:32.160003,0 days 00:00:06.745244,0.41967253237148894,0.5864671346735643,8,0.06865294808174867,0.1444574397037632,0.06616462764478885,0.023449383953023283,0.05977073481945631,0.02084345031333706,0.001035253063024625,8,40,0.04933877066421848,0.19955448623576338,True,True,True,9.279837921245821e-08,COMPLETE
1921,0.3086896300315857,2025-04-13 18:19:32.802005,2025-04-13 18:19:39.627456,0 days 00:00:06.825451,0.3956004380682643,0.5915140471927629,8,0.07849793212829512,0.13640279065184585,0.06827526763074893,0.02371433387127266,0.06026238279886613,0.02358892186116609,0.0010268544467046067,9,34,0.05183760382224248,0.2040451348974075,True,False,True,1.067382303088656e-07,COMPLETE
1922,0.3403282403945923,2025-04-13 18:19:40.249315,2025-04-13 18:19:46.807389,0 days 00:00:06.558074,0.421258177255889,0.5388617124591963,8,0.07208190543469419,0.1238189731439294,0.06606712294502437,0.01946912080616728,0.05829915743013878,0.06997461444302366,0.0012469984379534567,7,37,0.04513869911316486,0.19437784090334437,True,False,True,7.957930118451805e-08,COMPLETE
1923,0.3413106918334961,2025-04-13 18:19:47.451169,2025-04-13 18:19:54.156337,0 days 00:00:06.705168,0.42960756289109403,0.5868433963840548,8,0.06703218892446229,0.13241510362870418,0.06874734559254661,0.019422367686412652,0.06004377118301612,0.020735058331401206,0.0009216345781381284,8,40,0.049748938402145,0.20266530358096976,True,False,True,1.3691086502478595e-07,COMPLETE
1924,0.28275498151779177,2025-04-13 18:19:54.776305,2025-04-13 18:20:01.640341,0 days 00:00:06.864036,0.3983009458728853,0.5432654838261538,8,0.0842231230090199,0.137922577636224,0.06681722118936496,0.023846312446933013,0.05819045260386811,0.01919663786756916,0.0011130292392234403,9,35,0.052649726321010795,0.18657096940560614,True,False,True,1.4027650411260398e-07,COMPLETE
1925,0.2048193633556366,2025-04-13 18:20:02.287070,2025-04-13 18:20:09.195624,0 days 00:00:06.908554,0.44000958556493813,0.5771899913484904,8,0.2934939303326233,0.061619047869952655,0.06614369100097545,0.02097568948986446,0.05789495629188531,0.022226667724053326,0.001489029328070624,9,32,0.0484431606661399,0.18001443961797256,True,True,True,1.5205744846112286e-07,COMPLETE
1926,0.37722417116165163,2025-04-13 18:20:09.840889,2025-04-13 18:20:16.539042,0 days 00:00:06.698153,0.4364825982706008,0.5578797351961287,8,0.06563634462173612,0.12818614353160426,0.0649733473138085,0.025531647793466186,0.06100786323003429,0.0245529901113685,0.0009419372940803145,8,37,0.051267715287442374,0.20376148475326597,True,False,True,1.4085378320964855e-07,COMPLETE
1927,0.41688311100006104,2025-04-13 18:20:17.157516,2025-04-13 18:20:23.721434,0 days 00:00:06.563918,0.38864787823770514,0.6035018990531622,8,0.06514777605364819,0.05863693119138627,0.06736022032099923,0.019209634488218916,0.06207926865494476,0.02020384017380586,0.0012293587051996537,7,40,0.052489185090767804,0.19632807470825317,True,False,True,9.829963728272947e-08,COMPLETE
1928,0.30872573852539065,2025-04-13 18:20:24.367923,2025-04-13 18:20:31.091883,0 days 00:00:06.723960,0.4121333818839042,0.6079487500164706,8,0.07542578694927761,0.1331658528652904,0.06497637016185033,0.022019687743640288,0.0596291738799566,0.021929245666861902,0.0008636029117014369,8,35,0.05025657390784392,0.19133253105597303,True,False,True,1.5212227616272608e-07,COMPLETE
1929,0.2774159133434296,2025-04-13 18:20:31.714565,2025-04-13 18:20:39.049920,0 days 00:00:07.335355,0.4419402663164832,0.5649795709036272,8,0.061375640948948096,0.13389516160476703,0.06792609188455127,0.01632055138631399,0.05752098897835027,0.019040988609947865,0.0010267494131755849,9,32,0.046819747018722546,0.203542989939947,True,False,False,1.7387823046921102e-07,COMPLETE
1930,0.1765910565853119,2025-04-13 18:20:39.691609,2025-04-13 18:20:46.397415,0 days 00:00:06.705806,0.43626826030261406,0.5962917692265641,8,0.15476698898935337,0.13445458922247883,0.0689068725359147,0.02339004265573564,0.05683569751035405,0.02326723870203896,0.0009182145954683281,8,38,0.048803066017690404,0.19824202242264508,True,False,True,1.194949468414442e-07,COMPLETE
1931,0.3943114995956421,2025-04-13 18:20:47.034686,2025-04-13 18:20:54.034722,0 days 00:00:07.000036,0.4153877753321554,0.6011867214978436,8,0.07053765206548114,0.14410750659465826,0.0646696270311796,0.025908610870954,0.06257930100687659,0.018428626259441694,0.0013721885105572652,10,40,0.05218859007805863,0.2053632911335534,True,False,True,1.8047595790064665e-07,COMPLETE
1932,0.17913137078285218,2025-04-13 18:20:54.672265,2025-04-13 18:21:01.507601,0 days 00:00:06.835336,0.3919400156962036,0.5907428483094249,8,0.06703156457410679,0.07445987247982397,0.06675727259069794,0.028781460194663135,0.06088191817293733,0.07439526060066508,0.0011198992827850182,9,33,0.0013093177560969463,0.20803088115520835,True,False,True,1.391234712082726e-07,COMPLETE
1933,0.31142061948776245,2025-04-13 18:21:02.156656,2025-04-13 18:21:08.987031,0 days 00:00:06.830375,0.43449445258317665,0.6135577852571039,8,0.06202895497565522,0.14386777189889316,0.015382597908263816,0.028504619710440687,0.05852683978769341,0.02161507948671087,3.474593879508494e-05,9,37,0.05064127725089971,0.1965165387552935,True,False,True,1.8875411764355104e-07,COMPLETE
1934,0.3996104717254638,2025-04-13 18:21:09.607645,2025-04-13 18:21:16.273547,0 days 00:00:06.665902,0.46002561499004757,0.5441255160441335,8,0.0599601310054638,0.1304497876470901,0.06341055500347051,0.025117705690640278,0.05585033211690119,0.02436700476921521,0.0008619036430609295,8,30,0.052953001362045636,0.1869363964324179,True,False,True,1.4524654430037487e-07,COMPLETE
1935,0.3342789888381958,2025-04-13 18:21:16.911601,2025-04-13 18:21:23.654876,0 days 00:00:06.743275,0.4456499985685715,0.6155080579119674,8,0.07249962452440577,0.13360024150561428,0.06556877616558485,0.017535121553854113,0.0567002719742549,0.02009137665660759,0.001137667120712584,8,34,0.046943958912629834,0.20086198154713386,True,False,True,1.0064577074796843e-07,COMPLETE
1936,0.35162198543548584,2025-04-13 18:21:24.301942,2025-04-13 18:21:30.933849,0 days 00:00:06.631907,0.40376685423568115,0.6017689471641442,8,0.06459336145022974,0.14228382590404434,0.06916268854888108,0.022922309118350994,0.05891310454261517,0.01809312444772443,0.0007995550725183013,7,40,0.05011717223215618,0.17049699222299997,True,False,True,1.973723853164894e-07,COMPLETE
