number,value,datetime_start,datetime_complete,duration,params_alpha-eval,params_alpha-train,params_batch-size,params_eps-eval,params_eps-train,params_lambda-actions-eval,params_lambda-actions-train,params_lambda-frames-eval,params_lambda-frames-train,params_learning-rate,params_n-epochs,params_n-frames,params_radius-gw,params_rho,params_std-feats,params_ub-actions,params_ub-frames,params_weight-decay,state
1594,0.42611128091812134,2025-04-15 17:02:25.443824,2025-04-15 17:02:35.345487,0 days 00:00:09.901663,0.4355283186257219,0.7886397394367212,16,0.026799467479230274,0.16258182489388984,0.09475085194183161,0.011231218987866701,0.08747969297838985,0.05714094026626214,6.987978232721306e-05,29,120,0.05615577793346309,0.19639453962789152,True,True,True,5.271534495339649e-08,COMPLETE
1595,0.3715228080749512,2025-04-15 17:02:35.868969,2025-04-15 17:02:45.684399,0 days 00:00:09.815430,0.4860579568157541,0.7557570316782705,16,0.04159984107486098,0.17369249511979376,0.0999804643036131,0.03694137540685488,0.09256306548542305,0.05371293064249928,0.0001264052441881352,27,128,0.06064196630192194,0.2227160983287445,True,True,True,2.237676173002105e-08,COMPLETE
1596,0.41242924928665164,2025-04-15 17:02:46.203182,2025-04-15 17:02:56.284654,0 days 00:00:10.081472,0.5176749556524701,0.7765137843550297,16,0.03294449094540761,0.2755818850256972,0.09646085095833215,0.041827292284703305,0.08569658601332926,0.05816661295227291,0.00010204183559872293,28,133,0.06358608515974,0.2179153121109189,True,True,True,4.2572900674752575e-08,COMPLETE
1597,0.4219236016273499,2025-04-15 17:02:56.825385,2025-04-15 17:03:07.169024,0 days 00:00:10.343639,0.4634119548764207,0.8150613103766206,16,0.02093729783968849,0.2312272645402976,0.0929234087946636,0.03546906883171,0.08966330407175555,0.06108374047989744,0.00017878813686573577,29,136,0.05797957272399051,0.20129220109086238,True,True,True,3.0625418547431305e-08,COMPLETE
1598,0.4241909861564636,2025-04-15 17:03:07.684974,2025-04-15 17:03:17.751158,0 days 00:00:10.066184,0.5013944685915818,0.7404004030590194,16,0.012909686896671987,0.18505343530339594,0.09822611739170868,0.04000876222494843,0.08540446367013445,0.04711492187117471,0.00011868568105873906,29,124,0.06195474611396421,0.21185188212106823,True,True,True,3.840156364314601e-08,COMPLETE
1599,0.28972982168197636,2025-04-15 17:03:18.294957,2025-04-15 17:03:28.264737,0 days 00:00:09.969780,0.42971233300445044,0.2811616583070079,16,0.027947123974708582,0.15718742538446107,0.09994772158874371,0.06161971528126313,0.08796307908992099,0.05564131436810761,8.380956133932818e-05,28,130,0.05927765699740724,0.22815239022906872,True,True,True,2.6612143004204284e-08,COMPLETE
1600,0.33731153011322024,2025-04-15 17:03:28.785908,2025-04-15 17:03:39.079567,0 days 00:00:10.293659,0.47820285203293306,0.766782933891703,16,0.048969354516800664,0.16767870440733215,0.09467848044341776,0.03192871244519072,0.08370025939917625,0.051060817150360524,0.0001424165001678621,29,134,0.05641363737737649,0.1979279204998613,True,True,True,5.711833936423968e-08,COMPLETE
1601,0.20648073554039004,2025-04-15 17:03:39.600662,2025-04-15 17:04:02.741757,0 days 00:00:23.141095,0.4557375372573069,0.5623113888616864,2,0.03450138398573783,0.1488498221340795,0.09117743735847876,0.009314051099760252,0.0015410727629525944,0.06612505405785359,0.0001050352412010499,28,137,0.06521307923281484,0.20658023276487647,True,True,True,2.1447607577730612e-08,COMPLETE
1602,0.2856270790100098,2025-04-15 17:04:03.288367,2025-04-15 17:04:13.077692,0 days 00:00:09.789325,0.5071311096201399,0.3675820451404026,16,0.018806282591067112,0.1340352583078558,0.09669417743570496,0.03398966010825384,0.09071021564828989,0.05280483157474803,0.00016306510370300817,27,128,0.060670437944414526,0.2177869124359357,True,True,True,3.384679163241139e-08,COMPLETE
1603,0.2048193633556366,2025-04-15 17:04:13.613712,2025-04-15 17:04:23.746077,0 days 00:00:10.132365,0.47950140397509966,0.7863914528273988,16,0.13452766774249245,0.17769698228794534,0.09422666804566121,0.014421754587875632,0.09434838833479467,0.06385780824572933,8.717270807951912e-05,29,132,0.05489451699883638,0.2922718519551908,True,True,True,4.4347810613313165e-08,COMPLETE
1604,0.4208475828170777,2025-04-15 17:04:24.266726,2025-04-15 17:04:34.523297,0 days 00:00:10.256571,0.4413956077376697,0.7245152806299774,16,0.024903847437449275,0.16284374346552816,0.08967021249463417,0.016444645141075763,0.08421836578556914,0.060571770676685614,7.126039028507367e-05,28,138,0.06288227689829937,0.20970987813990355,True,True,True,2.7571088843013343e-08,COMPLETE
1605,0.24204187393188475,2025-04-15 17:04:35.066805,2025-04-15 17:04:44.849603,0 days 00:00:09.782798,0.5263643481518115,0.7982416254267203,16,0.04122812835985047,0.15164315808407525,0.09814605678829565,0.036130995639021724,0.08776924204452158,0.055373259290669205,0.00012087624821723228,26,134,0.05780116130336768,0.23821301087048252,True,True,False,2.113841959935849e-08,COMPLETE
1606,0.39346593618392944,2025-04-15 17:04:45.369420,2025-04-15 17:04:55.197098,0 days 00:00:09.827678,0.46139378901084294,0.837840849814112,16,0.029493940058344763,0.17246556883402492,0.09575628083915567,0.03822003738821979,0.09181401747293425,0.05941751837764308,0.0001796261085406485,27,130,0.06724430743373676,0.20375216154213202,True,True,True,8.371915591785266e-08,COMPLETE
1607,0.42520209550857546,2025-04-15 17:04:55.715014,2025-04-15 17:05:05.150227,0 days 00:00:09.435213,0.4952993769040262,0.7544857592153666,16,0.01776691027652756,0.15817212428664143,0.09190354906590749,0.031853076508707105,0.08876414809991101,0.05455817665821909,0.00010227962795054015,29,101,0.05980712825670732,0.21264160661448112,True,True,True,3.484131059696981e-08,COMPLETE
1608,0.38425279855728156,2025-04-15 17:05:05.694689,2025-04-15 17:05:15.601878,0 days 00:00:09.907189,0.4762388772776428,0.8198501233165617,16,0.035663760707036314,0.1658329597914745,0.09666807398323413,0.03434834469052085,0.08494212155487779,0.056793702848651276,5.7746370818424834e-05,28,126,0.06169368805368865,0.19704489645394072,True,True,True,5.4728917387336206e-08,COMPLETE
1609,0.2048193633556366,2025-04-15 17:05:16.126278,2025-04-15 17:05:26.457768,0 days 00:00:10.331490,0.4317499159505132,0.7729768044010679,16,0.19909071995303607,0.14215709157525375,0.032509972655049756,0.0013288641835362061,0.0869055288892852,0.06906141952268943,0.00011996222930948981,29,137,0.0638346681825615,0.22323483594748797,True,True,True,2.716339615586155e-08,COMPLETE
1610,0.42196533679962156,2025-04-15 17:05:27.028936,2025-04-15 17:05:37.459593,0 days 00:00:10.430657,0.510425631626193,0.8007979517209284,16,0.023990887200385655,0.1798814376042655,0.09358492363328853,0.03025053551199457,0.08351986825931378,0.058604925855311,0.00014386644019444292,30,133,0.054498391308429164,0.216077777905792,True,True,True,4.5532191941203203e-08,COMPLETE
1611,0.2048193633556366,2025-04-15 17:05:37.986339,2025-04-15 17:05:47.268696,0 days 00:00:09.282357,0.4557800637502207,0.7431469234187371,16,0.030244717455064653,0.15566272619338614,0.0984588307480667,0.03592523579841797,0.09021184924171613,0.05728467717638426,7.850509940617233e-05,25,121,0.012219839540027831,0.2042784539818253,True,True,True,3.3829731697929304e-08,COMPLETE
1612,0.28351964950561526,2025-04-15 17:05:47.788925,2025-04-15 17:05:58.220065,0 days 00:00:10.431140,0.08660480073260696,0.6075857224784389,16,0.012254621224568501,0.17098294417261212,0.09526115582577292,0.03257747261404473,0.09292262929314557,0.07127817987296864,9.482818734620208e-05,29,139,0.059044657580085404,0.2094057901433563,True,True,True,2.3000171512405692e-08,COMPLETE
1613,0.42245851755142216,2025-04-15 17:05:58.767177,2025-04-15 17:06:08.762510,0 days 00:00:09.995333,0.4924405330784983,0.7800096750026517,16,0.02311545850846386,0.1621749474511584,0.07095894032068224,0.03962687508751551,0.0866056329185921,0.06243026830285019,0.00016701837564962724,28,130,0.05724116043919992,0.19686035528548146,True,True,True,6.547176553434634e-08,COMPLETE
1614,0.4128897190093994,2025-04-15 17:06:09.286474,2025-04-15 17:06:19.241764,0 days 00:00:09.955290,0.5298360504064847,0.7605325769973855,16,0.03764031804647636,0.18631102246156234,0.09988877463035066,0.037364273041928055,0.08296896571454071,0.04892349040841746,0.0001386747658885224,27,134,0.0618502894693269,0.2199106935498427,True,True,True,3.76012060195191e-08,COMPLETE
1615,0.37197169065475466,2025-04-15 17:06:19.763903,2025-04-15 17:06:29.944491,0 days 00:00:10.180588,0.47244940240518385,0.7216258557009856,16,0.029941028266697905,0.12172424552352003,0.09298759902800269,0.03368922263276576,0.095894505247726,0.06069538917746048,0.08116936100951123,28,136,0.060397454277265776,0.23156325802862598,True,True,True,2.918492029718537e-08,COMPLETE
1616,0.4233287930488587,2025-04-15 17:06:30.487965,2025-04-15 17:06:40.747976,0 days 00:00:10.260011,0.44573110797331567,0.801750412948849,16,0.0169851464887239,0.14708326014001338,0.09734611948048004,0.03525176945179081,0.08957517592923209,0.05754286693553997,0.00010166110743556533,30,128,0.06456705408867171,0.2036515145860373,True,True,True,4.8510877504547425e-08,COMPLETE
1617,0.3686714768409729,2025-04-15 17:06:41.271841,2025-04-15 17:06:48.442931,0 days 00:00:07.171090,0.5040604399323164,0.7823486962870367,16,0.04332708564486007,0.16902512403045794,0.0956886202594956,0.03146235235394086,0.08517860015961419,0.06391260170928055,0.00012091545974036031,9,138,0.056259486695469624,0.2132838712148853,True,True,True,2.212081948454048e-08,COMPLETE
1618,0.425690495967865,2025-04-15 17:06:48.995803,2025-04-15 17:06:59.205239,0 days 00:00:10.209436,0.42244193251068923,0.7437897399126774,16,0.024773696504587068,0.15343884984964778,0.09009706466785661,0.042119897155565175,0.08865067941581885,0.05030567923728693,7.522454059807233e-05,29,131,0.05815058985951398,0.22428221761275183,True,True,True,3.275092458680763e-08,COMPLETE
1619,0.41041475534439087,2025-04-15 17:06:59.731959,2025-04-15 17:07:10.492202,0 days 00:00:10.760243,0.4877277955322487,0.8311369682196157,16,0.03311437625824042,0.1613240871384842,0.07382259528208004,0.03813568807283061,0.09170147023804062,0.052645626942079166,0.00017287765956644784,29,150,0.062005766691167016,0.2061934634399532,True,True,True,4.087980325206313e-08,COMPLETE
1620,0.38709937334060673,2025-04-15 17:07:11.018902,2025-04-15 17:07:20.786995,0 days 00:00:09.768093,0.4599086296267154,0.7664302094352449,16,0.01985903578359785,0.17581642714155588,0.09800272605783548,0.03031897715638028,0.0831941436814572,0.05469206776055478,0.0001364295917404223,27,126,0.039366000987849606,0.21576327119729644,True,True,True,2.1045853425116815e-08,COMPLETE
1621,0.42721316814422605,2025-04-15 17:07:21.335391,2025-04-15 17:07:31.472601,0 days 00:00:10.137210,0.5220749822653747,0.8119861240796387,16,0.028004087615146875,0.16611211244730115,0.09434191308695944,0.016816157273740084,0.08693955436370863,0.056054212545843314,8.878500273150534e-05,30,123,0.05992689896372342,0.1990346732774946,True,True,True,2.63175922202243e-08,COMPLETE
1622,0.27205299735069277,2025-04-15 17:07:31.998857,2025-04-15 17:07:55.701422,0 days 00:00:23.702565,0.47651626929759405,0.7903894975674638,2,0.012468930374178816,0.18075051752689175,0.09272489098956893,0.0056455156531317,0.09382715594440143,0.07525829091060697,5.947461322318648e-05,29,134,0.06600251228027998,0.21029077784396435,True,True,True,5.2431707804473425e-08,COMPLETE
1623,0.2048193633556366,2025-04-15 17:07:56.227024,2025-04-15 17:08:06.444595,0 days 00:00:10.217571,0.4423155930509046,0.7571889528311648,16,0.24878965349941434,0.24032795184059005,0.09651743625109542,0.03341760273611406,0.08519013974331684,0.05939825366580031,0.0001071867280634578,28,139,0.06319581361908154,0.22204444243649896,True,True,True,3.9970597593048055e-08,COMPLETE
1624,0.23487613201141358,2025-04-15 17:08:06.994704,2025-04-15 17:08:16.631435,0 days 00:00:09.636731,0.5096141572518601,0.7356848687985953,16,0.038088454067902774,0.15690889805784747,0.09126501803071597,0.03587443408158043,0.011608373625887618,0.06076792014817387,0.00014118980973348182,26,132,0.060095009141583035,0.20126678272901247,True,True,False,8.024827618697604e-08,COMPLETE
1625,0.421796178817749,2025-04-15 17:08:17.160416,2025-04-15 17:08:27.528814,0 days 00:00:10.368398,0.48979114060559675,0.7773866101618233,16,0.025520032986227188,0.13968775121500038,0.09520986748075562,0.03384962698324024,0.08819223249256054,0.05297177559696317,0.00017836368565665378,29,136,0.054498087463263116,0.20922376923289224,True,True,True,3.055030618460856e-08,COMPLETE
1626,0.42291945219039917,2025-04-15 17:08:28.080961,2025-04-15 17:08:38.445040,0 days 00:00:10.364079,0.4566489322789692,0.8005866961911113,16,0.019427495539708232,0.1719326680252429,0.0981828997462591,0.013671323857036937,0.09065277792504754,0.058318587066550194,0.00011541186630317129,28,141,0.057959592939232654,0.19604945541135335,True,True,True,2.027681057573343e-08,COMPLETE
1627,0.3912028431892395,2025-04-15 17:08:38.977817,2025-04-15 17:08:49.221408,0 days 00:00:10.243591,0.42154963020046327,0.8189740039917692,16,0.032624684556774974,0.14835259625462596,0.09999274656843528,0.04026293680526735,0.08263334240733805,0.056113789154690105,8.874319409245546e-05,30,127,0.06180328847659448,0.21661109852394508,True,True,True,2.892365668422024e-08,COMPLETE
1628,0.3380386471748352,2025-04-15 17:08:49.752865,2025-04-15 17:08:59.680983,0 days 00:00:09.928118,0.47550492569088926,0.7616375774026264,16,0.04745158380663024,0.1638239035780673,0.09365397119308465,0.037011574315083715,0.08648688111208522,0.06613552693837232,7.146677307481141e-05,27,131,0.05649360482694677,0.22725580250303812,True,True,True,5.668998947091451e-08,COMPLETE
1629,0.4208117127418518,2025-04-15 17:09:00.230439,2025-04-15 17:09:10.651596,0 days 00:00:10.421157,0.5336640247839062,0.787306100035178,16,0.023257031398855942,0.15603341457960843,0.09626414209709452,0.06622122566163154,0.08438991462832274,0.06234989807030899,9.939773533272173e-05,29,136,0.0586243359396548,0.204698206036065,True,True,True,3.738345591301505e-08,COMPLETE
1630,0.3330843925476074,2025-04-15 17:09:11.180524,2025-04-15 17:09:21.416103,0 days 00:00:10.235579,0.5056553035523685,0.717363460097408,16,0.012642120867441046,0.1750850307930391,0.09995996634004788,0.03131576331712792,0.08841513375786163,0.0586220447593315,1.3321210159404658e-05,28,139,0.06418900916682538,0.21302957874877176,True,True,True,2.474351534505916e-08,COMPLETE
1631,0.39418073892593386,2025-04-15 17:09:21.977768,2025-04-15 17:09:32.871377,0 days 00:00:10.893609,0.44140381253156746,0.752422642792129,16,0.03647940930473201,0.16146132060564794,0.09787083947374613,0.035103200896548836,0.08236838989351095,0.05151854028862159,0.00015001655667377914,30,150,0.0701167733819232,0.21809363270951962,True,True,True,4.631680026350592e-08,COMPLETE
1632,0.4243112564086914,2025-04-15 17:09:33.405235,2025-04-15 17:09:41.613845,0 days 00:00:08.208610,0.4659058889329625,0.7673682549926811,16,0.029045936770696463,0.18533612560802806,0.09464202287233743,0.03216079338652011,0.0908477675114236,0.05373808583168815,0.00011410361377102592,29,26,0.06083335684289538,0.19641905231085754,True,True,True,2.068958170976717e-08,COMPLETE
1633,0.2048193633556366,2025-04-15 17:09:42.145982,2025-04-15 17:09:52.089946,0 days 00:00:09.943964,0.4893304175123077,0.7969083160456883,16,0.17910553684646954,0.2713317002624235,0.09222657106590704,0.038806781713329026,0.08628738661632586,0.060075243905980465,0.00017667288669619794,28,128,0.06277039856930568,0.2076835094194405,True,True,True,3.234569748142321e-08,COMPLETE
1634,0.21020066142082217,2025-04-15 17:09:52.645006,2025-04-15 17:10:02.635318,0 days 00:00:09.990312,0.5251263262740105,0.8389034956614297,16,0.08170927478923408,0.16849365953289933,0.09999860548534999,0.0366422746273195,0.08910482285463106,0.05640652336041125,8.016382034954109e-05,27,134,0.058802664475310976,0.20230934648260324,True,True,True,6.167930528557859e-08,COMPLETE
1635,0.29063611626625063,2025-04-15 17:10:03.170612,2025-04-15 17:10:13.660926,0 days 00:00:10.490314,0.4558895144529226,0.09010056481454531,16,0.019682685166334615,0.15189137462263122,0.09610440783266153,0.030070328491938633,0.08374079490425522,0.06161163527240305,4.927536133189938e-05,29,142,0.06716285261903304,0.21373478227852064,True,True,True,4.073450135135116e-08,COMPLETE
1636,0.33608790636062624,2025-04-15 17:10:14.216161,2025-04-15 17:10:24.261390,0 days 00:00:10.045229,0.4878498736618529,0.40740265026025446,16,0.09447388920019933,0.1803733520175698,0.08998309169687817,0.034159104670781204,0.09288682382766324,0.045472967186240706,0.00013899696920012064,28,130,0.05618164297478259,0.2232809093199094,True,True,True,1.8841070416191793e-06,COMPLETE
1637,0.42897627353668216,2025-04-15 17:10:24.797899,2025-04-15 17:10:34.986972,0 days 00:00:10.189073,0.5082327797416322,0.7288911339886427,16,0.03141552881116823,0.16006553292870224,0.09720025939909219,0.032597235602367367,0.08531397872493575,0.05793562495426806,9.98802467179805e-05,30,124,0.06010633053156132,0.20705469871445584,True,True,True,2.6562010217559926e-08,COMPLETE
1638,0.3618613839149475,2025-04-15 17:10:35.520078,2025-04-15 17:10:45.487009,0 days 00:00:09.966931,0.5214270574136914,0.7764432066361828,16,0.04500365958881565,0.16656664006223867,0.09685880824244679,0.030489806687101117,0.08218933829314257,0.0581713901952054,0.00012323964751807703,30,119,0.06184833309498952,0.20717579871974853,True,True,True,2.00405240866866e-08,COMPLETE
1639,0.37346552610397343,2025-04-15 17:10:46.042184,2025-04-15 17:10:56.278247,0 days 00:00:10.236063,0.5363662563041542,0.8192437143746333,16,0.04422136151859335,0.1746312973398573,0.0980913219861356,0.029822387371028113,0.08211920295475765,0.059760747349050874,0.0001443705828688122,30,124,0.06458149085671605,0.20292590157391358,True,True,True,2.5430795331487388e-08,COMPLETE
1640,0.4041631937026977,2025-04-15 17:10:56.814988,2025-04-15 17:11:07.070172,0 days 00:00:10.255184,0.5118153904997287,0.7411726157313304,16,0.0379086141890767,0.22654910007827422,0.09820439272545578,0.03294138118632016,0.08418047699387325,0.057757400815157525,0.0001184239418484815,30,125,0.054473160706583146,0.210850854544354,True,True,True,2.0113314811152195e-08,COMPLETE
1641,0.3822292685508728,2025-04-15 17:11:07.629298,2025-04-15 17:11:17.722536,0 days 00:00:10.093238,0.5374529959718116,0.7861984555512719,16,0.03969161647761475,0.17251302842551916,0.09421371176625369,0.031924440566507534,0.08494348706998454,0.06312715659160753,0.00018350723813941492,30,122,0.058538462342019155,0.20214902070298252,True,True,True,2.6382548109168816e-08,COMPLETE
1642,0.2347162365913391,2025-04-15 17:11:18.262384,2025-04-15 17:11:42.329265,0 days 00:00:24.066881,0.5145321504050797,0.7656672266512459,2,0.03339181289304306,0.1624244476984663,0.09510446236724988,0.03194980217366358,0.08210692974413276,0.055621417952992684,0.03953451873226569,30,125,0.060845990270400656,0.20835981759337988,True,True,True,2.1621164318011874e-08,COMPLETE
1643,0.29713088274002075,2025-04-15 17:11:42.866848,2025-04-15 17:11:53.078800,0 days 00:00:10.211952,0.16626437276908088,0.8035927780517808,16,0.05179242335233118,0.18898097121440294,0.09169908396365406,0.02997077353367935,0.08466801999402701,0.05725271350580732,0.00010200791454706251,30,125,0.06316670355241123,0.21421801967927692,True,True,False,2.7743410411898263e-08,COMPLETE
1644,0.4048441410064697,2025-04-15 17:11:53.632520,2025-04-15 17:12:03.809802,0 days 00:00:10.177282,0.4989673471856647,0.7254376651676624,16,0.04060701656621234,0.16857254898254742,0.0981556243509128,0.018130207402995625,0.08255379186872433,0.060984907271860844,0.00012701089313804228,30,122,0.05694148835125743,0.2193163469259513,True,True,True,1.9901159266365225e-08,COMPLETE
1645,0.4043759942054749,2025-04-15 17:12:04.341401,2025-04-15 17:12:14.628821,0 days 00:00:10.287420,0.423548176959734,0.746579334823686,16,0.0348108637759426,0.154706916933022,0.09315306746042001,0.032749205472196286,0.08586197230964257,0.05895539980186865,0.00016040690039326267,30,126,0.08154412569488877,0.2603418656109836,True,True,True,2.547913274707115e-08,COMPLETE
1646,0.2048193633556366,2025-04-15 17:12:15.185533,2025-04-15 17:12:25.235744,0 days 00:00:10.050211,0.5058919250195826,0.04929301168739275,16,0.05571497129078379,0.1802658977681741,0.09658157258606508,0.015358834359709294,0.08382621982877474,0.05597462480960301,9.985569851801648e-05,30,121,0.059761437285619924,0.2023699454355802,True,True,True,3.144767582911e-08,COMPLETE
1647,0.2478793144226074,2025-04-15 17:12:25.771498,2025-04-15 17:12:35.406892,0 days 00:00:09.635394,0.21014778041468224,0.779291778186732,16,0.032313230768059864,0.12949267102580075,0.09837708374148581,0.02960742322549994,0.08167598086343231,0.054662002179212486,0.00012647115207159679,26,128,0.06525161977214135,0.19853456169619987,True,True,True,2.5193922275881287e-08,COMPLETE
1648,0.2048193633556366,2025-04-15 17:12:35.937802,2025-04-15 17:12:45.853577,0 days 00:00:09.915775,0.4731757651377012,0.8162671346348627,16,0.23311727351027625,0.1471519009394624,0.09472593330097367,0.03171908252946916,0.08617976292624496,0.059686525444466364,0.00017862446485652686,30,116,0.06187315524040228,0.20813996848807573,True,True,True,3.297528855650938e-08,COMPLETE
1649,0.4213645577430726,2025-04-15 17:12:46.411373,2025-04-15 17:12:56.517260,0 days 00:00:10.105887,0.5302968754750074,0.8388852616831489,16,0.03021724710025115,0.1635926883576892,0.08934307357990938,0.03396849840289886,0.08429974713926945,0.0647648570109297,9.844888783536422e-05,29,127,0.058134916114539734,0.21874843609710198,True,True,True,1.945749090643955e-08,COMPLETE
1650,0.3829929113388062,2025-04-15 17:12:57.053124,2025-04-15 17:13:07.180620,0 days 00:00:10.127496,0.4378168650868347,0.7598701001087254,16,0.03922775608903019,0.159386413353407,0.09208452356981356,0.010438484274148,0.08733780785082444,0.06281637715973665,0.00014633802691301905,29,128,0.060836222854915405,0.21161610437634498,True,True,True,3.2272329874002855e-08,COMPLETE
