number,value,datetime_start,datetime_complete,duration,params_alpha-eval,params_alpha-train,params_batch-size,params_eps-eval,params_eps-train,params_lambda-actions-eval,params_lambda-actions-train,params_lambda-frames-eval,params_lambda-frames-train,params_learning-rate,params_n-epochs,params_n-frames,params_radius-gw,params_rho,params_std-feats,params_ub-actions,params_ub-frames,params_weight-decay,state
797,0.27797826528549197,2025-04-15 14:53:33.058350,2025-04-15 14:53:42.087678,0 days 00:00:09.029328,0.34185373851387546,0.6999902024654632,8,0.02079052696077508,0.01082617070034468,0.08831994385835894,0.04421712004178242,0.08890408230572079,0.08626330010000025,0.00037591704721314553,22,49,0.059162783207960375,0.14381180930170448,True,True,True,7.208228944881299e-07,COMPLETE
798,0.4074671983718872,2025-04-15 14:53:42.355894,2025-04-15 14:53:51.286889,0 days 00:00:08.930995,0.2761999735549217,0.8703681088597922,8,0.009530521585992425,0.03605189760831197,0.09163459664598744,0.050858718300217494,0.09580868789594132,0.092876307209416,0.0002061794787154084,19,72,0.04924035157769879,0.12865298403864978,True,True,True,2.585799110715485e-07,COMPLETE
799,0.20561144351959232,2025-04-15 14:53:51.553811,2025-04-15 14:54:00.635612,0 days 00:00:09.081801,0.09227098624515756,0.9073671570999705,8,0.016626796719692093,0.02779791451041004,0.08907033159535231,0.05614919373565128,0.08686262610928301,0.08260955380512056,0.0002598692319594999,21,63,0.06124459798925121,0.1523433549561487,True,True,True,5.514867674572402e-07,COMPLETE
800,0.4119879364967346,2025-04-15 14:54:00.885775,2025-04-15 14:54:09.768450,0 days 00:00:08.882675,0.31717796031367407,0.8561402275436988,8,0.005648747715784279,0.04350448551025639,0.0868689943314297,0.029216205137036908,0.09029244253751827,0.09984142278427585,0.00017311776583694,20,58,0.0644855697420512,0.13877931778738964,True,True,True,3.428895704566241e-07,COMPLETE
801,0.34445139169692995,2025-04-15 14:54:10.035102,2025-04-15 14:54:19.027018,0 days 00:00:08.991916,0.3021435707074445,0.884136370117754,8,0.11844154646465799,0.054748860493403564,0.08439387844179826,0.049447760714344244,0.09380045827566783,0.08958355936244694,0.00041823162684809494,22,54,0.054177882230940166,0.09419413297526098,True,True,False,2.2389520847756072e-07,COMPLETE
802,0.4143627762794495,2025-04-15 14:54:19.297257,2025-04-15 14:54:28.280156,0 days 00:00:08.982899,0.34745676954446536,0.9231694712638587,8,0.019993239987266792,0.04063456260808734,0.09277699979192656,0.05356437440284353,0.08361834550572622,0.09477406261823837,0.00031333086509725914,19,79,0.058979948290492426,0.14706985892306945,True,True,True,3.0746009415665387e-07,COMPLETE
803,0.42371788024902346,2025-04-15 14:54:28.536364,2025-04-15 14:54:37.523135,0 days 00:00:08.986771,0.37360468977433986,0.8972173190414018,8,0.011714287165914886,0.03009435768463505,0.06954006831339873,0.04673710263089724,0.08994064240271737,0.08583926556698902,0.00021324837356014866,20,67,0.052409843709631185,0.14387126647665233,True,True,True,4.939562757738485e-07,COMPLETE
804,0.39926128387451176,2025-04-15 14:54:37.796880,2025-04-15 14:54:46.689183,0 days 00:00:08.892303,0.2897460570162812,0.909031401592507,8,0.005851766589555959,0.052842556698313524,0.0897016231704506,0.051230319808619806,0.0981675043132966,0.09154607004194959,0.0005117195191953967,21,51,0.06244049597512992,0.1513253062503096,True,True,True,1.7735522909775814e-07,COMPLETE
805,0.4076372146606445,2025-04-15 14:54:46.945526,2025-04-15 14:54:56.965871,0 days 00:00:10.020345,0.32932758762493725,0.880984340638691,8,0.015928920276804218,0.04656434439623937,0.09139530624898845,0.043239599789330535,0.08612986680965296,0.08441090447253297,0.0002533580634604414,25,76,0.050059294846214894,0.10204155830951235,True,True,True,3.8830143741494733e-07,COMPLETE
806,0.2048193633556366,2025-04-15 14:54:57.236944,2025-04-15 14:55:05.984816,0 days 00:00:08.747872,0.35480189015284447,0.845845887761148,8,0.08886664244966476,0.03502034818465021,0.08171335257269308,0.038367694610027946,0.08790113727422866,0.03960839182658791,0.00015310406888474542,19,62,0.05579293055847141,0.12646667965881253,True,True,True,6.50880614249797e-07,COMPLETE
807,0.3159522533416748,2025-04-15 14:55:06.250187,2025-04-15 14:55:15.948607,0 days 00:00:09.698420,0.2636057924537038,0.8668752194164187,8,0.02455148760436131,0.016468180528500413,0.08740230451556105,0.048670962233908766,0.09181632843275905,0.08804825269696384,0.00035595023156216826,24,70,0.06026847800756959,0.13798051382432386,True,True,True,2.6968001791818893e-07,COMPLETE
808,0.2048193633556366,2025-04-15 14:55:16.202346,2025-04-15 14:55:24.886824,0 days 00:00:08.684478,0.31748977595572725,0.9255088515407185,8,0.010346524420632032,0.054699788752774314,0.09380260362402884,0.04503449831443567,0.09475740329979265,0.08993445200436215,0.0004488443193787378,23,5,0.057740828925418396,0.1522769593318091,True,True,True,4.277505468865029e-07,COMPLETE
809,0.40779340267181396,2025-04-15 14:55:25.151924,2025-04-15 14:55:34.012030,0 days 00:00:08.860106,0.38258294238248874,0.815219997940177,8,0.020424879591441375,0.0012997719383454134,0.08549919237792059,0.041410431122696774,0.09260820826201688,0.09357782344952395,0.000287311592403789,20,58,0.04900549522999685,0.13188072109784196,True,True,True,3.296938733241311e-07,COMPLETE
810,0.2372208416461945,2025-04-15 14:55:34.280472,2025-04-15 14:55:43.473042,0 days 00:00:09.192570,0.3407233259998261,0.34972238013493573,8,0.014665916572308545,0.04591256064157956,0.09007109081159347,0.05207777394190862,0.08999702758498389,0.0815726858568278,0.00020990232791097752,21,65,0.09014521202055509,0.14339403031603712,True,True,True,1.8957035672030267e-07,COMPLETE
811,0.32621055841445923,2025-04-15 14:55:43.731078,2025-04-15 14:55:53.510609,0 days 00:00:09.779531,0.30316908810611104,0.9044242997725964,8,0.0005092555334644342,0.02481282416326757,0.09476491102685283,0.05470034679860346,0.08372419252856181,0.08656288328436638,0.00017595495155153763,26,55,0.04678128423651594,0.14851625745563476,True,True,True,1.2137528091346725e-07,COMPLETE
812,0.27673453688621524,2025-04-15 14:55:53.778921,2025-04-15 14:56:03.116428,0 days 00:00:09.337507,0.3292422045553369,0.40864734035513955,8,0.006956440657543735,0.03935861767193038,0.09187944372625112,0.046915896460749756,0.08811746903554428,0.09651535105882383,0.0003717893723064883,22,60,0.054458442868231996,0.1340659149899296,True,True,True,5.904787653427014e-07,COMPLETE
813,0.3960038423538208,2025-04-15 14:56:03.382938,2025-04-15 14:56:12.395485,0 days 00:00:09.012547,0.3616112794833963,0.88954214512859,8,0.024909361525259202,0.0587175155606867,0.08877849548822421,0.036349281364415315,0.003665589822363695,0.0914703916398751,0.0002415874441203648,23,32,0.07788130211324339,0.15710554394189444,True,True,True,4.6864262560338846e-07,COMPLETE
814,0.2917293131351471,2025-04-15 14:56:12.652223,2025-04-15 14:56:21.316187,0 days 00:00:08.663964,0.2876590644975465,0.5924930601474515,8,0.01715295919689233,0.020894200408271044,0.09303048763900189,0.049448266022188485,0.08514606636585986,0.08867876546353301,0.0003183847529960016,20,38,0.05876837074598382,0.12529956621775723,True,True,True,2.4132475908484496e-07,COMPLETE
815,0.4239928722381592,2025-04-15 14:56:21.582610,2025-04-15 14:56:31.032381,0 days 00:00:09.449771,0.31451335947978354,0.9274605753691093,8,0.010966228119556977,0.030302901598161975,0.08763122017951697,0.05252784581471478,0.08101036226392971,0.05362052147434735,0.00013569214856377673,24,48,0.05188389337038382,0.1385325823798394,True,True,True,3.5853938902488216e-07,COMPLETE
816,0.4153421640396118,2025-04-15 14:56:31.302523,2025-04-15 14:56:38.781617,0 days 00:00:07.479094,0.3422830957436882,0.8703915612982587,16,0.004803132015907261,0.04850027270687471,0.09564757268491833,0.0453119724013318,0.09552734600451807,0.08432176335552052,0.0004396431294360143,19,52,0.06254334621977015,0.025185613374094168,True,True,True,7.322860415885921e-07,COMPLETE
817,0.4172318339347839,2025-04-15 14:56:39.036318,2025-04-15 14:56:48.147883,0 days 00:00:09.111565,0.3934265187141288,0.9052398601799888,8,0.020476604056397917,0.03546354512725678,0.08997498600492192,0.039442409285311536,0.09145838712185816,0.08746412739213864,0.0002720803023527674,21,64,0.060685481191986586,0.14593520600425114,True,True,True,2.9541178649730394e-07,COMPLETE
818,0.36880037784576414,2025-04-15 14:56:48.420429,2025-04-15 14:56:56.387001,0 days 00:00:07.966572,0.3629412474441536,0.84545982562587,16,0.02658797053821001,0.05449686897568727,0.08507907494246338,0.04987805406619534,0.09329832890413703,0.0946580185872136,0.00017762633370601636,22,68,0.05637931034958837,0.15330977658230566,True,True,True,2.3523256190392825e-07,COMPLETE
819,0.42225984334945676,2025-04-15 14:56:56.657232,2025-04-15 14:57:05.540230,0 days 00:00:08.882998,0.27478633929993673,0.9229662920678566,8,0.0001735618551237869,0.043233525389891184,0.09161554888770161,0.05670701108921178,0.08952809448982249,0.09003816386410807,0.000220659447682966,20,57,0.06460886624787641,0.10474748819388409,True,True,True,1.5452212681710684e-07,COMPLETE
820,0.3162501573562622,2025-04-15 14:57:05.796701,2025-04-15 14:57:13.291204,0 days 00:00:07.494503,0.32634973648289317,0.888396108419722,16,0.015295101187016108,0.02858642330284863,0.03630039992218563,0.04724248370720027,0.08745108952535882,0.07997868292768565,0.000526837858146939,19,61,0.027168606937863996,0.09097383197463123,True,True,False,0.0008841689959961063,COMPLETE
821,0.40885651111602783,2025-04-15 14:57:13.559134,2025-04-15 14:57:22.604593,0 days 00:00:09.045459,0.3009164202864545,0.8664689759585249,8,0.007389229215503965,0.011588890530284014,0.09470294398342788,0.05143564815283572,0.0858881550763248,0.09181551094179922,0.0003362658484618995,21,55,0.043954645758610925,0.15760054680808935,True,True,True,4.601223394937501e-07,COMPLETE
822,0.4259908318519593,2025-04-15 14:57:22.877452,2025-04-15 14:57:30.714087,0 days 00:00:07.836635,0.3719989312828372,0.9063245153950756,16,0.011417348185594851,0.05970285532774066,0.08325259123610335,0.05381932324946585,0.09677647694024538,0.08553516119241465,0.00015040565341815394,23,45,0.05108354810003847,0.1416198744574825,True,True,True,8.069977115138798e-07,COMPLETE
823,0.4312756776809692,2025-04-15 14:57:30.992111,2025-04-15 14:57:38.861856,0 days 00:00:07.869745,0.4057783626663365,0.3153013747149864,16,0.020411913753918147,0.2985609949303292,0.08822826391077068,0.05824825418972445,0.09971065151646163,0.08879035275935476,0.00015587176201652413,23,45,0.050697979728469275,0.13225228796015004,True,True,True,7.987691301207748e-07,COMPLETE
824,0.26959463953971863,2025-04-15 14:57:39.122871,2025-04-15 14:57:46.941014,0 days 00:00:07.818143,0.4010968656376631,0.462519254407397,16,0.025635876828442608,0.06340871320394983,0.08298984648044316,0.056924170551344674,0.09538018716038311,0.08929501032654742,0.0001073408820565768,23,45,0.04813024064663443,0.12466577646564289,True,True,True,1.2106334167674912e-06,COMPLETE
825,0.2670475959777832,2025-04-15 14:57:47.213488,2025-04-15 14:57:54.932905,0 days 00:00:07.719417,0.39263967676738437,0.31924950346994185,16,0.022162967673398093,0.17677500014520875,0.08707839218591108,0.06036301816476391,0.09900291479958255,0.09294556528692159,0.00012588257466277764,22,44,0.05013971798461823,0.13025633408792808,True,True,True,1.011246849461846e-06,COMPLETE
826,0.408367133140564,2025-04-15 14:57:55.208061,2025-04-15 14:58:02.891385,0 days 00:00:07.683324,0.3912281783676653,0.18462125781186686,16,0.02745950620739454,0.21863737604949235,0.061129999183899636,0.057333950465564616,0.09818148433887018,0.09134011519863515,0.00014566058259932893,22,47,0.0507599851534987,0.042867093859247765,True,True,True,8.862760105018581e-07,COMPLETE
827,0.38725242614746097,2025-04-15 14:58:03.150874,2025-04-15 14:58:10.932501,0 days 00:00:07.781627,0.4154289038090335,0.9292409556804828,16,0.019830731746244945,0.06082880685429928,0.08470775391362023,0.058901121864839236,0.09702754596377346,0.08873743506402508,0.0001436343882837907,23,41,0.045234724211202504,0.13300949101599033,True,True,True,1.4872302690756247e-06,COMPLETE
828,0.39849619865417485,2025-04-15 14:58:11.205352,2025-04-15 14:58:18.888875,0 days 00:00:07.683523,0.5875514641693255,0.9289161640428988,16,0.026347491563442682,0.2900172914570602,0.08785469480886192,0.054933094518672655,0.09756600250530244,0.09711228982966037,0.0001283229116769811,22,44,0.047792905032366266,0.12235316493554674,True,True,True,9.613443701863856e-07,COMPLETE
829,0.4238878011703492,2025-04-15 14:58:19.165169,2025-04-15 14:58:26.914122,0 days 00:00:07.748953,0.9780321706750674,0.14935690519199768,16,0.018036572841383186,0.049834138666800996,0.08012015398216486,0.054504957160949705,0.09966852761795252,0.04921988844285854,9.848714629475747e-05,22,48,0.05125456259733817,0.12967042689980587,True,True,True,8.61984904863515e-07,COMPLETE
830,0.28402339220047,2025-04-15 14:58:27.178301,2025-04-15 14:58:34.904104,0 days 00:00:07.725803,0.3776428692256835,0.6543544329151207,16,0.021101541185970497,0.039878609396666834,0.08880714319964296,0.05585075123441679,0.09953928293683995,0.09370000102579362,0.0001608466476393204,23,45,0.049393932581532005,0.11807497316937643,True,True,True,8.41212281195265e-07,COMPLETE
831,0.28188707232475285,2025-04-15 14:58:35.177631,2025-04-15 14:58:42.941732,0 days 00:00:07.764101,0.40413589704768227,0.24112674808373702,16,0.016500402195615452,0.19407654318612577,0.08637361499372494,0.053456856776789026,0.09403133361294767,0.09041923550881056,0.00011977804890896023,23,40,0.04622690851769903,0.13654726023938416,True,True,True,7.220551250677094e-07,COMPLETE
832,0.2048193633556366,2025-04-15 14:58:43.217091,2025-04-15 14:58:50.893678,0 days 00:00:07.676587,0.2536738430658627,0.04376715487224736,16,0.02704180742881468,0.25224219988047436,0.09017035408531289,0.06121585790468375,0.09818004407272478,0.087192332654771,0.0001595433455034495,22,49,0.0524812378166533,0.1276963574550285,True,True,True,6.834365370693724e-07,COMPLETE
833,0.2819623231887818,2025-04-15 14:58:51.155549,2025-04-15 14:58:58.665253,0 days 00:00:07.509704,0.4090553114546509,0.5180824171341263,16,0.0125912341176485,0.033218445434545024,0.08400387938934815,0.05842554346631347,0.09900478971102913,0.09250361071281624,0.00017840347636967845,21,37,0.050636066053414475,0.1378079693704267,True,True,True,1.4960689680192616e-06,COMPLETE
834,0.4081151127815247,2025-04-15 14:58:58.942642,2025-04-15 14:59:06.698778,0 days 00:00:07.756136,0.3778911085722241,0.9127580932842275,16,0.004912097754954181,0.06018546162445204,0.08840816865473039,0.05542092025336545,0.0973953156537754,0.0885082026434185,0.00015076808247580807,23,43,0.048642267265742875,0.11262791578075106,True,True,True,1.2229826875314452e-06,COMPLETE
835,0.346086585521698,2025-04-15 14:59:06.984104,2025-04-15 14:59:14.500880,0 days 00:00:07.516776,0.2905066213067907,0.9323310929758077,16,0.021682589913930517,0.044236690064416266,0.08688220456379617,0.054237041216517075,0.09745990293094392,0.09056375436183646,0.0001811808009479407,20,49,0.05282886413494523,0.1317030440100999,True,True,True,1.071218029932442e-06,COMPLETE
836,0.2048193633556366,2025-04-15 14:59:14.763305,2025-04-15 14:59:22.147481,0 days 00:00:07.384176,0.31532752995428615,0.35519643023853764,16,0.20293661200996094,0.04980408149996418,0.09000840654668121,0.05348433250124755,0.09605973900485719,0.09576767552744075,9.094364215604503e-05,19,45,0.05110066666361512,0.12086094962646025,True,True,True,7.474619817501424e-07,COMPLETE
837,0.2839209854602814,2025-04-15 14:59:22.421517,2025-04-15 14:59:29.885110,0 days 00:00:07.463593,0.2682914230472058,0.4360218016958151,16,0.016234866291398066,0.03760616193621421,0.0910291540858562,0.05897873083551079,0.09657874324042495,0.08511551054144587,0.0001271083314645614,21,40,0.04723971392265263,0.1404954683103009,True,True,True,5.590611056759738e-07,COMPLETE
838,0.4042974948883057,2025-04-15 14:59:30.165167,2025-04-15 14:59:37.919967,0 days 00:00:07.754800,0.37108800849002294,0.2899260733868216,16,0.027127593699905063,0.287394317812138,0.08210061304750742,0.05232296727336652,0.09993276040931942,0.09468849820591459,0.00019664580061145047,22,50,0.05285382991984594,0.1104287795156058,True,True,True,1.9075653947854597e-07,COMPLETE
839,0.27773904204368594,2025-04-15 14:59:38.185254,2025-04-15 14:59:45.918081,0 days 00:00:07.732827,0.33830234983527535,0.6285550412944197,16,0.010087591659754588,0.25773548827368803,0.08865326443647045,0.04303810065864594,0.096230685514265,0.08803899836133293,0.03580397105893315,23,47,0.05128505230711365,0.12543270411165086,True,True,True,6.672701008849349e-06,COMPLETE
840,0.28003535270690916,2025-04-15 14:59:46.194866,2025-04-15 14:59:53.515735,0 days 00:00:07.320869,0.3043508755138839,0.3734314079928269,16,0.005405428922361401,0.05552661565523387,0.08615719886163624,0.056395045378189644,0.09998547234635372,0.09055252372174447,0.00011248620720996016,19,42,0.05354745818498684,0.13743560553072437,True,True,False,1.9081255659987165e-06,COMPLETE
841,0.2048193633556366,2025-04-15 14:59:53.792504,2025-04-15 15:00:01.290980,0 days 00:00:07.498476,0.3492409166816844,0.9073292921252702,16,0.12541434975247026,0.02573478589334556,0.09145474810782372,0.04908507756808815,0.08228935083434501,0.09852754010904417,0.0001696666573014614,20,51,0.049272685462024214,0.13279595628462262,True,True,True,1.3315886966399435e-07,COMPLETE
842,0.24594184160232543,2025-04-15 15:00:01.574190,2025-04-15 15:00:09.171905,0 days 00:00:07.597715,0.2373850277981484,0.9149757803446549,16,0.020716896643740604,0.2078628607865569,0.08391885398639339,0.06277893518804653,0.09590782408920089,0.08611742370285314,0.00018217294003111358,21,46,0.049211687451582886,0.10050044479293271,True,True,True,9.827659272220784e-07,COMPLETE
843,0.33382227420806887,2025-04-15 15:00:09.434102,2025-04-15 15:00:16.898048,0 days 00:00:07.463946,0.3261869974155573,0.8919031068551769,16,0.02904670566758604,0.031970385259937645,0.08794055249337701,0.05269395549813204,0.09813254903952665,0.08896862641777803,0.0001351684476737195,20,38,0.051808402453984825,0.14106740889123842,True,True,True,2.4022630513637166e-06,COMPLETE
844,0.2718769431114197,2025-04-15 15:00:17.180362,2025-04-15 15:00:24.604652,0 days 00:00:07.424290,0.2822420041935384,0.5509668988273027,16,0.014102417705807516,0.0637156840455774,0.09551881806515897,0.05056568251201612,0.09488167219781288,0.09263465804389744,0.0002023775222766442,19,43,0.047938075392652206,0.11764681085910768,True,True,True,6.952085506560537e-07,COMPLETE
845,0.2048193633556366,2025-04-15 15:00:24.883253,2025-04-15 15:00:32.452932,0 days 00:00:07.569679,0.3545414307678119,0.10948351305016382,16,0.00960329547020762,0.18489680838001066,0.058178986890797084,0.04071619972312457,0.08415978298417982,0.08442533943090022,0.00014683339629574692,22,35,0.04477797210494445,0.10660183359048063,True,True,True,2.3405332155360852e-07,COMPLETE
846,0.2048193633556366,2025-04-15 15:00:32.717737,2025-04-15 15:00:40.539210,0 days 00:00:07.821473,0.4076490026166297,0.26725130217113224,16,0.24596777893374044,0.24284826983331814,0.0900814143139193,0.04756077999217052,0.08290352069494167,0.08687553016623653,0.00023067002592344588,23,52,0.054629334292811596,0.12723797795674133,True,True,True,5.968048923440196e-07,COMPLETE
847,0.27387065887451173,2025-04-15 15:00:40.821777,2025-04-15 15:00:48.270953,0 days 00:00:07.449176,0.3830312196951304,0.9344231866006526,16,0.0162751825061628,0.2980823998558511,0.09326687525325131,0.044879208122306585,0.08047987737584368,0.09201199215127817,0.09945081689858165,20,40,0.05355398368821078,0.13484308022177638,True,True,True,2.822095115944594e-07,COMPLETE
848,0.37096381187438965,2025-04-15 15:00:48.553342,2025-04-15 15:00:56.227444,0 days 00:00:07.674102,0.314179075142452,0.903608151813154,16,0.0232541848107636,0.04517945777530584,0.08610130213464,0.054949778993214,0.09418836913641186,0.09509725569607215,0.00010551808045203249,21,48,0.05014466036155401,0.1435676340417681,True,True,True,8.5322637026997e-07,COMPLETE
849,0.40508083105087284,2025-04-15 15:00:56.492593,2025-04-15 15:01:03.948641,0 days 00:00:07.456048,0.29443344305319724,0.9335371090114656,16,0.0051396330096943185,0.051268248559013754,0.09202789952947615,0.049162810534909035,0.09761322185478624,0.08974041237186758,0.00015460686411404231,19,54,0.04698920739014852,0.11380198409629241,True,True,True,1.751226813294913e-07,COMPLETE
850,0.32233713865280156,2025-04-15 15:01:04.229214,2025-04-15 15:01:11.966840,0 days 00:00:07.737626,0.3292383421466378,0.8845245696860077,16,0.02950396439667954,0.2831882105933988,0.08865192857729855,0.05236669960706515,0.08624757190831639,0.083561425926032,7.719250613072976e-05,22,51,0.05281050421492792,0.14171056533928206,True,True,True,4.790373694636181e-07,COMPLETE
851,0.2796177864074707,2025-04-15 15:01:12.248034,2025-04-15 15:01:19.830271,0 days 00:00:07.582237,0.36502430605260505,0.20876740831899387,16,0.0003292225323352129,0.23139484754213513,0.09631438713377731,0.04665323710432865,0.09358641127827183,0.08812207281944573,0.00020553599089971654,21,38,0.05134122001393286,0.12102598446387378,True,True,True,3.9655597348655e-07,COMPLETE
852,0.2517284393310547,2025-04-15 15:01:20.098856,2025-04-15 15:01:27.587413,0 days 00:00:07.488557,0.3410019538552857,0.06490043898190101,16,0.01327913389567107,0.03816976821659284,0.09358558605003499,0.050087451709521426,0.0960773847930807,0.09367421033721533,0.0002122430227947778,20,45,0.05450371883261662,0.12927473082649546,True,True,True,2.070855085075769e-07,COMPLETE
853,0.34909764528274534,2025-04-15 15:01:27.865650,2025-04-15 15:01:35.669950,0 days 00:00:07.804300,0.3114429839691593,0.9120432990734423,16,0.021067912938122522,0.27858948277793194,0.09159082547131173,0.057645074539276704,0.09995660710669857,0.0968829097686024,0.0001637643788538443,22,57,0.049305139321078224,0.13494764612930424,True,True,True,3.106807824594405e-07,COMPLETE
