number,value,datetime_start,datetime_complete,duration,params_alpha-eval,params_alpha-train,params_batch-size,params_eps-eval,params_eps-train,params_lambda-actions-eval,params_lambda-actions-train,params_lambda-frames-eval,params_lambda-frames-train,params_learning-rate,params_n-epochs,params_n-frames,params_radius-gw,params_rho,params_std-feats,params_ub-actions,params_ub-frames,params_weight-decay,state
1309,0.4156001687049866,2025-04-15 16:10:47.643651,2025-04-15 16:10:58.426739,0 days 00:00:10.783088,0.5196374172051809,0.831154295801956,16,0.03345026517807437,0.13826461244445373,0.09008137154974946,0.02810008929072006,0.07864767749492224,0.09370738040263515,0.00015000759646768497,30,145,0.06410707846686438,0.2057763607767716,True,True,True,1.7526175304160307e-08,COMPLETE
1310,0.2261333227157593,2025-04-15 16:10:58.853703,2025-04-15 16:11:09.320103,0 days 00:00:10.466400,0.4265902549521991,0.434637784323823,16,0.12855598346006616,0.1447373984797073,0.09799357883462509,0.02196866895840462,0.08175513360914953,0.037304355971410075,9.802509621714318e-05,29,142,0.05679526743680762,0.18079100502621795,True,True,True,3.986788735522307e-06,COMPLETE
1311,0.42484869956970217,2025-04-15 16:11:09.745658,2025-04-15 16:11:17.668183,0 days 00:00:07.922525,0.4928812307605975,0.7140462109907612,16,0.02212576831723493,0.16095955677469587,0.09296666678247623,0.03564937834274074,0.08623772699813345,0.09826110796504611,0.00016622808214109764,17,108,0.059180362040214624,0.19738917568277878,True,True,True,4.3803108271798036e-08,COMPLETE
1312,0.42655192613601683,2025-04-15 16:11:18.093293,2025-04-15 16:11:26.405666,0 days 00:00:08.312373,0.4674720196263804,0.73851041013758,16,0.02956262657057907,0.1724539306305186,0.09993170495440583,0.023791650387185736,0.07739747040149582,0.09545705799833543,0.0001777081951346747,15,147,0.061321515506930546,0.21455878434912867,True,True,True,2.0528862723955517e-08,COMPLETE
1313,0.40294576883316036,2025-04-15 16:11:26.829012,2025-04-15 16:11:35.104761,0 days 00:00:08.275749,0.5652222594406486,0.8272728692395745,16,0.03740142774048665,0.15561611586967428,0.09629500060694919,0.02963506657697843,0.08295244645620281,0.09683713979455276,0.00013273467789948933,16,140,0.06298763895087454,0.18566671450071778,True,True,True,1.2815970870171117e-08,COMPLETE
1314,0.4127718925476075,2025-04-15 16:11:35.527701,2025-04-15 16:11:45.702286,0 days 00:00:10.174585,0.5041119117802424,0.7980900784006589,16,0.019238793260179236,0.16500329971878927,0.09430428019158596,0.014907942318793792,0.08045272628255035,0.09829535948387257,6.941170439138284e-05,28,137,0.06831628626727856,0.1913881316047943,True,True,True,2.524278290495857e-08,COMPLETE
1315,0.4242265701293946,2025-04-15 16:11:46.146511,2025-04-15 16:11:55.866335,0 days 00:00:09.719824,0.5314054713429195,0.7670097793193451,16,0.027505794997035208,0.24959844471617393,0.09179046362563038,0.032290461607099086,0.08507998495233975,0.09290551819319852,0.00011504214321135635,29,113,0.05926825008610777,0.20162066548638818,True,True,True,1.0164183408985537e-08,COMPLETE
1316,0.3603686332702637,2025-04-15 16:11:56.296925,2025-04-15 16:12:04.360229,0 days 00:00:08.063304,0.48561099169748245,0.8074633105733082,16,0.04357863397930356,0.18065215296896098,0.0969064633829806,0.02536874936106857,0.08238401237140666,0.09526625797197227,0.00017809636851155125,14,145,0.0655149504576221,0.17748151652590752,True,True,True,1.601311714595124e-08,COMPLETE
1317,0.293263453245163,2025-04-15 16:12:04.788023,2025-04-15 16:12:13.288019,0 days 00:00:08.499996,0.41598424237440945,0.4759677933888942,16,0.03276920460635938,0.17354628029977837,0.09510002866455064,0.02691878151650841,0.08737434361563297,0.026674255717039907,8.888520541057197e-05,16,150,0.05643822840540339,0.2206705426714007,True,True,True,3.47535416988251e-08,COMPLETE
1318,0.4260530710220337,2025-04-15 16:12:13.717438,2025-04-15 16:12:24.344365,0 days 00:00:10.626927,0.458716837695797,0.7473284137078765,16,0.02412843273824114,0.16711225599424073,0.09335137721767689,0.02152760410068409,0.07996796857653261,0.09995259969862867,0.000147552461829071,30,143,0.06153030088862777,0.2114287821633284,True,True,True,2.112879653682774e-08,COMPLETE
1319,0.3150046706199646,2025-04-15 16:12:24.771110,2025-04-15 16:12:32.878846,0 days 00:00:08.107736,0.174605462202928,0.7784376376671538,16,0.01757213115878843,0.18630936062717104,0.09014034328952542,0.03102967916989753,0.07673796079311342,0.09997115558261924,6.417222522091837e-05,15,135,0.0582548235391359,0.19544166989714543,True,True,True,1.2401732036773272e-08,COMPLETE
1320,0.2181125283241272,2025-04-15 16:12:33.302699,2025-04-15 16:12:41.852456,0 days 00:00:08.549757,0.5473076255862082,0.7168372451574965,16,0.28883227641093767,0.1581077924489652,0.09770507160320165,0.028711251930208022,0.08460623037326374,0.09700943959281563,0.000185938565240051,17,147,0.06352012761630248,0.17759521888267277,True,True,False,2.8533263200648532e-08,COMPLETE
1321,0.42667158842086794,2025-04-15 16:12:42.279541,2025-04-15 16:12:49.381978,0 days 00:00:07.102437,0.5124204218298916,0.7582216723932818,16,0.029291329594760943,0.17854392518798853,0.0957826487988282,0.023112392600709082,0.08164355925563681,0.09294755579686663,0.0001042978965357176,14,140,0.06035579136037182,0.18746622120470544,False,True,True,1.8087746374303887e-08,COMPLETE
1322,0.2048193633556366,2025-04-15 16:12:49.807237,2025-04-15 16:12:57.961561,0 days 00:00:08.154324,0.5927323329416511,0.010933047291511566,16,0.26133650832322014,0.2748776911215779,0.09989640259760556,0.03391362659969298,0.07827206693910634,0.09821088726112573,3.482204248179036e-05,15,142,0.06171872311085428,0.2075546535336457,True,True,True,1.430287891058391e-08,COMPLETE
1323,0.3089894533157349,2025-04-15 16:12:58.408240,2025-04-15 16:13:06.876343,0 days 00:00:08.468103,0.475262265468111,0.27416996594569076,16,0.03791400226727415,0.16985830673523622,0.09185210436620585,0.027403084480232546,0.0839344289252532,0.09557972014847205,0.00013732860125672134,16,147,0.05688749588673206,0.2010653420641992,True,True,True,2.1518194579226445e-08,COMPLETE
1324,0.423733127117157,2025-04-15 16:13:07.308850,2025-04-15 16:13:17.818351,0 days 00:00:10.509501,0.5286831896875148,0.7898383439433789,16,0.022450026900131065,0.22556170095279224,0.09356680126176983,0.013127812810754582,0.08031108220546769,0.09684962727984132,8.181293117816873e-05,30,138,0.05947793411472868,0.18189602977527886,True,True,True,1.6425568556370722e-08,COMPLETE
1325,0.4219980239868164,2025-04-15 16:13:18.248898,2025-04-15 16:13:28.470472,0 days 00:00:10.221574,0.443991488838691,0.7354645580862214,16,0.03288983980045336,0.15070529936335278,0.09822900442606924,0.01841435348945781,0.07404537532728984,0.09289782420882559,0.00017726535651632465,27,144,0.06492477657004125,0.19007215445982537,True,True,True,1.0141435588709343e-08,COMPLETE
1326,0.4077211499214173,2025-04-15 16:13:28.900454,2025-04-15 16:13:35.653801,0 days 00:00:06.753347,0.4956721492659909,0.8250342818737567,16,0.016826676321572163,0.1631670142134858,0.09596901638524576,0.029463812545409553,0.08640409755605946,0.07074849061137137,0.00012399722323012298,15,10,0.06691770592702279,0.19814797219881042,True,True,True,3.48388874168488e-08,COMPLETE
1327,0.2920902252197266,2025-04-15 16:13:36.087228,2025-04-15 16:13:46.723718,0 days 00:00:10.636490,0.5549888659924705,0.7677847612739236,16,0.07869076456873036,0.17634189885952967,0.08944200714749566,0.0264546132771561,0.08298330714923993,0.09831078012446348,0.00019080094842980757,29,147,0.06285624431839584,0.23832831002039612,True,True,True,2.6591859074778678e-08,COMPLETE
1328,0.34592992067337036,2025-04-15 16:13:47.154491,2025-04-15 16:13:55.636541,0 days 00:00:08.482050,0.5123404372683181,0.8058260346959374,16,0.04573762939024973,0.18863243850675293,0.0941725458066479,0.02444058147574522,0.07893356170067126,0.09491387253151543,0.00015433393315480515,16,150,0.05844908146202592,0.1835109239209414,True,True,True,1.4642241147013949e-08,COMPLETE
1329,0.35222592353820803,2025-04-15 16:13:56.063432,2025-04-15 16:14:06.717993,0 days 00:00:10.654561,0.4629428070960789,0.7002801763776939,16,0.02711816135846385,0.17008352446882263,0.09999671422962297,0.021004160699290418,0.08174722807629213,0.0966913726771789,5.468763678409166e-05,30,141,0.06122048133832015,0.22671134774841983,True,True,True,2.0473399835980936e-08,COMPLETE
1330,0.3043150067329407,2025-04-15 16:14:07.150529,2025-04-15 16:14:15.771912,0 days 00:00:08.621383,0.4213935381225833,0.24262249272545128,16,0.034444233618821714,0.18142231946087503,0.09158898768792033,0.0316792511091308,0.08505988789831623,0.0983166162615076,9.73336348501985e-05,17,144,0.05669274461024678,0.1934047213106402,True,True,True,1.2389552183364354e-08,COMPLETE
1331,0.42871823310852053,2025-04-15 16:14:16.202180,2025-04-15 16:14:26.510439,0 days 00:00:10.308259,0.48539030696800967,0.7370917641956543,16,0.02340784938443857,0.1585914664800434,0.0966443746424475,0.03584985328854184,0.08762703815975209,0.04520625881043068,8.209269126312813e-05,29,137,0.06001320002980719,0.17646056654276657,True,True,True,4.547885653271937e-08,COMPLETE
1332,0.37113118171691895,2025-04-15 16:14:26.960086,2025-04-15 16:14:35.716420,0 days 00:00:08.756334,0.4689732987688024,0.7507737632212023,16,0.01871933498989713,0.15543180102753404,0.0980781934641661,0.03543546626542695,0.08795355203730579,0.045146370008580614,6.845196946450788e-05,30,134,0.05861827542545259,0.17748537792135904,False,True,True,3.980507480807336e-08,COMPLETE
1333,0.42296085357666013,2025-04-15 16:14:36.149863,2025-04-15 16:14:46.367028,0 days 00:00:10.217165,0.44603339444419643,0.7724575153693708,16,0.018479034714748106,0.14507884341638988,0.09699314454793449,0.03507370225383895,0.08793199609454534,0.04417293678691444,8.057747139794459e-05,28,139,0.05652453561830078,0.17619718951900543,True,True,True,4.7430048086649086e-08,COMPLETE
1334,0.42652192115783694,2025-04-15 16:14:46.800887,2025-04-15 16:14:56.874804,0 days 00:00:10.073917,0.4864257101697496,0.7390281553552664,16,0.022665155248874063,0.1510707686303251,0.09699099616118664,0.03611335716645999,0.0863312770419638,0.09290600687706108,8.675109899882991e-05,28,135,0.05925059884762771,0.17479272424110287,True,True,True,4.652609568373154e-08,COMPLETE
1335,0.42591859102249147,2025-04-15 16:14:57.314335,2025-04-15 16:15:07.667786,0 days 00:00:10.353451,0.48152644071644707,0.7855335140312052,16,0.015923700622853997,0.14221690354657804,0.0987311317166021,0.03340112768881261,0.08673638832309762,0.0283914380987784,7.175292975158399e-05,29,136,0.060403001753323464,0.21707034265955183,True,True,True,4.991069825558863e-08,COMPLETE
1336,0.424497127532959,2025-04-15 16:15:08.101314,2025-04-15 16:15:18.405702,0 days 00:00:10.304388,0.4578663832315365,0.7554383834865653,16,0.024713252121033036,0.15527539392948184,0.09630832091473626,0.0339110467510856,0.08523802462735097,0.09472841313173572,5.5452338174302496e-05,29,135,0.06371261758278592,0.20512394792716598,True,True,True,3.503516590063706e-08,COMPLETE
1337,0.4247486472129822,2025-04-15 16:15:18.849108,2025-04-15 16:15:28.995892,0 days 00:00:10.146784,0.4944222450951932,0.8082638620927172,16,0.01596002083844053,0.14774311706836982,0.09839200059091131,0.03713297607788935,0.08781187942660629,0.05197343376645813,6.737814208545696e-05,28,137,0.05705774070508984,0.20309267490886096,True,True,True,3.007985266517368e-08,COMPLETE
1338,0.42838801145553584,2025-04-15 16:15:29.431280,2025-04-15 16:15:39.898876,0 days 00:00:10.467596,0.44517227346853616,0.7716615699080575,16,0.02316280996212894,0.16028422156355074,0.0960940010320685,0.0363121871309136,0.08756463801811876,0.03388884474135039,9.524702831078945e-05,29,139,0.06032022490356438,0.21250402313420125,True,True,True,3.83028312002251e-08,COMPLETE
1339,0.2348553001880646,2025-04-15 16:15:40.357635,2025-04-15 16:15:50.475346,0 days 00:00:10.117711,0.4183348274789423,0.7885211053108249,16,0.016556779697646764,0.1528557757041447,0.09468442459191823,0.03462636153665475,0.0883472534893682,0.031753236370506116,8.60769276715238e-05,29,133,0.06238272183540871,0.21461483144784813,True,True,False,5.058901133636392e-08,COMPLETE
1340,0.29375580549240116,2025-04-15 16:15:50.914710,2025-04-15 16:16:01.253099,0 days 00:00:10.338389,0.43071915692489043,0.2986020385306633,16,0.022719791672719026,0.15811533250265172,0.09311540115468116,0.0356603997039886,0.02200313195487918,0.034045729042166156,9.84281213321246e-05,29,138,0.06468651383195974,0.21954289175426717,True,True,True,3.964341865173734e-08,COMPLETE
1341,0.42406234741210935,2025-04-15 16:16:01.689110,2025-04-15 16:16:11.924792,0 days 00:00:10.235682,0.44709511524904616,0.8116809041233567,16,0.01694653886685879,0.14746217402783982,0.09544860914096473,0.036271864668765266,0.08878174338818999,0.04705668816500857,7.538436019398665e-05,29,133,0.061908341317385276,0.21029056196871823,True,True,True,4.1415979696022896e-08,COMPLETE
1342,0.2048193633556366,2025-04-15 16:16:12.361552,2025-04-15 16:16:22.543865,0 days 00:00:10.182313,0.43537703647246595,0.7717720754466854,16,0.13817962043800802,0.26353641654403503,0.09047858136251327,0.036559287370782005,0.08737546159906388,0.04023951446931968,0.00010211340117348406,28,139,0.06008936275978503,0.2243009280486551,True,True,True,3.772910867423927e-08,COMPLETE
1343,0.4250395178794861,2025-04-15 16:16:22.978637,2025-04-15 16:16:33.334116,0 days 00:00:10.355479,0.45721947358039466,0.8295453120247984,16,0.02231768630324988,0.1626339865166032,0.09992717133209833,0.03674334667554155,0.08814444850987709,0.05402094388964048,8.38576263322825e-05,29,138,0.06643597580670632,0.23310430556805212,True,True,True,3.018324379965579e-08,COMPLETE
1344,0.3232967972755432,2025-04-15 16:16:33.764333,2025-04-15 16:16:42.330140,0 days 00:00:08.565807,0.4439318048542701,0.7956733298219473,16,0.023169941371137398,0.1594833142365877,0.09306543625714414,0.03810286696795845,0.08624759006071073,0.0555642653078955,5.947956943943999e-05,28,140,0.06341186731917292,0.21773532089481182,False,True,True,4.8168670374018204e-08,COMPLETE
1345,0.4063427448272705,2025-04-15 16:16:42.765601,2025-04-15 16:16:53.100714,0 days 00:00:10.335113,0.4184329208254517,0.7819610326241623,16,0.015249423095221726,0.13939800453990486,0.09588569299429962,0.03670910569261823,0.08602553168864875,0.04340024268960051,9.823837509310904e-05,29,134,0.0696466056573889,0.21124416582863673,True,True,True,4.91570209347894e-08,COMPLETE
1346,0.4297568559646607,2025-04-15 16:16:53.534895,2025-04-15 16:17:03.728258,0 days 00:00:10.193363,0.4549549679007417,0.769291399322162,16,0.02648302195026223,0.15480700151481003,0.09797162481252435,0.033806322623775545,0.08820874936537983,0.06089522814268681,0.0001131593838260732,28,136,0.05901928972682575,0.2112291081910794,True,True,True,3.56634173862408e-08,COMPLETE
1347,0.4243103742599488,2025-04-15 16:17:04.182758,2025-04-15 16:17:14.336917,0 days 00:00:10.154159,0.4208442145925777,0.7627224895882375,16,0.016720482008337992,0.1598786435669624,0.09847232338646401,0.03426438463631799,0.0883119412137334,0.06417125722607779,0.00011757991566761056,28,135,0.0560806417458735,0.21687730543127212,True,True,True,3.0699810004037094e-08,COMPLETE
1348,0.2088941752910614,2025-04-15 16:17:14.784980,2025-04-15 16:17:24.967306,0 days 00:00:10.182326,0.4394321521112912,0.3455601189079283,16,0.15205022477527697,0.14774730277003628,0.09836298518321827,0.033837214989982635,0.08826820011342529,0.025599138096134483,0.00011097073919960652,28,135,0.0582898739991059,0.220218321772548,True,True,True,4.175752426162414e-08,COMPLETE
1349,0.4235205054283142,2025-04-15 16:17:25.409135,2025-04-15 16:17:35.296717,0 days 00:00:09.887582,0.46503601560045466,0.7614169083744656,16,0.022168927418049444,0.15321652613494216,0.09826997258811046,0.03554738923872905,0.08823150064396261,0.06493331526680952,0.0001184774952134191,27,133,0.055740710138786696,0.22593406787006032,True,True,True,5.0346722008936805e-08,COMPLETE
1350,0.42445023059844966,2025-04-15 16:17:35.736524,2025-04-15 16:17:46.071234,0 days 00:00:10.334710,0.4240408660799973,0.7357669951020841,16,0.015663409370091634,0.16427069010919393,0.09820494529531154,0.03728492130669473,0.08835009009853899,0.035265987414221656,0.00010905587553276759,29,136,0.058298363694272756,0.21223901061903183,True,True,True,6.063287295516505e-08,COMPLETE
1351,0.4310520768165589,2025-04-15 16:17:46.509832,2025-04-15 16:17:56.747239,0 days 00:00:10.237407,0.4447203718886086,0.771085656848722,16,0.02649399729754561,0.157590427282893,0.09702313595196402,0.033196057134208014,0.08836487219522345,0.05849514543703317,0.00012704749724517814,28,137,0.059357381818091574,0.21153703262604456,True,True,True,5.408607561242771e-08,COMPLETE
1352,0.42338161468505864,2025-04-15 16:17:57.186930,2025-04-15 16:18:07.469372,0 days 00:00:10.282442,0.4399694422293672,0.7699788752303748,16,0.0217886195412124,0.14987377834147897,0.09964389781434092,0.035020874754152415,0.08828945123419105,0.06749112834207756,0.00012032026373751832,28,137,0.056612864446245935,0.2196741680170395,True,True,True,5.929458631405704e-08,COMPLETE
1353,0.4250920653343201,2025-04-15 16:18:07.905870,2025-04-15 16:18:17.779600,0 days 00:00:09.873730,0.41630818050046065,0.7774033288021579,16,0.01569406436887483,0.15668211108599495,0.0968637700732266,0.033149186441313205,0.08927140101055989,0.06002591734823673,0.00010692839514557367,27,133,0.057257890745345395,0.22464236344645244,True,True,True,5.274438377431193e-08,COMPLETE
1354,0.426124382019043,2025-04-15 16:18:18.236090,2025-04-15 16:18:28.586987,0 days 00:00:10.350897,0.4522531312829378,0.7558759651608745,16,0.023579866478527556,0.1445110093625075,0.09809526810544257,0.03779148004376588,0.08674885326530457,0.052670394284786336,0.0001239127063087933,27,150,0.05768580977850135,0.2157422602183732,True,True,True,3.888655497697303e-08,COMPLETE
1355,0.3707375407218933,2025-04-15 16:18:29.029309,2025-04-15 16:18:37.583292,0 days 00:00:08.553983,0.4374682509169349,0.7828685235055891,16,0.026232790047149963,0.15356487353043638,0.09978699223626458,0.03562584305413053,0.08694065502892608,0.05032256145788534,9.497362868321341e-05,28,141,0.05588711651993655,0.23317176551253138,False,True,True,3.764118033255858e-08,COMPLETE
1356,0.38127574920654295,2025-04-15 16:18:38.025715,2025-04-15 16:18:48.112585,0 days 00:00:10.086870,0.41440673989753213,0.7663514754971741,16,0.01872328716851516,0.15902452692033092,0.09647211846271903,0.03341094632664636,0.08806569829019474,0.06112469976348944,7.981649119254394e-05,28,133,0.08384597340504212,0.21296801968433018,True,True,True,3.76636243569248e-08,COMPLETE
1357,0.2874003767967224,2025-04-15 16:18:48.564235,2025-04-15 16:18:59.009104,0 days 00:00:10.444869,0.4616416392020232,0.07178202548475793,16,0.026563790100428166,0.13869191120300395,0.09658119319288984,0.032708691416822304,0.08899744830289544,0.056159959256518024,0.00012196891433616918,28,146,0.05858374803248859,0.2227916925273089,True,True,True,4.54686144198099e-08,COMPLETE
1358,0.42404651641845703,2025-04-15 16:18:59.450449,2025-04-15 16:19:09.693160,0 days 00:00:10.242711,0.4371756670947157,0.7905711210833998,16,0.01795099870100602,0.1517253009661222,0.09838620069419432,0.03653487871154314,0.08645314310027667,0.03884172206159634,9.631996456921062e-05,28,137,0.055632794412895856,0.20981121570441846,True,True,True,6.25686509921262e-08,COMPLETE
1359,0.21578318476676944,2025-04-15 16:19:10.133101,2025-04-15 16:19:20.224440,0 days 00:00:10.091339,0.464695847391738,0.7511782669546616,16,0.02750240749786082,0.1598202882818761,0.09573532913326473,0.033204869255879454,0.0886156572253454,0.05867117272172261,0.00013412065814618322,27,142,0.05917457596657605,0.23029616946541284,True,True,False,5.151120327553387e-08,COMPLETE
1360,0.42454464435577394,2025-04-15 16:19:20.682735,2025-04-15 16:19:31.357743,0 days 00:00:10.675008,0.4605314411019636,0.7765071776089538,16,0.015256167470819565,0.28399378677155923,0.0954545823457734,0.03496898170388126,0.08915791741073138,0.042599112198049294,8.757101301540743e-05,29,147,0.05999804168695365,0.21421379137857768,True,True,True,3.558297912599201e-08,COMPLETE
1361,0.4223504543304444,2025-04-15 16:19:31.802980,2025-04-15 16:19:41.934037,0 days 00:00:10.131057,0.4102706723785368,0.7984003288498218,16,0.022019622938409037,0.14667171037382404,0.09825101978104214,0.037068149428648306,0.08618137306767933,0.062031686565489366,7.700295737988261e-05,27,140,0.058088876648496844,0.2085112719962178,True,True,True,4.040473904706017e-08,COMPLETE
1362,0.2048193633556366,2025-04-15 16:19:42.378540,2025-04-15 16:19:52.748217,0 days 00:00:10.369677,0.4431945098628312,0.7545593862845965,16,0.20365237480041382,0.16311948882136648,0.09985029573503847,0.03171397284782711,0.0863546756767346,0.03122755822844957,0.00012952838113597338,28,144,0.05589747365783099,0.21786554860071286,True,True,True,5.437112875433923e-08,COMPLETE
1363,0.42913360595703126,2025-04-15 16:19:53.187755,2025-04-15 16:20:03.323705,0 days 00:00:10.135950,0.47577865217728965,0.7743354494262359,16,0.02759728981466914,0.15650533182942367,0.0952389172229687,0.034350627146311305,0.08907365667617902,0.058332233686873694,0.0001104056210089174,29,131,0.06005254361076534,0.20792877950743038,True,True,True,3.2080844125682535e-08,COMPLETE
1364,0.42173864841461184,2025-04-15 16:20:03.770833,2025-04-15 16:20:13.901290,0 days 00:00:10.130457,0.48014053380591515,0.774068013435014,16,0.03183517423109552,0.14960877544228135,0.0952153869144218,0.03216832287630613,0.08968288761840221,0.057508543878576485,0.00010568108173453598,29,130,0.06004058791963156,0.20960253751414304,True,True,True,3.211665630515676e-08,COMPLETE
1365,0.4288159132003784,2025-04-15 16:20:14.342794,2025-04-15 16:20:24.604742,0 days 00:00:10.261948,0.47274590639767,0.747002959123152,16,0.028195056605257614,0.15680351703970707,0.09998616195345766,0.034489851255947036,0.08874098688310464,0.03697618986731434,9.75876818151462e-05,29,132,0.06030234735537543,0.20791774327085571,True,True,True,4.3652724385429715e-08,COMPLETE
