number,value,datetime_start,datetime_complete,duration,params_alpha-eval,params_alpha-train,params_batch-size,params_eps-eval,params_eps-train,params_lambda-actions-eval,params_lambda-actions-train,params_lambda-frames-eval,params_lambda-frames-train,params_learning-rate,params_n-epochs,params_n-frames,params_radius-gw,params_rho,params_std-feats,params_ub-actions,params_ub-frames,params_weight-decay,state
1082,0.42784929275512695,2025-04-13 16:20:45.596777,2025-04-13 16:20:53.423581,0 days 00:00:07.826804,0.57405505099659,0.7541856983909812,8,0.06886371769860891,0.09123105672377832,0.07017421069348043,0.05243508135431866,0.07196726528610295,0.012673033473272219,0.00026312084817303483,15,46,0.05832687284088049,0.27161182377300336,True,True,True,6.689267490029087e-07,COMPLETE
1083,0.31868075728416445,2025-04-13 16:20:53.772880,2025-04-13 16:21:09.033772,0 days 00:00:15.260892,0.5288431085179626,0.6918116458490696,2,0.03643680809195773,0.07978323247411187,0.06042075705507725,0.04729908653245594,0.06700825332997175,0.015888763102646076,0.00045107004152782895,17,40,0.0688900694406935,0.26513857036383315,True,True,True,1.30027664964446e-06,COMPLETE
1084,0.3646501302719116,2025-04-13 16:21:09.392409,2025-04-13 16:21:17.729059,0 days 00:00:08.336650,0.46895369510634166,0.7203099763157508,8,0.09722750181559434,0.12928905620381398,0.06306191895829069,0.04312600966518078,0.07533306197832103,0.021057702276699453,0.00016039844755138936,19,36,0.06353528904326769,0.24823052140141072,True,True,True,2.556634544802923e-06,COMPLETE
1085,0.41518527269363403,2025-04-13 16:21:18.080526,2025-04-13 16:21:26.096469,0 days 00:00:08.015943,0.5897638297337022,0.7804629820207091,8,0.05319188988150004,0.10139871364536142,0.06843230562128061,0.05040298189827233,0.07034204620592045,0.010450073000478143,0.0003177495819469941,16,49,0.06095669096368951,0.2564489565467758,True,True,True,7.074685373242811e-06,COMPLETE
1086,0.31441737413406373,2025-04-13 16:21:26.432929,2025-04-13 16:21:34.702596,0 days 00:00:08.269667,0.5059144621169086,0.7493732102116827,8,0.047164804332457295,0.11269007021483225,0.01866650159662816,0.056413216751506054,0.02807902254352951,0.017546412384055333,0.00021299157693253787,18,44,0.0552883585395987,0.27816979114401336,True,True,True,3.398100464298839e-06,COMPLETE
1087,0.2904882073402405,2025-04-13 16:21:35.050286,2025-04-13 16:21:42.911103,0 days 00:00:07.860817,0.3528439893424179,0.700836540165201,8,0.04118778336753048,0.16194452710452495,0.06545797993936034,0.04585816007164699,0.07941971149354275,0.013160065399457964,0.00026853442637262803,15,46,0.06595465313110453,0.2615380852663932,True,True,True,5.283543644819558e-06,COMPLETE
1088,0.2119796633720398,2025-04-13 16:21:43.262755,2025-04-13 16:21:51.323081,0 days 00:00:08.060326,0.5553609233274275,0.6706815064605998,8,0.16289372653433942,0.11764051888315535,0.058715663077874375,0.04843960502003576,0.0735299229248289,0.006649589869840321,0.000349843032455958,17,41,0.06030649558543312,0.24132506370956294,True,True,True,1.8509884829901994e-06,COMPLETE
1089,0.41136518716812137,2025-04-13 16:21:51.672135,2025-04-13 16:21:59.689396,0 days 00:00:08.017261,0.6175402999742508,0.735814805912575,8,0.06365323591740152,0.0948212172493318,0.062154245129888666,0.052863305173746634,0.07636200132056183,0.01503025377248024,0.00018952233818449752,16,50,0.05791656958750228,0.2695216055972264,True,True,True,8.8494462940882e-06,COMPLETE
1090,0.4248974204063416,2025-04-13 16:22:00.046033,2025-04-13 16:22:08.235389,0 days 00:00:08.189356,0.5742112363547331,0.7769329171423627,8,0.05661864029271491,0.10562704179350255,0.06668170495329012,0.04138201699834884,0.07166119241038692,0.009528510367619975,0.0005386262407765662,17,44,0.0630998036264088,0.25071324311162835,True,True,True,4.268785738076948e-06,COMPLETE
1091,0.3200188517570496,2025-04-13 16:22:08.586785,2025-04-13 16:22:22.566354,0 days 00:00:13.979569,0.5268626124157244,0.7180549030237091,2,0.07973507034349928,0.1446938336620978,0.06994970197932894,0.051270160989106216,0.06857318115426557,0.01228155175508357,0.00022209450872336169,15,39,0.06192068142480858,0.23393682105636965,True,True,True,2.921429619274211e-06,COMPLETE
1092,0.42541270256042485,2025-04-13 16:22:22.920269,2025-04-13 16:22:30.611254,0 days 00:00:07.690985,0.543256460700347,0.6874964009207182,8,0.049579756480202686,0.12116792643059938,0.0639407927582154,0.05453292653027303,0.07822513793666697,0.016623255921072968,0.00013948044143979584,14,54,0.059454285678011407,0.2739222981081115,True,True,True,2.3129119329791235e-06,COMPLETE
1093,0.2048193633556366,2025-04-13 16:22:30.964639,2025-04-13 16:22:39.129083,0 days 00:00:08.164444,0.5988559543077259,0.743753634929256,8,0.03553181043883319,0.09890706741495806,0.060320954793562004,0.048717677579085766,0.06531870161502569,0.01933943273846139,0.0002978846174807025,18,47,0.06439775783143986,0.26543990468432976,True,True,False,3.712154288547135e-06,COMPLETE
1094,0.2048193633556366,2025-04-13 16:22:39.483642,2025-04-13 16:22:47.293666,0 days 00:00:07.810024,0.6453223676760977,0.7129940608501951,8,0.04191649958629784,0.13588786228030972,0.0660168220755916,0.05834079074955789,0.02540435279145649,0.008210559911262306,0.00038871925976510416,16,35,0.05668412915330502,0.283314154442926,True,True,True,5.920476449633904e-06,COMPLETE
1095,0.3931495189666748,2025-04-13 16:22:47.651375,2025-04-13 16:22:55.801211,0 days 00:00:08.149836,0.5588559897698103,0.6614234419393478,8,0.05824052659684059,0.10839572624197646,0.06289275139662814,0.04657036147229809,0.07389283615798295,0.014015124606246356,0.00023601810032500072,17,43,0.06041890760516321,0.2584893922381516,True,True,True,1.5560625908702087e-06,COMPLETE
1096,0.28448400497436527,2025-04-13 16:22:56.156619,2025-04-13 16:23:04.085716,0 days 00:00:07.929097,0.4860437673737655,0.7597566525934853,8,0.06875940796495171,0.167615456184173,0.05752264518499688,0.044228988394913786,0.07536686971841625,0.0113631408528832,0.0006451394803809296,16,41,0.06691682548519115,0.1158793136580378,True,True,True,7.850620520862274e-06,COMPLETE
1097,0.4238699316978455,2025-04-13 16:23:04.422212,2025-04-13 16:23:12.719477,0 days 00:00:08.297265,0.51250560347903,0.7298248429993264,8,0.048308396213508395,0.11531067348301939,0.07239149550625544,0.05074336893683553,0.0802816266101884,0.00635020964285827,0.0004602141583041805,18,50,0.062290411726206585,0.24340572227950377,True,True,True,4.533492329271036e-06,COMPLETE
1098,0.4120197057723999,2025-04-13 16:23:13.075400,2025-04-13 16:23:21.463349,0 days 00:00:08.387949,0.5808899859039874,0.46971687773100196,8,0.05276939616137504,0.19496537990801255,0.06861442685323986,0.05330868586074617,0.07183955910641766,0.01583430909251337,0.037959523509406075,19,45,0.05457319803286854,0.2526430242417177,True,False,True,3.2167348506186572e-06,COMPLETE
1099,0.4178536176681519,2025-04-13 16:23:21.813206,2025-04-13 16:23:29.952822,0 days 00:00:08.139616,0.6115216201516076,0.6992427844646983,8,0.04310575185600376,0.1771707522032392,0.06457239620307961,0.056143321674287025,0.06797375484670622,0.01073591280813264,0.0003253402011752545,17,38,0.05806571643972661,0.275252827768143,True,True,True,1.0159504818138643e-06,COMPLETE
1100,0.4078616499900818,2025-04-13 16:23:30.308307,2025-04-13 16:23:44.552683,0 days 00:00:14.244376,0.5383912091992882,0.6798002699949786,2,0.06371417548307602,0.12662087894551555,0.061845634311856405,0.04893193320779661,0.07643094235531848,0.013414315075485588,0.00018422966279918817,15,48,0.06462206308869065,0.2651520157405064,True,True,True,5.268615027645153e-06,COMPLETE
1101,0.4293060898780823,2025-04-13 16:23:44.907117,2025-04-13 16:23:52.992564,0 days 00:00:08.085447,0.5675561833177115,0.7794041713067488,8,0.035518096469393946,0.0861901937924347,0.06643325542828414,0.04290817211718514,0.08124595658995677,0.008488253126730285,0.00027681782958778275,17,43,0.06161570042428651,0.2468708334661293,True,True,True,2.385552544867327e-06,COMPLETE
1102,0.4202906966209412,2025-04-13 16:23:53.352871,2025-04-13 16:24:01.347025,0 days 00:00:07.994154,0.5937463220553247,0.8164240136069851,8,0.036798466133960456,0.08579297061173043,0.05995844518350761,0.03794578217190774,0.08144600111069991,0.003910989471115525,0.00039661113596914187,16,51,0.059121820834364874,0.23538250308681866,True,True,True,2.3766655534231945e-06,COMPLETE
1103,0.41840701103210454,2025-04-13 16:24:01.705585,2025-04-13 16:24:09.971067,0 days 00:00:08.265482,0.6224582517262104,0.8136635980245683,8,0.03552876805178887,0.09393348468327413,0.06446486479987996,0.039542200016174894,0.0810407738468361,0.0056429105229812565,0.0002962896500043444,18,46,0.05659368318987982,0.23804178554595,True,True,True,2.6239972259531295e-06,COMPLETE
1104,0.4262621641159058,2025-04-13 16:24:10.325970,2025-04-13 16:24:18.427450,0 days 00:00:08.101480,0.5724839225890058,0.7986057792135934,8,0.03335019935050325,0.08005897000120352,0.07474901208676898,0.04103365285208152,0.08094278069209496,0.00792674262229644,0.0003623739726032854,17,43,0.06100693232673574,0.22552478674036552,True,True,True,2.1697177667422935e-06,COMPLETE
1105,0.20747689604759217,2025-04-13 16:24:18.786329,2025-04-13 16:24:26.622060,0 days 00:00:07.835731,0.5913043832978759,0.7908873542954236,8,0.11162481934743115,0.08816914282323515,0.06169426710921811,0.04212067729634152,0.08204611359275629,0.0049926065592978495,0.0005090451900995434,15,48,0.05862785439702741,0.23970035437848294,True,True,True,3.2056922191609794e-06,COMPLETE
1106,0.4179753184318542,2025-04-13 16:24:26.979271,2025-04-13 16:24:34.715295,0 days 00:00:07.736024,0.5671112781653003,0.8457029778888341,8,0.040990999237167314,0.10464125837652138,0.0673648424501708,0.0430481306748675,0.07866794398580415,0.006786389045299606,0.00027839627654307504,14,45,0.06124030533750509,0.24738503526024802,True,True,True,3.4991487416604775e-06,COMPLETE
1107,0.4164564728736877,2025-04-13 16:24:35.079017,2025-04-13 16:24:43.098329,0 days 00:00:08.019312,0.631701853261569,0.7864915313487796,8,0.03775045624786543,0.10985365320122263,0.06537037161472734,0.042001964024316274,0.07821758680654148,0.008906393564791065,0.0004349999981892314,16,54,0.059674956030072675,0.23105530595902793,True,True,True,2.5731967702530703e-06,COMPLETE
1108,0.41798224449157717,2025-04-13 16:24:43.466875,2025-04-13 16:24:58.672380,0 days 00:00:15.205505,0.6093133604027252,0.7749152848567954,2,0.03584514766931497,0.11940734046238459,0.05953301504376305,0.039322873694353035,0.07883221459840173,0.00800355595903926,0.0003458627138160479,17,48,0.05726063596321554,0.24068808539832076,True,True,True,4.054679816013851e-06,COMPLETE
1109,0.4242917537689209,2025-04-13 16:24:59.038864,2025-04-13 16:25:07.293861,0 days 00:00:08.254997,0.5469132318335677,0.8099554888867644,8,0.03444808207398834,0.09695729091820048,0.06337380471110939,0.04424946119981818,0.08133433392744957,0.006161762378389974,0.0002597543135538649,18,43,0.0623857223166888,0.2153499344740818,True,True,True,6.5074565986666194e-06,COMPLETE
1110,0.4063210844993591,2025-04-13 16:25:07.630483,2025-04-13 16:25:15.177615,0 days 00:00:07.547132,0.575937897856678,0.7829439079555524,8,0.043038061955159676,0.16123682221229133,0.006908878794044844,0.03679576712884741,0.07698488535049583,0.009379441020070389,0.0003155763814469197,13,51,0.05498991609402062,0.24577538727630507,True,True,True,2.0296645589476852e-06,COMPLETE
1111,0.4190574884414673,2025-04-13 16:25:15.536010,2025-04-13 16:25:23.562134,0 days 00:00:08.026124,0.5273321221255294,0.7666960493397085,8,0.033539123907200805,0.10374419275982881,0.07050955093243584,0.04028082057887404,0.07986614695205678,0.02298540907695931,0.0002158097284798567,16,45,0.05976214451142924,0.24457348342287685,True,True,True,2.990254259205035e-06,COMPLETE
1112,0.22345683574676514,2025-04-13 16:25:23.916340,2025-04-13 16:25:30.078872,0 days 00:00:06.162532,0.45509922235078176,0.7891938474136626,8,0.1223416999740281,0.11316803465197195,0.06845017347079292,0.0441372113505038,0.0819378389232131,0.009991670129676233,0.0004178189735256856,5,41,0.06216581777382907,0.060468293137747486,True,True,False,1.0944297338718609e-05,COMPLETE
1113,0.26857603788375856,2025-04-13 16:25:30.438381,2025-04-13 16:25:38.852766,0 days 00:00:08.414385,0.5003608613230919,0.8297194333978453,8,0.07337707591406595,0.16943875121640178,0.05764732350467586,0.06126037308360788,0.07753891678510502,0.02028595372058075,0.000265679035017487,17,85,0.05823728047247304,0.2320604920566089,True,True,True,4.676249485731816e-06,COMPLETE
1114,0.4241538405418396,2025-04-13 16:25:39.210710,2025-04-13 16:25:47.524167,0 days 00:00:08.313457,0.5910025318927598,0.7670208555121208,8,0.0434206877772735,0.1258828918495718,0.0653898692842397,0.04210709244853395,0.07606110832778999,0.007767738770568775,0.0005987835950320996,18,47,0.061028601522007446,0.2524181762268754,True,True,True,3.8806108696768845e-06,COMPLETE
1115,0.4136732697486878,2025-04-13 16:25:47.888198,2025-04-13 16:25:55.687725,0 days 00:00:07.799527,0.554070495643788,0.7597812810018881,8,0.05753329676250651,0.1537003225770162,0.06132052041739267,0.044838367288814705,0.07395156176408914,0.010354837300221707,0.00017175953884820022,15,39,0.06327182803239581,0.24878916818791397,True,True,True,2.9623987826972032e-06,COMPLETE
1116,0.4142243146896363,2025-04-13 16:25:56.044341,2025-04-13 16:26:04.391186,0 days 00:00:08.346845,0.5678931731713673,0.7491612184901357,8,0.047540269435141704,0.10829798638365458,0.01590079994662267,0.04549310201008047,0.07940755682243775,0.017761358751263726,0.0003583914202716408,19,43,0.056462912277124334,0.22240552220196422,True,False,True,5.247928923592703e-06,COMPLETE
1117,0.4158360004425049,2025-04-13 16:26:04.749141,2025-04-13 16:26:19.357809,0 days 00:00:14.608668,0.6446453991359817,0.7968971549400697,2,0.03367566665960231,0.09052860781769062,0.06330762121976662,0.04274874063594533,0.07483660574414719,0.011657465150344899,0.00023168171653407797,16,49,0.0601068568441826,0.23930188095772104,True,True,True,2.3895754931615075e-06,COMPLETE
1118,0.22779085636138918,2025-04-13 16:26:19.718406,2025-04-13 16:26:27.839596,0 days 00:00:08.121190,0.5260003695511332,0.7693756269148248,8,0.13252500910480355,0.10110747545005505,0.06639028937547589,0.04638140963538673,0.07691822017015061,0.004466941467103396,0.0003143446809249155,17,45,0.054465565995241605,0.2818607075725153,True,True,True,7.533336688210252e-06,COMPLETE
1119,0.3026086449623108,2025-04-13 16:26:28.198122,2025-04-13 16:26:36.104613,0 days 00:00:07.906491,0.5443782700753652,0.7458380963564799,8,0.08900230134429327,0.18236597460758477,0.05956723552296594,0.04013533153940867,0.07296288763731963,0.00875400656990693,0.00989749691625312,16,41,0.05821129324588368,0.2458956790748606,True,True,True,3.5337644949915055e-06,COMPLETE
1120,0.39768669605255125,2025-04-13 16:26:36.467573,2025-04-13 16:26:44.600808,0 days 00:00:08.133235,0.47203056265097865,0.7987196065722092,8,0.05323128769780769,0.1192893993495612,0.06905392470161861,0.043591242949663975,0.05239555620812929,0.006241025253306018,0.0004884147735836526,17,51,0.06311731919069931,0.23488557096340765,True,True,True,1.2280331618642185e-05,COMPLETE
1121,0.41997330188751225,2025-04-13 16:26:44.962637,2025-04-13 16:26:52.606925,0 days 00:00:07.644288,0.6020794971384672,0.7754232821321342,8,0.0653378251002291,0.13226769169911035,0.06280781760108249,0.05771271714875286,0.08263248746549381,0.014690873768101156,0.00015298819080337208,14,36,0.06106517911193438,0.2535054869361202,True,True,True,4.708864978482681e-06,COMPLETE
1122,0.4297551393508911,2025-04-13 16:26:52.972191,2025-04-13 16:27:01.276997,0 days 00:00:08.304806,0.5790914474697116,0.7464334953373429,8,0.04132727035726204,0.09658313965321388,0.06495494415001879,0.046571651731088924,0.07950109828880117,0.018676420687742157,0.0002740901644917688,18,47,0.06322040534313585,0.2421623206128501,True,True,True,2.76587300711507e-06,COMPLETE
1123,0.3603259325027466,2025-04-13 16:27:01.639352,2025-04-13 16:27:09.398274,0 days 00:00:07.758922,0.5866680141160021,0.7583988480468471,8,0.047088359705855905,0.08906891726761605,0.07162841183963659,0.054902251108782656,0.08105433904048687,0.02146235840508196,0.0003536967233157775,15,43,0.03454710985842464,0.24889472421132983,True,True,True,3.587244216025433e-06,COMPLETE
1124,0.4210200309753418,2025-04-13 16:27:09.771704,2025-04-13 16:27:18.165944,0 days 00:00:08.394240,0.6142170335233639,0.7836061549973755,8,0.05901735564410371,0.09479664192409773,0.06747254563974854,0.047727807398867436,0.07974242761903182,0.02338823167193632,0.0004032057010927992,19,38,0.06611951153254651,0.2563786041674997,True,True,True,2.636755466317637e-06,COMPLETE
1125,0.399513053894043,2025-04-13 16:27:18.528157,2025-04-13 16:27:26.575009,0 days 00:00:08.046852,0.5792013811078166,0.7523259551980085,8,0.0412024651724719,0.08625052846380826,0.06604297252419046,0.053315673961941354,0.08319324863277752,0.02115754786738629,1.425430783623395e-05,16,45,0.06772169899925047,0.27362706728431013,True,True,True,4.20616314024721e-06,COMPLETE
1126,0.4225035309791565,2025-04-13 16:27:26.926459,2025-04-13 16:27:42.019020,0 days 00:00:15.092561,0.5647835937972905,0.7721110892480135,2,0.05337102165428066,0.07775288461217704,0.06891198334501251,0.051779908729618886,0.08101521020299074,0.020511637052715886,0.00029676475928370734,17,41,0.0651883713724195,0.24467974643588727,True,True,True,3.1186781581584884e-06,COMPLETE
1127,0.40790991783142094,2025-04-13 16:27:42.379044,2025-04-13 16:27:50.271120,0 days 00:00:07.892076,0.6052730564784894,0.8240400266201122,8,0.04745402984218686,0.09439572140450665,0.06486034825771324,0.046979239347609544,0.07916447277296838,0.019165407609333808,0.0004413650857917145,15,47,0.07012769414748177,0.28333393138802015,True,True,True,6.260025905328639e-06,COMPLETE
1128,0.4014474987983704,2025-04-13 16:27:50.633465,2025-04-13 16:27:58.294833,0 days 00:00:07.661368,0.5864450613724447,0.7324952616996636,8,0.07711636722503146,0.09688967473294409,0.06733264107559882,0.05953693831332695,0.08288808403331316,0.01760754511452217,0.0002920251893066201,14,43,0.06369921113282842,0.260742863391418,True,True,True,9.27625990190103e-06,COMPLETE
1129,0.4135848164558411,2025-04-13 16:27:58.657548,2025-04-13 16:28:06.955081,0 days 00:00:08.297533,0.5579514024192462,0.8054325589362927,8,0.06025095112073772,0.10067924871652585,0.07083733802843611,0.055678512200352796,0.0720236171834244,0.04598596530686456,0.00036148551290716166,18,45,0.06525901806121001,0.26851471451048603,True,True,True,4.724347392611072e-06,COMPLETE
1130,0.25090115070343016,2025-04-13 16:28:07.319264,2025-04-13 16:28:15.175347,0 days 00:00:07.856083,0.6254323935230647,0.7441244406191195,8,0.03366376802075173,0.08270436031770967,0.0778587912590828,0.050543256686393735,0.07490153909819304,0.018712953373016317,0.00025586250222448377,16,40,0.0630823367201296,0.25120245771265476,True,True,False,2.903696323421571e-06,COMPLETE
1131,0.3886561989784241,2025-04-13 16:28:15.539750,2025-04-13 16:28:23.603491,0 days 00:00:08.063741,0.5714446545295061,0.7588177986335769,8,0.05417326615133088,0.09182772043127665,0.06492356888091896,0.04737514224685501,0.05815409641875174,0.01937066545354061,0.0005117842044179617,17,38,0.06647153083744896,0.27844630237914747,True,True,True,3.633170959990459e-06,COMPLETE
1132,0.388336992263794,2025-04-13 16:28:23.964209,2025-04-13 16:28:32.005066,0 days 00:00:08.040857,0.604743572385543,0.782166424371187,8,0.0649844492132468,0.10105053431521774,0.06768149565064109,0.037732640593886875,0.04867591121038442,0.017710486798892217,0.00031072638098164347,16,52,0.042161064176072856,0.2430114536321076,True,True,True,6.119847754323061e-06,COMPLETE
1133,0.2048193633556366,2025-04-13 16:28:32.369559,2025-04-13 16:28:40.636133,0 days 00:00:08.266574,0.5462945884890608,0.7467444716100659,8,0.24560612542042703,0.09437977103608405,0.07342520489590554,0.05287903328721574,0.0786337441113676,0.021953930686977378,0.0004017097601165519,18,47,0.06389103242417792,0.07846207114959532,True,True,True,4.021612924536442e-06,COMPLETE
1134,0.4257905960083008,2025-04-13 16:28:41.000646,2025-04-13 16:28:55.041985,0 days 00:00:14.041339,0.5873458944419342,0.7694102889615031,2,0.04074868117026513,0.10406042398823627,0.06998647979617967,0.04534737931138784,0.0812196727294966,0.016527187975964263,0.00026148215116307175,15,42,0.06241424277187715,0.25540237930417414,True,True,True,5.344638712387218e-06,COMPLETE
1135,0.3582936048507691,2025-04-13 16:28:55.409410,2025-04-13 16:29:03.521347,0 days 00:00:08.111937,0.524972582579981,0.7339351226941735,8,0.0511944642528394,0.0893208144216965,0.06603646457343994,0.04204082072427529,0.07088002083673743,0.019533690907023237,0.0003340006188402387,17,44,0.06936234571822486,0.2713178469242129,True,True,True,2.6953135537346526e-06,COMPLETE
1136,0.3962336540222168,2025-04-13 16:29:03.884166,2025-04-13 16:29:11.721879,0 days 00:00:07.837713,0.5615831036048904,0.754069739779955,8,0.045660818089627006,0.17448283763180603,0.06462135970742347,0.04988979944813238,0.07311376638758192,0.01708375588788408,0.00027328389484033874,16,36,0.06478115405051416,0.25995467052908305,True,False,True,7.564707791144146e-06,COMPLETE
1137,0.41232382059097294,2025-04-13 16:29:12.087841,2025-04-13 16:29:20.274691,0 days 00:00:08.186850,0.6455368741345763,0.7330962086617275,8,0.03407323687755867,0.16615162074874015,0.08228372317238095,0.04379451167602663,0.07539268644602178,0.06159504081881117,0.0004497820817376376,17,49,0.06793694824237259,0.24979371178161647,True,True,True,3.334477451611124e-06,COMPLETE
1138,0.32335113286972045,2025-04-13 16:29:20.641296,2025-04-13 16:29:28.985221,0 days 00:00:08.343925,0.5383098505105681,0.7818084051122572,8,0.07255682288702776,0.09790633194418809,0.06339541496105962,0.05172960394764944,0.05522751049615998,0.01589122748697659,0.000325710340266377,19,39,0.030328229190870845,0.2660535252660377,True,True,True,4.6393934745484545e-06,COMPLETE
