number,value,datetime_start,datetime_complete,duration,params_alpha-eval,params_alpha-train,params_batch-size,params_eps-eval,params_eps-train,params_lambda-actions-eval,params_lambda-actions-train,params_lambda-frames-eval,params_lambda-frames-train,params_learning-rate,params_n-epochs,params_n-frames,params_radius-gw,params_rho,params_std-feats,params_ub-actions,params_ub-frames,params_weight-decay,state
455,0.4252438545227051,2025-04-13 14:55:05.568469,2025-04-13 14:55:12.920599,0 days 00:00:07.352130,0.8072943493394155,0.5887378584470695,16,0.03135754474484601,0.04998366644474956,0.06644615975770056,0.08266536614299523,0.089359583909409,0.030175414997237,0.0004065629798659083,22,33,0.06216161165472885,0.2540161063714736,False,True,True,5.7902684893221884e-05,COMPLETE
456,0.4172894239425659,2025-04-13 14:55:13.061483,2025-04-13 14:55:20.334968,0 days 00:00:07.273485,0.7782146142534003,0.5900289071407181,16,0.03670881166392454,0.059076689226852434,0.06632536523753871,0.08351677860257506,0.0933741223794293,0.03093392942037066,0.00029560201534582076,21,36,0.06201471242540467,0.2451083197961306,False,True,True,5.9018757976238534e-05,COMPLETE
457,0.4165104508399964,2025-04-13 14:55:20.491486,2025-04-13 14:55:27.656754,0 days 00:00:07.165268,0.792765995278857,0.61250669927089,16,0.03100590943606796,0.07383717175445481,0.0681602337338754,0.08792669195646928,0.09765369299274665,0.028499368983854554,0.00037492348302339167,20,33,0.06336897080313644,0.2521734220990871,False,True,True,7.542622560430338e-05,COMPLETE
458,0.4134971976280213,2025-04-13 14:55:27.799365,2025-04-13 14:55:35.005057,0 days 00:00:07.205692,0.8210696598029287,0.5871697178619746,16,0.04636204835299309,0.08279372874038213,0.06279234884878493,0.08524683133033216,0.09157229392311167,0.0307544571106627,0.0006057376663306928,21,35,0.05878474865005107,0.25483792477504247,False,True,True,5.766034306411262e-05,COMPLETE
459,0.2048193633556366,2025-04-13 14:55:35.150813,2025-04-13 14:55:42.457309,0 days 00:00:07.306496,0.8128752451373502,0.6122275565465413,16,0.03991815197303643,0.13528844229589465,0.06586231205692498,0.0815758121991977,0.09524222089423681,0.01765963165338221,0.0004986365840568859,22,32,0.059844660997206,0.23924761063124853,False,True,True,7.377879532490058e-05,COMPLETE
460,0.42094408273696904,2025-04-13 14:55:42.612453,2025-04-13 14:55:49.986843,0 days 00:00:07.374390,0.84428694443741,0.625835827426013,16,0.0297434671622757,0.06560573651797721,0.06859714538554193,0.08378661137103123,0.09253791832234388,0.005896216976991803,0.0003329915148259737,22,36,0.06360470116375032,0.26255649773175543,False,True,True,0.00014937541480304425,COMPLETE
461,0.4016684651374817,2025-04-13 14:55:50.131943,2025-04-13 14:56:07.758793,0 days 00:00:17.626850,0.8532771121001574,0.6266771346356762,2,0.02849419700714388,0.0646439865211919,0.06804012363712468,0.0876583760610778,0.08865089379358483,0.002524684687419329,0.00027511553164128133,22,37,0.06411475239676043,0.2634797935337297,False,True,True,0.0001456200044783366,COMPLETE
462,0.41895580291748047,2025-04-13 14:56:07.902881,2025-04-13 14:56:15.289930,0 days 00:00:07.387049,0.8543880799805379,0.6314702806622403,16,0.03437167552088851,0.04663092090781105,0.069560167488063,0.08411913913772398,0.09276644737730648,0.011254383373022054,0.00032990206265841483,23,35,0.058142356782012544,0.2522239357905437,False,True,True,9.216012177554599e-05,COMPLETE
463,0.42345572710037227,2025-04-13 14:56:15.445946,2025-04-13 14:56:22.768972,0 days 00:00:07.323026,0.7625976801485734,0.606191179768496,16,0.028454984176272406,0.061591556260863024,0.05704976137736656,0.08589039136955762,0.09033935288518248,0.008871617968425725,0.0003823937367283077,22,37,0.06151162705447162,0.26883677764358493,False,True,True,5.213320600407713e-05,COMPLETE
464,0.41705849170684817,2025-04-13 14:56:22.914812,2025-04-13 14:56:30.236595,0 days 00:00:07.321783,0.737848628039286,0.6079037001846255,16,0.02743755186705255,0.0677625089762995,0.060795355843985474,0.0013490899996504643,0.08798001514986334,0.0030255479845339075,0.0003135748471071312,22,37,0.061736811022871256,0.2683820297120526,False,True,True,5.078329320172343e-05,COMPLETE
465,0.42444250583648685,2025-04-13 14:56:30.394489,2025-04-13 14:56:37.704289,0 days 00:00:07.309800,0.7517524163032578,0.5964517809732425,16,0.027134659253334394,0.05531634099333124,0.06570568341742922,0.0873686855735026,0.09089252873965002,0.0062555967289415,0.0003740455730462157,22,39,0.054326120760703214,0.2680320202682684,False,True,True,2.945915400552929e-05,COMPLETE
466,0.4238734245300293,2025-04-13 14:56:37.850426,2025-04-13 14:56:45.208875,0 days 00:00:07.358449,0.7637966715380222,0.6038702240704755,16,0.027250179728605217,0.052913244183598426,0.0586183719325334,0.08330442957978543,0.08572089620844282,0.006853067752971966,0.00023649038233887834,22,39,0.05472348854490732,0.2690856675562244,False,True,True,2.9169507408273314e-05,COMPLETE
467,0.4260101318359375,2025-04-13 14:56:45.355230,2025-04-13 14:56:52.715720,0 days 00:00:07.360490,0.7326157215338867,0.6130754257475325,16,0.027658891514540675,0.0488947927082174,0.05922765165449199,0.0828818886617379,0.08714497506873231,0.005641832957715765,0.00019177944807419862,22,40,0.05543596055696556,0.2703941123501456,False,True,True,2.4637840829026147e-05,COMPLETE
468,0.4272297859191895,2025-04-13 14:56:52.877498,2025-04-13 14:57:00.286949,0 days 00:00:07.409451,0.7151112847607619,0.6039108109782066,16,0.027456058105857217,0.04528420856263548,0.057459037077525726,0.0819856790797036,0.08384525310228728,0.0053143962222801065,0.00018031784067918825,22,44,0.05476314978666678,0.27034042643619327,False,True,True,1.7583685203380835e-05,COMPLETE
469,0.26664677262306213,2025-04-13 14:57:00.436340,2025-04-13 14:57:18.048196,0 days 00:00:17.611856,0.6982321832765869,0.6047988526722088,2,0.02654554340041849,0.04765900753169076,0.05759390891920942,0.07959643518720866,0.08561165827495015,0.0044096858854164285,0.00018438212910702224,22,44,0.05496407998092508,0.2718892953623519,False,True,True,2.1459042412386014e-05,COMPLETE
470,0.42529022693634033,2025-04-13 14:57:18.195725,2025-04-13 14:57:25.575924,0 days 00:00:07.380199,0.7697629649366915,0.6154304268881865,16,0.027186957418206467,0.047072034807104327,0.053046983817830025,0.08293872745490037,0.08662874970924292,0.004177892088790215,0.0001362581036917924,22,41,0.05599775776052121,0.26915594923196423,False,True,True,1.980395898380069e-05,COMPLETE
471,0.4222606420516968,2025-04-13 14:57:25.733579,2025-04-13 14:57:33.089993,0 days 00:00:07.356414,0.7458706809764026,0.6075575412077636,16,0.02587803098065039,0.04494585669640093,0.05537283486400516,0.0826487329243787,0.08485598920375818,0.0068576429566267905,0.0001938290520441723,22,42,0.05350364907155475,0.2661551776086561,False,True,True,1.5853476018165324e-05,COMPLETE
472,0.42389615774154665,2025-04-13 14:57:33.237918,2025-04-13 14:57:40.591069,0 days 00:00:07.353151,0.7269314567039067,0.6090819824889581,16,0.02740560652520893,0.04763322724683522,0.05659076629397431,0.08100698834983751,0.08355656042272856,0.006281750440866695,0.00016102333873534928,22,45,0.050389373945619674,0.27001950930939234,False,True,True,1.6431291141608847e-05,COMPLETE
473,0.2431792736053467,2025-04-13 14:57:40.738104,2025-04-13 14:57:47.989996,0 days 00:00:07.251892,0.7155677755499854,0.6126871310502513,16,0.02553707577657486,0.04875498338874612,0.05563102202227204,0.08034404531294347,0.0845778138370981,0.006396209983147359,0.00014454278179428708,22,46,0.04852902247258339,0.27278600298402134,False,True,False,1.662790021501627e-05,COMPLETE
474,0.4272795200347901,2025-04-13 14:57:48.148801,2025-04-13 14:57:55.531234,0 days 00:00:07.382433,0.7284087394074619,0.6162800331420065,16,0.0271966398780699,0.0441730071828467,0.05104097248608874,0.0797722773675467,0.08199712685384228,0.006578487243924787,0.00016420906530781491,22,41,0.05076882759234691,0.2693119393360083,False,True,True,2.656872317383766e-05,COMPLETE
475,0.42775789499282835,2025-04-13 14:57:55.680078,2025-04-13 14:58:03.043451,0 days 00:00:07.363373,0.7292432299418139,0.6187604964345413,16,0.025988214039600246,0.043786577046271646,0.055616141350060495,0.07983039938275843,0.08298661137528271,0.005925419597809333,0.00017880865018120244,22,49,0.05132438292142164,0.26966961956796126,False,True,True,2.3523591403066223e-05,COMPLETE
476,0.40646578073501594,2025-04-13 14:58:03.207650,2025-04-13 14:58:10.598815,0 days 00:00:07.391165,0.7252207604200251,0.6167882858655782,16,0.027843031612182184,0.045306081385770955,0.05210211429914241,0.07948523655708432,0.08230007452961226,0.006688234945321234,0.00016666403808404467,22,53,0.04746167395913066,0.27075980277790834,False,True,True,2.854526583189712e-05,COMPLETE
477,0.42683445215225224,2025-04-13 14:58:10.749033,2025-04-13 14:58:18.136147,0 days 00:00:07.387114,0.732106952993512,0.6223891386666579,16,0.026415595492558223,0.04537249560401732,0.05435230902343853,0.07877879976896845,0.08235137360303277,0.005773473060943847,0.00014489607343154355,22,49,0.05051786157127841,0.26905575574679486,False,True,True,2.2010468387290163e-05,COMPLETE
478,0.40524083375930786,2025-04-13 14:58:18.285954,2025-04-13 14:58:25.647247,0 days 00:00:07.361293,0.7251926782368646,0.6083522076432374,16,0.025817557056251425,0.04362147740076356,0.05403207343138714,0.07640391333712306,0.08293755510247924,0.00841402413288833,0.00012593698926726803,22,48,0.049846019470552096,0.2698754572985955,False,True,True,1.917066922826904e-05,COMPLETE
479,0.4273001432418823,2025-04-13 14:58:25.809261,2025-04-13 14:58:33.171009,0 days 00:00:07.361748,0.7316192666735386,0.6381628566683142,16,0.02510375308323613,0.04969048279468084,0.05645837116772738,0.07858361424987087,0.08548083914282051,0.004853194351699787,0.00015516808613542541,22,52,0.05085970286337508,0.2697413821040234,False,True,True,1.418039767705771e-05,COMPLETE
480,0.4267447352409363,2025-04-13 14:58:33.320846,2025-04-13 14:58:40.732645,0 days 00:00:07.411799,0.6892884825845359,0.6390131367322162,16,0.02568999753217686,0.05081967306721359,0.05635313346820052,0.07938718140614648,0.08430174660530156,0.005344515305420923,0.00015511171677577655,22,55,0.05129781853521198,0.2728664078716465,False,True,True,1.304675799522905e-05,COMPLETE
481,0.3961324572563171,2025-04-13 14:58:40.881884,2025-04-13 14:58:48.219844,0 days 00:00:07.337960,0.7009710232633056,0.6354174457361553,16,0.02524356604542106,0.05093897614149072,0.055702697074648685,0.07354571272485205,0.08465011274745349,0.004933081194632063,0.0001519444084498249,21,55,0.045048653764088405,0.2731729686909533,False,True,True,1.308810269977794e-05,COMPLETE
482,0.4286869645118714,2025-04-13 14:58:48.381105,2025-04-13 14:58:55.770232,0 days 00:00:07.389127,0.736795553587442,0.6406355571742892,16,0.02553291478121305,0.04938342852938978,0.05078170345241395,0.07633126516830502,0.08271209728484115,0.007387448340988998,0.00018220811319876723,22,51,0.05026168131174228,0.26744940500882397,False,True,True,2.360118941582715e-05,COMPLETE
483,0.42559629678726196,2025-04-13 14:58:55.920019,2025-04-13 14:59:03.290327,0 days 00:00:07.370308,0.6860286577488416,0.6425452181026624,16,0.03150987658562409,0.05036763627958132,0.04971200304115077,0.07007432524478296,0.0819947974422598,0.00862858289947426,0.0001152556438129792,22,52,0.05085514465922627,0.27206106731347507,False,True,True,2.7345578694575834e-05,COMPLETE
484,0.4241903185844421,2025-04-13 14:59:03.454311,2025-04-13 14:59:10.809429,0 days 00:00:07.355118,0.6669587780781426,0.6463624995715017,16,0.030418768076070822,0.05047821476863667,0.05026707246769743,0.07522836557049692,0.07987414157728581,0.008524418106869679,0.0001157201523983245,22,52,0.05007447967618718,0.2724028601323004,False,True,True,2.2634281214494935e-05,COMPLETE
485,0.42673999071121216,2025-04-13 14:59:10.960628,2025-04-13 14:59:18.183390,0 days 00:00:07.222762,0.6641594961098722,0.648926706851627,16,0.025255190833629787,0.04855894703329013,0.04844296159675333,0.066883862648133,0.07893500766586686,0.007802144917395101,0.00010254216361359779,21,51,0.05051811032569195,0.2742162619046602,False,True,True,2.468072183033398e-05,COMPLETE
486,0.42534580230712893,2025-04-13 14:59:18.336183,2025-04-13 14:59:25.599685,0 days 00:00:07.263502,0.6919790873303379,0.6471502441397992,16,0.02408582556585533,0.05058881852083726,0.049375416571447055,0.06976285988446972,0.07814028636959892,0.003992970752955122,0.00010702651169166475,21,52,0.050520464458055483,0.2709591708053819,False,True,True,2.381422650103786e-05,COMPLETE
487,0.4255877852439881,2025-04-13 14:59:25.763378,2025-04-13 14:59:33.096131,0 days 00:00:07.332753,0.6760589811100256,0.6556061059357692,16,0.022317101122516354,0.05039202662246031,0.04981812664953107,0.06798172070954295,0.07879820633992156,0.0013155908679224476,0.00010811282787509635,21,57,0.05070793526754081,0.2746695490531851,False,True,True,2.524745967329854e-05,COMPLETE
488,0.42635091543197634,2025-04-13 14:59:33.248985,2025-04-13 14:59:40.549176,0 days 00:00:07.300191,0.6657347494015026,0.6547461036748079,16,0.023073461783464224,0.047591017351677506,0.04959801015464893,0.06883857966434936,0.07870729979185803,0.004065660018534021,0.00010629108007974308,21,58,0.050187021259035985,0.2757385619548518,False,True,True,2.194629033340609e-05,COMPLETE
489,0.40685089826583865,2025-04-13 14:59:40.700742,2025-04-13 14:59:47.796357,0 days 00:00:07.095615,0.6817183254897506,0.6508490447906774,16,0.022705586850200986,0.04036392386108855,0.05014063262819777,0.07028490326460748,0.07921791104066073,0.0018791045265390714,0.00011075268113848074,19,52,0.0460929977892275,0.2745032890314251,False,True,True,2.4845400800917967e-05,COMPLETE
490,0.40868368148803713,2025-04-13 14:59:47.958815,2025-04-13 14:59:55.155476,0 days 00:00:07.196661,0.6613224472618513,0.6434465509104375,16,0.024170500630609028,0.04974010518940874,0.04849555502197598,0.06704210500717245,0.07734686790337429,0.00402563772205381,0.00010597319003711693,20,55,0.048454172692356266,0.2749384788784713,False,True,True,2.3105402269751364e-05,COMPLETE
491,0.42446279525756836,2025-04-13 14:59:55.307088,2025-04-13 15:00:02.623992,0 days 00:00:07.316904,0.679017893579441,0.6587819789313798,16,0.02372519985893006,0.04447438109595955,0.05297847303157428,0.0696610399596302,0.07999241284742062,0.0012441713641100898,8.935864734109907e-05,21,60,0.051050302049091154,0.2774052380135136,False,True,True,2.1077904786972302e-05,COMPLETE
492,0.4143510103225708,2025-04-13 15:00:02.788467,2025-04-13 15:00:10.011523,0 days 00:00:07.223056,0.628021052514139,0.6597090607042493,16,0.021812135473194376,0.042028412179424234,0.05254633863486462,0.0675484116097307,0.08146267775207662,0.004058755642207288,8.270995227580969e-05,20,60,0.0506133936449973,0.2768768492896013,False,True,True,1.10906761737493e-05,COMPLETE
493,0.4006060481071473,2025-04-13 15:00:10.164765,2025-04-13 15:00:17.373935,0 days 00:00:07.209170,0.6824965294217648,0.6596906272849121,16,0.024166631827810158,0.042739238792158615,0.052341351953792414,0.06812107277944139,0.08151793899059875,0.0013632527127931187,9.212469602052286e-05,21,50,0.04703218611069519,0.27601966459916805,False,True,True,1.7664423770598892e-05,COMPLETE
494,0.244645631313324,2025-04-13 15:00:17.530199,2025-04-13 15:00:24.786142,0 days 00:00:07.255943,0.7056178193251041,0.6586349540562118,16,0.021959811049370406,0.04680655864536167,0.04518421908205343,0.06885858934067685,0.07932937799749039,0.0012291728267895684,0.00012805675506354994,21,57,0.05130703752340421,0.2746011838637765,False,True,False,3.072504898654754e-05,COMPLETE
495,0.2048193633556366,2025-04-13 15:00:24.950517,2025-04-13 15:00:32.210602,0 days 00:00:07.260085,0.6471767787389054,0.6444924967266993,16,0.21841871698566082,0.041789383287572854,0.053328923383374666,0.07155935793306306,0.07788537303121847,0.0041404966526782825,0.00013675502652838134,21,60,0.051680190233231726,0.27693975791307157,False,True,True,2.0101208521170633e-05,COMPLETE
496,0.397717022895813,2025-04-13 15:00:32.368000,2025-04-13 15:00:39.629249,0 days 00:00:07.261249,0.6884190357544456,0.6612900690533161,16,0.024066923294697506,0.050538428761623976,0.050845674204345215,0.0658161514065321,0.08217896789645787,0.01012151108340071,7.520020506864345e-05,20,63,0.043443712902720075,0.27051674835461004,False,True,True,2.5787584756173685e-05,COMPLETE
497,0.40749745368957524,2025-04-13 15:00:39.782968,2025-04-13 15:00:47.081241,0 days 00:00:07.298273,0.6700431042084776,0.6452350068514027,16,0.03192765860144669,0.04677680005752159,0.047213365533593524,0.06381383168611782,0.08026200659721872,0.00506581790363718,9.882321833223143e-05,21,54,0.0481897974608602,0.2771216069207154,False,True,True,2.1023739001135797e-05,COMPLETE
498,0.42060041427612305,2025-04-13 15:00:47.246888,2025-04-13 15:00:54.410165,0 days 00:00:07.163277,0.7135093864584172,0.6373063692207718,16,0.021847634912339608,0.04062740296483468,0.04940738708418175,0.06842743989900976,0.08303906996504885,0.007629191573893493,0.00016843959221003111,20,50,0.05203956392674219,0.27023565800285426,False,True,True,1.372523859200554e-05,COMPLETE
499,0.4061792373657227,2025-04-13 15:00:54.565354,2025-04-13 15:01:01.870026,0 days 00:00:07.304672,0.6999543808806478,0.6667539478404967,16,0.03105250398169357,0.053136606222933216,0.05465222805690489,0.07068364708219928,0.08660659202606757,0.011498833454792343,0.00014122366514968254,21,59,0.04895145014165932,0.2710619949824557,False,True,True,3.41854277136688e-05,COMPLETE
500,0.36639243364334106,2025-04-13 15:01:02.038347,2025-04-13 15:01:09.362439,0 days 00:00:07.324092,0.6086340774254183,0.6331387190170094,16,0.025259779510113333,0.04688289581694758,0.05175953065094676,0.07087926975467658,0.07801479878807846,0.003856870620263642,0.00012111205805242344,21,50,0.04660722853395928,0.2783481394990847,False,True,True,2.551815452047401e-05,COMPLETE
501,0.4249473929405212,2025-04-13 15:01:09.519197,2025-04-13 15:01:15.711898,0 days 00:00:06.192701,0.736452694770351,0.6574605906146674,16,0.02160114938205667,0.04224082755962289,0.0546032490261469,0.06610696708177029,0.08345664598861316,0.0010019165381462765,9.77257005057187e-05,9,56,0.05052760330394762,0.2738611809275178,False,True,True,1.940335958189547e-05,COMPLETE
502,0.42398684024810795,2025-04-13 15:01:15.868124,2025-04-13 15:01:23.133153,0 days 00:00:07.265029,0.7377608336870471,0.6661872288684227,16,0.03261395007919862,0.04087332809180161,0.05408955637609475,0.06590073163761767,0.0813527690257829,0.001152152312768837,8.965934093733544e-05,21,56,0.050584387852462886,0.268601288626781,False,True,True,1.4470905485282683e-05,COMPLETE
503,0.4232488512992859,2025-04-13 15:01:23.300708,2025-04-13 15:01:29.456582,0 days 00:00:06.155874,0.7275551442933277,0.6596817852122709,16,0.0217405051706483,0.03917317980074129,0.047551766997259694,0.06851940595610777,0.0833407277825439,0.0035566623176042753,0.0001032668607343206,8,53,0.05182436639093926,0.272369249314776,False,True,True,1.9628649456432033e-05,COMPLETE
504,0.4210047721862793,2025-04-13 15:01:29.614001,2025-04-13 15:01:35.728258,0 days 00:00:06.114257,0.6865918349487641,0.6475922524962974,16,0.02865445081060848,0.04538530562007408,0.04875572007721063,0.07286909423556401,0.07647927134939511,0.005894724927202191,0.0001645878469128864,8,57,0.05322846156870405,0.27813953001101865,False,True,True,2.959552127551043e-05,COMPLETE
505,0.4059325218200684,2025-04-13 15:01:35.899185,2025-04-13 15:01:43.142852,0 days 00:00:07.243667,0.7116711459686597,0.6324034152995092,16,0.020815101551457514,0.0545662135091802,0.058878552243784285,0.06455877809267851,0.08484530200722049,0.0028454565974713624,6.481498124780186e-05,21,48,0.049399662364833105,0.26868263549464444,False,True,True,1.0386878913055032e-05,COMPLETE
506,0.40156627893447877,2025-04-13 15:01:43.302312,2025-04-13 15:01:49.640321,0 days 00:00:06.338009,0.6565432970532759,0.6693327657901414,16,0.03261966909684777,0.040391026840985327,0.05140153536880462,0.0674386405322143,0.08271359483187288,0.007569157227826489,0.00013300989017687873,10,52,0.04712415741758973,0.2666307980868236,False,True,True,1.7873010962468448e-05,COMPLETE
507,0.2670706152915955,2025-04-13 15:01:49.798181,2025-04-13 15:01:55.661895,0 days 00:00:05.863714,0.7353411291906123,0.6478734447591068,16,0.11580047399813134,0.0513572906142863,0.05392400802137099,0.06304449272635168,0.07983571286605057,0.005297443526660605,7.608212237003219e-05,5,65,0.05284800594966693,0.2778529842352069,False,True,True,2.3264890291048148e-05,COMPLETE
508,0.42654564380645754,2025-04-13 15:01:55.831362,2025-04-13 15:02:02.938970,0 days 00:00:07.107608,0.6749804676066808,0.6284787843078757,16,0.025495603575878933,0.04638118408304341,0.0562372775990314,0.07043423922719434,0.08663087434952547,0.0103953084228974,0.00018798201890414442,19,55,0.050267730834874666,0.2732972187362867,False,True,True,3.389216531957082e-05,COMPLETE
509,0.40799324512481694,2025-04-13 15:02:03.098119,2025-04-13 15:02:10.256534,0 days 00:00:07.158415,0.665358195363517,0.6428299192665017,16,0.020795798634679098,0.11181434136113613,0.05690388225977634,0.07051614140748497,0.08678141655240215,0.010425767316361322,0.00019823986495099138,19,61,0.04970897844683719,0.28009855456702537,False,True,True,1.288046933664574e-05,COMPLETE
510,0.39863702058792116,2025-04-13 15:02:10.427346,2025-04-13 15:02:17.659465,0 days 00:00:07.232119,0.633149098383064,0.6289912940517716,16,0.02699500251956695,0.04547153667398055,0.04397377486110369,0.0694911065038845,0.08377602949349318,0.0011393807903464428,0.00015346393952438703,20,55,0.04512291343470693,0.27408310452068835,False,True,True,3.756202733447261e-05,COMPLETE
511,0.4030210137367249,2025-04-13 15:02:17.819781,2025-04-13 15:02:24.986983,0 days 00:00:07.167202,0.6959460062431853,0.6695563333245985,16,0.03417552732665414,0.036227405044102795,0.059852786211823925,0.0729748087126238,0.08071483707030058,0.0031122224688837283,0.00012842847071995567,20,50,0.04823262714737685,0.27248996299875905,False,True,True,1.9617188283697473e-05,COMPLETE
