number,value,datetime_start,datetime_complete,duration,params_alpha-eval,params_alpha-train,params_batch-size,params_eps-eval,params_eps-train,params_lambda-actions-eval,params_lambda-actions-train,params_lambda-frames-eval,params_lambda-frames-train,params_learning-rate,params_n-epochs,params_n-frames,params_radius-gw,params_rho,params_std-feats,params_ub-actions,params_ub-frames,params_weight-decay,state
1480,0.4267269611358643,2025-04-15 16:41:28.009010,2025-04-15 16:41:38.106045,0 days 00:00:10.097035,0.49435609072878683,0.7781503291315326,16,0.0313750780725634,0.1436091684610259,0.09805522136081127,0.03160198448775024,0.08742806942726762,0.053292929847002714,0.0001519577311072418,27,139,0.06100674866161561,0.2259765525339992,True,True,True,4.899727200085428e-08,COMPLETE
1481,0.33551344871520994,2025-04-15 16:41:38.606677,2025-04-15 16:41:47.358576,0 days 00:00:08.751899,0.4781140623361943,0.7321729766284293,16,0.021736802661772622,0.15773560491543562,0.09478943592350572,0.04035200770630142,0.08498388633995922,0.032409001706925726,6.777956695714909e-05,30,131,0.06312986853295907,0.20049703373931893,False,True,True,6.647312788312517e-08,COMPLETE
1482,0.4174340605735779,2025-04-15 16:41:47.835788,2025-04-15 16:41:57.746748,0 days 00:00:09.910960,0.4506615820352413,0.8087534341679253,16,0.030911643636603744,0.16868057467139985,0.023674070508835403,0.03350220242422698,0.09170962948552851,0.059839250643739746,0.00012747233985825417,29,119,0.058400948330206814,0.21915323390024327,True,True,True,3.540104313615923e-08,COMPLETE
1483,0.37880662679672245,2025-04-15 16:41:58.228191,2025-04-15 16:42:08.356421,0 days 00:00:10.128230,0.5098277728282457,0.7526711350396231,16,0.03927437727706007,0.289602968294703,0.09800302005261817,0.03567026520680713,0.08870987965394614,0.05145790880360539,8.112952356341655e-05,28,136,0.05531025904222334,0.20603552085713106,True,True,True,2.4814267964503403e-08,COMPLETE
1484,0.2048193633556366,2025-04-15 16:42:08.835463,2025-04-15 16:42:18.728865,0 days 00:00:09.893402,0.4265469490503413,0.7919470712990231,16,0.024745174730621163,0.14721179501392528,0.09559381593682495,0.031016714172810444,0.09401374201031282,0.05630065275773362,0.0001090500812378303,26,134,0.01728025801074974,0.21447597251245862,True,True,True,4.063899356852622e-08,COMPLETE
1485,0.4258139729499817,2025-04-15 16:42:19.229303,2025-04-15 16:42:29.346132,0 days 00:00:10.116829,0.48475148094011966,0.774136858048927,16,0.014879483166172113,0.1631718538547066,0.09811822157557064,0.03746783172987339,0.0866260021660883,0.036487810698531985,0.00015236841059356346,27,140,0.06117594975027455,0.19840978109539034,True,True,True,2.4086435719604878e-08,COMPLETE
1486,0.4057287096977234,2025-04-15 16:42:29.829219,2025-04-15 16:42:39.907749,0 days 00:00:10.078530,0.4475990741485897,0.7281313795171359,16,0.034565244575217834,0.24518330923494025,0.09997399847415342,0.033981235039417565,0.09065757168928316,0.0697477561987561,9.105731834007879e-05,29,128,0.06424201043599578,0.20945127128053778,True,True,True,3.156485644821684e-08,COMPLETE
1487,0.2048193633556366,2025-04-15 16:42:40.388112,2025-04-15 16:42:50.861199,0 days 00:00:10.473087,0.4728509578020863,0.031442381285631704,16,0.020301857424066518,0.1548747342865144,0.09318272895354815,0.03867604448786303,0.08465464293357784,0.06450569441290135,0.00011712518700637095,30,138,0.05958819660296359,0.20460291707992,True,True,True,5.365430158226875e-08,COMPLETE
1488,0.42805799245834353,2025-04-15 16:42:51.342943,2025-04-15 16:43:01.358866,0 days 00:00:10.015923,0.5012640961042423,0.7607952857048227,16,0.027460644951886253,0.1602649884224661,0.0964790772871068,0.03119526697843023,0.08730948358284839,0.07441688793756224,6.114651638297398e-05,28,132,0.061608785252425434,0.2212478708975762,True,True,True,2.622214055026382e-05,COMPLETE
1489,0.3274235606193543,2025-04-15 16:43:01.862983,2025-04-15 16:43:12.257158,0 days 00:00:10.394175,0.45573044161541304,0.8175134339938133,16,0.04459969612871722,0.151143466374456,0.09463335880164385,0.0359588555468925,0.08911287096621114,0.04545905322705203,7.521587324667403e-05,29,136,0.05687716970047067,0.2139905947041507,True,True,True,3.897898841007533e-08,COMPLETE
1490,0.2866054952144623,2025-04-15 16:43:12.745448,2025-04-15 16:43:22.596973,0 days 00:00:09.851525,0.4281278318833375,0.3117517105074564,16,0.03293314590578042,0.13566715817327685,0.09682005437643768,0.03259950809349637,0.08483643997311631,0.05931636920438997,0.0001299147549181053,28,123,0.05492530062501371,0.1998667277203103,True,True,True,2.4035177190517006e-08,COMPLETE
1491,0.4285475134849548,2025-04-15 16:43:23.079049,2025-04-15 16:43:33.741726,0 days 00:00:10.662677,0.40748749533062256,0.7950655049946658,16,0.021215818693341715,0.16848256435092057,0.09241953807611276,0.03305396169499826,0.08686408369897934,0.06162458826934813,9.437718340991578e-05,30,140,0.05910602722548534,0.21077508629638053,True,True,True,7.890326500773608e-06,COMPLETE
1492,0.20908058881759645,2025-04-15 16:43:34.223773,2025-04-15 16:43:42.847248,0 days 00:00:08.623475,0.40578886526243396,0.8348801724843571,16,0.014148815258506784,0.17051923886626935,0.09197344264986883,0.030820635441321947,0.08489674553712005,0.06179606172051017,0.00010469518742707223,30,140,0.05737669972649362,0.20436453995710024,False,True,False,6.7079461683721155e-06,COMPLETE
1493,0.2270228922367096,2025-04-15 16:43:43.348816,2025-04-15 16:43:53.796712,0 days 00:00:10.447896,0.41284361872440684,0.8290557477494055,16,0.020361286273445436,0.16966800058432818,0.09235376668010152,0.030801950111939994,0.08616704771675555,0.06439244860507673,0.0001520483774009265,30,130,0.0034920874958014325,0.23108452076862368,True,True,True,1.3805235463905848e-05,COMPLETE
1494,0.32393100261688235,2025-04-15 16:43:54.281302,2025-04-15 16:44:04.715103,0 days 00:00:10.433801,0.40552464213607176,0.8071390337038663,16,0.027212415497252944,0.16748837995298604,0.09196116239534013,0.03333311989107366,0.09076930696288112,0.06137150474443105,7.625666985392578e-05,30,134,0.05797225536758023,0.0691000342013582,True,True,True,9.13591954847956e-06,COMPLETE
1495,0.2805071651935578,2025-04-15 16:44:05.202294,2025-04-15 16:44:15.792479,0 days 00:00:10.590185,0.5100704275373784,0.8019839860884184,16,0.014242833915704857,0.16599318416532413,0.0923672932695469,0.03245269084967597,0.08457684009227834,0.06536233944760468,0.013438067688508814,30,136,0.054755656780150874,0.1988226649628,True,True,True,9.09563887262424e-06,COMPLETE
1496,0.22465617656707765,2025-04-15 16:44:16.301136,2025-04-15 16:44:40.523511,0 days 00:00:24.222375,0.5149638989841255,0.7902108038397967,2,0.15686833123096308,0.16830018894037582,0.09338531902491384,0.03442361773804524,0.08699461132061445,0.06217150035580084,0.00011968608917961544,30,127,0.05909600140538441,0.20818473664415696,True,True,True,1.0393230572423722e-05,COMPLETE
1497,0.2343669056892395,2025-04-15 16:44:41.019201,2025-04-15 16:44:51.367220,0 days 00:00:10.348019,0.40289308581877126,0.8190203378298845,16,0.03937700687985177,0.17089336055797236,0.09356886994182681,0.03049048063888073,0.09372850467810111,0.059535099680546676,8.777512275447123e-05,30,132,0.02198428685463124,0.19837661734623016,True,True,True,6.130674890591012e-06,COMPLETE
1498,0.4249016404151917,2025-04-15 16:44:51.855622,2025-04-15 16:45:02.464069,0 days 00:00:10.608447,0.4913534110581511,0.79234282722296,16,0.020132916779953033,0.16394368935470954,0.09147301852807913,0.03296534174381107,0.08827916793942342,0.06302542620689958,0.00013681004262702586,30,140,0.05697081616419322,0.2164296545238733,True,True,True,7.869954867085094e-06,COMPLETE
1499,0.4196860194206238,2025-04-15 16:45:02.949632,2025-04-15 16:45:13.257788,0 days 00:00:10.308156,0.4731423778678808,0.8316222808866134,16,0.02966240845393938,0.11632688625259117,0.09452617239117421,0.03137588312835422,0.08461030167610833,0.06685101957765924,0.00015281323664666203,29,137,0.060031339184590665,0.20712788197790336,True,True,True,7.094047911907389e-06,COMPLETE
1500,0.4073857307434082,2025-04-15 16:45:13.764144,2025-04-15 16:45:24.416646,0 days 00:00:10.652502,0.5168288788577623,0.7857543871907156,16,0.034191806300510705,0.15790174143691582,0.0945369270684089,0.03461112190096384,0.08913788004518158,0.023701927280381875,0.00010194258012040097,30,140,0.05525437161125436,0.22281230127080145,True,True,True,4.211166123124269e-06,COMPLETE
1501,0.3071885764598847,2025-04-15 16:45:24.907907,2025-04-15 16:45:34.786323,0 days 00:00:09.878416,0.42728558292758767,0.19019621176550175,16,0.025566990037719294,0.2370481828830089,0.0925387255960529,0.016397766046233338,0.09186470673712022,0.058263903629485574,0.00011798208986132905,27,133,0.06303437472987872,0.2031740241644705,True,True,True,2.292264329787743e-08,COMPLETE
1502,0.42406142950057985,2025-04-15 16:45:35.268230,2025-04-15 16:45:45.379080,0 days 00:00:10.110850,0.4949542515583445,0.8075133838690856,16,0.014385072402287478,0.16424535952642214,0.09782475556523174,0.032853794998427714,0.08662515454620019,0.05649828508984467,6.321074337134277e-05,29,127,0.058655980216521804,0.21072827507745487,True,True,True,1.2758544266470765e-05,COMPLETE
1503,0.36013320684432987,2025-04-15 16:45:45.863323,2025-04-15 16:45:54.533910,0 days 00:00:08.670587,0.46842448328525454,0.7480865684980936,16,0.05174986345030306,0.17117748759926188,0.09995606826544845,0.030743417318998448,0.08440062785243149,0.05981428188124783,8.464584859335584e-05,30,130,0.06671464996476736,0.19776527864027407,False,True,True,3.5007627160083707e-06,COMPLETE
1504,0.42448791265487673,2025-04-15 16:45:55.038722,2025-04-15 16:46:04.497784,0 days 00:00:09.459062,0.4037072781349599,0.7765641840494588,16,0.01970078187161934,0.15383047270429187,0.0684805650770085,0.032925504576207514,0.08943997310278178,0.05411638533087644,0.00015962888630938616,26,121,0.06122179185891441,0.21229850233594535,True,True,True,7.529395654708231e-06,COMPLETE
1505,0.42832413911819456,2025-04-15 16:46:04.983306,2025-04-15 16:46:15.321366,0 days 00:00:10.338060,0.4941389944105337,0.7972320972072505,16,0.02949791979670556,0.1591876205103565,0.09070215730605763,0.03497678665289852,0.08620108914398393,0.06300543802815078,0.00010037989358855834,29,136,0.058851742044928976,0.21818895957864115,True,True,True,1.3140643917577383e-05,COMPLETE
1506,0.3222728490829468,2025-04-15 16:46:15.807083,2025-04-15 16:46:26.153076,0 days 00:00:10.345993,0.4302362887621265,0.8353017487105977,16,0.04081152984579907,0.266524696843004,0.09484305644472467,0.018113858310139362,0.08458159848945468,0.05751891173796971,0.0001234024366779408,28,140,0.056660464749652036,0.19798353000290383,True,True,True,7.975892538945947e-06,COMPLETE
1507,0.3821897506713867,2025-04-15 16:46:26.660296,2025-04-15 16:46:37.115681,0 days 00:00:10.455385,0.4601338651800702,0.7655667163232861,16,0.03539967711114059,0.22241117041479225,0.09299021989525073,0.030294125784273988,0.09105864500164912,0.05024525988416999,7.331765279933275e-05,30,134,0.062112593977749,0.20789518420633568,True,True,True,1.1592388118273668e-05,COMPLETE
1508,0.4219648718833924,2025-04-15 16:46:37.610139,2025-04-15 16:46:47.610495,0 days 00:00:10.000356,0.5154212711997398,0.816656661171789,16,0.024827454352177963,0.28070497789574317,0.09676162122397118,0.03558319528718034,0.08793767294614627,0.06135184239374565,0.00015353779379107335,29,125,0.06426503137669695,0.22866142052807453,True,True,True,6.563191784112518e-06,COMPLETE
1509,0.4244210958480835,2025-04-15 16:46:48.101133,2025-04-15 16:46:58.399023,0 days 00:00:10.297890,0.4904110502606443,0.7503340069905746,16,0.018396922704490445,0.14149707019588093,0.09493508694242025,0.034002861718903085,0.08589479870870516,0.055342851182340745,9.290162215345064e-05,28,141,0.06088356515513212,0.24105076979343046,True,True,True,3.120245560651818e-06,COMPLETE
1510,0.4257522106170655,2025-04-15 16:46:58.887658,2025-04-15 16:47:08.911923,0 days 00:00:10.024265,0.4752737871469727,0.7801796058538277,16,0.030155039866821696,0.14780249041602186,0.09823936492576064,0.03662567712145417,0.08422226781790922,0.05837420581803047,0.00012615086296173,27,137,0.05486175352997173,0.2037361097007547,True,True,True,9.067058538039802e-06,COMPLETE
1511,0.21087933778762818,2025-04-15 16:47:09.420995,2025-04-15 16:47:19.487030,0 days 00:00:10.066035,0.4489087392792147,0.7327687756078186,16,0.013974369073798343,0.16427408601258262,0.028901954782107966,0.030750942068207984,0.09267490597870202,0.061091678787838694,6.245000683630106e-05,29,129,0.028934786193524437,0.21512610728373377,True,True,False,2.9708385836974825e-08,COMPLETE
1512,0.2048193633556366,2025-04-15 16:47:19.974855,2025-04-15 16:47:30.556552,0 days 00:00:10.581697,0.42121731057278106,0.7948104259636046,16,0.11811006486842318,0.17207438998367286,0.09109719671163453,0.0642657072344347,0.08907499954560176,0.06378227031982749,0.00010689202012039415,30,141,0.0593172656761811,0.1971997162372949,True,True,True,5.1077454301219305e-06,COMPLETE
1513,0.2903004765510559,2025-04-15 16:47:31.045009,2025-04-15 16:47:41.065947,0 days 00:00:10.020938,0.5205112258237674,0.45016336307637694,16,0.02410138232728229,0.15245601019399593,0.09563118837840336,0.03801390502714567,0.08668238395310199,0.05775253440718924,9.43876559794393e-05,28,132,0.05706601174604901,0.20512249133752528,True,True,True,1.0371919647676154e-05,COMPLETE
1514,0.3722582817077637,2025-04-15 16:47:41.578875,2025-04-15 16:47:51.983820,0 days 00:00:10.404945,0.47987047166423547,0.7630054705332536,16,0.04623077514691963,0.15963607588212933,0.09327021529995715,0.032887117285488855,0.09039681770104598,0.06785002670464832,0.000156352229212886,29,137,0.06305174056195588,0.2215180486542806,True,True,True,5.253037125760032e-06,COMPLETE
1515,0.4097747683525086,2025-04-15 16:47:52.479157,2025-04-15 16:48:01.236532,0 days 00:00:08.757375,0.4414891827483187,0.8108034907889219,16,0.03705145678745797,0.16452304626672842,0.0982319379319964,0.03508078893084449,0.024229208073323415,0.06105490261453906,7.826391421528924e-05,30,134,0.06567734379404355,0.20955697099650736,False,True,True,5.621659057325111e-06,COMPLETE
1516,0.43002220392227175,2025-04-15 16:48:01.727859,2025-04-15 16:48:12.185968,0 days 00:00:10.458109,0.5021240640440924,0.7737398274990176,16,0.03029645967389137,0.17035554008778925,0.0999663957638431,0.03056072733347018,0.08426170907526336,0.05987364514096945,0.00012981131486011345,29,139,0.0606919903216297,0.2161275493251194,True,True,True,2.205687964648668e-08,COMPLETE
1517,0.26494227647781377,2025-04-15 16:48:12.702216,2025-04-15 16:48:36.377051,0 days 00:00:23.674835,0.4960036521335724,0.7863156137028469,2,0.019982476625670514,0.17181740745333463,0.09818803681133291,0.03233638730552836,0.08816781181707734,0.05924521851219566,0.00012705004996940242,29,131,0.06210977580079643,0.22554420825450888,True,True,True,2.4855074490388703e-08,COMPLETE
1518,0.3999484181404114,2025-04-15 16:48:36.891433,2025-04-15 16:48:47.289773,0 days 00:00:10.398340,0.46319094959646945,0.8124442885443651,16,0.025662414035993716,0.1460083407806661,0.09832902939676157,0.030600860857916988,0.08570233258250573,0.0628660551062419,0.00011618635747318967,29,138,0.04230669050126024,0.217876794019647,True,True,True,2.7819926577377914e-08,COMPLETE
1519,0.4219780325889588,2025-04-15 16:48:47.788210,2025-04-15 16:48:57.853943,0 days 00:00:10.065733,0.4819336377812418,0.7837771334741603,16,0.01960448890213685,0.1573595082581298,0.0986874808833962,0.034095716234697274,0.08764600056711183,0.06027396034153816,0.00013436692338780775,28,132,0.0639808094317757,0.22682403834693993,True,True,True,3.0919662098653206e-08,COMPLETE
1520,0.4109806537628174,2025-04-15 16:48:58.340421,2025-04-15 16:49:08.606025,0 days 00:00:10.265604,0.46164019830651615,0.8374427154959214,16,0.02899686525034515,0.1640190803770767,0.09825860359676787,0.03223619971708175,0.09054126918453961,0.05686098748849409,0.000107810390335978,29,134,0.05833643950168107,0.23380923958993852,True,True,True,2.4589013503038888e-08,COMPLETE
1521,0.4248337030410767,2025-04-15 16:49:09.122260,2025-04-15 16:49:19.686374,0 days 00:00:10.564114,0.5033907193017023,0.799819701386727,16,0.023528350523374104,0.15300637183759103,0.09991010834835054,0.036665509850758844,0.08403187443346606,0.06511312879518255,9.158295163576828e-05,30,136,0.060753570446618645,0.2152428430620653,True,True,True,3.31115571420951e-08,COMPLETE
1522,0.412325119972229,2025-04-15 16:49:20.179961,2025-04-15 16:49:30.269595,0 days 00:00:10.089634,0.486915041455749,0.7769606606830168,16,0.012826593237451361,0.17122862580985718,0.09971164771057063,0.03949974423230642,0.09267530134466072,0.05730149459648251,0.00013704258867580445,29,128,0.06725128260311218,0.21662359816597715,True,True,True,2.2283664780939405e-08,COMPLETE
1523,0.36380814313888554,2025-04-15 16:49:30.762146,2025-04-15 16:49:38.823543,0 days 00:00:08.061397,0.44123697179294297,0.7687340575752539,16,0.03345715909723168,0.15720255969907357,0.0997564609882584,0.035168423306708496,0.09426669925998461,0.054416047465365824,0.000113342292643438,28,15,0.05653205755933688,0.21168140833482155,True,True,True,4.660529978326497e-08,COMPLETE
1524,0.42442324161529543,2025-04-15 16:49:39.341447,2025-04-15 16:49:49.918555,0 days 00:00:10.577108,0.4676115301802056,0.8213722241287638,16,0.027808303268806418,0.1262954327705646,0.09684015453038153,0.030668289822460542,0.08654994766501939,0.059862374608060646,7.585431545514113e-05,30,139,0.059851636935653714,0.23642972999050452,True,True,True,2.4613963168733782e-06,COMPLETE
1525,0.2873738527297974,2025-04-15 16:49:50.413995,2025-04-15 16:50:00.717789,0 days 00:00:10.303794,0.4020413807283426,0.255624927201494,16,0.01793378621639682,0.14491049364520228,0.09840057837953828,0.03336409679875685,0.08897931726541258,0.061184672568005825,0.00015754012186215672,29,135,0.062397658603527716,0.2215888777931799,True,True,True,3.230957178175829e-08,COMPLETE
1526,0.42629776000976566,2025-04-15 16:50:01.212598,2025-04-15 16:50:09.743331,0 days 00:00:08.530733,0.5026059301532738,0.7949442476956936,16,0.0375561098963857,0.16312321866953414,0.09687016452236634,0.017164019074231936,0.08533331421861932,0.058863788229802885,9.960213236103907e-05,28,130,0.06453799242617114,0.22137186880143306,False,True,True,1.736899838224497e-05,COMPLETE
1527,0.2530248045921326,2025-04-15 16:50:10.236658,2025-04-15 16:50:20.228544,0 days 00:00:09.991886,0.48019524256712887,0.7701711511259464,16,0.06726784277410326,0.14962566046694792,0.09980851189934749,0.032647035980462834,0.08381477795261132,0.054839053583234786,0.00012937582156177612,29,124,0.05854916752608206,0.2112572900759313,True,True,True,2.2650164699407986e-08,COMPLETE
1528,0.28686140179634095,2025-04-15 16:50:20.741799,2025-04-15 16:50:30.751692,0 days 00:00:10.009893,0.45518945093637087,0.5324276151753008,16,0.01328103109331949,0.1681502059844146,0.09695635394845918,0.03750330782175021,0.08755408361710806,0.06190075395123707,8.24802629276255e-05,27,138,0.05526475841936913,0.22914039890564644,True,True,True,2.962295439970949e-08,COMPLETE
1529,0.42542217969894414,2025-04-15 16:50:31.247743,2025-04-15 16:50:41.872486,0 days 00:00:10.624743,0.431185871698077,0.8096701482853677,16,0.023911571975514485,0.15898843207885247,0.09804036641058468,0.03480553222100106,0.09123305590070366,0.05765475166901735,0.00015497706811963682,30,141,0.06136653787140588,0.20477410677286748,True,True,True,3.88997407797979e-08,COMPLETE
1530,0.40021625757217405,2025-04-15 16:50:42.367624,2025-04-15 16:50:52.336343,0 days 00:00:09.968719,0.5026375654973099,0.8351101099657298,16,0.03193942944251451,0.1732524723392081,0.09664883025874181,0.03092943601301308,0.08931521722006198,0.06542540588871149,5.7951475351988885e-05,28,127,0.05874489639768479,0.21684418185744883,True,True,True,5.5067795337143966e-08,COMPLETE
1531,0.22492552995681764,2025-04-15 16:50:52.846417,2025-04-15 16:51:03.150929,0 days 00:00:10.304512,0.05737366811882888,0.7915154603502106,16,0.020835412882513008,0.15434953342935068,0.09821838025609225,0.034473030476701194,0.08383133193924139,0.05619802401971406,0.00010821493230906327,29,134,0.06296149825142158,0.21074494749084158,True,True,True,2.2391072944752807e-08,COMPLETE
1532,0.25116072893142705,2025-04-15 16:51:03.647975,2025-04-15 16:51:13.948166,0 days 00:00:10.300191,0.46870069223113364,0.7552629875412324,16,0.028870582573924497,0.1643365684597088,0.09993325020962242,0.039051967922578056,0.08608972228733076,0.05938722837136419,8.810251800716248e-05,29,137,0.05694151303506139,0.2220173351890867,True,True,False,7.97923034934067e-08,COMPLETE
1533,0.32640846967697146,2025-04-15 16:51:14.444791,2025-04-15 16:51:24.774072,0 days 00:00:10.329281,0.4129095773309127,0.7752969683770536,16,0.042407395483867426,0.13722666095235136,0.0953885771902194,0.03599063245894542,0.08940963438780093,0.05180267170346926,0.00013111469667394162,30,130,0.060413509350233326,0.20417843425732232,True,True,True,4.432243473060298e-08,COMPLETE
1534,0.4237479090690613,2025-04-15 16:51:25.289692,2025-04-15 16:51:35.708118,0 days 00:00:10.418426,0.4838685434362053,0.75475492540541,16,0.026200804938839355,0.14971228274132284,0.09988551831544873,0.032726142559389375,0.08393837634028853,0.06358850693513614,7.053604408029237e-05,28,142,0.06584628232163597,0.21155001007049765,True,True,True,2.6483119368816076e-08,COMPLETE
1535,0.3777644634246826,2025-04-15 16:51:36.209513,2025-04-15 16:51:46.128389,0 days 00:00:09.918876,0.44862580382015066,0.7958778253590115,16,0.03557240838700703,0.17075716105557942,0.09994443846066617,0.031027255170067256,0.08704551602925102,0.04809592228417486,0.00010808872410847697,27,132,0.061923400916944336,0.20557583674210347,True,True,True,3.6523510170047184e-08,COMPLETE
1536,0.4247717261314392,2025-04-15 16:51:46.628749,2025-04-15 16:51:57.022304,0 days 00:00:10.393555,0.5168425100852917,0.8155846108864145,16,0.01800002651751175,0.1592405277884456,0.09649860349238626,0.015918714971210904,0.09301386458854413,0.05948821617731147,9.18538592032226e-05,29,139,0.05500873548679224,0.21677514231959705,True,True,True,2.9698839688187487e-08,COMPLETE
