number,value,datetime_start,datetime_complete,duration,params_alpha-eval,params_alpha-train,params_batch-size,params_eps-eval,params_eps-train,params_lambda-actions-eval,params_lambda-actions-train,params_lambda-frames-eval,params_lambda-frames-train,params_learning-rate,params_n-epochs,params_n-frames,params_radius-gw,params_rho,params_std-feats,params_ub-actions,params_ub-frames,params_weight-decay,state
1366,0.42685345411300657,2025-04-15 16:20:25.043688,2025-04-15 16:20:35.307236,0 days 00:00:10.263548,0.4733565602545169,0.7346328695397262,16,0.03003590291933757,0.13476173578263528,0.09998458283584762,0.03773875740345944,0.08926022002307331,0.03232671054977454,9.259163477923317e-05,29,133,0.05960439899657194,0.22203812501600406,True,True,True,5.607053581623241e-08,COMPLETE
1367,0.4220620632171631,2025-04-15 16:20:35.771089,2025-04-15 16:20:44.289087,0 days 00:00:08.517998,0.47258820773971666,0.7440522724516607,16,0.02883366467216451,0.14616885390593704,0.09991580018214082,0.03526056462548329,0.08922218675646516,0.03581722579448813,7.308939225779209e-05,28,131,0.05820677694647132,0.21163807775822324,False,True,True,4.0396961965623984e-08,COMPLETE
1368,0.42346613407135014,2025-04-15 16:20:44.737377,2025-04-15 16:20:54.922918,0 days 00:00:10.185541,0.45826803239909086,0.7316720431171415,16,0.03058155262259651,0.14236998200701437,0.09725423827423849,0.03612140130822457,0.08962131369519323,0.0372171989392995,9.926445103636816e-05,29,130,0.06006085677645362,0.2156252602069098,True,True,True,4.2735447921378126e-08,COMPLETE
1369,0.39897143840789795,2025-04-15 16:20:55.368718,2025-04-15 16:21:05.650123,0 days 00:00:10.281405,0.4533324998519552,0.7496495672137298,16,0.032672196045110645,0.15308180895335022,0.09806834471794258,0.038627748844321505,0.08818588302279931,0.05840968983568845,7.796800355625301e-05,29,132,0.05807370462672007,0.20749351731232182,True,True,True,5.467045781793488e-08,COMPLETE
1370,0.43097519874572754,2025-04-15 16:21:06.095454,2025-04-15 16:21:16.148933,0 days 00:00:10.053479,0.48758470683226524,0.7604764245283798,16,0.027513851929180357,0.14959903335782193,0.09980076961965494,0.03370140278834022,0.08951206271616448,0.05911982367703784,0.00010011572138508884,28,131,0.060311066843016126,0.20877841319669843,True,True,True,3.160870444766628e-08,COMPLETE
1371,0.39520258903503414,2025-04-15 16:21:16.591820,2025-04-15 16:21:38.980143,0 days 00:00:22.388323,0.4795344453520215,0.7294492326982702,2,0.033376927693990185,0.1553784461941466,0.09945522976864143,0.0352403078898687,0.08998549480923591,0.05995533425819943,0.0001158251126414467,27,131,0.05794062493258138,0.22613862096684073,True,True,True,4.1987160249722236e-08,COMPLETE
1372,0.3853582501411438,2025-04-15 16:21:39.423734,2025-04-15 16:21:49.407878,0 days 00:00:09.984144,0.45387783507437307,0.7528387728214396,16,0.03844870957357127,0.1500331075923965,0.09981504491430183,0.033495482228766284,0.08910599564771428,0.056751535144777036,9.634562723758659e-05,28,131,0.059960597561955105,0.21407037567116413,True,True,True,3.4055355933697104e-08,COMPLETE
1373,0.42598892450332637,2025-04-15 16:21:49.873887,2025-04-15 16:21:59.893463,0 days 00:00:10.019576,0.4753946020842203,0.7547353540960262,16,0.02697969694789076,0.15458524511658372,0.0997196859795771,0.034063823308447386,0.0896876252083042,0.05973398853866847,0.00010459503859833357,28,130,0.05726040511845017,0.2058972173558851,True,True,True,4.493527741534939e-08,COMPLETE
1374,0.4227510809898377,2025-04-15 16:22:00.339752,2025-04-15 16:22:10.308410,0 days 00:00:09.968658,0.48637672537105836,0.737584172966957,16,0.03450523516441526,0.15796955758251088,0.0997912565923117,0.03888607799330386,0.08847467859117807,0.03758704909359057,0.00010892698934568318,28,128,0.05971211555971291,0.22222773983775876,True,True,True,5.444847656918491e-08,COMPLETE
1375,0.42947888374328613,2025-04-15 16:22:10.755759,2025-04-15 16:22:20.665063,0 days 00:00:09.909304,0.4438871122352329,0.7628790919741583,16,0.02580991958622598,0.15896428934134432,0.0973759225050457,0.036232433134007834,0.08787629497003202,0.06048222612269105,0.0001157319219342325,27,131,0.06079089424512027,0.21633168320328633,True,True,True,3.3369458051281406e-08,COMPLETE
1376,0.2048193633556366,2025-04-15 16:22:21.111553,2025-04-15 16:22:30.879852,0 days 00:00:09.768299,0.4452051829368473,0.7651727219559156,16,0.16673551090725708,0.1489001959532773,0.09982790311839891,0.03669519014812908,0.0907255718372187,0.06054449444452592,8.771895036817289e-05,27,128,0.06149969177769678,0.2178404211585278,True,True,True,3.372181386457408e-08,COMPLETE
1377,0.40618760585784913,2025-04-15 16:22:31.323662,2025-04-15 16:22:41.277547,0 days 00:00:09.953885,0.44263724148042377,0.7684936472877502,16,0.029626594129793068,0.15697420841972118,0.0984623688995119,0.03811865502891967,0.08959049909132412,0.0617887786037643,0.00011403433299415165,27,132,0.058511673913316346,0.2190643656835403,True,True,True,4.681160518159211e-08,COMPLETE
1378,0.2299383640289307,2025-04-15 16:22:41.721481,2025-04-15 16:22:51.644249,0 days 00:00:09.922768,0.42342962813247764,0.727791346044109,16,0.02321060697422201,0.1512596257543559,0.09807304280324364,0.03549429452299761,0.08969026852542772,0.05759874741238109,9.91258352552422e-05,28,130,0.06050206286854979,0.22650106597979594,True,True,False,3.432483663904206e-08,COMPLETE
1379,0.40062639713287357,2025-04-15 16:22:52.107105,2025-04-15 16:23:00.575786,0 days 00:00:08.468681,0.4336147387756102,0.7603423201329476,16,0.03683000516672703,0.16012335041681333,0.03717503094678636,0.03409001606126901,0.08878536405563073,0.05798966331205922,0.00011793442770355843,28,127,0.057011055283050886,0.21184222571092862,False,True,True,6.692895222630934e-08,COMPLETE
1380,0.4166047930717468,2025-04-15 16:23:01.025531,2025-04-15 16:23:10.810341,0 days 00:00:09.784810,0.45647473587090687,0.7886886776011548,16,0.02857973990309021,0.14698393161133252,0.0982018347937867,0.036495466144566516,0.08763885630373949,0.06068574852215915,9.006507413934802e-05,26,132,0.05870158992908608,0.21818890641593852,True,True,True,3.201970470136098e-08,COMPLETE
1381,0.4255621671676636,2025-04-15 16:23:11.260893,2025-04-15 16:23:21.346006,0 days 00:00:10.085113,0.46368773724185547,0.7442086052289789,16,0.023247496551330897,0.1558336580950013,0.09788256794344792,0.03800355613896636,0.09050709882623051,0.05996896953558737,0.00012483340416268496,28,133,0.06225049713388804,0.23128608378142254,True,True,True,4.2272597779763633e-08,COMPLETE
1382,0.3478301644325257,2025-04-15 16:23:21.797501,2025-04-15 16:23:31.681785,0 days 00:00:09.884284,0.43345826010779764,0.7646608635768832,16,0.04047363509651767,0.1437527260934566,0.09971517375718962,0.03448471146747518,0.08792381436759537,0.06366552175513868,0.00010435726701922073,27,134,0.06136781494479429,0.208062050023902,True,True,True,3.135405809275588e-08,COMPLETE
1383,0.4263977885246277,2025-04-15 16:23:32.130016,2025-04-15 16:23:42.221140,0 days 00:00:10.091124,0.4509682458896984,0.7264158708933407,16,0.03206721215328812,0.15726546067635283,0.09994536846437714,0.038985623442806296,0.08775699492869957,0.06377259761549538,8.228970486962928e-05,28,134,0.056037398095345,0.22310754938881414,True,True,True,5.545969203744965e-08,COMPLETE
1384,0.4304570078849792,2025-04-15 16:23:42.665278,2025-04-15 16:23:52.466250,0 days 00:00:09.800972,0.4618344195758142,0.7912716217785464,16,0.02658870722816455,0.16229525084240182,0.09738851040933831,0.036252180398272923,0.08967413806082475,0.05414005915332331,0.00012850418700056308,27,129,0.05962788693736679,0.21278048335943453,True,True,True,4.242825038418114e-08,COMPLETE
1385,0.2048193633556366,2025-04-15 16:23:52.929075,2025-04-15 16:24:02.575854,0 days 00:00:09.646779,0.4247665244766649,0.8021668055009511,16,0.11254735231569218,0.15299078633683316,0.09783145202214645,0.034921828036777645,0.09072598124604418,0.05513450317372997,0.00013181160027421615,26,129,0.057656072324297813,0.21492451498138496,True,True,True,6.700946102179034e-08,COMPLETE
1386,0.3268017292022705,2025-04-15 16:24:03.028315,2025-04-15 16:24:12.748135,0 days 00:00:09.719820,0.44175647014115765,0.7911945720902046,16,0.023078276346680342,0.16099286763619572,0.09787585223045155,0.03739518239630194,0.08980925155348977,0.05246995371183617,0.00010790176528711862,26,130,0.041009005878097526,0.011713836824975399,True,True,True,4.8903351716370426e-08,COMPLETE
1387,0.4232563376426697,2025-04-15 16:24:13.204098,2025-04-15 16:24:22.963039,0 days 00:00:09.758941,0.46212122039913694,0.8089308765486125,16,0.022328445662466157,0.13471748400311584,0.09811386322781931,0.03633007743046717,0.09103261630939326,0.05622333642515512,0.00013024874924797423,27,127,0.059208980366873616,0.22974782720017284,True,True,True,3.889690221506366e-08,COMPLETE
1388,0.4210904002189636,2025-04-15 16:24:23.420001,2025-04-15 16:24:33.303639,0 days 00:00:09.883638,0.43188289268873364,0.7880221970219494,16,0.02640573996573019,0.15155284414212092,0.09730048776039918,0.03917781321710373,0.08960454780959841,0.05594856710239955,0.00013002458537821353,27,129,0.0556053506722616,0.22004014085268617,True,True,True,5.0965585063524094e-08,COMPLETE
1389,0.4221118450164795,2025-04-15 16:24:33.751202,2025-04-15 16:24:43.598688,0 days 00:00:09.847486,0.4497471707058622,0.7792047692258649,16,0.02166848443427632,0.14530780933433424,0.09764001775110007,0.033292529636619675,0.09038467940323713,0.054548286895460485,9.327217950538877e-05,27,127,0.05763388355731288,0.21583970940745528,True,True,True,5.987407288838631e-08,COMPLETE
1390,0.28038175702095036,2025-04-15 16:24:44.072059,2025-04-15 16:24:52.613546,0 days 00:00:08.541487,0.19252106274902786,0.8111758978815168,16,0.027577022495063858,0.1609542266553777,0.09967872339613507,0.038836184409328,0.08760354002461802,0.05843054813733203,0.00011277286284468657,28,133,0.059525245450890135,0.2218198470990992,False,True,True,3.6143702317124735e-08,COMPLETE
1391,0.42209680080413825,2025-04-15 16:24:53.066392,2025-04-15 16:25:02.931503,0 days 00:00:09.865111,0.4683939638566192,0.7929578540722007,16,0.020095157865965933,0.15631097922377035,0.09678099630722262,0.036383916208891295,0.0882328016476754,0.05399612630067584,0.00013813269494629705,27,129,0.05614122386289652,0.20991334958561905,True,True,True,4.2329228978429245e-08,COMPLETE
1392,0.4088959813117981,2025-04-15 16:25:03.384707,2025-04-15 16:25:13.233323,0 days 00:00:09.848616,0.4136420345749413,0.7730644424062969,16,0.03348623065602473,0.16142179502760937,0.09808468047438182,0.033238966725494985,0.09086933963925076,0.057070093060722915,8.120770549228218e-05,28,125,0.06091430186116096,0.24328595198098305,True,True,True,4.413651932456069e-08,COMPLETE
1393,0.2048193633556366,2025-04-15 16:25:13.685536,2025-04-15 16:25:23.404976,0 days 00:00:09.719440,0.46525605643176654,0.8065057951431795,16,0.21824639470797652,0.1524588913362115,0.09975622995049363,0.03670349562862067,0.08795730126054972,0.057997345899450506,0.00010742032977692918,26,131,0.05819074269828273,0.21334449587061732,True,True,True,3.0613606851986944e-08,COMPLETE
1394,0.4215605020523071,2025-04-15 16:25:23.853649,2025-04-15 16:25:33.621416,0 days 00:00:09.767767,0.4360684713457201,0.7730061672540266,16,0.027439639183045494,0.16171628903935825,0.0998780083686783,0.034030773452089026,0.0872199691198083,0.06318084410113778,9.518297897952528e-05,27,126,0.06228685774666916,0.20696175490000443,True,True,True,3.9111552145944236e-08,COMPLETE
1395,0.42502492666244507,2025-04-15 16:25:34.073674,2025-04-15 16:25:44.114536,0 days 00:00:10.040862,0.4711553604236098,0.792128578829559,16,0.017532091672068834,0.16345149617053337,0.0967669771979435,0.03964622518399102,0.09053899172347404,0.06040364028987242,0.0001329587014874085,28,132,0.05955997375924738,0.21268049316687526,True,True,True,3.1382267000046665e-08,COMPLETE
1396,0.42067584991455076,2025-04-15 16:25:44.585742,2025-04-15 16:25:54.697773,0 days 00:00:10.112031,0.45656863929782343,0.8199516559220166,16,0.022232732221775235,0.1480252482283977,0.09998883309748545,0.03261198420606251,0.08893627038069177,0.05062333348695089,0.00012303952059422666,28,134,0.05547855888624899,0.22776318845258905,True,True,True,5.976075513581936e-08,COMPLETE
1397,0.28485811352729795,2025-04-15 16:25:55.154890,2025-04-15 16:26:17.841320,0 days 00:00:22.686430,0.4230048422673856,0.16676699877371418,2,0.03417786350386569,0.13855047249719704,0.09668083802359494,0.0351274391891671,0.08696923041658107,0.05896037388860493,8.05941017596792e-05,27,131,0.06082305476410381,0.21737140952358047,True,True,True,7.157136832156904e-08,COMPLETE
1398,0.2180914044380188,2025-04-15 16:26:18.300384,2025-04-15 16:26:28.182263,0 days 00:00:09.881879,0.4757922116560633,0.7672849392739942,16,0.02846306179903269,0.15613573866251385,0.09680278746689365,0.03693662468571847,0.08975728108915638,0.06179432642721163,0.00010855976498581387,28,127,0.05859394081717925,0.20952305936624513,True,True,False,4.7440902717326385e-08,COMPLETE
1399,0.4247743248939514,2025-04-15 16:26:28.638689,2025-04-15 16:26:38.534912,0 days 00:00:09.896223,0.44295273540375196,0.7873271637350951,16,0.017588332401450024,0.1640932811275674,0.0966229111405769,0.032464172069125025,0.08717465656358889,0.03343735583574579,9.564476382322511e-05,26,134,0.06243137939107677,0.2060410322487254,True,True,True,2.9111741312559783e-08,COMPLETE
1400,0.38546298742294316,2025-04-15 16:26:38.986749,2025-04-15 16:26:49.268886,0 days 00:00:10.282137,0.4836596472676355,0.7586500194960488,16,0.0375540632871376,0.1566009328263297,0.09809187109841683,0.03524394185975027,0.09071208505576114,0.05934135557007867,0.00013501960217130184,29,135,0.057016549781954765,0.2146057704390344,True,True,True,3.6306687889650747e-08,COMPLETE
1401,0.40023982524871826,2025-04-15 16:26:49.742925,2025-04-15 16:26:59.811176,0 days 00:00:10.068251,0.998025045580592,0.8063820788218412,16,0.026455640419464417,0.15176105699108525,0.09621523777036962,0.03971211974468369,0.08758671887180125,0.05743414941340984,7.425461689669831e-05,28,131,0.05957356995323747,0.22235219567870151,True,True,True,2.749080113322246e-08,COMPLETE
1402,0.3521326661109925,2025-04-15 16:27:00.292735,2025-04-15 16:27:08.860214,0 days 00:00:08.567479,0.45917827937660644,0.7755206252434874,16,0.0208354733190164,0.16155752519916386,0.09836123033831047,0.03259747062564161,0.08955501992411563,0.05065611976100995,9.175363493380509e-05,29,125,0.061230706186933576,0.20461442054510476,False,True,True,4.8226732951670255e-08,COMPLETE
1403,0.4068169951438904,2025-04-15 16:27:09.314627,2025-04-15 16:27:19.448490,0 days 00:00:10.133863,0.4183541898315839,0.7480083937332682,16,0.03097315168589461,0.14269224130738178,0.09994354523091183,0.03694407805346388,0.08660961643161934,0.06201436170420371,0.00014588985734167393,28,135,0.05568797515525769,0.20959429687413636,True,True,True,2.788677626834941e-08,COMPLETE
1404,0.42417627573013306,2025-04-15 16:27:19.902702,2025-04-15 16:27:30.168484,0 days 00:00:10.265782,0.44645529671018913,0.7907123451846776,16,0.01623571436650474,0.1644597475962493,0.09617446586315465,0.034691327388941616,0.0914310293932111,0.06565786510933232,0.00011275097059530568,29,129,0.05784560594530789,0.21812270106817802,True,True,True,3.824579775223644e-08,COMPLETE
1405,0.37128977775573735,2025-04-15 16:27:30.620588,2025-04-15 16:27:40.548886,0 days 00:00:09.928298,0.48474278048248076,0.7587247077311342,16,0.04141060575065874,0.1567235569335222,0.09666640753959867,0.03186429857252066,0.08848457278805144,0.05385690652765271,8.464878232059757e-05,27,133,0.06269744664840134,0.20486095182863948,True,True,True,2.7799541782530134e-08,COMPLETE
1406,0.2048193633556366,2025-04-15 16:27:41.001678,2025-04-15 16:27:51.063172,0 days 00:00:10.061494,0.47251834737109066,0.8128778489345841,16,0.026101392247543348,0.14893912845994797,0.09832817707937562,0.03435864135062583,0.08655510869063117,0.05283695633126231,0.00014368664555831315,29,128,0.010287066549321336,0.21192673737845136,True,True,True,5.3017455005074634e-08,COMPLETE
1407,0.3978933930397034,2025-04-15 16:27:51.541010,2025-04-15 16:28:01.710324,0 days 00:00:10.169314,0.43072089836950367,0.8250610967894351,16,0.033086850851663525,0.16414119186576626,0.09553588450393374,0.03717248497189592,0.08635231498216646,0.05561861320945097,0.00011250823485531816,28,136,0.060131230406983316,0.22513213441499344,True,True,True,3.5715393706778534e-08,COMPLETE
1408,0.2623270392417908,2025-04-15 16:28:02.176287,2025-04-15 16:28:12.360612,0 days 00:00:10.184325,0.1442748252391723,0.7786747591226972,16,0.021421628820235256,0.15838837602004072,0.09988890740888656,0.03284024735160863,0.08882001023084082,0.048940763939925,6.946610879908246e-05,29,132,0.057554608566079454,0.20312658939716502,True,True,True,4.3080584134497516e-08,COMPLETE
1409,0.25395886898040776,2025-04-15 16:28:12.822122,2025-04-15 16:28:22.822193,0 days 00:00:10.000071,0.4921683999595595,0.7478572946451288,16,0.07190123297610071,0.15256645582546802,0.09996321532339854,0.038578982580330615,0.09113683174302989,0.05933861796423948,0.00012064249727431656,29,124,0.06276874379663194,0.21613117966118262,True,True,True,6.848856301625062e-08,COMPLETE
1410,0.38685597181320197,2025-04-15 16:28:23.280724,2025-04-15 16:28:33.388283,0 days 00:00:10.107559,0.45726956118046547,0.7987456135836963,16,0.03568320667589683,0.1641686615628303,0.09569713371633297,0.03206349320401551,0.08661335989707084,0.056498291122710834,9.307950401372563e-05,28,135,0.05957159475232824,0.2078447410802143,True,True,True,2.9639394652155685e-08,COMPLETE
1411,0.4048187494277954,2025-04-15 16:28:33.843189,2025-04-15 16:28:43.668708,0 days 00:00:09.825519,0.40931276728850036,0.7670991105536491,16,0.02669056713806022,0.14517269398886926,0.09767038403672197,0.03505629019637066,0.08871187936336176,0.03360682051983245,0.00013092880794185515,27,130,0.08875918444308356,0.20286457821997514,True,True,True,2.730612285719202e-08,COMPLETE
1412,0.3332326650619507,2025-04-15 16:28:44.145374,2025-04-15 16:28:54.479758,0 days 00:00:10.334384,0.4762543869764159,0.7474868713157048,16,0.014597193778391918,0.15758854398538827,0.09539076751386667,0.04005906062990786,0.0861803538915529,0.05488580839906593,0.00010329595311342059,29,135,0.06135348253585829,0.2759757732318557,True,True,True,3.68832709724649e-08,COMPLETE
1413,0.27455214858055116,2025-04-15 16:28:54.944074,2025-04-15 16:29:16.532756,0 days 00:00:21.588682,0.44576727480036477,0.7896431492734047,2,0.02261062562643561,0.11160060291100901,0.09791455122470939,0.036063484536544926,0.0917279283771819,0.06320585291298841,0.0001444385478930312,28,126,0.05545356446296064,0.21324781134195472,False,True,True,5.512506841173562e-08,COMPLETE
1414,0.43018561601638794,2025-04-15 16:29:17.000471,2025-04-15 16:29:27.212909,0 days 00:00:10.212438,0.4889457379221559,0.7673340817626214,16,0.029742682425795804,0.1651343836649032,0.09997483114435642,0.03395022634636267,0.08856211046497181,0.06138669527537101,9.393832520371147e-05,29,132,0.0588523946939729,0.21064795048372673,True,True,True,3.528872662596673e-08,COMPLETE
1415,0.4239277601242065,2025-04-15 16:29:27.670133,2025-04-15 16:29:37.763610,0 days 00:00:10.093477,0.48948604601024065,0.8220058891297128,16,0.016583510355375124,0.1639846001888573,0.0998577285769004,0.036306835181307805,0.08990508670440046,0.0612969581586681,6.883708372766675e-05,29,130,0.05719342217663859,0.22058897847484188,True,True,True,4.288322224728895e-08,COMPLETE
1416,0.42522094249725345,2025-04-15 16:29:38.226336,2025-04-15 16:29:48.393401,0 days 00:00:10.167065,0.4656907303060792,0.7840549632469814,16,0.027294911895655215,0.15835288308584483,0.09813757668165862,0.03447164670228882,0.09219270005653528,0.06194714151950577,8.094939270844087e-05,29,131,0.05567782556115524,0.21458276779800958,True,True,True,4.502110349091874e-08,COMPLETE
1417,0.4009238243103027,2025-04-15 16:29:48.874182,2025-04-15 16:29:59.108616,0 days 00:00:10.234434,0.48685028062236874,0.8046960912505126,16,0.02028644096751405,0.15180516801323155,0.09686073494461403,0.03736679545449162,0.08948748211416613,0.05915496850287157,9.11709269429679e-05,29,132,0.09265243173956134,0.22905011795669872,True,True,True,3.495881454124181e-08,COMPLETE
1418,0.2654261589050293,2025-04-15 16:29:59.572102,2025-04-15 16:30:09.506501,0 days 00:00:09.934399,0.49191748872934105,0.7733841841525966,16,0.02991497542655685,0.1637167891827705,0.09994669035616989,0.03396969369204323,0.09045915765617142,0.05993264444830132,7.319892019751226e-05,28,129,0.058296866185977084,0.234473087542432,True,True,False,4.9640628114685635e-08,COMPLETE
1419,0.4255703926086426,2025-04-15 16:30:09.968039,2025-04-15 16:30:20.035401,0 days 00:00:10.067362,0.45423819818887784,0.7656252530652918,16,0.015490315312328126,0.15440831889879467,0.09558908858981598,0.03806683549387282,0.08855959308372646,0.0576583652847494,0.00011484086186477027,29,127,0.058850387065621096,0.21012465880317313,True,True,True,6.816648000198786e-08,COMPLETE
1420,0.4112317681312561,2025-04-15 16:30:20.497296,2025-04-15 16:30:30.634319,0 days 00:00:10.137023,0.4725955900371104,0.8022938551936698,16,0.0243993842811165,0.16578776340637827,0.09807765680613573,0.033942714431927076,0.015208181240550747,0.055264892583829696,9.732309240245678e-05,28,133,0.0628517426701537,0.219933098964194,True,True,True,3.37578976543284e-08,COMPLETE
1421,0.4012097477912903,2025-04-15 16:30:31.115209,2025-04-15 16:30:40.876742,0 days 00:00:09.761533,0.4361554361866989,0.8257809076084598,16,0.02983857552937306,0.16026758858783638,0.09497404472160374,0.03593572504492925,0.08829137246993023,0.0637177542036294,8.23244112492307e-05,26,134,0.055922441036502915,0.2058790109257959,True,True,True,3.919345513017957e-08,COMPLETE
1422,0.42594197988510135,2025-04-15 16:30:41.342107,2025-04-15 16:30:51.712242,0 days 00:00:10.370135,0.5000071574920588,0.7824633154083304,16,0.02226001560815292,0.1466247191688759,0.09715984785687795,0.03238016199014374,0.0918123358246126,0.04162089166957954,0.00011408171403353923,29,136,0.06059568573124442,0.21157622168104234,True,True,True,1.3428492362450087e-05,COMPLETE
