number,value,datetime_start,datetime_complete,duration,params_alpha-eval,params_alpha-train,params_batch-size,params_eps-eval,params_eps-train,params_lambda-actions-eval,params_lambda-actions-train,params_lambda-frames-eval,params_lambda-frames-train,params_learning-rate,params_n-epochs,params_n-frames,params_radius-gw,params_rho,params_std-feats,params_ub-actions,params_ub-frames,params_weight-decay,state
740,0.4192363381385803,2025-04-13 15:30:21.969612,2025-04-13 15:30:29.808984,0 days 00:00:07.839372,0.5634657987454074,0.7268228875111261,8,0.05618459396477296,0.09537775767525111,0.06735484400279096,0.05337049249225451,0.06654191347638136,0.059124431668000015,0.0003517420578387484,16,39,0.06398341909514975,0.2834082139880474,False,True,True,2.841260072180618e-06,COMPLETE
741,0.42402861118316654,2025-04-13 15:30:30.037481,2025-04-13 15:30:37.882387,0 days 00:00:07.844906,0.5378708168311845,0.7607493333200851,8,0.04665783161741736,0.10147759074861294,0.06494521919066802,0.05689397914227974,0.06977748963616756,0.07079186196622655,0.0003351464358078726,16,41,0.0664117310320369,0.29163780172367765,False,True,True,3.1762577803065066e-06,COMPLETE
742,0.4206459760665894,2025-04-13 15:30:38.130775,2025-04-13 15:30:45.903244,0 days 00:00:07.772469,0.5921759955420688,0.7425499646956525,8,0.05253811429423817,0.0919003272469146,0.06705081631478876,0.04961585141726366,0.07187240758865956,0.01356731078140621,0.0003167146666648829,16,42,0.06153199096159417,0.2796215977319246,False,True,True,3.497819798164876e-06,COMPLETE
743,0.39220126867294314,2025-04-13 15:30:46.132742,2025-04-13 15:30:52.852911,0 days 00:00:06.720169,0.5759653986607306,0.7665397765253028,16,0.06424623997462893,0.10059620601340595,0.06394723815902549,0.054061578692471905,0.070167191662897,0.010630375918527769,0.00027428902642097786,15,39,0.06229332170205917,0.27789767460704745,False,True,True,4.52937250193613e-06,COMPLETE
744,0.43533930778503416,2025-04-13 15:30:53.095681,2025-04-13 15:31:08.355486,0 days 00:00:15.259805,0.5512970745136819,0.7247417283773286,2,0.049100539083530015,0.10328340818623162,0.06229895489909638,0.05109441153739285,0.07201545527398108,0.011469648412124805,0.00031671458556530653,17,44,0.06422753772482453,0.2675294222990113,False,True,True,3.934455003444924e-06,COMPLETE
745,0.389487373828888,2025-04-13 15:31:08.598540,2025-04-13 15:31:23.592052,0 days 00:00:14.993512,0.5244380891990758,0.7388788980920333,2,0.05777821253906856,0.10765079330173803,0.06508484714435231,0.045844876231521545,0.06884904590947757,0.02013327926535666,0.00033520794050345156,17,45,0.06581858174864695,0.26599657894070045,False,True,True,2.604758879725194e-06,COMPLETE
746,0.3541014909744263,2025-04-13 15:31:23.824811,2025-04-13 15:31:31.805740,0 days 00:00:07.980929,0.5033947964408642,0.7788877367319093,8,0.05209263300311286,0.08921788097044109,0.062419562199401264,0.0483858104149674,0.07110294769591866,0.014585784160174005,0.0003336726558879285,16,121,0.065343811133486,0.06836407034283784,False,True,True,2.502077313180516e-06,COMPLETE
747,0.2048193633556366,2025-04-13 15:31:32.051845,2025-04-13 15:31:47.011632,0 days 00:00:14.959787,0.5445226248991006,0.7866791822565491,2,0.04819424714379218,0.09401006861195763,0.06678093087158937,0.05062950803344867,0.06651988989562282,0.01241364428719691,0.0002732378825736727,17,39,0.06757789072202681,0.266820243156007,False,True,False,3.880263369889822e-06,COMPLETE
748,0.4152764439582825,2025-04-13 15:31:47.245039,2025-04-13 15:32:01.313623,0 days 00:00:14.068584,0.5526279927513201,0.7244326566297876,2,0.05919307743797429,0.11364256726605115,0.06344447527302664,0.05158587662031415,0.07229541938160054,0.009946067702263868,0.0003465662990735059,15,42,0.06194978892611531,0.25940394588940996,True,True,True,2.1308525301003206e-06,COMPLETE
749,0.4107627391815186,2025-04-13 15:32:01.560728,2025-04-13 15:32:16.003374,0 days 00:00:14.442646,0.5024589318906609,0.7555553110043975,2,0.05032850201944553,0.10465527070086285,0.06167031866951861,0.04794632900946721,0.07055563510575344,0.017988316620503098,0.0002690306710958511,16,45,0.06405378415718516,0.2686092554269321,False,True,True,3.1377684139887898e-06,COMPLETE
750,0.4282745122909546,2025-04-13 15:32:16.252462,2025-04-13 15:32:24.222818,0 days 00:00:07.970356,0.5352710194725565,0.7186779320336426,8,0.0466782737675237,0.09717870788912182,0.0638846697519184,0.052425731699548686,0.0725561099594726,0.012145474276548064,0.0002508851770769125,17,41,0.06354962971736569,0.2619241023213418,False,True,True,2.049121235283189e-06,COMPLETE
751,0.3936009526252747,2025-04-13 15:32:24.454638,2025-04-13 15:32:32.407737,0 days 00:00:07.953099,0.528443003265489,0.7509878676083614,8,0.06204578153913112,0.08696209655911415,0.06526604382823621,0.05210262944289122,0.07309513563957463,0.014646560091145587,0.0003145822658040481,17,39,0.06426134006225717,0.2611930554017904,False,True,True,1.4888959984436982e-06,COMPLETE
752,0.4283628463745117,2025-04-13 15:32:32.654701,2025-04-13 15:32:40.620860,0 days 00:00:07.966159,0.5543414180085894,0.7154468843929441,8,0.048848950005191634,0.09958504020503171,0.06691249547041005,0.04933793195966718,0.06771707072288728,0.012414785742163391,0.0002432276805007703,17,41,0.06457344903009865,0.258150859056014,False,True,True,1.2472818704748456e-06,COMPLETE
753,0.38395539522171024,2025-04-13 15:32:40.854680,2025-04-13 15:32:48.645118,0 days 00:00:07.790438,0.5357667600236453,0.996958286866799,8,0.04970975982465535,0.09687638655213901,0.06776778362731029,0.04409642414146147,0.0677230533481356,0.014450804025322925,0.00027198117400046,16,40,0.06898553465916962,0.2610012633818249,False,True,True,1.1392008608888988e-06,COMPLETE
754,0.3630323767662048,2025-04-13 15:32:48.891181,2025-04-13 15:32:56.755025,0 days 00:00:07.863844,0.48321270801368976,0.7305359965650284,8,0.06836554601761034,0.10576527314092248,0.06756493077008971,0.04991884681811013,0.06884913748393365,0.01654610179808118,0.00034178614816348523,17,41,0.06691856872062067,0.2563517416061825,False,False,True,1.53496453773882e-06,COMPLETE
755,0.384027361869812,2025-04-13 15:32:57.000407,2025-04-13 15:33:04.787112,0 days 00:00:07.786705,0.5088785740270271,0.7596334514490575,8,0.059451302928411276,0.09702174640742839,0.06517645842282702,0.05052206744238681,0.06909140532036585,0.013167514435813366,0.0002558217372695301,16,38,0.06562308218975593,0.25455809107492616,False,True,True,1.1524713193337204e-06,COMPLETE
756,0.42117860317230227,2025-04-13 15:33:05.021651,2025-04-13 15:33:12.696505,0 days 00:00:07.674854,0.5538237016025442,0.8199274225617437,8,0.04011777933983922,0.09126660845898081,0.06684979657513192,0.046346985007984384,0.06662631036912788,0.011809482418711596,0.00032370481881341607,15,42,0.06354712740496457,0.26382781439930353,False,True,True,8.154225235514344e-07,COMPLETE
757,0.41601468324661256,2025-04-13 15:33:12.941885,2025-04-13 15:33:20.884509,0 days 00:00:07.942624,0.5340220634835051,0.7249908399886605,8,0.0547692283677293,0.11070062592569721,0.06445597745155739,0.041920941354641285,0.07066774580326415,0.016229752889986564,0.00023950808474290967,17,39,0.06265530500474449,0.26056444721639155,False,True,True,2.244738595515299e-06,COMPLETE
758,0.41989749670028687,2025-04-13 15:33:21.134768,2025-04-13 15:33:28.679822,0 days 00:00:07.545054,0.5633580083824287,0.7417357600161029,8,0.048284267126883794,0.10015713868657254,0.06319179442878049,0.0481066602470021,0.0711491699302917,0.013027540070694833,0.000281837900025769,14,43,0.06468526387853668,0.2540607286636559,False,True,True,1.8495365073785687e-06,COMPLETE
759,0.3770506024360657,2025-04-13 15:33:28.913020,2025-04-13 15:33:36.843858,0 days 00:00:07.930838,0.5131900180309215,0.7770162939021925,8,0.05608673949006894,0.10757760662782076,0.06865038794303917,0.05290357800207593,0.07277675183480463,0.01205810848086442,0.00023873093609512138,17,38,0.06677606784367766,0.26507180574315503,False,True,True,1.0272305241987585e-06,COMPLETE
760,0.43370420932769777,2025-04-13 15:33:37.095018,2025-04-13 15:33:45.262041,0 days 00:00:08.167023,0.5483237566067779,0.716035509931891,8,0.0463421137778871,0.1229534276661436,0.06594718694067384,0.050760966870893806,0.06954774470464913,0.015475738598434994,0.000345489652363268,17,42,0.061418249993585236,0.2682119737605129,True,True,True,1.694690764124031e-06,COMPLETE
761,0.4224471807479858,2025-04-13 15:33:45.497635,2025-04-13 15:33:53.418685,0 days 00:00:07.921050,0.5284545897607139,0.720441771363893,8,0.050320690943264856,0.11897464205697292,0.06611728600983098,0.0503375468082049,0.06890324086601433,0.0166743524408659,0.00030502369664813113,16,41,0.06285790947566038,0.2594413619446539,True,True,True,1.1955319832787207e-06,COMPLETE
762,0.39392906427383423,2025-04-13 15:33:53.667933,2025-04-13 15:34:01.534757,0 days 00:00:07.866824,0.4971074681240215,0.7371813831102344,8,0.046826544059760805,0.11895147078637232,0.06976214194000771,0.04642800279275535,0.06611860004453612,0.01974724092823027,0.0003546193527649107,17,8,0.06173222552006835,0.1148797502347713,True,True,True,1.437648717236682e-06,COMPLETE
763,0.4138742804527283,2025-04-13 15:34:01.786192,2025-04-13 15:34:09.854357,0 days 00:00:08.068165,0.5486450342353318,0.7175314211474016,8,0.054374531360587036,0.12504285174933072,0.06689752313478463,0.048130875346255174,0.06891580088484457,0.015394974761951024,0.0003527216589740478,17,39,0.06406481383698097,0.2661893526130122,True,True,True,1.8389292354528614e-06,COMPLETE
764,0.39559899568557744,2025-04-13 15:34:10.093236,2025-04-13 15:34:18.093621,0 days 00:00:08.000385,0.5205292989591818,0.7690343788303158,8,0.06354094060686011,0.11640072597644692,0.06261303418601924,0.051328701513863144,0.0713373704200594,0.018478542915337723,0.00036019817999805194,16,42,0.06588566497074202,0.2581663459014089,True,True,True,1.8983455193718483e-06,COMPLETE
765,0.4256637454032898,2025-04-13 15:34:18.341811,2025-04-13 15:34:26.410572,0 days 00:00:08.068761,0.5730213502973625,0.7447033353000622,8,0.05133458919655637,0.11248177695904296,0.06152120130209239,0.048798423729294674,0.07011106959619455,0.014564615409946434,0.0003033475676255231,17,44,0.061870867291574594,0.24634395313166646,True,True,True,1.4867846552646328e-06,COMPLETE
766,0.2048193633556366,2025-04-13 15:34:26.651457,2025-04-13 15:34:34.466771,0 days 00:00:07.815314,0.5432455713766222,0.7082721581778096,8,0.0457760438785316,0.1031331511324693,0.06478367863312219,0.05312071123963653,0.06771931409756675,0.014488806699580038,0.0002722936655653853,16,38,0.06422532257120671,0.02682915253956536,True,True,False,2.1978706021462183e-06,COMPLETE
767,0.4172910451889038,2025-04-13 15:34:34.715532,2025-04-13 15:34:43.031256,0 days 00:00:08.315724,0.5691023703124436,0.720820139513352,8,0.05839984577081412,0.12445581727825153,0.0637142765618027,0.05384443320433639,0.07265544426501395,0.012621546357049184,0.0002395600425518348,18,42,0.06891180346295564,0.27152601519534864,True,True,True,2.9504066159710188e-06,COMPLETE
768,0.36275229454040525,2025-04-13 15:34:43.285469,2025-04-13 15:34:51.400176,0 days 00:00:08.114707,0.49051831845585936,0.7602473730182666,8,0.044730184571131454,0.08779078915830428,0.06130181794308296,0.04436341091707868,0.06698008011839372,0.01670281754202743,0.0003611505375359864,17,46,0.060573853517411555,0.27114755667966817,True,True,True,2.253377754776406e-06,COMPLETE
769,0.3320554614067078,2025-04-13 15:34:51.636977,2025-04-13 15:34:59.840386,0 days 00:00:08.203409,0.5277431457428675,0.7113727439886303,8,0.04731927845241082,0.09750954704708306,0.0682709813214002,0.05124560455761933,0.07061748715481359,0.01196689094974193,0.00029213578133337306,18,38,0.06305939392383561,0.2656729084942743,True,True,True,1.0836745124913602e-06,COMPLETE
770,0.4253888607025147,2025-04-13 15:35:00.092276,2025-04-13 15:35:08.528961,0 days 00:00:08.436685,0.43268314550891634,0.7390050524524975,8,0.04461783739634114,0.13642287291849253,0.06579796869408311,0.049489040257753046,0.07385276984367345,0.07838828604553383,0.00023091435433768043,16,104,0.06093533599120342,0.2732307762216208,True,True,True,9.31479270568295e-07,COMPLETE
771,0.4180497765541077,2025-04-13 15:35:08.781682,2025-04-13 15:35:16.549678,0 days 00:00:07.767996,0.5610209614646169,0.7076131152942483,8,0.0702858036633834,0.11329354571958865,0.061061956283264295,0.045933132318029424,0.07263911496901831,0.009533242679558115,0.00022809683629149898,15,44,0.06029552845445107,0.263332649458803,True,True,True,1.5182480808280917e-06,COMPLETE
772,0.32338207960128784,2025-04-13 15:35:16.789993,2025-04-13 15:35:24.784900,0 days 00:00:07.994907,0.5455944758686447,0.7260099323807696,8,0.05545425935798545,0.1337097597055285,0.06388720085368262,0.051788831375807254,0.07010510961855249,0.013863332314154393,0.0002753919583208029,17,41,0.06739418138302551,0.13548554482643269,True,False,True,1.8304755636581483e-06,COMPLETE
773,0.41975170373916626,2025-04-13 15:35:25.035722,2025-04-13 15:35:33.170371,0 days 00:00:08.134649,0.5081116933590466,0.7933174882940178,8,0.051206358605601146,0.12987553626022674,0.0626290749371448,0.054100866968657145,0.07276462634103649,0.009307679356497999,0.00036245407217077425,17,45,0.06536500797284679,0.2570439607560478,True,True,True,2.727445721806924e-06,COMPLETE
774,0.2048193633556366,2025-04-13 15:35:33.413421,2025-04-13 15:35:41.776141,0 days 00:00:08.362720,0.5768596064965563,0.011849979976143676,8,0.04673623551034214,0.1088778406086495,0.059990486645068807,0.048663382792649076,0.0672219395516162,0.01105379860013963,0.00021515926582424318,18,47,0.062424955589265994,0.2730465521083118,True,True,True,3.9830482096283795e-06,COMPLETE
775,0.368237566947937,2025-04-13 15:35:42.027391,2025-04-13 15:35:50.165603,0 days 00:00:08.138212,0.4766688061130321,0.703795236791993,8,0.04266130675902483,0.09380832089431886,0.06687872100118265,0.05060047941278684,0.0740607664440441,0.007949555342419258,0.00030190061423781146,17,41,0.06351849578908939,0.2514715235144544,True,True,True,1.3359103219000081e-06,COMPLETE
776,0.43098967075347905,2025-04-13 15:35:50.421319,2025-04-13 15:35:58.366225,0 days 00:00:07.944906,0.5287286030237222,0.7519637804873236,8,0.05895431991351506,0.10055651438959076,0.06230973819170724,0.05284830247292621,0.07144910471927383,0.01796737790550122,0.00025070357647995005,16,44,0.059885125815214615,0.2317669518769336,True,True,True,3.2438320036817962e-06,COMPLETE
777,0.4259087085723877,2025-04-13 15:35:58.608044,2025-04-13 15:36:06.365554,0 days 00:00:07.757510,0.522174816604199,0.7834385003495374,8,0.05899184214360648,0.10035597831232415,0.06301925651697708,0.052428070784678454,0.07033787250482412,0.017906159604526187,0.0002130639322592143,15,44,0.06468802896679149,0.22661104502702134,True,True,True,3.315884627917697e-06,COMPLETE
778,0.42803435325622563,2025-04-13 15:36:06.620713,2025-04-13 15:36:14.634672,0 days 00:00:08.013959,0.534630435394323,0.7619959284460176,8,0.053355152084994,0.10357496598867838,0.06087979605607763,0.05537462582734049,0.07162565587759864,0.01591956419662599,0.0002569857471071147,16,47,0.06057963222129227,0.24993764700602625,True,True,True,2.4184852012382117e-06,COMPLETE
779,0.3907778859138489,2025-04-13 15:36:14.888683,2025-04-13 15:36:22.731573,0 days 00:00:07.842890,0.5046502838381132,0.7714561105077942,8,0.059925899909451526,0.1033219438111876,0.06436125101374617,0.05493173962595339,0.06892527848512188,0.01672684665383405,0.0002533565256564232,15,48,0.061785044960456795,0.23006105677868577,True,True,True,2.3321345287573834e-06,COMPLETE
780,0.3708627223968506,2025-04-13 15:36:22.973731,2025-04-13 15:36:30.912071,0 days 00:00:07.938340,0.5363983889367703,0.7869765310561788,8,0.0663602655048635,0.10826058807691412,0.060749571582742204,0.05482161413266469,0.07163051559797813,0.019261346355150862,0.00026906210478516826,16,47,0.06685218295254525,0.23454498690630965,True,True,True,1.921351399463513e-06,COMPLETE
781,0.39927401542663576,2025-04-13 15:36:31.166749,2025-04-13 15:36:39.206081,0 days 00:00:08.039332,0.543507750546496,0.7602779640203717,8,0.056341891228428184,0.09502117786438467,0.06582111161725959,0.05704411837976633,0.0696235175880828,0.016392015443330167,0.0002207597460673491,16,48,0.0603166878037166,0.243422978475099,True,True,True,3.065279907383179e-06,COMPLETE
782,0.428165352344513,2025-04-13 15:36:39.464592,2025-04-13 15:36:47.421595,0 days 00:00:07.957003,0.5215310989877362,0.7472059113191468,8,0.05230403616135451,0.1054176294212,0.062153404908463085,0.05303054352041754,0.0654443067387494,0.018639976782856883,0.00031316789256702777,16,42,0.0627586869370929,0.243215166769911,True,True,True,2.6373513334244972e-06,COMPLETE
783,0.4084733843803406,2025-04-13 15:36:47.663812,2025-04-13 15:36:55.323652,0 days 00:00:07.659840,0.4631464377582729,0.7454783576453168,8,0.06230509324421363,0.10466403636850906,0.06210143343510859,0.05192578058836871,0.06499740404199962,0.018170779884858518,0.0003320008724452807,14,46,0.06530952845133882,0.2357516377439685,True,True,True,1.913389901230612e-06,COMPLETE
784,0.4014357328414917,2025-04-13 15:36:55.581890,2025-04-13 15:37:03.423983,0 days 00:00:07.842093,0.5146768036319377,0.8186347931699278,8,0.05099731144182755,0.11318065146412934,0.06109292420101774,0.049437172095982834,0.06654557051167635,0.018567926325073335,0.00031016630119451335,15,43,0.06683362901792633,0.24151239913438002,True,True,True,2.5329998063002843e-06,COMPLETE
785,0.40618740320205693,2025-04-13 15:37:03.681752,2025-04-13 15:37:11.516718,0 days 00:00:07.834966,0.49928659807489645,0.7687607478766265,8,0.0539901564408175,0.12011568905942431,0.06046556106187519,0.053541415897085554,0.06836375435081903,0.01991714359958446,0.0003724518015010335,15,49,0.06345351297824678,0.24791188142100473,True,True,True,3.013654319468782e-06,COMPLETE
786,0.3396539449691773,2025-04-13 15:37:11.762206,2025-04-13 15:37:19.635302,0 days 00:00:07.873096,0.5281199709505247,0.7986825848416188,8,0.06862777339121087,0.1006838018517342,0.06231752805499799,0.05220106450895167,0.06388682925493176,0.016239298906122013,0.0002573472569668174,16,45,0.06377260510871756,0.24419434068023718,True,True,False,6.954527535276355e-07,COMPLETE
787,0.3951723694801331,2025-04-13 15:37:19.891904,2025-04-13 15:37:27.900912,0 days 00:00:08.009008,0.5212020944897617,0.8126753874270326,8,0.05440615187998948,0.0885691891787729,0.06986786729656012,0.057877264539281104,0.06585862886684166,0.018080175049458705,0.0003099382448935132,16,48,0.062098527420625424,0.2447200495200805,True,True,True,2.38665536571115e-06,COMPLETE
788,0.37356349229812624,2025-04-13 15:37:28.147612,2025-04-13 15:37:36.098549,0 days 00:00:07.950937,0.4758866453433024,0.7960569841380797,8,0.06312405179044393,0.10734553706377838,0.05991295149368736,0.050136222545798984,0.07067741766186458,0.02100009965627121,0.0002772270711607796,16,51,0.06510727382386883,0.24437710674425583,True,True,True,1.8123648786583073e-06,COMPLETE
789,0.4327538251876831,2025-04-13 15:37:36.354099,2025-04-13 15:37:44.176440,0 days 00:00:07.822341,0.4910514023026943,0.7605747083050327,8,0.05143159659999074,0.09751869515364853,0.06563303618638915,0.04724424282360293,0.06772548188136031,0.015167032322175849,0.0003521962601353649,15,42,0.06135925963791347,0.25579562090210695,True,True,True,3.429488571268355e-06,COMPLETE
790,0.4258396863937378,2025-04-13 15:37:44.435751,2025-04-13 15:37:52.250337,0 days 00:00:07.814586,0.4854419262252301,0.7737184056105684,8,0.0596534293864781,0.09585226776568324,0.06713340626724396,0.04624389367999733,0.06725509125564698,0.01502122814297281,0.00035879532664750784,15,43,0.061965221633586864,0.23804959945801094,True,True,True,3.4803717957880117e-06,COMPLETE
791,0.42009072303771977,2025-04-13 15:37:52.501606,2025-04-13 15:38:00.203070,0 days 00:00:07.701464,0.45794559274380564,0.761594562720012,8,0.055657540451729666,0.09044366372474412,0.06544180699237706,0.04544371350709594,0.06773966260577974,0.02001129996716049,0.00038306891814404265,14,47,0.060760119292991584,0.2380682048300733,True,True,True,2.6397127568098817e-06,COMPLETE
792,0.3733660697937012,2025-04-13 15:38:00.462365,2025-04-13 15:38:07.911759,0 days 00:00:07.449394,0.4926841149223482,0.7588830503391535,8,0.0513296188538556,0.1014270488403868,0.06416362747706632,0.04814196213073129,0.06794324187217816,0.014765697567584404,0.00031990197658112037,13,45,0.06361448439140154,0.251708407441791,True,False,True,3.472094646634919e-06,COMPLETE
793,0.39746937751770023,2025-04-13 15:38:08.175301,2025-04-13 15:38:16.086446,0 days 00:00:07.911145,0.5018502201876553,0.837412287606091,8,0.05438244056797856,0.11066983131795272,0.06868910661871565,0.04259486396829416,0.06494848378536273,0.017626091398037547,0.00037978642249534807,16,42,0.062003048031453845,0.2526922928296615,True,True,True,2.2123645008004726e-06,COMPLETE
794,0.38530179262161257,2025-04-13 15:38:16.335193,2025-04-13 15:38:24.365498,0 days 00:00:08.030305,0.5331692802648051,0.7832251905480293,8,0.06497101506280763,0.09564004329962195,0.07107894540222867,0.04709920538247655,0.06949440258902223,0.015583134974423502,0.00030003834239330417,16,50,0.06651132899877865,0.24735758149317033,True,True,True,2.8341869628928628e-06,COMPLETE
795,0.4235424041748047,2025-04-13 15:38:24.626664,2025-04-13 15:38:32.482993,0 days 00:00:07.856329,0.513567435899771,0.749941277998074,8,0.051022727773719474,0.10338165151664043,0.06575510813725499,0.0489760666838318,0.07168363417534562,0.017972512724251384,0.0002554995620740077,15,46,0.05996070501761715,0.24037315174349203,True,True,True,3.744748653098152e-06,COMPLETE
796,0.4131176471710205,2025-04-13 15:38:32.746685,2025-04-13 15:38:40.502756,0 days 00:00:07.756071,0.48197861245698564,0.7476301905728473,8,0.07278027868310846,0.08699043830549784,0.06265252771075364,0.0507194436639552,0.06589269455082328,0.014293770660864473,0.0003863200254362847,15,39,0.06486444787892794,0.2526244485149223,True,True,True,4.148126476351455e-06,COMPLETE
