number,value,datetime_start,datetime_complete,duration,params_alpha-eval,params_alpha-train,params_batch-size,params_eps-eval,params_eps-train,params_lambda-actions-eval,params_lambda-actions-train,params_lambda-frames-eval,params_lambda-frames-train,params_learning-rate,params_n-epochs,params_n-frames,params_radius-gw,params_rho,params_std-feats,params_ub-actions,params_ub-frames,params_weight-decay,state
284,0.37605296373367314,2025-04-15 13:42:31.872457,2025-04-15 13:42:38.375243,0 days 00:00:06.502786,0.7617226262328811,0.8949913202786135,16,0.04934837640372877,0.11672348790734174,0.007777609070060724,0.09028781518416616,0.057769792657253606,0.00887610559202097,0.007508918752055065,12,29,0.0588232747780974,0.20021146235955273,False,False,True,6.200332714666997e-05,COMPLETE
285,0.40963718891143797,2025-04-15 13:42:38.465839,2025-04-15 13:42:45.024142,0 days 00:00:06.558303,0.7363763521964825,0.9281750598995224,16,0.0304265603682533,0.10689135960935808,0.013157572520457721,0.09240239670416303,0.058299966726774205,0.011042944234419934,0.0023829250964351547,13,33,0.05997040002726534,0.1989767913094137,False,False,True,7.263859995050629e-05,COMPLETE
286,0.28525230288505554,2025-04-15 13:42:45.115582,2025-04-15 13:42:52.059823,0 days 00:00:06.944241,0.7237016217442717,0.9335947532992169,16,0.04274158030117242,0.10724508728966742,0.018514634969802737,0.09192283772019962,0.05886421543303462,0.011012058779302555,0.002210949895585472,13,32,0.0566092126375828,0.19693843195697225,False,False,False,6.930834485334204e-05,COMPLETE
287,0.4193089723587037,2025-04-15 13:42:52.151506,2025-04-15 13:42:58.875427,0 days 00:00:06.723921,0.48527413992422597,0.9992393902090573,16,0.03398981835632183,0.09938328090298836,0.014341376377057305,0.08954543317007303,0.05689714884025658,0.01280143513338575,0.002631760686332472,13,46,0.05963062707006344,0.19093595210130593,True,False,True,7.227186565778666e-05,COMPLETE
288,0.41975129842758174,2025-04-15 13:42:58.978472,2025-04-15 13:43:05.579877,0 days 00:00:06.601405,0.484687219068322,0.9923808140181647,16,0.03861015456574923,0.09357889668452393,0.016994677487892344,0.08902398445543566,0.055687124118241386,0.01249270153290888,0.002582027031242183,13,21,0.05814645581361872,0.19011232669925443,True,False,True,9.998778469792387e-05,COMPLETE
289,0.4156255841255188,2025-04-15 13:43:05.670014,2025-04-15 13:43:12.395523,0 days 00:00:06.725509,0.4953999912465266,0.9867397331915734,16,0.0457127973136873,0.09021095218865059,0.016367314882992708,0.08808516465173642,0.056827083957785816,0.0101869555080031,0.0025933458290154894,13,36,0.05556234957443721,0.18983365283545606,True,False,True,7.658939862704513e-05,COMPLETE
290,0.383050549030304,2025-04-15 13:43:12.487154,2025-04-15 13:43:19.187126,0 days 00:00:06.699972,0.4467828178338097,0.9796166196072414,16,0.05439917544256573,0.08912707589687248,0.01736845846302684,0.08434297924741542,0.05625166254883172,0.011422486627294531,0.0025063753094085044,13,33,0.05515825428018604,0.19989164073361854,True,False,True,7.992122345649536e-05,COMPLETE
291,0.41437568664550783,2025-04-15 13:43:19.280229,2025-04-15 13:43:25.890069,0 days 00:00:06.609840,0.5164947664353179,0.9894910913762572,16,0.04464503365903115,0.0976821638518872,0.015209404189236695,0.08747387134402847,0.05468961604134433,0.012362242453211597,0.00232956538745518,13,23,0.05728392479705115,0.18811652639313284,True,False,True,7.570574301930661e-05,COMPLETE
292,0.41286491155624394,2025-04-15 13:43:25.982378,2025-04-15 13:43:32.572845,0 days 00:00:06.590467,0.5057213558229668,0.9992385928189188,16,0.046702112770403446,0.09765379524247836,0.016644856534837896,0.08668524240971348,0.05414997184631179,0.010493879448289023,0.0027478922470712134,13,22,0.056416186556306126,0.190995756134893,True,False,True,0.00010245354277788185,COMPLETE
293,0.3950260043144226,2025-04-15 13:43:32.674605,2025-04-15 13:43:39.369809,0 days 00:00:06.695204,0.49669027235484736,0.9907591796407679,16,0.047285957611939676,0.08383458032145351,0.01811567009892985,0.08521361183002331,0.05343666260105439,0.010005030557420316,0.0026215691809128457,13,36,0.05710404262133249,0.19035239356572017,True,True,True,7.511605537725227e-05,COMPLETE
294,0.3674723744392395,2025-04-15 13:43:39.462894,2025-04-15 13:43:46.192279,0 days 00:00:06.729385,0.4815712102122766,0.998277018680492,16,0.05487811455562831,0.09540846187602624,0.014808606878293537,0.08699492829276573,0.05438466652658966,0.012486945235234996,0.0029599775863603096,14,25,0.05564575658151665,0.18938966839604104,True,False,True,0.00010436774633896716,COMPLETE
295,0.3234891057014465,2025-04-15 13:43:46.286079,2025-04-15 13:43:52.925280,0 days 00:00:06.639201,0.5166851840593268,0.998637217880891,16,0.06332188890312021,0.09894644295693952,0.017067049447020914,0.08801309403590901,0.055331711637497935,0.00968285311667884,0.002622209945253638,13,23,0.05813112296260096,0.19436637689578024,True,False,True,9.460694124353284e-05,COMPLETE
296,0.36116809844970704,2025-04-15 13:43:53.018361,2025-04-15 13:43:59.716746,0 days 00:00:06.698385,0.5320623804412606,0.9838456890404492,16,0.0552810208240493,0.09177978076807788,0.015373092837331261,0.0861553126341449,0.0578820822788675,0.012820159779482998,0.002270140171302093,13,34,0.056135686604220775,0.185547216333922,True,False,True,7.066585393715172e-05,COMPLETE
297,0.415153956413269,2025-04-15 13:43:59.809852,2025-04-15 13:44:06.494860,0 days 00:00:06.685008,0.48454238494024443,0.973045291297558,16,0.046458369176407034,0.10165864292487012,0.0142388589191246,0.08834382202061127,0.052323250094747524,0.010829244902690778,0.0021336624785363726,14,22,0.05792040334848135,0.19748075714531582,True,False,True,6.0605300456273305e-05,COMPLETE
298,0.38012059926986697,2025-04-15 13:44:06.599683,2025-04-15 13:44:13.256857,0 days 00:00:06.657174,0.46675661202693325,0.9989262123303526,16,0.04792249059757128,0.07795607307455607,0.020383940325873408,0.08290792565272798,0.05264899916722101,0.010264049230089844,0.0021057119565827983,14,18,0.05351972733790564,0.20304949981050424,True,False,True,5.515716110601899e-05,COMPLETE
299,0.3121478080749512,2025-04-15 13:44:13.351910,2025-04-15 13:44:20.082827,0 days 00:00:06.730917,0.46915737537764063,0.9698290330857834,16,0.060614572096420544,0.0997582153352503,0.016840765680169605,0.0887736702624418,0.05436261798750564,0.00851617283525118,0.0030454920507521875,14,29,0.0573679586640743,0.1955626386136613,True,False,True,6.040682708574384e-05,COMPLETE
300,0.4137282848358154,2025-04-15 13:44:20.178190,2025-04-15 13:44:26.779739,0 days 00:00:06.601549,0.4992076609373651,0.9808426282379593,16,0.044131980985861734,0.08695786289047892,0.08732961612280978,0.08705659319579462,0.051943965663161604,0.011751646416650807,0.002447707583264551,13,22,0.0519045318982707,0.18855731863331426,True,False,True,9.847971389392045e-05,COMPLETE
301,0.3983198165893555,2025-04-15 13:44:26.875197,2025-04-15 13:44:33.455925,0 days 00:00:06.580728,0.5008624020339876,0.9773960558309939,16,0.04805283568502866,0.09190687593000514,0.01431701673839468,0.08476980819624842,0.052957807595452225,0.01101468204219821,0.0017075175827811128,13,19,0.054320830260570246,0.19856305402738514,True,False,True,9.718238371010384e-05,COMPLETE
302,0.2801957905292511,2025-04-15 13:44:33.551226,2025-04-15 13:44:40.355528,0 days 00:00:06.804302,0.5241828831497872,0.9765934734840443,16,0.07536341624673265,0.07213104061369979,0.014242745527324905,0.08740467126849208,0.05559575212688055,0.01299196258963256,0.002010564984013215,14,24,0.051546692248593665,0.18934692066582756,True,False,True,7.26848829548636e-05,COMPLETE
303,0.37713800668716435,2025-04-15 13:44:40.460609,2025-04-15 13:44:47.014358,0 days 00:00:06.553749,0.4828146266691074,0.9959089559219956,16,0.039672692319706104,0.10295886542354038,0.07837596733673075,0.08933203983017773,0.051666589577639206,0.010357771776019,0.003183519720067012,13,14,0.05528795071490525,0.20559810219282626,True,False,True,5.402660268571182e-05,COMPLETE
304,0.41017587184906007,2025-04-15 13:44:47.109644,2025-04-15 13:44:53.701193,0 days 00:00:06.591549,0.5065020284690579,0.9685843409895523,16,0.044639166333102685,0.10310910494539281,0.08226185872853628,0.08653511576776392,0.05705768300602988,0.007054231638016538,0.0023223754970157057,13,21,0.058620732694734036,0.19162123353230293,True,False,True,0.00010617773936837955,COMPLETE
305,0.4113220095634461,2025-04-15 13:44:53.797890,2025-04-15 13:45:00.416146,0 days 00:00:06.618256,0.5052980563641262,0.9642974466378997,16,0.04411277257319246,0.085716019535361,0.09066414788529892,0.08578940773268982,0.05682260883281174,0.007032547254796704,0.0023950300130175625,13,21,0.05197571740009565,0.19468982183738992,True,False,True,8.438112318136683e-05,COMPLETE
306,0.3777267336845398,2025-04-15 13:45:00.512725,2025-04-15 13:45:07.222867,0 days 00:00:06.710142,0.5132251913057466,0.9658190910466091,16,0.05201847961141367,0.08363125995001906,0.08634435548212163,0.08162512568361911,0.05654876322335917,0.006284962885364885,0.0023075901804172315,14,22,0.04981791736580581,0.19517198618625592,True,False,True,0.00010399601293963225,COMPLETE
307,0.3819423317909241,2025-04-15 13:45:07.329007,2025-04-15 13:45:13.813441,0 days 00:00:06.484434,0.5884454481877981,0.9807642257112814,16,0.05869326025579377,0.0955096331618607,0.08841689491041918,0.08608504050744603,0.0544453478765095,0.007772338390554311,0.0024797879121911705,13,8,0.052749780842592735,0.18443768457550327,True,False,True,8.470907403154068e-05,COMPLETE
308,0.4105777859687806,2025-04-15 13:45:13.910230,2025-04-15 13:45:20.609517,0 days 00:00:06.699287,0.4331633880776947,0.99755845262463,16,0.0452453937856324,0.08659029492506481,0.09051421205547697,0.08361964095375972,0.05752393385859608,0.0069138964912142855,0.002041218634971293,14,26,0.051055341494723946,0.1914815834882975,True,False,True,0.00010638211309049645,COMPLETE
309,0.41497135162353516,2025-04-15 13:45:20.708497,2025-04-15 13:45:27.485336,0 days 00:00:06.776839,0.4199879330150731,0.9979316562372996,16,0.04504939430854346,0.08802794862843041,0.09131471536541241,0.08318518773642665,0.05738331014511966,0.006345546432166162,0.0020964679826893148,15,22,0.05377823402757265,0.19101002140834844,True,False,True,0.00011041751985220453,COMPLETE
310,0.28156577944755556,2025-04-15 13:45:27.583062,2025-04-15 13:45:34.884210,0 days 00:00:07.301148,0.3811094333968147,0.9796381033834508,16,0.06742820863120322,0.0858572757509116,0.019226466480295377,0.08265683893591236,0.06042877707351458,0.002564006818164912,0.002155159525901882,15,26,0.05137210826052122,0.18974628028419074,True,False,False,0.00011495155430184583,COMPLETE
311,0.39575679302215583,2025-04-15 13:45:34.981968,2025-04-15 13:45:41.618426,0 days 00:00:06.636458,0.4039696254297223,0.9987487869792593,16,0.04528460334879126,0.0861179580627509,0.0951041895923141,0.08431244356676638,0.05262544111676926,0.0046812178153596735,0.0026911917807048154,14,21,0.04754411454595333,0.18175858088305302,True,False,True,9.923224503252861e-05,COMPLETE
312,0.4006294727325439,2025-04-15 13:45:41.726301,2025-04-15 13:45:48.472394,0 days 00:00:06.746093,0.43916689007008564,0.9682889280182854,16,0.05240812931644828,0.07985823229231866,0.09142754420141067,0.08115774710495585,0.05760115051679678,0.006799215192645318,0.0019398541330137933,15,19,0.051967158870723944,0.19070595626836973,True,False,True,8.693879395643234e-05,COMPLETE
313,0.4046534299850464,2025-04-15 13:45:48.571592,2025-04-15 13:45:55.275429,0 days 00:00:06.703837,0.3278411168002454,0.998057076099484,16,0.04343299081288101,0.09284143961418646,0.08960727247261448,0.0840468271937159,0.05494764868094733,0.008413949247940658,0.0031002231239089656,14,21,0.0505039516941743,0.18144552831117902,True,False,True,0.00013019825974628016,COMPLETE
314,0.40046631097793584,2025-04-15 13:45:55.376154,2025-04-15 13:46:02.154904,0 days 00:00:06.778750,0.5495447245408907,0.9662128505642377,16,0.04783211911694559,0.10051617565544137,0.08688153786126453,0.0862027756861098,0.05741003735807926,0.005979707209693769,0.002372392019759435,14,25,0.05562919768763638,0.18710207097071313,True,True,True,0.00011231422492421496,COMPLETE
315,0.3864614963531494,2025-04-15 13:46:02.256128,2025-04-15 13:46:08.903607,0 days 00:00:06.647479,0.4124007452980758,0.9785741153652796,16,0.04362665941252587,0.09000339589457877,0.09200677482403424,0.08724184844297865,0.05967197743438904,0.008527935664589216,0.0015531209547729964,13,27,0.0446997204960977,0.19494778961301001,True,False,True,8.01395154070182e-05,COMPLETE
316,0.3820785403251648,2025-04-15 13:46:09.014971,2025-04-15 13:46:15.693678,0 days 00:00:06.678707,0.4523985541263893,0.9617783929101639,16,0.055788280881432104,0.07535609879801133,0.09205550330684376,0.08320806790407889,0.051699424373042764,0.006515838106867857,0.002076243725220494,14,16,0.05318111653059564,0.1810268733573697,True,False,True,0.00010472004093005431,COMPLETE
317,0.3859092235565186,2025-04-15 13:46:15.793131,2025-04-15 13:46:22.431395,0 days 00:00:06.638264,0.49199294638183577,0.9985176254925662,16,0.04928492815758846,0.09659384553128113,0.0889202437633322,0.08475361545841494,0.05415459738178953,0.009437886657916504,0.0029294006960770376,13,29,0.054329394701862,0.19295198799404986,True,False,True,8.091550756801073e-05,COMPLETE
318,0.4062247037887573,2025-04-15 13:46:22.533080,2025-04-15 13:46:29.282681,0 days 00:00:06.749601,0.5357278822699648,0.9819102945643974,16,0.04256493206690626,0.10424725865983753,0.09674588661564516,0.08812344549104295,0.0573834103240383,0.013344291441734596,0.0018170719227831248,14,22,0.05651528684225843,0.18771948438064048,True,False,True,0.00012483596793779223,COMPLETE
319,0.3275931835174561,2025-04-15 13:46:29.383798,2025-04-15 13:46:36.166594,0 days 00:00:06.782796,0.4794312837196457,0.9590353601759882,16,0.05875502607451532,0.0874800754655307,0.0821144322471172,0.08555674809308253,0.059929791323945346,0.0036955654778714833,0.002455515779224865,15,24,0.04847516646518861,0.1999175485198132,True,False,True,6.544148080589606e-05,COMPLETE
320,0.39837359189987187,2025-04-15 13:46:36.277760,2025-04-15 13:46:43.140497,0 days 00:00:06.862737,0.5035828682549911,0.9973267044865575,16,0.04120544376626148,0.08114000170294586,0.0912445250652911,0.0888587581922524,0.05598802393544969,0.008251731003435297,0.002752123877548809,16,18,0.05348815520013013,0.18447877707053117,True,False,True,9.410868046789056e-05,COMPLETE
321,0.36976281404495237,2025-04-15 13:46:43.244097,2025-04-15 13:46:49.842957,0 days 00:00:06.598860,0.43222551783380186,0.9622526067758643,16,0.051532081157536165,0.09513507229039508,0.08932538086967941,0.08011093069976145,0.05344898874210419,0.01123962107939542,0.0019422093885418468,13,21,0.05820891270148683,0.1785131593295397,True,False,True,0.00013919859218629264,COMPLETE
322,0.4176486492156983,2025-04-15 13:46:49.945273,2025-04-15 13:46:56.634448,0 days 00:00:06.689175,0.4588483617297533,0.9770021017718562,16,0.04540331289567732,0.06530765369494966,0.09476415940961029,0.08260777666378435,0.05822572179927924,0.013438718673838976,0.0032914659954800963,13,40,0.0508941213707174,0.19421855884751985,True,False,True,5.080888384589792e-05,COMPLETE
323,0.38482189178466797,2025-04-15 13:46:56.736035,2025-04-15 13:47:03.357090,0 days 00:00:06.621055,0.46394486339173335,0.978634631064205,16,0.047862615251075796,0.0650435010044673,0.09813060966842907,0.08124094652792725,0.062128049091834954,0.014140837272514396,0.001427853993129403,13,30,0.04963169139073122,0.19544767503367355,True,False,True,5.2678836732277174e-05,COMPLETE
324,0.41774322986602785,2025-04-15 13:47:03.461412,2025-04-15 13:47:10.162761,0 days 00:00:06.701349,0.5153111962932049,0.9806649516151517,16,0.04233920889395681,0.10288215000417328,0.0937760723605912,0.08380776278390063,0.05848362350771225,0.0063342619331319076,0.003256513510183293,13,39,0.052483173971615144,0.20208935058207358,True,False,True,4.5007368471618605e-05,COMPLETE
325,0.3570441722869873,2025-04-15 13:47:10.274906,2025-04-15 13:47:16.983748,0 days 00:00:06.708842,0.5060270081660507,0.9810155541089123,16,0.06240710629696867,0.036305859830761636,0.0941134084995886,0.0838864634023407,0.05845864119754134,0.005345412312573232,0.0034571591543318117,13,40,0.05131024671083841,0.20243738197153643,True,False,True,4.5082586668924994e-05,COMPLETE
326,0.4009253263473511,2025-04-15 13:47:17.086100,2025-04-15 13:47:23.768920,0 days 00:00:06.682820,0.48958567598468583,0.9589547800910305,16,0.04410752676200085,0.0005052904745597442,0.09371908328050223,0.08574718081451893,0.0553255224545657,0.007213315409912966,0.0029030505541906416,13,40,0.04728231518641049,0.19347774701616013,True,False,True,4.709572997247829e-05,COMPLETE
327,0.3945096015930176,2025-04-15 13:47:23.872629,2025-04-15 13:47:30.620817,0 days 00:00:06.748188,0.4548397573670521,0.9814645911335163,16,0.05233979251773814,0.07067485266271084,0.0848987708860224,0.08241449130603988,0.05734548642409641,0.009152127419953596,0.0032997339238174305,14,26,0.05308590873844059,0.20342898438667778,True,False,True,6.176801436548108e-05,COMPLETE
328,0.41602865457534793,2025-04-15 13:47:30.723873,2025-04-15 13:47:37.450225,0 days 00:00:06.726352,0.520527979136541,0.9966792002809624,16,0.03987037311020888,0.09997767596274372,0.08206533852860919,0.08288813278138306,0.05904783829065917,0.0029153547871177982,0.0024125456509166325,13,36,0.05085101152108603,0.1986806249286939,True,False,True,8.541207162537133e-05,COMPLETE
329,0.2847842335700989,2025-04-15 13:47:37.563617,2025-04-15 13:47:44.663276,0 days 00:00:07.099659,0.5435055217238633,0.9991123095506461,16,0.04046806440685582,0.10364085687093495,0.0877551936620815,0.0821707219942022,0.05951970786371275,0.003237462827356217,0.0023747254818625107,13,35,0.05041662965249705,0.197343165933449,True,False,False,9.929178176480638e-05,COMPLETE
330,0.3736944437026978,2025-04-15 13:47:44.767495,2025-04-15 13:47:51.530775,0 days 00:00:06.763280,0.5672450610748403,0.9996566731361394,16,0.043940775535781955,0.04761057072242296,0.08152695755269239,0.07974682364726829,0.056160763383638984,0.002507569617241815,0.0017122970302860035,13,45,0.04864781838968707,0.19417196022605676,True,False,True,8.466470914402547e-05,COMPLETE
331,0.35185790061950684,2025-04-15 13:47:51.634546,2025-04-15 13:47:58.516232,0 days 00:00:06.881686,0.514291509246457,0.9620736492611477,16,0.05544649881117335,0.05742939593889537,0.07454298812626504,0.08436203272532919,0.05851530767288265,0.0015626742288374195,0.0021586006624047544,14,39,0.04585265879705214,0.1863924219118946,True,False,True,5.204581423845611e-05,COMPLETE
332,0.41868377923965455,2025-04-15 13:47:58.620429,2025-04-15 13:48:05.217876,0 days 00:00:06.597447,0.4768196347281866,0.9775940284353203,16,0.047751638192912664,0.10039455208581535,0.09525543082220997,0.08634174252968597,0.050853174164749715,0.006072567387872002,0.0026499952792072216,13,31,0.051678318362589265,0.18941806050039414,True,False,True,0.00011901520177676032,COMPLETE
333,0.3903355479240418,2025-04-15 13:48:05.331956,2025-04-15 13:48:12.280299,0 days 00:00:06.948343,0.4792754291966911,0.9809953001389183,16,0.049136425417638616,0.10617491466259885,0.0970560352245081,0.08606879327991851,0.0504065873831325,0.005083206301139185,0.0028015329760844422,14,44,0.050103272338372654,0.19002175603373161,True,False,True,0.00012097971884876671,COMPLETE
334,0.3531370043754578,2025-04-15 13:48:12.386120,2025-04-15 13:48:19.122502,0 days 00:00:06.736382,0.398351215884974,0.9623692063502447,16,0.050428537825689915,0.09971287683167399,0.08379478046068302,0.08324518027576454,0.051299487255157025,0.005282025027933267,0.0024790684673630737,13,36,0.05224790016146577,0.19920544626393943,True,True,True,0.00010344877506064312,COMPLETE
335,0.378657603263855,2025-04-15 13:48:19.226817,2025-04-15 13:48:25.917217,0 days 00:00:06.690400,0.42611490806476593,0.9781552571504494,16,0.05854339589081578,0.08764612571961562,0.09300445150266001,0.08044969799254831,0.05432268908019113,0.007664690479699234,0.003379851852209197,14,24,0.05217408186297723,0.18980687809467167,True,False,True,7.95021459572744e-05,COMPLETE
336,0.26544252634048465,2025-04-15 13:48:26.025057,2025-04-15 13:48:32.564993,0 days 00:00:06.539936,0.5327320458426945,0.997588700837719,16,0.04000756075873631,0.09638334312557316,0.09021685390509557,0.08725298516510992,0.052703693452568735,0.006119766803952513,0.0015792986431095472,13,16,0.04258113091402459,0.18354327275843663,True,False,True,0.00011841877207073696,COMPLETE
337,0.376842999458313,2025-04-15 13:48:32.682686,2025-04-15 13:48:39.200010,0 days 00:00:06.517324,0.49967633223497276,0.9559855333098956,16,0.04642103730113463,0.09214016253125434,0.09223924275336698,0.08558181307470764,0.05495316179624453,0.003595352751261841,0.0026838271670340543,13,12,0.05411403881775544,0.19771990188559038,True,False,True,0.00015465416577302435,COMPLETE
338,0.4196735501289368,2025-04-15 13:48:39.306843,2025-04-15 13:48:46.090907,0 days 00:00:06.784064,0.46112083078867705,0.9794514476351065,16,0.039907261642624536,0.10759777444463192,0.09671869330626277,0.0835413555432225,0.06080485818169263,0.0010893317467144767,0.0018536175526452365,14,38,0.0549017550536176,0.1905359506774973,True,False,True,9.210272864089153e-05,COMPLETE
339,0.41955934762954716,2025-04-15 13:48:46.198519,2025-04-15 13:48:53.187651,0 days 00:00:06.989132,0.44577826797661396,0.9810312009032058,16,0.04079389819851658,0.10284162301814295,0.09675059201758532,0.07844784635073089,0.060860883223366725,0.0014742006695049744,0.0018312305984078125,15,42,0.054701622221592104,0.18802100081381695,True,False,True,9.609096088610874e-05,COMPLETE
340,0.40884952545166015,2025-04-15 13:48:53.295132,2025-04-15 13:49:00.230295,0 days 00:00:06.935163,0.44699541940732235,0.9999402701967113,16,0.04617729999935473,0.0995013137887103,0.09817400369193341,0.07811147496765185,0.062357893359167374,0.0039715611436541105,0.0014146577021982851,15,42,0.051430980716378236,0.19104649090013406,True,False,True,0.0001595810191741186,COMPLETE
