number,value,datetime_start,datetime_complete,duration,params_alpha-eval,params_alpha-train,params_batch-size,params_eps-eval,params_eps-train,params_lambda-actions-eval,params_lambda-actions-train,params_lambda-frames-eval,params_lambda-frames-train,params_learning-rate,params_n-epochs,params_n-frames,params_radius-gw,params_rho,params_std-feats,params_ub-actions,params_ub-frames,params_weight-decay,state
0,0.17987762689590453,2025-04-15 12:45:11.693668,2025-04-15 12:45:20.090270,0 days 00:00:08.396602,0.3189447650066166,0.05025497294522899,8,0.2575207609346738,0.26836734142704816,0.04265699296889352,0.08146521834674231,0.03431510937874222,0.08199651124897266,0.08327309148624462,22,5,0.04030241722481511,0.08410175128399107,False,False,True,4.494824778812506e-06,COMPLETE
1,0.20963614583015444,2025-04-15 12:45:20.094771,2025-04-15 12:45:27.412228,0 days 00:00:07.317457,0.8265565883810221,0.5857557559307419,8,0.1668463959207605,0.1905719338677933,0.05779575042634881,0.045968448726932294,0.08467305664305351,0.029402569336788965,2.915637159314502e-05,13,25,0.011163697626714209,0.22672270444252518,False,True,False,1.4193499706450858e-06,COMPLETE
2,0.2719533145427704,2025-04-15 12:45:27.415924,2025-04-15 12:45:34.285106,0 days 00:00:06.869182,0.5588088948601265,0.3903944647718517,16,0.2569081188738976,0.11452986508669875,0.012496192934705788,0.09956873004093976,0.01500709080475348,0.017993972889318498,3.2503034234742804e-05,6,133,0.016283237088005328,0.18690957435624886,True,False,False,1.2853139684254974e-08,COMPLETE
3,0.2048193633556366,2025-04-15 12:45:34.289264,2025-04-15 12:45:55.094519,0 days 00:00:20.805255,0.5707500782425051,0.7347747647717426,2,0.07010047664832211,0.05330234265609191,0.04522355892326175,0.018012406036386815,0.006905332206077089,0.09519088488613862,3.7144609070195255e-05,26,99,0.0531756931329195,0.2560583417163061,True,True,False,4.2505381799767494e-07,COMPLETE
4,0.2520039737224579,2025-04-15 12:45:55.098809,2025-04-15 12:46:02.621830,0 days 00:00:07.523021,0.8669467304612134,0.7826976405103389,16,0.19078031553921324,0.121293260816821,0.048608327734835484,0.019148187128680775,0.07758285215865418,0.05534732108642141,0.004791219001793812,18,71,0.09925490138699768,0.13006729089349509,False,False,False,8.263927549669936e-08,COMPLETE
5,0.1783379316329956,2025-04-15 12:46:02.626754,2025-04-15 12:46:13.663937,0 days 00:00:11.037183,0.2759434664723169,0.8469927836956109,2,0.2245469326648326,0.22536412180573073,0.09816582443445442,0.03041314109036041,0.05350965278373489,0.050808320771682486,0.00011331032125869297,9,70,0.05913426022823852,0.14112647018346497,True,False,True,1.7966231624866454e-07,COMPLETE
6,0.2665560126304627,2025-04-15 12:46:13.668735,2025-04-15 12:46:24.406873,0 days 00:00:10.738138,0.504768581671752,0.5605589395708069,8,0.14414891951463304,0.1987557649845891,0.0763548070801493,0.016562050624258157,0.09656559964024697,0.008196219003996356,0.0029964564517379845,24,123,0.01258477514459164,0.055133696411078396,True,True,False,9.35575371347366e-05,COMPLETE
7,0.2048193633556366,2025-04-15 12:46:24.412393,2025-04-15 12:46:33.280937,0 days 00:00:08.868544,0.4927951068899055,0.41035714558665265,16,0.17051796525343363,0.1486307603881538,0.06761771929156009,0.08437645948023736,0.021993321320710402,0.05579113288587862,0.0003486683846764479,27,95,0.03074850484164194,0.027248405834758096,True,True,True,1.0328575844179763e-07,COMPLETE
8,0.2048193633556366,2025-04-15 12:46:33.286379,2025-04-15 12:46:42.029568,0 days 00:00:08.743189,0.16365729119183445,0.15171244512636262,8,0.08435946278892088,0.031373313245700335,0.08928758842273259,0.016934098241228934,0.05981080697925937,0.05432469128892586,0.000771595447005088,20,115,0.004925799627725208,0.1787319124019653,False,True,True,1.808434276103236e-05,COMPLETE
9,0.27284457683563235,2025-04-15 12:46:42.035383,2025-04-15 12:46:49.588067,0 days 00:00:07.552684,0.320362986873026,0.22057419946098486,16,0.03247815689588411,0.11939921648282528,0.08386873783343061,0.04355845541152784,0.07917012805589739,0.06211173932118546,0.00013871912227221951,25,13,0.009544772691774398,0.1745345226979858,True,True,False,7.138863607057601e-08,COMPLETE
10,0.2048193633556366,2025-04-15 12:46:49.594689,2025-04-15 12:46:57.898195,0 days 00:00:08.303506,0.08605898708029103,0.2415985503932862,16,0.004625452143842357,0.08702820737605954,0.018343567937831408,0.05718842338765829,0.06976508620481615,0.07535789972730648,0.013915635966509552,30,43,0.07024395566232887,0.2699200548381477,True,True,False,0.0009265253213761456,COMPLETE
11,0.2728765070438385,2025-04-15 12:46:57.904990,2025-04-15 12:47:05.098177,0 days 00:00:07.193187,0.6785739420063478,0.2995571983560167,16,0.27053485860136944,0.09752004844898696,0.0072259642664562924,0.06426578277957899,0.0361253262058033,0.0256933236487208,1.527914440614627e-05,7,148,0.025069790738986946,0.19324400711670933,True,False,False,1.850203566611024e-08,COMPLETE
12,0.26062383055686955,2025-04-15 12:47:05.106351,2025-04-15 12:47:12.198631,0 days 00:00:07.092280,0.7289073700992781,0.24677424198587433,16,0.005640883445519773,0.0758397723867603,0.002151187434418344,0.057986378640351,0.035119775250482335,0.033109935410179286,0.00016716041302419305,13,48,0.028721142568632747,0.21248203071046165,True,False,False,1.899405090733474e-08,COMPLETE
13,0.27094399333000185,2025-04-15 12:47:12.205909,2025-04-15 12:47:20.901560,0 days 00:00:08.695651,0.361807297159194,0.3511097944279303,16,0.10017201888068536,0.14742842136799544,0.0309851066294091,0.04046351296022034,0.03928924317580138,0.03569381729094938,1.1385094469650822e-05,15,150,0.0014653551371719663,0.10942373183451973,True,False,False,1.0357208851514734e-08,COMPLETE
14,0.21879688501358036,2025-04-15 12:47:20.908942,2025-04-15 12:47:26.675355,0 days 00:00:05.766413,0.9745066561527542,0.07067818855409119,16,0.2960827155217609,0.09634030224649498,0.07137710804711639,0.06695166772365767,0.09782083474704295,0.07400077465404642,0.00011814214101737784,5,6,0.027279294596855314,0.1667995962961661,True,True,False,5.387586877367101e-08,COMPLETE
15,0.2048193633556366,2025-04-15 12:47:26.682965,2025-04-15 12:47:33.536365,0 days 00:00:06.853400,0.7118554452211348,0.9696274449403474,16,0.0467392400324977,0.023283771194888073,0.031012937040108334,0.07156281053029565,0.06417273165063232,0.001821535328915616,1.6698376392234524e-05,11,53,0.041084198628959484,0.22123122004449425,True,False,False,5.980572529218783e-07,COMPLETE
16,0.2513725578784943,2025-04-15 12:47:33.545221,2025-04-15 12:47:51.270035,0 days 00:00:17.724814,0.4226549464051462,0.22970170900389214,2,0.12644975840152076,0.17434492994918246,0.08581982988526299,0.001117287827266722,0.04980877572010088,0.040846993212010074,7.300074435107798e-05,17,99,0.019083074389842143,0.29108560234417474,True,False,False,3.4918289568235034e-06,COMPLETE
17,0.2191631078720093,2025-04-15 12:47:51.278907,2025-04-15 12:47:59.365769,0 days 00:00:08.086862,0.6505309922755611,0.49750945537756397,16,0.20726371133164834,0.06679754352400498,0.0595047607582144,0.037600272033236404,0.04533860655002539,0.06590280096376469,0.0004516584287292813,29,28,0.08068046509154556,0.1143226512954342,True,True,False,3.338601821368401e-08,COMPLETE
18,0.22706614732742308,2025-04-15 12:47:59.374636,2025-04-15 12:48:05.710860,0 days 00:00:06.336224,0.019398168108749336,0.13957861721140954,16,0.04587323901175816,0.00923271602444456,0.03224954104319233,0.05320839329780035,0.023678403705530197,0.02632400176259238,0.002044936607290862,8,144,0.040813441957156874,0.19664629557197605,False,True,True,2.805213368053634e-07,COMPLETE
19,0.25082857012748716,2025-04-15 12:48:05.720040,2025-04-15 12:48:27.058923,0 days 00:00:21.338883,0.2088503131244312,0.28612621198669475,2,0.29529914765029436,0.12095851421038896,0.003672484090743146,0.06842030201892159,0.08389148191987883,0.01684428545165051,5.2014311029438716e-05,23,79,0.023180416380172344,0.2456525332002277,True,False,False,1.5806740384224033e-05,COMPLETE
20,0.285175096988678,2025-04-15 12:48:27.071573,2025-04-15 12:48:34.881874,0 days 00:00:07.810301,0.423221476855303,0.4780491225063678,16,0.12777509819177651,0.23335905401416962,0.09627981952061043,0.08857455945082648,0.07298846884454813,0.04378461945525988,0.0002469140369719708,20,25,0.035645379152371745,0.16066729214259975,True,False,False,1.0668978496450444e-06,COMPLETE
21,0.28900131583213806,2025-04-15 12:48:34.891804,2025-04-15 12:48:42.670383,0 days 00:00:07.778579,0.4146861092182622,0.47654342204732614,16,0.13059067385768333,0.28361448420587293,0.09941493316299854,0.09836000489904391,0.07462278308341692,0.042659506917519116,0.00028370359216271795,20,22,0.03764805217953367,0.15882779546380613,True,False,False,8.615736014140773e-07,COMPLETE
22,0.2889093101024628,2025-04-15 12:48:42.680348,2025-04-15 12:48:50.463933,0 days 00:00:07.783585,0.4203333271530356,0.4791485725648242,16,0.12042793833793736,0.2971634390868254,0.09743141911923109,0.0981645308464862,0.06511310499651715,0.04287337592628331,0.00035413182694480255,20,28,0.036205259317711735,0.14900554507731417,True,False,False,1.2091406257288819e-06,COMPLETE
23,0.28059301376342777,2025-04-15 12:48:50.474483,2025-04-15 12:48:58.269336,0 days 00:00:07.794853,0.41424199261118694,0.6443965677988812,16,0.12170903237482508,0.29095894844277526,0.09993295097296412,0.09839453226988368,0.06860915493072302,0.043922457652037054,0.0003436798905286701,20,31,0.05155557973911792,0.14753382246353788,True,False,False,1.2684626053895475e-06,COMPLETE
24,0.28468795418739323,2025-04-15 12:48:58.280063,2025-04-15 12:49:06.010136,0 days 00:00:07.730073,0.432913144492119,0.4561839304302985,16,0.10750506244176215,0.24996835949244928,0.09273621576992269,0.08856846932126264,0.07356481001883118,0.04392322724160119,0.0011465635993075762,20,20,0.0365195229253586,0.07533170065767138,True,False,False,1.2892041349204866e-06,COMPLETE
25,0.26446692943573,2025-04-15 12:49:06.021700,2025-04-15 12:49:13.690794,0 days 00:00:07.669094,0.22776140168649694,0.6415348343578978,16,0.14805931780085307,0.2990178190321906,0.07928184580122964,0.09119306645917018,0.0596434540283277,0.04123954496800883,0.0007073864269535465,17,59,0.06061586787242452,0.10759260014861338,True,False,False,3.5855297855861715e-05,COMPLETE
26,0.2913098096847534,2025-04-15 12:49:13.702131,2025-04-15 12:49:21.035995,0 days 00:00:07.333864,0.5746562700153124,0.5351581350318972,16,0.07576635986860376,0.244063765055537,0.09227853602058517,0.07969522917821152,0.09050802662811738,0.06691445976872172,0.00023221860488006776,22,38,0.04764022623109086,0.15679410072052333,False,False,True,7.414401550021631e-06,COMPLETE
27,0.31379467248916626,2025-04-15 12:49:21.047402,2025-04-15 12:49:28.421462,0 days 00:00:07.374060,0.6173718535901787,0.559096043458616,16,0.07204274248843728,0.2644208841888207,0.09076171528281517,0.07806400720376526,0.09029699192370111,0.06874759401449622,0.00917796347759219,22,38,0.046894014510007506,0.12955647583070562,False,False,True,8.177903499377391e-06,COMPLETE
28,0.324780535697937,2025-04-15 12:49:28.433527,2025-04-15 12:49:37.001011,0 days 00:00:08.567484,0.6005533221392709,0.5717688546457341,8,0.07102684968353815,0.2638006042837291,0.08325372417951006,0.08045593749193455,0.08994090848991268,0.09137158673185697,0.010529404300347591,22,37,0.04713821630066708,0.08719190537971029,False,False,True,5.613192799987164e-06,COMPLETE
29,0.3326520323753357,2025-04-15 12:49:37.013504,2025-04-15 12:49:45.648277,0 days 00:00:08.634773,0.5949657205519756,0.6928825882834946,8,0.07122494065022879,0.25959854458779275,0.07034904194375374,0.07660278907357347,0.09030213835972609,0.09478859878692344,0.07706144859953312,22,40,0.06989294320269139,0.07569562731503782,False,False,True,7.631290510503085e-06,COMPLETE
30,0.30678788423538206,2025-04-15 12:49:45.661832,2025-04-15 12:49:54.435851,0 days 00:00:08.774019,0.6199028831647354,0.7218953542885524,8,0.05598471551522931,0.26770650886353525,0.06775503575602103,0.07355641421991244,0.09112019678028374,0.09696558234983524,0.0809563869374568,22,63,0.07360300813693241,0.00793881902064171,False,False,True,0.00012654155264695989,COMPLETE
31,0.31361424922943115,2025-04-15 12:49:54.448863,2025-04-15 12:50:03.168096,0 days 00:00:08.719233,0.6205429413593103,0.7192981401058783,8,0.0599772320235086,0.2672682844468438,0.0675837160885357,0.07654503285713249,0.09103289745702649,0.09967148674565793,0.0991236596776546,22,55,0.08142779792055134,0.008540947313144042,False,False,True,9.363217459985966e-05,COMPLETE
32,0.3873858690261841,2025-04-15 12:50:03.181273,2025-04-15 12:50:12.518676,0 days 00:00:09.337403,0.7826288332937029,0.6383700039549073,8,0.0275664907469097,0.27011734349538397,0.058308778410076645,0.07739155525842663,0.08704131062004711,0.08859538655205691,0.08952619053838134,27,44,0.09050830153785061,0.05925666909343155,False,False,True,6.076921703110868e-06,COMPLETE
33,0.32334492206573484,2025-04-15 12:50:12.533373,2025-04-15 12:50:21.860536,0 days 00:00:09.327163,0.8019426974203415,0.639028466645433,8,0.026763710849695938,0.2109458101476005,0.05944643301018468,0.08424047419154633,0.08520640116327832,0.09057229230712097,0.043903479990089866,26,43,0.09848265775487264,0.0762388986462459,False,False,True,6.403525562902558e-06,COMPLETE
34,0.3826477289199829,2025-04-15 12:50:21.874162,2025-04-15 12:50:31.545651,0 days 00:00:09.671489,0.7879589396575584,0.6112351770554019,8,0.021433831963856214,0.21139781169766458,0.05738143359454997,0.08368115177831155,0.09966447827902283,0.0890084791032857,0.04131020940546646,28,84,0.09783884862554101,0.05600032521604186,False,False,True,2.655216231671762e-06,COMPLETE
35,0.38662155866622927,2025-04-15 12:50:31.559604,2025-04-15 12:50:41.307212,0 days 00:00:09.747608,0.880312791513435,0.8515273396855385,8,0.0244203046170967,0.1764513692300874,0.040380967017436514,0.061484568319389865,0.09786277131284557,0.086899607367493,0.033527008087887285,28,85,0.08926650369360968,0.051203006210320805,False,False,True,2.471278452577119e-06,COMPLETE
36,0.3771264314651489,2025-04-15 12:50:41.322387,2025-04-15 12:50:51.076330,0 days 00:00:09.753943,0.921925248330039,0.8707484872145067,8,0.02274011264099009,0.21423452613965316,0.038846145646540195,0.06247888577566335,0.09955181333130562,0.08336059882130518,0.03387879947676833,28,82,0.09246913045069993,0.050935240630880674,False,False,True,2.370359319153079e-06,COMPLETE
37,0.37469348907470706,2025-04-15 12:50:51.091078,2025-04-15 12:51:00.790661,0 days 00:00:09.699583,0.9464298311856947,0.8572215945382694,8,0.026191029683767984,0.18810643812910877,0.03900154355299895,0.06265760994557155,0.09894106807323803,0.08518657642379728,0.02730175074557428,28,83,0.09329780778018179,0.04540088994955733,False,False,True,2.075221491987119e-06,COMPLETE
38,0.3814422845840454,2025-04-15 12:51:00.805977,2025-04-15 12:51:10.779797,0 days 00:00:09.973820,0.9020374760766581,0.9479819969637631,8,0.013453993249343151,0.1735596714470382,0.05095826743120904,0.048229504059320236,0.099711280008832,0.08227563367113606,0.02680977386766377,30,88,0.09091346681584657,0.0489671138253418,False,False,True,2.4957056878584714e-06,COMPLETE
39,0.31204526424407963,2025-04-15 12:51:10.796625,2025-04-15 12:51:20.826530,0 days 00:00:10.029905,0.8053506322374684,0.9665868293512204,8,0.0034927960906958773,0.17090231734134376,0.0525461931916062,0.049815137469394734,0.0830165759318023,0.07731316122121047,0.04937331244928733,30,90,0.08559984733019017,0.029752947894306495,False,False,True,2.076950167199178e-05,COMPLETE
40,0.37338047027587895,2025-04-15 12:51:20.843213,2025-04-15 12:51:30.408502,0 days 00:00:09.565289,0.8625346812422479,0.7965941668695811,8,0.03943850949812909,0.16771875627987082,0.05355513739531849,0.03261429704713442,0.09444790969010883,0.08704902301244608,0.01968191860742464,26,109,0.08950250167260236,0.029941869463222776,False,False,True,2.90925535986933e-07,COMPLETE
41,0.3887064576148987,2025-04-15 12:51:30.424594,2025-04-15 12:51:40.149439,0 days 00:00:09.724845,0.8847545571343671,0.869183416319868,8,0.02047268647167263,0.21415855537001985,0.04135708044043468,0.05997295955937314,0.09780332685918028,0.08082835918888173,0.03955374455686949,28,70,0.09441130820280792,0.05835001400605495,False,False,True,2.2736365038497232e-06,COMPLETE
42,0.39164873361587527,2025-04-15 12:51:40.166216,2025-04-15 12:51:49.780985,0 days 00:00:09.614769,0.8891421984144616,0.909570325037038,8,0.017099373201289278,0.2023244148790571,0.04649965394845484,0.052909420814129755,0.09514690260283912,0.07847395704277367,0.019760864094164266,28,70,0.09951815307931243,0.06115730139010618,False,False,True,3.29563413765084e-06,COMPLETE
43,0.31164554357528684,2025-04-15 12:51:49.798754,2025-04-15 12:51:59.394614,0 days 00:00:09.595860,0.7679862115676233,0.7992664872742673,8,0.018263884472804522,0.19882851325546436,0.04365729210404457,0.0562802372314764,0.08110149209975057,0.08953483533034412,0.05505251399342758,28,72,0.09986434308372313,0.09239295747889234,False,False,True,3.800706528438951e-06,COMPLETE
44,0.3227139115333557,2025-04-15 12:51:59.411851,2025-04-15 12:52:08.581750,0 days 00:00:09.169899,0.9987659710833572,0.9044858681719763,8,0.08917348737707681,0.21861690076034274,0.018871244013735307,0.06041880787212441,0.0012218760554685432,0.07785698697263535,0.017250250531139984,25,68,0.09573361854098866,0.0611122502539415,False,False,True,1.2782618065704721e-05,COMPLETE
45,0.3549142718315125,2025-04-15 12:52:08.599139,2025-04-15 12:52:18.075311,0 days 00:00:09.476172,0.8748485147334683,0.8984769281788185,8,0.05312962637453694,0.23342531292699176,0.06239714277578275,0.05347508384669292,0.09473913169950501,0.07179836151496705,0.006696914448834239,27,73,0.08589622443906397,0.06428590417958036,False,False,True,5.1859977297070384e-05,COMPLETE
46,0.38883687257766725,2025-04-15 12:52:18.094101,2025-04-15 12:52:27.300548,0 days 00:00:09.206447,0.8530297609699435,0.7692856205989328,8,0.036620683555925015,0.13730898575525374,0.0475145913912261,0.0694728456518825,0.08521866462521867,0.08092792467432314,0.005548656726550277,24,104,0.07621287687950537,0.03462638706415252,False,False,True,5.394117932649107e-07,COMPLETE
47,0.3925351142883301,2025-04-15 12:52:27.318421,2025-04-15 12:52:36.519305,0 days 00:00:09.200884,0.83117008114522,0.7632729442916892,8,0.03647622843361242,0.1372876301917304,0.0461214027967032,0.07055187950267888,0.08739232072064126,0.08041241547676983,0.004147156313795965,24,102,0.07656561778791554,0.037178751885435325,False,False,True,4.931358509117316e-07,COMPLETE
48,0.37804042100906377,2025-04-15 12:52:36.538816,2025-04-15 12:52:55.643283,0 days 00:00:19.104467,0.8397583957956887,0.7565742490569132,2,0.0012891423709923758,0.1410599443009819,0.046907256350009245,0.06966133211769379,0.08597001577642303,0.05858844182592965,0.0028263214308358827,24,105,0.0772662445729008,0.03764411881560961,False,True,True,1.6387324632762628e-07,COMPLETE
49,0.39758650064468387,2025-04-15 12:52:55.662770,2025-04-15 12:53:04.953120,0 days 00:00:09.290350,0.7308319189768291,0.8089376778640437,8,0.03531706599419342,0.1330220333417787,0.026013314740538016,0.06639473240306493,0.07849946320972256,0.07944685204593195,0.0033043550935835044,24,119,0.06488696333766808,0.020067642204804934,False,False,True,5.557182826673308e-07,COMPLETE
50,0.38886464834213263,2025-04-15 12:53:04.971910,2025-04-15 12:53:14.353338,0 days 00:00:09.381428,0.733112603938344,0.9326423112472066,8,0.039893546527891705,0.13444131027812314,0.026515226733767043,0.04410179927423516,0.0804212049812967,0.07975079713263812,0.005402039563587382,24,124,0.06160854746071367,0.014699193810819258,False,False,True,5.214686215981769e-07,COMPLETE
51,0.394188928604126,2025-04-15 12:53:14.373036,2025-04-15 12:53:23.690481,0 days 00:00:09.317445,0.7343213382579072,0.9972935079443512,8,0.038890743673157695,0.13455395269866396,0.024842057883155615,0.0463287815672933,0.07803474706506168,0.07910986048606582,0.004072309179821651,24,127,0.064833754337825,0.01701171924081182,False,False,True,5.443437380538567e-07,COMPLETE
52,0.39035711288452146,2025-04-15 12:53:23.709961,2025-04-15 12:53:33.033457,0 days 00:00:09.323496,0.7372461531573367,0.9962620128317058,8,0.040545456264755135,0.13541276894223794,0.021336443122587447,0.04569444418960342,0.0774270579382875,0.062195225079307505,0.004491478457233325,24,124,0.061798458239933095,0.018080844654583032,False,False,True,5.748015877762212e-07,COMPLETE
53,0.38825336694717405,2025-04-15 12:53:33.053992,2025-04-15 12:53:42.596917,0 days 00:00:09.542925,0.7299534555405237,0.9886249640730372,8,0.045255912104128646,0.10649653742934782,0.02243619181546362,0.04199364621040217,0.07737840032428348,0.07245213726823413,0.003608165151896941,25,124,0.06154852226282692,0.014041750348986685,False,False,True,3.7723819280325274e-07,COMPLETE
54,0.2435149908065796,2025-04-15 12:53:42.617265,2025-04-15 12:53:51.995384,0 days 00:00:09.378119,0.6783328014947627,0.9291698743589603,8,0.09483249811911035,0.13380389409336513,0.02451450797383864,0.03292589588287181,0.07918498543894649,0.06265252154496936,0.0015484841773586377,24,135,0.06646965454792961,0.022775815521777237,False,False,True,1.3563952469715844e-07,COMPLETE
55,0.3411783933639526,2025-04-15 12:53:52.015530,2025-04-15 12:54:01.250141,0 days 00:00:09.234611,0.7470568647094704,0.9917090615813181,8,0.06144330848585837,0.15497370713767294,0.011488680524142588,0.026059786197154912,0.0688931849533355,0.0699495808264444,0.0030908990534063725,23,123,0.056563843874995634,0.0020914288155419944,False,True,True,2.481072948464563e-07,COMPLETE
