number,value,datetime_start,datetime_complete,duration,params_alpha-eval,params_alpha-train,params_batch-size,params_eps-eval,params_eps-train,params_lambda-actions-eval,params_lambda-actions-train,params_lambda-frames-eval,params_lambda-frames-train,params_learning-rate,params_n-epochs,params_n-frames,params_radius-gw,params_rho,params_std-feats,params_ub-actions,params_ub-frames,params_weight-decay,state
455,0.4075478553771973,2025-04-15 14:03:08.615016,2025-04-15 14:03:15.932390,0 days 00:00:07.317374,0.43078801734433225,0.9085824782292172,16,0.028141131139327532,0.056587609071644535,0.09179070807605942,0.07740828751941131,0.07114826211027084,0.05659232296801118,0.0008649725018802562,18,51,0.0478053652740238,0.16211026689873878,True,False,True,0.00039060030743694684,COMPLETE
456,0.41703087091445923,2025-04-15 14:03:16.076563,2025-04-15 14:03:23.390261,0 days 00:00:07.313698,0.35487938188456003,0.9418213494414049,16,0.03352131017318502,0.07603228868369853,0.0978497687689103,0.07845598861605806,0.06899549222693206,0.006201361955794792,0.0008777318740429634,18,49,0.05152686028492444,0.13837339278563024,True,False,True,0.0003060511267959179,COMPLETE
457,0.40813610553741453,2025-04-15 14:03:23.544950,2025-04-15 14:03:30.913897,0 days 00:00:07.368947,0.403664959804961,0.9604862858349191,16,0.018299076477014387,0.0684360550191675,0.09293832858898063,0.07624420791474817,0.07557095777076217,0.0031379334280911076,0.0006432860533986762,19,53,0.04998468927427876,0.1538953305463448,True,True,True,0.0008256111024185335,COMPLETE
458,0.40878585577011106,2025-04-15 14:03:31.058242,2025-04-15 14:03:38.313633,0 days 00:00:07.255391,0.4208433773179485,0.9261881297880751,16,0.024832218834954463,0.046948803288972024,0.09778003697111427,0.07333441050400033,0.07237739282240592,0.00814754959354495,0.0005021844894272658,17,57,0.05086942013219138,0.16637164014814285,True,False,True,0.0005822476196810318,COMPLETE
459,0.42124229669570923,2025-04-15 14:03:38.458739,2025-04-15 14:03:45.801844,0 days 00:00:07.343105,0.3728864830262442,0.956965783038004,16,0.03321872843138348,0.06317417540270856,0.09517496966382782,0.08034675459748818,0.06668497294521006,0.004724865131597887,0.000691885284467514,18,49,0.053303249039669286,0.14862188410607755,True,False,True,0.0004321335892809075,COMPLETE
460,0.39628500938415534,2025-04-15 14:03:45.960112,2025-04-15 14:03:53.321931,0 days 00:00:07.361819,0.3318728691086686,0.9608610999067957,16,0.034214565844371235,0.06267482689479932,0.09505590881372757,0.08059937892200983,0.0667237975225041,0.006151231168512547,0.0006582803055406067,19,50,0.049229383204587834,0.1468006070101418,True,False,True,0.00045835887781550596,COMPLETE
461,0.3906265377998352,2025-04-15 14:03:53.466729,2025-04-15 14:04:00.796153,0 days 00:00:07.329424,0.37087945167885905,0.9626303819944511,16,0.026196539716050543,0.07272292859526054,0.04919051514644381,0.06836898840406598,0.06654979252042455,0.06636815215406,0.0003648460228576272,18,54,0.046365855869828804,0.15990452600743338,True,False,True,0.0006851377431547492,COMPLETE
462,0.17320852279663088,2025-04-15 14:04:00.943314,2025-04-15 14:04:08.335182,0 days 00:00:07.391868,0.35673485547482897,0.9366368113643824,16,0.2925714562641495,0.07671602374355563,0.09351634770056566,0.07896420536934677,0.06852193684492641,0.004663870068455047,0.0005625906133453768,20,48,0.0013003983916238734,0.17247643955849232,True,False,True,0.000396620806482554,COMPLETE
463,0.3065872669219971,2025-04-15 14:04:08.491729,2025-04-15 14:04:15.826001,0 days 00:00:07.334272,0.40137890916107744,0.9109836064027261,16,0.018328584808620287,0.06771462563245632,0.09592714776280904,0.07459259778333178,0.07093627734513479,0.00826733205415324,0.0007301008495972317,17,64,0.0524597640937146,0.1647371431209748,True,False,True,0.0005422129899072554,COMPLETE
464,0.1730264127254486,2025-04-15 14:04:15.972203,2025-04-15 14:04:23.241556,0 days 00:00:07.269353,0.3760082337422097,0.9563697156669956,16,0.174703589749183,0.060168575788334455,0.09663763729162934,0.07064081499910731,0.07330863625826595,0.001044575701838977,0.0010402420550255722,18,51,0.056420569388248985,0.15724861486199562,True,False,True,0.00033518735418688574,COMPLETE
465,0.42222582101821904,2025-04-15 14:04:23.401971,2025-04-15 14:04:30.853076,0 days 00:00:07.451105,0.3154709790643069,0.9661247480102096,16,0.03022523839183512,0.08111582448364775,0.09186264697613244,0.0761189490649977,0.0766914097013691,0.0044930442421508305,0.00025694292570885416,19,59,0.05418384069752315,0.14420257346373,True,False,True,0.00023655649042072371,COMPLETE
466,0.4125598073005676,2025-04-15 14:04:31.001841,2025-04-15 14:04:39.447170,0 days 00:00:08.445329,0.2644200863035775,0.9700742680461015,8,0.023102759957939617,0.07942913017725885,0.09252813351329471,0.08030015376181898,0.07873988528554365,0.006064914545040332,0.00025564105369205463,18,57,0.055305760481020774,0.13491068375610782,True,False,True,0.00023403629579935947,COMPLETE
467,0.3377020597457886,2025-04-15 14:04:39.598487,2025-04-15 14:04:47.134326,0 days 00:00:07.535839,0.31608395494307895,0.9278863301740173,16,0.04319617300483715,0.08170122943410989,0.09012499485343903,0.07204319938052868,0.07588737352841232,0.004922737646063536,0.000248160155107931,19,61,0.05122790050494321,0.14227637328920759,True,False,True,0.0002202532474512378,COMPLETE
468,0.41841052770614623,2025-04-15 14:04:47.299609,2025-04-15 14:04:54.632356,0 days 00:00:07.332747,0.29325730963781105,0.970548187053875,16,0.029649463704621272,0.07461896905389104,0.09422514983992122,0.0756021873010928,0.07684559882739354,0.0029344516878663206,0.0002140087962121707,17,67,0.05450076166927854,0.147330626547676,True,False,True,0.00026988255080560473,COMPLETE
469,0.30965815782547,2025-04-15 14:04:54.781703,2025-04-15 14:05:02.162827,0 days 00:00:07.381124,0.3364505861290504,0.6283806625715259,16,0.03468810461459888,0.07258857955399851,0.09819575636967168,0.07846686567128416,0.06769377212979304,0.0066002545236458895,0.0003343824306698898,18,59,0.056488763035317614,0.14210951501689936,True,False,True,0.000353503153759563,COMPLETE
470,0.28107088804244995,2025-04-15 14:05:02.312600,2025-04-15 14:05:10.181779,0 days 00:00:07.869179,0.34744496275196624,0.9412135194389024,16,0.015357870320125606,0.08152587388773298,0.09246168879783893,0.07368616832511343,0.06569632539241126,0.0028167888945140893,0.00017942423517199315,19,54,0.0477993339745173,0.1483304964598895,True,False,False,0.00020510626569964483,COMPLETE
471,0.41500146389007575,2025-04-15 14:05:10.342277,2025-04-15 14:05:17.616238,0 days 00:00:07.273961,0.3060537240127287,0.9662418563968,16,0.028728905073831097,0.06337406163108586,0.0955280451473666,0.06163905988014609,0.06961763425902542,0.004946112522263327,0.0008891288362271398,17,55,0.05331394888159307,0.1707382621067501,True,False,True,0.0002590198993102517,COMPLETE
472,0.3721110463142395,2025-04-15 14:05:17.767302,2025-04-15 14:05:25.073430,0 days 00:00:07.306128,0.4277758071005596,0.9065227109703053,16,0.04436525291407077,0.05670120347954081,0.09828153691729669,0.07588546401114084,0.07358483890614323,0.008263705928863269,0.0006698515942233425,18,48,0.05807439246066955,0.15505249378889163,True,False,True,0.0003481987163777433,COMPLETE
473,0.32449049949645997,2025-04-15 14:05:25.226024,2025-04-15 14:05:32.706622,0 days 00:00:07.480598,0.1580818436796101,0.9496381980272995,16,0.02179266121465291,0.07030005362078356,0.09100725348546823,0.06966844090947198,0.06980676600236464,0.0010982184694114244,0.0008146872040124396,19,62,0.04999845506560508,0.13779588535970577,True,False,True,0.0004623844591758589,COMPLETE
474,0.4187118172645569,2025-04-15 14:05:32.867293,2025-04-15 14:05:40.204902,0 days 00:00:07.337609,0.3650557360195041,0.9256252983300493,16,0.03529717014254943,0.07781970639880932,0.099983607404415,0.07281640570365136,0.06760186911812481,0.0031792877800936657,0.0010318302937593672,18,51,0.052400392144776424,0.16759194032741478,True,False,True,0.0002763622535164128,COMPLETE
475,0.4204151511192322,2025-04-15 14:05:40.355341,2025-04-15 14:05:47.963042,0 days 00:00:07.607701,0.4095405349688226,0.975841456865989,16,0.029009419604068096,0.06336774344548163,0.09468487120629089,0.08032009744813776,0.07454148927757501,0.004717716511059585,0.0004545616696928097,20,58,0.05581111962387104,0.15098536250924352,True,False,True,0.0001817707573544318,COMPLETE
476,0.38018875122070317,2025-04-15 14:05:48.129322,2025-04-15 14:05:55.251507,0 days 00:00:07.122185,0.33250729817766156,0.9477132125936247,16,0.04153454995850246,0.047372072770999904,0.09676899824336511,0.07783704578144891,0.07097400367544457,0.0987160557059365,0.00031258702457815214,17,40,0.054170540904761956,0.1579680874705646,True,False,True,0.000357424088521944,COMPLETE
477,0.37295346260070805,2025-04-15 14:05:55.404487,2025-04-15 14:06:02.643021,0 days 00:00:07.238534,0.38097616471030654,0.9690406965017538,16,0.03645550623070305,0.06842443519014405,0.09795583755677324,0.0748719378937454,0.06524950916744057,0.002666664851764001,0.0005902793825286328,18,47,0.05084765889672745,0.17287553040447867,True,True,True,0.0005275382637537567,COMPLETE
478,0.4232796549797058,2025-04-15 14:06:02.798510,2025-04-15 14:06:10.201676,0 days 00:00:07.403166,0.35306169994269315,0.9232564440416103,16,0.024367327048453666,0.02993515990327434,0.09605040359188904,0.07649211880510821,0.07969493899882536,0.0010737956299512487,0.0007161195320147548,19,53,0.05717160845034502,0.16149778723501762,True,False,True,0.00023433007695679235,COMPLETE
479,0.2843976318836212,2025-04-15 14:06:10.363917,2025-04-15 14:06:17.737287,0 days 00:00:07.373370,0.317236711357681,0.9029329116111945,16,0.012501367116572243,0.22223976684093766,0.09195494437620715,0.07888395106514827,0.08091238017233285,0.006689165044672555,0.00040400263253962293,19,55,0.05845793102254758,0.1605141337170803,True,False,True,0.00098604283223298,COMPLETE
480,0.42231991291046145,2025-04-15 14:06:17.887311,2025-04-15 14:06:25.377938,0 days 00:00:07.490627,0.35409950049170225,0.925379180421809,16,0.020176140090291967,0.02445135871849087,0.09407181380511252,0.06627720262653523,0.07895301281763815,0.001122639979195233,0.000711443152904493,20,52,0.05713115981627597,0.1450509713492553,True,False,True,0.00019446692371646095,COMPLETE
481,0.2998256802558899,2025-04-15 14:06:25.530422,2025-04-15 14:06:33.189519,0 days 00:00:07.659097,0.3473878312907187,0.9126194763430211,16,0.010995901650862252,0.0562127047450812,0.0891525580898905,0.07049228007771145,0.08222171665928323,0.00410450922801104,0.00013847602719492026,21,59,0.05858729923527101,0.130999599337239,True,False,True,0.00029524234811715194,COMPLETE
482,0.42237161397933964,2025-04-15 14:06:33.353210,2025-04-15 14:06:40.888424,0 days 00:00:07.535214,0.3595297499900981,0.9219489834518276,16,0.018978354568122177,0.021925185920954778,0.0928624215902817,0.06886761630579435,0.07939537385340224,0.09255992877645447,0.0006807324164715711,21,51,0.05720486831444105,0.14049080963667288,True,False,True,0.0001933863291012032,COMPLETE
483,0.33019366264343264,2025-04-15 14:06:41.039156,2025-04-15 14:06:48.821078,0 days 00:00:07.781922,0.3588330513181019,0.9125096887641062,16,0.01657668080226881,0.025253842792608106,0.09139184225997408,0.07080146731095,0.07962891875131921,0.06420871291756705,0.0005611016274874483,22,53,0.05716505343911067,0.14036663753709286,True,False,True,0.0001955025216827998,COMPLETE
484,0.2474597573280335,2025-04-15 14:06:48.987590,2025-04-15 14:06:56.649612,0 days 00:00:07.662022,0.32301205052714,0.5003696240729706,16,0.005890575521691897,0.012486494284376506,0.09330595691854893,0.06640554163433186,0.07830188752082631,0.09555241537783987,0.0006881779475134854,21,56,0.059172484330381456,0.13426806213749243,True,False,True,0.0004151606612215046,COMPLETE
485,0.32059402465820314,2025-04-15 14:06:56.803122,2025-04-15 14:07:04.204234,0 days 00:00:07.401112,0.2837126818906308,0.8971348069288971,16,0.017445617833186173,0.013389836800421573,0.09400522147437565,0.0659988379465998,0.07974220801972544,0.07339871540113198,0.00046827102311497595,20,51,0.05696677479881138,0.14630473148532694,True,False,True,0.0007014614291601016,COMPLETE
486,0.42038813829422,2025-04-15 14:07:04.358143,2025-04-15 14:07:11.998035,0 days 00:00:07.639892,0.34429572935296415,0.9232499113555914,16,0.024792002490232962,0.0065182996423079325,0.062283545508392366,0.06882005290700963,0.08259126418990852,0.0604888745501051,0.0006474573101753958,21,53,0.05701311359743823,0.14017664537644903,True,False,True,0.00019271367017895688,COMPLETE
487,0.30054906010627747,2025-04-15 14:07:12.162020,2025-04-15 14:07:19.722845,0 days 00:00:07.560825,0.36538625477578623,0.9262514869550635,16,0.012393002271012529,0.01838399456408535,0.09059680593740385,0.0679705869035213,0.07767027966961323,0.044005047634037786,0.0005438360787767764,20,58,0.044057774367389835,0.14510887897733563,True,False,True,0.00032418560171059807,COMPLETE
488,0.4233643531799317,2025-04-15 14:07:19.876647,2025-04-15 14:07:28.393602,0 days 00:00:08.516955,0.3371748622908845,0.9025794073753834,8,0.020122997610719777,0.027662490288724022,0.09493180942014424,0.022215387422564112,0.07598600053331778,0.07018262549816531,0.00040065296136169087,20,35,0.052718788860895135,0.15060293143231,True,False,True,1.056261441880433e-06,COMPLETE
489,0.31453106403350833,2025-04-15 14:07:28.546534,2025-04-15 14:07:37.364127,0 days 00:00:08.817593,0.3181367981707459,0.8963198676082869,8,0.016945507803866507,0.027207903230405492,0.09377793237694497,0.010562934998645648,0.07950510268968303,0.06888840169348627,0.0003845513707622306,22,36,0.048940841921524425,0.1503753851670871,True,False,True,1.4645125725543062e-06,COMPLETE
490,0.4238340497016907,2025-04-15 14:07:37.529903,2025-04-15 14:07:46.217775,0 days 00:00:08.687872,0.334464379637426,0.8995484727761607,8,0.021673037031842174,0.022686994642372237,0.08866988912608777,0.016992404059641558,0.07685926532030347,0.08508240086754086,0.0003010625348954731,20,50,0.051714640626286806,0.1424616109412976,True,False,True,3.4039263881483927e-07,COMPLETE
491,0.29487302899360657,2025-04-15 14:07:46.373405,2025-04-15 14:07:55.039018,0 days 00:00:08.665613,0.3070234731971053,0.1404384983037627,8,0.00971317997440278,0.028236866080693947,0.08938487371085624,0.019598510562037024,0.07685120009627397,0.08410416007895846,0.0002471809140210372,21,35,0.05134929723977576,0.13276019807717587,True,False,True,7.201367619056045e-07,COMPLETE
492,0.2048193633556366,2025-04-15 14:07:55.207649,2025-04-15 14:08:04.408600,0 days 00:00:09.200951,0.33961394687696805,0.8938325137870634,8,0.0038675449773593537,0.0190988670695856,0.09195389674392541,0.027980930633871397,0.08440503886321507,0.0878491174420852,0.00028827626634394946,20,33,0.046892590987843284,0.14149012763062746,True,False,False,2.070111302676782e-06,COMPLETE
493,0.2793841421604157,2025-04-15 14:08:04.563179,2025-04-15 14:08:13.378624,0 days 00:00:08.815445,0.33423864851920965,0.8977430699734403,8,0.01869703435802622,0.03275502810266928,0.08862711183052345,0.023731059100846726,0.07712756478034978,0.007698250142165285,0.00032795983493535177,21,43,0.00868211880554847,0.14493357166458032,True,False,True,1.798497009973594e-07,COMPLETE
494,0.3182610273361206,2025-04-15 14:08:13.534871,2025-04-15 14:08:22.083700,0 days 00:00:08.548829,0.35441837946455973,0.9135863552081558,8,0.01421261223872965,0.019165169204142147,0.0920691489559927,0.01680498306790003,0.07883703030266875,0.08934662347292438,0.00040066761546862946,20,37,0.05882917268015013,0.13684518597677262,True,False,True,2.898553508187363e-06,COMPLETE
495,0.3974629044532776,2025-04-15 14:08:22.248830,2025-04-15 14:08:30.844272,0 days 00:00:08.595442,0.2559224942429906,0.9116264359381456,8,0.020919333649982882,0.021080002534963893,0.09488507693328695,0.058213887044618384,0.08170790543509727,0.07122912372263311,0.0002970241998449073,20,39,0.0495644053683138,0.14981534197141622,True,False,True,1.593855971339654e-07,COMPLETE
496,0.3905800700187683,2025-04-15 14:08:31.001716,2025-04-15 14:08:39.650925,0 days 00:00:08.649209,0.3210526032231651,0.9332836866477497,8,0.021740240398089795,0.03249569676738423,0.09349050659911345,0.007298751478055242,0.07559272317232976,0.0058237839304959745,0.000441452940036592,20,50,0.051866005198117376,0.15117272095637035,True,False,True,6.119400038108456e-07,COMPLETE
497,0.31419984102249143,2025-04-15 14:08:39.808748,2025-04-15 14:08:48.284698,0 days 00:00:08.475950,0.29128961997042896,0.8862573190805596,8,0.013421290322467775,0.02558102217131636,0.0903100993144197,0.0213550882293186,0.08063315605932594,0.09468768154629532,0.00037837292858642274,19,43,0.08745045623922901,0.13021892910178653,True,False,True,3.718904320355273e-07,COMPLETE
498,0.4162278056144715,2025-04-15 14:08:48.453217,2025-04-15 14:08:57.059378,0 days 00:00:08.606161,0.3618917527633992,0.918502037911851,8,0.020695395744633128,0.014661789320354227,0.09490729007845972,0.06742790497292334,0.07604986089958048,0.07497232779424687,0.00046817066528386306,19,49,0.056353004143767246,0.14232981225839403,True,True,True,1.7041179853664201e-06,COMPLETE
499,0.27413681149482727,2025-04-15 14:08:57.216155,2025-04-15 14:09:06.056448,0 days 00:00:08.840293,0.36979587179670165,0.9008629620887656,8,0.0002870286130046973,0.04112439351306519,0.09574733461094191,0.011129107405028685,0.07764999391492917,0.09199077392748646,0.000249874119318501,20,53,0.05390331033756934,0.1557852447681307,True,False,True,1.0422453074021673e-06,COMPLETE
500,0.30825018882751465,2025-04-15 14:09:06.226832,2025-04-15 14:09:14.957960,0 days 00:00:08.731128,0.3394059408499729,0.9301937642243546,8,0.008457271253042898,0.030698708629380733,0.09250668965273792,0.016216820624416338,0.07472428056100576,0.0046564201174778535,0.000529807105767632,21,39,0.04874655106526405,0.14628072311398935,True,False,True,1.2390537764106809e-07,COMPLETE
501,0.33559616804122927,2025-04-15 14:09:15.114706,2025-04-15 14:09:23.604068,0 days 00:00:08.489362,0.3509873183992395,0.93201073443756,8,0.023023057786832644,0.02104648794888553,0.09561604573072856,0.07167437385996905,0.07404447506129519,0.008242547312595092,0.0002113563488300047,19,44,0.05920528121050573,0.15362688689896106,True,False,True,0.0005813951990399171,COMPLETE
502,0.37381231784820557,2025-04-15 14:09:23.764440,2025-04-15 14:09:32.140760,0 days 00:00:08.376320,0.31311604548902877,0.9128879631714518,8,0.016469369065950718,0.038388962516007506,0.08704971110629639,0.013831274090616012,0.07932545805525217,0.006348955507627631,0.00031253933706109835,19,34,0.051876198223804834,0.13663790074405938,True,False,True,2.5041588405460645e-07,COMPLETE
503,0.17642199993133545,2025-04-15 14:09:32.310649,2025-04-15 14:09:40.837893,0 days 00:00:08.527244,0.37181452855573927,0.9361935548066699,8,0.2548137180751053,0.03795263577724884,0.09114806172439281,0.07028484597182999,0.07678477169831716,0.04917670498271336,0.0005543911680681832,20,41,0.05592357830019299,0.15759824298459907,True,False,True,0.0004863442129886872,COMPLETE
504,0.4223570346832275,2025-04-15 14:09:40.996940,2025-04-15 14:09:48.417166,0 days 00:00:07.420226,0.33170287183625485,0.8896434753387398,16,0.02536622846356132,0.025040307403960807,0.09380646251594076,0.03559630249414001,0.080885531488882,0.09154476457434482,0.00036195651125416035,19,50,0.05408699392542332,0.1492276698741324,True,False,True,4.264787261625608e-06,COMPLETE
505,0.4288587212562561,2025-04-15 14:09:48.587870,2025-04-15 14:09:56.145986,0 days 00:00:07.558116,0.30085064858553906,0.8856114738011613,16,0.02370057881962421,0.024962959709191577,0.09297895241369145,0.03826402868886578,0.0831890745432004,0.008540462243773545,0.0003689843658204933,20,55,0.05114691781945078,0.14506756687260358,True,False,True,6.897870313959424e-06,COMPLETE
506,0.2994706809520722,2025-04-15 14:09:56.306616,2025-04-15 14:10:03.929269,0 days 00:00:07.622653,0.3065186196016031,0.8839842435054368,16,0.011218604077381303,0.007165789307446366,0.0898763454173612,0.03436693488347807,0.08569345971598534,0.09752948785420448,0.00034180666506981747,21,55,0.04667601537228065,0.1405753014297796,True,False,True,4.86944304325983e-06,COMPLETE
507,0.37662270069122317,2025-04-15 14:10:04.093780,2025-04-15 14:10:11.649276,0 days 00:00:07.555496,0.28595855816588833,0.8832676828516293,16,0.017795663466351478,0.027514636354805954,0.09284024226307794,0.03179897420890253,0.08380124596279519,0.09337043238175037,0.00027762830998144734,20,55,0.04999552903529418,0.147262761935461,True,False,True,2.5381771127691196e-06,COMPLETE
508,0.41298804283142093,2025-04-15 14:10:11.820345,2025-04-15 14:10:20.847990,0 days 00:00:09.027645,0.30065099731770034,0.8949803371042693,8,0.022491899882395822,0.017440081711610468,0.09361624305302436,0.03744440820132247,0.08218808378498403,0.08031539605216824,0.00035589441009274865,21,63,0.04846395715332233,0.1279058186191072,True,False,True,7.725212614389429e-06,COMPLETE
509,0.3995146989822388,2025-04-15 14:10:21.008400,2025-04-15 14:10:28.540832,0 days 00:00:07.532432,0.33157122543023765,0.8807769988789599,16,0.025479094766764784,0.023598152663229347,0.09122791453439533,0.029118759147814366,0.08049341790290866,0.08510157445335222,0.00041732226985079327,19,60,0.04485364820784278,0.14347152019642762,True,False,True,5.070394866132257e-06,COMPLETE
510,0.2048193633556366,2025-04-15 14:10:28.715017,2025-04-15 14:10:36.573819,0 days 00:00:07.858802,0.2507320379895413,0.9114371628043465,16,0.016309437504931194,0.030810883976224418,0.08820091239213343,0.014608164351368655,0.08453351078037585,0.08971655487312218,0.00015550352316805007,20,50,0.05204453978133936,0.13726120660903027,True,False,False,9.929363391167351e-06,COMPLETE
511,0.31057831048965456,2025-04-15 14:10:36.734175,2025-04-15 14:10:44.158797,0 days 00:00:07.424622,0.3257483677984346,0.7071972079106527,16,0.022558164303927097,0.032775846575346414,0.09324945223900001,0.04177712399978917,0.08183482339481632,0.09171006019096568,0.000197195275439072,19,53,0.05061406182864192,0.1491901080536969,True,False,True,0.0007173067082939491,COMPLETE
