number,value,datetime_start,datetime_complete,duration,params_alpha-eval,params_alpha-train,params_batch-size,params_eps-eval,params_eps-train,params_lambda-actions-eval,params_lambda-actions-train,params_lambda-frames-eval,params_lambda-frames-train,params_learning-rate,params_n-epochs,params_n-frames,params_radius-gw,params_rho,params_std-feats,params_ub-actions,params_ub-frames,params_weight-decay,state
1139,0.4220612168312073,2025-04-15 15:41:37.273754,2025-04-15 15:41:45.283308,0 days 00:00:08.009554,0.4989309683992986,0.770107643120547,16,0.023693667166937507,0.18197419492090527,0.0924471699391253,0.027729306632147153,0.07972006526495287,0.09985800313447382,0.00020348916839308062,14,144,0.0638879571116251,0.17450637226433066,True,True,True,1.9867660426475594e-08,COMPLETE
1140,0.3677073836326599,2025-04-15 15:41:45.656006,2025-04-15 15:41:53.808061,0 days 00:00:08.152055,0.46492972621506945,0.748543326713323,16,0.04063699025076485,0.17210908462286276,0.09686795268311045,0.034983389588431786,0.07713202409624129,0.09466512533645507,0.00016345815263289163,15,140,0.05688839637150244,0.18180489649838508,True,True,True,1.2998991053166185e-08,COMPLETE
1141,0.42617647647857665,2025-04-15 15:41:54.178533,2025-04-15 15:42:02.401207,0 days 00:00:08.222674,0.5486723448827683,0.7069812535070812,16,0.030422560573544963,0.19024609205704607,0.09994760891440861,0.029647206043828315,0.0839203643144997,0.09552469245726265,0.00023900792912380929,16,135,0.05972090451612037,0.19718935290801795,True,True,True,1.6557965963797237e-08,COMPLETE
1142,0.42348884344100957,2025-04-15 15:42:02.784618,2025-04-15 15:42:11.020673,0 days 00:00:08.236055,0.5931065032080628,0.6736909199216007,16,0.02278753984196353,0.1540053715867907,0.094210129988683,0.022282339976495348,0.08701409544484225,0.09832564431205411,0.00021462068304517132,17,123,0.06189609993823661,0.1906997019461809,True,True,True,1.0151455349971967e-08,COMPLETE
1143,0.41209867000579836,2025-04-15 15:42:11.393473,2025-04-15 15:42:19.380500,0 days 00:00:07.987027,0.5187800182516299,0.7984227287372906,16,0.034782571899758204,0.17804295682952656,0.0954133140118085,0.031488881797241096,0.08245340474666484,0.09376964121309932,0.00026126280052053507,15,128,0.05888153700815438,0.17819845114622354,True,True,True,2.504619493831086e-08,COMPLETE
1144,0.4280747294425964,2025-04-15 15:42:19.756637,2025-04-15 15:42:28.184553,0 days 00:00:08.427916,0.47561750543573217,0.7758244078295344,16,0.0225074746470227,0.16814040756821103,0.09733117666888634,0.026522250930855574,0.07913484198043932,0.09658060718288158,0.00018637709222348286,16,147,0.06150572378940761,0.1856218716232635,True,True,True,3.2030627082882804e-08,COMPLETE
1145,0.4239547610282898,2025-04-15 15:42:28.559070,2025-04-15 15:42:37.051268,0 days 00:00:08.492198,0.47686393334067634,0.7836303186902459,16,0.021765614165171247,0.15678230897860349,0.09793573363041688,0.024994743012142162,0.07768072032627743,0.09533054372123431,0.00013264038259237489,16,150,0.057384748981531175,0.17463160849732498,True,True,True,3.499392334527417e-08,COMPLETE
1146,0.4266719341278077,2025-04-15 15:42:37.429003,2025-04-15 15:42:45.973644,0 days 00:00:08.544641,0.486041804833811,0.8041284196041807,16,0.02170226503655212,0.16258113446855688,0.09993968340513784,0.025737636859112897,0.07618453466173494,0.09336941783762877,0.00015614396476769363,17,147,0.06047867453422773,0.1818452291757778,True,True,True,4.905821028791729e-08,COMPLETE
1147,0.4273248195648194,2025-04-15 15:42:46.349636,2025-04-15 15:42:56.518774,0 days 00:00:10.169138,0.49826853164076645,0.7754206691081934,16,0.0277820047164852,0.16766354883861387,0.0950961993580926,0.020767220742084133,0.07881651908598009,0.09649507161696971,0.00015789178082365268,27,145,0.05674305780765186,0.202134790213106,True,True,True,3.215019696487184e-08,COMPLETE
1148,0.4272433400154114,2025-04-15 15:42:56.876457,2025-04-15 15:43:07.081826,0 days 00:00:10.205369,0.4668055401945497,0.7756893764326315,16,0.02164458579404423,0.1665294484382371,0.0923764935965562,0.022350600851771797,0.07887348130119413,0.09655261932716803,0.00013128796090483872,27,145,0.05895721402594615,0.2023355196842373,True,True,True,3.225847720455247e-08,COMPLETE
1149,0.4246691107749939,2025-04-15 15:43:07.453410,2025-04-15 15:43:18.198414,0 days 00:00:10.745004,0.4671666418755497,0.7639958459707412,16,0.025426857489785137,0.16010693349524052,0.09247097802326057,0.020063021461569425,0.07843389579899449,0.09623259195067703,0.00013772639369161204,30,144,0.05681329857253092,0.20964829674904473,True,True,True,4.161170881001095e-08,COMPLETE
1150,0.21025968790054322,2025-04-15 15:43:18.571134,2025-04-15 15:43:28.899387,0 days 00:00:10.328253,0.46765288880964384,0.7675762700721555,16,0.02276890632291804,0.1683129601572833,0.09186077324653052,0.018820154082210324,0.07640073232256948,0.09725664251796441,0.0001224040645327208,28,146,0.05895233730250675,0.205012440887779,True,True,False,2.8984081847626108e-08,COMPLETE
1151,0.42507903575897216,2025-04-15 15:43:29.271473,2025-04-15 15:43:39.413221,0 days 00:00:10.141748,0.4878755343038811,0.8031575255233665,16,0.020587565232918936,0.15805010774378575,0.09458270186698149,0.018804307594047394,0.07829348745335113,0.09988737251016651,0.00012632812686609973,27,142,0.05855186254824272,0.21304262485059314,True,True,True,3.9197894785013497e-08,COMPLETE
1152,0.42596604824066164,2025-04-15 15:43:39.788506,2025-04-15 15:43:50.151057,0 days 00:00:10.362551,0.4610366082943225,0.7772605877153728,16,0.021285926829538365,0.15205553731613622,0.09220949131179697,0.02227226357804053,0.07894902628771995,0.09713910433981247,0.00010384076134863313,27,147,0.05635466798535345,0.21872905061029946,True,True,True,2.838323137691763e-08,COMPLETE
1153,0.42680701017379763,2025-04-15 15:43:50.523700,2025-04-15 15:44:00.992807,0 days 00:00:10.469107,0.4962299239580105,0.7551988658204127,16,0.028944162029786065,0.16441333743852307,0.09475383852311058,0.01959653017432185,0.07612557203465052,0.06880415770647501,0.00013542804498484304,28,150,0.05675972386601567,0.20920914242447222,True,True,True,4.692283173695695e-08,COMPLETE
1154,0.4272827982902527,2025-04-15 15:44:01.369448,2025-04-15 15:44:11.906566,0 days 00:00:10.537118,0.48141327151121066,0.7883549202838666,16,0.023255282657350513,0.16706956443648843,0.09724351536435057,0.02123169937855397,0.08005475178001134,0.09677334567231984,0.00014750076625174585,29,144,0.0600469268521642,0.20416666485109994,True,True,True,3.292188356832568e-08,COMPLETE
1155,0.42473573684692384,2025-04-15 15:44:12.284026,2025-04-15 15:44:22.483099,0 days 00:00:10.199073,0.47970382008495266,0.7992584542839977,16,0.021339532751922803,0.16633965209802282,0.09389872910988571,0.019895520705226984,0.0769589152594712,0.09801175955583082,0.00013261514564635036,27,143,0.060546696546942565,0.2059857812056361,True,True,True,2.4027420053044607e-08,COMPLETE
1156,0.4269087314605713,2025-04-15 15:44:22.863901,2025-04-15 15:44:33.320369,0 days 00:00:10.456468,0.4963645400442013,0.7873436466686742,16,0.022538324371153648,0.16026899363215283,0.0957055544815644,0.02081783115641432,0.07956172460319003,0.0998931356057663,0.00010132357765063595,28,145,0.06090147542434444,0.20178498134205375,True,True,True,3.111275642542619e-08,COMPLETE
1157,0.4261835932731628,2025-04-15 15:44:33.695967,2025-04-15 15:44:44.113645,0 days 00:00:10.417678,0.47386986773454465,0.7480908949414661,16,0.029110954378989286,0.16502617445761364,0.09252032606692843,0.02217995375740132,0.0784061834863587,0.09678720845809745,0.000122391599661337,29,141,0.05970697861223507,0.21889545637370442,True,True,True,2.2580602718924598e-08,COMPLETE
1158,0.24480254650115968,2025-04-15 15:44:44.488552,2025-04-15 15:44:55.315795,0 days 00:00:10.827243,0.50502448334886,0.7877108651628854,16,0.02079120930368791,0.16906537450919104,0.09609957311312155,0.021617333660836707,0.07609417268823383,0.09815105986412466,0.000149493946232888,30,147,0.024054124163974656,0.21460464106294364,True,True,True,2.1524692270212778e-08,COMPLETE
1159,0.43161551952362065,2025-04-15 15:44:55.690349,2025-04-15 15:45:06.227691,0 days 00:00:10.537342,0.4962622837113485,0.8065051456031797,16,0.029790485857063648,0.15609328980562753,0.09185832187303258,0.020782202592068665,0.0792970284371219,0.09611395700257148,0.00015365745526408817,29,144,0.06238603963586024,0.20776658832211345,True,True,True,3.144431854367636e-08,COMPLETE
1160,0.41993850469589233,2025-04-15 15:45:06.605025,2025-04-15 15:45:16.890371,0 days 00:00:10.285346,0.4994829923906143,0.8109313165558782,16,0.032776939360170496,0.14945879647886184,0.09160666209710003,0.018232193672539393,0.07861404838589156,0.09854477945962631,0.000109308203055931,28,141,0.06339333834482087,0.20870595601017777,True,True,True,3.161830112023784e-08,COMPLETE
1161,0.4254802465438843,2025-04-15 15:45:17.265822,2025-04-15 15:45:27.631341,0 days 00:00:10.365519,0.5098240095697125,0.8078365583655692,16,0.021805347676469286,0.151038863213166,0.09235094449568308,0.020643140770738425,0.07557057504777312,0.09671211818418869,0.0001292628297044026,28,143,0.0620401163425557,0.2142398017447974,True,True,True,2.382471064841821e-08,COMPLETE
1162,0.4293067216873169,2025-04-15 15:45:28.007258,2025-04-15 15:45:38.547529,0 days 00:00:10.540271,0.4906503139889157,0.7854781626919719,16,0.03058327754604888,0.15884117067718853,0.09166439051917882,0.015714271141104144,0.07961123127422579,0.09844211912118599,9.589971331812044e-05,30,140,0.06221375715467373,0.20486307518786384,True,True,True,2.831307324701604e-08,COMPLETE
1163,0.4218543648719788,2025-04-15 15:45:38.925206,2025-04-15 15:45:49.336652,0 days 00:00:10.411446,0.4852469142034168,0.806516573146154,16,0.02054762275859149,0.15452263710028638,0.09098344296675061,0.01474780376189108,0.07758059921947248,0.09634051910417826,8.824171179898013e-05,28,144,0.06383937502481592,0.21214608564593956,True,True,True,3.472466498877715e-08,COMPLETE
1164,0.4261461973190308,2025-04-15 15:45:49.714501,2025-04-15 15:46:00.160459,0 days 00:00:10.445958,0.4782535000434517,0.7906940063582213,16,0.028635601946251688,0.14984122026122748,0.09168961050925524,0.015816145499971183,0.07629615799732785,0.09995296831466013,8.226451051559559e-05,29,141,0.06282266884745509,0.20824199698561272,True,True,True,2.688519283173741e-08,COMPLETE
1165,0.42737001180648804,2025-04-15 15:46:00.537465,2025-04-15 15:46:11.138607,0 days 00:00:10.601142,0.4934677300294594,0.7978510483538869,16,0.02609129174812729,0.15630231862068575,0.09143804767135721,0.019857373116847463,0.07905396997382579,0.09991050561688794,6.346994418286777e-05,29,145,0.0613579630523557,0.20386971805575127,True,True,True,2.483545678288777e-08,COMPLETE
1166,0.422590184211731,2025-04-15 15:46:11.517261,2025-04-15 15:46:22.100658,0 days 00:00:10.583397,0.49585484095584537,0.8043348985161226,16,0.02168551700343503,0.14477938243256394,0.09158715677393821,0.01665549494852693,0.07769711855586713,0.09983658230225317,4.6751336315260255e-05,29,144,0.06409413272569812,0.21447338391873288,True,True,True,3.458068353584479e-08,COMPLETE
1167,0.4244210958480835,2025-04-15 15:46:22.477720,2025-04-15 15:46:33.073041,0 days 00:00:10.595321,0.4693733847885182,0.7849572060709339,16,0.01999969153115256,0.15648806428844897,0.09126902009115555,0.017203546295663917,0.07562043667218106,0.09986354370542885,8.783180762162438e-05,29,146,0.06213338367333202,0.20511513740878756,True,True,True,2.9267857012870975e-08,COMPLETE
1168,0.4275413274765015,2025-04-15 15:46:33.449257,2025-04-15 15:46:44.036094,0 days 00:00:10.586837,0.48229034114166786,0.8003212109927573,16,0.02761825166630064,0.15462695175396063,0.09151893421453278,0.014191455202842743,0.07848124010764722,0.09999307911304185,9.149002278553779e-05,30,140,0.06458914769232511,0.20333582585520038,True,True,True,2.691147415185927e-08,COMPLETE
1169,0.24480176568031312,2025-04-15 15:46:44.419427,2025-04-15 15:46:54.936719,0 days 00:00:10.517292,0.4860754089377239,0.8131985644497293,16,0.02741544378493076,0.14470269303217206,0.09087679148846171,0.01312409450233476,0.07456661969653355,0.09844329337505375,5.670164620527214e-05,30,140,0.06637379495820066,0.2199977833472133,True,True,False,2.865734934150562e-08,COMPLETE
1170,0.4218543648719788,2025-04-15 15:46:55.314936,2025-04-15 15:47:05.976475,0 days 00:00:10.661539,0.5030345826067153,0.8090178085781762,16,0.02064368543805911,0.15195000329014569,0.09157068056287998,0.011379092218718127,0.07777734078433471,0.09995411443012381,4.7877371177147573e-05,30,140,0.06520768284146863,0.2215825120549563,True,True,True,2.506821639197543e-08,COMPLETE
1171,0.42082178592681885,2025-04-15 15:47:06.356632,2025-04-15 15:47:17.060329,0 days 00:00:10.703697,0.5075450723662137,0.8094340672343759,16,0.03222888930244799,0.15877457042729937,0.09172934540656226,0.0157314506475996,0.07613568353727736,0.09876229191578839,6.0443942692456455e-05,30,142,0.06435448832905843,0.2027933025271679,True,True,True,2.161416141982367e-08,COMPLETE
1172,0.41527918577194217,2025-04-15 15:47:17.442789,2025-04-15 15:47:28.041922,0 days 00:00:10.599133,0.47973156292119895,0.7790341258284713,16,0.027744583426604918,0.1557810174253919,0.09134795328695927,0.017775321680641266,0.07843352875730678,0.09986152299486344,7.295035179989068e-05,29,145,0.06770640491515754,0.2079430466631305,True,True,True,3.7858392589619754e-08,COMPLETE
1173,0.2048193633556366,2025-04-15 15:47:28.425857,2025-04-15 15:47:39.147587,0 days 00:00:10.721730,0.4898822488412325,0.7978973305805265,16,0.14387569961459126,0.14942185983920286,0.09218032028381434,0.013554456925015381,0.07929332506698315,0.0980579606648577,5.607600663969351e-05,30,143,0.06500807870865408,0.21460745024541425,True,True,True,1.9532427604465984e-08,COMPLETE
1174,0.2048193633556366,2025-04-15 15:47:39.533204,2025-04-15 15:47:49.891355,0 days 00:00:10.358151,0.46953138749995754,0.7880026749951788,16,0.1727176765418504,0.15914391468535427,0.09288136756386339,0.017889876219033696,0.07938023176744412,0.09997097255631263,4.276211863162574e-05,29,139,0.06346786809765324,0.2034768873986831,True,True,True,2.7179848087660873e-08,COMPLETE
1175,0.42329156398773193,2025-04-15 15:47:50.276532,2025-04-15 15:48:01.053972,0 days 00:00:10.777440,0.5124729689906521,0.8087662467909518,16,0.020163122424840387,0.1566590151708309,0.09312215200370623,0.014534788455930219,0.07768667844283135,0.097976813965262,7.263333122965757e-05,30,147,0.06276457197906694,0.21124830858122312,True,True,True,3.2890962748330164e-08,COMPLETE
1176,0.4150972366333008,2025-04-15 15:48:01.439479,2025-04-15 15:48:12.091442,0 days 00:00:10.651963,0.4601896806672005,0.791827558672288,16,0.03289243266302722,0.16178663378918778,0.09128851621798793,0.018926312616931472,0.07963520222841525,0.09830371622461785,6.476447524340818e-05,29,145,0.06689725988446096,0.228120778861325,True,True,True,1.904801140905386e-08,COMPLETE
1177,0.42273554801940916,2025-04-15 15:48:12.477490,2025-04-15 15:48:22.953149,0 days 00:00:10.475659,0.49954611343743915,0.7660102329365525,16,0.027862222674164105,0.14960422690925368,0.09133298452027024,0.010556440285589483,0.07527516080815652,0.09989272529901666,7.477038779028666e-05,29,142,0.0654238544088097,0.20273739936344215,True,True,True,2.4753743613524104e-08,COMPLETE
1178,0.42390887737274174,2025-04-15 15:48:23.335910,2025-04-15 15:48:34.113251,0 days 00:00:10.777341,0.5156190962814277,0.7813390880018131,16,0.020117609600330547,0.15474132824883696,0.0930498904478651,0.015544933498296637,0.07485555613745988,0.09679688939044392,9.152144243938894e-05,30,147,0.062260778657745486,0.2240028486634935,True,True,True,2.3973809687791986e-08,COMPLETE
1179,0.4289159536361694,2025-04-15 15:48:34.494055,2025-04-15 15:48:45.019349,0 days 00:00:10.525294,0.48464334845596724,0.8128047506472893,16,0.025869545763782777,0.16300019675268784,0.09340315142667671,0.01699624274830303,0.07702515920041744,0.09786457402749918,7.546563195842569e-05,30,139,0.06179377606161548,0.20650796619774134,True,True,True,1.8565572721394474e-08,COMPLETE
1180,0.40484945774078374,2025-04-15 15:48:45.405170,2025-04-15 15:48:55.997311,0 days 00:00:10.592141,0.49606321487643734,0.8121956814112098,16,0.03577627514981428,0.1440827397329133,0.093673860434712,0.017439716121129992,0.08009685645612709,0.0979669782247116,6.776703945467091e-05,30,140,0.06471512612281494,0.20902511243401461,True,True,True,1.8585136788391266e-08,COMPLETE
1181,0.41532636880874635,2025-04-15 15:48:56.385882,2025-04-15 15:49:06.949554,0 days 00:00:10.563672,0.5116474228821484,0.7974882893286639,16,0.03195329951181945,0.1623428199750077,0.09400605791874102,0.012610083424327533,0.07794375792970032,0.09821923412481044,6.0885240687030504e-05,30,138,0.06844235592300171,0.2161678694974456,True,True,True,1.9169301798646797e-08,COMPLETE
1182,0.4244554162025451,2025-04-15 15:49:07.341536,2025-04-15 15:49:17.735069,0 days 00:00:10.393533,0.5226414621747213,0.8153829672938011,16,0.027063837033026304,0.15382353030440024,0.09128236401890381,0.016008323652219967,0.07646210417869355,0.09679346099895805,5.1872970875960783e-05,29,139,0.06395265250985176,0.20622722428893664,True,True,True,1.6797268040863636e-08,COMPLETE
1183,0.4142928838729858,2025-04-15 15:49:18.118921,2025-04-15 15:49:28.614797,0 days 00:00:10.495876,0.49030398027217187,0.7852760164394591,16,0.04032503733697136,0.1594767149859768,0.03944246895529383,0.014210148459545113,0.08003372364258807,0.09819844861041727,3.6636601844328165e-05,29,141,0.062071416109517524,0.19978973348118817,True,True,True,1.6118754803160235e-08,COMPLETE
1184,0.40590472221374513,2025-04-15 15:49:29.004451,2025-04-15 15:49:39.632641,0 days 00:00:10.628190,0.48152271497533733,0.8122192660290042,16,0.03358037908343333,0.1475611716291532,0.09362853970533608,0.018018181041926033,0.08057560500165557,0.09610124724121481,7.57405557849387e-05,30,138,0.06727403382671676,0.2108476361442044,True,True,True,2.4799502685447288e-08,COMPLETE
1185,0.24400900602340697,2025-04-15 15:49:40.018880,2025-04-15 15:49:50.665208,0 days 00:00:10.646328,0.5258677897750452,0.7972780336633536,16,0.08537380048532858,0.16263848871563016,0.09120777872537411,0.01608793934891278,0.0752977506894122,0.09838302578919067,9.630094333260249e-05,30,143,0.06373736322783918,0.21859907268357662,True,True,True,2.024213492634939e-08,COMPLETE
1186,0.25422853231430054,2025-04-15 15:49:51.053276,2025-04-15 15:50:01.704026,0 days 00:00:10.650750,0.14976174495291322,0.7715658154669993,16,0.027589086342337914,0.15481466359042362,0.09355967223300428,0.019885692396889722,0.07731279410572799,0.09981650004041075,7.221933368834634e-05,29,147,0.0612738983375972,0.20060166294470816,True,True,True,4.583258470188332e-06,COMPLETE
1187,0.2048193633556366,2025-04-15 15:50:02.091022,2025-04-15 15:50:12.711436,0 days 00:00:10.620414,0.4972156871392116,0.7743793365065597,16,0.027173606479970618,0.16537443362297655,0.09399140864946844,0.018739790157195648,0.08062781006999196,0.09604915977156982,5.180348693087011e-05,30,144,0.01364590080443552,0.20762847201071544,True,True,True,2.6473262832368196e-06,COMPLETE
1188,0.24227765202522278,2025-04-15 15:50:13.102576,2025-04-15 15:50:23.502028,0 days 00:00:10.399452,0.4514543837452807,0.8140802824547426,16,0.03543820152635832,0.16003485688467742,0.091259734241842,0.017293203513273316,0.07898391019097233,0.09822879391639805,6.207822284159598e-05,29,141,0.06250677195141473,0.199956778282307,True,True,False,1.4617795590124567e-08,COMPLETE
1189,0.4224603652954102,2025-04-15 15:50:23.895922,2025-04-15 15:50:34.677052,0 days 00:00:10.781130,0.48012871623834513,0.7931840085083703,16,0.019971268350869015,0.1646551296496129,0.09365039131674374,0.01970519947446022,0.08066864811395257,0.09553766905712867,6.498157731874753e-05,30,148,0.0659234192900505,0.2056856987431318,True,True,True,2.0233414579072463e-08,COMPLETE
1190,0.42585426568984985,2025-04-15 15:50:35.068308,2025-04-15 15:50:45.461904,0 days 00:00:10.393596,0.5272796869122278,0.7680795982746965,16,0.026099956627569608,0.16895895070943515,0.09151691787541658,0.02019949703134774,0.07837236481788505,0.09681117606379053,6.955912097509061e-05,29,139,0.06146426424411259,0.21502269304409002,True,True,True,2.7201131138897067e-08,COMPLETE
1191,0.41118112802505496,2025-04-15 15:50:45.851828,2025-04-15 15:50:56.577853,0 days 00:00:10.726025,0.510951413446049,0.7567486576848879,16,0.04108171626763917,0.1556277856042958,0.09401202337517685,0.01308328045909041,0.0744414194921842,0.09787210574745366,6.494351268585313e-05,30,143,0.06463467269916454,0.1982096866125053,True,True,True,1.6955980905378347e-08,COMPLETE
1192,0.4226574063301086,2025-04-15 15:50:56.968950,2025-04-15 15:51:07.274174,0 days 00:00:10.305224,0.47266769696762484,0.7882451293922462,16,0.032351405564791345,0.16050403242606004,0.09474072878273958,0.011814559802202267,0.07678830196975527,0.09975500326570036,0.00010388306713074064,29,137,0.0612062995946674,0.19916179966926942,True,True,True,2.284137024966137e-08,COMPLETE
1193,0.4233287930488587,2025-04-15 15:51:07.663876,2025-04-15 15:51:18.137334,0 days 00:00:10.473458,0.504134682478631,0.8135434713092673,16,0.02142734167431683,0.1489540075328945,0.09084479399749704,0.017821094851012794,0.08069614003051283,0.05819493058581898,8.203121666337446e-05,28,148,0.06318579993327415,0.21000096481289687,True,True,True,1.5232069667126202e-08,COMPLETE
1194,0.4267269611358643,2025-04-15 15:51:18.528916,2025-04-15 15:51:29.318156,0 days 00:00:10.789240,0.522790947225873,0.7512806637228144,16,0.03736809621272165,0.16815717263071847,0.09323693178425128,0.01429084049527713,0.08032029019501143,0.0952006439506186,9.366198685047706e-05,30,145,0.06088527260501808,0.2044272902750819,True,True,True,1.987270031047059e-08,COMPLETE
1195,0.4217570781707764,2025-04-15 15:51:29.710619,2025-04-15 15:51:40.347210,0 days 00:00:10.636591,0.45348049230922527,0.8130946667380113,16,0.0264480693600496,0.16665915697055958,0.09491401023357933,0.015433684625639741,0.07722405826286158,0.09675855351624858,8.490756815026183e-05,30,142,0.06619561714027913,0.19606381375685644,True,True,True,2.937376909100092e-08,COMPLETE
