number,value,datetime_start,datetime_complete,duration,params_alpha-eval,params_alpha-train,params_batch-size,params_eps-eval,params_eps-train,params_lambda-actions-eval,params_lambda-actions-train,params_lambda-frames-eval,params_lambda-frames-train,params_learning-rate,params_n-epochs,params_n-frames,params_radius-gw,params_rho,params_std-feats,params_ub-actions,params_ub-frames,params_weight-decay,state
841,0.36680485010147096,2025-04-15 03:47:52.984430,2025-04-15 03:48:16.982258,0 days 00:00:23.997828,0.04221649813276037,0.41158365829652604,8,0.020998395889216703,0.0060329982876577,0.018085337059757907,0.05997077998983419,0.02300692120610971,0.07110700403992051,0.00021651077649626106,16,26,0.013773720069658745,0.015002454439363402,True,True,True,9.721992269539183e-07,COMPLETE
842,0.18795708417892457,2025-04-15 03:48:17.258602,2025-04-15 03:48:48.874278,0 days 00:00:31.615676,0.03176481543147271,0.3833695965184657,8,0.006131392433477656,0.12754593071232168,0.035268403419595265,0.08209281087730137,0.02005570998002939,0.0698650980877185,0.0005487215961880386,27,23,0.005728239208318093,0.005763936642360227,True,True,True,4.4826259954419116e-07,COMPLETE
843,0.18795708417892457,2025-04-15 03:48:49.133342,2025-04-15 03:49:10.510058,0 days 00:00:21.376716,0.010356507012640199,0.45999779362945326,8,0.1766736867415756,0.010887841823009177,0.027393078502312564,0.09992662025829428,0.02818453433757615,0.07564108129394226,0.00030058390050356786,13,19,0.010600699505167012,0.013884381629590744,True,True,True,3.2292419406812173e-07,COMPLETE
844,0.3445177555084229,2025-04-15 03:49:10.786719,2025-04-15 03:49:33.114796,0 days 00:00:22.328077,0.05171655780209683,0.43289958034931647,8,0.16282467375710774,0.0066777553017438734,0.030722866392060535,0.07505239279697196,0.017776144301012573,0.07259940553452603,0.0004123296078389363,14,13,0.024340110168770395,0.019573831107802912,True,True,True,2.1469482090188025e-07,COMPLETE
845,0.455563235282898,2025-04-15 03:49:33.390387,2025-04-15 03:49:54.583942,0 days 00:00:21.193555,0.010248253090117428,0.3659786720402186,8,0.17067459477431962,0.016765771628242155,0.023649606045731957,0.0788515962926125,0.02110898727185445,0.07812971550342787,0.0006365519773508395,12,25,0.01914674563257318,0.007021800920310957,True,True,True,5.538742199972673e-07,COMPLETE
846,0.19904295802116395,2025-04-15 03:49:54.846392,2025-04-15 03:50:16.484281,0 days 00:00:21.637889,0.650626658424732,0.48295873726869526,8,0.15339459542932093,0.005817621085166595,0.029342616856513206,0.08559042930041655,0.031195468843348166,0.08476187383844404,0.00024730749564499103,13,16,0.02133296746721763,0.011599413144542419,True,True,True,2.725237356812467e-07,COMPLETE
847,0.38450658321380615,2025-04-15 03:50:16.758288,2025-04-15 03:50:40.977376,0 days 00:00:24.219088,0.033183141452313464,0.4009333178924935,8,0.15926927288369466,0.01128326789658739,0.033160067273094396,0.09317280303902446,0.015284522750515115,0.06815737975206182,0.0004954896072146537,16,21,0.0074212749305426606,0.19841526283845623,True,True,True,7.667181558863448e-07,COMPLETE
848,0.4509886980056763,2025-04-15 03:50:41.256154,2025-04-15 03:51:05.976476,0 days 00:00:24.720322,0.05871333898181025,0.42264320141812767,8,0.04788268827179233,0.005872322861013213,0.025473919466359452,0.06195018817088133,0.024115314852677608,0.07469203525121054,0.00035980093326283406,17,28,0.01746083611903222,0.0014637068268333843,True,True,True,3.7798864623246414e-07,COMPLETE
849,0.36206754446029665,2025-04-15 03:51:06.238961,2025-04-15 03:51:28.733631,0 days 00:00:22.494670,0.0318004321931247,0.4531520111831089,8,0.17678322700589516,0.017317789701116977,0.027352177282886872,0.08883722572508664,0.02661895933135168,0.07000741055249332,0.00043988969172258254,14,23,0.02299197900177416,0.01929134510539847,True,True,True,2.0232970545791446e-07,COMPLETE
850,0.525603461265564,2025-04-15 03:51:29.010046,2025-04-15 03:51:51.595951,0 days 00:00:22.585905,0.04221377843341088,0.3254998237851705,8,0.034425559518121096,0.010643952493736142,0.031134965357046504,0.0965685588134471,0.02269356875839192,0.08124546168773411,0.0002896116820543168,14,18,0.014327702831846052,0.0012111855506277414,True,True,True,2.9018279586998934e-07,COMPLETE
851,0.18795708417892457,2025-04-15 03:51:51.872481,2025-04-15 03:52:15.061737,0 days 00:00:23.189256,0.02794354702604305,0.3535094780471949,8,0.16647216695715483,0.1138554601871726,0.02200640830893796,0.09801832122465572,0.019778464171832787,0.0880831818285239,0.0002152071078900536,15,21,0.026313832567161678,0.011155354576623235,True,True,True,1.70551892585832e-07,COMPLETE
852,0.18795708417892457,2025-04-15 03:52:15.324376,2025-04-15 03:52:40.205174,0 days 00:00:24.880798,0.05731384326043176,0.9848862784036272,8,0.15209111846186874,0.08804040748415055,0.016425156393236925,0.08311142212834217,0.025454696729176503,0.07247874319258293,0.00033219793531982805,18,13,0.0032054724789902277,0.00652720773723029,True,True,True,4.820150915681839e-07,COMPLETE
853,0.4464590430259705,2025-04-15 03:52:40.480428,2025-04-15 03:53:01.621120,0 days 00:00:21.140692,0.010106904721695974,0.4376693843299016,8,0.17111885100177848,0.005612268099509793,0.02422894592097528,0.07620346832671628,0.017915286211463776,0.07798119123757252,0.0005153352903632541,12,26,0.012251583932696142,0.015250678552001153,True,True,True,1.1075047554520915e-06,COMPLETE
854,0.36405572891235355,2025-04-15 03:53:01.899322,2025-04-15 03:53:23.537666,0 days 00:00:21.638344,0.04154264486609861,0.4732020478921449,8,0.1627057343776854,0.00554830032007908,0.034014033085274425,0.0802044720315361,0.021034138378808697,0.07397756282871476,0.000636029315315753,13,17,0.010057952074444352,0.010530961385414976,True,True,True,2.2774828904627576e-07,COMPLETE
855,0.5219384789466858,2025-04-15 03:53:23.816000,2025-04-15 03:53:45.647616,0 days 00:00:21.831616,0.05922348739530766,0.3886299380729068,8,0.17807679700232593,0.016535262751204222,0.019336016126789795,0.07346171822561358,0.02424433437631921,0.06746012296855931,0.00041134760346053697,13,24,0.02032381160225397,0.020394789114446202,True,True,True,3.804967786122054e-07,COMPLETE
856,0.39446699619293213,2025-04-15 03:53:45.911753,2025-04-15 03:54:08.499023,0 days 00:00:22.587270,0.010389499383051335,0.41201048696529363,8,0.05790166133093121,0.000471094082772346,0.02868922226570698,0.07788911640065178,0.015759438357702805,0.07059366661912533,0.0002385225977688191,14,22,0.025052139843229588,0.007506121172324009,True,True,True,3.040764188081721e-07,COMPLETE
857,0.30410028100013736,2025-04-15 03:54:08.780086,2025-04-15 03:54:32.432228,0 days 00:00:23.652142,0.029327735304968558,0.45480627840606036,8,0.07770373575014602,0.01121271284063127,0.013757804270554147,0.09227279458240158,0.028757812726097096,0.08374231605237092,0.0002779044501483471,12,140,0.005970387695321933,0.014691997811994971,True,True,True,6.3934176202525e-07,COMPLETE
858,0.35659106969833376,2025-04-15 03:54:32.714122,2025-04-15 03:54:54.575596,0 days 00:00:21.861474,0.03077521726655933,0.37501792791379107,8,0.01744675052096284,0.0055671527642320836,0.035611272608889404,0.06728285207380659,0.019321363569697565,0.0797360982978053,0.0003455150712881173,13,19,0.022275597411764214,0.21200268542179843,True,True,True,1.7518728877505522e-07,COMPLETE
859,0.4423839330673218,2025-04-15 03:54:54.842305,2025-04-15 03:55:18.057466,0 days 00:00:23.215161,0.04710157795259247,0.4269229429789448,8,0.1589179010640739,0.011411821465673232,0.031814819103208124,0.08770730170674802,0.02206442018249345,0.0766036716524179,0.0006715034103529109,15,28,0.00880054220910505,0.005211451784546476,True,True,True,8.78298005294249e-07,COMPLETE
860,0.18795708417892457,2025-04-15 03:55:18.336263,2025-04-15 03:55:40.289293,0 days 00:00:21.953030,0.030012397195643862,0.4005071000922412,8,0.18210021072623703,0.01735112677315056,0.0268840187996187,0.08518490939904012,0.026759563698809937,0.06998444476192074,0.00047831971927936144,14,11,0.027983994015807208,0.011851868590064624,True,True,True,2.4882554424196006e-07,COMPLETE
861,0.4215775847434998,2025-04-15 03:55:40.571076,2025-04-15 03:56:01.798406,0 days 00:00:21.227330,0.05822879236507397,0.4772379623746792,8,0.16669720208070038,0.0005162933833722239,0.029932836094960256,0.09996394943178222,0.048002561112889724,0.0735148189885846,0.0004023435507667856,12,16,0.018880509844429617,0.001419147388930351,True,True,True,4.451571047869348e-07,COMPLETE
862,0.49873989820480347,2025-04-15 03:56:02.064496,2025-04-15 03:56:24.167653,0 days 00:00:22.103157,0.028738704086539744,0.4351405810301356,8,0.08211811730580483,0.010912458096061494,0.025853208379249662,0.09009320798577955,0.02291551946608757,0.06738720496854783,0.0002538007530253719,13,25,0.02376967535000788,0.01941861358231954,True,True,True,5.722320939394483e-07,COMPLETE
863,0.3137083232402802,2025-04-15 03:56:24.445688,2025-04-15 03:57:19.176896,0 days 00:00:54.731208,0.04446245253310537,0.41604067030838454,2,0.174095231999072,0.00562726382993628,0.022817620941333494,0.09478391350511198,0.01786349414611307,0.07159002249571873,0.0005675627431873283,14,20,0.015179171808844977,0.006858814185482542,True,True,True,3.444455621676639e-07,COMPLETE
864,0.5528007507324219,2025-04-15 03:57:19.458793,2025-04-15 03:57:41.074617,0 days 00:00:21.615824,0.026977938761319355,0.455120183422607,8,0.1520025898098685,0.000345373456608137,0.03277933052920179,0.08131995554615153,0.025145433959713727,0.07558573055438009,0.00031231788014986727,13,22,0.021527261098506407,0.014256187040663794,True,True,True,1.6448341787779785e-07,COMPLETE
865,0.18795708417892457,2025-04-15 03:57:41.357645,2025-04-15 03:58:04.566950,0 days 00:00:23.209305,0.06254288208667157,0.4499083137600529,8,0.15103405790844635,0.24356123841854888,0.03535351823448631,0.08076978320611264,0.025723095875287854,0.07557448365848188,0.00034131244652402563,15,28,0.017804123476610825,0.020865730367442447,True,True,True,1.8035054219613734e-07,COMPLETE
866,0.5479756116867066,2025-04-15 03:58:04.838155,2025-04-15 03:58:27.591981,0 days 00:00:22.753826,0.05679300943258369,0.38749147534579714,8,0.05166606603722737,0.005205950302580007,0.033312613450275606,0.07861476272938771,0.02892906993241102,0.07699773032981543,0.0003768473443709638,14,24,0.019517003868675234,0.00636599418302033,True,True,True,1.7856371213115042e-07,COMPLETE
867,0.4961715936660767,2025-04-15 03:58:27.870824,2025-04-15 03:58:50.638793,0 days 00:00:22.767969,0.060226273703754045,0.36403746428410716,8,0.046046796871032775,0.017512510593111746,0.03641007138406733,0.0565612701761293,0.03139938826337668,0.07921819021789316,0.00047089159584997865,14,27,0.019868055854042395,0.015976652941794962,True,True,True,1.6354783364505255e-07,COMPLETE
868,0.5776188611984253,2025-04-15 03:58:50.923167,2025-04-15 03:59:13.012274,0 days 00:00:22.089107,0.06016044845096771,0.4386987488000381,8,0.03538999413252529,0.0001804492737049069,0.03350171044015734,0.07890591386383576,0.02874773050130142,0.07725980706560069,0.00040933607028319745,13,29,0.017235278346349015,0.010195360210755473,True,True,True,1.424710838210705e-07,COMPLETE
869,0.4447954535484314,2025-04-15 03:59:13.281857,2025-04-15 03:59:34.560796,0 days 00:00:21.278939,0.0660737734360887,0.4146338314444618,8,0.041646196480271375,0.0006512725291509432,0.03437932999419149,0.07845003432709463,0.03198191559399477,0.07834263550785797,0.00040428735338704025,12,28,0.0206001544469629,0.23270890233662025,True,True,True,1.5857864398722228e-07,COMPLETE
870,0.4432119250297547,2025-04-15 03:59:34.845312,2025-04-15 03:59:57.322110,0 days 00:00:22.476798,0.06201318415538128,0.34551896649542957,8,0.02766799328630739,0.0110442042004408,0.03299073733158207,0.07681597326063058,0.028193595071601782,0.08071747785997127,0.00030527031975037755,13,30,0.017549756670173278,0.021304600573464293,True,True,True,1.4827138923954518e-07,COMPLETE
871,0.5819664359092713,2025-04-15 03:59:57.607078,2025-04-15 04:00:19.782285,0 days 00:00:22.175207,0.061529769614222206,0.38622035630028856,8,0.06476625285805614,0.00032006618956905136,0.03634538819818745,0.0796169086621118,0.034173149676102445,0.07746788739214004,0.00040751420618295557,13,29,0.018315277314766794,0.01573373052167754,True,True,True,1.438097253813186e-07,COMPLETE
872,0.43901543617248534,2025-04-15 04:00:20.068942,2025-04-15 04:00:41.588209,0 days 00:00:21.519267,0.06273748252785245,0.3859260073190194,8,0.0513192595226841,0.000281520064422152,0.03554777507217749,0.08063590023743723,0.03335265704547087,0.07811474464891485,0.00039891373844864737,12,30,0.01704726169398653,0.018340729118936056,True,True,True,1.4721174803948084e-07,COMPLETE
873,0.4411018610000611,2025-04-15 04:00:41.859475,2025-04-15 04:01:03.291156,0 days 00:00:21.431681,0.06217971432100111,0.3731215783879238,8,0.05369714859006624,0.010193871169793055,0.036498299242620276,0.07888367340977098,0.03254044985563642,0.08125147829741702,0.0003056295467142082,12,31,0.01873661572829861,0.02116642670765283,True,True,True,1.8423144370339267e-07,COMPLETE
874,0.4414227485656739,2025-04-15 04:01:03.575717,2025-04-15 04:01:25.518567,0 days 00:00:21.942850,0.06450506562702021,0.3514074283744733,8,0.03730679204503481,0.005599188304697652,0.034271326219149245,0.0813743328030424,0.028445243346399227,0.07692263905880915,0.00036023041270534506,13,30,0.015171108308488425,0.015936847437530904,True,True,True,1.444189359825417e-07,COMPLETE
875,0.4706794857978821,2025-04-15 04:01:25.805320,2025-04-15 04:01:47.988206,0 days 00:00:22.182886,0.047513047660786935,0.331968763142938,8,0.05381956180769851,0.00027485282120532674,0.033059246213554785,0.07760897174619459,0.03554015997469467,0.0791203904154175,0.0004455981676566141,13,28,0.0196482431455764,0.021700321913456097,True,True,True,1.50376043568223e-07,COMPLETE
876,0.4864958763122559,2025-04-15 04:01:48.276644,2025-04-15 04:02:09.627764,0 days 00:00:21.351120,0.0495477743591875,0.3935490186267695,8,0.043661460315898265,0.010765549997504639,0.03761257171620578,0.07573965260534282,0.025617988440601213,0.08188909841230783,0.00029633513896028225,12,26,0.013596682980682968,0.014426211521664406,True,True,True,1.5358686839223312e-07,COMPLETE
877,0.4414499521255494,2025-04-15 04:02:09.899475,2025-04-15 04:02:31.903795,0 days 00:00:22.004320,0.06548369454082738,0.36975924502138174,8,0.06199815936378292,0.017116411009242546,0.03293551181469153,0.08188409080061294,0.0309472693871366,0.08030447858363018,0.00031567052839798736,13,28,0.017393525744131524,0.012126177119278441,True,True,True,1.9515155498265824e-07,COMPLETE
878,0.5060607552528382,2025-04-15 04:02:32.189112,2025-04-15 04:02:53.671447,0 days 00:00:21.482335,0.0420392553537258,0.31085006686093974,8,0.035181543679212265,0.005946151792478157,0.03650184828254002,0.0749751026411387,0.030267777722443923,0.07693048777243508,0.0003854935708915856,12,29,0.021219922100947645,0.021616606780871007,True,True,True,1.424494366856049e-07,COMPLETE
879,0.46592788696289067,2025-04-15 04:02:53.959428,2025-04-15 04:03:15.913826,0 days 00:00:21.954398,0.04607447629750779,0.3952167171085242,8,0.06255363996220423,0.012084861247423926,0.03469016689387235,0.07896552600533181,0.03371322025225538,0.08279269835730069,0.0004613646615252395,13,25,0.011272063725588682,0.015689118164174738,True,True,True,1.9086174888348206e-07,COMPLETE
880,0.5433507561683655,2025-04-15 04:03:16.186041,2025-04-15 04:03:41.014398,0 days 00:00:24.828357,0.06648916807795781,0.4106405016640764,8,0.04132476361696093,0.008294734448239137,0.0316571233159202,0.07965520711637063,0.03025600722950304,0.07717821200621315,0.0002691326404236471,17,24,0.00701225095576033,0.011010977616753357,True,True,True,2.0619074730502687e-07,COMPLETE
881,0.5542527079582215,2025-04-15 04:03:41.298186,2025-04-15 04:04:03.552821,0 days 00:00:22.254635,0.06547397873197844,0.40877967255666325,8,0.03663709760397916,0.01803853749814193,0.03217227048152246,0.08263415025644849,0.028868307006482626,0.0786754844012346,0.00026514701472468363,13,24,0.018983508083820044,0.02004491357279333,True,True,True,1.60840794285895e-07,COMPLETE
882,0.3911786437034607,2025-04-15 04:04:03.838464,2025-04-15 04:04:26.010571,0 days 00:00:22.172107,0.06491951322418943,0.4395349652731888,8,0.050652947545850785,0.02096907698412279,0.0325438857210668,0.0829257413570624,0.03433355215193818,0.07991077217239881,0.00021729112293964966,13,23,0.018630146267911006,0.02212165185243501,True,True,True,1.5780176747116952e-07,COMPLETE
883,0.18795708417892457,2025-04-15 04:04:26.300290,2025-04-15 04:05:18.357094,0 days 00:00:52.056804,0.07056300874382106,0.4164729738039345,2,0.0365150969556172,0.01724303494063418,0.032302104833297915,0.08002041703346331,0.030929430981957436,0.0833096317293926,0.0002579745429564297,13,26,0.015066239953565857,0.02033321180465219,True,True,True,1.3382188376280568e-07,COMPLETE
884,0.18795708417892457,2025-04-15 04:05:18.632582,2025-04-15 04:05:41.020929,0 days 00:00:22.388347,0.07114202676637679,0.4622628683877261,8,0.03809688103954526,0.01698299589839575,0.0348238765564722,0.07720728499240731,0.030916186413084593,0.08662435708575587,0.00027011708285206505,12,109,0.01997095220792281,0.021622087219025005,True,True,True,2.2572401955655298e-07,COMPLETE
885,0.18795708417892457,2025-04-15 04:05:41.308990,2025-04-15 04:06:02.520336,0 days 00:00:21.211346,0.06888660732035472,0.4960769070397098,8,0.04235249767891353,0.019470350342128767,0.03212469974353664,0.08203364243378981,0.029150950002163573,0.07665562946700975,0.00020400059990655485,12,23,0.016906319642335865,0.016853758927641068,True,True,True,1.6314390041252434e-07,COMPLETE
886,0.5854984998703003,2025-04-15 04:06:02.808473,2025-04-15 04:06:25.051202,0 days 00:00:22.242729,0.06769769072706339,0.4376399618585407,8,0.04894839163003137,0.014412055828677009,0.036985616387982506,0.07443073892676044,0.030175898942645454,0.07875510759496075,0.00029070291994195665,13,29,0.020860834262141952,0.011477847043702326,True,True,True,2.0954046441696753e-07,COMPLETE
887,0.20690433979034423,2025-04-15 04:06:25.329616,2025-04-15 04:06:47.226245,0 days 00:00:21.896629,0.9660879329036842,0.4577327271003242,8,0.043955354539226464,0.020564376115337082,0.03725707188984899,0.07351627199276652,0.030280412945163575,0.0794972158633684,0.00026611803871977665,13,31,0.021273364056999946,0.021924208810479746,True,True,True,2.013671330192716e-07,COMPLETE
888,0.18795708417892457,2025-04-15 04:06:47.512571,2025-04-15 04:07:08.627793,0 days 00:00:21.115222,0.06661884023960524,0.9359373094080803,8,0.032484116065489385,0.019556280887081022,0.03708312621825465,0.07554203263509648,0.03163232902773881,0.08232946420451226,0.00021386661360610923,12,30,0.01917279929475559,0.0171376626916576,True,True,True,1.95885325007446e-07,COMPLETE
889,0.5821309089660645,2025-04-15 04:07:08.926699,2025-04-15 04:07:30.890593,0 days 00:00:21.963894,0.5846427550747526,0.43947671354287926,8,0.02722963571048946,0.015373221849341291,0.034535299195157826,0.07392417686572868,0.03385609224939127,0.08006539829340217,0.00032969080242199554,13,27,0.021494220041208958,0.013267953804551277,True,True,True,1.362076037598925e-07,COMPLETE
890,0.18795708417892457,2025-04-15 04:07:31.179620,2025-04-15 04:07:52.957846,0 days 00:00:21.778226,0.617452673805089,0.43239421923503496,8,0.026542785712610054,0.1660086410902289,0.03618291775896734,0.07175442210285696,0.03392129434182787,0.08047045206327831,0.0003373008087167022,13,31,0.019423156209228774,0.019626745161682356,True,True,True,1.348683976735539e-07,COMPLETE
891,0.43480348587036133,2025-04-15 04:07:53.234877,2025-04-15 04:08:15.008419,0 days 00:00:21.773542,0.6471686876569498,0.43827153662916724,8,0.02181760326848088,0.01951715747196432,0.03450864228731724,0.0735029360945168,0.03824238540174945,0.08475034065698055,0.0003381464394722971,12,30,0.020993431335704613,0.01636136866429507,True,True,True,1.3014345199381666e-07,COMPLETE
892,0.5564378619194031,2025-04-15 04:08:15.296402,2025-04-15 04:08:37.377821,0 days 00:00:22.081419,0.07349147509444057,0.4198513830315309,8,0.02745913884897426,0.015412588798991874,0.035240628381989644,0.07691280056878703,0.03654576350614623,0.08186614382086901,0.00029489729358508893,13,28,0.017299441575485273,0.022707399229518123,True,True,True,1.6157008551356177e-07,COMPLETE
893,0.3968998432159424,2025-04-15 04:08:37.668112,2025-04-15 04:08:59.064794,0 days 00:00:21.396682,0.07665040124109457,0.44376438842846755,8,0.03089942075404941,0.01849212528962549,0.03712987861231709,0.07136007481481868,0.03425589664111907,0.08220450291035414,0.0002468168705355172,12,32,0.016416964709471966,0.02230452442499329,True,True,True,1.6095455507237142e-07,COMPLETE
894,0.40537467002868655,2025-04-15 04:08:59.356680,2025-04-15 04:09:25.294584,0 days 00:00:25.937904,0.4695873487356844,0.4273387692637346,8,0.024296976444159013,0.01698833896926557,0.035114084207212064,0.07453809981250246,0.03132650396739819,0.08455814105744196,0.0002838109906587473,18,33,0.01733731550622997,0.021396915540784905,True,True,True,1.281603320188097e-07,COMPLETE
895,0.5094865441322327,2025-04-15 04:09:25.571829,2025-04-15 04:09:47.548847,0 days 00:00:21.977018,0.53525367452539,0.46001697326280216,8,0.04901257624035383,0.020050109618389742,0.035650246808869746,0.06849154749284256,0.033820362062540126,0.07979278408568345,0.00021594079871680642,13,29,0.01485796121638087,0.023211305643662854,True,True,True,1.5545045163248136e-07,COMPLETE
896,0.5455349922180176,2025-04-15 04:09:47.837799,2025-04-15 04:10:09.890595,0 days 00:00:22.052796,0.33437006833765026,0.4156172912437217,8,0.027103415680201262,0.016126554199040646,0.03379899012647949,0.07560590731959226,0.03625287796043953,0.08187952781064013,0.00031391525257275314,13,28,0.017901957632735933,0.023731147690669963,True,True,True,1.758675712038743e-07,COMPLETE
