number,value,datetime_start,datetime_complete,duration,params_alpha-eval,params_alpha-train,params_batch-size,params_eps-eval,params_eps-train,params_lambda-actions-eval,params_lambda-actions-train,params_lambda-frames-eval,params_lambda-frames-train,params_learning-rate,params_n-epochs,params_n-frames,params_radius-gw,params_rho,params_std-feats,params_ub-actions,params_ub-frames,params_weight-decay,state
1795,0.18795708417892457,2025-04-15 11:02:17.547451,2025-04-15 11:02:45.007081,0 days 00:00:27.459630,0.5989108909260796,0.3945744827051243,8,0.05366380389914222,0.1254628770471587,0.03742721343137444,0.078267014189388,0.036005370376878405,0.09098718404596437,0.0001653963840660455,21,36,0.020089078611533934,0.01420007634559719,True,True,True,5.530179272002898e-07,COMPLETE
1796,0.3995208501815796,2025-04-15 11:02:45.603998,2025-04-15 11:03:13.993538,0 days 00:00:28.389540,0.6062797865227835,0.3733600048552925,8,0.05980471400288708,0.034284289737812404,0.03401182736820439,0.07643933418997537,0.033316049170800076,0.08236109847120897,0.00011171286059214486,22,33,0.019832780363017246,0.00692250538943226,True,True,True,1.0169596584500165e-06,COMPLETE
1797,0.18795708417892457,2025-04-15 11:03:14.573304,2025-04-15 11:03:42.293240,0 days 00:00:27.719936,0.6278151424118491,0.4119490169962359,8,0.04118240664196895,0.040745422794478056,0.03964208968686119,0.08091038070372496,0.043334094580521454,0.08419413628646122,0.0001506971926583243,21,31,0.02330185363543461,0.010521250735613469,True,True,True,8.177892206885748e-07,COMPLETE
1798,0.3971728444099426,2025-04-15 11:03:42.870431,2025-04-15 11:04:10.574182,0 days 00:00:27.703751,0.6669071331035971,0.3196609751561894,8,0.047920236415321,0.016187879445000893,0.037196618246387356,0.07917726543281542,0.040808509572303676,0.08065459684974999,0.0001607236721577997,21,32,0.021589880933536216,0.0011534984146217026,True,True,True,1.1775604420575627e-06,COMPLETE
1799,0.4471864461898804,2025-04-15 11:04:11.170386,2025-04-15 11:04:39.757580,0 days 00:00:28.587194,0.6094987503870818,0.2716600333559627,8,0.05527549823870814,0.022938127340496793,0.043341888445115315,0.08487387995947862,0.03188849497609239,0.08684257331975988,0.00012034048176572595,22,36,0.019672765749215382,0.016856797949818994,True,True,True,7.382446993015209e-07,COMPLETE
1800,0.3519001960754395,2025-04-15 11:04:40.338199,2025-04-15 11:05:07.927694,0 days 00:00:27.589495,0.6499328003729248,0.3833942916166053,8,0.06076837906420113,0.0181846984374988,0.03348944010741641,0.0761594957583453,0.037138763236346656,0.08043432422856342,0.0001522782571345399,21,31,0.019569075237881654,0.010565257329696457,True,True,True,1.0650536730340655e-06,COMPLETE
1801,0.35454289913177495,2025-04-15 11:05:08.526990,2025-04-15 11:05:37.943175,0 days 00:00:29.416185,0.5884796143216419,0.35995906226967134,8,0.04599740935076407,0.029341572907828083,0.08212026484059075,0.08271017464081168,0.03451211889765066,0.08476316696648718,0.0001719544898647119,23,38,0.02595172221218519,0.2182466671064306,True,True,True,6.317971966674615e-07,COMPLETE
1802,0.39855780601501467,2025-04-15 11:05:38.523163,2025-04-15 11:06:07.135767,0 days 00:00:28.612604,0.6164798528284638,0.4214813479804202,8,0.05332767451380561,0.013717772811408933,0.038191232256338976,0.07852610561100129,0.03209476081453168,0.08260097533572819,0.00017094837631327913,22,30,0.022556808057812877,0.09666875602360686,True,True,True,9.197489759284132e-07,COMPLETE
1803,0.29316917657852176,2025-04-15 11:06:07.731600,2025-04-15 11:06:35.498518,0 days 00:00:27.766918,0.6262158184035446,0.303252647234918,8,0.06025388367584701,0.02275282603163724,0.03558945896514241,0.07700312237917271,0.03468236228122254,0.08085405338644093,0.00014042330396645276,20,68,0.01946861898407897,0.006211691179979313,True,True,True,1.2350520390055455e-06,COMPLETE
1804,0.4256280899047852,2025-04-15 11:06:36.076614,2025-04-15 11:07:03.962031,0 days 00:00:27.885417,0.6011435912975631,0.3969129199765388,8,0.04066507475546838,0.01433017564110338,0.04169048837950152,0.08048129908378276,0.039207060545272295,0.08364582556322978,0.0001818589587674361,21,34,0.02190790995673089,0.017964702154181368,True,True,True,8.908691670290142e-07,COMPLETE
1805,0.285488361120224,2025-04-15 11:07:04.559209,2025-04-15 11:07:32.858895,0 days 00:00:28.299686,0.6431527641867791,0.33990309011400544,8,0.05141159107049579,0.029000457240177073,0.0339312851813601,0.0839772989862048,0.03695030483452612,0.0803608227398453,0.00011063194704861308,22,30,0.019123270506833306,0.014999601211917894,True,True,True,5.611908911429717e-07,COMPLETE
1806,0.4432945132255554,2025-04-15 11:07:33.440983,2025-04-15 11:08:00.617710,0 days 00:00:27.176727,0.5914981864264368,0.3650545822429016,8,0.062046037617088594,0.018167763096463937,0.03671679904914568,0.07575724818473764,0.03253825309869105,0.08670987578065344,0.00013344163161191266,20,34,0.020711009792810053,0.0010055303046906097,True,True,True,1.23574198670665e-06,COMPLETE
1807,0.36196182966232304,2025-04-15 11:08:01.215697,2025-04-15 11:08:29.093016,0 days 00:00:27.877319,0.6617488640389553,0.4030980650829281,8,0.054917644252712505,0.013922727907527514,0.04030000202842212,0.0778204143767232,0.034880031575612154,0.08863559159801333,0.0001961882163375952,21,42,0.018399766809526708,0.020953792207423654,True,True,True,9.991755468332762e-07,COMPLETE
1808,0.21091648340225222,2025-04-15 11:08:29.696865,2025-04-15 11:09:01.564452,0 days 00:00:31.867587,0.6216871360659023,0.32386786571887766,8,0.04160700279738121,0.02365783505962966,0.034273864388370136,0.08758081739002554,0.03120553908184011,0.08269149635130542,0.00018323536775532052,23,119,0.02414275450445851,0.010255119988916622,True,True,True,1.4056101622837314e-06,COMPLETE
1809,0.3854377746582031,2025-04-15 11:09:02.147530,2025-04-15 11:09:29.388095,0 days 00:00:27.240565,0.5830803697037342,0.3729937054922951,8,0.04903174013786064,0.034566527179102316,0.03629079727485706,0.0803323003308397,0.03716465989339576,0.0797921934614365,0.0001468994625994407,20,30,0.018287038527773265,0.006314136666762463,True,True,True,7.599879459775335e-07,COMPLETE
1810,0.2775669515132904,2025-04-15 11:09:29.989931,2025-04-15 11:09:58.466323,0 days 00:00:28.476392,0.635716152664795,0.2919312911569004,8,0.06525476526984517,0.012736353792934252,0.03896258148333287,0.08190557017457352,0.03349068270223467,0.08550441899781408,0.00018600508425496292,22,32,0.021262661956240818,0.014798106345877705,True,True,True,7.607634036797054e-07,COMPLETE
1811,0.4076879978179932,2025-04-15 11:09:59.050647,2025-04-15 11:10:26.759582,0 days 00:00:27.708935,0.6010933070784859,0.35181793153154706,8,0.058390592369713445,0.017272850882962133,0.03432567260476934,0.07626396755957203,0.030841827340046556,0.08232569301054389,0.00011786827380778209,21,36,0.019337397574346427,0.0011961243058235971,True,True,True,1.3600030017209905e-06,COMPLETE
1812,0.28971166610717775,2025-04-15 11:10:27.363430,2025-04-15 11:10:54.452924,0 days 00:00:27.089494,0.569830018376098,0.419759765725965,8,0.06184588859980856,0.025157733026608512,0.03693457345262115,0.07892608397058377,0.03556323115046459,0.07931073505099215,0.00017306235853894184,20,29,0.022681975830134836,0.02694348078790586,True,True,True,9.816039123849238e-07,COMPLETE
1813,0.47036069631576544,2025-04-15 11:10:55.036773,2025-04-15 11:11:22.759901,0 days 00:00:27.723128,0.581658158596972,0.3882008852610542,8,0.04738657593375087,0.019655308448325894,0.038939996949723846,0.07497680841377502,0.03912569313055756,0.08413545006186368,0.00021370908332810976,21,33,0.025971858618815187,0.010132428017546439,True,True,True,1.4516681416638311e-06,COMPLETE
1814,0.4212138891220093,2025-04-15 11:11:23.365174,2025-04-15 11:12:42.807215,0 days 00:01:19.442041,0.6077607941887139,0.3178597404356674,2,0.06833189873378934,0.013139418209757572,0.037997149329675906,0.07813367775436146,0.03315994579080842,0.08116751918850794,0.00014633814773462017,23,39,0.01838713122867354,0.019183326648784735,True,True,True,1.1473197979954138e-06,COMPLETE
1815,0.4548919320106507,2025-04-15 11:12:43.394427,2025-04-15 11:13:10.170174,0 days 00:00:26.775747,0.5811505450384413,0.27066134408205117,8,0.053320086500494454,0.010149307391037008,0.04310818739061818,0.08159710415960605,0.06195490419618997,0.07902716826432606,0.00010362399208632647,20,28,0.018104441382826717,0.0058054154995338175,True,True,True,5.37944182380803e-07,COMPLETE
1816,0.24588516950607303,2025-04-15 11:13:10.779122,2025-04-15 11:13:39.230992,0 days 00:00:28.451870,0.6406005432225428,0.34759728276733787,8,0.08705577237430973,0.030103320142368762,0.033834076816314625,0.07595779078404488,0.03582964349951511,0.0823132163461272,0.00020762465225736816,22,29,0.023596886973030588,0.014564722474581102,True,True,True,1.1408386936662865e-06,COMPLETE
1817,0.3802778601646424,2025-04-15 11:13:39.816653,2025-04-15 11:14:06.231874,0 days 00:00:26.415221,0.6117231671530488,0.3745365266109861,8,0.05943587741363644,0.020766893081574207,0.03516603637397589,0.07748938381055057,0.03126545085808568,0.08524960516871234,0.00016669280799536422,19,32,0.020984565898527673,0.022828023289709967,True,True,True,1.5547755393073015e-06,COMPLETE
1818,0.18795708417892457,2025-04-15 11:14:06.813254,2025-04-15 11:14:34.621095,0 days 00:00:27.807841,0.6518541556646197,0.2975350926873904,8,0.04090720059991864,0.04523115115909842,0.037251401846242836,0.0846701673399976,0.03378502883574145,0.08084124171153498,0.000219726349911199,21,36,0.018241117476626798,0.010407595709345699,True,True,True,6.603431983826003e-07,COMPLETE
1819,0.4450192213058472,2025-04-15 11:14:35.226355,2025-04-15 11:15:02.206514,0 days 00:00:26.980159,0.5677480892914984,0.40134371405642455,8,0.07388689100398714,0.010123180016715512,0.03332969875029681,0.08054212924272872,0.03730974260340581,0.08819630160151684,0.00012630304734226723,20,27,0.02041612264099995,0.01553172747704043,True,True,True,1.3438738318446596e-06,COMPLETE
1820,0.34946516752243045,2025-04-15 11:15:02.813453,2025-04-15 11:15:31.186893,0 days 00:00:28.373440,0.5560367181151745,0.42758334089919603,8,0.06659474121197041,0.023277674289691113,0.041181512911331444,0.07527653963467114,0.04036036347474989,0.07819259853800345,0.0001803076617137895,22,31,0.017304882153280177,0.006599784663535436,True,True,True,9.043945457469829e-07,COMPLETE
1821,0.5781516432762146,2025-04-15 11:15:31.775380,2025-04-15 11:15:59.689284,0 days 00:00:27.913904,0.6263230374089338,0.3327608569658283,8,0.04689746661585615,0.016092626527487094,0.038826844624206575,0.07913722511644304,0.03025780738595739,0.09186265395651047,0.00020529940737291696,21,34,0.017195312209004072,0.030771885192379098,True,True,True,1.8380979089641442e-06,COMPLETE
1822,0.35482187271118165,2025-04-15 11:16:00.298779,2025-04-15 11:16:30.254264,0 days 00:00:29.955485,0.6689279038167383,0.3652060650634959,8,0.05149218924413723,0.027629766070788174,0.03567555960002103,0.08323241432742433,0.033104587450529764,0.08437909142474367,1.700405633913467e-05,24,25,0.019969135114228345,0.0208734849766783,True,True,True,8.575567607598005e-07,COMPLETE
1823,0.36294127702713014,2025-04-15 11:16:30.845068,2025-04-15 11:17:00.051971,0 days 00:00:29.206903,0.5882399991547538,0.3107521572866068,8,0.055329226712096335,0.010473999694473482,0.03977447422822692,0.07710565372493826,0.03501960720086276,0.07974655099655123,0.0001473083455439459,23,29,0.016989757517813623,0.08209530029906928,True,True,True,1.5691473545129506e-06,COMPLETE
1824,0.3929883003234863,2025-04-15 11:17:00.637206,2025-04-15 11:17:27.330758,0 days 00:00:26.693552,0.5505466537263293,0.3952804541373128,8,0.06300002448407545,0.01919047474743769,0.033513767669755896,0.07940002374741528,0.0388562548766641,0.08182766263363973,0.0002361480696473785,19,38,0.022771816583542933,0.0011746457109565213,True,True,True,1.141029290932561e-06,COMPLETE
1825,0.18795708417892457,2025-04-15 11:17:27.936180,2025-04-15 11:17:54.823459,0 days 00:00:26.887279,0.5870988702518971,0.4239847290122526,8,0.07172061091250374,0.03682813514339812,0.036488109702118805,0.0748047124397184,0.03213512896611465,0.07825018572528834,0.00017645340817476466,20,31,0.019389870276400017,0.010991893669915464,True,True,True,6.38159568531885e-07,COMPLETE
1826,0.18795708417892457,2025-04-15 11:17:55.436698,2025-04-15 11:18:23.079521,0 days 00:00:27.642823,0.6083991835815028,0.3465531456971382,8,0.04043289760629117,0.17349283564462878,0.035332138526764915,0.08018614743112547,0.03667411117154809,0.0832952375897603,0.00012997281826210573,21,27,0.027001604436672256,0.01653587752306129,True,True,True,1.8425172718475996e-06,COMPLETE
1827,0.36116387844085696,2025-04-15 11:18:23.667002,2025-04-15 11:18:52.142787,0 days 00:00:28.475785,0.5403551345404666,0.3827808155471782,8,0.08218530717969305,0.01492629054905012,0.04036173916265733,0.07709828110447307,0.030126366225593358,0.08006065722073029,0.000240843303423658,22,35,0.02095053231495628,0.006152330668327362,True,True,True,1.2976282097328366e-06,COMPLETE
1828,0.4120509266853333,2025-04-15 11:18:52.752961,2025-04-15 11:19:19.549443,0 days 00:00:26.796482,0.49899497348491223,0.27933996595930854,8,0.060186119522035814,0.00878065463131161,0.03569849552476093,0.08633624966970854,0.03448547062289186,0.08659217106324253,0.00016105268190634128,20,25,0.018041062261114345,0.025411042872853493,True,True,True,9.705011741918105e-07,COMPLETE
1829,0.2951990723609924,2025-04-15 11:19:20.136638,2025-04-15 11:19:47.930579,0 days 00:00:27.793941,0.6256765870265346,0.3301874055378745,8,0.06819181726659816,0.025413568728774618,0.04241273906457488,0.08209411928434583,0.042024801678148066,0.0895675052055947,0.00023109871908253573,21,29,0.01819153912553731,0.01145430408392884,True,True,True,1.5640339022626134e-06,COMPLETE
1830,0.37001279592514036,2025-04-15 11:19:48.519593,2025-04-15 11:20:16.952217,0 days 00:00:28.432624,0.6536565954010063,0.41071553894161433,8,0.057502697770411414,0.02235449683882663,0.03316539439485338,0.07478010691155601,0.032092235543395235,0.07781558069991602,0.00019819204430147788,22,33,0.016384708112925542,0.01966341046457619,True,True,True,2.035714458152042e-06,COMPLETE
1831,0.18795708417892457,2025-04-15 11:20:17.556338,2025-04-15 11:20:44.640596,0 days 00:00:27.084258,0.5718948064690783,0.9679985746401224,8,0.04726828383389861,0.01696001523987261,0.03774390344509297,0.07819653996337958,0.03768332642798145,0.08088135669497565,0.00025898831504223284,20,31,0.02143189528450284,0.014826704515743755,True,True,True,5.046477166337715e-07,COMPLETE
1832,0.18795708417892457,2025-04-15 11:20:45.252350,2025-04-15 11:21:11.223218,0 days 00:00:25.970868,0.5250935063707962,0.37774459429918855,8,0.07843409036705128,0.03155800880569354,0.0386210257615391,0.07585106897217762,0.03475397950997746,0.05467807938323853,0.00010684066119624932,19,24,0.024084727657392155,0.006208517283265773,True,True,True,7.591289158412256e-07,COMPLETE
1833,0.579191792011261,2025-04-15 11:21:11.813796,2025-04-15 11:21:39.493540,0 days 00:00:27.679744,0.5985079538246244,0.3625308190653531,8,0.06533974208987303,0.010668340131397173,0.03381165537686715,0.08294544900545214,0.029688801679846506,0.08349976262492126,0.00015071988595879957,21,28,0.01602797009768707,0.010041651764356615,True,True,True,2.4650183929526833e-06,COMPLETE
1834,0.3306506156921387,2025-04-15 11:21:40.081559,2025-04-15 11:22:57.070390,0 days 00:01:16.988831,0.5554664712224784,0.3051755420215755,2,0.09131130117950358,0.018866965024925846,0.03708014668124156,0.08025946308646216,0.09536674606159357,0.07907208765623745,1.0312053003365788e-05,22,40,0.016697107379424293,0.02476977493480148,True,True,True,1.222886042673094e-06,COMPLETE
1835,0.3790830135345459,2025-04-15 11:22:57.675118,2025-04-15 11:23:24.801956,0 days 00:00:27.126838,0.5076614294091042,0.34133886393481144,8,0.0005042300062700501,0.008698880506809739,0.03256287394611391,0.07743123243787566,0.033217285432646876,0.07634392967457122,0.00018917849245908414,20,35,0.019401070687075785,0.0010333572281619342,True,True,True,9.636265914902203e-07,COMPLETE
1836,0.37386401891708376,2025-04-15 11:23:25.386272,2025-04-15 11:23:54.517245,0 days 00:00:29.130973,0.5688360108687546,0.4291000086158633,8,0.05400617164716852,0.02849555915699025,0.03596129742853376,0.07437556451397803,0.035694895516258485,0.08512170506642774,0.00025987426323352574,23,32,0.02001380319795658,0.07109972304234974,True,True,True,3.6732183825194224e-06,COMPLETE
1837,0.45543503761291504,2025-04-15 11:23:55.123398,2025-04-15 11:24:23.080809,0 days 00:00:27.957411,0.6310803833070833,0.3982090872519181,8,0.0375578179444757,0.01405076281636553,0.03988821058286016,0.07867782182336629,0.031264926969215075,0.0823977227851051,0.00013236272241878063,21,27,0.016820297550039977,0.018454155314466425,True,True,True,1.6207627951328756e-06,COMPLETE
1838,0.302843177318573,2025-04-15 11:24:23.696818,2025-04-15 11:24:49.628597,0 days 00:00:25.931779,0.5346696765707692,0.35873488604993,8,0.07445757360852132,0.005440741775162056,0.03506362577414983,0.08514243037209125,0.038131535609718936,0.03974825423733987,0.00022629126720367162,19,21,0.01836928456201383,0.011002942989811845,True,True,True,1.1956291655120177e-06,COMPLETE
1839,0.4520851969718933,2025-04-15 11:24:50.222543,2025-04-15 11:25:16.020231,0 days 00:00:25.797688,0.5849956311363268,0.318554593207066,8,0.045518974871689113,0.021017884743607284,0.006158044902097786,0.08154921933871202,0.03374787986222817,0.08059466687861594,0.00018629597861697663,18,30,0.023331305402379793,0.006370264860167669,True,True,True,2.231014061728981e-06,COMPLETE
1840,0.42355366945266726,2025-04-15 11:25:16.632115,2025-04-15 11:25:45.112901,0 days 00:00:28.480786,0.6046400073151557,0.2619799394066515,8,0.06301870485326314,0.013529294339053222,0.04230557996891876,0.07459576187467534,0.02968082523790505,0.08692319393239514,0.0002767017324175734,21,45,0.016086084914095043,0.016288740069191024,True,True,True,7.633691701632741e-07,COMPLETE
1841,0.39441808462142947,2025-04-15 11:25:45.702281,2025-04-15 11:26:12.714413,0 days 00:00:27.012132,0.48845930864439324,0.29256339513777274,8,0.07019579796601391,0.025386207657959885,0.037774529528311694,0.07648979404025687,0.04095123761590013,0.07802109188825591,0.0002206988524339896,20,25,0.020665840968008407,0.030403407994365708,True,True,True,2.9816380990564376e-06,COMPLETE
1842,0.40733779668807985,2025-04-15 11:26:13.331088,2025-04-15 11:26:41.796040,0 days 00:00:28.464952,0.6704598714930371,0.3865819229319165,8,0.05749718770532189,0.005346644044827522,0.033357962323151656,0.07934281622464821,0.03621845840433753,0.08223267211539054,0.00016506228561691534,22,37,0.015406946086798089,0.021784144693814615,True,True,True,1.7098343999164715e-06,COMPLETE
1843,0.4131094217300415,2025-04-15 11:26:42.386019,2025-04-15 11:27:09.540891,0 days 00:00:27.154872,0.4598644341312094,0.4106460013821525,8,0.05082035027893942,0.019762790232089752,0.005541291782451492,0.0814302499539567,0.03193929210614537,0.07578355664654603,0.0002838050717743128,20,33,0.018975947181948064,0.0069062187844532935,True,True,True,4.475627872999378e-06,COMPLETE
1844,0.5203670024871827,2025-04-15 11:27:10.154436,2025-04-15 11:27:40.161108,0 days 00:00:30.006672,0.5155676728915497,0.34652514675689294,8,0.08173563011067012,0.03269751268623732,0.038101800683018244,0.07418377517254775,0.02782701296432877,0.07942623664916466,0.00010094340248845215,24,29,0.017091997779683614,0.013859965650053721,True,True,True,9.978875737671865e-07,COMPLETE
1845,0.36683255434036255,2025-04-15 11:27:40.752385,2025-04-15 11:28:08.544280,0 days 00:00:27.791895,0.5579163238033947,0.32830271323562615,8,0.04287422924300528,0.014409178332427683,0.03600973321787258,0.07680325073466049,0.03397792629311734,0.08449895791855225,0.00012249056055994303,21,26,0.022874338872240576,0.012226105622974315,True,True,True,1.338469877180125e-06,COMPLETE
1846,0.34489691257476807,2025-04-15 11:28:09.159003,2025-04-15 11:28:39.072996,0 days 00:00:29.913993,0.5409297720522206,0.3707600551427946,8,0.06452249626145674,0.009546755280721887,0.04065374787539344,0.07921727659860034,0.03851627391541204,0.07737588076916736,0.010175959994677821,23,58,0.015323083974229003,0.0012659515765722391,True,True,True,6.178935415159413e-07,COMPLETE
1847,0.36903990507125856,2025-04-15 11:28:39.677489,2025-04-15 11:29:08.275053,0 days 00:00:28.597564,0.5736022430195294,0.059499824437323656,8,0.07362998533925166,0.023467659693917363,0.007120246270067283,0.08347234240285847,0.044489162642618915,0.08098509091190648,0.000222586457718585,22,34,0.021495275066848424,0.0377696349012005,True,True,True,2.313248945487268e-06,COMPLETE
1848,0.3897902250289917,2025-04-15 11:29:08.889054,2025-04-15 11:29:34.865878,0 days 00:00:25.976824,0.6131690937645644,0.2810274773237922,8,0.05482847825193638,0.017542691996266707,0.004209311339584905,0.07631090757683766,0.024388962358786553,0.034804393211985085,0.0001585673172322155,19,22,0.02554199111957713,0.020584054577410443,True,True,True,9.026283782490792e-07,COMPLETE
1849,0.5176608562469482,2025-04-15 11:29:35.484261,2025-04-15 11:30:02.685116,0 days 00:00:27.200855,0.6478929237017511,0.3897343298066723,8,0.05937092032273694,0.010723092690297026,0.03247550170808928,0.0780699575999592,0.03606111484499034,0.07432608610675073,0.00029623283430588225,20,29,0.018611822803930388,0.00635206024493728,True,True,True,1.4457307656931216e-06,COMPLETE
1850,0.3148149371147156,2025-04-15 11:30:03.280096,2025-04-15 11:30:30.935633,0 days 00:00:27.655537,0.5226789232075052,0.4261183305666719,8,0.06884184517324848,0.027662025562134394,0.004049823964429228,0.0738889603503547,0.03045033946464968,0.08337317163270377,0.00018885881334557237,21,30,0.016531620037677275,0.02487102433732659,True,True,True,1.8940316848293792e-06,COMPLETE
