number,value,datetime_start,datetime_complete,duration,params_alpha-eval,params_alpha-train,params_batch-size,params_eps-eval,params_eps-train,params_lambda-actions-eval,params_lambda-actions-train,params_lambda-frames-eval,params_lambda-frames-train,params_learning-rate,params_n-epochs,params_n-frames,params_radius-gw,params_rho,params_std-feats,params_ub-actions,params_ub-frames,params_weight-decay,state
1344,0.3486151933670044,2025-04-13 10:01:33.511295,2025-04-13 10:02:36.472440,0 days 00:01:02.961145,0.8402603154659062,0.10325921336075708,2,0.014692391931786078,0.042323384154395294,0.02111374171800424,0.07928779498497472,0.040970610048952735,0.09405072280507074,5.488958037329686e-05,17,46,0.015741260743130328,0.009202116340004413,False,True,True,0.00017760846510444744,COMPLETE
1345,0.3421998143196106,2025-04-13 10:02:36.907369,2025-04-13 10:03:42.581330,0 days 00:01:05.673961,0.7899814413797686,0.1567888391265959,2,0.03293897338924896,0.015358770276187032,0.021360250424462886,0.08178031796130601,0.038402720081972694,0.08790598932114675,5.407553719733395e-05,18,37,0.01826522365018582,0.016077223424790173,False,True,True,0.00013477946688898065,COMPLETE
1346,0.18795708417892457,2025-04-13 10:03:43.017758,2025-04-13 10:04:43.513727,0 days 00:01:00.495969,0.8236969789401176,0.08080292077245682,2,0.01963261705839031,0.2896143209239164,0.019190802695797496,0.07338675176393117,0.04715862230259177,0.09280389984798348,5.7731611604938135e-05,16,35,0.011811100472410154,0.018591149469995447,True,True,True,0.00029369167773415965,COMPLETE
1347,0.34137402772903447,2025-04-13 10:04:43.969244,2025-04-13 10:05:47.053394,0 days 00:01:03.084150,0.8527439763754414,0.1334725655992809,2,0.014152853383980694,0.027912346493307337,0.025647551158902788,0.07715663074571594,0.04455981145317554,0.08750487615153124,8.114578798298349e-05,17,41,0.01544620797138857,0.011671844701679434,False,True,True,0.0002227449720586182,COMPLETE
1348,0.47815363407135014,2025-04-13 10:05:47.492005,2025-04-13 10:06:51.833089,0 days 00:01:04.341084,0.8076772619659577,0.10612350756307264,2,0.026321601093639253,0.014193285584310836,0.02785083970626099,0.08121837056615473,0.034908331023787396,0.08564035420257804,6.715331645546474e-05,18,37,0.013666103745994754,0.01800600618656356,False,False,True,0.0001716126676326449,COMPLETE
1349,0.3424840927124024,2025-04-13 10:06:52.275053,2025-04-13 10:07:49.647936,0 days 00:00:57.372883,0.7538476283092079,0.0809293431684782,2,0.021383412982345733,0.024482358735004824,0.028909996308352896,0.07901297326280518,0.04234272832491008,0.089374640371046,7.854560709423406e-05,15,40,0.016816702547809686,0.008859145681585096,False,True,True,0.00024263718039431263,COMPLETE
1350,0.30576616525650024,2025-04-13 10:07:50.088716,2025-04-13 10:08:49.455909,0 days 00:00:59.367193,0.8353361816983794,0.08718138635680478,2,0.03300430751710513,0.019613475008019875,0.026813704178694935,0.07598067431341747,0.04024308235706996,0.09175181961678626,8.379161792749509e-05,16,35,0.020934044759883287,0.019434454577179277,False,True,True,0.00029721375927464403,COMPLETE
1351,0.5148504614830017,2025-04-13 10:08:49.890767,2025-04-13 10:09:52.983628,0 days 00:01:03.092861,0.7755821979520128,0.10991599450295644,2,0.015296736775864982,0.011582380509572056,0.028563263635377735,0.0816827977957447,0.046660048988257735,0.08567070086219228,7.160367833551318e-05,17,33,0.011771353361876393,0.012587133385471488,False,True,True,0.0001400159402874523,COMPLETE
1352,0.5355839848518372,2025-04-13 10:09:53.427748,2025-04-13 10:10:59.563875,0 days 00:01:06.136127,0.7961152293084239,0.127037374179531,2,0.023510639425214495,0.011406991965436632,0.028081466279530353,0.07872752420134112,0.0428448565924312,0.088310149787441,5.851324839732464e-05,18,38,0.015015124489659503,0.02099578548940969,False,True,True,0.00020154967449157214,COMPLETE
1353,0.18795708417892457,2025-04-13 10:11:00.000081,2025-04-13 10:12:02.085437,0 days 00:01:02.085356,0.8563145891243368,0.1541521606489802,2,0.02829815332109547,0.1356467892739774,0.029800189876442902,0.08259853264882362,0.038438004028140356,0.08404953184504851,9.655377120329333e-05,17,43,0.018991133724329184,0.009557576736697467,False,True,True,0.0002710535545495842,COMPLETE
1354,0.6019922614097595,2025-04-13 10:12:02.541045,2025-04-13 10:12:20.426956,0 days 00:00:17.885911,0.8247311336001375,0.08962071305188679,16,0.013507836145371191,0.01872531773381657,0.02403255338317046,0.075775355104621,0.04463709549255999,0.08692270668547568,8.153110154058241e-05,16,35,0.013372620156013922,0.015477121604644574,False,True,True,0.00017046992611018065,COMPLETE
1355,0.39685982465744024,2025-04-13 10:12:20.869097,2025-04-13 10:12:39.684981,0 days 00:00:18.815884,0.8156824350620748,0.10721671996825206,16,0.01997883678438802,0.033648315596859754,0.021388002663007208,0.07567357162696162,0.04491097222533369,0.09067609089377118,5.037301418685912e-05,18,41,0.013138278285058117,0.02063426966879232,False,True,True,0.0001268779656458749,COMPLETE
1356,0.3264713525772095,2025-04-13 10:12:40.132007,2025-04-13 10:12:58.371593,0 days 00:00:18.239586,0.7889425202584492,0.12747731835301046,16,0.03717043883932205,0.019917754325127615,0.027699880418372375,0.0785446835191531,0.04514895168755569,0.08741671000664876,6.766692522618695e-05,16,37,0.011800378119015551,0.022368424451021867,False,True,True,8.206937625966353e-05,COMPLETE
1357,0.254424524307251,2025-04-13 10:12:58.815066,2025-04-13 10:13:17.108699,0 days 00:00:18.293633,0.8440203984493692,0.099084179984785,16,0.03054166678632056,0.025349767459486063,0.02084594094016708,0.07300198035098424,0.04262905446752849,0.08947760750799452,7.610479650411112e-05,17,39,0.014211370907833617,0.006159893446302599,False,True,True,0.00011844468883955908,COMPLETE
1358,0.35475635528564453,2025-04-13 10:13:17.543460,2025-04-13 10:13:35.497807,0 days 00:00:17.954347,0.8168071703826706,0.0869195422150895,16,0.017337018798833308,0.036907045466005865,0.018705197548949427,0.07322673471675664,0.04124555109043702,0.09152259388696547,3.524145949330679e-05,15,50,0.016751139471726885,0.015527468729173648,False,True,True,0.00010962852212373017,COMPLETE
1359,0.18795708417892457,2025-04-13 10:13:35.941950,2025-04-13 10:13:53.705187,0 days 00:00:17.763237,0.853273518227184,0.11946050120162297,16,0.11943335652315303,0.029120733020682937,0.02241130057257451,0.07723971851689031,0.043673049209965835,0.08682836746369944,6.265485019785076e-05,16,35,0.012954064326528328,0.02244203063433133,False,True,True,0.00016736018674333325,COMPLETE
1360,0.39041330814361574,2025-04-13 10:13:54.165776,2025-04-13 10:14:13.165087,0 days 00:00:18.999311,0.7625643658562912,0.1455337423941395,16,0.025297054007473528,0.023294472538652196,0.029518919495006977,0.07531297974364107,0.040012519093911056,0.08948149559116984,8.12088305261019e-05,18,44,0.014924975310239463,0.012988314496336435,False,True,True,0.00014989195482439767,COMPLETE
1361,0.5181395649909973,2025-04-13 10:14:13.612513,2025-04-13 10:15:16.446481,0 days 00:01:02.833968,0.8285897861175979,0.10006768105340302,2,0.012864874705255297,0.019726286337401627,0.023848240836272114,0.07459862361861393,0.0464359382592842,0.08607678821002918,8.7520178351369e-05,17,36,0.01176621409051809,0.017445421171349344,False,True,True,0.00015463911942308897,COMPLETE
1362,0.33995459079742435,2025-04-13 10:15:16.892498,2025-04-13 10:15:35.467690,0 days 00:00:18.575192,0.7947611872541503,0.13027561942682664,16,0.02108780374444578,0.028153936413125,0.023665453580017422,0.0765615709077111,0.03693135526296368,0.09417176279327293,5.297306900076325e-05,18,41,0.01791294139130956,0.028731574331193464,False,True,False,0.00010424415677381715,COMPLETE
1363,0.18795708417892457,2025-04-13 10:15:35.909669,2025-04-13 10:15:53.558730,0 days 00:00:17.649061,0.8016659600847954,0.08094439311700749,16,0.01520981143995619,0.20993100285063454,0.02365943935632717,0.07927194788948619,0.042399437369413755,0.08235813852912038,9.706520857952014e-05,15,34,0.01501957341410523,0.006240252760095223,False,True,True,0.00018319965245280955,COMPLETE
1364,0.40702270269393925,2025-04-13 10:15:54.004853,2025-04-13 10:16:11.991493,0 days 00:00:17.986640,0.5308424536354664,0.10752435317010534,16,0.029107222242867513,0.018014494544445602,0.02587479662536895,0.07610902181978196,0.04466687997599783,0.08763923241593187,7.498245600097458e-05,16,39,0.011493089643468972,0.025899359016462332,False,True,True,0.0001301689676322865,COMPLETE
1365,0.28509513139724735,2025-04-13 10:16:12.431019,2025-04-13 10:16:31.161658,0 days 00:00:18.730639,0.8371724364913232,0.08365365541504387,16,0.023124948477920244,0.02079943245829741,0.02633637523341804,0.07763412064487468,0.040549966052128184,0.09075855641948662,8.930609847049805e-05,17,37,0.016522236797280702,0.018073341438155345,True,False,True,0.00018728385424821047,COMPLETE
1366,0.18795708417892457,2025-04-13 10:16:31.602222,2025-04-13 10:16:50.058516,0 days 00:00:18.456294,0.8589193734979352,0.09259972798324148,16,0.014010134707677768,0.09834396528850978,0.022146779139521726,0.0749576443651601,0.04731491149992888,0.08410387019922481,6.112486743039988e-05,18,32,0.013109455660203785,0.0016808213280319513,False,True,True,0.00020726560489583054,COMPLETE
1367,0.39310424327850346,2025-04-13 10:16:50.520822,2025-04-13 10:17:08.666509,0 days 00:00:18.145687,0.7743510604279251,0.11959771855433661,16,0.0359961414386913,0.015442298405604642,0.024830556194059047,0.07314674326816246,0.04355013250630761,0.08075618842541891,0.00010200637686271586,16,36,0.0143356219323661,0.04200731407700332,False,True,True,0.000155571700154502,COMPLETE
1368,0.18795708417892457,2025-04-13 10:17:09.111537,2025-04-13 10:17:27.187821,0 days 00:00:18.076284,0.8143502485393838,0.15439887731151594,16,0.2753114485078826,0.08539554545091264,0.0266690995195319,0.08017571281218237,0.03848090505701603,0.08651170350593061,7.20557687990676e-05,17,30,0.019082798023901427,0.021697060337711085,False,True,True,0.00022221420540823001,COMPLETE
1369,0.37301704883575443,2025-04-13 10:17:27.629768,2025-04-13 10:17:46.719749,0 days 00:00:19.089981,0.8350246256763267,0.08174447553159336,16,0.01974839293501482,0.015463698082342627,0.02682776634802635,0.07940573218091075,0.040977344514015926,0.08302668515571526,9.545697209857418e-05,18,40,0.01645412180860135,0.011338407456488786,False,True,True,0.00010254734653274492,COMPLETE
1370,0.522985577583313,2025-04-13 10:17:47.163224,2025-04-13 10:18:09.264345,0 days 00:00:22.101121,0.8195607017345861,0.10623934866904575,16,0.027988060572129915,0.023550759041933333,0.022680934981284477,0.07793992985604084,0.03582495267678107,0.08868462212293676,8.276225738477267e-05,27,34,0.013811056134837773,0.030502051955898855,False,True,True,0.00014560167807442487,COMPLETE
1371,0.409819233417511,2025-04-13 10:18:09.710801,2025-04-13 10:18:27.343269,0 days 00:00:17.632468,0.8596803831390573,0.08106474241393036,16,0.01332099153327972,0.02920759346138327,0.020485128767973544,0.07598621279106324,0.04597988822745698,0.09264450263694354,0.00010548962290835769,15,46,0.01139362452779716,0.01601053816945763,False,True,True,0.0001752424901285792,COMPLETE
1372,0.5741097927093506,2025-04-13 10:18:27.785039,2025-04-13 10:18:45.981274,0 days 00:00:18.196235,0.7850192234464003,0.136824670774072,16,0.02304891317580487,0.012254157364321743,0.019361174282053258,0.08085944489975046,0.042404840705473665,0.08529698041032488,6.35830462986886e-05,17,32,0.017156314018828094,0.03931076554397692,False,True,True,0.0002049529346087161,COMPLETE
1373,0.372782039642334,2025-04-13 10:18:46.445713,2025-04-13 10:19:45.987884,0 days 00:00:59.542171,0.805740700425062,0.16575996588947522,2,0.01789296211518002,0.017365756202220813,0.03037878191974647,0.08027080436415192,0.03927448395227636,0.07763275729978858,0.00010890570919127946,16,64,0.020357719235798072,0.02523007769789235,False,True,True,0.00023508428253672846,COMPLETE
1374,0.23083444833755495,2025-04-13 10:19:46.437973,2025-04-13 10:20:04.834207,0 days 00:00:18.396234,0.8449351346887872,0.1033136432828568,16,0.03182141232428057,0.012427172839282678,0.02865330484494033,0.07255057429024983,0.0447139332793004,0.07936119017036432,8.004594431213859e-05,17,38,0.015404548231896211,0.008879314339183129,False,True,True,0.00012851037019091837,COMPLETE
1375,0.337704998254776,2025-04-13 10:20:05.280032,2025-04-13 10:20:24.292144,0 days 00:00:19.012112,0.8265433363713428,0.07895837392212135,16,0.012938076062591512,0.009886312419258764,0.02448675718315675,0.07793032546700801,0.03348785857181778,0.08860619996585616,0.00011708710004721095,18,42,0.011446294453385767,0.03511246230287071,False,True,True,4.353192349053056e-07,COMPLETE
1376,0.2728189587593079,2025-04-13 10:20:24.737974,2025-04-13 10:20:42.786670,0 days 00:00:18.048696,0.8535027394096233,0.1253981585512581,16,0.024652837636140006,0.023396054572593417,0.03184647134197162,0.08277105251597043,0.041745224975902356,0.08140744088109526,4.40523378570795e-05,16,29,0.018557266379082803,0.022199063318381472,False,True,True,0.00023499105446724328,COMPLETE
1377,0.5716289401054383,2025-04-13 10:20:43.232032,2025-04-13 10:21:01.785920,0 days 00:00:18.553888,0.8701367187906769,0.09776806710460514,16,0.018459537603937738,0.017553015795220513,0.030448784292845896,0.08133645660966698,0.0369775592536759,0.08448948792786731,9.078585497175464e-05,17,35,0.023000486144190965,0.015012634204248637,False,True,True,0.0001668711525384163,COMPLETE
1378,0.18795708417892457,2025-04-13 10:21:02.231821,2025-04-13 10:21:20.736130,0 days 00:00:18.504309,0.8055769477007854,0.08341761095590496,16,0.08657042479545625,0.009166949200316256,0.028270612442256902,0.07443330709644828,0.04764855664647575,0.08672212408291888,7.210766718930008e-05,18,33,0.013382730718573961,0.029407324742802533,False,True,True,0.00029920435885183065,COMPLETE
1379,0.18795708417892457,2025-04-13 10:21:21.201519,2025-04-13 10:21:38.665539,0 days 00:00:17.464020,0.8331091437886556,0.8141413561042781,16,0.038287572048039564,0.039497914697579545,0.02636389193264798,0.07917921687481931,0.04325020588898414,0.09026255726904993,0.0001064336688359791,15,38,0.014896369750662568,0.02095894517468612,False,True,True,0.00024393776737798595,COMPLETE
1380,0.37855281829833987,2025-04-13 10:21:39.115764,2025-04-13 10:21:57.233626,0 days 00:00:18.117862,0.7793673900685116,0.1231703483942279,16,0.012290557884218121,0.014975697411811397,0.03196893472615384,0.07682805990696724,0.0306317458958673,0.0825575837877834,5.629774931321468e-05,16,36,0.016925977191740164,0.04427443979158137,False,True,True,0.00017437259178831744,COMPLETE
1381,0.4889604330062866,2025-04-13 10:21:57.684028,2025-04-13 10:22:15.781001,0 days 00:00:18.096973,0.7520728467708803,0.07848431595688908,16,0.025746376113923886,0.031128622855003132,0.023838783669168327,0.08365155974280333,0.039648545942203295,0.08559237640501018,0.0001280737992573675,17,30,0.011548159902822003,0.006942150001998465,False,True,False,0.00019700669075044112,COMPLETE
1382,0.4222207307815552,2025-04-13 10:22:16.231369,2025-04-13 10:22:35.063559,0 days 00:00:18.832190,0.8171919953577167,0.1411872037043546,16,0.01747140375106271,0.022439140834225216,0.030635847943408397,0.08130828338194242,0.045669590296331296,0.07948413178318703,8.752949423835397e-05,18,41,0.013564436267131396,0.16368450388389363,False,True,True,0.0003010306030933877,COMPLETE
1383,0.4104636549949646,2025-04-13 10:22:35.509187,2025-04-13 10:22:53.964673,0 days 00:00:18.455486,0.13929090958187745,0.10964180911121099,16,0.03235980718025667,0.00926789938401542,0.027400660264302004,0.07976531013347307,0.038165127556535255,0.09190044539689066,0.0021509498860071,16,33,0.020434754297634104,0.01467458732327001,True,True,True,0.0001302208960243149,COMPLETE
1384,0.5063594698905945,2025-04-13 10:22:54.413803,2025-04-13 10:23:57.247523,0 days 00:01:02.833720,0.848313897988525,0.07899723221424544,2,0.021484584441925032,0.015066736331069475,0.03296453476113668,0.07625629019861652,0.04161543058956482,0.09595458393286697,0.00012145662856018059,17,39,0.01569339316412744,0.03431189466363514,False,True,True,5.906420703164384e-07,COMPLETE
1385,0.427206015586853,2025-04-13 10:23:57.715648,2025-04-13 10:24:16.684202,0 days 00:00:18.968554,0.7998815500808295,0.10265136700730029,16,0.012617011593559827,0.009269994449503056,0.06580736149768475,0.08240788833490947,0.04411953703496007,0.08830095769592347,9.543202348896304e-05,19,44,0.018289400007677592,0.026650721796781802,False,False,True,0.00023570054889338876,COMPLETE
1386,0.18786951303482058,2025-04-13 10:24:17.136872,2025-04-13 10:24:35.681361,0 days 00:00:18.544489,0.8708947381810137,0.0716954758473159,16,0.028026174768758353,0.019724583101664743,0.02919566027126186,0.07785637036871572,0.039936240035449634,0.0836454883574982,6.778669490495147e-05,18,26,0.012706653594710696,0.01827765036091116,False,True,True,0.00030372255017032757,COMPLETE
1387,0.5330343961715698,2025-04-13 10:24:36.131843,2025-04-13 10:24:54.085771,0 days 00:00:17.953928,0.8315553723205543,0.1647855759495715,16,0.019209795017226892,0.009182005020480232,0.03244167715990323,0.08374354230363755,0.035204937911898014,0.08169005963430934,0.00010611079705909868,16,35,0.0158177047945606,0.011775022680804813,False,True,True,4.018307293112941e-08,COMPLETE
1388,0.35777008533477783,2025-04-13 10:24:54.537457,2025-04-13 10:25:11.969395,0 days 00:00:17.431938,0.8539370895158834,0.1167687765639925,16,0.012001299012473668,0.02663492779691868,0.025338037293870762,0.0746654124418,0.04764319740545497,0.07694616174309143,7.852688545534995e-05,15,31,0.011121055185004315,0.024845185567688666,False,True,True,7.854987088567827e-05,COMPLETE
1389,0.18795708417892457,2025-04-13 10:25:12.418255,2025-04-13 10:25:30.558866,0 days 00:00:18.140611,0.7913468352196754,0.09883782062891314,16,0.12852071937885617,0.01448434211935015,0.09516455965879747,0.07999546528846158,0.04322311890956373,0.08678714498419846,0.00012804839202893798,17,37,0.014079357125787948,0.036355829528064584,False,True,True,0.0001540794546783878,COMPLETE
1390,0.17605479359626772,2025-04-13 10:25:31.029018,2025-04-13 10:25:49.804477,0 days 00:00:18.775459,0.8899108835092755,0.46738594986835963,16,0.024360069645731355,0.00684286346104276,0.03044375871948423,0.07810593905792453,0.041347052266191626,0.08445571688690261,9.660097817477905e-05,19,28,0.017358594837642044,0.0012446821806122305,False,True,True,0.00020683481838692217,COMPLETE
1391,0.5347690224647522,2025-04-13 10:25:50.259531,2025-04-13 10:26:08.933836,0 days 00:00:18.674305,0.8203058196640322,0.07881589830974464,16,0.018597632618808455,0.02065553494354038,0.021914844478246803,0.08203956462825097,0.03715797450863381,0.08972369103237059,0.00012556544286936912,18,33,0.021780586287698522,0.03006755719176739,False,True,True,0.00010988490331122914,COMPLETE
1392,0.18910076618194582,2025-04-13 10:26:09.385756,2025-04-13 10:26:27.616714,0 days 00:00:18.230958,0.7724687037213303,0.14162432619687587,16,0.15812705203416885,0.009977784444010662,0.027045944512252035,0.08025999373366888,0.04575896123331809,0.08230508421844325,8.117180051854773e-05,17,41,0.019066107189736455,0.020431596118729307,False,True,True,7.906098034860925e-08,COMPLETE
1393,0.1796764373779297,2025-04-13 10:26:28.065112,2025-04-13 10:26:45.614707,0 days 00:00:17.549595,0.838736323585899,0.09403054354756135,16,0.03322576259114372,0.014993094587453331,0.03338877329277976,0.035031979643960966,0.028716778550511135,0.08744169973514741,0.00011015642166340065,15,36,0.014987676412245871,0.008464452949172373,False,True,True,0.0002513318465817024,COMPLETE
1394,0.4344947338104248,2025-04-13 10:26:46.065355,2025-04-13 10:27:03.994475,0 days 00:00:17.929120,0.8647223057855649,0.12314549566930802,16,0.012992825147701677,0.006560400505594994,0.0181844258960691,0.08284704162572419,0.039165157662185875,0.09358361882313641,5.741612556563808e-05,16,31,0.012657396134227322,0.04465546814865374,False,True,True,0.00032492407432387896,COMPLETE
1395,0.38515506982803344,2025-04-13 10:27:04.447458,2025-04-13 10:27:24.242494,0 days 00:00:19.795036,0.8031386076147361,0.07312992606788662,16,0.02526758212622699,0.015300325796551342,0.030827121513178894,0.07271435582826198,0.04383761513772434,0.08623086538277135,0.0001275351817456772,18,135,0.044930881697309424,0.014008861702033576,False,True,True,0.00018475974454063205,COMPLETE
1396,0.37408223152160647,2025-04-13 10:27:24.711754,2025-04-13 10:28:32.544074,0 days 00:01:07.832320,0.8223073592861097,0.07334347266122497,2,0.018708687291170423,0.023168233540381077,0.029109703918631984,0.07729806606930993,0.041724438644840954,0.08002336005412616,9.25663378870776e-05,19,69,0.01639610401589333,0.023237857961812665,False,True,True,0.00014715920796020614,COMPLETE
1397,0.18795708417892457,2025-04-13 10:28:32.998591,2025-04-13 10:28:51.132087,0 days 00:00:18.133496,0.878713604463704,0.10512792704730453,16,0.03817513958270912,0.006149922408998993,0.03276039216713433,0.08334974090587893,0.04524518970166878,0.08479254122468173,7.015606270942177e-05,17,39,0.010939468533235358,0.03089992969555815,False,True,True,0.0002455600869388386,COMPLETE
1398,0.18773173689842226,2025-04-13 10:28:51.588429,2025-04-13 10:29:09.715463,0 days 00:00:18.127034,0.8450813663731455,0.6176103970942901,16,0.012051148755936146,0.011792826890067202,0.02391714553635667,0.08055427735910273,0.04819923473835,0.0831064876972101,0.0001087957897123797,16,34,0.013791675895412676,0.017180189832453827,False,True,True,0.0001896027985571186,COMPLETE
1399,0.3868173122406006,2025-04-13 10:29:10.170510,2025-04-13 10:29:28.874789,0 days 00:00:18.704279,0.8068934184128644,0.07270917131597447,16,0.029960551486163008,0.019462365838313664,0.03456127636112404,0.07462098501554129,0.03255648591074881,0.08928830870468502,8.977956351823646e-05,18,45,0.01772456922409716,0.03660434434879824,False,True,False,0.000322722285318131,COMPLETE
