number,value,datetime_start,datetime_complete,duration,params_alpha-eval,params_alpha-train,params_batch-size,params_eps-eval,params_eps-train,params_lambda-actions-eval,params_lambda-actions-train,params_lambda-frames-eval,params_lambda-frames-train,params_learning-rate,params_n-epochs,params_n-frames,params_radius-gw,params_rho,params_std-feats,params_ub-actions,params_ub-frames,params_weight-decay,state
1851,0.27582443952560426,2025-04-15 11:30:31.555410,2025-04-15 11:30:58.621240,0 days 00:00:27.065830,0.4955886423707187,0.30927285942715643,8,0.04900633862900497,0.04062721503277558,0.009136739039083956,0.08069393687987042,0.03225403133491563,0.08767434661632326,0.00023899072437188752,20,32,0.020602025347887666,0.014506379509408487,True,True,True,3.455282396444006e-06,COMPLETE
1852,0.4456039309501648,2025-04-15 11:30:59.209911,2025-04-15 11:31:26.968881,0 days 00:00:27.758970,0.5978655951603964,0.35578220347017675,8,0.03870215298286337,0.005971995077813978,0.034299058911715176,0.07524181957810992,0.02889700269422891,0.07927862267951062,0.00030672765791587685,21,26,0.01500623154455353,0.006806447806449528,True,True,True,1.108133115272659e-06,COMPLETE
1853,0.1738002121448517,2025-04-15 11:31:27.583242,2025-04-15 11:31:56.855854,0 days 00:00:29.272612,0.6325366836583958,0.40219206617317454,8,0.08879791850528686,0.017640894297586526,0.0010615983389923407,0.08385586324365545,0.03454791861354684,0.07649752161101314,0.00014043319390619555,23,41,0.017764321618207516,0.0010007274106529056,True,True,True,2.7606390948676464e-06,COMPLETE
1854,0.44075276851654055,2025-04-15 11:31:57.446894,2025-04-15 11:32:25.950838,0 days 00:00:28.503944,0.5485527075802187,0.3337516389443328,8,0.0773649123962442,0.022037970198380278,0.0059474818020642025,0.07811064729133972,0.02572537729682496,0.0807805359322605,0.00019535346186683804,22,37,0.014374794551559399,0.018436431775062767,True,True,True,8.243911485063672e-07,COMPLETE
1855,0.5533967018127441,2025-04-15 11:32:26.565917,2025-04-15 11:32:54.150222,0 days 00:00:27.584305,0.5789148091073629,0.37533273686369145,8,0.06315815683751307,0.00513058548466952,0.0029767836599295947,0.07378952664954229,0.0370143630945249,0.09068782881272147,0.0002611650901341783,21,24,0.019145521441822706,0.010832236733746274,True,True,True,1.4205940226171564e-06,COMPLETE
1856,0.18795708417892457,2025-04-15 11:32:54.746894,2025-04-15 11:34:03.437868,0 days 00:01:08.690974,0.5428989376861693,0.42776457785306743,2,0.055902669302292624,0.03298592441405678,0.007656225827608986,0.08027193256169796,0.033020094052679125,0.0718573823546128,0.00032625731437924897,19,34,0.016237037676595362,0.027191575865590276,True,True,True,1.8715565556128765e-06,COMPLETE
1857,0.5708437561988831,2025-04-15 11:34:04.054418,2025-04-15 11:34:30.997598,0 days 00:00:26.943180,0.6203088653148519,0.29271756421028083,8,0.04460246451115937,0.013939563374758646,0.03720469033326523,0.07631382114336782,0.03945647867974028,0.08504067614851153,0.00015838662759702816,20,28,0.02209968593235536,0.015042747321561788,True,True,True,1.249588602218937e-06,COMPLETE
1858,0.18795708417892457,2025-04-15 11:34:31.619880,2025-04-15 11:34:59.868048,0 days 00:00:28.248168,0.4821238326498857,0.3550334765936788,8,0.06978759037185361,0.07902879898220444,0.005773341616552939,0.0820893310866182,0.030901139443024955,0.07830820147237467,0.00022491671458123262,22,31,0.014180371880526243,0.0010145782193005763,True,True,True,5.751925600978594e-07,COMPLETE
1859,0.4499670386314393,2025-04-15 11:35:00.470678,2025-04-15 11:35:27.338696,0 days 00:00:26.868018,0.66907947907056,0.3197038244815999,8,0.052142100172607134,0.02667695284696364,0.0027531838898940796,0.07831707388126832,0.027788811934870095,0.0827431335224693,0.0001243226866569505,20,27,0.017989579609849326,0.011582916328095468,True,True,True,1.7380972970405432e-06,COMPLETE
1860,0.40900323390960697,2025-04-15 11:35:27.959584,2025-04-15 11:35:55.333643,0 days 00:00:27.374059,0.5107945693249892,0.37921600562702507,8,0.08364201628823356,0.009780475590807781,0.004846392209317653,0.08537098738545999,0.03600080406689789,0.07553859142261388,0.00018109400120222424,21,23,0.04610912950325062,0.14563911277809372,True,True,True,2.3777443555615746e-06,COMPLETE
1861,0.5473806738853455,2025-04-15 11:35:55.932721,2025-04-15 11:36:22.179853,0 days 00:00:26.247132,0.5928064288022025,0.4114929832446925,8,0.05997054209901328,0.019028049551158156,0.03485073935997293,0.07284393605096019,0.03341774446126295,0.08039354406019239,0.00026654586305165963,19,35,0.020282700861321758,0.020500572665845374,True,True,True,9.139616679000694e-07,COMPLETE
1862,0.3911398112773895,2025-04-15 11:36:22.775717,2025-04-15 11:36:50.581859,0 days 00:00:27.806142,0.5671612795103771,0.015823094533799265,8,0.07498836955709286,0.014461157922036437,0.03947785217231613,0.07987302547938309,0.03177961948732133,0.08620272748788964,0.0003003882043738203,21,31,0.015476296381154553,0.030582442319385582,True,True,True,1.2110676102301174e-06,COMPLETE
1863,0.18795708417892457,2025-04-15 11:36:51.196863,2025-04-15 11:37:21.873380,0 days 00:00:30.676517,0.5307578140416678,0.26004695604095923,8,0.29458852410770864,0.02403830071948916,0.007274287690476347,0.07601995878155413,0.02373741137299558,0.07838375734310557,0.00020897635020154895,23,94,0.017415800233294212,0.0074091883759989765,True,True,True,4.425755582567756e-06,COMPLETE
1864,0.4929704546928406,2025-04-15 11:37:22.498902,2025-04-15 11:37:50.952857,0 days 00:00:28.453955,0.6432850507970892,0.3943886854471127,8,0.03800809267517941,0.00014344998006842168,0.043664870017460146,0.07432211266432973,0.034964498494353194,0.04226603867150443,0.00031856022811015697,22,28,0.013830946059069387,0.016112251329188906,True,True,True,3.328037105230267e-06,COMPLETE
1865,0.1946473777294159,2025-04-15 11:37:51.548940,2025-04-15 11:38:18.324615,0 days 00:00:26.775675,0.6084474748512655,0.34448584294675977,8,0.06649243985271276,0.23968606566276898,0.008909642113268558,0.08226570507714175,0.02956073221227995,0.08221297586757621,0.00015733114486475762,20,33,0.023865011338470556,0.006505467238206929,True,True,True,1.098614707471734e-06,COMPLETE
1866,0.3371877372264862,2025-04-15 11:38:18.946320,2025-04-15 11:38:48.931275,0 days 00:00:29.984955,0.5094878524360266,0.36684849436386974,8,0.05089441876078377,0.009182469245827826,0.004273583828887554,0.07756499418331965,0.03776292353857348,0.07393039021044806,0.01740602986129807,24,26,0.018601487274533465,0.023068648822297304,True,True,True,1.4645372212332309e-06,COMPLETE
1867,0.20452855825424193,2025-04-15 11:38:49.525114,2025-04-15 11:39:17.164940,0 days 00:00:27.639826,0.9114308164039855,0.30664236217542057,8,0.06497127116399758,0.03641511888424459,0.00279818861295785,0.0797092422589513,0.027279907863729993,0.07665583880876127,0.0002492820568185917,21,38,0.021105198608826925,0.01197375267523798,True,True,True,7.151998816624277e-07,COMPLETE
1868,0.18795708417892457,2025-04-15 11:39:17.782352,2025-04-15 11:39:43.209387,0 days 00:00:25.427035,0.5511803404765308,0.4362756252503066,8,0.04608517580866914,0.01826851021906573,0.006234665181484107,0.08745348562696836,0.0424903688500252,0.07938088204112882,0.00010207479162477742,18,21,0.01600807817980756,0.01805735326696027,True,True,True,2.024665840959083e-06,COMPLETE
1869,0.3046876430511475,2025-04-15 11:39:43.834129,2025-04-15 11:40:12.650781,0 days 00:00:28.816652,0.5319949919588932,0.32851776757878876,8,0.057407134407166965,0.0052018860792413125,0.08670312239300582,0.07315733981888832,0.040395179445302826,0.08400828841243779,0.00035199227823984916,20,103,0.027101765409371224,0.010089432012564598,True,True,True,1.6163565289730867e-06,COMPLETE
1870,0.4396399259567261,2025-04-15 11:40:13.255021,2025-04-15 11:40:40.871160,0 days 00:00:27.616139,0.5714683432419106,0.274097008860792,8,0.07110316663569115,0.013701297979744537,0.035874573554095346,0.07555093514189024,0.03450643356387916,0.08158016870497356,0.0001953995692465428,21,30,0.014025206772802392,0.22630854695386557,True,True,True,2.733379113609682e-06,COMPLETE
1871,0.18795708417892457,2025-04-15 11:40:41.471829,2025-04-15 11:41:09.456266,0 days 00:00:27.984437,0.473303560314431,0.40945684130353466,8,0.07916821342614974,0.06863109173702439,0.0010649035984599,0.0774579554908111,0.03209007056543844,0.08959404836542195,0.00024011424322863305,22,24,0.019578253662508732,0.006621469486052272,True,True,True,8.063632956695474e-07,COMPLETE
1872,0.18795708417892457,2025-04-15 11:41:10.074658,2025-04-15 11:41:37.111066,0 days 00:00:27.036408,0.5954524576679988,0.3772264619654279,8,0.056402483855657104,0.030163827255813805,0.0332651790098932,0.08127596984493117,0.02969422431469689,0.07753193236591722,0.0763684970245117,19,79,0.0174605549033642,0.023659246414164326,True,True,True,1.1822101767096708e-06,COMPLETE
1873,0.4289753317832947,2025-04-15 11:41:37.736723,2025-04-15 11:42:04.895576,0 days 00:00:27.158853,0.6302520191454519,0.3538840391307864,8,0.00029885437157759626,0.022172919728776525,0.03822035622180709,0.07876177198336196,0.05240058774915502,0.07996975049624369,0.0003494502753871097,20,32,0.014959473019819076,0.015783786439973427,True,True,True,9.516609421224167e-07,COMPLETE
1874,0.3896880388259888,2025-04-15 11:42:05.493284,2025-04-15 11:42:35.136262,0 days 00:00:29.642978,0.557745890318058,0.2944113537962324,8,0.061933242639682556,0.013238064810977569,0.004565269946805754,0.05700552907343171,0.03573708159374121,0.07148801984652554,0.00015113378527195154,23,35,0.024431899749356265,0.006173817498328625,True,True,True,2.1118245632810677e-06,COMPLETE
1875,0.385064172744751,2025-04-15 11:42:35.758558,2025-04-15 11:43:49.977011,0 days 00:01:14.218453,0.5018327364588078,0.38855861591516205,2,0.0385673935564144,0.01964460787467371,0.007496979207271889,0.08378525065884934,0.03284976903009532,0.08662804763271746,0.0002765170154470161,21,28,0.02174033614615288,0.012427044188361446,True,True,True,4.6771072404780334e-07,COMPLETE
1876,0.4094687461853027,2025-04-15 11:43:50.578951,2025-04-15 11:44:19.371027,0 days 00:00:28.792076,0.6139948310638188,0.3381791290921279,8,0.0219087523426536,0.004694268856951242,0.0010833357263849252,0.07498908152082315,0.025480877779403093,0.07559878046496347,0.00012852378198957302,22,29,0.013253975359304358,0.0010616600938868782,True,True,True,4.554961018796448e-06,COMPLETE
1877,0.18795708417892457,2025-04-15 11:44:19.997303,2025-04-15 11:44:47.044328,0 days 00:00:27.047025,0.5265814753743672,0.4352605097955908,8,0.05240785761125589,0.028419506633541793,0.010157249155713574,0.07685077971009704,0.03810477032616519,0.08347509494510652,0.0001855423883040172,20,25,0.0168814975577646,0.027459633860736275,True,True,True,1.527984267316634e-06,COMPLETE
1878,0.38293285369873054,2025-04-15 11:44:47.675045,2025-04-15 11:45:15.994238,0 days 00:00:28.319193,0.5841632693428176,0.3641603407830638,8,0.009463689704184163,0.01170230785495104,0.002866958521055554,0.05319501041684844,0.030440492585029046,0.0816911048319277,0.00022071116752327445,21,32,0.015836991259040457,0.019511900759990902,True,True,True,6.949208485617733e-07,COMPLETE
1879,0.4208063960075379,2025-04-15 11:45:16.598603,2025-04-15 11:45:43.305487,0 days 00:00:26.706884,0.6621829360765507,0.3182911851095108,8,0.04376971311710773,0.017763921430311063,0.040605740577497974,0.07199932628791535,0.03640646316569397,0.07773366561476079,0.0002763161087537574,19,37,0.018870374789945788,0.036472324760538515,True,True,True,2.2688914742981566e-06,COMPLETE
1880,0.18795708417892457,2025-04-15 11:45:43.928034,2025-04-15 11:46:10.365076,0 days 00:00:26.437042,0.4570494113763564,0.41226800224759663,8,0.06743109096954351,0.2472010235527568,0.005525739101300423,0.07967736806640902,0.03452155493805972,0.09324414787185999,0.00032320993013060614,20,21,0.019837226605945116,0.013443441364563892,True,True,True,3.201298007594765e-06,COMPLETE
1881,0.3507354021072388,2025-04-15 11:46:10.972563,2025-04-15 11:46:39.235902,0 days 00:00:28.263339,0.5439140572226369,0.39338604231270696,8,0.09314345369530216,0.024631531822749877,0.008554273199640281,0.07415982221326356,0.028227169664491434,0.08540286589714344,0.0001787875981872807,22,28,0.013123809547670923,0.005648787680115125,True,True,True,1.0224311953298204e-06,COMPLETE
1882,0.4100190758705139,2025-04-15 11:46:39.863743,2025-04-15 11:47:08.122221,0 days 00:00:28.258478,0.5701978677056032,0.3472002429032462,8,0.07382130382566565,0.00012594364064046938,0.004440064544568773,0.0826438167109095,0.031942143893499336,0.08038723800976356,0.00022051168194896697,21,34,0.02247394484460181,0.020377341444192797,True,True,True,1.4671635737942886e-06,COMPLETE
1883,0.4410356044769287,2025-04-15 11:47:08.726812,2025-04-15 11:47:38.171020,0 days 00:00:29.444208,0.4925252488184372,0.30713313336647075,8,0.059535494766033224,0.009775257283968417,0.03243633056649212,0.07741718753948591,0.023272289501522745,0.07524451962949227,0.00035512682445330363,23,31,0.01681004636300101,0.010395801853314651,True,True,True,5.252994304505844e-07,COMPLETE
1884,0.18795708417892457,2025-04-15 11:47:38.799836,2025-04-15 11:48:05.627723,0 days 00:00:26.827887,0.644294812097546,0.8109972771150369,8,0.02170616365798246,0.016630610781035202,0.03598059012409108,0.08067768106530292,0.03984383462247553,0.0783706113348321,0.00014084500613489268,20,24,0.01499367415092369,0.031117281143168158,True,True,True,1.7876945406659972e-06,COMPLETE
1885,0.18795708417892457,2025-04-15 11:48:06.233284,2025-04-15 11:48:30.946841,0 days 00:00:24.713557,0.5194655536750176,0.27877686917894295,8,0.08231088558212271,0.13368962827661407,0.006698899160898819,0.07299692496295346,0.032876165902710516,0.0830923934830956,0.000254496304186059,17,41,0.012187561381076498,0.01602880138115772,True,True,True,1.2253921953253182e-06,COMPLETE
1886,0.19024630784988406,2025-04-15 11:48:31.549422,2025-04-15 11:48:59.747788,0 days 00:00:28.198366,0.6018102082741189,0.37429738143839986,8,0.03555891661534348,0.2776459782010757,0.002700758111413093,0.07576532731631065,0.025958963378850064,0.07279896069235792,0.00012039088048877125,22,27,0.018289890263373052,0.006405943097011436,True,True,True,8.900615268238266e-07,COMPLETE
1887,0.18795708417892457,2025-04-15 11:49:00.366370,2025-04-15 11:49:26.603564,0 days 00:00:26.237194,0.5488585244626188,0.4305776913292149,8,0.04902081855537816,0.03368512161796855,0.0379711110751972,0.0788981459287697,0.03723928252896999,0.08827888843101842,0.00016828676815575246,19,30,0.020298822538535113,0.02376404895389202,True,True,True,5.949975706484364e-06,COMPLETE
1888,0.45432205200195314,2025-04-15 11:49:27.231473,2025-04-15 11:49:55.059876,0 days 00:00:27.828403,0.4322285851831404,0.329103193588973,8,0.0634616896240493,0.008401478863436573,0.001063992802249808,0.029995780090010794,0.03027837859396992,0.07908282751281137,0.0002939509592352237,21,35,0.014623538373556134,0.010392299456996962,True,True,True,8.42033702239312e-06,COMPLETE
1889,0.443951165676117,2025-04-15 11:49:55.663303,2025-04-15 11:50:22.640135,0 days 00:00:26.976832,0.5877457434406264,0.4020524691527475,8,0.01324295693745031,0.021044615613674454,0.04194950479556781,0.0847394256335462,0.04688384487741843,0.08118333441336922,0.0003613295229857766,20,26,0.017171154364456064,0.016972684721102155,True,True,True,2.601225760609864e-06,COMPLETE
1890,0.3125288367271424,2025-04-15 11:50:23.272610,2025-04-15 11:50:52.065026,0 days 00:00:28.792416,0.6239187906828706,0.37064812889040333,8,0.05277680025407075,0.025079182812045846,0.004383049603334568,0.07548703952968783,0.09960601320951466,0.08479268759453189,0.0002092876196817844,22,32,0.013337145675088912,0.006071474406446658,True,True,True,3.929561219061463e-06,COMPLETE
1891,0.35256807804107665,2025-04-15 11:50:52.667906,2025-04-15 11:51:20.490761,0 days 00:00:27.822855,0.5281934313931832,0.3493069298499117,8,0.07053723994110622,0.013531971607267953,0.03470504645141733,0.08113902841408699,0.034129724864479995,0.07649698191164578,0.00025300639190210355,21,38,0.021868504738547317,0.012071530567125127,True,True,True,1.0766206478580173e-06,COMPLETE
1892,0.4703517675399781,2025-04-15 11:51:21.113768,2025-04-15 11:51:50.529410,0 days 00:00:29.415642,0.4859034197075991,0.3177367956465216,8,0.004957661132438571,0.008334707343359227,0.007694225233232021,0.07234941630349588,0.02750951749539101,0.08243423278066898,0.00018859159035350856,23,29,0.01936862313910768,0.02086826210481314,True,True,True,1.912933758889174e-06,COMPLETE
1893,0.4200604438781738,2025-04-15 11:51:51.161652,2025-04-15 11:52:17.006141,0 days 00:00:25.844489,0.5640838009472823,0.41155025216483887,8,0.045227953607587114,0.017723829390702182,0.005831138370899032,0.07768571175340287,0.03587626735121662,0.07378580721240974,0.0003216072461633286,18,21,0.011994688366307437,0.0059602197783496375,True,True,True,1.5701127958395606e-06,COMPLETE
1894,0.4119879722595215,2025-04-15 11:52:17.616337,2025-04-15 11:52:43.961765,0 days 00:00:26.345428,0.5083938756989965,0.257295488496016,8,0.07555781821515249,0.040628137952470486,0.009327496636998766,0.0738147820710941,0.03156432543820009,0.07908881598863637,0.00022874777382987551,19,24,0.015499640353727062,0.014656874389327374,True,True,True,7.416807086432549e-07,COMPLETE
1895,0.18795708417892457,2025-04-15 11:52:44.592539,2025-04-15 11:53:11.458852,0 days 00:00:26.866313,0.6567269791912391,0.29158432272925816,8,0.05768935958129433,0.05902102489746755,0.0029870975676911373,0.07980409429054638,0.03885787366300211,0.024485471090248265,0.0001070778226530461,20,33,0.01791575917657654,0.02750279692180899,True,True,True,1.269106480397241e-06,COMPLETE
1896,0.18795708417892457,2025-04-15 11:53:12.065495,2025-04-15 11:54:34.068138,0 days 00:01:22.002643,0.6056976908751175,0.37961299933330317,2,0.10016883242071713,0.025706695470829374,0.0058225458751513855,0.08235627880342876,0.034388825616303006,0.058496109590081405,0.00014750856535500698,24,27,0.025744127959019238,0.011133604628471494,True,True,True,2.9728671037165066e-06,COMPLETE
1897,0.449387264251709,2025-04-15 11:54:34.694779,2025-04-15 11:55:02.561538,0 days 00:00:27.866759,0.53582660427271,0.33443243574053944,8,0.03679436827970684,0.0061311846470402075,0.004107591216484085,0.07575892098292986,0.02906504605481115,0.07994245511852706,0.00038218293123920143,21,30,0.014274668343935775,0.019739316951422045,True,True,True,3.5074277430612653e-07,COMPLETE
1898,0.18795708417892457,2025-04-15 11:55:03.165419,2025-04-15 11:55:32.817802,0 days 00:00:29.652383,0.5568649208605192,0.3958650635599165,8,0.08657505422169103,0.014760492734499458,0.03707662810279407,0.07821762125767712,0.02251333466552555,0.07738925863513316,0.00024683544111771976,20,135,0.016505630200992678,0.005591588310261472,True,True,True,2.266224110391857e-06,COMPLETE
1899,0.3580686092376709,2025-04-15 11:55:33.446888,2025-04-15 11:56:02.305925,0 days 00:00:28.859037,0.5778024173083239,0.43226116371217066,8,0.0239754134636138,0.02992321434279361,0.03269324564993856,0.04654322860292262,0.03257503590820763,0.07491395644080105,0.00029278707102101603,22,36,0.023626436468496548,0.0146315304063811,True,True,True,5.811528773805328e-07,COMPLETE
1900,0.4224300861358643,2025-04-15 11:56:02.938254,2025-04-15 11:56:30.311939,0 days 00:00:27.373685,0.6752459734679599,0.35943133885495027,8,0.06550071552415965,0.020439040076614692,0.0396352147681423,0.0861361450267553,0.02526193444061283,0.08644475503613064,0.00017485959656623215,21,31,0.02040560769488301,0.11885787983048866,True,True,True,1.0227901035333525e-06,COMPLETE
1901,0.18795708417892457,2025-04-15 11:56:30.927879,2025-04-15 11:56:59.699632,0 days 00:00:28.771753,0.5137057397767396,0.8450177620377504,8,0.06024705896247735,0.005000148857712619,0.008031551504269147,0.07204682039341109,0.036924251356355714,0.08153065971209159,0.00020552141708296762,20,114,0.011520769643793395,0.005543315909133336,True,True,True,1.47149530638626e-06,COMPLETE
1902,0.40241322517395023,2025-04-15 11:57:00.331247,2025-04-15 11:57:29.597321,0 days 00:00:29.266074,0.6251498467118586,0.38497132578937926,8,0.015049794941116612,0.012600670160073029,0.002848928350885571,0.0768376297048252,0.030883768762128082,0.0837692303056076,0.00038285724112536946,23,26,0.013679358996788696,0.023373830569703803,True,True,True,1.8398665971266787e-06,COMPLETE
1903,0.3214994788169861,2025-04-15 11:57:30.205647,2025-04-15 11:58:04.820563,0 days 00:00:34.614916,0.5834562712501469,0.2996924435154331,8,0.05180641466152478,0.022793326240822816,0.006182405777904576,0.07466967175170021,0.03466652573030699,0.07709966839461571,0.00028755966525391343,30,34,0.017378323953739856,0.010657153500511392,True,True,True,4.776995959605489e-06,COMPLETE
1904,0.5930192589759827,2025-04-15 11:58:05.453623,2025-04-15 11:58:31.528073,0 days 00:00:26.074450,0.4648272938444176,0.41646397855082606,8,0.07768084192606305,0.0156466564815331,0.004188755764211299,0.0795139838778638,0.028863828757536993,0.08053945441937309,0.00013235404220535697,19,29,0.01904473873140693,0.01721372048432359,True,True,True,1.267302549879449e-06,COMPLETE
1905,0.31837667226791383,2025-04-15 11:58:32.171874,2025-04-15 11:58:58.420638,0 days 00:00:26.248764,0.46719363711567674,0.3615137739376418,8,0.0891151198618153,0.032650702412128876,0.004117286729206803,0.08197749004961319,0.027085661142973384,0.08238259826122343,9.330854726357224e-05,19,25,0.022059445021492905,0.03187313379050069,True,True,True,1.2303544432356923e-06,COMPLETE
1906,0.18795708417892457,2025-04-15 11:58:59.039364,2025-04-15 11:59:24.185590,0 days 00:00:25.146226,0.44933509590688525,0.3987121094338383,8,0.07977107632869414,0.02829897502800225,0.0026836206450829934,0.081073776328878,0.023508047242565784,0.08436936684829904,0.00010506765653956921,18,22,0.020632348362338977,0.03496092683299556,True,True,True,1.1423988445839925e-06,COMPLETE
