number,value,datetime_start,datetime_complete,duration,params_alpha-eval,params_alpha-train,params_batch-size,params_eps-eval,params_eps-train,params_lambda-actions-eval,params_lambda-actions-train,params_lambda-frames-eval,params_lambda-frames-train,params_learning-rate,params_n-epochs,params_n-frames,params_radius-gw,params_rho,params_std-feats,params_ub-actions,params_ub-frames,params_weight-decay,state
1571,0.33911065459251405,2025-04-15 09:08:16.350414,2025-04-15 09:08:43.540642,0 days 00:00:27.190228,0.5560711149228877,0.32429969876685116,8,0.08270654863314417,0.01968045538216223,0.00831901075528902,0.07477011120589226,0.03555441847898193,0.08396460450314606,0.000375502776644574,20,34,0.011661782188589945,0.032728428748620066,True,True,True,9.85787290919705e-07,COMPLETE
1572,0.37392271757125856,2025-04-15 09:08:44.046717,2025-04-15 09:09:11.871739,0 days 00:00:27.825022,0.5431847385996529,0.26851849091326097,8,0.0002834606814869113,0.026385331271555186,0.007508578907532683,0.07262281166159708,0.04444172007325865,0.08241849260306602,0.00013589105414599657,21,34,0.009796365492968494,0.024000103112029342,True,True,True,1.6057638943830982e-06,COMPLETE
1573,0.365468168258667,2025-04-15 09:09:12.375449,2025-04-15 09:09:39.563057,0 days 00:00:27.187608,0.5177534103801588,0.2924620844411823,8,0.069956062946427,0.01682703877967898,0.005803481617114295,0.08576202506077542,0.04055493352959649,0.08298518932488017,0.00024295345625707446,20,38,0.012213190228513016,0.022978231704106695,True,True,True,1.7477912615969295e-06,COMPLETE
1574,0.5629239559173584,2025-04-15 09:09:40.088790,2025-04-15 09:10:06.947122,0 days 00:00:26.858332,0.49883868304989326,0.3099837050120029,8,0.07541725353604199,0.016156218049202257,0.009579576249921833,0.07792157517817452,0.036511101652623196,0.0853915347744133,0.0002894209385368857,20,33,0.010229133219351514,0.03315229235194432,True,True,True,1.1770723359189637e-06,COMPLETE
1575,0.4061522841453552,2025-04-15 09:10:07.453374,2025-04-15 09:10:35.505842,0 days 00:00:28.052468,0.5285778205742827,0.34289092363571816,8,0.06723741739708329,0.023343253578791256,0.0047748867214341024,0.08168825964082178,0.03860042665254546,0.0883699186025098,0.05295722805591724,21,40,0.007609515436450432,0.019362483259911464,True,True,True,2.157768660800494e-06,COMPLETE
1576,0.36233888864517216,2025-04-15 09:10:36.008273,2025-04-15 09:11:01.609398,0 days 00:00:25.601125,0.48480363362068224,0.3394196850822846,8,0.06375957152446374,0.037394737746918726,0.007494303429505958,0.06896683553327494,0.03475748730404018,0.08271560458757225,0.00020373009501989598,18,32,0.011857323702850843,0.019539670710202257,True,True,True,9.55184246561361e-07,COMPLETE
1577,0.18795708417892457,2025-04-15 09:11:02.134648,2025-04-15 09:11:29.710633,0 days 00:00:27.575985,0.5647424013622925,0.2853665303627931,8,0.06134947303421044,0.09135355896645608,0.009870638170410418,0.07675359285036795,0.039353212901562615,0.08116619009548695,0.0004726324295225487,21,37,0.012682890443859916,0.027666499831924034,True,True,True,1.4046184087517004e-06,COMPLETE
1578,0.18795708417892457,2025-04-15 09:11:30.218618,2025-04-15 09:11:56.586212,0 days 00:00:26.367594,0.5361938500390758,0.314727529989467,8,0.09055542974509001,0.06125765597452792,0.001011177387610101,0.07421602103007637,0.03706516617627083,0.08549238578972426,0.00034410263374556036,19,43,0.008143236826849781,0.017535228329519287,True,True,True,1.610057939221893e-06,COMPLETE
1579,0.36255820989608767,2025-04-15 09:11:57.093342,2025-04-15 09:12:24.097467,0 days 00:00:27.004125,0.5590053946394948,0.2655558920643129,8,0.05943354564869624,0.016806604270805672,0.005981386083094146,0.0841752420947049,0.03476303759389596,0.0823448066575053,0.03177958537865804,20,35,0.010025883905244259,0.01576831149272708,True,True,True,2.2847757666592873e-06,COMPLETE
1580,0.4059203624725342,2025-04-15 09:12:24.621230,2025-04-15 09:12:52.992664,0 days 00:00:28.371434,0.5100873893510147,0.3392817097272256,8,0.07843086047778453,0.027016443521751865,0.0040267568769762774,0.07107586391569974,0.03450653668402491,0.08153199797010859,0.00016169485767336564,22,32,0.013205638499180982,0.02184751539324764,True,True,True,1.1295570581821676e-06,COMPLETE
1581,0.42621287107467654,2025-04-15 09:12:53.499111,2025-04-15 09:13:21.257208,0 days 00:00:27.758097,0.5327638723259126,0.35149330265078493,8,0.07069085469509892,0.0212613344662274,0.0077615716118548716,0.08044428464246571,0.04246573251961758,0.08329618981489706,0.00026140386240348495,21,31,0.009225479440218532,0.0010783899105650113,True,True,True,7.701221882297671e-07,COMPLETE
1582,0.562800931930542,2025-04-15 09:13:21.761570,2025-04-15 09:14:30.777780,0 days 00:01:09.016210,0.5794380703606337,0.2468662417326979,2,0.08296924090779897,0.014648886548720763,0.004501356205589699,0.0761355013077236,0.03799433576991126,0.0803733232879995,0.00041027358490415084,19,35,0.014152361156151004,0.012009565919897373,True,True,True,1.991241767906939e-06,COMPLETE
1583,0.18795708417892457,2025-04-15 09:14:31.304103,2025-04-15 09:15:04.676926,0 days 00:00:33.372823,0.6015100816248005,0.7995558249885916,8,0.06528538463603378,0.03191413985890332,0.002394961771016133,0.07252419070699931,0.03399077524227327,0.08039822728647283,0.00032880418535967426,29,31,0.011937476727526024,0.026618616966488987,True,True,True,2.7176796563885884e-06,COMPLETE
1584,0.5671873092651367,2025-04-15 09:15:05.184350,2025-04-15 09:15:32.096762,0 days 00:00:26.912412,0.47504482157161154,0.3200395644418972,8,0.07490246635216793,0.014607939815309924,0.010428644431788783,0.0665188758321098,0.03702259388524495,0.0853832172523406,0.0002340705881842566,20,28,0.011152809231841832,0.015148866310001043,True,True,True,1.5159105843099919e-06,COMPLETE
1585,0.46731055974960334,2025-04-15 09:15:32.603867,2025-04-15 09:15:59.318338,0 days 00:00:26.714471,0.5485932150479533,0.2999018313621399,8,0.06675231698783538,0.017447621888154914,0.0010332654958299615,0.07903226278024758,0.03577101741972483,0.08298416249324216,0.0002912406548263394,20,25,0.006836641157232089,0.007103955391560901,True,True,True,1.0714895015269483e-06,COMPLETE
1586,0.3362918257713318,2025-04-15 09:15:59.845067,2025-04-15 09:16:28.864178,0 days 00:00:29.019111,0.6378039084200215,0.36680094038557987,8,0.0723394733898094,0.023791874782658953,0.006335951502228049,0.04852135968978569,0.04094756582742115,0.08748486098733756,0.00020462878311011567,23,30,0.014141571342802526,0.07456567455107263,True,True,True,1.314372888942966e-06,COMPLETE
1587,0.26346774101257325,2025-04-15 09:16:29.375257,2025-04-15 09:16:57.211945,0 days 00:00:27.836688,0.5673809934031552,0.2834991553653235,8,0.09599103854067134,0.02058142570706197,0.003917724375154103,0.06920912639546214,0.03305355089885597,0.07950058945072014,0.0004935057801595583,21,34,0.009234203181118922,0.021247840043540966,True,True,True,8.334682270056632e-07,COMPLETE
1588,0.46260621547698977,2025-04-15 09:16:57.743999,2025-04-15 09:17:23.863287,0 days 00:00:26.119288,0.5209720449296723,0.33484994672841667,8,0.057697233360506285,0.012310160532635374,0.008208721297632067,0.07481991070587067,0.03462045918612855,0.08165382539087815,0.0003851711645977029,19,26,0.013165320702912793,0.011464327211271262,True,True,True,1.6459635377823598e-06,COMPLETE
1589,0.5224528074264526,2025-04-15 09:17:24.376083,2025-04-15 09:17:52.926697,0 days 00:00:28.550614,0.6208226408170768,0.3720622525342669,8,0.05690715294904696,0.02640546037956916,0.003084335710954321,0.06303678382702146,0.032969114006588154,0.07908602786095209,0.00018178587310065862,22,29,0.010978674516642167,0.03372173083035546,True,True,True,3.82617427263817e-06,COMPLETE
1590,0.4418423175811768,2025-04-15 09:17:53.441502,2025-04-15 09:18:21.407536,0 days 00:00:27.966034,0.540779433086487,0.35029604941968195,8,0.008152439465403834,0.03345302511538541,0.005820790014306304,0.07811405916809225,0.03934009429176373,0.08459824274671124,0.0001425099317260143,21,37,0.007494587017456407,0.0010412237257390444,True,True,True,2.3323851558117616e-06,COMPLETE
1591,0.39505426883697514,2025-04-15 09:18:21.937856,2025-04-15 09:18:48.777162,0 days 00:00:26.839306,0.5902071531632646,0.3212478295144057,8,0.06356540618056251,0.01101844099049299,0.010489474329329862,0.07169330701554107,0.03646278245178196,0.08088938004336574,0.00027579883007895024,20,32,0.01479099012300662,0.01850433864601312,True,True,True,1.8471483885657236e-06,COMPLETE
1592,0.18795708417892457,2025-04-15 09:18:49.291726,2025-04-15 09:19:17.522871,0 days 00:00:28.231145,0.5036044779094282,0.2542374980985971,8,0.07752990619962208,0.04265617906493585,0.0053746286421350025,0.07616626093080238,0.03250410388721901,0.0783705895599636,2.0364284656682e-05,22,23,0.012581453054318577,0.009371274790919426,True,True,True,9.021012513810956e-07,COMPLETE
1593,0.4015719294548035,2025-04-15 09:19:18.033056,2025-04-15 09:19:48.856235,0 days 00:00:30.823179,0.5718273443538094,0.37225980233183864,8,0.07046833001868306,0.020791343145369276,0.007236539963785904,0.07371690980676147,0.03456301159928585,0.08339728275555727,0.00044453785893423716,25,27,0.009960418865108359,0.014577213797077904,True,True,True,1.2938171257557221e-06,COMPLETE
1594,0.41685994863510134,2025-04-15 09:19:49.389180,2025-04-15 09:20:16.552258,0 days 00:00:27.163078,0.6074641849846889,0.34206086667471425,8,0.05345980110446434,0.014138086277844736,0.0010243963239361191,0.08201017051843898,0.0364291224742403,0.08045102554565453,0.00033272990630770145,20,30,0.014378459069342632,0.025156679091762866,True,True,True,2.890914615493358e-06,COMPLETE
1595,0.40240093469619753,2025-04-15 09:20:17.072480,2025-04-15 09:20:44.849487,0 days 00:00:27.777007,0.6517399180593821,0.30841652375755524,8,0.005807275642872903,0.009923751659195968,0.0030084604080416015,0.07053763323761868,0.0383197696760687,0.07801448967505846,0.00023411124463424763,21,35,0.01536030177856966,0.006532496782362366,True,True,True,1.8917759582421371e-06,COMPLETE
1596,0.46974074840545654,2025-04-15 09:20:45.361955,2025-04-15 09:21:17.348537,0 days 00:00:31.986582,0.5508285885315168,0.36065114014743826,8,0.06538588936573947,0.02726896963673546,0.008801263001692605,0.07986345537544844,0.031895071202175405,0.0812988093964812,0.0005050231026128656,27,32,0.007366349803727476,0.018857145059854294,True,True,True,1.3540762217929051e-06,COMPLETE
1597,0.36035735011100767,2025-04-15 09:21:17.891258,2025-04-15 09:21:44.397663,0 days 00:00:26.506405,0.5216557869399403,0.2912802413084775,8,0.0823759857974382,0.019369116607747268,0.004434850557693468,0.06867630325896862,0.03381625505042388,0.07640113942160943,0.00039792718892633396,19,39,0.012282346240073653,0.011236935666199752,True,True,True,1.010190474129455e-06,COMPLETE
1598,0.49482518434524536,2025-04-15 09:21:44.911807,2025-04-15 09:22:12.132856,0 days 00:00:27.221049,0.49639543117436286,0.09437220278464559,8,0.0547806944397761,0.014523363166763295,0.006483094155835588,0.08394523748449823,0.03137255119714093,0.08839125912678272,0.0003089214761255401,20,26,0.009095938539704293,0.006785189334692668,True,True,True,3.3396405195945764e-06,COMPLETE
1599,0.5744926691055299,2025-04-15 09:22:12.671016,2025-04-15 09:22:38.339201,0 days 00:00:25.668185,0.16906074008234284,0.2743245164352234,8,0.06072108468713481,0.009511309294033064,0.004929166537133333,0.07741397587867825,0.0363982035919008,0.0843620715932553,0.00018355412997078988,18,29,0.010256347660843284,0.012720687516055637,True,True,True,1.7878821673464073e-06,COMPLETE
1600,0.18795708417892457,2025-04-15 09:22:38.854274,2025-04-15 09:23:06.830982,0 days 00:00:27.976708,0.5844564087985699,0.3723123401482519,8,0.06949533839895695,0.023115799061269607,0.002914700627364664,0.07361203443987334,0.034650156066213404,0.07932042980048007,0.005546291509457223,22,22,0.016190114236497185,0.020924806397699384,True,True,True,2.2450286956358174e-06,COMPLETE
1601,0.3990687012672425,2025-04-15 09:23:07.346110,2025-04-15 09:23:34.969563,0 days 00:00:27.623453,0.46152691600828794,0.32729846770418236,8,0.07525511283199363,0.033305049205010165,0.008038255986362968,0.08635984242683631,0.04065892868111997,0.08212716375786318,0.0002560357943751278,21,33,0.013591322493807066,0.0057729583956041075,True,True,True,7.378347631998169e-07,COMPLETE
1602,0.18795708417892457,2025-04-15 09:23:35.504815,2025-04-15 09:24:05.164149,0 days 00:00:29.659334,0.6303548354934626,0.38028268663091364,8,0.007846629169153999,0.213259846379178,0.010109376938953007,0.07559230789103752,0.03217762484513528,0.08593957379407777,0.0003430070407807616,24,27,0.006870316074052768,0.01554859783502113,True,True,True,1.3316921937881718e-06,COMPLETE
1603,0.3940051078796387,2025-04-15 09:24:05.680769,2025-04-15 09:25:25.406338,0 days 00:01:19.725569,0.3184190552060798,0.3037680531175436,2,0.060439999081163064,0.01701797905764939,0.006002494577611665,0.06498334030165925,0.03774593623361892,0.07736040149589614,0.00020751451093224316,23,30,0.011071844772507833,0.028639307541620668,True,True,True,1.1519303763891797e-06,COMPLETE
1604,0.5395170211791992,2025-04-15 09:25:25.915884,2025-04-15 09:25:53.580772,0 days 00:00:27.664888,0.5570207012277087,0.35238003198657186,8,0.052226637960771025,0.009593429280696623,0.0010656102955307473,0.07233695610195502,0.03347124438748363,0.0797891255565044,0.0005114152262375563,20,34,0.015665128507282956,0.0065696867361992525,True,True,True,0.0003218215534525112,COMPLETE
1605,0.400324547290802,2025-04-15 09:25:54.121721,2025-04-15 09:26:20.320351,0 days 00:00:26.198630,0.5347062557219989,0.2475959671824448,8,0.06638512814133003,0.02806113192475005,0.004320595899973858,0.07909517182818149,0.030531777595032925,0.07615851689758116,0.00040399957492126906,19,25,0.01228520993753183,0.014720144469913052,True,True,True,2.596800584250956e-06,COMPLETE
1606,0.18795708417892457,2025-04-15 09:26:20.834902,2025-04-15 09:26:48.201002,0 days 00:00:27.366100,0.6046666264714906,0.3329330159147747,8,0.08601593750182027,0.15710640013075264,0.008853234680506267,0.08284671107743541,0.03562855856052204,0.08286203216536629,0.00027070162366835533,21,28,0.014414756286025609,0.023326088292551565,True,True,True,1.6422213463246839e-06,COMPLETE
1607,0.3669163227081299,2025-04-15 09:26:48.713229,2025-04-15 09:27:18.830009,0 days 00:00:30.116780,0.5846536154890737,0.3809643152392226,8,0.06120489456094167,0.018835010814679455,0.0029722332262935233,0.07039671235211319,0.03335507626335363,0.07956013923355597,0.0001669023096284718,23,65,0.008782452683652818,0.010453875578566103,True,True,True,1.0556919696153272e-06,COMPLETE
1608,0.39665629863739016,2025-04-15 09:27:19.372521,2025-04-15 09:27:46.502502,0 days 00:00:27.129981,0.5595617906059586,0.27812431829670453,8,0.07035579097356032,0.011456691233988478,0.006514158579581762,0.06692779744142248,0.03121336351731313,0.07813455880242733,0.0003649049716937378,20,36,0.017793828265913195,0.005715962052239817,True,True,True,2.094336376369883e-06,COMPLETE
1609,0.49480919837951665,2025-04-15 09:27:47.020314,2025-04-15 09:28:15.139794,0 days 00:00:28.119480,0.48214238683347677,0.35580674393493655,8,0.012021483786898594,0.023150285747030618,0.010520512231532218,0.08085874054767124,0.03833625520649199,0.08067093389190513,0.00023095749057993348,21,23,0.011190038533825991,0.019543543805800413,True,True,True,1.4604210470769454e-06,COMPLETE
1610,0.46438407897949224,2025-04-15 09:28:15.678394,2025-04-15 09:28:44.659190,0 days 00:00:28.980796,0.9263700163189299,0.30982700291705895,8,0.0006838008746438713,0.01637851999495963,0.004348471862039928,0.07671914872340765,0.03530774377552964,0.07594250369085101,0.00044757553298653476,22,31,0.013308281318327921,0.014079454463331446,True,True,True,3.339664372244445e-06,COMPLETE
1611,0.4441159844398499,2025-04-15 09:28:45.177572,2025-04-15 09:29:10.761482,0 days 00:00:25.583910,0.5150466564041278,0.38187212531134973,8,0.07969168780092477,0.00865521398027224,0.007670451174371783,0.07486297869542345,0.029934529745234383,0.08382941458372954,0.00013779750625786389,18,40,0.00702872365319673,0.0060313699682247555,True,True,True,8.8953850248979e-07,COMPLETE
1612,0.40848019123077395,2025-04-15 09:29:11.278002,2025-04-15 09:29:37.712829,0 days 00:00:26.434827,0.655431731268625,0.34296443345721656,8,0.05496499081543939,0.02746929879759219,0.0030820896968972947,0.07272660944760606,0.03267423575790218,0.08199612991418521,0.0003004650878513794,19,33,0.02230775336513519,0.02764638653402461,True,True,True,1.9051049631558614e-06,COMPLETE
1613,0.30939584970474243,2025-04-15 09:29:38.253873,2025-04-15 09:30:05.366313,0 days 00:00:27.112440,0.6251406065277094,0.35775877949140733,8,0.07492160262608419,0.014795166582541364,0.005812541385352412,0.07804525819948761,0.028566959513229934,0.08618845791640987,0.00021193105292530344,20,28,0.016696494540172458,0.01119680750411579,True,True,True,2.6921853952612265e-06,COMPLETE
1614,0.18795708417892457,2025-04-15 09:30:05.881528,2025-04-15 09:30:33.834582,0 days 00:00:27.953054,0.5417256834818448,0.28900536595743004,8,0.06679487912979314,0.19479257003598363,0.0024949265158681648,0.06946875432007325,0.04321137434387907,0.07797286683992073,0.0003262931299182149,22,25,0.009433386887384381,0.018476097688124228,True,True,True,1.127318066626119e-06,COMPLETE
1615,0.38516075611114503,2025-04-15 09:30:34.353400,2025-04-15 09:31:02.174713,0 days 00:00:27.821313,0.42850725966980224,0.32117594190494253,8,0.007328512147106869,0.022849417292477123,0.007913128146631733,0.0748812872164512,0.036759760052275915,0.07973524444663689,0.0002593537839882516,21,30,0.013683676303671745,0.0010418780147416554,True,True,True,1.5683500936671e-06,COMPLETE
1616,0.5409883856773376,2025-04-15 09:31:02.712226,2025-04-15 09:31:29.835244,0 days 00:00:27.123018,0.5720418898928278,0.26179899749741364,8,0.05966619849237969,0.013815916879356774,0.005048594967916386,0.07960765728690583,0.04012338336196468,0.07580416035383546,0.0005233592916840257,20,35,0.01580925552899058,0.03407080884160128,True,True,True,1.3060542910380512e-06,COMPLETE
1617,0.22118592262268066,2025-04-15 09:31:30.354230,2025-04-15 09:31:56.503829,0 days 00:00:26.149599,0.5995925538002738,0.3834742471147341,8,0.049194118312500784,0.037903745002538916,0.003067057920478581,0.07145407238155684,0.03433082579929653,0.08191969889495604,0.00038108920195389256,19,26,0.010999246188043066,0.0010088848387114404,True,True,True,2.1248740848001346e-06,COMPLETE
1618,0.2385483264923096,2025-04-15 09:31:57.045270,2025-04-15 09:32:26.777472,0 days 00:00:29.732202,0.5258933104681837,0.3633620868934986,8,0.012595882635232408,0.23097815262907936,0.010742279203295695,0.08222584992810339,0.031181298806155368,0.07795728442385237,0.0001600900404023834,24,32,0.018954242626939424,0.010252205296357488,True,True,True,9.52494947898936e-07,COMPLETE
1619,0.36627756357193,2025-04-15 09:32:27.296462,2025-04-15 09:32:55.146526,0 days 00:00:27.850064,0.5687020441551869,0.3289642283482472,8,0.06519938991545271,0.008796885841105884,0.006316033990826377,0.06792023636401204,0.05672865886948908,0.0841590812908315,0.0002794370004463818,21,22,0.0078542874716958,0.13851158900951824,True,True,True,6.974801618169731e-07,COMPLETE
1620,0.4436961889266968,2025-04-15 09:32:55.668734,2025-04-15 09:33:24.912252,0 days 00:00:29.243518,0.3907165004232874,0.3116210266933923,8,0.07234848573227738,0.021935548997109023,0.00455314229002972,0.0769602412827264,0.035203477040530444,0.08085891821299994,0.0005481382592527648,23,29,0.014979258830056776,0.02292965963413749,True,True,True,2.714598051342881e-06,COMPLETE
1621,0.3576509237289429,2025-04-15 09:33:25.459397,2025-04-15 09:33:54.117418,0 days 00:00:28.658021,0.5402388957626048,0.23801032920702053,8,0.048209798526013065,0.03042443186440426,0.08851072196843564,0.07347252741430205,0.0328037991955891,0.07650917172392054,0.0004497400290028417,22,38,0.01712354001138519,0.015313697830070359,True,True,True,1.7386001431991546e-06,COMPLETE
1622,0.5686525583267212,2025-04-15 09:33:54.644793,2025-04-15 09:34:21.395736,0 days 00:00:26.750943,0.507401281199408,0.3455450260939929,8,0.059268832839004845,0.01686956936144516,0.008637863205364318,0.07815258094115894,0.030206499027355387,0.07886149810416693,0.00021456800481330416,20,27,0.012157714716165011,0.006334730792677023,True,True,True,4.050088764994745e-06,COMPLETE
1623,0.3949039459228516,2025-04-15 09:34:21.913712,2025-04-15 09:34:54.815060,0 days 00:00:32.901348,0.5547252960926485,0.37591356925490715,8,0.0527438818605383,0.007153764342175514,0.006369932141998949,0.07541369390390977,0.0381470798185356,0.07431947037725274,0.00033549187193604,28,32,0.020869768206248092,0.01681485523008694,True,True,True,1.477634785409786e-06,COMPLETE
1624,0.18795708417892457,2025-04-15 09:34:55.357330,2025-04-15 09:35:23.273379,0 days 00:00:27.916049,0.2964700353067281,0.2662190159205338,8,0.09094152270896619,0.16465846998087827,0.002501275455715335,0.07161338170406015,0.028700331362580503,0.08287246225764823,0.00018420298124156308,22,23,0.008995148649791404,0.012236805836907626,True,True,True,5.635043424921182e-06,COMPLETE
1625,0.3105321228504181,2025-04-15 09:35:23.795871,2025-04-15 09:35:54.602409,0 days 00:00:30.806538,0.611596275923916,0.299534177254021,8,0.013469161251825876,0.020785021951052675,0.0046300775623190835,0.08080440533230161,0.03591478134387411,0.07975608003425526,0.00040396393045586553,25,36,0.006394423497040278,0.023477549475474296,True,True,True,1.2289893922301366e-06,COMPLETE
1626,0.5333417296409607,2025-04-15 09:35:55.145758,2025-04-15 09:37:08.963670,0 days 00:01:13.817912,0.5895370110574896,0.38283502192781704,2,0.07851371429102859,0.01237208694363515,0.010487489846587567,0.06974004339413908,0.03294201405446119,0.08721023099560371,0.00029339053018096796,21,30,0.013700638720835273,0.006696904346564728,True,True,True,2.2993878639628453e-06,COMPLETE
