number,value,datetime_start,datetime_complete,duration,params_alpha-eval,params_alpha-train,params_batch-size,params_eps-eval,params_eps-train,params_lambda-actions-eval,params_lambda-actions-train,params_lambda-frames-eval,params_lambda-frames-train,params_learning-rate,params_n-epochs,params_n-frames,params_radius-gw,params_rho,params_std-feats,params_ub-actions,params_ub-frames,params_weight-decay,state
168,0.43563687801361084,2025-04-13 03:11:48.579531,2025-04-13 03:12:08.161172,0 days 00:00:19.581641,0.6521393221487438,0.01975300779939476,8,0.05005756777240124,0.07184542639470864,0.003017426127268231,0.0715850238963681,0.006278145096875874,0.08022149480300896,0.001466200709589859,10,17,0.027572702880774198,0.1891259885810721,False,True,True,0.0005568759656822472,COMPLETE
169,0.3909862160682679,2025-04-13 03:12:08.216338,2025-04-13 03:12:27.469301,0 days 00:00:19.252963,0.5604846507502036,0.1205979666850282,8,0.07088734878117192,0.04069705312299728,0.00702065655687935,0.06787646973482958,0.0040882063289509555,0.07642306807464598,0.001246497501981304,10,12,0.023388663145584198,0.16385644761217158,False,True,True,6.209657045378319e-07,COMPLETE
170,0.1955829441547394,2025-04-13 03:12:27.524411,2025-04-13 03:12:48.161684,0 days 00:00:20.637273,0.7770272401298078,0.1861404588170327,8,0.06165988422860531,0.05653192867162342,0.054546120314022006,0.07555198376562203,0.0020511175092945886,0.08143794805908143,0.0006830554677073174,12,24,0.02023253403483875,0.18158356672864376,False,True,True,0.000420687850509793,COMPLETE
171,0.46737413406372075,2025-04-13 03:12:48.216698,2025-04-13 03:13:09.756826,0 days 00:00:21.540128,0.5334539017506528,0.07538796643918055,8,0.0783154706605861,0.030483368617827095,0.0049696691269122545,0.0702982307104244,0.009256682248861496,0.01274277517641434,0.0009801086165687211,13,19,0.02480470323974876,0.19299901479507842,False,True,True,0.0008002656644662366,COMPLETE
172,0.46094810962677,2025-04-13 03:13:09.822207,2025-04-13 03:13:30.943643,0 days 00:00:21.121436,0.5363627838298064,0.09025496775669696,8,0.07384408908025192,0.02948367318134961,0.0050101258967427285,0.07343687066314453,0.009637162524815392,0.018181337307179697,0.0012636893030814366,12,20,0.024870493655280768,0.1922813792121906,False,True,True,0.0009824542914323004,COMPLETE
173,0.4655830502510071,2025-04-13 03:13:31.000129,2025-04-13 03:13:51.857591,0 days 00:00:20.857462,0.5296484022218746,0.15559585112566846,8,0.07908251058843017,0.03278150205096107,0.011693280979493681,0.07329826614263661,0.009051318577612662,0.009195153961490645,0.0012533038362542766,12,19,0.02896404256753245,0.19453790132708668,False,True,True,0.0007229270844646825,COMPLETE
174,0.4004091024398804,2025-04-13 03:13:51.914128,2025-04-13 03:14:12.382495,0 days 00:00:20.468367,0.5041896021797727,0.07594285179840664,8,0.07958198942543594,0.04762773981516077,0.010886880040430515,0.07044248379412454,0.006910230272992892,0.01575861426429118,0.001034164459845705,11,118,0.026088043260190725,0.19726703989741853,False,True,True,0.0006978492278007257,COMPLETE
175,0.4614713072776795,2025-04-13 03:14:12.440165,2025-04-13 03:14:34.153649,0 days 00:00:21.713484,0.5214862064396716,0.055507719710849536,8,0.06651758246905472,0.038386739582783845,0.008215774586519486,0.07246757842131951,0.0011794472631222453,0.009630609027299357,0.0015489570029737065,13,18,0.031193592393836414,0.18458154923008155,False,True,True,2.5710427065232427e-05,COMPLETE
176,0.46157406568527226,2025-04-13 03:14:34.210462,2025-04-13 03:14:55.851594,0 days 00:00:21.641132,0.5915896946503425,0.06447468906510256,8,0.0674628308216989,0.03965716714575389,0.008297082094064281,0.07601647685484085,0.004096800641811292,0.011306012290361194,0.0014767243953169838,13,18,0.031068167948337454,0.1852460420255894,False,True,True,2.2082648131093686e-05,COMPLETE
177,0.4805729627609253,2025-04-13 03:14:55.910991,2025-04-13 03:15:15.986384,0 days 00:00:20.075393,0.5903532335375581,0.062468978804850625,8,0.05644778206731164,0.03442988809881583,0.011757169168120148,0.07665103499695937,0.004836318127690232,0.008347227890840124,0.0008221961792186916,11,15,0.03381482852840168,0.20336901089544732,False,True,True,3.665997235598365e-05,COMPLETE
178,0.48126130104064946,2025-04-13 03:15:16.044049,2025-04-13 03:15:34.822031,0 days 00:00:18.777982,0.5731170279760927,0.16548251993970128,8,0.05611469295243606,0.03355207094081113,0.0029437838381648116,0.06983730095790898,0.008683362090456392,0.006668522890137531,0.0008035063200659462,9,15,0.02849056324972233,0.2007731840258894,False,True,True,4.077586657769509e-05,COMPLETE
179,0.4963135361671448,2025-04-13 03:15:34.879555,2025-04-13 03:15:55.085145,0 days 00:00:20.205590,0.5758154052506563,0.043863383855704874,8,0.0546619162846764,0.032417203339252354,0.012186592360875804,0.06904449974772219,0.015385006738211663,0.025872494838003364,0.0008808226279384817,11,14,0.02877330855690417,0.2033003293339252,False,True,True,3.8686864786466004e-05,COMPLETE
180,0.33824303150177004,2025-04-13 03:15:55.145039,2025-04-13 03:16:15.455681,0 days 00:00:20.310642,0.5666609639595941,0.05162989103614174,8,0.05524173791719467,0.05109663207481392,0.002934263997844651,0.06884894609743146,0.016548612707138866,0.003269174502222745,0.0008406806479154659,11,10,0.03687614875768018,0.20228760582132918,False,True,True,4.4489404070308775e-05,COMPLETE
181,0.5137924671173095,2025-04-13 03:16:15.522615,2025-04-13 03:16:34.300454,0 days 00:00:18.777839,0.6172255424818621,0.12188083978643206,8,0.04450318244959771,0.030516064731241355,0.012619869913519821,0.06546795594140832,0.02023897963338482,0.004638678345112006,0.0006927363831876716,9,14,0.02794659735943705,0.19512233133148663,False,True,True,3.7970446737751796e-05,COMPLETE
182,0.528056275844574,2025-04-13 03:16:34.359531,2025-04-13 03:16:52.444915,0 days 00:00:18.085384,0.6094913998793183,0.11957521405579644,8,0.04842444160812695,0.03398206539847778,0.012926199776940782,0.0644963747822336,0.01243969275376671,0.004759813257323086,0.0005868537791690263,8,14,0.027637214745026274,0.19954502507113564,False,True,True,3.872234587158479e-05,COMPLETE
183,0.3043294847011566,2025-04-13 03:16:52.505299,2025-04-13 03:17:10.506179,0 days 00:00:18.000880,0.6021064146541388,0.10409134608037683,8,0.047757468252758936,0.045769570998859525,0.013147978173422165,0.06612029898247714,0.021029055878436197,0.0071597955566918055,0.000697113947620361,8,5,0.02824874941818832,0.20022187535679864,False,True,True,6.331016120302471e-05,COMPLETE
184,0.42028586864471434,2025-04-13 03:17:10.565386,2025-04-13 03:17:29.290888,0 days 00:00:18.725502,0.6243885696110631,0.12724143389173012,8,0.03954298999037388,0.037469662284472065,0.006598408078483058,0.06437411190688101,0.015934912784583553,0.005088415049786934,0.0005354817539732333,9,13,0.03467178013888819,0.19159913498332487,False,True,True,3.6342006612011176e-05,COMPLETE
185,0.5480119585990906,2025-04-13 03:17:29.349515,2025-04-13 03:17:48.475799,0 days 00:00:19.126284,0.6099812557913636,0.045122597558479985,8,0.043191167096933984,0.03292352972652014,0.01150716598728289,0.061977535653988725,0.012706319616932502,0.030433011100328318,0.0006060963005553418,9,15,0.027299709393677225,0.20646547583507963,False,True,True,3.269903567584329e-05,COMPLETE
186,0.18795708417892457,2025-04-13 03:17:48.536306,2025-04-13 03:18:06.937191,0 days 00:00:18.400885,0.5807755940040679,0.042544033874850895,8,0.04490857733670732,0.043222938150458357,0.016137704431206157,0.06251101931625536,0.019394673028497688,0.030886824698277686,0.0006448774365787953,9,8,0.027909158799083306,0.20511880028509508,True,True,True,3.323094289449896e-05,COMPLETE
187,0.5420310258865356,2025-04-13 03:18:06.996892,2025-04-13 03:18:25.101274,0 days 00:00:18.104382,0.6491114073030136,0.16118936041396273,8,0.05074475921635742,0.03346902616679531,0.01298497596674342,0.05789518579567789,0.01334910018216932,0.004574370603664456,0.0005670986391377692,8,15,0.032586172838767295,0.20627160215477006,False,True,True,4.734176181565498e-05,COMPLETE
188,0.3955745816230774,2025-04-13 03:18:25.161512,2025-04-13 03:18:43.396591,0 days 00:00:18.235079,0.6496370866916312,0.16412455206271026,8,0.052741544927800664,0.05985422718336773,0.013191852136308344,0.05812113161539649,0.012687372735714806,0.001000927700354625,0.0004652821546548713,8,14,0.03209915209242893,0.21291729790207425,False,True,True,5.144209473385801e-05,COMPLETE
189,0.32980403304100037,2025-04-13 03:18:43.459320,2025-04-13 03:19:01.819382,0 days 00:00:18.360062,0.6841380730571311,0.03875209072826075,8,0.04185355632637075,0.03460538415154009,0.07299550560748237,0.06084588536000318,0.015699757983698402,0.03352801226497713,0.0006077506698898475,8,12,0.03303069162710479,0.206373081561088,False,True,True,4.033742161626046e-05,COMPLETE
190,0.18795708417892457,2025-04-13 03:19:01.888910,2025-04-13 03:19:20.577217,0 days 00:00:18.688307,0.7098075668598332,0.11605015086640487,8,0.04863969123435054,0.19674247481193952,0.010711207240634518,0.06569372001986457,0.013559725739199382,0.024322847315622557,0.0007827389997458806,9,15,0.02988342501074798,0.20148909754569364,False,True,True,2.625711384524405e-05,COMPLETE
191,0.33406264185905454,2025-04-13 03:19:20.639222,2025-04-13 03:19:39.292660,0 days 00:00:18.653438,0.6056291962381487,0.01601476520903347,8,0.05727747692238487,0.024314572883191565,0.012339233401865615,0.06362892378841688,0.018530259390854394,0.047071469157835596,0.00048186814544627204,9,10,0.027519549589394798,0.19756697504379714,False,True,True,1.7899354088717558e-05,COMPLETE
192,0.40294302701950074,2025-04-13 03:19:39.354376,2025-04-13 03:19:56.733550,0 days 00:00:17.379174,0.6601021506809627,0.19671634343528438,8,0.03711751506153813,0.033048549547378465,0.01489123360540793,0.054745729120137025,0.012047741589756064,0.004803464476802105,0.0005868195485725258,7,13,0.026142639358125764,0.18821613196742712,False,True,True,2.9621392658073706e-05,COMPLETE
193,0.5261947631835938,2025-04-13 03:19:56.795468,2025-04-13 03:20:13.546058,0 days 00:00:16.750590,0.6149295322808498,0.1710114437938023,8,0.05323567209424068,0.027441497685136353,0.01051379242610482,0.06755532637001127,0.005742722200351887,0.006778933857590244,0.0007484299691539993,6,16,0.029223187546197994,0.2098279702755567,False,True,True,5.369257642219749e-05,COMPLETE
194,0.5165466904640198,2025-04-13 03:20:13.609053,2025-04-13 03:20:30.999221,0 days 00:00:17.390168,0.6167703083825463,0.12666595487012625,8,0.04451186382399488,0.027625814056044178,0.009317444590528167,0.0685616979167964,0.0060534923729806175,0.00719454911855478,0.0007841475467089213,7,15,0.0298132925774157,0.21429292822292073,False,True,True,5.503969153832416e-05,COMPLETE
195,0.4307585597038269,2025-04-13 03:20:31.062182,2025-04-13 03:20:48.169032,0 days 00:00:17.106850,0.6326390542525621,0.16959590669639507,8,0.043955926426391054,0.04034577527572688,0.009543073951177506,0.0675565257914026,0.006295818267828405,0.00615886786495036,0.0007153152617890295,7,8,0.030526398247588852,0.21620214013249375,False,True,True,7.225980462217661e-05,COMPLETE
196,0.39553756713867194,2025-04-13 03:20:48.231886,2025-04-13 03:21:05.592703,0 days 00:00:17.360817,0.6142734828615901,0.13313816056892822,8,0.05300082764268316,0.051617154305293955,0.011314797897353375,0.06156641683179898,0.007211563929818962,0.007421724036259139,0.0005601664370152728,7,15,0.032823009653214996,0.20732538916935367,False,True,True,4.1851689415311693e-05,COMPLETE
197,0.4136096358299256,2025-04-13 03:21:05.657168,2025-04-13 03:21:22.522527,0 days 00:00:16.865359,0.5689347879696511,0.11152990102951478,8,0.030797176391692375,0.030644821551243307,0.008676817235619323,0.06863656571426552,0.013902704476800143,0.0028367097240462953,0.00042327089521188005,6,16,0.03926943270397793,0.20086976815530466,False,True,True,5.392653219065872e-05,COMPLETE
198,0.48402837514877317,2025-04-13 03:21:22.595693,2025-04-13 03:21:39.304178,0 days 00:00:16.708485,0.5853789875189477,0.0825483374260649,8,0.058898356886170816,0.026946961640190628,0.014508359657903019,0.0645460195887038,0.011394501360926783,0.0044561404656201275,0.0009202902129216754,6,11,0.035837959686283845,0.22120045272308825,False,True,True,3.390703873345696e-05,COMPLETE
199,0.352584969997406,2025-04-13 03:21:39.367895,2025-04-13 03:21:56.192166,0 days 00:00:16.824271,0.586445847754864,0.15490336267581836,8,0.04836066956192954,0.026893194013554094,0.015232061688049442,0.06505168960391097,0.011116675908702241,0.0051523310675895065,0.0008875448598840285,6,10,0.035861349897550056,0.21257224557672033,False,True,True,5.660283166475949e-05,COMPLETE
200,0.32014641761779783,2025-04-13 03:21:56.256332,2025-04-13 03:22:12.766163,0 days 00:00:16.509831,0.6187895867793338,0.08622800813353307,8,0.039088146400299506,0.044276902864991474,0.013581514394499231,0.06292404894153072,0.013970146513217215,0.012761415188404044,0.0006339534503122932,6,6,0.03474084692517732,0.22045373078972652,False,True,True,3.606612406510271e-05,COMPLETE
201,0.3906195402145386,2025-04-13 03:22:12.830540,2025-04-13 03:22:30.923824,0 days 00:00:18.093284,0.5494597464154405,0.20417855137358432,8,0.061977012227027936,0.03364904250573081,0.00985514811647566,0.06610183251451211,0.004632026846078533,0.003096666172849338,0.0008535385136077886,8,12,0.029469376776343797,0.2246897901260301,False,True,True,2.5140816740100423e-05,COMPLETE
202,0.18795708417892457,2025-04-13 03:22:30.988153,2025-04-13 03:22:46.998740,0 days 00:00:16.010587,0.6681054170627189,0.13179178247939052,8,0.055754775663221866,0.024263985418339525,0.012233650463008667,0.0015503519884156182,0.011322711346843588,0.040276281961462726,0.0009679537503330437,5,15,0.028058303223349724,0.20806605801282277,False,True,True,4.22948021138045e-05,COMPLETE
203,0.4970172762870789,2025-04-13 03:22:47.063784,2025-04-13 03:23:06.428417,0 days 00:00:19.364633,0.6364811813118378,0.06189001849088434,8,0.06160485943339916,0.03742328955232139,0.0904549151807556,0.05960074293664747,0.005472874698636819,0.009198134257706879,0.0007397019237995577,10,15,0.031955083187826645,0.17853850350749137,False,True,True,3.3365331266155074e-05,COMPLETE
204,0.3416549801826477,2025-04-13 03:23:06.493991,2025-04-13 03:23:25.699989,0 days 00:00:19.205998,0.5977038685133711,0.06865961204026488,8,0.052499364579850154,0.02783806449007568,0.09441953012404146,0.05952446363036367,0.008173616544524894,0.008565203013326526,0.0007403105337908971,10,10,0.033395153207418066,0.1794189704486065,False,True,True,3.420224929078762e-05,COMPLETE
205,0.5133150935173034,2025-04-13 03:23:25.775707,2025-04-13 03:23:44.680103,0 days 00:00:18.904396,0.6389147965780418,0.03710746990404301,8,0.04546500225271378,0.0384330245197366,0.01812999722075411,0.060857104097732484,0.004850279849124757,0.005186128884258502,0.0005159870367712658,9,16,0.026886539390466133,0.17117494729825197,False,True,True,3.0138592646800025e-05,COMPLETE
206,0.38499257564544676,2025-04-13 03:23:44.747330,2025-04-13 03:24:03.539944,0 days 00:00:18.792614,0.637502921496399,0.17187736925215907,8,0.044797227493642754,0.0407542029452406,0.08908495261657434,0.057717185228770757,0.006880554918390963,0.004135822973968917,0.0005010982929677963,9,12,0.026190397086166446,0.17047592393861874,False,True,True,4.771218098397617e-05,COMPLETE
207,0.18795708417892457,2025-04-13 03:24:03.606030,2025-04-13 03:24:21.780167,0 days 00:00:18.174137,0.6493649514283206,0.03313274066212802,8,0.03790705177630866,0.02015997747156588,0.01578702599669604,0.060978695233557235,0.01759679165444488,0.010024438590228755,0.00039437847950603316,8,81,0.028942395332915816,0.17491724105123346,False,True,True,7.590061919473424e-05,COMPLETE
208,0.22975484132766727,2025-04-13 03:24:21.846750,2025-04-13 03:24:41.339948,0 days 00:00:19.493198,0.6155451185806862,0.09523399220475928,8,0.03016300101420123,0.025508681300465075,0.014117579852766831,0.0639849640189791,0.01069283821505051,0.001107393454146388,0.06800090204199051,10,16,0.02420283436148845,0.1798560314553354,False,True,True,1.625965230938519e-05,COMPLETE
209,0.3347339153289795,2025-04-13 03:24:41.406172,2025-04-13 03:24:58.539888,0 days 00:00:17.133716,0.5761877884604883,0.014870719209912342,8,0.04876981345658843,0.04953336973777944,0.01865324801539396,0.06039255318764119,0.02424189115002498,0.006276503713686627,0.0006090854481018434,7,7,0.026719903692244976,0.18499406030671905,False,True,True,2.806517845705681e-05,COMPLETE
210,0.4283817768096924,2025-04-13 03:24:58.607223,2025-04-13 03:25:17.578344,0 days 00:00:18.971121,0.5563521829887225,0.2265862463492112,8,0.06049183659988132,0.03947956480274531,0.009270266552625542,0.054970660181510804,0.015109733420160839,0.006384351346505945,0.0005196434274446479,9,16,0.029518737695933113,0.21619519073989468,False,True,True,5.6956516338911455e-05,COMPLETE
211,0.41116262674331666,2025-04-13 03:25:17.646276,2025-04-13 03:25:33.492618,0 days 00:00:15.846342,0.6378782854781836,0.0509885434404198,8,0.056248353141843135,0.03348914371615136,0.011464589463083543,0.06717671561887736,0.005020266809265368,0.010938612132093142,0.000779092847934664,5,13,0.03272174987023802,0.19765375360502263,False,True,True,3.674856816092649e-05,COMPLETE
212,0.3317349672317505,2025-04-13 03:25:33.560973,2025-04-13 03:25:53.304124,0 days 00:00:19.743151,0.6019884517372431,0.07260158771343295,8,0.04131543653874063,0.030252241206643885,0.07237606152327099,0.05761126207145373,0.0034993072471767974,0.008642907888342582,0.0006514653770114333,10,16,0.031592325095805555,0.20723927634944067,False,True,True,3.1283310984488166e-05,COMPLETE
213,0.5177724480628968,2025-04-13 03:25:53.381667,2025-04-13 03:26:11.523279,0 days 00:00:18.141612,0.583433662225227,0.13715357414894191,8,0.03437505363037622,0.021579248003123514,0.006698595592852603,0.06284579143523926,0.005849650332665797,0.022630473467388102,0.000328542922248845,8,11,0.037885987053437147,0.20306338565626111,False,True,True,4.546592925642554e-05,COMPLETE
214,0.20970563292503358,2025-04-13 03:26:11.592277,2025-04-13 03:26:29.384488,0 days 00:00:17.792211,0.6248691394982782,0.14467436014408905,8,0.03588010927924917,0.08459904571707269,0.05807939182104067,0.06287773983356644,0.007797081916858004,0.024865066433971277,0.00033046733175702705,8,9,0.02536110026979779,0.18906158786558558,False,True,True,4.756789908689369e-05,COMPLETE
215,0.37694795131683356,2025-04-13 03:26:29.452742,2025-04-13 03:26:45.957330,0 days 00:00:16.504588,0.6588240344189167,0.13114527213348187,8,0.04498920234608412,0.02140991698420116,0.006474610838149291,0.062325712991730994,0.005809023291823998,0.003849240419279468,0.00041898445248682184,6,11,0.03838884387422657,0.19553118998314217,False,True,True,2.087151200795579e-05,COMPLETE
216,0.3742485404014587,2025-04-13 03:26:46.028003,2025-04-13 03:27:03.690971,0 days 00:00:17.662968,0.5682882670368525,0.14740237083707639,8,0.03169672987651063,0.023197731769370226,0.007171772289564598,0.06500273642939783,0.009642128556092838,0.03073968086289288,0.000477465948355299,7,23,0.027280228065441583,0.17357209832554257,False,True,True,6.426595049298328e-05,COMPLETE
217,0.4828642368316651,2025-04-13 03:27:03.760173,2025-04-13 03:27:22.383210,0 days 00:00:18.623037,0.6127937518619236,0.18088510709682246,8,0.05307737786255934,0.017995131454103114,0.002622995948048126,0.05907552661450587,0.012880504148937095,0.015213971471723497,0.0005785936866552365,9,13,0.047245287826745086,0.2197669371009162,False,True,True,2.8869583304946656e-05,COMPLETE
218,0.4922116041183472,2025-04-13 03:27:22.453464,2025-04-13 03:27:40.604814,0 days 00:00:18.151350,0.6280407047176157,0.18527961478445576,8,0.04872306089093404,0.01614767898107211,0.00870360525300018,0.060375551271641154,0.012914728239615446,0.015190704180670526,0.00030914979729365963,8,12,0.04536405472915456,0.2234810111845499,False,True,True,2.7429683525118604e-05,COMPLETE
219,0.3669599413871765,2025-04-13 03:27:40.675158,2025-04-13 03:27:58.404596,0 days 00:00:17.729438,0.6728168975082495,0.2028027919926892,8,0.04473622147960955,0.026071127055098786,0.017670787451640517,0.06111083008989305,0.01995242137055341,0.0217907109544204,0.00030814811452191935,8,7,0.036613181416624146,0.2273500500057224,True,True,True,2.0534509570353534e-05,COMPLETE
220,0.3755082130432129,2025-04-13 03:27:58.485666,2025-04-13 03:28:16.032764,0 days 00:00:17.547098,0.6456383358152907,0.10665889038741452,8,0.03390243553018828,0.015612244272136143,0.008863550818052339,0.06393515315701666,0.0028416072602529207,0.019378555336991246,0.00036782744548729195,7,18,0.042107668200013375,0.21258616344875098,False,True,True,3.147577346120077e-05,COMPLETE
221,0.4073563814163208,2025-04-13 03:28:16.102894,2025-04-13 03:28:34.369718,0 days 00:00:18.266824,0.610499553486687,0.17404326065387718,8,0.050176364636946885,0.01884678777217328,0.005488556829923138,0.059272330851099383,0.012867274520034395,0.026608091497306394,0.0003043692755904879,8,12,0.04613181893384287,0.22125469214656177,False,True,True,2.8980080414159022e-05,COMPLETE
222,0.4634864330291748,2025-04-13 03:28:34.440239,2025-04-13 03:28:53.273477,0 days 00:00:18.833238,0.6321254590957808,0.1896227965482648,8,0.05077374299522124,0.016313728486659344,0.008408128872855046,0.057163770671618014,0.015108083474197027,0.015491097432338178,0.0005210470595118277,9,13,0.04743319053209974,0.21958424997552697,False,True,True,4.899775439076616e-05,COMPLETE
223,0.32241072654724123,2025-04-13 03:28:53.344779,2025-04-13 03:29:11.831714,0 days 00:00:18.486935,0.6090007203220582,0.12597436916692645,8,0.1700403939222659,0.02854113617096432,0.0055374832495482616,0.058841431357513435,0.01192759570952078,0.016157855944322362,0.00043907940424353496,9,10,0.0516401797417749,0.21390511668434084,False,True,True,2.4379193862903312e-05,COMPLETE
