number,value,datetime_start,datetime_complete,duration,params_alpha-eval,params_alpha-train,params_batch-size,params_eps-eval,params_eps-train,params_lambda-actions-eval,params_lambda-actions-train,params_lambda-frames-eval,params_lambda-frames-train,params_learning-rate,params_n-epochs,params_n-frames,params_radius-gw,params_rho,params_std-feats,params_ub-actions,params_ub-frames,params_weight-decay,state
1347,0.18795708417892457,2025-04-15 07:13:12.343421,2025-04-15 07:13:40.618188,0 days 00:00:28.274767,0.6397871918521463,0.3831030335427155,8,0.05419764922533664,0.029618298718173498,0.0011896403874149726,0.08317761061332153,0.028845427748779545,0.07833076404096019,0.00030160657169498047,22,24,0.012550415682144007,0.007260065549572058,True,True,True,1.7907074684960595e-07,COMPLETE
1348,0.18795708417892457,2025-04-15 07:13:41.050951,2025-04-15 07:14:10.174006,0 days 00:00:29.123055,0.6042738208951899,0.40679047068121243,8,0.06654940851606127,0.276761210748211,0.005698159180483523,0.07781479840386055,0.022745935393438076,0.07429861441842193,0.000502512978108412,23,29,0.015737681523190487,0.014469194032557066,True,True,True,1.3697466155191082e-07,COMPLETE
1349,0.48869740962982183,2025-04-15 07:14:10.611199,2025-04-15 07:14:38.704503,0 days 00:00:28.093304,0.541184547198112,0.3724007102640248,8,0.04766201411615377,0.01802096262916486,0.0031498631126289558,0.0741760125124262,0.029931661380667766,0.08360443991331165,0.0002362508807865793,21,37,0.008864210072704602,0.006750759556711264,True,True,True,1.303892960302482e-07,COMPLETE
1350,0.3588839173316956,2025-04-15 07:14:39.140269,2025-04-15 07:15:51.584364,0 days 00:01:12.444095,0.5005556706293517,0.4100695207630322,2,0.06480159317710739,0.022966261923750106,0.005080332985180886,0.07200887365615827,0.023560380745975718,0.07271800337555324,0.00042489860014574874,20,67,0.01224161662940687,0.029457392230836425,True,True,True,2.578554429359141e-07,COMPLETE
1351,0.37603249549865725,2025-04-15 07:15:52.014929,2025-04-15 07:16:19.961450,0 days 00:00:27.946521,0.5222841463872444,0.42032879659949396,8,0.056909652514560066,0.0003441981157012511,0.008169388063940216,0.08000333799768942,0.020420365129717004,0.07688397486460197,0.0003210967769939105,21,32,0.01636867052748557,0.0011254844652620194,True,True,True,1.7947217144292636e-07,COMPLETE
1352,0.41872481107711795,2025-04-15 07:16:20.392033,2025-04-15 07:16:47.931573,0 days 00:00:27.539540,0.558882010434404,0.20360519922738474,8,0.07047823831437491,0.01104876135412643,0.006405428352644927,0.07042053499744907,0.027027827968103643,0.08016621950251171,0.0005241896015744895,21,26,0.009689684154344182,0.0197390188856766,True,True,True,2.2515793176334538e-07,COMPLETE
1353,0.4403460621833801,2025-04-15 07:16:48.359849,2025-04-15 07:17:13.933379,0 days 00:00:25.573530,0.4169006448353674,0.32823469000309047,8,0.047759088750363915,0.0060775305177245735,0.008966480656468137,0.07591004769959023,0.03104261127002842,0.077443962811652,0.00039900154694630813,18,23,0.017243662931313304,0.012525373358946868,True,True,True,1.2873054204371473e-07,COMPLETE
1354,0.5778821825981141,2025-04-15 07:17:14.385834,2025-04-15 07:17:44.802040,0 days 00:00:30.416206,0.5932329172281389,0.2531903814468021,8,0.06280976987291062,0.014376690017815774,0.004257229069847805,0.07328080454036306,0.035891346530674426,0.08181360727789311,0.00026600819818039,25,29,0.014209002051368508,0.006246223549716027,True,True,True,1.6697466437067117e-07,COMPLETE
1355,0.27522011995315554,2025-04-15 07:17:45.243088,2025-04-15 07:18:16.164324,0 days 00:00:30.921236,0.5886530586961057,0.24532910201442215,8,0.08352300583623236,0.00539950402376221,0.0010293754789466284,0.07733253271266011,0.03764814161823252,0.0854161810542877,0.00021081256199192479,25,40,0.015086820286317778,0.005168087248277987,True,True,True,2.3222612675424773e-07,COMPLETE
1356,0.41047274470329287,2025-04-15 07:18:16.603418,2025-04-15 07:18:49.251833,0 days 00:00:32.648415,0.6179084131375205,0.3930115064263626,8,0.06277452662874483,0.010868785727430164,0.002987356080978953,0.07451827122130197,0.03647049666252559,0.08374977169698804,0.004329397937801874,28,34,0.013242044776958131,0.0065970815170642546,True,True,True,1.7459212843045023e-07,COMPLETE
1357,0.4243736028671265,2025-04-15 07:18:49.688896,2025-04-15 07:19:19.722965,0 days 00:00:30.034069,0.5718335868487728,0.22644183122981093,8,0.0634914289991114,0.019340423796310645,0.004540817830950826,0.07568778626471755,0.03588004050444746,0.08252018955970382,0.0002341950862730296,24,31,0.014732376468859748,0.0010421723366104444,True,True,True,2.0894697149205637e-07,COMPLETE
1358,0.2036413073539734,2025-04-15 07:19:20.155228,2025-04-15 07:19:54.034542,0 days 00:00:33.879314,0.6101923351770269,0.21379620520905518,8,0.06838861424101148,0.026244294796491763,0.002930324275874233,0.0784294610204815,0.037099789997865056,0.08468297001944236,0.0002569520487870841,27,99,0.013812232763215367,0.0069582736897932365,True,True,True,1.6646612450684575e-07,COMPLETE
1359,0.4040629982948304,2025-04-15 07:19:54.467353,2025-04-15 07:20:25.096514,0 days 00:00:30.629161,0.5573683697647467,0.23455149715940715,8,0.07932557187422862,0.005129323347540196,0.005460868307679035,0.03459160119283099,0.034837543120161754,0.08181953951031355,0.00027055759154566097,25,34,0.017745324426234787,0.0011765229663183293,True,True,True,2.8631021586842017e-07,COMPLETE
1360,0.46180318593978886,2025-04-15 07:20:25.550869,2025-04-15 07:20:52.307514,0 days 00:00:26.756645,0.5843288884655458,0.3661017553598891,8,0.05607479556359442,0.01418318915292921,0.003177377812682007,0.07363842795868346,0.03468123727877134,0.08630009157771053,0.0002118071030417301,20,30,0.011067729922772409,0.009757986105612662,True,True,True,3.1599095429258094e-07,COMPLETE
1361,0.5735744833946228,2025-04-15 07:20:52.747019,2025-04-15 07:21:23.536881,0 days 00:00:30.789862,0.20115182301594312,0.24511209335493628,8,0.061056848312301244,0.010099591443593821,0.005489595416256632,0.08158543295824178,0.03374952237989301,0.08186186670161326,0.00027710200970471944,25,29,0.015314256234019523,0.00995758081365187,True,True,True,1.553022268843013e-07,COMPLETE
1362,0.22524496912956238,2025-04-15 07:21:23.976269,2025-04-15 07:21:53.420806,0 days 00:00:29.444537,0.5958966224384509,0.422592539213899,8,0.07225672454217467,0.0005320363333310233,0.08507918027667846,0.07631530351543134,0.03672330646142533,0.08414147540008049,0.00029113927578131927,23,36,0.01302380949707519,0.00714253994308224,True,True,True,2.249514888939415e-07,COMPLETE
1363,0.556565010547638,2025-04-15 07:21:53.857535,2025-04-15 07:22:25.021310,0 days 00:00:31.163775,0.6315533468786054,0.3984332787384099,8,0.053838958766043624,0.00013556304753202693,0.004313446955447223,0.07336733408065059,0.03327281657736525,0.08068064514474974,0.00022322585909668422,26,33,0.011437892586864349,0.011526363388000513,True,True,True,1.9120307573205582e-07,COMPLETE
1364,0.5508745193481446,2025-04-15 07:22:25.461197,2025-04-15 07:22:53.858836,0 days 00:00:28.397639,0.5967709956297306,0.42153774823842494,8,0.060066345545830485,0.020756800838941002,0.002910619968347442,0.07932391687466439,0.037846926560722,0.08225861028399913,0.00031245834683644265,22,29,0.017316473587024286,0.005809558016749386,True,True,True,1.3858126571780372e-07,COMPLETE
1365,0.25238652825355534,2025-04-15 07:22:54.295396,2025-04-15 07:23:24.092704,0 days 00:00:29.797308,0.6085809176356639,0.22405842655990635,8,0.06741620625028429,0.03515959898091299,0.09953463950524644,0.07469747181998107,0.03564770043366919,0.0796817092757622,0.0003223536479492838,24,38,0.01244398283140608,0.013370146875159718,True,True,True,1.7676533966670087e-07,COMPLETE
1366,0.4918357253074646,2025-04-15 07:23:24.529703,2025-04-15 07:23:54.346885,0 days 00:00:29.817182,0.5848502625177419,0.1952964819721464,8,0.05021650422209108,0.014951515389505503,0.0050712037606428445,0.07286003948576325,0.033039264503386144,0.07498140574416477,0.00025260573804707716,24,26,0.01554871564839633,0.0059306860250796746,True,True,True,2.4028197812657717e-07,COMPLETE
1367,0.2622759580612183,2025-04-15 07:23:54.801288,2025-04-15 07:24:25.937515,0 days 00:00:31.136227,0.5531602739416299,0.3808410331308411,8,0.0889321245363664,0.010079588931632699,0.006941226894332135,0.07734256182048928,0.03542802558971486,0.08554976061071495,0.00021789689492724326,26,32,0.009030958780883697,0.0015075337898594028,True,True,True,1.3653638475138148e-07,COMPLETE
1368,0.39908599853515625,2025-04-15 07:24:26.375787,2025-04-15 07:24:55.039744,0 days 00:00:28.663957,0.6352050083393006,0.25713122494417906,8,0.05846128293360922,0.02481216151842134,0.0011117613815758924,0.07221027470432641,0.031952638931845134,0.0795882679657888,0.00031760488983471045,22,28,0.011085281634369976,0.0011325249320885032,True,True,True,1.8863403285195662e-07,COMPLETE
1369,0.4425103068351746,2025-04-15 07:24:55.477194,2025-04-15 07:25:24.477325,0 days 00:00:29.000131,0.6482762246119367,0.40510510486144885,8,0.06381597184880428,0.018560785438291934,0.006429380885292984,0.07548247679491388,0.03382477868061272,0.0822142524047135,0.0002600669286741113,23,23,0.01785935253593136,0.014572907710713715,True,True,True,2.9013726024060663e-07,COMPLETE
1370,0.43133887052536013,2025-04-15 07:25:24.918072,2025-04-15 07:25:51.731174,0 days 00:00:26.813102,0.5721298876860028,0.36408059791653374,8,0.07559851795766492,0.00845255415899167,0.004266786266692239,0.08112156860249758,0.09761898040780653,0.07792187249137944,0.0003394469429892435,20,31,0.014246227741162722,0.010999840067425569,True,True,True,1.362189709813221e-07,COMPLETE
1371,0.42005583047866824,2025-04-15 07:25:52.170121,2025-04-15 07:27:24.053528,0 days 00:01:31.883407,0.6213077992628697,0.38496940871874175,2,0.05330452623034206,0.014141262668401319,0.002226251669168197,0.07856049491461492,0.038791479193557146,0.07609643949679298,0.00019450919903161355,27,35,0.009818872629213628,0.01688484985595392,True,True,True,1.6253211648420671e-07,COMPLETE
1372,0.4039010405540467,2025-04-15 07:27:24.491613,2025-04-15 07:27:55.853675,0 days 00:00:31.362062,0.5316590635112285,0.42869623554698516,8,0.07468061647698487,0.02813918309087631,0.0030361696857315055,0.07426245594304723,0.03181875834866113,0.08100854658617786,0.00036456957791321514,26,26,0.013450773185523065,0.006368595468320477,True,True,True,2.1912911331589277e-07,COMPLETE
1373,0.3691254615783692,2025-04-15 07:27:56.309864,2025-04-15 07:28:25.714751,0 days 00:00:29.404887,0.6054464095951744,0.39851145840386576,8,0.04916204780559813,0.004881401067214418,0.00733627050667919,0.07002010860926385,0.04590838708058728,0.07219380147803134,0.07042850585612413,23,29,0.007976970965377923,0.020751942025153042,True,True,True,1.5638318678842906e-07,COMPLETE
1374,0.38062204122543336,2025-04-15 07:28:26.159630,2025-04-15 07:28:54.046576,0 days 00:00:27.886946,0.5723013202506994,0.4210539618347014,8,0.058317382837000935,0.019132912752639293,0.005613051919004816,0.07255696086977662,0.03735945187365148,0.08407588560970009,0.00026917432524292906,21,33,0.015934425162995907,0.011157640516883493,True,True,True,1.262158048004705e-07,COMPLETE
1375,0.5446022272109986,2025-04-15 07:28:54.486636,2025-04-15 07:29:22.148302,0 days 00:00:27.661666,0.6229084188118116,0.4277217777955541,8,0.06445087870422142,0.011147149264947637,0.0010247615894964537,0.07521097238748545,0.03093028417333452,0.07883115285146766,0.0003447470424684421,21,26,0.011868704468467082,0.0010824464842212056,True,True,True,2.4235629638087325e-07,COMPLETE
1376,0.36546390056610106,2025-04-15 07:29:22.592557,2025-04-15 07:29:49.055117,0 days 00:00:26.462560,0.5884228206139847,0.36064201546448943,8,0.04539280055874953,0.00013939683809605286,0.007723758341354265,0.07656163438490367,0.03461056284876559,0.07481598919879882,0.0003822853191341209,19,32,0.00565593283501939,0.01829109507822342,True,True,True,1.9662153655358808e-07,COMPLETE
1377,0.4335607647895813,2025-04-15 07:29:49.495938,2025-04-15 07:30:18.315058,0 days 00:00:28.819120,0.60677200524315,0.4062127786450292,8,0.07186581281158204,0.00588170286012346,0.002944913367703906,0.07164543825741379,0.032727763549521754,0.07715850896748201,0.00023918019531179747,22,43,0.01852530640050342,0.010704689145210416,True,True,True,3.060389532295842e-07,COMPLETE
1378,0.5842454671859741,2025-04-15 07:30:18.754667,2025-04-15 07:30:47.951151,0 days 00:00:29.196484,0.5280957127716998,0.3812068223396663,8,0.009103454664456348,0.020107558890684645,0.004551166740645091,0.0831353867337929,0.030652038688355754,0.08060583063866858,0.0002951316823710627,23,29,0.008743370581271852,0.006198032997326098,True,True,True,1.5505773082539505e-06,COMPLETE
1379,0.18795708417892457,2025-04-15 07:30:48.413177,2025-04-15 07:31:17.660721,0 days 00:00:29.247544,0.5209609835202885,0.3530260624915873,8,0.013488992838646486,0.033609392326282315,0.004494189756537724,0.08085165439420128,0.030491946298986557,0.07925351614920559,0.0025548793874907885,23,30,0.006387673275152129,0.0060171527653658545,True,True,True,1.6606504935776175e-06,COMPLETE
1380,0.3846922874450684,2025-04-15 07:31:18.105179,2025-04-15 07:31:46.858676,0 days 00:00:28.753497,0.509860606133474,0.3687074798857526,8,0.008370220131133959,0.0289353904281077,0.0052026960864998625,0.08465409204739363,0.032233415343859435,0.0761673996604072,0.00017410756553211572,22,37,0.004372167064825025,0.005563649775464443,True,True,True,1.2604402556065026e-07,COMPLETE
1381,0.31061403751373295,2025-04-15 07:31:47.302418,2025-04-15 07:32:17.394859,0 days 00:00:30.092441,0.5267751595040088,0.3356498988661563,8,0.004790424322795151,0.03777752401544018,0.00326735200701647,0.08024584207549802,0.09384977099762756,0.07812902850878574,0.0002777398276660472,24,29,0.008916398081741852,0.0015034695577827986,True,True,True,1.2113828909611783e-07,COMPLETE
1382,0.492508625984192,2025-04-15 07:32:17.841228,2025-04-15 07:32:47.072064,0 days 00:00:29.230836,0.4936760592858172,0.3719149505737075,8,0.002955029112634641,0.030621904568237053,0.006110603483933826,0.0833864754044021,0.02984785154338514,0.07348538140961203,0.00021286642917042408,23,34,0.007509480095395622,0.093184863262798,True,True,True,2.137960418700635e-06,COMPLETE
1383,0.5480925440788269,2025-04-15 07:32:47.512758,2025-04-15 07:33:15.286508,0 days 00:00:27.773750,0.5491123568979457,0.3525260398700186,8,0.007799622199712034,0.024454768198338712,0.004407719216713806,0.08332355306520685,0.03480367770334609,0.08033873658908386,0.00037223759580864665,21,31,0.0032637052835290583,0.007244813656675653,True,True,True,2.717593241216844e-06,COMPLETE
1384,0.4503624200820923,2025-04-15 07:33:15.725771,2025-04-15 07:33:46.478733,0 days 00:00:30.752962,0.553772955526273,0.38034874772382754,8,0.0025962755537875387,0.02400273717990696,0.008109776012679626,0.08380319629558158,0.029042088999555876,0.07614088611395106,0.00042198063438781905,25,28,0.005628244111202347,0.010500814184472441,True,True,True,1.491823351982725e-06,COMPLETE
1385,0.34276601672172546,2025-04-15 07:33:46.942949,2025-04-15 07:34:17.211278,0 days 00:00:30.268329,0.464533156572607,0.38637323024996634,8,0.011302321104002248,0.04174874376907678,0.001112711472580556,0.08264077457856667,0.031691301500238016,0.0804457831086388,0.00030403404339999807,24,33,0.01784442246887901,0.006545189130099022,True,True,True,2.7426638922256084e-06,COMPLETE
1386,0.5828811764717102,2025-04-15 07:34:17.659213,2025-04-15 07:34:46.259297,0 days 00:00:28.600084,0.5242121251322996,0.3819067459330446,8,0.010618169448525148,0.020385408124218393,0.006821735636053949,0.06952218978551135,0.03310018979864755,0.07833587503481335,0.00024603028024778575,22,29,0.015241709029868553,0.0010646471577504448,True,True,True,1.3928140176151244e-06,COMPLETE
1387,0.39655178785324097,2025-04-15 07:34:46.705405,2025-04-15 07:35:15.673630,0 days 00:00:28.968225,0.5714876393950556,0.34007359552928024,8,0.002295613612248719,0.03202801979812836,0.006195305989397884,0.06820359528636677,0.0363747160871504,0.07457545757524212,0.00017727818716244614,22,35,0.01645195449578647,0.0011612452988244643,True,True,True,1.1773030617626838e-06,COMPLETE
1388,0.389600944519043,2025-04-15 07:35:16.118005,2025-04-15 07:35:44.804692,0 days 00:00:28.686687,0.5212567654688248,0.32853104230283536,8,0.009758840712023695,0.024794198736975085,0.006360278054562368,0.08214208202916994,0.03397873732857752,0.07695387005112564,0.0002118673326294246,22,40,0.01603088981740909,0.0011488547813518872,True,True,True,1.8046427840972534e-06,COMPLETE
1389,0.45591249465942385,2025-04-15 07:35:45.249919,2025-04-15 07:36:14.635642,0 days 00:00:29.385723,0.5451374439053973,0.3550733040084638,8,0.011041158271953263,0.020848053997027816,0.004006209427932903,0.0694948843660928,0.03449700116326683,0.07807108402216373,0.00018688330043345081,23,27,0.014352129447110003,0.0013801446859890917,True,True,True,1.525449380116373e-07,COMPLETE
1390,0.3772416710853577,2025-04-15 07:36:15.099286,2025-04-15 07:36:43.482661,0 days 00:00:28.383375,0.48863448151761724,0.3756887131395084,8,0.0133902890072152,0.02757629049441227,0.006351118310521175,0.06744931694191399,0.03761848937892423,0.07288905170044502,0.00023125579089997155,22,31,0.01492643613095778,0.001101404052786529,True,True,True,1.1761857380600917e-06,COMPLETE
1391,0.5035190701484681,2025-04-15 07:36:43.939817,2025-04-15 07:37:12.312069,0 days 00:00:28.372252,0.48964064277432123,0.2568884229183594,8,0.0015659489542566817,0.02088399993550244,0.003758908246053562,0.0389793908555314,0.035456168890311626,0.07530227336756502,0.00024242934184667825,22,26,0.018297301880626823,0.005657293759626842,True,True,True,2.502649171350134e-06,COMPLETE
1392,0.35387424230575565,2025-04-15 07:37:12.759402,2025-04-15 07:38:33.312895,0 days 00:01:20.553493,0.5181984502030333,0.35048064042783383,2,0.006889315912174855,0.016832780831937653,0.007912044783243964,0.0831779475736858,0.041442858312892836,0.07780334426007302,0.0001795904534557371,23,31,0.013114793290012213,0.010460769814785305,True,True,True,2.1139947394993357e-06,COMPLETE
1393,0.35859057307243347,2025-04-15 07:38:33.759439,2025-04-15 07:39:02.255775,0 days 00:00:28.496336,0.5597391526055598,0.3737936908779351,8,0.008999476539222902,0.03065283079693186,0.002864543103434412,0.07005615001631604,0.033432952991683244,0.07594596308184978,0.00024341962234278937,22,37,0.016820922631105996,0.0061603824874783535,True,True,True,2.038603830316531e-06,COMPLETE
1394,0.38546811342239384,2025-04-15 07:39:02.698078,2025-04-15 07:39:30.854042,0 days 00:00:28.155964,0.5289040819732094,0.3207670705015825,8,0.006273922368637301,0.02331327756945435,0.006776667762577339,0.0811470691914352,0.03321749951611548,0.0787593480564668,0.0002715905944875812,21,28,0.013877337846450562,0.0011858080988573546,True,True,True,3.5879782197629764e-06,COMPLETE
1395,0.5809813141822815,2025-04-15 07:39:31.300287,2025-04-15 07:39:59.881774,0 days 00:00:28.581487,0.5055689197527191,0.38809177466136724,8,0.016510446547457196,0.01536879116412398,0.004816062903992484,0.06885557966020807,0.039716674648109206,0.07259826467552313,0.0002145608039373335,22,33,0.01816749845121685,0.011738383088566007,True,True,True,2.5809314876452423e-06,COMPLETE
1396,0.41390993595123293,2025-04-15 07:40:00.344275,2025-04-15 07:40:28.114022,0 days 00:00:27.769747,0.5036870046408171,0.36820391494737675,8,0.013472253396086348,0.013936282320652341,0.007203359953679759,0.06616455975560925,0.04212213032909855,0.07293239314007435,0.0001908847390662074,21,38,0.01862956262970167,0.006691815143311159,True,True,True,1.5382437336500451e-06,COMPLETE
1397,0.33029385209083556,2025-04-15 07:40:28.563549,2025-04-15 07:40:57.883423,0 days 00:00:29.319874,0.5356823159822206,0.38410316052525384,8,0.0015353819823634741,0.013594874738032867,0.008439567606075258,0.06785191269173867,0.04083937524488643,0.07422590918334306,0.00017035755266031006,23,40,0.018976483980270385,0.01366364090204923,True,True,True,1.4018412267842304e-06,COMPLETE
1398,0.3899655222892761,2025-04-15 07:40:58.334013,2025-04-15 07:41:27.355788,0 days 00:00:29.021775,0.4762723572464065,0.3540431796479032,8,0.0006138708513248846,0.016404677571996273,0.0011554696270996041,0.06977074016280423,0.0379467500601013,0.07160645799379708,0.00022380643115496625,22,36,0.01795817802787274,0.00637536083869571,True,True,True,1.6740106487460442e-06,COMPLETE
1399,0.3892663359642029,2025-04-15 07:41:27.805940,2025-04-15 07:41:57.230537,0 days 00:00:29.424597,0.47665306254070916,0.38158421610387816,8,0.010917733140970828,0.012855581841045136,0.005389187570402073,0.06821614420909494,0.039645882725377155,0.07232319895619785,0.00022013063370358653,23,35,0.01689704031683092,0.0012864054053193675,True,True,True,3.108969371463382e-06,COMPLETE
1400,0.5025151729583741,2025-04-15 07:41:57.676753,2025-04-15 07:42:27.402735,0 days 00:00:29.725982,0.5084095560430794,0.3619451738705427,8,0.01610110331088615,0.010574051757177268,0.004121763640165104,0.06573580081821986,0.03894318859881481,0.07239855019073446,0.00019697269113071902,23,34,0.019289936877140892,0.011280837581288682,True,True,True,1.2025590685513715e-06,COMPLETE
1401,0.3589354455471039,2025-04-15 07:42:27.869356,2025-04-15 07:42:56.508887,0 days 00:00:28.639531,0.5019944227003776,0.3951217352646161,8,0.014450492042092538,0.017077577087730614,0.005952918334092092,0.0668141411704711,0.043594693295413246,0.07413978942563967,0.00020592048105266768,22,33,0.01585513709209608,0.24029733699226424,True,True,True,1.8895164462520332e-06,COMPLETE
1402,0.36015238165855407,2025-04-15 07:42:56.960399,2025-04-15 07:43:25.878322,0 days 00:00:28.917923,0.4570962064672691,0.39503635226895667,8,0.010840900551208931,0.021948233959532527,0.0028044280987161883,0.06879013599351498,0.03668650144081923,0.07483392332974254,0.0002522014048498153,22,37,0.01583997683814272,0.012709049278879316,True,True,True,1.4312692493973003e-06,COMPLETE
