number,value,datetime_start,datetime_complete,duration,params_alpha-eval,params_alpha-train,params_batch-size,params_eps-eval,params_eps-train,params_lambda-actions-eval,params_lambda-actions-train,params_lambda-frames-eval,params_lambda-frames-train,params_learning-rate,params_n-epochs,params_n-frames,params_radius-gw,params_rho,params_std-feats,params_ub-actions,params_ub-frames,params_weight-decay,state
1288,0.29656801223754886,2025-04-13 09:35:12.032185,2025-04-13 09:35:30.551661,0 days 00:00:18.519476,0.8080719846585951,0.0854147582035735,16,0.018626033890625858,0.010561016667161287,0.03423975837846555,0.07764130033607129,0.04329875218961292,0.08666452340637658,5.432189261815049e-05,17,32,0.013221463125238387,0.027186783685954275,True,False,True,0.0002789925692280626,COMPLETE
1289,0.34905337095260625,2025-04-13 09:35:30.971953,2025-04-13 09:35:48.488503,0 days 00:00:17.516550,0.8410250595501917,0.08926991472677978,16,0.028048428722581877,0.014587297412099853,0.031038988390622337,0.08205263942424142,0.03481658739189423,0.08244637903104822,9.199541769551181e-05,15,27,0.014883091453367789,0.019949520496710033,False,True,True,0.00021724430139473047,COMPLETE
1290,0.604957640171051,2025-04-13 09:35:48.906818,2025-04-13 09:36:06.818057,0 days 00:00:17.911239,0.8201404275421349,0.11128278784669163,16,0.018961716210362696,0.010382622892551515,0.029089169037729547,0.07622609937776645,0.040050708236601736,0.08529786546814867,0.0001215711514501504,16,35,0.011734831240529703,0.02748212091142879,False,True,True,0.00017772990470638685,COMPLETE
1291,0.42409318685531616,2025-04-13 09:36:07.239823,2025-04-13 09:36:25.353112,0 days 00:00:18.113289,0.7675273997585365,0.14300235605528,16,0.03292675565668349,0.025856046700619487,0.028016335930049957,0.07757301571667241,0.03912293446302289,0.08465551782681731,0.00012012059779063478,16,40,0.011483556266925009,0.14705884400893662,False,True,True,0.00010878307845402658,COMPLETE
1292,0.38411753177642827,2025-04-13 09:36:25.773644,2025-04-13 09:36:43.380379,0 days 00:00:17.606735,0.7869040321302953,0.12696310743261852,16,0.02724451082297913,0.021159255785365694,0.02486563322317017,0.07429081795455406,0.04094682172350925,0.07848982380150678,7.83968817276928e-05,15,37,0.012511609302584006,0.020159061646391897,False,True,True,0.00012714527669120093,COMPLETE
1293,0.4311973333358765,2025-04-13 09:36:43.801669,2025-04-13 09:37:01.789071,0 days 00:00:17.987402,0.8016982770946426,0.11912202978934802,16,0.021807067000972607,0.019218087872491962,0.02963723199009813,0.07500175077641219,0.03086919562688456,0.08232649780373355,0.00010363112737603124,16,45,0.013916993086661951,0.025497712741032054,False,True,True,0.0001389019318531646,COMPLETE
1294,0.337562620639801,2025-04-13 09:37:02.210017,2025-04-13 09:37:19.888275,0 days 00:00:17.678258,0.8166572750678008,0.11501730707717714,16,0.024555634161003002,0.03137065037996439,0.02715493841708415,0.07615477327169472,0.03981532017196349,0.08469320352379398,0.00012115140323126845,15,42,0.012074579854198362,0.01958644886490652,False,True,True,3.0171981011943406e-07,COMPLETE
1295,0.5977700710296631,2025-04-13 09:37:20.307639,2025-04-13 09:37:38.160588,0 days 00:00:17.852949,0.7907318996823954,0.13849270861595225,16,0.017476966515048733,0.016972271003213035,0.027949725053288365,0.07837838011194552,0.037695725862387834,0.0804662118269485,9.320945642579865e-05,16,36,0.015106459032458603,0.035871460845326955,False,True,True,0.00016780139731278865,COMPLETE
1296,0.41769137382507326,2025-04-13 09:37:38.597170,2025-04-13 09:37:56.633354,0 days 00:00:18.036184,0.7997067523294471,0.14362177355938344,16,0.025791069752578055,0.03273965707019977,0.026468235142108103,0.076702472418557,0.037319652498600565,0.07717589149056987,6.244115991234779e-05,16,40,0.015208790445553198,0.03662102095942592,False,True,True,0.000125405480824992,COMPLETE
1297,0.18795708417892457,2025-04-13 09:37:57.058924,2025-04-13 09:38:15.590932,0 days 00:00:18.532008,0.7681719635869508,0.15421390052714834,16,0.259880228861751,0.026040948659875253,0.027840285866792477,0.07515809275607654,0.03429929527770359,0.07927527228020517,7.356634410080387e-05,15,147,0.01708749676903763,0.033501098232926296,False,True,True,0.00013462717774897088,COMPLETE
1298,0.582005500793457,2025-04-13 09:38:16.016955,2025-04-13 09:38:34.026197,0 days 00:00:18.009242,0.7880868294725087,0.11795006556560164,16,0.034455960793295826,0.02222408048694339,0.024854118698741226,0.07685861720800764,0.03616426568765274,0.08046702104147109,8.824517415990401e-05,16,38,0.014208491693260569,0.027725201882663655,False,True,True,9.054142644713463e-05,COMPLETE
1299,0.49573720693588263,2025-04-13 09:38:34.450810,2025-04-13 09:38:52.523207,0 days 00:00:18.072397,0.764212889824769,0.14177958167380283,16,0.029586987434608407,0.03623998879532389,0.022863612835572072,0.07881047286376361,0.03759420569028921,0.08122644128274617,7.224864203908485e-05,16,36,0.018363078548871932,0.03883466473272321,False,True,True,9.503385927133847e-05,COMPLETE
1300,0.37740591764450077,2025-04-13 09:38:52.947136,2025-04-13 09:39:11.389110,0 days 00:00:18.441974,0.7797948990487967,0.11947341560688879,16,0.020440400508138595,0.02258017265645425,0.0288117383489259,0.07901655919657774,0.03832952073616279,0.081139536521264,9.087297090376013e-05,15,142,0.015716121322585628,0.025103485798186047,False,True,True,0.0001639405153080605,COMPLETE
1301,0.374914562702179,2025-04-13 09:39:11.811019,2025-04-13 09:39:29.869036,0 days 00:00:18.058017,0.7890964178021092,0.11997265470718156,16,0.035712035615907474,0.018119756371830616,0.027325748243355947,0.07599857561499904,0.041737167340737735,0.07799904349215947,6.195123584382162e-05,16,42,0.013823527222694403,0.03035681222059154,False,True,True,0.0001616438028866235,COMPLETE
1302,0.3190370321273804,2025-04-13 09:39:30.293870,2025-04-13 09:39:48.282416,0 days 00:00:17.988546,0.7793829510975028,0.13701828697429044,16,0.01873462862600807,0.024979461027045756,0.029661912306160734,0.07793055387412792,0.03381623130960537,0.08285966665719575,1.9983009714145614e-05,16,39,0.019725734206353703,0.0177266459751107,False,True,True,8.651279414826488e-05,COMPLETE
1303,0.592956292629242,2025-04-13 09:39:48.704152,2025-04-13 09:40:06.387448,0 days 00:00:17.683296,0.8018916126898923,0.10920548347583875,16,0.02844903231481997,0.017449202219540293,0.024772597955930196,0.07972816504224044,0.03950517945716323,0.08018507298090717,9.440666432680489e-05,15,36,0.017018639112025856,0.033853518916146054,False,True,True,0.00011392064151450301,COMPLETE
1304,0.34579809904098513,2025-04-13 09:40:06.810436,2025-04-13 09:40:24.635216,0 days 00:00:17.824780,0.7696205439036184,0.14777943111310743,16,0.022581518670452813,0.01630385062961624,0.0289822022228143,0.0801409434735634,0.0358917649253951,0.08321229606546883,8.163269419161886e-05,16,46,0.015580671912955335,0.02267034249153732,False,True,False,0.00016982635732092367,COMPLETE
1305,0.38468044996261597,2025-04-13 09:40:25.058154,2025-04-13 09:40:42.809897,0 days 00:00:17.751743,0.8124511702256538,0.10661770589942503,16,0.01836838286727126,0.0146630018829183,0.03074293586432577,0.07687328237254337,0.041560140853712006,0.07921453759678553,9.816500431195964e-05,15,35,0.011884430797649562,0.10968222812282906,False,True,True,0.00016360789867058068,COMPLETE
1306,0.3538464665412903,2025-04-13 09:40:43.253005,2025-04-13 09:41:01.819623,0 days 00:00:18.566618,0.8073421133415515,0.14548679334860132,16,0.0318280432395025,0.025752974753659078,0.02647801581616733,0.08055965652042878,0.04448966372394775,0.08443407387217015,4.4169495184534446e-05,17,39,0.013454015130494571,0.01633288722665878,False,True,True,0.00011017440192937656,COMPLETE
1307,0.34212526082992556,2025-04-13 09:41:02.251792,2025-04-13 09:41:20.129950,0 days 00:00:17.878158,0.7932796099115765,0.13349364920080312,16,0.025068034279773832,0.01984728569372185,0.031615039475830206,0.07496081425143436,0.03933240476799374,0.07722915917028199,0.00010933673881333463,16,43,0.022616464109676226,0.028746401685334058,False,False,True,0.00018104578728143366,COMPLETE
1308,0.5861894726753235,2025-04-13 09:41:20.557511,2025-04-13 09:41:39.122835,0 days 00:00:18.565324,0.4001718893996512,0.15632868918499804,16,0.02124437153372502,0.01261589740637585,0.02929200015371691,0.07775478445035536,0.03783913244725512,0.08178222551464788,7.539750040966744e-05,17,34,0.017441227788936954,0.006945939519558301,False,True,True,0.00014150279666095924,COMPLETE
1309,0.24573798179626466,2025-04-13 09:41:39.554676,2025-04-13 09:42:40.151963,0 days 00:01:00.597287,0.8256349520895137,0.12594570289069087,2,0.037558794898290886,0.030475332005683954,0.031157020837961028,0.07893767223637346,0.042795775715607914,0.08809632515121356,0.00010681730026342612,16,37,0.011856806802595123,0.1199754854969846,True,True,True,0.00018244170269093139,COMPLETE
1310,0.5742097854614259,2025-04-13 09:42:40.581629,2025-04-13 09:42:58.946343,0 days 00:00:18.364714,0.812058352814224,0.10499737896227844,16,0.027964659806479098,0.013065521466745285,0.023331110642692342,0.08200075863364402,0.040615254226155015,0.08545895557516643,0.00011930356149577042,16,33,0.014875570468491419,0.02176883790957807,False,True,True,0.00014379845760359238,COMPLETE
1311,0.4258446335792542,2025-04-13 09:42:59.372629,2025-04-13 09:43:17.033917,0 days 00:00:17.661288,0.7901122213872237,0.12457049684517389,16,0.0175105298984599,0.019952114748614993,0.029562510211145948,0.08057912406318901,0.04241056402122418,0.08402539401566411,8.583645810457865e-05,15,40,0.019155317014839097,0.03883373328659721,False,True,True,0.0001958166440961459,COMPLETE
1312,0.40462183952331543,2025-04-13 09:43:17.459274,2025-04-13 09:43:35.984720,0 days 00:00:18.525446,0.7680372581123746,0.14824716323353862,16,0.018195532947759364,0.01359025151768897,0.026916735399321885,0.07712087615341176,0.03260470960532881,0.08980894032536044,5.799572327202546e-05,17,37,0.01636772397518258,0.013770865822946213,False,True,True,0.0001974323833751362,COMPLETE
1313,0.18795708417892457,2025-04-13 09:43:36.411170,2025-04-13 09:43:54.819300,0 days 00:00:18.408130,0.8228633646962892,0.09622145413620134,16,0.02440623284680047,0.16772480200614134,0.032272999419522316,0.08159272487932119,0.04427132822401899,0.08691596894431738,9.827864446056912e-05,17,30,0.013711428222449834,0.026030277121304356,False,True,True,0.00012269690307842537,COMPLETE
1314,0.5456850051879882,2025-04-13 09:43:55.241692,2025-04-13 09:44:13.383807,0 days 00:00:18.142115,0.8058422018677878,0.16157236584420046,16,0.02955443824579566,0.012280167245524849,0.02827440287477621,0.0787553467978824,0.036907176876703585,0.08189014411502492,0.00012318850806662172,16,34,0.01874521560609813,0.01886347477894577,False,True,True,0.00016046097553900268,COMPLETE
1315,0.18795708417892457,2025-04-13 09:44:13.828053,2025-04-13 09:44:31.243983,0 days 00:00:17.415930,0.8228616971755591,0.09851440132384767,16,0.10353259035837671,0.01991097090897103,0.033698477344644644,0.07439776702058502,0.04060896657952274,0.093586780726562,7.233411046583523e-05,15,37,0.011460564800432014,0.030713489603566506,False,True,True,0.00020424705315759807,COMPLETE
1316,0.25544592142105105,2025-04-13 09:44:31.676112,2025-04-13 09:44:50.046989,0 days 00:00:18.370877,0.7897017507775601,0.09219740975104332,16,0.01706454824414437,0.010876587116344316,0.03170478229865129,0.08236802189054776,0.03534027947167337,0.07933204974398034,0.08223289949145934,17,48,0.015052520723664076,0.01295284548087404,False,True,True,9.623377069975144e-05,COMPLETE
1317,0.41049230098724365,2025-04-13 09:44:50.479548,2025-04-13 09:45:08.381829,0 days 00:00:17.902281,0.8277153236388547,0.1341974673496134,16,0.023148685619580972,0.016288220432294078,0.032969105467371675,0.07996310877523467,0.03948341192578001,0.08358453839124536,9.370182338814002e-05,16,31,0.02172764564202599,0.041296135966991616,False,True,True,0.00021134514285086015,COMPLETE
1318,0.3591813802719116,2025-04-13 09:45:08.811795,2025-04-13 09:45:27.377872,0 days 00:00:18.566077,0.8081954184762703,0.11423791307027942,16,0.016175836813620576,0.026501917134117647,0.018837904749644724,0.08328264564568538,0.04522106900743496,0.08549983761486403,0.0001202714524549246,17,40,0.011705921643072091,0.03401286486703228,False,True,True,0.00015378316243183136,COMPLETE
1319,0.3878256559371948,2025-04-13 09:45:27.807315,2025-04-13 09:45:45.671957,0 days 00:00:17.864642,0.7661523883370089,0.0939896503487378,16,0.03323993672728198,0.01207058308539494,0.03038259889159798,0.07675026462639108,0.04256968509843454,0.08194355131366712,6.769976622322902e-05,16,34,0.016903588877371423,0.023600839424188776,False,True,True,0.0002076290933828648,COMPLETE
1320,0.35432595014572144,2025-04-13 09:45:46.100300,2025-04-13 09:46:04.733244,0 days 00:00:18.632944,0.8315912293092389,0.13108506115020951,16,0.023852283303399745,0.009562569618086674,0.026085010611246708,0.08237440428374448,0.037517344659266844,0.0880892946555037,0.00010770543881908967,17,42,0.0136421346018709,0.009453012314775633,False,True,True,0.0001289354091979322,COMPLETE
1321,0.18914549946784975,2025-04-13 09:46:05.159912,2025-04-13 09:46:23.648968,0 days 00:00:18.489056,0.800601767800444,0.09093716065955978,16,0.1855649297138749,0.021503525634535725,0.034882633440859366,0.07910792552598171,0.04035666655106595,0.0861425744045148,8.46418241728881e-05,16,103,0.020197030715080493,0.01903267914200674,False,True,True,0.00023864379006999974,COMPLETE
1322,0.20418064594268798,2025-04-13 09:46:24.076350,2025-04-13 09:46:42.200017,0 days 00:00:18.123667,0.819933030525407,0.15711065064248592,16,0.039680734049677445,0.009526676656369153,0.028211056905424487,0.08096744218081134,0.04332821894981328,0.07766567142756288,0.0001259743017634914,17,36,0.015380074945145426,0.026674348764834738,False,True,True,0.00017429798510111569,COMPLETE
1323,0.35066022872924807,2025-04-13 09:46:42.650814,2025-04-13 09:47:00.596688,0 days 00:00:17.945874,0.4252627429277376,0.11606988239789634,16,0.017998709510324923,0.017154055749085215,0.0308595608609464,0.07602541960154019,0.037860203286683124,0.08031840815632257,0.00010867859600007123,16,31,0.017387816558725493,0.0054836046118908015,False,True,False,0.00023641740913021627,COMPLETE
1324,0.38651598691940314,2025-04-13 09:47:01.035048,2025-04-13 09:47:18.834341,0 days 00:00:17.799293,0.7835357816285449,0.09508104636004874,16,0.029761958108264458,0.009722147155727336,0.03403559187866935,0.08370872812253649,0.041560886079390395,0.08374381076281794,8.474649366789975e-05,15,34,0.011454715136024009,0.03368529971073705,False,True,True,0.00018138597821098327,COMPLETE
1325,0.6047710061073304,2025-04-13 09:47:19.272263,2025-04-13 09:47:37.643972,0 days 00:00:18.371709,0.8363480278297459,0.08545149392074838,16,0.015828284308194572,0.015051083843625131,0.024369560708314624,0.07871967895192486,0.04484415559377849,0.08959515025413974,0.00013067710614114052,17,38,0.013442134236508049,0.013254689036489985,False,True,True,0.00024550223321035753,COMPLETE
1326,0.4042688846588135,2025-04-13 09:47:38.073636,2025-04-13 09:47:56.925300,0 days 00:00:18.851664,0.816588929426568,0.11158611256616231,16,0.01563524004957862,0.03482950991542129,0.026190329834229947,0.07404914660073202,0.04432530856794397,0.09080439869032272,0.00010032828780396066,17,41,0.051093686216033066,0.005944914439456091,True,True,True,0.0002545419287032969,COMPLETE
1327,0.3554222941398621,2025-04-13 09:47:57.355893,2025-04-13 09:48:15.682360,0 days 00:00:18.326467,0.8380862097539499,0.1307605101691246,16,0.015673168314634126,0.027413599943172644,0.02431459956752423,0.07806020660769235,0.04352845415778137,0.09171449405398902,0.00012393158509721761,17,44,0.01430877381634467,0.011483490306698556,False,False,True,0.0002452893280180575,COMPLETE
1328,0.3160163998603821,2025-04-13 09:48:16.116098,2025-04-13 09:48:34.499383,0 days 00:00:18.383285,0.7941736711696431,0.08632487363239559,16,0.01575262157007658,0.021745925612758205,0.019952053720425855,0.0761370339639633,0.04190293553693522,0.09315077121109785,7.24333382187312e-05,17,49,0.01604044520524143,0.005422323862118172,False,True,True,0.0001550570143477975,COMPLETE
1329,0.3894201755523682,2025-04-13 09:48:34.929246,2025-04-13 09:48:53.494426,0 days 00:00:18.565180,0.8319845045638122,0.10039149422557929,16,0.015126382041879884,0.027081016216397198,0.025837011878764107,0.07888584915382937,0.04605056383614423,0.08963832550696176,9.506625365944019e-05,17,43,0.013845255206284244,0.014282842720504185,False,True,True,0.0001937758247477792,COMPLETE
1330,0.3381130933761597,2025-04-13 09:48:53.928827,2025-04-13 09:49:12.659717,0 days 00:00:18.730890,0.8126767564343372,0.11473540632795058,16,0.02132091495105469,0.018891957081207035,0.02427640164133968,0.0803795205639926,0.04464054714690544,0.0885811163829098,0.00011768155653753306,18,39,0.018292677176978023,0.013437493647449415,False,True,True,0.00011407565985035985,COMPLETE
1331,0.6002830266952515,2025-04-13 09:49:13.087183,2025-04-13 09:50:15.710230,0 days 00:01:02.623047,0.7734439009969202,0.0865362031259341,2,0.013922398547902016,0.015365298749993764,0.02376590421305281,0.07743281442066323,0.04569203869202185,0.09180039529971606,5.5631652419093423e-05,17,39,0.015985305663003296,0.008936472004048948,False,True,True,0.0002431423829298082,COMPLETE
1332,0.25637567043304443,2025-04-13 09:50:16.159513,2025-04-13 09:50:34.916145,0 days 00:00:18.756632,0.7630355015639271,0.12894191809006195,16,0.021985542864120133,0.03458109079822145,0.022884271465088042,0.074558273209237,0.045985675032768764,0.09291850472821721,2.8569520528518956e-05,18,44,0.01653478293088086,0.003738237402756651,False,True,True,0.0001828306491287851,COMPLETE
1333,0.5220852613449096,2025-04-13 09:50:35.354599,2025-04-13 09:51:38.139601,0 days 00:01:02.785002,0.757837748933982,0.10618108735691734,2,0.02011276439014498,0.030750534772706253,0.02539098702652503,0.07680993846710657,0.04500885270292156,0.09263763262124512,6.822454004648991e-05,17,46,0.01970718033829588,0.004027950467157454,False,True,True,0.0001514858666308234,COMPLETE
1334,0.33968592882156373,2025-04-13 09:51:38.576848,2025-04-13 09:52:44.060654,0 days 00:01:05.483806,0.7800417916080871,0.14159167497242767,2,0.026661943088292405,0.025307521647165813,0.025198801364776344,0.0748057437263491,0.045598950817567846,0.09061775707521778,6.367999160782993e-05,18,41,0.014865831919551362,0.002340304822987847,False,True,True,0.0002143681575533432,COMPLETE
1335,0.5114062309265137,2025-04-13 09:52:44.497119,2025-04-13 09:53:46.578292,0 days 00:01:02.081173,0.7783649621408791,0.08892317649728274,2,0.015863237647875783,0.023742394345169754,0.02493955977362887,0.07748507162641528,0.04344763920108511,0.09511113880950173,4.729993919162369e-05,17,39,0.017603562035886686,0.009685618526101399,False,True,True,0.0001285119608543633,COMPLETE
1336,0.18795708417892457,2025-04-13 09:53:47.014229,2025-04-13 09:54:52.808331,0 days 00:01:05.794102,0.7971290743298214,0.11729704296357994,2,0.019295593893966456,0.14883144640873042,0.022271437725205685,0.07824782798878319,0.0462092428978095,0.0947255650436492,4.3624614611241256e-05,18,39,0.013251660706450865,0.006637793762475798,False,True,True,0.00024911431471296493,COMPLETE
1337,0.5116703033447266,2025-04-13 09:54:53.259773,2025-04-13 09:55:56.680683,0 days 00:01:03.420910,0.8403886600019087,0.08381561830310413,2,0.02609924229531399,0.022247101450573573,0.027224791465504463,0.07949591461333173,0.042402642737882815,0.09104211580989109,5.334711911703204e-05,17,43,0.016279815176012975,0.0011022467286829242,False,True,True,0.00021090020575799848,COMPLETE
1338,0.18795708417892457,2025-04-13 09:55:57.116917,2025-04-13 09:57:02.530414,0 days 00:01:05.413497,0.8170018418312399,0.1142498442727854,2,0.014872972954827875,0.10841989540031771,0.0241391790720741,0.07586425748334513,0.04006327711499698,0.09470873605012342,3.207611978445657e-05,18,39,0.019421074852862534,0.012838010622315167,False,True,True,0.0001584753424173312,COMPLETE
1339,0.34535856246948243,2025-04-13 09:57:02.988316,2025-04-13 09:58:05.569610,0 days 00:01:02.581294,0.7747505262658446,0.14942533634433405,2,0.021713778164192333,0.01659550872793477,0.024369778361711943,0.07808530525705709,0.04437840087054573,0.09027135872101093,4.82596708306325e-05,17,37,0.013192370793172668,0.015148052823752046,False,True,True,0.00027511748285322823,COMPLETE
1340,0.22888588905334473,2025-04-13 09:58:06.009170,2025-04-13 09:58:24.249408,0 days 00:00:18.240238,0.8439669891921534,0.08548280709866263,16,0.028919887146751914,0.030213937513876205,0.022692338807164918,0.08043342183731002,0.04149806425641963,0.0919004338289439,3.881161726851678e-05,16,57,0.015103247037520053,0.00897361563163232,False,True,True,0.00020457663935852198,COMPLETE
1341,0.3651756882667542,2025-04-13 09:58:24.688827,2025-04-13 09:59:29.606117,0 days 00:01:04.917290,0.8224737871162892,0.10510455774367702,2,0.013438012457046506,0.01693448054705947,0.020963841652521752,0.07439519103276579,0.04751828234053851,0.08733110963392786,4.047696716533347e-05,18,53,0.021471360281657196,0.009614403597842106,False,True,True,9.79158639683611e-05,COMPLETE
1342,0.36191883087158205,2025-04-13 09:59:30.041207,2025-04-13 10:00:33.662211,0 days 00:01:03.621004,0.803296800099311,0.0855208330831182,2,0.020130704753734185,0.022132069375528002,0.021761443191890772,0.08095984363369549,0.03938842316117132,0.08888289477920716,6.161112584794428e-05,17,42,0.01769118087191738,0.001604350892305411,False,True,True,0.000262300717430239,COMPLETE
1343,0.5073277592658997,2025-04-13 10:00:34.098597,2025-04-13 10:01:33.074877,0 days 00:00:58.976280,0.2158013302483937,0.12826971713918794,2,0.025176015016178777,0.016786936565145454,0.023193540960971044,0.07727574035169975,0.04371550084533539,0.08974633481525073,4.645024158134993e-05,16,38,0.013153561383637262,0.016475397139703054,False,True,False,7.945322936987283e-05,COMPLETE
