number,value,datetime_start,datetime_complete,duration,params_alpha-eval,params_alpha-train,params_batch-size,params_eps-eval,params_eps-train,params_lambda-actions-eval,params_lambda-actions-train,params_lambda-frames-eval,params_lambda-frames-train,params_learning-rate,params_n-epochs,params_n-frames,params_radius-gw,params_rho,params_std-feats,params_ub-actions,params_ub-frames,params_weight-decay,state
1963,0.502206552028656,2025-04-15 12:27:10.149366,2025-04-15 12:27:37.101342,0 days 00:00:26.951976,0.47389410272220067,0.38865075363354273,8,0.07525972951668605,0.014786956781754715,0.004450904958834757,0.07792984025123824,0.03410173042681961,0.08138969257142327,0.00011824337815198356,20,29,0.01532320418356382,0.030431109186772394,True,True,True,1.221728045837174e-06,COMPLETE
1964,0.49692502021789553,2025-04-15 12:27:37.758281,2025-04-15 12:28:05.432616,0 days 00:00:27.674335,0.5215916223651332,0.29503975936616844,8,0.004458828288587027,0.026909062082509937,0.01097993811758425,0.07580555711624497,0.02386907365666205,0.08484710195888989,0.0001611634510332727,21,27,0.01716387210172668,0.010480621129245225,True,True,True,9.909557113433392e-07,COMPLETE
1965,0.39942226409912107,2025-04-15 12:28:06.064442,2025-04-15 12:28:26.903053,0 days 00:00:20.838611,0.5479527395341758,0.3461754917564167,16,0.0841940206374217,0.005148402787949784,0.0028380640026875337,0.08033647946121149,0.036988020864546015,0.08700814231780149,0.0002002395723193121,22,37,0.02334999924584595,0.0058243848682722095,True,True,True,2.142906594795742e-06,COMPLETE
1966,0.38194637894630434,2025-04-15 12:28:27.553694,2025-04-15 12:28:55.572687,0 days 00:00:28.018993,0.5020466754444923,0.32079231059478924,8,0.0687315771479568,0.018893141310829278,0.006056611359048036,0.07782999169235517,0.029018472738768147,0.08282072294714143,0.00015183766805761874,21,31,0.019820928945578513,0.014210882692985571,True,True,True,2.9300666685694335e-06,COMPLETE
1967,0.5649871468544007,2025-04-15 12:28:56.228408,2025-04-15 12:29:23.371098,0 days 00:00:27.142690,0.5311218020611943,0.43839580724197164,8,0.06403034052153285,0.01177196848423595,0.0024913107779390197,0.07372162043195457,0.021629238704343537,0.07929493272628876,0.00011392858156536348,20,24,0.015271658716630688,0.020104033178672924,True,True,True,1.4052562838931446e-06,COMPLETE
1968,0.38966935873031616,2025-04-15 12:29:24.004198,2025-04-15 12:29:50.435103,0 days 00:00:26.430905,0.421403004441079,0.27481467277275684,8,0.06933686445150679,0.02577001186297951,0.009244612178250865,0.0823496081173203,0.04874033095793298,0.08109887301734776,0.00018286946139254654,19,34,0.020906624835733995,0.006158864438227226,True,True,True,5.357239304602804e-06,COMPLETE
1969,0.5581750392913818,2025-04-15 12:29:51.091083,2025-04-15 12:30:18.765562,0 days 00:00:27.674479,0.4852358794000152,0.37943098988653656,8,0.060953947579257844,0.004718037330482776,0.0010274454090347506,0.07882858521254578,0.026769890964225752,0.08349997329049373,0.00021268175106676804,21,21,0.017262269634884617,0.011345252472093437,True,True,True,1.2115003585375455e-06,COMPLETE
1970,0.18795708417892457,2025-04-15 12:30:19.393931,2025-04-15 12:30:46.277754,0 days 00:00:26.883823,0.5469319484776084,0.40579689331704455,8,0.10277248484525187,0.038658931389648696,0.00488024787947217,0.07621930016754126,0.03204369732116366,0.0916766573526164,0.00015387005070270304,20,28,0.018899838901687414,0.01997677371646187,True,True,True,3.581929706633732e-06,COMPLETE
1971,0.4316014289855957,2025-04-15 12:30:46.931674,2025-04-15 12:31:16.402106,0 days 00:00:29.470432,0.4409265558443715,0.33933217400951354,8,0.07793777099458767,0.018338844059377687,0.007629980920471381,0.07347901985064598,0.034963571979227295,0.07926883400471682,0.00020604831554277907,23,31,0.01562410969667287,0.015440835502251515,True,True,True,1.6009889001793429e-06,COMPLETE
1972,0.4372787117958069,2025-04-15 12:31:17.060112,2025-04-15 12:31:45.685667,0 days 00:00:28.625555,0.5182631077975859,0.3028161037703136,8,0.06025220083036958,0.013028733213249962,0.004416329245072948,0.08059940355357541,0.040994602573648536,0.08115735241456257,0.00013012108778938456,22,26,0.018216102801179867,0.0012596327809968055,True,True,True,2.366517148142054e-06,COMPLETE
1973,0.21247459650039674,2025-04-15 12:31:46.321484,2025-04-15 12:32:12.331926,0 days 00:00:26.010442,0.8728221665968676,0.93352898759886,8,0.0060486619209454175,0.03096882981279602,0.0011700074811575242,0.07748829097880049,0.030663684896788536,0.08574595330498952,9.381671339740004e-05,18,64,0.022175939855886912,0.030623319243213636,True,True,True,8.492903516754163e-07,COMPLETE
1974,0.442912232875824,2025-04-15 12:32:12.986565,2025-04-15 12:32:40.095449,0 days 00:00:27.108884,0.5004179869523907,0.24432584762316167,8,0.09339665064941402,0.022936107473670843,0.006336479914198164,0.07527403366315337,0.0202429308200436,0.08321706085690135,0.00018247429376928685,20,34,0.01560666392114906,0.2646270191826815,True,True,True,1.5991456030229175e-06,COMPLETE
1975,0.39559162855148317,2025-04-15 12:32:40.728512,2025-04-15 12:33:08.477571,0 days 00:00:27.749059,0.4619337727231023,0.41723235119696006,8,0.07144808247152742,0.008721399019682016,0.0038058954322876225,0.08402518824864233,0.033576318652107556,0.07830758340689273,0.0002302324313380441,21,38,0.01733178285533369,0.026485144200371832,True,True,True,1.0315235113071283e-06,COMPLETE
1976,0.4303590059280396,2025-04-15 12:33:09.130119,2025-04-15 12:33:35.347088,0 days 00:00:26.216969,0.5517707309607409,0.35995527937480937,8,0.07557195049626426,0.016485817233611918,0.008906804748062267,0.0795045533948927,0.03792126917442962,0.08820594778683297,0.00016011739349397583,19,31,0.020638141303156533,0.010478449706786954,True,True,True,2.002543943960012e-06,COMPLETE
1977,0.5023591756820679,2025-04-15 12:33:36.000595,2025-04-15 12:34:04.169108,0 days 00:00:28.168513,0.5295326884053737,0.3819958679148589,8,0.08262300469153708,0.004919488264933733,0.005867543440437395,0.08143609211897553,0.0252572856626546,0.08089440797646845,0.0001237081140378992,22,28,0.014786819026122429,0.009654397647536922,True,True,True,9.891881822353003e-05,COMPLETE
1978,0.49998178482055666,2025-04-15 12:34:04.803194,2025-04-15 12:34:31.524591,0 days 00:00:26.721397,0.4937336433090096,0.3162893765480967,8,0.06489572645860421,0.026247855361281096,0.0011265032903401652,0.07309662108574799,0.03614568235277223,0.07928771422791694,0.000233544842524524,20,24,0.019654830192634625,0.03800798871532676,True,True,True,1.2599003422125265e-06,COMPLETE
1979,0.5700705885887146,2025-04-15 12:34:32.180000,2025-04-15 12:34:59.987806,0 days 00:00:27.807806,0.5553822676441532,0.39731867273756843,8,0.007749498234551882,0.01895628756747651,0.04235682285591246,0.07750088291223664,0.028965273085125674,0.08469154885450536,0.00017908927332892135,21,29,0.017360478361458088,0.020938457980634255,True,True,True,4.62646578765392e-06,COMPLETE
1980,0.5010706663131714,2025-04-15 12:35:00.620848,2025-04-15 12:35:30.089929,0 days 00:00:29.469081,0.4793182009577258,0.3352635850007039,8,0.057802080305675255,0.012206706827884283,0.0037049789175188155,0.07950577283443105,0.03229370684633514,0.08220322546582833,0.00010410013538270693,23,33,0.023158941674044274,0.006510433831856976,True,True,True,7.438353945254143e-07,COMPLETE
1981,0.18795708417892457,2025-04-15 12:35:30.743030,2025-04-15 12:36:00.144789,0 days 00:00:29.401759,0.5119868807761044,0.43555457478982984,8,0.06843659978866981,0.0348681793192495,0.007313071157776923,0.07510132184426495,0.03497771179625938,0.03831067525696098,0.00021635174649540086,24,21,0.014855061570464565,0.015646516883315663,True,True,True,3.123287294829096e-06,COMPLETE
1982,0.18795708417892457,2025-04-15 12:36:00.807075,2025-04-15 12:37:16.927396,0 days 00:01:16.120321,0.5336144529533425,0.28199292000799603,2,0.07394294226417074,0.09423320222240988,0.010238091597761885,0.07698311552108426,0.03930017661278143,0.07971237371727152,0.00013965631715680371,22,36,0.027380882775997133,0.014340724073348798,True,True,True,1.9026970269508189e-06,COMPLETE
1983,0.5050668120384216,2025-04-15 12:37:17.583565,2025-04-15 12:37:43.911366,0 days 00:00:26.327801,0.5122376524073039,0.35370740962334446,8,0.08973404659748138,0.022388854752117583,0.0030034707213074776,0.07263827500544322,0.045114730465528295,0.08650476681590166,0.0001697344515100571,19,27,0.01891453645780424,0.02525252507345312,True,True,True,1.5010115352563146e-06,COMPLETE
1984,0.459155797958374,2025-04-15 12:37:44.566463,2025-04-15 12:38:11.749383,0 days 00:00:27.182920,0.5593256454912601,0.36806150116425784,8,0.05989110169858047,0.009978459852735561,0.0010033229566369442,0.08352471549844166,0.02711705173286908,0.08347440298260692,0.00023064340008787033,20,30,0.021051005999309334,0.00551320097282547,True,True,True,6.704026666423759e-06,COMPLETE
1985,0.18795708417892457,2025-04-15 12:38:12.409093,2025-04-15 12:38:39.716061,0 days 00:00:27.306968,0.5413943659255414,0.4225557143009477,8,0.06548253580540585,0.02943695593505086,0.005476175529616076,0.08172767141168043,0.030003012501310003,0.07840120833605338,0.00014261776477742885,21,25,0.016700917321841487,0.01845960793479987,True,True,True,1.0439495275992636e-06,COMPLETE
1986,0.21195021867752079,2025-04-15 12:38:40.356673,2025-04-15 12:39:08.221670,0 days 00:00:27.864997,0.4706759367646024,0.3043381297858777,8,0.011626221004764889,0.2945871264152593,0.0071703845606579195,0.07561476341789124,0.033180930369150895,0.04622373173944184,0.00017347912848677527,21,33,0.014643988149513574,0.005938653756740261,True,True,True,2.6800555445650574e-06,COMPLETE
1987,0.5586977243423462,2025-04-15 12:39:08.874759,2025-04-15 12:39:35.832076,0 days 00:00:26.957317,0.49464904470162396,0.3995668396432139,8,0.08317413710410988,0.015439959322490152,0.004660241562010281,0.07863440269430431,0.037261039270397096,0.0812747491132133,0.00021169837488987415,20,29,0.01742193515588106,0.0010200625417327667,True,True,True,1.3224785124778803e-06,COMPLETE
1988,0.4213373422622681,2025-04-15 12:39:36.494122,2025-04-15 12:39:56.230196,0 days 00:00:19.736074,0.5262738188429638,0.32238586391932733,16,0.0006809548791232474,0.00019051341558504013,0.008885026737555098,0.07374685893506436,0.03127569265332848,0.07880425808590268,0.00025228158349054595,19,40,0.025278615030368844,0.18269609547631863,True,True,True,2.366063614892531e-06,COMPLETE
1989,0.1943222165107727,2025-04-15 12:39:56.866456,2025-04-15 12:40:25.089501,0 days 00:00:28.223045,0.9335592072230994,0.2693168499164636,8,0.07585254537303386,0.022261093226487914,0.0035660265021096055,0.07742550796029352,0.023162940218197006,0.08195199867536945,0.00011367388973610546,22,24,0.022384079986462996,0.001087955714492661,True,True,True,8.269013740758738e-07,COMPLETE
1990,0.43133631944656375,2025-04-15 12:40:25.748670,2025-04-15 12:40:52.864470,0 days 00:00:27.115800,0.45289594232383834,0.3452078644941377,8,0.05979702512231453,0.004897673681229399,0.0414627473948685,0.08062086780194884,0.03556192069472434,0.089321141425876,0.00014317118933921622,20,31,0.02017725147587598,0.010771202698684422,True,True,True,1.829493565185417e-06,COMPLETE
1991,0.38245000243186955,2025-04-15 12:40:53.527375,2025-04-15 12:41:23.922210,0 days 00:00:30.394835,0.564441810923097,0.3768157481739257,8,0.06794990724048142,0.01450920128126634,0.0010429522291690732,0.07554997318496463,0.042328152743131654,0.08600237795852947,0.00018618839207080402,24,36,0.014006840157484109,0.021926607393004616,True,True,True,3.8717310002094e-06,COMPLETE
1992,0.18795708417892457,2025-04-15 12:41:24.557356,2025-04-15 12:41:49.843219,0 days 00:00:25.285863,0.5038786573506202,0.2950922622932886,8,0.08021069514505896,0.10751978125697112,0.0058628922758110465,0.07930504358555046,0.028471070855810902,0.08412213755866528,0.00023077415961813853,18,27,0.018783255115769195,0.015018312774489171,True,True,True,9.862589831736335e-07,COMPLETE
1993,0.4037750601768494,2025-04-15 12:41:50.501585,2025-04-15 12:42:19.496940,0 days 00:00:28.995355,0.5362534581957094,0.39216665879322893,8,0.05595019213959531,0.009637619262002295,0.003315051759856847,0.07186689478512148,0.03396441215657358,0.08003210578458132,9.046989120739657e-05,23,22,0.01624714840170293,0.00991117918884774,True,True,True,6.412677168982458e-07,COMPLETE
1994,0.39335182905197147,2025-04-15 12:42:20.132890,2025-04-15 12:42:48.130213,0 days 00:00:27.997323,0.48161303315891774,0.4463047900783257,8,0.011154716165613244,0.027869157221362694,0.007567153537153187,0.07771357494783424,0.02570652344111303,0.07842348662780754,0.00019663196233331797,21,33,0.014350132894052054,0.026841184060489756,True,True,True,1.386033443275379e-06,COMPLETE
1995,0.3644559741020203,2025-04-15 12:42:48.785455,2025-04-15 12:43:15.135155,0 days 00:00:26.349700,0.5527465868261723,0.3306167258103504,8,0.07303780284501837,0.018967823780633546,0.010724862273043716,0.08252801963561672,0.030786390658783743,0.08211430436023215,0.00025531603407552875,19,50,0.018147634137754505,0.015533349135820891,True,True,True,0.00022895851171648025,COMPLETE
1996,0.36934264898300173,2025-04-15 12:43:15.796378,2025-04-15 12:43:44.224289,0 days 00:00:28.427911,0.5194154301762326,0.4204175006103574,8,0.06573993851160277,0.00868619765609933,0.03955323045512281,0.0751633524306837,0.03253089159480095,0.08053493056198807,0.00014489990128879502,22,26,0.02348501268661997,0.020301195395448005,True,True,True,2.342555706443953e-06,COMPLETE
1997,0.31150275468826294,2025-04-15 12:43:44.864667,2025-04-15 12:44:12.577698,0 days 00:00:27.713031,0.5710313473729791,0.3646284930939752,8,0.06260354663419142,0.020940947799461457,0.004502861203933892,0.08493190787467088,0.038362164685451436,0.08460245335120745,0.002843313704247314,21,30,0.016082026255778873,0.010254656329015798,True,True,True,4.512424716563045e-07,COMPLETE
1998,0.38673375844955443,2025-04-15 12:44:13.234976,2025-04-15 12:44:40.540604,0 days 00:00:27.305628,0.5489873302191085,0.24478313731200238,8,0.055878602163756175,0.01479101932902158,0.006021295095082948,0.07340333714346885,0.03603988153588966,0.07817895882219193,0.00011765810139366446,20,35,0.021387731141607844,0.033380294562058,True,True,True,1.6481201663956769e-06,COMPLETE
1999,0.4471622109413147,2025-04-15 12:44:41.208175,2025-04-15 12:45:10.104463,0 days 00:00:28.896288,0.509127096309494,0.3482751553797457,8,0.08674283855537926,0.00022714146721879183,0.002900489506134555,0.0801156253310572,0.02918324176664781,0.08694058839358922,0.00017468928326717969,23,28,0.020032239045498463,0.00586119313901655,True,True,True,1.1414968868721766e-06,COMPLETE
