number,value,datetime_start,datetime_complete,duration,params_alpha-eval,params_alpha-train,params_batch-size,params_eps-eval,params_eps-train,params_lambda-actions-eval,params_lambda-actions-train,params_lambda-frames-eval,params_lambda-frames-train,params_learning-rate,params_n-epochs,params_n-frames,params_radius-gw,params_rho,params_std-feats,params_ub-actions,params_ub-frames,params_weight-decay,state
1232,0.34269773960113525,2025-04-13 09:15:30.973133,2025-04-13 09:15:50.335079,0 days 00:00:19.361946,0.8422132888137788,0.07635186084818876,16,0.021877298990613,0.009559974523487077,0.02591907930926205,0.08032739765233494,0.03932199727166098,0.08568045231139118,6.266665265778573e-05,20,40,0.015469135015252634,0.03843475316262807,False,False,True,0.00011428469696446496,COMPLETE
1233,0.1913957238197327,2025-04-13 09:15:50.737333,2025-04-13 09:16:08.877515,0 days 00:00:18.140182,0.8660147580201717,0.06087609213973491,16,0.031167553029710818,0.005380247234896803,0.02990185232778458,0.08276743249845633,0.04138562109519168,0.08869511039910731,6.329173917246221e-05,17,37,0.018108365540730347,0.0467081350274873,False,True,True,0.0003449944241657967,COMPLETE
1234,0.2243034839630127,2025-04-13 09:16:09.295269,2025-04-13 09:16:27.850594,0 days 00:00:18.555325,0.8866759849266456,0.033523129479725286,16,0.022190476249714725,0.01581376977292267,0.024366853802923815,0.08484963050236688,0.04569321556895068,0.08210466606237088,5.2040502702877036e-05,18,35,0.0169670225003958,0.03803903698130023,False,True,True,0.00024445260544164407,COMPLETE
1235,0.3639333963394165,2025-04-13 09:16:28.256920,2025-04-13 09:16:47.312363,0 days 00:00:19.055443,0.8421867128125632,0.0996677758558827,16,0.020040901547157847,0.010352660893387041,0.026788315285597164,0.07737794916105298,0.0405637619126049,0.0842836109383062,3.9586043002065244e-05,19,41,0.014458935036959898,0.03397364818156401,False,True,True,0.00015996000692733087,COMPLETE
1236,0.20274739265441893,2025-04-13 09:16:47.717199,2025-04-13 09:17:06.186051,0 days 00:00:18.468852,0.865171853559975,0.08155008771379005,16,0.025766181201569375,0.022388432362281836,0.030586266418813672,0.08225352930910401,0.04395094057612765,0.0877851847668824,3.5640268485684996e-05,17,47,0.020138047875319098,0.0336828797129752,False,True,True,0.0002793208632741514,COMPLETE
1237,0.4119701147079468,2025-04-13 09:17:06.593196,2025-04-13 09:17:26.257852,0 days 00:00:19.664656,0.8324995874315468,0.04404927479100426,16,0.0182609186768451,0.00011727754642307809,0.03238454527502387,0.07922393795816216,0.037598703987985344,0.08516394641717012,6.870548141230627e-05,20,34,0.015756156416945784,0.04298476994982312,False,True,True,0.0001969433624232516,COMPLETE
1238,0.23518897891044618,2025-04-13 09:17:26.660910,2025-04-13 09:17:45.198898,0 days 00:00:18.537988,0.8506471565588237,0.02764909289760763,16,0.029503625196378717,0.005705577234219146,0.02907989816124116,0.08418875810782134,0.042184491036365894,0.0797851576586308,7.260722106076612e-05,18,38,0.022117375332896594,0.029474624231072374,False,True,True,0.000353172976497513,COMPLETE
1239,0.3314377546310425,2025-04-13 09:17:45.605051,2025-04-13 09:18:03.843013,0 days 00:00:18.237962,0.8840178110229757,0.06397772552520306,16,0.01824048032233057,0.015102671394404833,0.030353402007806098,0.08065175089191914,0.045278250880877946,0.08187908568914004,5.485635162174938e-05,17,33,0.013371352514085784,0.050432268826658716,False,True,True,0.00013475024248443452,COMPLETE
1240,0.4346638560295105,2025-04-13 09:18:04.249846,2025-04-13 09:18:23.740232,0 days 00:00:19.490386,0.8327048532819574,0.04758662357007678,16,0.024331734033488355,0.0103063868309997,0.03172623076466345,0.08533214509144256,0.025304390722176332,0.08710023791728597,8.437435124400871e-05,19,75,0.01838841799059855,0.0369972870172347,False,True,True,0.00026206346913160757,COMPLETE
1241,0.18795708417892457,2025-04-13 09:18:24.147724,2025-04-13 09:18:42.465721,0 days 00:00:18.317997,0.9431412167029551,0.07258663967021708,16,0.016341980074931862,0.005606790032144223,0.027458443433258307,0.08213874380648528,0.03927793588031514,0.08405871020776297,7.818068555089391e-05,18,36,0.015712751485932916,0.02891218766853271,False,True,True,0.00021465219324238918,COMPLETE
1242,0.1811145305633545,2025-04-13 09:18:42.870851,2025-04-13 09:19:01.167435,0 days 00:00:18.296584,0.8699093352185614,0.029226005745389607,16,0.030904398917131055,0.00023875605676934065,0.020255644592294265,0.04883919080082591,0.03585313374904604,0.08008029116876345,5.9037232409127165e-05,17,44,0.016866779299109555,0.032710265836499275,False,True,True,0.00037485353160593654,COMPLETE
1243,0.36994296312332153,2025-04-13 09:19:01.572454,2025-04-13 09:19:20.042557,0 days 00:00:18.470103,0.8290220519755725,0.09752146711776699,16,0.015144124134384975,0.018510572295740435,0.03365669766218818,0.0836015988968825,0.046280609389869415,0.08635227330056328,4.876205724452297e-05,18,30,0.013476375530893116,0.0287252576875479,False,True,True,0.000295769274779521,COMPLETE
1244,0.1994135856628418,2025-04-13 09:19:20.444847,2025-04-13 09:19:39.350605,0 days 00:00:18.905758,0.8973255168950753,0.043415048159278664,16,0.023495380629436367,0.010045838179776133,0.03213355235512905,0.08518724351153033,0.04156215118639438,0.08284335373004531,9.28173459358839e-05,19,41,0.01995034378321369,0.025387756188513137,False,True,True,0.00017374467500377085,COMPLETE
1245,0.18795708417892457,2025-04-13 09:19:39.755635,2025-04-13 09:19:57.914940,0 days 00:00:18.159305,0.8523335654766097,0.0589125124653282,16,0.1426881892162685,0.005836381904380473,0.03397367098535351,0.07959709424253603,0.043718321914476735,0.08898357090806341,8.417497368063006e-05,17,38,0.015071419306006584,0.03754459394148068,False,True,True,0.00022399170218934542,COMPLETE
1246,0.3924019813537598,2025-04-13 09:19:58.320140,2025-04-13 09:20:16.861118,0 days 00:00:18.540978,0.8225383118294998,0.028127264512968694,16,0.015005740322669547,0.013513678885856827,0.031213061126658493,0.08284290085310259,0.04696950033995039,0.08569579947954983,7.390220215118431e-05,18,33,0.017907177512973025,0.02154360436693072,False,True,True,0.000380188187035799,COMPLETE
1247,0.58145090341568,2025-04-13 09:20:17.265889,2025-04-13 09:20:36.937479,0 days 00:00:19.671590,0.8560963380262993,0.07670975784143098,16,0.020395222722454136,0.02303252018247766,0.03456291933432752,0.08583321653603387,0.039731039821963535,0.07806734712941969,0.00010400534408524502,20,35,0.013359315504703378,0.046279650356286006,False,True,True,0.000272189489542461,COMPLETE
1248,0.21070318818092348,2025-04-13 09:20:37.346796,2025-04-13 09:21:42.172735,0 days 00:01:04.825939,0.9185507887346727,0.060769200209874426,2,0.03257654409963279,0.00019792842777208153,0.028660534429765433,0.0814362122805464,0.04188779674158773,0.08375015720345357,0.00010233544247824263,18,29,0.016507201208057768,0.03395638987535964,False,True,False,0.00014138930461632458,COMPLETE
1249,0.41321610212326054,2025-04-13 09:21:42.577921,2025-04-13 09:22:00.956867,0 days 00:00:18.378946,0.8160791674875404,0.10470735155735875,16,0.0256457988150152,0.010555423135454932,0.023178775180516368,0.08373698761193668,0.03298680320724247,0.08143818003006398,7.112380594240819e-05,17,39,0.012491372261521529,0.02504516949268812,False,True,True,0.0001890956748837461,COMPLETE
1250,0.417045545578003,2025-04-13 09:22:01.363062,2025-04-13 09:22:20.079524,0 days 00:00:18.716462,0.8361783473264952,0.030144968420617153,16,0.01527309357204373,0.017265999065125586,0.021115558060096306,0.08552998142708557,0.04853976023846071,0.08937079246418374,0.00012027578332800379,19,32,0.05527173971923003,0.015874727708901085,False,False,True,0.0003186660747002935,COMPLETE
1251,0.18795708417892457,2025-04-13 09:22:20.490504,2025-04-13 09:22:38.560631,0 days 00:00:18.070127,0.8692200588463082,0.07988963389920253,16,0.021559241645846,0.26526433318640197,0.03583611018638036,0.07846641060915188,0.04404373267153672,0.08723099818523827,9.269949660861499e-05,17,36,0.01998904267753751,0.009639574580837416,False,True,True,0.00024149422270117627,COMPLETE
1252,0.3929952383041382,2025-04-13 09:22:38.965501,2025-04-13 09:22:58.011379,0 days 00:00:19.045878,0.8041256637940926,0.046782400985260826,16,0.013249664842835993,0.004948461811993426,0.03334856044256241,0.08075350938295993,0.0369268379299934,0.08323169858078755,0.0001284406062725891,19,30,0.014641274966955262,0.040191957060797825,False,True,True,0.0003854877437693809,COMPLETE
1253,0.28388400077819825,2025-04-13 09:22:58.419019,2025-04-13 09:23:17.490903,0 days 00:00:19.071884,0.8456493104431093,0.028292401619642686,16,0.03194619478689454,0.010856096270632786,0.0261016378668831,0.04504654647747905,0.046217953180794046,0.07961029241070482,6.147632246487313e-05,18,27,0.04211865212992073,0.01947202291078262,True,True,True,0.0002203848939976889,COMPLETE
1254,0.3738572955131531,2025-04-13 09:23:17.895703,2025-04-13 09:23:36.126853,0 days 00:00:18.231150,0.8833843037791789,0.0568571918971507,16,0.01985050620445565,0.00011780460621401909,0.03129563576218881,0.08449201123142436,0.027517982871579565,0.08614324190720597,0.000104973930576805,17,34,0.017413567100966438,0.029273861940967694,False,True,True,0.00011361315830713049,COMPLETE
1255,0.3957454085350037,2025-04-13 09:23:36.550868,2025-04-13 09:23:55.530343,0 days 00:00:18.979475,0.822350641318759,0.07797164843492381,16,0.012771025461282873,0.0171120254232067,0.02932144048772025,0.08629454096525038,0.04076759749263798,0.08826161545833056,8.329165549590822e-05,18,41,0.012063825526171898,0.023926317432728078,False,True,True,0.00016175734892005805,COMPLETE
1256,0.2619166254997254,2025-04-13 09:23:55.946982,2025-04-13 09:24:15.340126,0 days 00:00:19.393144,0.8658167962143971,0.04574426952009583,16,0.02536364393641484,0.005939734137696394,0.03641816207082523,0.08241087126659606,0.04341493166726558,0.08515995555926299,0.00012775135741709844,20,38,0.021901610361260822,0.013202195287016763,False,True,True,0.00027708481561596786,COMPLETE
1257,0.6056473135948182,2025-04-13 09:24:15.749661,2025-04-13 09:24:33.778202,0 days 00:00:18.028541,0.8430154787530882,0.09392354519770837,16,0.017846896546643048,0.011249741887893721,0.03344392111089407,0.07740265843600228,0.03959170723245775,0.08162167762104648,0.00010075722508243455,16,32,0.01540142484836576,0.020959202441704718,False,True,True,0.0003775606395716378,COMPLETE
1258,0.4763841152191162,2025-04-13 09:24:34.192996,2025-04-13 09:24:52.102083,0 days 00:00:17.909087,0.8003497473508162,0.11664702644849653,16,0.03243919161699439,0.023660707617951304,0.032156200983563234,0.07730028234441959,0.03808124773890473,0.08241078643952361,7.550885082158789e-05,16,27,0.015583843689005322,0.00109030781274903,False,True,True,0.00031277171616841607,COMPLETE
1259,0.3750280022621155,2025-04-13 09:24:52.513484,2025-04-13 09:25:10.472291,0 days 00:00:17.958807,0.8321392535060157,0.10066595558247277,16,0.026637809312647663,0.023613887740730737,0.03406389840277437,0.07893692414067459,0.03568889757766599,0.08414761117436911,8.972325975191665e-05,16,30,0.018584177387496723,0.009099610809147188,False,True,True,0.0001932815617601471,COMPLETE
1260,0.6034536719322205,2025-04-13 09:25:10.881639,2025-04-13 09:25:28.711441,0 days 00:00:17.829802,0.8031473172367616,0.11279641722903616,16,0.0233380618257823,0.01631809664291269,0.03251355142804424,0.07788138136251585,0.03968290468923712,0.09050622748721802,9.63399900304333e-05,16,32,0.014370717229139095,0.017474772454006082,False,True,True,0.00023564335604462576,COMPLETE
1261,0.3480906963348389,2025-04-13 09:25:29.122866,2025-04-13 09:25:47.025346,0 days 00:00:17.902480,0.7745370696400028,0.12123855889979125,16,0.028617325379876248,0.02542670201989758,0.031239059658206392,0.08053786268919924,0.03472801928748099,0.09089353196404629,6.562853554397213e-05,16,27,0.014368815805050318,0.01551615580795,False,True,True,0.00015254480113593367,COMPLETE
1262,0.39073613882064817,2025-04-13 09:25:47.434383,2025-04-13 09:26:05.449153,0 days 00:00:18.014770,0.785475557675405,0.11796624696988982,16,0.032166123751844244,0.022862129973312016,0.03290416684702426,0.07654376704798167,0.038207668853096455,0.0816380183565227,7.10403157583927e-05,16,27,0.016421872809074284,0.010544162687344254,False,True,True,0.00017969011065436106,COMPLETE
1263,0.41558241844177246,2025-04-13 09:26:05.863812,2025-04-13 09:26:24.277784,0 days 00:00:18.413972,0.7923211618651987,0.12225957585422897,16,0.02520455211697835,0.018821791962460546,0.029489264275586832,0.07804747004093233,0.03732987907238547,0.08627481654819083,8.236709479444904e-05,16,70,0.014326283583832741,0.006010640549037093,False,True,True,9.933761013371483e-05,COMPLETE
1264,0.3650203704833984,2025-04-13 09:26:24.689417,2025-04-13 09:26:42.645246,0 days 00:00:17.955829,0.7767309757460287,0.10972204526966957,16,0.03472012905324469,0.026538343206548437,0.032909163111256405,0.07747933721879317,0.0398078461253339,0.08359710155289692,5.74474341581876e-05,16,30,0.016705287332905425,0.018759507453296815,False,True,True,0.00022246641497428607,COMPLETE
1265,0.3938222289085388,2025-04-13 09:26:43.057031,2025-04-13 09:27:01.195475,0 days 00:00:18.138444,0.8069265464564588,0.10614777934228381,16,0.02370583515796263,0.01865020345490604,0.030558001402442386,0.07933927025025918,0.03931674891331156,0.08776765528646349,9.078240067969304e-05,16,31,0.013525642381128664,0.014961879442224324,False,True,True,0.00013774850784937568,COMPLETE
1266,0.5480789899826051,2025-04-13 09:27:01.604149,2025-04-13 09:27:19.478831,0 days 00:00:17.874682,0.79865782929762,0.10010460831924378,16,0.029597425076394443,0.01810189214972542,0.03485377510222595,0.07602692750037546,0.0412091673873577,0.08461355939824207,7.878573654868284e-05,16,32,0.015679283688228567,0.05268853021690911,False,True,False,0.00020766487806376206,COMPLETE
1267,0.34535734653472905,2025-04-13 09:27:19.889669,2025-04-13 09:28:19.286653,0 days 00:00:59.396984,0.8103297549710785,0.13484143379284586,2,0.02192422290987639,0.02450090169143877,0.032349484284138016,0.07839413582545918,0.036475488497359626,0.09044099862390384,9.82315495265841e-05,16,26,0.01925936381076069,0.007582477010968251,False,True,True,0.00024587368027118137,COMPLETE
1268,0.34742408990859985,2025-04-13 09:28:19.701563,2025-04-13 09:28:37.713587,0 days 00:00:18.012024,0.49374539890081864,0.10780429004877828,16,0.03405173377208189,0.018034255195779416,0.03494004331778586,0.08043818701082096,0.03816633779087355,0.08149994849359761,9.963547640131792e-05,16,29,0.013046101288204761,0.017448486853045328,False,True,True,0.00017116387699293146,COMPLETE
1269,0.30660610198974614,2025-04-13 09:28:38.125051,2025-04-13 09:28:56.684430,0 days 00:00:18.559379,0.7828555853185577,0.0964100757618371,16,0.020484297227684106,0.014214252821954388,0.027989134786659486,0.07550560618949012,0.03224097775424148,0.08597801375614195,7.582296675075557e-05,17,32,0.01730286843745921,0.012188496057546013,True,False,True,0.00025083827742154605,COMPLETE
1270,0.6031540632247925,2025-04-13 09:28:57.094641,2025-04-13 09:29:15.199598,0 days 00:00:18.104957,0.8173160922180415,0.1308404756627642,16,0.02448306515647028,0.01521976910347534,0.030959483627581674,0.07658566078944982,0.04028062777033333,0.08393645296508906,0.00010864898081762684,16,33,0.01513714926209623,0.03020203107101131,False,True,True,0.0001963744407068984,COMPLETE
1271,0.49532647132873536,2025-04-13 09:29:15.632557,2025-04-13 09:29:33.702751,0 days 00:00:18.070194,0.7983983410825594,0.13097763610593444,16,0.0327638960914267,0.02504710783727777,0.02554416836607966,0.07661961079419743,0.03988294763232261,0.08317239492831846,9.255817540896476e-05,16,33,0.015652762859426503,0.04190872500883673,False,True,True,0.00011637584745297197,COMPLETE
1272,0.18795708417892457,2025-04-13 09:29:34.122170,2025-04-13 09:29:52.026058,0 days 00:00:17.903888,0.3357630468108762,0.14149778897286047,16,0.02854612012378419,0.2550879648420713,0.028282894843013544,0.07968475939234862,0.04059942097091629,0.08105107306389794,0.00010757574814610166,16,29,0.014022781924797863,0.03271304626585776,False,True,True,0.00012646975199551974,COMPLETE
1273,0.41383535861968995,2025-04-13 09:29:52.474858,2025-04-13 09:30:10.458440,0 days 00:00:17.983582,0.780469238342856,0.12375358038858723,16,0.029506249942263967,0.029114511521482495,0.029754962351993916,0.0799810186239987,0.034455954409511956,0.08485022938171101,8.004552957032238e-05,16,34,0.01890330230909919,0.03490107215862275,False,True,True,0.00016057614118321838,COMPLETE
1274,0.5835624933242798,2025-04-13 09:30:10.876904,2025-04-13 09:30:28.875983,0 days 00:00:17.999079,0.8106577348674643,0.13113083719622784,16,0.02589517588900317,0.022304156015948866,0.03044831163003533,0.07829643283960444,0.038673194306577556,0.08733345099368182,6.620728280716496e-05,16,35,0.015348123648837891,0.04962392614797052,False,True,True,0.00014838213691231616,COMPLETE
1275,0.34120304584503175,2025-04-13 09:30:29.294185,2025-04-13 09:30:47.363795,0 days 00:00:18.069610,0.8180684796060986,0.13732542761722344,16,0.023910197648089566,0.017593374984536315,0.026802386871567288,0.07905180619221362,0.041826244712604876,0.08246461232189134,0.0001067128022477583,16,31,0.012147028440816297,0.030011235796168413,False,True,True,0.00019100872513198644,COMPLETE
1276,0.37743117809295657,2025-04-13 09:30:47.781811,2025-04-13 09:31:05.884643,0 days 00:00:18.102832,0.776028559016551,0.1475266563719372,16,0.031321408422018235,0.015136328485911588,0.03182547614124118,0.07881411736842889,0.036214688865299056,0.07989142610134557,4.866386582766666e-05,17,26,0.017569122204585542,0.040389891077070646,False,True,True,0.00019185470215906812,COMPLETE
1277,0.5740406751632691,2025-04-13 09:31:06.300863,2025-04-13 09:31:24.463211,0 days 00:00:18.162348,0.8054902412089658,0.11565596257836336,16,0.024782861175318045,0.021177091687412462,0.02829946886687758,0.07592213908997442,0.04167680488385657,0.08455369732489337,8.816895852734861e-05,16,33,0.014134893600212608,0.027144544729305574,False,True,True,0.0001306806679768582,COMPLETE
1278,0.5029349088668824,2025-04-13 09:31:24.881331,2025-04-13 09:31:42.893894,0 days 00:00:18.012563,0.7932348752411807,0.11062008750577154,16,0.021396473654154074,0.014263178487463911,0.022197669971042906,0.07549283818077811,0.03872249399566545,0.0885660269936504,9.415050928623391e-05,15,80,0.02108797864038921,0.03525164793206035,False,True,True,0.00017979412371919704,COMPLETE
1279,0.23965899944305422,2025-04-13 09:31:43.309209,2025-04-13 09:32:01.294442,0 days 00:00:17.985233,0.8228776412460458,0.14805390735313187,16,0.036365684501886875,0.029549884383404595,0.03003313414745795,0.08017882277729912,0.04277850506616798,0.0860063996241565,0.00011012185722516731,16,37,0.016177740932875603,0.04486014435682031,False,True,True,0.00010392074100430854,COMPLETE
1280,0.38350242376327515,2025-04-13 09:32:01.709655,2025-04-13 09:32:20.134407,0 days 00:00:18.424752,0.8166560500450492,0.10138443972485905,16,0.02597375766267042,0.014609307024396289,0.031400257282105624,0.082961551986764,0.040813727326889655,0.08325259921748257,7.457922012979328e-05,17,29,0.011831071832762885,0.027753327876300513,False,True,True,0.00022536262293546648,COMPLETE
1281,0.18795708417892457,2025-04-13 09:32:20.547234,2025-04-13 09:32:38.829962,0 days 00:00:18.282728,0.7903702022383923,0.12507877338312656,16,0.03499873317759853,0.18908589910118376,0.032859274478657344,0.075507885971619,0.03656938218047516,0.08097046258388675,0.00010463130142387518,17,35,0.01792152806030391,0.03139638708318357,False,True,True,0.00021525431178521655,COMPLETE
1282,0.42950741052627567,2025-04-13 09:32:39.244462,2025-04-13 09:32:57.275166,0 days 00:00:18.030704,0.8277232799115254,0.10227785788434869,16,0.020952661577028523,0.021000362770934613,0.028755795565550024,0.07617455742375577,0.03876132967542324,0.08560646804152323,8.70530632624568e-05,16,32,0.013590712689886871,0.058476287795310875,False,True,True,0.000149401390688167,COMPLETE
1283,0.39013990163803103,2025-04-13 09:32:57.692957,2025-04-13 09:33:15.444845,0 days 00:00:17.751888,0.7710046373007017,0.09440177187372095,16,0.02895087265403111,0.013964825283409862,0.03333421305584533,0.07765752978375953,0.042255723942788856,0.08951169477423677,6.37141782438855e-05,15,39,0.01559079065673586,0.0236029944843241,False,True,True,0.00025447838112779695,COMPLETE
1284,0.3910971283912659,2025-04-13 09:33:15.886174,2025-04-13 09:33:34.192180,0 days 00:00:18.306006,0.7982087928775726,0.12331571506792371,16,0.018774057186543156,0.011556285536589175,0.02511348890557892,0.07735254913353039,0.04063933965317095,0.08747092856865053,0.00011122263368503927,17,29,0.012351706844572891,0.038161848250477644,False,True,True,0.00018253293164540365,COMPLETE
1285,0.17915993332862856,2025-04-13 09:33:34.612978,2025-04-13 09:33:52.440765,0 days 00:00:17.827787,0.5530700907138411,0.09388230029013535,16,0.021071107177303566,0.23685445373791625,0.03057483216079787,0.08114889841763279,0.043154609419169154,0.08349195414202767,0.00011264500263252193,16,35,0.020315474469829235,0.02227602065309295,False,True,False,0.0002927780394923748,COMPLETE
1286,0.42157902717590334,2025-04-13 09:33:52.861452,2025-04-13 09:34:11.432715,0 days 00:00:18.571263,0.8227336848050598,0.14063786548710963,16,0.02576944623066247,0.019531947131432022,0.032661312155003557,0.08110913949900299,0.03935296856878886,0.08010353949642159,8.2259338268826e-05,17,43,0.018339426110832047,0.032980357503239646,False,True,True,0.00022249793051664073,COMPLETE
1287,0.2916812300682068,2025-04-13 09:34:11.854802,2025-04-13 09:35:11.612448,0 days 00:00:59.757646,0.8376013568561989,0.10632970930895205,2,0.03429134807778164,0.027213046529701482,0.026636344663962787,0.08216642433237147,0.03695718982423925,0.0915121232759969,0.00010304781525089051,16,38,0.016511395239200255,0.04646369247882662,False,True,True,0.00014855162496761414,COMPLETE
