number,value,datetime_start,datetime_complete,duration,params_alpha-eval,params_alpha-train,params_batch-size,params_eps-eval,params_eps-train,params_lambda-actions-eval,params_lambda-actions-train,params_lambda-frames-eval,params_lambda-frames-train,params_learning-rate,params_n-epochs,params_n-frames,params_radius-gw,params_rho,params_std-feats,params_ub-actions,params_ub-frames,params_weight-decay,state
1008,0.5964729189872742,2025-04-13 07:55:56.894176,2025-04-13 07:56:14.747158,0 days 00:00:17.852982,0.8289122797410406,0.04158512669706678,16,0.01123645843681054,0.005545178776631526,0.044643607174737476,0.08567570181055355,0.05220716482500685,0.0847933584100567,0.00021488551691924192,16,33,0.004444732790396873,0.014142762689234319,False,True,True,0.0002814902490767868,COMPLETE
1009,0.31498396396636963,2025-04-13 07:56:15.076420,2025-04-13 07:56:33.069871,0 days 00:00:17.993451,0.8086844722688796,0.03377137304708635,16,0.017211901219983793,0.00040097401859929584,0.04500939584605712,0.08521657595312948,0.04909189823284365,0.07825429525555097,0.0002667857567272391,16,28,0.004065321284153053,0.012212260921901918,False,True,True,1.5243254225658793e-06,COMPLETE
1010,0.18795708417892457,2025-04-13 07:56:33.400003,2025-04-13 07:56:51.308143,0 days 00:00:17.908140,0.8287902725217282,0.01004631262365829,16,0.09070501298107586,0.0004467338457043846,0.044328195997843385,0.08628235178382933,0.05172409569236919,0.0840162879008853,0.00022181670468215692,16,31,0.004275057039478896,0.013123490343161319,False,True,True,0.0002961309697016698,COMPLETE
1011,0.49073629379272465,2025-04-13 07:56:51.643628,2025-04-13 07:57:09.568016,0 days 00:00:17.924388,0.7825210799533556,0.03353100896877001,16,0.022408751260236358,0.00012248468512817377,0.05088238729301238,0.08475946207555292,0.05027284280798744,0.08128389501836775,0.0002558837339331426,16,32,0.0028607570731065003,0.005167798447394779,False,True,True,0.0002698831002783261,COMPLETE
1012,0.39233037233352663,2025-04-13 07:57:09.901309,2025-04-13 07:57:27.757276,0 days 00:00:17.855967,0.8037760244450056,0.04352245320364627,16,0.013834219287342308,0.005416905044410171,0.04682889280142173,0.0875428518381503,0.05264152066129577,0.07891836118287662,0.00019643360944902023,16,28,0.005928630291209117,0.019310034858653638,False,True,True,0.00030804714269061886,COMPLETE
1013,0.2047383189201355,2025-04-13 07:57:28.092348,2025-04-13 07:57:46.094453,0 days 00:00:18.002105,0.8316632650342767,0.029311524803820356,16,0.02386572868574794,0.005937455969606662,0.049023212267434335,0.0014113718880770232,0.057947972041541125,0.08758392380313038,0.0002735188083123231,16,34,0.004790763035739232,0.01017559183295965,False,True,True,0.00023018467457088838,COMPLETE
1014,0.18795708417892457,2025-04-13 07:57:46.416519,2025-04-13 07:58:06.107621,0 days 00:00:19.691102,0.8244802006540966,0.04160245277074122,16,0.20990396302434022,0.005392764439087157,0.040489694528604084,0.08780117197577464,0.05204131671794458,0.07632291677234596,0.0002190587525265601,21,55,0.006411174943271655,0.016945000265662223,False,True,True,0.00032399356296972424,COMPLETE
1015,0.3923677921295166,2025-04-13 07:58:06.440154,2025-04-13 07:58:24.461335,0 days 00:00:18.021181,0.7856461739109292,0.046718268764340466,16,0.011299510226596792,0.007294892257755359,0.0396558529272216,0.08400523063369116,0.050672722828813584,0.08391331342069697,0.00020712184997132382,16,31,0.0011084720145576237,0.02797761069707621,False,True,True,0.00025017683403121335,COMPLETE
1016,0.4724607348442078,2025-04-13 07:58:24.791637,2025-04-13 07:58:42.448454,0 days 00:00:17.656817,0.8089664993610323,0.02885461713694616,16,0.018332237959318484,0.00930371260124979,0.045142581122706596,0.08878338426779427,0.0531256468839726,0.0880742933966916,0.0002233916676910507,15,34,0.0030997546585227378,0.008810088995813726,False,True,True,0.0003860767881893787,COMPLETE
1017,0.37548050880432127,2025-04-13 07:58:42.784220,2025-04-13 07:59:01.395134,0 days 00:00:18.610914,0.8416843793197938,0.0492547779829048,16,0.026340297178231713,0.005293187842716888,0.041502496999961225,0.08629356598039849,0.052506812751461754,0.08667209909055204,0.00018696631415698588,18,28,0.007562390438135224,0.02353891331974511,False,True,True,0.00022249488883731725,COMPLETE
1018,0.500570011138916,2025-04-13 07:59:01.730986,2025-04-13 07:59:19.349924,0 days 00:00:17.618938,0.835562893742797,0.025725114446068627,16,0.011044632257777076,0.012228015132543527,0.03962814042598644,0.0896983466334136,0.05090770634527382,0.07433555275501359,0.0002736382886886136,15,33,0.004552519044438248,0.03461196236284313,False,True,False,0.00029161609285705296,COMPLETE
1019,0.5530651688575745,2025-04-13 07:59:19.690056,2025-04-13 07:59:38.088710,0 days 00:00:18.398654,0.8016612021876395,0.05282316452355675,16,0.017313996583730777,0.01091736571571341,0.04388240206727007,0.08418455619215874,0.04653909287286288,0.08274474831799984,0.00016321443726074233,17,30,0.0032076571703355834,0.015762354949819424,False,True,True,0.00019991504973804054,COMPLETE
1020,0.3980463266372681,2025-04-13 07:59:38.409825,2025-04-13 07:59:57.864159,0 days 00:00:19.454334,0.8167592463251756,0.028060335373681116,16,0.024351815809654488,0.005142585828879199,0.03811622760651619,0.08741054590079746,0.055059847697480666,0.08460631342021083,0.00022637372146621526,19,36,0.006645848823993844,0.025384258017849996,True,True,True,0.00039406487496721285,COMPLETE
1021,0.45709805488586425,2025-04-13 07:59:58.197984,2025-04-13 08:00:16.245854,0 days 00:00:18.047870,0.7826609092627975,0.011142314097898736,16,0.006613703727652603,0.005673401907468772,0.04274935343045148,0.0897768527555846,0.0535898020316443,0.08018911110175773,0.00019566546772205177,16,35,0.004714825120924602,0.006476063206523755,False,False,True,0.0002928176730540162,COMPLETE
1022,0.5896923661231994,2025-04-13 08:00:16.583206,2025-04-13 08:00:35.946440,0 days 00:00:19.363234,0.8509217023413544,0.05295611720000663,16,0.013286515678354899,0.0002554985807005816,0.047398475681244,0.09138167319436794,0.05003581259608286,0.08608983048869052,0.00016683224895920913,20,32,0.0010288043925730582,0.0370456802518054,False,True,True,0.0002491538713535566,COMPLETE
1023,0.5951165676116943,2025-04-13 08:00:36.284411,2025-04-13 08:00:56.223824,0 days 00:00:19.939413,0.8742955160533116,0.042677370673498555,16,0.011058771155836134,0.0002906169531691205,0.0476810188896628,0.09364124979128624,0.051215808634950497,0.08638839596240498,0.00025060597385778764,21,32,0.0024533416813721596,0.029547400406873054,False,True,True,0.00034706615925719786,COMPLETE
1024,0.43607352972030644,2025-04-13 08:00:56.560842,2025-04-13 08:01:17.136883,0 days 00:00:20.576041,0.8759070662944172,0.03784911470262196,16,0.006829373483558809,0.00037918055895836897,0.04979770105147659,0.09368356039784971,0.05011002455285484,0.0887023085787129,0.000252466958672875,20,138,0.0013170057608754607,0.035455399892005725,False,True,True,0.000279491184621972,COMPLETE
1025,0.3686918020248413,2025-04-13 08:01:17.471305,2025-04-13 08:01:37.658410,0 days 00:00:20.187105,0.9117299231731071,0.011499539856774474,16,0.01168967880372281,0.00043211873170272315,0.05278880159207611,0.0941740729267951,0.04742950541303695,0.08756447426875277,0.00029084215297005056,22,32,0.0010947532792906548,0.2784135166569466,False,True,True,0.00039523923641250256,COMPLETE
1026,0.41101799011230467,2025-04-13 08:01:37.997382,2025-04-13 08:01:58.530192,0 days 00:00:20.532810,0.8885591040418545,0.0409140652818035,16,0.005950008816405333,0.004247415604731845,0.048747234000538,0.09263503405218629,0.04960775695644966,0.08055769203458711,0.00024156993665572023,21,70,0.0010766337925077621,0.03809800444453993,False,True,True,0.00024235278185069789,COMPLETE
1027,0.39529324769973756,2025-04-13 08:01:58.853096,2025-04-13 08:02:18.227994,0 days 00:00:19.374898,0.8697637124245551,0.03449042479955558,16,0.012491940238508643,0.00011418935242170093,0.045276067499550175,0.09463949565686362,0.0513960320406739,0.0865891630777006,0.00027256297540576664,20,31,0.0028717886204899755,0.04106090447538037,False,True,True,0.0003315764606855772,COMPLETE
1028,0.52611403465271,2025-04-13 08:02:18.564741,2025-04-13 08:02:38.376703,0 days 00:00:19.811962,0.869025866732267,0.052429744999629664,16,0.005550536858473884,0.00575298522020647,0.04747282552825933,0.09173412622024153,0.0542658559179518,0.0847389269547688,0.0002103976022422229,21,33,0.0011553681640462262,0.030190596185582053,False,True,True,0.00018456960979062437,COMPLETE
1029,0.4993860721588135,2025-04-13 08:02:38.712351,2025-04-13 08:02:58.137501,0 days 00:00:19.425150,0.8986061442296841,0.051744630800632706,16,0.012727844108076314,0.005513122964710535,0.051457025907632306,0.09286400132005099,0.0483127533394776,0.08481043528946211,0.0001911133640593834,20,30,0.0029182615850922426,0.03062924336688369,False,True,True,0.0002672287777375852,COMPLETE
1030,0.3373450875282288,2025-04-13 08:02:58.476335,2025-04-13 08:03:18.487077,0 days 00:00:20.010742,0.8599089359804432,0.010138886081789564,16,0.006144493523314981,0.004832643233578495,0.04904772785782335,0.09425073970398885,0.053523089843890426,0.09083797414201795,0.0002839204513014119,21,37,0.004491852077561075,0.03992362061598381,False,True,True,6.069592942366511e-08,COMPLETE
1031,0.5424767255783081,2025-04-13 08:03:18.825433,2025-04-13 08:03:37.939730,0 days 00:00:19.114297,0.8803694734454697,0.029010936652595,16,0.016318735514158685,0.0049282393247829254,0.048532192610005985,0.0913651606660392,0.056022395340783966,0.08074073729896426,0.00021326501628151213,19,34,0.002860284491309001,0.03442024102512701,False,True,True,0.00040078748124402005,COMPLETE
1032,0.34869706630706787,2025-04-13 08:03:38.280483,2025-04-13 08:03:58.086681,0 days 00:00:19.806198,0.8531467162360293,0.03296584369598883,16,0.00046497877333554274,0.001212480355696698,0.04706048048342073,0.09072357480822449,0.05083617063211658,0.0895458991005838,0.000238743642332105,21,28,0.00830047890329601,0.025923688969192553,False,True,True,0.0003131761578520366,COMPLETE
1033,0.18795708417892457,2025-04-13 08:03:58.428976,2025-04-13 08:04:18.412357,0 days 00:00:19.983381,0.867842749784461,0.04905259339348092,16,0.17932858486607778,0.010334081777568376,0.048124263754824315,0.08893014230133117,0.058504234837310605,0.08717906147943637,0.00018127424039304587,22,40,0.0010106581810523808,0.031048409830875316,False,True,True,0.00020277263316659605,COMPLETE
1034,0.36874190568923954,2025-04-13 08:04:18.733272,2025-04-13 08:04:38.948607,0 days 00:00:20.215335,0.8515845376423663,0.028993007347106803,16,0.009966997812673437,0.01055570658217298,0.050065562805171625,0.0941001195090635,0.05574687186037487,0.0914558054343037,0.00019771108457827696,22,32,0.005693941535330133,0.29972436461874585,False,True,True,0.0002608700676678899,COMPLETE
1035,0.5949483275413514,2025-04-13 08:04:39.289242,2025-04-13 08:04:59.098798,0 days 00:00:19.809556,0.8475594063599798,0.010657985545501247,16,0.015231778985488033,0.0009708143903445626,0.046017914279376626,0.09191833854403052,0.049202369039280304,0.08942649953543076,0.00016604153989470676,21,36,0.00657747610561336,0.02240755903085521,False,True,True,0.00041305673355585427,COMPLETE
1036,0.48975113630294803,2025-04-13 08:04:59.437747,2025-04-13 08:05:19.505451,0 days 00:00:20.067704,0.8945432696607891,0.013128885976054673,16,0.011702000132604046,0.00091059456243168,0.04589940360020383,0.09481827274248,0.04705140133455149,0.0854843972691425,0.0002526869612234275,21,40,0.008331801353563708,0.022431262505819956,False,True,True,0.00044099216398273903,COMPLETE
1037,0.33608285188674925,2025-04-13 08:05:19.847598,2025-04-13 08:05:39.784725,0 days 00:00:19.937127,0.8798259498946914,0.026566155939511518,16,0.00627353512789669,0.0009311083721619167,0.05218715807380775,0.09271974288083892,0.044887154879866206,0.08632829033195824,0.0001709989332539438,22,37,0.0010311673191411754,0.0273493907361139,False,True,False,0.0004342899684378966,COMPLETE
1038,0.43303493261337284,2025-04-13 08:05:40.129000,2025-04-13 08:05:57.982685,0 days 00:00:17.853685,0.8615416340804672,0.031118445022374562,16,0.014998294947188863,0.001292879357368798,0.04699069903550517,0.0916072908863012,0.04874587869310023,0.09079886851821775,0.00023052956554476896,15,41,0.0032251771201246065,0.01950028093823849,False,True,True,0.0003824420375188693,COMPLETE
1039,0.18795708417892457,2025-04-13 08:05:58.347713,2025-04-13 08:06:18.080003,0 days 00:00:19.732290,0.98419648338427,0.01019847844239321,16,0.006591086440764116,0.0008977705748932051,0.0469154385754867,0.09446701668445245,0.05007576185536875,0.09010522114649167,0.05918448592441325,21,37,0.007019741692575318,0.036201398546394696,False,True,True,0.0001569122807781837,COMPLETE
1040,0.3610949754714966,2025-04-13 08:06:18.422936,2025-04-13 08:06:38.825914,0 days 00:00:20.402978,0.8465455463615144,0.010130437461573875,16,0.01592040182934233,0.009447333310466132,0.045934714744055825,0.09279488203396714,0.051644530029735784,0.09383603137842066,0.00015826007601258584,21,43,0.004833730899920823,0.02411950625278634,True,False,True,6.834439456883156e-07,COMPLETE
1041,0.20953874588012697,2025-04-13 08:06:39.155639,2025-04-13 08:07:57.763377,0 days 00:01:18.607738,0.8918570466078364,0.052749166257120075,2,0.0103179055345058,0.00013915834946896105,0.049711438380826194,0.02135000950021141,0.052499506391778285,0.08868022148615622,0.00019425416595367332,23,35,0.008464675801533072,0.15891657504312753,False,True,True,0.0002329957782607186,COMPLETE
1042,0.5776922345161438,2025-04-13 08:07:58.103019,2025-04-13 08:08:18.373865,0 days 00:00:20.270846,0.8711277782786715,0.011355402550254025,16,0.005539310037413653,0.0004377784463917744,0.04437559823062923,0.09100648466162842,0.04944464199019876,0.08940961926710882,0.00027967647638891066,21,38,0.003121677647015063,0.031199635620639248,False,True,True,0.000338371190465834,COMPLETE
1043,0.18795708417892457,2025-04-13 08:08:18.717104,2025-04-13 08:08:38.008794,0 days 00:00:19.291690,0.9157520827162304,0.031784538519009524,16,0.0001443252649122619,0.23004445713916916,0.044903338878384456,0.09491362533120097,0.053031895712522086,0.0848124824274722,0.0001567448132267259,20,35,0.005740701162533058,0.01711003219441687,False,True,True,0.0004265987065414859,COMPLETE
1044,0.32920944690704346,2025-04-13 08:08:38.356336,2025-04-13 08:08:58.675585,0 days 00:00:20.319249,0.8480951373089046,0.04506125839872024,16,0.01576179580589949,0.009669148844695415,0.04689656838838829,0.0929265821107527,0.045640496693838836,0.08210677492427244,3.524171309962618e-05,22,39,0.00882841111957069,0.015995335215835575,False,True,True,1.051613743951779e-06,COMPLETE
1045,0.18795708417892457,2025-04-13 08:08:59.014806,2025-04-13 08:09:18.870307,0 days 00:00:19.855501,0.8673608003726592,0.028316666381355358,16,0.00036077610930343657,0.1382929275803266,0.05741335870713221,0.08826382255081652,0.051502559244704336,0.08673518266123924,0.00020309386929959997,20,88,0.0069660048579856864,0.02467316718471733,False,True,True,0.00018538645430882122,COMPLETE
1046,0.5868804574012757,2025-04-13 08:09:19.210629,2025-04-13 08:09:38.776296,0 days 00:00:19.565667,0.8474669009310233,0.053206980361028985,16,0.012182595385117541,0.00013350592343362895,0.04327351252928266,0.0907003412218503,0.05889648584477018,0.0958312223319382,0.00022888413000568292,20,30,0.0032320308727780203,0.033728792783116794,False,True,True,0.00027168744031289156,COMPLETE
1047,0.5774215936660767,2025-04-13 08:09:39.119126,2025-04-13 08:09:58.873620,0 days 00:00:19.754494,0.8964414399045799,0.047569517346613,16,0.009082437576646084,0.005215833100385051,0.04234893188665675,0.09393415609759787,0.0565447347497149,0.09419796109051612,0.0002819034262501505,21,34,0.002895245900510315,0.03649698049816803,False,True,True,0.0003254453800344839,COMPLETE
1048,0.5861859798431397,2025-04-13 08:09:59.218861,2025-04-13 08:10:18.729196,0 days 00:00:19.510335,0.8830930694806622,0.02427909431837228,16,0.011733054062788633,0.0005487098937982356,0.04337319491091131,0.09215273470063885,0.05493842123118021,0.09690279260378387,0.0002911887128009419,20,36,0.0010194544927873202,0.0316696273450198,False,True,True,0.00023942623027253115,COMPLETE
1049,0.18730639815330508,2025-04-13 08:10:19.058454,2025-04-13 08:10:38.658725,0 days 00:00:19.600271,0.9381269735885185,0.027342708942548713,16,0.010536291638464736,0.0005331587674870517,0.043671399959322905,0.09557033748754222,0.05961220074002438,0.09496429200429428,0.0002616048554622734,21,45,0.0010335381824686297,0.04060731385372705,False,True,True,0.0004670623888625742,COMPLETE
1050,0.407690966129303,2025-04-13 08:10:38.998706,2025-04-13 08:10:58.751953,0 days 00:00:19.753247,0.8982676103076034,0.010895988243076592,16,0.005408465124633466,0.005159744750600495,0.04602964404257213,0.09244743426020255,0.05979182625272407,0.09591160996693608,0.00028791505510725976,20,42,0.0010047608006076118,0.03402281288706373,False,True,True,0.0003412551152705991,COMPLETE
1051,0.43486729860305784,2025-04-13 08:10:59.096241,2025-04-13 08:11:18.795315,0 days 00:00:19.699074,0.90853680096206,0.028604513724561204,16,0.011721736538534491,0.0005520275841670456,0.04364083951642179,0.0946882287438525,0.05459200659237476,0.08807569086851179,0.00028448394019104354,21,38,0.002587891687192711,0.03884378643800063,False,True,True,0.0002462006069546361,COMPLETE
1052,0.5676835417747498,2025-04-13 08:11:19.139418,2025-04-13 08:11:38.407413,0 days 00:00:19.267995,0.9545226256191207,0.010935594522386908,16,0.00035123836464741754,0.00024893055388624553,0.04815021446882257,0.0915215711605173,0.05805004115775953,0.0938721346295029,0.00022654094327760027,20,36,0.0027388016949207285,0.030543375216600922,False,True,True,0.00040271061622938737,COMPLETE
1053,0.3400810718536377,2025-04-13 08:11:38.752667,2025-04-13 08:11:58.374124,0 days 00:00:19.621457,0.8750554069061054,0.03051273240139829,16,0.006911263324773751,0.0051203707106530615,0.04561986562768422,0.09314199221872614,0.05626513840686162,0.09706201869327284,0.00024437248906902185,20,40,0.0026801407910511063,0.030461182337915563,False,True,True,0.00028274960366214295,COMPLETE
1054,0.5618987798690795,2025-04-13 08:11:58.719963,2025-04-13 08:12:18.654682,0 days 00:00:19.934719,0.8844648852528285,0.04789788313977417,16,0.013000001778246725,0.004461470920637567,0.04207685945758646,0.09521803367351322,0.061258635167287044,0.0987272208577618,0.00029232163838160036,20,78,0.004152857550214653,0.043990719034021686,False,True,True,0.00022944086378955854,COMPLETE
1055,0.5796945691108704,2025-04-13 08:12:19.001047,2025-04-13 08:12:39.466102,0 days 00:00:20.465055,0.9047932139298795,0.028384397835196144,16,0.005732080961355629,0.0008793690104069492,0.043761283091410974,0.09136431612243238,0.05448971599306744,0.0902135804366202,0.00023010628412184413,22,36,0.00408478586765796,0.02471609166375672,False,True,True,0.0004888666748828078,COMPLETE
1056,0.3448270261287689,2025-04-13 08:12:39.817878,2025-04-13 08:12:59.557031,0 days 00:00:19.739153,0.8830433010440226,0.45641915759654833,16,0.00011998745879801542,0.0007330705193038937,0.0460087768539789,0.09360463926785437,0.058808270223627654,0.09244291994906059,0.00030919562314263847,21,41,0.0026171364262978685,0.039041218339033894,False,True,False,0.0003052559062015914,COMPLETE
1057,0.5739998698234559,2025-04-13 08:12:59.888113,2025-04-13 08:13:19.371366,0 days 00:00:19.483253,0.8655157528336093,0.05632971899348078,16,0.012520914426609152,0.007881645102275668,0.0420309701043065,0.09066803666625994,0.05382813600820042,0.09604538420289505,0.00030189062584108986,20,34,0.0027704823792054642,0.03229083004473757,False,True,True,0.00038145606191505806,COMPLETE
1058,0.5827375054359436,2025-04-13 08:13:19.715091,2025-04-13 08:13:39.320944,0 days 00:00:19.605853,0.8589859764070035,0.03982294118457299,16,0.01681785225176937,0.0006505999522679372,0.04827078958467963,0.09510088095235128,0.05604778927387434,0.09983290779522963,0.00023933157449298938,20,38,0.0027480474159344466,0.02197326786828685,False,True,True,0.00020057614568267052,COMPLETE
1059,0.29078329205513,2025-04-13 08:13:39.665316,2025-04-13 08:13:59.516782,0 days 00:00:19.851466,0.8874173181822652,0.012289798469370564,16,0.0060074205757374,0.006659600084821603,0.04373824565514757,0.09165097820937157,0.05910573010273454,0.0972427883727112,0.00021147274521582282,20,33,0.0053350481879424995,0.026073981410869404,True,False,True,0.0002707362378279472,COMPLETE
1060,0.34467138051986695,2025-04-13 08:13:59.871648,2025-04-13 08:14:19.933366,0 days 00:00:20.061718,0.8578720168481087,0.6694698620068812,16,0.011773305708602598,0.00034028423334022854,0.04127792788107742,0.0930188475381616,0.05350923480382832,0.09248267836226819,0.00024366168631873258,21,52,0.0010067708969075067,0.033855905597867705,False,True,True,0.00016446813280713296,COMPLETE
1061,0.17752549648284915,2025-04-13 08:14:20.284267,2025-04-13 08:14:39.846676,0 days 00:00:19.562409,0.9179017457384241,0.06021629482462016,16,0.01670832784491289,0.007656791459862096,0.04513408040902718,0.09023379684542134,0.049087967756224093,0.09522811100577121,0.006959668372262922,21,44,0.0042379295443510274,0.018222255161254742,False,True,True,0.0003424755661666118,COMPLETE
1062,0.18795708417892457,2025-04-13 08:14:40.194919,2025-04-13 08:14:58.969749,0 days 00:00:18.774830,0.9230739435899019,0.030406594915970135,16,0.23637310715503435,0.0003313584405287614,0.07152878197914098,0.09558098592210443,0.05148591367930142,0.09735949281820268,0.0002929435504545218,19,37,0.0010240898945269867,0.0423949185894789,False,True,True,1.412906553657636e-08,COMPLETE
1063,0.18795708417892457,2025-04-13 08:14:59.320309,2025-04-13 08:15:19.459433,0 days 00:00:20.139124,0.8774478988631554,0.043726415579964886,16,0.010158047823757873,0.24705718872402582,0.04298257592886842,0.09329739789429725,0.06221336321556106,0.09930451554138,0.00021152695619029523,20,103,0.00437573921529709,0.013790156882854726,False,True,True,0.00023940720750765106,COMPLETE
