number,value,datetime_start,datetime_complete,duration,params_alpha-eval,params_alpha-train,params_batch-size,params_eps-eval,params_eps-train,params_lambda-actions-eval,params_lambda-actions-train,params_lambda-frames-eval,params_lambda-frames-train,params_learning-rate,params_n-epochs,params_n-frames,params_radius-gw,params_rho,params_std-feats,params_ub-actions,params_ub-frames,params_weight-decay,state
1960,0.44196476936340334,2025-04-13 13:33:20.825431,2025-04-13 13:33:39.703074,0 days 00:00:18.877643,0.7749094327788697,0.08256021122072915,16,0.01550023158527795,0.005433618122770548,0.03582605968183259,0.08187421444964171,0.030602265010257087,0.0897875788507606,0.00013041548436082837,18,33,0.02309243531987155,0.15825851849581904,False,True,True,0.00018549531201042903,COMPLETE
1961,0.45064280033111576,2025-04-13 13:33:40.360114,2025-04-13 13:33:58.721275,0 days 00:00:18.361161,0.8246616237080309,0.13667083644798114,16,0.005237478219704784,0.012042406140830573,0.031994435686148966,0.07443911736025105,0.04015446168658748,0.08149456359418084,0.00010399854216843682,17,40,0.021066266406200507,0.005155972733711135,False,True,True,0.0002372620740673001,COMPLETE
1962,0.4335904836654663,2025-04-13 13:33:59.357893,2025-04-13 13:34:17.405160,0 days 00:00:18.047267,0.8187129692398271,0.102154802165369,16,0.025413140002741336,0.022173942725702975,0.0283150006557877,0.07140244338015658,0.03785397949819567,0.08475025973752359,8.577726078590103e-05,16,52,0.026987884399427297,0.023403956436204312,False,True,True,8.839594969405057e-05,COMPLETE
1963,0.5731540083885193,2025-04-13 13:34:18.056025,2025-04-13 13:35:23.235863,0 days 00:01:05.179838,0.29935318516636455,0.11151019997586124,2,0.011890407337967087,0.005812960739593598,0.02675945437395819,0.07899524018111692,0.08715267712248476,0.0861750741598937,0.0001556579802530747,18,36,0.021189902867385278,0.018971542860592806,False,True,True,0.00018419743401896336,COMPLETE
1964,0.2170558333396912,2025-04-13 13:35:23.900147,2025-04-13 13:35:42.218175,0 days 00:00:18.318028,0.7889685929935103,0.07702118334364269,16,0.08044736725443435,0.016023481577717755,0.03497080211850349,0.07666386271836317,0.035638740920160276,0.08852533130267855,0.0075247291272425385,17,30,0.02358858635021642,0.013776476422185355,False,True,True,0.00014042234598967007,COMPLETE
1965,0.41683615446090694,2025-04-13 13:35:42.854433,2025-04-13 13:36:00.903364,0 days 00:00:18.048931,0.800480522650882,0.1391701767812342,16,0.019369243660401388,0.009918186299555178,0.030546009620588125,0.07469059059453555,0.04056606516971868,0.08341047897199434,0.00018122973093905913,16,42,0.03424672449019925,0.005435236868213509,False,True,True,0.00011676996641428515,COMPLETE
1966,0.20928549766540527,2025-04-13 13:36:01.560936,2025-04-13 13:36:20.091737,0 days 00:00:18.530801,0.7608294562185536,0.06108441426964181,16,0.09098788511733356,0.028586369196846956,0.033664041992247117,0.08314951264134228,0.033009015435547504,0.08132675802906897,0.00011952277658799539,18,33,0.020574728663434416,0.0269720037014818,False,True,True,0.0002462991637597241,COMPLETE
1967,0.20569776296615602,2025-04-13 13:36:20.755096,2025-04-13 13:36:39.451740,0 days 00:00:18.696644,0.8173721287943029,0.11644931012159801,16,0.030185893122569144,0.039366926849888635,0.0373355519295917,0.07999505005620838,0.02771234123564909,0.08540459388564318,6.830406771234947e-05,19,38,0.029852193662089008,0.018501437726554572,False,True,False,0.00016340272007746854,COMPLETE
1968,0.4327626347541809,2025-04-13 13:36:40.093174,2025-04-13 13:36:58.566689,0 days 00:00:18.473515,0.780564572955562,0.08973432292872517,16,0.020485516813908932,0.005407314369241502,0.0730618291267457,0.07817791987617326,0.03850425511099632,0.08741407025644488,9.305941077632581e-05,17,31,0.023139095127275203,0.01131735500572101,False,True,True,0.00020774799410812778,COMPLETE
1969,0.5813113570213317,2025-04-13 13:36:59.229668,2025-04-13 13:37:16.409269,0 days 00:00:17.179601,0.7507418488759772,0.1372382424803157,16,0.03508097197574835,0.014893998486750026,0.032049447792236,0.0812085858326566,0.04104668329372721,0.08974987757635658,0.00013180124324677474,14,35,0.025525617629788933,0.02373037098472372,False,True,True,0.0002645783325110119,COMPLETE
1970,0.301952999830246,2025-04-13 13:37:17.044844,2025-04-13 13:37:34.928520,0 days 00:00:17.883676,0.8340132286393089,0.062035415503624444,16,0.012280578238416318,0.02100634344960417,0.028477721992051994,0.07656548614482236,0.0364816231462462,0.08333502542168894,0.00010359987555044907,15,37,0.021218501398094523,0.001033573075885804,True,False,True,0.00019416744207684597,COMPLETE
1971,0.4354490876197815,2025-04-13 13:37:35.588688,2025-04-13 13:37:53.837820,0 days 00:00:18.249132,0.8004749051664908,0.1009873113331296,16,0.025280944906116744,0.009395341132220552,0.03332771971217376,0.08500427646761707,0.03954266090966324,0.08176424130942198,7.650978973999446e-05,16,43,0.02043034600205696,0.014256803520759892,False,True,True,0.0002880822382980332,COMPLETE
1972,0.3923896670341492,2025-04-13 13:37:54.507493,2025-04-13 13:38:12.907637,0 days 00:00:18.400144,0.7772846063327314,0.07926382958588835,16,0.007904672660806621,0.014204706453387724,0.027552032336780736,0.07390270848606144,0.03470821166658052,0.08450933635813163,0.00011420159424101631,17,34,0.023713176110347674,0.006752231845023547,False,True,True,0.00012350820735359532,COMPLETE
1973,0.42308411598205564,2025-04-13 13:38:13.553897,2025-04-13 13:38:32.321863,0 days 00:00:18.767966,0.7291107135779731,0.11855387865107365,16,0.0164161037114066,0.004928863894691493,0.031079016093691746,0.07899334315324963,0.04205851595709404,0.08650713711736434,0.005395862187692667,18,40,0.02055839723499182,0.030325859914107453,False,True,True,0.00022690776061493902,COMPLETE
1974,0.3666977286338806,2025-04-13 13:38:32.986753,2025-04-13 13:38:50.237145,0 days 00:00:17.250392,0.8184000067922439,0.09142142243765798,16,0.030086783325717063,0.021847407454859698,0.029594524786436097,0.08230843335468412,0.03754016283613847,0.08088353577158479,8.763762685619343e-05,14,28,0.022257721641641748,0.02006639392659547,False,True,True,0.0007270140982454056,COMPLETE
1975,0.21563154458999634,2025-04-13 13:38:50.877893,2025-04-13 13:39:09.940330,0 days 00:00:19.062437,0.8321345159005129,0.11802584524918372,16,0.1393340693071195,0.009742394519641089,0.03527323359663894,0.07056429220612936,0.032018751057584977,0.0836082469789578,0.00014719716400606788,19,33,0.02609330400403192,0.011545038434246622,False,True,True,0.00016488585825416162,COMPLETE
1976,0.3675609946250916,2025-04-13 13:39:10.599779,2025-04-13 13:39:28.480739,0 days 00:00:17.880960,0.018188658781055023,0.13936397988148477,16,0.019705463461203245,0.005194609509814446,0.032704267404090805,0.07590530313825768,0.04050332467587971,0.08837583290714911,5.996654755461662e-05,16,37,0.019791820656619316,0.017275087073715605,False,True,True,0.00028961303223947176,COMPLETE
1977,0.5308780550956727,2025-04-13 13:39:29.146991,2025-04-13 13:39:47.748301,0 days 00:00:18.601310,0.8032151840450634,0.07355178512012504,16,0.02403651409676305,0.017015936326379613,0.026581127790332,0.08067314281975713,0.03776790727342347,0.08563138718474761,0.015355985306906217,18,31,0.020153616258541958,0.02493447173054021,False,True,True,0.00024037224627130644,COMPLETE
1978,0.39197224378585815,2025-04-13 13:39:48.389544,2025-04-13 13:40:06.854827,0 days 00:00:18.465283,0.7574188481099765,0.05889248597034489,16,0.014434130282232581,0.00014271403881475214,0.030134110014722323,0.07757001029238356,0.04301411868070058,0.08228959819321899,0.00010095331245184294,15,149,0.022426213251042302,0.006644052176031589,False,True,True,0.00018643862780881243,COMPLETE
1979,0.34359011650085447,2025-04-13 13:40:07.521131,2025-04-13 13:40:26.017621,0 days 00:00:18.496490,0.583618826912024,0.10304012170302777,16,0.036482321830654765,0.01339982896713866,0.03421276122118041,0.084486493888358,0.039243980237314,0.08956067034399104,0.00017403077862272284,17,40,0.02457104610560977,0.01460163869637739,False,True,True,0.0001425376808113423,COMPLETE
1980,0.5897246479988099,2025-04-13 13:40:26.656281,2025-04-13 13:40:45.243867,0 days 00:00:18.587586,0.7816145188140138,0.12286426463981193,16,0.009524707444620455,0.025774100673512993,0.03689306590899532,0.07355253060134931,0.03471780710103814,0.08384793554718385,0.00013073085529003434,17,35,0.019628205178666425,0.031159347889320795,False,True,True,0.0008242360983785288,COMPLETE
1981,0.23944579362869262,2025-04-13 13:40:45.906623,2025-04-13 13:41:03.988436,0 days 00:00:18.081813,0.8374187453297457,0.7954365610815146,16,0.029561072978047567,0.009478557439238054,0.02651503739080045,0.07976573374799498,0.041518025425181904,0.08112217778513812,8.714606076372204e-05,16,45,0.028210751081638334,0.01984925308428494,False,True,True,0.000306394508116292,COMPLETE
1982,0.3730536699295044,2025-04-13 13:41:04.655796,2025-04-13 13:41:23.286974,0 days 00:00:18.631178,0.8093528631085091,0.08454391056945018,16,0.02019672479553028,0.020351258757778077,0.03158820288061672,0.07745755191049908,0.03636181629907951,0.08578464841699289,7.338509925133194e-05,18,30,0.020530704014345067,0.006677105588416598,False,True,True,0.00024211443477987533,COMPLETE
1983,0.18910076618194582,2025-04-13 13:41:23.925799,2025-04-13 13:41:41.605614,0 days 00:00:17.679815,0.7666338678314994,0.05917153583683631,16,0.19156440021402438,0.004814956084430918,0.02863984140358498,0.08266206740650603,0.044429164185816696,0.08838110880261787,0.00010588197145257469,16,37,0.019421114495168,0.01167599961932506,False,True,True,6.212821853504013e-05,COMPLETE
1984,0.5106242179870606,2025-04-13 13:41:42.264355,2025-04-13 13:42:51.300035,0 days 00:01:09.035680,0.7908317576749898,0.1452318244262978,2,0.02558566188957848,0.01398600312585579,0.03251620468240133,0.07543180161275152,0.04782619865382846,0.08746476077572253,0.00012728309063173354,19,33,0.021188093466450057,0.024260971943333612,False,True,True,0.00010411595874395992,COMPLETE
1985,0.18795708417892457,2025-04-13 13:42:51.962477,2025-04-13 13:43:09.421003,0 days 00:00:17.458526,0.7062053479412987,0.09613887889497308,16,0.015729075479008515,0.00914286376157912,0.03581416613737791,0.0347508590829316,0.03913663067069496,0.08228323139359126,0.00015260580644027152,15,39,0.023075616786148695,0.12064751930785136,False,True,True,1.877057448554056e-08,COMPLETE
1986,0.18795708417892457,2025-04-13 13:43:10.063828,2025-04-13 13:43:28.121458,0 days 00:00:18.057630,0.8267964286401321,0.11904166675471764,16,0.23297583170364328,0.01772931441160945,0.03015508034498461,0.030436309341411408,0.029721692766190112,0.08433670176739413,0.00011218965879269448,17,28,0.019485777509795,0.015085615481307433,False,True,True,0.00018570725427751803,COMPLETE
1987,0.34447981119155885,2025-04-13 13:43:28.785100,2025-04-13 13:43:47.665682,0 days 00:00:18.880582,0.7409029007162014,0.07433880395867705,16,0.03375486907385267,0.03341507976892738,0.02617696783208744,0.07901745552218363,0.042281538087581186,0.09025915489945195,0.00019279669175776868,18,42,0.022293117593919484,0.019936147322464407,False,True,False,0.000314710520829684,COMPLETE
1988,0.38248157501220703,2025-04-13 13:43:48.334131,2025-04-13 13:44:06.787919,0 days 00:00:18.453788,0.8112007319551915,0.49541706525861806,16,0.007583353752273307,0.005661936787639221,0.03386369036160361,0.07207095485651452,0.03329260568404157,0.08094671064610555,8.212554744704427e-05,17,35,0.08336736384246694,0.00679944790881641,False,True,True,0.000152130084956609,COMPLETE
1989,0.43172535896301273,2025-04-13 13:44:07.433501,2025-04-13 13:44:26.381944,0 days 00:00:18.948443,0.8368864767866022,0.05852011002937184,16,0.005080563656497276,0.00011780427534703423,0.0282591725738004,0.08098211917168961,0.03689320381698042,0.085741804740051,9.805369916305688e-05,18,31,0.025165155648482325,0.0010710257983487827,False,True,True,0.00021463861997303253,COMPLETE
1990,0.3581982135772705,2025-04-13 13:44:27.046243,2025-04-13 13:44:45.456809,0 days 00:00:18.410566,0.7809176947771181,0.1408257229936024,16,0.021869803665224445,0.013460879166767473,0.03160142155144741,0.0830231364087812,0.04001066649327475,0.0833090972476729,0.00014660083400775791,16,38,0.023576033614202227,0.02837545132764542,True,False,True,0.000629555940065892,COMPLETE
1991,0.5718145251274109,2025-04-13 13:44:46.132406,2025-04-13 13:45:05.166372,0 days 00:00:19.033966,0.796664243108315,0.10387075591329219,16,0.012972722002153759,0.04918314362731928,0.03739804288462436,0.07696261720127319,0.02696419316450698,0.08717621660798867,0.00011919264999026215,19,35,0.019595613003226937,0.01173092760645817,False,True,True,0.000993075573296173,COMPLETE
1992,0.5164624452590942,2025-04-13 13:45:05.817620,2025-04-13 13:45:24.089767,0 days 00:00:18.272147,0.8173343027613398,0.08942425787403432,16,0.027875447084296814,0.023326170380018718,0.054903080701796406,0.0860237324975429,0.044485321390079866,0.07987001084103068,6.459605763763462e-05,17,32,0.04845681306843926,0.018569720624699707,False,True,True,0.0002548203627256515,COMPLETE
1993,0.43665081262588507,2025-04-13 13:45:24.756895,2025-04-13 13:45:42.856914,0 days 00:00:18.100019,0.7584898542427161,0.1232040505591347,16,0.01857661692333656,0.00972084903652648,0.0296599425512824,0.07494622621481695,0.038047828458316814,0.08446053696968209,8.549540357085621e-05,16,41,0.018896740737732114,0.025732762121961326,False,True,True,0.00043708715303948214,COMPLETE
1994,0.19876561760902406,2025-04-13 13:45:43.496784,2025-04-13 13:46:01.021797,0 days 00:00:17.525013,0.8401023082281099,0.3641825092157629,16,0.03809214176800059,0.029257648144239062,0.033771232597664576,0.06868004671884666,0.041227737493095364,0.09067840194553947,0.00017093533187545365,15,37,0.020756904576584037,0.010809414087005968,False,True,True,0.00032428600867420726,COMPLETE
1995,0.4357310771942139,2025-04-13 13:46:01.692190,2025-04-13 13:46:20.398057,0 days 00:00:18.705867,0.7944580904381134,0.07385165260045737,16,0.024443721103576226,0.005650461645225109,0.025908042231942707,0.07947482447008843,0.03594909613716087,0.08225427130256178,0.00013269981206905134,18,27,0.018320594124697567,0.03215546133276139,False,True,True,0.00011841745790084875,COMPLETE
1996,0.5177900552749635,2025-04-13 13:46:21.064950,2025-04-13 13:46:39.465822,0 days 00:00:18.400872,0.8162470751026325,0.05271249308712836,16,0.014607094451125515,0.01731737148013659,0.0314619640321507,0.08354100396802444,0.038442111519297814,0.085772561575414,9.932956262915305e-05,17,34,0.026713335595883396,0.01628567492184379,False,True,True,0.0001726775777257292,COMPLETE
1997,0.19228966236114503,2025-04-13 13:46:40.112466,2025-04-13 13:46:58.052707,0 days 00:00:17.940241,0.7657976493422687,0.6857011723846377,16,0.03127153015459466,0.012444980125499775,0.03556407334367085,0.0810817228451683,0.0435125894120633,0.08043236088251522,0.00011370980771504837,16,39,0.01876097365176045,0.022413406879137954,False,True,True,1.6983924546413052e-06,COMPLETE
1998,0.4485550880432129,2025-04-13 13:46:58.727750,2025-04-13 13:47:17.895222,0 days 00:00:19.167472,0.7321346025282295,0.10492313391177804,16,0.019696920186912315,0.005066574625323631,0.02786743215573482,0.07830994584795388,0.04686443810149148,0.0875408741186302,8.150669426826154e-05,19,31,0.02178567905859977,0.1282312386887734,False,True,True,0.0002513045413434278,COMPLETE
1999,0.3447646856307983,2025-04-13 13:47:18.564030,2025-04-13 13:47:37.277710,0 days 00:00:18.713680,0.8432373854522862,0.13552833269248465,16,0.010105831364978135,0.00030770741012361644,0.03031680649542121,0.07591014465788505,0.033809696065696046,0.08345759846938282,5.915079616121556e-05,18,45,0.018120448111111402,0.008222312896524564,False,True,True,0.0005488358625512275,COMPLETE
