number,value,datetime_start,datetime_complete,duration,params_alpha-eval,params_alpha-train,params_batch-size,params_eps-eval,params_eps-train,params_lambda-actions-eval,params_lambda-actions-train,params_lambda-frames-eval,params_lambda-frames-train,params_learning-rate,params_n-epochs,params_n-frames,params_radius-gw,params_rho,params_std-feats,params_ub-actions,params_ub-frames,params_weight-decay,state
1403,0.5578611016273499,2025-04-15 07:43:26.325726,2025-04-15 07:43:54.201872,0 days 00:00:27.876146,0.5058003518456691,0.39102989947530403,8,0.008305783401777305,0.009571712943893619,0.008107819289687892,0.07003413159280865,0.036558045287391094,0.07681308220177702,0.0001697817074948988,21,33,0.0202069727809528,0.0011041233704533748,True,True,True,2.357336223012022e-06,COMPLETE
1404,0.18795708417892457,2025-04-15 07:43:54.651547,2025-04-15 07:44:25.661505,0 days 00:00:31.009958,0.49259047875527456,0.33901197993646787,8,0.013802947954398362,0.01529046284253446,0.00532798530230813,0.06767644612154894,0.03816510431393096,0.0741536603466169,0.0002599780294822808,21,146,0.01750870536773751,0.006949787691021756,True,True,True,1.3300460322882191e-06,COMPLETE
1405,0.4306662559509278,2025-04-15 07:44:26.109311,2025-04-15 07:44:55.190982,0 days 00:00:29.081671,0.5321845899750037,0.3723836588015742,8,0.017585674369064892,0.006250165234435717,0.00899756968795108,0.0845559189682542,0.039537115931165434,0.07252016626946114,0.0002854291974143316,23,31,0.015314484435986127,0.016012779228106983,True,True,True,1.7581255199610903e-06,COMPLETE
1406,0.4469181656837463,2025-04-15 07:44:55.639234,2025-04-15 07:45:24.286706,0 days 00:00:28.647472,0.4370708489330469,0.4065665798666903,8,0.005619601175407513,0.02419174938705029,0.0034028600166887083,0.06919282806165866,0.03621611268901533,0.07610912591118975,0.00021236161936102684,22,34,0.019819213924214277,0.22391472544123098,True,True,True,2.33826055835274e-06,COMPLETE
1407,0.33544262647628786,2025-04-15 07:45:24.752344,2025-04-15 07:45:52.869931,0 days 00:00:28.117587,0.48337678333111606,0.3532211711197286,8,0.012757147216850395,0.010871536065417249,0.006738150016556544,0.07035196075175507,0.035092484326106566,0.0763387271394081,0.00017424743177979753,21,41,0.01750574297155556,0.2750640362984127,True,True,True,3.415290914366508e-06,COMPLETE
1408,0.42730287313461307,2025-04-15 07:45:53.322736,2025-04-15 07:46:22.081109,0 days 00:00:28.758373,0.5225770110178533,0.4080186874650781,8,0.017174019391792788,0.018101591513308916,0.0028363327327174176,0.05785422559762028,0.03544295090192938,0.07168408349054775,0.00024747788595033666,22,31,0.014475784138293656,0.00934685683553713,True,True,True,1.77133557947319e-06,COMPLETE
1409,0.4258615970611572,2025-04-15 07:46:22.535210,2025-04-15 07:46:51.351264,0 days 00:00:28.816054,0.5480274442683396,0.3878787139825247,8,0.017710193563869877,0.004985209115698046,0.005217476664687489,0.07130180137708382,0.03773743244538873,0.07545770733590806,0.000293994560419653,22,38,0.013206655269583954,0.014953372560074068,True,True,True,2.831019067798953e-06,COMPLETE
1410,0.47644245624542236,2025-04-15 07:46:51.796763,2025-04-15 07:47:21.651368,0 days 00:00:29.854605,0.5143277740248491,0.37302221844768724,8,0.008127531128125375,0.00020639387297422332,0.009492560010871346,0.06484974002917623,0.04475150471542034,0.07730680173344195,0.0002189618621236346,24,31,0.015547259322048831,0.007784782439693734,True,True,True,1.3930280952723971e-06,COMPLETE
1411,0.5469925045967102,2025-04-15 07:47:22.099663,2025-04-15 07:47:49.546296,0 days 00:00:27.446633,0.5381061296958115,0.40759075414083135,8,0.016606217696842243,0.015007154725631104,0.0049652706339347805,0.08178049004187607,0.04018230512804429,0.07941673577729559,0.0002962239485043689,20,35,0.01763119255612369,0.011316680889821209,True,True,True,2.9167694564725926e-06,COMPLETE
1412,0.37132045030593874,2025-04-15 07:47:50.017138,2025-04-15 07:48:19.368015,0 days 00:00:29.350877,0.47896449006653913,0.34208015217214627,8,0.01806564227432671,0.009364659456623538,0.0010287169170535224,0.0463242754608941,0.033199386662305104,0.0743110278371657,0.0002575893393542735,23,30,0.012806657618169612,0.005623591979476998,True,True,True,1.9600112578557887e-06,COMPLETE
1413,0.36991468667984007,2025-04-15 07:48:19.823238,2025-04-15 07:49:34.124351,0 days 00:01:14.301113,0.5438055744583099,0.3584837595198206,2,0.010849234887851401,0.020730079925420215,0.007883079977156303,0.07962993581238723,0.03576900826003319,0.07758225784821463,0.0003089822730874999,21,28,0.019289604334600377,0.23204731495748449,True,True,True,1.2777624122592068e-06,COMPLETE
1414,0.4100516676902771,2025-04-15 07:49:34.576486,2025-04-15 07:50:04.217865,0 days 00:00:29.641379,0.49461269262033375,0.41138184071818057,8,0.006460873616750974,0.025454947008057525,0.006829429875208034,0.06896012832207021,0.03335277961783435,0.07380984564256772,0.00020448147353935886,23,32,0.01456980417084383,0.017528544452544016,True,True,True,2.1372796846714403e-06,COMPLETE
1415,0.45526344776153566,2025-04-15 07:50:04.666939,2025-04-15 07:50:32.186612,0 days 00:00:27.519673,0.5208524438084255,0.37429224233127456,8,0.06944283627311156,0.014650332356107451,0.0025273492583771946,0.07170524674154902,0.031891892585332586,0.07930556528239197,0.00025622438798968714,21,25,0.01664755135770721,0.012075287424038472,True,True,True,2.5251900337148066e-06,COMPLETE
1416,0.33112187385559083,2025-04-15 07:50:32.640666,2025-04-15 07:51:02.271732,0 days 00:00:29.631066,0.45265116602667627,0.38921978261637546,8,0.020101871637822885,0.00011210485203776155,0.004469411793382264,0.06779286769045838,0.04927743088545897,0.07670391448040127,0.00017495071411503544,23,44,0.0119055655597272,0.25221110426513527,True,True,True,1.5675174089335352e-06,COMPLETE
1417,0.4501764297485352,2025-04-15 07:51:02.741601,2025-04-15 07:51:31.246780,0 days 00:00:28.505179,0.5619141271474608,0.3118683353574552,8,0.016503881587743567,0.009661094836278736,0.009802276496132575,0.07051960237201253,0.03810337994671595,0.07497104301731593,0.00032536452315419176,22,36,0.014914957363944383,0.005672387563561106,True,True,True,2.3134330617516474e-06,COMPLETE
1418,0.49183373451232915,2025-04-15 07:51:31.701995,2025-04-15 07:52:00.221942,0 days 00:00:28.519947,0.5190309528553774,0.4144046254876774,8,0.019844493228275716,0.005725405194018795,0.001131648341130527,0.07949043774197091,0.035757345599666014,0.07984017983306624,0.000299478206651719,22,28,0.02069119121523654,0.019797599652110358,True,True,True,4.728473764789702e-06,COMPLETE
1419,0.18795708417892457,2025-04-15 07:52:00.675498,2025-04-15 07:52:28.212052,0 days 00:00:27.536554,0.5476043479142144,0.39280275890087574,8,0.24270851523465814,0.035231962770437206,0.0029698477151911614,0.0671152876133043,0.03399795935253127,0.07158365533415162,0.00024164147698381108,21,32,0.012659103562502464,0.013870219558603831,True,True,True,1.0867949511169055e-06,COMPLETE
1420,0.18795708417892457,2025-04-15 07:52:28.661957,2025-04-15 07:52:58.179279,0 days 00:00:29.517322,0.5808141388801463,0.43036242074421294,8,0.23484902593265283,0.01897699536870674,0.0010196311855636994,0.08368066000618904,0.03214540505240728,0.07830727771867423,0.0003316171238309771,24,26,0.018395557153454558,0.0073007166921533456,True,True,True,1.3330675470464177e-06,COMPLETE
1421,0.40216598510742185,2025-04-15 07:52:58.655187,2025-04-15 07:53:27.161398,0 days 00:00:28.506211,0.5286938393134003,0.32646713607206185,8,0.06546850060379296,0.028653501147157874,0.006112336939028633,0.07246359449883044,0.03712544870885616,0.07646374174554743,0.00028130210908345623,22,30,0.016225234273071452,0.022971742993852205,True,True,True,1.3184916378451693e-06,COMPLETE
1422,0.49403305053710944,2025-04-15 07:53:27.621961,2025-04-15 07:53:55.831014,0 days 00:00:28.209053,0.5684352127393788,0.36177397138970513,8,0.015080522874370453,0.01267190778575623,0.00888612076955328,0.06935887007188693,0.03464820232385539,0.0807109647818094,0.00020537282026795783,21,34,0.01359183717748951,0.01601509923281211,True,True,True,3.4590750795785993e-06,COMPLETE
1423,0.27775347232818604,2025-04-15 07:53:56.287262,2025-04-15 07:54:24.967122,0 days 00:00:28.679860,0.4945546645513107,0.40306039273339583,8,0.006165090536810238,0.00541625756750974,0.0045822376594942035,0.07850048135145139,0.04205493926582506,0.07532367064253082,0.0002502944423058548,20,102,0.011920454149459365,0.005966063375329945,True,True,True,1.1429582050074196e-06,COMPLETE
1424,0.5598822832107544,2025-04-15 07:54:25.426068,2025-04-15 07:54:55.423110,0 days 00:00:29.997042,0.5856606130388723,0.3794504964276993,8,0.06171031976451108,0.019890462444750602,0.007502193530114605,0.07313558569390516,0.03130169061099493,0.07805934839950504,0.00036319185436576684,24,24,0.017436511454277145,0.01122612969461826,True,True,True,1.4826762933750606e-06,COMPLETE
1425,0.5349852204322816,2025-04-15 07:54:55.877256,2025-04-15 07:55:25.502121,0 days 00:00:29.624865,0.6423562210613558,0.425397782261756,8,0.02181767929444941,0.013864949347052171,0.009633150095073015,0.07161222433706087,0.03289300074473074,0.07349993751106876,0.00034538331491381903,23,29,0.019481225881449304,0.0012044352015287974,True,True,True,3.6900211665438084e-06,COMPLETE
1426,0.300341671705246,2025-04-15 07:55:25.978031,2025-04-15 07:55:55.460737,0 days 00:00:29.482706,0.4742427651088252,0.3458453497398972,8,0.013602901651103588,0.00778481212496833,0.0034455691349022993,0.08220192623574195,0.03865795975377423,0.08035895624183485,0.00028952977356352184,23,38,0.014803206264009725,0.0010197308328000884,True,True,True,2.0594990833100946e-06,COMPLETE
1427,0.405517041683197,2025-04-15 07:55:55.921390,2025-04-15 07:56:24.396861,0 days 00:00:28.475471,0.5354043211255626,0.40489368683027305,8,0.08014108841977842,0.02540870348270308,0.019740748641059125,0.07431710904005966,0.031211137028645027,0.07702464421616347,0.008537981219353256,22,27,0.010951367490344133,0.017038875655572806,True,True,True,2.5255430433414193e-06,COMPLETE
1428,0.5915979623794556,2025-04-15 07:56:24.852720,2025-04-15 07:56:52.584095,0 days 00:00:27.731375,0.5623341981179691,0.38741425845772404,8,0.05736968816775802,0.015441406067290376,0.005272356083666498,0.07772942659596432,0.03465233206029811,0.07868003248943332,0.00016970061703160794,21,33,0.016166339461163637,0.0011120748061649614,True,True,True,1.7725418235441255e-06,COMPLETE
1429,0.37008628845214847,2025-04-15 07:56:53.045019,2025-04-15 07:57:20.830433,0 days 00:00:27.785414,0.5449427836307315,0.36928838145332166,8,0.058014329043820534,0.03141352958524258,0.004440651518736037,0.08055155920430679,0.036612295223321684,0.08103502524004758,0.00016321698330009759,21,41,0.020553869818621617,0.0015046983423844425,True,True,True,4.063425464718493e-06,COMPLETE
1430,0.4126771688461304,2025-04-15 07:57:21.286349,2025-04-15 07:57:48.427769,0 days 00:00:27.141420,0.5615893901330437,0.35754644957697,8,0.05566554729131999,0.02434942736433906,0.006394588402439577,0.07840524986304097,0.03536545732664189,0.07926428650034678,0.00017012522969072876,20,38,0.018645389187909853,0.009893166582639577,True,True,True,1.707747195159909e-06,COMPLETE
1431,0.2574703335762024,2025-04-15 07:57:48.907308,2025-04-15 07:58:16.599526,0 days 00:00:27.692218,0.5569703880137967,0.3336293257649457,8,0.06393922535102217,0.0380044294164977,0.006528375828929962,0.07965803881955286,0.040359159196763895,0.07590351372976933,0.0001587328974975788,21,36,0.017113720746460524,0.005759115712863562,True,True,True,2.5041711061372415e-06,COMPLETE
1432,0.18795708417892457,2025-04-15 07:58:17.057818,2025-04-15 07:58:44.732040,0 days 00:00:27.674222,0.572678831818646,0.04071872847117203,8,0.0722444513441642,0.25333413557974127,0.0027883448693779306,0.08147926518379497,0.03715348613814421,0.08138173047844333,0.00016765873597111746,21,34,0.01649673426808597,0.011033751116633251,True,True,True,2.6962138843738474e-06,COMPLETE
1433,0.19392918944358828,2025-04-15 07:58:45.190783,2025-04-15 07:59:13.373392,0 days 00:00:28.182609,0.5322020408581535,0.37561139693961254,8,0.056016383526129546,0.02112534095808856,0.005141730281408649,0.07810217405765589,0.03952082297317799,0.0717142185887883,0.00017925998263238418,20,85,0.019966591641808577,0.0010153531941094925,True,True,True,1.4391099750738193e-06,COMPLETE
1434,0.18795708417892457,2025-04-15 07:59:13.827519,2025-04-15 08:00:27.689035,0 days 00:01:13.861516,0.5914314568447003,0.38624624214024383,2,0.06789414368964032,0.02658758446495503,0.007349414887073916,0.08358537280840489,0.03458219248878972,0.07890346911787746,0.00020591829137127222,21,39,0.018376562482031063,0.006556025976859025,True,True,True,1.9101152092019193e-06,COMPLETE
1435,0.43471090793609624,2025-04-15 08:00:28.148539,2025-04-15 08:00:54.937758,0 days 00:00:26.789219,0.5488477457047902,0.3525839719371759,8,0.061088151497593536,0.018324552557118897,0.004521866311913178,0.07959237980067929,0.035481501106111916,0.07418542852621321,0.000244875426319189,20,34,0.016102604471811617,0.014743169567800505,True,True,True,1.6171577846861038e-06,COMPLETE
1436,0.1600057601928711,2025-04-15 08:00:55.417077,2025-04-15 08:01:24.325763,0 days 00:00:28.908686,0.5054768504710025,0.3770763001094293,8,0.054075749254409555,0.26161237416381455,0.002980262826572731,0.07714262208709728,0.03796985331696978,0.07732570476363299,0.00019797579588185375,22,32,0.02125883510588565,0.023011928172641485,True,True,True,1.801209359646617e-06,COMPLETE
1437,0.18795708417892457,2025-04-15 08:01:24.788299,2025-04-15 08:01:52.621740,0 days 00:00:27.833441,0.5789302835467874,0.39251833706697936,8,0.06300781233271828,0.14911617496642654,0.006179054437666375,0.0817828274941055,0.034998114839483285,0.08054451681702474,0.00017194491177669374,21,34,0.014752022747436349,0.010444314398864589,True,True,True,1.5997114650645576e-06,COMPLETE
1438,0.18795708417892457,2025-04-15 08:01:53.084819,2025-04-15 08:02:21.065493,0 days 00:00:27.980674,0.5212972926998963,0.3058413485171543,8,0.05183584684259084,0.20687602615212375,0.008126465290447617,0.07644586719489321,0.03371603198993995,0.07531647921478346,0.00020913316761246912,21,49,0.017935116017296155,0.006474716132925257,True,True,True,2.0817062759310954e-06,COMPLETE
1439,0.44201029539108283,2025-04-15 08:02:21.523528,2025-04-15 08:02:49.983039,0 days 00:00:28.459511,0.5495737226851105,0.3379061618436732,8,0.05732553291918297,0.01674082836512148,0.0026523503345926096,0.0847305378544735,0.035911244722122426,0.07842019798343372,0.00019908422637418465,22,36,0.0161834417473062,0.0012709495289738434,True,True,True,1.929770791829515e-06,COMPLETE
1440,0.4515056490898133,2025-04-15 08:02:50.468404,2025-04-15 08:03:17.637075,0 days 00:00:27.168671,0.5987658694716214,0.3674863106245653,8,0.0693629816574303,0.02883942123097743,0.0010514667662001077,0.07813569501932977,0.032811615745200376,0.0812841725505685,0.00015984916254180973,20,32,0.0206371425441088,0.019715685387327,True,True,True,2.16655755769428e-06,COMPLETE
1441,0.44035656452178956,2025-04-15 08:03:18.105394,2025-04-15 08:03:46.611947,0 days 00:00:28.506553,0.5788654492135732,0.39013678348990094,8,0.05052510163630318,0.02126031694345938,0.005051221874747947,0.07991956415210529,0.033928247515072577,0.07624059333359942,0.00020678542374787394,22,30,0.0182960225922264,0.013968181260593257,True,True,True,3.2579488285325028e-06,COMPLETE
1442,0.44860545396804813,2025-04-15 08:03:47.077753,2025-04-15 08:04:15.947034,0 days 00:00:28.869281,0.555119957626055,0.35098178208356606,8,0.07340124177409198,0.015311025899591126,0.00460289905807495,0.07742105093331911,0.0392065134147964,0.07313345945527083,0.0002202764882281721,22,37,0.014808751050444756,0.010215599337857345,True,True,True,1.5900788197564838e-06,COMPLETE
1443,0.45093554258346563,2025-04-15 08:04:16.408318,2025-04-15 08:04:44.418430,0 days 00:00:28.010112,0.5707883019758152,0.40537240612084924,8,0.0003150310413139335,0.013664385830975644,0.007870742708284955,0.06335686070893506,0.05353535889507115,0.07924803479948682,0.00024770211478842874,21,43,0.016840059744994237,0.0064574086158081,True,True,True,2.830583267941874e-06,COMPLETE
1444,0.3971204042434693,2025-04-15 08:04:44.878121,2025-04-15 08:05:12.781164,0 days 00:00:27.903043,0.6009075863286616,0.38112868790408355,8,0.06120780953430624,0.024374813116936487,0.003562424364396641,0.06654533669727991,0.037422932361458286,0.07694260314625136,0.00026964718597152505,21,31,0.013858806053223555,0.21214951768363224,True,True,True,1.3063037624633787e-06,COMPLETE
1445,0.18795708417892457,2025-04-15 08:05:13.259294,2025-04-15 08:05:42.112558,0 days 00:00:28.853264,0.5113839211602076,0.31812585879164385,8,0.07783788852496058,0.05501573625670362,0.006287521511176231,0.07516132021450694,0.03684344231211814,0.08205427184575777,0.00016311961185667826,23,33,0.019287628540036843,0.0010181966256997885,True,True,True,1.9208535666610453e-06,COMPLETE
1446,0.5674306869506835,2025-04-15 08:05:42.576290,2025-04-15 08:06:10.864039,0 days 00:00:28.287749,0.5351779036305051,0.3969774773880841,8,0.05692049729554657,0.011809048585342048,0.008040665771290199,0.07714864926116172,0.032439481071248666,0.07936199517750273,0.0002244313328242685,22,26,0.016026613278442292,0.0010938892456162771,True,True,True,2.3968774821340935e-06,COMPLETE
1447,0.5808431386947632,2025-04-15 08:06:11.328563,2025-04-15 08:06:38.219532,0 days 00:00:26.890969,0.6120576320348077,0.36345193044947316,8,0.0518984895500508,0.019146015934273446,0.004394958986092419,0.08295137385241881,0.03350571787008703,0.07470337878281735,0.00029496976970444695,20,29,0.012798410546709943,0.01941218400521371,True,True,True,9.80895287453505e-07,COMPLETE
1448,0.3942035913467407,2025-04-15 08:06:38.685067,2025-04-15 08:07:06.046843,0 days 00:00:27.361776,0.6187098737617728,0.3477739229903288,8,0.051571208488614254,0.03638893306735611,0.0028251802799106537,0.06951689385320513,0.034765941349682715,0.0724944671936103,0.0002475734458455564,20,36,0.013997780969429168,0.020389748420302053,True,True,True,2.041976008358706e-06,COMPLETE
1449,0.4427648901939393,2025-04-15 08:07:06.528656,2025-04-15 08:07:33.125879,0 days 00:00:26.597223,0.615449020257439,0.32681304203225536,8,0.053551327241217354,0.03088801435141158,0.004962968883114995,0.08503195883281081,0.03257388790093132,0.07150872400142676,0.00027789466722087446,19,40,0.01336125132502533,0.027356450927195963,True,True,True,1.014270129017023e-06,COMPLETE
1450,0.3807499766349792,2025-04-15 08:07:33.597619,2025-04-15 08:07:59.819600,0 days 00:00:26.221981,0.5951325746978784,0.3597615044098273,8,0.06544353696507003,0.03379008887698837,0.005059969772629426,0.07127953037118746,0.034260591180086376,0.07215513200646777,0.0001862320224088756,19,33,0.015487220787377532,0.03153737609356101,True,True,True,1.0431920341650106e-06,COMPLETE
1451,0.3741862833499908,2025-04-15 08:08:00.282775,2025-04-15 08:08:27.223348,0 days 00:00:26.940573,0.6390518515429844,0.3394723275211135,8,0.047457618887295376,0.02630847017175539,0.003303216834990211,0.07501601562966183,0.037084649137189625,0.07388700756853576,0.0002967051346912047,20,30,0.01326614105794294,0.025765032857108697,True,True,True,2.9566360525405384e-06,COMPLETE
1452,0.28277490139007566,2025-04-15 08:08:27.686421,2025-04-15 08:08:54.524482,0 days 00:00:26.838061,0.6001734723098188,0.29834863105879517,8,0.05753913337391193,0.04145824420736399,0.006419214789293545,0.08052837397935268,0.035036051751371276,0.07417195496880202,0.00023561782955866333,20,35,0.01740909329471852,0.02557161782399646,True,True,True,1.598505141077966e-06,COMPLETE
1453,0.3578337073326111,2025-04-15 08:08:55.008850,2025-04-15 08:09:21.284592,0 days 00:00:26.275742,0.6226723026605655,0.361677805016926,8,0.04615455899123515,0.029009152379786587,0.005112177869376103,0.08277626172248387,0.03184111446406712,0.07524647841322696,0.00028529740077243147,19,29,0.015088702192800467,0.01984153501168591,True,True,True,1.6627152494666907e-06,COMPLETE
1454,0.3859310328960419,2025-04-15 08:09:21.752768,2025-04-15 08:09:48.811696,0 days 00:00:27.058928,0.5740335211327223,0.32127731499231194,8,0.06127762498155611,0.02435531647732004,0.007354116903375661,0.0730405958913342,0.04172317753163586,0.07100687821791853,0.0002135999477637464,20,30,0.012204622559656734,0.025777535127794585,True,True,True,2.3638834395527382e-06,COMPLETE
1455,0.4164975702762604,2025-04-15 08:09:49.283914,2025-04-15 08:10:16.476420,0 days 00:00:27.192506,0.6500676719301915,0.33412966390709203,8,0.048337979318459644,0.02211029113782728,0.0011118114103965777,0.0688777824915275,0.03383570102544585,0.07388678261652877,0.00031999649954446836,20,33,0.019018170075222596,0.0219260394979776,True,True,True,3.7257003299263716e-06,COMPLETE
1456,0.5693845391273499,2025-04-15 08:10:16.940379,2025-04-15 08:11:30.076396,0 days 00:01:13.136017,0.5942885300066744,0.3567933197583971,2,0.06608859286422292,0.020199070558590285,0.0029594137858176277,0.06496769694364513,0.03946917950845349,0.07562797011586626,0.0002399666712568747,21,27,0.016356083283261533,0.01622460737338218,True,True,True,1.3173527000818374e-06,COMPLETE
1457,0.18795708417892457,2025-04-15 08:11:30.562585,2025-04-15 08:11:57.966520,0 days 00:00:27.403935,0.6226184934634902,0.9496244898196796,8,0.05364791961535807,0.0326383815292242,0.0010633984837159047,0.0760817934201723,0.03139928004726083,0.07678653620075487,0.0003128966032957259,21,38,0.01385362706957477,0.02946489517431735,True,True,True,1.5081801477709752e-06,COMPLETE
1458,0.20055785179138186,2025-04-15 08:11:58.434633,2025-04-15 08:12:26.803104,0 days 00:00:28.368471,0.5686324545372164,0.370495875428878,8,0.06119051768985913,0.020268588811367817,0.006071170101384311,0.07089864325508465,0.03656645824064346,0.07154056428764953,0.00018441356587405998,20,95,0.020778539225280085,0.016359854674686602,True,True,True,1.3013653455746328e-06,COMPLETE
