number,value,datetime_start,datetime_complete,duration,params_alpha-eval,params_alpha-train,params_batch-size,params_eps-eval,params_eps-train,params_lambda-actions-eval,params_lambda-actions-train,params_lambda-frames-eval,params_lambda-frames-train,params_learning-rate,params_n-epochs,params_n-frames,params_radius-gw,params_rho,params_std-feats,params_ub-actions,params_ub-frames,params_weight-decay,state
1792,0.6035769343376161,2025-04-13 12:37:58.443286,2025-04-13 12:38:17.271769,0 days 00:00:18.828483,0.817001164871069,0.09095844254228724,16,0.02495114641943688,0.009367342601503856,0.02995024714305174,0.08190728182972415,0.0389855738969191,0.09235471920052896,0.00011986934753571562,18,38,0.015233241476654847,0.006978590100474963,False,True,True,0.00021800942120499473,COMPLETE
1793,0.24351826310157776,2025-04-13 12:38:17.870087,2025-04-13 12:38:36.101677,0 days 00:00:18.231590,0.8361795939640729,0.16161138257023996,16,0.033571559927893485,0.005222156290553657,0.034271442406196215,0.08005085519624665,0.03794930331696082,0.09337038021454855,0.0001557083271050521,17,31,0.012336068555903797,0.00577000952707191,False,True,True,0.00012233312629908433,COMPLETE
1794,0.26849356889724735,2025-04-13 12:38:36.703334,2025-04-13 12:38:55.369294,0 days 00:00:18.665960,0.8495120787134486,0.40055015891826035,16,0.029742586028756124,0.0051509805479386965,0.03241921149810665,0.07710441675529402,0.035766716442847006,0.09659942646425006,0.00013084922335614239,18,42,0.010272317330257585,0.005854214047865083,False,True,True,0.00015737964902193724,COMPLETE
1795,0.18795708417892457,2025-04-13 12:38:55.955354,2025-04-13 12:39:14.371466,0 days 00:00:18.416112,0.827461653752101,0.10756167500663699,16,0.029932041268599795,0.06358155241478772,0.03102601805906811,0.07910199046875893,0.03887705276077397,0.09807138512557785,0.00015532709204289379,17,35,0.014004301601890298,0.006330008402287752,False,True,True,0.00010993522925132456,COMPLETE
1796,0.4745470643043518,2025-04-13 12:39:14.980904,2025-04-13 12:39:33.741425,0 days 00:00:18.760521,0.5563562164417367,0.1353489065556277,16,0.02687596213106374,0.00904108450822515,0.03416188213015912,0.08134768233597788,0.03978462485336969,0.09490464684527192,0.000124608147384756,18,37,0.014331468739025615,0.0017657284671501903,False,True,True,0.00019334076500265531,COMPLETE
1797,0.24045845270156863,2025-04-13 12:39:34.324366,2025-04-13 12:39:52.547824,0 days 00:00:18.223458,0.8635665033559304,0.09898035815739621,16,0.03321260492599719,0.00034580167620980404,0.03329341836870237,0.07680029417176526,0.03708246043977416,0.09653700969889868,0.00015636244472980526,17,29,0.01203875872484391,0.005271442478784201,False,True,False,7.952029042604039e-05,COMPLETE
1798,0.3303133130073548,2025-04-13 12:39:53.134908,2025-04-13 12:40:11.892590,0 days 00:00:18.757682,0.8467456464102275,0.17796468370764867,16,0.026165772652370297,0.009406696462108823,0.031149490749768288,0.0814154468443307,0.03884658110684515,0.09517626460490633,0.00012591874128226648,18,25,0.015643964896791956,0.01035824840993112,False,True,True,0.00020409226108842788,COMPLETE
1799,0.3765449523925781,2025-04-13 12:40:12.494669,2025-04-13 12:40:30.905296,0 days 00:00:18.410627,0.8204241089815686,0.12522507728690213,16,0.036572551847311445,0.005581578560883722,0.03487009339564791,0.07930061836793001,0.03484863143142527,0.09302523652769618,0.00011401498685682438,17,40,0.013854863814849195,0.005408195539694988,False,True,True,0.0001361805662075722,COMPLETE
1800,0.30555666089057926,2025-04-13 12:40:31.492199,2025-04-13 12:40:50.488503,0 days 00:00:18.996304,0.8706460396592026,0.14201103373032484,16,0.024075394462950064,0.010628693402798553,0.03198795988995638,0.07530274587165155,0.040646220885441994,0.09578909282791104,0.00014939214031569148,18,32,0.010697557157004762,0.0013643409101415822,True,False,True,2.2094053750852945e-07,COMPLETE
1801,0.317597758769989,2025-04-13 12:40:51.094982,2025-04-13 12:41:09.421119,0 days 00:00:18.326137,0.8355932200734352,0.09168669289246723,16,0.031850109940324674,0.005478668528399712,0.029629027458231056,0.07810024456705958,0.043065603279638424,0.09261545915891048,0.0001268421658374916,17,35,0.012378668226009519,0.009802096126835216,False,True,True,0.00016499125422602553,COMPLETE
1802,0.4376023650169373,2025-04-13 12:41:10.004076,2025-04-13 12:41:28.830762,0 days 00:00:18.826686,0.8112642673677636,0.1147099030028359,16,0.02450757458355804,0.0099768680694399,0.029711540864070237,0.08032158157826293,0.03711064575877887,0.09197373908410568,0.00010882179551170887,18,44,0.015495089906586447,0.0010075598708463446,False,True,True,0.00028543757840632185,COMPLETE
1803,0.19260588884353638,2025-04-13 12:41:29.434541,2025-04-13 12:41:47.160673,0 days 00:00:17.726132,0.855463878770361,0.0718132109838195,16,0.03401373543378735,0.005179188180888453,0.03324941595316858,0.08214723844964053,0.040128127395913225,0.09412694101716802,0.00013448329534586015,15,38,0.016089305323166252,0.011882060673375026,False,True,True,0.0002304059455411,COMPLETE
1804,0.6023293972015381,2025-04-13 12:41:47.745521,2025-04-13 12:42:05.756154,0 days 00:00:18.010633,0.8264521013653815,0.16076465311588556,16,0.023311534787950026,0.014460231891223214,0.014384556973981305,0.0758662569106316,0.042405293597940305,0.09288273204992736,0.0001102597186342531,16,33,0.013971196311483951,0.014168935462055287,False,True,True,0.00038181715942145765,COMPLETE
1805,0.16948344111442565,2025-04-13 12:42:06.377091,2025-04-13 12:42:24.526952,0 days 00:00:18.149861,0.8708562337514248,0.1944122427366649,16,0.03430135501692447,0.004664746153624033,0.012508524697665405,0.07807199504874536,0.04156535263166285,0.09232221235959787,0.0001562677311399653,17,27,0.016642672200649324,0.010560078749824266,False,True,True,0.00040326327345318133,COMPLETE
1806,0.34336057901382444,2025-04-13 12:42:25.113668,2025-04-13 12:42:43.903795,0 days 00:00:18.790127,0.8390132408310289,0.17896433541885634,16,0.028951181569307753,0.01091553108991377,0.013238039112722125,0.07339505571714358,0.03773722880981366,0.09576033066127647,0.00015665318809430205,18,31,0.014940834543277045,0.00837668859283179,False,True,True,0.0004208103408287507,COMPLETE
1807,0.18075669407844544,2025-04-13 12:42:44.508753,2025-04-13 12:43:02.329888,0 days 00:00:17.821135,0.8901493727361558,0.16464247811666236,16,0.02730563458169115,0.009961359684836699,0.013283746922002022,0.07997235051194249,0.03992683050625386,0.09679566235581907,0.00013361188846727033,16,30,0.016816406510316496,0.014963186513546615,False,True,True,0.00046319180799703343,COMPLETE
1808,0.3427523851394654,2025-04-13 12:43:02.938687,2025-04-13 12:43:21.206293,0 days 00:00:18.267606,0.8113464323059807,0.5438376364254075,16,0.03363521649971918,0.004646784440816918,0.013714131770220264,0.08205569365575696,0.03542898142954161,0.09981456412246278,0.00011581496466931407,17,28,0.013698579473118427,0.00968779223560622,False,True,True,0.00039421466157570843,COMPLETE
1809,0.39289402961730957,2025-04-13 12:43:21.795365,2025-04-13 12:43:39.559693,0 days 00:00:17.764328,0.8544767126922929,0.17128053597437448,16,0.02664591600812123,0.0006761398282699709,0.011491594092413644,0.07691664565171766,0.04091147647757862,0.094495109093761,0.00015707812216906564,16,25,0.0155310789643422,0.01624517104069736,False,True,True,0.00037728456370107944,COMPLETE
1810,0.4015601634979248,2025-04-13 12:43:40.171217,2025-04-13 12:43:58.722491,0 days 00:00:18.551274,0.8300953734420807,0.16434566355983593,16,0.035079087164991515,0.014417005873696185,0.011027229288049896,0.07077198180805849,0.03858027175790687,0.09053318066505354,0.00011500905280930224,18,32,0.017820874788566237,0.00705674232334497,False,True,True,0.0004503825072013518,COMPLETE
1811,0.4631571292877198,2025-04-13 12:43:59.310219,2025-04-13 12:44:17.178312,0 days 00:00:17.868093,0.875782639618894,0.20387591868149185,16,0.023367224007025768,0.0001042086833326376,0.013502068926123007,0.07481239231231206,0.04265771044051076,0.0987850933648079,0.00013943658575933212,16,33,0.01055274187238011,0.015368384702310858,False,True,True,1.0819612992874736e-07,COMPLETE
1812,0.18795708417892457,2025-04-13 12:44:17.795786,2025-04-13 12:44:35.778500,0 days 00:00:17.982714,0.9730513385421162,0.15964806482622204,16,0.0375702746902305,0.00030502972202073406,0.015497499465366778,0.07950136950801935,0.03677214046774434,0.09417312634585406,0.00010722796520186724,17,29,0.01301358636887244,0.0010576076678185681,False,True,True,0.0005324714239478807,COMPLETE
1813,0.3359082221984864,2025-04-13 12:44:36.370725,2025-04-13 12:44:54.563111,0 days 00:00:18.192386,0.8087835886300283,0.18894328910262884,16,0.029663551778697124,0.00011891077102237427,0.015936524938140254,0.08279252586841772,0.038656145647588444,0.09301358086485714,0.00015847274033260777,15,101,0.015415978414111114,0.006516161123746202,False,True,True,0.00033462446635844204,COMPLETE
1814,0.20048131942749026,2025-04-13 12:44:55.176870,2025-04-13 12:45:13.751239,0 days 00:00:18.574369,0.9197701304302071,0.188836859410553,16,0.023116559697958457,0.010107815497022762,0.01695802274982557,0.07813279233997653,0.04201433405611786,0.09389023905122137,0.00013320352788997065,18,35,0.018674888584164308,0.013730887597948403,False,True,True,0.00035200237486358724,COMPLETE
1815,0.18795708417892457,2025-04-13 12:45:14.342008,2025-04-13 12:45:32.531231,0 days 00:00:18.189223,0.8450497940938162,0.17205437428066617,16,0.09885187367627504,0.013687649971299124,0.012320040122529964,0.08103448093851008,0.033039785007355923,0.09721261247652598,0.00010606978101825876,17,32,0.01710532075682009,0.018910006962357784,False,True,True,0.0005145841054958185,COMPLETE
1816,0.5453878760337829,2025-04-13 12:45:33.144858,2025-04-13 12:45:51.142373,0 days 00:00:17.997515,0.8193288584856486,0.21980335588958336,16,0.02808393192084556,0.009195488287193295,0.01212068254117698,0.07583041337008467,0.03942538985310551,0.09460421751740983,0.0001279090356740764,16,36,0.014581089171921892,0.010436002619213146,False,True,True,0.000313213441860868,COMPLETE
1817,0.1848153114318848,2025-04-13 12:45:51.730264,2025-04-13 12:46:10.938913,0 days 00:00:19.208649,0.8008802908291408,0.1444743739909587,16,0.02285705423925459,0.016672583303867755,0.01667761984098005,0.07923404499031815,0.03550766639941447,0.07703440513051371,1.991086235576993e-05,18,110,0.011757208723897149,0.017956609079342222,False,True,False,0.00042368119945857815,COMPLETE
1818,0.182424795627594,2025-04-13 12:46:11.526204,2025-04-13 12:46:29.668725,0 days 00:00:18.142521,0.8584970158000927,0.15805010917988396,16,0.038799115706560375,0.010136334406840898,0.016272921011612658,0.07272133828025691,0.04114971132875657,0.09215086881060555,9.847194543202424e-05,17,29,0.016481294661259846,0.007058578337988812,False,True,True,0.00033488204821875873,COMPLETE
1819,0.3423397183418274,2025-04-13 12:46:30.291529,2025-04-13 12:46:47.892692,0 days 00:00:17.601163,0.8254164463864175,0.15356278537498297,16,0.021363599821709954,0.006100346187897722,0.013523729315398416,0.07728549616186325,0.04290089287679351,0.09213316735203585,0.000159948139079199,15,40,0.013705809176361428,0.01508309615954452,False,False,True,0.0005417082311859327,COMPLETE
1820,0.39525684118270876,2025-04-13 12:46:48.505862,2025-04-13 12:47:06.806572,0 days 00:00:18.300710,0.8011402018576494,0.20325556814087228,16,0.02816134270507691,0.00018985601121441174,0.01468561714390275,0.08140091785781185,0.0375673621230309,0.09313842750558249,0.00011055790236326171,16,33,0.019963890237969042,0.0012930371160443672,True,True,True,0.0006798107995167144,COMPLETE
1821,0.1981271266937256,2025-04-13 12:47:07.409280,2025-04-13 12:47:26.122022,0 days 00:00:18.712742,0.8866419104276569,0.15011991195630142,16,0.033093614071485304,0.015582429970071563,0.018232067164047707,0.08320040774265165,0.040145315475077194,0.09526437276544018,0.00012857839276334774,18,38,0.017986119327913656,0.020978244495208864,False,True,True,0.0009974046891332675,COMPLETE
1822,0.3518880486488342,2025-04-13 12:47:26.735283,2025-04-13 12:47:45.165738,0 days 00:00:18.430455,0.8379660399327206,0.18568654324523567,16,0.020640238558143557,0.013998912896060636,0.014995987289173623,0.0753137336309286,0.033923165552862886,0.09796947056316588,9.691190659211087e-05,17,26,0.010332551209737263,0.010721118086275237,False,True,True,0.00038515402106812947,COMPLETE
1823,0.599407148361206,2025-04-13 12:47:45.758317,2025-04-13 12:48:03.682432,0 days 00:00:17.924115,0.22700433191608704,0.1714882161333166,16,0.02810166972880361,0.00604036195451216,0.014604234653278996,0.07964359100184251,0.04418606909536863,0.09136571675183094,0.00011485813675241805,16,35,0.012636616555758356,0.019555435919110194,False,True,True,0.000285193430097163,COMPLETE
1824,0.4313660621643067,2025-04-13 12:48:04.275157,2025-04-13 12:48:21.635855,0 days 00:00:17.360698,0.8537009513372972,0.14130106128275938,16,0.021633512553464445,0.009487979187084722,0.032393409796848016,0.07413231688748996,0.038199106935574885,0.09193118021315352,0.0001584289698301906,14,31,0.02200748421617932,0.013030639924054411,False,True,True,0.00045295735258987356,COMPLETE
1825,0.3698605060577393,2025-04-13 12:48:22.250601,2025-04-13 12:48:41.086152,0 days 00:00:18.835551,0.07555251476621933,0.15982597054803271,16,0.1441949538628048,0.019885641416694192,0.01498842584055516,0.07721629346999001,0.04123202417478554,0.09073019831066977,9.524076089609929e-05,18,41,0.015296386718281978,0.005364888320441493,False,True,True,0.0003057768025998233,COMPLETE
1826,0.4361124396324158,2025-04-13 12:48:41.703589,2025-04-13 12:48:59.530701,0 days 00:00:17.827112,0.8136897502525048,0.18141376375987203,16,0.03966040987409255,0.00016071666993779533,0.034853921006220735,0.08110837581381218,0.03621489429917552,0.09583440467921299,0.00013044131972722085,15,37,0.05547070478446586,0.017458324407169257,False,True,True,0.00037353388381944423,COMPLETE
1827,0.30130929946899415,2025-04-13 12:49:00.126263,2025-04-13 12:49:18.723277,0 days 00:00:18.597014,0.8413900652298,0.12806246360415238,16,0.034148057548421415,0.01450666912870902,0.016450602931487524,0.08305972672669264,0.03120103781721003,0.09104464367831687,0.00011812155457694856,17,34,0.01937603760063747,0.011032730525560176,False,True,True,0.0006654232141383084,COMPLETE
1828,0.1872650682926178,2025-04-13 12:49:19.340825,2025-04-13 12:49:37.595147,0 days 00:00:18.254322,0.9023224114826207,0.14432491343538284,16,0.021850004248268474,0.009883766704542033,0.01867748450709374,0.07891944102180894,0.08162199598419992,0.09251531132508237,9.374814577717898e-05,17,29,0.016857563828964785,0.01917043689261623,False,True,True,0.0003027180299566981,COMPLETE
1829,0.17026584744453432,2025-04-13 12:49:38.188084,2025-04-13 12:49:56.188515,0 days 00:00:18.000431,0.8728900213951015,0.19856467677646392,16,0.029503713476101277,0.018926199029942227,0.031488858351577304,0.07771422418073032,0.04315582746957615,0.09357714202409632,0.00015408106524354907,16,32,0.014244051814055768,0.001127527018971678,False,True,True,0.00046513255502823007,COMPLETE
1830,0.3929952383041382,2025-04-13 12:49:56.782114,2025-04-13 12:50:15.743479,0 days 00:00:18.961365,0.8273261574082535,0.15428564667771086,16,0.02518023972360461,0.005387501833743826,0.03365949805900343,0.07009577372395626,0.03933634431939196,0.09000287214204805,0.00011244257431248207,18,38,0.018325226768498893,0.021794843472912856,False,True,True,0.0002726123330554772,COMPLETE
1831,0.4207269549369812,2025-04-13 12:50:16.365999,2025-04-13 12:50:34.639317,0 days 00:00:18.273318,0.7968410146858312,0.12868610270166728,16,0.01960047497435726,0.013874698832305885,0.03438398695707117,0.07584786144589777,0.04164552307823437,0.09017056229112393,0.00013356573930065985,16,48,0.012195079731434468,0.011364978065300752,False,True,True,0.00037642504108303596,COMPLETE
1832,0.3721391439437866,2025-04-13 12:50:35.255710,2025-04-13 12:50:53.924135,0 days 00:00:18.668425,0.813821642408866,0.21754741430633495,16,0.03608000213457227,0.005597205317590071,0.012096786729621941,0.08418988716313909,0.036524237195955295,0.07814760604494353,9.296983113899161e-05,17,43,0.015894209621117816,0.0253658201665644,False,True,True,0.0005456548475332395,COMPLETE
1833,0.36459208726882936,2025-04-13 12:50:54.517423,2025-04-13 12:51:12.151898,0 days 00:00:17.634475,0.8613452765515749,0.17659810541673454,16,0.0187759896983127,0.020920933824359382,0.0312177360882061,0.0804410462396467,0.03891764549831784,0.07421043087162506,0.00010841226088994324,15,25,0.020525000150644405,0.005721666156433738,False,True,True,0.00027762756834577085,COMPLETE
1834,0.5969305038452148,2025-04-13 12:51:12.743511,2025-04-13 12:51:31.534758,0 days 00:00:18.791247,0.8382466787735079,0.14316352481076278,16,0.0283093240703505,0.00988861034008966,0.01712289396525214,0.07382308204328587,0.04431387719332416,0.07945085932340609,8.54441686459162e-05,18,35,0.014128556946950538,0.01576407903507035,False,True,True,0.0003432383026754813,COMPLETE
1835,0.3320284605026245,2025-04-13 12:51:32.146705,2025-04-13 12:51:50.408092,0 days 00:00:18.261387,0.7950093874799578,0.167118953923152,16,0.2621878452810244,0.005452974399076983,0.014829704912605058,0.08252167040223012,0.0346059775419968,0.09099810133795418,0.00013115120653185445,17,33,0.010263549309719051,0.023610803704743416,False,True,False,0.00026000411391013354,COMPLETE
1836,0.3351307034492493,2025-04-13 12:51:51.001956,2025-04-13 12:52:09.161418,0 days 00:00:18.159462,0.8788505722708942,0.13093223288786732,16,0.01853622809528668,0.01462648740300246,0.034712875400971614,0.078784760742826,0.04063171701580556,0.09329696810319486,0.000160206830445358,16,40,0.017453762838420143,0.01130192544901041,False,True,True,5.042879550017164e-07,COMPLETE
1837,0.46172497272491453,2025-04-13 12:52:09.771429,2025-04-13 12:52:28.329575,0 days 00:00:18.558146,0.8214775968852599,0.15216345894570305,16,0.025537122392859286,0.07006382298950235,0.03001684480827425,0.0808439973890044,0.038074891734685506,0.07997585677335749,0.00010366833492261582,18,29,0.0801125837232553,0.015836140486979622,False,True,True,0.0004539424081665491,COMPLETE
1838,0.2508250951766968,2025-04-13 12:52:28.952774,2025-04-13 12:52:47.145706,0 days 00:00:18.192932,0.847278228529675,0.18609661140214218,16,0.03150675020441026,0.0203356013280482,0.03298151898838144,0.07265494259240399,0.042762030679888985,0.07633991000578531,8.779692777889495e-05,16,36,0.02197294410069426,0.008394448423232137,True,True,True,0.0005962847238665472,COMPLETE
1839,0.33537352681159976,2025-04-13 12:52:47.740698,2025-04-13 12:53:05.844014,0 days 00:00:18.103316,0.7919305459186431,0.12218270588657149,16,0.03785869617079619,0.010359206194952538,0.019480542719646287,0.0770509009413097,0.044883500827601355,0.09495247691222668,0.00012885020069506396,15,95,0.015718846021473932,0.1501064730784376,False,False,True,0.00036693322952643714,COMPLETE
1840,0.18183820247650148,2025-04-13 12:53:06.465806,2025-04-13 12:53:24.523926,0 days 00:00:18.058120,0.8998658310987285,0.704078134544013,16,0.01799769220081691,0.0054085505961384076,0.0316509000759862,0.0053445608044518506,0.046465077542071076,0.08960943318812865,0.00010769431973992868,17,31,0.01894799338448111,0.019364304781706834,False,True,True,0.00023382811216093494,COMPLETE
1841,0.5367778658866882,2025-04-13 12:53:25.119610,2025-04-13 12:53:44.005313,0 days 00:00:18.885703,0.8104327229607979,0.04366254214993562,16,0.023737947634401284,0.015437843409322166,0.035077059877976054,0.0840543427329214,0.04023435528469956,0.08066759840672037,0.00016182168965864146,18,38,0.012990317204676655,0.006520659113856903,False,True,True,0.00030683589773325355,COMPLETE
1842,0.19300881624221802,2025-04-13 12:53:44.620854,2025-04-13 12:54:03.558970,0 days 00:00:18.938116,0.8647343320391392,0.349877574353606,16,0.029810263016992897,0.00023219922051827442,0.029565532729604445,0.07521051527280372,0.03639677655041961,0.07796955784797661,8.475275003732763e-05,19,33,0.016787644386516806,0.02434886250485411,False,True,True,0.0007796253872280692,COMPLETE
1843,0.3598308086395264,2025-04-13 12:54:04.154416,2025-04-13 12:54:22.412507,0 days 00:00:18.258091,0.832401929254062,0.14264200408453978,16,0.01804118463802955,0.01030210775088173,0.018020104006342463,0.07941357329602468,0.032808119205230975,0.08955412927111903,0.00013843260307765172,16,41,0.011969205486114078,0.014299759187909765,False,True,True,0.00022303234622760647,COMPLETE
1844,0.39963325262069704,2025-04-13 12:54:23.036198,2025-04-13 12:54:41.346473,0 days 00:00:18.310275,0.42431430975420903,0.11390215561929998,16,0.022316892956469048,0.024052837693710843,0.03247806581997498,0.08269045316845397,0.04177280646850252,0.09145341493849724,7.637904218394814e-05,17,27,0.02394057153013258,0.022830072746623305,False,True,True,0.0004631133300921252,COMPLETE
1845,0.20271168947219848,2025-04-13 12:54:41.939253,2025-04-13 12:54:58.985829,0 days 00:00:17.046576,0.8515277016016145,0.05187529477182524,16,0.034778074273205846,0.016574468939808264,0.019763038941321687,0.07666601645618074,0.038906306319394575,0.09621994718359113,0.00011536197957030151,14,36,0.014601440303564079,0.012009565061210842,False,True,True,0.0002963157906698864,COMPLETE
1846,0.41498852968215943,2025-04-13 12:54:59.604332,2025-04-13 12:55:17.182244,0 days 00:00:17.577912,0.7904890958994837,0.16411437651154093,16,0.024351307731968277,0.004929104789294413,0.015009025592536671,0.08060717800331266,0.04347022976642109,0.08118372156426529,9.707626031557535e-05,15,31,0.01949914213061761,0.006103324746924011,False,True,True,0.00036991515226886083,COMPLETE
1847,0.18795708417892457,2025-04-13 12:55:17.776559,2025-04-13 12:55:36.382599,0 days 00:00:18.606040,0.8131221427951356,0.4486081694755634,16,0.04152211638398926,0.22555622852809257,0.011989902870969703,0.07831499080760645,0.037403317770657085,0.07884424369637538,0.00016144428783346454,18,39,0.017518714018494693,0.01700617685322014,False,True,True,0.00023711020522171005,COMPLETE
