number,value,datetime_start,datetime_complete,duration,params_alpha-eval,params_alpha-train,params_batch-size,params_eps-eval,params_eps-train,params_lambda-actions-eval,params_lambda-actions-train,params_lambda-frames-eval,params_lambda-frames-train,params_learning-rate,params_n-epochs,params_n-frames,params_radius-gw,params_rho,params_std-feats,params_ub-actions,params_ub-frames,params_weight-decay,state
112,0.348762059211731,2025-04-13 02:24:55.741811,2025-04-13 02:25:57.737901,0 days 00:01:01.996090,0.0538639233344124,0.9525232801401575,2,0.15823269367634107,0.004803318465884087,0.009855592299765296,0.09284683866662138,0.0025767328733729104,0.0766659163822595,0.0017274226363268818,14,18,0.007010293277364061,0.21582772246997833,False,False,False,0.0005786215413649055,COMPLETE
113,0.18795708417892457,2025-04-13 02:25:57.775453,2025-04-13 02:27:01.511972,0 days 00:01:03.736519,0.029932312567378952,0.91179843112685,2,0.057761981139387984,0.0004135162727815318,0.007434076456510959,0.09657292529372712,0.009687496897666435,0.08123064321918391,0.000718297737231064,15,13,0.05047618147841888,0.25274306034721516,False,False,False,0.0004621704475298114,COMPLETE
114,0.37258852124214176,2025-04-13 02:27:01.549472,2025-04-13 02:28:12.651969,0 days 00:01:11.102497,0.01101413688497863,0.7846972111603959,2,0.13656016103393134,0.012511048475197037,0.004895745930353203,0.09032365950126481,0.02110712838381166,0.07185762669215082,0.0010834678246858455,17,30,0.021983512393320793,0.018135083669855445,False,False,False,0.0003238665959697363,COMPLETE
115,0.30431604385375977,2025-04-13 02:28:12.690859,2025-04-13 02:29:11.082185,0 days 00:00:58.391326,0.06711281866529922,0.826994668490072,2,0.06510024252122437,0.021942179714065237,0.0215634611840238,0.09519767681594274,0.05273393086210825,0.0786559311332837,0.0003459514553334649,13,22,0.014400280558445114,0.23925524392836725,False,False,False,4.0504710686163757e-07,COMPLETE
116,0.3276731610298157,2025-04-13 02:29:11.121011,2025-04-13 02:30:06.538081,0 days 00:00:55.417070,0.4700402038608149,0.8630251754927581,2,0.04860183040727877,0.018197072240993296,0.08197882865129971,0.05315113840399153,0.04286912162601826,0.08719031098943827,0.0020755600866498003,12,16,0.012329597882310125,0.13833114482271497,False,False,False,0.0007272056668218635,COMPLETE
117,0.27710074782371524,2025-04-13 02:30:06.577265,2025-04-13 02:31:55.592671,0 days 00:01:49.015406,0.07967862721836125,0.9553882115863537,2,0.007616080212894401,0.009697653997134579,0.0026580745270364005,0.08816998211218294,0.014258363187289486,0.0996188120483398,0.003769329357343171,29,27,0.016964200801427957,0.1894300592016015,False,False,False,0.0009824233879738577,COMPLETE
118,0.18795708417892457,2025-04-13 02:31:55.631340,2025-04-13 02:32:12.055689,0 days 00:00:16.424349,0.03739608621070735,0.8849251802535931,16,0.1878442145154684,0.13906286038238652,0.04005678664061549,0.09815915685565992,0.044724227006267915,0.07465564609637931,0.008749834527730987,13,11,0.02987170654933959,0.1811779085137424,False,True,True,0.00016048120014833673,COMPLETE
119,0.3369207143783569,2025-04-13 02:32:12.095077,2025-04-13 02:34:05.599660,0 days 00:01:53.504583,0.12757189888091014,0.7341870154996144,2,0.2462033184852092,0.02989829966123928,0.030121581708465593,0.091996404088804,0.06927952733314784,0.08373700964686134,0.0005996953826479517,30,25,0.009824933201410603,0.19772884844471247,False,False,False,1.5498134190800795e-05,COMPLETE
120,0.4233619332313538,2025-04-13 02:34:05.639931,2025-04-13 02:35:14.079436,0 days 00:01:08.439505,0.42944617421460285,0.34517764323124633,2,0.11893434738687167,0.05095140262257852,0.011366175253170963,0.08515820060120376,0.048767863062208,0.0696254745067691,0.0009141203402359819,16,20,0.024795871753422388,0.2044442206132259,False,False,False,4.902099145321002e-05,COMPLETE
121,0.5134837865829468,2025-04-13 02:35:14.119583,2025-04-13 02:36:28.650080,0 days 00:01:14.530497,0.03761758915924868,0.8581839513122013,2,0.12942502253076554,0.0061668432028701625,0.004532282710166064,0.003097607859196508,0.014813768130500077,0.07281103621703584,0.0011978496406944183,18,22,0.014955123072107505,0.2303981538870417,False,False,False,0.000827588485011854,COMPLETE
122,0.31235299706459047,2025-04-13 02:36:28.690714,2025-04-13 02:37:45.662088,0 days 00:01:16.971374,0.5090354351828517,0.8419062669520954,2,0.14650953049804907,0.006682365291286909,0.0012886284685234965,0.009028411369156726,0.013337678412005512,0.0775036269886374,0.001539699195208069,19,19,0.0189471272471429,0.2709859819711459,False,False,False,0.0003897628761015033,COMPLETE
123,0.32227588891983033,2025-04-13 02:37:45.711328,2025-04-13 02:39:00.854563,0 days 00:01:15.143235,0.0447753615057655,0.46596645233830086,2,0.12279176070861077,0.015427636660408937,0.007365038301742002,0.015430630923638854,0.0052501456820653394,0.05001996065803771,0.0013056326137247172,18,23,0.014674552611011258,0.22909351084068094,False,False,False,0.0007322840393424563,COMPLETE
124,0.2881738543510437,2025-04-13 02:39:00.896029,2025-04-13 02:40:27.856457,0 days 00:01:26.960428,0.09879629334726349,0.9536829067540611,2,0.13387687580109783,0.02299410513690197,0.003510264836613575,0.004120184788508875,0.012226775520107853,0.08936141889277324,0.002543438499936879,22,31,0.02093662610386767,0.21859105132105083,False,False,False,0.00046186724817182345,COMPLETE
125,0.18795708417892457,2025-04-13 02:40:27.898211,2025-04-13 02:41:22.354549,0 days 00:00:54.456338,0.0614585479493234,0.8060588111011002,2,0.11564830558655577,0.0009415641438988362,0.00604348120721511,0.044005001684957384,0.014830757010198738,0.0802708706147655,0.00019479187576528956,12,14,0.05980224696416758,0.2524613771358154,False,False,False,0.0005997320217595411,COMPLETE
126,0.18795708417892457,2025-04-13 02:41:22.396404,2025-04-13 02:41:38.525691,0 days 00:00:16.129287,0.01131737603080707,0.2520989261301977,16,0.15286354192248522,0.011802024261437456,0.03450023600690395,0.02986004953636586,0.032527251182990956,0.08464810703067788,0.00046795707126726213,11,107,0.023757722855451663,0.20875618230633575,False,True,False,2.266613050937124e-05,COMPLETE
127,0.2905062019824982,2025-04-13 02:41:38.567989,2025-04-13 02:42:18.647801,0 days 00:00:40.079812,0.08457339622621066,0.892092620664076,8,0.0726707433007636,0.040506145079821566,0.009643660962063087,0.05736604702294137,0.041335105980928905,0.09693397616949738,0.00026941544687249035,28,129,0.0064739909814859505,0.22473365345499488,True,False,False,1.8742519640031385e-07,COMPLETE
128,0.3308013439178467,2025-04-13 02:42:18.690030,2025-04-13 02:42:50.223420,0 days 00:00:31.533390,0.034706983361580096,0.3132082517296323,2,0.14057643645953002,0.026529645044237826,0.01517805657468574,0.03573562140899071,0.016625679040428585,0.09453766014105011,0.0007795574054566567,6,29,0.08282985496834198,0.1949173504163642,False,False,True,3.2290043196530734e-05,COMPLETE
129,0.2801065564155579,2025-04-13 02:42:50.266642,2025-04-13 02:44:17.309445,0 days 00:01:27.042803,0.22471503029792703,0.3963321750051795,2,0.036330822745951986,0.006506859369085282,0.019329938854997997,0.09377878935167014,0.06036101497520886,0.0731634375286841,0.00014602778853001802,27,35,0.0889500391509246,0.21264531590591504,False,True,False,8.973204328845332e-05,COMPLETE
130,0.42719626426696783,2025-04-13 02:44:17.352716,2025-04-13 02:44:41.167258,0 days 00:00:23.814542,0.11499496457094606,0.37149531826782645,16,0.02049996890240639,0.018020267715506473,0.024131843798905695,0.06147863657948763,0.03858013008675186,0.09062730890488187,0.0030227972694484373,26,17,0.01674144315169508,0.2911848043365428,False,False,False,0.00028174650374781525,COMPLETE
131,0.4547249674797058,2025-04-13 02:44:41.210312,2025-04-13 02:45:46.680120,0 days 00:01:05.469808,0.05415428168875682,0.8723034621220098,2,0.10634384285779301,0.008351035629808563,0.009126508724544066,0.09401599501425568,0.0073676477167549876,0.07453870542991123,0.0010870520196789655,15,22,0.014965028783554345,0.2624531429563969,False,False,False,0.0008198947492887101,COMPLETE
132,0.30837485790252683,2025-04-13 02:45:46.723602,2025-04-13 02:46:51.281020,0 days 00:01:04.557418,0.05149963360918385,0.8984071140317267,2,0.08309392822135654,0.013589212828785467,0.0037788071644999635,0.0971635016983397,0.0030664337846304244,0.07560157875598006,0.001004823980627601,15,22,0.010847019780141222,0.20278680661552115,False,False,False,0.0007992982602620124,COMPLETE
133,0.3186289191246033,2025-04-13 02:46:51.324955,2025-04-13 02:48:02.671129,0 days 00:01:11.346174,0.0774132852007163,0.8012790186624574,2,0.1295476294490233,0.008383357759903712,0.008067599639475842,0.09502990959698977,0.0058128415851474435,0.0819391012608546,0.0017823690995636692,17,27,0.013461559301790372,0.26269002119616525,False,False,False,0.0009799562598402235,COMPLETE
134,0.3031028091907501,2025-04-13 02:48:02.715198,2025-04-13 02:49:04.792961,0 days 00:01:02.077763,0.02554950926244305,0.8478072004057555,2,0.09111287165495374,0.02000863347935293,0.012171152192604368,0.09938541187419364,0.010795341785715971,0.07657337510055963,0.0013729595863465655,14,14,0.015320520314251166,0.23942690014292994,False,False,False,0.0001981492320250726,COMPLETE
135,0.28568369746208194,2025-04-13 02:49:04.837026,2025-04-13 02:50:13.275417,0 days 00:01:08.438391,0.10182950372010945,0.9364061260632317,2,0.10305738475784665,0.03303759195609931,0.005667139802495478,0.09131596403851974,0.008333183426983047,0.06996009772335293,0.0006202994698901167,16,25,0.01813207587235485,0.28107521261118434,False,False,False,0.0005408797660195398,COMPLETE
136,0.18795708417892457,2025-04-13 02:50:13.320363,2025-04-13 02:51:17.528191,0 days 00:01:04.207828,0.5825711978460171,0.8789939282102326,2,0.11309332111203878,0.0005653632469479449,0.045954268653694876,0.0876762792691834,0.01801933663422572,0.0674321149588166,0.0003478751452488715,15,19,0.007927856355062964,0.15195606270995082,False,False,False,0.00039654560883902807,COMPLETE
137,0.3617579758167267,2025-04-13 02:51:17.573744,2025-04-13 02:52:36.688376,0 days 00:01:19.114632,0.1480048453050732,0.43218879674114374,2,0.09843323949813605,0.025922762312489363,0.03711810671016752,0.09340395693248985,0.054529345002784266,0.07958334238818868,0.001157914137875699,20,11,0.020444282728958242,0.2685085705875794,False,False,False,0.0006932562258356863,COMPLETE
138,0.24128414988517763,2025-04-13 02:52:36.742131,2025-04-13 02:54:13.222030,0 days 00:01:36.479899,0.05547543060245953,0.8229349662949268,2,0.044316077906833534,0.01464030227532754,0.009021149432781879,0.09689126057447536,0.045536038254335526,0.08661126408944439,0.0008904128136913371,29,33,0.009758992356664775,0.23523031043819922,False,True,True,1.2184111103694835e-05,COMPLETE
139,0.3482096672058106,2025-04-13 02:54:13.268069,2025-04-13 02:54:32.299528,0 days 00:00:19.031459,0.07796680041861853,0.7576132148271119,16,0.1270340821550396,0.004892281506099107,0.017170037720503815,0.08996332508045427,0.07428680490729135,0.07225735073565182,0.014792972569356815,13,62,0.004220554664975314,0.18592172624797784,False,False,False,7.673546799945662e-08,COMPLETE
140,0.3183120965957642,2025-04-13 02:54:32.346236,2025-04-13 02:55:34.391484,0 days 00:01:02.045248,0.1247407695719748,0.49533746644905235,2,0.0709776425209849,0.01971060650446349,0.03111626782557108,0.09550557841589816,0.0057958484357126415,0.0651912064604167,0.006158572488937009,14,22,0.012337306481766105,0.21978742884077718,False,False,False,0.00011291564859287079,COMPLETE
141,0.46653937101364135,2025-04-13 02:55:34.438481,2025-04-13 02:56:39.497735,0 days 00:01:05.059254,0.04086036359471085,0.8666619757461189,2,0.10866193531283767,0.007197192937615346,0.004470289316987939,0.09469051715370969,0.00863828675165798,0.07292296924068446,0.0011229035683620245,15,19,0.015002554223044263,0.23541993473575573,False,False,False,0.0008476008037414913,COMPLETE
142,0.4089111804962159,2025-04-13 02:56:39.544464,2025-04-13 02:57:45.020739,0 days 00:01:05.476275,0.028517175085264378,0.8544126876615595,2,0.0817197244176367,0.009411164563502038,0.0020380344914576296,0.09987818749056938,0.008507719101690351,0.07821097006689284,0.0022454757619952605,15,17,0.01590185388665681,0.25735317599893404,False,False,False,0.0005084948933192578,COMPLETE
143,0.436033308506012,2025-04-13 02:57:45.068112,2025-04-13 02:59:31.420035,0 days 00:01:46.351923,0.05143699721059042,0.9771459959298683,2,0.05947519490168013,0.0005238171839297631,0.005826447472442143,0.07273437711159185,0.04936900189836346,0.07112444502350562,0.00023696861069317555,28,20,0.01917013115693929,0.23032156259027287,False,False,False,0.000806674925422347,COMPLETE
144,0.4711506009101868,2025-04-13 02:59:31.466129,2025-04-13 03:00:40.551374,0 days 00:01:09.085245,0.696612290699697,0.6562946963483383,2,0.10583047668733139,0.014094577917538036,0.003455100094118718,0.04736184038274848,0.035592387773104917,0.07346920356689694,0.0007765487314438324,16,28,0.022343652823913027,0.21039035432409217,False,False,False,0.0009424757689051942,COMPLETE
145,0.3508073449134827,2025-04-13 03:00:40.598823,2025-04-13 03:01:49.153910,0 days 00:01:08.555087,0.6910921785167525,0.7108029520891982,2,0.1043150290029759,0.02836927675136171,0.0035389892446203116,0.014559713854598012,0.03538700119567486,0.07422844489863784,0.0011613366681699666,16,28,0.013773022596622005,0.2483244367538216,False,False,False,0.0009413638929972564,COMPLETE
146,0.2765793800354004,2025-04-13 03:01:49.201919,2025-04-13 03:02:50.524199,0 days 00:01:01.322280,0.9604625253917756,0.671609877933871,2,0.10901447960999405,0.017862411754241553,0.00102256490865218,0.07790961150167228,0.010517325848721337,0.075835821051203,0.0007235731414566341,17,25,0.02274976568422903,0.17697730525850805,False,True,False,0.0006650751357489174,COMPLETE
147,0.38755031228065495,2025-04-13 03:02:50.571569,2025-04-13 03:03:49.093488,0 days 00:00:58.521919,0.8562464556475903,0.6155296363527532,2,0.0940867741080637,0.012784486235842439,0.007218347354170781,0.02025185271560294,0.02991954999730895,0.06018644297953786,0.0008516558408656673,16,31,0.04305831376406956,0.1438299918900539,False,False,True,0.0005446523082068154,COMPLETE
148,0.18795708417892457,2025-04-13 03:03:49.142469,2025-04-13 03:04:08.668334,0 days 00:00:19.525865,0.02215008850255265,0.630496654487304,16,0.11671167428023116,0.006474714674947001,0.010484536841594807,0.05172875224309839,0.03686765596402512,0.0816900367752509,0.0013807483889599315,14,146,0.03465708512352726,0.2089032413149165,False,False,False,0.000983218641258158,COMPLETE
149,0.18795708417892457,2025-04-13 03:04:08.716600,2025-04-13 03:05:13.468671,0 days 00:01:04.752071,0.06203322668081434,0.896920685092851,2,0.12848350204836845,0.02435434092465727,0.004508738860411591,0.06998789312721107,0.04369395805190551,0.068690091503567,0.0005219571864230966,15,38,0.09607560543228226,0.24456908192441446,True,False,False,0.0007109793419365696,COMPLETE
150,0.5092563271522522,2025-04-13 03:05:13.517775,2025-04-13 03:05:35.677604,0 days 00:00:22.159829,0.4929583003412712,0.27114163872192315,8,0.08838188282576193,0.033572611639991826,0.008738916303639106,0.06598719893594161,0.004400455824220448,0.07851242522742513,0.0010334282196429688,14,26,0.021476418359611307,0.19517778925180504,False,True,False,0.00036491516682976506,COMPLETE
151,0.33126013278961186,2025-04-13 03:05:35.734863,2025-04-13 03:05:57.923465,0 days 00:00:22.188602,0.454143728907021,0.23319373704093793,8,0.08767499733528104,0.03170584181093444,0.008597500397341485,0.06630821189685249,0.007410281265522675,0.0784260314514004,0.0009923287569880423,14,23,0.028501697260811948,0.19350206412723076,False,True,False,0.0003374385555000208,COMPLETE
152,0.36251401901245117,2025-04-13 03:05:57.973165,2025-04-13 03:06:20.810588,0 days 00:00:22.837423,0.48564275916472843,0.275224869456628,8,0.09879631262208143,0.02095355037866313,0.0139845700074883,0.06324922571600083,0.0011325128661964527,0.07563483906606791,0.0015485858031740807,15,26,0.020597639505674996,0.20086763845890768,False,True,False,0.0004086321197077497,COMPLETE
153,0.454432499408722,2025-04-13 03:06:20.859873,2025-04-13 03:06:44.358072,0 days 00:00:23.498199,0.4176199697610077,0.2935591245694693,8,0.07713541002434297,0.013225672548610071,0.00517240167678674,0.041398418791704514,0.004744261255927359,0.07408287248801,0.0018269313761401858,16,15,0.017724543270962494,0.18752447619181742,False,True,False,0.0006218365497107941,COMPLETE
154,0.280967652797699,2025-04-13 03:06:44.408518,2025-04-13 03:07:07.995250,0 days 00:00:23.586732,0.43889276048440923,0.26153186543679935,8,0.0754542598731166,0.2986234621218054,0.004712812133105851,0.046861153363064005,0.006046209253095084,0.07350497587813815,0.0018611573746986942,16,12,0.05445696103283736,0.19221377026675726,False,True,False,0.0006241206479454583,COMPLETE
155,0.5013951301574707,2025-04-13 03:07:08.046975,2025-04-13 03:07:29.270330,0 days 00:00:21.223355,0.536518719903931,0.20375477576622686,8,0.08952424979716413,0.012342770640906775,0.0032551369580427975,0.038726749150110505,0.0042006855976715425,0.07179419091702831,0.000696787499229855,13,15,0.023144010168446503,0.18307990911354005,False,True,False,0.0004809030759248477,COMPLETE
156,0.33619225025177,2025-04-13 03:07:29.320701,2025-04-13 03:07:50.299613,0 days 00:00:20.978912,0.5380031957384284,0.21274958482322798,8,0.10806206440964929,0.04347196731028811,0.002755349412655352,0.03930292340434571,0.004170202005687483,0.07066165128878434,0.0006420862203459872,13,7,0.024237691280387372,0.1755748827075572,False,True,False,0.000478227150733771,COMPLETE
157,0.42479074001312256,2025-04-13 03:07:50.350251,2025-04-13 03:08:11.080722,0 days 00:00:20.730471,0.6326940052857515,0.14197432332225424,8,0.09194904020130588,0.017233472199884012,0.006987186934785508,0.05928166145132177,0.012226659618668378,0.08036347649279937,0.0008123194054323774,12,29,0.022671170166258525,0.167534204103297,False,True,False,0.0007632661035433005,COMPLETE
158,0.4859224438667298,2025-04-13 03:08:11.131282,2025-04-13 03:08:33.577766,0 days 00:00:22.446484,0.4971599356681038,0.3469307180124748,8,0.06645349137051124,0.0365946313147386,0.0010571137311485299,0.06777058308630628,0.0017066514913151387,0.07703706537690316,0.0011417686894280635,14,21,0.02636106567910998,0.18020391468951458,False,True,True,0.0009898540355867869,COMPLETE
159,0.43746634721755984,2025-04-13 03:08:33.629156,2025-04-13 03:08:55.166395,0 days 00:00:21.537239,0.5142745127884536,0.3109619027152689,8,0.06359124946403993,0.03534909752424392,0.0013553785482658056,0.064784403788454,0.003993009491022349,0.0821607655941354,0.0004225052288125721,13,45,0.02636188642995338,0.15776221077928348,False,True,True,0.0003353295695951418,COMPLETE
160,0.4133208513259888,2025-04-13 03:08:55.218313,2025-04-13 03:09:17.719965,0 days 00:00:22.501652,0.5555306801427167,0.17659372701749138,8,0.053329933240933686,0.027603777267842654,0.003842542480764204,0.06701607939137935,0.03363799533613385,0.07750424031779832,0.0005478732950148315,14,41,0.03256413333440078,0.18021329468495853,False,True,True,0.0004911116971601205,COMPLETE
161,0.33630468845367434,2025-04-13 03:09:17.772349,2025-04-13 03:09:39.993709,0 days 00:00:22.221360,0.4916748771623521,0.333164798386481,8,0.08513135010515105,0.005410728380954721,0.010126723700129795,0.05608555933403581,0.0011300596434046543,0.07173833911903889,0.0011239733440331018,14,22,0.07720148393916951,0.19752227820258436,False,True,True,0.0008310628298103296,COMPLETE
162,0.49911201000213623,2025-04-13 03:09:40.055148,2025-04-13 03:10:03.351649,0 days 00:00:23.296501,0.504113727137494,0.3568829459151208,8,0.06869415768791219,0.022898905569323787,0.006164678869090282,0.061852646094317794,0.00851113720501364,0.08425321657220754,0.0012808931610050025,15,18,0.021272575030702075,0.18654441665360325,False,True,True,0.0009473674458599637,COMPLETE
163,0.4022327661514282,2025-04-13 03:10:03.405035,2025-04-13 03:10:25.076340,0 days 00:00:21.671305,0.524684190494507,0.34060163102046204,8,0.06826473429756577,0.02337175258571995,0.0010838770678889423,0.060855354674127796,0.009680548537616119,0.08432369588803852,0.0007425061776125475,13,17,0.021714918228335902,0.18442298689972678,False,True,True,0.0009938952860473584,COMPLETE
164,0.4792539596557618,2025-04-13 03:10:25.130131,2025-04-13 03:10:46.131986,0 days 00:00:21.001855,0.45866640538307857,0.1086666335817098,8,0.06413637010218312,0.035379846121258135,0.007008755690516726,0.06937793439581523,0.0018983131428664205,0.08308949595131611,0.001253538777472031,12,19,0.030742672745659956,0.1911393643108103,False,True,True,2.351210403081923e-05,COMPLETE
165,0.5040796399116516,2025-04-13 03:10:46.186028,2025-04-13 03:11:07.349788,0 days 00:00:21.163760,0.5805456451388245,0.16427476383593834,8,0.066582749941417,0.03896829352340528,0.006595938013009588,0.07493292155781824,0.0027347969759813845,0.07953173093882658,0.0009544929543992439,12,14,0.025521044705430557,0.17365032654741017,False,True,True,0.0006175733024031504,COMPLETE
166,0.40137912034988404,2025-04-13 03:11:07.403285,2025-04-13 03:11:27.736186,0 days 00:00:20.332901,0.4728481839776875,0.14726213710407315,8,0.058014190008712815,0.036472009287842895,0.06496794512694772,0.06881345027406495,0.0028850083187073163,0.07868744122990819,0.0009153996728668873,11,9,0.030196963001472364,0.1754864253327137,False,True,True,8.611126112894719e-07,COMPLETE
167,0.33694951534271245,2025-04-13 03:11:27.790520,2025-04-13 03:11:48.525173,0 days 00:00:20.734653,0.5971946218898863,0.09885924855833636,8,0.06583800808445679,0.04691357735867392,0.006379824995105142,0.07489254174175668,0.0028641548692230332,0.08329296070918599,0.027453206704450138,12,14,0.025844929299050988,0.16929604977482812,False,True,True,0.0006578524862216307,COMPLETE
