number,value,datetime_start,datetime_complete,duration,params_alpha-eval,params_alpha-train,params_batch-size,params_eps-eval,params_eps-train,params_lambda-actions-eval,params_lambda-actions-train,params_lambda-frames-eval,params_lambda-frames-train,params_learning-rate,params_n-epochs,params_n-frames,params_radius-gw,params_rho,params_std-feats,params_ub-actions,params_ub-frames,params_weight-decay,state
785,0.341886967420578,2025-04-15 03:24:42.493862,2025-04-15 03:25:08.364144,0 days 00:00:25.870282,0.010110900366275603,0.4658671720034308,8,0.15678937119850325,0.0064010311809295,0.031341430279192284,0.07943321622649374,0.01709026660793643,0.08051166284811107,0.0003436093403288036,19,20,0.00729614693933623,0.18706189376407806,True,True,True,3.430518644117964e-07,COMPLETE
786,0.18795708417892457,2025-04-15 03:25:08.608180,2025-04-15 03:25:30.188873,0 days 00:00:21.580693,0.028885623694238055,0.47816184624548125,8,0.15714379868161768,0.013330169147301797,0.028127349285558094,0.07246166743367288,0.022410082491971708,0.0796063195049001,0.00042717442836381594,13,16,0.00583368310136935,0.01751811447824617,True,True,True,2.7281545178873733e-07,COMPLETE
787,0.5740961074829102,2025-04-15 03:25:30.445489,2025-04-15 03:25:52.280372,0 days 00:00:21.834883,0.030058954161709943,0.4308058598414311,8,0.16703043258646005,0.00727798405309982,0.029666737644575548,0.07643135309231032,0.020334196806281714,0.08259697019703736,0.0003074644981925338,13,21,0.01015446655433337,0.017486823828538972,True,True,True,3.3250729940611037e-07,COMPLETE
788,0.18795708417892457,2025-04-15 03:25:52.524506,2025-04-15 03:26:13.154561,0 days 00:00:20.630055,0.7206464989357467,0.44864880393040824,8,0.16492075571166434,0.014448956831629098,0.03204536352612806,0.07664790156790119,0.01986908959123046,0.08039123176467397,0.0003165393983131845,12,17,0.0011774524267477797,0.017123227509654657,True,True,True,3.756157840925648e-07,COMPLETE
789,0.549640417098999,2025-04-15 03:26:13.408167,2025-04-15 03:26:35.241971,0 days 00:00:21.833804,0.04999657196627073,0.4294710722779881,8,0.16608858450250163,0.006951707994272262,0.030056394480828003,0.07772950159239402,0.017636766200642473,0.08335397933276018,0.00031556775658309126,13,19,0.008552526268740061,0.018097921048043177,True,True,True,2.7209444415157323e-07,COMPLETE
790,0.36294385194778445,2025-04-15 03:26:35.501199,2025-04-15 03:26:56.892610,0 days 00:00:21.391411,0.04921602844558732,0.12085296835518589,8,0.1682280570160361,0.008874671680930172,0.02978685192754439,0.074748679307895,0.019027245549066426,0.08447117425387153,0.00028916384000879787,13,13,0.0062699257198095045,0.016564812626977125,True,True,True,2.572178840283049e-07,COMPLETE
791,0.18795708417892457,2025-04-15 03:26:57.137879,2025-04-15 03:27:17.812518,0 days 00:00:20.674639,0.05321827130477533,0.42785371166151165,8,0.1679145920966952,0.21279254925145813,0.03244942455382756,0.07316278325057134,0.01662252523175669,0.08680555775100837,0.00027852071989985987,12,17,0.0096047253547955,0.017945971420216505,True,True,True,2.408316724503116e-07,COMPLETE
792,0.4491279006004334,2025-04-15 03:27:18.071016,2025-04-15 03:27:39.773213,0 days 00:00:21.702197,0.047950111761324146,0.46018550800334296,8,0.18153644445578296,0.014890249683267756,0.03043228692041825,0.07762980568305092,0.017997258594433213,0.08538279632628362,0.0003799216965743929,13,14,0.006990550987914965,0.012758295166529257,True,True,True,3.50908966568969e-07,COMPLETE
793,0.3855640172958374,2025-04-15 03:27:40.032988,2025-04-15 03:28:02.733611,0 days 00:00:22.700623,0.04948168068142084,0.425547088261046,8,0.16742425688204043,0.006280366566080649,0.032350934876084515,0.07708441855037909,0.016227099935345227,0.08298585013224659,0.0003416195738305223,14,19,0.00304532502330009,0.017976083533875604,True,True,True,2.56810368753171e-07,COMPLETE
794,0.18795708417892457,2025-04-15 03:28:02.980849,2025-04-15 03:28:25.940901,0 days 00:00:22.960052,0.03743394483668919,0.4913825029496075,8,0.18634773417357964,0.011180427879679548,0.02984962049038958,0.07398395481004422,0.020468240125762375,0.08200216967869756,0.0002664296715825971,15,15,0.008619787050267315,0.011800281075097336,True,True,True,2.1408932418145374e-07,COMPLETE
795,0.3721315264701843,2025-04-15 03:28:26.199446,2025-04-15 03:28:48.794641,0 days 00:00:22.595195,0.030527678092940668,0.46183251133666153,8,0.19346428763308593,0.005923496953403999,0.027271220811396685,0.07596008540058384,0.017285295594785532,0.08329292480105188,0.00030498746168314023,14,20,0.02252093031094798,0.012117515126477194,True,True,True,3.3879547573451366e-07,COMPLETE
796,0.3636982321739197,2025-04-15 03:28:49.059146,2025-04-15 03:29:16.391046,0 days 00:00:27.331900,0.05189292796763591,0.4282564424539412,8,0.17536467689448892,0.006287563216855559,0.0331228429147694,0.07089070879096486,0.021282965640357733,0.08131631902040008,0.00037486994816111544,21,18,0.0058643324602239005,0.01833502913503355,True,True,True,4.080848048948363e-07,COMPLETE
797,0.18795708417892457,2025-04-15 03:29:16.640067,2025-04-15 03:29:38.360996,0 days 00:00:21.720929,0.029707703360506797,0.48463615775754093,8,0.16860933587449572,0.015205978847308045,0.026191295531470718,0.07862822931082829,0.01853321912590428,0.08501681032858954,0.00026042088256764736,13,21,0.010144503836970338,0.011249984177442546,True,True,True,2.678607828048848e-07,COMPLETE
798,0.18795708417892457,2025-04-15 03:29:38.623981,2025-04-15 03:30:30.104533,0 days 00:00:51.480552,0.610880132515119,0.4487949023721908,2,0.17903882657319475,0.010428427166741649,0.030697668692724972,0.09999169703226492,0.021906686059594307,0.07848436315765457,0.00031961235287696256,13,17,0.02057912351672517,0.016965793285764662,True,True,True,2.0160695737349268e-07,COMPLETE
799,0.18795708417892457,2025-04-15 03:30:30.366784,2025-04-15 03:30:51.558669,0 days 00:00:21.191885,0.49289217792585194,0.4333499426685622,8,0.1706993681124509,0.27052335823575835,0.029218156469991572,0.07673847813878623,0.019904253371141167,0.08136665770051171,0.00041177155665420094,12,21,0.00786774176880485,0.007037680895469139,True,True,True,1.5811174602224503e-06,COMPLETE
800,0.18795708417892457,2025-04-15 03:30:51.808029,2025-04-15 03:31:13.831290,0 days 00:00:22.023261,0.029460308060992497,0.46400585460205657,8,0.15531788033641844,0.2241687957303355,0.027329204787775035,0.08065153020388219,0.023738112467079044,0.08392890113612796,0.0003409962911031465,14,14,0.02281609290118581,0.011570072422168424,True,True,True,2.947367693736213e-07,COMPLETE
801,0.18795708417892457,2025-04-15 03:31:14.092408,2025-04-15 03:31:39.441120,0 days 00:00:25.348712,0.05090614648432339,0.8925398357141358,8,0.15751044259388494,0.005726074441096966,0.03414376359567906,0.08064205825092816,0.016018944057909334,0.07896158318931762,0.000255943431687846,18,19,0.009150189456972758,0.01856533932526123,True,True,True,4.003908104349197e-07,COMPLETE
802,0.18795708417892457,2025-04-15 03:31:39.702792,2025-04-15 03:32:04.592467,0 days 00:00:24.889675,0.7653088964711681,0.4108958867252148,8,0.1830981056615735,0.014847672514519,0.0316069375724773,0.08067456943460252,0.017726743930055727,0.08270615544438155,1.0959584881458864e-05,15,120,0.003333226850620076,0.006925398898876723,True,True,True,2.3684959908941977e-07,COMPLETE
803,0.4295356750488281,2025-04-15 03:32:04.840043,2025-04-15 03:32:26.517150,0 days 00:00:21.677107,0.030071818823538377,0.42958641308738166,8,0.1653046543125273,0.007189844982101399,0.028611001770255048,0.07841943455352915,0.02166867391552905,0.07847556371552439,0.0004443755934105932,13,25,0.020707897017966527,0.011102791808443594,True,True,True,3.0790255772706053e-07,COMPLETE
804,0.5040305852890015,2025-04-15 03:32:26.780449,2025-04-15 03:32:49.248174,0 days 00:00:22.467725,0.05221876673367462,0.4871632465841969,8,0.17522351270200917,0.011092111912730074,0.026205410861082835,0.06860058653334074,0.023372731074547015,0.08057198834575599,0.0003032360832290309,14,22,0.011596284653156437,0.018721635453639373,True,True,True,2.1583150996595229e-07,COMPLETE
805,0.18795708417892457,2025-04-15 03:32:49.496269,2025-04-15 03:33:13.723230,0 days 00:00:24.226961,0.029873402142971357,0.3960640986065874,8,0.16833287432429309,0.1470407635348463,0.014755375855691732,0.09976339957866716,0.0194274211258157,0.06918010177059837,0.0003854813385995161,13,145,0.005177662611056783,0.008447518932125586,True,True,True,3.744865488453572e-07,COMPLETE
806,0.35043480396270754,2025-04-15 03:33:13.984628,2025-04-15 03:33:34.882515,0 days 00:00:20.897887,0.029940688908157775,0.45632747743041535,8,0.18952876382928696,0.005249429535439894,0.03317290630647097,0.0783749501582461,0.02061463285332575,0.08710698821150772,0.0002448574926323905,12,16,0.022937754935536035,0.012544410752540038,True,True,True,1.8856579661160916e-07,COMPLETE
807,0.49252709150314333,2025-04-15 03:33:35.143811,2025-04-15 03:33:57.710695,0 days 00:00:22.566884,0.050251680050188666,0.4299496276410989,8,0.1788246152390869,0.01348845347042129,0.03052933731053283,0.07438705433664818,0.023842234515011062,0.07520382473873606,0.00046256697734920306,14,19,0.007625266276790114,0.007368389152000958,True,True,True,2.4080052726905106e-07,COMPLETE
808,0.4285314679145813,2025-04-15 03:33:57.960298,2025-04-15 03:34:19.033480,0 days 00:00:21.073182,0.028851330454726376,0.4731470523582668,8,0.16546607202757127,0.0001361936320780112,0.025240950682192304,0.07733947644432047,0.017111901327033323,0.07736993841191213,0.0003198178877600577,12,26,0.024740049473978395,0.018273664587856495,True,True,True,2.97185210427619e-07,COMPLETE
809,0.5378398180007935,2025-04-15 03:34:19.295571,2025-04-15 03:34:42.544007,0 days 00:00:23.248436,0.05107232404841967,0.40940901560765386,8,0.1600106908339016,0.006747294693763927,0.028220327515944568,0.08023116041886583,0.02215368589357928,0.06883422227713638,0.00037568642705369066,15,23,0.019478257834130444,0.0063159971995856105,True,True,True,4.548730709948825e-07,COMPLETE
810,0.18795708417892457,2025-04-15 03:34:42.807689,2025-04-15 03:35:08.227226,0 days 00:00:25.419537,0.05378896428199767,0.4065570884159468,8,0.15822121147444823,0.01585719429940502,0.02929764303611362,0.08114013744390564,0.0186251703359531,0.06884375325962827,0.00037448525660784655,16,101,0.021058339352621393,0.016879734599657702,True,True,True,3.977152663928409e-07,COMPLETE
811,0.45954972505569464,2025-04-15 03:35:08.478694,2025-04-15 03:35:31.527901,0 days 00:00:23.049207,0.05410892538751365,0.41288714041680663,8,0.1565678471482317,0.005287100068717916,0.03183904627164155,0.07942156248771391,0.0220766873975618,0.06962707611762982,0.00028087779709868845,15,13,0.02272313721174935,0.0062807404630813145,True,True,True,4.520476070380396e-07,COMPLETE
812,0.4406931281089783,2025-04-15 03:35:31.789116,2025-04-15 03:35:55.982241,0 days 00:00:24.193125,0.05589843758716245,0.40558688346157556,8,0.15776180380425028,0.011001561800518788,0.02817676893093718,0.07608839888791333,0.020516909944488893,0.08531768532186851,0.00041387268530867545,16,21,0.02505362766945365,0.010245040809544742,True,True,True,4.3560638579911575e-07,COMPLETE
813,0.4267669200897217,2025-04-15 03:35:56.248029,2025-04-15 03:36:19.454298,0 days 00:00:23.206269,0.029464396665970255,0.3905484241254338,8,0.15641431243476292,0.005173397980522416,0.03460975352299317,0.08129950227511629,0.01665620431788505,0.08004389700131403,0.0003484741450278378,15,17,0.012685262039922967,0.018506184376578718,True,True,True,1.1019746209807105e-06,COMPLETE
814,0.46661424636840826,2025-04-15 03:36:19.706607,2025-04-15 03:36:41.841893,0 days 00:00:22.135286,0.05156930488805816,0.4256933566514818,8,0.1642962277099251,0.016786103443770035,0.03096762912943588,0.04962424414640853,0.01978148873506129,0.0688699219359299,0.0004576669954844057,13,28,0.019859566682466596,0.013677295542817793,True,True,True,1.3696909581596109e-06,COMPLETE
815,0.37658756971359253,2025-04-15 03:36:42.105402,2025-04-15 03:37:06.532656,0 days 00:00:24.427254,0.02964449158704459,0.3912161503635585,8,0.18410294487374593,0.009430061656446605,0.027202796420122806,0.07905340457093381,0.025105999244113105,0.0747422070655999,0.00025150601994367093,17,24,0.01019407872512563,0.005900741213404486,True,True,True,4.906438500889098e-07,COMPLETE
816,0.4199326872825623,2025-04-15 03:37:06.797337,2025-04-15 03:37:29.927292,0 days 00:00:23.129955,0.05153738249075292,0.445653454284172,8,0.16099594736496461,0.006333653062573268,0.029442184397632878,0.07479208136585229,0.021457283564592967,0.07757141928383682,0.0005382394525719169,15,22,0.023271537983121256,0.012461765613948694,True,True,True,1.8322700688761453e-07,COMPLETE
817,0.4119684934616089,2025-04-15 03:37:30.181734,2025-04-15 03:37:51.228472,0 days 00:00:21.046738,0.03429107930365875,0.42064798776328355,8,0.17313466165113675,0.0003355309015924549,0.03322604669788324,0.08217607021430895,0.018173154108957958,0.07041079623277834,0.00030385661854415424,12,19,0.004776563399427507,0.006006993378506799,True,True,True,3.479956601266788e-07,COMPLETE
818,0.31622865200042727,2025-04-15 03:37:51.491530,2025-04-15 03:38:13.137947,0 days 00:00:21.646417,0.046117209391593514,0.49016027626719133,8,0.19280517650118076,0.016558994126743956,0.02729883596706788,0.07164769694761987,0.015688475389645337,0.06794202283031521,0.00023762012000313608,13,15,0.007635679240299206,0.29989074263137316,True,True,True,8.869985761289454e-07,COMPLETE
819,0.40533151626586916,2025-04-15 03:38:13.405901,2025-04-15 03:39:07.693993,0 days 00:00:54.288092,0.025867011516378515,0.35606043998772574,2,0.16313143784147632,0.00028623718305364424,0.030723563243298054,0.08010759776933936,0.022278570523634657,0.07065641891221264,0.0004104712966790111,14,26,0.021065316335627526,0.018798616853528818,True,True,True,2.3584233013571893e-07,COMPLETE
820,0.337986433506012,2025-04-15 03:39:07.948985,2025-04-15 03:39:29.499713,0 days 00:00:21.550728,0.0286074227084208,0.4678759333606,8,0.17465703803441338,0.011263620602101503,0.03279397550225244,0.055174050499881735,0.029580310684975082,0.08208881914615845,0.0003263271354134566,13,20,0.009599353917736272,0.26954886153993746,True,True,True,4.475766319857314e-07,COMPLETE
821,0.5153900027275086,2025-04-15 03:39:29.764549,2025-04-15 03:39:52.319093,0 days 00:00:22.554544,0.04849744080632609,0.45250131247021697,8,0.16744723424595018,0.005626267839526801,0.02601351096774464,0.07644216243606196,0.025257812338945373,0.07472869562224814,0.0005111313897984542,14,23,0.025294650258024746,0.006625220225775298,True,True,True,3.2130795558302575e-07,COMPLETE
822,0.18795708417892457,2025-04-15 03:39:52.586432,2025-04-15 03:40:15.002675,0 days 00:00:22.416243,0.02890485566460887,0.38606801894280696,8,0.15567549533720335,0.011044304283190885,0.016335236681020073,0.09832105761069926,0.023253448521345803,0.07902174749623997,0.0003810156748617579,12,114,0.02261313624596986,0.012433119243307767,True,True,True,7.036362917446611e-07,COMPLETE
823,0.441182804107666,2025-04-15 03:40:15.271672,2025-04-15 03:40:37.039734,0 days 00:00:21.768062,0.05715887175496798,0.416733757112858,8,0.17915466365435645,0.017023944321802244,0.029322981035586122,0.08520500251326205,0.01893566056368218,0.07248129529806902,0.0006177605175623075,13,28,0.012863302973966564,0.01951893338090839,True,True,True,1.7771331436949168e-07,COMPLETE
824,0.4270375490188599,2025-04-15 03:40:37.295434,2025-04-15 03:40:59.741269,0 days 00:00:22.445835,0.028519402963186717,0.43327016136381313,8,0.17161152818343808,0.005717041683232644,0.03444822613666397,0.07938175567573487,0.020722149929118954,0.07670716557167455,0.0002705487492193113,14,17,0.005918260326660528,0.012087061048729666,True,True,True,2.4305868576465566e-07,COMPLETE
825,0.3137648105621338,2025-04-15 03:41:00.013257,2025-04-15 03:41:23.457171,0 days 00:00:23.443914,0.05433754764874464,0.3952098355539976,8,0.18551684804322743,0.00997084897581485,0.028411528848577918,0.0834597006650333,0.027841283505004893,0.06912495600884054,0.00044590127609908274,15,25,0.01930466592764346,0.005125682366735411,True,True,True,5.43591626857247e-07,COMPLETE
826,0.5047421216964723,2025-04-15 03:41:23.728463,2025-04-15 03:41:45.357979,0 days 00:00:21.629516,0.02665845385939319,0.4742702659179373,8,0.1628632546805048,0.00034127721361222954,0.025614350661447457,0.0996233274552088,0.01605116843563717,0.07456497768168657,0.0003518513352715305,13,21,0.011365555640926327,0.0069893455902499055,True,True,True,3.8073604353465106e-07,COMPLETE
827,0.18795708417892457,2025-04-15 03:41:45.617494,2025-04-15 03:42:07.674983,0 days 00:00:22.057489,0.04488620250067297,0.49599289508647937,8,0.15488317627590695,0.005719380658680509,0.03153699959165883,0.07702688383056541,0.023221267239730798,0.07192580387383316,0.01378886997588508,14,11,0.001112324991576867,0.0010969150296587233,True,True,True,2.0823713634940742e-07,COMPLETE
828,0.5495064616203308,2025-04-15 03:42:07.942976,2025-04-15 03:42:32.156187,0 days 00:00:24.213211,0.010169851479543454,0.44884432206114616,8,0.04948461531886504,0.016392558810051694,0.030236136748938262,0.060195274978325594,0.024689271289824396,0.08060959091096857,0.0002291238065181716,16,19,0.024124668034373034,0.013463206853200686,True,True,True,2.6471597153517934e-07,COMPLETE
829,0.18795708417892457,2025-04-15 03:42:32.432218,2025-04-15 03:42:55.926964,0 days 00:00:23.494746,0.46401424047142875,0.4479856642053795,8,0.1599915735233898,0.01696830698647296,0.029704538443738118,0.07363203181912442,0.02555409877264008,0.08300687490609131,0.00022764680544595976,16,15,0.02482600560719519,0.01873590010918994,True,True,True,1.8076630607389226e-07,COMPLETE
830,0.47719866037368774,2025-04-15 03:42:56.184398,2025-04-15 03:43:20.281194,0 days 00:00:24.096796,0.011153174403578438,0.41968998216963177,8,0.01125003656293333,0.010945951563692357,0.03291904030531844,0.08175965243766091,0.026943535466613218,0.08022411644248646,0.00023387870898864354,16,18,0.02152240793644266,0.011762457408385323,True,True,True,2.4004857046904506e-07,COMPLETE
831,0.3779201984405518,2025-04-15 03:43:20.553436,2025-04-15 03:43:44.308591,0 days 00:00:23.755155,0.025883658607208,0.44315352345773984,8,0.1541769503640694,0.005439536142196246,0.027464125383686467,0.0998316800384248,0.022113228991582953,0.08258911715480269,0.00028631814032916184,16,19,0.02651418095955543,0.006377495985801233,True,True,True,2.8665916069065253e-07,COMPLETE
832,0.18795708417892457,2025-04-15 03:43:44.580035,2025-04-15 03:44:09.173203,0 days 00:00:24.593168,0.01296945830356688,0.4578419597369892,8,0.045232107680618056,0.016040603564902722,0.03092644917634379,0.05816095650382717,0.024154341530461455,0.08511102433821728,0.0002276260441732598,17,13,0.02337860843652643,0.0010782743818548925,True,True,True,3.331129479844705e-07,COMPLETE
833,0.4306698799133301,2025-04-15 03:44:09.430113,2025-04-15 03:44:34.238132,0 days 00:00:24.808019,0.011874684414287646,0.4091198781825068,8,0.0678283078379166,0.011543268029321228,0.028513676494609515,0.07767842319452962,0.019284285851734667,0.07829270107232825,0.00027737910095782263,17,22,0.00791643126678171,0.01355942858103267,True,True,True,1.674532258130531e-07,COMPLETE
834,0.4990253806114197,2025-04-15 03:44:34.511837,2025-04-15 03:44:57.540983,0 days 00:00:23.029146,0.028335626512971307,0.3707155467204163,8,0.16574942838950874,0.004890478896187718,0.010205817223691738,0.06506303283631182,0.029458006330926486,0.07943666756570146,0.00022999471382255783,15,16,0.0037972177340437115,0.01959910677515675,True,True,True,2.5111180062134054e-07,COMPLETE
835,0.18795708417892457,2025-04-15 03:44:57.813763,2025-04-15 03:45:20.556121,0 days 00:00:22.742358,0.42332152212819024,0.42769087698421737,8,0.0732900219542246,0.10141439187226226,0.03487118780378998,0.08481424182818341,0.025227708448843856,0.08065504379403625,0.0003107890906890054,15,20,0.01827422923436656,0.006369513400251168,True,True,True,4.5190745932675304e-07,COMPLETE
836,0.5132363557815551,2025-04-15 03:45:20.814853,2025-04-15 03:45:44.506896,0 days 00:00:23.692043,0.010630685913193043,0.47017780509981494,8,0.16731283805800157,0.0004569823920149123,0.024442369094688287,0.08772068256954825,0.01807634551692182,0.07708937664345698,0.00036657892368205836,16,22,0.024791733874226167,0.012094036967219642,True,True,True,2.0249353320822763e-07,COMPLETE
837,0.471872353553772,2025-04-15 03:45:44.776567,2025-04-15 03:46:09.706611,0 days 00:00:24.930044,0.010982751826174086,0.4359420523201416,8,0.03040949956364172,0.010800500126735125,0.031158781223721482,0.046997646871245594,0.021608207513948388,0.07327729763337819,0.0005905735874400975,17,18,0.020581407105943302,0.0010037762958573422,True,True,True,3.515841392531012e-07,COMPLETE
838,0.20186300873756408,2025-04-15 03:46:09.981224,2025-04-15 03:46:33.093703,0 days 00:00:23.112479,0.3725188559804052,0.3422183966609411,8,0.1599443849860006,0.00025917581130293233,0.026094415852022764,0.06984754630241997,0.02693244792330349,0.07615984252164826,0.0004700653567623723,15,24,0.008978701858633597,0.01913125248851086,True,True,True,2.651853667631177e-07,COMPLETE
839,0.18795708417892457,2025-04-15 03:46:33.354002,2025-04-15 03:46:55.452117,0 days 00:00:22.098115,0.010528753182576733,0.3975686969387981,8,0.1712889603283803,0.015994819338071568,0.03299339131860499,0.08003052204561181,0.016303475157033263,0.06792002666274279,0.0002788865236909467,14,16,0.026723515252884716,0.010496988622661858,True,True,True,6.447747778117713e-07,COMPLETE
840,0.40579205751419073,2025-04-15 03:46:55.723875,2025-04-15 03:47:52.712621,0 days 00:00:56.988746,0.04206375036956091,0.45020749098581514,2,0.15292175387723422,0.00015375530579650652,0.0291353454985867,0.09762020193375569,0.024698332143306103,0.08168572154746595,0.00034869246925840834,15,20,0.022796018262587085,0.006815062815231175,True,True,True,1.7496092577114366e-07,COMPLETE
