number,value,datetime_start,datetime_complete,duration,params_alpha-eval,params_alpha-train,params_batch-size,params_eps-eval,params_eps-train,params_lambda-actions-eval,params_lambda-actions-train,params_lambda-frames-eval,params_lambda-frames-train,params_learning-rate,params_n-epochs,params_n-frames,params_radius-gw,params_rho,params_std-feats,params_ub-actions,params_ub-frames,params_weight-decay,state
1624,0.4567244172096253,2025-04-13 11:44:12.713982,2025-04-13 11:44:31.761017,0 days 00:00:19.047035,0.765142590494271,0.10259160743843239,16,0.03145460806633555,0.019880912060614635,0.013063542067555438,0.08136614218810506,0.042477088389161095,0.08642125711077159,6.294164963936744e-05,19,39,0.0193774899240609,0.031423364681782494,False,True,True,0.0007500111713141619,COMPLETE
1625,0.33187386989593504,2025-04-13 11:44:32.285860,2025-04-13 11:44:50.900225,0 days 00:00:18.614365,0.7404460004981843,0.13923017040953758,16,0.05217142540838461,0.02566541611720123,0.03368457480798078,0.07648460039530039,0.04685454123174785,0.08828235284079738,8.874652772421907e-05,18,38,0.02393563338035663,0.012373461992605406,False,True,True,0.0002427148489518671,COMPLETE
1626,0.34843766689300537,2025-04-13 11:44:51.449839,2025-04-13 11:45:10.424323,0 days 00:00:18.974484,0.7750779397440465,0.5041247530155623,16,0.03908458671441073,0.014190596224142333,0.029682457185287614,0.08352949424186747,0.040382545008904584,0.08947104550632992,8.397394421476932e-05,18,43,0.02071756057675302,0.018172852166806783,False,True,True,0.00039013530028577027,COMPLETE
1627,0.21211289167404176,2025-04-13 11:45:10.954824,2025-04-13 11:45:30.106372,0 days 00:00:19.151548,0.320451337514744,0.7578966396432425,16,0.027173517451185798,0.009092638209912504,0.022087672159680254,0.08033198604492858,0.0449046297776831,0.08490841672766898,7.36605146206819e-05,19,66,0.01862891769489446,0.0077564228672871655,False,True,False,0.0005887307315721571,COMPLETE
1628,0.34724571704864504,2025-04-13 11:45:30.636338,2025-04-13 11:45:49.449694,0 days 00:00:18.813356,0.7522779249022805,0.11845922254756439,16,0.04465165252380086,0.007202041244145457,0.08238062489094641,0.05450357271344372,0.03867136511587343,0.08610535606365201,9.263204300676067e-05,18,38,0.01842989537114842,0.023413654778930537,False,True,True,0.00031055498037254567,COMPLETE
1629,0.38435901403427125,2025-04-13 11:45:49.997270,2025-04-13 11:46:09.503058,0 days 00:00:19.505788,0.7749003091196782,0.1005823600565493,16,0.03268960688136487,0.015358314648323854,0.035659519087686276,0.07774920028701111,0.04314265600725437,0.09032414680209581,5.9365703583211425e-05,20,42,0.022022853175990467,0.016097089462621925,False,True,True,1.5385315895137527e-07,COMPLETE
1630,0.21967278718948366,2025-04-13 11:46:10.033038,2025-04-13 11:46:29.808323,0 days 00:00:19.775285,0.7846762920233856,0.1530554251638062,16,0.19797618666289038,0.00571846227062099,0.015361451681986249,0.08508669845752291,0.041570959445690614,0.08414622908198667,0.05457142635036354,19,48,0.020314878585039386,0.0012258026571381033,True,False,True,0.0004563378124328882,COMPLETE
1631,0.3771436929702759,2025-04-13 11:46:30.364415,2025-04-13 11:46:49.784774,0 days 00:00:19.420359,0.7459821663152946,0.13366296778706507,16,0.02615378706206241,0.021427557874827495,0.026593081582816275,0.0790888795710385,0.03558841326120667,0.0864257006703586,7.623883176209397e-05,18,106,0.026684241654931877,0.0296036164941705,False,True,True,0.00024191038653713218,COMPLETE
1632,0.4338879704475403,2025-04-13 11:46:50.320441,2025-04-13 11:47:09.617641,0 days 00:00:19.297200,0.7728545230697637,0.09906560645907889,16,0.03616078485128952,0.011342286642005234,0.03263707390365267,0.07606293026722633,0.03898219429770282,0.08836242769373726,9.565125903561232e-05,19,37,0.023548995563530226,0.020939254646684842,False,True,True,0.00021919843636634482,COMPLETE
1633,0.35102883577346805,2025-04-13 11:47:10.147506,2025-04-13 11:47:28.939153,0 days 00:00:18.791647,0.7244260480400941,0.17433633595452078,16,0.025557730427164388,0.016251495169298795,0.02411622455111522,0.08139657679253776,0.04489119762855369,0.09116301067064148,0.00010103875073181027,18,40,0.017600915199995265,0.01168627007798312,False,True,True,0.000337560223849278,COMPLETE
1634,0.21433560848236086,2025-04-13 11:47:29.493870,2025-04-13 11:47:47.728660,0 days 00:00:18.234790,0.11600979464882144,0.38337654153820544,16,0.029233280887224003,0.045819997080993075,0.030470558981399665,0.08358825769144208,0.040607400499299166,0.08380027610734618,7.06641286368724e-05,17,36,0.019204342696812836,0.007201011194224578,False,True,True,0.0002789036036691579,COMPLETE
1635,0.18795708417892457,2025-04-13 11:47:48.263263,2025-04-13 11:48:06.784077,0 days 00:00:18.520814,0.9474118186048563,0.12118770723552258,16,0.022191734864391445,0.006140988379876939,0.01718159929741428,0.07846801632133672,0.037092414387625436,0.0873997973457888,8.33294952985017e-05,18,36,0.01668979077834843,0.026521854688573286,False,True,True,0.000992689629915638,COMPLETE
1636,0.408747398853302,2025-04-13 11:48:07.340405,2025-04-13 11:48:26.177109,0 days 00:00:18.836704,0.7963016333938842,0.09180931122854878,16,0.036736396160668094,0.03378818019868528,0.0349710831841953,0.07376580375198773,0.04769503327318129,0.08542347490365167,0.00010566375280787479,18,76,0.020949569833312028,0.015649512716600478,False,True,True,0.00020903186227232682,COMPLETE
1637,0.3869876980781556,2025-04-13 11:48:26.713460,2025-04-13 11:48:45.992308,0 days 00:00:19.278848,0.7867654849020115,0.14981687773900693,16,0.01966196885662238,0.025660431875189006,0.02103229052198694,0.08211022350401943,0.04282867930081703,0.08306186875010056,8.478194496343454e-05,19,39,0.01697147683151371,0.020249946930161154,False,True,True,0.00038210520155886285,COMPLETE
1638,0.5879360795021058,2025-04-13 11:48:46.525412,2025-04-13 11:49:04.788622,0 days 00:00:18.263210,0.7484268648709657,0.11267712769605838,16,0.031831135916883156,0.006026688088305742,0.019331767550523304,0.08066596548148329,0.033895188265566034,0.0884303272797358,5.8542340734675856e-05,17,35,0.019047827952125975,0.03120275759608079,False,True,True,0.0005354212903553605,COMPLETE
1639,0.35179253816604616,2025-04-13 11:49:05.343300,2025-04-13 11:49:24.139514,0 days 00:00:18.796214,0.7669308033843857,0.1702374676006603,16,0.015253596931354581,0.011927691794151637,0.02782313247695458,0.07636376826115061,0.03870004942927462,0.08462922772594415,0.00011162229321489939,18,40,0.022815166325866384,0.00644034052295747,False,True,True,0.00073707995604327,COMPLETE
1640,0.5595421433448792,2025-04-13 11:49:24.678242,2025-04-13 11:49:43.806234,0 days 00:00:19.127992,0.7995197199342757,0.12856507144808557,16,0.0250437168558094,0.019974340592774954,0.03088552094376233,0.08526847728832411,0.0411052776777454,0.08279959518802935,9.699931096507877e-05,19,36,0.016349675115063682,0.012758734707474318,False,True,True,0.0002987599970092353,COMPLETE
1641,0.31809895038604735,2025-04-13 11:49:44.361031,2025-04-13 11:50:03.799576,0 days 00:00:19.438545,0.7872581216531421,0.0931841251574301,16,0.04107056512052424,0.005199686425454415,0.033547307433636105,0.07899198262342397,0.03613586830114904,0.09123171654892691,7.092212629145744e-05,20,42,0.015470374867384468,0.018274567439624936,False,True,True,0.00021643100811542974,COMPLETE
1642,0.37445811033248905,2025-04-13 11:50:04.351421,2025-04-13 11:50:22.700155,0 days 00:00:18.348734,0.7636288742280112,0.1388366853300242,16,0.02005648785883877,0.013437372780449736,0.024901727268690336,0.08396756202032628,0.043790280204701264,0.08688927213750107,4.70362577545319e-05,17,34,0.01833397087071301,0.022038366877967706,False,True,True,0.0003970909797270395,COMPLETE
1643,0.5999416947364807,2025-04-13 11:50:23.236973,2025-04-13 11:50:41.600049,0 days 00:00:18.363076,0.8032154125474303,0.10437489852869108,16,0.011829986859995135,0.009963951671007863,0.03565407195836044,0.07745617950079692,0.04640503423112677,0.08216024314029577,0.0001139450215918186,17,38,0.02029093630567333,0.03023431692466566,False,True,True,0.0002789079202452057,COMPLETE
1644,0.18795708417892457,2025-04-13 11:50:42.152026,2025-04-13 11:51:00.843293,0 days 00:00:18.691267,0.726463045506672,0.7297338926077265,16,0.1875596495275691,0.01695675107907451,0.032289861664506335,0.08089166585579577,0.03760126847059597,0.08491435271926373,8.755509450170892e-05,18,33,0.014842284756177021,0.006174421515904032,False,True,True,0.000459746892033397,COMPLETE
1645,0.35169343948364257,2025-04-13 11:51:01.377561,2025-04-13 11:51:19.754198,0 days 00:00:18.376637,0.7850541814585998,0.08595197813335148,16,0.02780565456127925,0.0001419483262524229,0.02305161194775475,0.0750292783150489,0.04017151426515461,0.08934549471348506,0.00011216108677132546,17,37,0.017569605266910007,0.014404052168068551,False,True,True,1.4793602682797926e-08,COMPLETE
1646,0.3230410099029541,2025-04-13 11:51:20.317722,2025-04-13 11:51:38.780151,0 days 00:00:18.462429,0.9238848682611286,0.6710034445800034,16,0.16389196530007644,0.006417254739955031,0.015120306944340864,0.0718719972145081,0.04239696767955353,0.08691965019998721,6.62085807732301e-05,18,41,0.023792470850023104,0.024715811486871717,False,True,False,0.00020170854181827364,COMPLETE
1647,0.1848397195339203,2025-04-13 11:51:39.317658,2025-04-13 11:51:58.409455,0 days 00:00:19.091797,0.8179413794499304,0.18723099905714524,16,0.045866958782913025,0.022991884846449713,0.01784000170543245,0.08006274448032019,0.032095608759477874,0.08372789645675835,8.136919279192045e-05,19,45,0.013998616609240578,0.010730191029582253,False,True,True,0.0003348741519187188,COMPLETE
1648,0.1874650776386261,2025-04-13 11:51:58.948905,2025-04-13 11:52:17.298767,0 days 00:00:18.349862,0.9004056863618517,0.1516187925089743,16,0.032836741152764116,0.011815768631526245,0.012746628495321818,0.08202038267678287,0.044429761688130634,0.0820155271756444,0.00012713378877559007,17,33,0.016574422118481865,0.0010419146975982618,False,True,True,7.101284348658664e-07,COMPLETE
1649,0.2280946671962738,2025-04-13 11:52:17.859519,2025-04-13 11:52:36.855867,0 days 00:00:18.996348,0.8053551036023197,0.11678164026888509,16,0.015730161899960623,0.005697289332327468,0.02955555577831667,0.0776680944778062,0.03537606295130258,0.013359107281258269,0.00010222618379479791,18,36,0.020762024264150115,0.018425368034406385,True,False,True,0.0005829546864655555,COMPLETE
1650,0.6019457221031189,2025-04-13 11:52:37.392727,2025-04-13 11:52:56.518438,0 days 00:00:19.125711,0.778972755269676,0.08407923607921707,16,0.009654297784031145,0.01559292610906187,0.02674057229320397,0.08561416199896557,0.02330268278453799,0.08542595532471611,9.488502983818495e-05,19,38,0.01841648085010562,0.03181350747804877,False,True,True,0.00024430147742839916,COMPLETE
1651,0.3477338552474976,2025-04-13 11:52:57.078294,2025-04-13 11:53:16.711428,0 days 00:00:19.633134,0.7380325999524425,0.10124231586940034,16,0.008897941764145312,0.026419504435006798,0.026227787634859757,0.08386686160017781,0.02312226807747441,0.08195885737492409,1.684776168012889e-05,20,44,0.025813729703733863,0.17110825790463055,False,True,True,0.000199649048122563,COMPLETE
1652,0.36481407880783084,2025-04-13 11:53:17.258596,2025-04-13 11:53:36.815924,0 days 00:00:19.557328,0.7131013773994543,0.12903301412978815,16,0.007099138117832074,0.03228494695627242,0.026702700423359916,0.07334989573124104,0.029879150868608553,0.0848288682008508,5.574106573043385e-05,20,40,0.022239350192651653,0.025544598779339723,False,True,True,0.00023029112740040794,COMPLETE
1653,0.49144374132156377,2025-04-13 11:53:37.351074,2025-04-13 11:53:56.964580,0 days 00:00:19.613506,0.7553627578986357,0.10955781297804082,16,0.009306927478267758,0.03997398253609563,0.02533255590796653,0.07654782629481904,0.0374950021790228,0.08364285037526126,0.009335643233922778,20,46,0.019415804462031203,0.023722291219609795,False,True,True,7.132368353920463e-05,COMPLETE
1654,0.3634366750717163,2025-04-13 11:53:57.522911,2025-04-13 11:54:17.102335,0 days 00:00:19.579424,0.7605066014309316,0.09078968906875391,16,0.008996353708220467,0.025265669040922527,0.07477189241839315,0.07865002282238195,0.025182442475528064,0.08060782750220367,6.739184684467624e-05,20,42,0.022004655221017893,0.013481374595172972,False,True,True,0.0001805544998118955,COMPLETE
1655,0.36827481985092164,2025-04-13 11:54:17.644330,2025-04-13 11:54:36.985080,0 days 00:00:19.340750,0.7711545134040066,0.1312123484600691,16,0.00840945399125542,0.029804170164501053,0.027271126782307167,0.08208832979638896,0.020753711031324566,0.08538838621125223,7.767349947906398e-05,19,39,0.020055311247321534,0.032205628489117656,False,True,True,0.0002317310844717682,COMPLETE
1656,0.5646439671516419,2025-04-13 11:54:37.546835,2025-04-13 11:54:57.166476,0 days 00:00:19.619641,0.7461793246215871,0.08847662411936996,16,0.00800271291322788,0.02130288607943409,0.02383088635003007,0.08572773142351775,0.023890191862577896,0.08211883293770471,8.38046076181247e-05,20,38,0.018377241041527943,0.018042366859881573,False,True,True,0.00015812644359938934,COMPLETE
1657,0.40982698202133183,2025-04-13 11:54:57.704822,2025-04-13 11:55:17.174402,0 days 00:00:19.469580,0.776009224216042,0.11314683655565361,16,0.012397038344496413,0.0211174837902339,0.02509019990967182,0.07535895053741089,0.02696670760608476,0.08403981726696422,9.138930865429357e-05,20,43,0.02448549619319017,0.009768680128065905,False,True,True,0.0003675119924675413,COMPLETE
1658,0.2149940848350525,2025-04-13 11:55:17.715374,2025-04-13 11:55:36.744234,0 days 00:00:19.028860,0.7274623684895638,0.16174378158482144,16,0.09317066138765236,0.018574222385942307,0.026316765331636825,0.07976449533408018,0.029276765580171768,0.0786111122025641,6.361333402998679e-05,19,35,0.02191805582154823,0.023219875919881085,False,True,True,0.00028010424479068435,COMPLETE
1659,0.5931119322776794,2025-04-13 11:55:37.301319,2025-04-13 11:55:56.433496,0 days 00:00:19.132177,0.7452335639284955,0.1399734335734423,16,0.008942425129558569,0.017718642460185376,0.028320958914038914,0.08305200285347673,0.0223936035441921,0.08114708059940509,7.536583163796172e-05,19,33,0.028320929658548172,0.028241698740502915,False,True,True,0.0006599072078702239,COMPLETE
1660,0.6038710236549378,2025-04-13 11:55:56.974104,2025-04-13 11:56:16.154019,0 days 00:00:19.179915,0.7808986315088516,0.08286075306785536,16,0.01244171487490535,0.027465147064296737,0.02278683193506187,0.07812158263249364,0.02487260577051162,0.08599350328561033,9.330263456407164e-05,19,38,0.017677603095964355,0.0168555943261601,False,True,True,0.0004946207690749878,COMPLETE
1661,0.3625024795532227,2025-04-13 11:56:16.717800,2025-04-13 11:56:35.716984,0 days 00:00:18.999184,0.7566902371016971,0.10902963547293043,16,0.007529922012751447,0.03512548113823078,0.02242589561762168,0.07415950891855862,0.027287038579882867,0.08906453243830055,5.346388011604941e-05,19,47,0.06856379997443758,0.005974860838958541,False,True,True,0.000794833744362134,COMPLETE
1662,0.18795708417892457,2025-04-13 11:56:36.270567,2025-04-13 11:56:55.134314,0 days 00:00:18.863747,0.7675618418546525,0.12679758749443476,16,0.0072965773897266245,0.1785725545671034,0.02334242132925546,0.07556467145571998,0.028430528923762622,0.08790537535977294,6.925060223533603e-05,19,43,0.015243416660350987,0.011701970971099197,False,True,True,0.0006614473680349271,COMPLETE
1663,0.43544342517852785,2025-04-13 11:56:55.675003,2025-04-13 11:57:14.822431,0 days 00:00:19.147428,0.7342872946575156,0.09656267558149946,16,0.012786555169751888,0.030099912375456117,0.02185896084947545,0.07191314055443024,0.02146876331790433,0.08650564503977867,8.074301606211606e-05,19,41,0.01666523621861542,0.13218353278699105,False,True,True,0.0005610400380283063,COMPLETE
1664,0.3811769485473633,2025-04-13 11:57:15.380214,2025-04-13 11:57:32.626886,0 days 00:00:17.246672,0.7550699271758371,0.1494332439017026,16,0.008134850941214392,0.03029963937124547,0.024688168167297898,0.07693259524003616,0.02234591382547826,0.09216687865597117,4.5337050467116864e-05,14,41,0.014126630805718965,0.006670762155317951,False,True,True,0.0007856472554574572,COMPLETE
1665,0.33595569133758546,2025-04-13 11:57:33.167592,2025-04-13 11:57:52.235358,0 days 00:00:19.067766,0.7775591833804685,0.11719632020178394,16,0.0113176931773121,0.02814211403805477,0.023538893583246394,0.07443061626396004,0.034342820893444904,0.08966807869889488,6.268721629078147e-05,19,45,0.0179789933393823,0.015830819619038518,False,True,False,0.0005258190357862752,COMPLETE
1666,0.6005343079566956,2025-04-13 11:57:52.793192,2025-04-13 11:58:12.357700,0 days 00:00:19.564508,0.7419353306586304,0.08461598933210317,16,0.014256843181429477,0.025621073971210176,0.021368572858227942,0.07784587925007333,0.03095480050543214,0.08623617277587296,9.174895419249287e-05,20,38,0.012878402204083067,0.012036471647176167,False,True,True,0.000622101802120711,COMPLETE
1667,0.41689521074295044,2025-04-13 11:58:12.899367,2025-04-13 11:58:31.376699,0 days 00:00:18.477332,0.3537136863277258,0.17227597129075445,16,0.008657497473910916,0.03976832441282349,0.025072842442174188,0.06972396221362871,0.02439904399082484,0.08766268060374635,7.636267785570519e-05,17,40,0.015982739583784832,0.005672764763319456,False,True,True,0.0004761403149131832,COMPLETE
1668,0.37985868453979493,2025-04-13 11:58:31.947866,2025-04-13 11:58:51.681775,0 days 00:00:19.733909,0.766943233813126,0.10734330958479842,16,0.01484600357653822,0.02274848739495816,0.022548787860873335,0.07681443280492285,0.024190991663803257,0.09086585537847303,9.608892638191168e-05,19,43,0.018339336028681315,0.0012617613200245521,True,True,True,0.000723683251828506,COMPLETE
1669,0.3697916746139526,2025-04-13 11:58:52.233594,2025-04-13 11:59:09.913019,0 days 00:00:17.679425,0.7225169906553924,0.20490929887018305,16,0.01476928296082397,0.027307967489668655,0.02724683038066834,0.0738598440579629,0.02618533722051242,0.08507508119358682,5.6618735521814115e-05,15,38,0.014134249413037666,0.018454883925164124,False,False,True,0.0008298515464697996,COMPLETE
1670,0.4041299104690552,2025-04-13 11:59:10.453085,2025-04-13 11:59:31.945234,0 days 00:00:21.492149,0.7833939750166896,0.08542533639475546,16,0.007317187502392555,0.023584960824587907,0.020805334399513306,0.07884940447453755,0.029520888348721186,0.08621210358263497,7.502729261759353e-05,25,49,0.01600726165496271,0.011573093491456287,False,True,True,0.0003907688921640801,COMPLETE
1671,0.48338780403137205,2025-04-13 11:59:32.504889,2025-04-13 11:59:50.603514,0 days 00:00:18.098625,0.7600567930360592,0.13451682467127704,16,0.01552363491791045,0.018105763252711928,0.023560569928330662,0.07594867175597472,0.027224168438572335,0.08346239473284849,8.944373209677737e-05,16,40,0.018512345086816605,0.017839961874967208,False,True,True,0.0005133283633888428,COMPLETE
1672,0.3520570397377014,2025-04-13 11:59:51.146267,2025-04-13 12:00:09.960403,0 days 00:00:18.814136,0.7065767691909975,0.16039425648125863,16,0.006485560555828322,0.024427914859391636,0.07052388971997894,0.0722845800631524,0.02533570181474331,0.08904639109452314,9.780184550343291e-05,18,37,0.012600052521940953,0.010473873436771948,False,True,True,0.00048784902246583507,COMPLETE
1673,0.1920352101325989,2025-04-13 12:00:10.528292,2025-04-13 12:00:28.972266,0 days 00:00:18.443974,0.786200317669592,0.6344690237826476,16,0.01585668750143087,0.019438872023260285,0.0257249159754374,0.07864914987299879,0.02457171809141972,0.08226409749205443,6.618942773343569e-05,17,53,0.01595003286478335,0.015769108824665996,False,True,True,0.0004574499536351869,COMPLETE
1674,0.4028647065162659,2025-04-13 12:00:29.520268,2025-04-13 12:00:47.629477,0 days 00:00:18.109209,0.5359592150390993,0.10026913901690768,16,0.012470907174060412,0.01755063267568031,0.020068617034409562,0.07621086160318401,0.023002722062622064,0.08549652059402899,8.236892064478303e-05,16,44,0.014335046163815117,0.020740986865354152,False,True,True,9.206353446567456e-05,COMPLETE
1675,0.19976105690002444,2025-04-13 12:00:48.173053,2025-04-13 12:01:07.354591,0 days 00:00:19.181538,0.7744752945687413,0.5788499043555435,16,0.007172219555900663,0.024834900932749513,0.028010365204866685,0.07973209917708447,0.021235618249585607,0.07960971536281249,0.00010531607824748448,19,39,0.018510951536596786,0.007766419202329813,False,True,True,1.1365819286778331e-08,COMPLETE
1676,0.5958935141563416,2025-04-13 12:01:07.925123,2025-04-13 12:01:26.721009,0 days 00:00:18.795886,0.7849467613703077,0.12097951436513354,16,0.014604190765712089,0.032822258218916454,0.025111938187163327,0.07791745267889719,0.023690006726134992,0.07677516863364962,9.455524868246735e-05,18,36,0.01706096355553374,0.027158364361983853,False,True,True,0.0005639738817490708,COMPLETE
1677,0.40946443080902106,2025-04-13 12:01:27.263813,2025-04-13 12:01:45.045552,0 days 00:00:17.781739,0.7487009817642978,0.07918320672483303,16,0.018693052908399947,0.016095671279515618,0.02666237991938778,0.07527110736140954,0.02517649105041745,0.0879579202710978,4.768811870867074e-05,15,41,0.012517826242626987,0.013883412704324184,False,True,True,0.00014810179483402765,COMPLETE
1678,0.36914761066436774,2025-04-13 12:01:45.611890,2025-04-13 12:02:04.880233,0 days 00:00:19.268343,0.7375010283598583,0.14232538973173553,16,0.007089204931147255,0.02084278021362962,0.021646675669464363,0.07996092399580125,0.021552748249700816,0.0832209652831359,7.520976102641485e-05,17,133,0.015046415315541937,0.024341041888833993,False,True,True,0.00019600222628958188,COMPLETE
1679,0.49197714328765874,2025-04-13 12:02:05.427299,2025-04-13 12:02:25.065406,0 days 00:00:19.638107,0.7657387913388445,0.09894795664946332,16,0.01854911875219106,0.015204612837417975,0.018987133267533176,0.07377309539988122,0.02623765258696683,0.093466134718457,0.00011364360862774793,20,37,0.020056333949397813,0.006710311839398671,False,True,True,0.0006616157299280839,COMPLETE
