number,value,datetime_start,datetime_complete,duration,params_alpha-eval,params_alpha-train,params_batch-size,params_eps-eval,params_eps-train,params_lambda-actions-eval,params_lambda-actions-train,params_lambda-frames-eval,params_lambda-frames-train,params_learning-rate,params_n-epochs,params_n-frames,params_radius-gw,params_rho,params_std-feats,params_ub-actions,params_ub-frames,params_weight-decay,state
1400,0.36463557481765746,2025-04-13 10:29:29.328357,2025-04-13 10:29:47.834208,0 days 00:00:18.505851,0.8332421075310782,0.14118905821315694,16,0.02163711547523734,0.006077249458900411,0.027174970423872055,0.07848947363667572,0.038222948004409535,0.0916881162863848,4.617953281148216e-05,17,37,0.011032021354078225,0.010343400638258353,False,True,True,0.00022899584851824212,COMPLETE
1401,0.3280499577522278,2025-04-13 10:29:48.309821,2025-04-13 10:30:06.143042,0 days 00:00:17.833221,0.9070920645450534,0.09505402085451953,16,0.012040518905356396,0.02708772174723171,0.03185484546674125,0.07583316151270796,0.0408209013081242,0.07850622862796873,0.0001269128465550926,15,30,0.014975788798001705,0.02483529650478474,False,True,True,0.00014625595913272886,COMPLETE
1402,0.303372073173523,2025-04-13 10:30:06.602036,2025-04-13 10:30:26.395482,0 days 00:00:19.793446,0.8611474732341837,0.11962255671994568,16,0.017609980496564783,0.013777721618116743,0.02972014443300593,0.0405270162235594,0.042917544201552506,0.08150546225384596,7.456793521919526e-05,19,42,0.019844561495807878,0.018668378314603423,True,False,True,0.00031463920544856275,COMPLETE
1403,0.332804799079895,2025-04-13 10:30:26.852696,2025-04-13 10:30:44.942873,0 days 00:00:18.090177,0.7882268060104102,0.07071155064096264,16,0.028991851201666356,0.05912718415553463,0.025620239021355653,0.0839039635376711,0.03652639722994652,0.08530355509938345,0.04470615581890278,16,34,0.012948549941512146,0.007287891556244435,False,True,True,0.0002615531230263875,COMPLETE
1404,0.43428289890289307,2025-04-13 10:30:45.398590,2025-04-13 10:31:03.746176,0 days 00:00:18.347586,0.7662104716579564,0.08970753254820886,16,0.022274402402274452,0.006575209791083419,0.034730340724388215,0.08191509960685985,0.039855926098981614,0.08751645542303285,0.00010035184296139353,17,27,0.016607344054381117,0.030465182570764582,False,True,True,0.00019504216396186875,COMPLETE
1405,0.4276375889778138,2025-04-13 10:31:04.201392,2025-04-13 10:31:23.079871,0 days 00:00:18.878479,0.8176308984882711,0.11214881535728732,16,0.011944929783925133,0.016917652679315394,0.028450576204457838,0.07973890353339379,0.04688628586325734,0.09006880190265631,0.00012815370072595696,18,38,0.014695805548119,0.15380360082277048,False,True,True,0.00012315307195011436,COMPLETE
1406,0.55594482421875,2025-04-13 10:31:23.536560,2025-04-13 10:31:41.959823,0 days 00:00:18.423263,0.8442466452818574,0.15661837220345004,16,0.016937427338130605,0.03289972548502259,0.03226690806419453,0.08399719576417466,0.042791608626503226,0.08327355473481977,0.00010449467298371631,17,32,0.010848224144271765,0.015467106877062474,False,True,True,0.00036245902583348073,COMPLETE
1407,0.20853087902069092,2025-04-13 10:31:42.434720,2025-04-13 10:32:41.872714,0 days 00:00:59.437994,0.8864345065234908,0.06812567074873675,2,0.02566939747152311,0.0096045407525636,0.02280560660600846,0.07794303600645504,0.04507149077424887,0.08091876594605679,6.17191894314951e-05,16,35,0.01858410284890458,0.04874335826677042,False,True,True,0.00017556697918448682,COMPLETE
1408,0.1852065145969391,2025-04-13 10:32:42.335510,2025-04-13 10:33:00.958425,0 days 00:00:18.622915,0.7979581757181736,0.09312692311313893,16,0.04121450814690851,0.006257332428405124,0.03487318619134605,0.08127218724002669,0.03516030252637002,0.08841460100606119,2.362168648284382e-05,18,39,0.013325721961189845,0.024567413133912322,False,True,True,0.000252918767036242,COMPLETE
1409,0.18845118880271913,2025-04-13 10:33:01.416913,2025-04-13 10:33:19.944429,0 days 00:00:18.527516,0.8268608340385901,0.07202234446423399,16,0.03273769964939099,0.022054766131743488,0.030345094567184164,0.011438789584432334,0.038322874038904914,0.08536471978990151,7.905148734045303e-05,16,95,0.01605496896447332,0.039416469659182704,False,True,True,8.823308628661455e-05,COMPLETE
1410,0.33455752134323125,2025-04-13 10:33:20.398716,2025-04-13 10:33:38.624168,0 days 00:00:18.225452,0.8670267208900166,0.12607147675268587,16,0.02237133681315017,0.01287537636241777,0.03283769999457119,0.07623866275160285,0.04078469192614803,0.0767497399846614,0.00013132769649840006,17,28,0.022361471838603805,0.020043749465542045,False,True,True,0.00021325919923977454,COMPLETE
1411,0.5406610250473023,2025-04-13 10:33:39.081369,2025-04-13 10:33:58.141862,0 days 00:00:19.060493,0.8456634918679573,0.09570646325066293,16,0.010499124921331933,0.017699418032408615,0.027473521242889754,0.0798696183950992,0.04363354305332347,0.09270450019052942,0.00011665513650408631,19,32,0.01747861311048458,0.0121799871552246,False,True,True,0.0003116617143496261,COMPLETE
1412,0.18795708417892457,2025-04-13 10:33:58.616518,2025-04-13 10:34:17.119146,0 days 00:00:18.502628,0.8166267751697021,0.14106279843047692,16,0.01748215147910812,0.0741742374789994,0.024922347629022998,0.0835348513164141,0.039504401764262086,0.08381616528721654,8.879358192601177e-05,18,37,0.012581828625949615,0.0015841117682304923,False,True,True,0.00015326745336529437,COMPLETE
1413,0.39577238559722905,2025-04-13 10:34:17.586932,2025-04-13 10:34:35.458882,0 days 00:00:17.871950,0.7759674829359384,0.06978598488595958,16,0.0272600703622147,0.005680141139583758,0.03139352238526032,0.0729338744973699,0.04215835273487195,0.08676189194693552,3.9836484338386125e-05,15,42,0.014908459358456935,0.0666462508782654,False,True,True,0.00025440103723547313,COMPLETE
1414,0.583437705039978,2025-04-13 10:34:35.917297,2025-04-13 10:34:54.394523,0 days 00:00:18.477226,0.7976950327190863,0.10829708150148736,16,0.011584289546020898,0.010975298073651413,0.033958832744146246,0.08130908595339766,0.04799289702936123,0.09504803026453243,5.275497942086253e-05,17,35,0.02042197526788378,0.02800170190048618,False,True,True,0.00019607320596120144,COMPLETE
1415,0.3837159037590027,2025-04-13 10:34:54.851627,2025-04-13 10:35:12.796255,0 days 00:00:17.944628,0.37652063772993344,0.08593972891711985,16,0.02110497551189487,0.023112576165090003,0.029392905162497183,0.07856037940790057,0.045776321125870156,0.07943669289169958,9.876699527325801e-05,16,30,0.010584102473461884,0.033997152869455496,False,True,True,0.0003786887395693249,COMPLETE
1416,0.1749742388725281,2025-04-13 10:35:13.253264,2025-04-13 10:35:31.766241,0 days 00:00:18.512977,0.8624253486516691,0.12886683453242762,16,0.031199905793943626,0.005421943437571944,0.05992040477852552,0.0843992861228447,0.03687869998209366,0.09040043190845824,6.783666375731732e-05,18,39,0.016838555004218176,0.02114447624172023,False,True,True,0.00011421918223192294,COMPLETE
1417,0.18795708417892457,2025-04-13 10:35:32.244849,2025-04-13 10:35:51.160224,0 days 00:00:18.915375,0.9336040916983326,0.1699638037294767,16,0.016321192840994928,0.014226951002182004,0.0355813780395962,0.07662472424390368,0.040971695527094065,0.08215118331933548,0.00011210288036996695,19,34,0.013391682645362087,0.01272850951108408,False,True,True,0.0001654576167911148,COMPLETE
1418,0.34837085008621216,2025-04-13 10:35:51.625638,2025-04-13 10:36:09.739040,0 days 00:00:18.113402,0.7502430233259167,0.06904060685494709,16,0.025212268068461507,0.006226807833951369,0.032007319863052226,0.08196061987818239,0.044799405845881456,0.08556124557371025,0.00012867155591513374,17,26,0.01863277419579547,0.006357957651128638,False,True,False,0.0002884449893161717,COMPLETE
1419,0.3917347192764283,2025-04-13 10:36:10.209106,2025-04-13 10:36:28.113620,0 days 00:00:17.904514,0.8317261170922401,0.09537883492656915,16,0.011602060171216977,0.017113947612510325,0.028715944802785612,0.07888179982328845,0.039339455357691594,0.08829231839814684,7.774519813064539e-05,16,36,0.05998067148183852,0.04181823769667817,False,True,True,0.00024243771331945463,COMPLETE
1420,0.20558823347091676,2025-04-13 10:36:28.569251,2025-04-13 10:37:36.802828,0 days 00:01:08.233577,0.8119923645303212,0.06969466141355052,2,0.03806701588311756,0.027218989614985915,0.02641713363513166,0.022466764922480776,0.033749585206122076,0.08399916911515752,8.862089544385179e-05,19,32,0.015186041956721255,0.0262014709675133,False,True,True,0.0002108858843168266,COMPLETE
1421,0.3517339110374451,2025-04-13 10:37:37.284141,2025-04-13 10:37:55.150550,0 days 00:00:17.866409,0.8481964364049522,0.10808572450634427,16,0.019732870575795626,0.00951300711006716,0.020074729181549948,0.07447121661460661,0.042311334068359414,0.08047389939195261,0.00011102214904742289,15,40,0.010837094750329922,0.01766615253879262,False,False,True,0.0003623870477815571,COMPLETE
1422,0.3359601318836212,2025-04-13 10:37:55.612890,2025-04-13 10:38:15.109730,0 days 00:00:19.496840,0.2867346511193468,0.08397300547220532,16,0.011574979168789799,0.012181903459655193,0.03329552397795232,0.08122397093705774,0.04400973644934696,0.08673796392884606,0.00012746148139083758,18,48,0.0128899010513579,0.10256775154838584,True,True,True,0.0001367463769636161,COMPLETE
1423,0.18191406726837162,2025-04-13 10:38:15.570256,2025-04-13 10:38:33.767580,0 days 00:00:18.197324,0.8965432733223111,0.12986413571287458,16,0.024515239047191245,0.020350250791122605,0.03526858889249589,0.08296003344925777,0.038110547635871954,0.09124445007527353,8.828068905048612e-05,17,29,0.01629844188898123,0.031648215864913204,False,True,True,0.0001804034169497465,COMPLETE
1424,0.44598075151443484,2025-04-13 10:38:34.233534,2025-04-13 10:38:52.143382,0 days 00:00:17.909848,0.8768523023954348,0.0687734719057154,16,0.017683545449497254,0.006206974197448885,0.03031205632257912,0.08424819377084335,0.04648478158628133,0.08223198586822697,6.379842268134607e-05,16,43,0.019509434695746706,0.022337119640005607,False,True,True,0.00028579243018309633,COMPLETE
1425,0.5200308918952943,2025-04-13 10:38:52.600884,2025-04-13 10:39:11.404076,0 days 00:00:18.803192,0.7861946164931337,0.1463260087339796,16,0.030441635562054953,0.01400673749474915,0.023788712005319804,0.07953356997743913,0.024085532851494205,0.08854825042540901,0.0001310428443913183,18,36,0.014600802377141715,0.013112399911694403,False,True,True,9.630877610033002e-07,COMPLETE
1426,0.5837890625,2025-04-13 10:39:11.885772,2025-04-13 10:39:30.982498,0 days 00:00:19.096726,0.8344765502485882,0.09128651117589104,16,0.016339125141005495,0.004768713084747422,0.03147666759935663,0.07661653657152004,0.041248743380674774,0.07835827570488227,0.00010679963544294116,17,117,0.011324067056689344,0.001102215055158947,False,True,True,0.00022068173843910383,COMPLETE
1427,0.5876087069511414,2025-04-13 10:39:31.449080,2025-04-13 10:39:49.265558,0 days 00:00:17.816478,0.8104496523980053,0.11892410095959002,16,0.01069375521545814,0.01850758530898545,0.028037423920462722,0.07786313351159968,0.048341202682442054,0.085267272152105,7.814409944729347e-05,15,32,0.0174604445859203,0.02807902436238107,False,True,True,0.00036690737994242553,COMPLETE
1428,0.3159414291381836,2025-04-13 10:39:49.729080,2025-04-13 10:40:07.750710,0 days 00:00:18.021630,0.8591398772444535,0.06362406014537406,16,0.023650430326584718,0.03568097713548376,0.033900072716892625,0.0808962427900921,0.04280151049905517,0.08436462918338565,9.73948640108126e-05,16,39,0.01316072590772449,0.017322055576883627,False,True,True,0.00015989445385437837,COMPLETE
1429,0.36094810962677004,2025-04-13 10:40:08.212047,2025-04-13 10:40:27.630588,0 days 00:00:19.418541,0.8279045539089673,0.11393601892075836,16,0.028083840479312942,0.010329161643522069,0.03558386200676198,0.08455223577956579,0.036026795527557526,0.08270541218245477,5.212527236531881e-05,19,34,0.021426438066179464,0.038655111961310606,False,True,True,0.00010185165768818081,COMPLETE
1430,0.18795708417892457,2025-04-13 10:40:28.093394,2025-04-13 10:41:30.482237,0 days 00:01:02.388843,0.7932350356748386,0.0884510221284727,2,0.17629924678111772,0.025198957093186085,0.025695551844642145,0.07564056644182178,0.039848401490666936,0.08716706739215153,0.00013428470552714374,17,29,0.015647767080775254,0.006423084456849325,False,True,True,0.00028467003862637526,COMPLETE
1431,0.20494126677513125,2025-04-13 10:41:30.964386,2025-04-13 10:41:49.508978,0 days 00:00:18.544592,0.8455116671615791,0.06440962954801632,16,0.03478409308171222,0.006164781134005795,0.02163225875135994,0.08206654969316642,0.04419915850431472,0.09362122581860903,0.00010836969162806342,18,37,0.01825221255556363,0.02238234232911604,False,True,True,0.00021187012502821975,COMPLETE
1432,0.38432592153549194,2025-04-13 10:41:49.973480,2025-04-13 10:42:08.005325,0 days 00:00:18.031845,0.8783763631043868,0.0998496924068345,16,0.017982203651220423,0.014181694695715147,0.02956790855095571,0.07943450113545195,0.038056736214009235,0.08992194731188737,8.82539011759366e-05,16,33,0.010932836110757545,0.03372229383861725,False,True,True,0.00033184324727759013,COMPLETE
1433,0.43586574792861943,2025-04-13 10:42:08.473177,2025-04-13 10:42:31.641329,0 days 00:00:23.168152,0.8148975462438168,0.07362749202240793,16,0.011212574048550819,0.005560872649149432,0.03206233356676593,0.08480764154479635,0.04128640667477117,0.07983822811110712,6.86212277965698e-05,30,40,0.01383119315498952,0.047954659681059914,False,True,True,0.00013527731918630244,COMPLETE
1434,0.18795708417892457,2025-04-13 10:42:32.106664,2025-04-13 10:42:50.223655,0 days 00:00:18.116991,0.7743983885381667,0.8641724021673423,16,0.0230243711302756,0.020198751141824046,0.027592971661071247,0.07371768486256434,0.04723924841575744,0.086180439890664,0.00013000331755219505,17,46,0.016505203505041154,0.011007788050626233,False,True,True,0.00025019415050878385,COMPLETE
1435,0.5098398208618165,2025-04-13 10:42:50.691604,2025-04-13 10:43:09.429792,0 days 00:00:18.738188,0.858200941979607,0.4117004691119269,16,0.015581298388207827,0.010932861678522993,0.03387081770313526,0.07772042103539475,0.04523443434998492,0.08159697717531801,0.00010591057056372313,18,36,0.014495962652148125,0.07033773236354844,False,True,True,0.0001810609256736281,COMPLETE
1436,0.3462655425071717,2025-04-13 10:43:09.913963,2025-04-13 10:43:28.024349,0 days 00:00:18.110386,0.8344884282046826,0.14891463811064415,16,0.021391854043045132,0.004617134309893133,0.017413635434196516,0.0827180495596644,0.042729820275663195,0.08461311414226162,0.00013447049499665334,16,26,0.012395106694867803,0.027193094891330538,False,True,True,0.00030225100029974793,COMPLETE
1437,0.3220787405967713,2025-04-13 10:43:28.494892,2025-04-13 10:43:46.581295,0 days 00:00:18.086403,0.8052292051292781,0.06658152766682252,16,0.1369127274208479,0.028945703212274757,0.03627826366225483,0.07996741561305998,0.03983096679036486,0.08860296805412662,7.63922637463302e-05,17,30,0.023112495972373255,0.28632928195493723,False,True,False,2.4455088401904477e-06,COMPLETE
1438,0.20723741054534914,2025-04-13 10:43:47.047597,2025-04-13 10:44:04.669904,0 days 00:00:17.622307,0.9131407157953869,0.1308262049194588,16,0.034329275342461676,0.01555581943482335,0.030736192463406545,0.08169384037161452,0.03555414031009648,0.07763710396270283,9.314142604813126e-05,15,42,0.01949515248549381,0.017452753541733645,False,True,True,0.00022225189137924138,COMPLETE
1439,0.5706428170204163,2025-04-13 10:44:05.135596,2025-04-13 10:44:24.220132,0 days 00:00:19.084536,0.825283268548442,0.16861189818272163,16,0.010475013441149147,0.011321430868558701,0.025507156439517314,0.07537492989564644,0.038081831885091184,0.07564922611108701,0.00011178626530677414,19,34,0.016044556400904613,0.02265975316680345,False,True,True,0.0001696150531119322,COMPLETE
1440,0.25629875659942625,2025-04-13 10:44:24.705544,2025-04-13 10:44:43.307125,0 days 00:00:18.601581,0.8522070386685748,0.36551160955131945,16,0.027578481323672265,0.020873672058527516,0.03292136783413801,0.08455827968117127,0.044046798505617824,0.09121000484654122,5.731595645592672e-05,18,38,0.012972690657367732,0.008809577572530009,False,True,True,0.0002629176739668043,COMPLETE
1441,0.27008740901947026,2025-04-13 10:44:43.775940,2025-04-13 10:45:02.106625,0 days 00:00:18.330685,0.8902781735662978,0.10746955833370514,16,0.01890947077146088,0.006205291042605967,0.030024435161590552,0.051889385777199065,0.04124324582178879,0.0868062519255248,8.486658018971791e-05,17,32,0.010545814006065034,0.03228132626304094,True,False,True,0.00038224086092809655,COMPLETE
1442,0.5254579663276673,2025-04-13 10:45:02.574749,2025-04-13 10:46:10.234746,0 days 00:01:07.659997,0.758656282891188,0.09012919258131623,2,0.04189106993165935,0.015908007820100947,0.02286990495983962,0.07844303772090172,0.04896532303289491,0.08344996406700639,0.00010724758933685206,19,36,0.018001140900398848,0.015730726899570315,False,True,True,0.00012894908522255062,COMPLETE
1443,0.42705730199813846,2025-04-13 10:46:10.701989,2025-04-13 10:46:28.822746,0 days 00:00:18.120757,0.7903100624542154,0.06340596904845794,16,0.015912300958752984,0.02435935464383991,0.03587223665317363,0.08100531773603296,0.04638472899670655,0.0802649406764275,0.00013547780931454082,16,44,0.014675841739302736,0.03779054832242621,False,True,True,0.00020182222416073944,COMPLETE
1444,0.18715344667434694,2025-04-13 10:46:29.290408,2025-04-13 10:46:46.952553,0 days 00:00:17.662145,0.8409115869132076,0.08780629140416368,16,0.028021353609168177,0.004673441976375572,0.08994488118337521,0.08369539171345244,0.04329168238527329,0.08946300397233105,6.841448907691037e-05,15,40,0.011058287074876504,0.023593927910605637,False,True,True,0.0003211655688404944,COMPLETE
1445,0.4275871276855469,2025-04-13 10:46:47.441542,2025-04-13 10:47:06.294838,0 days 00:00:18.853296,0.8699033987892913,0.11345385804020085,16,0.010252389754826844,0.01048227778764405,0.02780412050843055,0.07691627328879702,0.03211746157411531,0.0838235244245507,0.00013217415755477366,18,30,0.016970392822716722,0.06353179527312998,False,True,True,0.00014969898831536114,COMPLETE
1446,0.3931668162345886,2025-04-13 10:47:06.762063,2025-04-13 10:47:24.695511,0 days 00:00:17.933448,0.8134049336129126,0.06643605847855134,16,0.022631460727793273,0.00012645291526207619,0.03192594528271064,0.07914506142349463,0.039304355918873164,0.09242970425933528,9.18919747687397e-05,16,34,0.019628138500048416,0.04423587183667084,False,True,True,0.000234577435090862,COMPLETE
1447,0.5165244698524475,2025-04-13 10:47:25.164357,2025-04-13 10:47:43.614490,0 days 00:00:18.450133,0.8263965426296573,0.1313631191917936,16,0.016033243592872233,0.016709467772736332,0.034059132320797346,0.08537227627772342,0.04138431765250237,0.08593125105083113,4.657513540348885e-05,17,38,0.012613340813968246,0.015490876993265857,False,True,True,0.0004101707945775739,COMPLETE
1448,0.18795708417892457,2025-04-13 10:47:44.086884,2025-04-13 10:48:02.605660,0 days 00:00:18.518776,0.996676218293002,0.9620458899122777,16,0.010233657982041806,0.0002515299042171199,0.036201658657175034,0.08254990836725469,0.03667410342195496,0.08248751828017918,0.00010885691925473315,18,26,0.014809407624042523,0.028476809575889613,False,True,True,0.00017660270592050216,COMPLETE
1449,0.18795708417892457,2025-04-13 10:48:03.097579,2025-04-13 10:48:20.953811,0 days 00:00:17.856232,0.7882953269616493,0.07947800072846013,16,0.16943755699840074,0.009693522933094782,0.03045094506666276,0.0806960843323133,0.026912112123769066,0.0883733696050056,1.500835455482579e-05,16,32,0.016682860209732992,0.011491081573025108,False,True,True,0.00010181231372725245,COMPLETE
1450,0.19655407667160035,2025-04-13 10:48:21.424224,2025-04-13 10:48:39.851681,0 days 00:00:18.427457,0.8591659594981816,0.10069033354325796,16,0.031659468609251694,0.019479880611170675,0.024424651812922367,0.07297608755888817,0.04510511385154251,0.09617095879897784,7.870022794155954e-05,17,35,0.011187581019384154,0.05495621837640033,False,True,True,0.00026453463106885497,COMPLETE
1451,0.41488797664642335,2025-04-13 10:48:40.320744,2025-04-13 10:48:59.423512,0 days 00:00:19.102768,0.8048815928482905,0.06278986270353776,16,0.02610013345148686,0.01015672809171968,0.028877687376882653,0.07670793884802843,0.042193465653638684,0.08089460772687204,3.256548239747363e-05,19,29,0.014925014624745499,0.1256357916650268,False,True,True,0.0002034253317135431,COMPLETE
1452,0.4360355615615845,2025-04-13 10:48:59.890507,2025-04-13 10:49:18.760508,0 days 00:00:18.870001,0.8425407034981746,0.08583431207490724,16,0.020402940797164773,0.00015438800177964684,0.033918701661482004,0.07932597579853501,0.03911832629951425,0.08482716325960231,0.00013388648969491775,18,41,0.013367094548742518,0.020230399107033444,False,True,True,0.00031175272218876283,COMPLETE
1453,0.3287721633911133,2025-04-13 10:49:19.251398,2025-04-13 10:50:20.957027,0 days 00:01:01.705629,0.8954626197363399,0.15762348738372559,2,0.010341571257534592,0.02945800071092792,0.02630470580228992,0.08300982020174334,0.04594306931109959,0.08778011787508902,9.332342552049205e-05,17,37,0.07797659999717232,0.031247280474359183,False,True,True,0.00023465511251730419,COMPLETE
1454,0.5559627294540406,2025-04-13 10:50:21.428121,2025-04-13 10:50:39.477130,0 days 00:00:18.049009,0.8199764051946554,0.11717080813491662,16,0.016966989010109672,0.013464016068161049,0.031457081255265563,0.08506256921683858,0.03435750882196283,0.0784639280903092,0.00011603818329594409,16,32,0.02138505780315845,0.02506433823538378,False,True,True,0.0001611048970400562,COMPLETE
1455,0.19880492687225343,2025-04-13 10:50:39.947813,2025-04-13 10:50:57.430119,0 days 00:00:17.482306,0.8718839453553576,0.07051014365081724,16,0.03464076762168662,0.005363169320100474,0.035658154914629876,0.07585693098475432,0.04820149852333837,0.09061642489395177,6.546516354503834e-05,15,35,0.018129603017830457,0.009492923126996282,False,True,True,0.00012148844281588333,COMPLETE
