number,value,datetime_start,datetime_complete,duration,params_alpha-eval,params_alpha-train,params_batch-size,params_eps-eval,params_eps-train,params_lambda-actions-eval,params_lambda-actions-train,params_lambda-frames-eval,params_lambda-frames-train,params_learning-rate,params_n-epochs,params_n-frames,params_radius-gw,params_rho,params_std-feats,params_ub-actions,params_ub-frames,params_weight-decay,state
224,0.22632711529731753,2025-04-13 03:29:11.904113,2025-04-13 03:29:30.234344,0 days 00:00:18.330231,0.5824908782493677,0.039393830233701126,8,0.061119096776970736,0.022628640773032574,0.01051619917912562,0.061862898228027964,0.013616048094444841,0.011537063435988272,0.0006702512688594325,8,93,0.02367189372758702,0.2245553102856595,False,True,True,1.4934347590673976e-05,COMPLETE
225,0.21388296484947206,2025-04-13 03:29:30.306340,2025-04-13 03:29:49.620745,0 days 00:00:19.314405,0.6243782947381191,0.08537106433548088,8,0.04182123537578199,0.012751373489112757,0.0010799712728876566,0.056260084962448366,0.016700065912546132,0.013887091923306777,0.001000361091631588,10,17,0.04879136186818179,0.17916059826134362,False,True,True,3.096014062459841e-05,COMPLETE
226,0.30268862247467043,2025-04-13 03:29:49.692506,2025-04-13 03:30:05.942278,0 days 00:00:16.249772,0.5952987179114878,0.15595624996638352,8,0.06786610049318591,0.04289419901510224,0.013073482644888989,0.06566759624048994,0.006454230974147388,0.02154593396400732,0.0005750407623736439,6,5,0.0448537447607737,0.20379610695086478,False,True,True,4.018023440804569e-05,COMPLETE
227,0.3835424661636353,2025-04-13 03:30:06.024066,2025-04-13 03:30:24.819284,0 days 00:00:18.795218,0.5496525696172966,0.19796189952844076,8,0.038920194684896325,0.019992169701839233,0.0032693547232596986,0.0594950256809376,0.009693800879268081,0.005004616756087559,0.00037948403636162343,9,21,0.03127191675114191,0.18659469808535192,False,True,True,1.8450084298905738e-05,COMPLETE
228,0.5311891913414002,2025-04-13 03:30:24.892829,2025-04-13 03:30:44.470743,0 days 00:00:19.577914,0.6672423335318174,0.22503260402509806,8,0.04905075080939942,0.029099259851840687,0.007599185954209052,0.0632785300191685,0.0036520217025422783,0.022532026812328805,0.0002663352626235036,10,14,0.024946614109072392,0.20879667308030492,False,True,True,2.510735731333622e-05,COMPLETE
229,0.4605502486228943,2025-04-13 03:30:44.543982,2025-04-13 03:31:05.114524,0 days 00:00:20.570542,0.6612929248274356,0.2257250393152517,8,0.02409897103259438,0.03706385968088566,0.007523670901301765,0.06682546520498268,0.003450589972556097,0.020940089051334206,0.00026569529255178633,11,18,0.02301359561119983,0.20753746131620907,False,True,True,2.2108493021255856e-05,COMPLETE
230,0.38976857662200926,2025-04-13 03:31:05.188170,2025-04-13 03:31:24.593601,0 days 00:00:19.405431,0.6761647167554542,0.2496117821442438,8,0.04696550638293297,0.030022035715996934,0.00986901667767687,0.05251116422353719,0.004646081070614675,0.022723029495903328,0.0002525759381668723,10,9,0.040625859317149314,0.1966270539396775,False,True,True,3.859534205121625e-05,COMPLETE
231,0.5271955490112306,2025-04-13 03:31:24.667731,2025-04-13 03:31:42.137682,0 days 00:00:17.469951,0.6388104957048001,0.20935081334152789,8,0.05020035082278484,0.02781709824271917,0.006232175650842893,0.06355644610743467,0.0018955541510454336,0.02788495356949187,0.00034040858911369836,7,14,0.025047410314295148,0.21605539255738065,False,True,True,2.816429512575232e-05,COMPLETE
232,0.5044384241104126,2025-04-13 03:31:42.212540,2025-04-13 03:31:59.727373,0 days 00:00:17.514833,0.6249284037044112,0.21646784691168258,8,0.06095812622342227,0.027799419189525578,0.006676272579980802,0.06345377610121286,0.001100905148082663,0.024453386241387834,0.00032053644929849815,7,14,0.025349413315935536,0.20985721934000764,False,True,True,2.5892974178164497e-05,COMPLETE
233,0.39052667617797854,2025-04-13 03:31:59.811643,2025-04-13 03:32:17.400098,0 days 00:00:17.588455,0.6408589211105742,0.21642764460343641,8,0.0430466895914119,0.03427431463701477,0.00641139482343717,0.06303058599501814,0.0019536994298117996,0.02585394531281652,0.00021461567628895477,7,16,0.0249409284830796,0.21324830013442853,False,True,True,2.359159071604757e-05,COMPLETE
234,0.4037438988685608,2025-04-13 03:32:17.474363,2025-04-13 03:32:35.790497,0 days 00:00:18.316134,0.6422463125897816,0.21441526556753393,8,0.03508677593480245,0.03861549252533524,0.005005256600789368,0.06181715847996574,0.0012271608764502077,0.029563041284289042,0.00024728356911347385,8,15,0.026131517814885145,0.2051495448492559,False,True,True,2.7956763301950805e-05,COMPLETE
235,0.547253704071045,2025-04-13 03:32:35.866026,2025-04-13 03:32:53.785216,0 days 00:00:17.919190,0.7009805458346311,0.23278397871917833,8,0.049129753327816904,0.0266567611038461,0.007936770565250023,0.06733572575804178,0.004862946620898904,0.026734022039692294,0.00031668565433145386,7,21,0.023134480086834223,0.19859838817201655,False,True,True,5.699894975304476e-05,COMPLETE
236,0.18795708417892457,2025-04-13 03:32:53.860541,2025-04-13 03:33:11.053732,0 days 00:00:17.193191,0.7232376401981776,0.24441535938252107,8,0.04883085656969622,0.254188619651309,0.007749041122916944,0.06428071171732432,0.004933177161763413,0.02411738048929634,0.00032180592573557645,7,14,0.02284468033726654,0.19825619712226641,False,True,True,6.124785629935554e-05,COMPLETE
237,0.3529941320419312,2025-04-13 03:33:11.130580,2025-04-13 03:33:28.675306,0 days 00:00:17.544726,0.7428911589760164,0.18511745389777678,8,0.050213513452856025,0.023504942145444636,0.009519843971987386,0.06099659350825532,0.003659589155416831,0.027841917979182198,0.0003052233259523969,7,25,0.021074260519208448,0.21045356021349088,False,True,True,4.750789191213242e-05,COMPLETE
238,0.2145119309425354,2025-04-13 03:33:28.750348,2025-04-13 03:33:47.072022,0 days 00:00:18.321674,0.7012435109994999,0.2127033488388907,8,0.028974565823660578,0.11003324048559866,0.00838775655762172,0.029298334181258948,0.0066271750109592395,0.02898149019498,0.00035693381623891444,8,17,0.027959318769652415,0.2018135756976637,False,True,True,9.494186049609075e-05,COMPLETE
239,0.18795708417892457,2025-04-13 03:33:47.158561,2025-04-13 03:34:04.437731,0 days 00:00:17.279170,0.6617331667321308,0.2412748772755252,8,0.0394485425842219,0.02878140246822175,0.006166856018003337,0.012314946818557434,0.003311786881416704,0.0272520170980579,0.0004182993712236598,7,20,0.024031695650071683,0.19240813147276178,False,True,True,5.1144195981676556e-05,COMPLETE
240,0.4323481559753418,2025-04-13 03:34:04.514276,2025-04-13 03:34:22.643741,0 days 00:00:18.129465,0.6784893306661928,0.2284249390885378,8,0.043416795044421336,0.015285853924614103,0.010461107218840445,0.06632457866718817,0.005903263608442107,0.023541650211693188,0.0001915658933611058,8,13,0.029505416715029913,0.2075540720008211,False,True,True,7.997652597288482e-05,COMPLETE
241,0.3254372000694275,2025-04-13 03:34:22.720626,2025-04-13 03:34:43.104588,0 days 00:00:20.383962,0.6232799137227661,0.1925350557743276,8,0.06368269161200686,0.031241456774722814,0.004510065273618169,0.0677774375876755,0.0023536019901073415,0.03475064468518553,0.0002844275031895924,11,23,0.02669772606253267,0.18391258634191934,False,True,True,3.93513808436862e-05,COMPLETE
242,0.4898539185523987,2025-04-13 03:34:43.181104,2025-04-13 03:35:02.702231,0 days 00:00:19.521127,0.6467474395367496,0.17204034023815742,8,0.05727869534946996,0.04570893490476377,0.007348485457462268,0.0631604314655518,0.0013736559591593029,0.02600611157465949,0.0003280931077242522,10,19,0.025375318082015246,0.19769853810552313,False,True,True,1.813219904003812e-05,COMPLETE
243,0.5231238842010498,2025-04-13 03:35:02.779510,2025-04-13 03:35:22.272061,0 days 00:00:19.492551,0.6536667161227571,0.17019744495726938,8,0.05435257385459702,0.026938779986167612,0.007388682787040272,0.06348839017212246,0.005310022207335943,0.026311398711619537,0.0003361130800104803,10,19,0.0245908016784523,0.1966319111711164,False,True,True,1.7442329354799706e-05,COMPLETE
244,0.4529805660247803,2025-04-13 03:35:22.349951,2025-04-13 03:35:41.708497,0 days 00:00:19.358546,0.6515444298540066,0.1540669430585653,8,0.05446097889499954,0.04425808947582761,0.00798817420216654,0.06290482737068187,0.005198943768136981,0.02595872710660019,0.00033352745233265876,10,18,0.022073659013776125,0.1971541246716816,False,True,True,1.2483310443874157e-05,COMPLETE
245,0.5486383080482483,2025-04-13 03:35:41.796184,2025-04-13 03:36:01.467786,0 days 00:00:19.671602,0.6915460349903353,0.16777057032274423,8,0.049588528482344706,0.025545077334017265,0.011464336553886182,0.06462493629974153,0.0013093622137852396,0.031478564430120516,0.00022707630926133179,10,21,0.024535008357808606,0.19142128173585946,False,True,True,1.662881798357629e-05,COMPLETE
246,0.38451199531555175,2025-04-13 03:36:01.546193,2025-04-13 03:36:21.083713,0 days 00:00:19.537520,0.6705689922145138,0.17507983672422378,8,0.04632386293232198,0.024383254468330038,0.012102156619999633,0.0644629042500453,0.007636816061995367,0.032155759109802576,0.0003835378534669698,10,72,0.02409643052802342,0.1922004139131311,False,True,True,2.7959384112060126e-05,COMPLETE
247,0.5026273846626282,2025-04-13 03:36:21.162856,2025-04-13 03:36:39.993208,0 days 00:00:18.830352,0.6202321515195759,0.19982546640642382,8,0.05146206793445385,0.02937950706341381,0.010926974268730886,0.06601108163118824,0.003971963346590244,0.028970064988065838,0.00027008956925504506,9,15,0.02062796223901655,0.20207193927283135,False,True,True,2.2525454591936294e-05,COMPLETE
248,0.5418044209480286,2025-04-13 03:36:40.073912,2025-04-13 03:36:59.074144,0 days 00:00:19.000232,0.6992478304896771,0.2097955485814005,8,0.05282655334619718,0.029017518904577724,0.011200312783246593,0.06540377006060226,0.004062380595063755,0.02950991178685296,0.0002588913362168235,9,21,0.019737136572620106,0.20225460418462282,False,True,True,1.644078351916818e-05,COMPLETE
249,0.3262804210186005,2025-04-13 03:36:59.153171,2025-04-13 03:37:18.173090,0 days 00:00:19.019919,0.6991507152437492,0.2643840679304967,8,0.03642074163122463,0.02997340245255442,0.011040420950008966,0.06574980781018876,0.003596347133602271,0.0322038452044667,0.0002452813901364713,9,23,0.019262508918780875,0.1892127309255247,False,True,True,1.3457253457713747e-05,COMPLETE
250,0.49840530157089236,2025-04-13 03:37:18.251598,2025-04-13 03:37:37.256042,0 days 00:00:19.004444,0.7184358389164258,0.23212337890003526,8,0.04222859956307187,0.02504858889469371,0.009995435858309065,0.06544611642607126,0.00471840807794172,0.028824853325683294,0.000171365644799141,9,21,0.021267559440523602,0.20314286696237094,False,True,True,1.7531747210710097e-05,COMPLETE
251,0.5449700593948364,2025-04-13 03:37:37.344960,2025-04-13 03:37:56.200454,0 days 00:00:18.855494,0.72424020630349,0.23551721105549486,8,0.040534628685797776,0.023928303445439326,0.010354955814910232,0.06603944253737334,0.00104042388015094,0.0302351929257466,0.00024238016232200614,9,21,0.020566486085230998,0.20328257519211232,False,True,True,1.6851458042090573e-05,COMPLETE
252,0.29393388628959655,2025-04-13 03:37:56.282200,2025-04-13 03:38:15.235015,0 days 00:00:18.952815,0.6860274113951293,0.20446388205729749,8,0.03195968352632349,0.0261413373146054,0.013041251655387038,0.06757962483673119,0.0033307002143101215,0.030771129599729753,0.0002247681396228186,9,24,0.019712294827601562,0.2103984169177612,False,True,True,7.862108568082249e-06,COMPLETE
253,0.523689603805542,2025-04-13 03:38:15.314573,2025-04-13 03:38:34.595226,0 days 00:00:19.280653,0.6849483573718591,0.2177285870698965,8,0.039810191276831684,0.02125584908354819,0.01068208967075623,0.06507720664912119,0.0013237950255753136,0.02878409230143184,0.00020995879301799084,9,21,0.022016352472595976,0.2007376303108903,False,True,True,1.1756559021093314e-05,COMPLETE
254,0.3293766379356384,2025-04-13 03:38:34.675319,2025-04-13 03:38:53.731211,0 days 00:00:19.055892,0.7475209812708833,0.21998951262757585,8,0.04136676087477022,0.02172804099152364,0.011000884670040085,0.0710616205916204,0.0010250817178152594,0.036798209933997114,0.00019496318618536195,9,25,0.022735833257267333,0.2059640444754949,True,True,True,1.3259293576948794e-05,COMPLETE
255,0.18795708417892457,2025-04-13 03:38:53.812692,2025-04-13 03:39:11.922246,0 days 00:00:18.109554,0.7189103558064659,0.24485860179894764,8,0.02744208823289326,0.12552755423547662,0.01363981170080374,0.06670096995203088,0.0010335224110807589,0.029949920926167623,0.00022277668385828274,8,21,0.018116054101757942,0.20053748197946644,False,True,True,1.1535841228894997e-05,COMPLETE
256,0.4173739910125732,2025-04-13 03:39:12.002451,2025-04-13 03:39:30.908175,0 days 00:00:18.905724,0.7043423176362457,0.20680558983140304,8,0.04589960356773563,0.02999097221871894,0.015687906724988043,0.0641830017543657,0.0029187006177361337,0.027861965500489996,0.0001546609065636938,9,27,0.02045353910652093,0.21431201041459547,False,True,True,1.6359623651562135e-05,COMPLETE
257,0.4884519696235657,2025-04-13 03:39:30.998917,2025-04-13 03:39:59.903597,0 days 00:00:28.904680,0.7672657868812331,0.16214983441511566,8,0.03842436252332905,0.019971864052832994,0.009781406122875291,0.06851400693439537,0.0033106430180056884,0.032853104611487646,0.00028512556644950883,23,22,0.023010798840615264,0.19736245926392837,False,True,True,2.091961902442472e-05,COMPLETE
258,0.4779415249824524,2025-04-13 03:39:59.984613,2025-04-13 03:40:18.179418,0 days 00:00:18.194805,0.2697767140846178,0.23641569319775896,8,0.0344780410196853,0.03313484403960695,0.011733938570054534,0.06515595240744501,0.006397863586384821,0.035500768850915146,0.0002630419530018472,8,19,0.02412505241004778,0.20955507155636102,False,True,True,9.50801129759759e-06,COMPLETE
259,0.3542889475822449,2025-04-13 03:40:18.267236,2025-04-13 03:40:35.904319,0 days 00:00:17.637083,0.6911801498459371,0.2020156205945593,8,0.050436088693716255,0.01318617694013963,0.00824366171190363,0.06296750931264414,0.003954475867379565,0.027037273608770278,0.00021625843281624456,7,17,0.025051550161324983,0.1930246466432687,False,True,True,2.1215470274429688e-05,COMPLETE
260,0.18795708417892457,2025-04-13 03:40:35.986234,2025-04-13 03:40:54.465678,0 days 00:00:18.479444,0.8036312986039018,0.14755284558440435,8,0.26871421210655194,0.02762474552404429,0.006742747325230803,0.06662414147171136,0.0027894850644831085,0.029061164094935366,0.00026039735709009224,9,22,0.01991931112999547,0.20319005198043094,False,True,True,1.4733132059641904e-05,COMPLETE
261,0.409468412399292,2025-04-13 03:40:54.547757,2025-04-13 03:41:14.134796,0 days 00:00:19.587039,0.6831314073924863,0.18845623623350954,8,0.04623553916001997,0.03869784631337851,0.014196822157681577,0.06453716573987757,0.006078231634514966,0.03166420309517813,0.00020833407298135757,10,17,0.02155643820244505,0.19527225132581547,False,True,True,1.663590840259931e-05,COMPLETE
262,0.32514724731445316,2025-04-13 03:41:14.217220,2025-04-13 03:41:32.508844,0 days 00:00:18.291624,0.7265232911235111,0.27473491487648927,8,0.05107410214526997,0.020384766514407494,0.010681444900730294,0.06943266604704965,0.0019318707030253949,0.024645099049053043,0.0003678423965706828,8,25,0.026866855298647675,0.20659117049018716,False,True,True,2.3089141872509365e-05,COMPLETE
263,0.42004625797271733,2025-04-13 03:41:32.610327,2025-04-13 03:41:50.157611,0 days 00:00:17.547284,0.6682830915611337,0.13685123957315054,8,0.0360009299457813,0.02800634274369219,0.009530621562887302,0.062158176983350064,0.02594998470934658,0.05549066383319265,0.00017902936507448321,7,20,0.017978700334452848,0.2145135982119057,False,True,True,2.1882296636833876e-05,COMPLETE
264,0.3919930934906006,2025-04-13 03:41:50.240777,2025-04-13 03:42:09.224208,0 days 00:00:18.983431,0.7386642177463252,0.2203289231701781,8,0.04421951924979671,0.035756925111755586,0.005208507334139011,0.06720331511032589,0.004723855348919837,0.022876181627541303,0.00012396986387015795,9,15,0.023121818743000584,0.20049524509110708,False,True,True,6.795686473910801e-05,COMPLETE
265,0.2192766308784485,2025-04-13 03:42:09.309390,2025-04-13 03:42:26.214773,0 days 00:00:16.905383,0.7059892066922007,0.25907779563627664,8,0.05246143247710294,0.22766860186368768,0.012576963542604305,0.06377850867789514,0.0075618961491177,0.02837730130359699,0.0004270818175991522,6,54,0.02533452026605087,0.1905150028267587,False,True,True,1.002130002574011e-05,COMPLETE
266,0.19489527940750123,2025-04-13 03:42:26.299472,2025-04-13 03:42:44.405982,0 days 00:00:18.106510,0.6049994189897533,0.16773318223909175,8,0.038260122884028455,0.020782630350037683,0.007100745023421221,0.024081548747350245,0.004435599439395007,0.03385885852305714,0.0003038497490523602,8,19,0.027249249146950663,0.20812830566054943,False,True,True,2.5543716377878624e-05,COMPLETE
267,0.3964958548545837,2025-04-13 03:42:44.490175,2025-04-13 03:43:03.811675,0 days 00:00:19.321500,0.6860988870310349,0.19420398931768468,8,0.028323791785826613,0.011977727303618941,0.008866219874196246,0.0661317631246269,0.001132692131589924,0.02966840679890083,0.000251621712529618,10,11,0.023060705072584356,0.20182198456104786,False,True,True,1.7409122208148744e-05,COMPLETE
268,0.18833197355270387,2025-04-13 03:43:03.906570,2025-04-13 03:43:31.059099,0 days 00:00:27.152529,0.6580846934485876,0.1163102250087995,8,0.203161314761643,0.031007285254093513,0.016592592051869807,0.06117124490542978,0.00307564006459012,0.019162759409183782,0.00046728814860139465,21,15,0.018983888298235677,0.21575781284581547,False,True,True,5.273625768371014e-05,COMPLETE
269,0.32693274617195134,2025-04-13 03:43:31.145031,2025-04-13 03:43:50.206855,0 days 00:00:19.061824,0.6096467067412926,0.21633030766049918,8,0.0424460367387787,0.024714325550014876,0.01185248885201028,0.07022472030933051,0.0011307324353395818,0.02741639193370807,0.0003404216795703035,9,23,0.021082287591297023,0.19463012407848052,False,True,True,3.3594064375216296e-05,COMPLETE
270,0.37582260370254517,2025-04-13 03:43:50.292464,2025-04-13 03:44:08.039097,0 days 00:00:17.746633,0.6316525542488308,0.2356812148155636,8,0.05739484857975688,0.016472621199019488,0.006066932682884121,0.06453377664711339,0.006558695608326974,0.03006941482139125,0.00044836212918834785,7,28,0.025186228594237466,0.21121785305842836,False,True,True,1.4107866154548964e-05,COMPLETE
271,0.41100689172744753,2025-04-13 03:44:08.124390,2025-04-13 03:44:24.334145,0 days 00:00:16.209755,0.65803172680271,0.16366626481225402,8,0.04864765200667323,0.04068443695854404,0.01421346188891265,0.06791707952432371,0.004774283581377167,0.042158884497941265,0.00027249568838269166,5,17,0.027551381422132235,0.1879705846596513,False,True,True,6.2068578777993935e-06,COMPLETE
272,0.18954700231552124,2025-04-13 03:44:24.419195,2025-04-13 03:44:42.383799,0 days 00:00:17.964604,0.6153214973501163,0.17882125706678834,8,0.03380776657407654,0.034260267611608254,0.004122624652173097,0.018019032584415638,0.001053860531083943,0.024541720365113314,0.0003692066946538688,8,13,0.017151991582909185,0.20320889152199936,False,True,True,4.521662598714645e-05,COMPLETE
273,0.38124167919158936,2025-04-13 03:44:42.479434,2025-04-13 03:45:01.191580,0 days 00:00:18.712146,0.5926616338864721,0.1346391910536758,8,0.023904356008748094,0.02500843490712473,0.009769760558445374,0.062117963387903326,0.00716691744373729,0.002339143912027461,0.00021215219259215022,9,9,0.02431087639640618,0.19864031434612311,False,True,True,2.6590073222894424e-05,COMPLETE
274,0.20492682456970218,2025-04-13 03:45:01.279157,2025-04-13 03:45:18.019730,0 days 00:00:16.740573,0.7067233836318932,0.19705391414425702,8,0.05439827545672791,0.018200798679609786,0.00813962697805163,0.03411618980691873,0.003784875487197165,0.02638692581249559,0.00029657334618636154,6,21,0.029650217563961228,0.20763798701916658,True,True,True,3.7858200473340243e-06,COMPLETE
275,0.18795708417892457,2025-04-13 03:45:18.107303,2025-04-13 03:45:37.713907,0 days 00:00:19.606604,0.6722274952881067,0.21173921378924881,8,0.041058264618349154,0.1572836702554479,0.00612924791730354,0.06555759013343415,0.022907675363713173,0.022631609797591122,0.0004764538495910327,10,26,0.022058150070781653,0.19480685430560163,False,True,True,2.0668272419414147e-05,COMPLETE
276,0.37069839239120483,2025-04-13 03:45:37.802897,2025-04-13 03:45:55.341835,0 days 00:00:17.538938,0.36012032166353575,0.1522066793502297,8,0.048237472778897734,0.029854443698963305,0.011548646447099423,0.06002524975151081,0.005366915268379897,0.03712819579510152,0.00016805994577251334,7,17,0.026412918386664812,0.19120215203667668,False,True,True,3.121661757358989e-05,COMPLETE
277,0.5635221481323243,2025-04-13 03:45:55.429911,2025-04-13 03:46:14.407706,0 days 00:00:18.977795,0.6468903646711623,0.25771474796610233,8,0.05379984485865883,0.010103768726610961,0.008078747878694878,0.0624653441555088,0.008391265496335471,0.030895560746235787,0.00024098378123649873,9,14,0.020195047799566573,0.21319103953060883,False,True,True,6.64512628493739e-05,COMPLETE
278,0.5601157784461975,2025-04-13 03:46:14.505618,2025-04-13 03:46:33.362303,0 days 00:00:18.856685,0.6426730507211084,0.24914523404194405,8,0.059191756868560375,0.011059403916396426,0.009382453046354218,0.06245322547617134,0.007360237440766286,0.03141510136596087,0.00022579689817508038,9,13,0.02006334146810311,0.21827477051659494,False,True,True,6.439137732827305e-05,COMPLETE
279,0.2583368539810181,2025-04-13 03:46:33.451935,2025-04-13 03:46:52.451642,0 days 00:00:18.999707,0.6438754371238378,0.26126778889583535,8,0.058702458470867275,0.03894338308403315,0.010027810496523258,0.0631621673843619,0.008051580593840424,0.031419896129871235,0.0001911180120891658,9,100,0.019196777072418073,0.2284018340144353,False,True,True,6.481341230965486e-05,COMPLETE
