number,value,datetime_start,datetime_complete,duration,params_alpha-eval,params_alpha-train,params_batch-size,params_eps-eval,params_eps-train,params_lambda-actions-eval,params_lambda-actions-train,params_lambda-frames-eval,params_lambda-frames-train,params_learning-rate,params_n-epochs,params_n-frames,params_radius-gw,params_rho,params_std-feats,params_ub-actions,params_ub-frames,params_weight-decay,state
728,0.3421235203742981,2025-04-13 06:24:44.523283,2025-04-13 06:25:09.267927,0 days 00:00:24.744644,0.8007937247402613,0.04517924275151551,8,0.010697741672442085,0.007001349641614274,0.001018408678855132,0.0959560669226823,0.01340279150807857,0.06321915637852928,0.0001603196366202988,17,27,0.0031710329677388134,0.05078485695907596,False,True,True,0.00018060780175468012,COMPLETE
729,0.46276617050170904,2025-04-13 06:25:09.507889,2025-04-13 06:25:34.583617,0 days 00:00:25.075728,0.8135498189398084,0.4431684687205257,8,0.025730426958868912,0.015632849101431527,0.00416548262343227,0.09300169951742089,0.015758557706349288,0.0635123703482289,7.793048162576066e-05,18,37,0.00873115330677682,0.022915310517415573,False,True,False,0.00012410033022025797,COMPLETE
730,0.18795708417892457,2025-04-13 06:25:34.828059,2025-04-13 06:25:59.310742,0 days 00:00:24.482683,0.941323667344361,0.11846594010792892,8,0.029600498748308952,0.005796543893017993,0.007714171305961028,0.09214866042948465,0.009457225368457549,0.06684661475320332,9.973192712766305e-05,17,33,0.005089570703786829,0.08293284634556464,True,True,True,0.00027486806129543986,COMPLETE
731,0.46859700679779054,2025-04-13 06:25:59.540140,2025-04-13 06:26:23.174944,0 days 00:00:23.634804,0.7940142564607326,0.02284647573117647,8,0.01761243845680446,0.021804482168122304,0.0030893119332541397,0.09582511265028366,0.011334308031937222,0.06636784172234429,0.0001261779667789047,16,30,0.009968178035548454,0.06399500906972365,False,False,True,0.00021092533011794282,COMPLETE
732,0.23012657165527345,2025-04-13 06:26:23.416526,2025-04-13 06:26:48.090149,0 days 00:00:24.673623,0.8324338226005097,0.05334035218926834,8,0.008056946997983056,0.00011235586619549182,0.005876920122460842,0.0973172952799767,0.009160330206065066,0.06827353181708191,0.06689273503316136,17,27,0.0075863788614997495,0.014997383288739626,False,True,True,0.0001642453147517838,COMPLETE
733,0.20005105733871462,2025-04-13 06:26:48.320121,2025-04-13 06:27:12.227288,0 days 00:00:23.907167,0.811687695367814,0.10293989204909842,8,0.02275880400999988,0.01061503341467288,0.002754313322516887,0.02876101994307575,0.01452594145744088,0.061406104533203526,5.7952230399243876e-05,16,30,0.010906154149450693,0.044172729333030535,False,True,True,0.00025973027142829814,COMPLETE
734,0.34283159971237187,2025-04-13 06:27:12.469035,2025-04-13 06:28:10.140731,0 days 00:00:57.671696,0.7935572121173164,0.011599831025836019,2,0.02949087791415077,0.027056001532468607,0.004687573826085836,0.09366903297634492,0.034493927734507955,0.062145135599444574,0.00017573435828536783,15,36,0.005188757423823158,0.0659627681978449,False,True,True,0.0001297008608738633,COMPLETE
735,0.5264633536338806,2025-04-13 06:28:10.385833,2025-04-13 06:28:34.294707,0 days 00:00:23.908874,0.8204075693595151,0.07937622121717514,8,0.013016162363287839,0.014915446620809463,0.006925311190722041,0.0904998027460117,0.009007346931614396,0.061229427437477446,0.00013620782774099609,16,26,0.0030584367521865573,0.04337920943180412,False,True,True,0.00018796050947113516,COMPLETE
736,0.18795708417892457,2025-04-13 06:28:34.524857,2025-04-13 06:28:59.415530,0 days 00:00:24.890673,0.9679716292227984,0.0602770414951917,8,0.020079202188046173,0.006906405769922805,0.0026772100004326792,0.09131331700885953,0.011284771479943263,0.06891735129256174,0.00010546950800128473,18,27,0.00707329576688056,0.0701362632545083,False,True,True,0.00030044408718259765,COMPLETE
737,0.43492558002471926,2025-04-13 06:28:59.663130,2025-04-13 06:29:23.065887,0 days 00:00:23.402757,0.7872583025395302,0.0920213653730112,8,0.03199677275594898,0.0199490759243143,0.03872366760642565,0.09989644150233544,0.009802720368032352,0.049086093268388475,0.0001904879045073125,15,82,0.012271083722128377,0.05991681369054868,False,True,True,2.2976567230405195e-07,COMPLETE
738,0.5961152076721192,2025-04-13 06:29:23.301414,2025-04-13 06:29:41.184412,0 days 00:00:17.882998,0.8398486993762198,0.031703974344872474,16,0.024191242804237373,0.010286008151525855,0.004508185776879957,0.08953692468474035,0.00826190477796932,0.046704580874712194,0.00015102595790000744,16,32,0.009176398696428322,0.026348941938596396,False,True,True,0.0002213305354518574,COMPLETE
739,0.5968918561935425,2025-04-13 06:29:41.426382,2025-04-13 06:29:58.842878,0 days 00:00:17.416496,0.8367091609587727,0.12291587691072142,16,0.02868570350107169,0.005886658749820762,0.004041798626951671,0.08857838529338466,0.008315826739256236,0.07152300978926414,0.00015755898950369545,15,32,0.010313416427987589,0.06988867401377624,False,True,True,0.0002485793136938498,COMPLETE
740,0.5892884850502014,2025-04-13 06:29:59.088975,2025-04-13 06:30:17.007381,0 days 00:00:17.918406,0.8414031805497054,0.11522788547594444,16,0.027910039516019922,0.005340526349296091,0.033361253602793545,0.08900975073059027,0.008200601070248248,0.07531567581167381,0.0001537963349235795,15,35,0.0094498165259098,0.07625481152222513,False,True,True,0.00041208400797734416,COMPLETE
741,0.429327654838562,2025-04-13 06:30:17.241963,2025-04-13 06:30:34.964307,0 days 00:00:17.722344,0.8441006410852396,0.12216396352153416,16,0.033243663868791566,0.004719817603762486,0.004440555881671223,0.08903682626284366,0.00886480392327862,0.0704081566364423,0.00015640517109843601,15,42,0.009120270554081877,0.08627246400607666,False,True,True,0.00039050654231930024,COMPLETE
742,0.18482319712638856,2025-04-13 06:30:35.217656,2025-04-13 06:30:52.645929,0 days 00:00:17.428273,0.8439400772645607,0.11431719009904383,16,0.02526990322959266,0.09018289527079325,0.004347347747539534,0.08914419894490754,0.008985820564050402,0.07211915026196122,0.0001701324859229968,15,35,0.009491563979216366,0.07674986788146816,False,True,True,0.0004606126999264915,COMPLETE
743,0.23082928657531737,2025-04-13 06:30:52.880514,2025-04-13 06:31:10.347337,0 days 00:00:17.466823,0.8605536137714273,0.1347646388338074,16,0.02859214614012135,0.005870911809499934,0.0330535125855388,0.09088431749296373,0.0080870480042144,0.07365241670655104,0.00014596412252338464,15,38,0.008411931855082593,0.08366424134582838,False,True,True,0.00023959226500331305,COMPLETE
744,0.4460816383361817,2025-04-13 06:31:10.592799,2025-04-13 06:31:27.882797,0 days 00:00:17.289998,0.8434500781292265,0.5087477018909355,16,0.033746801074057906,0.0004416284235675427,0.0026533461646307786,0.08808634538186089,0.00832057861198947,0.07555555779120043,0.0001924422521567915,14,35,0.011231102990013469,0.08637268040033166,False,True,True,0.00023614379402516825,COMPLETE
745,0.3801072835922241,2025-04-13 06:31:28.129800,2025-04-13 06:31:45.824670,0 days 00:00:17.694870,0.8668228283759881,0.13468497913220598,16,0.02545809677693211,0.005770915119334549,0.030414770675133266,0.09213860416235962,0.009992097190980423,0.07276242695955248,0.00014135023440695776,15,39,0.009932193760336936,0.07625437217308832,False,True,True,0.0005404553844200452,COMPLETE
746,0.42949621677398686,2025-04-13 06:31:46.056445,2025-04-13 06:32:03.747621,0 days 00:00:17.691176,0.8353447032337757,0.10701182577705418,16,0.021512876259005206,0.0062931976044620615,0.02807124098276667,0.08962882153636983,0.012323255561731115,0.0714101076571177,0.00019098672129612236,15,37,0.012329210701334324,0.07090520370724503,False,True,True,0.00032799607963749164,COMPLETE
747,0.3991739392280579,2025-04-13 06:32:03.996845,2025-04-13 06:32:23.342496,0 days 00:00:19.345651,0.827714198146546,0.12446245254352509,16,0.034689134977207506,0.0004673247381774357,0.004917562230344776,0.08784063583203261,0.008039799237988279,0.07679901174745046,0.00015870422802487716,19,31,0.007881375268608826,0.05717578886362561,False,True,True,0.00020766344852204995,COMPLETE
748,0.35811538696289064,2025-04-13 06:32:23.577243,2025-04-13 06:32:40.647262,0 days 00:00:17.070019,0.8683802302839161,0.10555313231620388,16,0.021232277102401057,0.010286092102900234,0.002706090541866904,0.09118496457611319,0.03865407239713861,0.07060385972085059,0.00013403647507931733,14,34,0.0049126497577281734,0.0778910989875211,False,True,False,0.0002735238445083072,COMPLETE
749,0.18795708417892457,2025-04-13 06:32:40.894067,2025-04-13 06:32:58.472091,0 days 00:00:17.578024,0.8325633502131631,0.12938859057492502,16,0.030333838153952387,0.23812017407681804,0.048367485278416784,0.09282563345900705,0.010088436765853531,0.07366983368457913,0.00016351097993244922,15,34,0.009672812614383186,0.06867998750837181,True,True,True,0.00038175349084754493,COMPLETE
750,0.16555207371711733,2025-04-13 06:32:58.724698,2025-04-13 06:33:15.871874,0 days 00:00:17.147176,0.8532688844503119,0.09439860341952068,16,0.17333351659493657,0.21548272008847508,0.0595603844963279,0.0883552617007063,0.008333102631512875,0.07517840097060652,0.00013030674530425915,14,34,0.00737940171122037,0.02660324883724035,False,False,True,0.00018683420718038933,COMPLETE
751,0.18795708417892457,2025-04-13 06:33:16.108757,2025-04-13 06:33:33.143908,0 days 00:00:17.035151,0.8188723554309468,0.06674052226864614,16,0.14982803162305686,0.0001660297202486314,0.005607609937055244,0.09026709437065056,0.012354992485579658,0.06875214136434929,1.7220737837364985e-05,14,32,0.012821142333888785,0.07301470866622929,False,True,True,0.0002471353898305215,COMPLETE
752,0.5789748191833497,2025-04-13 06:33:33.391828,2025-04-13 06:33:51.654955,0 days 00:00:18.263127,0.8335051770978422,0.10998089167827613,16,0.02670662814028198,0.008801866591468374,0.034921786501951727,0.08965556337681635,0.007611774422104883,0.04912139391366647,0.00019336558977996754,16,32,0.005464825183366285,0.08145661748281781,False,True,True,0.00045475846773494776,COMPLETE
753,0.43064355850219727,2025-04-13 06:33:51.891447,2025-04-13 06:34:10.074713,0 days 00:00:18.183266,0.3314737851521987,0.12107130278039499,16,0.01765528871470211,0.005231675521235865,0.03363731091164374,0.08675289364203627,0.01043222069208422,0.06773867016735621,0.0001991950798337512,16,39,0.00384679166610399,0.07762568537281103,False,True,True,0.0006534845819650857,COMPLETE
754,0.4141105055809021,2025-04-13 06:34:10.322195,2025-04-13 06:34:28.891521,0 days 00:00:18.569326,0.837459883416336,0.09843455531101468,16,0.02503836724951396,0.009960279520429645,0.03841271723016933,0.0929407675211697,0.00784259785529382,0.0703982252703543,0.00019753894061384092,17,42,0.003048480042916279,0.08219218200945193,False,True,True,0.00039258048821776023,COMPLETE
755,0.3913905620574951,2025-04-13 06:34:29.142892,2025-04-13 06:34:47.204543,0 days 00:00:18.061651,0.8566053951624378,0.10882529173273496,16,0.017405739263321826,0.005328111774705916,0.042237983062911266,0.0877596011404401,0.029129423423731607,0.05045545929502672,0.00012091077961620804,16,36,0.004635365181728192,0.06878753355035802,False,True,True,0.000586226217278175,COMPLETE
756,0.3171649694442749,2025-04-13 06:34:47.442532,2025-04-13 06:35:05.539448,0 days 00:00:18.096916,0.8732970678261871,0.13418875273143802,16,0.023808567479611003,0.009917061233474486,0.04662610806617919,0.09026180198548195,0.007705676291719703,0.07526814917945485,0.0001522476832037839,16,34,0.0061484835733224205,0.09282241301882616,False,True,True,0.00042429090525899127,COMPLETE
757,0.34643765687942507,2025-04-13 06:35:05.789850,2025-04-13 06:35:24.309018,0 days 00:00:18.519168,0.8297076153038928,0.6864619567798171,16,0.03698014757700265,0.00030375296659227845,0.0011280049649362882,0.09422100358603654,0.010499367820270495,0.07128835505082416,0.00012951588811230497,17,59,0.005993141204362342,0.08963580501694764,False,True,True,0.0005394483744705425,COMPLETE
758,0.1868457794189453,2025-04-13 06:35:24.561800,2025-04-13 06:35:42.586378,0 days 00:00:18.024578,0.8462537996398101,0.1362892324090231,16,0.035201687292925006,0.010886227047971686,0.05268776260117754,0.08554616473637121,0.007493592793335433,0.05373697188809919,0.00016642676211367166,16,33,0.007700118467763727,0.06657809810126254,False,True,True,0.00046386213040501843,COMPLETE
759,0.43548461198806765,2025-04-13 06:35:42.824378,2025-04-13 06:36:00.338850,0 days 00:00:17.514472,0.818475521127781,0.08178974848878084,16,0.028736390152661273,0.005467460478525645,0.06820056012486983,0.09145857699177427,0.013695058625914882,0.056332896679968776,0.0001139271890632643,15,32,0.001068365047220049,0.09985866181337165,False,True,True,0.0003387933454341188,COMPLETE
760,0.4198577761650085,2025-04-13 06:36:00.591202,2025-04-13 06:36:18.470681,0 days 00:00:17.879479,0.806146758241828,0.10497464511898161,16,0.0197536262867465,0.005237111007339481,0.004002482486542425,0.08818668769108776,0.009976825046587775,0.049744772334351775,0.00019115870111527077,16,36,0.0033140007231446133,0.003016189748350079,False,True,True,0.00018096502154161823,COMPLETE
761,0.434839940071106,2025-04-13 06:36:18.711233,2025-04-13 06:36:37.174514,0 days 00:00:18.463281,0.8347278840985694,0.11682884049870872,16,0.02658733868661475,0.011077079229643537,0.0366383456686485,0.08562887614917357,0.008044687154231275,0.05991948385490024,0.00013476784175079314,17,31,0.005429366387325712,0.09528829766769553,False,True,True,0.0003008867444474211,COMPLETE
762,0.4429595708847046,2025-04-13 06:36:37.426619,2025-04-13 06:36:55.077060,0 days 00:00:17.650441,0.8720928947163402,0.07724237990916455,16,0.015221781382797318,0.0056896724642276335,0.0233047460030648,0.0894004529811348,0.011487108264122064,0.07787950905980234,9.850165457329881e-05,15,30,0.008146142307505494,0.07981635404524177,False,True,True,0.0002050581549572798,COMPLETE
763,0.4108544111251831,2025-04-13 06:36:55.330553,2025-04-13 06:37:13.011318,0 days 00:00:17.680765,0.8169728232093618,0.09878947398195398,16,0.03720920570935314,0.0002847460098470005,0.006459548492103371,0.0920164749373975,0.007265991267309851,0.06625647391084234,0.0001460735234275168,15,39,0.010759131839705265,0.027615535751402614,False,True,True,0.0001642271942734181,COMPLETE
764,0.3560657501220703,2025-04-13 06:37:13.253365,2025-04-13 06:37:30.086721,0 days 00:00:16.833356,0.8506765761804755,0.13824555411511935,16,0.021062978139770823,0.013296075497675428,0.002881934427103729,0.08712828065586778,0.047883896402052345,0.05014777892338146,0.00020245298290154118,13,33,0.0033025462974836423,0.07176227122373935,False,True,True,0.00022738506473288895,COMPLETE
765,0.40312646627426146,2025-04-13 06:37:30.337935,2025-04-13 06:37:48.274085,0 days 00:00:17.936150,0.8008408939727025,0.08593857310047205,16,0.03091063456336819,0.010872435941011498,0.027314360336866628,0.09400176815758768,0.009397486377602904,0.04057389309453778,0.00011470025992215224,16,29,0.013609366465879779,0.011054968771377717,False,True,True,0.0004581417319054441,COMPLETE
766,0.5847391605377197,2025-04-13 06:37:48.515154,2025-04-13 06:38:07.349872,0 days 00:00:18.834718,0.8274239534135324,0.11463219419397801,16,0.02457279560048986,0.006120424888109849,0.044568399602083066,0.08962184991071799,0.007227298801412408,0.047246045824480845,0.00016534759377843965,18,32,0.005932110045695032,0.0847963554444954,False,True,True,0.0003205578878974745,COMPLETE
767,0.20221691131591799,2025-04-13 06:38:07.605650,2025-04-13 06:38:26.414611,0 days 00:00:18.808961,0.8367271021822096,0.12151264238804724,16,0.03417215618643682,0.00010434777736483339,0.034727862129521093,0.09118691409542205,0.07067846136158676,0.04687032012855993,0.00017213201306536747,19,32,0.004833629078732416,0.08361486327335771,False,True,True,0.00037831492411888296,COMPLETE
768,0.17423574924468993,2025-04-13 06:38:26.668872,2025-04-13 06:38:45.325354,0 days 00:00:18.656482,0.869658779175313,0.14322791126032464,16,0.026648406265132686,0.15572552288166086,0.0548564197236474,0.08959626201171428,0.01260253116075966,0.04704184069351304,0.00020369679366934507,18,37,0.0027073501941508433,0.07939809039369762,True,True,False,0.0001665196817098651,COMPLETE
769,0.18795708417892457,2025-04-13 06:38:45.566989,2025-04-13 06:39:04.165100,0 days 00:00:18.598111,0.7978370078362444,0.11728028751748797,16,0.28919170059577337,0.014923194239436431,0.031201397672127033,0.0931473173115658,0.01028324094968498,0.0724432524723931,0.00016518611817047717,18,36,0.006504206617154753,0.08724031979518265,False,True,True,0.00013929236088693438,COMPLETE
770,0.1789617955684662,2025-04-13 06:39:04.422190,2025-04-13 06:39:22.948301,0 days 00:00:18.526111,0.8512060486388714,0.0655201660352249,16,0.03959182613739094,0.010414061325300525,0.05290928660671207,0.020420720952036404,0.014760503118599663,0.04207822018886809,0.00012859682459244188,18,41,0.005344396023732901,0.07456708520129823,False,True,True,0.0006631076046843929,COMPLETE
771,0.46305053234100346,2025-04-13 06:39:23.204096,2025-04-13 06:39:41.339814,0 days 00:00:18.135718,0.8244677589365105,0.1306181166938347,16,0.030224397619725334,0.006084129202764481,0.04721162703150676,0.0948609107957828,0.007921778665054353,0.06488571424913908,0.00010121478926871673,17,32,0.006854941388556881,0.10611492889792029,False,False,True,0.0002780531388084467,COMPLETE
772,0.584202229976654,2025-04-13 06:39:41.581769,2025-04-13 06:40:01.072697,0 days 00:00:19.490928,0.7913520708208422,0.08687649618790882,16,0.024115222301112925,0.015461170322189098,0.03931693712570212,0.09108002729184518,0.0179173130368553,0.046854912121535315,0.00015811146014796187,20,35,0.002791723306131838,0.09139839518405006,False,True,True,0.00036290839131114126,COMPLETE
773,0.41000837087631226,2025-04-13 06:40:01.328331,2025-04-13 06:40:19.783063,0 days 00:00:18.454732,0.7750479588965529,0.08987261106021766,16,0.03615851758623,0.005875937781391911,0.03962267410944162,0.0912806683167068,0.01844666807715685,0.05143359046281973,0.00020123789796378482,17,43,0.0011659964115453706,0.062310746943183865,False,True,True,0.0005051170237951681,COMPLETE
774,0.42543843984603885,2025-04-13 06:40:20.026731,2025-04-13 06:40:38.541559,0 days 00:00:18.514828,0.7949303943528312,0.11006590665474666,16,0.02778004853067428,0.013669484958544387,0.042976135493202235,0.08935491049897366,0.016194195986954887,0.04366015305598407,0.00018282880222911558,17,39,0.0032623772878854823,0.09170299799713283,False,True,True,0.0003995195110378151,COMPLETE
775,0.39391325712203984,2025-04-13 06:40:38.799356,2025-04-13 06:40:57.926856,0 days 00:00:19.127500,0.7898943882872601,0.08354340007525135,16,0.04274023725235383,0.00039984730788601795,0.03529488414275322,0.09213797678873628,0.021967421571986757,0.04002079922797386,0.00011771252291021932,19,35,0.0010380338715542106,0.09818782735511086,False,True,True,0.00038037074586572497,COMPLETE
776,0.3434486508369446,2025-04-13 06:40:58.184663,2025-04-13 06:41:17.500353,0 days 00:00:19.315690,0.8323838735073618,0.10503594505520499,16,0.0323660162105997,0.011081563707212402,0.037137547483192285,0.08699737890001408,0.007392389416202931,0.04790098902264167,0.0001589078430692489,19,46,0.002929274956608038,0.08830417990329381,False,True,True,0.0003268971001759726,COMPLETE
777,0.3842307567596436,2025-04-13 06:41:17.744060,2025-04-13 06:41:37.910455,0 days 00:00:20.166395,0.7872394368333385,0.13856448461915782,16,0.024700245387929,0.015838466050467452,0.03869204957423214,0.08981149303221483,0.017361110429826822,0.07021725526027292,0.00014221431477062064,22,36,0.0033269527019492455,0.08327755585280047,False,True,True,0.0003197230671312817,COMPLETE
778,0.18795708417892457,2025-04-13 06:41:38.168316,2025-04-13 06:41:57.191879,0 days 00:00:19.023563,0.8114060007400774,0.07496076882946552,16,0.1945607960532073,0.005397173900345186,0.04435632652301498,0.08860803797575345,0.012328549664543838,0.04456898254030169,9.827677076496421e-05,20,33,0.004926899997626045,0.08499518941273332,False,True,True,0.0006135425146188984,COMPLETE
779,0.42917436361312866,2025-04-13 06:41:57.451588,2025-04-13 06:42:16.455548,0 days 00:00:19.003960,0.8478294863895657,0.11391927097479486,16,0.024377405603662406,0.010460211339775422,0.044769169815642336,0.08456210475108678,0.006727051836840187,0.05873767405574559,0.0001751912440820706,19,39,0.001081437973085575,0.08929660795716451,False,True,True,0.00047808576611348716,COMPLETE
780,0.18629900217056275,2025-04-13 06:42:16.698763,2025-04-13 06:42:34.751687,0 days 00:00:18.052924,0.8800674470597459,0.0893945328652587,16,0.03801400546898662,0.006387226588959004,0.03363929373041318,0.09194623548426395,0.006649832480454353,0.04172035390568005,0.00011662142484692727,16,36,0.00539321942953512,0.10343015332142055,False,True,True,3.278650378945016e-08,COMPLETE
781,0.43522229194641116,2025-04-13 06:42:35.010527,2025-04-13 06:42:53.183221,0 days 00:00:18.172694,0.778402841987396,0.06325782264027376,16,0.030469025929665744,0.016301354669235654,0.035770022822855255,0.08612260960043679,0.00975263124271874,0.046553346547551104,0.00020740860632674613,16,32,0.01127884443046736,0.09439569966939021,False,True,True,0.00026730397312674134,COMPLETE
782,0.42399317026138306,2025-04-13 06:42:53.442304,2025-04-13 06:43:13.374077,0 days 00:00:19.931773,0.81403575434377,0.1114297141383048,16,0.021643360893229043,0.0003534364348583693,0.049303529010400096,0.09043330581897743,0.014707100783826116,0.048620316412047886,0.000138817151527109,21,30,0.008336274529953593,0.07700267972036078,False,True,True,0.0002142236160780916,COMPLETE
783,0.18795708417892457,2025-04-13 06:43:13.618954,2025-04-13 06:43:32.626701,0 days 00:00:19.007747,0.8573886422475667,0.14157423535219393,16,0.0342253430668548,0.20611718816174657,0.031130194246596028,0.09350393901340007,0.008580228023121252,0.07484253160974666,0.00016074391140407255,20,34,0.004182979938470766,0.070336003602561,False,True,True,0.00034350825510345276,COMPLETE
