number,value,datetime_start,datetime_complete,duration,params_alpha-eval,params_alpha-train,params_batch-size,params_eps-eval,params_eps-train,params_lambda-actions-eval,params_lambda-actions-train,params_lambda-frames-eval,params_lambda-frames-train,params_learning-rate,params_n-epochs,params_n-frames,params_radius-gw,params_rho,params_std-feats,params_ub-actions,params_ub-frames,params_weight-decay,state
505,0.18795708417892457,2025-04-15 01:38:00.453335,2025-04-15 01:38:20.313887,0 days 00:00:19.860552,0.07315398131310771,0.6531068165431858,8,0.19602566942983157,0.010870859150612104,0.05810059753776957,0.006031637225129159,0.009907671931379213,0.0011101592433862013,0.00010984523664347363,8,30,0.036290082493407726,0.01187018750276576,False,False,False,2.5474789950033165e-05,COMPLETE
506,0.3976801514625549,2025-04-15 01:38:20.470304,2025-04-15 01:38:37.594693,0 days 00:00:17.124389,0.035568336794822616,0.6316703127233281,16,0.14529174905423167,0.017959366799414518,0.05474985581966933,0.004458399771593948,0.007674375304263481,0.01654212730387556,7.685127476872584e-05,9,24,0.06046707290425172,0.02464321984862678,False,False,False,1.739820419670509e-05,COMPLETE
507,0.18795708417892457,2025-04-15 01:38:37.753265,2025-04-15 01:38:58.069066,0 days 00:00:20.315801,0.05457610115781583,0.7105198761741026,8,0.0011681401101133193,0.023966487948075238,0.0479093398479765,0.002442305399095092,0.063087543424949,0.011410065856029498,6.590698118469605e-05,9,38,0.05613207963240298,0.03035425229116304,False,False,False,1.9826012805617917e-05,COMPLETE
508,0.27197874784469606,2025-04-15 01:38:58.238658,2025-04-15 01:39:13.944015,0 days 00:00:15.705357,0.09145338502493278,0.6701981975954965,16,0.1524113835340722,0.033967638417258125,0.0570990492643423,0.006244552967283419,0.08915279464708262,0.00875798587576342,9.114386922868388e-05,6,10,0.051518138092518546,0.03851546454954119,False,False,False,5.7258878593773435e-08,COMPLETE
509,0.18795708417892457,2025-04-15 01:39:14.103092,2025-04-15 01:39:56.172239,0 days 00:00:42.069147,0.07288585079031522,0.6142987103626721,2,0.13661615551237544,0.006910371950525961,0.05260716730583889,0.0041163692949152345,0.0703517430486999,0.019460965424339942,5.083686633642172e-05,8,33,0.06705170476434424,0.046374138652285006,False,False,False,3.393287769404986e-05,COMPLETE
510,0.18795708417892457,2025-04-15 01:39:56.344347,2025-04-15 01:40:17.568130,0 days 00:00:21.223783,0.1023555447520755,0.72609016646084,8,0.131499194767634,0.014755329789222798,0.04639616419084141,0.00114617940842791,0.0030844144988477758,0.014604522086591288,0.00011325792561213815,10,27,0.04739197820464812,0.06579006196000992,False,False,False,7.347856347806963e-06,COMPLETE
511,0.4609142899513245,2025-04-15 01:40:17.730727,2025-04-15 01:40:34.073707,0 days 00:00:16.342980,0.03188803884567431,0.5910828063282685,16,0.05674980771861807,0.028167153933630187,0.054868474853384856,0.0010106166769895835,0.0044478265900404785,0.01266541659195107,7.844446885268835e-05,7,22,0.05764316504919472,0.053693231748480265,False,False,False,3.524521254761714e-07,COMPLETE
512,0.36144295930862425,2025-04-15 01:40:34.234747,2025-04-15 01:40:50.792573,0 days 00:00:16.557826,0.05818442315961049,0.6429142579784528,16,0.21038562468580718,0.019691312761808338,0.0506319454142465,0.007161827668112584,0.006257694102108108,0.0028932764721187774,5.9688910614102544e-05,8,19,0.0547386130199732,0.016683539261643766,False,False,False,5.5951772037368985e-05,COMPLETE
513,0.27912946939468386,2025-04-15 01:40:50.963681,2025-04-15 01:41:12.040420,0 days 00:00:21.076739,0.08320285049465925,0.683750205097241,8,0.11076709891201884,0.021609482812936738,0.05881803803454969,0.009034693346564487,0.011950302201846372,0.01739519080859382,3.5011473523212016e-05,9,30,0.03302835365815291,0.04130022739346079,False,False,False,3.526506483333538e-08,COMPLETE
514,0.1779803276062012,2025-04-15 01:41:12.199677,2025-04-15 01:41:27.571614,0 days 00:00:15.371937,0.10735156246795274,0.663460777832564,16,0.1272052815742565,0.010339788527402853,0.04893822076417106,0.004729512290859106,0.00275356373392762,0.010216055186584465,0.00010118682746933364,9,25,0.05904048938198094,0.03350970192350093,True,False,True,4.5178317384021353e-08,COMPLETE
515,0.19343852996826172,2025-04-15 01:41:27.746145,2025-04-15 01:41:45.528709,0 days 00:00:17.782564,0.04860110290021186,0.49392478199402273,8,0.13893307095822602,0.03400378494095128,0.05659869607938532,0.0030787830961710415,0.008117030394790649,0.007307044477190934,7.422556691533022e-05,8,33,0.05361281365935531,0.02794814955431136,False,True,False,4.5450821266471433e-07,COMPLETE
516,0.35521602630615234,2025-04-15 01:41:45.808514,2025-04-15 01:42:08.855403,0 days 00:00:23.046889,0.0755881809357533,0.6264641390220855,16,0.11603944714681559,0.028500302234967724,0.053198949725223744,0.010284424165825083,0.005255279921350964,0.014085236938535955,8.616096185076568e-05,24,28,0.06152988899011426,0.001279170044932998,False,False,False,1.3674447546319555e-05,COMPLETE
517,0.18795708417892457,2025-04-15 01:42:09.015827,2025-04-15 01:42:25.902477,0 days 00:00:16.886650,0.03325966378273041,0.7578751233832648,16,0.126634345917389,0.01580363341859422,0.061709511612782965,0.01376830721602985,0.05172556823183629,0.004404965072666288,0.00012339274545702272,10,51,0.056899749135629674,0.2451002452658675,False,False,False,2.8965786680492665e-05,COMPLETE
518,0.3910161018371582,2025-04-15 01:42:26.074872,2025-04-15 01:42:45.505677,0 days 00:00:19.430805,0.11519202964938875,0.6954913037506781,8,0.1414369305702468,0.02407763476981679,0.045598536215049085,0.006260402029175537,0.07861596472006183,0.012017694900941268,5.3629777846629146e-05,7,37,0.05111148468840328,0.022234223779929785,False,False,False,2.187930583206426e-05,COMPLETE
519,0.18795708417892457,2025-04-15 01:42:45.666368,2025-04-15 01:43:01.835328,0 days 00:00:16.168960,0.09116599854267902,0.5632947439792488,16,0.13105633733447924,0.003154829834525908,0.05161125389490936,0.06272838909067802,0.004124469436824612,0.015848589124884828,0.00014279399308016373,8,24,0.05520560827854588,0.04825189412583583,False,False,False,6.6041129540416e-08,COMPLETE
520,0.18795708417892457,2025-04-15 01:43:02.011232,2025-04-15 01:43:22.408182,0 days 00:00:20.396950,0.0558524918524496,0.6117645808192851,8,0.10857550364740101,0.013185892680295387,0.0563861133927119,0.0029479591509383066,0.0747484047088623,0.008907999152081332,6.804886512178573e-05,9,31,0.059377812149237326,0.038261221464876705,False,False,False,5.422045188314829e-06,COMPLETE
521,0.4817172169685364,2025-04-15 01:43:22.570925,2025-04-15 01:43:39.798169,0 days 00:00:17.227244,0.0700799829656679,0.6506390712253883,16,0.1938159641798307,0.01942653889887276,0.04745588389658068,0.004906617813498057,0.009447129649934575,0.022556744186712736,8.800745059901779e-05,10,27,0.05713048272420733,0.056176866874417475,False,False,False,8.193356233792933e-06,COMPLETE
522,0.3259583473205567,2025-04-15 01:43:39.961535,2025-04-15 01:44:01.716874,0 days 00:00:21.755339,0.08811906907305586,0.6586165104287209,8,0.1939967234395917,0.028142266383946152,0.058858731297402385,0.001035658271025154,0.010148870496228767,0.01895273412739294,4.30342543786986e-05,10,19,0.06229751492203114,0.061911040122270146,False,False,False,6.104060913079756e-06,COMPLETE
523,0.46011717319488527,2025-04-15 01:44:01.891682,2025-04-15 01:44:19.368814,0 days 00:00:17.477132,0.10497839000128754,0.6761515188447803,16,0.20070860055899503,0.03368766650313785,0.054490008255788175,0.007583274245188101,0.013481088567273319,0.0217303588798545,6.482993941954106e-05,10,22,0.0576826399373644,0.06772400778254371,False,False,False,5.365683759810337e-06,COMPLETE
524,0.2876205205917359,2025-04-15 01:44:19.531949,2025-04-15 01:44:35.708822,0 days 00:00:16.176873,0.07676424470246718,0.7075968183414599,16,0.1918966255401195,0.024025066227711507,0.03359662530180665,0.0036905746157618333,0.009485013534941977,0.022795572854155094,8.913295454466899e-05,7,14,0.05938206462580742,0.0592079763904297,False,False,False,3.666296987030079e-05,COMPLETE
525,0.2579514861106873,2025-04-15 01:44:35.886362,2025-04-15 01:44:57.969066,0 days 00:00:22.082704,0.13320567057600488,0.6514256817393496,8,0.22782716430389469,0.2710863640083274,0.04707149076521366,0.004409375464036969,0.008159162854156285,0.020322049527582722,0.029604388816640122,10,26,0.06541887913470172,0.07164121589146727,False,False,False,3.1787001646852117e-07,COMPLETE
526,0.41988893747329714,2025-04-15 01:44:58.133434,2025-04-15 01:45:13.916284,0 days 00:00:15.782850,0.0702955727932025,0.7310820184958956,16,0.19756184918090716,0.019877388132442518,0.05153002013651159,0.005867922819431351,0.012728842527466835,0.005504778101550929,7.50595873406534e-05,6,26,0.05685428909708938,0.055655188881985534,False,False,False,8.122449993929834e-06,COMPLETE
527,0.18795708417892457,2025-04-15 01:45:14.082299,2025-04-15 01:45:40.043253,0 days 00:00:25.960954,0.09872203885463862,0.6954849763805379,8,0.20898979822947988,0.00839099293783268,0.06085271425305656,0.009185366658127692,0.006538802566931396,0.017563275723709575,5.425170132138435e-05,16,22,0.0612246327040441,0.05245478096369122,False,False,False,9.093239475170416e-06,COMPLETE
528,0.18795708417892457,2025-04-15 01:45:40.219211,2025-04-15 01:45:56.427159,0 days 00:00:16.207948,0.12110492909324927,0.6689914533802628,16,0.2072179361574167,0.00011263387295078805,0.056870268650454685,0.018410479466439172,0.007425146288213923,0.0067290103088678355,8.725675262003089e-05,8,27,0.029671411154939143,0.059513159387891416,False,False,False,7.0648275601833315e-06,COMPLETE
529,0.18795708417892457,2025-04-15 01:45:56.592875,2025-04-15 01:46:44.861802,0 days 00:00:48.268927,0.0672349899103323,0.6480987157841277,2,0.19479014930323313,0.029361602124136098,0.03798913435871483,0.002521072770717384,0.010936740243716566,0.010284699241629119,6.553541175825435e-05,10,48,0.07283923199402047,0.008896321785776554,False,False,False,2.6845287531510504e-07,COMPLETE
530,0.4521679282188416,2025-04-15 01:46:45.039260,2025-04-15 01:47:01.254903,0 days 00:00:16.215643,0.03442580366555558,0.5769664717549986,16,0.20477908932240033,0.014012783659370169,0.049172316499526476,0.012308300133000423,0.002499597597488002,0.013266288705321962,9.89579270475171e-05,7,24,0.05556571348441095,0.046761000953318296,False,False,False,5.794535102937115e-06,COMPLETE
531,0.2636357069015503,2025-04-15 01:47:01.422707,2025-04-15 01:47:22.265306,0 days 00:00:20.842599,0.08704966349255946,0.6279765220258839,8,0.20045424984438898,0.1532993572892147,0.045048377690109144,0.007097594110020602,0.003956006638030694,0.011205580191886803,4.85804499295312e-05,9,17,0.058190247663756266,0.052494889429757614,False,False,False,4.010492120892663e-06,COMPLETE
532,0.4179227113723755,2025-04-15 01:47:22.444703,2025-04-15 01:47:47.951591,0 days 00:00:25.506888,0.058296245041552876,0.6045445388340859,16,0.11565601165194545,0.02110146962934226,0.053705663204345055,0.07276137197395488,0.005734579886033171,0.00852032381811876,7.83318151620563e-05,30,29,0.05370575530791055,0.04355190060226129,False,False,False,1.0422202988233374e-05,COMPLETE
533,0.16913928389549257,2025-04-15 01:47:48.117650,2025-04-15 01:48:06.761571,0 days 00:00:18.643921,0.11806334537252948,0.6743440924964516,8,0.21502880413914174,0.02587776735913972,0.05849148523301958,0.004401580026940233,0.0011121267593500882,0.01996289945713072,6.044063409260786e-05,9,20,0.06019257379996106,0.17409913203522037,True,False,True,4.374754213868297e-06,COMPLETE
534,0.19414436221122744,2025-04-15 01:48:06.928829,2025-04-15 01:48:21.673995,0 days 00:00:14.745166,0.08251177879506691,0.6425963557658958,16,0.12101353708826486,0.03451312411218738,0.051295080873699175,0.0026190326513191907,0.009203374088411882,0.02230542807055231,0.00011275192226548067,8,44,0.05685888224270252,0.05723524107045575,False,True,False,7.335895507932209e-08,COMPLETE
535,0.31464205384254457,2025-04-15 01:48:21.851883,2025-04-15 01:48:38.440873,0 days 00:00:16.588990,0.15206168026721842,0.7099275446751775,16,0.10533690303269198,0.016312726622796703,0.05563677989739009,0.00520961255700528,0.006070762428883198,0.0032676959016938864,8.604150750122334e-05,8,28,0.035648230160231886,0.04900151982163886,False,False,False,5.379424749011555e-08,COMPLETE
536,0.18795708417892457,2025-04-15 01:48:38.606344,2025-04-15 01:48:59.944837,0 days 00:00:21.338493,0.09936202348365121,0.6883396963233211,8,0.19153442100189735,0.009848021830434078,0.04740396639864155,0.01032740809423305,0.004276463552038024,0.014089159885301966,6.994626656037094e-05,10,23,0.09898519743975219,0.042489012950768644,False,False,False,3.3472894032551705e-08,COMPLETE
537,0.39516725540161135,2025-04-15 01:49:00.125282,2025-04-15 01:49:15.901517,0 days 00:00:15.776235,0.051248652317749686,0.7817937987647687,16,0.15142298762951525,0.021566303372272562,0.06075888381936881,0.0010330249185661845,0.008573050041525462,0.06477471355004784,3.275112087788375e-05,6,25,0.054547158286676285,0.015084164309137896,False,False,False,2.3005708917315822e-07,COMPLETE
538,0.460880994796753,2025-04-15 01:49:16.067229,2025-04-15 01:49:37.392297,0 days 00:00:21.325068,0.07146547024257129,0.663947997683266,8,0.11191469800892115,0.03700406870878417,0.05817395119018848,0.007648657645073172,0.007236021427595357,0.017548949564258922,3.914465720010589e-05,9,30,0.058634961296105265,0.049385833346359306,False,False,False,1.0124568897016613e-07,COMPLETE
539,0.4656043887138367,2025-04-15 01:49:37.561970,2025-04-15 01:49:53.735057,0 days 00:00:16.173087,0.039899989100953354,0.619356897027363,16,0.14545024908057785,0.027373761950907207,0.045535413422441655,0.003185513481165623,0.0031697993704429867,0.007023125943904955,0.00013503887350172373,7,27,0.06321825409704065,0.06456088416596403,False,False,False,3.112616883511644e-05,COMPLETE
540,0.43241865634918214,2025-04-15 01:49:53.912231,2025-04-15 01:50:10.454010,0 days 00:00:16.541779,0.10901016425932365,0.5477847459315457,16,0.12379937853220702,0.015588536906930264,0.04215047024994768,0.006381810597760305,0.005081702007046519,0.011491461834435876,5.47708175853604e-05,8,34,0.05585436204071438,0.04015748022184995,False,False,False,2.553403291374361e-05,COMPLETE
541,0.4808084607124329,2025-04-15 01:50:10.623292,2025-04-15 01:50:31.625496,0 days 00:00:21.002204,0.06690825874315684,0.5859524832960745,8,0.12648239763532773,0.005429488348355133,0.049121410031582505,0.014879121797241834,0.0024277257385825956,0.008749546861022002,9.765049118587584e-05,9,20,0.03766126215190296,0.030441273768327098,False,False,False,8.186607832484176e-08,COMPLETE
542,0.481119430065155,2025-04-15 01:50:31.804017,2025-04-15 01:50:53.739415,0 days 00:00:21.935398,0.08828938099359115,0.5895623963935269,8,0.1163236955354505,0.0029978176712575876,0.048235717638286546,0.015263205013619352,0.0023057252956421815,0.005442103218633697,0.0001072789534680043,10,22,0.036505051655020326,0.021732417059368327,False,False,False,8.262869267978321e-08,COMPLETE
543,0.3959466218948364,2025-04-15 01:50:53.907655,2025-04-15 01:51:15.700864,0 days 00:00:21.793209,0.13216667984762132,0.5947744992235061,8,0.11448269829822978,0.004964193701238266,0.04773223392940888,0.010747540171275875,0.00172430249608568,0.00498384785509474,0.00012185769266337179,10,16,0.06091694272628747,0.025283826721839014,False,False,False,8.600384191624079e-08,COMPLETE
544,0.3039421677589417,2025-04-15 01:51:15.884588,2025-04-15 01:51:36.819660,0 days 00:00:20.935072,0.5249273568426293,0.6011547136591244,8,0.09971541712697336,0.008865494319097606,0.0499281816570315,0.014212221675807988,0.001207373747821107,0.0036606313783409576,0.00014799934185504924,9,19,0.038285059612176923,0.02845221813771385,False,False,False,6.699280103277352e-08,COMPLETE
545,0.18795708417892457,2025-04-15 01:51:36.991378,2025-04-15 01:51:58.201818,0 days 00:00:21.210440,0.09480693183319279,0.5821229665826797,8,0.1080215302937023,0.0005060963364125004,0.04972885917436957,0.015970521131358335,0.003033652672026735,0.006287542988532612,0.00010422846179569792,10,12,0.03718626765126801,0.022506661338995163,False,False,False,7.328942353993865e-08,COMPLETE
546,0.4034351110458374,2025-04-15 01:51:58.372000,2025-04-15 01:52:19.204389,0 days 00:00:20.832389,0.11386346563669424,0.6228314999956449,8,0.11838915350695245,0.0034457012761607182,0.046236365693712256,0.013873721605712477,0.003029154448718588,0.0017474686467469991,7.360982709383085e-05,9,8,0.03686321225865776,0.03126903230398019,False,False,False,1.0318137910892906e-07,COMPLETE
547,0.43630551099777226,2025-04-15 01:52:19.385146,2025-04-15 01:52:42.076623,0 days 00:00:22.691477,0.08595389129626478,0.5649624054400801,8,0.12331677006207988,0.007589329509999614,0.04837181790674629,0.016025970618764443,0.09695112485419358,0.00737479723653441,0.00010843230416413966,11,21,0.03374292215086095,0.020002032916159124,False,False,False,7.869674139128739e-08,COMPLETE
548,0.347392201423645,2025-04-15 01:52:42.248752,2025-04-15 01:53:03.439315,0 days 00:00:21.190563,0.06020433780851353,0.6364151509210298,8,0.11472394242277877,0.004469057590886193,0.04485045684448699,0.012651279101237287,0.0010776118320793586,0.00895835741143825,4.43462776800519e-05,10,5,0.03726932368537263,0.028677326374914235,False,False,False,5.67673641930585e-08,COMPLETE
549,0.4984863996505738,2025-04-15 01:53:03.621943,2025-04-15 01:53:24.636696,0 days 00:00:21.014753,0.08994671255431316,0.606434385174042,8,0.1254736320268701,0.005367391343281663,0.05064702598369585,0.01715910084033597,0.00450843954743774,0.0717892158699521,8.543372984613705e-05,9,23,0.038072691680246344,0.034093820454778115,False,False,False,1.0399713136564513e-07,COMPLETE
550,0.18795708417892457,2025-04-15 01:53:24.815611,2025-04-15 01:53:45.345244,0 days 00:00:20.529633,0.035556442841827275,0.5891264693497605,8,0.1303838751659123,0.0007486691167668605,0.05073317437257978,0.015376635145889102,0.0010620308257793748,0.02381709261891016,6.269714844176685e-05,9,18,0.03514840665763695,0.023862183435638937,False,False,False,8.921120881033582e-08,COMPLETE
551,0.18795708417892457,2025-04-15 01:53:45.526785,2025-04-15 01:54:07.009547,0 days 00:00:21.482762,0.10646835166123647,0.6087168078094101,8,0.1369963411951708,0.0005841531186604942,0.04886105875199197,0.01701509660965472,0.003114743635427803,0.0046445515684349434,8.26632848951693e-05,10,21,0.03774391660858203,0.032810897386019625,False,False,False,1.0219402465935504e-07,COMPLETE
552,0.4223676204681397,2025-04-15 01:54:07.181002,2025-04-15 01:54:28.255229,0 days 00:00:21.074227,0.07680822495665332,0.556563241280566,8,0.12766327038823372,0.006790937017719374,0.05171245373197707,0.01889722833854314,0.004328130954032302,0.05849915775490405,5.10392121327241e-05,9,14,0.038511710620106644,0.03307633844275523,False,False,False,6.339903127594196e-08,COMPLETE
553,0.2504431903362274,2025-04-15 01:54:28.441122,2025-04-15 01:54:47.274516,0 days 00:00:18.833394,0.13709984693403832,0.5811392844967853,8,0.12100223722139461,0.006380474590851297,0.04960873810054303,0.018780988639542043,0.002672152359912311,0.06237458449388711,7.401112672709143e-05,9,23,0.03909515286918988,0.02384233428424956,True,False,True,7.487451999441273e-08,COMPLETE
554,0.47688194513320925,2025-04-15 01:54:47.447377,2025-04-15 01:55:11.609805,0 days 00:00:24.162428,0.05666919521179837,0.6059438380472199,8,0.13444620772920957,0.012083534782748772,0.04636404066313223,0.09575561247666377,0.0051843827793874465,0.04181309139122552,0.00012876268272456252,13,18,0.03605826476552551,0.03603838809368656,False,False,False,1.0602874675857638e-07,COMPLETE
555,0.36571925878524786,2025-04-15 01:55:11.782681,2025-04-15 01:55:31.852673,0 days 00:00:20.069992,0.049935166701864875,0.5329889805964949,8,0.14405593743866646,0.010068583779989017,0.04726203136403274,0.09572936731040137,0.0010128654485904,0.04305920457074744,0.0001413425550109298,11,16,0.03231033880144006,0.02994780618478111,False,True,False,1.0063712947827915e-07,COMPLETE
556,0.18795708417892457,2025-04-15 01:55:32.039370,2025-04-15 01:55:57.237620,0 days 00:00:25.198250,0.028385175937289266,0.5968050667843876,8,0.13715240565920028,0.0006134695710971159,0.04394572541835841,0.08923524784507629,0.003976034918597691,0.05131586046140575,0.00012020510030734512,15,18,0.03567628686178671,0.01826027234587701,False,False,False,1.1269291953780573e-07,COMPLETE
557,0.47332756519317626,2025-04-15 01:55:57.411957,2025-04-15 01:56:19.177659,0 days 00:00:21.765702,0.08660328257901884,0.5762258443529901,8,0.13332267028253622,0.010687786131287272,0.046397577532164065,0.09860278132726177,0.006007931012802271,0.07139312362262254,0.0001403440848513798,10,15,0.034686067464168496,0.03443388187949389,False,False,False,8.855579634917806e-08,COMPLETE
558,0.3789824962615967,2025-04-15 01:56:19.363833,2025-04-15 01:56:43.253567,0 days 00:00:23.889734,0.1646508788555423,0.556604965138758,8,0.14162081269505636,0.005450049687298952,0.046368407089418154,0.0975859861395297,0.006748544444609059,0.0371732632187743,0.0001379228735926044,13,14,0.03455348267078178,0.027831041590113095,False,False,False,8.251650319062198e-08,COMPLETE
559,0.38550449609756476,2025-04-15 01:56:43.427946,2025-04-15 01:57:06.018048,0 days 00:00:22.590102,0.0544869282298429,0.5726867866272891,8,0.13372228916284126,0.00450559659345775,0.04357208028121755,0.09995059480340066,0.004903309786184297,0.0763021219618665,0.00015396970311090167,11,15,0.036652150794456564,0.03470559301209808,False,False,False,5.369498747863288e-08,COMPLETE
560,0.3752153396606446,2025-04-15 01:57:06.207104,2025-04-15 01:57:28.794768,0 days 00:00:22.587664,0.4455759607753723,0.5888820441154794,8,0.13966004089403247,0.011036277410713797,0.04038350514590666,0.09162012756545922,0.0059213669385588625,0.0395287639869831,0.00012147865636087783,11,12,0.03145132136819575,0.019899008090780476,False,False,False,7.642415879578289e-08,COMPLETE
