number,value,datetime_start,datetime_complete,duration,params_alpha-eval,params_alpha-train,params_batch-size,params_eps-eval,params_eps-train,params_lambda-actions-eval,params_lambda-actions-train,params_lambda-frames-eval,params_lambda-frames-train,params_learning-rate,params_n-epochs,params_n-frames,params_radius-gw,params_rho,params_std-feats,params_ub-actions,params_ub-frames,params_weight-decay,state
1907,0.38656069040298463,2025-04-15 11:59:24.824671,2025-04-15 11:59:50.274563,0 days 00:00:25.449892,0.4407159069090616,0.3456389874573688,8,0.08269160546194432,0.023137155618856774,0.004763819153121096,0.07979566019621119,0.02588389138717767,0.08111679611414074,0.00013895925368934188,18,23,0.019333906147199646,0.02934818488973706,True,True,True,8.296451074767489e-07,COMPLETE
1908,0.26786949038505553,2025-04-15 11:59:50.890518,2025-04-15 12:00:16.548181,0 days 00:00:25.657663,0.483850909784519,0.2685157590069997,8,0.0837642649021222,0.027625941473922184,0.002746630951971044,0.05036574484060143,0.0390900307039533,0.08298352270154884,9.738116130055188e-05,18,27,0.022008003052261426,0.028358898043865488,True,True,True,1.363018530317166e-06,COMPLETE
1909,0.18795708417892457,2025-04-15 12:00:17.182575,2025-04-15 12:00:42.933509,0 days 00:00:25.750934,0.4576057475685256,0.38284849103093394,8,0.07788514848921721,0.03796143302862932,0.006490685270084664,0.0837317165737785,0.02842289795232545,0.08052185180079964,0.00014517311617956812,19,21,0.019088285896325444,0.025092335094797136,True,True,True,1.033166287364489e-06,COMPLETE
1910,0.555539333820343,2025-04-15 12:00:43.549414,2025-04-15 12:01:09.576286,0 days 00:00:26.026872,0.46601193971017957,0.31710651159974557,8,0.09472019336850006,0.01816596235597567,0.0011319494490767876,0.08323922286340858,0.035927311285745375,0.08461497653750058,0.00010963628209432996,19,24,0.023093696733983947,0.02353386589617726,True,True,True,1.4709642001286483e-06,COMPLETE
1911,0.5174465179443359,2025-04-15 12:01:10.217066,2025-04-15 12:01:36.511446,0 days 00:00:26.294380,0.3998648147896535,0.4146318361930253,8,0.08394630142039858,0.022061228811882577,0.004910375507253578,0.08048926131115632,0.04155583433466546,0.0811752557174134,0.00011996567830673125,19,29,0.024611668618624533,0.022537433650145634,True,True,True,8.799783897342988e-07,COMPLETE
1912,0.3145390033721924,2025-04-15 12:01:37.130117,2025-04-15 12:02:02.584722,0 days 00:00:25.454605,0.4788919416124475,0.3617542144823094,8,0.09062304700545379,0.03392420818438525,0.00685489119339344,0.07913061052312594,0.033057634420702,0.07985405013890576,9.767988357348725e-05,18,27,0.01938283235628252,0.019604730432434547,True,True,True,1.6327243154635045e-06,COMPLETE
1913,0.3997023344039917,2025-04-15 12:02:03.226237,2025-04-15 12:02:29.191534,0 days 00:00:25.965297,0.43965010015890693,0.3342115487088674,8,0.07631560746681844,0.016864331141027613,0.009384350466766117,0.08181740216083441,0.036976151694992625,0.08265601358099513,0.00011956049230946212,19,25,0.020675268816078604,0.037161385656875004,True,True,True,1.1648044529897935e-06,COMPLETE
1914,0.5885051965713501,2025-04-15 12:02:29.811240,2025-04-15 12:02:55.976721,0 days 00:00:26.165481,0.4680775522023973,0.28646046548415,8,0.07437390344989006,0.025469344408135773,0.004025462734916382,0.07905989347566121,0.030701221989765336,0.08476835417517477,0.00012820937593796165,19,28,0.018328845598722214,0.026854193495598443,True,True,True,1.8491940124740423e-06,COMPLETE
1915,0.18795708417892457,2025-04-15 12:02:56.612860,2025-04-15 12:03:22.586535,0 days 00:00:25.973675,0.42783267115753565,0.24467070708219552,8,0.08695092678297289,0.04400632728849803,0.002740174131300908,0.0780293247991808,0.026967434282848094,0.08851130789859542,0.00010683897128275409,19,22,0.02010299774580518,0.03338895584458342,True,True,True,2.002837546181053e-06,COMPLETE
1916,0.335116982460022,2025-04-15 12:03:23.204352,2025-04-15 12:03:48.485301,0 days 00:00:25.280949,0.43321456677179593,0.260518757675314,8,0.07973300021177422,0.03929435527773341,0.004387876397298631,0.07855066503445506,0.028741427238303027,0.08655759905674253,9.963141094446804e-05,18,26,0.02209882700256044,0.038446432713795546,True,True,True,2.3021728859458728e-06,COMPLETE
1917,0.55308518409729,2025-04-15 12:03:49.126425,2025-04-15 12:04:14.715573,0 days 00:00:25.589148,0.46569033561107454,0.2704341629928505,8,0.07745178203332626,0.03488622185412351,0.002721526198444315,0.0787019538142929,0.02512131675749521,0.08729756448382878,0.0001345016094854247,18,24,0.018707203065357492,0.031984306247565715,True,True,True,2.4536030507440896e-06,COMPLETE
1918,0.42243499755859376,2025-04-15 12:04:15.331091,2025-04-15 12:04:41.076080,0 days 00:00:25.744989,0.41474816421320326,0.230213154112094,8,0.08715773068455539,0.03036348932025748,0.007901387350634035,0.07732363235844625,0.028835700791353017,0.08566866040022768,0.0001024870922019269,18,28,0.02102985455500136,0.02812306259277981,True,True,True,2.1967175202546534e-06,COMPLETE
1919,0.18795708417892457,2025-04-15 12:04:41.717090,2025-04-15 12:05:49.771082,0 days 00:01:08.053992,0.4495337641156672,0.2912128357221192,2,0.07361504490167274,0.04421501535533737,0.005269027820632208,0.07977033647119965,0.02763541027620064,0.08521372140080886,0.00012393671248094577,19,28,0.018762564476788972,0.036031409096814154,True,True,True,2.8962074826179446e-06,COMPLETE
1920,0.479938805103302,2025-04-15 12:05:50.389049,2025-04-15 12:06:16.299765,0 days 00:00:25.910716,0.455038160775605,0.2772161544552193,8,0.08072749880627339,0.04835160403209278,0.006801889342609901,0.07708334372521618,0.030313120003649587,0.08843940390991739,0.00011453528100397595,18,55,0.022451433789275735,0.02515607019283204,True,True,True,1.8043319525376168e-06,COMPLETE
1921,0.5054058194160461,2025-04-15 12:06:16.941200,2025-04-15 12:06:43.268371,0 days 00:00:26.327171,0.4684103411286258,0.255905930134102,8,0.07245264346247288,0.030256790308667895,0.0024934736709221416,0.07895897359500559,0.026354415367397827,0.08994356100813068,0.00012786193196452733,19,21,0.01779635854385646,0.030849608826620904,True,True,True,1.7819653571203277e-06,COMPLETE
1922,0.18795708417892457,2025-04-15 12:06:43.887331,2025-04-15 12:07:09.837118,0 days 00:00:25.949787,0.4301249255481058,0.2809184298758975,8,0.07657575684994758,0.03538028718955982,0.010251206183544439,0.07723148564013856,0.022162936433589752,0.08464406749541269,0.0001251430108467058,19,24,0.02436802051563776,0.027877183020106135,True,True,True,1.9934983175030645e-06,COMPLETE
1923,0.3043148875236511,2025-04-15 12:07:10.481459,2025-04-15 12:07:36.026889,0 days 00:00:25.545430,0.47614762218593637,0.28790677535129156,8,0.08358629428688581,0.02795639760943751,0.004593723724410746,0.07998270406278171,0.029533340117521727,0.08583356952767765,9.657575740384006e-05,18,29,0.019712779301446975,0.02134609923282886,True,True,True,3.068536820659986e-06,COMPLETE
1924,0.38017094135284424,2025-04-15 12:07:36.638498,2025-04-15 12:08:03.047862,0 days 00:00:26.409364,0.41222255158047716,0.23889570483363004,8,0.07308368151371462,0.025644603862175694,0.0025014284708792783,0.07709128545375354,0.024342693531580882,0.08715333204710447,8.921741075715296e-05,19,26,0.021673383706532226,0.025704531039902348,True,True,True,2.4593728463215876e-06,COMPLETE
1925,0.18795708417892457,2025-04-15 12:08:03.681762,2025-04-15 12:08:29.715828,0 days 00:00:26.034066,0.4829915120421006,0.26337664609681705,8,0.09147855294861876,0.20045643229481142,0.006323605420559448,0.07944796832437939,0.030484978558227495,0.08559778226118885,0.000135191656251022,19,30,0.027894790303761616,0.017837006332548373,True,True,True,1.9631523337656207e-06,COMPLETE
1926,0.37030603885650637,2025-04-15 12:08:30.363406,2025-04-15 12:08:55.600440,0 days 00:00:25.237034,0.48012913482301633,0.28794184120168104,8,0.08249546760016069,0.02428656663259721,0.004159864165913822,0.07704251321096332,0.027577823133516643,0.08238179011582647,0.00012342497554260507,18,20,0.01778051680671284,0.01744609156198265,True,True,True,1.7658152797464693e-06,COMPLETE
1927,0.3353890299797058,2025-04-15 12:08:56.219804,2025-04-15 12:09:22.627936,0 days 00:00:26.408132,0.44163503008921395,0.3033756919145943,8,0.07176904041033319,0.033337358293860385,0.008069672200847788,0.0805288630962381,0.0307564733460238,0.0836891870432567,8.831456833766147e-05,19,31,0.020633073177041373,0.024665921070574352,True,True,True,1.4945813396606986e-06,COMPLETE
1928,0.4922810196876526,2025-04-15 12:09:23.271999,2025-04-15 12:09:49.683437,0 days 00:00:26.411438,0.46867676280229353,0.26648212327064097,8,0.07491131871172975,0.0237037664752212,0.0026165480671174537,0.07615655694237267,0.024902801541752444,0.08400897249541703,0.0001427520700438985,19,27,0.018276405569309567,0.017614948355304968,True,True,True,3.6345914924791805e-06,COMPLETE
1929,0.5494985580444336,2025-04-15 12:09:50.302895,2025-04-15 12:10:16.543169,0 days 00:00:26.240274,0.44942487649918456,0.29451582171645513,8,0.09867796318103948,0.03004097596187979,0.0061049059031959545,0.07929125506031345,0.03145880555633751,0.08712919177873281,0.00014680796578638583,19,24,0.019274388078548782,0.029183375909464807,True,True,True,2.4309163860873344e-06,COMPLETE
1930,0.4644346237182618,2025-04-15 12:10:17.186887,2025-04-15 12:10:41.895637,0 days 00:00:24.708750,0.4952921257938113,0.3057627468971872,8,0.08034003171875743,0.017518725055744984,0.00480336632852752,0.07603349064586418,0.028728862379867836,0.08356123270291921,0.00011472312538316004,17,30,0.023297668256106262,0.016508375050852182,True,True,True,1.4264834445913642e-06,COMPLETE
1931,0.5116763234138488,2025-04-15 12:10:42.515342,2025-04-15 12:11:08.662407,0 days 00:00:26.147065,0.49149092057594074,0.2853196678875477,8,0.07269627025877798,0.02189178785024353,0.008473563844843695,0.07819273068840944,0.02623370319622716,0.09163628939693212,0.00015789778659507062,19,27,0.01717283091030906,0.0353123767934332,True,True,True,2.8195873200077794e-06,COMPLETE
1932,0.4020611882209778,2025-04-15 12:11:09.299561,2025-04-15 12:11:34.910769,0 days 00:00:25.611208,0.497934478429948,0.2573968705051593,8,0.08636605831216858,0.027051749851829142,0.010442463810472898,0.08086952829594075,0.0314689008778521,0.08880615998719021,0.0001483067969338769,18,32,0.020976039742990445,0.02146942753388846,True,True,True,1.6863959293928245e-06,COMPLETE
1933,0.5358554840087891,2025-04-15 12:11:35.553706,2025-04-15 12:12:00.495453,0 days 00:00:24.941747,0.4556654943072935,0.27401909892450327,8,0.06965453335250366,0.014907039697663526,0.004024042678943002,0.07875219539539786,0.021660793591852297,0.08318057850144614,0.0001618714515956194,17,23,0.01723273216023057,0.01385148615993741,True,True,True,2.2658964990428123e-06,COMPLETE
1934,0.570565938949585,2025-04-15 12:12:01.118861,2025-04-15 12:12:28.009134,0 days 00:00:26.890273,0.4960005714269322,0.24264017428608986,8,0.07621254500582358,0.03646955600441619,0.0027028764285139915,0.07611024466719526,0.02923816308020868,0.08569006791942714,0.00012512634545885166,20,29,0.019313551459392227,0.01452523033591958,True,True,True,1.5688179517177922e-06,COMPLETE
1935,0.18795708417892457,2025-04-15 12:12:28.647035,2025-04-15 12:12:56.978974,0 days 00:00:28.331939,0.46998400672497614,0.30233162354106635,8,0.07048394940651172,0.020242336427605284,0.00658123987834112,0.08146730524770815,0.04325961764298133,0.08203890480693224,0.0001098993421440288,20,98,0.016727026031375044,0.022409977302280983,True,True,True,1.9391247837286436e-06,COMPLETE
1936,0.49887837171554567,2025-04-15 12:12:57.622846,2025-04-15 12:13:24.014271,0 days 00:00:26.391425,0.4859466653943099,0.3105855457672462,8,0.06823385228896821,0.015018019162197544,0.002415674773868133,0.07769277604714016,0.03256529242849296,0.08394738881086976,0.00014936154528270582,19,26,0.021415696245707248,0.011465257122488597,True,True,True,2.8419238207452546e-06,COMPLETE
1937,0.33701488971710203,2025-04-15 12:13:24.636249,2025-04-15 12:13:49.508040,0 days 00:00:24.871791,0.4882878814190845,0.2899891325534225,8,0.07991029282187448,0.025920050607536715,0.006140712607009338,0.07553177905683428,0.023998772153804224,0.08194939316692663,9.577636423941533e-05,17,32,0.018759397792496035,0.017755756334333652,True,True,True,3.732138211228356e-06,COMPLETE
1938,0.21678882837295532,2025-04-15 12:13:50.152057,2025-04-15 12:14:19.706533,0 days 00:00:29.554476,0.4592424828941707,0.31041242708129635,8,0.08569911979079309,0.012094953634288684,0.0011366807403204292,0.08048587969206802,0.02773063174461957,0.0880103749534475,0.00012562518283892914,22,86,0.023289032925341648,0.028157116141792535,True,True,True,1.90906936021861e-06,COMPLETE
1939,0.18795708417892457,2025-04-15 12:14:20.328780,2025-04-15 12:14:46.868664,0 days 00:00:26.539884,0.5067343093298395,0.2779362227600877,8,0.07764369689673123,0.1526612604879086,0.007830776407928966,0.07853921053982701,0.03133621236161618,0.08504068214676312,0.00017230107903346207,20,28,0.016524978334704597,0.010930508586486545,True,True,True,1.3704916866306651e-06,COMPLETE
1940,0.18795708417892457,2025-04-15 12:14:47.515340,2025-04-15 12:16:06.485817,0 days 00:01:18.970477,0.5110900949003326,0.2540877302995832,2,0.09571134161036027,0.023967464765407388,0.00430048026489047,0.07487058637296196,0.03249534713476086,0.08147432197303188,0.0001633871757973136,23,23,0.02591091274378822,0.02098602625695637,True,True,True,1.3655925925460691e-06,COMPLETE
1941,0.3974731206893921,2025-04-15 12:16:07.102898,2025-04-15 12:16:33.571977,0 days 00:00:26.469079,0.4810352598125618,0.3252791865734927,8,0.06548698444591149,0.019518270207491112,0.01001028220846139,0.07697702682170779,0.034001960888122844,0.08374104557862268,0.00013659794389724709,19,32,0.01833590139156999,0.0010312171833956494,True,True,True,2.427274707425082e-06,COMPLETE
1942,0.18795708417892457,2025-04-15 12:16:34.212872,2025-04-15 12:17:01.064686,0 days 00:00:26.851814,0.4186063209150148,0.30777848302036737,8,0.07008711671614362,0.17959195751869905,0.003847872945375453,0.08005735719785217,0.029817739590743207,0.0866106554567278,8.576414252205712e-05,20,30,0.021877674559291585,0.014509649047275048,True,True,True,1.5559261467295584e-06,COMPLETE
1943,0.37296769618988035,2025-04-15 12:17:01.708963,2025-04-15 12:17:27.169479,0 days 00:00:25.460516,0.4513201917308805,0.27830371642008667,8,0.07337776061358606,0.011106515200012561,0.005661934237751341,0.07541095604005685,0.08265616795325566,0.08098295345601375,0.0001486508287856163,18,26,0.019995163197779713,0.010683399909462227,True,True,True,1.915077717318604e-06,COMPLETE
1944,0.18795708417892457,2025-04-15 12:17:27.799073,2025-04-15 12:17:55.631687,0 days 00:00:27.832614,0.5050577441663856,0.3200929685545184,8,0.08027737957270856,0.03074394079800686,0.008017388289384798,0.08183326950838768,0.034979024752337114,0.09028223952556144,0.00011554319420907577,22,20,0.01673146600724086,0.02554217792503939,True,True,True,1.403558492908231e-06,COMPLETE
1945,0.18795708417892457,2025-04-15 12:17:56.273259,2025-04-15 12:18:23.034666,0 days 00:00:26.761407,0.5234379365432622,0.2377336147444078,8,0.06875832945073716,0.11893979819047806,0.005612393021722239,0.07849515751168398,0.0266873474817173,0.05068252004158643,0.0001629812911714151,20,29,0.01665170433920582,0.018347528407354857,True,True,True,3.226730889294071e-06,COMPLETE
1946,0.3803648591041565,2025-04-15 12:18:23.687067,2025-04-15 12:18:51.446165,0 days 00:00:27.759098,0.47275036773233126,0.2942883787414533,8,0.07617108144629119,0.016788171047426872,0.00318993179002854,0.07694980926619202,0.04081243667312143,0.08207967905506372,0.0001706675253519247,21,34,0.024539196729140594,0.038937372056364626,True,True,True,1.238991772845291e-06,COMPLETE
1947,0.41483567953109746,2025-04-15 12:18:52.071209,2025-04-15 12:19:21.246199,0 days 00:00:29.174990,0.5056358542070436,0.4399398481631122,8,0.06885318483633916,0.021004099022455917,0.044362842521895554,0.07474925669213045,0.03771521150115655,0.08028910617989443,0.00012582705322395905,23,25,0.020233284360315202,0.16896457797372194,True,True,True,2.217779337243441e-06,COMPLETE
1948,0.23694700002670288,2025-04-15 12:19:21.893898,2025-04-15 12:19:50.125378,0 days 00:00:28.231480,0.49658411272558733,0.31321941883260146,8,0.08582354615017769,0.03999928359334386,0.006952762339698305,0.08117107995177947,0.03320954281378084,0.08384080231946474,0.00016544054164780762,22,28,0.01610440955938685,0.010435833361961364,True,True,True,5.988568046163655e-06,COMPLETE
1949,0.41898156404495246,2025-04-15 12:19:50.752635,2025-04-15 12:20:16.882917,0 days 00:00:26.130282,0.4401379160934381,0.41897205020364664,8,0.06600820236583002,0.00992560333909911,0.004234609400044985,0.07884049238338844,0.030357454047739874,0.08537493008355578,0.0001390857967741756,19,32,0.07060162404392514,0.01562538595621709,True,True,True,3.982597609891857e-06,COMPLETE
1950,0.42495083808898926,2025-04-15 12:20:17.527737,2025-04-15 12:20:44.568149,0 days 00:00:27.040412,0.5195250046343299,0.2682624574089515,8,0.07758581299456349,0.01495335780049305,0.008467757388000532,0.07615141309500985,0.022799561362408204,0.08002742626891345,0.0001856985799404186,20,23,0.01857209786476774,0.03215092517219084,True,True,True,1.7128108646484918e-06,COMPLETE
1951,0.340243399143219,2025-04-15 12:20:45.217700,2025-04-15 12:21:15.146933,0 days 00:00:29.929233,0.5342371179888138,0.3331202187647681,8,0.09151965270698562,0.029236434405571894,0.0012349919341347925,0.07409769467985068,0.028581022813840645,0.08267629862662654,0.0001795936704050248,24,30,0.01583494027878426,0.0060596632891915855,True,True,True,2.7222392559279904e-06,COMPLETE
1952,0.3983176350593567,2025-04-15 12:21:15.772424,2025-04-15 12:21:43.247134,0 days 00:00:27.474710,0.4787820512117154,0.4417112633920602,8,0.06552263153279086,0.005269639912517373,0.0758581742657221,0.07836926259205783,0.035465992757645066,0.0866803095998936,0.00010106603045810857,21,35,0.018661631184362756,0.022630670910170132,True,True,True,1.2803148677100939e-06,COMPLETE
1953,0.18795708417892457,2025-04-15 12:21:43.893179,2025-04-15 12:22:10.528708,0 days 00:00:26.635529,0.5179735219465015,0.295475255652313,8,0.06950999880767109,0.051148252942758,0.010763439315665072,0.0808126706676253,0.02551275591631943,0.08016019708830929,0.0001378715626471593,20,27,0.020915109068861924,0.011034408544905165,True,True,True,2.195978195802756e-06,COMPLETE
1954,0.3953092098236084,2025-04-15 12:22:11.179616,2025-04-15 12:22:39.088383,0 days 00:00:27.908767,0.5093382738801647,0.41216293198842696,8,0.08236791308147505,0.021364603750998676,0.0012045835558074517,0.07675231881030153,0.031404873521706934,0.0824716815913559,0.00010987984028267165,21,32,0.02270249524045336,0.016678760710916007,True,True,True,1.5768838869749032e-06,COMPLETE
1955,0.4656132459640503,2025-04-15 12:22:39.715122,2025-04-15 12:23:08.430618,0 days 00:00:28.715496,0.4675002023798749,0.3240898146843143,8,0.0763976490893293,0.01357575478222894,0.001040060511572797,0.07431484407919628,0.03940086556810824,0.08811423596893428,0.00017920695761363659,22,25,0.017485827983845032,0.006502361459929956,True,True,True,1.1633971709800991e-06,COMPLETE
1956,0.3988178610801697,2025-04-15 12:23:09.078707,2025-04-15 12:23:34.571710,0 days 00:00:25.493003,0.4963561776807239,0.2848668648751774,8,0.07222832753556287,0.0001512929186608218,0.005126179132595275,0.07920874552586551,0.032949196450566196,0.08429298492536524,0.00015932476780964355,18,20,0.015591150518319908,0.024852840563695678,True,True,True,3.1570049952656965e-06,COMPLETE
1957,0.5570159792900086,2025-04-15 12:23:35.226418,2025-04-15 12:24:01.437778,0 days 00:00:26.211360,0.5218195321214509,0.4338905983487916,8,0.0642533537469954,0.024709163321296253,0.006717551303623651,0.0829106295989141,0.036010328281259135,0.08083148480370839,0.00019943765575517941,19,29,0.019676707875014365,0.014984070894129422,True,True,True,1.792108780631315e-06,COMPLETE
1958,0.39549908638000486,2025-04-15 12:24:02.071554,2025-04-15 12:24:29.164387,0 days 00:00:27.092833,0.3976826154848684,0.39723172335913715,8,0.0642259923438129,0.00910039146532457,0.00383534797047015,0.0764894272226864,0.027516793563039727,0.07917791064787523,0.00019416690180986334,20,35,0.017636900901078056,0.0010601121261434592,True,True,True,1.0563452231165456e-06,COMPLETE
1959,0.36595132350921633,2025-04-15 12:24:29.828872,2025-04-15 12:25:44.000372,0 days 00:01:14.171500,0.45579956658713594,0.33506399410223153,2,0.08868775684422354,0.017295272297444632,0.005471975221562418,0.08207705107258245,0.03415994101065424,0.08252516534236619,8.755742237443904e-05,21,31,0.01518098636042528,0.009452585024726817,True,True,True,2.5499702262285387e-06,COMPLETE
1960,0.3429388880729675,2025-04-15 12:25:44.631284,2025-04-15 12:26:10.767952,0 days 00:00:26.136668,0.539234927501725,0.3116323676459342,8,0.07945213400177539,0.03341162479252903,0.0029996333689467263,0.07987332379382771,0.038294716641443814,0.08512104999565455,0.00012843456345154323,19,26,0.021303670528879326,0.01765609438911308,True,True,True,1.6157011022405775e-06,COMPLETE
1961,0.3934538364410401,2025-04-15 12:26:11.419613,2025-04-15 12:26:39.738760,0 days 00:00:28.319147,0.4949506757900453,0.4129815502263409,8,0.07169179842065447,0.009991812841950849,0.008746834853373842,0.07425309833598485,0.029975813683876057,0.07965109190400632,0.00014387725902303869,22,23,0.01881374055260947,0.10615721085968868,True,True,True,1.9544943325355885e-06,COMPLETE
1962,0.37079863548278813,2025-04-15 12:26:40.369978,2025-04-15 12:27:09.497794,0 days 00:00:29.127816,0.5365131943506138,0.25793604194116715,8,0.06269771554926515,0.02092211852044993,0.007252924611220358,0.043010472786535664,0.03182797895720818,0.08962270834606523,0.00019860665668817076,23,33,0.025007484212929382,0.022156004528876422,True,True,True,4.198261883424977e-06,COMPLETE
