number,value,datetime_start,datetime_complete,duration,params_alpha-eval,params_alpha-train,params_batch-size,params_eps-eval,params_eps-train,params_lambda-actions-eval,params_lambda-actions-train,params_lambda-frames-eval,params_lambda-frames-train,params_learning-rate,params_n-epochs,params_n-frames,params_radius-gw,params_rho,params_std-feats,params_ub-actions,params_ub-frames,params_weight-decay,state
1456,0.3443576216697693,2025-04-13 10:50:57.900275,2025-04-13 10:51:17.023218,0 days 00:00:19.122943,0.8343032679696682,0.31539279911856255,16,0.024323278178086688,0.023418918092012114,0.02814099580370979,0.08183243642893251,0.04026124758072442,0.08287968001893885,0.00013738096601448657,19,39,0.015694929946894517,0.018087383957153372,False,True,False,0.00040393583074430724,COMPLETE
1457,0.43551311492919925,2025-04-13 10:51:17.515015,2025-04-13 10:51:36.217970,0 days 00:00:18.702955,0.805585216900686,0.060995488791039755,16,0.015418675717101501,0.015509687482436713,0.03232159012215964,0.07775150893056629,0.04315514659132448,0.08567306062736868,8.218156285181994e-05,18,28,0.012861188091465244,0.03728672344523261,False,True,True,0.0002830550420927017,COMPLETE
1458,0.6037765145301819,2025-04-13 10:51:36.695542,2025-04-13 10:51:54.615349,0 days 00:00:17.919807,0.7647372844389209,0.13626611018524262,16,0.022135487887894954,0.005442239257178015,0.01923258721981192,0.07997361887905831,0.036549594972497906,0.081131293233073,0.00010635078364383977,16,33,0.018319579504003865,0.014272347111635358,False,True,True,0.00019435932002414823,COMPLETE
1459,0.3500053405761719,2025-04-13 10:51:55.087863,2025-04-13 10:52:12.729754,0 days 00:00:17.641891,0.749709530991413,0.14371816576389004,16,0.03802331329855736,0.004376508542999755,0.019248498643121687,0.08014835858322536,0.03445400293729752,0.08007689708046342,0.00011329632777034428,15,28,0.023009151514654526,0.0010845881407776647,True,False,True,0.00013927631163305448,COMPLETE
1460,0.41054993867874146,2025-04-13 10:52:13.203479,2025-04-13 10:52:30.663101,0 days 00:00:17.459622,0.7665978751996525,0.1634665410858119,16,0.029629446781823807,0.00016907727565031866,0.0212477714717467,0.07922146106140004,0.03676331032413384,0.08129399308934807,0.00013599938442266775,15,31,0.019669870901546604,0.00538428071902191,False,True,True,0.0001714811553715736,COMPLETE
1461,0.4902331829071045,2025-04-13 10:52:31.140419,2025-04-13 10:52:48.708247,0 days 00:00:17.567828,0.7491312097545874,0.13495578951280007,16,0.02510072760234562,0.0002342505203197379,0.02051992089563454,0.0805664780471474,0.03781090089255501,0.07906335564242067,0.00010188911225117145,15,26,0.020690968079281672,0.11605493721735338,False,True,True,9.117372078971612e-05,COMPLETE
1462,0.40544412136077884,2025-04-13 10:52:49.200506,2025-04-13 10:53:07.256136,0 days 00:00:18.055630,0.7435457714568631,0.1382519431337243,16,0.03228173561448841,0.005773680527393044,0.01877154821771765,0.07781119261594296,0.03251712582820221,0.08219418513283645,0.00013410007206743907,16,31,0.018560729999774515,0.010731230666303677,False,True,True,0.0001861815234027296,COMPLETE
1463,0.38845694065093994,2025-04-13 10:53:07.733908,2025-04-13 10:53:25.548910,0 days 00:00:17.815002,0.7599808025282698,0.1686233165293255,16,0.02318582452902402,0.0052557474018021366,0.02169852844384522,0.0745938909490081,0.0385906669069004,0.08388681868620057,0.00011115548074478952,16,29,0.020348126749768197,0.012523488947637555,False,True,True,0.0001279481119234292,COMPLETE
1464,0.5871123790740967,2025-04-13 10:53:26.019670,2025-04-13 10:53:43.637429,0 days 00:00:17.617759,0.7584081545112156,0.16081047916402047,16,0.02920257886620351,0.009085363769260429,0.02311380041364603,0.08269793173154784,0.03490849424094815,0.08091050083884267,8.784681226910784e-05,15,33,0.01827948121825177,0.007240453360090699,False,True,True,0.00018671759357712155,COMPLETE
1465,0.49357291460037234,2025-04-13 10:53:44.106527,2025-04-13 10:54:02.022878,0 days 00:00:17.916351,0.7787092205897722,0.14305399697941273,16,0.040171856445748305,0.005613003081144609,0.024182994614566834,0.07841946058512025,0.036484259346566315,0.08328446288600326,0.00011529261245103288,16,26,0.02257854949611806,0.10838851181270409,False,True,True,0.00023633985700987196,COMPLETE
1466,0.3765252828598023,2025-04-13 10:54:02.514953,2025-04-13 10:54:20.461393,0 days 00:00:17.946440,0.7814894053684389,0.17767905272312295,16,0.02237669375375263,0.011716049454568564,0.023455985724035275,0.08087007657240376,0.03686163226067928,0.08622063256206502,5.9988265312316125e-05,16,34,0.017100992660654485,0.016250511881065754,False,True,True,0.0003371450335266831,COMPLETE
1467,0.3929952383041382,2025-04-13 10:54:20.936701,2025-04-13 10:54:39.085575,0 days 00:00:18.148874,0.8852662598122368,0.12628731450365477,16,0.015618760466531819,0.005327570656869725,0.020532907412467837,0.07170850880554332,0.03954235628072912,0.07774135533781819,0.00013755372836205521,16,31,0.021537182920428524,0.02065238988929293,False,True,True,0.0001507235329208489,COMPLETE
1468,0.5812753915786744,2025-04-13 10:54:39.563277,2025-04-13 10:54:57.148936,0 days 00:00:17.585659,0.7381330627778495,0.1530222337428885,16,0.009662810990923882,0.00909608391024746,0.025035798037107312,0.08392656316133,0.04164669352584295,0.0819294044025286,7.793009773111662e-05,15,33,0.018623733712379,0.01412464913586341,False,True,True,0.00021199422378932314,COMPLETE
1469,0.18795708417892457,2025-04-13 10:54:57.622776,2025-04-13 10:55:14.794645,0 days 00:00:17.171869,0.7713209461843353,0.1201311690406533,16,0.2904265161984785,0.00506068105822252,0.01722961526299902,0.07541814875039309,0.03092745187398076,0.09369544996645195,9.853117287293828e-05,15,29,0.016700652847401628,0.006043872107331064,False,True,True,0.0002752091515163606,COMPLETE
1470,0.21005085706710816,2025-04-13 10:55:15.291930,2025-04-13 10:55:33.085120,0 days 00:00:17.793190,0.9216858872356322,0.11527201182105494,16,0.020227382806914277,0.010679382491911464,0.025976291061940694,0.0813701919696612,0.04016912058122642,0.08444622002461659,7.093210082743728e-05,16,35,0.020541954851272644,0.019440716284649037,False,True,True,0.0001172949154422182,COMPLETE
1471,0.6028565764427185,2025-04-13 10:55:33.562336,2025-04-13 10:55:51.668318,0 days 00:00:18.105982,0.7891867115996168,0.1500485986755896,16,0.03587802781771994,0.0047151042148572036,0.022824552265444754,0.07724738083773831,0.03819609291312718,0.07981948576187854,0.00013357606812542977,16,32,0.016165212854869177,0.012792497189435948,False,True,True,0.00035101963362473807,COMPLETE
1472,0.6037539958953857,2025-04-13 10:55:52.147642,2025-04-13 10:56:10.402590,0 days 00:00:18.254948,0.7462633988959758,0.15978233688568622,16,0.035651772105744405,0.00019613824779220784,0.017407117161927072,0.07689478256779439,0.03624945106173974,0.07917565352965263,9.496990435795829e-05,16,36,0.019464102262946863,0.009513805324913718,False,True,True,0.0004248878624999323,COMPLETE
1473,0.39184534549713135,2025-04-13 10:56:10.876948,2025-04-13 10:56:29.435448,0 days 00:00:18.558500,0.7346529421435463,0.1565571924685654,16,0.0390481488182148,0.0007500456608178257,0.01647238103093583,0.0730673812971504,0.03448003587837601,0.07811728918395397,0.0001150258360560047,17,30,0.023283940420597483,0.007432276857716505,False,True,True,0.00040683684976031105,COMPLETE
1474,0.601094138622284,2025-04-13 10:56:29.934569,2025-04-13 10:56:47.820251,0 days 00:00:17.885682,0.7407995945510709,0.1857983721935435,16,0.03497947952992017,0.0009014622622487942,0.01811514058531278,0.07470093522684347,0.03506580304182364,0.07931450818266982,9.607229517111881e-05,16,33,0.021736232363202906,0.00765918367296009,False,True,True,0.000484767884385916,COMPLETE
1475,0.4808361411094666,2025-04-13 10:56:48.299304,2025-04-13 10:57:06.292215,0 days 00:00:17.992911,0.7550616830159085,0.17535731923825051,16,0.03496362760704219,0.0014678694987052478,0.018117562468521045,0.07225136735907998,0.03139935963973613,0.0777876347591303,8.093743869187867e-05,16,27,0.018737718783068347,0.0027408708540884027,False,True,True,0.0005111777990343298,COMPLETE
1476,0.34942002296447755,2025-04-13 10:57:06.768210,2025-04-13 10:57:24.503515,0 days 00:00:17.735305,0.7334666606266063,0.17866015144980707,16,0.04475815356015212,0.004239306108601646,0.018044106100399616,0.07420051458135038,0.034852465044671675,0.07608983218752213,0.00011397956621552304,16,26,0.02324457096494825,0.001208144617484322,False,True,False,0.0005222920076236718,COMPLETE
1477,0.594932496547699,2025-04-13 10:57:24.999875,2025-04-13 10:57:43.133759,0 days 00:00:18.133884,0.7490109162412011,0.1718721490728694,16,0.04511023115278345,0.00034878309284193994,0.021695632249583856,0.07432424949877374,0.034196652772333316,0.07727775389080653,0.0001324683883098179,16,30,0.024451801301407478,0.005026303040829003,False,True,True,0.00046050942524755554,COMPLETE
1478,0.5102575421333313,2025-04-13 10:57:43.616278,2025-04-13 10:58:01.789736,0 days 00:00:18.173458,0.7389990877778483,0.18977383689908958,16,0.0364220819067472,0.004566148267842485,0.01742888529566855,0.07323063626622536,0.032861648736799705,0.08008883761756282,5.268110434321714e-05,16,33,0.021946143632339418,0.006355603179404298,False,True,True,0.0004813042319997533,COMPLETE
1479,0.26583342552185063,2025-04-13 10:58:02.271053,2025-04-13 10:58:20.346210,0 days 00:00:18.075157,0.746579063313689,0.18804288707937633,16,0.04420964862472939,0.0006006506401495222,0.020495589807949802,0.07536878526696839,0.03307871006318887,0.07919166666421482,3.927813050916432e-05,16,29,0.02415906939593948,0.0013704145732449935,True,False,True,0.0005365957885382715,COMPLETE
1480,0.6014475941658021,2025-04-13 10:58:20.827098,2025-04-13 10:58:38.811139,0 days 00:00:17.984041,0.729012872536845,0.17353331142067657,16,0.04601349498239788,0.000677547795766658,0.018538857023524247,0.07592637533991374,0.036345058233692544,0.07549889833681543,9.817981501486218e-05,16,32,0.020653071224715158,0.008211588618698364,False,True,True,0.000494719863457049,COMPLETE
1481,0.47468373775482187,2025-04-13 10:58:39.312649,2025-04-13 10:58:57.407301,0 days 00:00:18.094652,0.7403969521061317,0.1767923162374988,16,0.04451956221922211,0.006298450306479213,0.020296673547044466,0.07492142020755889,0.03434815936913688,0.0766948961171111,7.525098731343916e-05,16,27,0.024482772449960975,0.006149117299336112,False,True,True,0.0006014021937232549,COMPLETE
1482,0.41155418157577517,2025-04-13 10:58:57.888864,2025-04-13 10:59:15.802259,0 days 00:00:17.913395,0.7243922245105905,0.17341256070584252,16,0.03703747018820586,0.0001279485253679923,0.017826857447749287,0.07180717669036957,0.03639190030947256,0.07635132019050385,6.669017672203531e-05,16,26,0.0209705619517406,0.0012540627537886602,False,True,True,0.0005811412232893182,COMPLETE
1483,0.3929952383041382,2025-04-13 10:59:16.280527,2025-04-13 10:59:33.833726,0 days 00:00:17.553199,0.7305179742397693,0.1726782091382651,16,0.04407451656569851,0.005199791352195777,0.018412889478104554,0.07186919435637171,0.031634257180692474,0.0751734144089592,9.18510533492107e-05,15,30,0.023293984501280684,0.008648650774742767,False,True,True,0.0006421076466466782,COMPLETE
1484,0.4333349704742432,2025-04-13 10:59:34.313353,2025-04-13 10:59:52.225325,0 days 00:00:17.911972,0.7200691587920137,0.18549211445819852,16,0.03865932241959933,0.0007309854181818277,0.022172738981235673,0.07607617472999079,0.035209520695695114,0.07946871408713367,6.0571816737977156e-05,16,31,0.02128042006244576,0.008003529528711285,False,True,True,0.00046076622810503246,COMPLETE
1485,0.39003905057907107,2025-04-13 10:59:52.726297,2025-04-13 11:00:10.227369,0 days 00:00:17.501072,0.7423619537922115,0.15003552471351592,16,0.04654763870326491,0.00019925745470108797,0.016557926893835284,0.0746302063847365,0.02904492794377558,0.07853479343741998,8.392282279230524e-05,15,25,0.021946195208322323,0.011408466583519818,False,True,True,0.0005962773766756761,COMPLETE
1486,0.39137126207351686,2025-04-13 11:00:10.711201,2025-04-13 11:00:28.758062,0 days 00:00:18.046861,0.7319214912268891,0.16651762814982807,16,0.03944614439570631,0.005759784717455998,0.018304380406219633,0.0733532379389813,0.029888898170589474,0.07788460522244166,9.642525859253265e-05,16,29,0.02115737138190867,0.006736011345477987,False,True,True,0.0005172477777768892,COMPLETE
1487,0.5855441689491272,2025-04-13 11:00:29.238496,2025-04-13 11:01:28.846664,0 days 00:00:59.608168,0.7219863634887667,0.19153465539833814,2,0.04474678186707462,0.005221038970342947,0.015418903959345719,0.07597699200733374,0.035598085791277316,0.07623332780348187,7.595217037381557e-05,16,32,0.02537896298738044,0.011084306881026794,False,True,True,0.0004831971824028186,COMPLETE
1488,0.603523063659668,2025-04-13 11:01:29.324548,2025-04-13 11:01:46.829970,0 days 00:00:17.505422,0.75936768101838,0.1822924533638876,16,0.03424017749953801,0.007891462374387934,0.01656750294569247,0.07315082436659763,0.0362130185235192,0.08024279262593029,9.953551460913534e-05,15,32,0.02065403082322473,0.007266542724808714,False,True,True,0.00044188685263103414,COMPLETE
1489,0.3913673639297486,2025-04-13 11:01:47.331017,2025-04-13 11:02:05.016532,0 days 00:00:17.685515,0.7412231564020735,0.19625582904052305,16,0.045705279262302584,0.0069503751549275985,0.017043700405021133,0.07090882603119664,0.0326143182246559,0.0787869753615266,0.00010725297350551498,15,25,0.022397144278908196,0.00485914198071518,False,True,True,0.0004635818418012444,COMPLETE
1490,0.3929952383041382,2025-04-13 11:02:05.501385,2025-04-13 11:02:23.014176,0 days 00:00:17.512791,0.7310446998706829,0.1826700367898138,16,0.04783332571324297,0.005012429036551707,0.019066183793605,0.07211858564224576,0.03419523618141712,0.07886816266989496,9.862910500839611e-05,15,28,0.024295061116423648,0.010583362318157374,False,True,True,0.0005601373388373593,COMPLETE
1491,0.3355637669563294,2025-04-13 11:02:23.500075,2025-04-13 11:02:41.145238,0 days 00:00:17.645163,0.7348439539964073,0.18032198705826147,16,0.03324356817698584,0.005771786496225678,0.01621222659845779,0.0733071629443029,0.03628444552459469,0.07572280615268985,0.0014392730678196761,15,28,0.022715128029507283,0.0051522673927169756,False,True,True,0.0006523078418662962,COMPLETE
1492,0.5965739965438843,2025-04-13 11:02:41.626959,2025-04-13 11:02:59.075965,0 days 00:00:17.449006,0.7576260940080807,0.16583622332906442,16,0.04137781835688618,0.0009015122416373752,0.02023797124504001,0.07390280085369282,0.033321909349058786,0.07931973703521432,0.00011281135556990169,15,30,0.020979790868141335,0.0014800606151500594,False,True,True,0.0006855731638397921,COMPLETE
1493,0.3942624092102051,2025-04-13 11:02:59.580444,2025-04-13 11:03:17.262159,0 days 00:00:17.681715,0.7477077233107332,0.1602069222070618,16,0.05027805084457458,0.00039495200001484366,0.0187654640368817,0.07605518448282057,0.037374570707602445,0.08070047470371539,0.00013456450068884506,15,25,0.02390434308441977,0.012687444189230504,False,True,True,0.0004389705872434875,COMPLETE
1494,0.5965412378311157,2025-04-13 11:03:17.746892,2025-04-13 11:03:35.525751,0 days 00:00:17.778859,0.741526154743796,0.1929905981430264,16,0.046429149446265486,0.004943058480094698,0.01640644909955238,0.07083919190137042,0.03526419056760188,0.07681617465986104,9.016448413270831e-05,15,32,0.020219098898014605,0.011076966359969433,False,True,True,0.0005040507349618616,COMPLETE
1495,0.5367951989173889,2025-04-13 11:03:36.007903,2025-04-13 11:03:53.360298,0 days 00:00:17.352395,0.7185201726680419,0.19366089824771104,16,0.04069767082534065,0.0005747005567728319,0.01584794124680579,0.07448108924379457,0.036477948586985456,0.07925958935205603,0.00011599061594331846,15,32,0.021184238378035403,0.010720127898130892,False,True,False,0.0006044874287998071,COMPLETE
1496,0.4008321881294251,2025-04-13 11:03:53.864417,2025-04-13 11:04:11.374996,0 days 00:00:17.510579,0.7554206667620383,0.17907552295534251,16,0.03718595859476887,0.008903249987576998,0.018862853732673438,0.07660519676301233,0.032852481731244554,0.08166696708294797,9.968411572211692e-05,15,28,0.022889599395766406,0.00155359923851673,False,True,True,0.0004374300677487326,COMPLETE
1497,0.3929952383041382,2025-04-13 11:04:11.866092,2025-04-13 11:04:29.975037,0 days 00:00:18.108945,0.7550507294144891,0.16025170594999424,16,0.03907444066618687,0.0001339571904190503,0.021697095814139134,0.07233624635572829,0.036582791850926305,0.08073347165405338,0.00012893963407591778,16,31,0.025271321320713386,0.014984478395063967,False,True,True,0.00043464518626098265,COMPLETE
1498,0.3759991765022278,2025-04-13 11:04:30.464909,2025-04-13 11:04:48.164940,0 days 00:00:17.700031,0.7503913490996803,0.17801422853717977,16,0.03753947064094063,0.009307205287209257,0.016450122609709003,0.07654692365197001,0.037688127380458035,0.08040655455338853,8.526393781310368e-05,15,28,0.019843880142551697,0.007140267014025085,True,True,True,0.000648728873954547,COMPLETE
1499,0.4687952518463135,2025-04-13 11:04:48.652138,2025-04-13 11:05:06.427944,0 days 00:00:17.775806,0.7596282973023062,0.1581473303845819,16,0.041568491041458946,0.005632128144938909,0.014828550434851453,0.07419509039712645,0.03165057215219922,0.07757231286219399,0.00013451345130732382,16,32,0.02098598809473605,0.01305823266625838,False,False,True,0.0004627845204173549,COMPLETE
1500,0.5979682922363281,2025-04-13 11:05:06.935834,2025-04-13 11:05:25.119197,0 days 00:00:18.183363,0.7641417453613444,0.1827053723436856,16,0.04360323462545525,0.0001287661406109697,0.01857349948544647,0.07664865602810807,0.035502854311987894,0.08056440766733558,0.00010554063155846352,16,33,0.019742705411641866,0.013780766331473602,False,True,True,0.00042588030088244744,COMPLETE
1501,0.3903351426124573,2025-04-13 11:05:25.608838,2025-04-13 11:05:43.820571,0 days 00:00:18.211733,0.7203683367758442,0.15457232018902,16,0.041015610107042404,0.009020918251663746,0.01944587686104239,0.07531619501157813,0.038076116992005526,0.07858135662679679,9.949629970585765e-05,16,26,0.019701778379347248,0.006895111770324168,False,True,True,0.0006529054985830219,COMPLETE
1502,0.3930907368659973,2025-04-13 11:05:44.308214,2025-04-13 11:06:01.983109,0 days 00:00:17.674895,0.7377092475341521,0.19538163881230822,16,0.038578305232398885,0.009280061582777964,0.014625715267443707,0.07157704479830496,0.034264397209170676,0.07436484525989559,0.00013995184229653184,15,34,0.02236142642870379,0.013563361819999948,False,True,True,0.0005011274809481319,COMPLETE
1503,0.5799193382263184,2025-04-13 11:06:02.471563,2025-04-13 11:06:20.539208,0 days 00:00:18.067645,0.7686527133776497,0.20404301129334876,16,0.035291441906400704,0.009988051513564853,0.017036858207561383,0.07709489479210992,0.038348909283193906,0.08165753743007689,8.125637117053933e-05,16,30,0.019373862553226647,0.006211896371967845,False,True,True,0.0003923382976974712,COMPLETE
1504,0.5999213576316833,2025-04-13 11:06:21.045178,2025-04-13 11:06:39.067978,0 days 00:00:18.022800,0.7231138700145514,0.1822963511731877,16,0.040626811939052716,0.005029790057390893,0.015308778684430879,0.07800132805866618,0.030102648031551164,0.07652332502995052,0.00011463442712985862,16,33,0.01974385930198371,0.014982498312880375,False,True,True,0.0005680093982428759,COMPLETE
1505,0.18795708417892457,2025-04-13 11:06:39.559700,2025-04-13 11:06:57.089352,0 days 00:00:17.529652,0.7544602349283959,0.16137860051540256,16,0.036538516656586945,0.12449154933552799,0.01974495851309992,0.07274699268205619,0.03638641139935754,0.08177612724504023,9.156385563296521e-05,15,30,0.024153954758916588,0.014421959935130515,False,True,True,0.0004163263905543653,COMPLETE
1506,0.19222784638404847,2025-04-13 11:06:57.576578,2025-04-13 11:07:15.393291,0 days 00:00:17.816713,0.7631410430978737,0.15755764125271782,16,0.04451719703258994,0.010890628801722244,0.01741100895071277,0.028197377283881556,0.03855343593554678,0.07938695305258883,0.00011644866120093185,16,34,0.019031602744614406,0.006686309389679637,False,True,True,0.0004307832706243778,COMPLETE
1507,0.3929952383041382,2025-04-13 11:07:15.902588,2025-04-13 11:07:33.488415,0 days 00:00:17.585827,0.7715613517805598,0.17171242338687082,16,0.03327551047713945,0.004787182312452847,0.018418560293521923,0.07466984150916588,0.03626157217125778,0.08118417437463123,0.0001389718994257735,15,28,0.02141007122734746,0.01737883072979107,False,True,True,0.0005380874409094921,COMPLETE
1508,0.38646098375320437,2025-04-13 11:07:33.980080,2025-04-13 11:07:51.898463,0 days 00:00:17.918383,0.7370030085750385,0.14574856446405063,16,0.04990049116455416,0.0004355447901298132,0.02010828691283838,0.07656154224372853,0.03944016020784855,0.07800173557447392,8.292666410585432e-05,16,25,0.018788682288176116,0.009744415494995735,False,True,True,0.0004434311768205435,COMPLETE
1509,0.3928730010986328,2025-04-13 11:07:52.388075,2025-04-13 11:08:10.443710,0 days 00:00:18.055635,0.763627821880116,0.1466390058152372,16,0.03572527593575406,0.01062785572122462,0.016888389154802376,0.07501734415548321,0.03377903802083846,0.08246267211948112,9.646850726093332e-05,16,34,0.021159908215315663,0.017278693348066945,False,True,True,0.00039187539558667976,COMPLETE
1510,0.5726642489433289,2025-04-13 11:08:10.935421,2025-04-13 11:08:28.760873,0 days 00:00:17.825452,0.7591368559617525,0.19397885101105417,16,0.03158151102472273,0.009804709887043586,0.01959637860429635,0.07780765090744625,0.0380685372000411,0.07969029457153176,0.00011579823618866004,15,30,0.01862285926489856,0.002323255109127613,False,True,True,0.00069315091483042,COMPLETE
1511,0.25992454290390016,2025-04-13 11:08:29.268407,2025-04-13 11:08:43.341253,0 days 00:00:14.072846,0.7682544584427771,0.13694731029075244,16,0.037677303690077615,0.005203709210314085,0.020361832019249845,0.07759716657141245,0.04020348728147242,0.07557418932936427,7.587961863490967e-05,5,34,0.025475122877125046,0.0012895909113256705,False,True,True,0.00038936882576594457,COMPLETE
