number,value,datetime_start,datetime_complete,duration,params_alpha-eval,params_alpha-train,params_batch-size,params_eps-eval,params_eps-train,params_lambda-actions-eval,params_lambda-actions-train,params_lambda-frames-eval,params_lambda-frames-train,params_learning-rate,params_n-epochs,params_n-frames,params_radius-gw,params_rho,params_std-feats,params_ub-actions,params_ub-frames,params_weight-decay,state
897,0.4882510662078857,2025-04-15 04:10:10.187365,2025-04-15 04:10:40.581084,0 days 00:00:30.393719,0.07463905320999051,0.4105872942948986,8,0.025323246969042285,0.020563881368455626,0.03182244025574068,0.07157293145738973,0.036918283828451345,0.08250191085704103,0.00031971686830962673,25,27,0.016987425921067636,0.022738493520949185,True,True,True,2.0440733360206144e-07,COMPLETE
898,0.41423496007919314,2025-04-15 04:10:40.874493,2025-04-15 04:11:02.845026,0 days 00:00:21.970533,0.4369150684402719,0.4242245621443834,8,0.034108768659453406,0.020281220553424704,0.0336120453273526,0.07473030540852313,0.04028313929653666,0.08620815105818733,0.00033794539409941925,13,34,0.01522290208963369,0.015204457254930347,True,True,True,2.0902814285664378e-07,COMPLETE
899,0.24214260578155516,2025-04-15 04:11:03.121784,2025-04-15 04:11:25.223357,0 days 00:00:22.101573,0.3946278145119635,0.40191506275703104,8,0.013829635564346942,0.20159894780145488,0.03720572819680625,0.0771708165183445,0.035728361280192085,0.08139086618287839,0.00030218622289026465,13,32,0.01758517650947035,0.014929393229823793,True,True,True,1.7437599585416672e-07,COMPLETE
900,0.1968096435070038,2025-04-15 04:11:25.515258,2025-04-15 04:11:49.456602,0 days 00:00:23.941344,0.3318564913249144,0.4212828508336041,8,0.04026499992888975,0.016302680071369213,0.03172719289171051,0.07298671339579615,0.038540214961503214,0.08402850337232158,0.0002734751155007747,13,126,0.018407386128727207,0.023432348562196233,True,True,True,2.300751489182064e-07,COMPLETE
901,0.41441254615783696,2025-04-15 04:11:49.749477,2025-04-15 04:12:11.873036,0 days 00:00:22.123559,0.5676981031473938,0.43800267967789863,8,0.026514379454762885,0.014436186995450306,0.03347355749013625,0.07584437207627141,0.03323767408543556,0.08109695899343147,0.0003841560085094401,13,30,0.013024267466103827,0.013234156018027698,True,True,True,1.595310504787577e-07,COMPLETE
902,0.4990942120552063,2025-04-15 04:12:12.166973,2025-04-15 04:12:33.212090,0 days 00:00:21.045117,0.5795730714179944,0.40138153577106356,8,0.05636501070095133,0.014124199889609532,0.03595602397198422,0.07556282477196374,0.03475300844088631,0.07822746221660637,0.00025649835867280014,12,29,0.015831167946256074,0.023376084402749714,True,True,True,1.26084926732549e-07,COMPLETE
903,0.37919620275497434,2025-04-15 04:12:33.491877,2025-04-15 04:12:55.715099,0 days 00:00:22.223222,0.27875461877396357,0.42435977256346064,8,0.03663173802529135,0.023791028858759743,0.03811803188474395,0.07676350392723301,0.04289453608174118,0.08357011203140186,0.00032152693997485466,13,33,0.02060616253794046,0.15779987872800785,True,True,True,2.207669945476164e-07,COMPLETE
904,0.5767735362052918,2025-04-15 04:12:56.005429,2025-04-15 04:13:18.255653,0 days 00:00:22.250224,0.7043718008693746,0.44491515568225004,8,0.018863879274643707,0.014479362713657733,0.03147929450274771,0.07350607008537217,0.036059043189529794,0.07920297607621037,0.0003514680857379293,13,29,0.018583216479190482,0.015936314481253898,True,True,True,1.6370528590008974e-07,COMPLETE
905,0.18795708417892457,2025-04-15 04:13:18.549440,2025-04-15 04:14:07.523897,0 days 00:00:48.974457,0.7728141757136007,0.44116490308736916,2,0.01501526820599658,0.17369373623586948,0.03156446366817907,0.07151909308402554,0.03689091663457903,0.0798962091632749,0.0003799761297008841,12,34,0.021342716085015936,0.02443329525065115,True,True,True,1.7004228101668067e-07,COMPLETE
906,0.3324678182601929,2025-04-15 04:14:07.821072,2025-04-15 04:14:30.194035,0 days 00:00:22.372963,0.7392082412123113,0.4661452605651738,8,0.01814097626644516,0.021847868109748234,0.03331329531468093,0.06992567720416397,0.03543314908971774,0.08847965855392326,0.00039839437470422554,13,31,0.019339726007269246,0.01906794391394323,True,True,True,1.4360712922231358e-07,COMPLETE
907,0.35030440092086795,2025-04-15 04:14:30.476474,2025-04-15 04:14:52.343612,0 days 00:00:21.867138,0.6624759654445829,0.45311285665800694,8,0.029864775648946136,0.02009427402547603,0.03423924905518518,0.07449455150735346,0.03686080935930137,0.07825545714440503,0.00032476373975360223,13,28,0.021801110471716557,0.023898760039657213,True,True,True,1.8181465259493887e-07,COMPLETE
908,0.5615203499794007,2025-04-15 04:14:52.638316,2025-04-15 04:15:14.194810,0 days 00:00:21.556494,0.6055521105802466,0.4835672674872017,8,0.023157950197620243,0.023183198923384985,0.031076792565917857,0.07356663279956611,0.03886016507645165,0.08121908737901205,0.00024945938762186646,12,29,0.01997978783793255,0.016185296520443437,True,True,True,2.2811519417732885e-07,COMPLETE
909,0.36361559033393864,2025-04-15 04:15:14.491327,2025-04-15 04:15:35.849560,0 days 00:00:21.358233,0.7019284857807729,0.49743540364862143,8,0.02249245760412919,0.02135299740270163,0.031007564521313796,0.07276832974178553,0.03764030551726007,0.08230329539144544,0.00023923765862156918,12,36,0.018336437069125765,0.017385499125978005,True,True,True,1.2975487702686345e-07,COMPLETE
910,0.20248572826385497,2025-04-15 04:15:36.145477,2025-04-15 04:15:59.181674,0 days 00:00:23.036197,0.6803557481652163,0.48310690637090675,8,0.028690136810552748,0.015726818359933975,0.03435666963447206,0.06880609123925925,0.04149050008658239,0.08582857934443668,0.0004037478079146979,12,132,0.01928145306193523,0.024540670058492454,True,True,True,2.409987066739151e-07,COMPLETE
911,0.3741504490375519,2025-04-15 04:15:59.463708,2025-04-15 04:16:21.019182,0 days 00:00:21.555474,0.5174678414430204,0.4780381034771631,8,0.01088523242759843,0.02328268542590537,0.03577543620828281,0.0709912753623825,0.03783826874486191,0.08114285376396958,0.00031219752649881216,12,33,0.022231941146838886,0.016813540121905463,True,True,True,1.234961819756091e-07,COMPLETE
912,0.19207192063331605,2025-04-15 04:16:21.313625,2025-04-15 04:16:42.324287,0 days 00:00:21.010662,0.8368000065448205,0.4967593940010553,8,0.024373263176218057,0.28410813161787224,0.031206704083467082,0.07610415469122643,0.035139962230801985,0.08387665449803577,0.0003538171454388326,12,31,0.019908429172301345,0.016865124595282686,True,True,True,1.6615541267292785e-07,COMPLETE
913,0.18795708417892457,2025-04-15 04:16:42.622279,2025-04-15 04:17:04.452270,0 days 00:00:21.829991,0.5604452163843966,0.47430267983255153,8,0.02039829689620251,0.15816463258271418,0.03382620960564671,0.07346681284672966,0.036113342941138785,0.08032096217288505,0.0002839789707973106,13,30,0.022086699672915523,0.023203544782694794,True,True,True,2.3823099787911278e-07,COMPLETE
914,0.5516746401786805,2025-04-15 04:17:04.754118,2025-04-15 04:17:26.046499,0 days 00:00:21.292381,0.5867660179003128,0.45141115555554373,8,0.031230163171940478,0.023403203846317347,0.03770792922952868,0.07441229926130315,0.04035308250611395,0.08252275726626017,0.00021114859870573162,12,29,0.017770544885678752,0.014823968759546065,True,True,True,1.8099751927891974e-07,COMPLETE
915,0.3930534362792969,2025-04-15 04:17:26.330595,2025-04-15 04:17:47.568097,0 days 00:00:21.237502,0.7914436128585541,0.46183032188900497,8,0.017360421398536968,0.022106554106027097,0.037521105471451426,0.07272919065986054,0.04306419855235271,0.08617143410218002,0.00021367730547833784,12,33,0.0158037074041021,0.011399792687449358,True,True,True,2.3561657454922956e-07,COMPLETE
916,0.403916335105896,2025-04-15 04:17:47.865236,2025-04-15 04:18:09.469356,0 days 00:00:21.604120,0.6241583742825679,0.49234947321739503,8,0.008732238533670531,0.025278602349070298,0.037685024888297586,0.07312491535139487,0.04602914504881862,0.08390235567925161,0.0002270816194135332,12,30,0.02053659964915765,0.013512351212378834,True,True,True,1.1960626206591384e-07,COMPLETE
917,0.4117925167083741,2025-04-15 04:18:09.770772,2025-04-15 04:18:31.394861,0 days 00:00:21.624089,0.7219930722317813,0.4549115264863211,8,0.031104541321421965,0.025276542868706613,0.03552857608739661,0.07435760596601391,0.03239800599121171,0.07895869407603509,0.00025597400268527346,12,36,0.017759107823854405,0.016982723545042343,True,True,True,2.024184550399074e-07,COMPLETE
918,0.4451736807823181,2025-04-15 04:18:31.697038,2025-04-15 04:18:53.912168,0 days 00:00:22.215130,0.5937877945510852,0.47086338707547853,8,0.04679737305963757,0.01493870700018277,0.030593542937439457,0.07670991508301978,0.03863192813315598,0.07982056230532314,0.00020766899940512264,13,30,0.02256436621764467,0.013548867754518166,True,True,True,1.5712810596318706e-07,COMPLETE
919,0.18720406293869019,2025-04-15 04:18:54.197353,2025-04-15 04:19:16.139521,0 days 00:00:21.942168,0.848591288373834,0.44602255241504724,8,0.05810140798498362,0.02165956969896743,0.03801205463731888,0.06965735946848006,0.0327545886338802,0.08158186105976771,0.00040639268012704533,13,27,0.013590921621396738,0.011407922952873746,True,True,True,2.671001056156194e-07,COMPLETE
920,0.4256324768066406,2025-04-15 04:19:16.436761,2025-04-15 04:19:38.002764,0 days 00:00:21.566003,0.6006897843882116,0.47851031648632425,8,0.03272444560703884,0.01417573628232738,0.03172346665583638,0.0741985141120687,0.040884917019630165,0.08311867195587204,0.00044913814260782753,12,34,0.020166158694399458,0.018660292850424767,True,True,True,1.8644217750019183e-07,COMPLETE
921,0.5664813399314881,2025-04-15 04:19:38.301499,2025-04-15 04:19:59.591051,0 days 00:00:21.289552,0.6983844635582253,0.44456802912988636,8,0.017820324484240264,0.014489527656259915,0.03580367243961069,0.07768549544224036,0.03374056209023772,0.07889509667671217,0.00023861438200523208,12,28,0.02303577858525762,0.011589532366883197,True,True,True,1.3574910205463424e-07,COMPLETE
922,0.388290810585022,2025-04-15 04:19:59.893195,2025-04-15 04:20:21.647072,0 days 00:00:21.753877,0.6930047631304458,0.44714512462006056,8,0.0027710549560096345,0.02467162187239485,0.0366269817242229,0.0770569694569386,0.03447928086119168,0.07868636164781033,0.00020268581493254338,12,33,0.023311201410836313,0.02361898705164993,True,True,True,1.2088695717239245e-07,COMPLETE
923,0.5542730689048767,2025-04-15 04:20:21.932272,2025-04-15 04:20:43.424932,0 days 00:00:21.492660,0.590623432866217,0.4997296810002372,8,0.015103053207848554,0.020808032902389743,0.038393369770538296,0.07727258482308698,0.03599790723200552,0.07998304657668645,0.00024208845672808876,12,29,0.014572579762998621,0.017440082222264352,True,True,True,1.3732339238590475e-07,COMPLETE
924,0.47947492599487307,2025-04-15 04:20:43.723393,2025-04-15 04:21:04.977601,0 days 00:00:21.254208,0.5830492673292974,0.48852359467985523,8,0.008773507961865684,0.02658178716867237,0.03831089703759808,0.07786339974796426,0.03727803539252045,0.08072901569484271,0.0001926297643405236,12,32,0.01571866435843349,0.0242234018651005,True,True,True,1.2127789378356897e-07,COMPLETE
925,0.4445109486579895,2025-04-15 04:21:05.278205,2025-04-15 04:21:26.519878,0 days 00:00:21.241673,0.6232729431570924,0.5063294920608399,8,0.01641682434059785,0.023051661243731137,0.039132423150066445,0.0710383700755902,0.039593695574032604,0.07963842277886961,0.0002295217850638044,12,30,0.014228971455605206,0.01910674853864877,True,True,True,1.2871040281912712e-07,COMPLETE
926,0.3843670725822449,2025-04-15 04:21:26.823019,2025-04-15 04:21:48.276787,0 days 00:00:21.453768,0.5451262457848502,0.4887338344233096,8,0.013403179225894481,0.022316989267043886,0.03860440760130078,0.07801037874637334,0.04027311227193141,0.08269458998059029,0.0002353597596225176,12,36,0.012338562619454315,0.018501652297775822,True,True,True,1.4158801119094817e-07,COMPLETE
927,0.5118507742881775,2025-04-15 04:21:48.563805,2025-04-15 04:22:10.279006,0 days 00:00:21.715201,0.5951424209658805,0.4743353536887768,8,0.016933606941672508,0.018109672642306868,0.03574688383483159,0.07469461077778333,0.03870386450832542,0.07824077089498975,0.00024707453986790663,12,29,0.014453075159546937,0.024232849507224666,True,True,True,1.482094236421698e-07,COMPLETE
928,0.18795708417892457,2025-04-15 04:22:10.578215,2025-04-15 04:22:59.667309,0 days 00:00:49.089094,0.5694461508143899,0.4673025507036512,2,0.021026644750558446,0.028474521521802264,0.03707859924256331,0.07558789687981038,0.036823634599251184,0.08474068498439699,0.0002017186195855597,12,35,0.01853531653843831,0.0172760518000701,True,True,True,1.1160615333860258e-07,COMPLETE
929,0.41590663194656374,2025-04-15 04:22:59.968794,2025-04-15 04:23:21.371304,0 days 00:00:21.402510,0.7098109868636978,0.5036150959974878,8,0.023035633898828373,0.020309008195448505,0.03039239818806221,0.07802742358557374,0.034712960880086054,0.07782563393079396,0.00026041884047100887,12,28,0.015947740442996895,0.015497286218064598,True,True,True,2.597530310600217e-07,COMPLETE
930,0.3631681680679322,2025-04-15 04:23:21.674583,2025-04-15 04:23:43.866470,0 days 00:00:22.191887,0.6764181847197193,0.5006915716821165,8,0.0321788347810154,0.024902837249345295,0.03260217339637009,0.07358373520291188,0.03276692084626632,0.08154733619659203,0.00027665766219469565,13,32,0.017816410371744203,0.2860598005222358,True,True,True,1.490132929298745e-07,COMPLETE
931,0.3826294124126435,2025-04-15 04:23:44.154472,2025-04-15 04:24:05.799573,0 days 00:00:21.645101,0.6396096769055964,0.4516193930765844,8,0.0243222732779546,0.017414139052430867,0.035593767217524136,0.07226385479620676,0.035376856689418444,0.0797089547545099,0.00021629580539197008,12,32,0.0128317644127601,0.02263474749486324,True,True,True,2.085851427260121e-06,COMPLETE
932,0.3929879903793335,2025-04-15 04:24:06.099436,2025-04-15 04:24:28.360554,0 days 00:00:22.261118,0.5998185467225224,0.4656134019509034,8,0.012853161933385288,0.019433568081946864,0.033535331232791794,0.07781468322638514,0.04099443502420482,0.07782927498821521,0.00028709569530002064,13,28,0.016510297529502158,0.01271622694983379,True,True,True,2.1696442359628405e-07,COMPLETE
933,0.44138990640640263,2025-04-15 04:24:28.666573,2025-04-15 04:24:50.000018,0 days 00:00:21.333445,0.5564139699553623,0.4445083933371309,8,0.06763544021952156,0.014869358835392466,0.030120507509281035,0.07552606099229803,0.03228461784610844,0.08123009535618675,0.00020271101263866315,12,30,0.014331987195099939,0.025687166615982738,True,True,True,1.2132561242697907e-07,COMPLETE
934,0.18795708417892457,2025-04-15 04:24:50.305377,2025-04-15 04:25:12.068038,0 days 00:00:21.762661,0.7554614037122404,0.8574607653308479,8,0.03889896872289584,0.027746501569353495,0.03863392783257256,0.07924225913684457,0.039621816368858954,0.08642586919767296,0.00025180100818484555,13,35,0.017632422979163773,0.014568731496457453,True,True,True,1.7068875755250468e-07,COMPLETE
935,0.5608521699905396,2025-04-15 04:25:12.375692,2025-04-15 04:25:33.768542,0 days 00:00:21.392850,0.6199382785536652,0.4840107612482311,8,0.029635287233820105,0.014809639851737565,0.036030115156974456,0.07686907420329821,0.03621468642931061,0.07910630627021019,0.00030040363556771546,12,27,0.019324605729708108,0.019587407130727076,True,True,True,2.6569369773576644e-07,COMPLETE
936,0.3681197047233582,2025-04-15 04:25:34.057367,2025-04-15 04:25:55.534537,0 days 00:00:21.477170,0.5824375406438074,0.5001738788092749,8,0.028593481022131925,0.02495440856806187,0.03645517862218507,0.0743572279858081,0.03593643508426061,0.07743531161215678,0.00019500394832145935,12,32,0.01968344001358334,0.17060462297174755,True,True,True,2.1720683071434445e-07,COMPLETE
937,0.32648195028305055,2025-04-15 04:25:55.837507,2025-04-15 04:26:17.264339,0 days 00:00:21.426832,0.6304196344960047,0.45604359837404534,8,0.00576389622401368,0.0191647449406862,0.03889684905672591,0.0713089211704263,0.03845779729971291,0.08347194116874396,0.00028811981942051363,12,28,0.018287491089088212,0.02442861014249749,True,True,True,1.5794811686404815e-07,COMPLETE
938,0.3326725006103516,2025-04-15 04:26:17.572171,2025-04-15 04:26:38.833875,0 days 00:00:21.261704,0.6587078745912364,0.4853802208948839,8,0.01980091932085243,0.022142396950614207,0.03472569455598405,0.07567750874884363,0.03357334542108207,0.07888094143201702,0.00024612910885217596,12,30,0.020367946260491546,0.01982958921306144,True,True,True,2.365801165091758e-07,COMPLETE
939,0.48334354162216187,2025-04-15 04:26:39.140717,2025-04-15 04:27:00.375262,0 days 00:00:21.234545,0.5894905610649803,0.4330771796979427,8,0.034920779632051986,0.014252811808372783,0.001304851524638273,0.07827845157127539,0.03554895481553517,0.07673892430176331,0.00030436344441922634,12,28,0.018835414088442845,0.010964103231754584,True,True,True,2.667032018304382e-07,COMPLETE
940,0.33966352939605715,2025-04-15 04:27:00.667867,2025-04-15 04:27:22.755589,0 days 00:00:22.087722,0.5747814036803104,0.45765228417733284,8,0.027851309807299572,0.01490042450024042,0.03769172106444241,0.07888709641127244,0.03881814212566775,0.08221966687255218,0.035230757573494885,13,34,0.01636767949507919,0.012152073812407727,True,True,True,1.1478040734039821e-07,COMPLETE
941,0.388696825504303,2025-04-15 04:27:23.059336,2025-04-15 04:27:45.199576,0 days 00:00:22.140240,0.6259066153320457,0.43939332896113475,8,0.050809003953782246,0.0266783506398295,0.03591295873158496,0.06356742128206055,0.0373182360287692,0.07638495681301892,0.00019577505770466242,13,27,0.020799092170611714,0.1490076648568205,True,True,True,1.7330473768100478e-07,COMPLETE
942,0.3544414401054382,2025-04-15 04:27:45.506983,2025-04-15 04:28:06.790483,0 days 00:00:21.283500,0.7267517994760037,0.4880490316299526,8,0.037609764893905044,0.02003678539367111,0.0333978247023297,0.07651128958512919,0.03264248308071536,0.07904527570473109,0.00024898544299511944,12,31,0.01714612133953123,0.0182828494518625,True,True,True,2.044943266910975e-07,COMPLETE
943,0.2567779898643494,2025-04-15 04:28:07.099219,2025-04-15 04:28:28.597814,0 days 00:00:21.498595,0.6092688318999595,0.5059860857328845,8,0.016429077215176998,0.01322816809151522,0.036325886502300404,0.07276436379710421,0.03477727166853595,0.08483077671078747,0.0003070114336399931,12,27,0.019779846493660637,0.025305596018597474,True,True,True,1.3591789012947228e-07,COMPLETE
944,0.3963555932044983,2025-04-15 04:28:28.906395,2025-04-15 04:28:51.034651,0 days 00:00:22.128256,0.6111583820937937,0.4303480454706591,8,0.04467030559171119,0.014843989604955908,0.03392898945824681,0.0684306344786217,0.04422111604941007,0.0805634427468111,0.0003631178987111653,13,36,0.022131801943263613,0.01130712912686602,True,True,True,2.7638692835282255e-07,COMPLETE
945,0.18795708417892457,2025-04-15 04:28:51.328692,2025-04-15 04:29:13.567526,0 days 00:00:22.238834,0.6701489938952233,0.4593290701072597,8,0.02237857058611386,0.028960246291795166,0.0394898551425959,0.07397187867398806,0.03349141712382138,0.08894730882350826,0.0002576892995306784,13,30,0.016639117383534234,0.017943339874815,True,True,True,1.5822149935724865e-07,COMPLETE
946,0.4052379131317139,2025-04-15 04:29:13.874488,2025-04-15 04:29:35.340954,0 days 00:00:21.466466,0.6363118486926689,0.4791451325624,8,0.030841989531042786,0.02042839732831653,0.03245781771444986,0.07970576363434034,0.04195443820294467,0.07618668515652506,0.00022939132516677836,12,33,0.018790203380407874,0.011410015834205218,True,True,True,2.0741922516663487e-07,COMPLETE
947,0.37773600220680237,2025-04-15 04:29:35.648546,2025-04-15 04:29:57.577542,0 days 00:00:21.928996,0.5362037371870377,0.43767361189598303,8,0.00033603245521483804,0.014356009373823822,0.035779975160915106,0.07664294779535494,0.03652930036580153,0.07870743660310799,0.0003270550787902749,13,27,0.015066252198705204,0.25677407978622413,True,True,True,2.7122686192870786e-07,COMPLETE
948,0.18795708417892457,2025-04-15 04:29:57.887561,2025-04-15 04:30:47.028659,0 days 00:00:49.141098,0.7031579168197334,0.464094044236045,2,0.039094307877830414,0.02309081606728635,0.03744920772501524,0.07834078730315455,0.04023455806702396,0.08234481611259035,0.00019732980702808842,12,29,0.02177053485880425,0.026178957850521406,True,True,True,1.1545548116015311e-07,COMPLETE
949,0.49647985696792607,2025-04-15 04:30:47.321095,2025-04-15 04:31:09.317627,0 days 00:00:21.996532,0.5609480678433554,0.4269909295588606,8,0.025018889091761178,0.013459277156188866,0.03202854654282217,0.07084909364759616,0.03567364522946829,0.08000191567662725,0.002043179814501287,13,38,0.019113371156544386,0.018188105690949474,True,True,True,1.5564940523077625e-07,COMPLETE
950,0.4353156447410584,2025-04-15 04:31:09.623678,2025-04-15 04:31:31.630801,0 days 00:00:22.007123,0.5162468419520925,0.44487522495134435,8,0.03339116742766467,0.01875743742726206,0.034588984876340344,0.0748147655813313,0.032462751001554546,0.07568289590096143,0.00028081357256302616,13,27,0.09715071950701515,0.011404506559726897,True,True,True,2.0075805319503377e-07,COMPLETE
951,0.3171654105186463,2025-04-15 04:31:31.937962,2025-04-15 04:31:53.108502,0 days 00:00:21.170540,0.6079586411223492,0.47846175636176136,8,0.012936325400345672,0.012940543929734722,0.031524996709681855,0.07989051091616417,0.038130455143671096,0.07748864091565655,0.0003733080082500311,12,32,0.07896577676047291,0.020129228498875013,True,True,True,1.3465108766006292e-07,COMPLETE
952,0.280653589963913,2025-04-15 04:31:53.417781,2025-04-15 04:32:15.479547,0 days 00:00:22.061766,0.7398284229845566,0.42177898581280415,8,0.05418334499644225,0.030758542318037922,0.03440788170042488,0.05225356001003339,0.030632874592388882,0.08329217388229396,0.0002969392283670765,13,27,0.02337332793742455,0.012073904259910236,True,True,True,2.481120700641397e-07,COMPLETE
953,0.4151029109954834,2025-04-15 04:32:15.788394,2025-04-15 04:32:36.998004,0 days 00:00:21.209610,0.6469724754472763,0.4527034761642123,8,0.0450418841407544,0.020238423605215584,0.030515859751126716,0.0768710361266812,0.034200062899780975,0.08056709038655234,0.00018724489111097425,12,26,0.02052553834978524,0.02477088431067092,True,True,True,1.8467434469047853e-07,COMPLETE
