number,value,datetime_start,datetime_complete,duration,params_alpha-eval,params_alpha-train,params_batch-size,params_eps-eval,params_eps-train,params_lambda-actions-eval,params_lambda-actions-train,params_lambda-frames-eval,params_lambda-frames-train,params_learning-rate,params_n-epochs,params_n-frames,params_radius-gw,params_rho,params_std-feats,params_ub-actions,params_ub-frames,params_weight-decay,state
616,0.5426126003265381,2025-04-13 05:40:07.738925,2025-04-13 05:40:29.607709,0 days 00:00:21.868784,0.8633074408688155,0.07172904721383876,8,0.019724568391699532,0.02095523044787869,0.006074316133496649,0.0963365197359671,0.008063817872002069,0.04096000643259137,0.00011028001834639604,13,22,0.01480684517073678,0.23283697964559893,False,True,True,0.00010220526578274262,COMPLETE
617,0.43336371183395384,2025-04-13 05:40:29.801595,2025-04-13 05:40:52.460110,0 days 00:00:22.658515,0.8448068692844196,0.0416827452552537,8,0.024175415960709615,0.015968183157476536,0.004396774852016933,0.09448136368104254,0.07543525583674171,0.04565061022635819,8.180408030337791e-05,14,26,0.002339045434454798,0.14794082962387853,False,False,True,0.0001784476636799444,COMPLETE
618,0.3319180727005005,2025-04-13 05:40:52.666261,2025-04-13 05:41:15.143806,0 days 00:00:22.477545,0.8322985059326559,0.010638753579143359,8,0.014935248618873643,0.020800228685662805,0.006471729056474326,0.09002850841894947,0.07932244156288115,0.06694032543375263,0.00011588780902301287,14,23,0.012276772295513322,0.22122193733023737,False,True,True,0.000390910574304216,COMPLETE
619,0.31937828063964846,2025-04-13 05:41:15.339126,2025-04-13 05:41:37.358066,0 days 00:00:22.018940,0.7820899150051165,0.07478246188586798,8,0.023967871240400854,0.013336198673439738,0.003903912067987395,0.09676272284170255,0.06283509171094617,0.04471002384018104,0.000173164326336934,13,24,0.0067512656199349205,0.2140934453873694,False,True,True,0.00011040551637323,COMPLETE
620,0.5826959729194641,2025-04-13 05:41:37.567427,2025-04-13 05:42:00.866579,0 days 00:00:23.299152,0.8532325140167368,0.10963636867025792,8,0.01746585091682916,0.01058105073134831,0.004291065621083435,0.09206192817173278,0.010061411325197389,0.04230896283557757,0.00013233528480302632,15,30,0.005416358125806111,0.2368895181179256,False,True,True,0.00014430052474220467,COMPLETE
621,0.41209825277328493,2025-04-13 05:42:01.065828,2025-04-13 05:42:24.420119,0 days 00:00:23.354291,0.879114812208287,0.0947180977887121,8,0.01751379427228516,0.0808073697146503,0.004365139887062713,0.0915171805689971,0.08611780638647024,0.041335730912841276,9.786519447322994e-05,15,29,0.004905994178090239,0.23810560442642675,False,True,True,0.00014979333733359978,COMPLETE
622,0.18795708417892457,2025-04-13 05:42:24.629417,2025-04-13 05:42:46.767400,0 days 00:00:22.137983,0.9204478841124365,0.05838950570959414,8,0.014651878111249721,0.12179051683985076,0.0062097560872821185,0.09273871555282241,0.0927042678134995,0.042792997667661835,7.407522539882372e-05,14,31,0.008616918133088004,0.23880092994947344,False,True,True,0.00012498001644554454,COMPLETE
623,0.43574749231338505,2025-04-13 05:42:46.964573,2025-04-13 05:43:08.520466,0 days 00:00:21.555893,0.9094118410299306,0.030226983658686778,8,0.02076449216127388,0.010707717329742556,0.0036910534781402706,0.09462143311682741,0.00823285436451892,0.04613599730222025,0.0001290226412260457,13,33,0.0010053151212719258,0.23313475608475756,False,True,True,0.0002669443218124506,COMPLETE
624,0.44327316284179685,2025-04-13 05:43:08.728959,2025-04-13 05:43:31.888605,0 days 00:00:23.159646,0.8584550318600018,0.10534591990735521,8,0.025523047579077765,0.010012147581819083,0.002882183811291821,0.09004186291610516,0.006641011563412208,0.04376210728743953,0.00010731544293427246,15,37,0.004154765905799838,0.23074211230596892,False,True,True,0.00021409464943192568,COMPLETE
625,0.4220874190330506,2025-04-13 05:43:32.086026,2025-04-13 05:43:55.288818,0 days 00:00:23.202792,0.8577788749325412,0.08422927261173808,8,0.014515507551127344,0.015078100427226142,0.00603439455004094,0.0956690048469411,0.03145155281901099,0.04022127503041265,0.00017325401920621956,15,36,0.006264110379800285,0.23541177712688213,False,True,True,0.00017890282145605228,COMPLETE
626,0.44671398401260376,2025-04-13 05:43:55.498778,2025-04-13 05:44:12.763591,0 days 00:00:17.264813,0.8139529309291437,0.05137860926972964,16,0.021693867452865046,0.007408295067756776,0.0026235168926724397,0.09226006373762013,0.011003618562406954,0.047577967409627706,0.00013418601052465993,14,34,0.008521832088532954,0.23883311908481128,False,True,True,0.0001502862210339248,COMPLETE
627,0.45616379976272586,2025-04-13 05:44:12.960098,2025-04-13 05:44:35.021460,0 days 00:00:22.061362,0.8318590658631528,0.07288294901186532,8,0.02790907972417296,0.00659535428154014,0.004705082978267966,0.08786966329675039,0.07109211406686522,0.042636748104853024,9.326055331969624e-05,13,31,0.011993278029239038,0.22832219784866303,False,True,True,0.00031363487665230866,COMPLETE
628,0.19395743012428285,2025-04-13 05:44:35.230709,2025-04-13 05:44:57.046812,0 days 00:00:21.816103,0.8547948837792271,0.10639366221573372,8,0.018056519040621548,0.09973990251914014,0.0010347479055444865,0.09024096575143879,0.010090000343657334,0.04496685906148102,0.00018547385634585194,13,27,0.004583218265798005,0.2220826103767553,False,True,True,0.0005098256736162715,COMPLETE
629,0.4492201685905457,2025-04-13 05:44:57.245833,2025-04-13 05:45:19.535432,0 days 00:00:22.289599,0.8816653736082711,0.03898875730306665,8,0.02588301036956402,0.014844389460217952,0.0063980834947303285,0.08723390281310671,0.006031417058827024,0.04668316140943723,0.00012189043888036413,14,27,0.014687153967098621,0.21275086956221126,False,True,True,0.00020658375569361788,COMPLETE
630,0.18795708417892457,2025-04-13 05:45:19.746551,2025-04-13 05:45:41.808627,0 days 00:00:22.062076,0.8348096319975067,0.08530967788167253,8,0.031878087378698065,0.2454305836229786,0.0010415012430587233,0.09274334077673288,0.005520979351058011,0.051223118622325,0.00015385497242999418,14,25,0.007442033007795315,0.22856065103342169,False,True,True,0.00012915664076788489,COMPLETE
631,0.4629705667495728,2025-04-13 05:45:42.007269,2025-04-13 05:46:03.413191,0 days 00:00:21.405922,0.793778970357065,0.05960919620938013,8,0.02107084433196134,0.0066865246420483165,0.004419277762848022,0.08915251579690399,0.0763022053999508,0.04097723005285065,8.037900080811633e-05,12,31,0.010078471711590882,0.2398497971616255,False,True,True,0.0002532074961801251,COMPLETE
632,0.2797493398189545,2025-04-13 05:46:03.626820,2025-04-13 05:46:26.723871,0 days 00:00:23.097051,0.8567694993862272,0.11515412503423116,8,0.013688298075484818,0.017063139437593352,0.0066322434156745385,0.08584820267397548,0.008972008837078736,0.04561600316935578,0.0001118426975752326,15,24,0.0029115352942455743,0.21706722661455163,False,True,True,0.00010732196161261877,COMPLETE
633,0.3860741138458252,2025-04-13 05:46:26.926692,2025-04-13 05:46:48.885769,0 days 00:00:21.959077,0.8043803735351671,0.03540415393419915,8,0.031268802986126616,0.01090454401775775,0.00279303010247385,0.09110271525351632,0.006733141932554633,0.0430706729421223,0.00014229940330252332,13,29,0.01598212612033514,0.2346275369077746,True,True,True,0.00017582065387755408,COMPLETE
634,0.2721076011657715,2025-04-13 05:46:49.098764,2025-04-13 05:47:11.209096,0 days 00:00:22.110332,0.8968990894868585,0.06918793656076316,8,0.024515456508623423,0.02100649496175015,0.004492669790980922,0.09357446169517787,0.004185283524927054,0.049825197493768854,0.00010284808957585769,14,21,0.006285533003761866,0.15484198129421525,False,True,True,0.0003629401816395204,COMPLETE
635,0.43823252916336064,2025-04-13 05:47:11.410033,2025-04-13 05:47:32.878150,0 days 00:00:21.468117,0.7863979388245643,0.11047100612371796,8,0.03416070177281167,0.006569637289474297,0.043914397427548,0.09716645089722764,0.06716651689744747,0.047623884572606835,0.00018727261638573945,13,23,0.012702654637398687,0.22638061136229087,False,False,True,8.815029453745336e-05,COMPLETE
636,0.2964987576007843,2025-04-13 05:47:33.092510,2025-04-13 05:47:54.072235,0 days 00:00:20.979725,0.8205134587260394,0.09126656787190265,8,0.015461986977381666,0.013475720473885344,0.002912239435026774,0.08843416341107882,0.008092384931796988,0.06202803602971253,0.00015230745684611594,12,26,0.008462095634265181,0.21963485190550258,False,True,True,0.0002467535921528615,COMPLETE
637,0.47727383375167853,2025-04-13 05:47:54.272935,2025-04-13 05:48:15.554625,0 days 00:00:21.281690,0.8436415578573289,0.02479195236606291,8,0.028289943414484413,0.0001226032995840874,0.00608148492271249,0.08621661998539458,0.004969911726797531,0.057492977591462366,0.00017829339600891579,12,21,0.011297762865992773,0.232583023403431,False,True,True,0.000145542441554479,COMPLETE
638,0.18795708417892457,2025-04-13 05:48:15.767353,2025-04-13 05:48:39.119524,0 days 00:00:23.352171,0.7733903390501151,0.054963952206080566,8,0.01986573561558442,0.16611013561894883,0.007111893253977564,0.08286893063380926,0.06020865742069718,0.0441524477868154,0.0001242807258884431,15,33,0.004975805410357168,0.2406499419997754,False,True,True,0.00019607687318512593,COMPLETE
639,0.18795708417892457,2025-04-13 05:48:39.322218,2025-04-13 05:49:01.327252,0 days 00:00:22.005034,0.819048606181988,0.08589597146358408,8,0.18452994503285688,0.018814728580162553,0.004196328039670029,0.08944964018919352,0.01022991887258488,0.040423138784572876,6.0944965549084776e-05,14,23,0.013540421567903211,0.2118858632561315,False,True,True,0.0001216554948567604,COMPLETE
640,0.385386073589325,2025-04-13 05:49:01.540793,2025-04-13 05:49:25.645415,0 days 00:00:24.104622,0.765723887757934,0.012032301028258072,8,0.03534011121860052,0.010671871967918228,0.001079452080500773,0.0915938530455752,0.0069425402755112445,0.04577866705784417,8.517774382613675e-05,16,28,0.015928780773151536,0.2269535246050947,False,True,True,0.00032938840309592823,COMPLETE
641,0.5733774423599243,2025-04-13 05:49:25.846804,2025-04-13 05:49:47.559251,0 days 00:00:21.712447,0.7963100485273193,0.10995457835193584,8,0.024688464534921017,0.005940728864647846,0.0029325227667121373,0.08735497141921059,0.004558073669913738,0.048387674078926315,0.00013410471299392688,13,21,0.00689054277335073,0.2184078183750451,False,True,True,0.0001675416561919376,COMPLETE
642,0.3193646490573883,2025-04-13 05:49:47.772302,2025-04-13 05:50:09.843805,0 days 00:00:22.071503,0.7981212678471805,0.11142715628513913,8,0.022144581782216042,0.005867535230123961,0.06877235118919349,0.08532724344890098,0.05199064388635502,0.05082770439500827,0.0001190771680847221,13,26,0.006498553981485397,0.2195144011647348,False,True,True,0.00017813370849132761,COMPLETE
643,0.5610197544097901,2025-04-13 05:50:10.046829,2025-04-13 05:50:31.777516,0 days 00:00:21.730687,0.8192099833141349,0.09753711110106002,8,0.014122139641351094,0.006512123589308447,0.0028689273687773995,0.08796153883125753,0.0029802966496291,0.04889606232677392,0.00014131351926525206,13,20,0.009143660690613864,0.2220922171502471,False,True,True,0.00028431643736336835,COMPLETE
644,0.3327833771705627,2025-04-13 05:50:31.992821,2025-04-13 05:50:54.034334,0 days 00:00:22.041513,0.8407552227741694,0.11362701170557676,8,0.015137588113626737,0.005312627902672656,0.0029894376738908,0.08849190747818442,0.002727681892255035,0.053795967934645396,0.00014549504110309262,13,23,0.009624610917969765,0.22034384657215222,False,True,True,0.00031087228429901674,COMPLETE
645,0.49928992986679077,2025-04-13 05:50:54.237212,2025-04-13 05:51:43.179467,0 days 00:00:48.942255,0.8632895457550138,0.09778728552856292,2,0.011943987298024199,0.011649851486660874,0.004409379971932072,0.09066821141037885,0.0027639089701032814,0.048882569550611196,0.00017008545281784132,12,20,0.00907175586987672,0.21653548398505015,False,True,True,0.0004574677569404416,COMPLETE
646,0.34017807245254517,2025-04-13 05:51:43.393069,2025-04-13 05:52:05.128921,0 days 00:00:21.735852,0.8208172259200274,0.11444172597936439,8,0.016585642539565917,0.004987569092815558,0.0026541679602469954,0.09502197883514245,0.0010275583693879898,0.051660124608609304,0.00013348306247825667,13,25,0.011566231405877656,0.23107057820155139,False,True,True,0.0002561551289514926,COMPLETE
647,0.391678261756897,2025-04-13 05:52:05.348210,2025-04-13 05:52:22.742341,0 days 00:00:17.394131,0.8136222703492605,0.08740735522097867,16,0.011680269612214285,0.013168281872567314,0.001115276225803606,0.08380811340478538,0.08082109647683902,0.048340532718634005,0.00015282133730832174,13,106,0.0029752798991084023,0.09106801372033882,False,True,True,0.00020948698335759256,COMPLETE
648,0.41463336944580076,2025-04-13 05:52:22.950898,2025-04-13 05:52:44.268490,0 days 00:00:21.317592,0.8370526590425689,0.07445786135897531,8,0.020469348328581265,0.0003721905184590618,0.00475699127546375,0.08702423651174883,0.09959067392816384,0.047853349090908166,0.00018213008909621293,12,21,0.007789037499908471,0.22390204935070393,False,True,True,0.0002749111448234858,COMPLETE
649,0.3078643918037415,2025-04-13 05:52:44.490651,2025-04-13 05:53:07.026368,0 days 00:00:22.535717,0.7947067560420844,0.1188541582120525,8,0.01291506707871243,0.005804231393363818,0.002694119918400136,0.09284965002398747,0.005235340068042536,0.04971400535900339,1.953200764069879e-05,14,29,0.013572977096808967,0.2869560586508788,False,True,True,0.00023147272523146455,COMPLETE
650,0.17886431813240053,2025-04-13 05:53:07.230112,2025-04-13 05:53:28.717803,0 days 00:00:21.487691,0.8732212699885211,0.0999033784061526,8,0.027525814447826785,0.014123461462099132,0.005746747858724244,0.08935664900384499,0.08967714094930926,0.05283787141015606,0.00012600351724488304,13,23,0.009859855319490629,0.21263058765560033,False,True,True,0.00041261780128433315,COMPLETE
651,0.44501644372940063,2025-04-13 05:53:28.936887,2025-04-13 05:53:49.952498,0 days 00:00:21.015611,0.8117230886088462,0.12099875124262144,8,0.020669305126982958,0.010114549053176384,0.0010413154314533215,0.0817565861848051,0.06848397500772303,0.05528083041192529,0.00010987352027633204,12,19,0.007689954378859248,0.1368533266607871,False,True,True,0.00029099491368628536,COMPLETE
652,0.3481159567832947,2025-04-13 05:53:50.157048,2025-04-13 05:54:11.924250,0 days 00:00:21.767202,0.8502740467433093,0.07751830760170846,8,0.027076259425441274,0.0004885481818766044,0.004347632131207427,0.09078742922158771,0.004099577371370006,0.046642416954214116,0.0001486162315603319,13,26,0.01147524155407186,0.22133718004296124,True,True,True,0.00017311097080413107,COMPLETE
653,0.1855867087841034,2025-04-13 05:54:12.143712,2025-04-13 05:54:34.394565,0 days 00:00:22.250853,0.9536810864762755,0.0899982299317858,8,0.01604157530119921,0.017515948861292832,0.00612622784799733,0.0854718307697449,0.007437993238371073,0.05094401168636224,0.00018764211913899757,14,20,0.014570930190496243,0.23815554583232781,False,True,True,0.00035104060680023257,COMPLETE
654,0.31876463890075685,2025-04-13 05:54:34.602021,2025-04-13 05:54:55.786369,0 days 00:00:21.184348,0.7924764443033891,0.06219962622696199,8,0.030145256389928134,0.005425051235039021,0.003007396805752068,0.08770050555120312,0.002734888586979545,0.04704924360919951,0.00013326241313756836,12,23,0.004657200002653308,0.22981833435082924,False,True,True,0.00021710330721551479,COMPLETE
655,0.38175809383392334,2025-04-13 05:54:56.006064,2025-04-13 05:55:17.243777,0 days 00:00:21.237713,0.8281467038571162,0.12430951707586396,8,0.0236918779377457,0.010717520899904152,0.006585472538056764,0.09343741168516481,0.001057134718303954,0.04507193593396797,0.00015989389899564733,13,31,0.056578264027366605,0.21603725223745837,False,False,True,0.00015417535609537684,COMPLETE
656,0.49404517412185667,2025-04-13 05:55:17.449538,2025-04-13 05:55:39.829248,0 days 00:00:22.379710,0.8086484426785238,0.040039445371994276,8,0.01256454246030339,0.0002620922289656765,0.001046460354217169,0.08985314735631467,0.005744543212183382,0.042161247436711874,0.0001071275978258591,14,27,0.010282676341922583,0.22528553738213375,False,True,True,0.00021697204012595742,COMPLETE
657,0.5522356152534486,2025-04-13 05:55:40.052137,2025-04-13 05:56:01.022566,0 days 00:00:20.970429,0.7826133484927028,0.10023637115699546,8,0.03215837645056641,0.017329757061642005,0.004626684680100849,0.08606875971536417,0.008615706539578391,0.04839815063290581,0.000189367388906327,12,20,0.001204770952580383,0.2330836909294632,False,True,True,0.0002915510172134621,COMPLETE
658,0.44282163381576545,2025-04-13 05:56:01.230930,2025-04-13 05:56:22.837800,0 days 00:00:21.606870,0.7886881866201323,0.09586925476113474,8,0.03701773598337929,0.019658931962163118,0.0043990229759491625,0.08406938870187716,0.00676824217873097,0.04936608678663644,0.00013417711850713114,13,34,0.0031981207694167985,0.22964128062784642,False,True,True,0.00029968289200020916,COMPLETE
659,0.43420192003250124,2025-04-13 05:56:23.057936,2025-04-13 05:56:45.711962,0 days 00:00:22.654026,0.789119759467309,0.07231263874681007,8,0.03302009420870786,0.006214326695066042,0.003106986297389835,0.08657933708706618,0.009904873202674273,0.05247165844929864,0.0001716830667324088,14,52,0.003358632694224523,0.22048938948264676,False,True,True,0.0005489400326043223,COMPLETE
660,0.18458598256111147,2025-04-13 05:56:45.920033,2025-04-13 05:57:07.555007,0 days 00:00:21.634974,0.8131274710353378,0.11100974899301755,8,0.036295780007148344,0.11182748938933451,0.005463010797709266,0.0878509220821734,0.010828183383074341,0.04802675416685454,0.00011393048870769274,13,22,0.0019389164627374904,0.23438511383741137,False,True,True,0.000417914730108874,COMPLETE
661,0.5392097234725952,2025-04-13 05:57:07.775508,2025-04-13 05:57:28.784170,0 days 00:00:21.008662,0.7791152373944921,0.08804326447498259,8,0.030988384448082572,0.01971589555795978,0.0029402866932053203,0.08225833441186821,0.00962390237923624,0.04648879363960848,0.00018537012965402628,12,25,0.001548156402358648,0.22585440769300572,False,True,True,0.0002577634351744712,COMPLETE
662,0.2615355730056763,2025-04-13 05:57:28.993091,2025-04-13 05:57:51.384852,0 days 00:00:22.391761,0.8454388021694225,0.04873254267218545,8,0.038527335689248224,0.011145996267182203,0.004528752660167356,0.08529105333404814,0.00876384786263014,0.05035257135013206,9.258765483149358e-05,14,19,0.004797023561439483,0.21253272404912174,False,True,True,0.00035156709383051904,COMPLETE
663,0.18795708417892457,2025-04-13 05:57:51.605563,2025-04-13 05:58:13.239561,0 days 00:00:21.633998,0.7681512112435033,0.10156478335508407,8,0.2582411400300303,0.015201108735181731,0.007059710637088566,0.09834723184789457,0.007415901652742053,0.045211120784407366,0.09769621805066024,13,29,0.006379856323473541,0.2200257779484859,False,True,True,0.0001875541512335816,COMPLETE
664,0.5684048175811768,2025-04-13 05:58:13.448181,2025-04-13 05:58:34.311624,0 days 00:00:20.863443,0.8259735638458413,0.07441557528216225,8,0.027822013255252007,0.0001394614222723018,0.0028177111155517644,0.09122517063107667,0.011329935343809858,0.04833855644390051,0.00014710248662727358,12,20,0.0011704820291341582,0.23303235544727152,False,True,True,0.00013854950769511253,COMPLETE
665,0.3127128005027771,2025-04-13 05:58:34.532031,2025-04-13 05:58:55.639508,0 days 00:00:21.107477,0.8376631148875293,0.07229785485143381,8,0.024782265045292247,0.0001761305194038058,0.0011055621818522865,0.0957433369824708,0.003916541566329961,0.04886056554614347,0.00014613685760134012,12,24,0.0017267787426394265,0.23641086540406436,False,True,True,0.00015367274134751524,COMPLETE
666,0.3356840968132019,2025-04-13 05:58:55.863378,2025-04-13 05:59:16.824701,0 days 00:00:20.961323,0.8225614635827008,0.12342585638542578,8,0.0296525361944438,0.004316157967318407,0.003103911152208697,0.04065650213400676,0.007846612721311633,0.051295335496198864,0.00012655238241647795,12,21,0.0027207780062792324,0.23345636242990928,False,True,True,0.0001430761978364295,COMPLETE
667,0.40215870141983034,2025-04-13 05:59:17.033567,2025-04-13 06:00:05.831374,0 days 00:00:48.797807,0.8797033296928256,0.09641273851905244,2,0.026043715390074572,0.006010346761719241,0.0029415433277167795,0.0916693650623957,0.011097732039109576,0.04728855821749223,0.00015817327222390307,12,27,0.00457074505380684,0.23921749573041354,False,True,True,0.00025259506808543214,COMPLETE
668,0.5020785450935363,2025-04-13 06:00:06.053947,2025-04-13 06:00:27.822462,0 days 00:00:21.768515,0.8617183464615185,0.06607846132656957,8,0.018990941483606787,0.006110418657867627,0.004590154730391167,0.08894373725829557,0.005772035751798905,0.043445603845776004,0.00010487038916375836,13,21,0.0015242859078628316,0.23142776261852815,False,True,True,0.00019111976886743108,COMPLETE
669,0.23288393020629883,2025-04-13 06:00:28.036202,2025-04-13 06:00:49.642429,0 days 00:00:21.606227,0.8063758218693259,0.10930012720849681,8,0.03195160017323242,0.009395722310580695,0.08809753177310342,0.09330824149721108,0.0035452626082773993,0.048560304431188986,3.300986670904091e-05,13,24,0.0010972087663816612,0.22913568977029172,False,True,True,0.00028470990975708647,COMPLETE
670,0.4452499628067017,2025-04-13 06:00:49.868779,2025-04-13 06:01:12.104423,0 days 00:00:22.235644,0.8297162527354914,0.08078563419962705,8,0.021894936636086652,0.0068545713887412495,0.00287799872545629,0.09099800534308598,0.0028407317145292157,0.04547904858578424,7.730039193712502e-05,14,19,0.0068667651831201045,0.24116386033215384,False,True,True,0.00015465444776262532,COMPLETE
671,0.28117879629135134,2025-04-13 06:01:12.315109,2025-04-13 06:01:29.286398,0 days 00:00:16.971289,0.7990907019080675,0.12656845563803593,16,0.026734914837051458,0.00529567027131767,0.0049768169541460185,0.08847877620212741,0.0010491331865594847,0.05074565525077733,0.00018708364643751444,12,28,0.004156953051194397,0.23598203211667604,True,True,True,0.00044403352695236156,COMPLETE
