number,value,datetime_start,datetime_complete,duration,params_alpha-eval,params_alpha-train,params_batch-size,params_eps-eval,params_eps-train,params_lambda-actions-eval,params_lambda-actions-train,params_lambda-frames-eval,params_lambda-frames-train,params_learning-rate,params_n-epochs,params_n-frames,params_radius-gw,params_rho,params_std-feats,params_ub-actions,params_ub-frames,params_weight-decay,state
1176,0.38247983455657963,2025-04-13 08:55:04.587813,2025-04-13 08:55:22.977318,0 days 00:00:18.389505,0.26721987397840374,0.07998232611329219,16,0.01884814968624401,0.006363996901766642,0.027147565140955874,0.08563947741001246,0.04613147676519197,0.08360007180243996,0.00012352790612049907,17,28,0.016647116500470557,0.013932109524149878,False,True,True,0.00022372172191321196,COMPLETE
1177,0.6031443476676941,2025-04-13 08:55:23.358473,2025-04-13 08:55:42.448043,0 days 00:00:19.089570,0.8141512757785891,0.05830466281438359,16,0.026049863762897304,0.01201260191074078,0.03693874562327827,0.08097319870649768,0.028371332809421494,0.08707502194173031,0.0001263924610120426,19,36,0.014115627665653031,0.03268525564555624,False,True,True,0.00026286088744436166,COMPLETE
1178,0.18795708417892457,2025-04-13 08:55:42.835293,2025-04-13 08:56:01.451858,0 days 00:00:18.616565,0.8098949932042968,0.07172681514239504,16,0.08268295383883406,0.00015615773714771145,0.035766390098911915,0.07789563817029997,0.026750860710527798,0.08842909621507249,6.003668979334649e-05,19,31,0.017364881019144754,0.03322659685087895,False,True,True,0.00016848537097678936,COMPLETE
1179,0.5204467892646789,2025-04-13 08:56:01.834339,2025-04-13 08:56:21.132710,0 days 00:00:19.298371,0.8115842761902827,0.10090009128048226,16,0.028070993321884515,0.014410569884479064,0.07884940255253757,0.08117514156788633,0.02994970127144837,0.08673904453860087,8.065264623322878e-05,19,35,0.02057022384900068,0.03440792773201322,False,True,True,0.00023029380302437314,COMPLETE
1180,0.5833255529403687,2025-04-13 08:56:21.514683,2025-04-13 08:56:40.575205,0 days 00:00:19.060522,0.8025377743719504,0.08489790561283493,16,0.02629523539604347,0.02080852284930187,0.034283518008135304,0.08111140188991336,0.036673652484227694,0.0897314282320003,0.00011672498910494968,19,33,0.015077761501798067,0.030109548005922165,False,True,True,0.00028134888486357424,COMPLETE
1181,0.18795708417892457,2025-04-13 08:56:40.956735,2025-04-13 08:57:00.019200,0 days 00:00:19.062465,0.8230445357544176,0.06918279731380646,16,0.026316183612908287,0.11480432067689526,0.03675745769966787,0.08195284682195346,0.04534435614268919,0.08473267705003164,9.801746115420591e-05,19,30,0.01449509989244286,0.03842839288676122,False,True,True,0.00012642712164191396,COMPLETE
1182,0.5982454776763917,2025-04-13 08:57:00.403396,2025-04-13 08:57:19.670677,0 days 00:00:19.267281,0.8241938566295514,0.05656053840071368,16,0.021013905438027145,0.009521580346225727,0.03203398196342968,0.080219755971179,0.0381312510658586,0.0872975893711012,9.656024371371052e-05,19,36,0.017554721575880245,0.026855518251603785,False,True,True,0.00020492428976044238,COMPLETE
1183,0.18795708417892457,2025-04-13 08:57:20.052686,2025-04-13 08:57:39.007198,0 days 00:00:18.954512,0.7959012323320896,0.03189536231536853,16,0.024935063607023442,0.12615446793155616,0.029166150495892235,0.08023802824116902,0.02881033281095858,0.08757392426842378,6.314384693122029e-05,19,34,0.01868967250297614,0.03331666653382028,False,True,True,0.00023923108533488018,COMPLETE
1184,0.39287647008895876,2025-04-13 08:57:39.393453,2025-04-13 08:57:58.419269,0 days 00:00:19.025816,0.8148457531410037,0.05139096564736699,16,0.02584394984360367,0.005962078649857991,0.030404790866053737,0.07719584219661348,0.03945800369952647,0.09046259468282039,7.504188871238026e-05,19,39,0.018962501921237253,0.027145335698295612,False,True,True,0.00015961093568813648,COMPLETE
1185,0.3918367981910706,2025-04-13 08:57:58.808189,2025-04-13 08:58:17.871721,0 days 00:00:19.063532,0.8469082377692442,0.05365956040165334,16,0.02253869039278359,0.005918907389688174,0.031326215034667704,0.07898730352522802,0.040028136676113914,0.08614291147540763,8.752149630866653e-05,19,28,0.020131406417827073,0.02658419969330514,False,True,True,0.0002648769244936855,COMPLETE
1186,0.37466907501220703,2025-04-13 08:58:18.259929,2025-04-13 08:58:37.221491,0 days 00:00:18.961562,0.8717568234091697,0.03487879221006674,16,0.021442909703742942,0.012088668568188507,0.02832451622970339,0.0807071635769466,0.03354128072909861,0.08845483393668664,8.349056579792139e-05,19,36,0.017528870655616324,0.03526940299698835,False,True,True,0.0002026882885444852,COMPLETE
1187,0.39120713472366336,2025-04-13 08:58:37.609415,2025-04-13 08:59:45.861266,0 days 00:01:08.251851,0.8053829986389397,0.030765902964691387,2,0.02013804819219656,0.005552450861419703,0.033294460976821295,0.07936739669172888,0.036267206793153005,0.08657851730392506,9.732173798544216e-05,19,31,0.020609795373325517,0.022715340599796158,False,True,True,0.00029897545454624633,COMPLETE
1188,0.5905019164085388,2025-04-13 08:59:46.248818,2025-04-13 09:00:05.138883,0 days 00:00:18.890065,0.832357883576535,0.053293743738547165,16,0.028255998490733087,0.010339762977540178,0.031201690001906857,0.08294465713420307,0.04214249937727594,0.0896262536850171,0.00010024837024023092,18,33,0.01854177600963149,0.029791571143184543,False,True,True,0.00020115484978683277,COMPLETE
1189,0.39282327890396124,2025-04-13 09:00:05.526436,2025-04-13 09:00:24.324476,0 days 00:00:18.798040,0.9121829864824991,0.030549353078193085,16,0.008136515509425544,0.005740083003829153,0.026048543836506528,0.08252694067182686,0.03621768783153858,0.08483998884469604,7.059639080176585e-05,18,37,0.016174936931255098,0.04059271941552371,False,True,True,0.000284440335316318,COMPLETE
1190,0.3429601669311524,2025-04-13 09:00:24.711914,2025-04-13 09:00:43.595685,0 days 00:00:18.883771,0.8517304178435188,0.06330740305546825,16,0.014378511797422321,0.00015907710125306592,0.03242770100007776,0.07813009463864014,0.04025365582089539,0.08154482795736208,0.000103006338547878,19,27,0.015894656019124806,0.02177208580266559,False,True,False,0.000134130595139966,COMPLETE
1191,0.18795708417892457,2025-04-13 09:00:43.985262,2025-04-13 09:01:02.416442,0 days 00:00:18.431180,0.8208829789834711,0.04968492935539348,16,0.2140682367293063,0.01037608647863792,0.02381733061897056,0.07986701688352721,0.03756304393346876,0.08773336327802914,5.476881241600522e-05,18,41,0.017140545827760752,0.030394829332001702,False,True,True,0.0002396162971092245,COMPLETE
1192,0.1883589088916779,2025-04-13 09:01:02.810302,2025-04-13 09:01:22.003126,0 days 00:00:19.192824,0.8828590171414326,0.027223839856573187,16,0.2001936984938497,0.006003514720598442,0.029284660851132207,0.08373029830860879,0.038380221040736295,0.08385698310870383,8.142466857214162e-05,20,33,0.018457213829771044,0.02462034940586834,False,True,True,0.00017159569008072005,COMPLETE
1193,0.3752311825752258,2025-04-13 09:01:22.392753,2025-04-13 09:01:41.969178,0 days 00:00:19.576425,0.8015260776564201,0.06293859528250405,16,0.0069668539749938516,0.013994863231182195,0.03245176594127024,0.08006100971945287,0.03460664354715279,0.09179853704799093,0.0031649338831632582,19,36,0.014045628711538586,0.03395290845413787,True,False,True,0.00022406364208239456,COMPLETE
1194,0.43431543111801146,2025-04-13 09:01:42.357499,2025-04-13 09:02:00.998927,0 days 00:00:18.641428,0.8339299668760606,0.04255246363563869,16,0.021650302730469966,0.01045445404832953,0.03462380965942995,0.08261218512249868,0.04331174593372139,0.08602648408713763,0.00011427272474974141,18,39,0.0708215514314499,0.019236336499279427,False,True,True,0.0003137475827403961,COMPLETE
1195,0.3929952383041382,2025-04-13 09:02:01.390800,2025-04-13 09:02:20.052101,0 days 00:00:18.661301,0.8593862851308112,0.028624766232126522,16,0.014542148477522212,0.005549004767798561,0.03028049290802884,0.08416244522489855,0.03176604245665818,0.08220798995383234,9.240106937271409e-05,18,29,0.021095025454846476,0.04002282106992591,False,True,True,0.00029230222924105114,COMPLETE
1196,0.18795708417892457,2025-04-13 09:02:20.443753,2025-04-13 09:02:40.430389,0 days 00:00:19.986636,0.8140992259250568,0.06729591929852607,16,0.027889458563310585,0.15932113972360343,0.034354194871016354,0.08167219991437759,0.04224360927846189,0.09424932690222718,0.0001229870360519019,20,109,0.016470084675501893,0.0264513870161825,False,True,True,0.00017101643747175909,COMPLETE
1197,0.19084607958793642,2025-04-13 09:02:40.821790,2025-04-13 09:02:59.988006,0 days 00:00:19.166216,0.8428931575533026,0.045525120429992585,16,0.006869090566740029,0.00026799071092037147,0.03164987022441578,0.030560059638369923,0.03899816843516814,0.08872242696815341,0.00010919356279156458,19,44,0.014398475470814506,0.019645270034756912,False,True,True,0.00022300772776189225,COMPLETE
1198,0.43291440010070803,2025-04-13 09:03:00.379714,2025-04-13 09:03:18.981813,0 days 00:00:18.602099,0.8696407348403483,0.07509634670545082,16,0.013091022947209915,0.01441652301237425,0.03535709216708639,0.08463045208430911,0.04456838077319072,0.08497594601153134,0.03342824209818658,18,31,0.017813569107895687,0.026552127987890327,False,True,True,0.0003127867772189629,COMPLETE
1199,0.2001860320568085,2025-04-13 09:03:19.372900,2025-04-13 09:03:38.420928,0 days 00:00:19.048028,0.9019808222726587,0.0300273465997562,16,0.01980521612713655,0.00031012448157246523,0.028238801407363928,0.08269399305000731,0.04808564670851503,0.08072890588272402,7.257314379530882e-05,19,35,0.01476594141555638,0.018148940133890595,False,True,True,0.0001368908152459125,COMPLETE
1200,0.34984965324401857,2025-04-13 09:03:38.812418,2025-04-13 09:03:57.569237,0 days 00:00:18.756819,0.831648015351133,0.055850708088897486,16,0.005928205378142041,0.010113145618957032,0.03270741733723472,0.07858301911350646,0.034644844497146006,0.09132841173576113,0.00012482270229276365,18,39,0.012688186199395109,0.031173523712187505,False,True,True,1.7819949021586322e-07,COMPLETE
1201,0.5364683508872986,2025-04-13 09:03:57.963622,2025-04-13 09:04:17.548405,0 days 00:00:19.584783,0.8562794449438644,0.026572421295829117,16,0.012459636494826412,0.020081507561649788,0.02051101444223972,0.08115527213766884,0.04118654741279986,0.08455630300925336,8.914336874195892e-05,20,33,0.019808058805499337,0.022875393255111544,False,True,True,1.91188030964967e-06,COMPLETE
1202,0.6012891054153443,2025-04-13 09:04:17.939273,2025-04-13 09:04:36.710882,0 days 00:00:18.771609,0.8000398680625225,0.04905235800576275,16,0.027731667886817524,0.005275094182995694,0.036252910433887675,0.08525793343097707,0.04400586964841252,0.08698691716894257,0.00012545917914581113,18,36,0.016648510405723477,0.035487048781442244,False,True,True,0.0002701575581844598,COMPLETE
1203,0.42311282157897956,2025-04-13 09:04:37.102808,2025-04-13 09:04:56.019918,0 days 00:00:18.917110,0.7868527646104515,0.08795380601742311,16,0.0282485454560329,0.005630421200227775,0.03360709940895159,0.08547051169320735,0.04450365800643911,0.09013781359668288,0.0001090863243438404,18,27,0.020906147450495568,0.04099467982974957,False,True,True,0.00019847495260943168,COMPLETE
1204,0.38494253158569336,2025-04-13 09:04:56.412723,2025-04-13 09:05:15.048741,0 days 00:00:18.636018,0.789851444105128,0.07544432827104007,16,0.028974198080105068,0.014827036609317605,0.030159143605610964,0.08307964014238368,0.043254575584437696,0.08677824491398183,6.450452308647625e-05,18,30,0.016698737420754537,0.034264142997774444,False,True,True,0.00024496363856927364,COMPLETE
1205,0.43637410402297977,2025-04-13 09:05:15.444911,2025-04-13 09:05:34.274016,0 days 00:00:18.829105,0.7969824409413973,0.06730173597461886,16,0.024959202387763484,0.00023418940472117507,0.035292881021585905,0.08458939437655973,0.04664815681661271,0.08856937682543764,9.839080299765582e-05,18,40,0.0190726726598457,0.04249335650046433,False,True,True,0.00015160132151245554,COMPLETE
1206,0.5880554676055908,2025-04-13 09:05:34.668186,2025-04-13 09:06:40.579115,0 days 00:01:05.910929,0.7948755614881544,0.08844468358902344,2,0.028720011102518452,0.0002170917062286398,0.03207299587471795,0.08511208886215298,0.04106756306310007,0.08734137832729007,0.00012295769047451132,18,33,0.01760629751713071,0.04554741060012166,False,True,True,0.00011339781373776653,COMPLETE
1207,0.39167423248291017,2025-04-13 09:06:40.970344,2025-04-13 09:06:59.026782,0 days 00:00:18.056438,0.8179175276942284,0.058507863076601344,16,0.028059482303937455,0.011032369779933222,0.036674000702348206,0.08162700434102162,0.039191667522218025,0.09235442859888775,7.945142359607088e-05,17,37,0.0472320346170793,0.03701546459917853,False,True,True,0.00017627671508947695,COMPLETE
1208,0.3929952383041382,2025-04-13 09:06:59.423940,2025-04-13 09:07:18.146837,0 days 00:00:18.722897,0.8069226472408005,0.07678427584270772,16,0.022823206551984502,0.009736986391724404,0.025520153605318827,0.08324790989050165,0.04458295760280032,0.08958095010832025,9.708622283218957e-05,18,42,0.016114133226787862,0.031114757471478287,False,True,True,0.00023074224644599947,COMPLETE
1209,0.2261913299560547,2025-04-13 09:07:18.546185,2025-04-13 09:07:37.070240,0 days 00:00:18.524055,0.7851032501820484,0.052828104803261514,16,0.021390628776148644,0.17744181369065787,0.02804529273075925,0.07754054808674495,0.04724074021091572,0.07869082848425801,0.00012318714519447032,18,35,0.015545041874857186,0.13383904743586672,False,True,False,0.00025586832773825995,COMPLETE
1210,0.39250212907791143,2025-04-13 09:07:37.467749,2025-04-13 09:07:55.928690,0 days 00:00:18.460941,0.8124203195287549,0.09241752673268873,16,0.02876314797249581,0.020399612658948144,0.034875664753888834,0.08568093652201667,0.04225906143458439,0.08281557343763898,8.873075422365441e-05,17,31,0.018246374250674872,0.03709303686362007,False,True,True,0.00018792236263651035,COMPLETE
1211,0.4970049977302552,2025-04-13 09:07:56.323733,2025-04-13 09:08:15.474935,0 days 00:00:19.151202,0.8199459704522307,0.05887031432924598,16,0.021090990091735727,0.006048982801642665,0.031321393288503065,0.08348759768933935,0.038079265861150145,0.0869717969295148,0.00012410623456065206,18,91,0.014260643865459227,0.016449026222550595,False,True,True,0.00030215605780174986,COMPLETE
1212,0.21132131814956667,2025-04-13 09:08:15.873014,2025-04-13 09:08:34.638827,0 days 00:00:18.765813,0.8008304084395956,0.04430753314223888,16,0.14819599209924683,0.01627061798611014,0.03307156892315244,0.0858453589104311,0.04823228230735382,0.09347121789448497,0.010084542812180422,17,38,0.015430571792697127,0.028641171848952606,True,False,True,0.00021196364892207752,COMPLETE
1213,0.6013552904129029,2025-04-13 09:08:35.038982,2025-04-13 09:08:54.066723,0 days 00:00:19.027741,0.8268012623107444,0.07303673260765113,16,0.02056371701381364,0.006708025686722048,0.0368331130496321,0.08121404118172697,0.04334868812030709,0.08401750530388319,0.00010744543136226976,19,33,0.020159458081287322,0.02162904236149773,False,True,True,0.00033774766995997064,COMPLETE
1214,0.4144494533538819,2025-04-13 09:08:54.468604,2025-04-13 09:09:13.606478,0 days 00:00:19.137874,0.7760718255188827,0.09003112229617471,16,0.027869242896733593,0.01838440011944059,0.03692507089033428,0.07907850794589107,0.04271708509047407,0.08158514026388247,6.376405373534169e-05,19,31,0.022196175502632517,0.011698680685039299,False,True,True,0.00025708800111080165,COMPLETE
1215,0.38953672647476195,2025-04-13 09:09:14.003654,2025-04-13 09:09:33.598471,0 days 00:00:19.594817,0.8030378078145277,0.07591409699371901,16,0.021744829037626447,0.014513062857813293,0.037719169562006376,0.07851023647375616,0.041120946364039346,0.08403543014324238,4.933230163820864e-05,20,27,0.0170626602893617,0.017827272104813666,False,True,True,0.0001629764305054821,COMPLETE
1216,0.21665496826171876,2025-04-13 09:09:33.997419,2025-04-13 09:09:52.858976,0 days 00:00:18.861557,0.8243555814067874,0.0939716797490101,16,0.07557369187701272,0.02258128801603585,0.03753156762137532,0.08085244900862805,0.044281469547328006,0.08030782059334558,7.617544238786807e-05,19,27,0.02111860142780616,0.009789143236598496,False,True,True,0.0003162869023988932,COMPLETE
1217,0.4841395378112793,2025-04-13 09:09:53.256049,2025-04-13 09:10:12.451652,0 days 00:00:19.195603,0.8367747807011539,0.5951980491470289,16,0.025311931483234157,0.01163635605738905,0.03687436969304082,0.08118128604123585,0.038846647836197214,0.08172743907447687,9.487651128303764e-05,19,29,0.019447897324512204,0.04468510644165381,False,True,True,0.00022664546806158654,COMPLETE
1218,0.3929952383041382,2025-04-13 09:10:12.847948,2025-04-13 09:10:32.402240,0 days 00:00:19.554292,0.7839380522212105,0.04592209717701736,16,0.017445550001625836,0.011117233480606007,0.03557304292216345,0.0771097101651381,0.04296655779113583,0.08362388356877026,0.00010252443550689214,20,33,0.02057005804622695,0.03444180968689127,False,True,True,0.00019098726494481245,COMPLETE
1219,0.3403342604637146,2025-04-13 09:10:32.799420,2025-04-13 09:10:53.725103,0 days 00:00:20.925683,0.16281144180500406,0.07710248565932065,16,0.09488198182521608,0.021170175268409572,0.03844099933401478,0.08123395366408787,0.04052404714430362,0.08562708181326513,8.993405441683938e-05,24,30,0.01809347821762119,0.019753305724534924,False,True,True,0.0001372254132443821,COMPLETE
1220,0.3923919081687927,2025-04-13 09:10:54.124149,2025-04-13 09:11:12.991708,0 days 00:00:18.867559,0.8158441000833488,0.04698638059512587,16,0.02969953775565662,0.015434518816579191,0.03519866395108071,0.07873327799040906,0.04116210284361823,0.07954222012818861,8.146244890788852e-05,19,33,0.018687950980358373,0.02810395978898807,False,True,True,0.0002846419062776614,COMPLETE
1221,0.3929952383041382,2025-04-13 09:11:13.389721,2025-04-13 09:11:32.378935,0 days 00:00:18.989214,0.8427531441554842,0.0664280708094925,16,0.020049440198110738,0.008809020201859462,0.030255709984207065,0.07995681040549427,0.04534916376519488,0.08484738020077381,0.00010710321294706926,19,34,0.016951645395141653,0.015181261459162678,False,True,True,0.0003382233959767946,COMPLETE
1222,0.3882807850837708,2025-04-13 09:11:32.777279,2025-04-13 09:11:51.041587,0 days 00:00:18.264308,0.8018598221781694,0.10044176896936252,16,0.01469113918776018,0.006457819095709245,0.03300814119763845,0.08140121804095998,0.03742673284415538,0.08667125996721238,7.184765695568133e-05,17,30,0.02093114218724451,0.022037932091951533,False,True,True,0.00025145244731127086,COMPLETE
1223,0.4803393840789796,2025-04-13 09:11:51.439233,2025-04-13 09:12:10.480437,0 days 00:00:19.041204,0.8321770172111508,0.042635854847709834,16,0.02516848091885063,0.014377113427025414,0.03746662126288266,0.08251812545687752,0.04338192761723374,0.08287272820203331,0.0001075686557973698,19,27,0.014620653633914106,0.00641971528763241,False,True,True,0.00016266352234076126,COMPLETE
1224,0.49571405649185185,2025-04-13 09:12:10.876407,2025-04-13 09:12:30.479873,0 days 00:00:19.603466,0.782833573377661,0.4908217963456402,16,0.017019857851300314,0.0060426083222391465,0.03586851566693729,0.0849911435216925,0.045116009781040335,0.08342683732433366,0.00011627648846892196,20,35,0.016137049573391758,0.030995341009380686,False,True,True,0.0003388111088475103,COMPLETE
1225,0.18795708417892457,2025-04-13 09:12:30.890449,2025-04-13 09:12:49.363682,0 days 00:00:18.473233,0.9800630414112101,0.06935308545864247,16,0.28438772111536215,0.22127358367008143,0.03421893033860637,0.08303013603699977,0.03893084094366421,0.07812629351603562,8.699890552502479e-05,18,38,0.01929460232343681,0.013296125898606879,False,True,True,8.692869151545685e-05,COMPLETE
1226,0.18795708417892457,2025-04-13 09:12:49.761780,2025-04-13 09:13:07.696451,0 days 00:00:17.934671,0.8176001374772579,0.9074006028927042,16,0.030199938840318602,0.021213844204649404,0.02792087881367595,0.0795678932592763,0.04250371747247577,0.08114681090189256,0.0001273792351050103,17,32,0.013488029981462393,0.023854502958607367,False,True,True,0.00019907995482039369,COMPLETE
1227,0.6020964026451111,2025-04-13 09:13:08.097661,2025-04-13 09:13:27.168265,0 days 00:00:19.070604,0.8490498135172827,0.031593402179743664,16,0.02185707642652793,0.010113160297237495,0.02306652375124532,0.08394076318464404,0.04049065347517228,0.08554175987587541,6.261333920806046e-05,19,35,0.017441684161287958,0.03820235544423102,False,True,True,0.00026558207378365637,COMPLETE
1228,0.4367146730422974,2025-04-13 09:13:27.566054,2025-04-13 09:14:33.107537,0 days 00:01:05.541483,0.852771939593679,0.09524967521584785,2,0.026451878318674946,0.006214068652144756,0.02320158404374885,0.07673317901929004,0.03520630625384401,0.08775181402707942,5.303146679196186e-05,18,41,0.022067240809841928,0.041641010775256664,False,True,True,0.000350442503328436,COMPLETE
1229,0.3006531000137329,2025-04-13 09:14:33.506787,2025-04-13 09:14:51.588066,0 days 00:00:18.081279,0.8547532246268498,0.38393849241081235,16,0.02939204120652466,0.005716357549017322,0.028884988673208933,0.08305677471114636,0.04022338933272391,0.08486421040573415,4.831207088113147e-05,17,38,0.01836311308836116,0.04964672358467059,False,True,False,0.0002639586738415804,COMPLETE
1230,0.18661906719207766,2025-04-13 09:14:51.985945,2025-04-13 09:15:10.628998,0 days 00:00:18.643053,0.8781700613744442,0.05741310110681733,16,0.03098065084491293,0.05318916439248934,0.024732384043735615,0.081106683631607,0.03752000655503919,0.08625953091563791,4.143622377998526e-05,18,44,0.017340944614817486,0.04494988321992567,False,True,True,0.0003008643905221954,COMPLETE
1231,0.3506478190422058,2025-04-13 09:15:11.026564,2025-04-13 09:15:30.574868,0 days 00:00:19.548304,0.8513211377847889,0.04369708503165938,16,0.02359252517167853,0.015765659183743105,0.026982436263418667,0.08384432862243683,0.04328105488061834,0.08318420462363801,6.199675099767382e-05,19,36,0.019898260007164475,0.04047702041079861,True,True,True,0.00019996346967323972,COMPLETE
