number,value,datetime_start,datetime_complete,duration,params_alpha-eval,params_alpha-train,params_batch-size,params_eps-eval,params_eps-train,params_lambda-actions-eval,params_lambda-actions-train,params_lambda-frames-eval,params_lambda-frames-train,params_learning-rate,params_n-epochs,params_n-frames,params_radius-gw,params_rho,params_std-feats,params_ub-actions,params_ub-frames,params_weight-decay,state
281,0.45221161842346197,2025-04-15 00:30:28.180132,2025-04-15 00:30:49.292762,0 days 00:00:21.112630,0.0667486514588505,0.6113288802333363,8,0.15760796378908004,0.027804698966474126,0.071654769836915,0.01089255967538405,0.005290510146473732,0.03075353436450536,0.00010744660621881733,9,32,0.03672880472207655,0.00704021062366776,False,False,False,1.3590326122257238e-07,COMPLETE
282,0.23348534107208252,2025-04-15 00:30:49.380572,2025-04-15 00:31:10.453719,0 days 00:00:21.073147,0.06504823915115837,0.5751701351382218,8,0.1545177814783875,0.028258552833509063,0.07167518942992013,0.016115848768411954,0.004850577077058812,0.02705585954484272,2.1912558684340855e-05,9,26,0.038358604995076886,0.003443000970230932,False,False,False,1.3951233610815442e-07,COMPLETE
283,0.4708649873733521,2025-04-15 00:31:10.542667,2025-04-15 00:31:31.802766,0 days 00:00:21.260099,0.07014905659720488,0.6137236948157035,8,0.15866905534670922,0.019709810713619564,0.0719200470809777,0.013619152414734454,0.005449044268942092,0.029801931181352475,3.4986165321730406e-05,9,37,0.03970619408392616,0.007744864661000789,False,False,False,1.5922540927750345e-07,COMPLETE
284,0.18795708417892457,2025-04-15 00:31:31.900617,2025-04-15 00:31:52.624840,0 days 00:00:20.724223,0.047837719268977584,0.6111345062391772,8,0.16017940748884335,0.018765869442908836,0.07026621076960253,0.013730979716046468,0.0031616730977626975,0.02437261920286313,4.36029576596204e-05,9,29,0.03974977159659773,0.0011753950895653023,False,False,False,1.6203677880040934e-07,COMPLETE
285,0.18795708417892457,2025-04-15 00:31:52.713493,2025-04-15 00:32:13.377473,0 days 00:00:20.663980,0.07276668908079056,0.5517032224737421,8,0.16317153562684744,0.017075005546088342,0.07213599358578927,0.015351057202570831,0.008757069605324916,0.029579237186746994,0.00010090093655339012,9,32,0.04227925823004523,0.02101801401372957,False,False,False,9.693041400040341e-08,COMPLETE
286,0.3315821647644043,2025-04-15 00:32:13.467476,2025-04-15 00:32:35.430365,0 days 00:00:21.962889,0.04454223153693473,0.6143336897492344,8,0.14061811389934745,0.021360369893309656,0.06964549979629786,0.01324788013527267,0.005624457893147151,0.027783706273071977,3.675867690508033e-05,10,49,0.039350585539405014,0.010083648209262988,False,False,False,1.197784877005957e-07,COMPLETE
287,0.3476374983787537,2025-04-15 00:32:35.518513,2025-04-15 00:32:57.366673,0 days 00:00:21.848160,0.9497517322599297,0.5399160632562762,8,0.1445926263934734,0.029077219488410175,0.07157428826923128,0.007665615278295817,0.013573030908339535,0.030105643857725847,0.00010586248156075241,10,44,0.043211566710732056,0.007009697334600558,False,False,False,1.6172635844282361e-07,COMPLETE
288,0.4440288424491883,2025-04-15 00:32:57.465529,2025-04-15 00:33:18.518961,0 days 00:00:21.053432,0.03966737717071563,0.5698753097575237,8,0.16523736767825267,0.027544540687464526,0.0619813995242479,0.011123913577368357,0.009360443676458031,0.026010002856632623,0.00014375780378666033,9,38,0.04990129164363796,0.01710616738293752,False,False,False,1.1010736518332795e-07,COMPLETE
289,0.4503736138343811,2025-04-15 00:33:18.610859,2025-04-15 00:33:39.836776,0 days 00:00:21.225917,0.03775303400142781,0.5701049577491373,8,0.16569413635301244,0.022639642614943202,0.06201102494093342,0.010738368082713981,0.003495613098083901,0.0251211802859936,0.00014041204350520603,9,37,0.04994859167801555,0.017661695936564827,False,False,False,1.0402394454105871e-07,COMPLETE
290,0.18795708417892457,2025-04-15 00:33:39.926878,2025-04-15 00:34:00.501048,0 days 00:00:20.574170,0.044665289085346435,0.6018675348625626,8,0.156718437269105,0.012439589407074698,0.06464931967871594,0.011167807120025512,0.003478443489368511,0.021629728512371126,1.7019746577510097e-05,9,36,0.055554539209611675,0.01727589784437224,False,False,False,6.399387678924015e-07,COMPLETE
291,0.4480674386024475,2025-04-15 00:34:00.591384,2025-04-15 00:34:21.580544,0 days 00:00:20.989160,0.06688904465647405,0.5875717554581432,8,0.16627282620788703,0.020564116583503676,0.06144096541874856,0.0033109206914977195,0.0021170374946577813,0.013673837343565878,0.00014680257037306618,9,37,0.05073725674747554,0.02508390920562086,False,False,False,1.1124790734201991e-07,COMPLETE
292,0.4562053561210633,2025-04-15 00:34:21.671604,2025-04-15 00:34:42.762857,0 days 00:00:21.091253,0.06814566908302587,0.5876188401493002,8,0.16650267228385793,0.02108257682630174,0.06337177903979885,0.002966534459508512,0.0012078285516926891,0.026287211845026727,0.00011526566282523026,9,32,0.05175268684748774,0.03294340555425565,False,False,False,1.0030860843987393e-07,COMPLETE
293,0.48461767435073855,2025-04-15 00:34:42.863651,2025-04-15 00:35:03.520445,0 days 00:00:20.656794,0.06858803623931518,0.5884944154985647,8,0.1510775928679936,0.0054876418218777236,0.061111196507533744,0.003615886095068391,0.0014710817060469708,0.010378982156769643,8.691031662000865e-05,9,7,0.052815454433157424,0.03216878745087287,False,False,False,1.031571505010448e-07,COMPLETE
294,0.18795708417892457,2025-04-15 00:35:03.613758,2025-04-15 00:35:24.233444,0 days 00:00:20.619686,0.06353527644631618,0.5867432320306774,8,0.15063494374599543,0.009055684006817505,0.06333873923601502,0.0017533050152148664,0.0016413390761538201,0.013565591068320393,9.000125862759569e-05,9,31,0.05304904143518797,0.025361653920715477,False,False,False,9.495599216451442e-08,COMPLETE
295,0.43165526390075687,2025-04-15 00:35:24.325552,2025-04-15 00:35:44.912778,0 days 00:00:20.587226,0.0742444372668628,0.5868155211715672,8,0.1480980544742421,0.004081268032188591,0.06106813362620629,0.0026359147045042844,0.0010242611478176824,0.0030835106973460397,0.00011147282691700322,9,8,0.05129656436283487,0.03427442179869515,False,False,False,1.0532007579307061e-07,COMPLETE
296,0.42764575481414796,2025-04-15 00:35:45.005357,2025-04-15 00:36:05.838955,0 days 00:00:20.833598,0.08082011165746278,0.5683597604055051,8,0.1601713849498746,0.016744189704010367,0.06159572179365006,0.013466310417821972,0.0030073154152105612,0.0067827711439991355,9.843341594313364e-05,9,9,0.04983542090113845,0.006131623405004356,True,False,False,6.19404912112568e-08,COMPLETE
297,0.1687937915325165,2025-04-15 00:36:05.931029,2025-04-15 00:36:24.594861,0 days 00:00:18.663832,0.06756411403633722,0.5968265434153643,8,0.16564958540015956,0.0036919117149398044,0.05965418519275722,0.007555355138193484,0.003069173655293978,0.021916733487633802,6.482860129459877e-05,9,37,0.05295373197121463,0.010187694604763872,False,False,True,8.918562338306997e-08,COMPLETE
298,0.19664562940597535,2025-04-15 00:36:24.697380,2025-04-15 00:36:43.212371,0 days 00:00:18.514991,0.055223677193981496,0.5521692429507485,8,0.1557051277596526,0.020043300466120115,0.061778628001600305,0.004026369664312031,0.005254155442286053,0.010682665486760109,0.00012036826470745395,9,28,0.055949661087878584,0.024021160299811585,False,True,False,1.1844381498966366e-07,COMPLETE
299,0.18795708417892457,2025-04-15 00:36:43.308267,2025-04-15 00:37:03.877722,0 days 00:00:20.569455,0.07574879397156804,0.6447701788128042,8,0.16607416152773133,0.0005218823070720453,0.0627838531767029,0.012171653877257351,0.0044389464889277655,0.016177116988320223,7.41975218063568e-05,9,33,0.050694518426870054,0.034439794830174154,False,False,False,1.107787923253244e-07,COMPLETE
300,0.31865625977516177,2025-04-15 00:37:03.970401,2025-04-15 00:37:21.173150,0 days 00:00:17.202749,0.04838699584885792,0.6063612393984418,16,0.15187793253278306,0.021939558627834414,0.06019630186005864,0.015009317509677218,0.0012625436788500648,0.00689954551084773,2.8714306280380106e-05,9,37,0.04908376602566871,0.032760620725604636,False,False,False,8.735509430960474e-08,COMPLETE
301,0.418587863445282,2025-04-15 00:37:21.266009,2025-04-15 00:37:42.927458,0 days 00:00:21.661449,0.035267843229795925,0.5783470685519831,8,0.16138258160943475,0.015425746581937962,0.06313908568115377,0.001467902448414253,0.0038318950632237805,0.025378552015094924,0.00014488163430018445,10,31,0.05375209079255035,0.014790586466435085,False,False,False,4.953678145761768e-06,COMPLETE
302,0.18795708417892457,2025-04-15 00:37:43.020764,2025-04-15 00:38:04.157672,0 days 00:00:21.136908,0.05357217362587362,0.5373940905093039,8,0.16938155673930777,0.011827595281442421,0.06467927246373677,0.00661369011409336,0.0059816654917518985,0.011172547217093553,8.981212283270316e-05,10,37,0.0477712083563121,0.026521101572411165,False,False,False,6.348721019807704e-08,COMPLETE
303,0.364065957069397,2025-04-15 00:38:04.261634,2025-04-15 00:38:26.074805,0 days 00:00:21.813171,0.07358537088098399,0.607368279764583,8,0.17134168361696758,0.02299720783026986,0.0621152240806804,0.009443197264976756,0.0031126576609740017,0.023983387784984274,0.00011276480293578559,10,20,0.049549410157005015,0.010331047025653961,False,False,False,1.7237571388118312e-07,COMPLETE
304,0.4532286286354065,2025-04-15 00:38:26.168346,2025-04-15 00:38:47.294669,0 days 00:00:21.126323,0.03245544142645725,0.5633303832336123,8,0.17928078800953637,0.023304367673025204,0.06532326769862727,0.011063978189067233,0.005682128507621504,0.02716150341156432,0.00014122726436901307,9,34,0.051456983018944566,0.01955895788826798,False,False,False,1.2782252748624903e-07,COMPLETE
305,0.44765290021896365,2025-04-15 00:38:47.389676,2025-04-15 00:39:08.437615,0 days 00:00:21.047939,0.0400919629907185,0.5840857784708897,8,0.15805420959797817,0.025188000640950232,0.05965209923159763,0.008295948223341395,0.007356212412195161,0.026728547818544487,4.7497408509711535e-05,9,34,0.05166101418581627,0.022057886667876773,False,False,False,1.2868312080348487e-07,COMPLETE
306,0.4506404995918274,2025-04-15 00:39:08.532221,2025-04-15 00:39:29.714640,0 days 00:00:21.182419,0.05906079762783055,0.6333679710489802,8,0.14674604572575728,0.02475065900496836,0.05922350788683365,0.003900771081003508,0.006265933970543234,0.026991328292058428,4.874546691672031e-05,9,34,0.051989517164648086,0.03150760680576396,False,False,False,1.3017600248004816e-07,COMPLETE
307,0.45634304285049443,2025-04-15 00:39:29.819721,2025-04-15 00:39:50.699297,0 days 00:00:20.879576,0.08310973144665212,0.6328253877205238,8,0.1438565617468372,0.015147780974454352,0.05768801044760792,0.005794333616006896,0.0057652756258524986,0.01973371579787064,4.8252157306167094e-05,9,34,0.057268764480903324,0.03248523437972338,False,False,False,1.286157152912682e-07,COMPLETE
308,0.18795708417892457,2025-04-15 00:39:50.795435,2025-04-15 00:40:11.165599,0 days 00:00:20.370164,0.07977010184547406,0.6420942917186198,8,0.14950119993033584,0.008903075133363452,0.058128568164911534,0.004843779895503955,0.0056422664728950425,0.019961272609899588,4.198495991166292e-05,9,34,0.05489128677589608,0.03252047142125803,False,False,False,1.3441237914904995e-07,COMPLETE
309,0.18795708417892457,2025-04-15 00:40:11.261185,2025-04-15 00:40:31.769507,0 days 00:00:20.508322,0.7835720678745626,0.6854480799326202,8,0.14063269009405058,0.014158615993574193,0.057307637046199955,0.00689081780289409,0.005656780858499329,0.026796840755318713,5.188090861716816e-05,9,28,0.0583341961274357,0.030070705485507353,False,False,False,1.012316152047809e-07,COMPLETE
310,0.4629319548606873,2025-04-15 00:40:31.867920,2025-04-15 00:40:52.990440,0 days 00:00:21.122520,0.0643298590439788,0.6308450315349586,8,0.13598048919802996,0.01987072702709222,0.06017622546032934,0.07052142162875799,0.0028103413769012524,0.022784944911832458,4.732934514267599e-05,9,31,0.050946600155175964,0.03660996572237252,False,False,False,1.6094429801759918e-07,COMPLETE
311,0.43279852867126467,2025-04-15 00:40:53.087301,2025-04-15 00:41:14.109694,0 days 00:00:21.022393,0.08802279207170535,0.6601148155533866,8,0.13540890524126187,0.017068205561488598,0.05919870424899334,0.0640688670692089,0.0014934265952198423,0.022121179784461174,3.617422422330221e-05,9,32,0.05239018197910448,0.03759736562102743,False,False,False,1.4281420567798976e-07,COMPLETE
312,0.4472952485084534,2025-04-15 00:41:14.216829,2025-04-15 00:41:35.281152,0 days 00:00:21.064323,0.06419735216165369,0.6334637858326582,8,0.1384059195632016,0.021420661048066485,0.05734685417609361,0.0010113262449082993,0.004180017552986883,0.023930347580496964,5.013273025932098e-05,9,35,0.05193538234499967,0.03275876994879044,False,False,False,1.2438103953192006e-07,COMPLETE
313,0.18795708417892457,2025-04-15 00:41:35.378775,2025-04-15 00:41:55.790326,0 days 00:00:20.411551,0.06896970772506639,0.6349001783608677,8,0.14293598664454799,0.010196411081124835,0.05516519346344514,0.07012661006646215,0.002704332935836563,0.019301999304036293,4.596959845847308e-05,9,35,0.05107226916032284,0.03648831783408534,False,False,False,1.6143290113752157e-07,COMPLETE
314,0.476162600517273,2025-04-15 00:41:55.887536,2025-04-15 00:42:16.902884,0 days 00:00:21.015348,0.07834419532891201,0.6718020691368787,8,0.130655022110513,0.020886376358924926,0.057436888680078506,0.001363822449522799,0.004354150132373271,0.013503660265622965,6.0028778832807e-05,9,26,0.0566058129109575,0.03176408393199604,False,False,False,1.202951124887933e-07,COMPLETE
315,0.46961711645126347,2025-04-15 00:42:17.000062,2025-04-15 00:42:38.210205,0 days 00:00:21.210143,0.08780394444473609,0.6686919688394044,8,0.13472853184346764,0.021864954625796833,0.05680950021993717,0.0016764403908115792,0.004230304416011685,0.0132602250770882,6.079172506709393e-05,9,29,0.05663466104596967,0.033125542212654555,False,False,False,1.1541663137486623e-07,COMPLETE
316,0.4722663402557373,2025-04-15 00:42:38.317771,2025-04-15 00:42:59.250287,0 days 00:00:20.932516,0.0850694039999099,0.6491312383222492,8,0.1301064217198193,0.02038008833501741,0.057246864350363726,0.001786110336226055,0.00414591062873722,0.0138637618665902,5.6483016993993656e-05,9,27,0.05450641682007702,0.03914875710425399,False,False,False,1.1383802255092604e-07,COMPLETE
317,0.17060909867286683,2025-04-15 00:42:59.349055,2025-04-15 00:43:18.056826,0 days 00:00:18.707771,0.09222745776708435,0.7212463995874735,8,0.13848007071142437,0.01947110806651214,0.052931671621140486,0.0018914985333846855,0.0013193422553145519,0.01407575350554558,4.991138823237985e-05,9,23,0.061025297682639056,0.03352659749207575,True,False,True,1.1573880642519906e-07,COMPLETE
318,0.46817214488983155,2025-04-15 00:43:18.156493,2025-04-15 00:43:39.140452,0 days 00:00:20.983959,0.08596101244550308,0.6733984422464387,8,0.12303730984633605,0.022757410072749493,0.05668923000860981,0.002799526918066497,0.004365520334899864,0.018310029159046216,5.837976427129133e-05,9,29,0.05793741678604835,0.03762599197669789,False,False,False,1.0113962151593954e-07,COMPLETE
319,0.19932112693786624,2025-04-15 00:43:39.238515,2025-04-15 00:43:57.660702,0 days 00:00:18.422187,0.08956785914957342,0.6928330170386746,8,0.12777507121143947,0.01412382752068412,0.05507190022547024,0.001084596607100786,0.004119546232014018,0.01815263777600927,5.7563674214584245e-05,9,26,0.057150296106311636,0.0418433988398027,False,True,False,9.955862134023611e-08,COMPLETE
320,0.45954266786575315,2025-04-15 00:43:57.771646,2025-04-15 00:44:14.200738,0 days 00:00:16.429092,0.08158466447312808,0.6586171592925577,16,0.12043270262110992,0.020669629691770247,0.0567070643355173,0.0033582411089435223,0.0026034886223456405,0.014085785744666032,6.748692906702775e-05,8,28,0.05460413360438283,0.03922664629750478,False,False,False,1.366383542655025e-07,COMPLETE
321,0.46353240013122565,2025-04-15 00:44:14.301138,2025-04-15 00:44:30.766188,0 days 00:00:16.465050,0.08744589980706191,0.6744852078238854,16,0.11928482386987778,0.021816593619713803,0.05729099167729955,0.0035529830763346595,0.0031074445629743195,0.012225257155234195,6.398342651417948e-05,8,26,0.05701049961822132,0.05136288471832881,False,False,False,1.3631525772318942e-07,COMPLETE
322,0.4683115482330322,2025-04-15 00:44:30.865914,2025-04-15 00:44:50.994185,0 days 00:00:20.128271,0.09431078646131298,0.7153859975979834,8,0.12135655704380782,0.01993843737048592,0.056566327245588126,0.0030848343494756696,0.002880576639931747,0.013882236886098968,6.83464517172816e-05,8,26,0.057202053215390306,0.049636256402973,False,False,False,1.281229128111992e-07,COMPLETE
323,0.453959321975708,2025-04-15 00:44:51.094363,2025-04-15 00:45:07.499924,0 days 00:00:16.405561,0.09353373146999072,0.7128346177773626,16,0.11668542436705868,0.018444851261968133,0.05710252737955107,0.002819233379906151,0.0027057805044399075,0.011820444238209448,6.329361126730319e-05,8,28,0.05997280441219854,0.050382446014586045,False,False,False,1.4582359985257685e-07,COMPLETE
324,0.4538343191146851,2025-04-15 00:45:07.601735,2025-04-15 00:45:24.288190,0 days 00:00:16.686455,0.09592270469593464,0.7182502712242974,16,0.11865164642286034,0.019709409602839026,0.056201432646701,0.0012476620742863523,0.0012381114471703401,0.013862904204266422,6.333494288138807e-05,8,28,0.059314045736629926,0.049915549534723214,False,False,False,1.4987784348108433e-07,COMPLETE
325,0.30228997468948365,2025-04-15 00:45:24.400131,2025-04-15 00:45:40.919521,0 days 00:00:16.519390,0.09065980334141506,0.7199632163496553,16,0.117021010674453,0.007172376033347612,0.048673504004642834,0.002970210223397437,0.0011340032796744491,0.012979482900440358,6.415334194657934e-05,8,26,0.06071877844000682,0.0512073573599556,False,False,False,1.527861869524625e-07,COMPLETE
326,0.4504355549812317,2025-04-15 00:45:41.020374,2025-04-15 00:45:57.545790,0 days 00:00:16.525416,0.09996282381140997,0.7076567649457327,16,0.12108813252841634,0.013147906265141084,0.05627771204282514,0.0032618774202813543,0.0010107640835895285,0.014878340692496567,6.465109852784276e-05,8,28,0.057730860273744286,0.043160177652319276,False,False,False,2.4604252873593823e-07,COMPLETE
327,0.41258441209793095,2025-04-15 00:45:57.647121,2025-04-15 00:46:14.106458,0 days 00:00:16.459337,0.09878329471335491,0.7528378381624355,16,0.12456402327994404,0.011697421493559308,0.05638006997876379,0.0031237821942286534,0.001089825122789778,0.015265928974598272,6.502697297187589e-05,8,21,0.0589537728708527,0.048714881136444135,False,False,False,2.6227909895358694e-07,COMPLETE
328,0.18795708417892457,2025-04-15 00:46:14.210737,2025-04-15 00:46:30.177569,0 days 00:00:15.966832,0.08362889588127277,0.7072136715460132,16,0.10853380953379094,0.006072608066953928,0.05279212266662761,0.003247298219729121,0.002804127734619463,0.011465926576918745,5.9575543451962656e-05,8,28,0.056817409703028024,0.049357716375710896,False,False,False,1.6672096041608494e-07,COMPLETE
329,0.4621198415756226,2025-04-15 00:46:30.289841,2025-04-15 00:46:46.967087,0 days 00:00:16.677246,0.0998688120289182,0.7423017759059847,16,0.11735017728540797,0.016081506549167526,0.05473678609005283,0.0033303418819525454,0.0028640521792533307,0.00939873774066737,7.229522863228542e-05,8,26,0.0550985703212205,0.04134545987781051,False,False,False,9.027181670881465e-08,COMPLETE
330,0.4515118956565857,2025-04-15 00:46:47.069480,2025-04-15 00:47:03.571591,0 days 00:00:16.502111,0.09946045929096019,0.7311686141323621,16,0.1174093961803966,0.013947470080430017,0.05434677290277601,0.0012684090343054889,0.003152665619810433,0.008299658728910256,7.034357456375127e-05,8,25,0.06299654421822158,0.03976494789219693,False,False,False,8.660209454972405e-08,COMPLETE
331,0.18795708417892457,2025-04-15 00:47:03.675112,2025-04-15 00:47:19.653207,0 days 00:00:15.978095,0.09960987619571393,0.7275020673927085,16,0.11945597339242901,0.0012618103796338057,0.05418056185677212,0.0011188485916988635,0.0032243672962461415,0.00847160215195394,7.35663836287848e-05,8,17,0.0651684957767747,0.042945871895981085,False,False,False,7.219107112768576e-08,COMPLETE
332,0.381164014339447,2025-04-15 00:47:19.758134,2025-04-15 00:47:36.504564,0 days 00:00:16.746430,0.09780442712986386,0.7918411244413065,16,0.11162881767249314,0.013601458092354995,0.05062628199104268,0.0010960485623200406,0.0011031754470546258,0.016889729108724754,3.949347292939385e-05,8,25,0.06303299971293803,0.05317675485557262,False,False,False,8.510967828914876e-08,COMPLETE
333,0.42757992744445805,2025-04-15 00:47:36.617712,2025-04-15 00:47:53.248342,0 days 00:00:16.630630,0.10622680885312331,0.7493002184175598,16,0.12827804948954658,0.015444387393895444,0.0569895015934306,0.003862012871988466,0.003444572946731157,0.009857501718835272,5.586077232384467e-05,8,22,0.05911084134013043,0.03960030870258446,False,False,False,9.188299941729216e-08,COMPLETE
334,0.26733185052871705,2025-04-15 00:47:53.354999,2025-04-15 00:48:10.121168,0 days 00:00:16.766169,0.08672751261533027,0.7068738252363987,16,0.11932924072464891,0.008405725594533519,0.05554250603980641,0.0030576320305274523,0.004058227574392881,0.01521763916901924,3.115847106879582e-05,8,26,0.05462039451833347,0.04368961370799705,False,False,False,1.6850205326674648e-06,COMPLETE
335,0.4496241927146912,2025-04-15 00:48:10.224220,2025-04-15 00:48:26.394877,0 days 00:00:16.170657,0.08883549298392213,0.6784512053281191,16,0.10398009053070738,0.016420931893682135,0.05173412379404696,0.004035061086910085,0.002700112243314928,0.011808774160804754,7.004571801824268e-05,7,28,0.05591034719575685,0.047891493024012466,False,False,False,1.6475404772539375e-07,COMPLETE
336,0.4154583215713501,2025-04-15 00:48:26.499510,2025-04-15 00:48:43.059629,0 days 00:00:16.560119,0.08071866768279659,0.7649227028914568,16,0.1233118276625503,0.02088580467316422,0.0541914557385398,0.07463037196845221,0.0038573606594933694,0.008508786234567056,7.421121234250262e-05,8,20,0.0605175152262123,0.05046623714356056,False,False,False,2.292806990753245e-07,COMPLETE
