number,value,datetime_start,datetime_complete,duration,params_alpha-eval,params_alpha-train,params_batch-size,params_eps-eval,params_eps-train,params_lambda-actions-eval,params_lambda-actions-train,params_lambda-frames-eval,params_lambda-frames-train,params_learning-rate,params_n-epochs,params_n-frames,params_radius-gw,params_rho,params_std-feats,params_ub-actions,params_ub-frames,params_weight-decay,state
1904,0.3273676156997681,2025-04-13 13:14:07.575750,2025-04-13 13:14:25.223004,0 days 00:00:17.647254,0.755484875803185,0.09440091930394404,16,0.013737545296604387,0.08456565219750847,0.029594008152235774,0.08249712325119135,0.037495129063782606,0.08396110985025923,0.00014943591394467722,15,42,0.02828747018461479,0.005982974435685429,False,True,True,0.00017132398278110799,COMPLETE
1905,0.598816740512848,2025-04-13 13:14:25.862362,2025-04-13 13:14:44.310217,0 days 00:00:18.447855,0.7764747834634778,0.10108922359176013,16,0.01130963442406327,0.00010088268803957676,0.029384237584780846,0.07883048495001563,0.03786394457000459,0.0812381654831323,0.0001661056926337436,17,38,0.025786421511446868,0.011897073429677201,False,True,True,0.0002586694678715476,COMPLETE
1906,0.3929952383041382,2025-04-13 13:14:44.928757,2025-04-13 13:15:02.802222,0 days 00:00:17.873465,0.7477034699182528,0.07264620052973395,16,0.017387895195891706,0.005061815299586413,0.028540214307604148,0.07444960745539413,0.03412116566921343,0.08311962298514361,0.00017043348328977512,16,36,0.02272048481297394,0.019377291628274847,False,True,True,0.00030085161008289505,COMPLETE
1907,0.45295282602310183,2025-04-13 13:15:03.441574,2025-04-13 13:15:22.260925,0 days 00:00:18.819351,0.7764010432923977,0.07271077467303047,16,0.005765936266396283,0.005229018625345392,0.02883890929609735,0.08093365603147108,0.03896877375156998,0.08017110162554784,0.00013934354056852118,18,40,0.01891294278711315,0.001000360247605421,False,True,True,0.00022176543026813475,COMPLETE
1908,0.6042752981185914,2025-04-13 13:15:22.879992,2025-04-13 13:15:41.295676,0 days 00:00:18.415684,0.7806699585855345,0.10525046616631234,16,0.018982451552914434,0.00819767482045002,0.027927861996525933,0.07735895642796753,0.036992780134555134,0.08447619026055232,0.0001690640921625038,17,36,0.022796490950317005,0.011156049489294889,False,True,True,0.00017558452233182976,COMPLETE
1909,0.36650865077972417,2025-04-13 13:15:41.940806,2025-04-13 13:16:00.197839,0 days 00:00:18.257033,0.7431930349150871,0.11216628913030512,16,0.031508425266375185,0.0003763385447473158,0.027559538055656266,0.07472648838873602,0.03329367538432187,0.08583622011824245,0.0009758772044438507,16,44,0.024543127265271483,0.0065824976266382765,False,True,True,0.00012449437632478235,COMPLETE
1910,0.41802201271057127,2025-04-13 13:16:00.814549,2025-04-13 13:16:18.752983,0 days 00:00:17.938434,0.7555267786619352,0.10728785270227192,16,0.022628229794355838,0.007344777425624838,0.02704789066702901,0.07638932816616217,0.03517314732884643,0.08559795794904326,0.00016757055164507697,16,39,0.02592839888333449,0.005941482147346494,False,True,True,9.837352775395797e-05,COMPLETE
1911,0.1943791091442108,2025-04-13 13:16:19.394602,2025-04-13 13:16:37.605249,0 days 00:00:18.210647,0.7803920836305338,0.11122463629864562,16,0.02699918661594462,0.009891173434925231,0.02839815920797037,0.07229601723657053,0.032162807013952494,0.08588663403167175,0.0001722889145135411,17,43,0.027399312455395165,0.0011781107365513195,False,True,False,0.00012703164867877405,COMPLETE
1912,0.2716778039932251,2025-04-13 13:16:38.225174,2025-04-13 13:16:56.077804,0 days 00:00:17.852630,0.7638957707975288,0.09804205998618941,16,0.021494194321529558,0.0002488966286926809,0.03064146717160979,0.07475377366956985,0.03691094449253908,0.08428483563230786,0.00017142412375384465,16,40,0.02571710933172938,0.009780676179181012,False,True,True,0.00017051543130670825,COMPLETE
1913,0.6030843257904053,2025-04-13 13:16:56.720749,2025-04-13 13:17:15.115759,0 days 00:00:18.395010,0.7837985251686497,0.11459267375582037,16,0.032604363246826425,0.009591875406100913,0.0279503776934536,0.07751708240362398,0.03462887769264272,0.0852447694485375,0.0001681530934508639,17,36,0.02230305360974153,0.01099920961726654,False,True,True,0.0001350004770986549,COMPLETE
1914,0.49380700588226323,2025-04-13 13:17:15.741329,2025-04-13 13:17:34.378999,0 days 00:00:18.637670,0.7516238057040603,0.10898954367927803,16,0.0282358173825916,0.01666518806751857,0.02770564190161161,0.07715345970644089,0.03240912819952891,0.08606546588486208,0.00016368946687146283,17,48,0.024754804440043188,0.0061240998023703985,False,True,True,6.78496053837432e-05,COMPLETE
1915,0.3173014760017395,2025-04-13 13:17:35.020610,2025-04-13 13:17:53.741116,0 days 00:00:18.720506,0.7727977140611235,0.09855125119619644,16,0.02063705854404328,0.011232741943203579,0.03145720747400939,0.07543615370925741,0.030286227785939875,0.08678551398191325,0.00016131325231883055,17,43,0.027481356630356037,0.010399648970307922,True,False,True,8.590642838057442e-05,COMPLETE
1916,0.447443687915802,2025-04-13 13:17:54.366757,2025-04-13 13:18:12.805661,0 days 00:00:18.438904,0.7398731981507158,0.11945962647595307,16,0.020633389188498868,0.021106516296163516,0.029804808409334218,0.0771588750221088,0.028767608840285726,0.08504750873457886,0.00016902769141188546,17,41,0.02980301739324526,0.0012669221764625583,False,True,True,9.108479663373567e-05,COMPLETE
1917,0.6018290519714355,2025-04-13 13:18:13.449682,2025-04-13 13:18:32.009975,0 days 00:00:18.560293,0.7680042775096484,0.09019115793085099,16,0.027243401973579627,0.012514476093212643,0.027538331629579593,0.0692379373683287,0.033679242018540764,0.08647600591644986,0.00017736359743382492,17,38,0.02541159875991152,0.01176257725145775,False,True,True,0.00012811241553399715,COMPLETE
1918,0.5502984881401062,2025-04-13 13:18:32.632104,2025-04-13 13:18:51.052228,0 days 00:00:18.420124,0.7878221638675453,0.11619881779094915,16,0.032378961620907726,0.01715145077505091,0.030424177614798795,0.07410510842240288,0.031429268746725796,0.08454143716156007,0.00018099051384237537,17,38,0.024650980045021777,0.0071363370317112295,False,True,True,8.860436262935762e-05,COMPLETE
1919,0.41317985057830814,2025-04-13 13:18:51.697490,2025-04-13 13:19:09.945073,0 days 00:00:18.247583,0.7464054785242284,0.09506634403936647,16,0.01828151428653424,0.009492873367217335,0.028454685808891246,0.07881852462524082,0.033945191798795245,0.08516669639098524,0.00014316898582149792,17,42,0.024076302666446045,0.013325533297942043,False,True,True,0.00011238884972528788,COMPLETE
1920,0.36322094202041627,2025-04-13 13:19:10.572648,2025-04-13 13:20:11.588848,0 days 00:01:01.016200,0.7806367470688232,0.09527210584135408,2,0.02511390630577078,0.024142750412296583,0.0313680534613147,0.07592934943730432,0.03375384229369071,0.08630961842044527,0.00017853489734463804,17,37,0.02705252129114611,0.00652794347409274,False,True,True,0.00012519202723860657,COMPLETE
1921,0.5043967366218567,2025-04-13 13:20:12.235563,2025-04-13 13:20:30.685933,0 days 00:00:18.450370,0.7667770598391794,0.11826131719908098,16,0.019574685290714298,0.01002644144465165,0.02779761523543693,0.07262791166171201,0.029650187970696868,0.08778758056673053,0.00013571356374823758,17,45,0.02443768733951547,0.014362173089506703,False,True,True,0.00013974358950792062,COMPLETE
1922,0.47129057645797734,2025-04-13 13:20:31.317900,2025-04-13 13:20:49.645784,0 days 00:00:18.327884,0.7545911430930271,0.0926956110730809,16,0.031841656297208684,0.01584559962587497,0.029294962592002986,0.07799443912622045,0.03531803201447957,0.0877372114707354,0.000144891581307973,17,40,0.0235431301444227,0.00589486673332083,False,True,True,0.0001002491857543012,COMPLETE
1923,0.6038835525512696,2025-04-13 13:20:50.290257,2025-04-13 13:21:08.745796,0 days 00:00:18.455539,0.78698468495577,0.12224424980032961,16,0.024778539636555658,0.010113679219319587,0.03161199388925744,0.07652070079729831,0.035443446301824104,0.08422038653035711,0.0001800808636218964,17,36,0.02367334640676693,0.014548343172488484,False,True,True,0.00011823201527692377,COMPLETE
1924,0.41127886772155764,2025-04-13 13:21:09.367660,2025-04-13 13:21:28.065787,0 days 00:00:18.698127,0.7942397980207144,0.12410343634769175,16,0.01677309482504014,0.019227210554655216,0.03270078767806795,0.07258551025835322,0.03585116423196669,0.08368663975305449,0.00014257955587282888,18,37,0.027297038978759056,0.020753679764267348,False,True,True,0.0001385732081177689,COMPLETE
1925,0.3929952383041382,2025-04-13 13:21:28.708082,2025-04-13 13:21:47.053656,0 days 00:00:18.345574,0.7903940383510374,0.0867138906865465,16,0.018140141898989753,0.014172031826012378,0.03295163303705383,0.07418934557318184,0.036210910127743995,0.08344385319403648,0.00017850466998104112,17,40,0.026625949033396476,0.016985580123816988,False,True,True,0.00012195405218297046,COMPLETE
1926,0.5949898719787597,2025-04-13 13:21:47.703328,2025-04-13 13:22:06.126404,0 days 00:00:18.423076,0.7780161875719581,0.10957373463723159,16,0.023257469282397896,0.02573162447605752,0.03442759786659685,0.07572300510623703,0.03211118289788669,0.083822698200649,0.00014736943481000834,17,36,0.031414190175958714,0.02679107864296374,False,True,True,0.00010592926175508441,COMPLETE
1927,0.4359655022621155,2025-04-13 13:22:06.751695,2025-04-13 13:22:25.859060,0 days 00:00:19.107365,0.7991359828993714,0.1013044301424724,16,0.014276722485827186,0.009161373057175407,0.03266139445164241,0.07335294777162131,0.03639881048797532,0.08687718158854507,0.000139532412543881,18,39,0.025173128063005985,0.021938870885329413,False,True,True,0.00010189212218659018,COMPLETE
1928,0.4431159853935242,2025-04-13 13:22:26.510422,2025-04-13 13:22:45.202269,0 days 00:00:18.691847,0.7562231470179535,0.1249338666109629,16,0.022095115331116695,0.005425562351843455,0.03143466230947764,0.0710730275840124,0.034427764413047984,0.08303128705471399,0.00017916853773052724,17,78,0.022947379386560753,0.01544436197293675,False,True,True,0.0001565341056025764,COMPLETE
1929,0.3924631357192993,2025-04-13 13:22:45.826699,2025-04-13 13:23:04.729281,0 days 00:00:18.902582,0.8008494718428675,0.07869187637610967,16,0.014971871923852732,0.01971397074334798,0.035436800110708044,0.07569894025035574,0.03628940773835421,0.08447752816027035,0.000134273262288535,18,42,0.025348456841233158,0.027561523967840423,False,True,True,7.714439032602736e-05,COMPLETE
1930,0.5711667537689209,2025-04-13 13:23:05.376675,2025-04-13 13:23:24.002952,0 days 00:00:18.626277,0.7749377296628694,0.1272852396681898,16,0.024526645006708182,0.013653150476943345,0.031515563111406714,0.07902636244375578,0.03714657384759366,0.08726114735087377,0.00012212216634739442,17,36,0.024815012253565708,0.017224349758177306,False,True,True,0.0001538859352888507,COMPLETE
1931,0.3923192024230957,2025-04-13 13:23:24.628315,2025-04-13 13:23:42.517020,0 days 00:00:17.888705,0.7948774210769295,0.09023421722884555,16,0.015240307783059764,0.0052324594247879,0.034112019957174805,0.0765993485285498,0.031242313463531672,0.08497122278649899,0.00014039453877212282,16,46,0.02834639945849708,0.013027297473219342,False,True,True,0.00015633333863884788,COMPLETE
1932,0.35104122161865237,2025-04-13 13:23:43.157065,2025-04-13 13:24:02.122160,0 days 00:00:18.965095,0.7482076779818974,0.10192424105865612,16,0.020625203596178365,0.014941822126230752,0.036148281622599546,0.0736202906879418,0.033018661715484454,0.08275123190493164,0.00012213235547251682,18,35,0.025541211537374233,0.02303318269825517,True,True,False,6.694935005871476e-05,COMPLETE
1933,0.2612606763839722,2025-04-13 13:24:02.770700,2025-04-13 13:24:20.914316,0 days 00:00:18.143616,0.7697891935590169,0.08113828069611392,16,0.026333932311346415,0.022236100707592438,0.030952771358127684,0.04822450412605938,0.035152158005236314,0.08812636033903647,0.00017810529309040575,16,39,0.024055744810818205,0.01145709703654458,False,True,True,0.00010255459670319741,COMPLETE
1934,0.40833892822265627,2025-04-13 13:24:21.539252,2025-04-13 13:24:39.913834,0 days 00:00:18.374582,0.8010107930215867,0.1302559411906346,16,0.01453733716078893,0.009307403697966265,0.03315280064861047,0.07055089049594461,0.03727384848814934,0.08300199774029517,0.0001189324688865454,17,35,0.022848088765626794,0.01934732740955117,False,False,True,0.00015981893771928313,COMPLETE
1935,0.5143412470817567,2025-04-13 13:24:40.563728,2025-04-13 13:24:59.395159,0 days 00:00:18.831431,0.7385183588165852,0.11136567998744829,16,0.020098970053944887,0.029245676876457564,0.031382667187717275,0.0786551454998454,0.038944463107419176,0.08495137793281418,0.0001232947712998213,18,34,0.022932923346228824,0.027165194731709235,False,True,True,0.00011062576249971162,COMPLETE
1936,0.3309162020683289,2025-04-13 13:25:00.048499,2025-04-13 13:25:18.557892,0 days 00:00:18.509393,0.78528435161031,0.07511409331214358,16,0.024680003981428018,0.0002774001123093759,0.03558118341198373,0.0756855026032098,0.03716326291144601,0.08650836159607367,0.0001492087896560015,17,42,0.022720608926852882,0.00587236494651457,False,True,True,0.00017385513887886224,COMPLETE
1937,0.26316726207733154,2025-04-13 13:25:19.189214,2025-04-13 13:25:37.757027,0 days 00:00:18.567813,0.8089691696754518,0.12749985560517718,16,0.017690498100194723,0.010787119886598421,0.03052037648987785,0.04545388885215229,0.034566327049635,0.08853363505724282,0.0001801611783138276,18,38,0.029936186984229184,0.015903654521196887,False,True,True,0.0001287009981438388,COMPLETE
1938,0.19200567007064823,2025-04-13 13:25:38.408398,2025-04-13 13:25:56.273850,0 days 00:00:17.865452,0.766163969980085,0.10396915489454676,16,0.012445251414883904,0.018132797463019826,0.03422136820849567,0.00878964525321145,0.038139875685738775,0.08301248756848165,0.00010846487071602745,16,34,0.02719003993549362,0.010335046609359856,False,True,True,0.00017012445365810174,COMPLETE
1939,0.6030707359313965,2025-04-13 13:25:56.897278,2025-04-13 13:26:14.891076,0 days 00:00:17.993798,0.8008856685038005,0.08282340702360547,16,0.024170419255973883,0.0056740455791274205,0.033134312207028775,0.08009637982481425,0.039574415703591936,0.08449209493641453,0.00014365427215375174,16,38,0.025230772230371068,0.021782596396050874,False,True,True,0.00017379960868299025,COMPLETE
1940,0.21344790458679203,2025-04-13 13:26:15.541399,2025-04-13 13:26:33.634889,0 days 00:00:18.093490,0.7857517235500963,0.11140049408229251,16,0.028079352496281778,0.19813966359662716,0.029953041535582328,0.07648230819125934,0.030354456726508754,0.08183370107091678,9.76332673447828e-05,17,44,0.023990820393544512,0.017832524165677245,False,True,True,0.00014283655956611032,COMPLETE
1941,0.43510931730270386,2025-04-13 13:26:34.262191,2025-04-13 13:26:52.934285,0 days 00:00:18.672094,0.7649914216938437,0.08398311956025986,16,0.012319837880762862,0.0002479894390733225,0.03723126356256814,0.07812250688601942,0.03523515473753354,0.08843984848661725,0.00012149840526618279,18,36,0.022991133204755078,0.001093688031237796,False,True,True,8.350663926805031e-07,COMPLETE
1942,0.43426102399826055,2025-04-13 13:26:53.577275,2025-04-13 13:27:56.161082,0 days 00:01:02.583807,0.8109998795876607,0.13015790650782777,2,0.01869282436762154,0.014002575836674969,0.03237596319321182,0.07392290631941632,0.03735677841086704,0.08590741752592708,6.526970516566465e-05,17,41,0.022267373326677553,0.13629145089150396,False,True,True,7.620519735283376e-05,COMPLETE
1943,0.5574201345443726,2025-04-13 13:27:56.812996,2025-04-13 13:28:14.946032,0 days 00:00:18.133036,0.7272637116548654,0.06747874308070333,16,0.027776706774002995,0.02373546125656395,0.029808778455621222,0.0795698939999401,0.0328762462242907,0.0825551671281841,8.853821578633113e-05,16,33,0.023043480848074952,0.02878258542185534,False,True,True,0.00018639499676650141,COMPLETE
1944,0.419761872291565,2025-04-13 13:28:15.570184,2025-04-13 13:28:34.270838,0 days 00:00:18.700654,0.805216938038308,0.09895108874075025,16,0.014897588137639878,0.009723150123794495,0.03496004697474433,0.07782635245966874,0.03932186416397607,0.08668571652378439,0.00017501761793721878,18,37,0.020786234734815393,0.008677109069924804,False,True,True,0.00018747983096495196,COMPLETE
1945,0.2679521799087525,2025-04-13 13:28:34.919080,2025-04-13 13:28:54.259254,0 days 00:00:19.340174,0.7802025389278514,0.12999501852893514,16,0.02160168339239551,0.005769248715447937,0.03266186378113537,0.05585918578776659,0.03616940534731922,0.08420836999271997,0.00011418772721234042,17,138,0.024615572499835585,0.0010186338760774481,False,True,True,0.00012195728111152334,COMPLETE
1946,0.3930971622467041,2025-04-13 13:28:54.919166,2025-04-13 13:29:12.814157,0 days 00:00:17.894991,0.7600241485027524,0.07061934035223198,16,0.010209157748646714,0.01728750534469789,0.03693588578095094,0.0721648147993568,0.03916873995830345,0.08893799851543444,0.00014311254572690093,16,34,0.02699620159026137,0.014188108394953783,False,True,True,0.00015703792238646417,COMPLETE
1947,0.3929952383041382,2025-04-13 13:29:13.439355,2025-04-13 13:29:32.133898,0 days 00:00:18.694543,0.8095404684117561,0.10280295081210655,16,0.02755723681403722,0.00013374259465399017,0.030942812723971095,0.07534105937901864,0.03738854563095917,0.08187337434363418,0.00010074404679713879,18,40,0.0220900305581839,0.023797735313324447,False,True,True,9.83947454944993e-05,COMPLETE
1948,0.482426917552948,2025-04-13 13:29:32.784967,2025-04-13 13:29:50.897090,0 days 00:00:18.112123,0.7846684656540677,0.08403356210632248,16,0.018819629604334302,0.033340170512783755,0.029382744874528428,0.08020641447901344,0.028316087785873773,0.08485444915547517,7.783334813411207e-05,17,33,0.02208854720875794,0.018589927071840914,False,True,False,0.00020003364243555266,COMPLETE
1949,0.37084870338439946,2025-04-13 13:29:51.524867,2025-04-13 13:30:09.723152,0 days 00:00:18.198285,0.8088439992207479,0.11732339469109118,16,0.01043368299532782,0.010219949161054686,0.033922375289996386,0.07819768012167444,0.03441545909056212,0.08702346592584269,0.00012058490538005235,16,37,0.02344609620154094,0.010692727205103843,False,True,True,0.00015792958294042815,COMPLETE
1950,0.413464343547821,2025-04-13 13:30:10.372231,2025-04-13 13:30:28.788042,0 days 00:00:18.415811,0.7396353184135688,0.06796818125152647,16,0.02277699898030773,0.01818712835013612,0.02953999247211859,0.08036361710355762,0.03902923883768931,0.0824952641976646,0.00014400497041111245,17,39,0.021679848381302286,0.029149452235589332,False,True,True,0.00019438796892593254,COMPLETE
1951,0.3345660984516144,2025-04-13 13:30:29.445091,2025-04-13 13:30:48.849562,0 days 00:00:19.404471,0.7772239378920417,0.1349935111721516,16,0.015202896705290573,0.005642423592138937,0.03173424775524924,0.07465625742715912,0.04057908924565283,0.08485692268955945,9.488012088130278e-05,18,48,0.024348580651041105,0.02184750456215702,True,False,True,0.00013797937574741776,COMPLETE
1952,0.3924802660942078,2025-04-13 13:30:49.480623,2025-04-13 13:31:07.859223,0 days 00:00:18.378600,0.7947608553449275,0.09276373245498991,16,0.03012422032223319,0.07774541682150116,0.0352112580772897,0.06861103513936699,0.03306630282296898,0.08925921520831087,6.243004854522437e-05,16,32,0.0287185668234126,0.1666452429477197,False,True,True,0.0002251548299177738,COMPLETE
1953,0.46511695384979246,2025-04-13 13:31:08.516351,2025-04-13 13:31:26.207870,0 days 00:00:17.691519,0.8192731368649154,0.11499969073809971,16,0.020924600053514607,0.013531627119104042,0.027136996949947464,0.07700187005785913,0.03598261330705339,0.08672498120907136,0.002116106245725862,15,42,0.021044818541832155,0.012580669146235127,False,True,True,0.00014551934831677987,COMPLETE
1954,0.5316948533058167,2025-04-13 13:31:26.868582,2025-04-13 13:31:45.168143,0 days 00:00:18.299561,0.7502573645777529,0.06365581917838756,16,0.027442460952378366,0.025259895704969976,0.03266080013009538,0.08123962269648537,0.03757716708685464,0.08250615177555597,0.00017681211610544347,17,35,0.025324917025665517,0.008499685438026464,False,True,True,0.0009830865692596166,COMPLETE
1955,0.18795708417892457,2025-04-13 13:31:45.800560,2025-04-13 13:32:04.534806,0 days 00:00:18.734246,0.7910000457541133,0.0889468467489855,16,0.009297811534744528,0.11817455553164247,0.028750951371894328,0.07900079235540616,0.03994316467685866,0.08440229286678932,0.00012106532473845841,18,37,0.02115167843753004,0.016596698333709994,False,True,True,0.0001917888267063125,COMPLETE
1956,0.18795708417892457,2025-04-13 13:32:05.189380,2025-04-13 13:32:23.646874,0 days 00:00:18.457494,0.7641685065404398,0.9402403682606237,16,0.24128513502353008,0.00015250832977718124,0.03753369696580574,0.07263073182472608,0.04066469957673975,0.08774463051860691,8.628844557992673e-05,17,31,0.021582841192263356,0.023735556829836194,False,True,True,0.00010937096940345043,COMPLETE
1957,0.5839480400085449,2025-04-13 13:32:24.310393,2025-04-13 13:32:42.262214,0 days 00:00:17.951821,0.8140619807087905,0.1295585379817532,16,0.0168877502013578,0.010336903526669206,0.03400058881049101,0.0762411791683464,0.03645416774679112,0.08349238580184981,0.00015085330271838232,16,35,0.02365085597018458,0.015159508013242765,False,True,True,0.00014416912718183154,COMPLETE
1958,0.4345025181770325,2025-04-13 13:32:42.898199,2025-04-13 13:33:00.558213,0 days 00:00:17.660014,0.7319749231576645,0.10370623225271378,16,0.03231295916680186,0.018212436442902394,0.031198586911730025,0.07758363210209236,0.03850133430434637,0.0815269611189194,0.00010653175642593475,15,45,0.02621291029754566,0.008797643129998263,False,True,True,0.00021123336749122868,COMPLETE
1959,0.18795708417892457,2025-04-13 13:33:01.218005,2025-04-13 13:33:20.189997,0 days 00:00:18.971992,0.7989004922171453,0.06320298012209634,16,0.023311559797373406,0.24250291887107087,0.02969894885942757,0.0804848123091772,0.03455969181565247,0.08601262428227589,7.216943063371463e-05,19,39,0.021487055637226395,0.03128863200170186,False,True,True,0.00022905153675518503,COMPLETE
