number,value,datetime_start,datetime_complete,duration,params_alpha-eval,params_alpha-train,params_batch-size,params_eps-eval,params_eps-train,params_lambda-actions-eval,params_lambda-actions-train,params_lambda-frames-eval,params_lambda-frames-train,params_learning-rate,params_n-epochs,params_n-frames,params_radius-gw,params_rho,params_std-feats,params_ub-actions,params_ub-frames,params_weight-decay,state
1064,0.5890809893608093,2025-04-13 08:15:19.810181,2025-04-13 08:15:40.014094,0 days 00:00:20.203913,0.8495909064475998,0.010613048588107729,16,0.006457666242400184,0.009344573294900405,0.040668574922023554,0.0904827060317022,0.05583213262048895,0.09215405694878609,0.00019725767347185044,22,32,0.004310490345596576,0.027210284278960377,False,True,True,0.00047772044948022246,COMPLETE
1065,0.33702156543731693,2025-04-13 08:15:40.363209,2025-04-13 08:16:00.613598,0 days 00:00:20.250389,0.8464357412186734,0.011866964123439051,16,0.005856426560388279,0.010157727687209704,0.040202344253368924,0.08980756098003324,0.05733217469694561,0.09070023020952378,0.00018999580226168312,22,31,0.00652003137260194,0.022021239967363014,False,True,True,0.00047237578668393265,COMPLETE
1066,0.3462209224700928,2025-04-13 08:16:00.950448,2025-04-13 08:16:21.098139,0 days 00:00:20.147691,0.8449099467971252,0.028213803868599962,16,0.0046225831906875695,0.00865395149474775,0.040983648316680374,0.09021405776683336,0.04341352233364054,0.09298446067285067,0.00019207356491285945,22,31,0.006158263836490735,0.012667146359213616,False,True,True,0.0005140460401320713,COMPLETE
1067,0.5828521013259889,2025-04-13 08:16:21.445145,2025-04-13 08:16:41.252110,0 days 00:00:19.806965,0.8439448469062037,0.01142618788741099,16,0.0059297801430757,0.010402956789510882,0.03840953368662755,0.0887985820637067,0.05984771147180896,0.09215056714927694,0.0001752993872933714,21,32,0.0065150756567876975,0.026073664053381927,False,True,True,0.0005144467749788592,COMPLETE
1068,0.5164796710014343,2025-04-13 08:16:41.601845,2025-04-13 08:17:01.727187,0 days 00:00:20.125342,0.8578728614903907,0.060129534966199175,16,0.01727997233280541,0.010573462978433893,0.03789568824758157,0.09107115415447174,0.05660278724637924,0.0883356714680412,0.00022032467514880542,22,34,0.005047166895008027,0.017892535927869786,False,True,True,0.0004437439144563597,COMPLETE
1069,0.18795708417892457,2025-04-13 08:17:02.076364,2025-04-13 08:17:21.693531,0 days 00:00:19.617167,0.8414812643359315,0.04101354541377973,16,0.15467823966468572,0.007213220638878959,0.04106360325960988,0.0899735743321277,0.052613230851162776,0.09287410202396257,0.00018713683937295584,21,30,0.004353273372493579,0.02826905404396626,False,True,True,0.00039164298403289346,COMPLETE
1070,0.27943819761276245,2025-04-13 08:17:22.040057,2025-04-13 08:17:42.420688,0 days 00:00:20.380631,0.8631055983269764,0.011889468778229917,16,0.005587529626771775,0.010634206415564,0.05079231466484914,0.03783039453034629,0.06181382194322179,0.08511254433688246,0.00023763412847789027,22,34,0.00827122432092197,0.020831595648250753,False,True,True,0.0005320314286286542,COMPLETE
1071,0.3155656695365906,2025-04-13 08:17:42.773422,2025-04-13 08:18:03.905203,0 days 00:00:21.131781,0.8379608809587867,0.05535130506559908,16,0.010692271476975868,0.006247871749106848,0.04652659595140413,0.09617473244861582,0.05858472577322035,0.08638068581901474,0.0001753939618535316,22,120,0.0048562789478629265,0.012924726082817329,False,True,True,0.00041459874040013467,COMPLETE
1072,0.3601489901542664,2025-04-13 08:18:04.257997,2025-04-13 08:18:25.094361,0 days 00:00:20.836364,0.8393264115948307,0.011434736107977489,16,0.01582159992341833,0.011735938164047211,0.03845309989342156,0.09353581798017054,0.06711600354461017,0.08951399019483658,0.00020528838207367218,23,60,0.006794407630817517,0.03637835363417256,False,True,True,0.00034506089436307113,COMPLETE
1073,0.47881042957305914,2025-04-13 08:18:25.447316,2025-04-13 08:18:46.346610,0 days 00:00:20.899294,0.8648299412084788,0.042939914551796875,16,0.00022390010081445658,0.0060321424452235,0.040801491911450896,0.08730813261295176,0.07024627679343715,0.09202812671648569,0.0001671154174934171,24,39,0.003278693956275839,0.007930686845197377,False,True,True,0.0005443280414228011,COMPLETE
1074,0.5254928469657898,2025-04-13 08:18:46.700969,2025-04-13 08:19:07.171692,0 days 00:00:20.470723,0.8526307542463915,0.0315545225012296,16,0.005348162690014299,0.012610532407488089,0.0424180578720789,0.09176798293730654,0.051734785307855004,0.08297088978439816,0.00023070000796270425,23,33,0.007878826609596486,0.026900308633637304,False,True,True,0.0004003491413498264,COMPLETE
1075,0.19513751864433287,2025-04-13 08:19:07.529544,2025-04-13 08:19:27.370228,0 days 00:00:19.840684,0.839139232839827,0.06409707286647433,16,0.0005143975756163131,0.19464032323545125,0.04829001913098306,0.0889465397776664,0.04678424068520173,0.0897830521722182,0.00019166872616689396,22,30,0.004434211516130958,0.01939799483451115,False,True,False,0.00032114525971096546,COMPLETE
1076,0.5931632399559021,2025-04-13 08:19:27.705015,2025-04-13 08:19:46.819642,0 days 00:00:19.114627,0.8704551932112733,0.010335135670280231,16,0.00016940489227418206,0.006499455421273728,0.03754121161327825,0.0941542823000567,0.055856575798346485,0.08519725320341602,0.0001618396864874783,19,36,0.006234166332867821,0.024409161924932282,False,True,True,0.0003096984030859733,COMPLETE
1077,0.3397317290306091,2025-04-13 08:19:47.170433,2025-04-13 08:20:06.427128,0 days 00:00:19.256695,0.8778127971608103,0.011597250888580761,16,0.0067208906318812255,0.013569724557252109,0.03588081457510748,0.09601191375991226,0.054508124682258324,0.08543251317878542,0.00014820050266878629,19,41,0.009199786616116971,0.013712954892146322,False,True,True,0.0005532473999442506,COMPLETE
1078,0.29509053826332093,2025-04-13 08:20:06.781986,2025-04-13 08:20:26.358212,0 days 00:00:19.576226,0.8996742168102294,0.011155858069834624,16,0.00473272450412418,0.00988918498108785,0.03702875903590923,0.09540840348713701,0.05000896311733982,0.08689801409499066,0.00015938070702369825,19,37,0.007940437484640106,0.02166259073922399,True,False,True,0.0004114895923496542,COMPLETE
1079,0.3339422106742859,2025-04-13 08:20:26.711616,2025-04-13 08:20:45.723152,0 days 00:00:19.011536,0.8767322958468226,0.028547696853064124,16,0.004502421906504303,0.013250549785954899,0.037728021103811134,0.09399188676837517,0.05631424228770797,0.08294419109802603,0.000150483805091586,19,39,0.006728432713002506,0.018296289280173267,False,True,True,2.4176801219862506e-07,COMPLETE
1080,0.47688624858856205,2025-04-13 08:20:46.075986,2025-04-13 08:21:07.369800,0 days 00:00:21.293814,0.8691840331939291,0.02831036111588348,16,0.005370824054622527,0.006358338317401905,0.03650703029610971,0.09593351993040056,0.05415538038867817,0.08618741973390937,0.00017659474161900565,25,43,0.009520367897468683,0.007654676147109898,False,True,True,0.0003218095159351863,COMPLETE
1081,0.5151189804077149,2025-04-13 08:21:07.726303,2025-04-13 08:21:28.265788,0 days 00:00:20.539485,0.8324825568461407,0.03514789503084832,16,0.0010197265683927446,0.014005861844786948,0.038858722088357965,0.09385957643887675,0.05325240039186202,0.08195205862297265,0.0001475203956394249,23,36,0.0062186153696551635,0.025746090922089685,False,True,True,0.00042399474839424314,COMPLETE
1082,0.339047908782959,2025-04-13 08:21:28.627818,2025-04-13 08:21:47.988764,0 days 00:00:19.360946,0.8616218199348223,0.012259643345370818,16,0.00022319447226117582,0.008220048501267112,0.03909779996925133,0.09236562539606628,0.0498342079682269,0.08830063782757426,0.00017575375214562742,19,47,0.008937137574121864,0.013231339047801877,False,True,True,0.0003359271452800617,COMPLETE
1083,0.5197543144226074,2025-04-13 08:21:48.347048,2025-04-13 08:22:07.023355,0 days 00:00:18.676307,0.8954622512329203,0.032043442889383836,16,0.0001753264098300917,0.013946793735916856,0.03454194670705327,0.0967426810294332,0.05623487757351755,0.08526741847866133,0.00014046059448386504,18,36,0.006518016245967857,0.027711390773506334,False,True,True,0.00045777198233663065,COMPLETE
1084,0.18795708417892457,2025-04-13 08:22:07.383303,2025-04-13 08:23:14.820135,0 days 00:01:07.436832,0.832752672550098,0.9869283148318178,2,0.008658264911989903,0.0002605013723641883,0.0545758722302311,0.0927480694640901,0.051561850897625,0.0764320511007276,0.00018983795986450845,19,38,0.005076372300631422,0.02023799813172912,False,True,True,0.0005527593204119928,COMPLETE
1085,0.4363620042800903,2025-04-13 08:23:15.180642,2025-04-13 08:23:34.058262,0 days 00:00:18.877620,0.8626454397953944,0.010284437747854416,16,0.000435808712124052,0.00016704101761861982,0.03760727901654883,0.09442861803944179,0.04773654952051044,0.08346182378115698,0.00016610530140221408,18,41,0.009178263924233456,0.006893477712290006,False,True,True,0.00029539982175096606,COMPLETE
1086,0.18795708417892457,2025-04-13 08:23:34.401605,2025-04-13 08:23:53.627157,0 days 00:00:19.225552,0.8843096049084317,0.948807445029878,16,0.010846990057248374,0.006675417503176862,0.04017166952063863,0.09632066512111269,0.05291897967055652,0.07095398604885178,0.0018544798563859058,19,63,0.006324200353150592,0.015444356990012295,False,True,True,0.00036122137350685224,COMPLETE
1087,0.5193113923072815,2025-04-13 08:23:53.987490,2025-04-13 08:24:14.831200,0 days 00:00:20.843710,0.8525279873988876,0.04500567308784345,16,0.01696923912024829,0.014479419919432326,0.03581508048802664,0.09146834691176514,0.055231824951213544,0.08721858323867675,0.00014363708921471695,23,34,0.007848766807241399,0.024814818107685564,False,True,True,0.000469260931657022,COMPLETE
1088,0.5856632947921753,2025-04-13 08:24:15.186751,2025-04-13 08:24:33.903887,0 days 00:00:18.717136,0.8307001408082919,0.010183264878951735,16,0.00015671021300909198,0.006094907202660501,0.09960922172729772,0.09272855640534042,0.0573642456598623,0.0787395987059664,0.0002046151275676375,18,35,0.00412468240451498,0.029613951200107843,False,True,True,0.0002609871768135835,COMPLETE
1089,0.4461042761802674,2025-04-13 08:24:34.257246,2025-04-13 08:24:54.541934,0 days 00:00:20.284688,0.8528282252535883,0.033421958623350845,16,0.010139119262896974,0.00640664297255229,0.033828444588894176,0.09424578215287688,0.05123463783768039,0.08905007446010224,0.00017311750873294908,22,40,0.002887603796846775,0.0013101484694254123,False,True,True,0.00035018112022655205,COMPLETE
1090,0.4970771908760071,2025-04-13 08:24:54.895384,2025-04-13 08:25:13.517853,0 days 00:00:18.622469,0.3092604262960726,0.05881464971004455,16,0.01545422758932973,0.013206287545284015,0.03926599692842976,0.08676726531164052,0.04862797073551233,0.07533907595209414,0.014798871048091146,18,32,0.009490333685066214,0.021386368730984446,False,True,True,0.00021177056659882907,COMPLETE
1091,0.41566385030746467,2025-04-13 08:25:13.873516,2025-04-13 08:25:32.824567,0 days 00:00:18.951051,0.8289547484579236,0.040303264519973875,16,0.009628765549300011,0.0067200504132073294,0.04035758811575308,0.0896544860499179,0.05491568967990586,0.082626143389751,0.00013436095098148392,19,37,0.004754127583345758,0.011135525042365542,False,True,True,0.0005604312678710911,COMPLETE
1092,0.5268230199813843,2025-04-13 08:25:33.186062,2025-04-13 08:25:51.592465,0 days 00:00:18.406403,0.8719907918820043,0.02968750197907239,16,0.018144507734314187,0.013599442260339427,0.03648416747022373,0.09130305038179685,0.05271461815062694,0.08385411432054243,0.00020265589371132276,17,34,0.007266836701809977,0.016481867902386593,False,True,True,0.00029635357728293946,COMPLETE
1093,0.4486996054649353,2025-04-13 08:25:51.949835,2025-04-13 08:26:09.547030,0 days 00:00:17.597195,0.9060714249506521,0.06060021976398021,16,0.009723736772072377,0.0002001661196328339,0.04216188383588137,0.08795637091741465,0.05663006756953312,0.08551155965093762,0.00015551700181945676,15,43,0.002812561077785895,0.03825492944348399,False,True,True,0.0004150839632316574,COMPLETE
1094,0.2400732159614563,2025-04-13 08:26:09.904211,2025-04-13 08:26:28.320047,0 days 00:00:18.415836,0.828022108919239,0.026146369765484172,16,0.018522128008573734,0.27991436036063766,0.03834812510590031,0.09627713402559053,0.05419794022334177,0.07994759992399349,0.0002325215779551285,18,39,0.005436236216788542,0.023569054274765498,False,True,False,0.00019507845193515865,COMPLETE
1095,0.5272837281227112,2025-04-13 08:26:28.681838,2025-04-13 08:26:47.756187,0 days 00:00:19.074349,0.8487482297315299,0.045412552283294876,16,0.0064095973875533,0.009648776314020863,0.050398729929771256,0.09377800791142,0.050507317702465596,0.07775950095069863,0.00017522124128724296,19,32,0.009782560967078918,0.03112679849918417,False,True,True,0.00027793094512815615,COMPLETE
1096,0.6049624562263489,2025-04-13 08:26:48.117230,2025-04-13 08:27:06.441059,0 days 00:00:18.323829,0.8779605960572914,0.026119146245331383,16,0.013463369137607198,0.006153012667301987,0.03289428643003056,0.0899963212082813,0.06416892310016685,0.0910322086971419,0.00014330739073893894,17,36,0.0010521132583132904,0.01279287716118999,False,True,True,0.00036196615516927237,COMPLETE
1097,0.23469672799110414,2025-04-13 08:27:06.785608,2025-04-13 08:27:25.226061,0 days 00:00:18.440453,0.9051470460405612,0.0571509826354888,16,0.019675218602870782,0.013116534552715987,0.03319912418765464,0.08661565886155674,0.06351946568043258,0.09150529829193764,0.00011914202396876213,17,34,0.0024126144608551192,0.004978805417283391,True,False,True,0.00047533084309544653,COMPLETE
1098,0.18746761083602906,2025-04-13 08:27:25.583827,2025-04-13 08:27:43.415557,0 days 00:00:17.831730,0.9265152651201549,0.06343763163549716,16,0.014876786111834392,0.01495095079252826,0.03384199662709553,0.08536085131904725,0.06588367457183952,0.09034612327688439,0.00013077891841399992,16,29,0.0012132072772276625,0.010228148373975923,False,True,True,0.0002553231965021229,COMPLETE
1099,0.18795708417892457,2025-04-13 08:27:43.772969,2025-04-13 08:28:02.026088,0 days 00:00:18.253119,0.8818111592177303,0.8386408864576076,16,0.0002858996663420658,0.015367889043797003,0.03549497442587727,0.08844107875731767,0.06423015019098807,0.08890068711891048,0.00013721654365361156,17,35,0.003150708904234991,0.015076020010807871,False,True,True,0.00016137249164098637,COMPLETE
1100,0.4778079271316529,2025-04-13 08:28:02.384068,2025-04-13 08:28:20.491239,0 days 00:00:18.107171,0.8740531420752692,0.046101591509238295,16,0.019462226986706188,0.0074969737577393405,0.03127749681326221,0.08954922030610184,0.0698695454113498,0.08744977642783335,0.00013933573001375204,16,32,0.005444888518287715,0.0066432410566167836,False,True,True,0.000589153039213276,COMPLETE
1101,0.5788370013237,2025-04-13 08:28:20.849552,2025-04-13 08:28:38.618169,0 days 00:00:17.768617,0.896398097482548,0.010450008010905955,16,0.012745022380101018,0.015704551367013132,0.03222659984597512,0.08976890500595949,0.04071293935416162,0.09099338424093337,0.0001558851842675283,15,36,0.0010170243493136456,0.012158725223811114,False,True,True,0.0003491992966489731,COMPLETE
1102,0.3701243996620178,2025-04-13 08:28:38.978209,2025-04-13 08:28:57.357204,0 days 00:00:18.378995,0.9357147818973294,0.42689376801319145,16,0.00641407268550925,0.009272984250991522,0.032876217885051934,0.08731771653591455,0.06799707177477805,0.09200850231554569,0.00012844729318829982,17,33,0.00820106252449967,0.017716356255570297,False,True,True,1.297773155110719e-07,COMPLETE
1103,0.35916410684585576,2025-04-13 08:28:57.718214,2025-04-13 08:29:15.557534,0 days 00:00:17.839320,0.8825165895569447,0.04031498448463076,16,0.0190226802396304,0.008200660096430366,0.03486373512690177,0.09101592263847522,0.06867999269704766,0.08916061996403947,0.00016139762022700336,16,30,0.004277669286210891,0.010416696371885244,False,True,True,0.00021719949085630054,COMPLETE
1104,0.3108943462371826,2025-04-13 08:29:15.919802,2025-04-13 08:29:34.152822,0 days 00:00:18.233020,0.9104029201996956,0.030154039715722208,16,0.011742293790076703,0.016466004571867896,0.036888991003533524,0.08540088098085027,0.06467057446417931,0.0851334041338234,0.0001274894222396857,17,28,0.0010985752270546148,0.0017955783181930647,False,True,True,0.00043096207698858544,COMPLETE
1105,0.18795708417892457,2025-04-13 08:29:34.516867,2025-04-13 08:30:30.997222,0 days 00:00:56.480355,0.8923937949052334,0.060933560323364735,2,0.12958841287041034,0.0072639367154429,0.03550243101620312,0.0038429142637817354,0.05306337962609258,0.08774049882214831,0.00017268040579012875,15,37,0.002857112245521653,0.02034145428750593,False,True,True,0.0002864871169933159,COMPLETE
1106,0.18795708417892457,2025-04-13 08:30:31.360314,2025-04-13 08:30:49.673079,0 days 00:00:18.312765,0.8647738798792318,0.06428563996030903,16,0.014888772727657274,0.18328880311290385,0.03205804730492707,0.08802015194485412,0.07190895799406644,0.09365973012955586,0.00014790061965893545,17,33,0.010425910087470344,0.017480225428248612,False,True,True,0.0003723891046923592,COMPLETE
1107,0.3904547572135925,2025-04-13 08:30:50.033287,2025-04-13 08:31:08.751893,0 days 00:00:18.718606,0.864179513297757,0.04283583245821325,16,0.005424045765194958,0.012010408134365656,0.030113444886704442,0.09063979141105159,0.06760855874222853,0.0817352647221846,0.00012308048139062465,16,128,0.006907101764090937,0.012432682927956979,False,True,True,0.0001999246544770803,COMPLETE
1108,0.18795708417892457,2025-04-13 08:31:09.114794,2025-04-13 08:31:28.860338,0 days 00:00:19.745544,0.8789569586507165,0.02877037037607627,16,0.2507411733203486,0.004855659103613281,0.03746362001146884,0.0891773902350887,0.04907650969136331,0.08585774985657531,0.00016951043912057063,21,40,0.0056962929441719875,0.04615726940597383,False,True,True,0.0002973033467973766,COMPLETE
1109,0.49651153087615973,2025-04-13 08:31:29.223957,2025-04-13 08:31:46.899657,0 days 00:00:17.675700,0.8526222405417465,0.33289365946747507,16,0.0058136618649711775,0.016093063876203177,0.03537347710667945,0.09165947557683464,0.04592933713344223,0.09045934274819085,0.00019793149818024124,15,36,0.0010797109170761574,0.022250537798321306,False,True,True,0.0005629349042285989,COMPLETE
1110,0.18520737290382386,2025-04-13 08:31:47.245099,2025-04-13 08:32:04.898207,0 days 00:00:17.653108,0.9181431689178171,0.06301530556486433,16,0.020207910823782517,0.0067663900545253276,0.03354346548850971,0.086295842801164,0.05077217913973405,0.0841304618437414,0.00014815157294694202,16,31,0.004503474134496422,0.009148065019052996,False,True,True,0.00023845607414655056,COMPLETE
1111,0.18795708417892457,2025-04-13 08:32:05.256573,2025-04-13 08:32:23.232531,0 days 00:00:17.975958,0.8525973739194624,0.027845440980038452,16,0.110406476859397,0.08609287480008002,0.021789902398639482,0.0925907479969556,0.03549110499772552,0.08902982209634751,0.00011771670280595216,17,28,0.00999826012791126,0.05388539423092263,False,True,True,0.00016073356758139953,COMPLETE
1112,0.5218171119689942,2025-04-13 08:32:23.592195,2025-04-13 08:32:43.788006,0 days 00:00:20.195811,0.8847688753046219,0.04718435221378148,16,0.013820793014267663,0.01147221257997744,0.03804105487465814,0.08861922465545219,0.06260495656060866,0.08717964267217328,0.00018551577445943162,22,35,0.007942170722184455,0.0184556016508634,False,True,True,0.00045371958969472767,COMPLETE
1113,0.4275999903678894,2025-04-13 08:32:44.148843,2025-04-13 08:33:02.343736,0 days 00:00:18.194893,0.8394308633205262,0.010563423375083517,16,0.005978663691210707,0.005672286288863144,0.0392201339372721,0.09449356480507747,0.05570477654458371,0.0837756358348668,0.0001443877845469403,16,39,0.003185081159098162,0.02323898020246102,False,True,True,0.00032113451510052684,COMPLETE
1114,0.4838476300239563,2025-04-13 08:33:02.703339,2025-04-13 08:33:21.196001,0 days 00:00:18.492662,0.8642734652530544,0.045207297998310664,16,0.0005382826703300841,0.01656484895086256,0.03679672646763596,0.09072307967824994,0.06607765141228476,0.08118851597424079,0.00022036458914568286,17,33,0.001046126965025791,0.013798784651265265,False,True,False,0.00024835716419014455,COMPLETE
1115,0.4808989048004151,2025-04-13 08:33:21.560004,2025-04-13 08:33:39.428983,0 days 00:00:17.868979,0.8379281914259813,0.06551317675146001,16,0.019745156367157596,0.005945587515459974,0.04056442470945388,0.09235115119143661,0.05201751248911243,0.08554619016527343,0.00016612884362002803,15,42,0.006581002453262502,0.006629673099683903,False,True,True,0.00036948058591580274,COMPLETE
1116,0.3444982886314392,2025-04-13 08:33:39.792068,2025-04-13 08:33:57.857872,0 days 00:00:18.065804,0.896918710728297,0.010637680563201593,16,0.010314772160480089,0.013745968210984432,0.028870250299587216,0.0897566713080116,0.05430445511438915,0.0892695660885272,0.00024613706235639664,16,30,0.004601264923824929,0.027374680438427692,True,False,True,0.0001967775091386309,COMPLETE
1117,0.4365271329879761,2025-04-13 08:33:58.222107,2025-04-13 08:34:16.696945,0 days 00:00:18.474838,0.8709198627218967,0.0400188651292295,16,0.014197437762472632,0.005565893951213539,0.02387771984754291,0.08370132746553789,0.05700159089088243,0.09266626443522129,0.00011660914521502186,17,37,0.0029363236136786784,0.016902893137498896,False,True,True,0.00048577246110436913,COMPLETE
1118,0.5287429094314575,2025-04-13 08:34:17.061743,2025-04-13 08:34:37.246158,0 days 00:00:20.184415,0.8560305245019019,0.027427070176494886,16,0.005656284757344113,0.010346779432915579,0.030682130134519134,0.09493162722936946,0.061502204522933895,0.0784031736225958,0.00019292485150746518,21,33,0.009710508452687942,0.03472237415032853,False,True,True,0.00030197928458413584,COMPLETE
1119,0.59340158700943,2025-04-13 08:34:37.612912,2025-04-13 08:34:56.187192,0 days 00:00:18.574280,0.8295226814653461,0.062029189532556664,16,0.019283760469809424,0.00010072521061480627,0.034015992941584285,0.08762846447152538,0.04888807535157948,0.0910912825719806,0.00015034087801846395,18,36,0.00752262309938613,0.023917424740534866,False,True,True,0.0003842194587047492,COMPLETE
