number,value,datetime_start,datetime_complete,duration,params_alpha-eval,params_alpha-train,params_batch-size,params_eps-eval,params_eps-train,params_lambda-actions-eval,params_lambda-actions-train,params_lambda-frames-eval,params_lambda-frames-train,params_learning-rate,params_n-epochs,params_n-frames,params_radius-gw,params_rho,params_std-feats,params_ub-actions,params_ub-frames,params_weight-decay,state
1123,0.41928726434707647,2025-04-15 05:39:11.138449,2025-04-15 05:39:31.926008,0 days 00:00:20.787559,0.7754034717057593,0.4667070923573828,8,0.023899739101478773,0.015201646300546759,0.004006721834470407,0.06884726379264985,0.027412996413744884,0.07958969194702656,0.0005314903377897624,11,31,0.005498542019818253,0.01182667158799933,True,True,True,9.893250725910235e-08,COMPLETE
1124,0.18795708417892457,2025-04-15 05:39:32.297638,2025-04-15 05:39:53.129798,0 days 00:00:20.832160,0.7464096735141387,0.4357890106732093,8,0.03437735628870546,0.23819918793763636,0.01043427625101204,0.0660496184803527,0.055577797233470394,0.08133347233066571,0.00047446634173188215,12,28,0.00325604390921607,0.0012074404843228498,True,True,True,7.665670030639432e-08,COMPLETE
1125,0.18795708417892457,2025-04-15 05:39:53.498212,2025-04-15 05:40:14.917511,0 days 00:00:21.419299,0.719373708985998,0.4706242049494274,8,0.01484433594848457,0.15277129814237095,0.013312004438686078,0.07059276014888542,0.032240900788960164,0.07863585496577476,0.0005592542650079449,12,34,0.008658353619227536,0.012111743172338216,True,True,True,1.0031119784341128e-07,COMPLETE
1126,0.5742240428924561,2025-04-15 05:40:15.264956,2025-04-15 05:40:35.745443,0 days 00:00:20.480487,0.763651251470016,0.3967386003107769,8,0.04001310492448108,0.01949524376581476,0.011212377799821736,0.07204055082103672,0.030264435555684654,0.08501057971046092,0.00045344164461455234,11,29,0.005221421830870571,0.007637660590808018,True,True,True,6.04514276091905e-08,COMPLETE
1127,0.2018521547317505,2025-04-15 05:40:36.105864,2025-04-15 05:40:56.529179,0 days 00:00:20.423315,0.8040750793790253,0.38212663635294336,8,0.04104896323144579,0.01635991656765777,0.00667094603130005,0.07126004024664798,0.028240513534102483,0.08517316032254907,0.0006680994836377182,11,32,0.004318864603388238,0.006531537262704681,True,True,True,4.481388201433246e-08,COMPLETE
1128,0.18017669916152956,2025-04-15 05:40:56.890482,2025-04-15 05:41:17.409637,0 days 00:00:20.519155,0.8244987121422569,0.39331646215401844,8,0.04651434204179402,0.013391617501266726,0.01156808969377042,0.0689147713992743,0.030208908711104737,0.08559823675916742,0.00045120480922592474,11,37,0.005334820211170099,0.0011982360858743268,True,True,True,4.790980017950081e-08,COMPLETE
1129,0.40765013694763186,2025-04-15 05:41:17.770861,2025-04-15 05:41:38.332306,0 days 00:00:20.561445,0.7664776254212518,0.39078508400319834,8,0.038032445653016514,0.020705045891681078,0.01349099266559332,0.06696201258852885,0.02797921100817294,0.08659062166949667,0.0005599457967431681,11,28,0.0026331080873826353,0.007648051023814837,True,True,True,5.672500521384778e-08,COMPLETE
1130,0.2049166798591614,2025-04-15 05:41:38.695662,2025-04-15 05:41:58.958264,0 days 00:00:20.262602,0.7905794185496232,0.4070095338858607,8,0.04913977272542304,0.01414114419247512,0.009441848115938893,0.071165309490036,0.0305694072613213,0.0842483450763482,0.0004727294603609124,11,31,0.0024280609305770695,0.23744588821000961,True,True,True,6.67743524025565e-08,COMPLETE
1131,0.39233634471893314,2025-04-15 05:41:59.320574,2025-04-15 05:42:20.068216,0 days 00:00:20.747642,0.740349039472761,0.3771994481346038,8,0.0417005743900582,0.028440444388488292,0.009638597295735025,0.0641901478712906,0.02934891724245596,0.08733301401872841,0.0006982592767097781,11,35,0.008815336179446624,0.005824356963495629,True,True,True,3.702645214647229e-08,COMPLETE
1132,0.40787090063095094,2025-04-15 05:42:20.433050,2025-04-15 05:42:41.067521,0 days 00:00:20.634471,0.7572005455676487,0.415221526551699,8,0.031465188771275576,0.010990117118237129,0.011725402697246163,0.06820626372365342,0.032120114333144045,0.08300583306211888,0.00041393526195519195,11,42,0.006504611824598467,0.010880551383519805,True,True,True,6.077478026509186e-08,COMPLETE
1133,0.5731084108352662,2025-04-15 05:42:41.433684,2025-04-15 05:43:02.902172,0 days 00:00:21.468488,0.7835217275958808,0.39196387811606087,8,0.03883708547499957,0.019758874237904855,0.006284799343529095,0.07137203427610592,0.02755881261236162,0.07798764542548149,0.0005666199968705043,12,27,0.006836247487553987,0.00868871903594711,True,True,True,5.141963203943844e-08,COMPLETE
1134,0.29872276782989504,2025-04-15 05:43:03.268057,2025-04-15 05:43:24.549630,0 days 00:00:21.281573,0.778352958231427,0.38388660011197656,8,0.04327669317585908,0.03152054499210931,0.005924798897341184,0.07000132141272293,0.028017464469634955,0.07555184350380026,0.0006361925465799569,12,26,0.005138714612769155,0.001008008580989885,True,True,True,3.4497925686989455e-08,COMPLETE
1135,0.33242924809455876,2025-04-15 05:43:24.916209,2025-04-15 05:43:46.774548,0 days 00:00:21.858339,0.7997240845119054,0.38603910979607386,8,0.03814287655669945,0.037617119969148446,0.006802204408881099,0.07212579867816964,0.027331654349982075,0.0776966219695528,0.000757375399822463,13,30,0.00427221292590596,0.006790571584872957,True,True,True,5.345541980173909e-08,COMPLETE
1136,0.28113376498222353,2025-04-15 05:43:47.139116,2025-04-15 05:44:08.186283,0 days 00:00:21.047167,0.7665083647067367,0.39777199118815315,8,0.0497456913031339,0.02477395264234294,0.003806631457915972,0.06636256972126205,0.02946434433605732,0.07721766017561406,0.0005714046160308075,12,26,0.007953982575773772,0.007003734747741227,True,True,True,4.829848588360969e-08,COMPLETE
1137,0.18128594160079958,2025-04-15 05:44:08.561699,2025-04-15 05:44:28.994964,0 days 00:00:20.433265,0.8442646129343695,0.38044543237770667,8,0.05534029243675059,0.02074365996981851,0.00737512976578036,0.06950238877780864,0.0283262936477443,0.07467569701707025,0.0007685653658977355,11,33,0.006636086932322243,0.011552071580715027,True,True,True,4.3011450386977006e-08,COMPLETE
1138,0.2713928103446961,2025-04-15 05:44:29.364940,2025-04-15 05:44:51.089348,0 days 00:00:21.724408,0.8192608519266429,0.39676677148233147,8,0.03923280489931823,0.02783647039964997,0.0027974723417074753,0.0711986252307932,0.02720849258439722,0.07900370906970237,0.0005151710048283591,13,29,0.005050593493494973,0.007258283100151679,True,True,True,3.961993038902996e-08,COMPLETE
1139,0.4688361406326294,2025-04-15 05:44:51.458567,2025-04-15 05:45:12.663210,0 days 00:00:21.204643,0.7462131980928226,0.40707627269882685,8,0.03559411130890677,0.033977545239392885,0.009790337822050448,0.06860433301394311,0.030607610507592052,0.07601639507990376,0.0006116634565051768,12,32,0.006948011229288568,0.012166001779668121,True,True,True,3.3076244062895925e-08,COMPLETE
1140,0.23602243065834044,2025-04-15 05:45:13.030189,2025-04-15 05:46:04.846234,0 days 00:00:51.816045,0.7978757360465104,0.4141319814767437,2,0.04707692360177115,0.019205354401020718,0.004131379570246894,0.07147356613784814,0.027089074344254963,0.07778427191901009,0.0005155912873240471,13,27,0.0032106213771802674,0.006011329246265735,True,True,True,5.495714781550329e-08,COMPLETE
1141,0.352225124835968,2025-04-15 05:46:05.224341,2025-04-15 05:46:26.410947,0 days 00:00:21.186606,0.7812420345846417,0.37955155904272253,8,0.031816949609428685,0.02268781784088076,0.009287860189072674,0.06173950937224888,0.030880913833597125,0.09417512130535974,0.0004418477356148784,12,39,0.007349311888387601,0.011961491117410634,True,True,True,7.140190997263242e-08,COMPLETE
1142,0.35050098896026616,2025-04-15 05:46:26.781094,2025-04-15 05:46:48.934356,0 days 00:00:22.153262,0.7728921826962722,0.41553899643896774,8,0.04246159901338292,0.01734430856817791,0.012707967525796013,0.07219156582722383,0.02915841813203163,0.07466445065867951,0.0005739788194722348,13,35,0.009470303233178518,0.005872802109629788,True,True,True,4.393530869166949e-08,COMPLETE
1143,0.37121363878250124,2025-04-15 05:46:49.316208,2025-04-15 05:47:10.065277,0 days 00:00:20.749069,0.7378829212988827,0.4015188896377221,8,0.03661130168965685,0.027924620210960018,0.0069125510889371964,0.06643707642278937,0.0314485861849542,0.07948638443642114,0.0007489908616659346,11,30,0.0026461088820961725,0.013404938413209966,True,True,True,6.02844690363342e-08,COMPLETE
1144,0.3562096238136292,2025-04-15 05:47:10.439886,2025-04-15 05:47:32.472239,0 days 00:00:22.032353,0.7590025213191077,0.4204264507362391,8,0.031603385089612517,0.01663259627725895,0.008276616976414332,0.06957063762382559,0.029285195995190864,0.07740007981932452,0.00048244860380048104,13,26,0.00491662606318078,0.00164216273927823,True,True,True,6.97867951416116e-08,COMPLETE
1145,0.5778627753257752,2025-04-15 05:47:32.853547,2025-04-15 05:47:54.009195,0 days 00:00:21.155648,0.7306735122939356,0.36899078901802895,8,0.028695576876865865,0.010265767254039097,0.010623188580839183,0.06812665553793633,0.03270784362323429,0.07419662084609488,0.0004306322434684439,12,29,0.006728089957579187,0.006563747484770785,True,True,True,7.698634273952583e-08,COMPLETE
1146,0.4164252281188965,2025-04-15 05:47:54.388581,2025-04-15 05:48:16.159532,0 days 00:00:21.770951,0.7322344886136923,0.3612202746263678,8,0.04810997359443528,0.009998452908258218,0.010726660461016562,0.06400999590434538,0.02760934504114686,0.07372111634314375,0.0005802596675079666,13,32,0.007003371673067353,0.006056690103969864,True,True,True,5.1030999550568436e-08,COMPLETE
1147,0.3840172290802002,2025-04-15 05:48:16.533114,2025-04-15 05:48:37.638353,0 days 00:00:21.105239,0.7587955965481094,0.35919596287286004,8,0.036366654608349064,0.00663831140690811,0.011980917232288148,0.06715806444363091,0.0315660867638782,0.07347620907580729,0.00044886993010664585,12,35,0.001704546435758654,0.00116121462336181,True,True,True,7.468793173729466e-08,COMPLETE
1148,0.4490706324577332,2025-04-15 05:48:37.995083,2025-04-15 05:48:58.448458,0 days 00:00:20.453375,0.7204425170875077,0.364309585164538,8,0.02930448909594904,0.010756030132404917,0.014140127260651877,0.06808036925927347,0.02748498418323267,0.07428768859538752,0.0006541442677512632,11,30,0.006451207686332001,0.0073957197585926004,True,True,True,5.821226399559718e-08,COMPLETE
1149,0.28471726179122925,2025-04-15 05:48:58.817062,2025-04-15 05:49:22.781116,0 days 00:00:23.964054,0.7944319626155721,0.36774932406326544,8,0.037850979425075815,0.006262666023643268,0.008834702601104333,0.06335541975713457,0.030330781801829194,0.07533716591713988,0.00048669264154371973,13,136,0.0013376502484413813,0.0071051374510150995,True,True,True,4.1215072025078454e-08,COMPLETE
1150,0.4251341819763184,2025-04-15 05:49:23.150632,2025-04-15 05:49:44.451768,0 days 00:00:21.301136,0.7483708975314974,0.3808101402935772,8,0.032185952163081906,0.019299049137014888,0.010822320915749554,0.06657255725086711,0.03289513501290146,0.07612614137187684,0.0004049803786375605,12,37,0.009764589475717284,0.0017413985348839738,True,True,True,6.264236703224966e-08,COMPLETE
1151,0.26519814133644104,2025-04-15 05:49:44.820288,2025-04-15 05:50:06.744960,0 days 00:00:21.924672,0.7753891638080426,0.3465838753153065,8,0.045226019900090515,0.011681677852220372,0.0065248334583765544,0.06518603910030599,0.029525279391832596,0.07434798018350873,0.0005333564543005808,13,26,0.004716155317792292,0.001054005206368292,True,True,True,7.684754521186517e-08,COMPLETE
1152,0.18795708417892457,2025-04-15 05:50:07.114656,2025-04-15 05:50:28.350474,0 days 00:00:21.235818,0.7413705046220123,0.3861114128126727,8,0.026463256461062918,0.21807192140768436,0.0010908386836809333,0.06999493816134435,0.03201191605812391,0.07654365168611495,0.000763254863647333,12,29,0.008268118208633556,0.2931071758260869,True,True,True,5.30463411634294e-08,COMPLETE
1153,0.4365624308586121,2025-04-15 05:50:28.719635,2025-04-15 05:50:49.277114,0 days 00:00:20.557479,0.7652201363143815,0.38540849310563285,8,0.041403519712738465,0.005774881199906104,0.014010503663526777,0.06807794309966132,0.027424676047061124,0.07330056384224781,0.00041938345124587704,11,32,0.004600343458132537,0.014010365339268202,True,True,True,8.219428107860429e-08,COMPLETE
1154,0.3973431706428528,2025-04-15 05:50:49.647497,2025-04-15 05:51:11.955795,0 days 00:00:22.308298,0.7235647903662421,0.39990521155023123,8,0.03155076041874122,0.022978687294123522,0.008152599073236623,0.07095229174637807,0.03412382573778231,0.07761042201358388,0.0005747735454378918,13,32,0.006858902837094929,0.01074703167846917,True,True,True,8.38974355817496e-08,COMPLETE
1155,0.15315477252006532,2025-04-15 05:51:12.328713,2025-04-15 05:51:33.430767,0 days 00:00:21.102054,0.8285670572419072,0.37646651597533093,8,0.053659698861266376,0.015077552011312941,0.0037444931468039976,0.06855446221775678,0.029847618113797783,0.09165548287529107,0.0004304206440292716,12,26,0.01021866148819936,0.08691166725534225,True,True,True,3.0804367538476735e-08,COMPLETE
1156,0.3783845186233521,2025-04-15 05:51:33.802469,2025-04-15 05:51:55.946486,0 days 00:00:22.144017,0.7892667891473002,0.40338401256057127,8,0.025068397583433932,0.005898342008850574,0.00509777203009772,0.07092574240840291,0.0323425398180051,0.08007730119783904,0.0006629046144802559,13,35,0.007764436966350459,0.18916157080147722,True,True,True,6.509021485531875e-08,COMPLETE
1157,0.5714211821556092,2025-04-15 05:51:56.319591,2025-04-15 05:52:17.399924,0 days 00:00:21.080333,0.7171090704026051,0.3439669174540061,8,0.037341338873563,0.01158696594468019,0.011599806921133254,0.0726079519445986,0.026912396305427973,0.07588828764124175,0.0004910962211740702,12,29,0.009287081371652527,0.014581292321643131,True,True,True,9.023937869517867e-08,COMPLETE
1158,0.4544427990913391,2025-04-15 05:52:17.771751,2025-04-15 05:52:38.849556,0 days 00:00:21.077805,0.7142569050518306,0.32759229706166826,8,0.046968950561333614,0.0060934055432282225,0.013661207828315359,0.07280066486365215,0.027797775983238553,0.07444965205944583,0.00039355337801231995,12,26,0.011042461251339989,0.015234895351740413,True,True,True,9.26627193085641e-08,COMPLETE
1159,0.34750496149063115,2025-04-15 05:52:39.221643,2025-04-15 05:53:01.520010,0 days 00:00:22.298367,0.7104949905096744,0.3326522314662136,8,0.04106364077681691,0.01065812695253385,0.011980269044745424,0.07274247035617198,0.026289931775218208,0.07380317276556779,0.00045377705917425793,13,40,0.005631861019986587,0.12877456609696616,True,True,True,4.300118688201614e-08,COMPLETE
1160,0.18043776750564577,2025-04-15 05:53:01.895111,2025-04-15 05:53:23.976993,0 days 00:00:22.081882,0.7530752915126081,0.32508306872128745,8,0.06013819479055525,0.006117843491488801,0.011710864071603128,0.07225846786335359,0.02654703679867545,0.07606540998217592,0.00038733201930990155,13,33,0.009379427593121064,0.013456345639831191,True,True,True,9.837692171850951e-08,COMPLETE
1161,0.4581428408622742,2025-04-15 05:53:24.351414,2025-04-15 05:54:13.571254,0 days 00:00:49.219840,0.7316400362577018,0.37144139531202136,2,0.03755414086833494,0.010262967225941583,0.01451375928210629,0.07285739109306724,0.028966697001880842,0.0757954509341836,0.0004955024057495159,12,29,0.011612281485634077,0.01567734747132804,True,True,True,7.635421094680937e-08,COMPLETE
1162,0.4352030992507935,2025-04-15 05:54:13.944191,2025-04-15 05:54:36.507779,0 days 00:00:22.563588,0.7146957782731478,0.3019995507234683,8,0.020861049198898172,0.013765618551026763,0.01034142966697274,0.06977262518399403,0.029105210252983564,0.0763788684676607,0.00039384069842269984,14,31,0.00379405852568357,0.006835705099860414,True,True,True,5.864451468552481e-08,COMPLETE
1163,0.429767656326294,2025-04-15 05:54:36.881734,2025-04-15 05:54:58.227056,0 days 00:00:21.345322,0.7729054462872234,0.2943069963501131,8,0.027859451282299913,0.005835266509899644,0.01483018788105403,0.07150511638482025,0.026821956147667265,0.07402684933186338,0.0004973691123078722,12,26,0.009494792204950009,0.001098916868225345,True,True,True,1.0150306177510163e-07,COMPLETE
1164,0.43793319463729863,2025-04-15 05:54:58.603047,2025-04-15 05:55:20.572975,0 days 00:00:21.969928,0.7335651936922813,0.34685416134160485,8,0.04303083034604231,0.01875321469989029,0.011722634799135986,0.07364100504477414,0.027031950177284273,0.09574000245662607,0.0003912459386780033,13,34,0.006464804424937877,0.007587704683245,True,True,True,6.971194834245431e-08,COMPLETE
1165,0.3958386540412903,2025-04-15 05:55:20.950948,2025-04-15 05:55:42.555352,0 days 00:00:21.604404,0.7606863367056951,0.32441521136139717,8,0.035346209020961555,0.011973548258939355,0.010001531235116249,0.07067416888359881,0.03031833116114741,0.07757470257949298,0.00048054781038642193,12,59,0.011881958128589646,0.014824104520453367,True,True,True,9.79583292408735e-08,COMPLETE
1166,0.45976363420486455,2025-04-15 05:55:42.930945,2025-04-15 05:56:04.955518,0 days 00:00:22.024573,0.7981436458793972,0.36702377700240335,8,0.022300129767917964,0.005507773988076835,0.016381839529587834,0.07328263532184441,0.03397660981691348,0.07300787884176957,0.00039204318539531885,13,28,0.008249824524903132,0.0010721087116284198,True,True,True,1.0419675307453278e-07,COMPLETE
1167,0.39601715803146365,2025-04-15 05:56:05.335319,2025-04-15 05:56:28.105653,0 days 00:00:22.770334,0.7118604892282029,0.3562363537773689,8,0.032267858480966256,0.02328252737264638,0.01233371217077127,0.07000494848140548,0.028927657303295523,0.0758837247400976,0.0005599016958386994,14,31,0.003936849117619098,0.010651554679078462,True,True,True,8.322785608613592e-08,COMPLETE
1168,0.390712457895279,2025-04-15 05:56:28.484675,2025-04-15 05:56:50.549944,0 days 00:00:22.065269,0.7460265055426879,0.3400782999517229,8,0.02681524892785273,0.015698165112927088,0.013748648084684359,0.07226656667802182,0.03139536777115832,0.07825124955579194,0.0004549006544731146,13,36,0.010393256100377252,0.016706476239401375,True,True,True,6.503985321767723e-08,COMPLETE
1169,0.1595003604888916,2025-04-15 05:56:50.925867,2025-04-15 05:57:11.924642,0 days 00:00:20.998775,0.8162652209205578,0.34431657013267347,8,0.051461130762706336,0.01104638323496683,0.010063361829794587,0.06959991712328793,0.034646600572284435,0.07338158447794642,0.0003798083005107957,12,26,0.006191727696718452,0.007208293426593043,True,True,True,3.7698047563363945e-08,COMPLETE
1170,0.5795611500740051,2025-04-15 05:57:12.305827,2025-04-15 05:57:34.423731,0 days 00:00:22.117904,0.7777501237898861,0.3621259256615508,8,0.01787000525781811,0.005188513843281771,0.016078396939946886,0.07319822584082696,0.0268379218034532,0.07726991487317511,0.0005535863824821629,13,29,0.012351287368038451,0.015439426637474022,True,True,True,5.33852619087741e-08,COMPLETE
1171,0.44465863704681396,2025-04-15 05:57:34.803614,2025-04-15 05:57:57.671492,0 days 00:00:22.867878,0.7101225407915741,0.35346556841152105,8,0.015091971324405021,0.019217444326204473,0.01410367014817012,0.07366961667408842,0.027588404720189835,0.07559443867929254,0.0005907307590004427,14,25,0.012164583730833891,0.016410442891315352,True,True,True,3.4196696866826745e-08,COMPLETE
1172,0.4477847218513489,2025-04-15 05:57:58.051083,2025-04-15 05:58:19.312290,0 days 00:00:21.261207,0.7494564356702376,0.3243003717390255,8,0.01883789719854137,0.02651067544621807,0.01587034834619766,0.07361616631634313,0.026552808504463253,0.07502134280577477,0.0003808052789146509,12,28,0.012356777325985255,0.017183277782225843,True,True,True,5.278033851914807e-08,COMPLETE
1173,0.3744328379631043,2025-04-15 05:58:19.690105,2025-04-15 05:58:41.725202,0 days 00:00:22.035097,0.7646704316254958,0.34177795838709424,8,0.011014280502480505,0.006152799355015381,0.01589462534551928,0.0713228768182604,0.03305540437975435,0.07324812078104952,0.0005838572408233821,13,26,0.012004732781555,0.2643753927564817,True,True,True,5.14956361567273e-08,COMPLETE
1174,0.4476743936538697,2025-04-15 05:58:42.106916,2025-04-15 05:59:03.482250,0 days 00:00:21.375334,0.7278989065353424,0.372020173496525,8,0.006741691285791683,0.012098762459479093,0.01662638888549295,0.0731631880615318,0.030579161105816047,0.07675393582639727,0.0004391100995763239,12,30,0.010799268682304103,0.014879605809856665,True,True,True,4.0427791819924246e-08,COMPLETE
1175,0.3960419535636902,2025-04-15 05:59:03.865102,2025-04-15 05:59:26.578870,0 days 00:00:22.713768,0.7084485422822341,0.289126087610509,8,0.01576182063552578,0.019635831815095435,0.017830917446425933,0.07397920612219464,0.026701356517985716,0.07909982787435077,0.0005027801782151511,14,26,0.012298502172212549,0.01657896838195867,True,True,True,4.398000105606789e-08,COMPLETE
1176,0.18795708417892457,2025-04-15 05:59:26.957227,2025-04-15 05:59:48.007137,0 days 00:00:21.049910,0.7401428358304681,0.31505222730111704,8,0.01871516513674775,0.06083570209734719,0.013132221383220143,0.07189463590045636,0.0349770849856693,0.0772998381143205,0.00035717246060220124,12,29,0.009928075719502326,0.010586267921316209,True,True,True,5.1595617113018496e-08,COMPLETE
1177,0.4537314176559448,2025-04-15 05:59:48.388708,2025-04-15 06:00:10.331332,0 days 00:00:21.942624,0.7798458330261703,0.3647993181165611,8,0.02350154134607383,0.010688692780384916,0.008731474269652997,0.0741512991735604,0.027090169831757167,0.07467445077548002,0.00044822592912568704,13,25,0.009219927575141482,0.0010957145755855786,True,True,True,6.316415498068053e-08,COMPLETE
1178,0.5653257369995117,2025-04-15 06:00:10.710567,2025-04-15 06:00:32.613748,0 days 00:00:21.903181,0.7032032943296054,0.3515697910445269,8,0.010725245000736808,0.005282942141789318,0.014705592522988854,0.07164033491553423,0.03128148431739086,0.07944945174940807,0.0005834672581807329,13,29,0.012980629608045378,0.006398711391894071,True,True,True,4.611395641152831e-08,COMPLETE
