number,value,datetime_start,datetime_complete,duration,params_alpha-eval,params_alpha-train,params_batch-size,params_eps-eval,params_eps-train,params_lambda-actions-eval,params_lambda-actions-train,params_lambda-frames-eval,params_lambda-frames-train,params_learning-rate,params_n-epochs,params_n-frames,params_radius-gw,params_rho,params_std-feats,params_ub-actions,params_ub-frames,params_weight-decay,state
1291,0.14614154100418092,2025-04-15 06:45:27.532032,2025-04-15 06:45:47.858961,0 days 00:00:20.326929,0.7795352008834989,0.3946743686064478,8,0.06725265003779733,0.005255213647340377,0.00362639438441508,0.06884385368504964,0.03394082348838799,0.07680958351973348,0.0005925871040413324,11,30,0.00981946064691673,0.0010401020903954526,True,True,True,1.3802821347367996e-07,COMPLETE
1292,0.4604498386383057,2025-04-15 06:45:48.274163,2025-04-15 06:46:10.379825,0 days 00:00:22.105662,0.4016489859265902,0.3813164109584199,8,0.04954367030343224,0.012171155280298317,0.005952333067785838,0.08077741016339095,0.027922401895119825,0.08021333462702115,0.0003270176472871085,13,24,0.01215488670328745,0.07693068248539338,True,True,True,1.6880457879672098e-07,COMPLETE
1293,0.29022524356842044,2025-04-15 06:46:10.792829,2025-04-15 06:46:36.108118,0 days 00:00:25.315289,0.23275466496258038,0.3303051008780722,8,0.07713583142343802,0.004881067646321641,0.016498759094009476,0.0739239473448917,0.032483212036771576,0.07513005054846707,0.00048066350170291065,15,116,0.008532208343669025,0.02318716460929307,True,True,True,1.3249041212795058e-07,COMPLETE
1294,0.5764395356178285,2025-04-15 06:46:36.521083,2025-04-15 06:47:04.020788,0 days 00:00:27.499705,0.5888785530751106,0.4028766400856738,8,0.05649477544789255,0.013929002632905325,0.012640732850093974,0.07112224577366157,0.023633786832140215,0.07799340283521754,0.00040289185041471163,21,27,0.014562977285968299,0.007350973364605232,True,True,True,2.0341035986514513e-07,COMPLETE
1295,0.5608706474304199,2025-04-15 06:47:04.435653,2025-04-15 06:47:25.107021,0 days 00:00:20.671368,0.27724739924632263,0.365161008320499,8,0.06077205833119083,0.01971068514516577,0.010917960902776873,0.07174996273211406,0.047437316260450293,0.08092840086344742,0.00035023260223794123,11,24,0.014375524972703474,0.029399424363737128,True,True,True,2.2585139357578653e-07,COMPLETE
1296,0.56801997423172,2025-04-15 06:47:25.540273,2025-04-15 06:47:45.890548,0 days 00:00:20.350275,0.5710495546913201,0.3929678324560994,8,0.06142059030143379,0.015962116324377808,0.00785836707816037,0.0745180437130736,0.023068215267307887,0.08315062310299581,0.0003164443719306877,11,28,0.014289603021152526,0.01847743094940439,True,True,True,2.3895356705324087e-07,COMPLETE
1297,0.5348896741867066,2025-04-15 06:47:46.310845,2025-04-15 06:48:13.846559,0 days 00:00:27.535714,0.5891907564663652,0.3588428685343671,8,0.055745729664658565,0.023246003829488403,0.005019329631442059,0.07625209309270817,0.02319659315918277,0.07859583872741344,0.00039569379798820234,21,24,0.015655854036297732,0.013353889038258872,True,True,True,2.3190249179384657e-07,COMPLETE
1298,0.581970763206482,2025-04-15 06:48:14.266386,2025-04-15 06:48:42.031788,0 days 00:00:27.765402,0.5845825409065344,0.3830961232589478,8,0.06739582769030365,0.014729787015227248,0.001633647010154444,0.07174198874644935,0.02509881129710251,0.0796928784016076,0.00038733653806241706,21,27,0.015247687469716584,0.010793129006939801,True,True,True,1.9781237049580194e-07,COMPLETE
1299,0.5010730624198914,2025-04-15 06:48:42.451827,2025-04-15 06:49:05.750069,0 days 00:00:23.298242,0.5634236193405855,0.3522125316197068,8,0.0658309982705875,0.01190838255840266,0.001207947225055839,0.07782248218050218,0.022797019696967284,0.08460361034309168,0.00030887467135054335,15,27,0.01570425900574742,0.026935996825515382,True,True,True,2.4989112311242406e-07,COMPLETE
1300,0.5356494069099427,2025-04-15 06:49:06.186289,2025-04-15 06:49:34.066309,0 days 00:00:27.880020,0.5801398434263639,0.3803969284803322,8,0.06969904181645574,0.014423535041633979,0.0024826149175184112,0.07343151509615545,0.022288817979863623,0.08080418718105617,0.0003064540910259748,21,24,0.015791738516738065,0.02176385691878896,True,True,True,2.1459502945082116e-07,COMPLETE
1301,0.43150421380996706,2025-04-15 06:49:34.483880,2025-04-15 06:50:02.271579,0 days 00:00:27.787699,0.5708480595525949,0.33915833109589694,8,0.06514245187189105,0.009471249445959309,0.004546423761175214,0.07568661687575727,0.024002072914830083,0.08279293536929777,0.00037796367179247716,21,32,0.014606042062328795,0.016472677461702497,True,True,True,1.9673497559825072e-07,COMPLETE
1302,0.562546181678772,2025-04-15 06:50:02.690125,2025-04-15 06:50:31.376778,0 days 00:00:28.686653,0.5889105726074839,0.39917372536149726,8,0.05558369286610576,0.0003539387700769239,0.0025999742715373665,0.07293510298101548,0.024805224355640438,0.08189750045098346,0.0003295974513859946,22,45,0.016327198845944912,0.009661011874514798,True,True,True,2.4166317824412934e-07,COMPLETE
1303,0.5487274289131165,2025-04-15 06:50:31.793432,2025-04-15 06:50:59.567270,0 days 00:00:27.773838,0.5933022309623117,0.3736542328529578,8,0.07118510741105578,0.014962774799798219,0.002254249473381601,0.07110782693975314,0.02435788701369231,0.08552041607777476,0.0003922703611001391,21,35,0.01384811153918846,0.019235882433549366,True,True,True,1.9669604907375118e-07,COMPLETE
1304,0.5821582913398743,2025-04-15 06:50:59.986075,2025-04-15 06:51:28.944479,0 days 00:00:28.958404,0.5304049651955631,0.29679082959431546,8,0.057775488974825734,0.009669647814448765,0.0024585843581639913,0.0789873998722415,0.02148775635121992,0.07991124191529235,0.0003210139670023336,23,27,0.015815924357221275,0.012446806704505356,True,True,True,1.6868864378318901e-07,COMPLETE
1305,0.4417142748832703,2025-04-15 06:51:29.360260,2025-04-15 06:51:56.218159,0 days 00:00:26.857899,0.5495563549221821,0.27149611391559364,8,0.06221049535097984,0.005733096536884674,0.0015521484996409824,0.07978357181372281,0.023009573941062293,0.07982599079760444,0.0003053852090620291,20,23,0.013127677035808595,0.010918831225024631,True,True,True,2.423128867622105e-07,COMPLETE
1306,0.45881805419921884,2025-04-15 06:51:56.654763,2025-04-15 06:52:24.753088,0 days 00:00:28.098325,0.5408832040259932,0.2988294214115006,8,0.06087552487634397,0.005717633639084404,0.002093532617850458,0.07713911736540241,0.021163340298373322,0.08098500446119272,0.00029851617101039007,22,26,0.015347425246385042,0.00752612982465602,True,True,True,1.835546265364865e-07,COMPLETE
1307,0.5480814814567566,2025-04-15 06:52:25.177570,2025-04-15 06:52:53.991755,0 days 00:00:28.814185,0.5940380822632693,0.32142660521553185,8,0.06884764838969784,0.008937711974138698,0.003258306128457889,0.08063566392617459,0.021265110072492276,0.07911286929795394,0.00032783432107288827,23,24,0.013203443696189258,0.006229972487412468,True,True,True,1.9730269030268888e-07,COMPLETE
1308,0.3580085277557373,2025-04-15 06:52:54.416726,2025-04-15 06:53:23.977655,0 days 00:00:29.560929,0.5272836153438095,0.2697158117632197,8,0.07441460829027863,0.014566739759303787,0.003303475545653417,0.08216032733227213,0.022629372186432708,0.08243056883033001,0.00028899830946956234,24,26,0.09287829023002259,0.012881396073949034,True,True,True,2.5846497723677414e-07,COMPLETE
1309,0.47373390197753906,2025-04-15 06:53:24.401439,2025-04-15 06:54:44.009411,0 days 00:01:19.607972,0.5166047192265597,0.2797059748827191,2,0.06729531091070065,0.005079157644223232,0.0010102231924941465,0.08200575719889386,0.021995974270357148,0.07993627920858304,0.00036347378479082744,23,30,0.014728745448639023,0.012204908131549366,True,True,True,1.717558122236157e-07,COMPLETE
1310,0.46689369678497317,2025-04-15 06:54:44.432115,2025-04-15 06:55:12.745754,0 days 00:00:28.313639,0.5565287796732834,0.24320939994110935,8,0.06105961367444524,0.009649593567145044,0.0016052154656050351,0.07888171113335318,0.021940483289896083,0.07833586542200335,0.0003384502301491524,22,28,0.08654949100660156,0.005341242440748366,True,True,True,2.1813579692406296e-07,COMPLETE
1311,0.3804638743400574,2025-04-15 06:55:13.166192,2025-04-15 06:55:40.801331,0 days 00:00:27.635139,0.25710295599457944,0.25651879106008874,8,0.05780656284220626,0.01801545505881277,0.001267610247482656,0.07875612149668457,0.02441811714577127,0.0824025294636361,0.0067579534850821105,19,80,0.016327086967145438,0.016976510966803096,True,True,True,1.912498506552718e-07,COMPLETE
1312,0.43819675445556644,2025-04-15 06:55:41.221253,2025-04-15 06:56:03.645173,0 days 00:00:22.423920,0.5386044724638528,0.295945274167625,8,0.06689623982481266,0.004417079140703644,0.0010763186805977573,0.07886785110252617,0.021395338499020908,0.07985129908123383,0.00042509243534393203,14,24,0.012646482859705816,0.022024040363114682,True,True,True,1.6544685014352483e-07,COMPLETE
1313,0.37560794353485105,2025-04-15 06:56:04.063786,2025-04-15 06:56:29.427480,0 days 00:00:25.363694,0.6013790537203131,0.2962034404052436,8,0.062255883157162725,0.0005681250937233197,0.09442767889814482,0.0769071516327273,0.025263822736658333,0.07785049438278828,0.00029920278879662083,18,32,0.012272449788956185,0.011287059425195643,True,True,True,2.580058829518061e-07,COMPLETE
1314,0.402389132976532,2025-04-15 06:56:29.847787,2025-04-15 06:57:00.297583,0 days 00:00:30.449796,0.5776355352995144,0.34631016101927936,8,0.07529558748400166,0.00018077202282934177,0.0011812224687457057,0.08028377218564606,0.024395604583466072,0.08103648387427263,0.00039875915141469333,25,27,0.016084199682046538,0.006737899423914034,True,True,True,1.6197083641452805e-07,COMPLETE
1315,0.4638947367668152,2025-04-15 06:57:00.736455,2025-04-15 06:57:29.469876,0 days 00:00:28.733421,0.510704998655789,0.3133993390351263,8,0.05557715572838771,0.0113836545466963,0.004250421525218628,0.08165735822553277,0.023122874640697247,0.07735964725970244,0.00034788451759162675,22,30,0.013868986012475359,0.01561399976149367,True,True,True,2.2256086055632608e-07,COMPLETE
1316,0.3877702593803406,2025-04-15 06:57:29.894086,2025-04-15 06:57:59.013520,0 days 00:00:29.119434,0.5639738202163522,0.29863967849305506,8,0.065082072053396,0.01847232743600037,0.004593600030429818,0.06988522781747947,0.020075793644705714,0.08331725994131549,1.3566674079647815e-05,23,23,0.015869568879822295,0.0012282794220542688,True,True,True,1.663299917161747e-07,COMPLETE
1317,0.44042267799377444,2025-04-15 06:57:59.437942,2025-04-15 06:58:29.283554,0 days 00:00:29.845612,0.5507898265562109,0.31414242492946476,8,0.05829801021949182,0.010750622660755556,0.0066980507895567495,0.07554854770320968,0.026174594806751154,0.07914541097878915,0.0002851808999369586,24,34,0.08027149423535569,0.024702932931933437,True,True,True,2.083549462396582e-07,COMPLETE
1318,0.5855603098869324,2025-04-15 06:58:29.706518,2025-04-15 06:58:56.442748,0 days 00:00:26.736230,0.6162404702172194,0.27022184364012236,8,0.0527042248254826,0.02224011353870447,0.002089826398668871,0.07314300328208756,0.024040540975037702,0.07657488803596237,0.00045485522255530404,20,27,0.011755911520864694,0.00981420130862148,True,True,True,1.5746795545841038e-07,COMPLETE
1319,0.26036155223846436,2025-04-15 06:58:56.865442,2025-04-15 06:59:24.890898,0 days 00:00:28.025456,0.6110707213537182,0.25662634015259617,8,0.05593964907823225,0.025520009696153704,0.004047378718377216,0.07747254402062971,0.020470592656868514,0.08113304847113904,0.00038516019261613946,20,92,0.014420800189848511,0.006083103230338268,True,True,True,2.522950763318177e-07,COMPLETE
1320,0.4095685958862305,2025-04-15 06:59:25.311955,2025-04-15 06:59:52.976904,0 days 00:00:27.664949,0.5807918765106055,0.27709891204802617,8,0.06275286121536135,0.024485942825118633,0.003707998804596364,0.07475493109416839,0.021716757804719652,0.0781396407453531,0.00044968849396847486,21,23,0.01177334781287646,0.01527181816028933,True,True,True,1.6812697844839675e-07,COMPLETE
1321,0.2947357535362244,2025-04-15 06:59:53.397587,2025-04-15 07:00:21.438858,0 days 00:00:28.041271,0.5966783916892683,0.23238112534429445,8,0.08174553384108993,0.03110475380918047,0.0012409330550617473,0.07394371817509156,0.02322358048619045,0.0799003326535003,0.00034545400819223457,21,26,0.013041245026042024,0.006651128210908409,True,True,True,2.8840083753347224e-07,COMPLETE
1322,0.3250070810317993,2025-04-15 07:00:21.859538,2025-04-15 07:00:49.302067,0 days 00:00:27.442529,0.6119097564869743,0.23149334371945415,8,0.05281329669680178,0.02084261771027371,0.005152267882029963,0.07629947679706799,0.021665349608716435,0.0771526727075967,0.00042470556370554285,20,27,0.014789099480199401,0.12341249280995793,True,True,True,1.9705728344673164e-07,COMPLETE
1323,0.3766636550426483,2025-04-15 07:00:49.744586,2025-04-15 07:01:16.729091,0 days 00:00:26.984505,0.6096907278117084,0.2626600490468338,8,0.06526362569717381,0.02177713764012734,0.0030343080678399523,0.07227530773566912,0.020679149951657903,0.08234095987248473,0.00027673494610044636,20,40,0.016405742279287483,0.020499135800801975,True,True,True,2.340457252332715e-07,COMPLETE
1324,0.45427128076553347,2025-04-15 07:01:17.155973,2025-04-15 07:01:44.278180,0 days 00:00:27.122207,0.5645011112002469,0.270321269779964,8,0.05744412490874355,0.016936486488314632,0.001133001022361245,0.0786887956290603,0.023000210401283257,0.07891366610725073,0.0003393790299106059,20,30,0.011735237132984546,0.010454825652329578,True,True,True,1.674840622215397e-07,COMPLETE
1325,0.49748208522796633,2025-04-15 07:01:44.707262,2025-04-15 07:02:11.598974,0 days 00:00:26.891712,0.5818754271189807,0.2836178686785986,8,0.07323565975382983,0.030613518783700843,0.0033815788665698928,0.04965277330779492,0.024959435627724662,0.07680614365472117,0.0004527193577014652,20,23,0.014364467920393103,0.0014022110125342397,True,True,True,1.4958765797126206e-07,COMPLETE
1326,0.43003789186477664,2025-04-15 07:02:12.025601,2025-04-15 07:02:40.646453,0 days 00:00:28.620852,0.620808628118479,0.2647427039831507,8,0.06154571666286301,0.015429935530202242,0.0025893627336632634,0.07371446539822386,0.025156427068840085,0.08094982938934937,0.0003728513989480077,22,32,0.011198174218488038,0.0010113645906479323,True,True,True,1.93993679872055e-07,COMPLETE
1327,0.43281356096267704,2025-04-15 07:02:41.075632,2025-04-15 07:03:07.713679,0 days 00:00:26.638047,0.5557874411063188,0.24416916465787827,8,0.05258769785467391,0.023358643319049237,0.0010307688557846186,0.07617907574746752,0.02429739597707503,0.08316853480268842,0.00027431021959042293,19,37,0.012723646728854739,0.014668607673144518,True,True,True,2.2775649112542755e-07,COMPLETE
1328,0.4140289902687073,2025-04-15 07:03:08.142908,2025-04-15 07:03:36.425838,0 days 00:00:28.282930,0.471956100986764,0.24483485194907964,8,0.05253394852347676,0.00914393252737687,0.0038251900571264082,0.0725782991277195,0.02585492431503907,0.07578108517152492,0.0003908776966234202,22,27,0.016273194014083475,0.02927298199347377,True,True,True,3.0891632809179165e-07,COMPLETE
1329,0.3416026592254639,2025-04-15 07:03:36.853974,2025-04-15 07:04:51.327430,0 days 00:01:14.473456,0.5870937841220238,0.21875540998115764,2,0.053064732752568296,0.00031602486588860196,0.0051146734081200665,0.08019971839857104,0.02102748235499584,0.07901392437479715,0.000463802197688667,21,30,0.010594288669181742,0.01081027152844444,True,True,True,1.4319007373828038e-07,COMPLETE
1330,0.39327105283737185,2025-04-15 07:04:51.753594,2025-04-15 07:05:18.768208,0 days 00:00:27.014614,0.609307550706511,0.27915119401699806,8,0.06818991894981356,0.017429569106964624,0.004420845330086147,0.07453084611184262,0.023694806094536128,0.08411414442957847,0.0002978341067339993,20,23,0.012894374560298696,0.02093865127032837,True,True,True,1.8321317024531455e-07,COMPLETE
1331,0.46825847625732425,2025-04-15 07:05:19.191182,2025-04-15 07:05:47.109537,0 days 00:00:27.918355,0.6253023147925708,0.2457271202572308,8,0.05867634362140265,0.00902934026323366,0.001140018250225628,0.0535974805536122,0.026179411569806653,0.07782231032944871,0.00033436234079378273,21,33,0.014360979452728278,0.0061119506988738925,True,True,True,2.7579161766134633e-07,COMPLETE
1332,0.47113429307937627,2025-04-15 07:05:47.556560,2025-04-15 07:06:15.052875,0 days 00:00:27.496315,0.6023836503228892,0.19842452900759144,8,0.0638170456367708,0.026973457901907992,0.003303974761115663,0.05599738962458468,0.022928417256859106,0.079821406683462,0.0004199312955944744,21,25,0.01690185879037097,0.0010558851084810977,True,True,True,1.4878068550209478e-07,COMPLETE
1333,0.46115826368331914,2025-04-15 07:06:15.484548,2025-04-15 07:06:43.428658,0 days 00:00:27.944110,0.5032358801653316,0.2707236718701417,8,0.05088529158371999,0.014533864260089575,0.005586992385484563,0.07775205966428166,0.026547539960166313,0.08186433924503703,0.00048055493189364434,21,30,0.011341669116258717,0.01592410116170319,True,True,True,2.1530520518480246e-07,COMPLETE
1334,0.18795708417892457,2025-04-15 07:06:43.858123,2025-04-15 07:07:16.409349,0 days 00:00:32.551226,0.6345697236086084,0.30526556620128054,8,0.057788379516976726,0.2675524537496798,0.005851909447286731,0.07152901364139651,0.01971672106717941,0.07469718965215694,0.000269537214725782,25,112,0.015086557059440148,0.010363907265572658,True,True,True,1.5680076563595493e-07,COMPLETE
1335,0.30206040740013124,2025-04-15 07:07:16.838036,2025-04-15 07:07:45.854554,0 days 00:00:29.016518,0.5389571709551463,0.2869622867105015,8,0.06696577236725444,0.03642527423999126,0.002145956275972486,0.07519499898942732,0.020540344753815446,0.07657144132297147,0.00032258532026864663,23,27,0.010395367489696071,0.022482083354991654,True,True,True,1.879163707921872e-07,COMPLETE
1336,0.5611635684967041,2025-04-15 07:07:46.286583,2025-04-15 07:08:15.465737,0 days 00:00:29.179154,0.5812414733741491,0.2383890081693656,8,0.05147375699706175,0.0059197652292385,0.0033118370959515876,0.07318816753685298,0.02462130510436436,0.08071188680223863,0.0003956283525267338,23,35,0.012975170409699362,0.006744306840177819,True,True,True,2.478591127594294e-07,COMPLETE
1337,0.3984304189682007,2025-04-15 07:08:15.894187,2025-04-15 07:08:47.397806,0 days 00:00:31.503619,0.5692154013602712,0.26268749286980275,8,0.07490566661746692,0.020071106952061758,0.0036596424504058787,0.08138925822782328,0.02269583102976829,0.07791896031223092,0.0004848371081537308,26,23,0.016765250757155303,0.017197316334110455,True,True,True,1.540679147124523e-07,COMPLETE
1338,0.18795708417892457,2025-04-15 07:08:47.825713,2025-04-15 07:09:17.280312,0 days 00:00:29.454599,0.5349622461685322,0.21948399414170922,8,0.047620390936846974,0.09735249746737315,0.005676564088864647,0.07750153858706572,0.026726910676027567,0.07326198658083818,0.00035029302834292485,24,27,0.009958628779250621,0.13386424768834285,True,True,True,1.4788911074767073e-07,COMPLETE
1339,0.4173683881759644,2025-04-15 07:09:17.729028,2025-04-15 07:09:44.006795,0 days 00:00:26.277767,0.6263905117530251,0.29778379133030464,8,0.06962680608925093,0.010329769840302174,0.0039732525536915015,0.07109221579277492,0.02548806888131465,0.07620672325358141,0.0002707012376176192,19,32,0.016926669518285156,0.011291675990937472,True,True,True,1.939122919797176e-07,COMPLETE
1340,0.4648201704025269,2025-04-15 07:09:44.439793,2025-04-15 07:10:13.052317,0 days 00:00:28.612524,0.29713182228067775,0.25562967810063847,8,0.06081847343099978,0.006003261464651378,0.001102414837572011,0.07408290549202727,0.027868788874575747,0.07981210775047891,0.0004657404927922316,22,29,0.014657754341850357,0.026838791248537767,True,True,True,2.845150235013195e-07,COMPLETE
1341,0.18795708417892457,2025-04-15 07:10:13.483950,2025-04-15 07:10:42.413698,0 days 00:00:28.929748,0.5894890499971454,0.4113037296215622,8,0.05827487019103053,0.18016776028962175,0.004861698049203913,0.07606340626129034,0.023815396179814985,0.0748385128226074,0.000377029007822019,22,62,0.011681455713250015,0.015186255397800686,True,True,True,1.4505488012629165e-07,COMPLETE
1342,0.19315742254257204,2025-04-15 07:10:42.843252,2025-04-15 07:11:11.686862,0 days 00:00:28.843610,0.6366540075555642,0.3976015802666671,8,0.0791669521788134,0.02318011850367658,0.006897587790414779,0.07894804585492454,0.08967122838077013,0.08428435096449595,0.00030309474737898965,22,52,0.010165645098425219,0.006781151752272322,True,True,True,2.2439873060444583e-07,COMPLETE
1343,0.4786872029304505,2025-04-15 07:11:12.119031,2025-04-15 07:11:42.132988,0 days 00:00:30.013957,0.602174873972837,0.29090465995507575,8,0.04749716436831561,0.014733877133138722,0.006816562845603085,0.07198664717704352,0.021742325378434117,0.08201231953501055,0.0002460638014730793,24,26,0.01366836441821646,0.02329825498985843,True,True,True,1.7474613539864934e-07,COMPLETE
1344,0.4955950379371643,2025-04-15 07:11:42.563033,2025-04-15 07:12:09.511310,0 days 00:00:26.948277,0.5774566408993457,0.41078464841982737,8,0.07262083345186332,0.005727920084159234,0.0036396390728231824,0.0732515904757335,0.02707975446215125,0.0786421817162016,0.00047071504100477994,20,35,0.01712763846545796,0.010965832400447545,True,True,True,1.404952777660514e-07,COMPLETE
1345,0.18795708417892457,2025-04-15 07:12:09.942953,2025-04-15 07:12:44.877205,0 days 00:00:34.934252,0.6172152826747194,0.38713053308958123,8,0.05939820343239764,0.0166818292545471,0.003293637093644369,0.07064828162465076,0.025517820579587715,0.08056867961221173,0.0003601546224761334,27,129,0.014394038762852984,0.018724593426977968,True,True,True,2.004601553287028e-07,COMPLETE
1346,0.3948996186256409,2025-04-15 07:12:45.309198,2025-04-15 07:13:11.896671,0 days 00:00:26.587473,0.5615346652382603,0.4069950739887185,8,0.05225416650907831,0.010503430961133637,0.008377693103060213,0.07589037297037812,0.03639631540508259,0.07638445661218038,0.00039988033204385625,19,31,0.010087372458702932,0.11631101542024369,True,True,True,2.8621420874253294e-07,COMPLETE
