number,value,datetime_start,datetime_complete,duration,params_alpha-eval,params_alpha-train,params_batch-size,params_eps-eval,params_eps-train,params_lambda-actions-eval,params_lambda-actions-train,params_lambda-frames-eval,params_lambda-frames-train,params_learning-rate,params_n-epochs,params_n-frames,params_radius-gw,params_rho,params_std-feats,params_ub-actions,params_ub-frames,params_weight-decay,state
449,0.404420280456543,2025-04-15 01:20:06.779484,2025-04-15 01:20:22.980171,0 days 00:00:16.200687,0.11703994291574585,0.6616242483231933,16,0.1406360846197196,0.017122635347444466,0.050631711521182066,0.007110179695823227,0.07187769600733022,0.016884723201528083,6.0452356215220166e-05,7,32,0.05783476996619505,0.056434009923906486,False,False,False,6.128540187392009e-06,COMPLETE
450,0.18795708417892457,2025-04-15 01:20:23.123853,2025-04-15 01:21:05.038138,0 days 00:00:41.914285,0.06372907619064522,0.6352137787928944,2,0.12980430395745288,0.025167988543398852,0.03313395788326469,0.004983404723512175,0.07533199611751738,0.01071205742790683,4.8152731255473155e-05,8,35,0.05462965569681256,0.027185916951935205,False,False,False,9.693654600170351e-05,COMPLETE
451,0.2907063186168671,2025-04-15 01:21:05.192739,2025-04-15 01:21:22.313584,0 days 00:00:17.120845,0.09919901408103464,0.6885885402919242,16,0.12409886425800622,0.012338880353022889,0.04797195598095722,0.017163576360828166,0.09304990544971993,0.008680257672599515,7.330259212655745e-05,10,6,0.04999566481494341,0.045422212068111284,False,False,False,0.00017372663952960286,COMPLETE
452,0.45871907472610474,2025-04-15 01:21:22.454507,2025-04-15 01:21:38.798466,0 days 00:00:16.343959,0.07381585470189408,0.6232985864092953,16,0.13469076559631518,0.01999080826921807,0.0533446626557237,0.0010264438992495847,0.007256119232074101,0.014296146737313522,0.0001042985768179484,8,22,0.056473010092827416,0.039440168736071576,False,False,False,3.6383371525371456e-07,COMPLETE
453,0.38161524534225466,2025-04-15 01:21:38.940793,2025-04-15 01:21:55.992291,0 days 00:00:17.051498,0.13168402341561716,0.6573964539229997,16,0.10283052082174705,0.02827375990239376,0.044946838306864814,0.0031734071513320116,0.008479063535748574,0.01195046056410888,8.936031300768173e-05,9,27,0.05355647208155037,0.1819219452379017,False,False,False,5.425926619864695e-07,COMPLETE
454,0.44896309375762944,2025-04-15 01:21:56.146588,2025-04-15 01:22:12.301023,0 days 00:00:16.154435,0.08941373863845059,0.7116717512933742,16,0.11640383037551671,0.03350735329678292,0.049687948256993866,0.006625922740412326,0.012011111131560979,0.002747253918769294,6.33660555839355e-05,7,30,0.06085648439680827,0.05025732557490803,False,False,False,2.85305344296545e-06,COMPLETE
455,0.4587643265724182,2025-04-15 01:22:12.442886,2025-04-15 01:22:29.476392,0 days 00:00:17.033506,0.04452022954769048,0.6053235605948144,16,0.08810960489322278,0.022172742299567092,0.042987926168534106,0.008817921291152274,0.006388552695280263,0.00794651810988201,0.00012264622212852937,9,24,0.05864131107326234,0.032623785340734096,False,False,False,2.0571804063541786e-06,COMPLETE
456,0.3148313939571381,2025-04-15 01:22:29.618431,2025-04-15 01:22:46.229479,0 days 00:00:16.611048,0.06852040652622977,0.6727375325737478,16,0.14713174980042132,0.008257707039517974,0.03965081230646112,0.004666534595524106,0.00474569391362087,0.06633550960419532,8.313600331039055e-05,8,18,0.056413873641857945,0.04419309875533159,True,False,False,3.934864914627627e-05,COMPLETE
457,0.16740352511405948,2025-04-15 01:22:46.383094,2025-04-15 01:23:01.927317,0 days 00:00:15.544223,0.11179110622414079,0.6423074889060001,16,0.12258194107667227,0.016685624304048498,0.05213634422987651,0.0035017390750704805,0.007405831856814524,0.004083523971072906,5.738339798029263e-05,10,32,0.05244972912666466,0.038019891310225824,False,False,True,1.445642574195671e-05,COMPLETE
458,0.186462277173996,2025-04-15 01:23:02.069017,2025-04-15 01:23:16.511658,0 days 00:00:14.442641,0.04539669407996764,0.6963905700601974,16,0.12954331908746153,0.026900561477540472,0.046170668259278395,0.00675359126213993,0.004455731574774144,0.01913666180670067,4.0488327690816725e-05,7,27,0.05457863261483621,0.0010286305938448145,False,True,False,1.3205423354230238e-06,COMPLETE
459,0.36689502000808716,2025-04-15 01:23:16.656073,2025-04-15 01:23:38.994540,0 days 00:00:22.338467,0.08562336278864603,0.6229082204673153,16,0.09476943965140856,0.013514843484945731,0.041313674095576805,0.002929984324836598,0.009460187210070444,0.01576884817186468,7.072266031916113e-05,22,14,0.05816339594091291,0.02500896168111776,False,False,False,7.443465209271995e-07,COMPLETE
460,0.4017788290977478,2025-04-15 01:23:39.147975,2025-04-15 01:23:55.792344,0 days 00:00:16.644369,0.5720116293379534,0.6547679049402022,16,0.138053815276879,0.12515719155199936,0.05431339375340677,0.009157150737619869,0.07702583289854516,0.00983823413325589,0.00011061907252596693,8,24,0.04836160961164552,0.05303265529308694,False,False,False,1.0867834360582216e-05,COMPLETE
461,0.4264872074127198,2025-04-15 01:23:55.935801,2025-04-15 01:24:11.689742,0 days 00:00:15.753941,0.061369606551774564,0.6760703467166116,16,0.10937729490538022,0.021297187277219624,0.04764522553486547,0.0010581715363316563,0.06941167230728172,0.006764418465010608,9.41701875727961e-05,6,20,0.050580442658109674,0.030218095672265546,False,False,False,2.6867806531420977e-05,COMPLETE
462,0.4289958715438843,2025-04-15 01:24:11.834759,2025-04-15 01:24:28.819709,0 days 00:00:16.984950,0.09911597396723258,0.7229111957149414,16,0.11437579791717746,0.02972318859133881,0.04487568473482818,0.005532994946713062,0.006047023280938045,0.012957920955312594,4.933653428555226e-05,9,34,0.05623310750150777,0.04516233235516537,False,False,False,1.8254704160551386e-05,COMPLETE
463,0.18795708417892457,2025-04-15 01:24:28.974338,2025-04-15 01:25:17.362339,0 days 00:00:48.388001,0.14608551885160376,0.6082647458452455,2,0.14288884238300467,0.005965365214767997,0.055137266265690654,0.004331319510211236,0.09972621898454807,0.005428216923232942,7.73534440426651e-05,10,29,0.06197303018543523,0.06789516169321239,False,False,False,8.136628357968489e-05,COMPLETE
464,0.4801395535469055,2025-04-15 01:25:17.507346,2025-04-15 01:25:34.491870,0 days 00:00:16.984524,0.08032194862948727,0.6457206761496358,16,0.12138800863769099,0.03281196006985447,0.035939666545102916,0.09366259070299872,0.0044261200589522515,0.011050397094727745,6.77946427375761e-05,9,25,0.054177527260910664,0.036320852066779645,False,False,False,5.2234888596201835e-06,COMPLETE
465,0.2975653946399689,2025-04-15 01:25:34.650343,2025-04-15 01:25:52.127634,0 days 00:00:17.477291,0.04502722211221297,0.6885908283993213,16,0.1253613734031764,0.22619377933107093,0.05124736847169408,0.0027588697273437683,0.002776372334863512,0.01138378241300796,1.444969014475015e-05,10,50,0.05222452785529129,0.03204373642713552,False,False,False,3.4029371978286974e-06,COMPLETE
466,0.4567393183708191,2025-04-15 01:25:52.274209,2025-04-15 01:26:09.239472,0 days 00:00:16.965263,0.07043499983213737,0.6327670818849668,16,0.13384994629152747,0.03360148248384877,0.0272296429910774,0.09398282216964046,0.08267195037907374,0.015247998415508375,6.414087565055266e-05,9,30,0.05987497489578104,0.025680829889223666,False,False,False,8.972963564945982e-06,COMPLETE
467,0.38752862215042116,2025-04-15 01:26:09.385548,2025-04-15 01:26:26.319726,0 days 00:00:16.934178,0.07874419330619252,0.6655090691792737,16,0.12050054985860204,0.19998585354290252,0.0355801365751523,0.0074482858206745385,0.002470756139375942,0.013881733416271653,4.725433846951789e-05,9,36,0.057730564720463985,0.03604827940492342,False,False,False,4.799804870286474e-06,COMPLETE
468,0.29918153285980226,2025-04-15 01:26:26.477193,2025-04-15 01:26:44.044468,0 days 00:00:17.567275,0.05627956517421054,0.706868008535757,16,0.12802436770566109,0.015404036771076357,0.04899822913109983,0.001033525878104158,0.004905374468598385,0.04330733618035382,5.3846210196966474e-05,10,26,0.02979403452549398,0.0504973779454008,False,False,False,4.300967777757439e-06,COMPLETE
469,0.43369048833847046,2025-04-15 01:26:44.192604,2025-04-15 01:27:01.173531,0 days 00:00:16.980927,0.04264952956062329,0.749716543738801,16,0.15135025655229803,0.023656779736153134,0.053452220976105275,0.099935198398416,0.0012919379379856917,0.018352191565932888,6.789873826485004e-05,9,32,0.053471946995608526,0.042581634740135176,False,False,False,3.408914791282257e-05,COMPLETE
470,0.36318426132202153,2025-04-15 01:27:01.320123,2025-04-15 01:27:18.072641,0 days 00:00:16.752518,0.08213054761874009,0.6509407830767003,16,0.12006586445188022,0.011752617414131823,0.031463085549979335,0.003022319731527194,0.004624432176600907,0.009942701317981213,3.7531696103580075e-05,8,27,0.056088710586470074,0.05803386387419804,False,False,False,2.003601630354636e-05,COMPLETE
471,0.41332565546035765,2025-04-15 01:27:18.230567,2025-04-15 01:27:35.213760,0 days 00:00:16.983193,0.1205895112176605,0.6189530218145255,16,0.13321866265714916,0.019019004617310365,0.03709779687340517,0.009463064586009054,0.007913770548269762,0.016381041876740367,7.904286316389232e-05,9,24,0.059245107162319094,0.02606716843130766,False,False,False,6.220577826229461e-06,COMPLETE
472,0.46167051792144775,2025-04-15 01:27:35.360632,2025-04-15 01:27:57.044337,0 days 00:00:21.683705,0.0671723795120221,0.5987350814529931,16,0.12804432205444122,0.024702819135877775,0.034716412005079265,0.017681772219898265,0.0010538118385408812,0.012420890811264872,5.8277500921419264e-05,20,30,0.05049526174088911,0.03533660646567535,False,False,False,4.9650301927971174e-06,COMPLETE
473,0.4505352139472962,2025-04-15 01:27:57.191867,2025-04-15 01:28:14.486515,0 days 00:00:17.294648,0.09719692920202011,0.6861055550617888,16,0.13809302196596338,0.031866985754788746,0.06062641106125946,0.00643881374406725,0.0039026752067018297,0.011321501061527173,8.39860102285318e-05,10,35,0.05550813003351319,0.049240391400999485,False,False,False,0.0001254849497426215,COMPLETE
474,0.4478147387504578,2025-04-15 01:28:14.645799,2025-04-15 01:28:31.925793,0 days 00:00:17.279994,0.059835656999703384,0.6686654064653051,16,0.21148292551579856,0.01867824396797595,0.055516043041268934,0.004585755036370998,0.07957047464486902,0.009026634762386073,6.593773871055115e-05,9,28,0.06391512758492184,0.031430328483905194,False,False,False,2.528130313612847e-05,COMPLETE
475,0.15945596098899842,2025-04-15 01:28:32.074278,2025-04-15 01:28:46.847315,0 days 00:00:14.773037,0.04134651874792953,0.6392870805822024,16,0.12260479808944164,0.009682489086630254,0.058298492706048866,0.0028247324161955376,0.06523898590493182,0.013895932680031314,9.404698459282832e-05,7,32,0.05306416377408555,0.04124930853457107,True,False,True,1.4813481024131126e-05,COMPLETE
476,0.4313162446022034,2025-04-15 01:28:47.010489,2025-04-15 01:29:03.624383,0 days 00:00:16.613894,0.0848576093085774,0.6561820469350844,16,0.116203337777093,0.02504740016148011,0.061357969461991485,0.00727400861028608,0.07306484064029106,0.012207661070211961,0.00012830723111018609,8,22,0.0575573334762422,0.06521766044057602,False,False,False,0.00024321015811557778,COMPLETE
477,0.1911186158657074,2025-04-15 01:29:03.773442,2025-04-15 01:29:18.912485,0 days 00:00:15.139043,0.9895801776480804,0.6203812600649617,16,0.143876632799401,0.03341454170308702,0.05205884499673635,0.005769784017944796,0.005422075465301169,0.01989239890342284,2.3883407371040355e-05,9,25,0.0765572854394245,0.044379664037624375,False,True,False,3.4439509161365784e-06,COMPLETE
478,0.27696306109428404,2025-04-15 01:29:19.062012,2025-04-15 01:29:35.711415,0 days 00:00:16.649403,0.11279089524895916,0.7101841121173883,16,0.13041802589350332,0.014208811739524624,0.02373232791313981,0.015131329007240568,0.0033273809753244237,0.01716420576919632,4.354802368638732e-05,8,45,0.03201211342459395,0.008818061039491409,False,False,False,6.835728325391967e-06,COMPLETE
479,0.4290115118026734,2025-04-15 01:29:35.871960,2025-04-15 01:29:51.621889,0 days 00:00:15.749929,0.07108482940953767,0.6835704827497064,16,0.12418460367723021,0.023182587949411127,0.0563171805816122,0.009873797760109234,0.009195661973098134,0.009512186881549986,6.97106230938196e-05,6,28,0.060358590349451166,0.038903257129651495,False,False,False,1.317964414989564e-05,COMPLETE
480,0.18795708417892457,2025-04-15 01:29:51.771357,2025-04-15 01:30:30.692186,0 days 00:00:38.920829,0.08864837007884543,0.6375616482416959,2,0.11278799035414579,0.002519676332453147,0.014792638522942894,0.003867409173346777,0.006934315606265582,0.015448189437578641,5.488880691342642e-05,7,23,0.05430266359748652,0.029128609551848733,False,False,False,5.282970735289107e-05,COMPLETE
481,0.4228246092796326,2025-04-15 01:30:30.842053,2025-04-15 01:30:50.046205,0 days 00:00:19.204152,0.04069200494538759,0.5990666510209933,16,0.07731542230815179,0.018195852792176316,0.04893248463161517,0.04791683198978746,0.07561420666724515,0.005136971791533239,0.00010844533578302634,14,33,0.05239237875531631,0.056641954191841,False,False,False,4.1396867928068944e-08,COMPLETE
482,0.4619032979011536,2025-04-15 01:30:50.207617,2025-04-15 01:31:07.714691,0 days 00:00:17.507074,0.12830244806209834,0.6684004745406704,16,0.13571435730789905,0.029518398803634972,0.05916941552906825,0.002607637993607144,0.002874598593435118,0.0032225835929577317,7.975595547354604e-05,10,30,0.049347989422893375,0.0475451096548596,False,False,False,3.4295138582531074e-06,COMPLETE
483,0.18795708417892457,2025-04-15 01:31:07.865780,2025-04-15 01:31:24.285006,0 days 00:00:16.419226,0.0636557358712103,0.7225983328672996,16,0.11971214846683359,0.010297390188427697,0.05023485075232047,0.008056576673544133,0.004939301081332863,0.007685617295931058,3.398737228310104e-05,9,26,0.05635046343174473,0.035490534613509754,False,False,False,0.00017489703188175936,COMPLETE
484,0.4518634438514709,2025-04-15 01:31:24.451229,2025-04-15 01:31:40.923953,0 days 00:00:16.472724,0.10457243795472873,0.6454992868607788,16,0.14099131936252882,0.18125235323815875,0.02860884731300686,0.08767351665999203,0.007826485270808176,0.013400209057462987,8.596297096871938e-05,8,20,0.06220018519876736,0.04127697398663087,False,False,False,1.669146510343356e-06,COMPLETE
485,0.3365532875061035,2025-04-15 01:31:41.077098,2025-04-15 01:31:57.253604,0 days 00:00:16.176506,0.08532390857842052,0.6969699756685527,16,0.1507803014861128,0.02113851084481244,0.05684755316972815,0.054500286348768565,0.0010000164717284812,0.010355832960357626,5.931965831394559e-05,7,36,0.033698552771742,0.02433450702541033,False,False,False,6.545694184694067e-05,COMPLETE
486,0.4698530673980713,2025-04-15 01:31:57.405168,2025-04-15 01:32:14.427996,0 days 00:00:17.022828,0.05126025921873696,0.6208792853081542,16,0.20006276515096325,0.016521941026035485,0.05387801426314588,0.005676108240260406,0.004134367284073942,0.017025779047510535,0.00010326497356445359,9,25,0.058266802675087964,0.053916247658652466,False,False,False,2.5003834236387386e-05,COMPLETE
487,0.18795708417892457,2025-04-15 01:32:14.592164,2025-04-15 01:32:31.556840,0 days 00:00:16.964676,0.04061862544717552,0.6094710187916708,16,0.19947765646260968,0.005574080212849445,0.05284809284477787,0.002546035336983032,0.006604606346260566,0.06124966111645872,0.0001338219624222125,10,29,0.05928584342542392,0.060846693188302464,False,False,False,3.1027774005157235e-05,COMPLETE
488,0.4223702549934387,2025-04-15 01:32:31.709764,2025-04-15 01:32:48.692233,0 days 00:00:16.982469,0.049503246129546014,0.5980158373483492,16,0.19669443385982652,0.011909651514371662,0.018795331662411263,0.004821992686492936,0.010857567849522822,0.021486605698458974,0.09666698694200729,9,17,0.05764920170927878,0.055226255641802446,False,False,False,2.5066332739702667e-05,COMPLETE
489,0.4614417433738709,2025-04-15 01:32:48.844392,2025-04-15 01:33:06.068938,0 days 00:00:17.224546,0.06080663970641441,0.6243983531524702,16,0.20276463642566853,0.034230046257418864,0.05438614647211999,0.0058378295558753675,0.004795112261229147,0.01809380449728151,0.00011495820091690711,10,22,0.060560554664498834,0.07453607952419114,False,False,False,2.6239148999587127e-05,COMPLETE
490,0.18795708417892457,2025-04-15 01:33:06.234771,2025-04-15 01:33:51.649688,0 days 00:00:45.414917,0.061403527301370706,0.6264213697721853,2,0.2094395785889348,0.02671206619731065,0.051875848474150124,0.0010601517647058469,0.008606042266612986,0.01649328920250567,0.00010161598661175567,9,32,0.08928772892784569,0.05213758895747408,False,False,False,1.987466256014529e-05,COMPLETE
491,0.44993060827255255,2025-04-15 01:33:51.802885,2025-04-15 01:34:08.950968,0 days 00:00:17.148083,0.03903340008456231,0.7390964329300507,16,0.20062617380468525,0.015802328461917835,0.04757339725009121,0.011865018195675571,0.006592723947214595,0.020920915282917653,6.921815868781437e-05,9,27,0.0582511432308361,0.06404370701036129,False,False,False,3.6052852567881676e-05,COMPLETE
492,0.40415291786193847,2025-04-15 01:34:09.116628,2025-04-15 01:34:26.585554,0 days 00:00:17.468926,0.08254973849620363,0.5954055583952809,16,0.2152148730106398,0.026599184765908772,0.05425468003086039,0.008285747410056464,0.07177303921876123,0.05434639902998018,4.608857419153093e-05,10,35,0.05543817981928417,0.04852347167994924,False,False,False,1.6247635951317664e-05,COMPLETE
493,0.4747254490852356,2025-04-15 01:34:26.738798,2025-04-15 01:34:43.727347,0 days 00:00:16.988549,0.06881984873707886,0.6416504519839263,16,0.2183071380251308,0.016911793512510154,0.050246669223054166,0.0039312058790037735,0.01202049680640482,0.015510084875907361,9.50610383535614e-05,9,25,0.06203196447773513,0.046141410844804345,False,False,False,3.298883537745995e-05,COMPLETE
494,0.18795708417892457,2025-04-15 01:34:43.882727,2025-04-15 01:35:00.774101,0 days 00:00:16.891374,0.036399503439755405,0.6159887850847513,16,0.22033257655637556,0.008200431023953673,0.05046768944516204,0.002885986515876909,0.05520811617499216,0.018293621046814645,7.503360971968392e-05,10,23,0.06135424187051755,0.21536024591874992,False,False,False,2.2049909842735907e-05,COMPLETE
495,0.16833146810531618,2025-04-15 01:35:00.939603,2025-04-15 01:35:16.278955,0 days 00:00:15.339352,0.05908722200307415,0.6396316720987535,16,0.21364987975006314,0.0006326429225652803,0.05283882254474563,0.0042585589861311186,0.011559012110125206,0.04717149882391347,0.00012326309530965584,9,19,0.06571483612082227,0.056999544612803835,False,False,True,2.882754374305893e-05,COMPLETE
496,0.3845227241516113,2025-04-15 01:35:16.434493,2025-04-15 01:35:33.689699,0 days 00:00:17.255206,0.0707032304805062,0.5905151506335273,16,0.22498779305886812,0.01354919036069668,0.05017640314746665,0.0023716581682484035,0.00954147935093151,0.013056891034755564,5.138438242643006e-05,9,25,0.06421723766648292,0.05053758618536475,True,False,False,4.29628367778456e-05,COMPLETE
497,0.18540889620780945,2025-04-15 01:35:33.845076,2025-04-15 01:35:49.164278,0 days 00:00:15.319202,0.03725005894053961,0.6754913835054025,16,0.21267399931366363,0.017621116011851,0.055345260807967284,0.004206516476401187,0.011373728311704157,0.014876480438656164,9.464711726725735e-05,10,22,0.06308761045986074,0.045027725996665366,False,True,False,3.451972269263536e-05,COMPLETE
498,0.18795708417892457,2025-04-15 01:35:49.329618,2025-04-15 01:36:09.537076,0 days 00:00:20.207458,0.0590072950455227,0.6142735119928542,16,0.14602974300178892,0.007272386112919563,0.04872804909794078,0.005905735853741244,0.013718977176370797,0.01945657868722309,6.457038378864985e-05,18,27,0.061727655726304245,0.054926980414558436,False,False,False,4.6337608998611896e-05,COMPLETE
499,0.2625988841056824,2025-04-15 01:36:09.719475,2025-04-15 01:36:26.638827,0 days 00:00:16.919352,0.07721031695205305,0.6314267823846231,16,0.13641585504434958,0.1181955023489222,0.05132020807630914,0.0010541598617596786,0.07421668067786133,0.01189284750798534,7.895035020045825e-05,9,16,0.059858733156471555,0.04692210635224884,False,False,False,3.156612545371655e-05,COMPLETE
500,0.18795708417892457,2025-04-15 01:36:26.805725,2025-04-15 01:36:47.424852,0 days 00:00:20.619127,0.040834665127462845,0.6947106717272202,8,0.21973415743405586,0.015757622522723298,0.05633498526041892,0.00408952708345792,0.008750870879434448,0.016871386395886822,0.00013557034961998187,9,46,0.05770965616050411,0.005574211801215239,False,False,False,1.93082750446028e-05,COMPLETE
501,0.18795708417892457,2025-04-15 01:36:47.581951,2025-04-15 01:37:05.193280,0 days 00:00:17.611329,0.09505079623330838,0.6660028288021302,16,0.20541021714474336,0.021123855651974742,0.05338889300798951,0.016350409081852302,0.07667002870518842,0.014804876041270594,9.680230503381655e-05,10,111,0.05869691039089142,0.06116157931395912,False,False,False,1.4377098552485664e-05,COMPLETE
502,0.4111902952194214,2025-04-15 01:37:05.349552,2025-04-15 01:37:26.221350,0 days 00:00:20.871798,0.05503968391148415,0.6430000014826037,8,0.2061937669174485,0.0336365362907505,0.04684978390784592,0.07536374228075585,0.006724745122239013,0.010733959709822782,2.677220683440846e-05,9,25,0.06341282601978272,0.03356095655983983,False,False,False,2.345211848455637e-05,COMPLETE
503,0.4264621019363404,2025-04-15 01:37:26.389662,2025-04-15 01:37:42.907335,0 days 00:00:16.517673,0.07489569889033691,0.5996784012580714,16,0.21731493717156308,0.02709727524914787,0.029962743834570364,0.07951976504991941,0.005581596706392261,0.013427242486983399,5.799843592782311e-05,8,28,0.0547304936972967,0.05192215684413978,False,False,False,4.130448302000276e-05,COMPLETE
504,0.29750651121139526,2025-04-15 01:37:43.064045,2025-04-15 01:38:00.280125,0 days 00:00:17.216080,0.10358023064889071,0.6839373337848801,16,0.13041373121377314,0.25935443125785806,0.04971332395936789,0.0026776916267908972,0.08470389682194207,0.005998568160944858,4.178048765004643e-05,10,21,0.08115525125301612,0.04480344524149718,False,False,False,1.0837194428369128e-05,COMPLETE
