number,value,datetime_start,datetime_complete,duration,params_alpha-eval,params_alpha-train,params_batch-size,params_eps-eval,params_eps-train,params_lambda-actions-eval,params_lambda-actions-train,params_lambda-frames-eval,params_lambda-frames-train,params_learning-rate,params_n-epochs,params_n-frames,params_radius-gw,params_rho,params_std-feats,params_ub-actions,params_ub-frames,params_weight-decay,state
169,0.4250109672546387,2025-04-14 23:50:11.533423,2025-04-14 23:50:29.479943,0 days 00:00:17.946520,0.08775998511159934,0.37190608117602675,8,0.2505667039318958,0.0327686835450307,0.07364888810895143,0.02608577860756959,0.026928762240650068,0.09614506467272374,0.00016015411267721977,5,74,0.017727519137952622,0.08319356727079735,False,False,False,1.261714310511955e-08,COMPLETE
170,0.403117573261261,2025-04-14 23:50:29.535554,2025-04-14 23:50:49.195499,0 days 00:00:19.659945,0.08952395439198044,0.37272421895632657,8,0.2454975724008758,0.03414619987452194,0.07193097045989676,0.025216885491464256,0.027008138621938856,0.09442294410480324,0.00014266899761620336,7,74,0.019953987251537075,0.06151067926910025,False,False,False,1.2189040498110017e-08,COMPLETE
171,0.38309483528137206,2025-04-14 23:50:49.250356,2025-04-14 23:51:09.028695,0 days 00:00:19.778339,0.09286642387868083,0.3817601079857604,8,0.2434141734329378,0.02143675316789165,0.07806341800486731,0.026227030929662325,0.018353078154153067,0.09500135194707081,9.627722373273949e-05,7,74,0.020309234789001665,0.08055139632900529,False,False,False,1.200883363359125e-08,COMPLETE
172,0.40737491846084595,2025-04-14 23:51:09.092172,2025-04-14 23:51:28.082666,0 days 00:00:18.990494,0.11587342120700832,0.3657802144366801,8,0.2491615403172624,0.03337648380024732,0.07380691134969244,0.028723626037310344,0.02184282006812869,0.09754010997652175,0.00015559882584964316,6,70,0.01909348427670336,0.04099569497784172,False,False,False,1.802691101889808e-08,COMPLETE
173,0.4213790535926819,2025-04-14 23:51:28.140099,2025-04-14 23:51:47.596430,0 days 00:00:19.456331,0.11321560241830732,0.40828699190709117,8,0.2581000809237802,0.03334490007949155,0.07341914569645483,0.024581956437627728,0.024484684570196143,0.09741086129025313,0.0001462964770138068,7,66,0.01898249384411362,0.05864432327548075,False,False,False,1.7208189652851516e-08,COMPLETE
174,0.411423921585083,2025-04-14 23:51:47.654457,2025-04-14 23:52:08.052829,0 days 00:00:20.398372,0.11231843737251376,0.4005375191862829,8,0.2341339783923462,0.03572592787268014,0.07388880552691277,0.02497805904109252,0.022828522836235193,0.09735903096323707,0.00012897645419089683,8,64,0.022038304166107754,0.05996830993742241,False,False,False,1.7296779214869837e-08,COMPLETE
175,0.40656633377075196,2025-04-14 23:52:08.108743,2025-04-14 23:52:28.278311,0 days 00:00:20.169568,0.11979789264518681,0.4105409368058807,8,0.23600874258791366,0.03224690524699579,0.07411197683614555,0.025589399706043396,0.021394227607112425,0.09767167155187526,0.00013341831424381684,8,66,0.021168976971472048,0.056696943000278145,False,False,False,1.7870870018668454e-08,COMPLETE
176,0.4048133254051209,2025-04-14 23:52:28.334286,2025-04-14 23:52:47.951852,0 days 00:00:19.617566,0.11819714229436411,0.39468638118670435,8,0.21426874484107733,0.028961725462714326,0.0734812346483678,0.020411594923314794,0.020909135541442664,0.09726905495300399,0.00010794282114005902,7,66,0.023512108912094445,0.04916996829924936,False,False,False,1.8052912103167357e-08,COMPLETE
177,0.41189520359039306,2025-04-14 23:52:48.010890,2025-04-14 23:53:08.251908,0 days 00:00:20.241018,0.1270117636476073,0.4076922492693328,8,0.22347062258318884,0.02602962919128389,0.07348425275011759,0.022298285679498674,0.021796804634781067,0.09765024705760875,0.00011160790893333672,8,63,0.02248209717891922,0.03801443367028305,False,False,False,1.8012180330258388e-08,COMPLETE
178,0.411885929107666,2025-04-14 23:53:08.308844,2025-04-14 23:53:28.523449,0 days 00:00:20.214605,0.11876306422445645,0.4066956815584971,8,0.22007285873027754,0.024322712147046364,0.07344485543567103,0.022935025530173226,0.02150195499958373,0.09743026385225202,7.61683205999735e-05,8,66,0.02690472668081845,0.039144805663890496,False,False,False,1.832972785495996e-08,COMPLETE
179,0.40827747583389284,2025-04-14 23:53:28.580682,2025-04-14 23:53:48.962769,0 days 00:00:20.382087,0.11968963917645276,0.41295229743822914,8,0.2168551993629473,0.02423357631801083,0.07379626410128225,0.017427801898848905,0.01668639100195497,0.09738528174446334,7.291938922175793e-05,8,64,0.024868036403559522,0.0438912160744475,False,False,False,1.9002399169709627e-08,COMPLETE
180,0.40359097719192505,2025-04-14 23:53:49.020479,2025-04-14 23:54:09.909838,0 days 00:00:20.889359,0.13488435129837067,0.4662677135971168,8,0.22011663116851796,0.02248439761492374,0.07102387196510496,0.026453313672036814,0.017683515735891248,0.09781168604571111,6.329483820961829e-05,9,56,0.027710662367239503,0.045158580344234145,False,False,False,1.934647186178746e-08,COMPLETE
181,0.18795708417892457,2025-04-14 23:54:09.976670,2025-04-14 23:54:29.825245,0 days 00:00:19.848575,0.11597273921156788,0.4090202000709555,8,0.21059483123261122,0.009831166547433826,0.07302997300945634,0.01819265353037265,0.015455264011246712,0.09789177171787977,0.00011646099856758659,8,64,0.025008853641057115,0.039170185395985706,False,False,False,1.8611089070796058e-08,COMPLETE
182,0.4062322735786438,2025-04-14 23:54:29.884506,2025-04-14 23:54:50.027539,0 days 00:00:20.143033,0.11992222272418203,0.4086211021415016,8,0.21304898656330634,0.025631950786741627,0.07473195499967979,0.02295422746030001,0.021407700093622296,0.0969316459021894,0.00011186279747520811,8,61,0.02281846765664619,0.03681960986826611,False,False,False,1.7646962975614405e-08,COMPLETE
183,0.18795708417892457,2025-04-14 23:54:50.086532,2025-04-14 23:55:10.675252,0 days 00:00:20.588720,0.16153315187661588,0.4199116403869389,8,0.23316212497123842,0.016142638744426785,0.07483109853216459,0.02291615926093124,0.02141033380149586,0.09656289190636963,6.508924757742696e-05,9,62,0.02230700460574088,0.05676878121516104,False,False,False,1.6694793164512084e-08,COMPLETE
184,0.39593391418457036,2025-04-14 23:55:10.733823,2025-04-14 23:55:31.237953,0 days 00:00:20.504130,0.1366065505628258,0.44150837709167584,8,0.19879594051006394,0.025760289187647976,0.07467614388363174,0.016503214124474894,0.013191275995988454,0.09966179014165628,7.363360600489091e-05,8,56,0.03219172826620456,0.040523519765357764,False,False,False,2.7263487609630047e-08,COMPLETE
185,0.39727830886840826,2025-04-14 23:55:31.297166,2025-04-14 23:55:51.668977,0 days 00:00:20.371811,0.11255994886739691,0.4099771993413313,8,0.21414134130255796,0.020705195772915467,0.0738849623516078,0.028383424282430035,0.022832500980397775,0.09654034693987115,7.893299600050794e-05,8,60,0.025389239618491728,0.02950500195352175,False,False,False,1.0249681567489272e-05,COMPLETE
186,0.4226502776145935,2025-04-14 23:55:51.728083,2025-04-14 23:56:12.934371,0 days 00:00:21.206288,0.17634208439888371,0.48527668541770114,8,0.22471865488823559,0.03766070145239665,0.07121883905084661,0.02455680542813647,0.019050589728879845,0.09807372869646952,0.0001291472472144715,9,66,0.028102913718369087,0.05711002344185922,False,False,False,2.0846155896398203e-08,COMPLETE
187,0.19917890429496765,2025-04-14 23:56:12.996120,2025-04-14 23:56:31.536782,0 days 00:00:18.540662,0.16673437191766874,0.47677384977927895,8,0.2272333304512082,0.039486927984780845,0.07050750336094531,0.02454609216888528,0.0172212059951413,0.0980369675659818,0.0001351314512978418,8,65,0.027789724246091444,0.05434844015336868,True,False,True,2.0662977242149475e-08,COMPLETE
188,0.21734071969985963,2025-04-14 23:56:31.596042,2025-04-14 23:56:50.028114,0 days 00:00:18.432072,0.17977724388461983,0.5455610516236851,8,0.23782078246979574,0.012119721144769408,0.07245154410903389,0.02629477171600368,0.019624643523818555,0.09983171141787682,9.143218706471962e-05,9,52,0.02283186938783517,0.03323496309172652,False,True,False,2.9539720468949175e-08,COMPLETE
189,0.40093512535095216,2025-04-14 23:56:50.088650,2025-04-14 23:57:11.151972,0 days 00:00:21.063322,0.12214424525594506,0.5004515046141773,8,0.22398847338286867,0.034746547902090544,0.06841532590246942,0.057652402888022466,0.024042445521092262,0.09783591271849056,0.00017377806961026496,9,61,0.028793430647662474,0.02024953018174467,False,False,False,1.9840082027665605e-08,COMPLETE
190,0.18795708417892457,2025-04-14 23:57:11.221767,2025-04-14 23:57:31.243965,0 days 00:00:20.022198,0.0712058369403889,0.39491588928068594,8,0.2163708708680613,0.00442051916025802,0.07680272393226245,0.021955361617332976,0.019130515553795288,0.09638583327779332,4.258581546766281e-05,8,67,0.021870020502274073,0.04095547590805337,False,False,False,2.6681645937774577e-08,COMPLETE
191,0.4050393342971802,2025-04-14 23:57:31.304045,2025-04-14 23:57:51.475483,0 days 00:00:20.171438,0.14929298943708058,0.4307570612561896,8,0.20415508724383546,0.026869183507511704,0.07944734001761576,0.02442554335558232,0.02190174779785537,0.09818639059747189,0.00011806157312202536,8,63,0.02446098180731364,0.05235741215471845,False,False,False,1.008039291075546e-08,COMPLETE
192,0.4121221423149109,2025-04-14 23:57:51.536767,2025-04-14 23:58:12.003533,0 days 00:00:20.466766,0.1343963050736831,0.448329703940905,8,0.20584844835563132,0.025233693805394943,0.07505193710975801,0.02424987323847136,0.022068736692226434,0.09579958366995697,0.00011945932123006448,8,63,0.027165539559057855,0.06207110839917504,False,False,False,1.7053115730781643e-08,COMPLETE
193,0.18795708417892457,2025-04-14 23:58:12.064501,2025-04-14 23:58:32.508951,0 days 00:00:20.444450,0.11551348405578071,0.46877582874324564,8,0.22410952395370792,0.018633925381061636,0.07142451864252805,0.029138563643497085,0.024696454143271002,0.09523845649611624,0.00010449381158543043,9,69,0.03140418278543066,0.06529951279252334,False,False,False,1.5255051649960025e-08,COMPLETE
194,0.4083241105079651,2025-04-14 23:58:32.571261,2025-04-14 23:58:52.757000,0 days 00:00:20.185739,0.13144746843441718,0.4588092102592075,8,0.206755423952603,0.03624155881859433,0.07513915938098403,0.027397198198100527,0.014346225336607964,0.09282787170589506,8.382111124918838e-05,8,58,0.026437010617320324,0.045689696829303496,False,False,False,2.1489778257341144e-08,COMPLETE
195,0.41275098323822024,2025-04-14 23:58:52.820227,2025-04-14 23:59:13.758839,0 days 00:00:20.938612,0.10805520431707637,0.4891682842108964,8,0.20177610727233927,0.03266845887285104,0.07486752931529793,0.0272195987176784,0.014315025185681443,0.09306734086208186,8.261979855782534e-05,9,58,0.026880384758185036,0.04400029102454319,False,False,False,2.1822794009174356e-08,COMPLETE
196,0.18795708417892457,2025-04-14 23:59:13.822266,2025-04-14 23:59:34.637417,0 days 00:00:20.815151,0.10531897173971137,0.4963305723977812,8,0.20391673358559143,0.023730226919053264,0.07495476672527761,0.02280319113943576,0.014025287164698088,0.09297915783043194,8.336751564890918e-05,9,57,0.03613534597985845,0.045154795779776054,False,False,False,2.1522962681947567e-08,COMPLETE
197,0.42678092718124394,2025-04-14 23:59:34.700760,2025-04-14 23:59:56.467051,0 days 00:00:21.766291,0.13145590589993125,0.5196599990172548,8,0.1943122689256469,0.032249082348766035,0.07369884285346967,0.02586976481469032,0.016400353789152045,0.09613988129655308,5.6479691894745076e-05,10,49,0.026637143065995482,0.03680332392069286,False,False,False,2.615839516027302e-08,COMPLETE
198,0.39527393579483033,2025-04-14 23:59:56.538292,2025-04-15 00:00:17.024164,0 days 00:00:20.485872,0.13188692394435692,0.45476197323605405,8,0.18971232145768016,0.03365103200028864,0.07405997394047692,0.025616773964912964,0.011472015817777237,0.09611127463324926,6.275914746021434e-05,8,58,0.026122451718566742,0.059790947791163535,False,False,False,3.566966837561214e-08,COMPLETE
199,0.18795708417892457,2025-04-15 00:00:17.087556,2025-04-15 00:00:37.687133,0 days 00:00:20.599577,0.171266850802106,0.4570106360098546,8,0.21388804435373238,0.013864545848619188,0.07549998048197304,0.019442138264042785,0.015913407502359093,0.09320065314564305,5.354530081808701e-05,9,49,0.028476853814941302,0.03578063497276506,False,False,False,2.6413386990070303e-08,COMPLETE
200,0.41337298154830937,2025-04-15 00:00:37.750667,2025-04-15 00:00:58.016015,0 days 00:00:20.265348,0.10611378276426042,0.5228854406985157,8,0.20657035429423154,0.02854419222281303,0.07268035880563867,0.021354675839578934,0.009370815085972772,0.09960552571682771,0.00013575066674752432,8,54,0.033982954907291585,0.044740182760536505,False,False,False,2.1958998966172907e-08,COMPLETE
201,0.41476970911026,2025-04-15 00:00:58.080948,2025-04-15 00:01:18.308819,0 days 00:00:20.227871,0.10377151521786784,0.525012397359053,8,0.20581091724449427,0.030973039673917548,0.06980003931983929,0.020946861916907096,0.017555843397707504,0.09956400483614837,0.00013183092947047182,8,54,0.027040646733939362,0.023694665494741217,False,False,False,2.1703785832720924e-08,COMPLETE
202,0.43472381830215456,2025-04-15 00:01:18.373126,2025-04-15 00:01:38.706908,0 days 00:00:20.333782,0.10131044826582028,0.5288086243892133,8,0.20575111615437358,0.0335156181956667,0.06946628011393619,0.020891341655979175,0.0092500092253297,0.09926238517851534,0.00013232408237792654,8,48,0.033996154586692445,0.04629368289224531,False,False,False,2.4780622807639626e-08,COMPLETE
203,0.46727191209793095,2025-04-15 00:01:38.771482,2025-04-15 00:02:00.586826,0 days 00:00:21.815344,0.0690418847177222,0.5743587538290684,8,0.20754510684381605,0.04002070947907163,0.06933781961617615,0.01716330492489946,0.008641403976176333,0.0986105279789337,8.98095066175582e-05,10,45,0.034529021325202164,0.013800712009553786,False,False,False,2.8203475914677866e-08,COMPLETE
204,0.4714033126831055,2025-04-15 00:02:00.651852,2025-04-15 00:02:22.516395,0 days 00:00:21.864543,0.06729213584031887,0.5874601108203878,8,0.20757288165086718,0.038554903887073534,0.06922099126325788,0.01596259662623762,0.007468746818780972,0.09918001389996135,8.800628061031017e-05,10,47,0.03534951607602964,0.011833115510301702,False,False,False,3.2148418082546886e-08,COMPLETE
205,0.18795708417892457,2025-04-15 00:02:22.590786,2025-04-15 00:02:44.073990,0 days 00:00:21.483204,0.0797569394801615,0.5582946646571556,8,0.20796707601598893,0.01835677221961729,0.06867568676797325,0.017385815139600393,0.008891050981392111,0.09950781297814326,7.934711631162743e-05,10,46,0.03718053385189975,0.017862551005887347,False,False,False,4.0059121198259646e-08,COMPLETE
206,0.32158289551734925,2025-04-15 00:02:44.140630,2025-04-15 00:03:06.193232,0 days 00:00:22.052602,0.06759250382351017,0.6098969627991804,8,0.19597561331756053,0.03756329857963417,0.07019903095926218,0.016833947784658392,0.00615141706573559,0.09977760214576437,3.5028543008502404e-05,10,49,0.03383374374061774,0.02597403198311205,False,False,False,3.084573317980458e-08,COMPLETE
207,0.18795708417892457,2025-04-15 00:03:06.259013,2025-04-15 00:03:26.929466,0 days 00:00:20.670453,0.0951771676115011,0.5862161677111505,8,0.20552519774454742,0.029047901918703864,0.06761145255721475,0.020755780220053924,0.012416447000197454,0.09546308603315355,9.382377008288697e-05,9,53,0.03901372524926791,0.00964851591546867,False,False,False,2.5588140827867936e-08,COMPLETE
208,0.4094430923461915,2025-04-15 00:03:26.997879,2025-04-15 00:03:48.007080,0 days 00:00:21.009201,0.07684433546397094,0.5314381233014022,8,0.1939587831577,0.02497818274009918,0.07151953305608287,0.015019702769142971,0.009213621933414887,0.09971704386360897,5.419730162374893e-05,9,43,0.034025465336043725,0.029079898386649976,False,False,False,3.278905667072433e-08,COMPLETE
209,0.4196661949157715,2025-04-15 00:03:48.075151,2025-04-15 00:04:09.240483,0 days 00:00:21.165332,0.06621334735249847,0.5155709781952226,8,0.18565428691106464,0.023585922616337743,0.07028544952089594,0.015018851535205179,0.009025818200769687,0.09994586956966925,0.00012786603227392943,9,40,0.034740128131074306,0.010789250478653745,False,False,False,4.0657528904146725e-08,COMPLETE
210,0.4197070479393006,2025-04-15 00:04:09.309068,2025-04-15 00:04:31.231225,0 days 00:00:21.922157,0.0652891592176541,0.5118136083786787,8,0.19605351108028155,0.037219705114336574,0.0698072299026317,0.014267948360021945,0.0043202319153377074,0.09992473223902268,0.00012962484412575218,10,42,0.034460852655171625,0.007761261468384231,False,False,False,4.9215155286943e-08,COMPLETE
211,0.36841840744018556,2025-04-15 00:04:31.298232,2025-04-15 00:04:53.139497,0 days 00:00:21.841265,0.0607918860246567,0.5207058773019002,8,0.19234724027523514,0.03840851277103116,0.0700338930383694,0.013615288777486578,0.009274243901143824,0.098684644907794,0.0001329777797971179,10,44,0.04516451164162184,0.006742992350287601,False,False,False,4.6583530727325173e-08,COMPLETE
212,0.4516432046890259,2025-04-15 00:04:53.206556,2025-04-15 00:05:14.919369,0 days 00:00:21.712813,0.06758664118455257,0.5428925290146432,8,0.1828552883926674,0.030252589129300955,0.07151282041856515,0.014653982693058214,0.009746839450013308,0.03740811177188748,0.00010342556494663492,10,40,0.034263233861952125,0.011705087131875054,False,False,False,3.794895059247415e-08,COMPLETE
213,0.5283714890480042,2025-04-15 00:05:14.995573,2025-04-15 00:05:36.735850,0 days 00:00:21.740277,0.06884868895032607,0.5193759590633854,8,0.18385856915545726,0.029277431561935102,0.07170584690173255,0.011999329614403774,0.0034508512351182708,0.036545807736782836,5.3921258452939356e-05,10,40,0.03394866682259183,0.014188648805639012,False,False,False,5.2641514146484514e-08,COMPLETE
214,0.4083412528038025,2025-04-15 00:05:36.807006,2025-04-15 00:05:58.881801,0 days 00:00:22.074795,0.03454950121649127,0.5686565545188468,8,0.2004870683662332,0.031372265078981686,0.0693747981319832,0.015010396097562096,0.0051655142297230006,0.02726828012691907,0.0001045420016713751,10,47,0.037939903474929294,0.017412091991473574,False,False,False,6.226894418522731e-08,COMPLETE
215,0.41685901880264287,2025-04-15 00:05:58.949520,2025-04-15 00:06:21.707663,0 days 00:00:22.758143,0.05574213096453271,0.5180424716231573,8,0.19013098101908343,0.04128462454216099,0.06674483618117813,0.013061653797336297,0.004190663303722868,0.09976578634484999,0.0001268966538136318,11,37,0.03339182317555326,0.013062395804099241,False,False,False,5.0817119889824283e-08,COMPLETE
216,0.41625704765319826,2025-04-15 00:06:21.775938,2025-04-15 00:06:44.699872,0 days 00:00:22.923934,0.04858521288003482,0.5298477892892152,8,0.18553473689663913,0.04364807248333285,0.06613809197513976,0.012247505446380832,0.004094039745422768,0.04125230322714707,0.00016272947366793945,11,38,0.0350709883693252,0.012884972221664567,False,False,False,5.4072061111847206e-08,COMPLETE
217,0.41686660051345825,2025-04-15 00:06:44.768631,2025-04-15 00:07:07.338268,0 days 00:00:22.569637,0.055938989282279646,0.5094614474860928,8,0.18240025434028723,0.04651753444633796,0.06637737400822527,0.012873334573959642,0.005330015544731056,0.032733641454294624,0.00018220081986411912,11,38,0.03527074899541864,0.011814548832458647,False,False,False,5.303167118572784e-08,COMPLETE
218,0.3803481459617615,2025-04-15 00:07:07.406483,2025-04-15 00:07:29.929289,0 days 00:00:22.522806,0.05135525900112626,0.5147831739035923,8,0.18373591647625978,0.046914019339601855,0.06715593007909909,0.012331880839096828,0.003892928535902517,0.038549467080346324,0.0001823582319787278,11,37,0.04103112151373296,0.0010708400302375121,False,False,False,4.977220452021687e-08,COMPLETE
219,0.439041554927826,2025-04-15 00:07:29.999404,2025-04-15 00:07:52.588741,0 days 00:00:22.589337,0.02927438145797447,0.548730885696566,8,0.18159126841205125,0.04239298236858827,0.0662841843340978,0.011349473612088204,0.0034070772840323806,0.030966102272270778,0.00015492789435761405,11,40,0.035554283520462485,0.013950925321322782,False,False,False,5.579881078714783e-08,COMPLETE
220,0.17227994799613955,2025-04-15 00:07:52.667566,2025-04-15 00:08:12.703538,0 days 00:00:20.035972,0.037376871228601304,0.5498683008210802,8,0.18132084847069657,0.044814219970338125,0.06538541075276247,0.01204972710746874,0.00324229064857047,0.04196052338558237,0.00015438099980512784,11,41,0.03491998434826702,0.008363119739406634,False,False,True,5.492327773314824e-08,COMPLETE
221,0.4419952630996704,2025-04-15 00:08:12.776016,2025-04-15 00:08:35.276238,0 days 00:00:22.500222,0.015540965479079828,0.5849954417570393,8,0.1892773823783968,0.04090733553640441,0.06701535863139407,0.012755038378701284,0.007885987307845808,0.03352353546567188,0.0001824777985435877,11,38,0.032729517862006584,0.015687547857884197,False,False,False,8.362080717035121e-08,COMPLETE
222,0.4292875647544861,2025-04-15 00:08:35.347563,2025-04-15 00:08:58.104877,0 days 00:00:22.757314,0.018713254740220696,0.5923712912201339,8,0.17510660217733304,0.04352723397832076,0.066612548199361,0.011733356823292648,0.00735829184858196,0.03320556508626114,0.00020650401203571773,11,40,0.03287735350621476,0.012804682929602277,False,False,False,8.056382043003547e-08,COMPLETE
223,0.40364346504211424,2025-04-15 00:08:58.175635,2025-04-15 00:09:21.753293,0 days 00:00:23.577658,0.015633439433204114,0.5895594366228253,8,0.17609448530896527,0.04356328521795932,0.06648511688036103,0.011713737452789814,0.001455396732770281,0.03125000319620016,0.00019508471072378431,12,39,0.03295027566203444,0.012110548810244127,False,False,False,8.727318937196647e-08,COMPLETE
224,0.43297659158706664,2025-04-15 00:09:21.823409,2025-04-15 00:09:44.468561,0 days 00:00:22.645152,0.015901656234024203,0.6351546262427658,8,0.186489685743726,0.044028485537601116,0.06811593944960968,0.00942660459458363,0.007202513422861868,0.03208260187158407,0.00021044404688892005,11,33,0.03581082367596487,0.013812125987203293,False,False,False,7.449155222568226e-08,COMPLETE
