number,value,datetime_start,datetime_complete,duration,params_alpha-eval,params_alpha-train,params_batch-size,params_eps-eval,params_eps-train,params_lambda-actions-eval,params_lambda-actions-train,params_lambda-frames-eval,params_lambda-frames-train,params_learning-rate,params_n-epochs,params_n-frames,params_radius-gw,params_rho,params_std-feats,params_ub-actions,params_ub-frames,params_weight-decay,state
1011,0.3815450251102448,2025-04-15 04:54:45.330202,2025-04-15 04:55:06.656201,0 days 00:00:21.325999,0.7378224643987441,0.4471707873188261,8,0.019746382845574374,0.017594396032539785,0.039889268886991174,0.07273675634444382,0.037470279353905345,0.09045483169347249,0.00036941553776112507,12,31,0.016009037394145827,0.1805633904060765,True,True,True,9.268882012479073e-08,COMPLETE
1012,0.18795708417892457,2025-04-15 04:55:06.984127,2025-04-15 04:55:55.863180,0 days 00:00:48.879053,0.716862823532318,0.5029215273550323,2,0.013371244962522405,0.011791091221539093,0.03620915167254999,0.07704237788784735,0.034726557592600814,0.08590290235890559,0.0003159887242699752,12,27,0.011245985963100887,0.02665947051660139,True,True,True,8.187677740075699e-08,COMPLETE
1013,0.35592030286788945,2025-04-15 04:55:56.197477,2025-04-15 04:56:17.638112,0 days 00:00:21.440635,0.6570925663860563,0.47626530319021865,8,0.0021935454420138664,0.01826969592183174,0.038045211119098615,0.07145445056998229,0.03197783779626422,0.09284167018268956,0.00024254102599906201,12,33,0.014385887876466096,0.008593672158589548,True,True,True,1.3769281471752132e-07,COMPLETE
1014,0.5734312176704407,2025-04-15 04:56:17.951176,2025-04-15 04:56:39.335468,0 days 00:00:21.384292,0.7368025143831024,0.4629586579026686,8,0.022345357570238776,0.01272687579406567,0.03537022109193788,0.07483368585785802,0.03367392941583615,0.08931454184252426,0.00040283736122861605,12,29,0.01778814302504674,0.016362165919103534,True,True,True,1.0626193691621243e-07,COMPLETE
1015,0.482225501537323,2025-04-15 04:56:39.663606,2025-04-15 04:57:00.374008,0 days 00:00:20.710402,0.7357304686905798,0.4437347350316294,8,0.02118815911919157,0.027065848145227053,0.04046880134618824,0.07518260951817202,0.03337997210356833,0.08808897200403935,0.00042438898560842126,11,35,0.016842538507899466,0.022357327258349012,True,True,True,7.987684989395922e-08,COMPLETE
1016,0.33722074627876286,2025-04-15 04:57:00.703970,2025-04-15 04:57:21.992056,0 days 00:00:21.288086,0.7638321440662118,0.4376118132708603,8,0.015712978539854573,0.021561642705552206,0.03574895515346914,0.07449808413032201,0.03500305566285147,0.09193450715120456,0.0004036602681096024,12,30,0.018143836460867882,0.015478561812392835,True,True,True,1.0485886170460193e-07,COMPLETE
1017,0.4695112586021424,2025-04-15 04:57:22.321365,2025-04-15 04:57:44.625521,0 days 00:00:22.304156,0.7530252757233004,0.46479057459340256,8,0.025124901479061677,0.014444672584164028,0.0383050959023184,0.07813085048444879,0.030896720402759568,0.08809906337650181,0.0004774083530946,13,33,0.015518737123102498,0.008111691608879763,True,True,True,1.0988217051232293e-07,COMPLETE
1018,0.18795708417892457,2025-04-15 04:57:44.963663,2025-04-15 04:58:06.312916,0 days 00:00:21.349253,0.7826298775397207,0.488273261377445,8,0.023883403327821497,0.02144071314612653,0.03625788869935288,0.07194909773620793,0.03646302347017657,0.08773464221128616,0.0003530791972346107,11,97,0.01285118911541395,0.020107792312225356,True,True,True,8.350319249221737e-08,COMPLETE
1019,0.43478329181671144,2025-04-15 04:58:06.645257,2025-04-15 04:58:29.093483,0 days 00:00:22.448226,0.7174373947804458,0.4594517307034953,8,0.007206354688603409,0.012130674068536518,0.040570795761996174,0.07644593366881118,0.032875825295251064,0.09125583814442911,0.0003998832185585898,13,29,0.016972843709110185,0.02651185130652306,True,True,True,1.1208584387593917e-07,COMPLETE
1020,0.18795708417892457,2025-04-15 04:58:29.410019,2025-04-15 04:58:50.423093,0 days 00:00:21.013074,0.690767169112042,0.5079560948930112,8,0.01932447320027708,0.026557814423093955,0.038530670215607576,0.07334214580175083,0.0379884004678288,0.08968947878152189,0.0003122137176269847,12,28,0.018505778327846042,0.008769012808527672,True,True,True,1.3885163116458842e-07,COMPLETE
1021,0.37912588119506835,2025-04-15 04:58:50.748275,2025-04-15 04:59:12.832692,0 days 00:00:22.084417,0.7480640459977681,0.4381479471324102,8,0.02732860187149881,0.018364324696190995,0.03514209412648455,0.07047339391560282,0.03481681428403965,0.08909400314386348,0.0004922448651808855,13,33,0.01494132773278618,0.014870776701611476,True,True,True,7.76805835057199e-08,COMPLETE
1022,0.39990869164466863,2025-04-15 04:59:13.165061,2025-04-15 04:59:34.464147,0 days 00:00:21.299086,0.6759187682709868,0.4838088747440566,8,0.012428740063129329,0.01247137368665537,0.03756765738807721,0.07543337634650531,0.029877453472917658,0.08687430059968848,0.00034435830393698475,12,26,0.011780114168005083,0.028507051532720228,True,True,True,1.1104048863580984e-07,COMPLETE
1023,0.4082198977470398,2025-04-15 04:59:34.796421,2025-04-15 04:59:55.382517,0 days 00:00:20.586096,0.7349886628854394,0.45796454143097853,8,0.03552241854163447,0.03202938558961779,0.03551050923533043,0.07878231465856947,0.03179543059381025,0.0850729513361016,0.0002817673944772898,11,37,0.01654447878213467,0.02060094287837477,True,True,True,1.42059985968461e-07,COMPLETE
1024,0.570145881175995,2025-04-15 04:59:55.715415,2025-04-15 05:00:17.962735,0 days 00:00:22.247320,0.7079500714682739,0.4306015342509441,8,0.018408759036054437,0.016898221516633942,0.014219823081916834,0.06818454896418487,0.03642472174019012,0.09271968674874494,0.0003881920893245474,13,29,0.019042979751088082,0.00921091208683346,True,True,True,9.367091201840424e-08,COMPLETE
1025,0.4760637760162354,2025-04-15 05:00:18.297151,2025-04-15 05:00:39.923421,0 days 00:00:21.626270,0.7159780638225697,0.43729725482388243,8,0.00010220072253449772,0.012088853663471356,0.03936220023511451,0.06767201811404731,0.03746102209294742,0.0930982498892378,0.00047793399776907493,12,32,0.01362275491665352,0.00837544351439453,True,True,True,7.689501478015164e-08,COMPLETE
1026,0.39795656800270085,2025-04-15 05:00:40.260202,2025-04-15 05:01:02.049696,0 days 00:00:21.789494,0.6910406813164298,0.5224681206973601,8,0.016960410352407862,0.010798035623645558,0.011829558563024423,0.07141188315226984,0.03863354398974549,0.09145797793828962,0.0004087141279594053,12,36,0.018178060269851862,0.009298383587553256,True,True,True,1.7927966744147035e-06,COMPLETE
1027,0.34498937129974366,2025-04-15 05:01:02.368238,2025-04-15 05:01:24.782335,0 days 00:00:22.414097,0.7755826915643746,0.47563046107761225,8,0.008958940876259402,0.02154131506878238,0.009320013512620842,0.06841658982921606,0.03600972835067539,0.09019377530478646,0.0004143673407280759,13,31,0.01552362166138177,0.0071420091676887894,True,True,True,1.0138511002886854e-07,COMPLETE
1028,0.37945800423622134,2025-04-15 05:01:25.113437,2025-04-15 05:01:46.784729,0 days 00:00:21.671292,0.7152754497096244,0.4499594848020463,8,0.0187646971968628,0.01569807118994036,0.011478777214737158,0.07373143090715381,0.034215484834403204,0.09293271602924875,0.0004979515383711124,12,39,0.011183415962282277,0.013926233204016524,True,True,True,7.376876201348823e-08,COMPLETE
1029,0.34371384382247927,2025-04-15 05:01:47.117011,2025-04-15 05:02:07.950443,0 days 00:00:20.833432,0.6715575247747265,0.08310664378356258,8,0.023468723062540185,0.010745910546012611,0.04120460209314292,0.07143141429356682,0.03645073253559039,0.09509577492586392,0.0003616953688956372,11,29,0.017097717711357596,0.008386712982249704,True,True,True,8.344146757292137e-08,COMPLETE
1030,0.40686998367309574,2025-04-15 05:02:08.279663,2025-04-15 05:02:30.439085,0 days 00:00:22.159422,0.7091884830950751,0.4357844775876481,8,0.014306400722118303,0.025584621089796533,0.015586554574474845,0.06923504204380673,0.03924572663509899,0.09429536206034701,0.00033576149334841557,13,34,0.01383909871372242,0.014098087008826882,True,True,True,1.116046855313063e-07,COMPLETE
1031,0.3997859835624695,2025-04-15 05:02:30.773493,2025-04-15 05:02:52.875656,0 days 00:00:22.102163,0.7316823080544868,0.4943244639229538,8,0.010206348505695885,0.018007427253076844,0.013618639169900427,0.07350446944720229,0.03493430341904736,0.0885493768632111,0.0004219303040004698,13,30,0.01965123347794457,0.006630912507636323,True,True,True,7.128601759043745e-08,COMPLETE
1032,0.3045668125152588,2025-04-15 05:02:53.213187,2025-04-15 05:03:14.430270,0 days 00:00:21.217083,0.6949154417550798,0.4638459664362593,8,0.028434922193006827,0.010681551642056704,0.037227668678273935,0.07509583164515665,0.033475941677743176,0.08642861026548367,0.06930020136124947,12,32,0.09246472948815085,0.012673843853298904,True,True,True,1.0161293548750678e-07,COMPLETE
1033,0.4229122042655945,2025-04-15 05:03:14.765698,2025-04-15 05:04:06.678698,0 days 00:00:51.913000,0.6577095470338283,0.42817591074981043,2,0.021959822953862507,0.017232581109984182,0.03522105252478657,0.07044391995772954,0.037541834460589195,0.09101215152055131,0.000526850766855671,13,28,0.018888493454001593,0.006680009332926338,True,True,True,1.2956397084544588e-07,COMPLETE
1034,0.5384150862693786,2025-04-15 05:04:06.997366,2025-04-15 05:04:28.600418,0 days 00:00:21.603052,0.6701749663040298,0.47916000427333316,8,0.01683540857208252,0.010477313328452451,0.015615231405565023,0.0727407553468095,0.03580110186594542,0.08946275376707898,0.0003165868405196352,12,35,0.010105246277064599,0.0156386943610373,True,True,True,9.244489098599969e-08,COMPLETE
1035,0.18795708417892457,2025-04-15 05:04:28.932588,2025-04-15 05:04:50.140945,0 days 00:00:21.208357,0.7431219180987926,0.45144648865423204,8,0.004677556937914044,0.09482907163465956,0.03454743284460706,0.06645505741884686,0.03949282999477215,0.08438892704565047,0.0004077086070687569,12,27,0.016113517750791635,0.0072900329049133995,True,True,True,8.920233876534491e-08,COMPLETE
1036,0.49077546596527105,2025-04-15 05:04:50.475316,2025-04-15 05:05:11.356017,0 days 00:00:20.880701,0.6398028873401558,0.5090145660652055,8,0.02784301615744804,0.023038557289292834,0.01313223029383839,0.07627736606982749,0.03321458849770969,0.0875785982590172,0.00030018843847777395,11,30,0.013553425935808324,0.016765047222184252,True,True,True,1.2828206865962915e-07,COMPLETE
1037,0.3683425664901734,2025-04-15 05:05:11.690305,2025-04-15 05:05:33.666515,0 days 00:00:21.976210,0.7001523222858564,0.4625429519860394,8,0.020617819115180444,0.03521220679787285,0.04093551182097975,0.07470609764980538,0.03612006203615348,0.0851473689516108,0.000372407995891314,13,31,0.01738989321534203,0.011568670173474484,True,True,True,1.4750918986111627e-07,COMPLETE
1038,0.4483261704444885,2025-04-15 05:05:34.005798,2025-04-15 05:05:55.978004,0 days 00:00:21.972206,0.7639850268763269,0.4287456865231448,8,0.010138869787914395,0.011116767458174574,0.038310052999296976,0.07665450847206871,0.032218273417144956,0.09240281631574156,0.0004729407055566791,13,26,0.019851214856522442,0.01908378589436679,True,True,True,6.592996868438262e-08,COMPLETE
1039,0.18795708417892457,2025-04-15 05:05:56.313178,2025-04-15 05:06:17.490382,0 days 00:00:21.177204,0.6838329224998594,0.4767106490818522,8,0.024469439287624288,0.08226629330278269,0.011203138556961492,0.07256634238691895,0.03449704485310699,0.086141518063298,0.00032956557809332335,12,33,0.014712006827338883,0.0798983489221439,True,True,True,1.1232113648767183e-07,COMPLETE
1040,0.18795708417892457,2025-04-15 05:06:17.830091,2025-04-15 05:06:40.068819,0 days 00:00:22.238728,0.716618784814754,0.4453912785012441,8,0.015025935562000943,0.026152625656393584,0.01484746337438767,0.07756019736255382,0.03806782780102928,0.0897278409439143,0.0002696276923635836,13,27,0.01696594285539361,0.007138835819067926,True,True,True,1.516065926752123e-07,COMPLETE
1041,0.47274932861328123,2025-04-15 05:06:40.390498,2025-04-15 05:07:01.823133,0 days 00:00:21.432635,0.7379165601771772,0.4904793931643036,8,0.028550426285794996,0.016905302459463253,0.013670044697416905,0.06907808164536154,0.03097566436754147,0.08314526658131949,0.0003580770832060997,12,29,0.011050541779906274,0.022242865045434254,True,True,True,9.240687233790435e-08,COMPLETE
1042,0.4737596392631531,2025-04-15 05:07:02.155558,2025-04-15 05:07:22.990912,0 days 00:00:20.835354,0.6619518004941929,0.523972244691714,8,0.018282576616111518,0.009382355508763953,0.03696982442393775,0.07493660954634195,0.033983723430040594,0.08480732799126298,0.0002760538732147231,11,34,0.019525972809601833,0.2204076501570365,True,True,True,1.7302763533250017e-07,COMPLETE
1043,0.5453701734542846,2025-04-15 05:07:23.325321,2025-04-15 05:07:45.591937,0 days 00:00:22.266616,0.700594255591664,0.45953573503738554,8,0.007879907696297005,0.02107311912261925,0.017385460626282843,0.07852962083353149,0.03645538088164542,0.08737940931726737,0.00042095281816254145,13,27,0.012772234296706837,0.01313449453570827,True,True,True,1.2264476739822918e-07,COMPLETE
1044,0.4391163110733033,2025-04-15 05:07:45.924819,2025-04-15 05:08:07.438971,0 days 00:00:21.514152,0.6313496874566208,0.4277992539310282,8,0.031269879739942004,0.01440753093790747,0.03471760860630628,0.07305541343055301,0.032209227784003897,0.08412134354032917,0.0003141629057278459,12,31,0.015358942795481435,0.014609632570663836,True,True,True,1.4390787584949722e-07,COMPLETE
1045,0.3593125581741333,2025-04-15 05:08:07.778000,2025-04-15 05:08:29.923472,0 days 00:00:22.145472,0.6820578293186409,0.4957977746116934,8,0.02306506519809093,0.03017878467809816,0.039010578783563274,0.07024989345363442,0.038121807444715966,0.0799400233436418,0.0032248394672620157,13,37,0.01816766087000351,0.02793825048366513,True,True,True,9.45089629553391e-08,COMPLETE
1046,0.489048194885254,2025-04-15 05:08:30.262711,2025-04-15 05:08:51.624861,0 days 00:00:21.362150,0.6535526173239798,0.45065917179719855,8,0.014467008215497826,0.009984899032714508,0.013921449175840945,0.07658496509355206,0.04161443355618549,0.08771185071605447,0.0002452730359119396,12,26,0.020801737716086767,0.007110680641134433,True,True,True,1.9309885221916035e-07,COMPLETE
1047,0.47250534296035773,2025-04-15 05:08:51.963074,2025-04-15 05:09:12.611083,0 days 00:00:20.648009,0.7276905605714068,0.421361851213127,8,0.022137377806155913,0.01689743704653309,0.03625836460537654,0.0742473064818108,0.0356000586962639,0.0941194375562417,0.00048450758830834536,11,31,0.014896776526433309,0.020327082225115665,True,True,True,1.1824405179980301e-07,COMPLETE
1048,0.38062332272529603,2025-04-15 05:09:12.955402,2025-04-15 05:09:35.032727,0 days 00:00:22.077325,0.6971871079456737,0.4742682420603361,8,0.03065803974297869,0.01026238026240071,0.03337519673472558,0.07194519538133798,0.0393191732259897,0.08153614405692149,0.00037286184516716845,13,27,0.016931050941217288,0.28014667658134995,True,True,True,6.795893399093642e-08,COMPLETE
1049,0.5402895331382751,2025-04-15 05:09:35.356039,2025-04-15 05:09:58.050903,0 days 00:00:22.694864,0.752089644575743,0.4370274265643483,8,0.011101899070796948,0.022024928709602758,0.0344117041991836,0.07865687440896615,0.033527992575548025,0.08405559258393208,0.00030096652748793685,14,29,0.012366055810404186,0.012464930035286233,True,True,True,1.6520578528612208e-07,COMPLETE
1050,0.4806366801261902,2025-04-15 05:09:58.389557,2025-04-15 05:10:19.924906,0 days 00:00:21.535349,0.7120512202262401,0.4607840975502737,8,0.02037004609373924,0.01733254451806934,0.036885077542878175,0.07597250557924276,0.030988168351825697,0.08200562213146312,0.000540224036361783,12,41,0.009593340310489352,0.007273773200711642,True,True,True,1.346523932164537e-07,COMPLETE
1051,0.18795708417892457,2025-04-15 05:10:20.261101,2025-04-15 05:10:42.235607,0 days 00:00:21.974506,0.6442021092862569,0.5030898405861249,8,0.005818868474413717,0.027190750702627227,0.015921287047197134,0.0743447749338445,0.030151938684037198,0.09031272954010922,0.0002223893312625155,13,35,0.019307180555451057,0.022138973136210265,True,True,True,1.8986504862752875e-07,COMPLETE
1052,0.205594003200531,2025-04-15 05:10:42.577407,2025-04-15 05:11:03.864552,0 days 00:00:21.287145,0.672695783799109,0.41820647745842704,8,0.025633987532467865,0.008921260433788396,0.03895199982584239,0.07747650048904214,0.03593101588627349,0.07888672568079187,0.0003603784202548684,12,54,0.02034156854528027,0.016510830574162354,True,True,True,1.0650258708368786e-07,COMPLETE
1053,0.48621573448181155,2025-04-15 05:11:04.208684,2025-04-15 05:11:24.822315,0 days 00:00:20.613631,0.6955606910835196,0.476440964740876,8,0.017560872817095594,0.01500823402753274,0.03397446154814058,0.044342304802348034,0.03336606174552026,0.0774308044457259,0.00026702438813476883,11,26,0.016541790675920133,0.0063617625999434785,True,True,True,8.0682263430724e-08,COMPLETE
1054,0.36987429261207583,2025-04-15 05:11:25.163881,2025-04-15 05:11:47.670643,0 days 00:00:22.506762,0.728429623954829,0.44120179200405196,8,0.038861330859952685,0.009976611533547522,0.036621564315674704,0.07904523123512415,0.03713622493482076,0.08048086225992816,0.00042328330515813763,14,32,0.013511200759664155,0.027165673792993807,True,True,True,1.4674544256999197e-07,COMPLETE
1055,0.18795708417892457,2025-04-15 05:11:48.013167,2025-04-15 05:12:09.987324,0 days 00:00:21.974157,0.6225887041233398,0.45751112451596343,8,0.032137579849870125,0.02187190420540117,0.03466428879636991,0.07154136869558231,0.03228746100745732,0.08571404584660772,0.022383718850041652,13,29,0.01827848918231484,0.01277363612542173,True,True,True,1.9591927320610827e-07,COMPLETE
1056,0.18795708417892457,2025-04-15 05:12:10.334124,2025-04-15 05:12:59.200436,0 days 00:00:48.866312,0.6778786852872356,0.4843773819453324,2,0.017214049908781125,0.014386732226867625,0.04037326992263712,0.07391717137572519,0.04111097936610053,0.08209028426195376,0.0003056127487796789,12,26,0.015190238074101838,0.018468146954950703,True,True,True,1.1546045917858169e-07,COMPLETE
1057,0.18795708417892457,2025-04-15 05:12:59.526399,2025-04-15 05:13:21.262189,0 days 00:00:21.735790,0.7084868695006616,0.5231533389347746,8,0.011600951589058084,0.10585920802436917,0.032614219552691275,0.07560190701413184,0.03477813565775182,0.0771390226437256,0.00023153506174234368,13,29,0.010665039388828169,0.01242800790867374,True,True,True,8.72546458965852e-08,COMPLETE
1058,0.4242387175559998,2025-04-15 05:13:21.605545,2025-04-15 05:13:43.693916,0 days 00:00:22.088371,0.6514722270444909,0.4362376809139246,8,0.025571751314855822,0.00897922909313558,0.03803574473452289,0.06785583495686778,0.038395979067741635,0.08376962637863639,0.00033763413311958855,13,34,0.02032539335947312,0.023532943315120597,True,True,True,1.5888126930653167e-07,COMPLETE
1059,0.18795708417892457,2025-04-15 05:13:44.035764,2025-04-15 05:14:04.564093,0 days 00:00:20.528329,0.8045026089965908,0.5007064320489635,8,0.0013591095428123964,0.021282742220058954,0.03569963101231735,0.07004338847409626,0.030275158257330327,0.09230930186194368,0.0005336585455850089,11,26,0.01788703594050647,0.008922757359626523,True,True,True,1.2603264261117453e-07,COMPLETE
1060,0.4178812503814698,2025-04-15 05:14:04.908724,2025-04-15 05:14:27.587961,0 days 00:00:22.679237,0.7650429979827532,0.4097835770229556,8,0.033335030843439126,0.031206088015342123,0.03329346182370712,0.07738703268433345,0.03493927130510709,0.07916370423062287,0.0002641066617950598,14,32,0.012347222875410527,0.018143756576250124,True,True,True,2.2512320553981246e-06,COMPLETE
1061,0.3857508063316345,2025-04-15 05:14:27.930915,2025-04-15 05:14:57.285737,0 days 00:00:29.354822,0.7301151286868932,0.4738032834390401,8,0.022385709085542223,0.009061181210984773,0.005966439326901591,0.07970616882138296,0.03227633936834482,0.08095818734180289,0.00037707414789950116,23,38,0.014915535042989913,0.00641595282485494,True,True,True,1.9661695863980284e-07,COMPLETE
1062,0.4105803430080414,2025-04-15 05:14:57.630986,2025-04-15 05:15:19.032298,0 days 00:00:21.401312,0.6724215376298733,0.4542825647904776,8,0.0119245617401424,0.016021834000168562,0.036863571344889386,0.07262710263119408,0.03951789166667246,0.08868041164003794,0.0004361911469377394,12,30,0.018437923127280605,0.02764675980171887,True,True,True,9.716883021168937e-08,COMPLETE
1063,0.5774073958396911,2025-04-15 05:15:19.375200,2025-04-15 05:15:41.696787,0 days 00:00:22.321587,0.6144444947787877,0.42219641513563244,8,0.0294128921976056,0.009503021314357065,0.03194651702577102,0.07577662005414974,0.03672607951058682,0.07491477430803674,0.00030163711859314957,13,29,0.009244922963536245,0.015567130315582753,True,True,True,1.6182697620662008e-07,COMPLETE
1064,0.45751032829284677,2025-04-15 05:15:42.041987,2025-04-15 05:16:04.448388,0 days 00:00:22.406401,0.6379227725636006,0.4108822803320149,8,0.03604503266287138,0.0069548152447992265,0.031709357007239494,0.07397078897766624,0.037488133230122296,0.07534226533329677,0.00032494857191312296,14,26,0.008744856075589846,0.011801749267835768,True,True,True,2.0302541009122234e-07,COMPLETE
1065,0.5797955393791199,2025-04-15 05:16:04.794332,2025-04-15 05:16:27.678712,0 days 00:00:22.884380,0.6204857153319672,0.4239071707744532,8,0.030198877411204535,0.009806966682329736,0.03160961832479796,0.0717807397436898,0.029508027379449037,0.07433945921639727,0.00044667030302419946,14,33,0.009030579879216552,0.006275464136719626,True,True,True,1.697294150136399e-07,COMPLETE
1066,0.34553523659706115,2025-04-15 05:16:28.013604,2025-04-15 05:16:50.734435,0 days 00:00:22.720831,0.6152483004059884,0.4048613587446793,8,0.029666921579064386,0.012338617383764683,0.03104448721094919,0.06640603393604688,0.030824899201564667,0.07464504661218074,0.0004592159206470089,14,39,0.008178958734718134,0.0064187655131414875,True,True,True,1.4970278411979935e-07,COMPLETE
