number,value,datetime_start,datetime_complete,duration,params_alpha-eval,params_alpha-train,params_batch-size,params_eps-eval,params_eps-train,params_lambda-actions-eval,params_lambda-actions-train,params_lambda-frames-eval,params_lambda-frames-train,params_learning-rate,params_n-epochs,params_n-frames,params_radius-gw,params_rho,params_std-feats,params_ub-actions,params_ub-frames,params_weight-decay,state
784,0.16953025460243226,2025-04-13 06:43:32.884198,2025-04-13 06:43:52.326602,0 days 00:00:19.442404,0.832284296041099,0.09509280003303898,16,0.0413409048895365,0.010606293554624821,0.038992431988814955,0.08810271121636913,0.01166056173234038,0.05070208263238074,0.00011719297779919614,20,29,0.013155839284777737,0.04961163480787127,False,True,True,0.0004680544332043255,COMPLETE
785,0.39299581050872806,2025-04-13 06:43:52.588612,2025-04-13 06:44:12.397365,0 days 00:00:19.808753,0.7997680452374477,0.06198397941696793,16,0.02728425488985338,0.005551636584587071,0.0395107614621238,0.09026998555698691,0.0067576569357406645,0.03911006281281542,8.568580951966322e-05,21,36,0.010539982960067527,0.08104493438273633,False,True,True,0.00022951829508893523,COMPLETE
786,0.36007620096206666,2025-04-13 06:44:12.647436,2025-04-13 06:44:31.349181,0 days 00:00:18.701745,0.774178046407263,0.12073888414967726,16,0.018060285565526073,0.0163799287610562,0.0456094257340087,0.08451316949908783,0.0066940640839024505,0.043526017931463115,0.00020856474100457636,18,31,0.005835054157069323,0.09540670507324452,False,True,True,0.00029651446294511936,COMPLETE
787,0.39038157463073736,2025-04-13 06:44:31.608964,2025-04-13 06:44:50.162584,0 days 00:00:18.553620,0.7968962517869196,0.08266138300718945,16,0.03198806133327717,0.010099818788123915,0.0381389187701367,0.08675945084261998,0.010792162220470188,0.05386356268603698,0.03479522694122008,17,40,0.008356715646099978,0.08838241417530325,True,True,False,0.00041465697326714955,COMPLETE
788,0.6007296442985535,2025-04-13 06:44:50.410152,2025-04-13 06:45:08.490687,0 days 00:00:18.080535,0.8307465987270141,0.12965283292318386,16,0.02366266788075679,0.005341446784378638,0.031390697973081624,0.0923617942402435,0.0085008164087432,0.0462856124268213,0.00012956170739731305,16,32,0.014952863948714524,0.0781282551956095,False,True,True,0.00022502598543603527,COMPLETE
789,0.1848799526691437,2025-04-13 06:45:08.750705,2025-04-13 06:45:26.553976,0 days 00:00:17.803271,0.8378636531016612,0.1428995600016482,16,0.021726070369562544,0.185611798638324,0.03134923981510425,0.09418688155709577,0.02628730881408702,0.046151302028880126,9.861770737851912e-05,16,33,0.014204177528968883,0.0753229355209864,False,False,True,0.0007436305985706676,COMPLETE
790,0.5990196704864502,2025-04-13 06:45:26.816811,2025-04-13 06:45:45.157163,0 days 00:00:18.340352,0.8646419756396719,0.12643279562751492,16,0.016386860523480196,0.00014216517417586425,0.036159314718295116,0.09240276356507256,0.05383727208084208,0.0405865662597109,0.00011587476077215597,17,36,0.015208149596420244,0.07014735143668052,False,True,True,0.00022767897712994636,COMPLETE
791,0.18795708417892457,2025-04-13 06:45:45.405579,2025-04-13 06:46:03.473915,0 days 00:00:18.068336,0.8790292132641031,0.12659480777416698,16,0.1620148902534874,0.0055142788704401376,0.0355562185712989,0.09198805259438436,0.04084308751477422,0.038920098841376025,7.819489078272641e-05,17,37,0.0029893518871594617,0.07077851291567662,False,True,True,0.0002571885881842873,COMPLETE
792,0.4343900680541993,2025-04-13 06:46:03.737926,2025-04-13 06:46:22.530388,0 days 00:00:18.792462,0.8645564172197826,0.10523166598241246,16,0.013847664776932132,0.0005219626271531722,0.034479011349804384,0.09443276506031709,0.06387149651892986,0.04140029199972018,9.767823184093918e-05,17,41,0.012024516668470838,0.09505711858437726,False,True,True,0.0003266235124403975,COMPLETE
793,0.5498268246650696,2025-04-13 06:46:22.793339,2025-04-13 06:46:41.849176,0 days 00:00:19.055837,0.8906871265806393,0.10176008822080783,16,0.015941531120737693,0.005447184961057257,0.03322513100062868,0.09250418992702177,0.06036711735447563,0.04075136545750072,0.00011564062027356012,18,36,0.006823378966273684,0.08134710122583758,False,True,True,0.00023605385888765955,COMPLETE
794,0.3183993697166443,2025-04-13 06:46:42.098518,2025-04-13 06:47:00.402479,0 days 00:00:18.303961,0.8555790963587511,0.124566498301835,16,0.024485503188347135,0.015364504012341889,0.040140700955428946,0.0955860785381389,0.04605814727778988,0.0394150683147657,6.856410810565193e-05,17,38,0.004385931952755701,0.05490185024544288,False,True,True,0.00037057574578802654,COMPLETE
795,0.17943390607833865,2025-04-13 06:47:00.665266,2025-04-13 06:47:18.371332,0 days 00:00:17.706066,0.8841202025588316,0.07597135188092345,16,0.026888388378489354,0.010248574953895445,0.029205967990881845,0.091642438017289,0.03299418448304432,0.04228675685618469,8.547034184657516e-05,16,32,0.009832624053901715,0.1151057306341031,False,True,True,0.00020669231067384778,COMPLETE
796,0.3721268773078919,2025-04-13 06:47:18.638948,2025-04-13 06:47:36.950941,0 days 00:00:18.311993,0.8647118144466669,0.09287273314696054,16,0.016691528806622807,0.01772711763544976,0.04263128255970912,0.09012154492206946,0.09463785185529958,0.04343714812036043,0.00012636063699624018,17,33,0.015178010681196506,0.06369981375597535,False,True,True,0.0002862995850824279,COMPLETE
797,0.4264231085777283,2025-04-13 06:47:37.202051,2025-04-13 06:47:56.061501,0 days 00:00:18.859450,0.8403882465985589,0.12383563272321672,16,0.007958293612733782,0.005284564245143579,0.03283626281624205,0.09352385529551197,0.0555391731661156,0.03865115980942131,0.00010739113516218918,18,34,0.0028481132610938585,0.06842477825984389,False,True,True,0.0002273118207965888,COMPLETE
798,0.49524405002593996,2025-04-13 06:47:56.327273,2025-04-13 06:48:15.941084,0 days 00:00:19.613811,0.8550004537931267,0.05647401388025709,16,0.022578662317604047,0.0005749057779712751,0.0394639960661923,0.08886422489601341,0.01955873140726631,0.04080354017982667,0.0001267161297840601,20,43,0.00821264505716599,0.07629638317331353,False,True,True,0.00058337528225123,COMPLETE
799,0.18409821391105652,2025-04-13 06:48:16.207185,2025-04-13 06:48:33.885740,0 days 00:00:17.678555,0.8737746452396181,0.13897195972010165,16,0.030360121303522766,0.010656093106637097,0.03634467737569283,0.09140487890632291,0.05298156845798136,0.04446429586184113,9.529586276366882e-05,16,29,0.006024283233822788,0.08144586843072703,False,True,True,0.00032051132315403716,COMPLETE
800,0.5929182291030884,2025-04-13 06:48:34.138019,2025-04-13 06:48:52.374438,0 days 00:00:18.236419,0.8295007217279958,0.10379228208093852,16,0.016419023451085285,0.017877181123056245,0.03692799057381381,0.0929147273272023,0.00903116467174705,0.04237787373160345,0.00014071103538072655,16,36,0.012264975501153446,0.06937850919491884,False,True,True,0.00020050283628906496,COMPLETE
801,0.18795708417892457,2025-04-13 06:48:52.642281,2025-04-13 06:49:12.984489,0 days 00:00:20.342208,0.8330056245612304,0.08589298932445175,16,0.02592105329749133,0.2599783192442448,0.04088782529184018,0.09509894455984373,0.013760662484635429,0.06779908120558462,0.00011452845640472643,23,40,0.010496785193406256,0.06479778118685628,False,True,True,1.2580902008884686e-06,COMPLETE
802,0.19355276823043827,2025-04-13 06:49:13.251102,2025-04-13 06:49:31.012669,0 days 00:00:17.761567,0.8268733775710068,0.10485362274762906,16,0.03560316740757061,0.020552169689020967,0.03576022154355681,0.09324603514614464,0.06822730018404448,0.045162245389323674,8.226515252574137e-05,16,37,0.008117283369250106,0.0737845023562537,False,True,True,0.0004386428481018578,COMPLETE
803,0.18795708417892457,2025-04-13 06:49:31.265962,2025-04-13 06:49:51.168591,0 days 00:00:19.902629,0.8493753979014592,0.07255259279183174,16,0.22191818931312124,0.01927930674713277,0.036763088714471905,0.09229164591625368,0.08075482958517302,0.042275272017977164,0.0001335564209117138,22,44,0.005224911827801271,0.06768874830475016,False,True,True,8.122444024237108e-07,COMPLETE
804,0.4289481282234192,2025-04-13 06:49:51.436740,2025-04-13 06:50:09.381840,0 days 00:00:17.945100,0.8240197125723564,0.052805109674164886,16,0.01951031771960729,0.020269051591286287,0.03417584206383021,0.09533928855931835,0.04481940108089022,0.04078592805868592,0.00010839588579492873,16,37,0.002642284683393904,0.0737701538674732,False,True,True,0.0002745944006500669,COMPLETE
805,0.18795708417892457,2025-04-13 06:50:09.637350,2025-04-13 06:50:27.765383,0 days 00:00:18.128033,0.9054832965804397,0.09370581834253867,16,0.03032683937920947,0.17441648515956154,0.0322775211539297,0.09058936810604505,0.012109965042219293,0.038207434881988286,0.00013859095145647634,17,39,0.011853414907737454,0.0552337124873921,False,True,True,0.00018541031413779531,COMPLETE
806,0.48457728624343877,2025-04-13 06:50:28.031715,2025-04-13 06:50:45.951324,0 days 00:00:17.919609,0.8552307949722476,0.1125438209346604,16,0.023202384624203376,0.015649182398197452,0.03251480826354931,0.09324807442319025,0.010622553030703943,0.04866488218650285,0.00010102962487537739,16,33,0.009275662348394147,0.06401290916476654,False,True,False,0.0002548849754083465,COMPLETE
807,0.5825153470039368,2025-04-13 06:50:46.217646,2025-04-13 06:51:04.736511,0 days 00:00:18.518865,0.8328935305325466,0.07551893693977761,16,0.012259435597640875,0.014506749736568701,0.03646724255176887,0.09568351917798099,0.012521224578427543,0.04514656070955683,0.00016273180774283168,17,35,0.007038978980840187,0.07982232978224713,False,True,True,0.0003542449532608535,COMPLETE
808,0.32196885347366333,2025-04-13 06:51:04.991960,2025-04-13 06:51:24.264053,0 days 00:00:19.272093,0.8812962769654442,0.06746386462033224,16,0.006405354052188686,0.026464758798423534,0.03735387834619394,0.09632053100987269,0.01594724275882441,0.043735507776988765,0.00016510126461159643,18,42,0.00103177179668583,0.08473115870526736,True,False,True,4.7791014261154993e-08,COMPLETE
809,0.39546040296554563,2025-04-13 06:51:24.531482,2025-04-13 06:51:43.168193,0 days 00:00:18.636711,0.8421243594189477,0.05080319673797997,16,0.01007856633196091,0.021356383161097385,0.040771874954310554,0.0963113220277048,0.05105374944754734,0.07247750219086119,0.00016268024528724544,17,46,0.004226092674638831,0.07730596239036808,False,True,True,0.0005247802066884284,COMPLETE
810,0.4456828951835633,2025-04-13 06:51:43.434937,2025-04-13 06:52:02.134840,0 days 00:00:18.699903,0.8287531963355655,0.1067388525219295,16,0.01423389093416187,0.015596194326141757,0.03737352244702413,0.09410835977603645,0.08269112518402522,0.04211835895642247,0.00018529029612038313,17,38,0.006233948874294612,0.08014980908257094,False,True,True,0.00042345276843196156,COMPLETE
811,0.5574147582054139,2025-04-13 06:52:02.393070,2025-04-13 06:52:21.622161,0 days 00:00:19.229091,0.8601069089902712,0.08969081515973272,16,0.007918707531760221,0.022445248424111358,0.03673140769575407,0.09529620768186255,0.012211464819771853,0.04532196571903784,0.0001413377344263879,19,36,0.004681452513390798,0.07086330402156639,False,True,True,0.0003584438037496267,COMPLETE
812,0.439613151550293,2025-04-13 06:52:21.887060,2025-04-13 06:52:41.964932,0 days 00:00:20.077872,0.8180523482892194,0.12162884455044058,16,0.011752995321809786,0.015621747731686309,0.03386533334933062,0.09277371610936568,0.013449210556945129,0.06950017036251672,2.8420324445561037e-05,21,34,0.007358215626658271,0.08854478009649745,False,True,True,0.00035660572445671735,COMPLETE
813,0.38908574581146244,2025-04-13 06:52:42.238134,2025-04-13 06:53:00.912556,0 days 00:00:18.674422,0.8475952730401229,0.0641214595421655,16,0.01655476125649627,0.027498081046709782,0.03508602896726453,0.09463984338928944,0.07689288259676919,0.04015909609251729,0.0001659823707355018,18,41,0.010331369476678839,0.07371605568754147,False,True,True,0.0005496817013452388,COMPLETE
814,0.18795708417892457,2025-04-13 06:53:01.173269,2025-04-13 06:53:19.301005,0 days 00:00:18.127736,0.8200914659870592,0.08100096388173794,16,0.017148105081518383,0.2228599706276651,0.0378282453358688,0.0912051221777421,0.012781449971798392,0.063242621942513,0.00012736960730690022,17,35,0.015030226686724223,0.08563073672827505,False,True,True,0.0003096462126600402,COMPLETE
815,0.35414037704467777,2025-04-13 06:53:19.570689,2025-04-13 06:53:38.230961,0 days 00:00:18.660272,0.8700147485599008,0.044245139693769225,16,0.006481008573892572,0.07146380757824838,0.04161834547903625,0.09298096266830984,0.04278877107955905,0.04746381382508191,0.0001400763056904123,18,31,0.0026955291042336195,0.06582411199071989,False,True,True,0.0004004839133783917,COMPLETE
816,0.36260528564453126,2025-04-13 06:53:38.505284,2025-04-13 06:53:57.023160,0 days 00:00:18.517876,0.8383889611161658,0.10293425431858576,16,0.011966540783069746,0.013982607650815455,0.03555196676455758,0.09612436104694783,0.014529765451080862,0.044300153364771264,0.00020353646532950416,17,37,0.0062931574490591655,0.08014638134453582,False,True,True,0.0001500984059552766,COMPLETE
817,0.36621967554092405,2025-04-13 06:53:57.282439,2025-04-13 06:54:15.312863,0 days 00:00:18.030424,0.8118182947617819,0.1327512296901209,16,0.020561329462253426,0.02011603740528384,0.029157561002315136,0.0896496775391319,0.016842370018472805,0.05016266151423216,0.0001740093453419931,16,31,0.012588920315823019,0.09092740894012125,False,True,True,0.000277110928977552,COMPLETE
818,0.5819815874099732,2025-04-13 06:54:15.582683,2025-04-13 06:54:34.003971,0 days 00:00:18.421288,0.8406323021011964,0.0784884729984652,16,0.021107709573096375,0.01173076542759144,0.0322187019988049,0.09142209366661137,0.011212324707765859,0.06086055436753112,0.00011734109402662527,17,33,0.004339494778706103,0.05944593866246029,False,True,True,0.0004804865078946068,COMPLETE
819,0.19224268794059754,2025-04-13 06:54:34.273977,2025-04-13 06:54:52.549677,0 days 00:00:18.275700,0.8867879050534603,0.05531992923640599,16,0.011102027490096807,0.012040466560900052,0.03194296013706657,0.009299359999739715,0.013829428170617409,0.06087175636156323,0.0001163042745539142,17,35,0.003366647104172018,0.05629165606423138,False,True,True,0.0005947447677859321,COMPLETE
820,0.42057408094406135,2025-04-13 06:54:52.807800,2025-04-13 06:55:11.758177,0 days 00:00:18.950377,0.8678363227397617,0.06858739057342791,16,0.016565306395571324,0.020852660114168135,0.029552922046747004,0.09394425134044841,0.01206454203688756,0.061116646406933546,0.00012377576488214467,18,39,0.008456934978768461,0.0622178173255488,False,True,True,0.0007760411872812608,COMPLETE
821,0.5824010252952576,2025-04-13 06:55:12.027149,2025-04-13 06:55:30.474656,0 days 00:00:18.447507,0.846954456304865,0.04278738579182885,16,0.005908295535395416,0.015204996765248268,0.035366087673253936,0.09685365672766476,0.01515755808829064,0.05879747176453558,0.00015404804142334276,17,33,0.010911982390056637,0.049703616602049444,False,True,True,0.0007271556595497981,COMPLETE
822,0.5197684884071351,2025-04-13 06:55:30.745511,2025-04-13 06:55:49.092415,0 days 00:00:18.346904,0.8552725969074815,0.05139031542172293,16,0.01079607614632107,0.029267491779636785,0.033874886911653974,0.09739195560432755,0.01451417900742781,0.05762731905812563,0.0002030214653200772,17,35,0.01554643451696265,0.050403491036807864,False,True,True,0.00046596341037231985,COMPLETE
823,0.38043502569198606,2025-04-13 06:55:49.366673,2025-04-13 06:56:07.954000,0 days 00:00:18.587327,0.8902874622104489,0.03593699923709771,16,0.0055301810616442985,0.02723708997315024,0.031130537702460853,0.09615336260525817,0.016722366967774654,0.05938923783483617,0.00014848051483465287,17,34,0.013069434802758413,0.05291631569082496,False,True,True,0.0006941417710999616,COMPLETE
824,0.33598212003707884,2025-04-13 06:56:08.213302,2025-04-13 06:56:26.936839,0 days 00:00:18.723537,0.8406104255727442,0.04045104522127705,16,0.006054868671300227,0.020426914907832,0.035245621032540524,0.09758415948558379,0.015335894228432935,0.05681084228253307,0.000164423503450317,18,31,0.0107993406829559,0.07418348437265436,False,True,True,0.0008316137434467107,COMPLETE
825,0.3293712854385376,2025-04-13 06:56:27.209200,2025-04-13 06:56:45.493190,0 days 00:00:18.283990,0.8666288450465377,0.04518824579536822,16,0.006749150685778232,0.01618823069080343,0.037351257895066985,0.09484165338620122,0.014742635745874273,0.0620044197183492,0.00018708034011676107,17,40,0.0011026982292066103,0.0476207828340728,False,True,False,0.0007817289585262394,COMPLETE
826,0.5716863751411438,2025-04-13 06:56:45.766346,2025-04-13 06:57:04.120930,0 days 00:00:18.354584,0.8459405591604687,0.07129444258211881,16,0.00751640473747694,0.015327394639470459,0.03487928269617304,0.09685829636848488,0.01547076108275677,0.058678468366329034,0.00015429093648317244,17,33,0.013742430149584765,0.059348536123415764,False,True,True,0.0006322032230797062,COMPLETE
827,0.5205012798309326,2025-04-13 06:57:04.385297,2025-04-13 06:57:23.067773,0 days 00:00:18.682476,0.8896671488548903,0.05764570135141758,16,0.004739113973939002,0.02738228483833095,0.033655930376846215,0.09701700106933148,0.018398056934658083,0.058580810124700726,0.00017065728763810477,17,33,0.015368371447768793,0.059295326103210824,False,True,True,0.0009284078139379596,COMPLETE
828,0.54251708984375,2025-04-13 06:57:23.339666,2025-04-13 06:57:42.614423,0 days 00:00:19.274757,0.8567149499395444,0.03469674609524258,16,0.005422546064706393,0.02176054897472946,0.03242998715354486,0.0975088549069415,0.01696987342270178,0.05770139837986918,0.00020727780977982863,18,37,0.017209882775747618,0.06185515446383683,True,True,True,0.0008365737110750848,COMPLETE
829,0.4722829341888428,2025-04-13 06:57:42.891175,2025-04-13 06:58:01.114083,0 days 00:00:18.222908,0.8778865154008684,0.07274926232179642,16,0.0100378750528563,0.022421346904460585,0.035882610565009285,0.0969287266571749,0.016632671164853036,0.060749147414582795,0.0001124198204552319,17,34,0.01385004415581918,0.057415879227361064,False,False,True,0.0005942831280865542,COMPLETE
830,0.1996094346046448,2025-04-13 06:58:01.376810,2025-04-13 06:58:19.930456,0 days 00:00:18.553646,0.8423289255813206,0.6487241016526486,16,0.01002117603624374,0.017358171532622764,0.030651754349606698,0.09527747288345495,0.019420060229678834,0.06441677575269697,0.00014196280691492722,18,31,0.012154466530181136,0.06668567249203758,False,True,True,0.0006713008701231772,COMPLETE
831,0.33296990394592285,2025-04-13 06:58:20.202336,2025-04-13 06:58:41.387774,0 days 00:00:21.185438,0.9122654291760479,0.053062363267277056,16,0.00369854572858826,0.02451964163535561,0.0378797045788867,0.0942503507571063,0.018687001293405777,0.059208208306807175,0.0001702265289873244,24,37,0.016069230672325446,0.04846638689631754,False,True,True,0.0006031604450738925,COMPLETE
832,0.5441183924674988,2025-04-13 06:58:41.664863,2025-04-13 06:58:59.632336,0 days 00:00:17.967473,0.8548292169173554,0.08187112116767845,16,0.012017667396391762,0.015399756105511751,0.03484781516378114,0.09597234736580268,0.014124217180692965,0.06188681965591612,0.018249737189053768,16,32,0.013397725422740831,0.05795214795579866,False,True,True,0.0006657265088389567,COMPLETE
833,0.42659269571304326,2025-04-13 06:58:59.896496,2025-04-13 06:59:18.339005,0 days 00:00:18.442509,0.8366310802371977,0.03806558250312139,16,0.0068669430321502065,0.015004371074683885,0.039728527600890164,0.09323893839051275,0.02054264202264654,0.06265905870934617,9.83078217831444e-05,17,40,0.010595988880863735,0.06709047890023816,False,True,True,0.0005133380163759852,COMPLETE
834,0.5787518978118897,2025-04-13 06:59:18.612614,2025-04-13 06:59:36.605117,0 days 00:00:17.992503,0.8639409593264289,0.066531108098985,16,0.012720468599626214,0.0286263369695511,0.03432447441018781,0.09775911713820522,0.015136455078656252,0.05867750844679896,0.00012563952609017908,16,35,0.011574456735873508,0.06195744118654679,False,True,True,0.0005371648494391941,COMPLETE
835,0.5455017566680909,2025-04-13 06:59:36.880642,2025-04-13 06:59:54.896216,0 days 00:00:18.015574,0.9100934408469714,0.06488483574085577,16,0.0049694930351485075,0.03097699979532473,0.034631801553037495,0.09796128670034165,0.01671066970736039,0.05584121750941354,0.00011406482441456717,16,35,0.014703142479050309,0.06016361811832197,False,True,True,0.0006994973685332407,COMPLETE
836,0.3369820713996887,2025-04-13 06:59:55.158581,2025-04-13 07:00:13.324397,0 days 00:00:18.165816,0.8761510290073092,0.037994151178944204,16,0.011906519636062818,0.028607493028176074,0.03226745896277783,0.0981357118186397,0.017621281057762957,0.05943256208854012,0.002571964430928014,16,42,0.01679964225447877,0.0632664139136809,False,True,True,0.0005548547848941852,COMPLETE
837,0.5655696272850037,2025-04-13 07:00:13.603441,2025-04-13 07:00:32.213856,0 days 00:00:18.610415,0.8643608811374939,0.06040119501174107,16,0.0057702839036151326,0.02367379649757948,0.02571874047361049,0.09714804741200131,0.01470261809859743,0.05653995632181003,8.219970713327276e-05,17,36,0.012603089855711593,0.05384921452666824,False,True,True,0.0005009579882012662,COMPLETE
838,0.3937861204147339,2025-04-13 07:00:32.493424,2025-04-13 07:00:51.120715,0 days 00:00:18.627291,0.8970861907664508,0.07818979312140355,16,0.01353257951412502,0.029116811760772666,0.030099012366448064,0.09834857609516118,0.021534279236441176,0.05815727780653654,0.00012786410536829457,17,39,0.010345496937219069,0.06767644589778699,False,True,True,0.0009301696032277511,COMPLETE
839,0.5710777401924133,2025-04-13 07:00:51.386663,2025-04-13 07:01:09.557422,0 days 00:00:18.170759,0.872187256382355,0.06380251969157619,16,0.0090767305556049,0.022290761627691925,0.03608140460739306,0.09577258171199025,0.016034021048149882,0.060257493026351854,9.798630403071358e-05,16,33,0.013834265685781727,0.04846673909877579,False,True,True,0.0007838198020282048,COMPLETE
