number,value,datetime_start,datetime_complete,duration,params_alpha-eval,params_alpha-train,params_batch-size,params_eps-eval,params_eps-train,params_lambda-actions-eval,params_lambda-actions-train,params_lambda-frames-eval,params_lambda-frames-train,params_learning-rate,params_n-epochs,params_n-frames,params_radius-gw,params_rho,params_std-feats,params_ub-actions,params_ub-frames,params_weight-decay,state
337,0.4457884788513184,2025-04-15 00:48:43.174153,2025-04-15 00:48:59.841610,0 days 00:00:16.667457,0.10675307961876117,0.7310558873805135,16,0.13089819312317946,0.011241951302267303,0.057283994350355034,0.0011090953756390492,0.00506283711315364,0.01249572386798532,5.6547721794369234e-05,8,29,0.057442920469399174,0.03732822806349731,False,False,False,9.820172756718626e-08,COMPLETE
338,0.1733005404472351,2025-04-15 00:48:59.947001,2025-04-15 00:49:14.493117,0 days 00:00:14.546116,0.07580796374059563,0.6947074937344401,16,0.11447175547975415,0.018296870220351796,0.056273471168257545,0.004164355069089505,0.0012905857433270582,0.0058727268495304755,4.552615586769014e-05,7,23,0.054451649203784105,0.04158451282107282,True,False,True,1.5039958953470383e-07,COMPLETE
339,0.18754243850708008,2025-04-15 00:49:14.598308,2025-04-15 00:49:29.343655,0 days 00:00:14.745347,0.09793839688029883,0.6657548873493468,16,0.12263780517259117,0.021333245131921315,0.059103423371498265,0.0025413725438395334,0.0027006383289281894,0.012261643380549221,6.489679068648556e-05,8,27,0.05774643301619479,0.039721501726695876,False,True,False,8.076077787512946e-08,COMPLETE
340,0.3837455868721008,2025-04-15 00:49:29.449972,2025-04-15 00:49:45.842751,0 days 00:00:16.392779,0.07985904019263144,0.7015326378054197,16,0.1312584415996408,0.006634856818754209,0.05838680502543388,0.004982992785845323,0.004717529363509465,0.01790337610380626,8.03077624468173e-05,8,30,0.0636413643222619,0.053661631802985464,False,False,False,1.7180746263370344e-07,COMPLETE
341,0.41464188098907473,2025-04-15 00:49:45.958794,2025-04-15 00:50:02.100706,0 days 00:00:16.141912,0.10295627850676212,0.6836787084563116,16,0.11596144478502002,0.01335239982975017,0.053157800767893275,0.08148001740504518,0.0027212858966662876,0.014815920718064453,5.542092308331944e-05,7,25,0.05985110045402113,0.041027348175262296,False,False,False,0.0004969959388541861,COMPLETE
342,0.3999608278274536,2025-04-15 00:50:02.206442,2025-04-15 00:50:18.831562,0 days 00:00:16.625120,0.07528971778963395,0.7376228953289774,16,0.12490591462933044,0.024617336775062674,0.05575878396086062,0.0011161285025784195,0.0050584865659008505,0.009620891863194035,4.0264241759430074e-05,8,29,0.05584642786829581,0.04786125188157364,False,False,False,9.310647623593949e-08,COMPLETE
343,0.4242711186408997,2025-04-15 00:50:18.937585,2025-04-15 00:50:35.655008,0 days 00:00:16.717423,0.12157036520493059,0.7086286507763493,16,0.09974666595396961,0.016833911127324873,0.05800608019765062,0.004844417377696133,0.0010877536318890974,0.01660986442087106,6.458798506577642e-05,8,20,0.05404945335865594,0.03694557048819872,False,False,False,1.4463631655853282e-07,COMPLETE
344,0.4688067317008972,2025-04-15 00:50:35.761593,2025-04-15 00:50:51.913631,0 days 00:00:16.152038,0.10128271287935284,0.6762295812095962,16,0.11444869362935577,0.02380294693727131,0.054390795377211504,0.0028194678374702797,0.0049461810278539796,0.013928183867410236,7.889034037094562e-05,7,26,0.0576118043047211,0.04388154277119054,False,False,False,2.234816001055526e-07,COMPLETE
345,0.41798981428146365,2025-04-15 00:50:52.031031,2025-04-15 00:51:08.192659,0 days 00:00:16.161628,0.10294577973857297,0.6734742034278206,16,0.1093370411010972,0.008072237975690273,0.054083668932882314,0.003192715089256019,0.005213658926406472,0.01479288582821603,8.35323794579898e-05,7,26,0.058551901542837174,0.046430190211174206,False,False,False,3.0969509277165417e-07,COMPLETE
346,0.4181056737899781,2025-04-15 00:51:08.301061,2025-04-15 00:51:24.483442,0 days 00:00:16.182381,0.11425027443529005,0.6683913033540267,16,0.11856460668441071,0.02469528757056895,0.05109757934556582,0.002891006831413009,0.005118012620799802,0.010404822765137678,4.7752889316977975e-05,7,24,0.061619764132827645,0.053667202775559746,False,False,False,2.6533581026492243e-07,COMPLETE
347,0.45914481878280644,2025-04-15 00:51:24.589331,2025-04-15 00:51:41.197175,0 days 00:00:16.607844,0.08283347415207853,0.7200020007102206,16,0.13524712512233827,0.016530022912079754,0.055908654870938886,0.0011124795901247327,0.003042422293685094,0.013177112901350199,7.638363750756321e-05,8,29,0.05716501780345483,0.044511618155007114,False,False,False,2.1971089002901734e-07,COMPLETE
348,0.4483719944953919,2025-04-15 00:51:41.305549,2025-04-15 00:51:57.451543,0 days 00:00:16.145994,0.06992924213428435,0.7743507784775333,16,0.13320457558991458,0.01876713660831635,0.05439887420522199,0.0011327733384390833,0.0032455749131986155,0.013271843377464714,8.501294170650804e-05,7,22,0.05599158911697629,0.0373572364869355,False,False,False,2.1466781811405564e-07,COMPLETE
349,0.25883103609085084,2025-04-15 00:51:57.570115,2025-04-15 00:52:13.603860,0 days 00:00:16.033745,0.07684148838376267,0.7381709996397372,16,0.12889017388241744,0.02552767447147386,0.05882990297876349,0.005026141720934463,0.004786961655223931,0.00438091486673274,3.330982158374281e-05,8,5,0.053764023086351774,0.04938637906112704,False,False,False,1.8370113658297998e-07,COMPLETE
350,0.45011882781982426,2025-04-15 00:52:13.711782,2025-04-15 00:52:30.112577,0 days 00:00:16.400795,0.08670548505597855,0.6849549758653036,16,0.13528603741831755,0.01769634079806968,0.052082136228784624,0.0033189047850770673,0.005980644466994739,0.009938486242850462,7.155740003950859e-05,8,30,0.05930427178259733,0.06375910700794889,False,False,False,6.825316305621929e-08,COMPLETE
351,0.18795708417892457,2025-04-15 00:52:30.220758,2025-04-15 00:52:46.593023,0 days 00:00:16.372265,0.12999423270123636,0.7177425105703951,16,0.11193793871385821,0.0012191322813855819,0.05654246838357146,0.0011560828965292596,0.0029372991811581275,0.017947780057293264,5.4118687097638e-05,9,11,0.06245068325111904,0.043015337394957956,False,False,False,1.509492959881992e-07,COMPLETE
352,0.4676386952400208,2025-04-15 00:52:46.702123,2025-04-15 00:53:02.955686,0 days 00:00:16.253563,0.06682481798450104,0.6572336129349111,16,0.11744427845318373,0.02584102874026174,0.05926451612835526,0.005051339301260784,0.005661763449441925,0.00792622342388932,7.784175669599065e-05,7,26,0.05658446744340298,0.054591453537302916,False,False,False,2.1121986010712612e-05,COMPLETE
353,0.3804739356040955,2025-04-15 00:53:03.075201,2025-04-15 00:53:19.260355,0 days 00:00:16.185154,0.08809481564556468,0.6626757201830191,16,0.10608716345703727,0.1936164620181725,0.050094006554812866,0.058168901619896414,0.0030955944078297484,0.007319835120054575,8.096486501117114e-05,7,18,0.05680063108880627,0.05642117010231553,False,False,False,2.0185815147852208e-07,COMPLETE
354,0.4151659488677979,2025-04-15 00:53:19.370349,2025-04-15 00:53:35.792838,0 days 00:00:16.422489,0.11062080901383832,0.7580134381802928,16,0.12528380261744398,0.010081002616865571,0.05401407021870029,0.005509990449671322,0.004434279950065764,0.011811313222015727,7.391867777251442e-05,7,27,0.0547725160056551,0.05219265781484041,False,False,False,2.1477697354789292e-05,COMPLETE
355,0.467628824710846,2025-04-15 00:53:35.902576,2025-04-15 00:53:52.511667,0 days 00:00:16.609091,0.0897390348043554,0.6897776049505129,16,0.11471653733437948,0.018921441058718406,0.057561095942385364,0.005231045201568738,0.005671267820709069,0.008308182197831927,9.068235839515388e-05,8,24,0.05704839620879753,0.04456885777807945,False,False,False,3.7072878454211953e-07,COMPLETE
356,0.27767931222915654,2025-04-15 00:53:52.620240,2025-04-15 00:54:08.671898,0 days 00:00:16.051658,0.07016102949810553,0.6887632404494303,16,0.1131690289590811,0.026849957734134944,0.05984816112484436,0.0060831409546139754,0.006020372388946833,0.013153584633790202,6.171898293237541e-05,7,14,0.05710927391233425,0.04662608092246804,False,False,False,4.4671725885721224e-07,COMPLETE
357,0.4358497500419617,2025-04-15 00:54:08.790945,2025-04-15 00:54:25.127043,0 days 00:00:16.336098,0.06526490054352338,0.653645234717398,16,0.12919702797955518,0.020163999278214866,0.05670150562279976,0.08464858907672969,0.0010867368374146062,0.020506179115500543,8.902173853095812e-05,8,22,0.05965936159101917,0.05589279840410843,False,False,False,2.9747360036172173e-07,COMPLETE
358,0.1798466503620148,2025-04-15 00:54:25.238380,2025-04-15 00:54:40.374214,0 days 00:00:15.135834,0.08230695360850887,0.6733064933356031,16,0.12131158222906496,0.0206252292128418,0.05838297550801726,0.004776445718181065,0.0059980758043266125,0.005531642316514717,8.708022800597257e-05,8,30,0.0540882687001707,0.06946900698426728,True,False,True,3.731945282160317e-07,COMPLETE
359,0.1946987509727478,2025-04-15 00:54:40.485161,2025-04-15 00:54:55.732044,0 days 00:00:15.246883,0.12132075819484146,0.6985943511520933,16,0.09946324116866304,0.026797664429565327,0.05733857745342417,0.004958490462863435,0.0042294499983436575,0.016839528656324827,5.6234536485609644e-05,9,30,0.05590503074087586,0.04687297138572443,False,True,False,8.762366325681945e-06,COMPLETE
360,0.18795708417892457,2025-04-15 00:54:55.857634,2025-04-15 00:55:12.437600,0 days 00:00:16.579966,0.06043681136674629,0.6624776989840679,16,0.13712643810574468,0.012996718376136092,0.05976800805739669,0.002692037756082367,0.00614874570749423,0.05364886960733019,4.400710858185184e-05,9,26,0.05962090746759926,0.03681471240622103,False,False,False,1.9509355868511704e-07,COMPLETE
361,0.18795708417892457,2025-04-15 00:55:12.549376,2025-04-15 00:55:28.191069,0 days 00:00:15.641693,0.08970628634087094,0.6793460456384249,16,0.11267302054925744,0.005250224281551414,0.055572203450589386,0.0029427978677332776,0.0028217678605901423,0.009701590527984267,7.297627810299583e-05,7,23,0.0579583261755944,0.05431404100152473,False,False,False,7.94421333680266e-05,COMPLETE
362,0.46649855375289917,2025-04-15 00:55:28.305388,2025-04-15 00:55:44.821709,0 days 00:00:16.516321,0.0665926833947213,0.715266040487627,16,0.12605054515206232,0.020860682787990494,0.05793210138142553,0.0056702624285543835,0.0043921020684622065,0.01152072353556092,9.16428424253659e-05,8,28,0.05286868904256533,0.04497322318678338,False,False,False,0.00015923958818738496,COMPLETE
363,0.4276668667793274,2025-04-15 00:55:44.933954,2025-04-15 00:56:01.374835,0 days 00:00:16.440881,0.10859375966799299,0.7154545329456349,16,0.1268575868068211,0.017355399431146407,0.057617120781041094,0.00543702347838531,0.0010609288557260049,0.01234039567826262,6.166759807403567e-05,8,28,0.05316080402029568,0.06254098149347584,False,False,False,6.749313347231028e-05,COMPLETE
364,0.24961241483688357,2025-04-15 00:56:01.499169,2025-04-15 00:56:17.614336,0 days 00:00:16.115167,0.083666358836573,0.7012925264005991,16,0.13351924256216208,0.14452300773124507,0.05269821007085919,0.0046147913778916,0.003858684084589354,0.015954466174583418,3.8075300718461706e-05,7,17,0.05565230780327233,0.04410651701810243,False,False,False,3.154578688441344e-05,COMPLETE
365,0.46363984346389775,2025-04-15 00:56:17.727749,2025-04-15 00:56:34.469122,0 days 00:00:16.741373,0.14248831066876133,0.6595507082256046,16,0.12272237785846421,0.021905696475491006,0.06029686435211699,0.006141019448965938,0.0054666230847587455,0.01052447668186789,8.581274551233387e-05,8,30,0.05326371678994697,0.03575908657132636,False,False,False,0.0004543591135797104,COMPLETE
366,0.4653242588043213,2025-04-15 00:56:34.581962,2025-04-15 00:56:51.051701,0 days 00:00:16.469739,0.12626162406016136,0.658230159320618,16,0.11948189434348602,0.020376961309242252,0.05997571670996674,0.006015938818776775,0.0028629781944854633,0.008385086696022462,8.439226230661602e-05,8,25,0.052847602485482495,0.03705048825774744,False,False,False,0.00014783860885083383,COMPLETE
367,0.442986273765564,2025-04-15 00:56:51.165808,2025-04-15 00:57:07.773599,0 days 00:00:16.607791,0.14293710827100964,0.6569294696655129,16,0.11976822375311505,0.013018513508667628,0.05955557629240618,0.006169735552749125,0.0010005718660752996,0.010574666309038576,8.153383911633668e-05,8,25,0.05486216308871732,0.03914154987155312,False,False,False,0.00032157734432604145,COMPLETE
368,0.31557784080505374,2025-04-15 00:57:07.897075,2025-04-15 00:57:24.096349,0 days 00:00:16.199274,0.14467734126178797,0.679681955629963,16,0.10613572944489924,0.00796634158177639,0.06076841707155319,0.0031514667433584923,0.0027831513196435657,0.009632596682475274,5.431241617976787e-05,7,21,0.053366947079920096,0.2366458305625845,False,False,False,0.0003239586355130516,COMPLETE
369,0.4482435464859009,2025-04-15 00:57:24.210715,2025-04-15 00:57:40.367922,0 days 00:00:16.157207,0.11919412330623064,0.6502403816099024,16,0.11639649003073661,0.018572082047828332,0.055540968902991324,0.005978211355095617,0.0043092588299832,0.0079092543019359,6.607669215294529e-05,7,27,0.057008007919240794,0.050162273459541586,False,False,False,0.0001378879822227684,COMPLETE
370,0.18795708417892457,2025-04-15 00:57:40.482910,2025-04-15 00:57:56.297523,0 days 00:00:15.814613,0.11990317043719707,0.6902707328192709,16,0.12523117254852612,0.0007362975250124635,0.057316304289433864,0.0011352439789194268,0.0029735536964710565,0.01366033935870748,9.079987363583742e-05,8,24,0.060564213858280334,0.03502451228158967,False,False,False,0.00015699269931757033,COMPLETE
371,0.4248929738998414,2025-04-15 00:57:56.424298,2025-04-15 00:58:12.949847,0 days 00:00:16.525549,0.1345144069085409,0.736417209605787,16,0.13167615443735267,0.017569445882488138,0.06056903595172715,0.003031115826872373,0.006535043508992961,0.00338670930651534,4.776325798549136e-05,8,30,0.05754480884091372,0.042092578996804436,False,False,False,0.0007537473615393598,COMPLETE
372,0.4564566969871521,2025-04-15 00:58:13.065562,2025-04-15 00:58:29.065962,0 days 00:00:16.000400,0.09961208587159115,0.6522032277528238,16,0.12345833641241233,0.022893035930832355,0.05834957387495647,0.004650594583771254,0.004424168092398749,0.01251507968030471,7.386595476029736e-05,7,28,0.05317476760598099,0.047947452919221825,False,False,False,0.0002178807163048349,COMPLETE
373,0.4015257716178894,2025-04-15 00:58:29.181657,2025-04-15 00:58:45.464463,0 days 00:00:16.282806,0.8287397687097022,0.6639673329290344,16,0.1386563094119968,0.025741296430182144,0.05830714546008622,0.00587948526106804,0.004759025805164857,0.01120595079844908,8.230683620305253e-05,7,21,0.05319730288359867,0.03450372270493288,False,False,False,0.00019743476061220532,COMPLETE
374,0.31358798742294314,2025-04-15 00:58:45.579741,2025-04-15 00:59:01.815191,0 days 00:00:16.235450,0.10318339943887644,0.6566924539388969,16,0.12850437886900692,0.012298154047206163,0.06022920420209283,0.004646697635606059,0.0067850689892123926,0.008260322603983452,7.484993642535551e-05,7,19,0.05522764862299707,0.0444567233156525,False,False,False,0.00018578546174810218,COMPLETE
375,0.4578422069549561,2025-04-15 00:59:01.942437,2025-04-15 00:59:18.027158,0 days 00:00:16.084721,0.13070371046352608,0.6470028043791702,16,0.11250271365088224,0.022899920771931082,0.058422002986670926,0.052312378202021836,0.004314222557167945,0.011723394260343798,9.206628593159219e-05,7,26,0.05301767191738664,0.056848222695320985,False,False,False,8.844360559330523e-05,COMPLETE
376,0.445292866230011,2025-04-15 00:59:18.143655,2025-04-15 00:59:34.381702,0 days 00:00:16.238047,0.14741000941114277,0.6443314202700775,16,0.1079737144023801,0.02620644366419095,0.058845585284414186,0.007369537550532997,0.08619625351145926,0.006050559619789372,8.84757526916685e-05,7,25,0.05268117854358126,0.06018603692293739,False,False,False,0.0002425977718916463,COMPLETE
377,0.46867128610610964,2025-04-15 00:59:34.498083,2025-04-15 00:59:50.606640,0 days 00:00:16.108557,0.11696436809348887,0.6495057785382848,16,0.14295925239645094,0.023691951327725027,0.047030699767717454,0.006555342053051569,0.006583907976584025,0.018626769194174313,9.555249797937893e-05,7,31,0.05459608240542353,0.03795012521283877,False,False,False,3.039355354510379e-06,COMPLETE
378,0.17412108778953556,2025-04-15 00:59:50.721842,2025-04-15 01:00:05.559338,0 days 00:00:14.837496,0.12292558740906248,0.6764391857639309,16,0.14332542997442566,0.028969722844706947,0.050296712769379796,0.0061941552395430345,0.007121551366547788,0.019068448333664764,9.180804125643715e-05,7,25,0.05510397860462766,0.04053190927894491,True,False,True,4.969680765132915e-05,COMPLETE
379,0.42030804157257085,2025-04-15 01:00:05.686263,2025-04-15 01:00:21.993025,0 days 00:00:16.306762,0.15394638002547126,0.6575752237031355,16,0.1352852989414558,0.009757481885615942,0.0461286977121192,0.07027269658131056,0.004991478619906275,0.016348906819822373,7.134677233693244e-05,7,30,0.0538642698676381,0.04545435197266112,False,False,False,0.00045268302552236526,COMPLETE
380,0.1905749261379242,2025-04-15 01:00:22.110088,2025-04-15 01:00:36.389717,0 days 00:00:14.279629,0.11538819323162114,0.6489120040096279,16,0.1225278651118984,0.23296183133897644,0.0031583973878545127,0.05990765152010248,0.09673763088944475,0.014518220329763526,5.308977341676395e-05,7,23,0.05657232268807204,0.058427247854442185,False,True,False,9.820082467413465e-05,COMPLETE
381,0.3800751328468323,2025-04-15 01:00:36.508149,2025-04-15 01:00:53.009304,0 days 00:00:16.501155,0.1340680460085588,0.6814919602333334,16,0.12505784920482774,0.022371005766924718,0.045007130296318816,0.0513629889130829,0.0070730429124458505,0.009161724633266779,0.04891274421098954,8,27,0.053745559840578744,0.03615659870661646,False,False,False,1.3375762142644274e-05,COMPLETE
382,0.408090877532959,2025-04-15 01:00:53.138835,2025-04-15 01:01:09.667041,0 days 00:00:16.528206,0.11058876398727581,0.6486305229461489,16,0.11234990131446723,0.014131886558854181,0.048511840578355836,0.006674886472087269,0.008302655443817714,0.011928260242051247,4.1120960720498265e-05,8,31,0.05764877409524787,0.04227158860369089,False,False,False,0.0003503531429861094,COMPLETE
383,0.4209581255912781,2025-04-15 01:01:09.785225,2025-04-15 01:01:31.811659,0 days 00:00:22.026434,0.7084296729810277,0.6732035833875291,16,0.14257641971315974,0.026884508701116614,0.04691606921832161,0.004499304975312335,0.004512500562899044,0.05016153195181779,3.2458087058428046e-05,21,22,0.055158387546101195,0.05321372609163322,False,False,False,0.00012424174825614046,COMPLETE
384,0.2271816611289978,2025-04-15 01:01:31.929652,2025-04-15 01:01:48.136295,0 days 00:00:16.206643,0.1349543068535422,0.6947682459643095,16,0.13261734627570582,0.0071127485397202185,0.054303668609409876,0.06582332194862292,0.006434107032582293,0.017525609130976318,2.3491494755861147e-05,7,27,0.05278101000009143,0.034733456145067315,False,False,False,1.1362211785008995e-06,COMPLETE
385,0.4660309195518494,2025-04-15 01:01:48.268505,2025-04-15 01:02:04.938835,0 days 00:00:16.670330,0.08952191133150224,0.6534372041040082,16,0.12295470733793051,0.022869399373287233,0.043789432249632304,0.007776101510890061,0.004245277002365962,0.015300309065763757,9.60088713977796e-05,8,30,0.05636652477252172,0.0403599523418311,False,False,False,2.8285065972825454e-06,COMPLETE
386,0.286685585975647,2025-04-15 01:02:05.057132,2025-04-15 01:02:21.319182,0 days 00:00:16.262050,0.09672615899816613,0.6694979930421372,16,0.1213568600292043,0.027882873414722693,0.05234232549960705,0.007811833012203311,0.0035699498715227387,0.0011577997672718495,9.642627107965237e-05,7,15,0.05577632878391793,0.04740254117728741,False,False,False,0.00011477796493194515,COMPLETE
387,0.35331438779830937,2025-04-15 01:02:21.438249,2025-04-15 01:02:38.105597,0 days 00:00:16.667348,0.15928869149003647,0.6975850528635845,16,0.12760129687860433,0.28820522176564367,0.055119172638434466,0.07823368190664484,0.0040548176247847505,0.015156957183687952,7.743074425335566e-05,8,30,0.050698362531193905,0.03937224013384826,False,False,False,3.725841462838175e-06,COMPLETE
388,0.46014171838760376,2025-04-15 01:02:38.226265,2025-04-15 01:02:54.861426,0 days 00:00:16.635161,0.11117290396961572,0.6549495661447134,16,0.1133607778752529,0.022986861306369778,0.043106668249369436,0.0042706636435936715,0.008290544197965176,0.012686030308877789,9.621480731137197e-05,8,23,0.05458110449412769,0.04708787391759105,False,False,False,2.537137801022214e-06,COMPLETE
389,0.35954716205596926,2025-04-15 01:02:54.993192,2025-04-15 01:03:11.615686,0 days 00:00:16.622494,0.12852170038390504,0.6791652493892059,16,0.10593677974312103,0.03030436900508431,0.0389708184796668,0.09068927373883141,0.009097642455025276,0.010122821587957171,0.00010418405713008055,8,19,0.058458913475935154,0.05635371804492975,False,False,False,3.1158518296413744e-06,COMPLETE
390,0.4712731003761292,2025-04-15 01:03:11.737602,2025-04-15 01:03:28.493894,0 days 00:00:16.756292,0.08123046907501547,0.6441373982658057,16,0.11278590084064566,0.021423754268665534,0.04562687489325336,0.007648500796052449,0.007801959631981832,0.0068688609584120815,9.408126700713996e-05,8,24,0.05612291070199534,0.04182023088451118,False,False,False,4.778670751655967e-06,COMPLETE
391,0.2717774868011475,2025-04-15 01:03:28.615091,2025-04-15 01:03:45.019125,0 days 00:00:16.404034,0.07921017524499833,0.7001063287024404,16,0.11384940361362121,0.016041507014228067,0.041359856726975945,0.0065245041682850495,0.008235653264709729,0.00508314497214306,9.098316594007984e-05,8,11,0.05672696009641147,0.039741270431311454,False,False,False,2.5248835499538604e-06,COMPLETE
392,0.4682803750038147,2025-04-15 01:03:45.150644,2025-04-15 01:04:01.686939,0 days 00:00:16.536295,0.05909327552540242,0.638329666023637,16,0.09788796364137399,0.02146263036595419,0.043207811561915235,0.004283579236579073,0.07583975239601685,0.007370767777358371,6.653720677913143e-05,8,24,0.056293990963548285,0.04545450279746201,False,False,False,2.9202524967847963e-05,COMPLETE
