number,value,datetime_start,datetime_complete,duration,params_alpha-eval,params_alpha-train,params_batch-size,params_eps-eval,params_eps-train,params_lambda-actions-eval,params_lambda-actions-train,params_lambda-frames-eval,params_lambda-frames-train,params_learning-rate,params_n-epochs,params_n-frames,params_radius-gw,params_rho,params_std-feats,params_ub-actions,params_ub-frames,params_weight-decay,state
617,0.3707183837890625,2025-04-15 02:18:38.669669,2025-04-15 02:19:00.482933,0 days 00:00:21.813264,0.06111270563146209,0.5445528695320375,8,0.12746128251604044,0.016408426028501052,0.03847465169854471,0.0932988670695614,0.011654041032258968,0.06565216268904779,9.470601803587668e-05,10,13,0.03349903639079986,0.0327265949185389,False,False,False,1.0393769816329468e-07,COMPLETE
618,0.26027716398239137,2025-04-15 02:19:00.688143,2025-04-15 02:19:24.057572,0 days 00:00:23.369429,0.04315441104750491,0.5181313088830792,8,0.14242318008808896,0.24319496495028903,0.04116712124683858,0.09639598424831147,0.013887599567312734,0.059109991046685434,0.00014031747453675927,12,20,0.02893323379318493,0.02836340730367992,False,False,False,1.684498716152359e-07,COMPLETE
619,0.42564532756805423,2025-04-15 02:19:24.255076,2025-04-15 02:19:46.007854,0 days 00:00:21.752778,0.06234654342680809,0.47639056456905454,8,0.13553040764794352,0.010638574820008257,0.03912840130584721,0.09477263394744621,0.06005142654240497,0.056758285429315915,0.0001677719921896544,10,21,0.035514653451295154,0.01530679902180667,False,False,False,1.2627833396798428e-07,COMPLETE
620,0.38866410255432127,2025-04-15 02:19:46.211253,2025-04-15 02:20:07.828350,0 days 00:00:21.617097,0.028989509623428188,0.5567722557285985,8,0.1276109210197953,0.017352791825483726,0.03452561408977072,0.09179871591412583,0.01874348000450847,0.06433045974566928,0.00011477706896255668,10,9,0.03064294969671196,0.024142093986766998,False,False,False,4.810144359812293e-08,COMPLETE
621,0.2591201663017273,2025-04-15 02:20:08.021036,2025-04-15 02:20:30.674338,0 days 00:00:22.653302,0.06385648900760502,0.44647307599384445,8,0.15060115106088567,0.2094271075448674,0.039962405256552494,0.09883014176316822,0.008495236004127835,0.053016242123275305,9.707377744018119e-05,11,21,0.03664519053222284,0.03444703835302531,False,False,False,6.608317627919056e-08,COMPLETE
622,0.4193573474884033,2025-04-15 02:20:30.875574,2025-04-15 02:20:53.555578,0 days 00:00:22.680004,0.04867953310876544,0.49722873496498143,8,0.14356645253053044,0.005307968739642677,0.04182989743997158,0.08725513364557888,0.01004323384993205,0.06086727527229939,0.00011797514873467492,11,17,0.03368241980631588,0.028117042881293946,False,False,False,8.755158070398646e-08,COMPLETE
623,0.18795708417892457,2025-04-15 02:20:53.750579,2025-04-15 02:21:15.173392,0 days 00:00:21.422813,0.01220746251856267,0.5314366988323873,8,0.1326201887412404,0.0002466595766671782,0.044959224409888254,0.09326741396050729,0.015587512209150141,0.06774079732922064,9.01140103876125e-05,10,15,0.03797808759734403,0.019312272951826262,False,False,False,5.39568138628516e-08,COMPLETE
624,0.48244345188140875,2025-04-15 02:21:15.378456,2025-04-15 02:21:37.450444,0 days 00:00:22.071988,0.06673185647212243,0.46716496504473337,8,0.13825685016445194,0.013107171266553537,0.03999278912936166,0.09762692416540479,0.009377576568759776,0.06180192897797022,0.00018205562323057178,10,21,0.03192397829306137,0.0356994446308208,False,False,False,1.369401063058086e-07,COMPLETE
625,0.4831592082977295,2025-04-15 02:21:37.647647,2025-04-15 02:21:59.618522,0 days 00:00:21.970875,0.07160191687283875,0.4621950646038712,8,0.13976406103160288,0.010097639866034097,0.04016843339518497,0.09710034607535079,0.012198284658086322,0.07134528501528119,0.00016842123634814768,10,21,0.028096001811071643,0.03320246973913449,False,False,False,1.7971572523774452e-07,COMPLETE
626,0.47854042053222656,2025-04-15 02:21:59.825424,2025-04-15 02:22:22.783475,0 days 00:00:22.958051,0.07013193756736123,0.4571655370803708,8,0.13689016732115136,0.009569989879984673,0.03938098734312985,0.09878399009000208,0.013365200975160724,0.07487288375859116,0.00019942964035495032,11,22,0.029666087185249056,0.031818548437951184,False,False,False,1.4110359295525927e-07,COMPLETE
627,0.41660890579223636,2025-04-15 02:22:22.979621,2025-04-15 02:22:46.282216,0 days 00:00:23.302595,0.04164945083785842,0.4299022256836239,8,0.13860622769738137,0.006401868976144535,0.039485220599023284,0.09771571901488398,0.014766213694478659,0.07454967703573982,0.00018223973293994317,12,18,0.02592287152183904,0.03177664753110464,False,False,False,1.4871031530600803e-07,COMPLETE
628,0.4759316563606263,2025-04-15 02:22:46.488446,2025-04-15 02:23:10.024498,0 days 00:00:23.536052,0.06518399684386385,0.45682425972916957,8,0.1384247111548509,0.009240156979038943,0.03765728700626398,0.09992952747428158,0.01567608816148382,0.07488929300427945,0.00020517384088002312,12,22,0.027185833556825727,0.027019187511510112,False,False,False,1.7179892883796593e-07,COMPLETE
629,0.4222745776176453,2025-04-15 02:23:10.220804,2025-04-15 02:23:33.448325,0 days 00:00:23.227521,0.02768566833548986,0.45891080976669935,8,0.14134944855734746,0.005154078166154385,0.034241642340117964,0.09768327262048712,0.016423152418087353,0.07434088055233048,0.00026248805851461775,12,22,0.024618655240833665,0.026987892061805456,False,False,False,1.89983559977512e-07,COMPLETE
630,0.18795708417892457,2025-04-15 02:23:33.654852,2025-04-15 02:23:56.521415,0 days 00:00:22.866563,0.052703298035619406,0.4371264183553094,8,0.1375815697084431,0.0005493590376473125,0.03754007092013839,0.09972007577911568,0.01631630992466402,0.07265599025148023,0.00019678166739476403,12,14,0.028265524931913064,0.02398435003929475,False,False,False,1.8719059626433414e-07,COMPLETE
631,0.42267311811447145,2025-04-15 02:23:56.718796,2025-04-15 02:24:20.853639,0 days 00:00:24.134843,0.07008990984378322,0.4662027692770049,8,0.14905569957805426,0.009058637479350751,0.036688190707333056,0.09935962579965486,0.019386303702978315,0.07684388270524442,0.0001830477193812449,13,18,0.02646002822719512,0.030292766800342055,False,False,False,1.6368631488282808e-07,COMPLETE
632,0.2729926943778992,2025-04-15 02:24:21.060984,2025-04-15 02:24:44.476058,0 days 00:00:23.415074,0.026819151192503752,0.45016915840840294,8,0.14256974290841828,0.1395505335024848,0.03980586586528507,0.09702006238063263,0.01293264256602241,0.07516925909021634,0.00024340636068677024,12,22,0.027672119843160845,0.021984166627255095,False,False,False,1.717725594775717e-07,COMPLETE
633,0.4798897624015808,2025-04-15 02:24:44.672266,2025-04-15 02:25:07.559934,0 days 00:00:22.887668,0.04739996922668908,0.46485696301887347,8,0.1358797801858477,0.009610942463365982,0.036573109492353456,0.09943769522732311,0.013910739737500243,0.07048331792914905,0.00018177656911164854,11,21,0.02854819925823497,0.03340151232618889,False,False,False,1.4639295889177552e-07,COMPLETE
634,0.27967659235000614,2025-04-15 02:25:07.769630,2025-04-15 02:25:30.367992,0 days 00:00:22.598362,0.040181678045172385,0.4266201592841059,8,0.1450899177751008,0.16902996978491092,0.03662835137588088,0.09558964397401477,0.017253772701750048,0.06989322223989004,0.0002799808708432608,11,22,0.027002334268998507,0.02703082676844287,False,False,False,2.160142592594982e-07,COMPLETE
635,0.5387113213539123,2025-04-15 02:25:30.565332,2025-04-15 02:25:53.478461,0 days 00:00:22.913129,0.02600589657144025,0.4535117241803855,8,0.1388490979366384,0.006323570798238174,0.034710872271146886,0.09929720488704473,0.013852717102373884,0.06890227137426472,0.00020702666810143447,11,22,0.024642920688232962,0.019612924371702988,True,False,False,1.4227873478916394e-07,COMPLETE
636,0.553999137878418,2025-04-15 02:25:53.689124,2025-04-15 02:26:14.663678,0 days 00:00:20.974554,0.014851568539071203,0.46663787454307504,8,0.13726598769608325,0.00672623768263085,0.034202250306353085,0.09995622787826233,0.014252209538952162,0.07117314664944183,0.0002242118954905781,12,19,0.025027373598496144,0.015521342520688139,True,True,True,1.5375507534332953e-07,COMPLETE
637,0.5543156623840333,2025-04-15 02:26:14.861009,2025-04-15 02:26:36.620334,0 days 00:00:21.759325,0.015263540074730369,0.45913993339470865,8,0.14083610053511983,0.0005921302538700948,0.033199833663895846,0.09797542409878454,0.01836641124048828,0.0709851877090498,0.00025737574589911527,13,21,0.023933453097259645,0.01406133391572727,True,True,True,1.879841024431501e-07,COMPLETE
638,0.5572855472564697,2025-04-15 02:26:36.830627,2025-04-15 02:26:58.569273,0 days 00:00:21.738646,0.013123654683604944,0.4516559803987138,8,0.13664092924590238,0.0017674145384001562,0.02993720255611379,0.09925617946347312,0.017705557077754314,0.07076041875246689,0.00028055456852580415,13,21,0.024111922877898956,0.011499247839755214,True,True,True,2.090604691260432e-07,COMPLETE
639,0.3651685357093811,2025-04-15 02:26:58.770098,2025-04-15 02:27:20.556082,0 days 00:00:21.785984,0.026857848800884716,0.43799869993181434,8,0.1398717019950432,0.00024269218610641075,0.0316959454279155,0.09981134246508713,0.018465453989793934,0.07175991216700058,0.00032189654290519726,13,20,0.024496444784861852,0.014098234003143282,True,True,True,2.5608086860805364e-07,COMPLETE
640,0.38500128984451293,2025-04-15 02:27:20.766467,2025-04-15 02:27:43.109837,0 days 00:00:22.343370,0.019057787682055245,0.46250511525733706,8,0.13354833602416247,0.0007133076557284054,0.0336717908989377,0.09909046340842353,0.017794300129678902,0.0735214730272572,0.00030732754510566203,14,19,0.023181905507184204,0.006750686313979912,True,True,True,1.971923138171916e-07,COMPLETE
641,0.35081862211227416,2025-04-15 02:27:43.306704,2025-04-15 02:28:05.280909,0 days 00:00:21.974205,0.010457936706121291,0.45113741577680955,8,0.1523329947608321,0.0004365563744170046,0.030798229455821273,0.09715265380557533,0.016407291825977346,0.07072328997679303,0.00026410184071747625,13,22,0.025049710585301865,0.009783935159041994,True,True,True,1.8418482452751576e-07,COMPLETE
642,0.529222559928894,2025-04-15 02:28:05.493639,2025-04-15 02:28:27.244183,0 days 00:00:21.750544,0.011317385113179278,0.47330995298554035,8,0.14006462917071769,0.005105056573010552,0.02942015604301229,0.09981410925608346,0.01855688384465974,0.06896909664569376,0.00023409046336918328,13,18,0.023281297289170035,0.013083320646000441,True,True,True,2.536749185109154e-07,COMPLETE
643,0.39255182743072514,2025-04-15 02:28:27.444156,2025-04-15 02:28:49.336691,0 days 00:00:21.892535,0.011320272370952074,0.46455165361003864,8,0.14792152619344393,0.004713455042307125,0.029105746949665154,0.09778612801983784,0.01938210884153006,0.06923148242291317,0.00022571053635813158,13,19,0.02206975021369388,0.009978273620686087,True,True,True,2.4948114540112993e-07,COMPLETE
644,0.5005118012428285,2025-04-15 02:28:49.546623,2025-04-15 02:29:12.023648,0 days 00:00:22.477025,0.010953127331319097,0.42680766092668226,8,0.1312372760228732,0.003646202859923453,0.025945726182988998,0.09506788501377096,0.020693122514908072,0.06916188239040584,0.00038177837329821817,14,17,0.023188198072525763,0.001650681520830928,True,True,True,2.234247110076106e-07,COMPLETE
645,0.4521313071250916,2025-04-15 02:29:12.223048,2025-04-15 02:29:34.464912,0 days 00:00:22.241864,0.010112456247984049,0.42551312290355975,8,0.14296809334794047,0.004455697602027639,0.024612387753849472,0.09993275027743118,0.02043763712493435,0.07062987067063323,0.000378013274432892,14,14,0.021682554239126777,0.0014283797694222026,True,True,True,2.2522025900546952e-07,COMPLETE
646,0.47073819637298586,2025-04-15 02:29:34.676889,2025-04-15 02:29:56.361295,0 days 00:00:21.684406,0.0128515500798159,0.47519100870106995,8,0.1328148455369252,0.0011636056414488245,0.026558903715260217,0.09564164407925663,0.0195290504591218,0.07296477752041275,0.00031196348488094844,13,17,0.02391122062568739,0.007057234324132076,True,True,True,2.984702272572529e-07,COMPLETE
647,0.46713646650314333,2025-04-15 02:29:56.574732,2025-04-15 02:30:18.222427,0 days 00:00:21.647695,0.01854909952092847,0.433237240184724,8,0.1393762794489187,0.0001992251609925907,0.029756774698142332,0.09462362287036376,0.018911760116951924,0.06870509111022709,0.00026029947103299985,13,13,0.02558685634840778,0.004051895010976515,True,True,True,2.1190238214355805e-07,COMPLETE
648,0.4596575975418091,2025-04-15 02:30:18.423906,2025-04-15 02:30:41.146791,0 days 00:00:22.722885,0.010176972497018863,0.41535618202113056,8,0.12698977220538127,0.005683151935506557,0.03222938612525515,0.09661314847247808,0.017140563841747704,0.07084658267176903,0.00031020317504776464,14,17,0.024116689243474203,0.00940879141280483,True,True,True,1.5175352970124347e-07,COMPLETE
649,0.18795708417892457,2025-04-15 02:30:41.363517,2025-04-15 02:31:02.766872,0 days 00:00:21.403355,0.02654071470738139,0.47447368121330347,8,0.1509985787553685,0.005822077733114067,0.0267041154946502,0.09742230607560753,0.0143719387134081,0.06816784827411873,0.0002700025513482678,13,11,0.02315480062297606,0.004139382056284242,True,True,True,2.600014203802862e-07,COMPLETE
650,0.38405213952064515,2025-04-15 02:31:02.968733,2025-04-15 02:31:25.321035,0 days 00:00:22.352302,0.011018266276638477,0.4445137507233658,8,0.14404543494892494,0.005032552045387358,0.03068330154680355,0.09390334772055602,0.0180174938402763,0.07041297191493195,0.0003522215143572089,14,18,0.021235059834344042,0.011612050268994777,True,True,True,1.5013545021129889e-07,COMPLETE
651,0.4291982412338257,2025-04-15 02:31:25.533344,2025-04-15 02:31:47.234801,0 days 00:00:21.701457,0.010921528526650855,0.4780168203952989,8,0.13334215257048151,0.0005582728596671862,0.028570515826595637,0.09799523824624601,0.015978598346309787,0.0723268069488735,0.00024979687695302055,13,15,0.025663406027113093,0.013702925123983562,True,True,True,1.947882413410364e-07,COMPLETE
652,0.38839747905731203,2025-04-15 02:31:47.436782,2025-04-15 02:32:09.161787,0 days 00:00:21.725005,0.010564456811290156,0.4521151913212869,8,0.13726965762103563,0.005813705193268372,0.03259794358543033,0.09592453144310814,0.014313091904421732,0.06773075050638828,0.00023387938861975082,13,19,0.027928133544610635,0.01278004456298916,True,True,True,1.4725509364566725e-07,COMPLETE
653,0.5466649651527404,2025-04-15 02:32:09.378363,2025-04-15 02:32:31.686933,0 days 00:00:22.308570,0.0304743878886663,0.4331940124425078,8,0.12756281004364686,0.007342474625756385,0.032828832450817275,0.09363825596849422,0.022200498923185177,0.06885928859752179,0.00033870378000550397,14,21,0.02462076499234947,0.0025314854239016672,True,True,True,1.8524076640201757e-07,COMPLETE
654,0.4870260000228882,2025-04-15 02:32:31.890461,2025-04-15 02:32:54.278493,0 days 00:00:22.388032,0.029510842991130954,0.42389349090955797,8,0.1255874464634323,0.006140118448139574,0.035034693947832055,0.0931624517935195,0.02078712172721711,0.06891862974254948,0.000461231388842976,14,20,0.023858961041949907,0.00337335229966092,True,True,True,2.878060007985074e-07,COMPLETE
655,0.37702736854553226,2025-04-15 02:32:54.496025,2025-04-15 02:33:17.568799,0 days 00:00:23.072774,0.029192247651592562,0.4170480027513371,8,0.125614748257097,0.005143034029703681,0.0237769451552357,0.09093802962284753,0.022865208740348177,0.06662869989984567,0.00023987123115821346,15,21,0.02332768126144526,0.0025956774817206887,True,True,True,2.822886274327396e-07,COMPLETE
656,0.4343640923500061,2025-04-15 02:33:17.772401,2025-04-15 02:33:40.307279,0 days 00:00:22.534878,0.028511068201423177,0.4393538775092664,8,0.1247968824753903,0.0006527917223400244,0.034609118958679484,0.09237347055624523,0.021463877367554212,0.06865741892142249,0.00037825264890013397,14,16,0.020536621800911314,0.005065492558442775,True,True,True,3.18094250428492e-07,COMPLETE
657,0.18795708417892457,2025-04-15 02:33:40.526568,2025-04-15 02:34:03.449796,0 days 00:00:22.923228,0.028946600644768776,0.3946080704026146,8,0.12841987091547116,0.0063281789015359625,0.0322905758601065,0.09365348063066876,0.020582450517929507,0.06977986375021304,0.0002918111967688659,15,12,0.024387701506889275,0.0018766323884312288,True,True,True,2.2952952676521842e-07,COMPLETE
658,0.532902717590332,2025-04-15 02:34:03.655545,2025-04-15 02:34:26.341338,0 days 00:00:22.685793,0.02883293581434325,0.42633388026040864,8,0.12251970072145889,0.0003432383080065396,0.028301421992105343,0.09040102881311378,0.02418196555589573,0.07187913824478794,0.0005231706746398552,14,21,0.025662273435218486,0.0010397327708803513,True,True,True,2.1278212351845998e-07,COMPLETE
659,0.419127357006073,2025-04-15 02:34:26.558741,2025-04-15 02:34:49.489642,0 days 00:00:22.930901,0.025908241738841938,0.42824065655030064,8,0.12066801798075173,0.0006357421142472877,0.02815265308313396,0.08572993026962643,0.022248466811517476,0.06677526998471832,0.0006246644766084498,15,19,0.01979417919253689,0.0065943390639328255,True,True,True,3.9389627869398955e-07,COMPLETE
660,0.5305525541305542,2025-04-15 02:34:49.694124,2025-04-15 02:35:12.017906,0 days 00:00:22.323782,0.027568946542868372,0.392706875946548,8,0.12609449250251908,0.0006845948481539205,0.029661431120668304,0.08900366979775137,0.024786247532316532,0.07319252116322719,0.00035671020253440477,14,16,0.02564054820748501,0.0026063583652536273,True,True,True,2.7392660433650965e-07,COMPLETE
661,0.18795708417892457,2025-04-15 02:35:12.234925,2025-04-15 02:35:34.229311,0 days 00:00:21.994386,0.01282415316276081,0.4053895475106013,8,0.12344680590214066,0.005135533082510511,0.030310053579986677,0.08809035195892945,0.024332195841401408,0.07279112432121286,0.00037175647980923016,14,9,0.025702477603133742,0.0014835219217845912,True,True,True,2.5373833298180354e-07,COMPLETE
662,0.4544692516326905,2025-04-15 02:35:34.435805,2025-04-15 02:35:56.899697,0 days 00:00:22.463892,0.010465035663916933,0.3901221152559503,8,0.12853996758478553,0.0008600864800002803,0.030596798152063672,0.08954339153397398,0.02523233619575571,0.07218083539396751,0.00042550115816912803,14,13,0.02324017669899378,0.0022393404514328315,True,True,True,3.482252176021225e-07,COMPLETE
663,0.4017866373062134,2025-04-15 02:35:57.116190,2025-04-15 02:36:19.512802,0 days 00:00:22.396612,0.010353946607690352,0.4127667086130774,8,0.12839550851994996,0.005825239687211018,0.02750021975285649,0.08244499428105335,0.023809620709047304,0.06789991736972249,0.00047649133118737234,14,15,0.02183512961902217,0.0010448310836422157,True,True,True,2.816002680637687e-07,COMPLETE
664,0.3808672666549683,2025-04-15 02:36:19.718313,2025-04-15 02:36:42.965820,0 days 00:00:23.247507,0.03360378807591375,0.3861509727552192,8,0.12360041716971017,0.005334287482896331,0.02515420110301991,0.0903421722567895,0.021053845916288463,0.06962226918916431,0.0004940198577922328,15,16,0.025709816035347673,0.008346120604986022,True,True,True,1.9786052064228725e-07,COMPLETE
665,0.49383822679519657,2025-04-15 02:36:43.183160,2025-04-15 02:37:05.518298,0 days 00:00:22.335138,0.027389930290954607,0.43032023905816763,8,0.13007353391534493,0.005665272367105911,0.0290701764444599,0.09084155932129402,0.022129007958784534,0.07353474441624323,0.0002611309500639828,14,18,0.023988871622954898,0.008554136695637364,True,True,True,2.2250437394894334e-07,COMPLETE
666,0.3716054499149323,2025-04-15 02:37:05.736699,2025-04-15 02:37:27.990701,0 days 00:00:22.254002,0.0317541843151761,0.4323555073488207,8,0.1560204894125055,0.0011555092633389556,0.026021971413650362,0.09087331227270329,0.02613250695764037,0.07657024549069154,0.00043375947370682076,14,11,0.02311817258144324,0.007978626804541776,True,True,True,2.2529034702539023e-07,COMPLETE
667,0.3485772728919983,2025-04-15 02:37:28.198488,2025-04-15 02:37:51.857919,0 days 00:00:23.659431,0.02985421902636133,0.4161527861465226,8,0.13185278937295006,0.0009079921183306147,0.029230612435581955,0.08662541916131879,0.023771578698390652,0.07398536142178347,0.0005413500958135685,16,7,0.0206136314752158,0.005680736934790856,True,True,True,3.3470889113651684e-07,COMPLETE
668,0.43197290897369384,2025-04-15 02:37:52.076499,2025-04-15 02:38:14.559663,0 days 00:00:22.483164,0.029566641647786326,0.4376105446055187,8,0.1450542484230829,0.0002051090161896696,0.023093137221192588,0.09211832747473978,0.02173215518047387,0.07226376346814958,0.0003389772845359862,14,16,0.025722180492008844,0.0074689068068619045,True,True,True,2.2161781860490958e-07,COMPLETE
669,0.37327066063880926,2025-04-15 02:38:14.765320,2025-04-15 02:38:37.060428,0 days 00:00:22.295108,0.028638864439709193,0.48545583265865094,8,0.13066270839503563,0.00971743881711921,0.027898417538982936,0.08747037611823111,0.019316029797810955,0.07087865373667716,0.0003725298877987894,14,18,0.024516656225650135,0.009253280903462304,True,True,True,2.920042636604191e-07,COMPLETE
670,0.18795708417892457,2025-04-15 02:38:37.282186,2025-04-15 02:38:59.967109,0 days 00:00:22.684923,0.013136356534827184,0.3933274282363834,8,0.14020735612662005,0.009069352721118418,0.0321787413802318,0.09086729551294327,0.022565906978937723,0.06888258828244051,0.000456315515384531,15,13,0.02207608994780201,0.0012877079707144029,True,True,True,1.9145071765695732e-07,COMPLETE
671,0.48639922142028813,2025-04-15 02:39:00.175375,2025-04-15 02:39:22.805441,0 days 00:00:22.630066,0.03558800419574336,0.4260883692543981,8,0.1313389367409755,0.008836183651106735,0.03366215524186179,0.08409104427330417,0.019653207521838766,0.0784494859464702,0.0003247934102134235,14,18,0.026726892170236112,0.010811722675642836,True,True,True,4.421758995973716e-07,COMPLETE
672,0.18795708417892457,2025-04-15 02:39:23.032049,2025-04-15 02:39:45.771712,0 days 00:00:22.739663,0.034180945611346006,0.44127699285602984,8,0.13133284602420844,0.008831144533840353,0.03350484368167267,0.08394440122515053,0.02115420461069603,0.07767655670067193,0.0003936876275097207,15,13,0.026714740075478177,0.012425679546666827,True,True,True,2.9380776309862327e-07,COMPLETE
