number,value,datetime_start,datetime_complete,duration,params_alpha-eval,params_alpha-train,params_batch-size,params_eps-eval,params_eps-train,params_lambda-actions-eval,params_lambda-actions-train,params_lambda-frames-eval,params_lambda-frames-train,params_learning-rate,params_n-epochs,params_n-frames,params_radius-gw,params_rho,params_std-feats,params_ub-actions,params_ub-frames,params_weight-decay,state
504,0.3211817502975464,2025-04-13 04:59:39.062256,2025-04-13 04:59:57.008321,0 days 00:00:17.946065,0.652623894544997,0.18490010537809282,8,0.05110124834646721,0.00020373471857601869,0.00323778572392159,0.07171828454209844,0.00781270336898423,0.028663044002541434,4.202753486027189e-05,8,8,0.09828652490972023,0.25353534420828966,False,True,True,4.473379214321192e-05,COMPLETE
505,0.42756427526474006,2025-04-13 04:59:57.179948,2025-04-13 05:00:15.025928,0 days 00:00:17.845980,0.686320081748711,0.21699307365551912,8,0.006514280913775632,0.03265680416533084,0.007657076920646516,0.06517239772278215,0.004573300986841226,0.034053208266457344,0.0003613639283248779,7,18,0.024710614202500165,0.21735200023080556,False,True,True,8.711487823744624e-06,COMPLETE
506,0.43596237897872925,2025-04-13 05:00:15.186163,2025-04-13 05:00:33.958305,0 days 00:00:18.772142,0.7926821213341009,0.24489630348630187,8,0.01481196258919981,0.012847648131340894,0.01576694554027636,0.060225734269868735,0.010240475038283698,0.026876764422147762,0.0006240878015871274,9,11,0.09996391335757532,0.2418931480218842,False,True,True,4.184429767308965e-06,COMPLETE
507,0.32178975939750676,2025-04-13 05:00:34.117437,2025-04-13 05:00:53.862900,0 days 00:00:19.745463,0.7490243148894196,0.117047776938521,8,0.0450159172847964,0.03845114896311738,0.009536263483326961,0.06801079349452908,0.0010436965891865982,0.03717958598069794,0.0001743551317972795,10,23,0.021052482890551002,0.22890242114054318,False,True,True,2.1481888137571587e-05,COMPLETE
508,0.3992220163345337,2025-04-13 05:00:54.033194,2025-04-13 05:01:12.932880,0 days 00:00:18.899686,0.7097247437616198,0.15757275047689343,8,0.059197891798346496,0.017752197165088458,0.011878093802244773,0.06383977333164575,0.006213944208705394,0.031639493583673337,0.000516579918076045,9,16,0.09624921009349144,0.20494043397297618,False,True,True,3.292450358557575e-05,COMPLETE
509,0.48297346830368043,2025-04-13 05:01:13.095708,2025-04-13 05:01:32.382229,0 days 00:00:19.286521,0.669685398489033,0.05671643741969084,8,0.0003174147012782331,0.048331428563841,0.006250641338296654,0.07371262586311206,0.012775924074390144,0.03286198129459516,0.00025649071822344914,10,19,0.09044654425426579,0.23419340762970367,False,True,True,1.2286376977658649e-05,COMPLETE
510,0.2898542284965515,2025-04-13 05:01:32.556820,2025-04-13 05:01:50.658417,0 days 00:00:18.101597,0.7319323509096077,0.18413771788933114,8,0.03521260873209078,0.02715275304853233,0.024935751045308735,0.07036673291418308,0.003242316002874293,0.028134814849738784,0.0002941355605737532,8,14,0.09376894231721251,0.2125610818925754,True,True,True,3.493098649439253e-07,COMPLETE
511,0.38946620225906375,2025-04-13 05:01:50.821871,2025-04-13 05:02:10.970574,0 days 00:00:20.148703,0.6991776088665258,0.2648704801097938,8,0.022128905433183885,0.006486306030218974,0.014113640317195579,0.04864332461620862,0.008766618463681118,0.024591853359411123,0.000224478529439049,11,21,0.09818332202239514,0.2001526868697425,False,True,True,5.3357896427729025e-06,COMPLETE
512,0.3640327215194702,2025-04-13 05:02:11.133459,2025-04-13 05:02:29.751694,0 days 00:00:18.618235,0.64169180033601,0.21084376237231964,8,0.06397690521863585,0.011843701180556164,0.008308375388689285,0.06613932998531892,0.005827647898316092,0.034922718886373584,0.0003760899472697248,9,11,0.09586864185329598,0.2484486106804496,False,True,True,1.7264658439346102e-05,COMPLETE
513,0.20420494079589846,2025-04-13 05:02:29.926914,2025-04-13 05:02:48.285036,0 days 00:00:18.358122,0.8266758904533583,0.23695755427900297,8,0.05168763594378611,0.02212821856527592,0.001277310265120928,0.05317223598967647,0.08434709299713986,0.030752430424156593,0.0004777341376865681,8,135,0.02425105901336758,0.20860985284591466,False,True,True,4.362309782432389e-05,COMPLETE
514,0.5425532221794129,2025-04-13 05:02:48.448885,2025-04-13 05:03:07.977062,0 days 00:00:19.528177,0.7519531238983401,0.16762023618293306,8,0.029683863078575665,0.006096888041543406,0.004139774063269998,0.0782811762370602,0.0038916198053872693,0.04423744954570903,0.000337312347686841,10,16,0.01956467356319623,0.22219514916871813,False,True,True,9.283870463103801e-05,COMPLETE
515,0.33778131008148193,2025-04-13 05:03:08.156957,2025-04-13 05:03:28.511606,0 days 00:00:20.354649,0.7677873465505013,0.17435086546211973,8,0.028731062291832615,0.005392029473229574,0.002427584741667316,0.08108485622361945,0.0029169606884407984,0.03981286953116661,0.0002935467623785336,11,25,0.015732992827632068,0.2226527356138538,False,True,True,7.574183970737367e-05,COMPLETE
516,0.3020481586456299,2025-04-13 05:03:28.675390,2025-04-13 05:03:44.253061,0 days 00:00:15.577671,0.7451619606374646,0.20229473462072012,16,0.029712846307143555,0.004875982853340094,0.00469335139315162,0.07879611642164774,0.004455710633258742,0.04617778961997571,0.0003428477166750702,10,20,0.018135869065809326,0.2200451615265523,False,True,True,9.235595372236674e-05,COMPLETE
517,0.5437144756317139,2025-04-13 05:03:44.416054,2025-04-13 05:04:05.377125,0 days 00:00:20.961071,0.7863003568345717,0.16609618654130112,8,0.02179736427494072,0.000327119985163937,0.00389334916464105,0.07791024942499052,0.0031114461157824022,0.049186912349087814,0.00019855224514641443,12,16,0.01997293840705343,0.230979939039112,False,True,True,0.00011894352399413484,COMPLETE
518,0.5647019624710083,2025-04-13 05:04:05.553880,2025-04-13 05:04:26.523526,0 days 00:00:20.969646,0.808244843877395,0.1556519284612527,8,0.020130985194322507,0.0009488531711406528,0.0012666496833535418,0.08267363900999677,0.00583492141775637,0.04721395286849525,0.00015362406402248856,12,17,0.014645705352101225,0.22769157236733562,False,True,True,0.00018446204888530716,COMPLETE
519,0.3190883755683899,2025-04-13 05:04:26.686876,2025-04-13 05:04:47.838143,0 days 00:00:21.151267,0.7936868977855048,0.15136664872508257,8,0.020163338385505814,0.0030885011522273553,0.0011240887638156666,0.08154982833552755,0.004494275277135759,0.05177475846057107,0.00012417897721093903,12,23,0.014547630398425566,0.229453519526217,False,True,True,0.00010190326451794107,COMPLETE
520,0.4122038841247559,2025-04-13 05:04:48.014556,2025-04-13 05:05:08.478923,0 days 00:00:20.464367,0.807260942879545,0.14753107178094346,8,0.02457588893206685,0.0006471633384909746,0.0030710890963817064,0.08306380995826809,0.005894020589868404,0.04800481744906451,0.00012977012609796022,11,18,0.014548790905930335,0.22712311539563396,False,True,True,0.00016596036953371457,COMPLETE
521,0.5721226930618286,2025-04-13 05:05:08.646650,2025-04-13 05:05:29.685371,0 days 00:00:21.038721,0.7899771659346758,0.1596355430162258,8,0.023451804105835004,0.0006463048683531117,0.0013612570540539515,0.086910900344152,0.0042013529720329726,0.044924158352589276,0.00015040236185731606,12,21,0.015296536689409251,0.2242269941086252,False,True,True,0.00013922964108093567,COMPLETE
522,0.5532005310058594,2025-04-13 05:05:29.850682,2025-04-13 05:05:50.668874,0 days 00:00:20.818192,0.7798025287487202,0.13872106976531884,8,0.02561277016481434,0.0015808824384923072,0.0010092340188704906,0.08623358577802565,0.0029183936718551852,0.0452884134104972,0.00013094200099180423,12,17,0.016945559074666883,0.22578664778495589,False,True,True,0.00019909552147197914,COMPLETE
523,0.42118058204650877,2025-04-13 05:05:50.845648,2025-04-13 05:06:11.803047,0 days 00:00:20.957399,0.7807695887564142,0.13210486882919947,8,0.022558662824658477,0.0007655096942447481,0.00108962250781377,0.08111182765421834,0.0038970469333443236,0.04470228486725348,0.00011181445949816373,12,20,0.013267381107822327,0.22511204431687945,False,True,True,0.00020482360026001723,COMPLETE
524,0.5456530094146729,2025-04-13 05:06:11.969668,2025-04-13 05:06:33.052341,0 days 00:00:21.082673,0.80695112724284,0.16344616035806156,8,0.03068882050201341,0.0013519438612133658,0.0012426180611206585,0.08474365005774037,0.0037371594466168207,0.04915423258655905,0.00013967298723250297,12,17,0.011023550679641623,0.22369666226388416,False,True,True,0.0001356727644928618,COMPLETE
525,0.47799283266067505,2025-04-13 05:06:33.230799,2025-04-13 05:06:54.213565,0 days 00:00:20.982766,0.8096607338679054,0.14156870015260506,8,0.02927630121556411,0.002635744798773775,0.002504068186779154,0.08051295924916732,0.0049035049102302075,0.055039612024257015,9.385851526762342e-05,12,27,0.011233102038764847,0.23017135244409898,False,True,True,0.00015268524739099675,COMPLETE
526,0.3068002045154572,2025-04-13 05:06:54.380018,2025-04-13 05:07:15.559728,0 days 00:00:21.179710,0.8172080187822086,0.16261066925202108,8,0.02449163581967942,0.001322955234287355,0.00231418599021233,0.08597045273353487,0.0026385024277586835,0.04985217663953803,0.00014653309925064586,12,24,0.013462646701258695,0.22703098080400408,False,True,True,0.00013110794097750294,COMPLETE
527,0.5141728043556213,2025-04-13 05:07:15.724877,2025-04-13 05:07:37.336920,0 days 00:00:21.612043,0.7800130966676965,0.12954271969879338,8,0.03178130344704751,0.0051897482950502855,0.003979421735403734,0.08436458953151149,0.006322784168928569,0.045172209212378564,0.00014327171215129154,13,18,0.009917205851852958,0.22356170743798756,False,True,True,0.00014124793498246824,COMPLETE
528,0.4727344036102295,2025-04-13 05:07:37.513113,2025-04-13 05:07:58.520462,0 days 00:00:21.007349,0.8005182300987868,0.10979122277014262,8,0.01723748383506653,0.002840831791484557,0.0018590088268778514,0.08682206193728992,0.0038412287831087045,0.04558292087261173,0.00010300890278828625,12,21,0.016061139637644727,0.23522181855136604,False,True,True,0.00019104862663222864,COMPLETE
529,0.3778846263885498,2025-04-13 05:07:58.688179,2025-04-13 05:08:19.700382,0 days 00:00:21.012203,0.7698868744611155,0.16534440156804625,8,0.02546582883701389,0.006812839594833182,0.0022934484745718393,0.08428625530855874,0.004921881690720925,0.0493865950092937,6.760635420649133e-05,12,17,0.011508994178478282,0.2208422950018111,False,True,True,0.00022359098603680165,COMPLETE
530,0.37361735105514526,2025-04-13 05:08:19.879939,2025-04-13 05:08:40.859507,0 days 00:00:20.979568,0.7979968044321818,0.14917100508564393,8,0.019574204559307206,0.006131127399182768,0.0015751385967862352,0.08804338424656263,0.007167885408156381,0.04694351976324507,0.00013273668867363973,12,73,0.016547788181718155,0.22538142674760894,False,True,True,0.00026161249914374564,COMPLETE
531,0.28505019545555116,2025-04-13 05:08:41.027571,2025-04-13 05:09:02.789096,0 days 00:00:21.761525,0.826769138533228,0.13657954351968715,8,0.029905107857856016,0.0019591748965952973,0.0011359589689979009,0.08766592732213699,0.0029259924577595487,0.04849089543952321,0.00010977377596151085,13,20,0.011587537949356626,0.2287220197650299,True,True,True,0.0001675616558718148,COMPLETE
532,0.43397476673126223,2025-04-13 05:09:02.969924,2025-04-13 05:09:24.824773,0 days 00:00:21.854849,0.777774540433855,0.16310271943767118,8,0.033944557627048524,0.006517249765187162,0.0010056141831196602,0.0857650125265817,0.005717299795931071,0.04290489959253492,0.00012323825846670343,13,56,0.007748826950705888,0.2198866639605427,False,True,True,0.00014324467395238858,COMPLETE
533,0.33620175123214724,2025-04-13 05:09:24.993012,2025-04-13 05:09:47.052313,0 days 00:00:22.059301,0.7663106019164212,0.18035559617348576,8,0.018442498523834512,0.0008706191392641579,0.003768703767214169,0.08555696928604663,0.002881830882105391,0.04505492117967347,0.0001614017438676928,13,23,0.013795445672200543,0.23254459046428955,False,True,True,0.00023505710017694757,COMPLETE
534,0.359671950340271,2025-04-13 05:09:47.222904,2025-04-13 05:10:08.118433,0 days 00:00:20.895529,0.8088914040038393,0.09689544314344359,8,0.02289536686244184,0.0004984118002149939,0.0011950947927025345,0.08356642074482874,0.007246869496593216,0.05044149420406374,7.802473070278548e-05,12,17,0.01526577573868289,0.22265031224684523,False,True,True,0.00010810172971357512,COMPLETE
535,0.48220121860504156,2025-04-13 05:10:08.299363,2025-04-13 05:10:29.273136,0 days 00:00:20.973773,0.7595855443319977,0.12322160412350208,8,0.033704362549894146,0.008477310725011011,0.0033324468994401814,0.082450657290679,0.004908326696837457,0.05156556801181951,9.782800289924536e-05,12,20,0.01748591102628316,0.2324303158052038,False,True,True,0.00013832624232132116,COMPLETE
536,0.48937292098999025,2025-04-13 05:10:29.445296,2025-04-13 05:10:50.771518,0 days 00:00:21.326222,0.7945786264135798,0.1708386720344661,8,0.027029747682552695,0.0009236283107436993,0.003928230610961795,0.08894431995182012,0.0027189384970052665,0.05334720367936326,0.00015950971916810526,12,63,0.018841141551551192,0.21715938152572245,False,True,True,0.00010206586140183036,COMPLETE
537,0.4473975896835327,2025-04-13 05:10:50.953501,2025-04-13 05:11:07.805969,0 days 00:00:16.852468,0.7819020617073045,0.14358854601465382,16,0.016866753982566863,0.0082296749664883,0.0033523781545401763,0.08691229051046967,0.007542062005238191,0.047559495140908015,0.0001340678792138727,13,30,0.017453729569503914,0.22709422596479836,False,True,True,0.00023003269563345128,COMPLETE
538,0.331254529953003,2025-04-13 05:11:07.977077,2025-04-13 05:11:29.199295,0 days 00:00:21.222218,0.8426490185235457,0.17331147898688468,8,0.022997912221382994,0.009532950999034725,0.0011527836936911665,0.08702321817532244,0.06145778900330775,0.044367081063392516,0.00016993976509766562,12,26,0.015014626540255302,0.22001842208870873,False,True,True,0.0001221826627027069,COMPLETE
539,0.5648744702339172,2025-04-13 05:11:29.370579,2025-04-13 05:11:50.583423,0 days 00:00:21.212844,0.7549682994627184,0.1481785422597237,8,0.015105938448462234,0.0002141506501173177,0.0039012117921426548,0.08356096347119941,0.0026593692078159983,0.04280363403635093,0.00014679921604796462,12,16,0.012927503252575526,0.23452798910231487,False,True,True,0.00020888262176839949,COMPLETE
540,0.5750721096992493,2025-04-13 05:11:50.765121,2025-04-13 05:12:11.931261,0 days 00:00:21.166140,0.7592350479889814,0.10807815017103622,8,0.033611257864453,0.000586297696658716,0.0036804406260638836,0.09000242749145775,0.005287038644701323,0.04261270048522105,0.00013259600018720107,12,16,0.01194470403568546,0.23518578155927375,False,True,True,0.000290279818283383,COMPLETE
541,0.43281526565551764,2025-04-13 05:12:12.099848,2025-04-13 05:12:33.092297,0 days 00:00:20.992449,0.75855262137901,0.10188248398645393,8,0.03606834490522012,0.0009780736215724917,0.003518181960767988,0.08934168227719841,0.004384078109517914,0.043590323000591874,0.00010421064443819316,12,17,0.0120185778703242,0.23108262643953864,False,True,True,0.00033148205435233917,COMPLETE
542,0.5653603196144105,2025-04-13 05:12:33.276089,2025-04-13 05:12:54.769654,0 days 00:00:21.493565,0.7576407672935446,0.11582791915100926,8,0.030441224588699738,0.007097650486004956,0.0032424498845551857,0.08233691869060406,0.0010598382472040767,0.042531037854190455,0.00012377741676794,13,16,0.008662748852073835,0.22524398507883445,False,True,True,0.00029065181437451797,COMPLETE
543,0.36413143873214726,2025-04-13 05:12:54.941696,2025-04-13 05:13:16.619367,0 days 00:00:21.677671,0.760064788286115,0.08740328079940268,8,0.030070715739442828,0.006206550400997497,0.003213127346918094,0.0837214080452702,0.07801124915194194,0.04153480306353988,9.03973124879654e-05,13,17,0.006699393826364939,0.22548783131092665,False,True,True,0.0002173542312665576,COMPLETE
544,0.5320374965667725,2025-04-13 05:13:16.803612,2025-04-13 05:13:38.510165,0 days 00:00:21.706553,0.7502421372404753,0.11475085625126283,8,0.029707665079644327,0.0056903253297444535,0.003002846692489772,0.08812880287072289,0.002579766282624026,0.04244210602280237,0.00012938294020849023,13,18,0.009056732949531892,0.23408395478480193,False,True,True,0.0003700202842936165,COMPLETE
545,0.3733746409416199,2025-04-13 05:13:38.682754,2025-04-13 05:13:59.752567,0 days 00:00:21.069813,0.7907508910794954,0.0757147373551304,8,0.02632900926280068,0.0003159682850149781,0.001103513807894605,0.08272482958869777,0.0011058836575160446,0.04402639223700418,0.00010221383003409386,12,15,0.008884753340922582,0.22767550410811063,False,True,True,0.0003116483066303383,COMPLETE
546,0.40067617893219,2025-04-13 05:13:59.923747,2025-04-13 05:14:21.110685,0 days 00:00:21.186938,0.7592593716874851,0.1151856714580847,8,0.032595440986986496,0.00011196522801752446,0.0010490391955457444,0.08347675642084507,0.0024132381725475707,0.04618547187952969,0.00011455053734469282,12,19,0.009569746049112442,0.22157307034396131,False,True,True,0.00027526864436612134,COMPLETE
547,0.5684537768363953,2025-04-13 05:14:21.298878,2025-04-13 05:14:43.137266,0 days 00:00:21.838388,0.774250380186624,0.12192820206654038,8,0.03611247421901388,0.010541796920913884,0.0042094070672503425,0.09017974179846651,0.0012129670917786358,0.04219501877259778,0.00014121801697473176,13,22,0.011448127669140213,0.23584672717052949,False,True,True,0.00017772351069755338,COMPLETE
548,0.2890747308731079,2025-04-13 05:14:43.311412,2025-04-13 05:15:05.859394,0 days 00:00:22.547982,0.8118067975416398,0.08168444199164496,8,0.023009456803090442,0.009405882153844244,0.004470042497669227,0.0916650883785164,0.0010841580108470793,0.042171707952625884,7.57515837708995e-05,14,24,0.01394451317479843,0.23263913510830408,False,True,True,0.00017243794181412875,COMPLETE
549,0.18795708417892457,2025-04-13 05:15:06.049052,2025-04-13 05:15:27.378714,0 days 00:00:21.329662,0.7820071996295112,0.11525651569352512,8,0.16280871258356897,0.01068357605807986,0.004550950200052854,0.08904471222472658,0.001291888913960319,0.04301656342667427,0.00013412356195617806,13,22,0.010592338597898081,0.23707501830477098,False,True,True,0.0002773330427866388,COMPLETE
550,0.4723947048187256,2025-04-13 05:15:27.554204,2025-04-13 05:15:49.146938,0 days 00:00:21.592734,0.8234445960634298,0.09696335887740393,8,0.035703795765712955,0.0001798913244392109,0.004278913979417512,0.0853524965624909,0.0010735235002615417,0.046860513688124425,0.00014367657168514562,13,27,0.00425596312541897,0.23541417305822535,False,True,True,0.0001883419904500902,COMPLETE
551,0.3015121042728424,2025-04-13 05:15:49.332186,2025-04-13 05:16:10.339076,0 days 00:00:21.006890,0.7744706326583424,0.13181476064917474,8,0.028270280916141477,0.006169177057947561,0.003493192540501837,0.09097625343848846,0.0031471233164292777,0.04455751944524686,0.00011114576611526737,12,23,0.012330618985406413,0.22936791386637229,False,True,True,0.00016252207394732218,COMPLETE
552,0.36896040439605715,2025-04-13 05:16:10.513595,2025-04-13 05:16:32.314775,0 days 00:00:21.801180,0.8044955013134207,0.1252969303878287,8,0.021243563198698065,0.00034778063579212967,0.0029980323148715692,0.09066094506960665,0.0010330585878228018,0.04912341201230633,0.0001497384928487509,13,21,0.01091485475929893,0.23564897394922948,True,True,True,0.00026112955020987834,COMPLETE
553,0.3199937820434571,2025-04-13 05:16:32.503494,2025-04-13 05:16:53.521152,0 days 00:00:21.017658,0.7902309516104882,0.10555931984717615,8,0.03611097164805513,0.010705246817750888,0.001054215065700964,0.08498957717163623,0.003342663436542212,0.04213346179033862,0.00012926371809985704,12,90,0.012956692770055995,0.22752548598985872,False,True,True,0.0001279874530901819,COMPLETE
554,0.35868231058120725,2025-04-13 05:16:53.697504,2025-04-13 05:17:15.050478,0 days 00:00:21.352974,0.7578975178861725,0.13429467601404596,8,0.027785773200242614,0.010591765043850862,0.004592850003266138,0.08182209252691869,0.004330118417504117,0.045163865488577294,8.825632889267728e-05,12,25,0.008111447882414916,0.22307452487365523,False,True,True,0.00020118076363300088,COMPLETE
555,0.5522465348243714,2025-04-13 05:17:15.226472,2025-04-13 05:17:37.485787,0 days 00:00:22.259315,0.7688814721922925,0.09214676101574265,8,0.017947611060752038,0.0006361949307052278,0.005066975764525838,0.08546019159518332,0.00289847780159993,0.04747335090502588,0.00016471172924461546,14,19,0.012940757216902205,0.2376968818590582,False,True,True,0.00018139877163502886,COMPLETE
556,0.18795708417892457,2025-04-13 05:17:37.670762,2025-04-13 05:17:59.699173,0 days 00:00:22.028411,0.7744621393321219,0.06986356029550336,8,0.20138425570689011,0.007119002710421129,0.004767336943974715,0.08568607817673987,0.002413754541698153,0.04626589835054482,0.00014943494263957907,14,18,0.01033848495403506,0.23305659840840243,False,True,True,0.0001964689021450467,COMPLETE
557,0.5448049664497376,2025-04-13 05:17:59.876394,2025-04-13 05:18:22.150660,0 days 00:00:22.274266,0.7836168344994795,0.05574718261635703,8,0.033001642083108705,0.005348467449015076,0.0026655141510596395,0.08474104552202703,0.002957400439609348,0.048479846066874034,0.00016170619690843326,14,19,0.012848192763630114,0.22747988236083924,False,True,True,0.000162323390248375,COMPLETE
558,0.36457108259201054,2025-04-13 05:18:22.338303,2025-04-13 05:18:44.295026,0 days 00:00:21.956723,0.7611695931641344,0.0256929968851224,8,0.030671818361197093,0.006157324167344301,0.0025761188286468365,0.08475666360199459,0.0010043876480437825,0.04926310856429836,0.00011445585111550235,13,19,0.015141524531997094,0.2268799665894634,False,True,True,0.00016599611602257917,COMPLETE
559,0.34156498908996585,2025-04-13 05:18:44.471222,2025-04-13 05:19:01.677566,0 days 00:00:17.206344,0.7452867703652448,0.045849458509979416,16,0.03648510221666125,0.0006247376532743319,0.0026445301029781897,0.08309451261449356,0.002910891806340227,0.04775479205742744,0.0001634893243616682,14,20,0.012775886551473199,0.22041408137590432,False,True,True,0.00012959065889742494,COMPLETE
