number,value,datetime_start,datetime_complete,duration,params_alpha-eval,params_alpha-train,params_batch-size,params_eps-eval,params_eps-train,params_lambda-actions-eval,params_lambda-actions-train,params_lambda-frames-eval,params_lambda-frames-train,params_learning-rate,params_n-epochs,params_n-frames,params_radius-gw,params_rho,params_std-feats,params_ub-actions,params_ub-frames,params_weight-decay,state
729,0.5142668843269348,2025-04-15 03:01:48.946696,2025-04-15 03:02:13.767178,0 days 00:00:24.820482,0.010870424460661679,0.377471486235256,8,0.17222803000043113,0.0007108221460813968,0.022312781403242485,0.08151056583806497,0.025535932461141487,0.07610979819239393,0.0008042122237088825,17,25,0.009080158000285351,0.0011913383413479164,True,True,True,7.993825927145564e-07,COMPLETE
730,0.5329260230064392,2025-04-15 03:02:14.008393,2025-04-15 03:02:38.820288,0 days 00:00:24.811895,0.037320493616639305,0.36984818912235967,8,0.17206282927911065,0.0013936744467540978,0.020694962069342508,0.07910866946329802,0.026166954668698606,0.0764943093907662,0.0007905243010987345,17,25,0.0065183365192359195,0.002614247555392439,True,True,True,7.833852433781205e-07,COMPLETE
731,0.5115376353263855,2025-04-15 03:02:39.047811,2025-04-15 03:03:03.067829,0 days 00:00:24.020018,0.03681753106884459,0.34523472046134185,8,0.17538109506960775,0.0051363266023270295,0.01923508701867681,0.07970905068873917,0.024400961787902433,0.07718822298296371,0.0011731040284727549,16,25,0.006379600635971933,0.0014632434740243377,True,True,True,1.0050449734923424e-06,COMPLETE
732,0.5111636400222779,2025-04-15 03:03:03.307659,2025-04-15 03:03:27.249416,0 days 00:00:23.941757,0.03677319414287997,0.36800523287130826,8,0.18415466280804496,0.00031451181547703677,0.012528432680357308,0.0809252370345243,0.02581780759646428,0.07458412689098984,0.0008062341294015344,16,25,0.010159426470976132,0.0010852599740123732,True,True,True,1.1074929804485903e-06,COMPLETE
733,0.5185646533966065,2025-04-15 03:03:27.475943,2025-04-15 03:03:50.619598,0 days 00:00:23.143655,0.03523795766829072,0.3796970238763288,8,0.17185561492223117,0.001033607227724601,0.02117465115120239,0.08401508882313252,0.02943664199040922,0.07576408944759572,0.0009953948064680708,15,25,0.011751409377097004,0.0013879866298142929,True,True,True,7.188592126227671e-07,COMPLETE
734,0.18795708417892457,2025-04-15 03:03:50.857915,2025-04-15 03:04:13.885248,0 days 00:00:23.027333,0.036806460299586626,0.3287384632282055,8,0.17643432034564477,0.18640796532988002,0.021341800506662612,0.08435167936690376,0.02924849718239391,0.07857368508019773,0.0010000250899872918,15,25,0.013327602722881193,0.006137996369651537,True,True,True,8.12668863826746e-07,COMPLETE
735,0.4512858867645264,2025-04-15 03:04:14.128245,2025-04-15 03:04:37.375950,0 days 00:00:23.247705,0.03891515062718024,0.35872779993047227,8,0.1883088269409597,0.005062656863340981,0.017964114695570986,0.08296306216949242,0.027570918327074173,0.08111593335145477,0.0013191818763269854,15,26,0.0074761218058580995,0.0010907972635620378,True,True,True,6.859874173200798e-07,COMPLETE
736,0.3663344979286194,2025-04-15 03:04:37.604792,2025-04-15 03:05:42.524585,0 days 00:01:04.919793,0.0375546874090773,0.3864105242523066,2,0.16962363917234885,0.00023550471066035358,0.024110219803474615,0.07706897598245442,0.02994862710941392,0.07582007290356989,0.0008403658827837162,18,25,0.00920540131368397,0.0012228749047501811,True,True,True,6.310799130261255e-07,COMPLETE
737,0.5267914056777954,2025-04-15 03:05:42.767012,2025-04-15 03:06:04.639487,0 days 00:00:21.872475,0.03604331958384855,0.3714480732564493,8,0.17063440940647098,0.00014131670572524468,0.020412787695828827,0.07818847971731106,0.026287920001471413,0.07378004071927592,0.0007298968863834139,13,22,0.010666310400638094,0.008808462652266612,True,True,True,5.252202748255619e-07,COMPLETE
738,0.35560540556907655,2025-04-15 03:06:04.870818,2025-04-15 03:06:26.908022,0 days 00:00:22.037204,0.031828001848236157,0.33553640983243843,8,0.17956040834550563,0.0006615235024971891,0.024430532185471563,0.07575236295505011,0.026320431234255943,0.07343183486805488,0.0008686988614002163,13,22,0.006788439605032242,0.010371013725154123,True,True,True,4.996257644736043e-07,COMPLETE
739,0.18795708417892457,2025-04-15 03:06:27.147353,2025-04-15 03:06:48.845560,0 days 00:00:21.698207,0.8690671914014274,0.361783607174504,8,0.1702300832396021,0.009449352655829942,0.02011065126007443,0.07956923100349712,0.023670800238047216,0.07362674264590295,0.000717334887551894,13,21,0.010396862201900496,0.011389761444842144,True,True,True,5.044925112204786e-07,COMPLETE
740,0.5251410245895386,2025-04-15 03:06:49.089752,2025-04-15 03:07:11.734903,0 days 00:00:22.645151,0.01040704194417675,0.4016412255568951,8,0.1662922140453878,0.000474933992914103,0.02261064347895481,0.0813147552064777,0.02544977518696863,0.07198020386112015,0.0006338362102281933,14,22,0.012705608261199104,0.01083402187801882,True,True,True,9.129798960993207e-07,COMPLETE
741,0.46855285167694094,2025-04-15 03:07:11.969044,2025-04-15 03:07:34.399076,0 days 00:00:22.430032,0.03971604383604321,0.40965935892874417,8,0.18327666027089712,0.00044549945586644304,0.022560145613334904,0.07725128208141574,0.02624278031270668,0.0765622111375557,0.0006711812168238325,14,24,0.011647931414387495,0.00678063425692461,True,True,True,9.481052371364637e-07,COMPLETE
742,0.3747709512710572,2025-04-15 03:07:34.646254,2025-04-15 03:07:57.056174,0 days 00:00:22.409920,0.031094716357066808,0.36891846628014074,8,0.1744821641279711,0.0001654029866300557,0.01845126162224852,0.0789404918137615,0.02493378089678411,0.07398661089521272,0.0011944066876370932,14,21,0.01381078627306379,0.0011081135445393962,True,True,True,8.373917297847602e-07,COMPLETE
743,0.48279068470001224,2025-04-15 03:07:57.287091,2025-04-15 03:08:19.846140,0 days 00:00:22.559049,0.010629225234999174,0.3979339036701462,8,0.16890058990270718,0.00046482736525045153,0.022702975071693866,0.08113132817624637,0.031768318088519425,0.07133907988813984,0.0009096301110695078,14,27,0.012089604526454464,0.012568081146118692,True,True,True,1.175975628498794e-06,COMPLETE
744,0.4304430603981018,2025-04-15 03:08:20.088785,2025-04-15 03:08:45.014735,0 days 00:00:24.925950,0.0403915562531239,0.33647604563466443,8,0.18534733571979833,0.009694548955386283,0.02179657347181412,0.07882543090381265,0.02671372137019043,0.07275424648528488,0.0007645118780116684,17,21,0.008613781724475224,0.007662309349564604,True,True,True,6.99143509176593e-07,COMPLETE
745,0.5346261739730835,2025-04-15 03:08:45.260013,2025-04-15 03:09:07.113473,0 days 00:00:21.853460,0.03193967612579973,0.40964646294612084,8,0.17593751200214072,0.00020184788682591046,0.019339110066544617,0.08111222024695754,0.02438134032388637,0.07832558446788364,0.0006755172383373565,13,25,0.0037664055896103905,0.013019141376787571,True,True,True,4.2208721730863885e-07,COMPLETE
746,0.49334466457366943,2025-04-15 03:09:07.344296,2025-04-15 03:09:29.061375,0 days 00:00:21.717079,0.044499120241801284,0.44656947894120386,8,0.1775641649317313,0.009835152505515816,0.018979893120016248,0.08149703501008067,0.028229237544557834,0.07651572924861022,0.0005622815695771587,13,27,0.003747043878514736,0.013750307262443818,True,True,True,6.172350386371581e-07,COMPLETE
747,0.434576165676117,2025-04-15 03:09:29.308665,2025-04-15 03:09:55.372325,0 days 00:00:26.063660,0.029220895633432005,0.40861624086132076,8,0.17544300036457694,0.0065098390133764734,0.024274877946982076,0.07985241718688178,0.023906016735066697,0.07725687814229133,0.0006263049354160352,19,25,0.006001816812541942,0.013955195445623134,True,True,True,4.4177646129183065e-07,COMPLETE
748,0.5573449850082398,2025-04-15 03:09:55.603587,2025-04-15 03:10:18.015991,0 days 00:00:22.412404,0.04134003861624841,0.4445129433169939,8,0.18514365873512414,0.009588605686236203,0.02007949372194534,0.07759750332116103,0.026921240453164814,0.07442730649791254,0.0008393642418062007,14,21,0.010346392798837093,0.006407237486198444,True,True,True,9.120872532610875e-07,COMPLETE
749,0.4280585646629334,2025-04-15 03:10:18.257001,2025-04-15 03:10:40.569116,0 days 00:00:22.312115,0.04402880675411588,0.4415147367072916,8,0.1878479469303715,0.01060775472304135,0.01979418887226373,0.07692088673575313,0.027472589197789117,0.07954864369277066,0.0010095897386762258,14,20,0.010151637572136864,0.012310614438400824,True,True,True,7.654484691584434e-07,COMPLETE
750,0.38990262746810916,2025-04-15 03:10:40.815863,2025-04-15 03:11:03.386259,0 days 00:00:22.570396,0.04488989769193718,0.4428004560388111,8,0.1824363404484771,0.010792509077106181,0.01819571330050751,0.08200695418920335,0.028674026601907182,0.0816011879134538,0.0006016376753257853,14,20,0.0035556154763930216,0.006925488512328084,True,True,True,1.416420408219071e-06,COMPLETE
751,0.18795708417892457,2025-04-15 03:11:03.623375,2025-04-15 03:11:26.000886,0 days 00:00:22.377511,0.9003130687728254,0.45083293803632435,8,0.18016290337019206,0.0063377223992318816,0.016871856673401533,0.0730202341547581,0.02632441053088045,0.07891626773884314,0.001156377484148234,14,20,0.0014720131279231698,0.014841902828915786,True,True,True,1.0907308878814542e-06,COMPLETE
752,0.46566830873489384,2025-04-15 03:11:26.247188,2025-04-15 03:11:49.536236,0 days 00:00:23.289048,0.02936759703665414,0.4227509992784769,8,0.16411489406987867,0.011143003225085213,0.015371716011351025,0.08398098592943286,0.03088656735457446,0.07478855920729885,0.0007448195942825598,15,23,0.004506041975674851,0.006893334242123071,True,True,True,8.520980496882965e-07,COMPLETE
753,0.39348363876342773,2025-04-15 03:11:49.769515,2025-04-15 03:12:13.408282,0 days 00:00:23.638767,0.04331284337140168,0.35562895056810184,8,0.1665161209510759,0.0002930569716466246,0.020171065214502445,0.07692378467656864,0.023173722725076437,0.07510923304835028,0.0006524487415515213,16,19,0.008742899744517717,0.011427343206615738,True,True,True,3.8392435526577605e-07,COMPLETE
754,0.5756931304931641,2025-04-15 03:12:13.653768,2025-04-15 03:12:36.320614,0 days 00:00:22.666846,0.02977681746508566,0.4191989223739729,8,0.18458664640901795,0.006137014239081261,0.016335323252382718,0.08233373831564875,0.02120617058319826,0.07784899698867284,0.0005326483725334781,14,27,0.007707093573732111,0.006607019921472749,True,True,True,9.532433051796652e-07,COMPLETE
755,0.4596168994903565,2025-04-15 03:12:36.570082,2025-04-15 03:12:59.775537,0 days 00:00:23.205455,0.04652783713290853,0.4408769646485974,8,0.18708458421542074,0.011714938203260507,0.015269297113770723,0.08332690853404072,0.01972066723705566,0.08311872024277406,0.00048150157931585967,15,28,0.007557905978674619,0.0013212655786660654,True,True,True,6.473372155213851e-07,COMPLETE
756,0.485605263710022,2025-04-15 03:13:00.009008,2025-04-15 03:13:49.230699,0 days 00:00:49.221691,0.029009655699143152,0.4191014974193435,2,0.19118288886875423,0.007044033981003129,0.016705137304522888,0.08449691055192826,0.022079043313852357,0.07745574550202157,0.0015747406755143635,12,26,0.005723474204708438,0.0010002868818809445,True,True,True,1.2671136206544788e-06,COMPLETE
757,0.4538271307945252,2025-04-15 03:13:49.475586,2025-04-15 03:14:12.142457,0 days 00:00:22.666871,0.040842246144103554,0.46499399666218405,8,0.18641435604488782,0.010456168978663957,0.013050414878482967,0.08248725820987203,0.02150561301667151,0.08101891525744767,0.0005078290461947104,14,26,0.007037031555468902,0.009812995356787927,True,True,True,4.1094058396528435e-07,COMPLETE
758,0.4916029810905457,2025-04-15 03:14:12.392470,2025-04-15 03:14:34.169198,0 days 00:00:21.776728,0.028244207225417955,0.4357565445919941,8,0.18021436371776703,0.006968832589780447,0.0267872349102772,0.07914105013581207,0.020506473050055724,0.07867470152845288,0.0010104963111468436,13,27,0.0027593323611781366,0.006773821849296619,True,True,True,5.162342920642704e-07,COMPLETE
759,0.41605280637741093,2025-04-15 03:14:34.405982,2025-04-15 03:14:57.850073,0 days 00:00:23.444091,0.041420673108914376,0.4559687619494178,8,0.177804160670095,0.010304095232584016,0.01736812019630496,0.08502725042369821,0.023886518519925865,0.07442520114894494,0.0008825827891158563,15,24,0.00539705621799883,0.016056772186440922,True,True,True,3.779429818997744e-07,COMPLETE
760,0.5197999954223633,2025-04-15 03:14:58.099740,2025-04-15 03:15:20.032936,0 days 00:00:21.933196,0.02867340604892928,0.4161542304986983,8,0.1889998791796707,0.005612828913919489,0.010606384351953215,0.07561114751098731,0.023533515335372502,0.07712096629890643,0.000552129457280122,13,21,0.01081849852312739,0.007716171179691859,True,True,True,6.445745375820744e-07,COMPLETE
761,0.41769735813140874,2025-04-15 03:15:20.267707,2025-04-15 03:15:42.853756,0 days 00:00:22.586049,0.047047976964825815,0.3916331416896417,8,0.18326321159418194,0.0001709955876849106,0.013447339262181616,0.07812350008221171,0.021448324113625718,0.07958240490121495,0.0007487795834498341,14,23,0.009005309777096402,0.006294355610507919,True,True,True,9.648496202788996e-07,COMPLETE
762,0.18795708417892457,2025-04-15 03:15:43.102124,2025-04-15 03:16:04.790499,0 days 00:00:21.688375,0.5483855667410944,0.4733173415109673,8,0.17506704337790932,0.012201459201468479,0.02075980040652886,0.08505709253617157,0.026589227235970878,0.07329794460052431,0.0004252226420404995,13,19,0.016008245398100144,0.015671463047031913,True,True,True,4.6573298755670003e-07,COMPLETE
763,0.49732863903045654,2025-04-15 03:16:05.040760,2025-04-15 03:16:27.681203,0 days 00:00:22.640443,0.02783913870777549,0.37068930860455396,8,0.17065595649302612,0.0059890761868889725,0.023701642937017493,0.0878472430028317,0.019060412685781403,0.07568323830635663,0.0013244676979287835,14,27,0.00727840273147801,0.0011545045219879362,True,True,True,6.584102746054548e-07,COMPLETE
764,0.4375697255134583,2025-04-15 03:16:27.920609,2025-04-15 03:16:49.001403,0 days 00:00:21.080794,0.04500583225456379,0.4279544615725672,8,0.1785242894836589,0.011791715854996169,0.019863768720881792,0.08284362636050858,0.02844348397815708,0.07033166744928444,0.0005522596836120624,12,24,0.01071065614131661,0.013914598727630706,True,True,True,3.7267908101502083e-07,COMPLETE
765,0.48937647342681884,2025-04-15 03:16:49.249707,2025-04-15 03:17:12.383998,0 days 00:00:23.134291,0.028259893638017747,0.4498273502211245,8,0.18910934585854386,0.006100200992425533,0.030428649721635583,0.08671899002512197,0.023469157397592585,0.07253545328637899,0.0007932215510645275,15,20,0.00442471121990894,0.007027023821622796,True,True,True,7.815177528243558e-07,COMPLETE
766,0.4047498941421509,2025-04-15 03:17:12.622778,2025-04-15 03:17:35.638092,0 days 00:00:23.015314,0.010231097391257098,0.3166886196883854,8,0.16223694698867214,0.006548692612164155,0.02600279625823891,0.08013636340233828,0.020618579608773044,0.0744459379692351,0.0009903773647697825,14,22,0.016238288173800658,0.006889112488512942,True,True,True,5.203632650679852e-07,COMPLETE
767,0.5011582136154176,2025-04-15 03:17:35.885896,2025-04-15 03:17:57.881004,0 days 00:00:21.995108,0.04605702882330246,0.41420406696627204,8,0.18283783555029584,0.011835753942570191,0.023732048708228662,0.08235068562718427,0.025521644071024637,0.07772829733376417,0.0003894665292598619,13,27,0.013307627741113218,0.014962948302537906,True,True,True,1.1098349847828041e-06,COMPLETE
768,0.1677959680557251,2025-04-15 03:17:58.134621,2025-04-15 03:18:18.945132,0 days 00:00:20.810511,0.35138986667375705,0.384560245949087,8,0.17558650987265179,0.00014233735521981797,0.031583061359993586,0.08572788476797476,0.018662474530168647,0.07068415056359972,0.0005000744565134994,12,18,0.01788616301057101,0.0010348562394903067,True,True,True,3.36044432759949e-07,COMPLETE
769,0.4365996360778809,2025-04-15 03:18:19.184298,2025-04-15 03:18:41.665312,0 days 00:00:22.481014,0.028205938794284454,0.34658252754688823,8,0.17091868944959251,0.0001697439583432745,0.026918590691477156,0.08779667891651807,0.022841653085906605,0.07551609629312485,0.0006224187414233996,14,24,0.008062262494217624,0.011284855910659607,True,True,True,4.4964062508252265e-07,COMPLETE
770,0.4991112351417542,2025-04-15 03:18:41.916807,2025-04-15 03:19:03.549263,0 days 00:00:21.632456,0.044919101925412076,0.46890138176107893,8,0.15932191561648884,0.006145223156767266,0.018429537434305813,0.08413976882690674,0.030545451659606232,0.0729659796283925,0.0007355749670227263,13,20,0.014804935528963717,0.006375967191328522,True,True,True,6.110805554315634e-07,COMPLETE
771,0.37644676566123964,2025-04-15 03:19:03.801484,2025-04-15 03:19:27.078841,0 days 00:00:23.277357,0.025289300629101362,0.4403283980795611,8,0.16999539280197018,0.011848886097282409,0.02265536263069679,0.0724146466972014,0.027825568647034463,0.07027165711091454,0.0011003512209400513,15,25,0.010646457534919858,0.017013902561681147,True,True,True,8.399702497161513e-07,COMPLETE
772,0.4028606414794922,2025-04-15 03:19:27.318304,2025-04-15 03:19:49.570794,0 days 00:00:22.252490,0.010777245191716998,0.3994947180368066,8,0.18050275289895934,0.00010751926243842265,0.007597484218177653,0.0784125029808139,0.024681346003624132,0.07224025239326885,0.0008592190833873278,14,15,0.0023060163637630953,0.011527786430964703,True,True,True,3.860617478415246e-07,COMPLETE
773,0.49879566431045536,2025-04-15 03:19:49.824552,2025-04-15 03:20:14.003406,0 days 00:00:24.178854,0.046367806999143085,0.3656655185064679,8,0.1649166886075727,0.0121245111715873,0.02499625329872151,0.08799854437990828,0.03314206362716964,0.07399268676640608,0.0004313620008147121,16,22,0.016905914390815225,0.006071756832878152,True,True,True,5.205321901705072e-07,COMPLETE
774,0.375490140914917,2025-04-15 03:20:14.244563,2025-04-15 03:20:36.482497,0 days 00:00:22.237934,0.02657991590501032,0.416770492067874,8,0.18819453130851083,0.007198291295694252,0.02084057304271572,0.08069286733698028,0.021336181549348705,0.07843921443251539,0.00036398016500804273,13,28,0.005154419074627641,0.016501574851414742,True,True,True,3.485225329819749e-07,COMPLETE
775,0.18795708417892457,2025-04-15 03:20:36.734004,2025-04-15 03:20:58.915654,0 days 00:00:22.181650,0.02600420202158455,0.45649878850986036,8,0.17616915546715514,0.29355014206687413,0.031084027660365325,0.06669632943256537,0.01803822399020419,0.06984496906088589,0.000654667414440782,14,18,0.019300274171496754,0.007983440258605054,True,True,True,7.59512918888249e-07,COMPLETE
776,0.5277618885040283,2025-04-15 03:20:59.169136,2025-04-15 03:21:20.922806,0 days 00:00:21.753670,0.010322396586656866,0.3846845786647825,8,0.16001531399152155,0.005911588450686477,0.028256699024510064,0.08303681766094578,0.02627000451889008,0.07635867340002116,0.0005193850037541719,13,22,0.011985692337247113,0.0059162617154496595,True,True,True,3.112730906381112e-07,COMPLETE
777,0.18795708417892457,2025-04-15 03:21:21.164488,2025-04-15 03:22:10.198926,0 days 00:00:49.034438,0.052729767624924165,0.4375497690308272,2,0.15943778322981142,0.012605364343478061,0.030208682221483124,0.0744008575014262,0.023985843351056736,0.07969621632552323,0.0004923381831419408,12,17,0.013381783345997142,0.01548419268785936,True,True,True,3.0863808006953575e-07,COMPLETE
778,0.5143669486045838,2025-04-15 03:22:10.450496,2025-04-15 03:22:32.054483,0 days 00:00:21.603987,0.04606824797902115,0.4774154546867754,8,0.16225270567811095,0.007049963173905427,0.02781755621364952,0.08153374948157639,0.020290276206056633,0.07649893000165375,0.0005609956354773003,13,20,0.019031292968999636,0.0010859436234011979,True,True,True,2.963328543313878e-07,COMPLETE
779,0.18795708417892457,2025-04-15 03:22:32.309575,2025-04-15 03:22:53.460219,0 days 00:00:21.150644,0.025308645222148637,0.4093567334982323,8,0.03971388816106905,0.011697152143083036,0.02882394226326038,0.08368012574526441,0.027658686113849217,0.081909573749421,0.00037082776228466335,12,15,0.015475001534656712,0.010744375155342878,True,True,True,4.3122330442712196e-07,COMPLETE
780,0.5611319303512574,2025-04-15 03:22:53.700728,2025-04-15 03:23:15.480364,0 days 00:00:21.779636,0.010619718665073125,0.4331354019915975,8,0.15962846275535333,0.005501685013423884,0.026506861996101822,0.07761277952834991,0.022735138682596242,0.0762214219604349,0.00042513957685825826,13,21,0.009526247847162547,0.010925465415815669,True,True,True,2.973441419766962e-07,COMPLETE
781,0.4406856775283814,2025-04-15 03:23:15.740022,2025-04-15 03:23:37.832293,0 days 00:00:22.092271,0.04780337667102643,0.4507959673992667,8,0.16185601181276282,0.013952792625867596,0.03207138739979441,0.07562733599555964,0.022021994664274635,0.07743372964684325,0.00041871544346570893,13,19,0.008900255276745105,0.016011809198946084,True,True,True,2.877570556229632e-07,COMPLETE
782,0.18795708417892457,2025-04-15 03:23:38.089615,2025-04-15 03:23:58.989975,0 days 00:00:20.900360,0.010395659803113917,0.4398005666696866,8,0.16128286940517322,0.013683812759356023,0.026632709950713117,0.07806940820839096,0.018580990395982207,0.07593532191492801,0.00045210109718219,12,15,0.008550580027656692,0.011333512735107767,True,True,True,2.8870155512280714e-07,COMPLETE
783,0.5477652430534363,2025-04-15 03:23:59.232837,2025-04-15 03:24:20.947646,0 days 00:00:21.714809,0.029719389712042906,0.47397290516982366,8,0.1668820608879442,0.006390532982875809,0.02965445358545241,0.07723541258648103,0.022200926675440512,0.0802938020428883,0.0003455463580075084,13,21,0.010263952202631056,0.018046013072331692,True,True,True,3.471213617030002e-07,COMPLETE
784,0.18795708417892457,2025-04-15 03:24:21.201598,2025-04-15 03:24:42.234327,0 days 00:00:21.032729,0.047686877670042746,0.47605763423211156,8,0.16123391529613804,0.014190108196557635,0.029229344493283103,0.07543846161223197,0.0202451830352022,0.08368303379437335,0.0003412836973407107,12,18,0.004360243872378632,0.016672109662892676,True,True,True,2.630402334948042e-07,COMPLETE
