number,value,datetime_start,datetime_complete,duration,params_alpha-eval,params_alpha-train,params_batch-size,params_eps-eval,params_eps-train,params_lambda-actions-eval,params_lambda-actions-train,params_lambda-frames-eval,params_lambda-frames-train,params_learning-rate,params_n-epochs,params_n-frames,params_radius-gw,params_rho,params_std-feats,params_ub-actions,params_ub-frames,params_weight-decay,state
336,0.18795708417892457,2025-04-13 04:04:35.498543,2025-04-13 04:05:02.574997,0 days 00:00:27.076454,0.6647359581526969,0.12111863751512902,8,0.034252308474187636,0.032085380790872024,0.012229274290784216,0.005719992901194891,0.00942446399754172,0.03347079667923388,0.007555318430452535,21,20,0.020169979055376642,0.19675350722230472,False,True,True,7.327671359201583e-05,COMPLETE
337,0.2524099230766297,2025-04-13 04:05:02.691639,2025-04-13 04:05:22.075696,0 days 00:00:19.384057,0.7075130794765048,0.9809527112917072,8,0.04939476648090904,0.02042344745504491,0.007201991686054213,0.061610795988047376,0.005699515103685254,0.03155056949037385,0.0001938602603122136,9,142,0.030046102617871967,0.20362472958024475,False,True,True,2.0528924167746596e-05,COMPLETE
338,0.3598589658737183,2025-04-13 04:05:22.182059,2025-04-13 04:05:40.768988,0 days 00:00:18.586929,0.6762474650331037,0.27478595259486016,8,0.039289005354539226,0.0069329107788103275,0.010713703443657923,0.0651016297334786,0.0036029496288823805,0.028079294155011373,0.0006805289381181201,8,27,0.02724651881068102,0.2292305848742465,False,True,True,0.00016664050840162374,COMPLETE
339,0.23815006017684937,2025-04-13 04:05:40.876873,2025-04-13 04:06:00.751373,0 days 00:00:19.874500,0.7317748450925237,0.1647480623937937,8,0.17204579000300313,0.01376312093670632,0.008708050644760046,0.06675172751530035,0.01287719414350026,0.029581767283047393,0.00023864350142010842,11,16,0.038646738033930844,0.2095269114286157,False,True,True,5.121805086172926e-06,COMPLETE
340,0.47065080404281623,2025-04-13 04:06:00.860527,2025-04-13 04:06:20.593610,0 days 00:00:19.733083,0.6971522369540677,0.5630527085105638,8,0.04862740607113787,0.027228145127803454,0.019983706334354104,0.06385449505197531,0.007730290139494266,0.02554217724551185,0.00034329353361795825,10,23,0.02164736362063135,0.19347377252364892,False,True,True,3.138462886985244e-05,COMPLETE
341,0.1877340853214264,2025-04-13 04:06:20.711978,2025-04-13 04:06:39.280022,0 days 00:00:18.568044,0.6705030144341709,0.30019450609830367,8,0.14406845453287895,0.022357035972009963,0.002702798073940675,0.07181362115827701,0.0060844424098290065,0.00582080506904052,0.0005424311349488732,9,11,0.01667709382395336,0.2195212749158001,False,True,True,4.047529690126628e-05,COMPLETE
342,0.18795708417892457,2025-04-13 04:06:39.387251,2025-04-13 04:06:57.316589,0 days 00:00:17.929338,0.6459028445110868,0.7620773976911988,8,0.043999724009002227,0.03405605143628142,0.013312095567936812,0.05946380001262745,0.021948382210545524,0.0030854617988707745,0.003489446699082898,8,14,0.06404995852583968,0.20083897672654877,False,True,True,9.8047180117168e-06,COMPLETE
343,0.19188967943191532,2025-04-13 04:06:57.424238,2025-04-13 04:07:25.679153,0 days 00:00:28.254915,0.648452893886748,0.10252356813075439,8,0.19083178137645387,0.0038555692824934658,0.005462075245935097,0.0445381082101866,0.0029070102123285534,0.05891465076443162,0.00042933965216268756,23,18,0.023069637818330078,0.18813945738946233,False,True,True,4.6916725051494035e-08,COMPLETE
344,0.427652370929718,2025-04-13 04:07:25.787203,2025-04-13 04:07:45.110867,0 days 00:00:19.323664,0.7174493494917789,0.2588189303688619,8,0.05177571839755691,0.012767250355618587,0.010577148316050358,0.06213389676608994,0.026857145332580348,0.03335719144426615,0.0002626308729709644,10,9,0.0024041230908029947,0.21595765617966187,False,True,True,1.3822961810654191e-05,COMPLETE
345,0.43458396196365356,2025-04-13 04:07:45.231848,2025-04-13 04:08:00.615679,0 days 00:00:15.383831,0.7527885042360188,0.20134218436170698,16,0.029407567576205912,0.018884102039754394,0.007403933141073005,0.0687812845126853,0.016685467349805604,0.02922474771805037,0.00021175386244244219,9,21,0.02853909380163029,0.2068891959395545,False,True,True,2.6334556883228617e-05,COMPLETE
346,0.3950975060462952,2025-04-13 04:08:00.725264,2025-04-13 04:08:18.938135,0 days 00:00:18.212871,0.6812188737301625,0.2325026241799531,8,0.036028490007712126,0.026555765931038578,0.016610005896218926,0.06584078327893757,0.010113228175916209,0.026843903981321734,0.0003010907949473286,8,13,0.08161024471408192,0.19692600714801772,False,True,True,5.451602389360585e-05,COMPLETE
347,0.3279222249984741,2025-04-13 04:08:19.047516,2025-04-13 04:08:38.746444,0 days 00:00:19.698928,0.637538105134954,0.15001536787432368,8,0.043613003709996524,0.03321813833365474,0.0485804444352921,0.06286777632356934,0.004691462668742078,0.02322600336839578,0.0006196418384955785,10,24,0.03269366914263646,0.21108707852407843,False,True,True,7.187403085240955e-06,COMPLETE
348,0.36396262645721433,2025-04-13 04:08:38.855308,2025-04-13 04:08:57.772281,0 days 00:00:18.916973,0.6091329435189593,0.0778258634032289,8,0.05322206848721819,0.023736230686542133,0.00868809324932411,0.060738489242337934,0.001007530022750469,0.03611969613051161,0.00015228877164109804,9,17,0.0205035252740013,0.22326086729858502,False,True,True,1.7019447684357902e-05,COMPLETE
349,0.48608764410018923,2025-04-13 04:08:57.891114,2025-04-13 04:09:17.464891,0 days 00:00:19.573777,0.655722527499047,0.18589345664867324,8,0.02080707380811796,0.04671165082933509,0.004578092611686583,0.056410673297591356,0.0072402099391050394,0.007542827961326079,0.00046241239704738633,10,15,0.012776207726046191,0.20272796282373312,False,True,True,8.67268561848475e-05,COMPLETE
350,0.524770474433899,2025-04-13 04:09:17.574062,2025-04-13 04:09:36.486441,0 days 00:00:18.912379,0.7011675612605273,0.21374176041144294,8,0.04713529176412658,0.012132299104407912,0.012558080711626325,0.06437034316105637,0.0028249742095869954,0.03019779756267597,0.0003450034934057824,9,19,0.030937474918200317,0.235257131677744,False,True,True,3.41726226748536e-05,COMPLETE
351,0.3364654660224915,2025-04-13 04:09:36.596781,2025-04-13 04:10:02.407209,0 days 00:00:25.810428,0.7065625580490686,0.22280213217188452,8,0.04844341901359284,0.00893172752742815,0.01399171676944836,0.07030046578821296,0.0033259833521166174,0.030684732371370947,0.04362679157886584,19,19,0.03477464273054649,0.24106011091819202,False,True,True,2.3830402745185404e-05,COMPLETE
352,0.2559090733528137,2025-04-13 04:10:02.519111,2025-04-13 04:10:27.395711,0 days 00:00:24.876600,0.773947802192789,0.2104790120979993,8,0.054838728589808164,0.016754334174132107,0.05726942592789486,0.06664838539955846,0.0048140265520101085,0.02874019529204469,0.00023611148328705954,18,13,0.03022292405064433,0.23544802693839323,False,True,True,0.00022583332378629375,COMPLETE
353,0.3715054512023926,2025-04-13 04:10:27.516392,2025-04-13 04:10:46.230122,0 days 00:00:18.713730,0.7280950299595847,0.24714600202195353,8,0.04058825548896596,0.0366250937083798,0.012522664428025531,0.06818548349070777,0.002786883533772522,0.03447863866706866,0.0001831062016429538,9,11,0.031540804713746276,0.23421482633308616,True,True,True,3.3225570734185364e-05,COMPLETE
354,0.4892237901687623,2025-04-13 04:10:46.341680,2025-04-13 04:11:04.667223,0 days 00:00:18.325543,0.3996833969031536,0.1676794963499943,8,0.047468749823878886,0.02992473332378673,0.015710876823857536,0.06405505087678984,0.006533701437622497,0.031830980051434116,0.00029712684580698867,8,16,0.027500217245947922,0.22844702607073522,False,True,True,4.183823113486603e-05,COMPLETE
355,0.4898120880126954,2025-04-13 04:11:04.778216,2025-04-13 04:11:23.839050,0 days 00:00:19.060834,0.6953487835140174,0.19733589401017765,8,0.05369259934478519,0.024008182930833104,0.011910914126224727,0.06486375353098958,0.0011387420986220791,0.025657246193464198,0.0007913896822343174,9,20,0.029639972409363623,0.24452478326801283,False,True,True,2.1092433309592658e-05,COMPLETE
356,0.4271687626838684,2025-04-13 04:11:23.950324,2025-04-13 04:11:42.036436,0 days 00:00:18.086112,0.6702317819842931,0.23470630921511051,8,0.03167530987748174,0.017065458408005357,0.009945902482584602,0.0675541351972064,0.004598396662620892,0.028356642601704344,0.0003756711352952825,8,9,0.02585519389094274,0.21986039554109035,False,True,True,6.881538033527282e-05,COMPLETE
357,0.2588286519050598,2025-04-13 04:11:42.157752,2025-04-13 04:12:00.905476,0 days 00:00:18.747724,0.9801217390306356,0.1464527661911555,8,0.03733503305688865,0.0018818212925887437,0.013613237239633877,0.06246892495501801,0.01146083670807881,0.011816534126913327,0.00028101286772188656,9,18,0.03313873372506626,0.21324106470599166,False,True,True,2.959289647833893e-05,COMPLETE
358,0.5223117589950562,2025-04-13 04:12:01.017274,2025-04-13 04:12:25.555854,0 days 00:00:24.538580,0.6912563000732626,0.12133961480398814,8,0.059405585772193174,0.0299445405974635,0.01777924330005708,0.06581227135491355,0.008481796185811087,0.03177882434351394,0.00022040279417594603,17,22,0.03660304740134279,0.2256836622914202,False,True,True,5.1672182116359146e-05,COMPLETE
359,0.3773743271827698,2025-04-13 04:12:25.670515,2025-04-13 04:12:43.237548,0 days 00:00:17.567033,0.6865541313193935,0.11851507367897521,8,0.05876602282196528,0.0103957671783139,0.018358339194984658,0.06953348511026992,0.009536885057396662,0.032931438503097474,0.0002105431392871003,7,22,0.03561306202454117,0.2304591317260389,False,True,True,5.79861454847534e-05,COMPLETE
360,0.5466290354728699,2025-04-13 04:12:43.361766,2025-04-13 04:13:07.637111,0 days 00:00:24.275345,0.7055514795419036,0.1281885375787449,8,0.046170005842819294,0.027094267051059946,0.021839636155582723,0.06428963007988595,0.013442859792542384,0.030496358383103196,0.0001504222685872977,17,15,0.034809456088723836,0.22495615068300714,False,True,True,4.871229326577719e-05,COMPLETE
361,0.514377772808075,2025-04-13 04:13:07.748111,2025-04-13 04:13:32.137450,0 days 00:00:24.389339,0.7119984315663652,0.10351927556178296,8,0.05613698718194317,0.01954670063536799,0.015393115167293032,0.0649086701423101,0.013699658995579435,0.03771219068062652,0.00011751256707639403,17,12,0.03721414526292576,0.2389420549851962,False,True,True,5.02262077714101e-05,COMPLETE
362,0.30770925879478456,2025-04-13 04:13:32.250533,2025-04-13 04:13:56.238212,0 days 00:00:23.987679,0.7236218861147241,0.10684542327738356,8,0.06255357491685654,0.025621969629140172,0.01605108206998379,0.06546530288580292,0.012197220366460667,0.036126130808499704,0.00011489248625048551,17,5,0.04031061777545932,0.25078096584576715,False,True,True,6.18248727823618e-05,COMPLETE
363,0.5058593034744263,2025-04-13 04:13:56.354419,2025-04-13 04:14:20.604066,0 days 00:00:24.249647,0.7061918900740447,0.1290927130762267,8,0.05616270767717878,0.020535740193688888,0.02046744950179562,0.06406551989880668,0.014289202650389098,0.04741509651435048,0.00014772150962746085,17,11,0.03771583696392238,0.239424034089583,False,True,True,9.384582750955843e-05,COMPLETE
364,0.40105565786361697,2025-04-13 04:14:20.729142,2025-04-13 04:14:44.822640,0 days 00:00:24.093498,0.7414052318167919,0.09496305872855519,8,0.05061566867608604,0.029279771311454813,0.017467583886687517,0.06672892101100414,0.013068907043920705,0.03165621114199206,8.963975621250677e-05,17,8,0.03763136087648866,0.23328336497647284,False,True,True,5.033303437529782e-05,COMPLETE
365,0.30223380327224736,2025-04-13 04:14:44.939820,2025-04-13 04:15:09.324395,0 days 00:00:24.384575,0.7629131567624999,0.12744031473553533,8,0.057588599505327576,0.019789370567830734,0.015862077788198866,0.0710396413758494,0.019866965373828538,0.03069559086023799,0.00015068977629766037,16,114,0.036801744531648,0.24209656434435606,False,True,True,1.7036365647700212e-08,COMPLETE
366,0.4190980911254883,2025-04-13 04:15:09.439212,2025-04-13 04:15:33.736128,0 days 00:00:24.296916,0.704675405027871,0.13743312423113926,8,0.04700453119344326,0.027662662288915483,0.01430720139340596,0.06342168002623327,0.010833882738770291,0.037054734207060125,8.236692581945626e-05,17,13,0.03998013035761585,0.22065952426306373,False,True,True,6.959473648411188e-05,COMPLETE
367,0.19014912247657778,2025-04-13 04:15:33.851609,2025-04-13 04:15:58.280467,0 days 00:00:24.428858,0.7220685746571971,0.10520264877814031,8,0.23888500093690734,0.017004673122541766,0.014865514139769985,0.06810717541230515,0.008929578953212013,0.04142555208637052,0.00011978238768706531,17,14,0.04214944864531342,0.223581420371287,False,True,True,4.8540122347833165e-05,COMPLETE
368,0.2884297847747803,2025-04-13 04:15:58.405387,2025-04-13 04:16:15.007433,0 days 00:00:16.602046,0.6926467683738085,0.14510351984013287,8,0.06334747617369313,0.03188343223331559,0.0174716820460507,0.0654979938274722,0.00811801124586102,0.034051669288214015,6.602305015269486e-05,6,11,0.0360980531660211,0.2249135860570566,False,True,True,4.589528610909045e-05,COMPLETE
369,0.24406294822692873,2025-04-13 04:16:15.123664,2025-04-13 04:16:32.910832,0 days 00:00:17.787168,0.7117243813300337,0.09259592665643127,8,0.042558756169415256,0.022623288326964953,0.0232843532197073,0.06276299817505723,0.014200466995409283,0.029446626074945918,0.00016519962321834308,7,131,0.035080543443979456,0.23618954783433868,False,True,True,7.234605848484384e-05,COMPLETE
370,0.18795708417892457,2025-04-13 04:16:33.026669,2025-04-13 04:16:51.447898,0 days 00:00:18.421229,0.7446142919993577,0.11455573847288691,16,0.05164721204584259,0.1323457435056233,0.021860994330336572,0.06654327309782188,0.01617097537848035,0.03271399418484481,0.0001090613970700999,18,16,0.03847936092040643,0.21646958497366287,False,True,True,3.981833013050476e-05,COMPLETE
371,0.3774401068687439,2025-04-13 04:16:51.576448,2025-04-13 04:17:10.746830,0 days 00:00:19.170382,0.6868115139248696,0.16732458236160608,8,0.03921504169347205,0.012435929329644288,0.012287541392596227,0.05982842689614794,0.018070262553533865,0.035349067284296765,0.00018526354886335943,10,8,0.03295454018349686,0.22503965867086675,False,True,True,5.644188645367534e-05,COMPLETE
372,0.39645562171936033,2025-04-13 04:17:10.863618,2025-04-13 04:17:28.833025,0 days 00:00:17.969407,0.6707600130616775,0.15423653554620098,8,0.055450382566606976,0.025949358772588377,0.011396184332861596,0.06918840430130059,0.011335936654671606,0.02694555672776345,0.00014781008950237682,8,13,0.08623952618472214,0.22985276453956155,False,True,True,7.798339038849546e-05,COMPLETE
373,0.3257994055747986,2025-04-13 04:17:28.950780,2025-04-13 04:17:47.120628,0 days 00:00:18.169848,0.7308359554170055,0.12890280572668578,8,0.04618875047839614,0.03780048846264476,0.019440692305473104,0.06451867010786971,0.007881783678088297,0.030907971897392347,0.00012138523750390621,8,16,0.035883911044819444,0.21574415887319848,True,True,True,4.05832917005643e-05,COMPLETE
374,0.5063476800918579,2025-04-13 04:17:47.238022,2025-04-13 04:18:07.649995,0 days 00:00:20.411973,0.681934725825016,0.18207102566068195,8,0.05075510242000651,0.03120180363126636,0.013994379443842315,0.07330519837175606,0.006318576883404224,0.03787839754157406,0.00018795025538094495,11,19,0.033316910147825604,0.21018569814001106,False,True,True,5.932840631704401e-05,COMPLETE
375,0.3740080833435059,2025-04-13 04:18:07.778235,2025-04-13 04:18:32.542881,0 days 00:00:24.764646,0.6582768627220361,0.06672333848952988,8,0.033129024882858654,0.017734819252798593,0.011370935410331634,0.061981241090465634,0.00298446156525511,0.029697161993102527,0.00022937177879408743,18,11,0.031196499162062498,0.21964818469562175,False,True,True,0.00010852294842804654,COMPLETE
376,0.5311813235282898,2025-04-13 04:18:32.661321,2025-04-13 04:18:52.194979,0 days 00:00:19.533658,0.7035245986117757,0.15779626934477603,8,0.02641655903851509,0.023662144254879634,0.015242013734104186,0.06731608746338254,0.001077515165917817,0.033390997962472406,0.00024101602578314012,10,15,0.09895456944054663,0.245490798878742,False,True,True,3.499223936958063e-05,COMPLETE
377,0.350044584274292,2025-04-13 04:18:52.313733,2025-04-13 04:19:12.571097,0 days 00:00:20.257364,0.7050708276566507,0.17061553816523103,8,0.02411230219521973,0.014002499089325951,0.01601539928879719,0.06782392072736997,0.001089051924135619,0.033619791938919646,0.00013557794116994288,11,16,0.09722602832820713,0.24293049307306783,False,True,True,5.1053927308639856e-05,COMPLETE
378,0.5429646730422975,2025-04-13 04:19:12.690269,2025-04-13 04:19:32.102611,0 days 00:00:19.412342,0.7308557610354798,0.15781842004357882,8,0.024292011788424,0.021566632168333696,0.014728835008318475,0.06987674414898035,0.00266324381423108,0.03834602148788582,0.0002557447808990171,10,20,0.09925870579137101,0.24898723356972563,False,True,True,3.429461359476131e-05,COMPLETE
379,0.5008994460105896,2025-04-13 04:19:32.231372,2025-04-13 04:19:52.153463,0 days 00:00:19.922091,0.75742092529749,0.19169296777250394,8,0.01854790128537498,0.023517849746606204,0.06431902090995316,0.06831259866280895,0.002849439542261973,0.03225922027049051,0.00024335001902088194,10,20,0.031304523159970475,0.2560190487131538,False,True,True,3.3421181372940407e-05,COMPLETE
380,0.3317110717296601,2025-04-13 04:19:52.272626,2025-04-13 04:20:11.758925,0 days 00:00:19.486299,0.7327604060741146,0.16983203453576246,8,0.01861725790040098,0.023635772629204018,0.013151197351831262,0.07199259441568079,0.00251879138187531,0.0348235704290598,0.00021378725543426768,10,23,0.09504152026991228,0.2118687406581566,False,True,True,2.561988898086492e-05,COMPLETE
381,0.5477941751480102,2025-04-13 04:20:11.878868,2025-04-13 04:20:32.170518,0 days 00:00:20.291650,0.6952022606143511,0.15533338263410146,8,0.014577273026563517,0.014485495671799362,0.00993553933198403,0.0704037944884849,0.004786443528055535,0.02805432151487195,0.0002738467879865935,11,19,0.09287729990379529,0.24339963513953355,False,True,True,1.826423485939924e-05,COMPLETE
382,0.3593454122543335,2025-04-13 04:20:32.300886,2025-04-13 04:20:52.635365,0 days 00:00:20.334479,0.6914512658122439,0.15664941805319538,8,0.010009897721797754,0.007444578178229903,0.010564933178461739,0.07118341465800015,0.004817579505137855,0.028127104878821838,0.00027455983932116813,11,18,0.09872439288736397,0.2486178625581339,False,True,True,1.316959810571371e-05,COMPLETE
383,0.5277630448341369,2025-04-13 04:20:52.754988,2025-04-13 04:21:12.176805,0 days 00:00:19.421817,0.7173848194811219,0.1527038026826014,8,0.010395707192558092,0.013143235100874437,0.009762598788611215,0.07230314545561205,0.0028581953928856507,0.02657085023909827,0.00032515852798371115,10,19,0.09804670415860653,0.2394655308047286,False,True,True,1.7602787720445433e-05,COMPLETE
384,0.3864389300346375,2025-04-13 04:21:12.298433,2025-04-13 04:21:31.955054,0 days 00:00:19.656621,0.7280917057648133,0.18227471693154493,8,0.021222897110997917,0.01062141284802315,0.010335370241873483,0.07025485100436032,0.0027061498930942185,0.024179516067343098,0.00033411748050878157,10,24,0.09871608940196802,0.23903710342571566,False,True,True,1.7222531910748664e-05,COMPLETE
385,0.5232545256614686,2025-04-13 04:21:32.088811,2025-04-13 04:21:51.483716,0 days 00:00:19.394905,0.7464952499363542,0.15606173898499248,8,0.013458326472756323,0.01339654835164084,0.012391752701567928,0.07059660346511817,0.003207937153625247,0.026265000272074936,0.0002728256707546889,10,20,0.09677492236338806,0.24855350055496025,False,True,True,1.1357671294080844e-05,COMPLETE
386,0.3615786790847778,2025-04-13 04:21:51.609279,2025-04-13 04:22:11.722431,0 days 00:00:20.113152,0.7906796888293832,0.20639155751318203,8,0.0028828598633255827,0.0016006871382335044,0.013854022699868369,0.0736090853406647,0.0010647635449068493,0.026548496458023308,0.0002459340626640594,11,21,0.09995483247183495,0.24609208800935756,False,True,True,1.0377213785494501e-05,COMPLETE
387,0.3438737571239472,2025-04-13 04:22:11.844318,2025-04-13 04:22:31.401030,0 days 00:00:19.556712,0.7713669188467638,0.15180236034054317,8,0.005922823974907178,0.008579477432212426,0.017650024952298567,0.07089289069503558,0.0010488221611492095,0.02799824180208091,0.00018258809260605907,10,20,0.09433347791557911,0.2626864004417517,False,True,True,1.170469056647633e-05,COMPLETE
388,0.3831980705261231,2025-04-13 04:22:31.524075,2025-04-13 04:22:50.998899,0 days 00:00:19.474824,0.7346154634835527,0.17640440136618102,8,0.02007792550580527,0.0134935334511757,0.01248622667922765,0.06985940968230557,0.07348180099624613,0.031082652706193793,0.0002663918223621757,10,25,0.09653850657804207,0.25402344740303723,False,True,True,1.593720519849794e-05,COMPLETE
389,0.35992665290832526,2025-04-13 04:22:51.132053,2025-04-13 04:23:11.114002,0 days 00:00:19.981949,0.751533994376473,0.19173520474130415,8,0.008930710182220261,0.07566291279668949,0.01391597396236474,0.0719914915684012,0.0036472204703085847,0.025954014100920342,0.0002207956430187671,11,19,0.09622596352634635,0.25267235842824876,False,True,True,1.3548582392313435e-05,COMPLETE
390,0.33901398777961733,2025-04-13 04:23:11.236789,2025-04-13 04:23:30.787182,0 days 00:00:19.550393,0.8198373563432932,0.15920514978895622,8,0.0006605452367021911,0.01363096903089212,0.011816049482156553,0.0712798320648092,0.0030113809661300277,0.029219995090018776,0.00030032707226018896,10,23,0.09986341217657825,0.2503174718263905,False,True,True,9.202087101377529e-06,COMPLETE
391,0.46436586380004885,2025-04-13 04:23:30.908722,2025-04-13 04:23:50.407784,0 days 00:00:19.499062,0.7165090848574085,0.2111985426352294,8,0.013674927545829151,0.009409621984979638,0.015231409001280987,0.07485929972423862,0.0010517539598317426,0.029914643277679,0.00019180241340265158,10,18,0.09715112068843053,0.25686600100625984,False,True,True,1.906513740905743e-05,COMPLETE
