number,value,datetime_start,datetime_complete,duration,params_alpha-eval,params_alpha-train,params_batch-size,params_eps-eval,params_eps-train,params_lambda-actions-eval,params_lambda-actions-train,params_lambda-frames-eval,params_lambda-frames-train,params_learning-rate,params_n-epochs,params_n-frames,params_radius-gw,params_rho,params_std-feats,params_ub-actions,params_ub-frames,params_weight-decay,state
1739,0.4494309663772583,2025-04-15 10:33:25.349316,2025-04-15 10:33:53.896496,0 days 00:00:28.547180,0.6574552101609997,0.39445497669105617,8,0.04371453053637884,0.024739463352455464,0.004585786355216596,0.07473256347494701,0.04116884758283249,0.07973913242251926,0.0003103242415307424,22,30,0.024067788757785664,0.02951168907015131,True,True,True,1.2970348313175565e-06,COMPLETE
1740,0.38863824605941777,2025-04-15 10:33:54.471161,2025-04-15 10:34:21.613033,0 days 00:00:27.141872,0.5769269363397217,0.29521426581355803,8,0.0750244116812246,0.01452330075754592,0.0066231810756986285,0.08081413943729915,0.02868861529729596,0.07551344100622497,0.00016797264536053046,20,26,0.012994215206724825,0.2930545375399927,True,True,True,5.8100568647743015e-06,COMPLETE
1741,0.47727559804916386,2025-04-15 10:34:22.165396,2025-04-15 10:34:50.241355,0 days 00:00:28.075959,0.31571991744935357,0.3480753667173817,8,0.007029257331180723,0.008879774137019394,0.03918999324307686,0.07672253381750099,0.03502129068581926,0.081838430024475,0.0003617408231329317,21,34,0.019625954840052195,0.08985998063912175,True,True,True,2.5187921673946542e-06,COMPLETE
1742,0.3371707916259766,2025-04-15 10:34:50.817186,2025-04-15 10:35:20.053836,0 days 00:00:29.236650,0.46729697966111505,0.40274671157335146,8,0.05774619377557807,0.00012281984817449562,0.0028460947485338364,0.08464563389852259,0.031248312570498017,0.07783412141736881,0.00015520120317145177,22,72,0.016145079161841925,0.20804571783072914,True,True,True,2.6026577081469068e-08,COMPLETE
1743,0.3595641732215881,2025-04-15 10:35:20.610281,2025-04-15 10:35:46.719371,0 days 00:00:26.109090,0.5550197589487172,0.3591717267042255,8,0.04975360011985163,0.017500584604271976,0.008176290425835848,0.07419840056979833,0.0372356421764952,0.0862468023873089,0.00025227540362867117,19,22,0.011344992774716643,0.020556385797775533,True,True,True,7.532781923351744e-07,COMPLETE
1744,0.24875700473785403,2025-04-15 10:35:47.296478,2025-04-15 10:36:14.307146,0 days 00:00:27.010668,0.616694777047422,0.3196639143857678,8,0.07055755996965074,0.03498844030592117,0.03651153800837166,0.07962749431256146,0.03366945883085952,0.08318080389855566,0.00020903399257621657,20,29,0.01405247333119892,0.010966894053592888,True,True,True,3.701088843207545e-06,COMPLETE
1745,0.485598087310791,2025-04-15 10:36:14.863346,2025-04-15 10:36:44.244257,0 days 00:00:29.380911,0.4861713323610185,0.37806376085693855,8,0.06471064164954918,0.010091534271626608,0.0041994299455654915,0.08193224966831616,0.0303602329779477,0.08022274571923325,0.0003030510606835007,23,32,0.01775345442880529,0.006572978474795545,True,True,True,1.939507276493517e-06,COMPLETE
1746,0.424035906791687,2025-04-15 10:36:44.822565,2025-04-15 10:37:11.686362,0 days 00:00:26.863797,0.5175104770842937,0.28551811686203776,8,0.09087709624437232,0.025630440882257452,0.005866137287562712,0.07677735502574871,0.02664857119622427,0.07821081002643938,0.0003800081990221217,20,25,0.021266304225933712,0.01611556522456461,True,True,True,0.0009339639765010518,COMPLETE
1747,0.4841238617897034,2025-04-15 10:37:12.246790,2025-04-15 10:37:39.808654,0 days 00:00:27.561864,0.5705586369483697,0.3405481646635169,8,0.014572992474226961,0.004907579617616221,0.009178783517896624,0.07525504625628826,0.035893552256614746,0.07582112463655082,0.0002583668188303053,21,28,0.010908780045167191,0.02526750535986455,True,True,True,1.1431648973700646e-06,COMPLETE
1748,0.42651449441909794,2025-04-15 10:37:40.391681,2025-04-15 10:38:06.119470,0 days 00:00:25.727789,0.22505245138409183,0.4016935967117061,8,0.004255000914332476,0.019244738188023768,0.04165779004520094,0.07792482273561704,0.03288104821781563,0.08182883314329037,0.00011597741265585067,18,36,0.01495914278170179,0.012534975631955114,True,True,True,2.9605578999630595e-06,COMPLETE
1749,0.4231745958328247,2025-04-15 10:38:06.686224,2025-04-15 10:38:35.477738,0 days 00:00:28.791514,0.5039817992586423,0.36742378864447217,8,0.058965221693324445,0.012954204567933175,0.0028950080811339894,0.07988510542225208,0.058773132861431474,0.08480447903856787,0.0001869678767894068,22,31,0.01801169278365514,0.019222681168335927,True,True,True,1.4740777798820954e-06,COMPLETE
1750,0.18795708417892457,2025-04-15 10:38:36.060356,2025-04-15 10:39:43.700205,0 days 00:01:07.639849,0.4506382150862585,0.3207372133126149,2,0.04222828343970429,0.029798651123162864,0.0057973053511757985,0.07485374763721087,0.02874027095401189,0.0796315369439252,0.00037161852948204636,19,27,0.013968649737131194,0.006072553250058908,True,True,True,1.6665473521696195e-06,COMPLETE
1751,0.4292813420295716,2025-04-15 10:39:44.263577,2025-04-15 10:40:13.254167,0 days 00:00:28.990590,0.5524916961563306,0.3064100201253652,8,0.05036917207118656,0.023402388209685716,0.00260035510898014,0.0825237274762071,0.03764980977780011,0.08970681469296506,0.00022955957874411231,21,83,0.016391410153130132,0.15338994329353123,True,True,True,2.2033468908503493e-06,COMPLETE
1752,0.4441999435424805,2025-04-15 10:40:13.808987,2025-04-15 10:40:41.113606,0 days 00:00:27.304619,0.3809436865461533,0.3403820405720957,8,0.07868291673219156,0.0064210557449568325,0.007534211954214679,0.07707740090153542,0.034643278028761715,0.07678569894086634,0.0002887757435501136,20,34,0.010276211554022254,0.011734221215309858,True,True,True,8.78854113888285e-07,COMPLETE
1753,0.541176974773407,2025-04-15 10:40:41.692024,2025-04-15 10:41:09.464684,0 days 00:00:27.772660,0.5881938509606764,0.37359625271241653,8,0.06498298863577238,0.015904351753142837,0.004039158136761862,0.07392688548029054,0.03183728295148031,0.07410668554001283,0.0002123336528585697,21,21,0.022337221587542866,0.02093416114970471,True,True,True,1.0747779355307447e-06,COMPLETE
1754,0.3957442998886109,2025-04-15 10:41:10.022448,2025-04-15 10:41:38.756311,0 days 00:00:28.733863,0.5323823012453897,0.40389662575036617,8,0.016472167443618076,0.011193469293690542,0.03737576209652885,0.08702304652296661,0.030346020479333175,0.08743608623111969,0.00013622283329154706,22,24,0.018964227849858517,0.006312379497859997,True,True,True,3.1855830253401275e-06,COMPLETE
1755,0.32450997829437256,2025-04-15 10:41:39.333289,2025-04-15 10:42:06.352434,0 days 00:00:27.019145,0.6201920181131373,0.35271585931791005,8,0.07262800532114029,0.020088412350401243,0.005664364842454944,0.08000189887251029,0.02623079119781541,0.08080796652126307,0.0003237579955972434,20,43,0.012702967963755639,0.13068469928643406,True,True,True,1.2846034283155264e-06,COMPLETE
1756,0.3842192530632019,2025-04-15 10:42:06.939605,2025-04-15 10:42:33.349722,0 days 00:00:26.410117,0.5378572082771271,0.3844079342472193,8,0.05507631252990339,0.0051260741928309105,0.009513095767475976,0.08377614325244431,0.03589086240719925,0.07829849461950664,0.00015335656134916444,19,30,0.015641477545447646,0.2841663586004099,True,True,True,4.553520647475616e-06,COMPLETE
1757,0.35144785642623905,2025-04-15 10:42:33.916015,2025-04-15 10:43:01.715855,0 days 00:00:27.799840,0.5100948772683424,0.28202106503947133,8,0.011278440947909028,0.030988412982937696,0.0025397353343024364,0.07867639197478642,0.03979286224660227,0.08313867556181188,0.0003914660564248746,21,32,0.012249868174883726,0.03617301017912242,True,True,True,1.773814423220533e-06,COMPLETE
1758,0.27899513244628904,2025-04-15 10:43:02.275713,2025-04-15 10:43:29.504742,0 days 00:00:27.229029,0.6600548873074835,0.32998818441670397,8,0.08441499688940349,0.014241883524909,0.004390050441798611,0.07596922478695942,0.033601509999955155,0.07530429920165221,0.0002568898388305957,20,28,0.019697492127233228,0.014945621522452202,True,True,True,1.3428328324816538e-06,COMPLETE
1759,0.3762848377227783,2025-04-15 10:43:30.087689,2025-04-15 10:43:59.262271,0 days 00:00:29.174582,0.5749838515365177,0.35929730251160374,8,0.06519327917002549,0.025104391293431345,0.007421418182889097,0.07370009721010505,0.02909175728511805,0.07898858551965048,0.0001945194964589963,23,37,0.010484394796544588,0.02791356104721482,True,True,True,6.208801544591191e-07,COMPLETE
1760,0.43836520910263066,2025-04-15 10:43:59.829372,2025-04-15 10:44:28.156571,0 days 00:00:28.327199,0.5951501764870054,0.3026951996356999,8,0.048510823505839754,0.009931024786931652,0.005705059897709336,0.07739171401857545,0.03224789618561455,0.08405089304301948,0.0003156632598618422,22,25,0.016672246029121457,0.006024498572762465,True,True,True,2.1259363574326385e-06,COMPLETE
1761,0.18795708417892457,2025-04-15 10:44:28.742662,2025-04-15 10:44:58.890707,0 days 00:00:30.148045,0.4830531871466013,0.3866071704888352,8,0.06035997399879557,0.018811483421751568,0.008365936634676257,0.0738656720013506,0.038213011332274706,0.08102528206282845,0.00044912986839517965,21,126,0.01386366162556024,0.01164635579270922,True,True,True,0.0005989371920156908,COMPLETE
1762,0.49821728467941284,2025-04-15 10:44:59.454586,2025-04-15 10:45:28.770241,0 days 00:00:29.315655,0.559759545360319,0.33095697054379136,8,0.018051853062806485,0.004282858297274938,0.001028536787580748,0.08201556314152797,0.03547200337147291,0.07759548647448376,0.0001722556934072086,23,33,0.021111472480245072,0.019242722822126267,True,True,True,9.261542280961325e-07,COMPLETE
1763,0.41058585643768314,2025-04-15 10:45:29.357263,2025-04-15 10:45:56.413010,0 days 00:00:27.055747,0.5235072395316188,0.4096693221147729,8,0.07590294653669392,0.02312938397038497,0.035643223331472774,0.08089472476598691,0.027955347463685366,0.05243900151743775,0.0002374609433509824,20,29,0.018117049235198055,0.005661121150586516,True,True,True,2.5823772898240544e-06,COMPLETE
1764,0.18795708417892457,2025-04-15 10:45:56.979921,2025-04-15 10:46:23.108902,0 days 00:00:26.128981,0.9557839394345334,0.3785169982179502,8,0.0425835186640404,0.014412315232166448,0.03851134049029247,0.07881722813637763,0.04205142029969989,0.07291198899002645,0.0003721416499258877,19,22,0.015137343520324975,0.014406416851477102,True,True,True,3.741772052866518e-06,COMPLETE
1765,0.18795708417892457,2025-04-15 10:46:23.692407,2025-04-15 10:46:51.425610,0 days 00:00:27.733203,0.6390272297429022,0.35309803429440284,8,0.06988897326632365,0.03669406169834351,0.004069512593302644,0.08501021667570441,0.0871169739750929,0.08566933353781858,0.00030542491426460445,21,27,0.013271297984959927,0.0245739729676321,True,True,True,1.3713230748592427e-06,COMPLETE
1766,0.4025938272476196,2025-04-15 10:46:51.993930,2025-04-15 10:47:20.483574,0 days 00:00:28.489644,0.5379911667005463,0.3125999289750348,8,0.05403221847254821,0.00947168900966557,0.0011005373585135773,0.07602370139338022,0.025669123781819406,0.08243939655813431,0.00026575046506949635,22,32,0.010514130783175472,0.010661461597785301,True,True,True,1.5596361286286482e-06,COMPLETE
1767,0.3454021215438843,2025-04-15 10:47:21.067226,2025-04-15 10:47:48.263585,0 days 00:00:27.196359,0.553772334736657,0.39841777243402304,8,0.006111818466633154,0.018447901638409526,0.006362921283648401,0.07228031356466032,0.030750389852897575,0.07672244513807162,0.0001537653839449416,20,39,0.017064135596234507,0.017494514649191422,True,True,True,5.255099750255708e-06,COMPLETE
1768,0.37912294864654544,2025-04-15 10:47:48.830862,2025-04-15 10:48:16.745571,0 days 00:00:27.914709,0.608695930341832,0.28323018249201626,8,0.06283896572223681,0.00024184723955790986,0.002741202073754701,0.07575681115564951,0.034156735339925255,0.07887691274243273,0.00021121347564528794,21,35,0.024687545984910037,0.0056634477052019405,True,True,True,7.295123880755839e-07,COMPLETE
1769,0.43475002050399786,2025-04-15 10:48:17.333489,2025-04-15 10:48:43.525339,0 days 00:00:26.191850,0.1836582952786947,0.3674902903856117,8,0.06917247958262424,0.026545594805409713,0.00916456494374013,0.040686135718935146,0.06592426124540884,0.08097011484023553,0.0004049764217515717,19,30,0.019873898562397824,0.03322089692554025,True,True,True,1.0514687498974082e-06,COMPLETE
1770,0.3803714632987976,2025-04-15 10:48:44.087909,2025-04-15 10:49:13.816335,0 days 00:00:29.728426,0.5050486792817037,0.3359978549887379,8,0.09995891354934175,0.014773150022799057,0.004853531696361096,0.07894887985207463,0.03231911307040725,0.08768237023734492,0.00033920310111397705,24,24,0.015131515829595814,0.011402861100853035,True,True,True,1.9218643671088134e-06,COMPLETE
1771,0.18795708417892457,2025-04-15 10:49:14.402894,2025-04-15 10:50:25.724565,0 days 00:01:11.321671,0.5828361661657883,0.2940788616897666,2,0.017218147663626733,0.03190411049927001,0.0072116291352519995,0.07315235608985397,0.0383936221790718,0.07486698032292936,0.00011319913623527883,20,27,0.012344170858573233,0.001350915331232934,True,True,True,2.8743132891120705e-06,COMPLETE
1772,0.19231324195861818,2025-04-15 10:50:26.292511,2025-04-15 10:50:54.596361,0 days 00:00:28.303850,0.8803499389348357,0.40652879941164916,8,0.05710054023453023,0.009687478460225036,0.004121473901279043,0.08149881907209039,0.037190908181793304,0.07949627952703683,0.00046478216137846323,22,30,0.017766928132440612,0.024319878427530972,True,True,True,1.11190239814557e-06,COMPLETE
1773,0.4481734037399292,2025-04-15 10:50:55.185549,2025-04-15 10:51:23.079550,0 days 00:00:27.894001,0.2608490976754937,0.35614632371344956,8,0.010735577045115675,0.021425082802711215,0.002590719886438334,0.07706397458468421,0.028148587372143256,0.07211085396763549,0.00018526732699681138,21,35,0.010513800749817993,0.01707084999488387,True,True,True,2.2889558493506016e-06,COMPLETE
1774,0.32345359921455386,2025-04-15 10:51:23.670548,2025-04-15 10:51:49.442857,0 days 00:00:25.772309,0.5228198914824255,0.3780804513016165,8,0.04733164621265563,0.004193262428415818,0.0010513463696987758,0.07188011910794145,0.0342588566497728,0.08416117803411516,0.0002597763919937276,18,27,0.0225922457680523,0.11238840588021845,True,True,True,1.6760132388235844e-06,COMPLETE
1775,0.3435144066810608,2025-04-15 10:51:50.017067,2025-04-15 10:52:19.402831,0 days 00:00:29.385764,0.5693161464449211,0.31254825828342153,8,0.0789397010048719,0.01574342453935221,0.04089498925820085,0.07950949430776355,0.030445089498516792,0.07694682911184926,0.00020900523455861565,23,32,0.013511583462765367,0.010723809002956018,True,True,True,0.00041927953761765406,COMPLETE
1776,0.5181742668151855,2025-04-15 10:52:19.972873,2025-04-15 10:52:47.104609,0 days 00:00:27.131736,0.4742080579863143,0.33732416603892584,8,0.0203108876035402,0.025822922699942928,0.07925316843762643,0.07498421990654972,0.036310414138323865,0.08225560868074189,0.00028731082599804805,20,24,0.015449327591865184,0.021034231439938954,True,True,True,6.385916362295759e-06,COMPLETE
1777,0.5859404921531678,2025-04-15 10:52:47.699442,2025-04-15 10:53:15.459735,0 days 00:00:27.760293,0.6071406289276368,0.3867940869086462,8,0.053589671699809334,0.010499330687977287,0.03532848288102408,0.07748502709301068,0.025505779935481764,0.08083045779761296,0.00014822889799570645,21,29,0.02033257919559444,0.00695211571197524,True,True,True,8.218362204203531e-07,COMPLETE
1778,0.3632577478885651,2025-04-15 10:53:16.028544,2025-04-15 10:53:44.224656,0 days 00:00:28.196112,0.6031615408053533,0.39620348462234506,8,0.051601523815112536,0.021795007342249414,0.035628794028925416,0.08098251759189125,0.02518985744632641,0.08469507172509205,0.00011487133607227697,21,41,0.022770680855738995,0.0015833432939923956,True,True,True,7.095606931007271e-07,COMPLETE
1779,0.38149861097335813,2025-04-15 10:53:44.811946,2025-04-15 10:54:12.648121,0 days 00:00:27.836175,0.6116163463991106,0.41155197126771426,8,0.05347851067324496,0.029060177479501,0.036573008090465965,0.07870464047489752,0.04044646749021873,0.08269578083738621,0.00011763126303712902,21,37,0.020814533795099767,0.005941106119126704,True,True,True,6.016294168850133e-07,COMPLETE
1780,0.5443269491195679,2025-04-15 10:54:13.225508,2025-04-15 10:54:40.665350,0 days 00:00:27.439842,0.6311249922801031,0.4103287110522102,8,0.0457768019189721,0.01864912727278687,0.03448684076190578,0.08075279305073177,0.034735015140557185,0.08511697847383533,0.00012834956532352078,21,21,0.023740317109935582,0.0014492188320381115,True,True,True,8.504935053994942e-07,COMPLETE
1781,0.4534291386604309,2025-04-15 10:54:41.256551,2025-04-15 10:55:09.481705,0 days 00:00:28.225154,0.5956458820382541,0.38865962443216595,8,0.05728402472471578,0.02328989497823046,0.03777645914572166,0.08307893811060646,0.024977714830985008,0.0829454826326246,0.0001298309070123956,22,26,0.023621784402929714,0.006097188745445833,True,True,True,9.833156820262033e-07,COMPLETE
1782,0.5894447565078735,2025-04-15 10:55:10.055167,2025-04-15 10:55:38.461210,0 days 00:00:28.406043,0.6313179340735611,0.4036684347229379,8,0.05385124810016927,0.016855782853550223,0.03625469759681878,0.07760155640876355,0.032888354704497066,0.08132960822808996,0.00014080779917955962,22,33,0.021807257423246504,0.005811359928565181,True,True,True,7.724254288698291e-07,COMPLETE
1783,0.18795708417892457,2025-04-15 10:55:39.052597,2025-04-15 10:56:07.334831,0 days 00:00:28.282234,0.6447929719172723,0.4133249955769969,8,0.047644623091885115,0.03885044107264166,0.035010547090450025,0.0780934323481416,0.03610275829449594,0.08603725280765245,9.76195088177218e-05,22,39,0.02435319792409059,0.007076640802707729,True,True,True,6.639222587207051e-07,COMPLETE
1784,0.44433723688125615,2025-04-15 10:56:07.906103,2025-04-15 10:56:36.773497,0 days 00:00:28.867394,0.6431120420357846,0.4182987769268102,8,0.04123062135998962,0.031079161459664308,0.03919097919348394,0.07969386756449913,0.03419132521659238,0.08412552553104762,0.00013137915676796638,22,37,0.02456743912027687,0.00542930581079787,True,True,True,7.761821540521043e-07,COMPLETE
1785,0.18795708417892457,2025-04-15 10:56:37.360895,2025-04-15 10:57:05.784031,0 days 00:00:28.423136,0.636412208813492,0.11371097560402832,8,0.050295297010798365,0.08481727540448425,0.036709158938726845,0.07864667878864795,0.032876037987145355,0.08772353475327205,0.00013503230627000135,22,40,0.021722007963658488,0.0010387384073007756,True,True,True,5.905349965862394e-07,COMPLETE
1786,0.5062218070030213,2025-04-15 10:57:06.379684,2025-04-15 10:57:35.492957,0 days 00:00:29.113273,0.6211694401191438,0.4218917819612122,8,0.050000372528073475,0.026304592181995108,0.035293640367527364,0.07740098049956542,0.037032620918980276,0.08315795007288439,0.0001502612883329307,23,35,0.021824733385692147,0.0011723141782170104,True,True,True,8.769184960661435e-07,COMPLETE
1787,0.41392236948013306,2025-04-15 10:57:36.084384,2025-04-15 10:58:04.590594,0 days 00:00:28.506210,0.6201695465834062,0.3989120088003835,8,0.047913981786674276,0.03339736881891154,0.03814500722157321,0.08045325268424393,0.035371580342508396,0.08613726827614156,0.0001357251250150401,22,35,0.022909723886208426,0.009217303844027504,True,True,True,5.422552157255487e-07,COMPLETE
1788,0.34812880754470826,2025-04-15 10:58:05.161796,2025-04-15 10:58:34.530063,0 days 00:00:29.368267,0.6630309347441189,0.40788782819816116,8,0.04953993863776764,0.02221340162087334,0.03495947814729701,0.07795945773208836,0.03334125690015168,0.05674142028752083,0.00014832722333294422,23,37,0.021775213029782355,0.25823249978204216,True,True,True,6.791738300828053e-07,COMPLETE
1789,0.38731887340545657,2025-04-15 10:58:35.125223,2025-04-15 10:59:03.629191,0 days 00:00:28.503968,0.6625089008587297,0.2737543918206197,8,0.04317800070833689,0.026936851426166954,0.04031164765825268,0.08218423062489184,0.03877821755906531,0.08165116123349489,0.00015581527543275325,22,34,0.024933807534732087,0.0011382291264722053,True,True,True,8.0256053201738e-07,COMPLETE
1790,0.56042640209198,2025-04-15 10:59:04.204623,2025-04-15 10:59:32.897051,0 days 00:00:28.692428,0.6394074038798737,0.391088978273004,8,0.0537094997689914,0.01912097015481384,0.03606504441363351,0.07709689750393856,0.09080688327305991,0.08383576267103479,0.00010706646601638261,22,33,0.022664064309484748,0.01056734222485285,True,True,True,7.728684411113892e-07,COMPLETE
1791,0.24008750915527344,2025-04-15 10:59:33.495786,2025-04-15 11:00:01.187547,0 days 00:00:27.691761,0.6617834515770757,0.4117749159983484,8,0.04107935822378553,0.017264643145387278,0.037468501998025705,0.07937934454060626,0.03590798609876471,0.08154415861352221,0.00010908408832723771,21,43,0.025251467549358086,0.010254394197935588,True,True,True,6.571307015798743e-07,COMPLETE
1792,0.4123831033706665,2025-04-15 11:00:01.762219,2025-04-15 11:01:18.527302,0 days 00:01:16.765083,0.6196843674226595,0.3785654240046113,2,0.05471021663991888,0.027705776856111537,0.03944493009329899,0.07685616723156273,0.03213109266562416,0.08590533134692858,0.00010763237235258215,22,39,0.02613548991743639,0.012042378755575393,True,True,True,8.600012448336844e-07,COMPLETE
1793,0.18795708417892457,2025-04-15 11:01:19.118047,2025-04-15 11:01:46.798728,0 days 00:00:27.680681,0.6237734290552357,0.2830127425373215,8,0.04320911481919478,0.14518819769295727,0.03545391738800461,0.08053832234045344,0.03412743928195589,0.08914497013089354,0.00012320654816334788,21,33,0.020642071916830696,0.006203820525708577,True,True,True,9.874782174920147e-07,COMPLETE
1794,0.3862957894802094,2025-04-15 11:01:47.396631,2025-04-15 11:02:16.963843,0 days 00:00:29.567212,0.6420566803177717,0.2992721010088016,8,0.05823693429983459,0.022061073323348983,0.03459303723801649,0.08269879505056259,0.03822469433736897,0.08142446613614433,0.00014025132562868828,23,47,0.021046392656405254,0.013910168057559874,True,True,True,1.0936445549641527e-06,COMPLETE
