number,value,datetime_start,datetime_complete,duration,params_alpha-eval,params_alpha-train,params_batch-size,params_eps-eval,params_eps-train,params_lambda-actions-eval,params_lambda-actions-train,params_lambda-frames-eval,params_lambda-frames-train,params_learning-rate,params_n-epochs,params_n-frames,params_radius-gw,params_rho,params_std-feats,params_ub-actions,params_ub-frames,params_weight-decay,state
561,0.38204631805419925,2025-04-15 01:57:28.969765,2025-04-15 01:57:50.656094,0 days 00:00:21.686329,0.09383924693784827,0.5710891491602557,8,0.1504382984960265,0.010730904983888472,0.044889656919475114,0.09640065194945752,0.0027683306941826843,0.06957338648451966,0.0001039677032955048,10,10,0.03394939376961971,0.03419926341888405,False,False,False,1.0994544927969144e-07,COMPLETE
562,0.3613021016120911,2025-04-15 01:57:50.831455,2025-04-15 01:58:12.544434,0 days 00:00:21.712979,0.39414660705499954,0.010298636614551382,8,0.13310984668721496,0.011574568773933635,0.04738728672325842,0.017118450425433307,0.0071856667124049235,0.0680601357504196,0.00014521481189090884,10,19,0.03902533432415193,0.025776453518430484,False,False,False,4.683662256398557e-08,COMPLETE
563,0.4913322687149048,2025-04-15 01:58:12.729647,2025-04-15 01:58:34.891894,0 days 00:00:22.162247,0.11612937778350538,0.5431166394845126,8,0.15583542328110322,0.007368399594631391,0.04617889787319445,0.09467253421529996,0.004659065239744356,0.06789767292222554,0.00011122114235587753,10,17,0.03648259432497309,0.036308453993347097,False,False,False,7.903733134826186e-08,COMPLETE
564,0.18795708417892457,2025-04-15 01:58:35.067926,2025-04-15 01:58:56.993052,0 days 00:00:21.925126,0.12581976796977773,0.5082248339707297,8,0.15773769372473787,0.0002282269708463805,0.04896985741666612,0.09528964311739013,0.0048742427610614664,0.07130745935586397,0.00012511456833531597,11,12,0.034958498377301736,0.030344863132886844,False,False,False,6.444312232358073e-08,COMPLETE
565,0.340750515460968,2025-04-15 01:58:57.181659,2025-04-15 01:59:34.120499,0 days 00:00:36.938840,0.13747096724405317,0.5536658817824178,8,0.15312414161263044,0.006934340852260634,0.04721132530468815,0.09793512373044913,0.0027237037237729587,0.07242455647229043,0.00015104247764499237,29,10,0.037048229715250965,0.016428363295673782,False,False,False,8.932400521260979e-08,COMPLETE
566,0.41786761283874513,2025-04-15 01:59:34.296364,2025-04-15 01:59:57.517125,0 days 00:00:23.220761,0.15259376020397988,0.5289167479134991,8,0.15431074554438073,0.00491734284535268,0.045662906952992924,0.09268584621696396,0.007341784675990066,0.06932564253977135,0.0001103734853061699,12,8,0.03301681384287143,0.03676445058934805,False,False,False,7.042714056949312e-08,COMPLETE
567,0.39798433780670167,2025-04-15 01:59:57.706089,2025-04-15 02:00:19.429515,0 days 00:00:21.723426,0.1154547108486112,0.5230974827512118,8,0.14449529981644893,0.01094717777553431,0.05023001211751185,0.09256372303528039,0.005199231167013096,0.07306665245635603,0.00010249925248090653,10,15,0.038447057430012935,0.024584065206868302,False,False,False,1.2072605784798087e-07,COMPLETE
568,0.40981789827346804,2025-04-15 02:00:19.610816,2025-04-15 02:00:41.977519,0 days 00:00:22.366703,0.943523837194219,0.5410893420115186,8,0.15534121728948957,0.012245094168864965,0.04809212599820512,0.09895985027314731,0.009561586223276176,0.06756631218471836,0.000130059955789071,11,16,0.03707314150547697,0.03532913002217449,False,False,False,8.084957946927413e-08,COMPLETE
569,0.4030677318572998,2025-04-15 02:00:42.168229,2025-04-15 02:01:07.064937,0 days 00:00:24.896708,0.1117220404710971,0.5401599967876672,8,0.15047456973156953,0.005057773122239321,0.05133414330897259,0.09804209003066086,0.0025391222221474155,0.06029961392309885,9.901875554833163e-05,14,18,0.03073632409743008,0.01068640025813377,False,False,False,5.722088778929734e-08,COMPLETE
570,0.48604238033294683,2025-04-15 02:01:07.245021,2025-04-15 02:01:29.065419,0 days 00:00:21.820398,0.180008265134058,0.5632715873030272,8,0.14510325400051072,0.012538110473191054,0.04518432447774474,0.09672028863588708,0.0067037703244190415,0.05647367702469768,0.00011712198731391506,10,17,0.03496391183082958,0.02844362819410046,False,False,False,1.1177200234888489e-07,COMPLETE
571,0.38031342029571535,2025-04-15 02:01:29.244944,2025-04-15 02:01:51.140575,0 days 00:00:21.895631,0.14370387351651875,0.5540871838215586,8,0.147091451147916,0.005562722988158566,0.020933876330223377,0.09407832597013899,0.01511981355664573,0.054975929235337874,0.00014808088029216835,10,14,0.03503662954942206,0.021813741282142595,False,False,False,4.4206949696573976e-08,COMPLETE
572,0.37812401056289674,2025-04-15 02:01:51.329158,2025-04-15 02:02:12.909086,0 days 00:00:21.579928,0.17811622053520051,0.5359108438362378,8,0.14217264994905146,0.013034246860303375,0.045599909975001296,0.0949758937225062,0.01128524061862114,0.055703181521208775,0.0001251645202003319,10,12,0.03367944225522455,0.027807099460159045,False,False,False,8.593833141806352e-08,COMPLETE
573,0.40543419122695923,2025-04-15 02:02:13.088065,2025-04-15 02:02:35.826356,0 days 00:00:22.738291,0.1172136055319907,0.5725457397398581,8,0.14822944271212657,0.010839247725582535,0.04338250637259902,0.09691962400732027,0.008134104503804338,0.06546606905044945,0.00011132354121229734,11,20,0.03932866361954848,0.016362750943132467,False,False,False,6.85858286831015e-08,COMPLETE
574,0.39819949865341187,2025-04-15 02:02:36.015426,2025-04-15 02:02:56.027566,0 days 00:00:20.012140,0.1684416371111841,0.4855800343627433,8,0.13811659870039214,0.0016203922981523318,0.04713951408866621,0.09613364274133418,0.0068651142793169015,0.04812689819818748,0.00015910411366665064,11,15,0.03598660236749701,0.030111792735514963,False,False,True,9.837663217015842e-08,COMPLETE
575,0.3050814032554627,2025-04-15 02:02:56.208119,2025-04-15 02:03:15.671246,0 days 00:00:19.463127,0.07645491289875335,0.5132079600611195,8,0.15717637964444947,0.013034650529887174,0.040868193794851494,0.09944983862470644,0.010410207916315155,0.07161237964928154,9.985933411355789e-05,10,17,0.03317443419177317,0.022317537737634414,True,True,False,1.1586521195044713e-07,COMPLETE
576,0.44290536642074585,2025-04-15 02:03:15.861289,2025-04-15 02:03:39.308391,0 days 00:00:23.447102,0.30597763952106893,0.5762247609949566,8,0.13952401939527811,0.0068784616424136,0.04550049203763174,0.09368769079048823,0.008666092046095834,0.05707986946696729,0.00012923463850324625,12,18,0.03590917390107842,0.03181465656008571,False,False,False,1.627183673305788e-07,COMPLETE
577,0.47170132398605347,2025-04-15 02:03:39.486591,2025-04-15 02:04:01.372072,0 days 00:00:21.885481,0.2170191755845382,0.5543631499170394,8,0.14695138966114718,0.015140665118597359,0.0491651971824968,0.09585041213812495,0.005890113775720989,0.06351266780057646,0.00015733944052237757,10,20,0.040216079209937305,0.0379533406339997,False,False,False,6.348177921487403e-08,COMPLETE
578,0.18795708417892457,2025-04-15 02:04:01.563014,2025-04-15 02:04:22.679195,0 days 00:00:21.116181,0.21618097028179584,0.5495940785217033,8,0.14847809110250246,0.0001450507181829314,0.04956713094095763,0.09701955273795429,0.005238410324021374,0.06228640690140773,0.00012450575101731508,10,16,0.03890489796472404,0.012413681496173475,False,False,False,4.3022392087912324e-08,COMPLETE
579,0.3968341112136841,2025-04-15 02:04:22.860057,2025-04-15 02:04:45.463455,0 days 00:00:22.603398,0.22899345327520415,0.531506748121997,8,0.1527975009196483,0.013706535149578286,0.048700240773287204,0.09085307907326311,0.0042789556988738825,0.06068406366247201,0.00014746040374597069,11,20,0.04028780194580682,0.2268603038583642,False,False,False,4.6912735066964006e-08,COMPLETE
580,0.37787191867828374,2025-04-15 02:04:45.658894,2025-04-15 02:05:07.362127,0 days 00:00:21.703233,0.25174437645721115,0.557112550778143,8,0.13316026356996705,0.008473713570531633,0.05127749891556797,0.09540631672591224,0.06605229328634267,0.0641464734096713,0.00016734029679146348,10,13,0.040812963546103476,0.026528369025580263,False,False,False,6.82406076806114e-08,COMPLETE
581,0.2851226329803467,2025-04-15 02:05:07.545770,2025-04-15 02:05:28.919446,0 days 00:00:21.373676,0.2073446604637304,0.5659306886089943,8,0.16010884648745896,0.00711701745532808,0.049675715434126515,0.0946112091155734,0.006335996148545765,0.05916854057645359,0.0001620715144309048,10,7,0.03709145829077579,0.03695079641093989,False,False,False,6.001847222286393e-08,COMPLETE
582,0.42144335508346564,2025-04-15 02:05:29.113002,2025-04-15 02:05:50.821480,0 days 00:00:21.708478,0.17441322045569832,0.58196771881578,8,0.14541137895581796,0.014611910795552404,0.044442671012470826,0.09653727716421949,0.008100251014794016,0.0667596898337375,0.00011518161459283842,10,17,0.0318395963956937,0.021580514341270198,False,False,False,9.352447337281702e-08,COMPLETE
583,0.4823447108268738,2025-04-15 02:05:51.003939,2025-04-15 02:06:13.650498,0 days 00:00:22.646559,0.035522583839985286,0.5139870544028864,8,0.12953019866599538,0.014680439484782093,0.04211477167666257,0.08904955370332096,0.004310697438748701,0.06411823272991583,0.00013860168511819142,11,20,0.035137022749272606,0.032549859747340266,False,False,False,1.2497494710148433e-07,COMPLETE
584,0.30851864218711855,2025-04-15 02:06:13.832081,2025-04-15 02:06:36.446093,0 days 00:00:22.614012,0.03624748185740584,0.49249954634732646,8,0.13349949996821747,0.008510504961121665,0.04390048816357123,0.08908125361159308,0.0029079514934215542,0.06394525493337593,0.00015774598513192126,11,19,0.035418938218235066,0.029599067115606767,False,False,False,8.506542175335471e-08,COMPLETE
585,0.18795708417892457,2025-04-15 02:06:36.640020,2025-04-15 02:06:59.585830,0 days 00:00:22.945810,0.1947517540167681,0.5043640123118687,8,0.1397460019787639,0.0003454619251659699,0.04106434342164288,0.09202701200568005,0.004372818278173984,0.06560675789514085,0.00013737644883034814,12,20,0.03735559572478156,0.018489166751721957,False,False,False,5.999331534683195e-08,COMPLETE
586,0.377291202545166,2025-04-15 02:06:59.769307,2025-04-15 02:07:22.353713,0 days 00:00:22.584406,0.035876383293664736,0.5069841980910805,8,0.12978517427692826,0.014968692644815281,0.038694290174418146,0.09369980029225573,0.006788997770370996,0.06724842098122076,0.00016242053057895364,11,12,0.03424873805830354,0.03223167794729898,False,False,False,1.1798266064392829e-07,COMPLETE
587,0.4880377531051636,2025-04-15 02:07:22.546343,2025-04-15 02:07:44.358024,0 days 00:00:21.811681,0.03137897049506064,0.5262574174690791,8,0.12939193326684423,0.014966051357204161,0.046296173971924065,0.09819009931852991,0.010082624812246975,0.06374317255013799,0.00012642492237208136,10,17,0.02981275256182598,0.02613128800527919,False,False,False,7.809944441385503e-08,COMPLETE
588,0.3830663442611694,2025-04-15 02:07:44.541592,2025-04-15 02:08:07.209309,0 days 00:00:22.667717,0.030975626722997147,0.4933184077704238,8,0.12879288215442955,0.007519917092570395,0.04243202275040348,0.09817863479725002,0.014796634556395672,0.06263251463940207,0.00013133707115323012,11,15,0.03112075761222534,0.00928419339294467,False,False,False,5.3438611302546475e-08,COMPLETE
589,0.47513947486877445,2025-04-15 02:08:07.403722,2025-04-15 02:08:29.299312,0 days 00:00:21.895590,0.026573048762831508,0.5218438845456723,8,0.13609761381414176,0.013699386534150077,0.046072129929900965,0.09752894949906386,0.009715420518390363,0.06370106310238927,0.00015868786779070273,10,17,0.03113748703436697,0.02457932465464423,False,False,False,8.002564866484346e-08,COMPLETE
590,0.394188141822815,2025-04-15 02:08:29.483417,2025-04-15 02:08:52.032864,0 days 00:00:22.549447,0.025396400403289405,0.5139104184393711,8,0.14265965396977068,0.005695760737155928,0.042933165218526526,0.09828844135570888,0.011601045969579588,0.06137083078564398,0.0001681024211726611,11,9,0.029579147180326636,0.017930028222951366,False,False,False,7.188632060284083e-08,COMPLETE
591,0.18795708417892457,2025-04-15 02:08:52.228147,2025-04-15 02:09:13.271487,0 days 00:00:21.043340,0.02569628285936826,0.46741367257480126,8,0.13515380161120766,0.00011929819776265336,0.04550437800497198,0.09597862983877259,0.012857161659015726,0.06433989072949436,0.00016661721260038246,10,13,0.029250227378594965,0.024035042639173814,False,False,False,6.070124272476436e-08,COMPLETE
592,0.3794474959373474,2025-04-15 02:09:13.455240,2025-04-15 02:09:37.192230,0 days 00:00:23.736990,0.19271986277735353,0.5245662368408099,8,0.12746554860682519,0.012147691496797106,0.04582305878505995,0.09777670290676083,0.010854945056907185,0.06564902045221147,0.00013404688276950934,12,16,0.030434361786265553,0.013923675332725812,False,False,False,8.524240455708939e-08,COMPLETE
593,0.42191925048828127,2025-04-15 02:09:37.389713,2025-04-15 02:09:59.866100,0 days 00:00:22.476387,0.032122526299773226,0.5274062442211229,8,0.14656927369665762,0.011783550542853165,0.0412925733117012,0.09774654174167316,0.015274221862678648,0.06208604473518706,0.0001427101085038011,11,17,0.033248928516721954,0.025318354857811726,False,False,False,4.6940603678329765e-08,COMPLETE
594,0.29543973207473756,2025-04-15 02:10:00.051268,2025-04-15 02:10:19.304159,0 days 00:00:19.252891,0.03126319997860214,0.533547082840062,8,0.1366645420098655,0.015675915955694994,0.04714338333028941,0.09342155346498209,0.012556875370128987,0.070167481711692,0.0001714382648202202,10,10,0.028681984287584974,0.02154761879216363,True,False,True,8.048025770712156e-08,COMPLETE
595,0.38491215705871584,2025-04-15 02:10:19.503864,2025-04-15 02:10:38.775092,0 days 00:00:19.271228,0.024524222015887952,0.5070519758550548,8,0.15421405523541626,0.007590504370406517,0.04361924889516713,0.09531731669993875,0.00958563999687503,0.060341322445184385,0.00011783597344584363,10,14,0.03152020299680978,0.028353117131159945,False,True,False,6.297627001138946e-08,COMPLETE
596,0.41010667085647584,2025-04-15 02:10:38.959981,2025-04-15 02:11:00.788706,0 days 00:00:21.828725,0.0521351266886326,0.5469491136811575,8,0.12922853534658102,0.004638760867707244,0.04624171317824322,0.0995479226546345,0.009975126425787021,0.06431582827408305,0.00011989941937610262,10,18,0.03287453442102366,0.014900124625634111,False,False,False,9.00102493402979e-08,COMPLETE
597,0.4837711572647095,2025-04-15 02:11:00.987785,2025-04-15 02:11:23.792824,0 days 00:00:22.805039,0.047024244966858184,0.5430759369043243,8,0.13957533806978034,0.01490558832716857,0.04200737658160402,0.09339333120317729,0.012167485652075614,0.0590150432156443,0.00013901701965318364,11,18,0.03581568492844925,0.024836964776011397,False,False,False,9.843907137907221e-08,COMPLETE
598,0.40101659297943115,2025-04-15 02:11:23.979204,2025-04-15 02:11:47.288557,0 days 00:00:23.309353,0.026681492049482017,0.5363237370616202,8,0.14812485739486753,0.013554234658818833,0.03907573406427262,0.09173167475741428,0.016281256766903434,0.05842540253836286,0.00013998035299118917,12,14,0.038851242220405764,0.018662853269571303,False,False,False,7.428353892817756e-08,COMPLETE
599,0.42263302803039554,2025-04-15 02:11:47.475608,2025-04-15 02:12:10.147355,0 days 00:00:22.671747,0.044203930086782035,0.5227364433535963,8,0.14102829354313193,0.009481040527767746,0.04371046012219481,0.08598310342488004,0.010944113376511648,0.057950870559416646,0.00014924011578623146,11,18,0.0349086821019224,0.025510729700403415,False,False,False,9.959785229287731e-08,COMPLETE
600,0.37339625358581546,2025-04-15 02:12:10.343506,2025-04-15 02:12:33.933076,0 days 00:00:23.589570,0.2790635152005281,0.4865182396241709,8,0.13836078465133864,0.01566181446217991,0.043050381298705205,0.09402304614492966,0.014493531812032868,0.06309530760425938,0.00015787693681873074,12,17,0.03570310120748891,0.005781848826458168,False,False,False,1.25756376930875e-07,COMPLETE
601,0.40560909509658816,2025-04-15 02:12:34.120456,2025-04-15 02:12:58.642587,0 days 00:00:24.522131,0.012075953772460818,0.5514404188790282,8,0.14643726360762546,0.00774903924587818,0.03656428400984559,0.08966772521335066,0.010033411218992868,0.05984706153632911,0.00017986118924759648,13,20,0.03223779631719726,0.010649435145868833,False,False,False,5.197532167501643e-08,COMPLETE
602,0.3854172587394714,2025-04-15 02:12:58.841089,2025-04-15 02:13:21.449957,0 days 00:00:22.608868,0.04934207536197323,0.5452415336624223,8,0.15453696191220434,0.005196052048323957,0.04206594879492723,0.09994161524864664,0.012291875683655413,0.06738859590819701,0.0001334811312399531,11,13,0.03723586897567466,0.02027506777676432,False,False,False,1.1159345276281533e-07,COMPLETE
603,0.38680124282836914,2025-04-15 02:13:21.638871,2025-04-15 02:13:44.120944,0 days 00:00:22.482073,0.024033525856692998,0.5138530764028777,8,0.13810201400794117,0.01706718848525849,0.04127142600202302,0.09646334986029012,0.011231998518425056,0.0629021574720232,0.00011665810021425509,11,11,0.028160316573033167,0.02644091779886692,False,False,False,7.339705192724835e-08,COMPLETE
604,0.2812677681446075,2025-04-15 02:13:44.318778,2025-04-15 02:14:05.885743,0 days 00:00:21.566965,0.043824564208376424,0.5650841970600399,8,0.132952007536305,0.011461104568863005,0.04776397991141778,0.09317093921464241,0.013546392199099632,0.06876633494065394,0.00017767254058329596,10,5,0.03980194152084256,0.030104520868989335,False,False,False,9.008727998612962e-08,COMPLETE
605,0.49423973560333256,2025-04-15 02:14:06.075241,2025-04-15 02:14:28.664976,0 days 00:00:22.589735,0.059630404485847804,0.4989934218043919,8,0.1422449825313073,0.017094267410973023,0.04002611719084895,0.09500610803905284,0.012714803291441538,0.061329289246243084,0.00011188227152925971,11,20,0.03408661684720821,0.02050504548714373,False,False,False,1.3374841186408774e-07,COMPLETE
606,0.41033434867858887,2025-04-15 02:14:28.863828,2025-04-15 02:14:51.463291,0 days 00:00:22.599463,0.685393840541582,0.4838200351009946,8,0.14070433067370008,0.005585935470868105,0.038492148211337604,0.09493820967563607,0.010399403034565092,0.06054596976814314,0.00011786582125981353,11,20,0.03378872201012887,0.02380022227243767,False,False,False,4.078944885495573e-08,COMPLETE
607,0.26606238484382627,2025-04-15 02:14:51.650689,2025-04-15 02:15:15.012278,0 days 00:00:23.361589,0.028425519693190744,0.49775277436007004,8,0.14532038369992242,0.10838498171860808,0.037968015484616854,0.0903371230024817,0.016934103541722402,0.06560128529393658,0.0001323453246473001,12,16,0.03226615322164626,0.03203066629219169,False,False,False,1.0312344816000083e-07,COMPLETE
608,0.48746302127838137,2025-04-15 02:15:15.212935,2025-04-15 02:15:38.112931,0 days 00:00:22.899996,0.05238804220803358,0.4611519811730652,8,0.13363292228841375,0.014828001157696969,0.036264637222048604,0.09181045466730357,0.013875856390852474,0.057267537978873476,0.00010699863163307757,11,20,0.031015139693918718,0.02092760906433419,False,False,False,1.3605940772118435e-07,COMPLETE
609,0.4089135766029358,2025-04-15 02:15:38.302502,2025-04-15 02:16:01.625433,0 days 00:00:23.322931,0.010043648975843589,0.499067899680098,8,0.13168515766200853,0.010729244601487515,0.0358317754948568,0.09236464605891408,0.015065047618102621,0.057444650393421344,0.00015852824905439244,12,17,0.029689347615068,0.019152711447324798,False,False,False,1.3460482726156085e-07,COMPLETE
610,0.2373336434364319,2025-04-15 02:16:01.827711,2025-04-15 02:16:24.670074,0 days 00:00:22.842363,0.048337513690744,0.5225330070989281,8,0.13554032921727124,0.09602940160078553,0.033337090423668864,0.0945565409812733,0.012654689338235815,0.055125470609963555,0.00011121491420506007,11,20,0.030103441391854474,0.016113514687408494,False,False,False,1.3101075342087607e-07,COMPLETE
611,0.18795708417892457,2025-04-15 02:16:24.856968,2025-04-15 02:16:48.017510,0 days 00:00:23.160542,0.0320887551780783,0.47658885775425947,8,0.14265972419608677,0.0007139431578769995,0.03775608497333159,0.08848254432872935,0.012683194546281742,0.05700189482273778,0.0001357312836555997,12,15,0.03152820948626212,0.025780710783252662,False,False,False,6.324087070930409e-08,COMPLETE
612,0.3898150205612183,2025-04-15 02:16:48.218909,2025-04-15 02:17:10.600263,0 days 00:00:22.381354,0.04948737785974651,0.44678542941036153,8,0.13990722768064023,0.015235106879748076,0.03575298522141814,0.0966727543526667,0.01709858843624722,0.061858980067411716,0.00011014582704174769,11,11,0.0347691783443147,0.02102663237601299,False,False,False,9.649593627624251e-08,COMPLETE
613,0.18795708417892457,2025-04-15 02:17:10.789809,2025-04-15 02:17:34.398942,0 days 00:00:23.609133,0.060343489487583,0.4634272495063003,8,0.13329455403485832,0.00044648507535129806,0.03661001910180857,0.09026011202216287,0.014206527287409825,0.05248196575643335,0.00016291913481629038,13,20,0.034361414952191735,0.014899555259282755,False,False,False,1.4891003258218796e-07,COMPLETE
614,0.42127779722213743,2025-04-15 02:17:34.601413,2025-04-15 02:17:54.655009,0 days 00:00:20.053596,0.025175523370042162,0.5082832868052324,8,0.1295879040060513,0.009873103295829582,0.03502903204878602,0.09185034757524409,0.012908669495502657,0.06043089811730721,0.00011147697849356638,11,18,0.032155861462494696,0.02369876454206298,False,False,True,7.332544333441293e-08,COMPLETE
615,0.43503261804580695,2025-04-15 02:17:54.845575,2025-04-15 02:18:17.571059,0 days 00:00:22.725484,0.042928150582443515,0.5350061670699353,8,0.14821711857179437,0.015470689868770916,0.04148247351607172,0.0952861571801627,0.014652344435655757,0.058775653994559064,9.606546519772947e-05,11,16,0.027439210318792717,0.028787389358328253,True,False,False,1.1061220121803082e-07,COMPLETE
616,0.1927390217781067,2025-04-15 02:18:17.771943,2025-04-15 02:18:38.475884,0 days 00:00:20.703941,0.06310585795604277,0.4781916725228865,8,0.13606980237183258,0.005798599958918438,0.03199662564634504,0.09764328931885313,0.012463488924808936,0.06309525590654973,0.00013272690031765927,11,150,0.036599062749356225,0.02098374568750082,False,True,False,7.915365483009158e-08,COMPLETE
