number,value,datetime_start,datetime_complete,duration,params_alpha-eval,params_alpha-train,params_batch-size,params_eps-eval,params_eps-train,params_lambda-actions-eval,params_lambda-actions-train,params_lambda-frames-eval,params_lambda-frames-train,params_learning-rate,params_n-epochs,params_n-frames,params_radius-gw,params_rho,params_std-feats,params_ub-actions,params_ub-frames,params_weight-decay,state
1848,0.2168977975845337,2025-04-13 12:55:36.995441,2025-04-13 12:55:55.151262,0 days 00:00:18.155821,0.936097463829795,0.13534677799045547,16,0.01674658171214216,0.009726057763265829,0.06767771679259037,0.08451865245169658,0.04060340912425284,0.08842189013372198,0.00011895899506026844,17,34,0.021542291383515898,0.02608567454727495,False,True,True,0.0006476237480470272,COMPLETE
1849,0.5518204927444459,2025-04-13 12:55:55.776478,2025-04-13 12:56:15.246207,0 days 00:00:19.469729,0.8264469599319233,0.11287669216360365,16,0.030638382312168373,0.02093401648458438,0.0308657103784582,0.06876184153055968,0.03548532002979243,0.08219812217980874,9.56647451249857e-05,19,36,0.014471782866316132,0.01803514686343719,False,True,True,0.0004388881660048743,COMPLETE
1850,0.3489571809768677,2025-04-13 12:56:15.846605,2025-04-13 12:56:34.008668,0 days 00:00:18.162063,0.7821827951649154,0.19686034951731568,16,0.017052870693099784,0.014239037578822205,0.035883866397725395,0.07125603488314931,0.046172868057479985,0.0804566181523184,6.952356492098889e-05,16,44,0.010214844167157448,0.011196339361432758,False,True,True,0.000274549412762084,COMPLETE
1851,0.2007311046123505,2025-04-13 12:56:34.633965,2025-04-13 12:56:53.361037,0 days 00:00:18.727072,0.8865727111359806,0.17681462046276833,16,0.024892866071596943,0.005128213902536141,0.017292194591501133,0.08192827266870083,0.0421738984805766,0.09144186816161125,0.00013665612597199862,18,29,0.0161719043935977,0.007209227600556869,False,True,True,0.00021528443624912295,COMPLETE
1852,0.37655442953109747,2025-04-13 12:56:53.962469,2025-04-13 12:57:11.443773,0 days 00:00:17.481304,0.845268271641168,0.06553794886598949,16,0.02949620289678689,0.0105430517825152,0.03343997973782503,0.07492747311116592,0.037848915533366535,0.08869979630978345,8.048009670265648e-05,15,38,0.04179239150211326,0.02140911501275188,False,True,True,0.0003618144907580721,COMPLETE
1853,0.3930097818374634,2025-04-13 12:57:12.064131,2025-04-13 12:57:30.087014,0 days 00:00:18.022883,0.8016728601814944,0.04427984253990275,16,0.017011051218304596,0.018607502352590555,0.029807898493764414,0.07787392063549964,0.03922347517899784,0.09360999466193694,0.00010618138389769111,16,33,0.01885682097021478,0.02664716664641082,False,True,True,0.0005563947517605304,COMPLETE
1854,0.1868580520153046,2025-04-13 12:57:30.686882,2025-04-13 12:57:49.031779,0 days 00:00:18.344897,0.868562941823796,0.15119628176090788,16,0.03887823785932252,0.004748000466691386,0.028660191436925532,0.07977059715593908,0.03410076836302204,0.0771346602687081,2.8878685712543876e-05,17,40,0.012112549817872756,0.014344591082220106,False,True,True,0.00029991116127948216,COMPLETE
1855,0.5055681824684143,2025-04-13 12:57:49.650492,2025-04-13 12:58:08.492995,0 days 00:00:18.842503,0.8281466852144372,0.11005185960648772,16,0.022683505006489624,0.023817397317506702,0.019484909815287894,0.07639438983185591,0.0438628096807365,0.08347090498590229,0.00013573821278244107,19,35,0.014171271707265043,0.005441197777352913,False,True,False,0.00025316624998592577,COMPLETE
1856,0.3190522789955139,2025-04-13 12:58:09.093389,2025-04-13 12:58:27.968499,0 days 00:00:18.875110,0.8114032684435891,0.13433036885332408,16,0.03431478342177845,0.01270505318084901,0.032207986609746816,0.07350917413536098,0.040762166432459127,0.08193217749587063,9.253137907910253e-05,18,25,0.02092748220951942,0.0202620227767152,True,True,True,1.1573267314239912e-06,COMPLETE
1857,0.3576737403869629,2025-04-13 12:58:28.586133,2025-04-13 12:58:46.835759,0 days 00:00:18.249626,0.3910853957799836,0.09653798098253058,16,0.016118595274764978,0.005231434364824196,0.03455422364310989,0.08160231953410899,0.042388660421497165,0.07917529806905173,0.00011578765845779249,17,31,0.01611164811174313,0.011975870475236908,False,False,True,0.00020840464073165676,COMPLETE
1858,0.2771237373352051,2025-04-13 12:58:47.464989,2025-04-13 12:59:05.501586,0 days 00:00:18.036597,0.8574115942301167,0.04555282706849942,16,0.02648619644894358,0.014230770168121196,0.03051725652612322,0.08372656510235392,0.030800128346927733,0.08920174720754936,6.731903041076173e-05,16,43,0.01826494747646266,0.01635412196974931,False,True,True,0.0004118939613423529,COMPLETE
1859,0.27584630250930786,2025-04-13 12:59:06.105134,2025-04-13 12:59:24.784890,0 days 00:00:18.679756,0.7818504622608343,0.06671141048218274,16,0.021614091457975264,0.009427518844760781,0.015200404770044912,0.05235246589936941,0.048948815462567796,0.07494504931744032,8.474487901142575e-05,18,28,0.010139262816043115,0.02756037346946063,False,True,True,0.00034338919909456287,COMPLETE
1860,0.4093242764472962,2025-04-13 12:59:25.408170,2025-04-13 12:59:43.734906,0 days 00:00:18.326736,0.8349717828653929,0.12242932645257576,16,0.015422397586302289,0.017126163663634956,0.01726245679857497,0.07906879593043965,0.03607408992309746,0.08279451071275173,0.00010217752073467639,17,37,0.025845764638548797,0.0057379260533724505,False,True,True,0.00020455310622975774,COMPLETE
1861,0.21443783044815065,2025-04-13 12:59:44.343050,2025-04-13 13:00:01.962406,0 days 00:00:17.619356,0.8840594793461286,0.15559000211340068,16,0.030364288440429613,0.025688428093749674,0.0328435739975986,0.07717975978932981,0.039592106323083215,0.08070797320275852,0.00016577009326396942,16,33,0.0232204204102871,0.021609596560468812,False,True,True,0.00046722341141996646,COMPLETE
1862,0.1864810585975647,2025-04-13 13:00:02.560728,2025-04-13 13:00:21.659836,0 days 00:00:19.099108,0.9189015289224575,0.21868940613988974,16,0.02209121259795067,0.005177215191018814,0.03535557370873429,0.0852521852507693,0.04444634782628437,0.08778147320623252,0.00013251783114616775,19,41,0.012614941787880973,0.011658975506779098,False,True,True,0.0002907320502393524,COMPLETE
1863,0.6036204695701599,2025-04-13 13:00:22.276371,2025-04-13 13:00:41.070494,0 days 00:00:18.794123,0.8008508640864481,0.08707899552928473,16,0.014418938502089994,0.010263452462813804,0.011739688199976707,0.08136936374803513,0.03790036618036757,0.0843884318948471,7.70669537383166e-05,18,36,0.016853921115034195,0.015946151668194512,False,True,True,0.0005673984666758928,COMPLETE
1864,0.4430733442306519,2025-04-13 13:00:41.698742,2025-04-13 13:01:00.146745,0 days 00:00:18.448003,0.7849939068603266,0.10142870041092923,16,0.013040752845301075,0.0001534377984732365,0.013297256129572398,0.08030519473830312,0.03261557063341823,0.07811579311311792,9.658241237291635e-05,17,45,0.014692784314474043,0.006070750045748131,False,True,True,0.0008763304429356225,COMPLETE
1865,0.4831519484519959,2025-04-13 13:01:00.750505,2025-04-13 13:01:19.428305,0 days 00:00:18.677800,0.7854091624489586,0.11122556075472748,16,0.013162907928670978,0.00027230253610935166,0.012591009943737064,0.0792702107626303,0.03450989570701199,0.08077271143452515,0.00010922144157434677,18,39,0.059428368645532685,0.011773488198619543,False,True,True,0.0009101735841480404,COMPLETE
1866,0.27122414112091064,2025-04-13 13:01:20.055861,2025-04-13 13:01:38.462191,0 days 00:00:18.406330,0.7763134475729733,0.09420869779544509,16,0.012535137132980096,0.018447415555139575,0.011473438260458461,0.07527592876986171,0.03631809525389524,0.08348626910797188,0.0828874443179743,17,38,0.01332764740734219,0.0014507178092289606,False,True,True,0.0007131249096903267,COMPLETE
1867,0.3929952383041382,2025-04-13 13:01:39.071216,2025-04-13 13:01:57.747369,0 days 00:00:18.676153,0.7968440685560159,0.12186730534020944,16,0.014900834082269138,0.009680255284251389,0.01145387596506631,0.07801508109841368,0.034769763408363574,0.08236867334793133,8.339698608946338e-05,18,42,0.07187766488194461,0.01529234686877121,False,True,True,0.0006870606212721307,COMPLETE
1868,0.18795708417892457,2025-04-13 13:01:58.373996,2025-04-13 13:02:16.516035,0 days 00:00:18.142039,0.7962399881350525,0.09078662298774691,16,0.22403655333627653,0.014493287112413922,0.011783301932616074,0.08152954752721682,0.03762927725974902,0.07971518886199425,0.00011749385998167009,17,36,0.015645004092364388,0.010891580788239152,False,True,True,0.000830433068011654,COMPLETE
1869,0.4184905052185059,2025-04-13 13:02:17.142176,2025-04-13 13:02:35.975269,0 days 00:00:18.833093,0.7728720140092079,0.10551189116967594,16,0.016056156869002518,0.027176570152792567,0.01171199118924952,0.07646179366953373,0.03734927881559246,0.08346656148710992,9.210836240538795e-05,18,46,0.012064210200866645,0.016850626287781823,False,True,True,0.0006844645528684277,COMPLETE
1870,0.4710762262344361,2025-04-13 13:02:36.584481,2025-04-13 13:02:54.870927,0 days 00:00:18.286446,0.7707790281284591,0.12430122067566905,16,0.008359240772540837,0.005419433251486895,0.01390608691697021,0.07270439236350104,0.03142742324995072,0.08454740733939223,0.012628170755724984,17,31,0.017163773611955764,0.005516549159295199,False,True,True,0.0005985642255018393,COMPLETE
1871,0.58263738155365,2025-04-13 13:02:55.474184,2025-04-13 13:03:13.874164,0 days 00:00:18.399980,0.8055311140162266,0.08474820455902532,16,0.018584601836124197,0.020909831920943596,0.009590703092967908,0.08013800159018876,0.03418067230875323,0.07692055016657168,0.00015020556002556248,17,34,0.019161081619321795,0.015563883494330265,False,True,True,0.0006435932841938022,COMPLETE
1872,0.3329084038734436,2025-04-13 13:03:14.497002,2025-04-13 13:03:33.445887,0 days 00:00:18.948885,0.7995002526883719,0.13506543762781983,16,0.01076261296666883,0.010680819547152422,0.01087826587053371,0.07843565069264763,0.03574328150442152,0.08117138603787064,7.733881684114882e-05,18,39,0.014471827258195426,0.0014728334368105875,False,True,True,0.0005384403108169911,COMPLETE
1873,0.5119551062583924,2025-04-13 13:03:34.077098,2025-04-13 13:03:51.706245,0 days 00:00:17.629147,0.7705247382454931,0.11107724993795677,16,0.01760590498782635,0.01471310240943198,0.014020058288937102,0.08143214511461108,0.0390071984518739,0.07866938210165006,0.00012287283005449419,15,36,0.010886905655687184,0.010068884420091313,False,True,False,0.0008297708177498659,COMPLETE
1874,0.3929952383041382,2025-04-13 13:03:52.313642,2025-04-13 13:04:10.367950,0 days 00:00:18.054308,0.8094583082696941,0.08694683372665915,16,0.0086272856404923,0.005547184660088791,0.013101328785989297,0.07530575730455916,0.03850225643811242,0.0910103818759632,0.00010140027442215759,16,30,0.016059625399849342,0.017716324048168378,False,True,True,0.0006260298857501075,COMPLETE
1875,0.5915065526962281,2025-04-13 13:04:10.993107,2025-04-13 13:04:29.904438,0 days 00:00:18.911331,0.7919002707931242,0.0817290875455941,16,0.024766152656645557,0.021100513102855118,0.010743115321736288,0.07751378175250008,0.03679401100305389,0.09720722248379457,0.00013693197021330967,18,33,0.019337098329582778,0.020463054619861993,False,True,True,0.0005495607719190983,COMPLETE
1876,0.41026847362518315,2025-04-13 13:04:30.513722,2025-04-13 13:04:52.679025,0 days 00:00:22.165303,0.8142514674510529,0.14025591688862554,16,0.01580158890925845,0.00971570825439433,0.011133661933831293,0.07432754845745912,0.07501068617921054,0.08575386041836452,7.959532702850238e-05,17,129,0.013517944535361455,0.01013925170632569,True,True,True,0.0007923644807766488,COMPLETE
1877,0.34382519721984867,2025-04-13 13:04:53.304309,2025-04-13 13:05:10.577264,0 days 00:00:17.272955,0.7790096685886284,0.10691683980984001,16,0.005145325289289477,0.016513171154134587,0.015697405890686595,0.07978539854819311,0.037459803043501404,0.08239006778282763,0.00016119067961119145,14,41,0.020764167193917975,0.013949247249001387,False,False,True,0.0006074588688398408,COMPLETE
1878,0.26802639961242675,2025-04-13 13:05:11.214907,2025-04-13 13:05:29.737002,0 days 00:00:18.522095,0.8014751923304787,0.1596550208474276,16,0.04194702479445727,0.00017777387000212548,0.014437929371324477,0.08221420024716065,0.03415763384077658,0.08696828419246652,0.00011219313788928838,18,37,0.01654285937723798,0.021104968237346287,False,True,True,0.0009968617468898205,COMPLETE
1879,0.39485656023025517,2025-04-13 13:05:30.351070,2025-04-13 13:05:48.429066,0 days 00:00:18.077996,0.7676125410881953,0.10044504592924496,16,0.021579490595363796,0.00533438877556869,0.07912134308046169,0.07721461239094041,0.04051133652088611,0.019161762669514623,9.455672095533926e-05,16,33,0.018190658776853403,0.006313257372988986,False,True,True,0.0005405285735345262,COMPLETE
1880,0.3581542134284973,2025-04-13 13:05:49.063428,2025-04-13 13:06:07.644964,0 days 00:00:18.581536,0.8166923269637981,0.12662443896714223,16,0.01336961021420266,0.02673854002086113,0.01301517669642293,0.07901427433702835,0.046847434120643,0.09409142728019469,0.00011283360566532361,17,29,0.010386485797416231,0.015220951136256666,False,True,True,0.0007314987472898723,COMPLETE
1881,0.18795708417892457,2025-04-13 13:06:08.258713,2025-04-13 13:06:25.857744,0 days 00:00:17.599031,0.7889407234247376,0.17841741141067166,16,0.10556522567756102,0.24931349511389422,0.009973090619395386,0.07215768662734266,0.039366408403336973,0.08423291029189904,7.931890885142358e-05,16,27,0.014985910651359772,0.0014092089539560378,False,True,True,0.0005111869185146029,COMPLETE
1882,0.18795708417892457,2025-04-13 13:06:26.501947,2025-04-13 13:06:45.104011,0 days 00:00:18.602064,0.8190854540593491,0.07982291758211543,16,0.07305014371171396,0.011017418517399166,0.014718493327940355,0.07611005110882367,0.03229655565611793,0.07224182564586114,0.00013463496138628583,18,36,0.012411592059834652,0.010161608298602737,False,True,True,0.0005089481882537537,COMPLETE
1883,0.40019912719726564,2025-04-13 13:06:45.723989,2025-04-13 13:07:04.187179,0 days 00:00:18.463190,0.7613697532081632,0.12039137833631522,16,0.027769499376048428,0.015950805948219758,0.015327087223036502,0.08099447165241198,0.04228213152348567,0.08000671803304965,9.630447857769613e-05,17,42,0.016921429012283343,0.021305638318411174,False,True,True,0.0006597165122396015,COMPLETE
1884,0.48697988986969,2025-04-13 13:07:04.821267,2025-04-13 13:07:22.507469,0 days 00:00:17.686202,0.09386041884516055,0.14199221223771125,16,0.019228952945025985,0.005339637968816905,0.03356646330107381,0.07454657271576894,0.03613360687251594,0.08121014073367942,0.00011596486380093608,15,68,0.022891990091313503,0.019194133289238496,False,True,True,0.00046281074383264903,COMPLETE
1885,0.18795708417892457,2025-04-13 13:07:23.118698,2025-04-13 13:07:41.610940,0 days 00:00:18.492242,0.7989749874320285,0.07392672699188677,16,0.03662028549058504,0.10837566752773163,0.03662239750036876,0.08280743764516012,0.03007625243539808,0.07583019265526912,0.00016221491232952252,17,33,0.014179844672966102,0.007412974853336326,False,True,True,0.0004666532683851294,COMPLETE
1886,0.1898930609226227,2025-04-13 13:07:42.218323,2025-04-13 13:08:00.514652,0 days 00:00:18.296329,0.8235989020061628,0.09458882486832684,16,0.012579022124079452,0.0003390644200122993,0.030857947102533215,0.04107455440954491,0.04136094552878819,0.08947308851647812,7.20451807114517e-05,16,39,0.02056254103306673,0.014660488011395835,False,True,True,0.0007852790182490356,COMPLETE
1887,0.33958432674407957,2025-04-13 13:08:01.142672,2025-04-13 13:08:19.916893,0 days 00:00:18.774221,0.7834261210453137,0.1956652769829837,16,0.023481767402952602,0.020157451706455297,0.016539428336857877,0.0778845193888589,0.037966210650448896,0.0921088712243612,9.36284872244602e-05,18,31,0.017529193467596595,0.026049229022051288,False,True,True,0.0005964819024012547,COMPLETE
1888,0.18795708417892457,2025-04-13 13:08:20.556148,2025-04-13 13:08:38.408714,0 days 00:00:17.852566,0.8145100677288352,0.16200395291823327,16,0.028122962261644555,0.26348440820487046,0.03248843755543375,0.08024550450842098,0.04455829217404698,0.08413152996963388,0.00013724647081961126,16,36,0.015376825915044684,0.01138329772801921,False,True,True,0.0004307283183149047,COMPLETE
1889,0.3929952383041382,2025-04-13 13:08:39.021825,2025-04-13 13:08:57.266566,0 days 00:00:18.244741,0.7747281394132011,0.11048343095797436,16,0.009792704088189054,0.010543291989504497,0.01014737774292906,0.07021133029750076,0.03949604324372401,0.08686552871095696,0.000112189255052774,17,38,0.012149835124451683,0.020648147677050917,False,True,True,0.0005048327003471232,COMPLETE
1890,0.3768024206161499,2025-04-13 13:08:57.897409,2025-04-13 13:09:20.060381,0 days 00:00:22.162972,0.7952723116271164,0.07786525785774054,16,0.03205817741596366,0.00918715702392172,0.035264149800407506,0.0791787233530424,0.03541720830868099,0.08240419768810006,8.55013108562466e-05,28,25,0.01907443315797272,0.0011211896199500773,False,True,True,0.0003936692577124641,COMPLETE
1891,0.20506092309951784,2025-04-13 13:09:20.668972,2025-04-13 13:09:38.049662,0 days 00:00:17.380690,0.8306241619431105,0.12673689432928506,16,0.018678507940927805,0.02321212930050952,0.029443030004649127,0.07659279425168397,0.04613330374367472,0.07904486299994003,0.0001655655375743684,15,50,0.037258042401125,0.015210138047036722,False,True,False,0.0006530040432063873,COMPLETE
1892,0.18795708417892457,2025-04-13 13:09:38.687422,2025-04-13 13:09:57.582920,0 days 00:00:18.895498,0.8071972233378752,0.1444420550681132,16,0.004591954486377186,0.13916744077872076,0.012459018248605059,0.07382754205930621,0.042918492479252654,0.08501482094069202,0.00012916144354699016,18,34,0.013591698669282306,0.024381396821786167,False,True,True,0.00041619822644651025,COMPLETE
1893,0.33161029815673826,2025-04-13 13:09:58.225903,2025-04-13 13:10:16.666963,0 days 00:00:18.441060,0.7636308182985553,0.09852866551410547,16,0.021462427423796872,0.015939616168462595,0.03164699139834974,0.08215649934660726,0.038074244113997256,0.08819644084800686,7.173964928383758e-05,17,44,0.01050718623219618,0.007891795225916662,False,True,True,0.00042051214315488736,COMPLETE
1894,0.3256502866744995,2025-04-13 13:10:17.278599,2025-04-13 13:10:35.690915,0 days 00:00:18.412316,0.8315802241052468,0.17882895756721087,16,0.013689025300482344,0.030541534117857268,0.034100236827672645,0.08107188140296571,0.04098847952892675,0.08182117173248847,9.985701833434147e-05,16,40,0.01626586755593103,0.01732671217023586,True,False,True,0.0005106239276952655,COMPLETE
1895,0.3929952383041382,2025-04-13 13:10:36.329144,2025-04-13 13:10:55.068374,0 days 00:00:18.739230,0.7855589208701576,0.07194403900771049,16,0.02717595775115007,0.006347963609043609,0.014770884505641438,0.0780737534522672,0.03914181094748692,0.07768903518888752,8.784224781243627e-05,18,30,0.021458107917561222,0.010167023302399523,False,True,True,0.0007838002295652292,COMPLETE
1896,0.18795708417892457,2025-04-13 13:10:55.681034,2025-04-13 13:11:13.466598,0 days 00:00:17.785564,0.8114723823424417,0.11260484083152716,16,0.2996721451546029,0.013994593719814688,0.03694305079441133,0.08276634807339242,0.03269174578899488,0.09073887414678151,0.00011722516386635088,16,35,0.018150008655260504,0.023305064425614586,False,True,True,0.00037304645461952245,COMPLETE
1897,0.28832910060882566,2025-04-13 13:11:14.103722,2025-04-13 13:11:31.527187,0 days 00:00:17.423465,0.8307783741155816,0.154265501407759,16,0.03505319278417257,0.010739689501196815,0.01696304424521588,0.07626011944086736,0.04864084170457616,0.08388273638434514,0.00016161721456489902,15,32,0.014977931137619938,0.0010161905660558638,False,True,True,0.0005512207189010203,COMPLETE
1898,0.409960412979126,2025-04-13 13:11:32.143919,2025-04-13 13:12:35.043186,0 days 00:01:02.899267,0.7606631817385814,0.08938193733031935,2,0.04342793181561523,0.02002674467713319,0.03115666479985024,0.08027232711463853,0.043527161890869775,0.08630553502932461,1.3662246159900969e-05,17,38,0.01980797311736012,0.015912951213145496,False,True,True,0.0003665807560430657,COMPLETE
1899,0.275951087474823,2025-04-13 13:12:35.673597,2025-04-13 13:12:49.958728,0 days 00:00:14.285131,0.7982346797413561,0.13224632330698463,16,0.01725994609300319,0.004884901587094597,0.02955925162287084,0.07866744439301536,0.03621742719257044,0.08029833862551783,0.00010257687971713506,5,41,0.012511235481578044,0.007919576764405375,False,True,True,0.0006076716374159904,COMPLETE
1900,0.3929952383041382,2025-04-13 13:12:50.601673,2025-04-13 13:13:09.550649,0 days 00:00:18.948976,0.8463035178318659,0.06818777225541595,16,0.005679385236727341,0.00026738379090748745,0.03322441191273156,0.08441151577471491,0.041779788123465375,0.08824242403234688,0.0001298093028975742,18,29,0.01712224762246152,0.02448593068986809,False,True,True,0.00034900585468148406,COMPLETE
1901,0.3913182377815247,2025-04-13 13:13:10.173386,2025-04-13 13:13:28.651295,0 days 00:00:18.477909,0.8227675074366091,0.20780146652621675,16,0.02602232218062815,0.013673965981600162,0.013734029108006977,0.07307614946530608,0.04556475004683898,0.0947034456777581,7.77086385448658e-05,17,62,0.05113356428790512,0.018496588238364895,False,True,True,0.00047977523296243276,COMPLETE
1902,0.6034101128578186,2025-04-13 13:13:29.289699,2025-04-13 13:13:47.387124,0 days 00:00:18.097425,0.7905946299729947,0.09951185329958623,16,0.01976380610326313,0.005704154201828962,0.028218738339102982,0.07579372532610167,0.03998231508955035,0.08332273892220883,0.00014268316003874279,16,35,0.024350593891196322,0.012174729258471333,False,True,True,0.00031232997342846736,COMPLETE
1903,0.3308058023452759,2025-04-13 13:13:48.003030,2025-04-13 13:14:06.939169,0 days 00:00:18.936139,0.7640874610912418,0.08525457138142982,16,0.00873270002209454,0.00477235438863718,0.02737482033099295,0.07135644306456318,0.035379682695149475,0.08269944351283072,0.00015919873003441594,18,46,0.028194568042224873,0.0077383277312609005,False,True,True,0.00019759298632644932,COMPLETE
