number,value,datetime_start,datetime_complete,duration,params_alpha-eval,params_alpha-train,params_batch-size,params_eps-eval,params_eps-train,params_lambda-actions-eval,params_lambda-actions-train,params_lambda-frames-eval,params_lambda-frames-train,params_learning-rate,params_n-epochs,params_n-frames,params_radius-gw,params_rho,params_std-feats,params_ub-actions,params_ub-frames,params_weight-decay,state
1459,0.4244898915290833,2025-04-15 08:12:27.271236,2025-04-15 08:12:57.682382,0 days 00:00:30.411146,0.6044633627984166,0.3465121985680866,8,0.04964644583436512,0.026586755836412127,0.0030979152386432385,0.0744289777570531,0.03374053895749973,0.07506105061757769,0.0003455168559970889,25,32,0.011453095027521468,0.022961197631740645,True,True,True,1.8271734853161687e-06,COMPLETE
1460,0.5721067547798158,2025-04-15 08:12:58.146999,2025-04-15 08:13:25.794571,0 days 00:00:27.647572,0.5828514337511776,0.3671160525368615,8,0.055206479079774,0.01854556764665829,0.009251533550543221,0.06727139372918338,0.030847170410249855,0.07327380156301645,0.00024283277054996588,21,24,0.017954897123340138,0.018626534971618754,True,True,True,2.7300437218612002e-06,COMPLETE
1461,0.5845247507095337,2025-04-15 08:13:26.261026,2025-04-15 08:13:53.117827,0 days 00:00:26.856801,0.5434754804565126,0.323752623667275,8,0.0680610724620353,0.01791552688651296,0.0044527413649881305,0.07781974483960774,0.036394819444987646,0.07783264456074239,0.00028380993136901066,20,29,0.015089609186457168,0.013627431232221435,True,True,True,1.0005866827084395e-06,COMPLETE
1462,0.18795708417892457,2025-04-15 08:13:53.600661,2025-04-15 08:14:18.954347,0 days 00:00:25.353686,0.5269564814185335,0.3170963156911216,8,0.08028848322582594,0.08178749649840228,0.004704024973891181,0.07942062551367207,0.038027143262105836,0.07560011384794142,0.00018781420559980168,18,34,0.016661134649200302,0.03086073193820406,True,True,True,1.1040419704006189e-07,COMPLETE
1463,0.18795708417892457,2025-04-15 08:14:19.426061,2025-04-15 08:14:46.419379,0 days 00:00:26.993318,0.5123197189756983,0.29376077911689397,8,0.07154052342588625,0.10527338079443704,0.002860282173410111,0.08070393878002624,0.039262059055738346,0.07738604188178876,0.00022630664574991555,20,32,0.019957284810673628,0.02577615895921704,True,True,True,1.1892541687455247e-06,COMPLETE
1464,0.4001901984214783,2025-04-15 08:14:46.883611,2025-04-15 08:15:13.366932,0 days 00:00:26.483321,0.5409730139888325,0.32405432050690786,8,0.08447755855845215,0.03206418668062199,0.004529722079418412,0.07778692241809354,0.03626688347775706,0.07981803268923868,0.00016058570800349002,19,36,0.012754847308190475,0.022164267026051707,True,True,True,9.806936086854776e-07,COMPLETE
1465,0.3272463917732239,2025-04-15 08:15:13.837219,2025-04-15 08:15:40.069432,0 days 00:00:26.232213,0.5549484307286353,0.29429362796980907,8,0.0674160675401348,0.02784858476552565,0.001014660653135146,0.08213000189513946,0.04094412029024473,0.07342227885168702,0.000266083517631677,19,30,0.01769409216402952,0.015743831524925662,True,True,True,1.1364555136870989e-06,COMPLETE
1466,0.4359370350837708,2025-04-15 08:15:40.571702,2025-04-15 08:16:06.940021,0 days 00:00:26.368319,0.5166244820473164,0.312581807017171,8,0.07272695874558743,0.022929733060856876,0.0036373869416339607,0.07868304337867203,0.03656809016369129,0.08160340311442062,0.0001970887821597315,19,36,0.015381496004096018,0.020191130264050908,True,True,True,1.2788231335673536e-06,COMPLETE
1467,0.512330436706543,2025-04-15 08:16:07.410342,2025-04-15 08:16:34.599897,0 days 00:00:27.189555,0.4879840018636006,0.3077259988059786,8,0.08899987620296763,0.019484018274666476,0.005379503176714203,0.07894030362151333,0.0433836623220735,0.07648962249786265,0.00027315250161005685,20,29,0.011257813849322552,0.03121509042077522,True,True,True,1.4054296446733216e-06,COMPLETE
1468,0.42086179256439216,2025-04-15 08:16:35.070319,2025-04-15 08:17:02.126085,0 days 00:00:27.055766,0.49954849593485384,0.28403395991305247,8,0.07003373677899315,0.03614716258089277,0.006106819281511568,0.08108745458807946,0.038118931409682505,0.07890246248333241,0.00023817698903526167,20,32,0.02086460894351438,0.015472772019117169,True,True,True,1.2124180499282665e-06,COMPLETE
1469,0.18795708417892457,2025-04-15 08:17:02.594585,2025-04-15 08:17:30.051279,0 days 00:00:27.456694,0.5444629876325854,0.3286419380024102,8,0.07443305374061772,0.02548395935727249,0.0915525472953218,0.0774015720015621,0.035165877887520625,0.07491081827465453,0.00028121012923280615,20,70,0.015177461401708689,0.02545401986078065,True,True,True,1.013069772532656e-06,COMPLETE
1470,0.5853349208831787,2025-04-15 08:17:30.545128,2025-04-15 08:17:56.979556,0 days 00:00:26.434428,0.5388504193423652,0.30422236688437404,8,0.07615510064240144,0.018434820507541232,0.0031852136195602704,0.07724276586875821,0.03537165611291092,0.0824898683969193,0.0002029165611766662,19,29,0.018747575807484318,0.014422142244090826,True,True,True,1.088678381975421e-06,COMPLETE
1471,0.3689179539680481,2025-04-15 08:17:57.449636,2025-04-15 08:18:23.818388,0 days 00:00:26.368752,0.533219207479257,0.28997930837238306,8,0.0684865245620208,0.031371396175860454,0.0028633659028918204,0.08007875991824921,0.03941286326387476,0.0832246188716751,0.0001568920366469393,19,39,0.020165692928999408,0.023225507514894196,True,True,True,1.0551682631122355e-06,COMPLETE
1472,0.4035144925117493,2025-04-15 08:18:24.299890,2025-04-15 08:18:50.485706,0 days 00:00:26.185816,0.5214015549027395,0.30318310234060497,8,0.07605281617181928,0.024586350051461096,0.0033964088360334847,0.07858088571425985,0.03781990789863966,0.08304771885073946,0.00016030843816558705,19,32,0.02215847876698269,0.01995946339592991,True,True,True,9.882548038233327e-07,COMPLETE
1473,0.18795708417892457,2025-04-15 08:18:50.957640,2025-04-15 08:19:17.164497,0 days 00:00:26.206857,0.5571708540655756,0.3013650719525499,8,0.06506208049523782,0.06738311817588014,0.0011190576790786264,0.08129320265615209,0.03558201399047392,0.08274570122461683,0.00019200388968194235,19,35,0.01912256721820634,0.02786989436709373,True,True,True,9.944972193018236e-07,COMPLETE
1474,0.2483509659767151,2025-04-15 08:19:17.658364,2025-04-15 08:19:43.095232,0 days 00:00:25.436868,0.5487231635365972,0.31852223873925983,8,0.08596076517968519,0.04057317020963955,0.004433045623770997,0.08363693500045752,0.040575969882202294,0.08186128194952876,0.00015084905054511198,18,28,0.018721843577337825,0.017104889666998076,True,True,True,9.077337339493706e-07,COMPLETE
1475,0.38450379371643073,2025-04-15 08:19:43.566758,2025-04-15 08:20:10.558219,0 days 00:00:26.991461,0.5346386216627791,0.3240947645266181,8,0.07267002487786924,0.028482498856544396,0.0030814053146758554,0.07711905701870918,0.03546987377797241,0.08300106823792001,0.00018967931462775158,20,25,0.020944409726785837,0.023487364802704205,True,True,True,9.425030490063054e-07,COMPLETE
1476,0.40272928476333625,2025-04-15 08:20:11.031435,2025-04-15 08:20:37.316170,0 days 00:00:26.284735,0.508938222870438,0.29615848275675066,8,0.08014813229334891,0.021257884215392254,0.005848360423899298,0.07790959310594714,0.037559488548759214,0.08105266074572356,0.0002066941591304949,19,30,0.021469506793780492,0.031018530632752016,True,True,True,8.462028352732747e-07,COMPLETE
1477,0.4659745454788208,2025-04-15 08:20:37.811374,2025-04-15 08:21:49.561027,0 days 00:01:11.749653,0.557760571168371,0.3177034967862905,2,0.06327390965562843,0.018612690068880142,0.0027030415531363178,0.07988326925495905,0.03620074061488433,0.08388728626230403,0.00014940234596672522,20,34,0.018256427861880774,0.015509830288222035,True,True,True,1.4661195039825846e-06,COMPLETE
1478,0.18795708417892457,2025-04-15 08:21:50.042229,2025-04-15 08:22:15.913733,0 days 00:00:25.871504,0.501250427530422,0.28465311400102655,8,0.0688748384516466,0.04658971343401177,0.004794817542297667,0.08273169824789904,0.037760440212271464,0.08131701652747694,0.00022272924612257576,19,27,0.01775348915386123,0.014008026418018352,True,True,True,1.0939354562781952e-06,COMPLETE
1479,0.3678814709186554,2025-04-15 08:22:16.388460,2025-04-15 08:22:43.841924,0 days 00:00:27.453464,0.5300052208926636,0.27534705773452983,8,0.07439801633347534,0.02254923589359688,0.007010937647950647,0.07683717189463907,0.03362118355373085,0.08026356892970718,0.0001915126256345246,20,46,0.019348841315667484,0.08444802301147243,True,True,True,1.2601025972350953e-06,COMPLETE
1480,0.39144400358200077,2025-04-15 08:22:44.313548,2025-04-15 08:23:10.547771,0 days 00:00:26.234223,0.5623084182060313,0.32801723777967506,8,0.06366559423982077,0.03056105824801148,0.003105331769098261,0.07884254019899692,0.039214802591367566,0.08027143067474654,0.00030949616226829703,19,31,0.02142216873223355,0.019196619035178615,True,True,True,8.288514263517711e-07,COMPLETE
1481,0.3343359172344208,2025-04-15 08:23:11.037708,2025-04-15 08:23:36.521842,0 days 00:00:25.484134,0.5308962223900465,0.3413412884451187,8,0.07628652859973985,0.0176646501610781,0.005928105965984556,0.07635230857597722,0.03546299095115196,0.0810775284456549,0.00024243150151229855,18,40,0.017114590536145453,0.012956213751156277,True,True,True,1.6941328312109548e-06,COMPLETE
1482,0.18795708417892457,2025-04-15 08:23:36.997013,2025-04-15 08:24:03.575197,0 days 00:00:26.578184,0.5538314864639063,0.305971064198994,8,0.06073244165044222,0.03651224859997956,0.0025666943144601563,0.08050781163691577,0.04242553225482294,0.08410271916518006,0.0003135734860501618,20,24,0.016731758714385453,0.02396484134699548,True,True,True,1.392955857655222e-06,COMPLETE
1483,0.5912503957748414,2025-04-15 08:24:04.051594,2025-04-15 08:24:30.928715,0 days 00:00:26.877121,0.4763404578401333,0.284460727553957,8,0.08027468021430767,0.026930649115308836,0.005128000294110935,0.07888618984748276,0.03373812860277804,0.08255946966745206,0.0002231383677397492,20,29,0.013513485779861877,0.01275617007386775,True,True,True,1.7357306082326165e-06,COMPLETE
1484,0.4077997326850892,2025-04-15 08:24:31.398553,2025-04-15 08:24:58.377666,0 days 00:00:26.979113,0.3144970806893852,0.2787626667307098,8,0.08626602019221026,0.03195468384729532,0.006911281319101216,0.08301782103163978,0.03268565145744821,0.08658201124194806,0.00016090234803401,20,33,0.01200051634890156,0.011804140824668215,True,True,True,1.932667987458705e-06,COMPLETE
1485,0.4017861485481262,2025-04-15 08:24:58.869029,2025-04-15 08:25:25.080678,0 days 00:00:26.211649,0.4697104626180432,0.27483278942989353,8,0.09292757488901587,0.03850532880052261,0.004516724180871278,0.08117299841496549,0.033542374624165434,0.08490655813783693,0.00017716753191208132,19,26,0.011034871572487979,0.01084853060583151,True,True,True,1.834890581913869e-06,COMPLETE
1486,0.388906466960907,2025-04-15 08:25:25.557999,2025-04-15 08:25:52.726847,0 days 00:00:27.168848,0.495595225263253,0.30891492778280255,8,0.08150523715382374,0.027593770736143896,0.004660807156787016,0.08520279543059962,0.03411726186377098,0.08423990409960785,0.0001810289805218781,20,37,0.013369485596523813,0.012863416573156101,True,True,True,1.5076168694067243e-06,COMPLETE
1487,0.6031994104385376,2025-04-15 08:25:53.201949,2025-04-15 08:26:20.231846,0 days 00:00:27.029897,0.5754815635755034,0.3125096879146647,8,0.07314022238977186,0.028473431045083118,0.007227614532811069,0.07946137751199672,0.033213127760940264,0.08303520492290624,0.00015565338496467744,20,29,0.010461781800969419,0.020015525359431262,True,True,True,2.3243792423892333e-06,COMPLETE
1488,0.18795708417892457,2025-04-15 08:26:20.706607,2025-04-15 08:26:47.265509,0 days 00:00:26.558902,0.5671235715813452,0.2977740377036258,8,0.07615820066836508,0.04302861190197982,0.007332012714509801,0.08329982612049995,0.03322103687204634,0.08704764037027526,0.0001354533391239527,20,31,0.013165378499409046,0.022337880092300574,True,True,True,2.3116648710207735e-06,COMPLETE
1489,0.38559149503707885,2025-04-15 08:26:47.759890,2025-04-15 08:27:14.625515,0 days 00:00:26.865625,0.5234590547123031,0.2809138338263626,8,0.08274286744912787,0.037582346788121695,0.0066227180846604086,0.08168186594881434,0.0323356859909773,0.08552132507662866,0.00019360456601218926,20,28,0.010921302831344818,0.030010157418695397,True,True,True,3.00497546841158e-06,COMPLETE
1490,0.3657258749008179,2025-04-15 08:27:15.106909,2025-04-15 08:27:41.053991,0 days 00:00:25.947082,0.5514332414471647,0.28989965297760023,8,0.08987663718678449,0.031848409317322884,0.008208575000410796,0.08017594524255763,0.03202730436865187,0.08314945812849898,0.0001801062722897391,19,23,0.013495681433045196,0.10691380273023657,True,True,True,2.0117779382822858e-06,COMPLETE
1491,0.40268634557724003,2025-04-15 08:27:41.534970,2025-04-15 08:28:08.760484,0 days 00:00:27.225514,0.5737911589973574,0.3033188685280664,8,0.07500677824717608,0.03291125291211873,0.007289125999834342,0.08187925538276468,0.033657550166199646,0.08465310346564416,0.00016685312874724627,20,35,0.010941643950671855,0.029486976056182022,True,True,True,2.1975886132022266e-06,COMPLETE
1492,0.3992003917694092,2025-04-15 08:28:09.235700,2025-04-15 08:28:36.561817,0 days 00:00:27.326117,0.5340138800947487,0.2804575093579801,8,0.08337964559525937,0.03090690854726568,0.005329377222228408,0.07948469753783378,0.03214929117192975,0.083410951321909,0.00014618363111368777,20,27,0.014474242286511304,0.20185019748095784,True,True,True,4.240013471496289e-06,COMPLETE
1493,0.2996466398239136,2025-04-15 08:28:37.057561,2025-04-15 08:29:03.946970,0 days 00:00:26.889409,0.43557541772271396,0.29622253639879026,8,0.08086672185234797,0.03985207797448647,0.00804360605576521,0.07948002035161554,0.03413250184147411,0.08492561660759948,0.00016158236821555848,20,32,0.0125381967788765,0.019432375905125178,True,True,True,3.120878737472064e-06,COMPLETE
1494,0.556490170955658,2025-04-15 08:29:04.422953,2025-04-15 08:29:30.726461,0 days 00:00:26.303508,0.5076765396604904,0.3080309005228427,8,0.07592027572769755,0.029748571904188698,0.004867169764962246,0.08412339303799889,0.031165423850357785,0.08678846701487296,0.0001690758959269716,19,24,0.010489587058265977,0.01975594996220863,True,True,True,1.4176169873987968e-06,COMPLETE
1495,0.3694868266582489,2025-04-15 08:29:31.204901,2025-04-15 08:29:57.547175,0 days 00:00:26.342274,0.5414331571963531,0.2645146366261003,8,0.07243072596637816,0.03537702839430324,0.002859428491591879,0.08176111911325475,0.03461036318667421,0.08213642218146872,0.00015000018056920094,19,30,0.015279895870005597,0.011077216069620713,True,True,True,2.6415419661872146e-06,COMPLETE
1496,0.3804029703140259,2025-04-15 08:29:58.044184,2025-04-15 08:30:25.827385,0 days 00:00:27.783201,0.251660485137498,0.31525201105403755,8,0.07937062527484454,0.0346767159634539,0.005722437935977804,0.07953393215703622,0.03126308790479883,0.08338708138834713,0.00015135212240133922,21,34,0.013214050609511,0.024391046190439518,True,True,True,1.7668625385361876e-06,COMPLETE
1497,0.4721118927001953,2025-04-15 08:30:26.312481,2025-04-15 08:30:53.192323,0 days 00:00:26.879842,0.33281097117898184,0.2696469229403882,8,0.06714786694393705,0.028092757515704437,0.007544500456909508,0.08495991442882234,0.0328856561722462,0.08688051057716717,0.00014420670689293237,20,27,0.010428183442453439,0.010273123474839859,True,True,True,2.0174455728120688e-06,COMPLETE
1498,0.26186007261276245,2025-04-15 08:30:53.673045,2025-04-15 08:31:21.365173,0 days 00:00:27.692128,0.5678836141065716,0.31899055502528234,8,0.06417573375105991,0.04366610870106788,0.005262124145051681,0.07847167686802418,0.0346773308359829,0.08292805265921187,0.00021229758682297565,21,37,0.015779523283902225,0.017213616774131538,True,True,True,1.6922812123268619e-06,COMPLETE
1499,0.18795708417892457,2025-04-15 08:31:21.844192,2025-04-15 08:32:29.957146,0 days 00:01:08.112954,0.5794475464588468,0.33154115928899935,2,0.06896972454175605,0.02672988678175795,0.0026495713441485862,0.08098604257518338,0.030767296685484054,0.08603342805091924,0.00021549176089152977,19,30,0.012351249416679406,0.013001392940017528,True,True,True,2.41642053237822e-06,COMPLETE
1500,0.39547170400619513,2025-04-15 08:32:30.460458,2025-04-15 08:32:57.957362,0 days 00:00:27.496904,0.5542705608192819,0.28932395856648485,8,0.07064244909137919,0.02607909606423276,0.008416883661762697,0.08291459194102618,0.03265294795481402,0.0837631948798622,0.00014579187753717307,20,42,0.015012822491531644,0.006802088120561909,True,True,True,1.0731080034746163e-06,COMPLETE
1501,0.41233493089675904,2025-04-15 08:32:58.438003,2025-04-15 08:33:26.333286,0 days 00:00:27.895283,0.5192718997091157,0.3288772819064693,8,0.07854077678671774,0.023495762967331173,0.004286308843187263,0.07877948350831204,0.035945448851474195,0.08259930304500364,0.00020220856694359515,21,25,0.010263105357727214,0.1586533126752246,True,True,True,1.5159365995164725e-06,COMPLETE
1502,0.39963152408599856,2025-04-15 08:33:26.811732,2025-04-15 08:33:53.380336,0 days 00:00:26.568604,0.20935510021937764,0.26639682966629014,8,0.08765829922433635,0.026190544835404953,0.006347537398656207,0.08050109587910023,0.030864151818064255,0.08537347666193942,0.00019413501619391262,19,33,0.013764818172731912,0.020113540084601034,True,True,True,3.958473948187168e-06,COMPLETE
1503,0.292243754863739,2025-04-15 08:33:53.856793,2025-04-15 08:34:21.443975,0 days 00:00:27.587182,0.5663967415165669,0.30683734476545244,8,0.07132598653479433,0.03333680614151967,0.002556379441694425,0.07837582673389241,0.03441450485947378,0.08073790106543796,0.00017346050076600994,21,29,0.011635220388030738,0.025948108719269617,True,True,True,1.90545377820591e-06,COMPLETE
1504,0.422140896320343,2025-04-15 08:34:21.946961,2025-04-15 08:34:47.389170,0 days 00:00:25.442209,0.49158329477666696,0.32997391606738036,8,0.06812753847261536,0.023332019372581884,0.0012162422810128187,0.08257703547766061,0.0325293794542895,0.08218924867304458,0.00022646092151582477,18,26,0.015560410222095686,0.010176670010968922,True,True,True,1.2525429449116745e-06,COMPLETE
1505,0.5651234149932861,2025-04-15 08:34:47.869300,2025-04-15 08:35:14.511794,0 days 00:00:26.642494,0.5412665766704067,0.3368229817190715,8,0.07853096031911712,0.02496544805985361,0.004539243853490556,0.08503947439739543,0.030106681509862874,0.08164164358166967,0.00021270050717663553,20,23,0.013355723002669871,0.01549180464304034,True,True,True,2.546113756495139e-06,COMPLETE
1506,0.45799850225448613,2025-04-15 08:35:14.991471,2025-04-15 08:35:42.897453,0 days 00:00:27.905982,0.5880386830739173,0.266317439697631,8,0.07150102255432332,0.021324215866324003,0.0087050312450241,0.0783490414446023,0.03529883944110295,0.08190004786346398,0.00023556857740718366,21,32,0.016653155138724993,0.0010226968327753825,True,True,True,1.6020870184562649e-06,COMPLETE
1507,0.5598297357559204,2025-04-15 08:35:43.398156,2025-04-15 08:36:10.253740,0 days 00:00:26.855584,0.5453229737175439,0.2842617073137679,8,0.08524737861870328,0.028521460952964785,0.006256229872589262,0.0803798381345302,0.033468387425220236,0.08399263544943172,0.0001483536440810505,20,29,0.010098091896886645,0.00803470217692169,True,True,True,8.240330436265086e-07,COMPLETE
1508,0.3847412705421448,2025-04-15 08:36:10.739518,2025-04-15 08:36:37.431542,0 days 00:00:26.692024,0.5188898404855916,0.3370724643198125,8,0.06471603314382048,0.03703769938700335,0.0039617410805990495,0.07708363991005596,0.031214283734919853,0.08207487189533534,0.0001818770085823023,19,36,0.014044919732771347,0.0178623921824784,True,True,True,1.1796391966965406e-06,COMPLETE
1509,0.18795708417892457,2025-04-15 08:36:37.921067,2025-04-15 08:37:04.464783,0 days 00:00:26.543716,0.4617443223363767,0.3084129223573763,8,0.07791815479377923,0.045496657811041175,0.0012174185688142284,0.0773668176192557,0.03610833993463081,0.08523110025979284,0.00023881918786086467,20,26,0.012139996470259713,0.029425657292602832,True,True,True,2.9376839877958263e-06,COMPLETE
1510,0.3924854159355164,2025-04-15 08:37:04.942722,2025-04-15 08:37:32.096060,0 days 00:00:27.153338,0.5793135126434042,0.29103962430678165,8,0.062320808106788125,0.02274350234368391,0.001069980968375515,0.08152054296957591,0.02996603086448115,0.08010778545317028,0.00021281440869616025,20,33,0.016729178628693334,0.006606399068254188,True,True,True,2.1259125122836166e-06,COMPLETE
1511,0.36993553638458254,2025-04-15 08:37:32.595515,2025-04-15 08:38:01.195747,0 days 00:00:28.600232,0.3804843860679752,0.31444146371846793,8,0.05916180354655814,0.018453914572375007,0.006474469619208686,0.07824040949319748,0.033355023242745536,0.0806167668732956,0.00024204170216707025,21,57,0.014697325594327328,0.010863672960580335,True,True,True,1.1991830623753722e-06,COMPLETE
1512,0.5087106227874756,2025-04-15 08:38:01.676388,2025-04-15 08:38:29.197108,0 days 00:00:27.520720,0.4814435030747405,0.33612722863422767,8,0.06675188488354483,0.02889653912809135,0.00887675057096824,0.07986289725875616,0.035016210172405055,0.08728032353246996,0.00015134842088251852,21,29,0.01001878185087366,0.02279866219135899,True,True,True,2.2237608317701225e-06,COMPLETE
1513,0.4424963474273682,2025-04-15 08:38:29.680877,2025-04-15 08:38:56.799659,0 days 00:00:27.118782,0.5646378252540691,0.2862608035178067,8,0.09367391753458354,0.021969994705780038,0.004175179569602688,0.08599788785867263,0.03205096650808003,0.04891900629332295,0.00018577651407029744,20,23,0.01218097470336094,0.014556724754417391,True,True,True,3.5327727247939422e-06,COMPLETE
1514,0.3618019759654999,2025-04-15 08:38:57.301702,2025-04-15 08:39:22.722852,0 days 00:00:25.421150,0.5036346061623432,0.25716723560503285,8,0.07423861646536775,0.018559625990483507,0.007266047281952988,0.0766466094769441,0.03725216680460834,0.08267501047237517,0.00026596891213087013,18,39,0.017395538937574777,0.006203613566815294,True,True,True,1.0814569087539236e-06,COMPLETE
