number,value,datetime_start,datetime_complete,duration,params_alpha-eval,params_alpha-train,params_batch-size,params_eps-eval,params_eps-train,params_lambda-actions-eval,params_lambda-actions-train,params_lambda-frames-eval,params_lambda-frames-train,params_learning-rate,params_n-epochs,params_n-frames,params_radius-gw,params_rho,params_std-feats,params_ub-actions,params_ub-frames,params_weight-decay,state
673,0.18795708417892457,2025-04-15 02:39:45.980882,2025-04-15 02:40:08.233320,0 days 00:00:22.252438,0.034328847532338884,0.4326927642635734,8,0.15011704629305508,0.00978332810899768,0.03066467749471149,0.08909537513586173,0.020073108649390006,0.0756063617115347,0.0006029263333583315,14,16,0.026785537096956333,0.008269260456691366,True,True,True,2.4912615043723647e-07,COMPLETE
674,0.4728280663490296,2025-04-15 02:40:08.453992,2025-04-15 02:40:30.984977,0 days 00:00:22.530985,0.012637010808601336,0.4172002250707397,8,0.14052832891086528,0.009435209256935924,0.033933639151416686,0.08868299164650799,0.024974976765274052,0.06596506306296175,0.0003329634773059692,14,18,0.023346566596483723,0.011659526947446392,True,True,True,4.1303747603010885e-07,COMPLETE
675,0.18795708417892457,2025-04-15 02:40:31.193972,2025-04-15 02:40:52.608251,0 days 00:00:21.414279,0.030788444884211185,0.4552533059519289,8,0.13294502690952548,0.010195212403158441,0.028914232268008308,0.0851411797892626,0.019237147100577483,0.07237336871245112,0.00030836933389286487,13,11,0.024727972536629828,0.005973361540796569,True,True,True,4.351487207011336e-07,COMPLETE
676,0.40991613864898685,2025-04-15 02:40:52.829738,2025-04-15 02:41:14.471192,0 days 00:00:21.641454,0.010106380723958606,0.40036276213498967,8,0.1441131351820732,0.006331607912112595,0.032052177292851806,0.09227101649426077,0.022967323066762125,0.08001355091824777,0.0003327396099096583,13,15,0.01940474167225808,0.013414811562618607,True,True,True,3.3537273807340366e-07,COMPLETE
677,0.18795708417892457,2025-04-15 02:41:14.679408,2025-04-15 02:41:37.478349,0 days 00:00:22.798941,0.010176655133654844,0.48243324449084546,8,0.1257572006847968,0.011526934971756199,0.026359299537776312,0.09408066348998981,0.018793554963412507,0.07352161993163071,0.0002775315654487817,15,19,0.026406021015143343,0.0015845178544130478,True,True,True,1.9898794527211777e-07,COMPLETE
678,0.18795708417892457,2025-04-15 02:41:37.699629,2025-04-15 02:42:01.526748,0 days 00:00:23.827119,0.04013769387879244,0.4249866465233729,8,0.13865322206654426,0.005972013819761064,0.029790663675031706,0.0923909182323169,0.026806769149633612,0.07785042653739167,0.00039417576513254996,14,104,0.027623725836871674,0.011631002920993469,True,True,True,2.4855227125724186e-07,COMPLETE
679,0.5353680491447449,2025-04-15 02:42:01.750901,2025-04-15 02:42:23.619143,0 days 00:00:21.868242,0.010040508580344254,0.46722483817076776,8,0.15695799887644235,0.010678558827531565,0.03340373496466157,0.09473133561484234,0.018419481892367556,0.0694806319021154,0.0002773975180974728,13,20,0.021801240460246972,0.001281972614175255,True,True,True,1.8502114848356704e-07,COMPLETE
680,0.18795708417892457,2025-04-15 02:42:23.830228,2025-04-15 02:42:45.037608,0 days 00:00:21.207380,0.03819433244500385,0.46989396721475984,8,0.1589672896379745,0.00045817182914135654,0.033619157773803615,0.09458885680252335,0.01764792697152171,0.07020980215500501,0.00029362062000087163,13,8,0.021049506223336997,0.0018285017215738664,True,True,True,1.75114387831204e-07,COMPLETE
681,0.4272603273391724,2025-04-15 02:42:45.262395,2025-04-15 02:43:06.838208,0 days 00:00:21.575813,0.027545026028447762,0.4540055941935652,8,0.1523674498219886,0.005290649594397341,0.032278223650240474,0.08997943027256271,0.020907196111625552,0.06732611462598127,0.0005087499934089916,13,16,0.023723680962369684,0.008683655241798552,True,True,True,2.276204621872449e-07,COMPLETE
682,0.5462422132492065,2025-04-15 02:43:07.051023,2025-04-15 02:43:29.827317,0 days 00:00:22.776294,0.03428318747776528,0.37821941620280664,8,0.16000941260441565,0.0004960045477822783,0.0347768754201056,0.09544570097421748,0.017971702283764962,0.06892365369578923,0.0004320211872883353,14,20,0.0217891002357743,0.0012564646761256577,True,True,True,1.8037503884527435e-07,COMPLETE
683,0.42190117835998536,2025-04-15 02:43:30.051526,2025-04-15 02:43:52.407348,0 days 00:00:22.355822,0.031292924643075086,0.4046147359192844,8,0.15322245905129403,0.0003327042259700868,0.03098309673769734,0.09564691451296253,0.018813668669244676,0.07097898282951358,0.00039773054264937243,14,14,0.01977813017931611,0.006913336049758526,True,True,True,1.8464172716818364e-07,COMPLETE
684,0.46992260217666626,2025-04-15 02:43:52.618399,2025-04-15 02:44:15.074543,0 days 00:00:22.456144,0.010971546313597157,0.380315401353428,8,0.16024738039251796,0.005625930499431069,0.03532567018802628,0.09380452395486032,0.02072185440418134,0.06893927329828652,0.0004914678097657461,14,18,0.02153614150012102,0.0025870419858491332,True,True,True,2.819990451005553e-07,COMPLETE
685,0.18795708417892457,2025-04-15 02:44:15.301975,2025-04-15 02:44:37.048664,0 days 00:00:21.746689,0.040908121433715666,0.4189215970697876,8,0.161905140803268,0.005403151239348511,0.03391387906827393,0.09638457628450894,0.01756786291210922,0.07523819940052205,0.0003379565123092819,14,11,0.02259286343976486,0.007764093909169879,True,True,True,3.6014869317969643e-07,COMPLETE
686,0.4167002081871033,2025-04-15 02:44:37.263004,2025-04-15 02:44:58.874297,0 days 00:00:21.611293,0.02556931074317162,0.3687399000267321,8,0.1591177535611891,0.0005927976909125198,0.027699890709178665,0.09245641144511023,0.023689121159693096,0.07174753672720789,0.00047714120525294034,13,20,0.024729004511839396,0.012823304592665254,True,True,True,1.819051346708764e-07,COMPLETE
687,0.4059708952903748,2025-04-15 02:44:59.098047,2025-04-15 02:45:22.345025,0 days 00:00:23.246978,0.027570168662653438,0.44770458494764376,8,0.15490878052382973,0.00035102253895969793,0.03515907986708615,0.09500939035093292,0.01766094765540001,0.073529674234337,0.0003012201635232644,15,15,0.018769732351112497,0.005274341275035688,True,True,True,5.090326535771074e-07,COMPLETE
688,0.5030646681785584,2025-04-15 02:45:22.572779,2025-04-15 02:45:44.228076,0 days 00:00:21.655297,0.011056764810570652,0.4902389169078542,8,0.15098652661234946,0.010917287940801632,0.02906848862547387,0.096737460101777,0.022535991361213904,0.06657845261661376,0.0006476462757629473,13,21,0.025813303881353746,0.01429806372374905,True,True,True,2.099266657985453e-07,COMPLETE
689,0.18795708417892457,2025-04-15 02:45:44.445282,2025-04-15 02:46:05.317922,0 days 00:00:20.872640,0.021418027257845362,0.4865279424575275,8,0.15963462382805976,0.009137681391190717,0.03009133002780915,0.09329919606978755,0.022611527521038094,0.06672992813142839,0.0007339733855613853,13,5,0.025165216850300633,0.0015656922042895406,True,True,True,2.511786125395406e-07,COMPLETE
690,0.35158037543296816,2025-04-15 02:46:05.546095,2025-04-15 02:46:27.906494,0 days 00:00:22.360399,0.012186220346290346,0.4020692215099092,8,0.15329728575853538,0.009406366545683852,0.025387417269244154,0.09604807465174033,0.02025114045581528,0.06970155810409966,0.0005810782965897487,14,17,0.024145322600762242,0.014377632327960214,True,True,True,2.1933438882295328e-07,COMPLETE
691,0.5492882013320923,2025-04-15 02:46:28.122645,2025-04-15 02:46:49.811461,0 days 00:00:21.688816,0.01083010167918947,0.42430198642500006,8,0.1637538045705176,0.00606080686768969,0.028827271046966065,0.09096973608305574,0.02520596197817715,0.06818808390696535,0.00043268103638026027,13,21,0.02187823769082741,0.013477387995873235,True,True,True,3.012429721593691e-07,COMPLETE
692,0.35318684577941895,2025-04-15 02:46:50.041162,2025-04-15 02:47:49.690115,0 days 00:00:59.648953,0.012468372851586113,0.43584754003520765,2,0.16160054071166213,0.0005634612070044209,0.022586542736136698,0.09140524823971885,0.026180318143778705,0.06794934685355646,0.0006861198830392049,16,18,0.021611034488133785,0.012512392581394659,True,True,True,3.2217200566711944e-07,COMPLETE
693,0.5120488166809083,2025-04-15 02:47:49.906822,2025-04-15 02:48:11.614892,0 days 00:00:21.708070,0.010801108375754667,0.42367630925497324,8,0.16669943205950888,0.006592930471158268,0.028023578134665144,0.09089811119264536,0.024759821335786462,0.0660303571065538,0.0005645952288726222,13,22,0.019752382203885182,0.00850180923559491,True,True,True,4.2144442290378505e-07,COMPLETE
694,0.47526375055313114,2025-04-15 02:48:11.845167,2025-04-15 02:48:33.522803,0 days 00:00:21.677636,0.014078030572988382,0.41783951257645296,8,0.16775963193513352,0.005860604825953784,0.028567775571472585,0.09135470258563652,0.0264727485094947,0.06644980959238901,0.0005508690637040796,13,22,0.020451746694717426,0.0016420604007522308,True,True,True,3.425854238819011e-07,COMPLETE
695,0.5230961680412293,2025-04-15 02:48:33.736782,2025-04-15 02:48:55.593562,0 days 00:00:21.856780,0.010352703823225838,0.3951932626501723,8,0.16441520123626116,0.00555690707358329,0.025734959133104994,0.08931490798790978,0.02254378629450544,0.06826637803828842,0.0007212556832862025,13,22,0.017998039442875674,0.00960631899640755,True,True,True,5.512831978147954e-07,COMPLETE
696,0.547951078414917,2025-04-15 02:48:55.821703,2025-04-15 02:49:17.547829,0 days 00:00:21.726126,0.010669079009828534,0.36347501828534057,8,0.16581140462408164,0.0004931116492288305,0.025142247894829182,0.08637350924435853,0.02524668473068519,0.06610209388842274,0.00044443073148929654,13,21,0.0187269359600678,0.00836524423161289,True,True,True,4.2656673670502137e-07,COMPLETE
697,0.5238475680351258,2025-04-15 02:49:17.777365,2025-04-15 02:49:39.461601,0 days 00:00:21.684236,0.01339269535670166,0.38113679615833973,8,0.1681741462784839,0.000941404192555133,0.021738692315238853,0.0865863270283676,0.02464642258856252,0.06536670925142467,0.0007274025245744588,13,23,0.018024453939311836,0.008274905595239032,True,True,True,4.6047887012009745e-07,COMPLETE
698,0.40423442125320436,2025-04-15 02:49:39.677508,2025-04-15 02:50:01.400671,0 days 00:00:21.723163,0.0121729887437435,0.3539878252666584,8,0.16675631914653907,0.0006422011465688755,0.022713817786050704,0.08754614039415264,0.024711280930229274,0.06579261903075863,0.0008193599548290614,13,23,0.01607200015349265,0.004533320526740595,True,True,True,5.460632153128625e-07,COMPLETE
699,0.3373687982559204,2025-04-15 02:50:01.633606,2025-04-15 02:50:23.543525,0 days 00:00:21.909919,0.027058435697820224,0.3621476763990227,8,0.1647612484777756,0.00035403449509221194,0.02500974369519904,0.08689632756333372,0.02782939794691393,0.06827913082371127,0.0008697307002744494,13,22,0.017162320199642717,0.008298519034017095,True,True,True,6.265220953172333e-07,COMPLETE
700,0.38744333982467655,2025-04-15 02:50:23.758488,2025-04-15 02:50:45.531186,0 days 00:00:21.772698,0.012869469953411414,0.3861629837398719,8,0.16731559678040606,0.0001820845612160102,0.020912529375665793,0.08893230035690007,0.024548704056398096,0.06551599596657548,0.0006580100428317122,13,23,0.01877837031782886,0.0011111799507166884,True,True,True,4.91250066713613e-07,COMPLETE
701,0.46477817296981816,2025-04-15 02:50:45.763249,2025-04-15 02:51:07.672163,0 days 00:00:21.908914,0.010177383110312268,0.3778466933555237,8,0.16536827759244485,0.00028228670965519016,0.02616728160490264,0.08688865769902006,0.02812215033670291,0.06864567878772526,0.0006920363408280261,13,22,0.01736602459135969,0.007985238807526246,True,True,True,4.172622569107438e-07,COMPLETE
702,0.3419014573097229,2025-04-15 02:51:07.889420,2025-04-15 02:51:29.896418,0 days 00:00:22.006998,0.011565200185687945,0.3872417245317531,8,0.16981116438216382,0.006451317405007254,0.02683205883947115,0.08965598964109825,0.023218897397402242,0.06681505548457604,0.0009587529489368097,13,23,0.01874061746906748,0.01512877542415942,True,True,True,6.569962849476007e-07,COMPLETE
703,0.42715479135513307,2025-04-15 02:51:30.125684,2025-04-15 02:51:51.963858,0 days 00:00:21.838174,0.029788748358091387,0.3480799162530569,8,0.1645344100205053,0.0003489705820933662,0.020423172745930484,0.08491483644245086,0.02555225630649479,0.06952888853524482,0.0005765284565151724,13,20,0.020509441306896737,0.00776323313997823,True,True,True,4.176194959763417e-07,COMPLETE
704,0.4547525763511658,2025-04-15 02:51:52.196712,2025-04-15 02:52:14.634967,0 days 00:00:22.438255,0.025714001562475122,0.3773096677229789,8,0.1613550611283587,0.006078117783816847,0.025150875136652637,0.09034095232875149,0.029906595674499378,0.06556379120042843,0.000728692674361771,14,21,0.018371967461989883,0.012632939170539807,True,True,True,3.566641482918563e-07,COMPLETE
705,0.5162289619445801,2025-04-15 02:52:14.852590,2025-04-15 02:52:38.075935,0 days 00:00:23.223345,0.011895125689219611,0.3917626774457261,8,0.17199483548414787,0.005810248617606563,0.027716880767352577,0.0889732587152268,0.02278915144613915,0.06738017483642225,0.00044958199415839314,15,23,0.02150396694751888,0.008131551273224118,True,True,True,2.9797148729985105e-07,COMPLETE
706,0.441643488407135,2025-04-15 02:52:38.309101,2025-04-15 02:53:01.390969,0 days 00:00:23.081868,0.010960484314760509,0.3982797991120575,8,0.17226814436789228,0.005798735229790975,0.018656088305283734,0.08803613856997863,0.02288584513295499,0.0670896393381533,0.0011117254421653805,15,23,0.021407314688178504,0.0010787135696435795,True,True,True,5.152926137395521e-07,COMPLETE
707,0.37771461009979246,2025-04-15 02:53:01.611469,2025-04-15 02:53:23.400073,0 days 00:00:21.788604,0.013333566881431162,0.3672312233649257,8,0.17175189166369928,0.0064694862319798815,0.027586029644495517,0.08619218862778663,0.025680207174860966,0.06512163333638996,0.00044540225570697774,13,23,0.020229226338117325,0.015193603177094804,True,True,True,3.8983223579923837e-07,COMPLETE
708,0.18867117762565613,2025-04-15 02:53:23.633978,2025-04-15 02:53:44.828043,0 days 00:00:21.194065,0.8036552144023645,0.3940330371448807,8,0.16910380841656752,0.00019671937526471046,0.023697680924140294,0.08298368364464359,0.023606516257792556,0.07076052873011501,0.000540759380750129,12,21,0.01792890808289442,0.00931439907881407,True,True,True,3.247180554095528e-07,COMPLETE
709,0.39671375751495364,2025-04-15 02:53:45.048466,2025-04-15 02:54:06.937721,0 days 00:00:21.889255,0.011381264564033124,0.40594921141444573,8,0.17269035929278673,0.00020571954685232822,0.029416808859627552,0.08085471603513907,0.02763954587362556,0.06738504110776664,0.00042130311486510786,13,23,0.02213236254075136,0.01625898468619451,True,True,True,2.805573549959116e-07,COMPLETE
710,0.3667734801769257,2025-04-15 02:54:07.169539,2025-04-15 02:54:28.186507,0 days 00:00:21.016968,0.011518819089019104,0.3705492289042643,8,0.16279653052138526,0.010556753608115296,0.02745141173461793,0.09077784634323112,0.024937601497506373,0.06977329060995043,0.0006125294751232723,12,19,0.01958260237484803,0.008214960728709012,True,True,True,4.6350821207548067e-07,COMPLETE
711,0.3920929193496704,2025-04-15 02:54:28.423564,2025-04-15 02:54:50.877152,0 days 00:00:22.453588,0.037751038745825416,0.35324981215949947,8,0.18440462735791777,0.00018159962392163415,0.01597953934694861,0.08858989065051913,0.02167886803995929,0.06475761706280478,0.0007253002272678709,14,19,0.021871449697453676,0.014205837413510232,True,True,True,2.427516375554618e-07,COMPLETE
712,0.5283299207687379,2025-04-15 02:54:51.097614,2025-04-15 02:55:12.772230,0 days 00:00:21.674616,0.011121069235132635,0.4432606330854631,8,0.1627491344294712,0.006703105337045136,0.024722374156623903,0.09133919834920944,0.022585354082446947,0.07325742633753016,0.0005266068234312704,13,23,0.015813942458842305,0.001145428917806953,True,True,True,5.962667589813708e-07,COMPLETE
713,0.3412560820579529,2025-04-15 02:55:13.005153,2025-04-15 02:56:05.068100,0 days 00:00:52.062947,0.03158889825879784,0.3984649967946453,2,0.1630838391828656,0.007199776929178066,0.022250601626686326,0.08717905547394379,0.022231659004068312,0.07339618795217528,0.0005138383872129327,13,23,0.015405276444015124,0.0070030498949473175,True,True,True,5.823067340378941e-07,COMPLETE
714,0.5283685207366944,2025-04-15 02:56:05.289149,2025-04-15 02:56:27.929215,0 days 00:00:22.640066,0.010599904939701539,0.4423311453735963,8,0.17036560544913928,0.006386162451082786,0.024603526189299365,0.08988559251013048,0.023791453924618247,0.07159293332317111,0.0008465643440271917,14,23,0.018150011792179302,0.0014902274935486483,True,True,True,2.9747645345182933e-07,COMPLETE
715,0.5311697244644165,2025-04-15 02:56:28.163907,2025-04-15 02:56:50.560689,0 days 00:00:22.396782,0.010459616243487374,0.4410164503257807,8,0.17870548696972366,0.004995885728056568,0.024362016960162027,0.08970426694258878,0.023999354576697225,0.07184187979098439,0.0008300389267829233,14,24,0.016254962294550812,0.0018562735205800672,True,True,True,6.698355571172065e-07,COMPLETE
716,0.45430778264999394,2025-04-15 02:56:50.784475,2025-04-15 02:57:13.961095,0 days 00:00:23.176620,0.010430935736593327,0.4392200788187173,8,0.17939669361501576,0.005143591531408785,0.024082629284922174,0.08956753475957964,0.024564540567862225,0.07390300501572372,0.000835539770397428,15,24,0.013682106194523461,0.0011443621670760296,True,True,True,8.144294358465482e-07,COMPLETE
717,0.5085218548774719,2025-04-15 02:57:14.193579,2025-04-15 02:57:36.747519,0 days 00:00:22.553940,0.012330996266447824,0.41849767138565946,8,0.18141823963794745,0.0057349263532811634,0.025884045913345748,0.08627149378819883,0.027814483655344738,0.07185470545960909,0.000950567695875663,14,23,0.016240128310269997,0.006577625940322183,True,True,True,5.726564970287398e-07,COMPLETE
718,0.40504825115203863,2025-04-15 02:57:36.981618,2025-04-15 02:57:59.730726,0 days 00:00:22.749108,0.010850711960496147,0.4098163072398923,8,0.18472582241815896,0.005173853085012604,0.021153800521946008,0.08466418141794646,0.02702101075857912,0.07107697903203083,0.001208750137332265,14,24,0.015805300674975615,0.007015335068659683,True,True,True,7.543342082560358e-07,COMPLETE
719,0.5393382787704468,2025-04-15 02:57:59.953663,2025-04-15 02:58:22.873391,0 days 00:00:22.919728,0.013200668871225459,0.3774221422571802,8,0.1745950969679284,0.00012320967486782394,0.02572765255802019,0.08595528314591694,0.02730341569043795,0.0713423946995255,0.0008894754136282866,14,24,0.016601756722222256,0.001556934520953462,True,True,True,5.818451449761066e-07,COMPLETE
720,0.44836519956588744,2025-04-15 02:58:23.111735,2025-04-15 02:58:46.353012,0 days 00:00:23.241277,0.012273345666034472,0.3825571744751155,8,0.17917871508316777,0.0004637294823723768,0.025359650934120043,0.08520668016429699,0.028850629571946007,0.07584360969869748,0.0009914528843899583,15,24,0.01676117138372908,0.001083034079093121,True,True,True,6.850565615474248e-07,COMPLETE
721,0.5259780764579773,2025-04-15 02:58:46.576700,2025-04-15 02:59:08.904948,0 days 00:00:22.328248,0.010865200684816577,0.37803837376442545,8,0.17434838139416192,0.0007109599181912311,0.022555427707379026,0.08635343563874263,0.02594819581751967,0.07138534896492875,0.0008182310818524077,14,24,0.011376421468448222,0.001665238072612099,True,True,True,6.446449921227698e-07,COMPLETE
722,0.4213969469070435,2025-04-15 02:59:09.143270,2025-04-15 02:59:31.592259,0 days 00:00:22.448989,0.010565991241381637,0.3407205017798584,8,0.17351277479275967,0.0002661261793188003,0.021905043495530217,0.08278328441354565,0.02955439858852362,0.07219908250190585,0.0008820325487108288,14,24,0.011610144979202848,0.001047226571589702,True,True,True,9.522590435589809e-07,COMPLETE
723,0.33516013622283936,2025-04-15 02:59:31.813492,2025-04-15 02:59:54.580743,0 days 00:00:22.767251,0.027166650520441052,0.37730118401555074,8,0.18142153547022408,0.00042827973787789263,0.017193771692041615,0.0861297649176825,0.026499508127097796,0.07055012086813393,0.0013790784834369603,14,22,0.014440191653507782,0.006347786072135816,True,True,True,6.601373281952984e-07,COMPLETE
724,0.4113938510417939,2025-04-15 02:59:54.815212,2025-04-15 03:00:17.971181,0 days 00:00:23.155969,0.010024736646846773,0.35578825184276636,8,0.17827715429855406,0.007212038269739109,0.01957131236110769,0.08669357134783781,0.027649420958462234,0.07454932613653151,0.0010777567708437125,15,24,0.012477568608053224,0.006376384707426703,True,True,True,5.602473992791064e-07,COMPLETE
725,0.5263591170310975,2025-04-15 03:00:18.209923,2025-04-15 03:00:40.834191,0 days 00:00:22.624268,0.010441667698073896,0.40972062439537565,8,0.1733606270441596,0.00045079615916777493,0.023353473989606244,0.08321354672041364,0.02464520324767456,0.07201333773859778,0.0008664969273033048,14,24,0.016556523220022545,0.0012272783529581359,True,True,True,5.19908868802451e-07,COMPLETE
726,0.5250302076339722,2025-04-15 03:00:41.057787,2025-04-15 03:01:02.771608,0 days 00:00:21.713821,0.011740591883241202,0.40264539059800614,8,0.1731944184856382,0.00022841401033319708,0.024748559809556817,0.07985120712212858,0.025027735058425375,0.07134592751352957,0.0008491398200970864,13,24,0.014142195238923672,0.0016286172554936752,True,True,True,5.442222294504048e-07,COMPLETE
727,0.3741391718387604,2025-04-15 03:01:03.013231,2025-04-15 03:01:25.390488,0 days 00:00:22.377257,0.03103357620447161,0.4043449724690297,8,0.1747762655554875,0.0007694457773467101,0.02350343862880109,0.08271971749595268,0.03131635580015127,0.07243168577726387,0.0016857994014900263,14,25,0.0148948811570483,0.005830774005353673,True,True,True,5.50128354862779e-07,COMPLETE
728,0.5352853536605835,2025-04-15 03:01:25.612994,2025-04-15 03:01:48.710276,0 days 00:00:23.097282,0.010842911394848597,0.38385865641917877,8,0.1709166476527477,0.00015223162276808858,0.02394802659494562,0.08384417244685594,0.025236379920640702,0.07592615308381351,0.0008295499201279884,15,25,0.00989987825850817,0.001488565798598457,True,True,True,7.043953815812953e-07,COMPLETE
