number,value,datetime_start,datetime_complete,duration,params_alpha-eval,params_alpha-train,params_batch-size,params_eps-eval,params_eps-train,params_lambda-actions-eval,params_lambda-actions-train,params_lambda-frames-eval,params_lambda-frames-train,params_learning-rate,params_n-epochs,params_n-frames,params_radius-gw,params_rho,params_std-feats,params_ub-actions,params_ub-frames,params_weight-decay,state
1627,0.5395071387290955,2025-04-15 09:37:09.486842,2025-04-15 09:37:36.358296,0 days 00:00:26.871454,0.49182688452232204,0.2883500563138228,8,0.06531645887112277,0.027408368616843086,0.007859468026588795,0.07468508391595773,0.027912070543992685,0.0766300070201112,0.00023829153994170432,20,26,0.018882243652727608,0.018743629753347688,True,True,True,8.700815281263069e-07,COMPLETE
1628,0.46284500360488895,2025-04-15 09:37:36.881492,2025-04-15 09:38:05.913424,0 days 00:00:29.031932,0.6336395346573911,0.35793645608649444,8,0.05623028758267453,0.018334680612403845,0.00256869267515207,0.07694808563338945,0.031221570004284438,0.08160074908391238,0.0005822981798015003,23,33,0.011153384435437074,0.0011610741690500845,True,True,True,7.252877932417684e-07,COMPLETE
1629,0.41963793039321906,2025-04-15 09:38:06.456597,2025-04-15 09:38:33.070123,0 days 00:00:26.613526,0.6580140527161965,0.33023754914822495,8,0.007457869800509217,0.006104764992870829,0.004951000400914027,0.08409279895770856,0.034435084536760086,0.08488110200441432,0.0037469137262630655,19,42,0.015356597071654291,0.0010326362369634107,True,True,True,1.7156882895448602e-06,COMPLETE
1630,0.3830443263053894,2025-04-15 09:38:33.601432,2025-04-15 09:39:01.269235,0 days 00:00:27.667803,0.5737948053495079,0.36631112144444244,8,0.0732015673243725,0.012882144529645582,0.001118444543791669,0.03682670103116667,0.037642373584085356,0.07871001315874272,0.00035150774689086706,21,29,0.016916250032943333,0.011909001592209582,True,True,True,1.0443131524861234e-06,COMPLETE
1631,0.4916607022285462,2025-04-15 09:39:01.818838,2025-04-15 09:39:29.047832,0 days 00:00:27.228994,0.5265767076107171,0.38662423638244114,8,0.04385225172210347,0.008721342432878915,0.0010207978608400632,0.0728871805021326,0.03360195440207886,0.07389878352315668,0.0004500060757610255,20,26,0.01275988864764612,0.02791477035387027,True,True,True,1.4148521135012998e-06,COMPLETE
1632,0.32099218368530275,2025-04-15 09:39:29.577951,2025-04-15 09:39:57.974311,0 days 00:00:28.396360,0.5970577831768226,0.3179168200218857,8,0.062388338789424146,0.03496208141014073,0.007230068223191799,0.07963997564229507,0.03079689672579254,0.0759237668378252,0.0002581675433723482,22,31,0.010878416167971167,0.010178894477543762,True,True,True,3.3067320780369393e-06,COMPLETE
1633,0.5688178420066834,2025-04-15 09:39:58.496892,2025-04-15 09:40:25.153913,0 days 00:00:26.657021,0.54630552700704,0.35130847539103255,8,0.013548627779951448,0.023542895123231156,0.009205324053318862,0.06658905459179572,0.0363838008024627,0.08031444677904273,0.00013607092427886096,19,35,0.008951930277487396,0.019040569254686203,True,True,True,2.5123838025633465e-08,COMPLETE
1634,0.5307859659194947,2025-04-15 09:40:25.700541,2025-04-15 09:40:53.284936,0 days 00:00:27.584395,0.5115686743561778,0.27170924295112847,8,0.06935827649088296,0.017457502270420634,0.004556796901105066,0.07051377183350685,0.027970983258168526,0.07769845655621288,0.0002978465117032667,21,23,0.022396053185798237,0.006401175306773656,True,True,True,2.2586280526160856e-06,COMPLETE
1635,0.5870624661445618,2025-04-15 09:40:53.822397,2025-04-15 09:41:20.714795,0 days 00:00:26.892398,0.19377366804156965,0.3391960942909001,8,0.0833399539601876,0.013358638415084551,0.00616876346469132,0.07401253923353658,0.03907931113560812,0.05133329385188005,0.00019350164319282246,20,28,0.014880936673868594,0.014965553993389152,True,True,True,1.1391739807548295e-06,COMPLETE
1636,0.5265764832496643,2025-04-15 09:41:21.261490,2025-04-15 09:41:48.436858,0 days 00:00:27.175368,0.2067285936768536,0.3000130228739978,8,0.0901956599891613,0.030696430000082056,0.003991674648747336,0.07566183546548895,0.03910438496878806,0.08845708190991666,0.0001399288776043125,20,22,0.01577399458228176,0.030367227338001193,True,True,True,7.351301092184755e-07,COMPLETE
1637,0.39931530952453614,2025-04-15 09:41:48.963990,2025-04-15 09:42:16.085205,0 days 00:00:27.121215,0.2687516735013097,0.31815876791565595,8,0.09572285562443784,0.024977392826669786,0.006100760538490563,0.07439774108198953,0.04136003568277355,0.08329696188415174,0.025696041298472548,20,25,0.017268227470302946,0.025366393640304314,True,True,True,1.0327565454488187e-06,COMPLETE
1638,0.5046809196472168,2025-04-15 09:42:16.614021,2025-04-15 09:42:43.093277,0 days 00:00:26.479256,0.2146675784038777,0.2964228776590333,8,0.08918915942806148,0.019595272123740234,0.002802370590694699,0.07740374340384938,0.03942947297462653,0.08583166358865925,0.00016757189212363122,19,29,0.014829678684563193,0.022983315562022603,True,True,True,1.1449030776927824e-06,COMPLETE
1639,0.28173590898513795,2025-04-15 09:42:43.640239,2025-04-15 09:43:10.875537,0 days 00:00:27.235298,0.19224289759292035,0.3225370226828996,8,0.08588415047579086,0.01512532818424752,0.005605223034544807,0.07568265362286383,0.04459263997611863,0.04252793124514482,0.00020338159132123764,20,27,0.018541065136189878,0.03134129377810059,True,True,True,9.201479006221051e-07,COMPLETE
1640,0.4025532364845276,2025-04-15 09:43:11.404885,2025-04-15 09:43:38.564947,0 days 00:00:27.160062,0.45170099976781525,0.3399642543557475,8,0.08980982519921789,0.027327699272690104,0.003919708790863235,0.07390611124836248,0.03990440973995688,0.08311578005293818,0.00016199231262447735,20,33,0.014897960476021968,0.0223664838120227,True,True,True,1.2172641041604126e-06,COMPLETE
1641,0.3735411286354065,2025-04-15 09:43:39.116452,2025-04-15 09:44:05.244011,0 days 00:00:26.127559,0.2726364320200207,0.2883428917299795,8,0.0823118847236911,0.021141267324041466,0.006346265788095419,0.07759648657603072,0.04334143814952271,0.04951776001030481,0.00018137867701510405,19,22,0.013767776391458713,0.014968292304767377,True,True,True,6.735690815620468e-07,COMPLETE
1642,0.4133785367012024,2025-04-15 09:44:05.775855,2025-04-15 09:44:33.445185,0 days 00:00:27.669330,0.1669473110889703,0.3300831773116926,8,0.09872752633359108,0.020371617154257775,0.0029336279171944058,0.07372831758190249,0.04130386688949403,0.05068512513371188,0.0001370978543305388,21,25,0.016330926068638334,0.019017712462344984,True,True,True,1.3985640424557122e-06,COMPLETE
1643,0.5670647501945496,2025-04-15 09:44:33.973084,2025-04-15 09:45:00.898322,0 days 00:00:26.925238,0.24461142346046125,0.24103929864558962,8,0.07635229007548724,0.012486492029184157,0.004884016892693632,0.07904713919738057,0.0425450344230585,0.04833618899702039,0.00020209905945881585,20,28,0.019997274675135207,0.03530327873496984,True,True,True,1.0179584349056942e-06,COMPLETE
1644,0.3570029973983765,2025-04-15 09:45:01.450655,2025-04-15 09:45:26.947284,0 days 00:00:25.496629,0.15158037709554864,0.30736966337124455,8,0.08738039089317251,0.03494868528842686,0.007623219630314067,0.08111471965755777,0.040006844194484414,0.054070880889911105,0.00017627343025385277,18,31,0.017775930277560543,0.024362191049489522,True,True,True,1.3308128806734862e-06,COMPLETE
1645,0.18795708417892457,2025-04-15 09:45:27.474943,2025-04-15 09:46:41.465455,0 days 00:01:13.990512,0.22695171245548182,0.33672420330705033,2,0.08027170439962814,0.042503227496837284,0.00635374908694126,0.07612800166207957,0.04102434923262676,0.08141965510776147,0.00015936263079278218,21,38,0.013727991790752325,0.019270702772149234,True,True,True,1.7828901966041104e-06,COMPLETE
1646,0.34747632741928103,2025-04-15 09:46:42.018262,2025-04-15 09:47:08.377669,0 days 00:00:26.359407,0.3297482108356592,0.25668185681084166,8,0.08263627888008919,0.015126013803415564,0.0030822595525309975,0.07276452979728751,0.037159390440402076,0.03482847275900963,0.00021547802200509944,19,34,0.015997345943683093,0.015882059121866517,True,True,True,9.163734377217006e-07,COMPLETE
1647,0.3410469889640808,2025-04-15 09:47:08.913038,2025-04-15 09:47:36.290998,0 days 00:00:27.377960,0.6155042012601564,0.28097733852905543,8,0.07473046701966252,0.006875824985586187,0.0043433447350542725,0.07683134850456103,0.038243121956523234,0.05517258396465792,0.0001321157277558426,20,61,0.018301860640262027,0.02987302025058408,True,True,True,1.1334392317936922e-06,COMPLETE
1648,0.39909791946411133,2025-04-15 09:47:36.818936,2025-04-15 09:48:04.674864,0 days 00:00:27.855928,0.1864926357746614,0.3178124078435514,8,0.07820335613458224,0.025637822046013135,0.007118819411502353,0.07524997797123253,0.041657771179317335,0.0810588899586683,0.00019128136358619833,21,28,0.012944740814303754,0.015225728175390578,True,True,True,7.127698226864858e-07,COMPLETE
1649,0.42344392538070685,2025-04-15 09:48:05.230784,2025-04-15 09:48:32.060912,0 days 00:00:26.830128,0.5778038960009477,0.3433182377996162,8,0.08426076265078566,0.018429869069867946,0.001140611351330285,0.07878274370247529,0.039016078832893576,0.039151097834077705,0.00023428275815165343,20,31,0.01469274939910249,0.024774578456579384,True,True,True,1.5272104364660338e-06,COMPLETE
1650,0.37949763536453246,2025-04-15 09:48:32.591099,2025-04-15 09:48:59.345065,0 days 00:00:26.753966,0.5625661053082761,0.3008698545522188,8,0.07381855153999063,0.009244538173142091,0.005312588074941235,0.07298202738082417,0.04341462091489954,0.03727641634938403,0.00021240520527619707,20,25,0.020511141606458227,0.17604671572632835,True,True,True,8.411827999678548e-07,COMPLETE
1651,0.3799895763397217,2025-04-15 09:48:59.898625,2025-04-15 09:49:27.558073,0 days 00:00:27.659448,0.5438296499656005,0.3445752657898044,8,0.08142375019160893,0.030058461969824965,0.0010342571755054316,0.08294704981636561,0.03681306775988938,0.08536105121422366,0.00015533703039483213,21,36,0.01738096761362757,0.012735170561457138,True,True,True,1.9004908212295712e-06,COMPLETE
1652,0.45174009799957277,2025-04-15 09:49:28.088520,2025-04-15 09:49:54.297543,0 days 00:00:26.209023,0.6314246578647975,0.2644410115315533,8,0.06968427171918659,0.014464463982413026,0.003234282225978502,0.08639309490251926,0.04016166744239447,0.07960822264283456,0.00023631185672598118,19,28,0.012957310855772994,0.24555985497150523,True,True,True,1.2726292109108367e-06,COMPLETE
1653,0.4028075933456421,2025-04-15 09:49:54.825963,2025-04-15 09:50:22.325508,0 days 00:00:27.499545,0.4884862547978181,0.36015613440810296,8,0.06989408400833375,0.022904805220426996,0.007450433539163955,0.07841135446375223,0.03749263926076603,0.04404252735250652,0.0001841081533938421,21,22,0.015583738120371695,0.020089195983227823,True,True,True,1.5795327922525224e-06,COMPLETE
1654,0.40435276031494144,2025-04-15 09:50:22.880168,2025-04-15 09:50:51.551705,0 days 00:00:28.671537,0.5326099230092001,0.3230640049847751,8,0.07807269583975257,0.006102554325019306,0.005105249636951308,0.07586545873915088,0.03822905582873463,0.0818995515537439,0.0002450014279405264,22,32,0.019137185326592344,0.011950166758598071,True,True,True,1.1234296950455875e-06,COMPLETE
1655,0.4167588114738464,2025-04-15 09:50:52.083885,2025-04-15 09:51:19.242285,0 days 00:00:27.158400,0.5849307872297944,0.2889690870608632,8,0.06529641495705824,0.014073042659002201,0.0032043496060993005,0.08091312062074603,0.045816303007251265,0.04446438537663108,0.0001597874666727105,20,25,0.012710385501893406,0.01789102411944542,True,True,True,1.916028545592513e-06,COMPLETE
1656,0.18795708417892457,2025-04-15 09:51:19.795715,2025-04-15 09:51:48.093859,0 days 00:00:28.298144,0.6062973502070509,0.38693837835592815,8,0.07228636520148796,0.02020056857267447,0.00764162150550642,0.07351001877361327,0.035884655984292135,0.08390003167634152,0.00019286472810798246,19,121,0.01476427668404283,0.009981754397804772,True,True,True,8.202838087024328e-07,COMPLETE
1657,0.40746101140975954,2025-04-15 09:51:48.629194,2025-04-15 09:52:14.355416,0 days 00:00:25.726222,0.5572303725204144,0.3068443995931532,8,0.061465884645857796,0.027027002309162093,0.005843039796893159,0.07652620349010693,0.03936436962092955,0.07942393478847345,0.00023253059511066566,18,30,0.017028342648732313,0.027458706114349994,True,True,True,1.4145264923552974e-06,COMPLETE
1658,0.3154110968112946,2025-04-15 09:52:14.885917,2025-04-15 09:52:42.418405,0 days 00:00:27.532488,0.2942771245583974,0.3350591783647774,8,0.05777880902645143,0.005904054953996665,0.0027679316403290397,0.07199435238802136,0.037110107695008124,0.04607562754295299,0.00013038462665161056,20,34,0.01225178907884058,0.015269742518255299,True,True,True,2.4544566889928547e-06,COMPLETE
1659,0.4930012345314026,2025-04-15 09:52:42.971365,2025-04-15 09:53:12.752649,0 days 00:00:29.781284,0.5134689565578633,0.3585804010960952,8,0.08368914890951196,0.013950204666243794,0.004335739244212449,0.07441491650863481,0.03574263233992838,0.081934401923898,0.00020999795790005427,24,27,0.021694317273485288,0.021392865389658844,True,True,True,1.6578594894776291e-06,COMPLETE
1660,0.18795708417892457,2025-04-15 09:53:13.284326,2025-04-15 09:53:40.638546,0 days 00:00:27.354220,0.5944242529614567,0.3801024650411758,8,0.2843275252818633,0.03255039902441498,0.009099456773587294,0.07898131095364792,0.04211509087836552,0.08780050593007017,0.00027099177623376015,21,31,0.014666406199387574,0.010880046992191823,True,True,True,1.0145477705287235e-06,COMPLETE
1661,0.19520514607429507,2025-04-15 09:53:41.197214,2025-04-15 09:54:09.562976,0 days 00:00:28.365762,0.9866248185171942,0.280152533731116,8,0.06653693235549824,0.019483099704325067,0.006196613029845111,0.07767842705855205,0.035007961776332974,0.07859747860098518,0.00026229917746543993,22,40,0.019460533700282827,0.03429504184348534,True,True,True,6.163086100560451e-07,COMPLETE
1662,0.489731240272522,2025-04-15 09:54:10.104254,2025-04-15 09:54:36.416411,0 days 00:00:26.312157,0.5720603221590977,0.30994160504266977,8,0.0001290248234642865,0.009914099362640724,0.008253994514728288,0.0814894972234972,0.034876845624784616,0.0840460575155398,0.0013947824277640616,19,25,0.016437188007418405,0.0066275289620182885,True,True,True,2.7092293355172873e-06,COMPLETE
1663,0.4049569725990296,2025-04-15 09:54:36.951993,2025-04-15 09:55:04.464081,0 days 00:00:27.512088,0.5303925039631714,0.3446799905051566,8,0.07679373991908232,0.024087595022606788,0.0025805933343638707,0.07207992974183525,0.027954158416607325,0.0804947146750716,0.00020814714922976307,20,48,0.011643850236767873,0.01539985404139177,True,True,True,1.2568154719617067e-06,COMPLETE
1664,0.4988689541816712,2025-04-15 09:55:05.018398,2025-04-15 09:55:30.056516,0 days 00:00:25.038118,0.6421045261328981,0.3922045030599033,8,0.055417565152629855,0.005103832655040571,0.0011237080246273654,0.07505980331917458,0.038554206369140746,0.07799424551409424,0.0002625172117521299,17,37,0.013981179968093534,0.025247544810540343,True,True,True,2.120709599034522e-06,COMPLETE
1665,0.5853822708129883,2025-04-15 09:55:30.594537,2025-04-15 09:55:58.370137,0 days 00:00:27.775600,0.5017165681113663,0.3664274139238684,8,0.06209959544392336,0.014017406341779663,0.004665968424138469,0.07966763688291695,0.03413168835499068,0.08646099173681333,0.00018956809435952083,21,29,0.017205907590606768,0.009690176787779727,True,True,True,4.395820312047329e-06,COMPLETE
1666,0.3646936058998108,2025-04-15 09:55:58.923111,2025-04-15 09:56:27.868666,0 days 00:00:28.945555,0.4722271932906533,0.3598967072102592,8,0.050144405236453374,0.009472101140238939,0.0065957813635017315,0.08286262982560914,0.029977302577159227,0.08860644662186935,0.0001293792078894069,23,22,0.02145087216256502,0.02158520611721329,True,True,True,2.2956670079577247e-06,COMPLETE
1667,0.18795708417892457,2025-04-15 09:56:28.404670,2025-04-15 09:57:44.545890,0 days 00:01:16.141220,0.4737397694213596,0.3733329486044509,2,0.0695139517516177,0.01944733914344568,0.008735552535250254,0.08541133382229618,0.032068337611018974,0.08765397757902939,0.00014293640681594053,22,33,0.01986546252603695,0.018243981566078347,True,True,True,7.291713080185857e-06,COMPLETE
1668,0.3510130882263184,2025-04-15 09:57:45.109283,2025-04-15 09:58:12.636338,0 days 00:00:27.527055,0.5004725337934263,0.36149752941404534,8,0.05594131934171482,0.02746539500563775,0.004872522951970287,0.08014982052986847,0.05041158220004758,0.08687720468926909,0.00015803086044093446,21,28,0.018427258222226794,0.02868035559856981,True,True,True,3.3481328352281297e-06,COMPLETE
1669,0.18795708417892457,2025-04-15 09:58:13.173609,2025-04-15 09:58:40.735809,0 days 00:00:27.562200,0.4551537810962015,0.385931969190011,8,0.07483706588732686,0.03910287285697736,0.005552573611097025,0.0821812611566678,0.033763544876603754,0.08986998853463934,0.00016504013930695,21,31,0.018376466153675143,0.014450881827166698,True,True,True,6.695172808384707e-06,COMPLETE
1670,0.4396079421043396,2025-04-15 09:58:41.274674,2025-04-15 09:59:10.256763,0 days 00:00:28.982089,0.48892414572168097,0.348849529946875,8,0.061627690005590416,0.014980156643548685,0.008975763266064035,0.08408817298482262,0.0281502235659404,0.08656800145959768,0.000165268387260477,23,25,0.02257798573489727,0.02108930741301439,True,True,True,4.886922187993364e-06,COMPLETE
1671,0.3921740651130677,2025-04-15 09:59:10.815330,2025-04-15 09:59:39.609672,0 days 00:00:28.794342,0.5065986170697138,0.3762290205330617,8,0.06671678487847199,0.007161810919496937,0.002825231648451411,0.07959435815247874,0.03075817785044118,0.08897928188034993,0.0001741738679350667,22,35,0.017350213365806087,0.012161352843202697,True,True,True,4.623636065355783e-06,COMPLETE
1672,0.592438006401062,2025-04-15 09:59:40.148109,2025-04-15 10:00:07.612120,0 days 00:00:27.464011,0.5027480229830108,0.34091354700378895,8,0.05088343996672977,0.021963272416645287,0.04230443515773371,0.08101398462084437,0.03340564963963224,0.08655449293996323,0.00013560388849625024,21,28,0.019994984822920888,0.010801178797709044,True,True,True,3.6812050719709334e-06,COMPLETE
1673,0.26459450721740724,2025-04-15 10:00:08.175278,2025-04-15 10:00:36.068802,0 days 00:00:27.893524,0.4551119636145081,0.3314405385275577,8,0.0496160217468594,0.029781074020245865,0.04349362834276489,0.08198979037167564,0.03204183257583036,0.052059351905720745,0.00019055627584247257,21,22,0.02278175322556569,0.021661699317907887,True,True,True,6.625199419483199e-06,COMPLETE
1674,0.3994636178016663,2025-04-15 10:00:36.611703,2025-04-15 10:01:04.520408,0 days 00:00:27.908705,0.48778920145479127,0.3405866235893911,8,0.052125884038153,0.03457607318561902,0.03999012737380529,0.08292630195644461,0.03432812236031229,0.08870649946213266,0.00014225989205082974,21,26,0.021531867039016432,0.02704687654478124,True,True,True,5.236316850986742e-06,COMPLETE
1675,0.21060047149658206,2025-04-15 10:01:05.053552,2025-04-15 10:01:33.214569,0 days 00:00:28.161017,0.8906831854472738,0.33551912162939185,8,0.046320305164659695,0.025235324796530647,0.09663957075962534,0.08617810892152927,0.027507383580625887,0.09099476433434339,0.00013203514239373978,22,28,0.02098071527711561,0.018738819165421854,True,True,True,4.29272094637907e-06,COMPLETE
1676,0.18795708417892457,2025-04-15 10:01:33.766884,2025-04-15 10:02:01.309524,0 days 00:00:27.542640,0.4795573928120803,0.3555248029045623,8,0.2714235217176983,0.036210372581482034,0.04349933790773315,0.08135297290560928,0.029380492428794803,0.08950969681710062,0.00011798686520711651,21,23,0.020160628951941536,0.026658307675613304,True,True,True,5.558260939071704e-06,COMPLETE
1677,0.3984217047691346,2025-04-15 10:02:01.848033,2025-04-15 10:02:29.637604,0 days 00:00:27.789571,0.44170190572955503,0.32580442842126633,8,0.05174255626303103,0.0245071510274662,0.04096496724789291,0.08315155078779883,0.034346397236521775,0.08613668216712342,0.00012027757963174844,21,32,0.022690139962601906,0.0340159361940269,True,True,True,4.5006123238551675e-06,COMPLETE
1678,0.18795708417892457,2025-04-15 10:02:30.199203,2025-04-15 10:02:58.442816,0 days 00:00:28.243613,0.46958757059640105,0.36320097745458624,8,0.05587047066133344,0.04574844174830828,0.04190970243685607,0.08448027322656598,0.031741247433022805,0.0886270370213571,0.00011884403218386602,22,25,0.023620294622893563,0.016945651827754225,True,True,True,7.4276386199491405e-06,COMPLETE
1679,0.4117028832435608,2025-04-15 10:02:58.984568,2025-04-15 10:03:26.812712,0 days 00:00:27.828144,0.4993825042365818,0.3440689326580406,8,0.05071787985066543,0.03037892301735407,0.040855582255540396,0.08094770392706263,0.02973144699077359,0.08994325822464098,0.00015428474563877092,21,28,0.020653069650370438,0.020915876357716655,True,True,True,3.4353238866209344e-06,COMPLETE
1680,0.18795708417892457,2025-04-15 10:03:27.375402,2025-04-15 10:03:55.700850,0 days 00:00:28.325448,0.5096481397000847,0.3620368899148323,8,0.047141904849629115,0.05344225380200399,0.040935170622594566,0.08053847426101882,0.03623543092162659,0.09093277350937323,0.00013205503999082338,22,30,0.02001332331542648,0.016237162634218108,True,True,True,4.775157312062795e-06,COMPLETE
1681,0.2065869450569153,2025-04-15 10:03:56.244283,2025-04-15 10:04:23.824065,0 days 00:00:27.579782,0.8641373599747616,0.3326052204806693,8,0.058176358988019206,0.021261093918321268,0.03939442208954363,0.08428299969227909,0.033155150752203814,0.08570418041230043,0.0001376144794703401,21,33,0.019171247597252635,0.2705013666171945,True,True,True,1.4165957551070877e-06,COMPLETE
1682,0.38501020669937136,2025-04-15 10:04:24.360324,2025-04-15 10:04:51.313968,0 days 00:00:26.953644,0.47604363173191033,0.3165071870412294,8,0.059978307612375034,0.019732586110328063,0.03869093271419574,0.07965872767789503,0.027370600202406743,0.08745555166093162,0.00014846090851122797,20,22,0.01912896828362058,0.026331082853347173,True,True,True,4.3871567743238506e-06,COMPLETE
