number,value,datetime_start,datetime_complete,duration,params_alpha-eval,params_alpha-train,params_batch-size,params_eps-eval,params_eps-train,params_lambda-actions-eval,params_lambda-actions-train,params_lambda-frames-eval,params_lambda-frames-train,params_learning-rate,params_n-epochs,params_n-frames,params_radius-gw,params_rho,params_std-feats,params_ub-actions,params_ub-frames,params_weight-decay,state
280,0.40624455213546756,2025-04-13 03:46:52.539474,2025-04-13 03:47:11.267842,0 days 00:00:18.728368,0.6353753857802534,0.2512341514680698,8,0.05318188301314458,0.020962292571115787,0.01325896706879403,0.06107009369675331,0.007412766255206919,0.03458572602260285,0.0001333055090483398,9,11,0.021416009652249664,0.22098491871962636,False,True,True,8.509863507220955e-05,COMPLETE
281,0.4832171797752381,2025-04-13 03:47:11.356184,2025-04-13 03:47:40.285232,0 days 00:00:28.929048,0.6580670759242451,0.28549005009100875,8,0.061440131497718625,0.03307520170758641,0.008810046454065067,0.0583552257554504,0.008846732525955952,0.03271949920707411,0.00023682810676544218,24,13,0.024643147606101895,0.2157528834617243,False,True,True,6.990861178991144e-05,COMPLETE
282,0.36721650362014774,2025-04-13 03:47:40.374570,2025-04-13 03:47:58.609819,0 days 00:00:18.235249,0.6903001956441239,0.23425632809210994,8,0.05307799984676327,0.010120423499040798,0.011291786459686669,0.06352024496013348,0.009831325166775177,0.030142362518029795,0.00023644769691286895,8,19,0.020011804636693695,0.21675057818751195,False,True,True,5.421258609289754e-05,COMPLETE
283,0.4311408638954163,2025-04-13 03:47:58.698702,2025-04-13 03:48:17.835230,0 days 00:00:19.136528,0.630303501090834,0.23993593042100467,8,0.045596253835115896,0.02551856577781314,0.015389708433394959,0.06576177091564865,0.005980155135107539,0.028381749755431746,0.0002828117317335995,10,8,0.02882412489206299,0.23105396477503368,False,True,True,4.282540379243552e-05,COMPLETE
284,0.3320701658725739,2025-04-13 03:48:17.934369,2025-04-13 03:48:36.936282,0 days 00:00:19.001913,0.6720936333437778,0.2837203436480353,8,0.05869757620408398,0.04493512587991931,0.007804174519509285,0.06864602646311946,0.009649969915109524,0.03299466836002774,0.00016126019342267746,9,15,0.02653176142611646,0.07147463852456634,False,True,True,9.865066613473427e-05,COMPLETE
285,0.18795708417892457,2025-04-13 03:48:37.026138,2025-04-13 03:48:54.825901,0 days 00:00:17.799763,0.6187416758147309,0.12188763303273349,8,0.05025041782239421,0.14611805821761703,0.010376649845648544,0.06197360772432428,0.003449468037513759,0.027700171241284936,2.9463435562036416e-05,8,12,0.02250900255390116,0.21186212901509682,False,True,True,5.0370175779789576e-05,COMPLETE
286,0.18795708417892457,2025-04-13 03:48:54.916904,2025-04-13 03:49:13.656156,0 days 00:00:18.739252,0.24429556627830115,0.26443305324599486,8,0.04121314434548086,0.28866040805708115,0.013053413992691316,0.07178064747983573,0.0053993699111210686,0.03102924007252574,0.00021379899444886485,9,21,0.017090334781156718,0.20950470841528693,False,True,True,5.922154683839146e-05,COMPLETE
287,0.3425599455833435,2025-04-13 03:49:13.747707,2025-04-13 03:49:31.960464,0 days 00:00:18.212757,0.7323170442410859,0.22555211202764813,8,0.06347164059513731,0.01610193509443696,0.007637177371446106,0.057311890484773975,0.0028153486787661,0.00703242381997445,0.000332577828924126,8,17,0.02819565914455256,0.21872118319519743,False,True,True,3.895638082393449e-05,COMPLETE
288,0.38217309713363645,2025-04-13 03:49:32.061563,2025-04-13 03:49:51.461286,0 days 00:00:19.399723,0.3131905315119168,0.18570381764626837,8,0.0554052509432544,0.029029839761845828,0.01727493971888685,0.06493700525785549,0.008242173822691181,0.02499059317821076,0.0002869181855956599,10,10,0.03051120931369615,0.20588155532003688,False,True,True,7.492329817492637e-05,COMPLETE
289,0.398513662815094,2025-04-13 03:49:51.552314,2025-04-13 03:50:10.290593,0 days 00:00:18.738279,0.6492236218644114,0.14234310865062977,8,0.04579514988517397,0.037458535065885167,0.009510723389513876,0.060368848028673795,0.010882092001878592,0.003341126197872097,0.00019620910727859964,9,14,0.02410756362563777,0.20315751691435738,False,True,True,1.158581982916365e-05,COMPLETE
290,0.36982421875000004,2025-04-13 03:50:10.383289,2025-04-13 03:50:25.106621,0 days 00:00:14.723332,0.6084085934654901,0.16743178327899877,16,0.03375834727923088,0.021870736619018394,0.01221936246037221,0.06744189190335553,0.09786418175434015,0.02086685365895062,0.00025549944729030133,7,19,0.02100839496159915,0.21680013958172845,False,True,True,1.7910219251015116e-05,COMPLETE
291,0.4299007892608643,2025-04-13 03:50:25.199508,2025-04-13 03:50:44.952583,0 days 00:00:19.753075,0.6803514776625138,0.21695023794969842,8,0.05086699291704821,0.006467774141633066,0.006953201522392029,0.0636610574171874,0.006191727404346372,0.028789360900865764,0.0003689955659341279,10,24,0.025554078768041014,0.198766717141065,False,True,True,3.407893287128163e-05,COMPLETE
292,0.36634330749511723,2025-04-13 03:50:45.044957,2025-04-13 03:51:03.299543,0 days 00:00:18.254586,0.7573885095466694,0.1106489525270834,8,0.040552722365422504,0.03243926296047976,0.014027922684371526,0.06283254974961211,0.0011823218332040978,0.01751129331856522,0.00014792769775871795,8,16,0.019476754571898444,0.21286464215895065,False,True,True,2.5038334709304682e-05,COMPLETE
293,0.3292049169540405,2025-04-13 03:51:03.401863,2025-04-13 03:51:28.854190,0 days 00:00:25.452327,0.6446502306491012,0.25280764030263336,8,0.059678423099114905,0.02615384377676442,0.010560433644264641,0.06581029970877507,0.003101344807512625,0.02676087194912156,0.00040996566622195535,19,8,0.027521810645552088,0.22334493322122712,True,True,True,4.2206021426465124e-05,COMPLETE
294,0.5376343727111816,2025-04-13 03:51:28.947490,2025-04-13 03:51:47.687458,0 days 00:00:18.739968,0.7001584183822126,0.18620028541299408,8,0.0458694742277442,0.016624366496487845,0.005726166684456309,0.058887595650874834,0.004978809346395871,0.031260259655942486,0.00023330171403200124,9,13,0.023983586177959575,0.20767333441785274,False,True,True,1.4445460785208703e-05,COMPLETE
295,0.32766371965408325,2025-04-13 03:51:47.781433,2025-04-13 03:52:07.769577,0 days 00:00:19.988144,0.7174044922229448,0.15282274900444404,8,0.02984795187410989,0.01099630616759236,0.005332080956646299,0.058580337932382445,0.007095701829294971,0.03467596257946466,0.0005235239808965025,11,11,0.023598069858891707,0.20874939649513793,False,True,True,1.423432622682896e-05,COMPLETE
296,0.37402092218399047,2025-04-13 03:52:07.862116,2025-04-13 03:52:27.338682,0 days 00:00:19.476566,0.7079626589134617,0.1811018524487442,8,0.0388154615394737,0.017439527686011227,0.0065700396675817,0.05728086847150038,0.005521344899096605,0.031605812429953924,0.0001703734199855329,10,21,0.025676148352964265,0.212137499916155,False,True,True,1.9302336918730137e-06,COMPLETE
297,0.3158741474151612,2025-04-13 03:52:27.432046,2025-04-13 03:52:45.462992,0 days 00:00:18.030946,0.6737765520306552,0.13413210144208645,8,0.04631211491008462,0.003944282252466789,0.008583799486176354,0.060226966257035545,0.010257416163637885,0.006137442424264192,0.00022567441071798226,8,13,0.02832559268261701,0.06214558190482729,False,True,True,5.3868435624842825e-05,COMPLETE
298,0.3099621653556824,2025-04-13 03:52:45.566863,2025-04-13 03:53:03.121493,0 days 00:00:17.554630,0.696166316979923,0.22420100366722223,8,0.04561172702513849,0.01391397050431058,0.0040443455592225055,0.05475631242869372,0.00839494932860559,0.050819745844752226,0.022574138402530485,7,18,0.030538188750627995,0.1969614291676962,False,True,True,0.00012578580782835922,COMPLETE
299,0.3525692582130432,2025-04-13 03:53:03.215764,2025-04-13 03:53:19.724692,0 days 00:00:16.508928,0.6583695756996031,0.18249408002999026,8,0.021268995570631867,0.02221855330592919,0.008068947258629614,0.061458298597525024,0.0028437397308155735,0.001969022603112579,0.0003256028425765418,6,6,0.02244018898444877,0.22660269576653883,False,True,True,8.133678126118614e-06,COMPLETE
300,0.5004177808761597,2025-04-13 03:53:19.819980,2025-04-13 03:53:38.425171,0 days 00:00:18.605191,0.7354948580520739,0.27102338281541055,8,0.036746397705221846,0.019027942238916462,0.005470886120855227,0.059215985885448234,0.005769561339006458,0.02390735292805657,0.009416636897989735,9,10,0.025636504799601362,0.20550479417218692,False,True,True,9.993958259521731e-06,COMPLETE
301,0.32076922059059143,2025-04-13 03:53:38.519492,2025-04-13 03:53:53.449641,0 days 00:00:14.930149,0.5913025896619358,0.15657234754643246,16,0.05733154926124251,0.039971962153098624,0.008738929192529811,0.0560403078796963,0.0045645895139963056,0.030378001745455643,0.0005599724753322784,8,23,0.05904309222925324,0.18988679769401048,False,True,True,1.5317116521601517e-05,COMPLETE
302,0.2802293419837952,2025-04-13 03:53:53.545379,2025-04-13 03:54:13.259539,0 days 00:00:19.714160,0.6941698958235997,0.24203044154924902,8,0.06578377214096473,0.09306318874848485,0.0064978832412896795,0.06332156395473375,0.0010975630099016608,0.039242865613102265,0.00019529538868495158,10,67,0.06857870878904193,0.2182599691765864,False,True,True,3.19236934290964e-05,COMPLETE
303,0.4665195941925049,2025-04-13 03:54:13.364314,2025-04-13 03:54:32.148983,0 days 00:00:18.784669,0.21113420155722817,0.20445391769715698,8,0.03245326238917023,0.050631876319236116,0.004172402304263823,0.08123567022324754,0.007589753709839042,0.04412052772614329,0.0004117687246920124,9,19,0.023813977985901312,0.20933792096805626,False,True,True,8.298293331112976e-05,COMPLETE
304,0.18795708417892457,2025-04-13 03:54:32.245519,2025-04-13 03:54:49.450442,0 days 00:00:17.204923,0.6425832812951676,0.10470242829297188,8,0.05271553476161297,0.1752637773693455,0.012310744655147745,0.06979982911069232,0.0037718512402185865,0.032958969914112374,0.00024399003881291545,7,13,0.02673172895248295,0.19961921094961116,False,True,True,1.992410086298505e-05,COMPLETE
305,0.4448089599609375,2025-04-13 03:54:49.546685,2025-04-13 03:55:09.652735,0 days 00:00:20.106050,0.6677897127041998,0.16907153120055587,8,0.0473797771928687,0.011458484726279632,0.009869294063775116,0.061959700137962335,0.009937309140918327,0.03759180909987452,0.00034801079136226245,11,16,0.029685329659947565,0.19313084416616283,False,True,True,4.4536110600384904e-05,COMPLETE
306,0.4205461382865906,2025-04-13 03:55:09.748989,2025-04-13 03:55:27.956838,0 days 00:00:18.207849,0.6311585086245451,0.12384969544818762,8,0.0420040203672655,0.02428213369472766,0.01502705666954343,0.06419579562066322,0.002786609500132704,0.025316919383048923,0.004679099372887302,8,25,0.022297773932291723,0.20463588647345035,False,True,True,6.119979146918478e-05,COMPLETE
307,0.501907229423523,2025-04-13 03:55:28.063393,2025-04-13 03:55:46.975331,0 days 00:00:18.911938,0.719649412239003,0.21121310601789456,8,0.05609558171437951,0.035237605356422355,0.007606067702955914,0.06811360755502083,0.006183824771490831,0.004410014321817942,0.0002968081253820103,9,21,0.024797578377865538,0.18536267596115638,False,True,True,1.1780017449353205e-05,COMPLETE
308,0.19241920113563538,2025-04-13 03:55:47.072925,2025-04-13 03:56:06.622189,0 days 00:00:19.549264,0.8901331792123552,0.2963783358679993,8,0.07066946254077174,0.01704612651102416,0.0054718467813504945,0.05055755777777815,0.028735986148301088,0.007767818999314965,0.00048142615562373343,10,14,0.017834691283217692,0.2135835119252742,False,True,True,2.80581923492954e-05,COMPLETE
309,0.47755949497222905,2025-04-13 03:56:06.718974,2025-04-13 03:56:23.613828,0 days 00:00:16.894854,0.6872097410355172,0.2341447476311485,8,0.03765929518647328,0.029876166285899078,0.060732040163727546,0.061530623792377385,0.011297211680179544,0.02730240867183108,0.000647493835561724,6,18,0.028684643859605986,0.19734284143297504,False,True,True,3.531434199016584e-05,COMPLETE
310,0.3953366756439209,2025-04-13 03:56:23.712176,2025-04-13 03:56:42.532895,0 days 00:00:18.820719,0.613340066475181,0.18667785882287893,8,0.061660482803778394,0.04319516195459183,0.011705603768195487,0.06488549495015851,0.0045531832827709106,0.03508431228447076,0.00021489519957800966,9,9,0.026770048959011365,0.22040317459083475,False,True,True,1.752684688353989e-05,COMPLETE
311,0.38141251802444465,2025-04-13 03:56:42.630458,2025-04-13 03:57:00.683850,0 days 00:00:18.053392,0.6581303517295473,0.14538754374430496,8,0.047162212483066276,0.0043013868491720165,0.0028998520310509978,0.05956629193464451,0.0010737097987150862,0.03100240253182604,0.00026433660067777125,8,16,0.030994849922889176,0.20494975644352764,False,True,True,4.62951559184154e-05,COMPLETE
312,0.38240644931793216,2025-04-13 03:57:00.792357,2025-04-13 03:57:20.563202,0 days 00:00:19.770845,0.17325426520463888,0.2550357799668089,16,0.0277787613475583,0.02226798432895384,0.009386752489408862,0.06663459440013045,0.007284584754208689,0.022746193223762833,0.0004067113456197232,20,21,0.020884908701078408,0.20938387344055892,True,True,True,5.9060646708711404e-05,COMPLETE
313,0.3431727528572083,2025-04-13 03:57:20.662362,2025-04-13 03:57:38.040980,0 days 00:00:17.378618,0.5959727966188141,0.09319943260747943,8,0.052736549141829264,0.035480652588552104,0.006818994070953633,0.06310497155805991,0.00893358205289702,0.02905782914870118,9.800150497675804e-05,7,12,0.023483412117662084,0.19335744212525033,False,True,True,2.5210458574253014e-05,COMPLETE
314,0.37401794195175175,2025-04-13 03:57:38.138777,2025-04-13 03:57:57.726155,0 days 00:00:19.587378,0.6292887945528889,0.16949885615692878,8,0.04220313065230444,0.027510370242097057,0.018474095580783514,0.05368778866905066,0.082247657785321,0.0059092566362484705,0.0005797989573476807,10,77,0.025126860471054602,0.19931678061215305,False,True,True,3.5906003503114985e-05,COMPLETE
315,0.38065898418426514,2025-04-13 03:57:57.824940,2025-04-13 03:58:16.865570,0 days 00:00:19.040630,0.7033931694165543,0.19923702296711704,8,0.03474272126411491,0.012285449915247704,0.013848863224931405,0.07089883943295372,0.0028008749990417834,0.026637511704569974,0.0003210698020978469,9,27,0.01936524402359553,0.09381702132020667,False,True,True,0.00010218156260756679,COMPLETE
316,0.18789772391319276,2025-04-13 03:58:16.974464,2025-04-13 03:58:34.998700,0 days 00:00:18.024236,0.6807175524274047,0.22218247454615472,8,0.29574425190017584,0.01887348031662226,0.010641041618799233,0.05793582866245973,0.005089517229440781,0.03201110064608532,0.0001962065725573753,8,19,0.09240776235165771,0.22570582378385887,False,True,True,1.3827667547891222e-05,COMPLETE
317,0.2933495283126831,2025-04-13 03:58:35.098386,2025-04-13 03:58:52.670634,0 days 00:00:17.572248,0.6487271081773561,0.13108415753129882,8,0.049249393802993785,0.03175850872487232,0.06899449927513283,0.06738275421049653,0.011932395514264263,0.020551661186850978,0.0005142738368166595,7,23,0.027242677989534846,0.16597262016250117,False,True,True,1.9915581631187083e-05,COMPLETE
318,0.47020537853240973,2025-04-13 03:58:52.770339,2025-04-13 03:59:11.800354,0 days 00:00:19.030015,0.5771470368837375,0.27003286276834115,8,0.05982632353844908,0.0255497038589073,0.008416274844402685,0.06098628805255234,0.0047462083400598,0.003746011461749004,0.0002458118588598552,9,15,0.022079534984904243,0.2170044651262094,False,True,True,7.142875345296012e-05,COMPLETE
319,0.2774144172668457,2025-04-13 03:59:11.900111,2025-04-13 03:59:28.151392,0 days 00:00:16.251281,0.6039245266750715,0.15746405883940082,8,0.04376787181815941,0.00020731467918670525,0.0045212762840265205,0.06463916411156975,0.002784850179807811,0.0010118987714923047,0.000161070363040911,6,7,0.01638022912732138,0.2331409644586244,False,True,True,2.8206414266349293e-05,COMPLETE
320,0.38307619094848633,2025-04-13 03:59:28.262549,2025-04-13 03:59:44.228202,0 days 00:00:15.965653,0.6653451123165182,0.02722431513805293,8,0.05479402783983501,0.04022519265983721,0.012679526184813387,0.06911950233305841,0.014332944502992823,0.02524281348172632,0.00037655685677309236,5,11,0.02929106088934512,0.18413689587082643,False,True,True,4.032972795507415e-05,COMPLETE
321,0.2726930141448975,2025-04-13 03:59:44.328736,2025-04-13 04:00:02.402075,0 days 00:00:18.073339,0.6260990656800163,0.24270055469487917,8,0.06777168918656364,0.00924038658035184,0.016095338587073835,0.06297197876493713,0.007624213407032159,0.007680870990275722,0.01382462165856961,8,17,0.024233970705667848,0.20122307668595166,False,True,True,4.8113770070737956e-05,COMPLETE
322,0.5285163998603821,2025-04-13 04:00:02.502804,2025-04-13 04:00:22.097166,0 days 00:00:19.594362,0.7360326777088444,0.20005394086294437,8,0.03972046129493481,0.015539486610595453,0.00661064331210472,0.065817132482945,0.0011195640240447818,0.028422068914711798,0.0003016085334035229,10,14,0.03342992682908565,0.21082178252658082,False,True,True,2.2801900312690472e-05,COMPLETE
323,0.3224761247634888,2025-04-13 04:00:22.199863,2025-04-13 04:00:37.871282,0 days 00:00:15.671419,0.7533226433281219,0.20201832272909798,16,0.02674709611153439,0.015441310450704883,0.009534213087772287,0.06594656457477993,0.0012815521185672056,0.02858385133884708,0.00029301745155743035,10,20,0.031250285728195694,0.02107801925001135,False,True,True,2.1976772102952345e-05,COMPLETE
324,0.3889715909957886,2025-04-13 04:00:37.974586,2025-04-13 04:00:56.772901,0 days 00:00:18.798315,0.7955484547053995,0.22154705120785315,8,0.03681791827287345,0.008006813319597588,0.007640408480629262,0.05994444208045268,0.018407386123214152,0.030471029028757313,0.00032978374708931375,9,30,0.03386374504369196,0.21209861102225352,False,True,True,1.5758051552914648e-05,COMPLETE
325,0.5396923899650574,2025-04-13 04:00:56.884647,2025-04-13 04:01:16.393348,0 days 00:00:19.508701,0.7299443758783923,0.19527365767376206,8,0.04052164643213249,0.019198352189053594,0.0030565910730404005,0.06447862664200281,0.005219755600248683,0.03335782907938413,0.000242102166760197,10,13,0.03156759819326187,0.20898075582669853,False,True,True,2.5193551430893712e-05,COMPLETE
326,0.37327911853790285,2025-04-13 04:01:16.496053,2025-04-13 04:01:36.798387,0 days 00:00:20.302334,0.7818982771195252,0.1931250557121141,8,0.017495980565279234,0.0158853689587293,0.0019017108103732468,0.06744955566178641,0.009431814007628802,0.03571727966912123,0.00018907348937324172,11,10,0.03204787273149289,0.204404998522424,False,True,True,1.16875405403179e-06,COMPLETE
327,0.3227320909500122,2025-04-13 04:01:36.900832,2025-04-13 04:01:56.587144,0 days 00:00:19.686312,0.7369695382780589,0.1802854872335382,8,0.031884765062440576,0.022077805203453087,0.0049699000158576565,0.06493827837775869,0.006020833686232151,0.03378029562966599,0.00021960675910774597,10,25,0.034338113359000985,0.21525311164317135,False,True,True,1.8944954857286823e-05,COMPLETE
328,0.3022824883460999,2025-04-13 04:01:56.690871,2025-04-13 04:02:16.609380,0 days 00:00:19.918509,0.72001041175238,0.24628547310263463,8,0.03975430493403808,0.006788538236055245,0.00297205776381988,0.05603670404756412,0.007449389236641061,0.03287776498986685,0.00012904942696789385,11,5,0.032201391253240126,0.22390308249129123,False,True,True,3.5008829249136664e-05,COMPLETE
329,0.4129622101783753,2025-04-13 04:02:16.721804,2025-04-13 04:02:41.932264,0 days 00:00:25.210460,0.746075825849474,0.1765138324192669,8,0.04267279751787586,0.013794319874226288,0.0036646971149400633,0.062283718421547715,0.004235640423744674,0.02986277809019965,0.00026339305671493456,18,17,0.03683530260805575,0.208012092068749,False,True,True,1.1977453867893182e-05,COMPLETE
330,0.4340001821517945,2025-04-13 04:02:42.035975,2025-04-13 04:03:01.472135,0 days 00:00:19.436160,0.7604986741842106,0.14155174039781754,8,0.032799375960014865,0.020097565103608928,0.08082202454738127,0.06741107453652385,0.006411153093623618,0.027894935285598565,0.00045906771186607397,10,12,0.03232930502774182,0.19544092782492767,False,True,True,2.712626544630764e-05,COMPLETE
331,0.38647496700286865,2025-04-13 04:03:01.575658,2025-04-13 04:03:20.581280,0 days 00:00:19.005622,0.7103334621300446,0.010169561972447727,8,0.03803684658391244,0.02270676027792732,0.01121344298476058,0.06568831577474772,0.011321549512472644,0.030354263651582686,0.00023276744366615488,9,22,0.028573351965491826,0.20084992491181572,False,True,True,2.2832373554423537e-05,COMPLETE
332,0.33002946972846986,2025-04-13 04:03:20.686874,2025-04-13 04:03:40.320248,0 days 00:00:19.633374,0.7217552948277794,0.2069105446318367,8,0.04667475160697287,0.010579233064829354,0.052726296521256634,0.06095878134928138,0.008525556924952033,0.010075395496050656,0.00016479438307180966,10,18,0.030186329552935404,0.21847064887574316,True,True,True,3.244724367043295e-05,COMPLETE
333,0.3267263054847718,2025-04-13 04:03:40.435731,2025-04-13 04:03:59.506011,0 days 00:00:19.070280,0.6884066648150358,0.7264349584261687,8,0.025376059624377306,0.017325174589268726,0.009341655887062088,0.06401201124922264,0.005072870962515345,0.0317485718122257,0.005750681687654374,9,59,0.03483854341042337,0.20605867200943834,False,True,True,5.582017105794974e-05,COMPLETE
334,0.18795708417892457,2025-04-13 04:03:59.611653,2025-04-13 04:04:15.350867,0 days 00:00:15.739214,0.7391378179289257,0.22774033675915278,16,0.04323537192286112,0.20067856035964488,0.014510510248798096,0.05854112832416204,0.015178181179649846,0.004973517261057052,0.0002803676574229579,10,14,0.03371609910223868,0.18989731551921782,False,True,True,1.652271526491871e-05,COMPLETE
335,0.1970207691192627,2025-04-13 04:04:15.456302,2025-04-13 04:04:35.390565,0 days 00:00:19.934263,0.6925407087802153,0.18857986518096753,8,0.15452666981338867,0.02721116779264375,0.005249341888889443,0.06910654885054393,0.0032143800452646004,0.026941233121772823,0.00039786878129519017,11,8,0.018606283334209304,0.2130317280681067,False,True,True,4.523544454055154e-05,COMPLETE
