number,value,datetime_start,datetime_complete,duration,params_alpha-eval,params_alpha-train,params_batch-size,params_eps-eval,params_eps-train,params_lambda-actions-eval,params_lambda-actions-train,params_lambda-frames-eval,params_lambda-frames-train,params_learning-rate,params_n-epochs,params_n-frames,params_radius-gw,params_rho,params_std-feats,params_ub-actions,params_ub-frames,params_weight-decay,state
952,0.3454247355461121,2025-04-13 07:36:29.149215,2025-04-13 07:36:47.371061,0 days 00:00:18.221846,0.8486776545828274,0.059384438392338666,16,0.010585273009053976,0.021635843888974264,0.03650163032285794,0.08890460398370176,0.05273099221541742,0.05121634232150759,0.0002477972019319279,17,31,0.003990752836046957,0.009494092961347983,False,True,True,0.00027114166912739875,COMPLETE
953,0.18795708417892457,2025-04-13 07:36:47.686182,2025-04-13 07:37:06.611962,0 days 00:00:18.925780,0.8071129996617228,0.03941878740462178,16,0.005322003210038289,0.1528872679233799,0.032574284633462104,0.0923517289889199,0.053472176292271856,0.056615357095998485,0.00019804432970398124,19,34,0.0010374529903978517,0.02728810305848745,False,True,True,0.00036213754098129574,COMPLETE
954,0.33113880157470704,2025-04-13 07:37:06.913522,2025-04-13 07:37:25.316857,0 days 00:00:18.403335,0.8255993128527189,0.6316740883230211,16,0.0111309308674109,0.00511782594908778,0.04091786164362058,0.0932078080414908,0.06162543273062974,0.050442751544153515,0.00015008667399625577,17,28,0.0010340053859926807,0.014596391103859718,False,True,True,0.00021146317947890803,COMPLETE
955,0.4089660048484802,2025-04-13 07:37:25.627770,2025-04-13 07:37:44.612432,0 days 00:00:18.984662,0.8821079460545234,0.0601686012819387,16,0.0004499260312699248,0.010329559171053255,0.043914721098987974,0.09030994649820849,0.05195456884756727,0.07601418766643218,8.893319444992044e-05,18,44,0.0052459169268408564,0.02093940045775491,False,True,True,0.0002675138329690643,COMPLETE
956,0.3435726761817932,2025-04-13 07:37:44.925808,2025-04-13 07:38:03.556881,0 days 00:00:18.631073,0.8498597149279175,0.02778774206593836,16,0.011048750641694001,0.01563899428670035,0.04820486935437265,0.08870309219969376,0.05193226126108086,0.05670414625361304,0.00017785252945183428,17,39,0.003101615946326009,0.01629403245918796,False,True,True,0.00034855072032853807,COMPLETE
957,0.5431886553764343,2025-04-13 07:38:03.872037,2025-04-13 07:38:22.885220,0 days 00:00:19.013183,0.8255875984107429,0.04801899842749885,16,0.014483014137658916,0.023336657495592796,0.028082425724796328,0.09506535398387139,0.05238490668643552,0.054059407950984004,0.00012345717156893437,19,32,0.005409131838026598,0.003721258972974908,False,True,True,0.00021046720989943552,COMPLETE
958,0.5961288094520569,2025-04-13 07:38:23.203608,2025-04-13 07:38:41.706407,0 days 00:00:18.502799,0.8045380709170734,0.0619704577754112,16,0.005589864383716647,0.0057311912931775465,0.03837907832958266,0.09125430238739636,0.06587343452950836,0.057207250775117124,0.00014589131622799712,17,36,0.0010071328349742607,0.025346147464551563,False,True,True,0.00027672692535447103,COMPLETE
959,0.34677799940109255,2025-04-13 07:38:42.010736,2025-04-13 07:39:00.495506,0 days 00:00:18.484770,0.8040296088094518,0.025050968292381046,16,0.005134940803156477,0.004159887312121212,0.03528960166524852,0.09095370347571642,0.057928745041270636,0.057853910031471445,0.0001742309255692782,18,42,0.0025234918806170477,0.004728634824139294,False,True,False,0.00029526353841284077,COMPLETE
960,0.5897613406181336,2025-04-13 07:39:00.805653,2025-04-13 07:39:19.794723,0 days 00:00:18.989070,0.8085527212344186,0.04605428241815563,16,0.0010767192764394341,0.0035597324684844226,0.030464257148836396,0.08744070860286327,0.06692609373058511,0.05727179606603243,0.00022118853931165646,18,36,0.0029134185961981005,0.02497343948537135,False,True,True,0.00024775580964407233,COMPLETE
961,0.29599728584289553,2025-04-13 07:39:20.108795,2025-04-13 07:39:39.000867,0 days 00:00:18.892072,0.7958702656033411,0.01223124280481147,16,0.003149455017701459,0.0011776502755197283,0.031711896859136224,0.08565326604779713,0.056886775419668655,0.05809341217163539,0.0252021708056607,18,39,0.001562010371297826,0.0272198348039308,False,True,True,0.00022707984869139216,COMPLETE
962,0.27054520249366765,2025-04-13 07:39:39.315953,2025-04-13 07:39:58.379659,0 days 00:00:19.063706,0.8095799430327789,0.03849858746770312,16,0.004305985349017929,0.00016613330759892436,0.026526784614928956,0.08797017572035767,0.04928282120952007,0.056682237169576176,0.00014700368679481317,18,37,0.002910843059633108,0.023188763459811523,True,False,True,0.00019254564908073978,COMPLETE
963,0.4326856255531311,2025-04-13 07:39:58.697040,2025-04-13 07:40:17.917533,0 days 00:00:19.220493,0.8003106061154104,0.06254025638997826,16,0.0016656276558738537,0.004983267125414918,0.03025651163840532,0.0870453882747722,0.06602227229103624,0.057836608047280066,0.00022387495177305408,19,45,0.004318397878841749,0.018120727875686422,False,True,True,0.00025411287221903053,COMPLETE
964,0.2146904230117798,2025-04-13 07:40:18.220285,2025-04-13 07:40:37.055268,0 days 00:00:18.834983,0.8301203068947988,0.7422894221158712,16,0.005302525274174217,0.0045971235006109995,0.03466781759893889,0.08543097505134536,0.060160504892132115,0.054475240897216434,0.0002558594757262195,18,41,0.0015071447879616865,0.0334637634817539,False,True,True,0.00019904662703424422,COMPLETE
965,0.2097794532775879,2025-04-13 07:40:37.369372,2025-04-13 07:40:55.772225,0 days 00:00:18.402853,0.8268181667784292,0.9234159659882464,16,0.001335352681994438,0.0006486297089822578,0.025168548683662896,0.08726951095673184,0.05588381996202876,0.05990172255130118,0.0002139117103387509,17,36,0.0010294150897542122,0.024851115256578904,False,True,True,0.00026546939727039264,COMPLETE
966,0.5826224446296693,2025-04-13 07:40:56.087250,2025-04-13 07:41:14.811348,0 days 00:00:18.724098,0.7962947864635498,0.04507800726039736,16,0.007631868114073246,0.008371576162967851,0.0289962567457941,0.08894700664009676,0.05995233123550119,0.0553301949122115,0.0002019018206876245,18,38,0.001063686993690317,0.009407403207341725,False,True,True,0.0002896886748769048,COMPLETE
967,0.3295082211494446,2025-04-13 07:41:15.129042,2025-04-13 07:41:34.162124,0 days 00:00:19.033082,0.7968802496207582,0.03146936170537621,16,0.006568099259604474,0.004594887032749528,0.028551391396660627,0.08553006391008199,0.05055442298201161,0.05293579813718038,0.0002386920935056435,19,42,0.0010747757756885959,0.009938749365985933,False,True,True,0.00019792972605285625,COMPLETE
968,0.38686639070510864,2025-04-13 07:41:34.484587,2025-04-13 07:41:53.430544,0 days 00:00:18.945957,0.7960583217237829,0.04590730378231526,16,0.00035914821246534783,0.000668850076990234,0.031217269973542863,0.08835953926817663,0.05859535999809815,0.05501294333292125,0.00020749612352750753,18,46,0.003369119436978706,0.0010630492793414006,False,True,True,0.00026929999494049677,COMPLETE
969,0.4868048429489136,2025-04-13 07:41:53.734370,2025-04-13 07:42:12.739760,0 days 00:00:19.005390,0.8016598627257961,0.010237169907318926,16,0.007671617255961627,0.0004432938582071694,0.026892070824610287,0.08613462539420493,0.06412247559243958,0.05487667850620612,0.0002189678239641227,19,39,0.0033164009205803365,0.00993445670258921,False,True,True,0.00024234108287549803,COMPLETE
970,0.4226044058799744,2025-04-13 07:42:13.055688,2025-04-13 07:42:32.985168,0 days 00:00:19.929480,0.1973306357317829,0.02833110741865924,16,0.006294401207268788,0.006764265309167069,0.0295462214226534,0.08892210175777095,0.06482306646540482,0.052576870857436904,0.0002383889711341884,20,49,0.002109588858673693,0.008645700720101755,False,True,True,0.0003125583748000902,COMPLETE
971,0.40516295433044436,2025-04-13 07:42:33.302673,2025-04-13 07:42:52.191067,0 days 00:00:18.888394,0.47455914118116016,0.045774735299883004,16,0.0001130648445355209,0.009363925094392257,0.034411090470440754,0.08743584630121468,0.06246023961553677,0.05646119017655716,0.0001894003329645244,18,40,0.00547146874271793,0.016151782778515485,False,True,True,0.00019024418347710637,COMPLETE
972,0.2570411622524262,2025-04-13 07:42:52.512466,2025-04-13 07:43:11.271657,0 days 00:00:18.759191,0.8157128849568152,0.06056509712054584,16,0.0010170744929832096,0.008504902051759656,0.03340752692130147,0.08985136389344545,0.06145525627548012,0.05310592727470886,0.00019366019614022983,18,37,0.001223308764667082,0.007136419305912221,False,True,True,0.00024816034796293503,COMPLETE
973,0.3838364362716675,2025-04-13 07:43:11.595275,2025-04-13 07:43:30.753228,0 days 00:00:19.157953,0.8010714578050745,0.029853961857128623,16,0.0006457817095700327,0.005041573056353754,0.03059519606711189,0.08484082694036955,0.060464343443447574,0.055391554047817315,0.0002610639670322003,19,36,0.00381606912444509,0.01474332499489064,False,True,True,0.000340848428856497,COMPLETE
974,0.5534929394721986,2025-04-13 07:43:31.059114,2025-04-13 07:43:50.370011,0 days 00:00:19.310897,0.8162434379292729,0.048673304163701865,16,0.006698674596090958,0.00584272223562462,0.037053746324563146,0.0889279895433414,0.05859765535472866,0.0570678010053721,0.0002643773081554511,18,94,0.0011281725561782207,0.021108464451647185,False,True,True,0.00018792051506688243,COMPLETE
975,0.4264872550964356,2025-04-13 07:43:50.686999,2025-04-13 07:44:09.944456,0 days 00:00:19.257457,0.7892452109748043,0.06637713636949025,16,0.009511226292874039,0.00032206542633984175,0.03924177715355853,0.09143112592643604,0.06422277587779948,0.05071259001856383,0.0001713347356078528,19,41,0.005906059309934625,0.01981814054314064,False,True,True,0.0002816856836586749,COMPLETE
976,0.41878260374069215,2025-04-13 07:44:10.266128,2025-04-13 07:44:28.687398,0 days 00:00:18.421270,0.8280690540367852,0.02318872166319125,16,0.01060175515656306,0.009928629030098106,0.03713072016400709,0.08655183897185878,0.06866191476561195,0.053917305003897395,0.00016782837602122131,17,44,0.0535814158792962,0.013920547375639624,False,True,True,0.0002217979536450058,COMPLETE
977,0.5873741745948792,2025-04-13 07:44:29.009683,2025-04-13 07:44:47.822866,0 days 00:00:18.813183,0.8093588521584114,0.011804555865140905,16,0.01053081938021465,0.00032387057727236877,0.042814125808396254,0.09290399997134725,0.06001514324132356,0.07438126869988552,0.00020432598740434667,18,38,0.0032714026358148496,0.028257204741122588,False,True,True,0.00035153432417614293,COMPLETE
978,0.18795708417892457,2025-04-13 07:44:48.147074,2025-04-13 07:45:07.135516,0 days 00:00:18.988442,0.7935846512769603,0.016536962538391604,16,0.2757798003026388,0.0010953606415521058,0.04629805813267914,0.08945983588131166,0.06298503221505207,0.07361895688864707,0.00021518613405996788,19,43,0.002982722467050768,0.02745094124189498,False,True,True,0.00032044292348900087,COMPLETE
979,0.337847375869751,2025-04-13 07:45:07.442468,2025-04-13 07:45:26.178861,0 days 00:00:18.736393,0.7959830310218283,0.013231521306255342,16,0.012578136346402695,0.005289426643738527,0.04171010810481163,0.09160266289590839,0.05963185414479874,0.07491552097705546,0.00025934200463754536,18,40,0.0032104870590128447,0.022272569172137883,False,True,False,0.0002569457896192405,COMPLETE
980,0.5818870425224305,2025-04-13 07:45:26.501024,2025-04-13 07:45:45.813242,0 days 00:00:19.312218,0.8092308311886307,0.02760676121793929,16,0.00030947221302976666,0.0040818989692028695,0.04455905642131668,0.09297030518519814,0.05848384537808489,0.07672362116951412,0.0002535346457228687,19,38,0.004832892755888124,0.030825779623353138,False,True,True,0.00018221565074510708,COMPLETE
981,0.3678640127182007,2025-04-13 07:45:46.133586,2025-04-13 07:46:05.726723,0 days 00:00:19.593137,0.8140226107586164,0.011991443646655928,16,0.011794867505318942,0.0007806036556493919,0.043424972113801405,0.08993074694232737,0.06134959887900032,0.07410585339470203,0.0001969602375231377,18,47,0.003047889003449614,0.025804479019104057,True,True,True,0.00034812103087933957,COMPLETE
982,0.46449518203735357,2025-04-13 07:46:06.049958,2025-04-13 07:46:25.439067,0 days 00:00:19.389109,0.7865458129036592,0.04158549008536689,16,0.014926595088317002,0.00015306020756042363,0.04598440653425636,0.0881356860629722,0.05519453174472451,0.07719451988914051,0.00021296338837335782,20,38,0.0010725798718296512,0.0131450745999377,False,False,True,0.00023021186474770638,COMPLETE
983,0.5667104721069336,2025-04-13 07:46:25.762119,2025-04-13 07:46:44.753847,0 days 00:00:18.991728,0.7909656782854578,0.029710711192374447,16,0.0003681540061290251,0.009223516229185762,0.042153885660057934,0.09260164426808758,0.05880089449715088,0.07358496445448935,0.0001963085102411735,18,36,0.005248259395576284,0.020116726905551698,False,True,True,0.0002904987780447115,COMPLETE
984,0.19001235961914065,2025-04-13 07:46:45.078198,2025-04-13 07:47:04.280063,0 days 00:00:19.201865,0.8245228948562084,0.05837403574084391,16,0.011625745899164304,0.008505247193033742,0.043325620355869114,0.006724802205006861,0.06362520363935045,0.07265203759058644,0.0002557159260282529,19,42,0.004009204079135246,0.02577733917485447,False,True,True,0.0003643740762848551,COMPLETE
985,0.38422446250915526,2025-04-13 07:47:04.588417,2025-04-13 07:48:17.679647,0 days 00:01:13.091230,0.8151283379575972,0.07292068878982053,2,0.008959893229263978,0.0004621435645856299,0.04020504201390642,0.09055953574621349,0.06549220550117608,0.0792019746187243,0.00015600420802433623,21,36,0.07309535582221874,0.035737332595631985,False,True,True,0.0002170672387701309,COMPLETE
986,0.4750921368598938,2025-04-13 07:48:18.002639,2025-04-13 07:48:36.725628,0 days 00:00:18.722989,0.8323708862095051,0.04393984497078744,16,0.016976390304850812,0.00852823931689621,0.044929256743771545,0.08671608987195167,0.062127834145172756,0.0521085963101415,0.00017214925920226314,18,40,0.0028248989454390874,0.006466743710389423,False,True,True,0.0002805739255476543,COMPLETE
987,0.4327313303947449,2025-04-13 07:48:37.051141,2025-04-13 07:48:56.024680,0 days 00:00:18.973539,0.7869795602898473,0.013670398942319304,16,0.006753994975341113,0.009811066392893503,0.047629880801836125,0.09352879148118592,0.06635083677168434,0.07466895067470387,0.00020853053264522075,18,35,0.006051368593166994,0.12330093730520567,False,True,True,0.0001774676355822718,COMPLETE
988,0.3409052133560181,2025-04-13 07:48:56.348543,2025-04-13 07:49:15.422888,0 days 00:00:19.074345,0.8016604253151587,0.0826313482520386,16,0.014822663702313757,0.005317561505587742,0.0408930476547522,0.08915875417034047,0.05637157152920577,0.08029187419502234,0.00025721632296115874,19,39,0.001206451944800537,0.014903436130961428,False,True,True,0.0003399483195543123,COMPLETE
989,0.3499955654144287,2025-04-13 07:49:15.747309,2025-04-13 07:49:35.310290,0 days 00:00:19.562981,0.2389609428126413,0.35673248650293243,16,0.008120794416448343,0.010486057269459987,0.041731987276336875,0.08449858322235247,0.05995801745367534,0.07898606259128031,0.0001454272998370588,20,44,0.0046457920998029595,0.0010424045094132115,False,True,True,0.00023561450995036024,COMPLETE
990,0.5900711297988892,2025-04-13 07:49:35.620379,2025-04-13 07:49:53.887122,0 days 00:00:18.266743,0.8368251545323686,0.010801860361483735,16,0.014966781082489462,0.006075805825679126,0.038789714184492216,0.0913143719328234,0.05466940681079242,0.07592373386840631,0.00018281381325168245,17,36,0.006350483592821291,0.01967736551729162,False,True,True,0.00035754654091101014,COMPLETE
991,0.5345099449157715,2025-04-13 07:49:54.209203,2025-04-13 07:50:12.911616,0 days 00:00:18.702413,0.8444954503980351,0.010000349132978703,16,0.017015780305447363,0.004494051691486607,0.0393090827127281,0.09079277243354521,0.054759595572854175,0.07485494751048011,0.0039312595173104,18,38,0.0036489072932757265,0.018296514241441054,False,True,True,0.0002753834067899697,COMPLETE
992,0.18795708417892457,2025-04-13 07:50:13.238718,2025-04-13 07:50:32.266208,0 days 00:00:19.027490,0.8145102038219035,0.027944093261248356,16,0.018287756197417248,0.06030640814886647,0.049804384517996445,0.08772192405021477,0.05447057155241535,0.07623214260305747,0.00020914600154046237,19,42,0.0058290288203120405,0.03174814816647451,False,True,True,0.00017536070637744788,COMPLETE
993,0.5937561869621277,2025-04-13 07:50:32.592754,2025-04-13 07:50:51.040355,0 days 00:00:18.447601,0.853137566302232,0.015059965048357755,16,0.006556531574313863,0.005708671247220178,0.04365215307527925,0.09016681132706775,0.05701888442254681,0.07840355060055454,0.0001832747915349257,17,35,0.001192034923183604,0.024494152821078256,False,True,True,0.00038836430497494166,COMPLETE
994,0.3921932578086853,2025-04-13 07:50:51.368459,2025-04-13 07:51:09.699502,0 days 00:00:18.331043,0.864270420953894,0.013131925973601383,16,0.012507118448634185,0.0007302542720473009,0.044835057092965085,0.090775307602356,0.05647491513126899,0.07839698602849166,0.0001730819076793725,17,34,0.0010666096447846235,0.02590368433988556,False,True,True,0.0003766771243688389,COMPLETE
995,0.39282327890396124,2025-04-13 07:51:10.029330,2025-04-13 07:51:28.470653,0 days 00:00:18.441323,0.8480030863600707,0.013571097626462851,16,0.00040274385527384535,0.0006111620799312241,0.046579286157231954,0.09185037950817267,0.05439624206597829,0.08328270592119434,0.00014970471481928158,17,31,0.0042045950529700366,0.034346132168861454,False,True,True,0.00038716753570312954,COMPLETE
996,0.1845399796962738,2025-04-13 07:51:28.784336,2025-04-13 07:51:47.049621,0 days 00:00:18.265285,0.8578637846216106,0.028571761632465015,16,0.01557895435955874,0.005310488870407484,0.04275563368471,0.0175979690727215,0.057569262327870546,0.07962855178995276,0.00025752126608112353,17,35,0.006200949015768731,0.027865297081546038,False,True,True,0.0003991440322990071,COMPLETE
997,0.2745426416397095,2025-04-13 07:51:47.377504,2025-04-13 07:52:05.474858,0 days 00:00:18.097354,0.8382900685857878,0.014598221723484808,16,0.02313507505565552,0.09540585699442868,0.0439855455126028,0.09236133449788855,0.05321343705028059,0.08249115108317749,0.0001372571046127859,17,34,0.06121782544485413,0.021840199110141404,False,True,True,9.356230453417605e-08,COMPLETE
998,0.390557074546814,2025-04-13 07:52:05.804108,2025-04-13 07:52:23.457560,0 days 00:00:17.653452,0.8628294173658665,0.010702565118294836,16,0.007551197306366894,0.005295707136727088,0.048073881937908125,0.08999088094527452,0.057126212397935035,0.07657637704684327,0.00018007872196920091,15,30,0.0030129761922552054,0.029297511751001225,False,True,True,0.0002181250434333627,COMPLETE
999,0.5115020632743836,2025-04-13 07:52:23.786362,2025-04-13 07:52:42.003566,0 days 00:00:18.217204,0.8366252463730799,0.011118113107171396,16,0.00026175202507618844,0.01009991040668617,0.041786521293882835,0.08745398998743951,0.055342329165435064,0.0777534364488014,0.0001357484767903413,17,36,0.0047458470607265185,0.021045556536168103,False,True,False,0.00030809767279576015,COMPLETE
1000,0.3943310022354126,2025-04-13 07:52:42.333072,2025-04-13 07:53:46.116784,0 days 00:01:03.783712,0.3575000404736708,0.03181329732720795,2,0.01636016335620909,0.006387464984121328,0.04322941928019298,0.09311141162956113,0.05384126396027345,0.08138580442534661,0.00017917387437951806,17,32,0.006652543916954627,0.0365793247320431,True,True,True,3.85756385760631e-07,COMPLETE
1001,0.34549241065979003,2025-04-13 07:53:46.445994,2025-04-13 07:54:05.986160,0 days 00:00:19.540166,0.8638430124997766,0.028996694387036778,16,0.0065630747342719726,0.0103299266176004,0.046158310144740304,0.09011607780499474,0.05682610369428007,0.07677182325146471,0.00022796265346635528,20,37,0.0025642881260954167,0.023206732530643436,False,True,True,0.00023775608488471646,COMPLETE
1002,0.4517475724220276,2025-04-13 07:54:06.302482,2025-04-13 07:54:23.917912,0 days 00:00:17.615430,0.8226027741799947,0.398720695587248,16,0.00011271499469313398,0.0008533716750030321,0.04078797150107814,0.08814579509873621,0.05427072020501767,0.07247658978222288,0.00013707832010284533,15,33,0.005811247920294025,0.01939713472516886,False,False,True,0.00017392194386971893,COMPLETE
1003,0.38209367990493776,2025-04-13 07:54:24.247069,2025-04-13 07:54:42.886502,0 days 00:00:18.639433,0.8478559603422807,0.03457025663389282,16,0.010981784752808497,0.0003793303942307355,0.038678472761932245,0.08608547978116941,0.05729179997730647,0.08104314080666883,0.00017472162349459113,17,40,0.0031133805822989007,0.030321694752652822,False,True,True,0.00035287593345392527,COMPLETE
1004,0.6011839389801026,2025-04-13 07:54:43.215443,2025-04-13 07:55:01.150675,0 days 00:00:17.935232,0.8293362097588751,0.029819550624136288,16,0.021228940840558562,0.0002023751050672356,0.04119555642913998,0.09181411326586059,0.05235728302609637,0.07977335964480245,0.00021075305618759087,16,30,0.006889281239897102,0.016139013588565745,False,True,True,0.00040257672241663853,COMPLETE
1005,0.38498839139938357,2025-04-13 07:55:01.483504,2025-04-13 07:55:19.455698,0 days 00:00:17.972194,0.8224715525147064,0.010516081112583286,16,0.0209922965468033,0.0003334770992924514,0.042652126663690004,0.09101264455053427,0.05118508521175396,0.07852432664382956,0.0002837778793605549,16,35,0.00742084559814693,0.013188987234767378,False,True,True,0.0004084439720324984,COMPLETE
1006,0.5804298758506775,2025-04-13 07:55:19.788501,2025-04-13 07:55:38.038638,0 days 00:00:18.250137,0.8202004210445231,0.029466808970469077,16,0.023199818952046855,0.0005376348536543117,0.04027266826478274,0.09337868026251162,0.04834376488346447,0.08345918968012683,0.00025525004438464765,17,30,0.0074885892825715655,0.017082593080950857,False,True,True,0.0003620976554182879,COMPLETE
1007,0.5799099445343018,2025-04-13 07:55:38.374183,2025-04-13 07:55:56.578703,0 days 00:00:18.204520,0.8086095509036246,0.011153192959059179,16,0.022901899386411836,0.006153741037455139,0.08427101847870987,0.08931717356503992,0.05553044471355357,0.0811975463504389,0.00022464468264314283,17,38,0.0011448884543904508,0.025068447328833718,False,True,True,0.0004395827054974262,COMPLETE
