number,value,datetime_start,datetime_complete,duration,params_alpha-eval,params_alpha-train,params_batch-size,params_eps-eval,params_eps-train,params_lambda-actions-eval,params_lambda-actions-train,params_lambda-frames-eval,params_lambda-frames-train,params_learning-rate,params_n-epochs,params_n-frames,params_radius-gw,params_rho,params_std-feats,params_ub-actions,params_ub-frames,params_weight-decay,state
1736,0.5204260230064393,2025-04-13 12:20:15.595737,2025-04-13 12:20:34.735050,0 days 00:00:19.139313,0.8744646805097416,0.09849291494019077,16,0.020085708307633482,0.024966174046443884,0.0236268338600888,0.0832396301482194,0.025161427596873138,0.0807882732445311,0.00014315477185188424,19,32,0.011061232799431676,0.012098624710146721,False,True,True,0.00013519087672961803,COMPLETE
1737,0.18795708417892457,2025-04-13 12:20:35.298757,2025-04-13 12:20:53.587402,0 days 00:00:18.288645,0.8617820982427029,0.9959047881920082,16,0.01102398831332446,0.01369966298410892,0.026923072559243918,0.08553122747690595,0.02638987130518494,0.08697285154836765,0.00011561872961705621,17,43,0.014491327424835177,0.02199247201256281,False,True,True,0.0001807796449961594,COMPLETE
1738,0.20711013078689577,2025-04-13 12:20:54.169695,2025-04-13 12:21:11.837750,0 days 00:00:17.668055,0.9276271567409421,0.07485019575259626,16,0.01996115649557609,0.017882561016025422,0.02837489058200271,0.07861092220328668,0.022999565706854852,0.08299858726512409,9.496962597600712e-05,16,36,0.018955901596699305,0.029522422899752654,False,True,True,0.00022758733207279416,COMPLETE
1739,0.4920681476593018,2025-04-13 12:21:12.400784,2025-04-13 12:21:31.339274,0 days 00:00:18.938490,0.8554353802780883,0.3278420382180527,16,0.008552628549615842,0.022953232235731078,0.0237530633855239,0.08094543992508102,0.023904720390316696,0.08541983786851548,0.00014761737870609354,18,30,0.01676860678968499,0.015972044168131506,False,True,True,9.456054664875045e-05,COMPLETE
1740,0.2580129623413086,2025-04-13 12:21:31.924574,2025-04-13 12:21:49.752593,0 days 00:00:17.828019,0.8792210466820366,0.15352959566195679,16,0.021185979511754792,0.01344415753076965,0.02612518480264761,0.07403916205574039,0.025025721124761695,0.01669208307147422,4.143305526939116e-05,16,34,0.013254930727900127,0.03668419675286676,False,True,True,0.00015548664340677023,COMPLETE
1741,0.4893906950950623,2025-04-13 12:21:50.320878,2025-04-13 12:22:08.711135,0 days 00:00:18.390257,0.8515251472584383,0.06333085818658526,16,0.00490059703452669,0.04377323577052708,0.02846986955328094,0.07133921916352923,0.021428956273959313,0.08135330899077575,0.00010769265672814705,17,38,0.018321057764970804,0.021959355520900302,False,True,False,0.00022807457537703287,COMPLETE
1742,0.29379622936248784,2025-04-13 12:22:09.298709,2025-04-13 12:22:28.119498,0 days 00:00:18.820789,0.8992730937242691,0.09938986003459149,16,0.017138483036108126,0.01630132192491314,0.0246075978101998,0.07754068044881984,0.04500130884756892,0.08813402947705695,8.668565861333236e-05,19,27,0.015154742897162,0.010693596171843869,False,True,True,0.0002031866591739984,COMPLETE
1743,0.5231558322906494,2025-04-13 12:22:28.686288,2025-04-13 12:22:47.477091,0 days 00:00:18.790803,0.8746058285246555,0.08559092952950419,16,0.011734779160974061,0.028104642406956332,0.030651930671482034,0.08217487995257684,0.020032660713672937,0.07866353402755867,0.00012526315187884015,18,32,0.017079797010676086,0.01622508050121316,False,True,True,0.00014094749194241407,COMPLETE
1744,0.3666720509529114,2025-04-13 12:22:48.065615,2025-04-13 12:23:06.386278,0 days 00:00:18.320663,0.8477429363132404,0.12989714331336982,16,0.02311632134352007,0.01150159362759599,0.029173625183766514,0.07954335720907696,0.02263476375320393,0.09162804750260377,0.00015226017352142917,16,41,0.012139288978040171,0.0303625710890921,True,False,True,0.0002477869533676912,COMPLETE
1745,0.35938161611557007,2025-04-13 12:23:06.957585,2025-04-13 12:23:24.656952,0 days 00:00:17.699367,0.8396545226475551,0.1109423845335909,16,0.01572111597662587,0.020891502895490476,0.02239690755359218,0.08400154503887695,0.025224931310320046,0.08480173335001452,2.4549892109232632e-05,15,36,0.019157692754531788,0.006678393841418208,False,True,True,0.00018112645660228293,COMPLETE
1746,0.44769523143768314,2025-04-13 12:23:25.242861,2025-04-13 12:23:44.370068,0 days 00:00:19.127207,0.8589286102521576,0.057587669029448264,16,0.005552086075372923,0.011012675852025106,0.02687594652498585,0.07587634972295404,0.026426586283859924,0.08284980075994759,7.167539443636869e-05,18,72,0.010553185497340727,0.02447287861936437,False,True,True,0.00011366455221160075,COMPLETE
1747,0.22433568835258486,2025-04-13 12:23:44.936844,2025-04-13 12:24:03.131992,0 days 00:00:18.195148,0.8841935699242666,0.1519946020144153,16,0.023046466299511646,0.015084387951578836,0.03184703712135179,0.07966047402078318,0.024323328934914568,0.09433005790981204,0.00010670513335069281,17,30,0.014658737124587056,0.013552559191197942,False,True,True,0.00026884861945195303,COMPLETE
1748,0.415000867843628,2025-04-13 12:24:03.724498,2025-04-13 12:24:21.051232,0 days 00:00:17.326734,0.8334189333391419,0.0876205682828035,16,0.010938631221539022,0.020449601708410377,0.0245641860385414,0.08595243234975232,0.022127530412717297,0.08607023033360818,8.562602158254858e-05,14,39,0.015964962812728634,0.02208316672438532,False,True,True,0.00020148795118108347,COMPLETE
1749,0.30278801918029785,2025-04-13 12:24:21.624802,2025-04-13 12:24:40.972229,0 days 00:00:19.347427,0.8657118244442848,0.05674268616718798,16,0.017153024865104508,0.010146374838003035,0.028451624536957914,0.08189500836260913,0.028177208465961126,0.08913604934100287,1.0406309085362624e-05,20,34,0.02055692793829476,0.007818317505942016,False,True,True,0.00024152001336223217,COMPLETE
1750,0.18764207363128665,2025-04-13 12:24:41.572450,2025-04-13 12:24:59.303790,0 days 00:00:17.731340,0.9080794100006054,0.11179577211189218,16,0.024894558196169595,0.026546307656182162,0.05690065641489274,0.07746352659644465,0.020247953634676644,0.08059305956355982,0.0001261357984532259,16,37,0.013329383614631887,0.017957255716972546,False,True,True,0.00015325581291335,COMPLETE
1751,0.4258942842483521,2025-04-13 12:24:59.874824,2025-04-13 12:25:19.258740,0 days 00:00:19.383916,0.8311049184725003,0.13799186774021274,16,0.015848560224086435,0.01661981267042993,0.02203294826819386,0.07402977843988212,0.047871790364386366,0.08400863896148358,9.966366496560839e-05,19,51,0.01789255955368554,0.03215335732001444,False,True,True,0.0002799843582449598,COMPLETE
1752,0.582626748085022,2025-04-13 12:25:19.825884,2025-04-13 12:25:38.328027,0 days 00:00:18.502143,0.8529990536984664,0.07566694808173542,16,0.023520720989007877,0.010127954580781634,0.025916394593605584,0.08383042381303614,0.04289979457106235,0.0874739734632427,7.168575512695012e-05,17,32,0.016179225317587313,0.013104228556581929,False,True,True,0.00017439201057052692,COMPLETE
1753,0.43550950288772583,2025-04-13 12:25:38.914225,2025-04-13 12:25:57.018085,0 days 00:00:18.103860,0.8222889743074975,0.09313871120488526,16,0.004623214806918879,0.01069599103811988,0.030707392895101875,0.07902234799163754,0.04146217062068494,0.08232227361236213,8.925475095986144e-05,16,46,0.010549223226977203,0.02756803765209166,False,True,True,0.0002154899601932459,COMPLETE
1754,0.33946492671966555,2025-04-13 12:25:57.581218,2025-04-13 12:26:16.390316,0 days 00:00:18.809098,0.8734550565744552,0.12619267950906013,16,0.010530265732885853,0.019552149565403486,0.03283107360736212,0.08618163573487736,0.04617199650521671,0.09076615123185554,0.00012126347876716537,18,42,0.019282675119793376,0.01941786611185116,False,True,True,0.00029651542978093953,COMPLETE
1755,0.18795708417892457,2025-04-13 12:26:16.976961,2025-04-13 12:26:35.232002,0 days 00:00:18.255041,0.9519555371542099,0.05546848542020534,16,0.019451477442253423,0.032019847249530296,0.029679448613834602,0.07163573982983923,0.024166944489627154,0.07933232868184485,0.00014648061701080776,17,35,0.01355838872837737,0.006191337615366298,False,True,True,0.00011741091146992756,COMPLETE
1756,0.1883371353149414,2025-04-13 12:26:35.828155,2025-04-13 12:26:53.156269,0 days 00:00:17.328114,0.842729562911348,0.10283323745801008,16,0.20573011420882462,0.00946119855002712,0.022927837893198813,0.0753037923552295,0.04313180575123606,0.08491038623753365,5.6322701873951144e-05,15,28,0.021623111767093632,0.011430034148887235,False,True,True,0.00014989429006005743,COMPLETE
1757,0.18795708417892457,2025-04-13 12:26:53.731600,2025-04-13 12:27:12.693195,0 days 00:00:18.961595,0.8239476157187953,0.15405015856421017,16,0.02706765809814077,0.1295602646333248,0.027348983246201636,0.08083579072074232,0.04184555584675611,0.0816593747419157,0.00010966746195206822,19,40,0.01648921381631061,0.023783583693834178,False,True,True,0.00024481989659689326,COMPLETE
1758,0.40788544416427613,2025-04-13 12:27:13.261948,2025-04-13 12:27:32.007032,0 days 00:00:18.745084,0.8517618625332403,0.07908848853406354,16,0.012960923364042245,0.02346186880306125,0.03188284032403273,0.07763042938801443,0.04002703427717759,0.08721220817296228,8.58675450453216e-05,18,31,0.0145348059049337,0.038203626552325516,False,True,True,0.00018731651587550332,COMPLETE
1759,0.42158035039901737,2025-04-13 12:27:32.596209,2025-04-13 12:27:51.095236,0 days 00:00:18.499027,0.8187287923705642,0.1223984260048547,16,0.019149793339732067,0.014410795883235381,0.024542135002781962,0.08257205496629275,0.04468824081218621,0.07790208565535331,6.354381507281493e-05,17,37,0.017979431090433477,0.017850924529155775,False,True,True,0.00028729396306056656,COMPLETE
1760,0.3054243326187134,2025-04-13 12:27:51.662855,2025-04-13 12:28:09.364619,0 days 00:00:17.701764,0.8878859916539863,0.060227765069077004,16,0.027620113654763814,0.006455235733829641,0.02122055554494484,0.08031974698664322,0.02929669436418756,0.08423253409745413,0.00015093961986480637,16,34,0.039273495748566825,0.01109371456768063,False,True,False,0.00022012060144187517,COMPLETE
1761,0.34320266246795655,2025-04-13 12:28:09.955475,2025-04-13 12:28:27.600637,0 days 00:00:17.645162,0.8382323404685564,0.07578135699927087,16,0.01075016722234186,0.01572425327671318,0.029074172620027795,0.07630596847059454,0.04022945590952176,0.08967289094659357,0.0001032424776948521,15,39,0.019930131788111233,0.005791097161017193,False,True,True,0.0002886140747355779,COMPLETE
1762,0.2001695513725281,2025-04-13 12:28:28.170683,2025-04-13 12:28:46.088076,0 days 00:00:17.917393,0.9190039436829851,0.09645759002321866,16,0.021656391905320097,0.0096680669698857,0.026322798774764282,0.07859595225078092,0.04846671827103088,0.08061439177372434,7.708874966797472e-05,16,26,0.011124186388218984,0.028926385032349514,True,False,True,0.0001574548405320192,COMPLETE
1763,0.2760613143444062,2025-04-13 12:28:46.682603,2025-04-13 12:29:05.562155,0 days 00:00:18.879552,0.8677637660354635,0.14484710699122463,16,0.0064296590174603065,0.09547328380335615,0.06294385626870642,0.024202668047176495,0.04335731880074904,0.08601575915000036,0.0001251139824625565,18,33,0.07417032668977272,0.016995816677774788,False,True,True,0.000320129423828364,COMPLETE
1764,0.4090929627418518,2025-04-13 12:29:06.141694,2025-04-13 12:29:25.269213,0 days 00:00:19.127519,0.8180868369896328,0.056188692473505955,16,0.015730602359456815,0.01922029100757338,0.0326276027535531,0.08452655572240868,0.04611067960674533,0.08265192658288609,9.481423241949975e-05,19,43,0.01551691938294258,0.024911265226582716,False,True,True,0.00022728804047305077,COMPLETE
1765,0.3929952383041382,2025-04-13 12:29:25.856510,2025-04-13 12:29:44.224549,0 days 00:00:18.368039,0.8085426141211087,0.11102547088104914,16,0.029823456501577375,0.006308936387823468,0.023516238233397383,0.06933212278128487,0.07848318542536377,0.08048206096483655,0.00013359114031999194,17,36,0.01250401018109646,0.03578738548975137,False,True,True,0.0001852113691381887,COMPLETE
1766,0.3335049867630005,2025-04-13 12:29:44.791660,2025-04-13 12:30:03.531823,0 days 00:00:18.740163,0.8393196544195228,0.13236376833796684,16,0.023383927440882368,0.024609453981158845,0.031024324105756583,0.07498522201017989,0.019891430324547557,0.08850704681371209,0.003334570812242113,18,31,0.017218266726057897,0.27421283934426993,False,True,True,9.045683201153275e-05,COMPLETE
1767,0.3815115809440613,2025-04-13 12:30:04.126827,2025-04-13 12:30:22.403301,0 days 00:00:18.276474,0.8903305221484902,0.07921220101310746,16,0.004805364435557298,0.015204256382204526,0.028639602874285845,0.07343263912180079,0.02613903801868382,0.08425952642568213,5.000832101970825e-05,17,38,0.02198294229346859,0.013893132538382313,False,True,True,0.0002540139477605103,COMPLETE
1768,0.18795708417892457,2025-04-13 12:30:22.972453,2025-04-13 12:30:40.945749,0 days 00:00:17.973296,0.861407805546903,0.16288832931390743,16,0.015380754333591068,0.2573600027152383,0.03329038714712223,0.08200043069118206,0.042196164095014435,0.09254966931365499,7.467634807790252e-05,16,34,0.01886243525132825,0.020791067792653137,False,True,True,0.00018613554335584798,COMPLETE
1769,0.33618640899658203,2025-04-13 12:30:41.542391,2025-04-13 12:31:01.079386,0 days 00:00:19.536995,0.808005893845879,0.1043086977030703,16,0.025847071457158453,0.0064943884494608715,0.020923206234306845,0.07729767000466556,0.03986658088887494,0.08588988451333512,0.00010626018710478032,20,29,0.014117437067959367,0.006585700534814418,False,True,True,0.0001307807756984898,COMPLETE
1770,0.5512764930725098,2025-04-13 12:31:01.654909,2025-04-13 12:31:19.413384,0 days 00:00:17.758475,0.8302183515326151,0.055522632171233245,16,0.012226389996740094,0.03691005937309493,0.024280838489519056,0.08631503323102764,0.022796499573949726,0.0789709580539279,0.00015537277895439592,15,35,0.012161814104117267,0.012582573524053195,False,True,True,0.00033920382977396584,COMPLETE
1771,0.4142865419387818,2025-04-13 12:31:20.003414,2025-04-13 12:31:39.036024,0 days 00:00:19.032610,0.8480195406557293,0.08669607602582895,16,0.01897636464789375,0.01110772181430427,0.026227667432035837,0.08045491678479298,0.038982025576641606,0.08300938956190071,8.21220150602397e-05,19,25,0.016989679249201656,0.00111550933105126,False,True,True,0.00032235042756969195,COMPLETE
1772,0.18256081342697145,2025-04-13 12:31:39.605828,2025-04-13 12:31:57.569272,0 days 00:00:17.963444,0.8739969841724161,0.12283862802810862,16,0.030006942940466103,0.005060092734507307,0.029564507876647668,0.08395911907985362,0.04448159209445355,0.08737265833396035,0.00012550188833957833,16,40,0.01527994845282124,0.03135400176491346,False,True,True,0.00024873047054073513,COMPLETE
1773,0.44343839883804326,2025-04-13 12:31:58.166064,2025-04-13 12:32:17.203515,0 days 00:00:19.037451,0.46319629937360074,0.06835723218024542,16,0.021027701996032763,0.018226379631031128,0.03299956384952042,0.0778679479127681,0.04119816524519789,0.09058286849959721,0.00010400871946480472,18,90,0.02003098083617184,0.019932010428207265,False,True,True,0.0002005594467032101,COMPLETE
1774,0.4058093309402466,2025-04-13 12:32:17.799299,2025-04-13 12:32:36.327221,0 days 00:00:18.527922,0.8050086372488715,0.14969065898541603,16,0.010197026947740632,0.013654069829205548,0.026796236897844328,0.0795912669465103,0.03865754830620466,0.08237716248239413,8.879161260983272e-05,17,44,0.022578835590144085,0.2923194374011363,False,True,True,0.0001418868963067559,COMPLETE
1775,0.4918008446693421,2025-04-13 12:32:36.908401,2025-04-13 12:32:55.234284,0 days 00:00:18.325883,0.8255162197485755,0.09987946895348067,16,0.005002270753077136,0.027531143475219608,0.022222278430313814,0.0712916965473773,0.04343958277350775,0.08533083617658531,6.714624674704131e-05,16,32,0.01804378742470307,0.025744332866836542,False,True,True,0.000346590882324774,COMPLETE
1776,0.1874420762062073,2025-04-13 12:32:55.811247,2025-04-13 12:33:13.944989,0 days 00:00:18.133742,0.8979601348231667,0.1332518071843899,16,0.030450542002943847,0.009621047745159875,0.031196708758464788,0.08280451145345377,0.04103972909771769,0.08037074161044898,0.00011622864957037989,17,37,0.013851671457366339,0.016111922701983274,False,True,True,0.00010536649158964633,COMPLETE
1777,0.5983972907066346,2025-04-13 12:33:14.539299,2025-04-13 12:33:33.324578,0 days 00:00:18.785279,0.8530969899746038,0.05735152827865906,16,0.01626622285295672,0.01967781865489433,0.028552124638938386,0.07662593427886491,0.038158816645625766,0.0769447917562465,0.00015110103586941806,18,30,0.010407737643764042,0.010296646936223874,False,True,True,0.0002583620348480649,COMPLETE
1778,0.6002936244010926,2025-04-13 12:33:33.901230,2025-04-13 12:33:51.299653,0 days 00:00:17.398423,0.7989426506967273,0.1659806460040153,16,0.023695895684831284,0.013840171078897779,0.020523004579624173,0.07433267507717672,0.04570014517250698,0.0887951726796869,9.197032560927381e-05,14,35,0.016089319100555336,0.023109612570268466,False,True,True,0.00016524481567359048,COMPLETE
1779,0.4363190412521363,2025-04-13 12:33:51.892537,2025-04-13 12:34:11.005161,0 days 00:00:19.112624,0.8198655376930228,0.08581505102063378,16,0.011399260766602547,0.005288779072612489,0.025876707703751337,0.08100926837699182,0.0425497477371717,0.08342347607064048,6.954916817471713e-05,19,40,0.019026274303037854,0.0010518350825798467,False,True,False,0.00022174955475293115,COMPLETE
1780,0.3650752186775208,2025-04-13 12:34:11.579354,2025-04-13 12:34:29.090816,0 days 00:00:17.511462,0.8424104087477284,0.1138913897871289,16,0.024633658221085188,0.023964584948667204,0.030736040834310408,0.08629753327454963,0.047589098934451096,0.08650958620004065,0.00012916014318803062,15,28,0.013094951278002646,0.03286213682177955,False,True,True,0.00035768911961982637,COMPLETE
1781,0.24274555444717408,2025-04-13 12:34:29.689277,2025-04-13 12:34:47.839720,0 days 00:00:18.150443,0.8693535710776592,0.05223989760557984,16,0.1317088649253996,0.006343877877561983,0.03294994795956573,0.07897409595424768,0.02366456270022725,0.08142411521462123,0.00010573471898460025,17,32,0.024118159347494512,0.01780542073347804,False,False,True,0.00027774161807287464,COMPLETE
1782,0.20944473743438724,2025-04-13 12:34:48.417089,2025-04-13 12:35:06.198065,0 days 00:00:17.780976,0.9417368331006254,0.07347702021787386,16,0.01613432224232108,0.014807594749027703,0.023947982233864743,0.08193506708066173,0.028231322214421088,0.07855104270573013,8.327269617347797e-05,16,37,0.02072103707235088,0.009628034895168253,False,True,True,0.00018864358364895144,COMPLETE
1783,0.3061317384243012,2025-04-13 12:35:06.790815,2025-04-13 12:35:25.992563,0 days 00:00:19.201748,0.7985673383581889,0.09654455639170717,16,0.031865211091783044,0.004747137057301601,0.02811238169359943,0.07538865531966109,0.037833943900958074,0.08452950811921511,3.690126163627499e-05,18,42,0.015323975138126805,0.02614349475211328,True,True,True,0.0003009405501718698,COMPLETE
1784,0.5117840647697449,2025-04-13 12:35:26.565684,2025-04-13 12:35:44.426038,0 days 00:00:17.860354,0.8274491118606147,0.1885454580109857,16,0.019323763036831785,0.011030778957350365,0.022636767838707605,0.08429009985608302,0.04066598683370313,0.09439006324154049,0.00014548989413611,16,34,0.017318313428619652,0.013648216953715027,False,True,True,0.0001348425003602573,COMPLETE
1785,0.3567872762680054,2025-04-13 12:35:45.020927,2025-04-13 12:36:03.253783,0 days 00:00:18.232856,0.7894334217361252,0.1451552637831842,16,0.0044591418446663245,0.01945307531040837,0.03341548983088508,0.0781704742116643,0.04479925908296824,0.08705076247547289,5.783365486813837e-05,17,30,0.011914736962230997,0.006999381800672253,False,True,True,0.00023487731084641272,COMPLETE
1786,0.18795708417892457,2025-04-13 12:36:03.857116,2025-04-13 12:36:22.895676,0 days 00:00:19.038560,0.9074781919637541,0.11434455058286458,16,0.2810973401147162,0.030940593209278805,0.02980849757959751,0.07356167875722572,0.039530926527512736,0.09040032862385082,0.00010790227048737411,19,39,0.014525103665536178,0.03796734027050244,False,True,True,0.0003360152521885857,COMPLETE
1787,0.2923937320709229,2025-04-13 12:36:23.475530,2025-04-13 12:36:41.051604,0 days 00:00:17.576074,0.8581655647445319,0.07323102350432804,16,0.0255529342856732,0.004796199959786098,0.02562849944606565,0.08049463844538456,0.04244973871642374,0.08206200632482664,8.878036660601182e-05,15,46,0.017599370530456668,0.020717449741387516,False,True,True,2.948936890384376e-08,COMPLETE
1788,0.3929952383041382,2025-04-13 12:36:41.629673,2025-04-13 12:37:00.335499,0 days 00:00:18.705826,0.8135018282924583,0.051238293021910436,16,0.010583064089857859,0.011546548998516086,0.02070274406012134,0.07629727036845807,0.07327754483824994,0.07973241765743529,0.00012629719271528,18,37,0.020140860114196774,0.02882236351529849,False,True,True,0.00015707005120457618,COMPLETE
1789,0.19034364223480227,2025-04-13 12:37:00.932015,2025-04-13 12:37:18.911253,0 days 00:00:17.979238,0.8381932332874071,0.8351478095964746,16,0.018656266551543798,0.00027650938251212644,0.027850721609222133,0.08352122793627383,0.036653779496701205,0.08467149784439623,0.00015424068731767978,16,33,0.012751168009085477,0.015092394175944688,False,True,True,0.00018620691733815066,COMPLETE
1790,0.18441964983940123,2025-04-13 12:37:19.490886,2025-04-13 12:37:37.635741,0 days 00:00:18.144855,0.8858755053090417,0.12943246198618585,16,0.03185238975851001,0.023077273361089036,0.03128577458427982,0.07231707436999779,0.02622497263936869,0.088584891757048,7.721197758943016e-05,17,27,0.01045643154702125,0.021288771093077804,False,True,True,0.0002529150622995083,COMPLETE
1791,0.22329652905464176,2025-04-13 12:37:38.240500,2025-04-13 12:37:57.865985,0 days 00:00:19.625485,0.7836761692149274,0.6033696431700012,16,0.010740599157329387,0.016209190857815664,0.02449991634251941,0.07863473480669343,0.04135079999619175,0.08256147693566457,0.00010174725585799584,20,34,0.02657501077592256,0.01201217596099766,False,True,True,0.0003874046380582025,COMPLETE
