number,value,datetime_start,datetime_complete,duration,params_alpha-eval,params_alpha-train,params_batch-size,params_eps-eval,params_eps-train,params_lambda-actions-eval,params_lambda-actions-train,params_lambda-frames-eval,params_lambda-frames-train,params_learning-rate,params_n-epochs,params_n-frames,params_radius-gw,params_rho,params_std-feats,params_ub-actions,params_ub-frames,params_weight-decay,state
0,0.31353340148925785,2025-04-13 00:35:11.298911,2025-04-13 00:35:34.295633,0 days 00:00:22.996722,0.3552536274001121,0.5215928233719634,16,0.14444634239045737,0.14107100158519856,0.05952120253233508,0.07595732280808566,0.06286348051905459,0.06209925897529859,0.00011654711147139447,22,95,0.06527352943887349,0.2722748159012936,True,True,True,0.0006110055471136732,COMPLETE
1,0.18795708417892457,2025-04-13 00:35:34.299903,2025-04-13 00:35:58.487614,0 days 00:00:24.187711,0.7795692489196602,0.366856970622609,8,0.26391680968642556,0.00044130429388278557,0.041514951108342656,0.07813096771897071,0.09061084981047147,0.08055816334197355,0.08470453250886943,13,108,0.0475689636110291,0.08490712385542505,False,False,False,1.3251376863098385e-05,COMPLETE
2,0.18795708417892457,2025-04-13 00:35:58.491276,2025-04-13 00:36:20.550086,0 days 00:00:22.058810,0.39638754056909864,0.029713423057354964,16,0.21721776961601827,0.23394804711727507,0.03362835088374027,0.06977000513243752,0.02111005142273119,0.05349663918222184,0.06845994686591901,28,44,0.08846756026128966,0.08522831177703126,False,True,True,2.9874509982468092e-05,COMPLETE
3,0.2586766004562378,2025-04-13 00:36:20.554227,2025-04-13 00:36:58.061591,0 days 00:00:37.507364,0.9253156036500653,0.6806537916370534,8,0.2985055506434116,0.2412577584645368,0.0748917946127907,0.03200974630044702,0.008111323187162813,0.006923211843369802,2.2035762223093275e-05,25,132,0.08946155953826916,0.28262279746395974,True,False,False,0.0005111481717960428,COMPLETE
4,0.18795708417892457,2025-04-13 00:36:58.065841,2025-04-13 00:38:37.907810,0 days 00:01:39.841969,0.40909713949883897,0.9972006867331443,2,0.24274295794155007,0.06516187688825684,0.0012929093508757862,0.010030134511632201,0.011735641616275293,0.025145522466572832,0.000253446330868405,30,124,0.029692208105179998,0.17531800766670713,False,True,True,1.0621937707368675e-08,COMPLETE
5,0.18445068001747134,2025-04-13 00:38:37.912288,2025-04-13 00:40:05.773217,0 days 00:01:27.860929,0.5468731477362091,0.8906266955155332,2,0.22855890601071585,0.1560593396694648,0.030095692295581174,0.045681331435497026,0.08514833633418231,0.0617659484255974,0.019752123608648326,26,95,0.027591582168746243,0.09944656881798854,True,False,True,0.00026874922231627665,COMPLETE
6,0.22348871231079104,2025-04-13 00:40:05.778030,2025-04-13 00:40:23.294291,0 days 00:00:17.516261,0.8516345201306755,0.354594825679752,16,0.2889204765144221,0.2867297773126186,0.07646551801515754,0.026231232463816895,0.06351955745297902,0.05489393072289778,1.1103256256763099e-05,14,52,0.03419156726540664,0.017894080562815013,True,True,False,0.00018479456692419138,COMPLETE
7,0.18835069537162782,2025-04-13 00:40:23.299407,2025-04-13 00:40:53.039252,0 days 00:00:29.739845,0.4185229931357879,0.6901927496496589,2,0.2550245678766756,0.2962295163048601,0.040968404937588195,0.03894933998500422,0.03513474232419354,0.06775043279838529,0.00624167649241066,5,123,0.0669997739384615,0.2603173636463364,True,True,False,8.39884001740431e-05,COMPLETE
8,0.18795708417892457,2025-04-13 00:40:53.044827,2025-04-13 00:41:13.106186,0 days 00:00:20.061359,0.8552580142758156,0.4660904770132588,16,0.23384831163277336,0.14155909274822526,0.07753424555222944,0.006803862840575543,0.03311681880100807,0.09304248556364003,0.004890184395451791,22,22,0.04128832863942995,0.19918643648979048,True,True,True,0.00047364196583869213,COMPLETE
9,0.19054601192474366,2025-04-13 00:41:13.112481,2025-04-13 00:41:42.083672,0 days 00:00:28.971191,0.43430053239870253,0.42054095117624213,2,0.08179053514572363,0.046432107199615894,0.04422217475005464,0.025765336598676195,0.07171226792793675,0.008462244689020305,0.00013661253218415648,5,44,0.026435499973515134,0.001962926558924944,False,True,False,4.6697852150745087e-07,COMPLETE
10,0.23821582198143007,2025-04-13 00:41:42.090749,2025-04-13 00:42:02.829369,0 days 00:00:20.738620,0.02460791246732702,0.14140639169251662,16,0.005482331187760703,0.14030775094884593,0.09573494834619412,0.09952854681088255,0.050562730792653734,0.03627528665731813,0.0005323596884024589,19,77,0.005630479822195236,0.24033938537175448,True,False,True,9.011431155980593e-07,COMPLETE
11,0.24940568208694458,2025-04-13 00:42:02.837206,2025-04-13 00:42:38.715574,0 days 00:00:35.878368,0.1385609798117402,0.6755705389467145,8,0.14749920654070087,0.19813141643861482,0.06652847605799246,0.06881908872658712,0.0527663599818458,0.00640043681022185,2.3547627845987314e-05,23,137,0.09257739582295747,0.27717202882704195,True,False,False,0.0008088246805642087,COMPLETE
12,0.19246094822883608,2025-04-13 00:42:38.722916,2025-04-13 00:43:09.376130,0 days 00:00:30.653214,0.6717569036952615,0.7413502579501293,8,0.14738312965501035,0.21440357375076793,0.0666506130427696,0.06141081556079458,0.0016108220160010733,0.03852446217717623,4.7354455450846567e-05,24,85,0.07113199361548622,0.298655177965805,True,False,True,5.786241925757203e-06,COMPLETE
13,0.2650449931621552,2025-04-13 00:43:09.383392,2025-04-13 00:43:40.950479,0 days 00:00:31.567087,0.9686570766635021,0.5995342282319165,8,0.09461348165905507,0.09312496666955515,0.09636863532360776,0.09014874717155395,0.06982788162860129,0.07573821251325344,7.049447080871023e-05,18,148,0.069422235671525,0.22325704781142383,True,False,False,6.593129019064205e-05,COMPLETE
14,0.240635621547699,2025-04-13 00:43:40.958432,2025-04-13 00:44:03.677880,0 days 00:00:22.719448,0.2596654117534302,0.5365036205127928,16,0.09752402682815965,0.08491004317286391,0.09958220872565367,0.09280742124010617,0.07114871522670992,0.07816744597186459,8.608576868551545e-05,17,149,0.06512796925612514,0.20510814693804497,True,True,False,5.5334816054845534e-05,COMPLETE
15,0.34507092237472536,2025-04-13 00:44:03.687958,2025-04-13 00:44:30.208647,0 days 00:00:26.520689,0.6443881753271079,0.2215621838103366,8,0.08472083144298266,0.10702029087506316,0.01866965828502453,0.08561665096489471,0.09975379760423714,0.09894174065915526,0.0010714587885301075,19,70,0.07732654292965241,0.22639805805372987,True,False,True,1.1736601069790814e-06,COMPLETE
16,0.3608981251716614,2025-04-13 00:44:30.216640,2025-04-13 00:44:46.539478,0 days 00:00:16.322838,0.6094480740149398,0.2101001627930182,16,0.028079988601123623,0.11490884042324803,0.0055530778747730145,0.08159151902452015,0.08510724114222945,0.09954544892539567,0.0019717444406071403,10,66,0.08060776064818242,0.13396003502971177,True,True,True,1.353129817481039e-07,COMPLETE
17,0.3342558562755585,2025-04-13 00:44:46.547887,2025-04-13 00:45:05.601490,0 days 00:00:19.053603,0.6108466038643978,0.22261008703294688,8,0.0009130900913877499,0.10155924407801195,0.0036539409367193493,0.057130005663130895,0.09974197922158828,0.09953236141803772,0.0014316007267922632,9,63,0.0802638329195755,0.1372098654598442,True,False,True,7.842037361060987e-08,COMPLETE
18,0.4269643306732178,2025-04-13 00:45:05.610189,2025-04-13 00:45:21.866325,0 days 00:00:16.256136,0.7224057006674341,0.24256598831687137,16,0.04398587857176631,0.028223829224785987,0.01603382666852409,0.08364386986466499,0.08599079424520857,0.08740716235585778,0.0016191429374360802,12,15,0.09859031283743941,0.14295712477365807,False,True,True,1.4026075925309825e-07,COMPLETE
19,0.350731360912323,2025-04-13 00:45:21.875482,2025-04-13 00:45:37.106872,0 days 00:00:15.231390,0.7356544953421822,0.02869270871056484,16,0.049689958809319326,0.012279946773126549,0.015440276862222317,0.08144931552857262,0.08017092188980167,0.08701648876910432,0.0031296190878302506,9,13,0.09737460809066734,0.14744998189537445,False,True,True,1.1589001623608937e-07,COMPLETE
20,0.4053281545639038,2025-04-13 00:45:37.116830,2025-04-13 00:45:52.859728,0 days 00:00:15.742898,0.5546052494692019,0.2682955446209892,16,0.03563268260836706,0.03336854628061532,0.01547850639700111,0.05428381696845848,0.0881295821390847,0.08818039139971945,0.011490591887600543,10,30,0.0563306878055717,0.04268378574629671,False,True,True,1.1363325100744122e-08,COMPLETE
21,0.3643872857093811,2025-04-13 00:45:52.869672,2025-04-13 00:46:08.327625,0 days 00:00:15.457953,0.5205211563707179,0.2685604344662789,16,0.03834691316313079,0.03513094544897645,0.015038137598949551,0.05652722326817801,0.0883092753178151,0.08712002869727058,0.02160720119441982,10,6,0.057565701573498676,0.04345533078366283,False,True,True,1.2214576596166148e-08,COMPLETE
22,0.276587986946106,2025-04-13 00:46:08.337512,2025-04-13 00:46:24.443888,0 days 00:00:16.106376,0.5245976957926558,0.310059755624362,16,0.056288729145224176,0.036740956942702935,0.018681527704437994,0.05188880873543198,0.09084357657952245,0.08881622566507184,0.01706704878748962,12,7,0.05663449912950601,0.04349789015695052,False,True,True,1.3745657029602499e-08,COMPLETE
23,0.3758522868156433,2025-04-13 00:46:24.454178,2025-04-13 00:46:41.851582,0 days 00:00:17.397404,0.726765190037448,0.14404332928759397,16,0.040387920281529203,0.03500464595705301,0.02699681942800867,0.06409602801206982,0.07783291564569356,0.07128870539174714,0.018237531833079943,15,28,0.056516077968122726,0.04875470428896328,False,True,True,3.2847861867218916e-08,COMPLETE
24,0.18795708417892457,2025-04-13 00:46:41.862023,2025-04-13 00:46:59.261386,0 days 00:00:17.399363,0.7551256810452471,0.14957523297543554,16,0.11913807671747531,0.06646213412071454,0.02802569425221551,0.06571177677096085,0.07769687974950688,0.07079686224504454,0.007755016131944723,15,27,0.018163175798300304,0.05435614976798919,False,True,True,3.7466874361189076e-08,COMPLETE
25,0.1941201150417328,2025-04-13 00:46:59.272249,2025-04-13 00:47:13.756490,0 days 00:00:14.484241,0.8268838002668025,0.09650564989265177,16,0.1807058961481615,0.02108029449979449,0.02473631758969439,0.043236627149946874,0.06046490820738369,0.08203896912322906,0.03698692823154765,7,29,0.04852448996096945,0.07361999318755633,False,True,True,2.874850488228736e-08,COMPLETE
26,0.3813966751098633,2025-04-13 00:47:13.767525,2025-04-13 00:47:31.650865,0 days 00:00:17.883340,0.6802117329059049,0.09231686199356373,16,0.06436480257528022,0.0637356199184134,0.008618990976752488,0.07322084322554172,0.07861289151634196,0.06998884173148065,0.0005636035172483053,16,36,0.055887265715800244,0.11736731823074967,False,True,True,2.940503533866462e-07,COMPLETE
27,0.36396039724349977,2025-04-13 00:47:31.662296,2025-04-13 00:47:47.674481,0 days 00:00:16.012185,0.6733199678122449,0.09238111898738668,16,0.07171978669904737,0.05978235519020415,0.011622752537049391,0.0712423602717264,0.09498008077695949,0.04532764343446179,0.000547288856152998,11,42,0.04393109047630613,0.1024692092632977,False,True,True,2.824933240100587e-07,COMPLETE
28,0.18795708417892457,2025-04-13 00:47:47.687097,2025-04-13 00:48:05.941693,0 days 00:00:18.254596,0.5718442937604217,0.3022385333554408,16,0.12075607617266926,0.07593570633545431,0.009498825389468168,0.09239747989456136,0.0807300615392353,0.06255932770943805,0.0006125487288890477,17,19,0.013897817266280081,0.11819906214708853,False,True,True,2.2493316322598064e-07,COMPLETE
29,0.38283505439758303,2025-04-13 00:48:05.953932,2025-04-13 00:48:21.047566,0 days 00:00:15.093634,0.2947579547506062,0.3861079786758609,16,0.017277968791670636,0.0184891046814991,0.051266670108606006,0.07413907268457323,0.06224541114082277,0.0620277949341864,0.00023984761426373646,8,36,0.09947096886404436,0.17588791800386921,False,True,True,2.3365108571279883e-06,COMPLETE
30,0.3765869975090027,2025-04-13 00:48:21.059779,2025-04-13 00:48:36.162933,0 days 00:00:15.103154,0.2730036069776944,0.4239347331962222,16,0.019452901213379777,0.01623531868431658,0.054318011124334965,0.05026409089963577,0.05891754658234434,0.020203008548885407,0.00021411287732276186,7,54,0.09760362623881727,0.1740404282888301,False,True,True,2.17143164843553e-06,COMPLETE
31,0.32573120594024657,2025-04-13 00:48:36.175488,2025-04-13 00:48:50.868718,0 days 00:00:14.693230,0.26441540557659543,0.3705476833630512,16,0.061448210280846585,0.04954825878811672,0.05090769744870099,0.07400289831764251,0.06731992259300286,0.06354928611281581,0.00033575103232277723,7,35,0.08491799902766231,0.17144995278370356,False,True,True,4.326574391000849e-06,COMPLETE
32,0.4610933303833008,2025-04-13 00:48:50.881593,2025-04-13 00:49:07.871461,0 days 00:00:16.989868,0.47077472791259356,0.2650252443744984,16,0.02052272154672942,0.002145655198123906,0.035212189401665955,0.07812825591198616,0.03894808706731197,0.08162344863655822,0.002101570657610673,13,16,0.07468219455191383,0.1619465414712047,False,True,True,5.602767111600502e-07,COMPLETE
33,0.4063562512397766,2025-04-13 00:49:07.884829,2025-04-13 00:49:24.827247,0 days 00:00:16.942418,0.3346339096501252,0.27951041855232356,16,0.018789863949027895,0.004308573184230009,0.035862993413806804,0.0775939699612829,0.04173786137417038,0.08179839905979217,0.0022904622504118905,13,15,0.09451536651695353,0.16191567994485268,False,True,True,9.12585289023847e-06,COMPLETE
34,0.3269210696220398,2025-04-13 00:49:24.840610,2025-04-13 00:49:41.315659,0 days 00:00:16.475049,0.46210031826815345,0.26763147829438116,16,0.1778149981369497,0.0016928384675814487,0.03855500199781728,0.08546472257096457,0.03991679093388032,0.0818774384665673,0.0029362831681196975,13,15,0.09118602760923739,0.1561013847995599,False,True,True,7.52182417450547e-06,COMPLETE
35,0.2941428899765015,2025-04-13 00:49:41.330226,2025-04-13 00:49:57.835609,0 days 00:00:16.505383,0.3387437894586265,0.4868784320231348,16,0.02836413539135708,0.0015274607601059938,0.034574142198359005,0.07811631812680703,0.023250995616469455,0.09273201250651868,0.009776776296223672,13,5,0.07555174467396711,0.19878672892684493,False,True,True,1.5062296863170159e-05,COMPLETE
36,0.18795708417892457,2025-04-13 00:49:57.849748,2025-04-13 00:50:46.235982,0 days 00:00:48.386234,0.4800285645262647,0.3217749997278695,2,0.0026463945732879447,0.02835916639623825,0.023561405933523658,0.016233851600308984,0.043734104242583144,0.07588486490939438,0.0019988069207833655,12,17,0.08738536613802496,0.07144041656634945,False,True,True,7.971247500483016e-07,COMPLETE
37,0.33970744609832765,2025-04-13 00:50:46.250795,2025-04-13 00:51:02.351792,0 days 00:00:16.100997,0.20935874727048517,0.19050316414776086,16,0.0457566321336528,0.0016858640656241472,0.03411678584241357,0.09911113655431064,0.02318196162334281,0.09364968563351517,0.0035056032437911023,11,52,0.08324357535494449,0.15526670501781228,False,True,True,1.2729632384012265e-05,COMPLETE
38,0.38116824626922613,2025-04-13 00:51:02.366538,2025-04-13 00:51:55.385563,0 days 00:00:53.019025,0.37710864971978825,0.2525124150083633,2,0.124955538723107,0.04866869598231242,0.04708378791590971,0.08734533031518978,0.04330388483912753,0.08316572927496628,0.047756820292687754,14,12,0.0909214972435422,0.12189119359311985,False,True,True,6.428585738497834e-08,COMPLETE
39,0.2791439712047577,2025-04-13 00:51:55.400421,2025-04-13 00:52:15.062064,0 days 00:00:19.661643,0.3432565706526016,0.5459889974832095,16,0.019029942644065316,0.1272349573653549,0.020357257798482117,0.034812784876900774,0.03042443825678037,0.05307735733200335,0.09567292637247177,21,24,0.07353784346878002,0.10059801325496334,False,True,True,2.1645040168359973e-08,COMPLETE
40,0.2123819947242737,2025-04-13 00:52:15.077557,2025-04-13 00:52:32.985017,0 days 00:00:17.907460,0.5690943654055783,0.345827244477073,16,0.20235243693549837,0.16152391959840595,0.03773074895988834,0.08001924516149982,0.05531859080829495,0.08970260987972424,0.012282131875518958,15,103,0.06259010158225754,0.16920123726989017,False,True,False,1.3732036589609053e-06,COMPLETE
41,0.3641180396080017,2025-04-13 00:52:33.000636,2025-04-13 00:52:48.130226,0 days 00:00:15.129590,0.3087245165962943,0.3988756741021416,16,0.020740536995277375,0.016722193820593645,0.05175898531041598,0.06851766622968296,0.044590159694812004,0.05683093154746832,0.0009726623409814902,8,35,0.0978437650986851,0.18646116286799644,False,True,True,2.399808577034593e-06,COMPLETE
42,0.5149119615554809,2025-04-13 00:52:48.145951,2025-04-13 00:53:04.428374,0 days 00:00:16.282423,0.13948902655117898,0.38651027078571815,16,0.03481121593594518,0.02514548815260688,0.04398061195650579,0.05910140950616494,0.036435960357993104,0.07629103305108346,0.004580917620159896,12,21,0.09419137487520729,0.1841029818242378,False,True,True,2.494517421551637e-05,COMPLETE
43,0.32162382006645207,2025-04-13 00:53:04.444736,2025-04-13 00:53:20.910260,0 days 00:00:16.465524,0.0873430495270652,0.44192230820136574,16,0.03537418234313408,0.04676472391060881,0.06098065267482587,0.05958534072405357,0.029453035986736265,0.07464111450684319,0.0055879408965588745,12,23,0.09294982610889367,0.21965167265899416,False,True,True,3.642169682759497e-05,COMPLETE
44,0.18795708417892457,2025-04-13 00:53:20.926985,2025-04-13 00:53:37.380726,0 days 00:00:16.453741,0.21198922565598427,0.2884920481538055,16,0.07246746570303132,0.26293017850439304,0.04303060872033053,0.053681385024584034,0.018255446894490497,0.08174842958726705,0.0024044624879715234,13,12,0.08639840879104779,0.24769937516327073,False,True,True,2.2797676433587402e-05,COMPLETE
45,0.18795708417892457,2025-04-13 00:53:37.397792,2025-04-13 00:54:22.737051,0 days 00:00:45.339259,0.14344876819520938,0.18311735056451645,2,0.051668097805359074,0.18146118418584556,0.04587510865297133,0.045467439840688184,0.038798286965064335,0.09443974467390256,0.004445502551534078,11,46,0.09496532050997177,0.18966556875455015,False,True,True,0.00017193868032515684,COMPLETE
46,0.45744285583496097,2025-04-13 00:54:22.754989,2025-04-13 00:54:39.824339,0 days 00:00:17.069350,0.43662664494702536,0.35599590406133025,16,0.008835763467859845,0.026457006145545855,0.02965244498638968,0.06325623722521331,0.04872584191434552,0.08544487059714556,0.0013627308692768698,14,21,0.03911669572474148,0.14327026122132877,False,True,False,9.50240226092125e-06,COMPLETE
47,0.305177640914917,2025-04-13 00:54:39.843156,2025-04-13 00:54:58.849707,0 days 00:00:19.006551,0.4116705850749336,0.3452233008251343,16,0.011141659017795947,0.0816145478574988,0.030151697337799467,0.06377038484649371,0.048029487378508144,0.06726232734692837,0.0012626157728337012,14,21,0.035911494814114486,0.14031355390947398,False,False,False,8.844627175468115e-06,COMPLETE
48,0.2382922887802124,2025-04-13 00:54:58.867437,2025-04-13 00:55:22.015678,0 days 00:00:23.148241,0.43661892138030933,0.9234375432387315,8,0.1059579771125107,0.05570912748138761,0.03866393359227041,0.07755236484367958,0.03319315821743984,0.07858613676089828,0.00074867250038463,16,41,0.03188935822161831,0.16029826095718014,False,True,False,2.412152629778483e-05,COMPLETE
49,0.3221828103065491,2025-04-13 00:55:22.034475,2025-04-13 00:55:38.860689,0 days 00:00:16.826214,0.20589110080186196,0.5761358798607324,16,0.010018258157699958,0.02550395051940884,0.031030045975759788,0.06864849354252067,0.03755787465240408,0.08470521336947856,0.0016335028879666674,14,10,0.03699968050073807,0.13108732249462313,False,True,False,6.389928314571678e-07,COMPLETE
50,0.437212085723877,2025-04-13 00:55:38.879209,2025-04-13 00:57:30.846505,0 days 00:01:51.967296,0.02684541295321563,0.4516788469162473,2,0.08201747600813492,0.0071702727122275045,0.02232277393239422,0.09574105011051541,0.04828859912306698,0.0951884463253832,0.0003373045553928263,30,18,0.024396004979251606,0.2060249902848983,False,False,False,0.00013899976212001475,COMPLETE
51,0.4348792433738709,2025-04-13 00:57:30.865476,2025-04-13 00:59:19.908605,0 days 00:01:49.043129,0.018196998775563307,0.46507724193438055,2,0.027734590001017054,0.008403444183603101,0.023046451281240096,0.09576042881181378,0.04872338351192089,0.09537147288338822,0.0003652509222428117,29,17,0.018143945005038877,0.21157608931029148,False,False,False,0.00012865199393730063,COMPLETE
52,0.4577153086662293,2025-04-13 00:59:19.927593,2025-04-13 01:01:12.072607,0 days 00:01:52.145014,0.03273848344716751,0.4669215646160589,2,0.0825605391499507,0.012005790153745338,0.02394141298406554,0.09524885765954542,0.04896585219334959,0.0959290741089491,0.00037017909371507405,30,20,0.01831829910366297,0.20501987157801804,False,False,False,0.0001227323516831545,COMPLETE
53,0.4518090844154358,2025-04-13 01:01:12.091497,2025-04-13 01:03:02.774351,0 days 00:01:50.682854,0.02949885693459436,0.46820757209508657,2,0.08191555739970702,0.009034027558359078,0.02262635130829146,0.09654959162272721,0.04949275638220281,0.09637644202564036,0.00017240394039634533,30,20,0.018660823182718313,0.21185233599005637,False,False,False,0.0001568640661419453,COMPLETE
54,0.37529184818267824,2025-04-13 01:03:02.796693,2025-04-13 01:04:45.580736,0 days 00:01:42.784043,0.06977769509440647,0.6265947256515341,2,0.08293373376660097,0.03760245129021948,0.030898632692019926,0.09584328118878203,0.05412162031529408,0.09713161596518516,0.00016669101375012794,27,32,0.024241308174994147,0.2373960799175881,False,False,False,0.0003937751093563319,COMPLETE
55,0.26083419322967527,2025-04-13 01:04:45.601273,2025-04-13 01:06:37.183135,0 days 00:01:51.581862,0.06576228413382834,0.5173686604620666,2,0.13407368006214868,0.015310050934066675,0.0252980325602907,0.08965864740172995,0.046702060965919334,0.09136023316244704,0.00010086100420089116,30,23,0.0019947481612908255,0.18849893306265886,False,False,False,0.0002624179610442635,COMPLETE
