number,value,datetime_start,datetime_complete,duration,params_alpha-eval,params_alpha-train,params_batch-size,params_eps-eval,params_eps-train,params_lambda-actions-eval,params_lambda-actions-train,params_lambda-frames-eval,params_lambda-frames-train,params_learning-rate,params_n-epochs,params_n-frames,params_radius-gw,params_rho,params_std-feats,params_ub-actions,params_ub-frames,params_weight-decay,state
112,0.4199436664581299,2025-04-14 23:26:46.030136,2025-04-14 23:27:19.674371,0 days 00:00:33.644235,0.09912693702992997,0.3177418850523972,2,0.25165858150269,0.07231541140256173,0.06374192659589094,0.03805371946054827,0.02601540244259757,0.09216944368259725,0.0004153855547395326,5,79,0.017891533572931707,0.1178829145398112,False,False,False,8.500269714785578e-08,COMPLETE
113,0.18795708417892457,2025-04-14 23:27:19.711702,2025-04-14 23:27:52.606397,0 days 00:00:32.894695,0.07899622031091395,0.3148726334328184,2,0.2499003101328529,0.06635126851917733,0.06434029440532983,0.0386945438289994,0.02512447848685102,0.09219104387812663,0.0003560174609035598,5,77,0.017602470211515224,0.09552469734696364,False,False,False,9.018914927329134e-08,COMPLETE
114,0.3710263848304749,2025-04-14 23:27:52.645487,2025-04-14 23:28:26.121111,0 days 00:00:33.475624,0.08055251165762979,0.21076015540433704,2,0.23485016304322606,0.04997245809049762,0.05584235347472291,0.030664315555908452,0.03542534426282542,0.09053862705433585,0.0004545496898067157,5,69,0.021825502675839083,0.11755861205463232,False,False,False,3.683118275095449e-08,COMPLETE
115,0.2915088653564453,2025-04-14 23:28:26.158790,2025-04-14 23:29:03.013198,0 days 00:00:36.854408,0.1010393796650168,0.2939540913274844,2,0.24516562513861942,0.08010541498670594,0.08507077240887682,0.0366262268531063,0.027134447443650088,0.09493171868553088,0.0005153561564820722,6,59,0.014400056344682291,0.10648042190548757,False,False,False,1.4864079678955452e-08,COMPLETE
116,0.18795708417892457,2025-04-14 23:29:03.051284,2025-04-14 23:29:42.846977,0 days 00:00:39.795693,0.13833473286407663,0.23441574625828354,2,0.2733681853015682,0.03779776521759744,0.05877595145216883,0.04183460275178012,0.023420796559979973,0.08312702894075152,0.0002498603118464527,7,87,0.0182100197295382,0.09743215728599497,False,False,False,2.7757532467476427e-08,COMPLETE
117,0.3894465327262879,2025-04-14 23:29:42.884920,2025-04-14 23:30:19.427878,0 days 00:00:36.542958,0.050555578007313584,0.26595290427175566,2,0.23060641377368601,0.06924433983356428,0.09302276601685788,0.03442742458929629,0.03152005684679009,0.08774599276856812,0.0004213504381686029,6,79,0.015546807882264573,0.11110987723302267,False,False,False,0.0008353026642656245,COMPLETE
118,0.39284808635711677,2025-04-14 23:30:19.467080,2025-04-14 23:30:52.902768,0 days 00:00:33.435688,0.1296306495511198,0.32156371412303686,2,0.2598259838633072,0.2940712958993176,0.053426075777092706,0.03485749334825313,0.049361544222386214,0.09717749814567099,0.00033932943177706606,5,94,0.023205139041487965,0.07727819423109678,False,False,False,1.991473054405821e-08,COMPLETE
119,0.18795708417892457,2025-04-14 23:30:52.941827,2025-04-14 23:31:35.163419,0 days 00:00:42.221592,0.05606253025431173,0.34626407735671577,2,0.2215204216064255,0.06148097442919596,0.06615584439157335,0.027488873659543063,0.045139810837340665,0.09188224462087871,0.0011910892743595316,8,85,0.012851352751886246,0.12850286746015604,False,False,False,5.285920699488889e-08,COMPLETE
120,0.3789876937866211,2025-04-14 23:31:35.202283,2025-04-14 23:32:59.271341,0 days 00:01:24.069058,0.11849240524621843,0.3718190158373289,2,0.19893475903196745,0.07481447904737117,0.05025199012744891,0.023592266988324034,0.03302724004456867,0.09367768275606604,0.0005849436588222526,21,79,0.019699733209054614,0.11750935175785085,False,False,False,3.178447299250181e-08,COMPLETE
121,0.25872209668159485,2025-04-14 23:32:59.310239,2025-04-14 23:33:36.337720,0 days 00:00:37.027481,0.011660132867272924,0.39141641228305923,2,0.2192008859830618,0.07187677758166175,0.0633187257858708,0.01784868417694514,0.039895295550033336,0.08496240656782886,0.0006667126731301368,6,122,0.006862313708878787,0.13977881663278752,False,False,False,1.725102327395078e-07,COMPLETE
122,0.2930670738220215,2025-04-14 23:33:36.377317,2025-04-14 23:34:33.182322,0 days 00:00:56.805005,0.28991302789058343,0.29717102729297185,2,0.28907024904630485,0.0790553689983326,0.07117852488919543,0.04568778102604623,0.020509794343310156,0.08841406084792261,0.0003863581652269924,12,75,0.012108118294079697,0.14449036792193992,False,False,False,8.562493980862029e-08,COMPLETE
123,0.38210558891296387,2025-04-14 23:34:33.231287,2025-04-14 23:35:35.185934,0 days 00:01:01.954647,0.17710765888388194,0.2735948759490166,2,0.24814231922071156,0.06480406895290196,0.06844390875803069,0.025132107137145497,0.0411441554356847,0.09619121269341374,0.0007319063242464332,14,100,0.02633787394647975,0.1343373430494496,False,False,False,6.266058948385645e-08,COMPLETE
124,0.4051036238670349,2025-04-14 23:35:35.226016,2025-04-14 23:35:53.128897,0 days 00:00:17.902881,0.04669475415175706,0.337326333272153,8,0.25664230509197705,0.05236443514142545,0.09603722937182828,0.028496406680330433,0.03741983233079154,0.09082256146139386,0.0009544628654168017,5,70,0.01614707959392489,0.15285642004725974,False,False,False,1.3129137187152474e-08,COMPLETE
125,0.4009331941604614,2025-04-14 23:35:53.171636,2025-04-14 23:36:11.244026,0 days 00:00:18.072390,0.033094545526416254,0.3168450117293773,8,0.2586879243316674,0.05395763860195518,0.09868427176227901,0.029087333087559838,0.029363975968319682,0.09051616131122506,0.0008817053214532902,5,70,0.017950279389940593,0.12064966665480883,False,False,False,1.2755550920573817e-08,COMPLETE
126,0.3922464370727539,2025-04-14 23:36:11.285700,2025-04-14 23:36:26.771908,0 days 00:00:15.486208,0.05078060909320149,0.3233852361838744,16,0.2659192492873748,0.04565781323369615,0.09345960744561155,0.029691533424575683,0.029958210223644276,0.09302816620532389,0.0009127571701653607,5,63,0.02120491769833857,0.1224525777989271,False,False,False,1.2531260853101076e-08,COMPLETE
127,0.36427657604217534,2025-04-14 23:36:26.814099,2025-04-14 23:36:45.719731,0 days 00:00:18.905632,0.026516096263947565,0.1620070756498731,8,0.2557167349377111,0.05279153647248736,0.09877158113325424,0.04070774317354303,0.037317423475236214,0.09020148321039041,0.00028241193489875476,6,68,0.018749814853228613,0.15153440334996734,False,False,False,1.4993639184415903e-08,COMPLETE
128,0.15091047883033754,2025-04-14 23:36:45.761070,2025-04-14 23:37:01.645207,0 days 00:00:15.884137,0.10537382038710479,0.3473400891388302,8,0.2799865958507033,0.05836910130811516,0.09681875037553114,0.03385159926063558,0.02583134082976539,0.09536966861672187,0.0009035099613401627,5,72,0.015997533817271828,0.14426335839239426,False,False,True,1.9669382597842794e-08,COMPLETE
129,0.3834285497665405,2025-04-14 23:37:01.687517,2025-04-14 23:37:20.842490,0 days 00:00:19.154973,0.07133128355865757,0.22795696616655817,8,0.24129253970895623,0.032825068815032624,0.09981411323982728,0.02162716481461952,0.02940791760520358,0.09799943010024947,0.0012131181153871304,6,72,0.030204545964374926,0.15607015138808894,True,False,False,1.3075816116176648e-08,COMPLETE
130,0.18921253681182865,2025-04-14 23:37:20.885079,2025-04-14 23:37:55.734956,0 days 00:00:34.849877,0.0326197981695904,0.2865047782982249,2,0.2523331628468157,0.049115512586121714,0.09601065879841347,0.027089442447028253,0.023299578981849544,0.09094245879355067,0.0005989452050499932,7,136,0.013863446997059915,0.12847049332539417,False,True,False,1.7649018973041156e-08,COMPLETE
131,0.4163424611091614,2025-04-14 23:37:55.777252,2025-04-14 23:38:13.612215,0 days 00:00:17.834963,0.06113209431133402,0.3686705818987946,8,0.275648164611997,0.06507896622151133,0.0896282437775493,0.030648378380699202,0.03825156620492106,0.06922327564755984,0.001490231800930517,5,85,0.016880330336277387,0.11137522204504006,False,False,False,2.3510325679906843e-08,COMPLETE
132,0.3932339072227478,2025-04-14 23:38:13.655843,2025-04-14 23:38:31.887912,0 days 00:00:18.232069,0.05940497230550554,0.313386106510021,8,0.27395193885116,0.058260285962562344,0.09021170325789388,0.02935207661971947,0.03410337380811989,0.08257076618633374,0.0022321440656088813,5,75,0.02275867823200151,0.11427923358159231,False,False,False,2.7273405971113006e-08,COMPLETE
133,0.39448986053466795,2025-04-14 23:38:31.930873,2025-04-14 23:38:51.624496,0 days 00:00:19.693623,0.03496990057552915,0.3348370912439038,8,0.26484392948758406,0.0724433963036563,0.09597987056221256,0.03315313512838097,0.03775477663403627,0.06429609081866322,0.0015577549349149735,7,66,0.01732314965651211,0.13449703421396358,False,False,False,3.7675070068441004e-08,COMPLETE
134,0.39054617881774906,2025-04-14 23:38:51.667408,2025-04-14 23:39:09.580318,0 days 00:00:17.912910,0.1053309384881303,0.2638367129117933,8,0.28650232946304316,0.08073714026748079,0.09078865198915727,0.030826545446500816,0.06390697352099126,0.09986625662795527,0.001834023190106615,5,78,0.020387018541184663,0.12295900983932742,False,False,False,1.2336201887453854e-08,COMPLETE
135,0.40507620573043823,2025-04-14 23:39:09.624482,2025-04-14 23:39:28.470976,0 days 00:00:18.846494,0.14041246217761694,0.3529653256082619,8,0.2945835656398727,0.04043892852340553,0.0817721242188387,0.037787482094991116,0.03240561743460823,0.07961041478419392,0.00038685334040221286,6,81,0.014356042847252715,0.1003638296712608,False,False,False,1.0074662882251157e-08,COMPLETE
136,0.4076489806175232,2025-04-14 23:39:28.515682,2025-04-14 23:39:47.416131,0 days 00:00:18.900449,0.14824467191624252,0.3600398040673623,8,0.2904811346253443,0.04036289296636587,0.08244202038171206,0.04049161798696401,0.03566434708408792,0.07940112585919332,0.0014010964599677385,6,92,0.012809219708475815,0.09169625533841963,False,False,False,1.6949952040530643e-08,COMPLETE
137,0.40491088628768923,2025-04-14 23:39:47.461426,2025-04-14 23:40:06.369666,0 days 00:00:18.908240,0.1479684116083244,0.3637477818456996,8,0.2970028560171185,0.028521543413706343,0.08140450138912468,0.045000738434507165,0.03241456806849236,0.07842420694714358,0.0031937423887602383,6,88,0.004420211399353861,0.09157001498351894,False,False,False,1.0075450649568094e-08,COMPLETE
138,0.3670263648033142,2025-04-14 23:40:06.423295,2025-04-14 23:40:25.424722,0 days 00:00:19.001427,0.1424244222343611,0.36913733866182874,8,0.2960764345301722,0.02837083678404444,0.0805955010080514,0.046313848378783586,0.0315764846797785,0.06973362990063925,0.0015031640839749756,6,90,0.0059252410895977645,0.08115863488344716,False,False,False,1.0925532855923107e-08,COMPLETE
139,0.3427165031433106,2025-04-14 23:40:25.471795,2025-04-14 23:40:45.938900,0 days 00:00:20.467105,0.16678131811609395,0.430553517326682,8,0.29098250819596366,0.015100323918764043,0.08230313872475531,0.03876595211365906,0.03564064963897409,0.07697108134188052,0.0036322237803516223,8,94,0.0033045884249534485,0.09008174436945089,False,False,False,1.7405060233220906e-08,COMPLETE
140,0.18795708417892457,2025-04-14 23:40:45.984467,2025-04-14 23:41:05.036099,0 days 00:00:19.051632,0.08590716529470749,0.3597480460431987,8,0.27748387298273347,0.02162257818565346,0.08810987757487186,0.05096958408859141,0.02876292802489683,0.08085522803162046,0.01054255857030983,7,86,0.012626642427234396,0.06976901849282628,False,False,False,1.0850364303012643e-08,COMPLETE
141,0.35612019896507263,2025-04-14 23:41:05.081677,2025-04-14 23:41:23.815000,0 days 00:00:18.733323,0.11347838574839889,0.29961821718832365,8,0.29728519349443266,0.039046238281706766,0.0782973801270773,0.040267704594588984,0.03221130785179396,0.08758445167408153,0.0010324835299689661,6,81,0.008533762303844516,0.10219190660038673,False,False,False,2.4639357801040535e-08,COMPLETE
142,0.18795708417892457,2025-04-14 23:41:23.860494,2025-04-14 23:41:41.496942,0 days 00:00:17.636448,0.1246656208234056,0.3390354129236579,8,0.2610175680594157,0.007636514975133422,0.08552944974761206,0.043596929559121846,0.033722098996810765,0.08049380318998586,0.006213715375834651,5,88,0.015743624840893727,0.10829008828892157,False,False,False,1.0025835800756025e-08,COMPLETE
143,0.32210916876792905,2025-04-14 23:41:41.543319,2025-04-14 23:42:01.310427,0 days 00:00:19.767108,0.21463308013689913,0.31436623731650204,8,0.29305517678878723,0.04226935109988722,0.09220280425683633,0.03624421186798611,0.09198745222490769,0.0822450536391875,0.002087082422941829,7,84,0.011545991377841775,0.08991063673937966,False,False,False,2.1932609895690913e-08,COMPLETE
144,0.28089246749877933,2025-04-14 23:42:01.356098,2025-04-14 23:42:20.513898,0 days 00:00:19.157800,0.09627663114625243,0.35844679146464525,8,0.27045954098768965,0.03234991651663377,0.09538866795924336,0.048348806561371915,0.06972870084093517,0.078547232719944,0.0012702856517466698,6,97,0.007735420260947026,0.1146217357364237,False,False,False,1.537737485934673e-08,COMPLETE
145,0.302387410402298,2025-04-14 23:42:20.559967,2025-04-14 23:42:38.584239,0 days 00:00:18.024272,0.14854807310750712,0.41696644169829183,8,0.2769041716577447,0.048047946073917845,0.08221939647165406,0.03746459423180062,0.026539661610141128,0.08418481123819792,0.0030268508044287196,5,90,0.004675393684690429,0.0997215913736783,False,False,False,3.134960127049844e-08,COMPLETE
146,0.3878255605697632,2025-04-14 23:42:38.631116,2025-04-14 23:42:57.353770,0 days 00:00:18.722654,0.18437017326570224,0.37624769210170733,8,0.29851620590048217,0.06464189476209935,0.07943643430155241,0.03222065529640497,0.036053763101564176,0.07946458793965185,0.0007554545811108175,6,81,0.013576422739964848,0.10771486313092324,False,False,False,1.8572986063676876e-08,COMPLETE
147,0.3759408831596375,2025-04-14 23:42:57.401126,2025-04-14 23:43:15.481958,0 days 00:00:18.080832,0.07058453128851361,0.32639717134189183,8,0.24243340490153412,0.038689601399965835,0.08494134750995726,0.02650344684606689,0.03016866165428621,0.07683558852144227,0.0003210087226482144,5,77,0.018162097862682018,0.11963435763453555,False,False,False,1.4126158892241069e-08,COMPLETE
148,0.3523600101470947,2025-04-14 23:43:15.528926,2025-04-14 23:43:35.258728,0 days 00:00:19.729802,0.04144013996866096,0.2812077258669793,8,0.22880813618909096,0.0077550781793784,0.08725700061340125,0.029147843437858062,0.03731394259550242,0.07280788008055497,0.000594462809552329,7,69,0.010324976561897597,0.12690651888905516,False,False,False,1.0074768303655227e-08,COMPLETE
149,0.3983752250671387,2025-04-14 23:43:35.307171,2025-04-14 23:43:51.308949,0 days 00:00:16.001778,0.23501235666570358,0.30387201809950753,16,0.2883141408111114,0.05417331825681189,0.05816248864999249,0.03767392407370779,0.034035484578151046,0.08685500264752849,0.006989141377839878,6,92,0.015664418543993513,0.10334053469199589,False,False,False,2.3132084161500406e-08,COMPLETE
150,0.3918898940086365,2025-04-14 23:43:51.356819,2025-04-14 23:44:08.313812,0 days 00:00:16.956993,0.1933675833589733,0.2984625520448993,16,0.2879610374079856,0.05323267191100857,0.05768217937505707,0.03940044920628974,0.033536524994507454,0.08936085795819264,0.0070733685536748135,8,101,0.01907703845485325,0.10239974469180593,False,False,False,2.268983723855184e-08,COMPLETE
151,0.3343311429023743,2025-04-14 23:44:08.372145,2025-04-14 23:44:24.312621,0 days 00:00:15.940476,0.16355874625820405,0.34843954261354343,16,0.2826497689335769,0.043241393738292375,0.059413782725636806,0.03638719712137882,0.04057413485582176,0.08590167314641346,0.02092096346344773,6,84,0.016909755013741472,0.09059949635815694,False,False,False,1.7067911631061422e-08,COMPLETE
152,0.38754504919052124,2025-04-14 23:44:24.363163,2025-04-14 23:44:41.635724,0 days 00:00:17.272561,0.23467181959388722,0.2574686660076495,16,0.2673279053449134,0.19849939000820516,0.09134254052949059,0.03473234124871824,0.027150092804047114,0.08713048499376472,0.004391346468722143,9,92,0.015183022229106061,0.11009265291068353,False,False,False,2.748918305919034e-08,COMPLETE
153,0.28686313033103944,2025-04-14 23:44:41.684707,2025-04-14 23:44:57.147129,0 days 00:00:15.462422,0.25324507661567935,0.3161703967265149,16,0.258423986664665,0.0607312645407774,0.05471725206190839,0.042065804678486,0.03080773876062944,0.09117113827052958,0.010667384171853159,5,60,0.012790450443148355,0.09859517317989167,False,False,False,2.068649497792291e-08,COMPLETE
154,0.24078144431114198,2025-04-14 23:44:57.196936,2025-04-14 23:45:13.493349,0 days 00:00:16.296413,0.213676392038546,0.3305416500240768,16,0.2791121916594821,0.06923529440421428,0.060867809692991284,0.044511953725300535,0.03499488697590936,0.09317308823489316,0.01654464908565254,7,81,0.009460923151920826,0.07939086438887366,False,False,False,1.3246581908837381e-08,COMPLETE
155,0.18795708417892457,2025-04-14 23:45:13.542821,2025-04-14 23:45:49.614281,0 days 00:00:36.071460,0.010649673405783877,0.385599323554984,2,0.28454064318128897,0.05061715374967615,0.07621410577578605,0.0313283278214743,0.038543000975271774,0.08407912996687562,0.00757099751602674,6,88,0.015319003238130374,0.14231713665773094,False,False,False,3.138481870275169e-08,COMPLETE
156,0.1501340687274933,2025-04-14 23:45:49.664330,2025-04-14 23:46:06.165969,0 days 00:00:16.501639,0.1355751216784202,0.2804303631996596,8,0.253816383077275,0.029098554853571504,0.06672972750164347,0.02350768095317625,0.023756369828234966,0.08915197340807282,0.0025720294755512954,5,75,0.02011680158870801,0.11591584804728379,True,False,True,4.308097706350132e-08,COMPLETE
157,0.2429184913635254,2025-04-14 23:46:06.216701,2025-04-14 23:46:23.133205,0 days 00:00:16.916504,0.5396340630539871,0.30554346749920636,8,0.299870406456212,0.06430638168733438,0.06384048925690562,0.03737958759182578,0.03239711792396254,0.06852564745624712,0.0005218657234508227,6,95,0.011705453471399662,0.167146904724006,False,True,False,1.5723174328316284e-08,COMPLETE
158,0.2686274588108063,2025-04-14 23:46:23.183792,2025-04-14 23:46:41.144574,0 days 00:00:17.960782,0.0670845928799134,0.24520580302976341,8,0.2920515114610243,0.08468228280465963,0.08930060463029954,0.034467147436523855,0.02044043519444146,0.07956111812399558,0.00034691206843975804,5,79,0.0013929535878549983,0.0851351777027091,False,False,False,2.348314430552837e-08,COMPLETE
159,0.18795708417892457,2025-04-14 23:46:41.195150,2025-04-14 23:47:20.322731,0 days 00:00:39.127581,0.12393318719023938,0.3543466471748228,2,0.2696717363756216,0.07351897254038295,0.08248610076863949,0.02769347551207249,0.04625633304347455,0.08201955959133292,0.005606944661716635,7,86,0.02452096608354242,0.10510881801885,False,False,False,1.2716230330051007e-08,COMPLETE
160,0.3850790619850159,2025-04-14 23:47:20.373513,2025-04-14 23:47:40.785930,0 days 00:00:20.412417,0.14998799334802976,0.44602163744843265,8,0.26333919838826303,0.05700862198425904,0.09794581569464621,0.04109877822328541,0.042796833734058744,0.0878556780018321,0.0010808472850755031,8,71,0.01732194171185833,0.125798826384649,False,False,False,3.386159781027746e-08,COMPLETE
161,0.4042150378227234,2025-04-14 23:47:40.837238,2025-04-14 23:47:59.660129,0 days 00:00:18.822891,0.09538222318522462,0.33480170567257656,8,0.24957602715832697,0.0682476143170393,0.07718937773233156,0.02020024823255548,0.02842429779219265,0.09444775978293515,0.0004109606724857844,6,83,0.015210940528815773,0.09630811963155901,False,False,False,1.5652517504341624e-08,COMPLETE
162,0.4176696300506592,2025-04-14 23:47:59.721336,2025-04-14 23:48:18.716920,0 days 00:00:18.995584,0.08538888393148354,0.333220766263456,8,0.24675015567579156,0.06972990791302286,0.07891913701290262,0.019416411258590185,0.028589346504560218,0.09479569133948686,0.0002565512278063968,6,83,0.013698507372905129,0.09676949144814453,False,False,False,1.8356838387587753e-08,COMPLETE
163,0.4081645250320435,2025-04-14 23:48:18.768550,2025-04-14 23:48:37.716168,0 days 00:00:18.947618,0.08931697292934329,0.29973232588576354,8,0.24886150633106244,0.06744340676433985,0.07710327940857542,0.02084825275788059,0.02839379693573832,0.0933212826639142,0.00026974717124761773,6,83,0.013762568342186912,0.09391589530848578,False,False,False,1.7056094436249087e-08,COMPLETE
164,0.39646236896514897,2025-04-14 23:48:37.768926,2025-04-14 23:48:56.595544,0 days 00:00:18.826618,0.0847234873710867,0.2716665647391625,8,0.24757369423450493,0.06712130428391999,0.0785106942495801,0.020066044180242416,0.02536755985039679,0.09511720936478639,0.0002450209381084384,6,84,0.018596988285848014,0.09571339045125224,False,False,False,1.0100703766445353e-08,COMPLETE
165,0.383897876739502,2025-04-14 23:48:56.649284,2025-04-14 23:49:15.557742,0 days 00:00:18.908458,0.10107916098620784,0.3029251646385987,8,0.2391528999179892,0.07858242701686942,0.08078595081901034,0.018538433420376046,0.02843054980647618,0.09310568695645466,0.0001886349074336102,6,92,0.015181028540728598,0.07072203241254624,False,False,False,1.6441147949259867e-08,COMPLETE
166,0.39850561618804936,2025-04-14 23:49:15.610495,2025-04-14 23:49:33.618502,0 days 00:00:18.008007,0.05517776755883507,0.32833617406628246,8,0.25228404261948695,0.05345240924848856,0.07646180158474838,0.021669644297913595,0.030427081124406778,0.09138558593969863,0.00032684193519494966,5,77,0.017150301118438318,0.08954298938312963,False,False,False,1.3114111546342344e-08,COMPLETE
167,0.39235466718673706,2025-04-14 23:49:33.671463,2025-04-14 23:49:51.748092,0 days 00:00:18.076629,0.04698355800069988,0.3322199484287691,8,0.2292948813618804,0.04595476208273203,0.07575684038330571,0.023499729939717915,0.02913694570938301,0.09090330175675009,0.0002726358689513797,5,77,0.013666870019736866,0.09053058753942465,False,False,False,1.4395282407859155e-08,COMPLETE
168,0.40378412008285525,2025-04-14 23:49:51.802031,2025-04-14 23:50:11.477638,0 days 00:00:19.675607,0.08526115669303508,0.36487443830316346,8,0.2523654790360755,0.03407281352051916,0.07787784174390375,0.022037777314661264,0.030386814586050553,0.09459952474104855,0.0001574147779804861,7,89,0.01717992983824404,0.08260681927988538,False,False,False,1.2483953116009359e-08,COMPLETE
