number,value,datetime_start,datetime_complete,duration,params_alpha-eval,params_alpha-train,params_batch-size,params_eps-eval,params_eps-train,params_lambda-actions-eval,params_lambda-actions-train,params_lambda-frames-eval,params_lambda-frames-train,params_learning-rate,params_n-epochs,params_n-frames,params_radius-gw,params_rho,params_std-feats,params_ub-actions,params_ub-frames,params_weight-decay,state
1683,0.4473423361778259,2025-04-15 10:04:51.875179,2025-04-15 10:05:19.496824,0 days 00:00:27.621645,0.49179989945105756,0.3440708011049335,8,0.0455787317830012,0.014160682916819059,0.002973503511740182,0.08131128923480918,0.046106580247952375,0.08746258223007247,0.00011804914436403414,21,27,0.022411763061171146,0.01571962887269267,True,True,True,3.592743845434866e-06,COMPLETE
1684,0.36327216029167175,2025-04-15 10:05:20.040224,2025-04-15 10:05:48.462404,0 days 00:00:28.422180,0.5168582539084778,0.3708379951879786,8,0.06300268264092511,0.030805806538555407,0.004243370453933491,0.07847445493270852,0.0318434201645736,0.08631502482603133,0.00016919636707493635,22,36,0.01769134709815101,0.02236611421675492,True,True,True,5.862518379514987e-06,COMPLETE
1685,0.4386369585990906,2025-04-15 10:05:49.021719,2025-04-15 10:06:15.970917,0 days 00:00:26.949198,0.49841798714940466,0.3212325822752584,8,0.05445005693521154,0.025358829626591646,0.0030037822286868017,0.08314911860148298,0.036771732782086855,0.08977841083984668,0.00013029512474366914,20,30,0.020169267109332346,0.012722507302509376,True,True,True,3.388134849549837e-06,COMPLETE
1686,0.18795708417892457,2025-04-15 10:06:16.515313,2025-04-15 10:06:43.033599,0 days 00:00:26.518286,0.5178618673531152,0.35324758675488266,8,0.05831295296254092,0.11100620475754785,0.03896113185397332,0.07969379601652005,0.02991921699281707,0.08666393657220606,0.00018436738772500632,20,25,0.017947615705214543,0.03007442309902788,True,True,True,3.855021239836858e-06,COMPLETE
1687,0.4074342072010041,2025-04-15 10:06:43.599764,2025-04-15 10:07:57.062516,0 days 00:01:13.462752,0.4889893329609153,0.3739761338085619,2,0.05355439901058033,0.005658497058895503,0.04190279552396442,0.08189009741065167,0.03445568875964053,0.08849627669321782,0.00016941930057307402,21,43,0.01695090912983853,0.01209961720582562,True,True,True,4.27138458599141e-06,COMPLETE
1688,0.5558398127555848,2025-04-15 10:07:57.605936,2025-04-15 10:08:26.904698,0 days 00:00:29.298762,0.5138402863571006,0.3442008004263259,8,0.06802054804279714,0.012345928323515144,0.04263068645676434,0.07975282011703663,0.033527026235301655,0.0849129938133104,0.00014354053580783844,23,33,0.02230355428038483,0.01930706106093195,True,True,True,3.987825105973208e-06,COMPLETE
1689,0.18795708417892457,2025-04-15 10:08:27.444401,2025-04-15 10:08:55.984587,0 days 00:00:28.540186,0.46819642362936104,0.3895835268404528,8,0.08077325040087441,0.10021537718064809,0.03731187628932229,0.0852388511933808,0.02725015995077081,0.0903367078022395,0.00019275545376974603,22,39,0.01979313112944952,0.011454106432698362,True,True,True,2.5022100913226368e-06,COMPLETE
1690,0.2483401656150818,2025-04-15 10:08:56.546371,2025-04-15 10:09:24.205271,0 days 00:00:27.658900,0.41347485015700464,0.3219183689748397,8,0.06405105863359808,0.01775129730421819,0.002649085727190397,0.0787179026017865,0.03798444691961115,0.08702489058365864,0.0001683472698860782,20,77,0.017993121716059865,0.02394530822029045,True,True,True,5.17315597594522e-06,COMPLETE
1691,0.21006882786750794,2025-04-15 10:09:24.754784,2025-04-15 10:09:52.240477,0 days 00:00:27.485693,0.520570643351383,0.3610697711741934,8,0.09364679282250732,0.04041353265264043,0.0046433368857731186,0.08098951932902215,0.03181851376233888,0.08544012351925712,0.0001987002326701926,21,28,0.016071875543826872,0.01672052458013927,True,True,True,4.1689528081982855e-06,COMPLETE
1692,0.20451405048370364,2025-04-15 10:09:52.806466,2025-04-15 10:10:24.103325,0 days 00:00:31.296859,0.532121160625983,0.37825957731848403,8,0.045421499168031364,0.023127657555982246,0.0011024973882488832,0.07849336014999754,0.03576717079942429,0.08815836541606512,0.0001444782705627492,22,132,0.023821434849989914,0.010923688267953726,True,True,True,7.100291970490194e-06,COMPLETE
1693,0.4007168292999268,2025-04-15 10:10:24.647053,2025-04-15 10:10:51.645867,0 days 00:00:26.998814,0.5006597407221658,0.33439548648662165,8,0.07602312638520829,0.005196306300819236,0.001008572024126641,0.08376059516274591,0.029505209389841674,0.08508238019033373,0.00012030615726098398,20,31,0.019094389736125653,0.12233115979610788,True,True,True,5.144167380365608e-06,COMPLETE
1694,0.4292738556861878,2025-04-15 10:10:52.217982,2025-04-15 10:11:19.772938,0 days 00:00:27.554956,0.5348150113321379,0.30645177009136615,8,0.07185384512735896,0.010877811420896714,0.005413866811582311,0.07791974635750688,0.033037103910345186,0.08494453442806212,0.0002096430118258246,21,25,0.017840136239169267,0.01824486214484518,True,True,True,9.440623382111897e-06,COMPLETE
1695,0.4102112412452698,2025-04-15 10:11:20.319176,2025-04-15 10:11:47.398980,0 days 00:00:27.079804,0.495764765413748,0.36296147034737714,8,0.06112818307402115,0.01767776439964591,0.001051695445972686,0.0805844287708201,0.0393056789865812,0.08488167085990961,0.00017664486248846563,20,35,0.020832168838090928,0.025098329503059652,True,True,True,3.4794344690056252e-06,COMPLETE
1696,0.18795708417892457,2025-04-15 10:11:47.970247,2025-04-15 10:12:15.504571,0 days 00:00:27.534324,0.47130472597601053,0.3848944650523483,8,0.08651956446804887,0.02923663713368051,0.004245912537111851,0.08218937711183046,0.03502166936514509,0.08967495810081692,0.0002233706573549406,21,22,0.016344255282649447,0.03443919117073166,True,True,True,2.9830934653287265e-06,COMPLETE
1697,0.4941766977310181,2025-04-15 10:12:16.050093,2025-04-15 10:12:45.277605,0 days 00:00:29.227512,0.4441312460795652,0.3476993641603036,8,0.05499613632231383,0.01107703516773258,0.006590909802670365,0.07879925670821857,0.031068494117182342,0.08610038470183125,0.00016210590130488528,23,28,0.016401521102970842,0.010187697424163214,True,True,True,5.551295147063326e-06,COMPLETE
1698,0.4333135604858399,2025-04-15 10:12:45.844869,2025-04-15 10:13:14.372368,0 days 00:00:28.527499,0.5227097810883903,0.31879645963302244,8,0.04966948914961656,0.02202330146811721,0.00378303572895413,0.07790203508901024,0.02696196686186026,0.08730797914861617,0.00019326946286954633,22,31,0.020782984934553436,0.015234808322918533,True,True,True,3.853732900865882e-06,COMPLETE
1699,0.3992376804351807,2025-04-15 10:13:14.922192,2025-04-15 10:13:41.961440,0 days 00:00:27.039248,0.5411021702262531,0.39377333210822213,8,0.0671449673735573,0.01657288858812926,0.006171710407564516,0.08022617331044406,0.03677720276810922,0.04058102888255923,0.0001306322429302037,20,25,0.017958744950766298,0.009520366077562063,True,True,True,2.7896092922082886e-06,COMPLETE
1700,0.38084356784820556,2025-04-15 10:13:42.509570,2025-04-15 10:14:10.122191,0 days 00:00:27.612621,0.5092776897072097,0.33485384780687083,8,0.07293577721640775,0.03290104460148949,0.0027026940981024553,0.08447284072388729,0.029507651563660846,0.08385854234329697,0.00022402610864034092,21,37,0.015517473362494746,0.021335190227134503,True,True,True,2.925122417229621e-06,COMPLETE
1701,0.4443909049034119,2025-04-15 10:14:10.691634,2025-04-15 10:14:37.293429,0 days 00:00:26.601795,0.48458767807169684,0.36515047262232336,8,0.06110513313972699,0.005547149760544639,0.00433284628304687,0.07743436313808746,0.040651953218703,0.08361002740238183,0.00022436686644254416,19,52,0.018791546421063326,0.16406944224518766,True,True,True,3.6098245544046777e-06,COMPLETE
1702,0.18795708417892457,2025-04-15 10:14:37.842122,2025-04-15 10:15:05.502619,0 days 00:00:27.660497,0.5392386552570129,0.8692503049418436,8,0.0426207571369709,0.024809563482164725,0.006230821727585288,0.08157371378826865,0.033814629247273326,0.08639256082586856,0.00015332702164554032,21,33,0.015755722819758823,0.014606822835761337,True,True,True,3.0026430093223777e-06,COMPLETE
1703,0.40200241804122927,2025-04-15 10:15:06.072221,2025-04-15 10:15:33.006270,0 days 00:00:26.934049,0.518987577400475,0.3881569070508835,8,0.057051368220145726,0.010535547602061835,0.03851665942379069,0.08605992596356538,0.03135249603898931,0.09163222798732792,0.00019604816743416955,20,28,0.016449473426343005,0.19189384450135547,True,True,True,5.2489328474525766e-06,COMPLETE
1704,0.4476109027862549,2025-04-15 10:15:33.552637,2025-04-15 10:16:01.881789,0 days 00:00:28.329152,0.2483731630126923,0.30740451785396944,8,0.0805315165711222,0.01813651182663035,0.0414010036233058,0.07717541654977476,0.03518897784532267,0.08387328613233369,0.00023403420198340208,22,30,0.023524168417280708,0.009522433159059264,True,True,True,5.9049027946047135e-06,COMPLETE
1705,0.3834419846534729,2025-04-15 10:16:02.454237,2025-04-15 10:16:29.204525,0 days 00:00:26.750288,0.5002400820143024,0.35749878750639147,8,0.06593528649357042,0.004179406585515005,0.007212592955220533,0.08013796616455819,0.03784998521389501,0.08393595892434477,0.0001269851097128117,20,22,0.02146200484854241,0.02767023483048576,True,True,True,3.2488099612526184e-06,COMPLETE
1706,0.49679844379425053,2025-04-15 10:16:29.752956,2025-04-15 10:16:59.259141,0 days 00:00:29.506185,0.5423625811549408,0.32844415273248473,8,0.04990637382943235,0.013502500323103744,0.0028126876433084013,0.08258929235253219,0.03253574206676693,0.08812660434149909,0.00016779622294219035,23,34,0.018967522982531917,0.019428400155348333,True,True,True,3.7838987808259424e-06,COMPLETE
1707,0.39746899604797364,2025-04-15 10:16:59.804154,2025-04-15 10:17:28.224682,0 days 00:00:28.420528,0.16821587220886705,0.37713680419982487,8,0.07132895751423164,0.02411327710603952,0.03744902046071661,0.07700208626324417,0.027967172652284066,0.08272411358621329,0.00018807871875559584,22,26,0.01503161305663591,0.00929634682017009,True,True,True,4.584170235482952e-06,COMPLETE
1708,0.38953895568847663,2025-04-15 10:17:28.791848,2025-04-15 10:18:43.549630,0 days 00:01:14.757782,0.5221275513552484,0.3505116812303168,2,0.04472797019123093,0.011213629780723572,0.005359759637988652,0.07928395351048675,0.02984192937402824,0.0863566381968043,0.00027409000822214356,21,30,0.017404585539863047,0.014473325964034191,True,True,True,3.2195521225375472e-06,COMPLETE
1709,0.509473693370819,2025-04-15 10:18:44.091959,2025-04-15 10:19:11.237604,0 days 00:00:27.145645,0.5544365760140143,0.3950616295897726,8,0.005114873859962273,0.018698067794565235,0.004278015205589073,0.07688244046133438,0.03444757870943009,0.08451237185437296,0.00023420167874079,20,27,0.013990486921003345,0.023058160584778314,True,True,True,2.576735404367733e-06,COMPLETE
1710,0.3927139163017273,2025-04-15 10:19:11.806211,2025-04-15 10:19:39.887373,0 days 00:00:28.081162,0.4713848733161858,0.3716119252819101,8,0.062132951781210914,0.035708568261818986,0.0063064440905064995,0.07980022593349184,0.054950444340414226,0.08257017052866372,0.00027873303095222963,21,33,0.018749044577447072,0.006981087670327544,True,True,True,2.2696665135398404e-06,COMPLETE
1711,0.18795708417892457,2025-04-15 10:19:40.433739,2025-04-15 10:20:07.308719,0 days 00:00:26.874980,0.5300533372604673,0.305276856312205,8,0.26322076375237763,0.02717744194621568,0.0040546152480039005,0.054880033371350376,0.048216802998209934,0.08604368264774437,0.0018769259689385106,20,24,0.02151362459836401,0.013907180984342456,True,True,True,1.8998701471582849e-06,COMPLETE
1712,0.41922888755798343,2025-04-15 10:20:07.880457,2025-04-15 10:20:34.468326,0 days 00:00:26.587869,0.5567638932104052,0.33730778395869676,8,0.05255081011316701,0.005355236848877289,0.0029380361667421294,0.08379422419923581,0.032565149223020694,0.08294656196260083,0.00031161479520883513,19,39,0.016253005084106566,0.030804977145520357,True,True,True,6.476121081407599e-06,COMPLETE
1713,0.45181921720504764,2025-04-15 10:20:35.015854,2025-04-15 10:21:04.197283,0 days 00:00:29.181429,0.5011936289616596,0.3150082680229405,8,0.0775731504969307,0.014882975895522711,0.0024387682438806514,0.08665927577391801,0.03742129798944473,0.08874034817713645,0.00019747115152679362,23,30,0.01437015758915335,0.0179922959546689,True,True,True,2.6129817070283574e-06,COMPLETE
1714,0.37659518718719487,2025-04-15 10:21:04.767745,2025-04-15 10:21:33.318215,0 days 00:00:28.550470,0.35038344977758995,0.39610933944789656,8,0.06579039042025374,0.022401861087095368,0.007659675073862228,0.08202247358505299,0.042259049854421776,0.0847028814090021,0.00014698324831703309,22,36,0.020201365893074155,0.0065048986045823445,True,True,True,3.835705364152028e-06,COMPLETE
1715,0.1870500683784485,2025-04-15 10:21:33.883348,2025-04-15 10:22:01.241917,0 days 00:00:27.358569,0.8520658439166431,0.35433003768529836,8,0.05626059734264327,0.009697618842711348,0.0011213414039279363,0.07679591854527844,0.02689251855358949,0.08141584455918749,0.00023184916900833528,21,26,0.017437283600717106,0.01012223488337313,True,True,True,1.8107103629553877e-06,COMPLETE
1716,0.39169266223907473,2025-04-15 10:22:01.813681,2025-04-15 10:22:28.136165,0 days 00:00:26.322484,0.5445378022689974,0.3698478779535673,8,0.04472814252076219,0.018850566844819148,0.0423304250033632,0.07866007679901578,0.03547023566823,0.0913750701617168,0.0003019129294209258,19,32,0.012990977547575567,0.02143972558971294,True,True,True,2.714442705535205e-06,COMPLETE
1717,0.505638325214386,2025-04-15 10:22:28.687986,2025-04-15 10:22:55.805424,0 days 00:00:27.117438,0.46025712290212,0.33238578245142675,8,0.07125669420831338,0.004551877529512423,0.005481333817993361,0.07607948877154723,0.030580999848421855,0.08289860338294884,0.000168365340297541,20,28,0.015033678295475965,0.014669481946072562,True,True,True,2.1240409460571857e-06,COMPLETE
1718,0.18795708417892457,2025-04-15 10:22:56.355833,2025-04-15 10:23:23.435737,0 days 00:00:27.079904,0.5199400054719296,0.3909975294214646,8,0.06736819843985867,0.027904383310630818,0.007759605058188392,0.0807631888816318,0.039459362707124516,0.08150842279747936,0.00011770180956468095,21,24,0.02328096074163982,0.007826830623615735,True,True,True,1.7817322140350568e-06,COMPLETE
1719,0.42675839662551884,2025-04-15 10:23:24.004733,2025-04-15 10:23:52.614294,0 days 00:00:28.609561,0.485571810089838,0.29481086328505185,8,0.08579628500691674,0.015369476915536091,0.004567467217790843,0.07899726358273942,0.033478416355159836,0.08687174789985284,0.00024520008455239194,22,30,0.01676858050840337,0.024965516821140645,True,True,True,4.688581944966381e-06,COMPLETE
1720,0.18795708417892457,2025-04-15 10:23:53.165559,2025-04-15 10:24:20.169993,0 days 00:00:27.004434,0.15131015731655428,0.3477547819858969,8,0.05555965521474707,0.21795432931018982,0.006423483964099809,0.0833019909518447,0.028469067547007863,0.07985897022193426,0.0001978144539065457,20,35,0.019494566840906866,0.015003230612118966,True,True,True,9.579327559997399e-06,COMPLETE
1721,0.4868224620819092,2025-04-15 10:24:20.740982,2025-04-15 10:24:47.179677,0 days 00:00:26.438695,0.5070519202070911,0.3185061339765714,8,0.009785603562390159,0.009728817387781825,0.037141335513058364,0.07601959980425352,0.031682222838649625,0.08518608992559253,0.0002945998364355768,19,22,0.012839376525396306,0.006469265602765804,True,True,True,9.613095057807993e-07,COMPLETE
1722,0.5564167618751527,2025-04-15 10:24:47.731862,2025-04-15 10:25:16.671097,0 days 00:00:28.939235,0.5561137871750007,0.3764779926353921,8,0.06083428308833199,0.02053376164098589,0.002997099105372516,0.07802289288491139,0.03735466163157989,0.047278435436241356,0.00015862224349780192,23,28,0.01573121330114494,0.019098713031402856,True,True,True,2.844640493310913e-06,COMPLETE
1723,0.5569223046302796,2025-04-15 10:25:17.245410,2025-04-15 10:25:45.151506,0 days 00:00:27.906096,0.5323036167488889,0.3971367276364014,8,0.07784479326392088,0.00012780400677377986,0.004952332005551998,0.08139969490902402,0.0355242494915402,0.0803441167410997,0.00021611989347655435,21,33,0.01809658961297476,0.034829666787169596,True,True,True,1.154594835376227e-06,COMPLETE
1724,0.3285474836826324,2025-04-15 10:25:45.703547,2025-04-15 10:26:12.813020,0 days 00:00:27.109473,0.56505310882299,0.36403437239692615,8,0.05118111555328555,0.029779694942747292,0.00795082799431542,0.07619597644835191,0.029650118177771488,0.08352027624308335,0.0003226803134815416,20,31,0.01437513899479035,0.0116258979898292,True,True,True,2.129133963895699e-08,COMPLETE
1725,0.18795708417892457,2025-04-15 10:26:13.390077,2025-04-15 10:26:38.891052,0 days 00:00:25.500975,0.9237632842993138,0.30183243594450154,8,0.07441165127969515,0.013128804357064571,0.0026560213139137576,0.07995608812552572,0.02660935856044046,0.07683091847760624,0.0002715586401057577,18,37,0.011912493957411131,0.023316277677393353,True,True,True,2.1471215329555496e-06,COMPLETE
1726,0.3976383447647095,2025-04-15 10:26:39.446762,2025-04-15 10:27:07.082349,0 days 00:00:27.635587,0.49251391756225504,0.34175626068952075,8,0.06375063718347762,0.005585642564970008,0.039447891043823534,0.0780058182086725,0.03397800983588713,0.08948452196361828,0.00023581959117387576,21,27,0.021780595258004423,0.00807004064492409,True,True,True,1.546685485237026e-06,COMPLETE
1727,0.2867292046546936,2025-04-15 10:27:07.658611,2025-04-15 10:27:36.054810,0 days 00:00:28.396199,0.5244127930189657,0.32621870474205117,8,0.09590209916966304,0.022183189761986924,0.0010561673966271927,0.08457827043663697,0.03675946958382461,0.07962116356403687,0.0001784225275910717,22,24,0.016693673366228245,0.01650285486393681,True,True,True,8.210630561961959e-07,COMPLETE
1728,0.18795708417892457,2025-04-15 10:27:36.613086,2025-04-15 10:28:03.545862,0 days 00:00:26.932776,0.5467731070455666,0.370087700503494,8,0.0442907653744947,0.04017235515859288,0.005551080405108012,0.08689377933271497,0.03140704176957842,0.08153216646349634,0.0003251976225289302,20,30,0.01253906528355265,0.006264338997774135,True,True,True,7.922808617819997e-06,COMPLETE
1729,0.3448770046234131,2025-04-15 10:28:04.103685,2025-04-15 10:29:12.263239,0 days 00:01:08.159554,0.5102506233113558,0.4010555942261789,2,0.07065942511744687,0.01522410923150041,0.007112325469213006,0.08224633770135137,0.02832012416271411,0.03686031297800917,0.00012343420386559995,19,34,0.020595169971754663,0.028483472535731705,True,True,True,3.155036419697585e-06,COMPLETE
1730,0.426286780834198,2025-04-15 10:29:12.836112,2025-04-15 10:29:40.492331,0 days 00:00:27.656219,0.6483576604176287,0.35270358451730305,8,0.05945165150567456,0.03326819468231178,0.004507296790284087,0.07556923311372454,0.033888825730878605,0.07833363537682488,0.0002592598815038831,21,27,0.014617504250229922,0.014554433062491169,True,True,True,6.435913026999475e-07,COMPLETE
1731,0.4043236494064331,2025-04-15 10:29:41.046362,2025-04-15 10:30:09.243237,0 days 00:00:28.196875,0.5377467406815292,0.29584480004602287,8,0.009547466451164256,0.009459123438819722,0.0032990163676663116,0.07851361561513967,0.03961397877351491,0.08273321184433406,0.00034548199482386415,22,22,0.018458090681163296,0.018955806932070666,True,True,True,1.2980171824416603e-06,COMPLETE
1732,0.3621345520019531,2025-04-15 10:30:09.817626,2025-04-15 10:30:37.500531,0 days 00:00:27.682905,0.4313396295510499,0.3830181382958289,8,0.08486726928044355,0.020132271280276365,0.03667906640121503,0.08056664479193847,0.03225470617541382,0.07609802119221391,0.00020217663419271214,21,31,0.01176016548675312,0.006118791192514077,True,True,True,4.102977314500853e-06,COMPLETE
1733,0.18795708417892457,2025-04-15 10:30:38.053036,2025-04-15 10:31:02.802218,0 days 00:00:24.749182,0.19823750141981789,0.9931343777116493,8,0.0511584170304959,0.026918399019557192,0.008955417006596744,0.07500337611317553,0.030136068613148645,0.08527440674108719,0.0002472069883583493,17,25,0.015058297963057065,0.011273906850412085,True,True,True,2.0181170367531145e-06,COMPLETE
1734,0.42065173387527466,2025-04-15 10:31:03.373758,2025-04-15 10:31:30.295143,0 days 00:00:26.921385,0.5663585108362029,0.3271131889816201,8,0.06894592654057607,0.004502195605512391,0.006260578255189724,0.07754894046820646,0.03583735791006999,0.07891178569833673,0.0001394922231552154,20,40,0.019588080396563946,0.023643537561486867,True,True,True,1.5401850676366493e-06,COMPLETE
1735,0.18795708417892457,2025-04-15 10:31:30.847897,2025-04-15 10:31:58.670575,0 days 00:00:27.822678,0.4920513143819357,0.34537079329720904,8,0.05762483135371743,0.015691762557131082,0.0024441054981375544,0.0757951180705423,0.02631634815602,0.08109110403233558,0.00018499965616774054,19,90,0.0175001534495658,0.0010460905905807644,True,True,True,1.0886243673621308e-06,COMPLETE
1736,0.2640431523323059,2025-04-15 10:31:59.242368,2025-04-15 10:32:28.513492,0 days 00:00:29.271124,0.519757524037078,0.38646337601581493,8,0.08075735650533053,0.048057366737345425,0.004577521615655512,0.08282725111508979,0.032825530123994744,0.08767987729399708,0.00035530698049848454,23,33,0.011008695699487406,0.01176402888735701,True,True,True,1.6880097373413588e-06,COMPLETE
1737,0.5712324857711792,2025-04-15 10:32:29.067789,2025-04-15 10:32:56.382407,0 days 00:00:27.314618,0.6280097157656945,0.36797135316419277,8,0.014967468982272115,0.011041176983653889,0.0010190910301833452,0.07806282891127143,0.03878217981745017,0.07709811747236413,0.0002858084737624279,20,28,0.013593114843158314,0.01718754757127134,True,True,True,2.5074303410080915e-06,COMPLETE
1738,0.43138310909271244,2025-04-15 10:32:56.953990,2025-04-15 10:33:24.795338,0 days 00:00:27.841348,0.5413707075829178,0.3142635867160828,8,0.06498667773137606,0.02043346875903789,0.00748271400468836,0.0794173155638138,0.04476036418116588,0.08388262690823929,0.00021997484058376493,21,37,0.01609043206699138,0.006156809385854232,True,True,True,9.20851016332676e-07,COMPLETE
