number,value,datetime_start,datetime_complete,duration,params_alpha-eval,params_alpha-train,params_batch-size,params_eps-eval,params_eps-train,params_lambda-actions-eval,params_lambda-actions-train,params_lambda-frames-eval,params_lambda-frames-train,params_learning-rate,params_n-epochs,params_n-frames,params_radius-gw,params_rho,params_std-feats,params_ub-actions,params_ub-frames,params_weight-decay,state
1680,0.5810518145561219,2025-04-13 12:02:25.639109,2025-04-13 12:02:43.837816,0 days 00:00:18.198707,0.7901372009854786,0.17625217194580997,16,0.011254182602888949,0.031483808185961686,0.02410129639158337,0.07647840272526321,0.021501388117489514,0.08063473327676723,8.769799703864376e-05,16,35,0.017575392352297086,0.019037471394206345,False,True,True,0.00039514689778765496,COMPLETE
1681,0.17368575334548952,2025-04-13 12:02:44.386096,2025-04-13 12:03:01.478642,0 days 00:00:17.092546,0.7920497400052129,0.07886715061948656,16,0.05762462545825795,0.016345679785504285,0.0287608240218738,0.07807705675142983,0.023496306037355138,0.0907642185927506,0.00011639026391904244,14,38,0.014041154876198447,0.0011623485115187307,False,True,True,2.982456500947867e-06,COMPLETE
1682,0.3789082169532776,2025-04-13 12:03:02.018271,2025-04-13 12:03:20.773576,0 days 00:00:18.755305,0.770197522798547,0.19089306991707525,16,0.020582659973201328,0.022222424428781043,0.02106642647494212,0.08065142361739053,0.03226929005737968,0.0855284392019785,6.432207076980644e-05,18,42,0.01252977957544692,0.029257921389618725,False,True,True,0.0001770919905020215,COMPLETE
1683,0.5520048260688781,2025-04-13 12:03:21.338408,2025-04-13 12:03:39.956949,0 days 00:00:18.618541,0.7530730592921929,0.11734331382293962,16,0.014181628060077042,0.015805761032870683,0.027110592465258817,0.08437263783385443,0.027085360232466583,0.07868707946843315,9.599454447156361e-05,17,35,0.016091665294024532,0.014790568714687575,False,True,True,0.00011743634399983588,COMPLETE
1684,0.33464781045913694,2025-04-13 12:03:40.506338,2025-04-13 12:03:59.259754,0 days 00:00:18.753416,0.7277083520785352,0.1458604442179767,16,0.12383083512965373,0.027288620216291838,0.023374137434854912,0.07010066384977225,0.025365652248492014,0.08823857692479224,0.00012374985898310208,19,45,0.01966117295651313,0.021672427503526208,False,True,False,3.131853416609753e-07,COMPLETE
1685,0.41719930171966557,2025-04-13 12:03:59.828176,2025-04-13 12:04:17.881102,0 days 00:00:18.052926,0.794864756589471,0.07509930092632752,16,0.005718636781594667,0.012909228481779753,0.01983044063596342,0.08111716108117194,0.024732898639523427,0.0830745590870985,7.658214342129431e-05,16,39,0.01472502748447048,0.01093915877988855,False,True,True,0.00025593822203148905,COMPLETE
1686,0.39223587512969976,2025-04-13 12:04:18.427056,2025-04-13 12:04:36.138768,0 days 00:00:17.711712,0.7758238684285431,0.09700018445752467,16,0.018457570478173056,0.020622647629188404,0.025755909418522266,0.07198205109384907,0.02782715497084047,0.09786413598712107,0.00010415698778870846,15,34,0.017545449037970312,0.032689628846870655,False,True,True,0.0004188898454282796,COMPLETE
1687,0.31980319023132325,2025-04-13 12:04:36.708652,2025-04-13 12:04:55.587503,0 days 00:00:18.878851,0.7870496119033291,0.1263677844549141,16,0.021779145261017242,0.013740976797997132,0.02802690329417017,0.07790372881509795,0.035608411907743394,0.08111911038841962,5.926345427467311e-05,17,37,0.011689016714666168,0.016826753827874616,True,False,True,0.0008528991816452984,COMPLETE
1688,0.3578134655952454,2025-04-13 12:04:56.136718,2025-04-13 12:05:19.342623,0 days 00:00:23.205905,0.8057522665284182,0.16009091512644433,16,0.012777249212488203,0.01214081552861861,0.03002375523686608,0.08605339508794607,0.022519172386817717,0.08515704159269412,8.121790284699923e-05,26,141,0.021055022573313188,0.006690189219140691,False,True,True,0.0002873709181553186,COMPLETE
1689,0.18795708417892457,2025-04-13 12:05:19.886924,2025-04-13 12:05:38.365811,0 days 00:00:18.478887,0.759015883419143,0.07561478925904343,16,0.006920606500731683,0.29451352657271423,0.023152297669699496,0.08261243582724412,0.02341208888648311,0.0869596283070011,0.006395580834033952,18,40,0.018575832020305452,0.026424277800913477,False,True,True,0.0009816197060912625,COMPLETE
1690,0.18795708417892457,2025-04-13 12:05:38.937117,2025-04-13 12:05:56.737619,0 days 00:00:17.800502,0.808470601541883,0.10621568922435518,16,0.15234411393873465,0.018454983283936452,0.01803092643344834,0.03234544340521815,0.02787335486049849,0.0838230127861746,0.00012394845402799006,16,32,0.016197585292552996,0.019642857995075435,False,True,True,0.00021433931119462643,COMPLETE
1691,0.43471336364746094,2025-04-13 12:05:57.287513,2025-04-13 12:06:15.850312,0 days 00:00:18.562799,0.8850608982181978,0.13371481143369252,16,0.01871051938218012,0.034862134104768266,0.02901548534123604,0.0756788248225945,0.03407884439864986,0.09164456612271393,9.706324358060416e-05,17,35,0.01371303217831843,0.012070740330863434,False,True,True,0.0003396388885301131,COMPLETE
1692,0.3930971622467041,2025-04-13 12:06:16.423259,2025-04-13 12:06:35.446080,0 days 00:00:19.022821,0.7115026101728751,0.08528468824968884,16,0.021955105197876856,0.013549064466932485,0.021346377541260668,0.07893321122380353,0.038177756046988386,0.08156621179431027,6.994164938413445e-05,19,33,0.017363958424903438,0.032080811458608166,False,True,True,0.000618681266713017,COMPLETE
1693,0.19545115232467652,2025-04-13 12:06:35.998412,2025-04-13 12:06:54.735351,0 days 00:00:18.736939,0.7852828377778783,0.18151930163418653,16,0.013761865342300077,0.02290223178605168,0.025800358368250603,0.018568063014385586,0.036099307761539974,0.08973490971597942,0.00010848944897116645,18,38,0.01978535484330486,0.02308172748093342,False,True,True,0.0001564695533245906,COMPLETE
1694,0.37088909149169924,2025-04-13 12:06:55.308901,2025-04-13 12:07:13.258462,0 days 00:00:17.949561,0.7404261919857977,0.2065687141763838,16,0.0075010547419679975,0.010789485145829846,0.016459628044916512,0.07374545762657814,0.031324387941298874,0.07793169895368462,8.745292309266688e-05,16,42,0.043746884455645535,0.006681284688234599,False,True,True,0.00045485894458560986,COMPLETE
1695,0.18795708417892457,2025-04-13 12:07:13.810261,2025-04-13 12:07:31.924262,0 days 00:00:18.114001,0.805946925037025,0.11139879283606298,16,0.022399748549972263,0.21274325616829676,0.02981038921243436,0.08017517494390011,0.038767195793894496,0.08596185867128087,0.00013132214267216584,17,35,0.0153869773052134,0.01564648804950569,False,True,True,0.00023338338274193264,COMPLETE
1696,0.39428133964538575,2025-04-13 12:07:32.499206,2025-04-13 12:07:50.013653,0 days 00:00:17.514447,0.7679755441714251,0.4240306975487944,16,0.012187378837599145,0.025828394220536725,0.0198994175879254,0.0829061405831643,0.03674721078519347,0.08284839532425534,5.0924813976246346e-05,15,31,0.011948043007937142,0.011249740732053287,False,True,True,0.0003188262718079005,COMPLETE
1697,0.18795708417892457,2025-04-13 12:07:50.570280,2025-04-13 12:08:09.282809,0 days 00:00:18.712529,0.8762123561770284,0.1547909467754495,16,0.01733722708403976,0.2711739005442492,0.027268275747574542,0.07691509797606147,0.03353380369761701,0.08780667835940244,0.00010222250680054729,18,38,0.022194864662001122,0.0248898509412198,False,True,True,0.0001411904364858361,COMPLETE
1698,0.18795708417892457,2025-04-13 12:08:09.854761,2025-04-13 12:08:27.680495,0 days 00:00:17.825734,0.8004800781181308,0.07525431751573818,16,0.11605837995784443,0.012081442138966614,0.02189302800877086,0.08428256841806477,0.039941429848776015,0.0797234869351034,7.107793228896755e-05,16,33,0.014493674959961964,0.018700774937377734,False,True,True,0.00018955675815836344,COMPLETE
1699,0.18795708417892457,2025-04-13 12:08:28.237140,2025-04-13 12:08:47.423599,0 days 00:00:19.186459,0.931179726231998,0.12916362640133994,16,0.024025881684704757,0.01835356058355036,0.018384825141584113,0.08129246437046954,0.02323672768559886,0.08390748876225416,0.00012845940582732876,20,41,0.017483152368520844,0.005802857306820203,False,True,True,0.0004923980693783826,COMPLETE
1700,0.5025520563125611,2025-04-13 12:08:47.975217,2025-04-13 12:09:06.996306,0 days 00:00:19.021089,0.7572478683971826,0.0958658642281532,16,0.006834072655449323,0.010880237370331395,0.09673328017764253,0.07483494011179069,0.025390494708158524,0.07378747166840462,8.507495317632885e-05,19,58,0.020258425800957304,0.03274432292762593,False,True,True,0.0003489247295097763,COMPLETE
1701,0.2799780130386353,2025-04-13 12:09:07.568192,2025-04-13 12:09:26.039052,0 days 00:00:18.470860,0.9037758675296897,0.07440238367535137,16,0.01667635804532469,0.020917011164697942,0.024611684852275398,0.07886100477751015,0.038042546212761326,0.07636545986039923,0.00010549520312449535,17,47,0.011032336557515392,0.012168915489975306,False,True,True,0.0002563365330010918,COMPLETE
1702,0.18795708417892457,2025-04-13 12:09:26.612103,2025-04-13 12:09:44.191832,0 days 00:00:17.579729,0.8162961930208082,0.09692719983716777,16,0.25375812040901474,0.10207323450075906,0.02946150183323763,0.08584001629352604,0.03968966622494482,0.08571942509211701,0.0001456092993225676,15,35,0.013435488223653117,0.026381554611456214,False,True,True,0.00010869385041134041,COMPLETE
1703,0.3412761092185974,2025-04-13 12:09:44.768625,2025-04-13 12:10:02.761586,0 days 00:00:17.992961,0.7899062508226026,0.1676242279993521,16,0.013233882083119309,0.010951792653593482,0.015147595470361309,0.07600754982387134,0.03715095846779631,0.08153132854975581,8.40368887116425e-05,16,31,0.016164615887227916,0.017435187414309154,False,True,False,0.00018455973031928207,COMPLETE
1704,0.32877908945083617,2025-04-13 12:10:03.317132,2025-04-13 12:10:22.055859,0 days 00:00:18.738727,0.8653368749394604,0.1400023253073961,16,0.02369863031139792,0.016354444990670413,0.023518326138547013,0.08001903107443485,0.035031949288159836,0.09516200428362968,0.00011721828974435077,18,37,0.018505782616580067,0.022224524584017982,False,True,True,0.0003980514333103452,COMPLETE
1705,0.42106356620788576,2025-04-13 12:10:22.636435,2025-04-13 12:10:40.993048,0 days 00:00:18.356613,0.7765436202249764,0.11144930142225148,16,0.01887556394320403,0.030074213444764013,0.027525910392145705,0.08227998424286428,0.027950174214436855,0.08973876313180364,6.304210314077059e-05,17,40,0.015450663188925327,0.006022555267497563,False,True,True,0.0006756160507143746,COMPLETE
1706,0.3943668603897095,2025-04-13 12:10:41.551503,2025-04-13 12:10:59.457110,0 days 00:00:17.905607,0.7449439141848482,0.07143173091976472,16,0.01050387886365233,0.010162554482547945,0.01722407794503208,0.0728076155784796,0.03980275793687925,0.09260522927458949,9.687388874126051e-05,16,35,0.02364771571893423,0.015006468724765708,False,False,True,0.00028313668325932143,COMPLETE
1707,0.18795708417892457,2025-04-13 12:11:00.011771,2025-04-13 12:11:19.089152,0 days 00:00:19.077381,0.8447801714186519,0.11941807894722825,16,0.08412819492918752,0.01544339993604201,0.019833022490365386,0.07760130451474016,0.03789926215419947,0.08442897383373973,0.0001186108652619415,18,44,0.012420942122313802,0.030253747605489423,True,True,True,0.00021674431379121453,COMPLETE
1708,0.33859066963195805,2025-04-13 12:11:19.668388,2025-04-13 12:11:38.788739,0 days 00:00:19.120351,0.819362266315788,0.08576658101682229,16,0.005293375413175261,0.009235135980936416,0.030719631090479753,0.0837752829094399,0.040943675246890035,0.08754867360938205,0.00014466679017673757,19,31,0.018800007936027596,0.009646978496981772,False,True,True,0.0005669326087450027,COMPLETE
1709,0.41814826726913457,2025-04-13 12:11:39.337336,2025-04-13 12:11:57.966819,0 days 00:00:18.629483,0.8014744196783065,0.47445752280771336,16,0.026382162446855047,0.02295396812837743,0.022581066215483125,0.07985710715909855,0.033349995801402466,0.07912127956002461,7.852649623272207e-05,17,38,0.021033583542711527,0.01992284811387282,False,True,True,0.00015671457474300389,COMPLETE
1710,0.17924777865409852,2025-04-13 12:11:58.554304,2025-04-13 12:12:16.232137,0 days 00:00:17.677833,0.7729326424451324,0.18446099257765922,16,0.05173218617341273,0.005506227173453706,0.025014172956264537,0.08586065673487503,0.03682246856891977,0.0821482900352864,5.7990835448090034e-05,15,33,0.01724485578962853,0.0012275916125299192,False,True,True,0.00032569423670599017,COMPLETE
1711,0.18698784708976746,2025-04-13 12:12:16.787958,2025-04-13 12:12:35.676060,0 days 00:00:18.888102,0.7320791274818103,0.14618169011181564,16,0.01899740247236175,0.0551388810606932,0.028401314738991816,0.0774681904969213,0.04079583249984797,0.08637134803485651,9.629828024779663e-05,18,36,0.014147946450322493,0.0010997500914163502,False,True,True,0.00025311987779343944,COMPLETE
1712,0.32627836465835575,2025-04-13 12:12:36.260300,2025-04-13 12:12:54.168815,0 days 00:00:17.908515,0.8612132580735419,0.060087261884031865,16,0.02534697391913983,0.018075945096453442,0.0267892369583728,0.07540427860236967,0.029067492729207917,0.08078069269544182,7.079739291879692e-05,16,30,0.01584920629289169,0.026177650391054724,False,True,True,0.0004325565270536937,COMPLETE
1713,0.4143159031867981,2025-04-13 12:12:54.723171,2025-04-13 12:13:13.280258,0 days 00:00:18.557087,0.8232407674816882,0.10465151360462606,16,0.014117427283929285,0.009860049009958571,0.01254960741435042,0.08128154800097048,0.03892064145662678,0.08421882163298605,0.0001256213798488823,17,40,0.01950857442078741,0.015171185501588478,False,True,True,0.00019887212666237758,COMPLETE
1714,0.4951663970947266,2025-04-13 12:13:13.861857,2025-04-13 12:13:33.193825,0 days 00:00:19.331968,0.7929394402680183,0.30098648373198233,16,0.006145861304948852,0.027544343776062758,0.030056999073081313,0.07870784911309986,0.03547856865937682,0.08823178151112387,9.92521084440841e-05,19,33,0.012756761234823468,0.03475484836741597,False,True,True,1.969643807251604e-06,COMPLETE
1715,0.49703469276428225,2025-04-13 12:13:33.752200,2025-04-13 12:13:52.955937,0 days 00:00:19.203737,0.8405037382074967,0.08567990948262702,16,0.030511007414784387,0.014620371410705718,0.015841899925287395,0.07067968318248163,0.04088704548641795,0.07793231543839464,0.00014691659926385173,20,37,0.046335682125977565,0.010817356281124936,False,True,True,0.00012787928302056202,COMPLETE
1716,0.18795708417892457,2025-04-13 12:13:53.545191,2025-04-13 12:14:11.338872,0 days 00:00:17.793681,0.8893464596926051,0.06541229026976661,16,0.06701695288086867,0.005318239803274929,0.02047426455075279,0.08238634230707055,0.0313739074600906,0.0906256406955039,8.631429634054184e-05,16,34,0.010517995608856759,0.02139173689343021,False,True,True,0.0003220756543798675,COMPLETE
1717,0.36748919486999515,2025-04-13 12:14:11.899081,2025-04-13 12:14:30.731795,0 days 00:00:18.832714,0.8109085361765966,0.16489995540999947,16,0.018600089154039882,0.019899025425826514,0.02591220114666871,0.07364177858116716,0.038774939955937886,0.08307692675301662,0.0001165823070929449,18,44,0.017706612034805096,0.015898335014807155,False,True,True,0.00024120106430126377,COMPLETE
1718,0.3929952383041382,2025-04-13 12:14:31.289506,2025-04-13 12:14:49.478001,0 days 00:00:18.188495,0.7675394818865693,0.09634950593383955,16,0.01158999472913144,0.0051691675932381,0.022497567247866643,0.07684332890197035,0.03565389779583958,0.0853279089416756,7.598236580349404e-05,17,29,0.02174266950476938,0.02629145193919029,False,True,True,0.0004988517621784369,COMPLETE
1719,0.18795708417892457,2025-04-13 12:14:50.054871,2025-04-13 12:15:07.583855,0 days 00:00:17.528984,0.8554460257625087,0.12446088938040525,16,0.04492442753118218,0.013587449912117508,0.03046961105816165,0.08440390342233949,0.04197124557768285,0.08044367241483112,0.00010754021390753955,15,40,0.01443096883734264,0.009502290464741985,False,True,True,0.00040225747246147017,COMPLETE
1720,0.42640917301177983,2025-04-13 12:15:08.146884,2025-04-13 12:15:25.484866,0 days 00:00:17.337982,0.7505064435276645,0.1488384258526627,16,0.023706990116465692,0.009575228280243962,0.018694236276129365,0.07977528216201922,0.03712014869744916,0.08688807820395031,0.029111542305748646,14,36,0.016724442768410393,0.02167668946008856,False,True,True,0.00017191356052712354,COMPLETE
1721,0.18922027349472048,2025-04-13 12:15:26.063563,2025-04-13 12:15:45.066495,0 days 00:00:19.002932,0.8764682962448251,0.20432078220177163,16,0.17997082218287958,0.018820489816954715,0.024591964538844675,0.07491743451834042,0.03309042942890763,0.08413379841682855,0.001607844536024547,19,31,0.02327395223127338,0.03443566580544441,False,True,True,7.645033404071282e-05,COMPLETE
1722,0.33973642587661745,2025-04-13 12:15:45.625795,2025-04-13 12:16:03.384030,0 days 00:00:17.758235,0.7867120182414422,0.07081532878874126,16,0.036637715854990406,0.005761574545312278,0.029231410698708042,0.08222253105730662,0.020698027955140735,0.08223703861923667,0.0001477541148237521,16,42,0.01913321846719592,0.01509423477091449,False,True,False,0.00027431809342729494,COMPLETE
1723,0.6008226275444031,2025-04-13 12:16:03.982947,2025-04-13 12:16:22.534253,0 days 00:00:18.551306,0.711590900769176,0.13289578423971035,16,0.016718994596868767,0.02456465894584865,0.01703480033209666,0.07836539417247207,0.03936609118043889,0.08912532821806275,8.959983933723754e-05,17,38,0.01259269783241737,0.02811255687431814,False,True,True,0.00035337496601281303,COMPLETE
1724,0.5431632161140442,2025-04-13 12:16:23.102434,2025-04-13 12:16:42.028839,0 days 00:00:18.926405,0.8281352025297971,0.11054911528870573,16,0.028168334764028448,0.013976023370284129,0.031547006634631586,0.0859571069695615,0.041592137115061614,0.07953383609925385,6.455160172456121e-05,18,33,0.015399523749157982,0.006326187376835909,False,True,True,0.0002170589344994136,COMPLETE
1725,0.3702539443969727,2025-04-13 12:16:42.613713,2025-04-13 12:17:00.642002,0 days 00:00:18.028289,0.9136474382713053,0.060818867316569325,16,0.0065833768223830195,0.036114616802116875,0.013870210104594216,0.08024826043675179,0.037704695967075805,0.07601771982623827,0.00012269366938506907,16,35,0.02063275655750465,0.019704010010959533,False,False,True,0.0007629020529030843,COMPLETE
1726,0.18795708417892457,2025-04-13 12:17:01.209571,2025-04-13 12:17:19.410164,0 days 00:00:18.200593,0.8108212345624322,0.08368066149552086,16,0.022260705857626323,0.19145831434634575,0.027479522937913423,0.07703032870271434,0.04002704734651219,0.08584852362299152,5.4432768008122054e-05,17,29,0.011150661186782759,0.011431203795030449,False,True,True,0.00013947148877813703,COMPLETE
1727,0.16192660927772523,2025-04-13 12:17:19.996599,2025-04-13 12:17:39.742475,0 days 00:00:19.745876,0.8411255582773229,0.17092147649783926,16,0.03986780065156641,0.0055348438019689715,0.02213525955854728,0.08386120121119775,0.026277056536236233,0.08271001363558318,0.00010106732008499147,19,48,0.017477118928974793,0.023640850317206547,True,True,True,0.0005637001228039706,COMPLETE
1728,0.18791107535362245,2025-04-13 12:17:40.304735,2025-04-13 12:17:59.273661,0 days 00:00:18.968926,0.7941537461684951,0.11975677683502968,16,0.012729699615521301,0.12119546687249416,0.018658794673675372,0.07287389137509331,0.04235207774827273,0.08770208717537888,7.904442338262727e-05,18,84,0.015146968117059203,0.0011378748908490548,False,True,True,0.0002905524555807053,COMPLETE
1729,0.18795708417892457,2025-04-13 12:17:59.833920,2025-04-13 12:18:17.374703,0 days 00:00:17.540783,0.7608939963532206,0.0955871705800965,16,0.02741409931022629,0.1526514915862487,0.03150491506884349,0.08134251991456876,0.034163414490049455,0.09267840445549408,0.00014255504726183623,15,38,0.013125338256127824,0.017102075373063262,False,True,True,0.00041642875911898717,COMPLETE
1730,0.6052287459373474,2025-04-13 12:18:17.952268,2025-04-13 12:18:35.999640,0 days 00:00:18.047372,0.8620516438314464,0.14984803755297138,16,0.01902123204861554,0.010272627307599903,0.024317869507579047,0.07490185963683225,0.022522138789382532,0.08072551875318258,0.00011122961453585416,16,32,0.01905390621943155,0.010738687651425306,False,True,True,0.0002169207698412496,COMPLETE
1731,0.39820538759231566,2025-04-13 12:18:36.559492,2025-04-13 12:18:54.897429,0 days 00:00:18.337937,0.8955518605088123,0.1176921773093612,16,0.017097530978990715,0.02750487478435889,0.02510091398132991,0.06933856298573075,0.021774340839418233,0.08371963422057431,0.00012438317975581564,17,41,0.016500323626949906,0.028601318224791346,False,True,True,0.00017245198983615413,COMPLETE
1732,0.597798752784729,2025-04-13 12:18:55.478349,2025-04-13 12:19:14.493035,0 days 00:00:19.014686,0.8914691452808617,0.14076298350581568,16,0.012304935406129435,0.020316580916953073,0.025765709619138072,0.07195398653842693,0.022237422737480538,0.0816752459001559,0.00012907032880144146,18,36,0.014054107323354485,0.034459352809791316,False,True,True,0.00011617929993765784,COMPLETE
1733,0.5127728700637818,2025-04-13 12:19:15.054467,2025-04-13 12:19:37.072719,0 days 00:00:22.018252,0.865119688862914,0.11700165897169433,16,0.005913909363893213,0.021404346848250173,0.02386355831009367,0.07546180458129696,0.023066305583282168,0.08551455419216945,0.0011737630141835603,27,34,0.01830484162832443,0.020959238563155166,False,True,True,0.00019543270684394099,COMPLETE
1734,0.3201685070991516,2025-04-13 12:19:37.651803,2025-04-13 12:19:57.052044,0 days 00:00:19.400241,0.8809536591342897,0.12844717695739327,16,0.017600334542192543,0.01682873875228375,0.027586849835501075,0.07339813330652646,0.020035383096287343,0.08412187421828768,0.0001537297790625865,20,28,0.016147686741554874,0.016206168171181562,False,True,True,0.00016402256637958917,COMPLETE
1735,0.2603139281272888,2025-04-13 12:19:57.613462,2025-04-13 12:20:15.009314,0 days 00:00:17.395852,0.9044749534582482,0.13997150729486035,16,0.013600754837535037,0.03204717047777786,0.02561884611750299,0.03769609136890269,0.020822104547915943,0.08967066336201879,0.00011294473131342908,15,39,0.08769397422208386,0.02647844473369739,False,True,True,0.00021665852140591752,COMPLETE
