number,value,datetime_start,datetime_complete,duration,params_alpha-eval,params_alpha-train,params_batch-size,params_eps-eval,params_eps-train,params_lambda-actions-eval,params_lambda-actions-train,params_lambda-frames-eval,params_lambda-frames-train,params_learning-rate,params_n-epochs,params_n-frames,params_radius-gw,params_rho,params_std-feats,params_ub-actions,params_ub-frames,params_weight-decay,state
560,0.5250239253044129,2025-04-13 05:19:01.869177,2025-04-13 05:19:23.362530,0 days 00:00:21.493353,0.780768128998695,0.08300123959419117,8,0.03792875587046922,0.00018767948787820458,0.004401420433802535,0.08621208620468944,0.0028784650343639797,0.05102011018749363,0.00016360172680743727,13,17,0.012395806917744032,0.22427233647966893,False,True,True,0.0002816879290976555,COMPLETE
561,0.5651514291763307,2025-04-13 05:19:23.541161,2025-04-13 05:19:45.789505,0 days 00:00:22.248344,0.7702415874346155,0.09173516616724384,8,0.0318258398576163,0.010936808582816891,0.0012846944727558864,0.08967584821990521,0.004111197540241335,0.04698680148397398,0.00013521913329468473,14,22,0.005437980813092832,0.22928386253784883,False,True,True,0.0001635060166704081,COMPLETE
562,0.3171246230602265,2025-04-13 05:19:45.968423,2025-04-13 05:20:08.594561,0 days 00:00:22.626138,0.7954654471705116,0.05813141970922259,8,0.03093633958338529,0.010383207415317772,0.0027381756515393713,0.0897250837199778,0.0031057330655279167,0.04804032061227884,0.0001265158462847599,14,24,0.0059960188146638786,0.2305011818897416,False,True,True,0.00018835717137400063,COMPLETE
563,0.5477679014205933,2025-04-13 05:20:08.786584,2025-04-13 05:20:31.906259,0 days 00:00:23.119675,0.7686212257169911,0.055997612738916354,8,0.026231173932169373,0.007239922118267655,0.0029251127840844385,0.08707674860916033,0.0043400539646895955,0.04403809610041743,9.801595923384003e-05,15,16,0.006019347950365298,0.22558767964041568,False,True,True,0.00011169052658785279,COMPLETE
564,0.4657184720039368,2025-04-13 05:20:32.082201,2025-04-13 05:20:54.647066,0 days 00:00:22.564865,0.7695999118721409,0.04502924304521319,8,0.025855011146373404,0.00011721770592527242,0.0013869197807386806,0.09208602653594467,0.0010724703127434965,0.04414471119403519,9.036492984678334e-05,14,20,0.0059054123496466784,0.22667020938139631,False,True,True,0.0001274041819147213,COMPLETE
565,0.3866231441497803,2025-04-13 05:20:54.835338,2025-04-13 05:21:18.104464,0 days 00:00:23.269126,0.8155529387075322,0.06110564048307913,8,0.023822005686849036,0.007159912856863045,0.0010571553289146654,0.08662854329354794,0.004516352126617971,0.04486139851164632,0.00011429783247894601,15,28,0.007429619539142308,0.23494161349809406,False,True,True,0.00015322677379530112,COMPLETE
566,0.37930458784103394,2025-04-13 05:21:18.284065,2025-04-13 05:21:40.882483,0 days 00:00:22.598418,0.7693234576838811,0.04803960294200406,8,0.03181919018080544,0.012916148879955316,0.003742751667194167,0.0878034564855874,0.0010120873650997543,0.0474562632883524,6.144186030465669e-05,14,17,0.0056992272072319255,0.23013579257793573,False,True,True,0.00010661501221089464,COMPLETE
567,0.5650983929634095,2025-04-13 05:21:41.074500,2025-04-13 05:22:04.135158,0 days 00:00:23.060658,0.7518413113004314,0.07968198351370023,8,0.03227306433635778,0.008546929398307942,0.0012563553286373808,0.08980166464476524,0.004231916593767759,0.04628994165526211,9.618240948654315e-05,15,22,0.008235098223130604,0.22309881367890985,False,True,True,0.00022199780680404166,COMPLETE
568,0.44281632900238044,2025-04-13 05:22:04.315101,2025-04-13 05:22:27.505609,0 days 00:00:23.190508,0.7865820311163644,0.0670374192466198,8,0.02028541412724745,0.012220100728069727,0.0010533586670064753,0.09267017262674522,0.004350752155873991,0.05039509376389218,8.067556832112459e-05,15,31,0.006492753068205598,0.2364702722245068,False,True,True,0.00025823824571365406,COMPLETE
569,0.36775678396224976,2025-04-13 05:22:27.699291,2025-04-13 05:22:50.766484,0 days 00:00:23.067193,0.7987542971277856,0.0849311613187457,8,0.0347106899126877,0.00679912899215344,0.002908010804732428,0.0905956972247777,0.00568978090189873,0.046151188383119025,9.11755479669154e-05,15,26,0.009574280840104659,0.2187007268593251,False,True,True,0.00019506797149587267,COMPLETE
570,0.31421217918395994,2025-04-13 05:22:50.946200,2025-04-13 05:23:13.291480,0 days 00:00:22.345280,0.7494863100094593,0.04300181258038738,8,0.023089800959700514,0.010890315953358511,0.0013127094510765364,0.0891086972427029,0.0028539938901022614,0.05247055340127874,0.00010203256223345153,14,23,0.008405124080525335,0.22747755756806548,False,True,True,0.00024034023945069757,COMPLETE
571,0.3458456635475159,2025-04-13 05:23:13.471425,2025-04-13 05:23:36.599726,0 days 00:00:23.128301,0.7684578292476916,0.03102833741784206,8,0.03207701647356016,0.01356767223294214,0.002800432120624429,0.08802698659263483,0.005330315295636779,0.048387551923871876,7.308423981362921e-05,15,24,0.003171243421058366,0.23181060517597518,False,True,True,0.0003707618367662119,COMPLETE
572,0.37461007833480836,2025-04-13 05:23:36.791601,2025-04-13 05:23:59.265952,0 days 00:00:22.474351,0.8263178380294245,0.06626594825539371,8,0.02669927081331171,0.0001423679386004527,0.0010516588298246008,0.08448752600079533,0.002829416873201785,0.04152903486496687,0.0001313966483113466,14,21,0.0030394813241715326,0.22439730597019264,False,True,True,0.0001543975680467706,COMPLETE
573,0.583372437953949,2025-04-13 05:23:59.446633,2025-04-13 05:24:23.380163,0 days 00:00:23.933530,0.7858639992567914,0.08822153274441469,8,0.03870142683123284,0.0063137685524992425,0.004617875543619437,0.08924760873077818,0.005746843565083686,0.04601674038372855,0.00010438546822638014,16,28,0.004327342362302399,0.23728234192864267,False,True,True,0.000215763667247025,COMPLETE
574,0.40342416763305666,2025-04-13 05:24:23.573962,2025-04-13 05:24:47.630581,0 days 00:00:24.056619,0.8074351681220827,0.08343413496913941,8,0.03652628264334376,0.012791575316331422,0.00467516014998852,0.0908030032026176,0.006390686286565619,0.04633079237431875,9.228635454278271e-05,16,29,0.004200253464370132,0.23112596555711984,True,True,True,0.000325943233411152,COMPLETE
575,0.1976632297039032,2025-04-13 05:24:47.811714,2025-04-13 05:25:11.614091,0 days 00:00:23.802377,0.8543474988638603,0.09782281798530769,8,0.039538252188014704,0.00722284454294883,0.0027041137873724855,0.08882063323160522,0.0060227061832145755,0.04961984745781932,0.00010713687756121705,16,26,0.004034222039780259,0.22007807093134268,False,True,True,0.00020322175090011562,COMPLETE
576,0.33580906987190245,2025-04-13 05:25:11.806968,2025-04-13 05:25:35.255843,0 days 00:00:23.448875,0.7913780899638856,0.06761485498073024,8,0.038498808939376156,0.014157692077617435,0.005406601998072486,0.08680586047744228,0.0026439223603261937,0.04307746648204506,0.00011909957309966688,15,23,0.008878717607677599,0.22507534125151984,False,True,True,0.00023850479526933108,COMPLETE
577,0.4471542358398438,2025-04-13 05:25:35.438745,2025-04-13 05:25:58.096697,0 days 00:00:22.657952,0.7796588137661953,0.0771826913871661,8,0.03201528722448725,0.006474418078973397,0.002923539757424555,0.09208125929419522,0.007176084362536451,0.04651928791685195,8.397615035614366e-05,14,34,0.0017715530135164713,0.23702904982844045,False,True,True,0.00016701530387400496,COMPLETE
578,0.428557288646698,2025-04-13 05:25:58.290001,2025-04-13 05:26:22.402996,0 days 00:00:24.112995,0.8247498919872353,0.08764670957834134,8,0.026190007790715973,0.006987612199848377,0.005313940550568929,0.09398076592453064,0.0049377038087752845,0.04847957185628923,0.00014298278804504227,16,43,0.0012536802711084092,0.21879275684087607,False,True,True,0.0001160554554562693,COMPLETE
579,0.18795708417892457,2025-04-13 05:26:22.584775,2025-04-13 05:26:46.164748,0 days 00:00:23.579973,0.804901171890136,0.034670111295055636,8,0.040455840245077174,0.2090422761850519,0.0027779499190066018,0.08931250670325055,0.0010389233020916934,0.041755890716303555,0.00012230357123961853,16,25,0.006975917886112908,0.2302697300515126,False,True,True,0.0003165464161948056,COMPLETE
580,0.46410107612609863,2025-04-13 05:26:46.361856,2025-04-13 05:27:09.695004,0 days 00:00:23.333148,0.7698393511429884,0.09636061121737942,8,0.033684242217936096,0.01314622823647442,0.0011448617060001848,0.08430435429602248,0.004343974882489255,0.044692274945606555,9.972250997345163e-05,15,29,0.005615632015779906,0.23630195564691053,False,True,True,0.00018394291264751153,COMPLETE
581,0.35779873132705686,2025-04-13 05:27:09.877310,2025-04-13 05:27:26.663223,0 days 00:00:16.785913,0.7889096535361664,0.06300904477961564,16,0.024028784245604378,0.006113037394567045,0.0050200276788254184,0.08684455610865106,0.007522220132606024,0.05083756635033208,6.038339809929343e-05,13,21,0.01138172696634074,0.21619147294856722,False,True,True,0.00013893267178297956,COMPLETE
582,0.5604681015014649,2025-04-13 05:27:26.860217,2025-04-13 05:27:49.334053,0 days 00:00:22.473836,0.7593735186822768,0.011475482802588054,8,0.029608332396457007,0.013946900775239478,0.0037026666254420925,0.08975834842617918,0.0010152206477994736,0.04805982201903003,0.00016556768456344815,14,22,0.009611837833260117,0.22372201944277764,False,True,True,0.00026038715120481137,COMPLETE
583,0.43349909782409674,2025-04-13 05:27:49.518272,2025-04-13 05:28:11.873674,0 days 00:00:22.355402,0.7581558804429345,0.029667217764759345,8,0.03989341068821596,0.013446124203958342,0.0011245240071326044,0.09025116694702538,0.0010515143271793122,0.05431474615318473,0.00015008761532035467,14,26,0.010184363207599603,0.2242302359264109,False,True,True,0.0004167846517423867,COMPLETE
584,0.37983238697052,2025-04-13 05:28:12.059277,2025-04-13 05:28:35.137144,0 days 00:00:23.077867,0.7823331985511557,0.030389573507149492,8,0.03262481290298711,0.005868068346317001,0.003438027820638015,0.0874938877616598,0.0027255244981870676,0.04719855697070682,0.00017558594211065944,15,24,0.00790555050984865,0.21670432622184788,False,True,True,0.00024181667227354687,COMPLETE
585,0.35832337141036985,2025-04-13 05:28:35.332250,2025-04-13 05:28:56.984459,0 days 00:00:21.652209,0.8289419789881474,0.013470758977560456,8,0.02973852225569378,0.012063632196938335,0.0010248539936075314,0.08525054182375694,0.004824523197032018,0.0501001116080501,4.589994083814295e-05,13,22,0.011051558183129641,0.22571582404818852,False,True,True,0.0002948881651520853,COMPLETE
586,0.43131461143493655,2025-04-13 05:28:57.166531,2025-04-13 05:29:20.327143,0 days 00:00:23.160612,0.8099568403511278,0.014720397590407363,8,0.04153000347353881,0.006385787168672073,0.00497964211504563,0.09265852071383454,0.002941025640178556,0.04625318560446935,0.00010541659740832583,15,49,0.013690512687850927,0.2292505310015645,False,True,True,0.00017768660764474234,COMPLETE
587,0.5556853294372559,2025-04-13 05:29:20.522958,2025-04-13 05:29:42.808607,0 days 00:00:22.285649,0.7661890384848146,0.05199121969954758,8,0.019266578617553397,0.013254307230163308,0.003091604762675779,0.09003947336199974,0.005769837200350733,0.05208968325145675,0.000132586577590534,14,19,0.008770553516514531,0.21933104980887178,False,True,True,0.0002290138299993206,COMPLETE
588,0.3946801543235779,2025-04-13 05:29:42.995377,2025-04-13 05:30:05.714645,0 days 00:00:22.719268,0.780486983091039,0.05317952785940127,8,0.019701417517848666,0.015648069391458054,0.0028573990368815933,0.09014447135214504,0.0030718008643357687,0.05256700345845934,0.0001248246475798959,14,78,0.009197812413140197,0.22009957752076661,False,True,True,0.0002557653847537798,COMPLETE
589,0.5860934376716614,2025-04-13 05:30:05.910499,2025-04-13 05:30:27.666904,0 days 00:00:21.756405,0.801671945126277,0.047381054061098944,8,0.03679337435875657,0.01553751984203891,0.003596179615297576,0.08908280347737484,0.005411001537223184,0.055982700395178456,0.00014516265785652403,13,28,0.005200966910898285,0.21495308162202367,False,True,True,0.0002034228117155872,COMPLETE
590,0.43872914314270023,2025-04-13 05:30:27.853030,2025-04-13 05:30:50.521943,0 days 00:00:22.668913,0.8188383897064885,0.011305577775711319,8,0.03834023610634523,0.016151854326669414,0.003482853829069597,0.09233499241557243,0.008421277944757125,0.05683297274179137,7.70767005405174e-05,14,31,0.008026848618659488,0.21836588291320588,False,True,True,0.0002164144290226108,COMPLETE
591,0.5751137375831604,2025-04-13 05:30:50.720228,2025-04-13 05:31:13.301499,0 days 00:00:22.581271,0.7989548772345303,0.04933381249820393,8,0.035453297249697015,0.017166354807253797,0.0050432796908629896,0.08921447356145859,0.005687792549523207,0.06256435408393259,0.00014082517930597314,14,30,0.006243160381230678,0.2146830551715177,False,True,True,0.0003154875214401864,COMPLETE
592,0.19338545203208923,2025-04-13 05:31:13.490099,2025-04-13 05:31:35.307565,0 days 00:00:21.817466,0.8446051331351792,0.04641636175965456,8,0.042356437714306035,0.01653074744109645,0.00476522534915683,0.09415295825148143,0.007922404229746929,0.05663739215437477,0.00013162163387550783,13,29,0.0036617188914585975,0.21370805282119154,False,True,True,0.00041481944694749385,COMPLETE
593,0.18485491275787355,2025-04-13 05:31:35.507534,2025-04-13 05:31:58.723686,0 days 00:00:23.216152,0.8675047744605269,0.03757048029952533,8,0.03614138078799697,0.016876995737965736,0.005539334442319974,0.08953701553694067,0.006081108617347504,0.0527711846921967,0.00010552576496365686,15,33,0.005457787079275316,0.21566484294929084,True,True,True,0.00030034488345771277,COMPLETE
594,0.42750761508941654,2025-04-13 05:31:58.913212,2025-04-13 05:32:21.273271,0 days 00:00:22.360059,0.805611559374942,0.06894879846844054,8,0.04170046824184368,0.01619186650652725,0.0010402917069600307,0.09093513455773501,0.008452116398720315,0.05818308015051442,0.0001396672433345927,14,32,0.006209962592200545,0.22039321221214658,False,True,True,0.0003723541271021506,COMPLETE
595,0.44346584081649787,2025-04-13 05:32:21.474163,2025-04-13 05:32:44.438736,0 days 00:00:22.964573,0.8438723277561527,0.04907507186454967,8,0.02858899824861873,0.017901813561853407,0.005251154851557792,0.08847876601516341,0.006197545616388265,0.060149665565538434,9.376745150924348e-05,15,29,0.004943872158901746,0.21292965803657135,False,True,True,0.00023836507031472717,COMPLETE
596,0.18795708417892457,2025-04-13 05:32:44.628326,2025-04-13 05:33:06.131948,0 days 00:00:21.503622,0.750695574205335,0.07357767579669432,8,0.033856096484631996,0.13840391240826547,0.003013945930169627,0.08805862112891637,0.008688082459050166,0.043907012851936704,0.00012140899250709939,13,27,0.007464977502154083,0.2145401077853426,False,True,True,0.00029664040364406206,COMPLETE
597,0.4335151433944703,2025-04-13 05:33:06.332398,2025-04-13 05:33:28.123924,0 days 00:00:21.791526,0.8014033724948947,0.03214590517183572,8,0.04306293483949339,0.012229567082631048,0.0056210740219526534,0.0924945211828736,0.00538967265317335,0.05384906692307258,0.0001552660613271889,13,31,0.009552386942191612,0.21735130541327288,False,True,True,0.00018657512790400056,COMPLETE
598,0.3407035648822785,2025-04-13 05:33:28.318248,2025-04-13 05:33:52.241333,0 days 00:00:23.923085,0.821445797188816,0.09439928572233411,8,0.02832533116341692,0.01185351437789702,0.0010739922979588232,0.09080651555274852,0.006839588747206674,0.06264599965210556,0.00010626784061298946,16,25,0.0011223916177647525,0.22137822262291193,False,True,True,0.00021122937749267073,COMPLETE
599,0.4114745378494263,2025-04-13 05:33:52.432534,2025-04-13 05:34:14.863348,0 days 00:00:22.430814,0.7572607568183652,0.05464930950376483,8,0.0396773431365039,0.018494766977585245,0.0032515093199478222,0.08667168863235164,0.004755765030418417,0.06024893152650243,0.0001430275561474983,14,27,0.003751814086137386,0.22278219124904564,False,True,True,0.0004519237900590061,COMPLETE
600,0.45745917558670046,2025-04-13 05:34:15.063464,2025-04-13 05:34:36.756801,0 days 00:00:21.693337,0.7634799048990717,0.011220484568510339,8,0.03449096639294148,0.011661441052053913,0.005951612349237714,0.09400755449719059,0.009337565219975063,0.044851129690680724,8.130656631016036e-05,13,36,0.007934716399337311,0.2137460950590687,False,True,True,0.000325877473465566,COMPLETE
601,0.18795708417892457,2025-04-13 05:34:36.952634,2025-04-13 05:34:59.836065,0 days 00:00:22.883431,0.795962718195509,0.07799421570962019,8,0.027462536776742257,0.18593821446177006,0.0042259442563006445,0.08900889935488206,0.004772904504536619,0.04102857126656694,0.0001700648716228832,15,34,0.0053655524675364115,0.22218329624800776,False,True,True,0.0002562765769069449,COMPLETE
602,0.42836736440658574,2025-04-13 05:35:00.038021,2025-04-13 05:35:22.508146,0 days 00:00:22.470125,0.7466382048847621,0.09556817253562262,8,0.04418749782922071,0.017945746280125817,0.0029654468586697443,0.08696986846772399,0.007157556066195614,0.06553650329586372,0.00012531277942839526,14,39,0.010323424055226304,0.21628220954334487,False,True,True,0.00015206260604971167,COMPLETE
603,0.4750926494598389,2025-04-13 05:35:22.697899,2025-04-13 05:35:39.925416,0 days 00:00:17.227517,0.7717367023088869,0.03981542388395097,16,0.03591341457201066,0.010505664535925958,0.005547263564918019,0.08944571885556421,0.0010480367377674322,0.051155616685743935,0.00010674149248966064,13,28,0.011398235069931036,0.22490200272543046,False,True,True,0.00021458788728482707,COMPLETE
604,0.18795708417892457,2025-04-13 05:35:40.125266,2025-04-13 05:36:02.342568,0 days 00:00:22.217302,0.836119187069788,0.0639829699999163,8,0.024788423602005324,0.2807389228349474,0.0028333474260897294,0.0914785001535312,0.004435560039745525,0.055318324641922156,0.00016529226587321948,14,37,0.007718162187489947,0.21414104147411533,False,True,True,0.0002813151298820313,COMPLETE
605,0.3408568859100342,2025-04-13 05:36:02.534038,2025-04-13 05:36:26.103812,0 days 00:00:23.569774,0.7403719748842494,0.10125407351363255,8,0.030433204042197768,0.010787131047963134,0.006197142598190181,0.08623804533691343,0.06469362692667655,0.0471399109387986,0.00013195082535444647,15,25,0.005124850579499292,0.2237300591031257,False,True,True,0.00018478063145468948,COMPLETE
606,0.18795708417892457,2025-04-13 05:36:26.311897,2025-04-13 05:36:47.717219,0 days 00:00:21.405322,0.802386429029708,0.027315720226622153,8,0.23107978595111767,0.016419642577494793,0.0040525437108697845,0.08852418505629282,0.006256292028986717,0.06415120055438744,9.2094929361764e-05,13,29,0.01007125585948793,0.21689748916396778,False,True,True,0.00015134851937135489,COMPLETE
607,0.34543316364288335,2025-04-13 05:36:47.909332,2025-04-13 05:37:11.638866,0 days 00:00:23.729534,0.7746359973083062,0.07846061201547297,8,0.03755201303018551,0.009861382307842451,0.0027912402195654487,0.08340512457597857,0.009320653030034449,0.04252345570976002,0.0001511377402160036,16,23,0.007093538088488397,0.22649923582773054,False,True,True,0.0002111699890816732,COMPLETE
608,0.5818681716918945,2025-04-13 05:37:11.842865,2025-04-13 05:37:33.554468,0 days 00:00:21.711603,0.8162390800196851,0.05127718310389968,8,0.017669956143194932,0.02070376877677603,0.005937063147880448,0.09104508857161614,0.07504631509324994,0.04558292642493862,0.00017032786549293476,13,26,0.002984212356437654,0.23101500501474687,False,True,True,0.0003332481896956313,COMPLETE
609,0.509520161151886,2025-04-13 05:37:33.747818,2025-04-13 05:37:55.465753,0 days 00:00:21.717935,0.836718702889176,0.04757801159361237,8,0.018585567971081164,0.017575961758349995,0.005704547569472817,0.09359376247991207,0.007702225528314358,0.04484530374690579,6.794052676691784e-05,13,30,0.003612140749014431,0.23228609719259943,False,True,True,0.0003832204981005673,COMPLETE
610,0.40216819047927854,2025-04-13 05:37:55.670231,2025-04-13 05:38:18.000763,0 days 00:00:22.330532,0.8721094859236646,0.05772329442884391,8,0.018505030447273613,0.0059095130800245884,0.004713681078807251,0.09072851710553705,0.09520465134192888,0.046376284696246634,0.00017326261901538461,14,27,0.003747449915320245,0.22949966612297162,False,True,True,0.0004936994901313324,COMPLETE
611,0.4456847667694092,2025-04-13 05:38:18.194746,2025-04-13 05:38:39.704565,0 days 00:00:21.509819,0.8236746479517504,0.10415104108972749,8,0.02345192550545135,0.01164280004061395,0.00102000732425617,0.09488692325687936,0.07283479110678304,0.04356564715093014,5.410711775441328e-05,12,32,0.0023263736966692566,0.22277181830420958,False,True,True,0.00033471301147389686,COMPLETE
612,0.31306707859039307,2025-04-13 05:38:39.910895,2025-04-13 05:39:01.108844,0 days 00:00:21.197949,0.8173437878169783,0.028361149515149075,8,0.01744027648437335,0.02007135457806562,0.006148541710801086,0.0922811072910037,0.05775767518252588,0.04789570455658189,0.00011970095000275853,12,27,0.0059218052102364225,0.23430908393523245,True,True,True,0.00025139597377121364,COMPLETE
613,0.44528112411499027,2025-04-13 05:39:01.302702,2025-04-13 05:39:23.615581,0 days 00:00:22.312879,0.8000789271802327,0.08611006970017177,8,0.027742112578453198,0.006257539764759953,0.0029577553338865407,0.08798721679406023,0.010248802789884364,0.04926413296124343,0.00014520917282754436,14,25,0.009412407481848548,0.22706196011999744,False,True,True,0.0003109715406914433,COMPLETE
614,0.557383942604065,2025-04-13 05:39:23.820048,2025-04-13 05:39:45.792222,0 days 00:00:21.972174,0.84464097980474,0.06401497198634594,8,0.022835896513824262,0.012034830114486578,0.004663210961476262,0.09598011907933246,0.005867494653291469,0.04557204984475549,0.00011015982693959258,13,22,0.013736147893366303,0.21982748029828786,False,True,True,0.00012329464052265646,COMPLETE
615,0.18795708417892457,2025-04-13 05:39:45.986739,2025-04-13 05:40:07.531656,0 days 00:00:21.544917,0.888117822805887,0.05551989937808098,8,0.017686648912592015,0.1489087011849884,0.005662682028752818,0.09878485698802253,0.05545203508635452,0.043183497567926804,9.274425743271332e-05,13,29,0.013837039439846693,0.217399990678666,False,True,True,0.000228750783586653,COMPLETE
