number,value,datetime_start,datetime_complete,duration,params_alpha-eval,params_alpha-train,params_batch-size,params_eps-eval,params_eps-train,params_lambda-actions-eval,params_lambda-actions-train,params_lambda-frames-eval,params_lambda-frames-train,params_learning-rate,params_n-epochs,params_n-frames,params_radius-gw,params_rho,params_std-feats,params_ub-actions,params_ub-frames,params_weight-decay,state
954,0.47427072525024416,2025-04-15 04:32:37.292851,2025-04-15 04:32:59.610167,0 days 00:00:22.317316,0.5791349467151289,0.5099936052732477,8,0.02076964524017962,0.012473659820253696,0.03855631218752027,0.07601751815518341,0.02965582933234275,0.07836344913516326,0.00024269471910359671,13,31,0.017577691434851574,0.01652471010232992,True,True,True,2.784691035291902e-07,COMPLETE
955,0.29159322977066043,2025-04-15 04:32:59.916074,2025-04-15 04:33:21.215604,0 days 00:00:21.299530,0.6770588048768885,0.4669381349298953,8,0.027092168841553726,0.025915982440733842,0.03588221889869886,0.07234410231776614,0.036131729159210306,0.0754252882316063,0.0003534492601807158,12,30,0.013671099227850363,0.010541665583548014,True,True,True,1.0952647315081338e-07,COMPLETE
956,0.49087916612625127,2025-04-15 04:33:21.524566,2025-04-15 04:33:43.534069,0 days 00:00:22.009503,0.6003662646102051,0.42695218701021354,8,0.03428792484262146,0.011733236566472197,0.03270596520261772,0.07851787510325227,0.03234919642520277,0.08479720846317698,0.0004290517575922054,13,34,0.02266520135673716,0.020849064421904342,True,True,True,1.470035094116562e-07,COMPLETE
957,0.2586114585399628,2025-04-15 04:33:43.844441,2025-04-15 04:34:05.032284,0 days 00:00:21.187843,0.6941519585482355,0.44422266551075157,8,0.061676063248347124,0.018216002098002945,0.03703671626275368,0.07421719486916484,0.03936745409872103,0.081003616195222,0.00029627282553827477,12,26,0.016139125580693383,0.015139314323678547,True,True,True,2.121200800178311e-07,COMPLETE
958,0.18795708417892457,2025-04-15 04:34:05.343643,2025-04-15 04:34:27.349006,0 days 00:00:22.005363,0.5972032352576847,0.48652738792397704,8,0.01030253374089946,0.1210903776426016,0.03369863160440184,0.0802009318212155,0.030050016950843226,0.0875564133842001,0.00021865591865177417,13,28,0.02141713821524641,0.010212412348797491,True,True,True,1.7891968229346145e-07,COMPLETE
959,0.3906564831733704,2025-04-15 04:34:27.647601,2025-04-15 04:34:49.564342,0 days 00:00:21.916741,0.6255770427042827,0.41759733064825394,8,0.049553680064634224,0.012320080003834583,0.030642239206242886,0.08129662598447035,0.03379680026521603,0.07858377303015517,0.00035884256365076284,13,26,0.01897901161167023,0.02529366974543358,True,True,True,2.90202796060754e-07,COMPLETE
960,0.18795708417892457,2025-04-15 04:34:49.872270,2025-04-15 04:35:11.196848,0 days 00:00:21.324578,0.5696579583329677,0.832424495469457,8,0.018944167416106203,0.011685742555412795,0.03950432868892489,0.07731560430552169,0.03716476096437687,0.08261017233737303,0.0004613936521884394,12,30,0.02325566905782626,0.016259818885324417,True,True,True,1.1454723584874864e-07,COMPLETE
961,0.4185396671295166,2025-04-15 04:35:11.507566,2025-04-15 04:35:33.934297,0 days 00:00:22.426731,0.6166521572058643,0.45156719867668355,8,0.029893268786715492,0.02482048097765333,0.03526964127134158,0.07567128457548997,0.03169792539362413,0.0768984206485906,0.0003017217544026608,13,33,0.020399922114905208,0.011089310314245454,True,True,True,2.2260756667198397e-07,COMPLETE
962,0.41201894283294677,2025-04-15 04:35:34.245835,2025-04-15 04:35:57.067645,0 days 00:00:22.821810,0.5537707069468762,0.4701156112849857,8,0.039077355037757645,0.0174979179847623,0.032449985005038005,0.07029938393937743,0.03466867429344815,0.07944403793292908,0.00021844445640495055,14,26,0.012318996083272134,0.02054614767489436,True,True,True,1.4455629967342398e-07,COMPLETE
963,0.5767413020133972,2025-04-15 04:35:57.383572,2025-04-15 04:36:18.882701,0 days 00:00:21.499129,0.72183639239281,0.5047443250672344,8,0.021584516582281773,0.012077810870048621,0.029895837812989493,0.0725724911744942,0.02966335692612022,0.07529785117802107,0.00026047905388593785,12,29,0.015357833743459627,0.009125425458417508,True,True,True,1.7610506027371232e-07,COMPLETE
964,0.39172624349594115,2025-04-15 04:36:19.181534,2025-04-15 04:36:40.565214,0 days 00:00:21.383680,0.6847587072419251,0.4990812127414895,8,0.007745878963422334,0.02989394654985278,0.011424299056803235,0.06542015218804766,0.031157989701735042,0.07553798335688951,0.00022687911593958989,12,33,0.014917430229355898,0.02635355449990772,True,True,True,1.0714842827207984e-07,COMPLETE
965,0.18795708417892457,2025-04-15 04:36:40.877155,2025-04-15 04:37:02.091284,0 days 00:00:21.214129,0.7260399078174242,0.5151395804273109,8,0.019950516504144894,0.18942631328038045,0.030554324362799073,0.07264071334751453,0.02907298350546408,0.07712337100905581,0.0002607614446672365,12,34,0.013603618843843783,0.016507903724250043,True,True,True,1.681296585785406e-07,COMPLETE
966,0.38415361642837526,2025-04-15 04:37:02.402147,2025-04-15 04:37:23.922853,0 days 00:00:21.520706,0.7572009027629295,0.5079915616466651,8,0.016842948761153075,0.02477617469571123,0.0332100799979274,0.06933241739109287,0.03337549077099915,0.07583997982838406,0.00019121578027301637,12,36,0.012041463418169319,0.010243704065647776,True,True,True,1.35683604044821e-07,COMPLETE
967,0.5874518394470215,2025-04-15 04:37:24.238946,2025-04-15 04:37:45.795133,0 days 00:00:21.556187,0.6704943730761845,0.4860775889162671,8,0.025264131663209743,0.019846580149462556,0.034939429481055266,0.07185427908739438,0.03688731330145719,0.07808209884454606,0.00026305354925293574,12,29,0.01578324620484912,0.0217676975384853,True,True,True,1.7049177001230625e-07,COMPLETE
968,0.4038004755973816,2025-04-15 04:37:46.113096,2025-04-15 04:38:07.449630,0 days 00:00:21.336534,0.69714234252376,0.4920720509889815,8,0.02651322888033042,0.0306389986290949,0.008416865597668315,0.06722272348956013,0.037785996206272605,0.08093155049004738,0.00023879552359580547,12,38,0.014114185150174308,0.026788946065093466,True,True,True,1.0733224064820239e-07,COMPLETE
969,0.18795708417892457,2025-04-15 04:38:07.751356,2025-04-15 04:38:56.359206,0 days 00:00:48.607850,0.6649631581966273,0.5053390816104288,2,0.023638078498421748,0.023256395412612128,0.037637316184079186,0.07204248856865943,0.04089193800974354,0.0788532779175613,0.0001862712216514176,12,30,0.01536987504139874,0.025937985840271852,True,True,True,1.498337158779964e-07,COMPLETE
970,0.39174844026565553,2025-04-15 04:38:56.671273,2025-04-15 04:39:17.212207,0 days 00:00:20.540934,0.6453489196394531,0.48371116500480615,8,0.032720190719043196,0.021309266502490168,0.035163370012817365,0.07002520576412011,0.035088780952856544,0.08321159693742301,0.00026360969834375407,11,32,0.012593053269670886,0.02076194040374779,True,True,True,1.9548093773383063e-07,COMPLETE
971,0.33907780647277835,2025-04-15 04:39:17.524039,2025-04-15 04:39:38.771028,0 days 00:00:21.246989,0.7466369172607062,0.5108155344362877,8,0.024736653522575827,0.028911240771500216,0.036234875218478846,0.07305136416813784,0.03852989175810846,0.08146907344080533,0.00022236048608517483,12,36,0.08407598387297305,0.020675379178165268,True,True,True,1.3432175821239002e-07,COMPLETE
972,0.3782443702220917,2025-04-15 04:39:39.087042,2025-04-15 04:40:00.431469,0 days 00:00:21.344427,0.7233042768911497,0.4873752624307048,8,0.011062326102893635,0.020046720603696194,0.02983052117181127,0.06736367370679033,0.04502024269430056,0.08518875046536933,0.00018822165836117298,12,30,0.01576711370803552,0.026933844350173524,True,True,True,2.2006106780799207e-07,COMPLETE
973,0.35956122875213625,2025-04-15 04:40:00.747344,2025-04-15 04:40:22.082041,0 days 00:00:21.334697,0.7220648532348196,0.47264003772363977,8,0.01416136253702491,0.02870868761924623,0.03846361550987568,0.07050965677293562,0.0364896380144171,0.07966483074612912,0.0002764727039736063,12,31,0.01122191754182629,0.020517958288900316,True,True,True,1.6705640861565135e-07,COMPLETE
974,0.2954879641532898,2025-04-15 04:40:22.382768,2025-04-15 04:40:43.024482,0 days 00:00:20.641714,0.7028525262604477,0.46518750227487493,8,0.020353643879786283,0.018827472311775,0.03174536287233182,0.0746059824476456,0.036996239272156145,0.07816129901076611,0.008940299630367427,11,29,0.017367090301171378,0.015797905087880253,True,True,True,1.2338621517512205e-07,COMPLETE
975,0.37823854684829716,2025-04-15 04:40:43.339021,2025-04-15 04:41:04.858023,0 days 00:00:21.519002,0.6673213460062595,0.4858809047257904,8,0.030026011871038105,0.024034645497845484,0.03429922357916027,0.07261696138423732,0.042548409014279996,0.0754418854374997,0.0002930290678764159,12,34,0.07127475972155953,0.24901162672785107,True,True,True,1.813042827867324e-07,COMPLETE
976,0.5224238872528076,2025-04-15 04:41:05.173051,2025-04-15 04:41:36.495575,0 days 00:00:31.322524,0.6289811204895185,0.5081700315240922,8,0.0291963402890644,0.016991173398321957,0.03673768944329366,0.07447626607408778,0.03419921210880969,0.08251738934640886,0.00022338556414417516,26,28,0.016457301406056096,0.027460749938589234,True,True,True,2.2305750743473508e-07,COMPLETE
977,0.5572418212890625,2025-04-15 04:41:36.812946,2025-04-15 04:41:58.836974,0 days 00:00:22.024028,0.6562600922617867,0.4589075123888743,8,0.017453968293263268,0.016010446254025364,0.029854376449028597,0.07170716418565129,0.03973917537304515,0.08022751131675937,0.00026405569968611007,13,28,0.014526526984256674,0.01606178191944873,True,True,True,1.0533792534020383e-07,COMPLETE
978,0.18795708417892457,2025-04-15 04:41:59.153625,2025-04-15 04:42:20.409340,0 days 00:00:21.255715,0.6893523277227709,0.49298101099354397,8,0.016738138104146632,0.03373457110786238,0.03161029670289032,0.06972248931629564,0.040249786432897346,0.08034193345825127,0.00018589555774903673,12,34,0.014026369288413177,0.022533199102155548,True,True,True,1.133917776637042e-07,COMPLETE
979,0.3390088677406311,2025-04-15 04:42:20.711385,2025-04-15 04:42:41.394116,0 days 00:00:20.682731,0.6645656461812964,0.4707738990173537,8,0.008529703618382758,0.023595282748802154,0.034418587144372965,0.06868189510409599,0.04037447427271148,0.08604319595712494,0.00024163945664388366,11,31,0.014114025779447852,0.01674979688620062,True,True,True,1.0118425165247759e-07,COMPLETE
980,0.18795708417892457,2025-04-15 04:42:41.709826,2025-04-15 04:43:03.429127,0 days 00:00:21.719301,0.6511958162524216,0.460183657105438,8,0.02283016448051591,0.02731775234116661,0.03902803279079485,0.06568646669948795,0.042702515363510544,0.08418995097478991,0.0050287477750441565,13,29,0.012912360243336854,0.021966819784713883,True,True,True,1.253239601439176e-07,COMPLETE
981,0.4093331694602967,2025-04-15 04:43:03.747722,2025-04-15 04:43:30.942736,0 days 00:00:27.195014,0.6497101284116158,0.18363163051471332,8,0.03474834042140584,0.020326295606507033,0.03256135397477283,0.07275612770250527,0.03916321873932215,0.08144948120576477,0.00018755339291371719,20,39,0.011472671811644037,0.016042722934310753,True,True,True,1.014420403482044e-07,COMPLETE
982,0.5138307094573975,2025-04-15 04:43:31.262412,2025-04-15 04:43:53.583538,0 days 00:00:22.321126,0.7060837547351814,0.5101956635822344,8,0.01678260592214101,0.017528934049706926,0.03047762394724339,0.0724467974491862,0.03715903974029408,0.0788417815111482,0.0002632813340865335,13,29,0.014293006181668321,0.02456286222668897,True,True,True,1.3926900666364433e-07,COMPLETE
983,0.18795708417892457,2025-04-15 04:43:53.905388,2025-04-15 04:44:15.236931,0 days 00:00:21.331543,0.6089838666631466,0.4506162357791753,8,0.02533933752157458,0.1366656027568487,0.03548430921493318,0.07117388597080584,0.03906014407411179,0.07770857303074208,0.00030692324354189115,12,33,0.01575630780842263,0.015591148814504116,True,True,True,9.620199481325315e-08,COMPLETE
984,0.4699398517608643,2025-04-15 04:44:15.556797,2025-04-15 04:44:37.662783,0 days 00:00:22.105986,0.680749155497755,0.47906311908960736,8,0.014712579023384471,0.030957962489360454,0.03695805047396879,0.07384844854565402,0.041759320984950304,0.08159908862796714,0.00022874830558701286,13,36,0.011967622893089926,0.026095567140768217,True,True,True,1.5729010273469422e-07,COMPLETE
985,0.3928792476654053,2025-04-15 04:44:37.968193,2025-04-15 04:44:59.273583,0 days 00:00:21.305390,0.6513182446822149,0.45274243982082907,8,0.007660959145291801,0.02471625222258541,0.029542853872152504,0.07117437884668291,0.03586396373176652,0.07957034928768211,0.0002679984793477818,12,28,0.010456462122703656,0.010407897472497159,True,True,True,1.2707038449668345e-07,COMPLETE
986,0.3909317016601563,2025-04-15 04:44:59.588763,2025-04-15 04:45:21.555423,0 days 00:00:21.966660,0.6324572892796299,0.488365841142997,8,0.03888422180107656,0.01610287217201422,0.03322686515740731,0.0681252134146976,0.05085356278385356,0.07744387712040265,0.00031048647964924275,13,32,0.016405914415310058,0.01950571287104888,True,True,True,1.530210252438044e-07,COMPLETE
987,0.40491451025009156,2025-04-15 04:45:21.872757,2025-04-15 04:45:54.497686,0 days 00:00:32.624929,0.6664404204594773,0.4680657668303945,8,0.026198074712541486,0.016004531837479904,0.03985377964148613,0.07518737146077913,0.03546909180960504,0.07545847631512644,0.00018827898930921848,28,27,0.014370373579331496,0.012335277084534841,True,True,True,1.7872180822375066e-07,COMPLETE
988,0.31079527735710144,2025-04-15 04:45:54.817587,2025-04-15 04:46:16.280136,0 days 00:00:21.462549,0.6971212995968606,0.5178066795962646,8,0.019846487731394066,0.021829813239617957,0.0316724223154537,0.07589455408236744,0.03222417878694964,0.08309375240851134,0.0002279846458775079,12,31,0.01657384664133231,0.019994936579345722,True,True,True,1.282863620834782e-07,COMPLETE
989,0.4116391181945801,2025-04-15 04:46:16.602107,2025-04-15 04:46:37.250701,0 days 00:00:20.648594,0.7111136231760993,0.44204758011245154,8,0.03269123079004715,0.0159136073069467,0.03511376200957704,0.07383055479488282,0.043880878606237676,0.0802669477099809,0.0002663219139426357,11,30,0.01788496917464245,0.1629833217383877,True,True,True,1.0910511533914274e-07,COMPLETE
990,0.18795708417892457,2025-04-15 04:46:37.558440,2025-04-15 04:47:29.199614,0 days 00:00:51.641174,0.6359257095139474,0.4967848310697973,2,0.012664044480353867,0.02675780747182502,0.029177489212823024,0.07146029116169639,0.03838491148712817,0.07765289905186236,0.00031509724309885156,13,26,0.012554259338048112,0.026288620758599182,True,True,True,1.5879072579361324e-07,COMPLETE
991,0.5503832101821899,2025-04-15 04:47:29.519300,2025-04-15 04:47:51.001183,0 days 00:00:21.481883,0.6823687541468577,0.4648382194766362,8,0.022193344444488967,0.018148644981476194,0.033218208457391415,0.07644384197216854,0.03369239966650029,0.08267609098721104,0.00020719262590413156,12,27,0.01765702376020894,0.01057502975268006,True,True,True,9.783061738799531e-08,COMPLETE
992,0.18795708417892457,2025-04-15 04:47:51.320782,2025-04-15 04:48:11.918559,0 days 00:00:20.597777,0.6805002417144382,0.4742607010789579,8,0.02116750033838062,0.03161149829154161,0.03730663800620439,0.0766716567826441,0.03508033643590388,0.08551629880650685,0.00019401834736043692,11,32,0.014858499261227965,0.009834635808039003,True,True,True,9.295999603164554e-08,COMPLETE
993,0.3970137357711792,2025-04-15 04:48:12.241671,2025-04-15 04:48:32.963469,0 days 00:00:20.721798,0.7321436997480002,0.4918742761645037,8,0.004727308788981054,0.02173414735347218,0.034298105591734435,0.07530587474707577,0.03640390822894186,0.08785840563355782,0.0003456936581392491,11,36,0.01746258752600851,0.009428468606856404,True,True,True,9.298440829820899e-08,COMPLETE
994,0.5640412449836731,2025-04-15 04:48:33.288994,2025-04-15 04:48:54.806307,0 days 00:00:21.517313,0.6853770202286347,0.46367580938929615,8,0.02653903156413736,0.012519048446614903,0.035717349748927534,0.07677561024937993,0.033438473149923834,0.08365730374787135,0.0002893237078970214,12,28,0.01573145928590283,0.01782206457768124,True,True,True,1.0184329147710293e-07,COMPLETE
995,0.18795708417892457,2025-04-15 04:48:55.133219,2025-04-15 04:49:15.740283,0 days 00:00:20.607064,0.6759312150814575,0.5030836158757095,8,0.027104663625964864,0.025431714383151956,0.04004370425182096,0.0741170739581539,0.03353398765355857,0.084363881807992,0.0001818359827909996,11,28,0.015366964772921092,0.014486962815284922,True,True,True,9.638808918447815e-08,COMPLETE
996,0.5835806488990783,2025-04-15 04:49:16.046979,2025-04-15 04:49:37.551597,0 days 00:00:21.504618,0.7120990753757549,0.47140555795866884,8,0.020497334399084216,0.013008432757352858,0.037454224652020585,0.07613874636354881,0.03201634075380194,0.08679374357377197,0.00025823595952824435,12,33,0.017288780224021985,0.009995335574567431,True,True,True,1.0398546430930204e-07,COMPLETE
997,0.3610185205936432,2025-04-15 04:49:37.872762,2025-04-15 04:49:59.218872,0 days 00:00:21.346110,0.7125755296701008,0.5235203671550285,8,0.016040091429502384,0.013737045842050941,0.03922068594461994,0.07315820920811009,0.0315395556387101,0.0754141528686254,0.0002688196006369671,12,34,0.01577740557555793,0.020765762585378197,True,True,True,1.0765139085734714e-07,COMPLETE
998,0.3522180795669556,2025-04-15 04:49:59.542511,2025-04-15 04:50:28.007738,0 days 00:00:28.465227,0.7054504172241006,0.4840922047741179,8,0.026825647707863606,0.012368894141911115,0.03802507214210107,0.07519772646652748,0.032856062196492244,0.0870417503250472,0.0002637225029728651,22,38,0.017474909931575393,0.009151017763732887,True,True,True,1.1788492108527297e-07,COMPLETE
999,0.47416803836822513,2025-04-15 04:50:28.334788,2025-04-15 04:50:49.508675,0 days 00:00:21.173887,0.7459111285787878,0.4735867206672539,8,0.03228072511247878,0.011991543241935118,0.004519435401268139,0.06999463927919707,0.03219073707702413,0.09166691324911361,0.00034153953610582,12,31,0.014088372452503287,0.028339678635929934,True,True,True,9.973148099629314e-08,COMPLETE
1000,0.38203476667404174,2025-04-15 04:50:49.835295,2025-04-15 04:51:10.444027,0 days 00:00:20.608732,0.6580534343326088,0.5050669462582789,8,0.020278528778341985,0.02043766201318191,0.03662879954005416,0.07719712154629371,0.03624686196459827,0.0906832785080247,0.00024185445184454966,11,33,0.01648350535582994,0.015842803488135573,True,True,True,1.2287414317017163e-07,COMPLETE
1001,0.5698533296585083,2025-04-15 04:51:10.768312,2025-04-15 04:51:32.278412,0 days 00:00:21.510100,0.7015422254460895,0.46646630459800564,8,0.011411714641927688,0.013844017666398183,0.03818407295635232,0.07371861774267623,0.034906686139707876,0.08607668949219717,0.0003314708884893552,12,29,0.01854593515916725,0.008643615734387584,True,True,True,1.343885505743775e-07,COMPLETE
1002,0.4605080962181091,2025-04-15 04:51:32.587635,2025-04-15 04:51:53.336509,0 days 00:00:20.748874,0.6918741422228523,0.5172352438130077,8,0.006059275822858146,0.011668589139127047,0.040651526985495776,0.071238700292855,0.03442896143183751,0.08610847892203131,0.00035280808496640644,11,32,0.018331800647343358,0.007525234727158833,True,True,True,9.392988030116868e-08,COMPLETE
1003,0.4211901664733887,2025-04-15 04:51:53.657690,2025-04-15 04:52:14.912728,0 days 00:00:21.255038,0.7260390891135536,0.48701818677930236,8,0.012062656374310468,0.011276462667776075,0.035898643571437905,0.07236297201046571,0.03263290322936941,0.08932566309923326,0.0003233871227862105,12,30,0.013702894150145705,0.009184229843804707,True,True,True,1.1870950227492822e-07,COMPLETE
1004,0.5070141077041627,2025-04-15 04:52:15.236532,2025-04-15 04:52:36.806276,0 days 00:00:21.569744,0.7057795899370582,0.47429465854770253,8,0.0019046610784126394,0.012919908855391581,0.03826648826170129,0.07796150772432196,0.03040847933754248,0.08645738030938724,0.0003770297447010605,12,35,0.019656710149389856,0.008949274308956812,True,True,True,9.434845893879633e-08,COMPLETE
1005,0.5566240429878235,2025-04-15 04:52:37.133669,2025-04-15 04:52:58.342145,0 days 00:00:21.208476,0.6937383328778494,0.46239683396240927,8,0.01360188741353142,0.011751031248888698,0.0403787185807656,0.07587617733909342,0.034494652457986205,0.08879899733072597,0.0002969956522055893,12,28,0.015343587207024032,0.020411751880219292,True,True,True,1.346744806237222e-07,COMPLETE
1006,0.3985653519630432,2025-04-15 04:52:58.670729,2025-04-15 04:53:19.609702,0 days 00:00:20.938973,0.724337413763518,0.49443436663601975,8,0.009484358260226896,0.017484242362909838,0.039711504293825445,0.07409276925620685,0.03449385887001277,0.08965945148151502,0.0979498982251778,11,29,0.012499128280280963,0.20604884761301703,True,True,True,1.2759087137482156e-07,COMPLETE
1007,0.4729015111923218,2025-04-15 04:53:19.937339,2025-04-15 04:53:40.606683,0 days 00:00:20.669344,0.6883913270164738,0.5189479198104194,8,0.014148884575335221,0.018494044964030298,0.04089709822329286,0.07592008172059994,0.03495634280129736,0.08897263124427163,0.00029269672971806603,11,35,0.015340517159177277,0.027378305070237773,True,True,True,9.095011989697067e-08,COMPLETE
1008,0.46896840333938605,2025-04-15 04:53:40.919185,2025-04-15 04:54:02.472793,0 days 00:00:21.553608,0.7073532858920302,0.473012235615283,8,0.006742380217934312,0.014804349658130107,0.03966468463816698,0.07350553096407111,0.03705884226775275,0.09086683995355431,0.0002768898062981224,12,31,0.014912022176199002,0.02249056316843397,True,True,True,1.33385145895137e-07,COMPLETE
1009,0.5537506222724915,2025-04-15 04:54:02.798391,2025-04-15 04:54:24.060842,0 days 00:00:21.262451,0.6752006367350376,0.4627402173943593,8,0.01689391549238764,0.011814565545643826,0.037772417306730956,0.06936199924583149,0.032857211962267534,0.0889420513957194,0.00037367944159131416,12,28,0.013034968387329584,0.02143324806658929,True,True,True,1.115124302436546e-07,COMPLETE
1010,0.3283462762832642,2025-04-15 04:54:24.386515,2025-04-15 04:54:45.000299,0 days 00:00:20.613784,0.6914671846188081,0.4922764855273369,8,0.011519753088846741,0.022893916244257018,0.036552650671773004,0.07609668826476083,0.031079035888996447,0.08723452429550674,0.00026543867807773584,11,38,0.07422670445197116,0.01742473908095339,True,True,True,1.3395831406484023e-07,COMPLETE
