number,value,datetime_start,datetime_complete,duration,params_alpha-eval,params_alpha-train,params_batch-size,params_eps-eval,params_eps-train,params_lambda-actions-eval,params_lambda-actions-train,params_lambda-frames-eval,params_lambda-frames-train,params_learning-rate,params_n-epochs,params_n-frames,params_radius-gw,params_rho,params_std-feats,params_ub-actions,params_ub-frames,params_weight-decay,state
393,0.4553563237190247,2025-04-15 01:04:01.807431,2025-04-15 01:04:18.365990,0 days 00:00:16.558559,0.059145479979294674,0.63508481233435,16,0.09745251056374075,0.030012618686263867,0.04293431402219044,0.00795599909054105,0.006818383599989451,0.007643084355669819,5.789163568417404e-05,8,23,0.05519810572830196,0.032206097254281196,False,False,False,2.9472334387821734e-06,COMPLETE
394,0.35712767839431764,2025-04-15 01:04:18.489921,2025-04-15 01:04:35.445186,0 days 00:00:16.955265,0.06396483749013224,0.6642081732027498,16,0.0898121621678161,0.022457933676814062,0.044314254097756765,0.008353399796825482,0.008430089615452642,0.0037015082972983856,6.252817583630954e-05,9,18,0.0587106608612295,0.19360460590970613,False,False,False,5.558819014239363e-06,COMPLETE
395,0.4636988162994385,2025-04-15 01:04:35.568142,2025-04-15 01:04:52.177454,0 days 00:00:16.609312,0.10332105816469327,0.6448954193052387,16,0.10259483841103849,0.029275644284749925,0.0436393132731027,0.004878635662016182,0.006497248766155697,0.00737003392130178,0.00010024495619828605,8,20,0.054654746974565634,0.03957644251173577,False,False,False,8.424940079080374e-07,COMPLETE
396,0.30527348518371583,2025-04-15 01:04:52.309844,2025-04-15 01:05:08.772632,0 days 00:00:16.462788,0.6349284205392544,0.6347895095677131,16,0.09723225227690242,0.027977912313178498,0.0401585987465189,0.007227674751459814,0.08008837027628427,0.005996894258237837,0.00010417633866970239,8,16,0.04904416097181963,0.044344449007377836,False,False,False,7.868844487582602e-07,COMPLETE
397,0.4490664482116699,2025-04-15 01:05:08.895281,2025-04-15 01:05:25.962424,0 days 00:00:17.067143,0.10934417603786037,0.6445786779571865,16,0.10536727898180451,0.029680468002772742,0.04210918624171648,0.0045402931765276475,0.009234489928002087,0.007274192530404023,0.00010452517988791514,9,21,0.06124960007457232,0.03674439393550373,False,False,False,1.8066869811038014e-06,COMPLETE
398,0.18358817100524905,2025-04-15 01:05:26.086837,2025-04-15 01:05:40.669131,0 days 00:00:14.582294,0.0994612093433087,0.6865332051158037,16,0.10165883067958646,0.023546019246791623,0.04350435954959011,0.007157990502005836,0.006937506540641993,0.008555770561648562,8.485147941422074e-05,8,23,0.051461031508144274,0.20286300170736915,False,False,True,1.3759580933294956e-06,COMPLETE
399,0.3389460802078247,2025-04-15 01:05:40.803297,2025-04-15 01:05:56.150559,0 days 00:00:15.347262,0.05587782455934122,0.6267299367710065,16,0.10662807568224619,0.01284040384847047,0.04750613107216672,0.004879452381355623,0.07692161851048401,0.009774749774320503,9.695211756559315e-05,9,21,0.05607406719857063,0.28963936969136295,True,True,False,4.3690981331555645e-06,COMPLETE
400,0.36889086961746215,2025-04-15 01:05:56.274832,2025-04-15 01:06:12.761366,0 days 00:00:16.486534,0.07877082094968012,0.6707117549427777,16,0.11551119700252671,0.0068428644894804325,0.044794297371318674,0.008355616004695452,0.008657959806414548,0.0065319682388627065,7.948819045080233e-05,8,13,0.05856928633861275,0.030877385601985573,False,False,False,2.4016328845092462e-06,COMPLETE
401,0.43870086669921876,2025-04-15 01:06:12.888505,2025-04-15 01:06:29.732693,0 days 00:00:16.844188,0.11176757724270495,0.6466134238290888,16,0.1118188587999541,0.019346035123233764,0.04614091285826086,0.005561033362668841,0.0702002767849472,0.008792025808926303,5.352249591474519e-05,9,24,0.05407713864640226,0.046879548411840874,False,False,False,6.777296520574083e-06,COMPLETE
402,0.25043137073516847,2025-04-15 01:06:29.871104,2025-04-15 01:06:46.944969,0 days 00:00:17.073865,0.06239683177736078,0.6680644146758196,16,0.10113647388796859,0.0303898674310633,0.042672798090803266,0.0032767787967237687,0.0062839952339009,0.0037451498220688437,6.631893348406375e-05,9,18,0.05191267328906401,0.0504765388482738,False,False,False,5.784008134108333e-07,COMPLETE
403,0.4401645302772522,2025-04-15 01:06:47.071777,2025-04-15 01:07:03.723818,0 days 00:00:16.652041,0.0909560086441702,0.6216276154824661,16,0.09195284207467082,0.02379203400881401,0.041302196447269984,0.004640109695133433,0.06118065411360871,0.010941328887348863,0.00011397434776451513,8,24,0.09437926444545208,0.03958065500758139,False,False,False,2.2970848204784245e-06,COMPLETE
404,0.39056997299194335,2025-04-15 01:07:03.849965,2025-04-15 01:07:20.036057,0 days 00:00:16.186092,0.11271995382573276,0.6906641461918616,16,0.11858926276125833,0.011071245730047793,0.0370533619512035,0.008057068600405141,0.006581785442468199,0.01617810434254132,4.36265663293513e-05,7,26,0.056064188020990745,0.034163941254487115,False,False,False,3.7200755201756593e-06,COMPLETE
405,0.3981196403503418,2025-04-15 01:07:20.161270,2025-04-15 01:07:36.498894,0 days 00:00:16.337624,0.8785408881582075,0.6450006379286145,16,0.12853012509695072,0.02885832686202925,0.04418163618192864,0.003335661059845605,0.008640005082108467,0.0053822368210242316,8.033363661145826e-05,8,20,0.061163261453759915,0.05142649819739477,False,False,False,2.1066131930555308e-05,COMPLETE
406,0.45696989297866825,2025-04-15 01:07:36.634886,2025-04-15 01:07:53.574724,0 days 00:00:16.939838,0.057139536926276456,0.6671375764727785,16,0.10920814162504928,0.020715711290059516,0.04754314151069789,0.006034899567002988,0.005438935196687814,0.007691860744403124,5.9851709324273404e-05,9,24,0.05365233792177029,0.030175607847947525,False,False,False,0.0009469871507934525,COMPLETE
407,0.4707565546035767,2025-04-15 01:07:53.701428,2025-04-15 01:08:09.895153,0 days 00:00:16.193725,0.07834595526755664,0.6279252721777293,16,0.12396132413619994,0.016440025195677554,0.045497617936155185,0.0027036240186816317,0.0052115945830861835,0.010687996210469662,9.859227228105021e-05,7,31,0.057180468614147564,0.04257590234854478,False,False,False,9.904496150894043e-07,COMPLETE
408,0.18795708417892457,2025-04-15 01:08:10.021640,2025-04-15 01:08:25.601472,0 days 00:00:15.579832,0.08281363296607615,0.8089805399649858,16,0.12970165964707442,0.004901580051579115,0.04825088696241656,0.0022408006402034803,0.0048023109817453835,0.010029863867820676,7.170051713711058e-05,7,31,0.05870103924148478,0.04104838404326785,False,False,False,9.491252340967474e-07,COMPLETE
409,0.35532706975936895,2025-04-15 01:08:25.737961,2025-04-15 01:08:41.702170,0 days 00:00:15.964209,0.05656848559540743,0.6208639642992381,16,0.08377661603711775,0.01494848638462132,0.03972079276581779,0.006285273078495952,0.0028808708869548366,0.007848279787296592,3.7083393578176354e-05,6,27,0.057806019559513776,0.03098931351584011,False,False,False,0.000553941839896138,COMPLETE
410,0.18795708417892457,2025-04-15 01:08:41.830286,2025-04-15 01:08:57.423768,0 days 00:00:15.593482,0.07454823432039026,0.6407704307838431,16,0.11992065447926749,0.0001907897546988488,0.04650955639345994,0.0010086098597011494,0.005878969936840958,0.018287063740665993,0.00011536983056134069,7,30,0.056968813332419176,0.037625148046700356,False,False,False,1.0395332826105793e-05,COMPLETE
411,0.3811227560043335,2025-04-15 01:08:57.551871,2025-04-15 01:09:13.753404,0 days 00:00:16.201533,0.0945694171245657,0.6139186881517718,16,0.1248207470747049,0.009410819292715578,0.04387317723510818,0.008483731726631309,0.004706278905141368,0.044549008350597726,5.1546709020477527e-05,7,31,0.060171575188468926,0.04306130047193263,False,False,False,3.731260161062897e-05,COMPLETE
412,0.4753462076187134,2025-04-15 01:09:13.891740,2025-04-15 01:09:30.950856,0 days 00:00:17.059116,0.07545148657745522,0.6870352346808158,16,0.13747239385147664,0.017007845498202667,0.04875807689515443,0.0030285462282073302,0.07242250541379625,0.06062853488160142,8.30619170368135e-05,9,26,0.05572812841405896,0.035861970872737015,False,False,False,5.721552686161734e-05,COMPLETE
413,0.24751212000846862,2025-04-15 01:09:31.079070,2025-04-15 01:09:48.056429,0 days 00:00:16.977359,0.07010459742553794,0.682977577210039,16,0.13889015803122845,0.031124090622382812,0.04563014509769292,0.0029850557118196877,0.006653497423947365,0.06319992419781949,9.008107132771852e-05,9,28,0.030369058913496103,0.030993662468398187,False,False,False,4.497515121065415e-05,COMPLETE
414,0.466235637664795,2025-04-15 01:09:48.185268,2025-04-15 01:10:05.471756,0 days 00:00:17.286488,0.05351825213853616,0.6326688170752524,16,0.133907860437131,0.017987048902478393,0.048143775300740266,0.005396159580183816,0.07455000921582682,0.015568242983424989,0.00010723782913145249,9,32,0.050974876905694994,0.03523846506267097,False,False,False,1.8171171747150104e-05,COMPLETE
415,0.18795708417892457,2025-04-15 01:10:05.613974,2025-04-15 01:10:22.009283,0 days 00:00:16.395309,0.057405112354748405,0.6954501753634685,16,0.13144008908410953,0.012037186419403545,0.049474712879441746,0.005997358666475952,0.07234524579269824,0.015018368010157298,0.00011038725168218583,9,32,0.05651334037028914,0.028344217692570724,False,False,False,1.7677086189254908e-05,COMPLETE
416,0.4752372026443482,2025-04-15 01:10:22.138692,2025-04-15 01:10:38.806950,0 days 00:00:16.668258,0.05155696457565308,0.6694203945554366,16,0.14460992721752608,0.024598906045080474,0.04856078282285302,0.004698071101211118,0.07399495524453294,0.002680887827936182,9.60759504132651e-05,8,26,0.061777647535241474,0.06455393226910996,False,False,False,2.3656469795314174e-05,COMPLETE
417,0.4459714531898499,2025-04-15 01:10:38.936425,2025-04-15 01:10:55.870900,0 days 00:00:16.934475,0.055583934955038355,0.6584746468009025,16,0.14712579193661157,0.030135733944441422,0.048656744218552206,0.008474651702070391,0.07235021450256665,0.0020368413213991436,0.00011556776755456568,9,20,0.06443804594193538,0.06359969416743265,False,False,False,2.2004309244229543e-05,COMPLETE
418,0.3815652489662171,2025-04-15 01:10:56.011916,2025-04-15 01:11:11.823583,0 days 00:00:15.811667,0.054931675801263166,0.7055484665775829,16,0.13959189584092896,0.016896423646836974,0.04648918687723905,0.006478652353862993,0.0769604869766739,0.05689782956897375,8.616703481126076e-05,6,25,0.052329964842284485,0.03546037363453688,True,False,False,2.8730275960900545e-05,COMPLETE
419,0.17488267421722414,2025-04-15 01:11:11.955323,2025-04-15 01:11:26.578058,0 days 00:00:14.622735,0.07671189655499379,0.6341999981727473,16,0.13526548171064287,0.024672591715575586,0.049163657516728146,0.005156680357562428,0.07509104096422292,0.004316604219769037,9.951460193887443e-05,8,8,0.06266277275044217,0.04321696740309889,False,False,True,2.3151198228495642e-05,COMPLETE
420,0.19530624151229858,2025-04-15 01:11:26.709447,2025-04-15 01:11:41.882795,0 days 00:00:15.173348,0.04972496372252174,0.6512024184596816,16,0.14478690877110023,0.03108881058822573,0.050362440353621876,0.0074948038277257,0.0739627200416864,0.050367195323825394,0.00012170539483892127,9,29,0.06713255101654589,0.02899826018053489,False,True,False,4.972969211469724e-05,COMPLETE
421,0.29482863545417787,2025-04-15 01:11:42.025934,2025-04-15 01:11:58.078215,0 days 00:00:16.052281,0.08095372546601189,0.6137419344638841,16,0.12922712175091705,0.006839515667166781,0.04526563374967186,0.004549725531772828,0.08173339741834908,0.0023127531062950525,9.186596957746792e-05,7,21,0.05898235119823374,0.05539359458166686,False,False,False,3.2997645132105834e-05,COMPLETE
422,0.3558139324188233,2025-04-15 01:11:58.211070,2025-04-15 01:12:15.237810,0 days 00:00:17.026740,0.053730061490155315,0.6764731754851461,16,0.14000263383999662,0.01604502829116632,0.0408625897291442,0.001003785383107316,0.07527313102786802,0.006124652885095522,8.268658518455637e-05,9,32,0.06213352031025321,0.25961652779483646,False,False,False,6.1010090549759104e-05,COMPLETE
423,0.4730603337287903,2025-04-15 01:12:15.369652,2025-04-15 01:12:32.070162,0 days 00:00:16.700510,0.07370521847708185,0.6289219750352193,16,0.1263841429134238,0.021091158145375495,0.04666078091997911,0.0027246237571056267,0.07410665262645401,0.005066569214744009,0.00010961958733598416,8,28,0.04889484191018695,0.03850292201734348,False,False,False,1.6752662272873215e-05,COMPLETE
424,0.4624553442001343,2025-04-15 01:12:32.214525,2025-04-15 01:12:49.251051,0 days 00:00:17.036526,0.0722513983242754,0.6286024324675946,16,0.1333273738911119,0.025038413957579875,0.04750630282110378,0.003301395958531731,0.07870454718138331,0.004685445088199531,0.00011218489330378599,9,25,0.048815311283133,0.04790441400269288,False,False,False,1.6121202521591237e-05,COMPLETE
425,0.3026806712150574,2025-04-15 01:12:49.383275,2025-04-15 01:13:05.657897,0 days 00:00:16.274622,0.052604303906781794,0.6054949982151357,16,0.1273228109470742,0.012449428272072537,0.045368942883113376,0.0037881821515867607,0.06776366793145605,0.05984548687643979,1.8958013859198972e-05,7,23,0.05956763863591616,0.04271270199417335,False,False,False,1.831865347563463e-05,COMPLETE
426,0.4210782289505005,2025-04-15 01:13:05.789331,2025-04-15 01:13:22.640765,0 days 00:00:16.851434,0.5999991735791239,0.6369041671710257,16,0.14546130371170185,0.018310018136823116,0.05063435097011426,0.002580892936085122,0.07384442593833614,0.00199344893843282,0.00010860896540202441,8,27,0.055789649332343344,0.036814527524601605,False,False,False,1.2084744480941526e-05,COMPLETE
427,0.2930415034294128,2025-04-15 01:13:22.775042,2025-04-15 01:13:39.911697,0 days 00:00:17.136655,0.0936828623207516,0.707903109352022,16,0.13829561505375865,0.026927595501771623,0.0463864627852217,0.0011418654048140839,0.07645642596067453,0.006008779512559569,7.325515181484386e-05,9,16,0.061579331406114574,0.07015059582767738,False,False,False,2.9395725419101123e-05,COMPLETE
428,0.41375595331192017,2025-04-15 01:13:40.053842,2025-04-15 01:14:02.822145,0 days 00:00:22.768303,0.07148723660374366,0.6180543350666517,16,0.12519364315589865,0.031641054300375934,0.04803932408956154,0.00506699477003723,0.0703038602728642,0.017041051168864195,9.742347640646325e-05,23,29,0.05843289967510743,0.052994669931574964,False,False,False,2.7199218288567826e-05,COMPLETE
429,0.3041291832923889,2025-04-15 01:14:02.955922,2025-04-15 01:14:26.987605,0 days 00:00:24.031683,0.04775584175335462,0.6879090698713096,16,0.13243562980553547,0.009234533263713929,0.04420009729417968,0.008707234034559651,0.07354561208330468,0.0010402563700007954,0.00012315541898360636,26,19,0.0497317253571903,0.030155968844635443,False,False,False,1.621572915274412e-05,COMPLETE
430,0.4534712791442871,2025-04-15 01:14:27.122172,2025-04-15 01:14:43.657794,0 days 00:00:16.535622,0.09114558678907735,0.6434861011802452,16,0.09541522584888074,0.017817177261927455,0.05175377792324806,0.0026255256789073146,0.07201508937064698,0.004477000329476291,7.53523317941078e-05,8,32,0.054396078412126174,0.04679358328854981,False,False,False,3.625350509503566e-05,COMPLETE
431,0.42208552360534674,2025-04-15 01:14:43.801613,2025-04-15 01:15:00.244767,0 days 00:00:16.443154,0.07469015166509439,0.07404153625488824,16,0.1483064292548411,0.02506365583280056,0.04682971969313376,0.006874428095623952,0.07562993808580762,0.007069703407756224,9.743782387872842e-05,7,26,0.05706645157830187,0.040007678123438306,False,False,False,1.2760641326212881e-06,COMPLETE
432,0.4224813222885132,2025-04-15 01:15:00.378780,2025-04-15 01:15:17.339566,0 days 00:00:16.960786,0.049416387954645286,0.6685339930839143,16,0.10676450696641837,0.013855093457106137,0.04296178416837819,0.0045151569345795945,0.08155914976153217,0.014151053263101582,6.214014012910282e-05,9,22,0.06948322028654949,0.061481009434980055,False,False,False,1.3193562669304326e-05,COMPLETE
433,0.41612211465835575,2025-04-15 01:15:17.474318,2025-04-15 01:15:34.080260,0 days 00:00:16.605942,0.6645158585971778,0.61657278590989,16,0.12440382801936367,0.03174334792802162,0.04915578118088014,0.0028902962121819093,0.07800387244069314,0.007118183807842873,8.193515777661161e-05,8,28,0.060991928825186045,0.03394237984560551,False,False,False,6.890973242197527e-07,COMPLETE
434,0.18795708417892457,2025-04-15 01:15:34.224170,2025-04-15 01:15:50.328334,0 days 00:00:16.104164,0.09913827920899278,0.6549770311929709,16,0.1429890089116329,0.0057137458258693236,0.05032108388310526,0.005070723032375384,0.06789850975947269,0.015926327090300403,0.00010090026186754445,8,24,0.0519447532604775,0.045273848547810344,False,False,False,2.1892738913344922e-05,COMPLETE
435,0.41862995624542243,2025-04-15 01:15:50.464372,2025-04-15 01:16:06.214509,0 days 00:00:15.750137,0.07241588098005115,0.6817283709232409,16,0.1298239402591876,0.019885727029690617,0.04138897776193149,0.00839077000347143,0.07127976139214537,0.008980741232436201,6.863735907734409e-05,6,31,0.0551587861134499,0.052678489026174655,False,False,False,7.345273400029603e-06,COMPLETE
436,0.4605401873588562,2025-04-15 01:16:06.351611,2025-04-15 01:16:23.517308,0 days 00:00:17.165697,0.1162704477856448,0.7168480662520298,16,0.11316167169490211,0.02578809038746717,0.04439244642037959,0.002315988217415536,0.07506038986663659,0.0039253218283305255,0.00012581822301192965,9,26,0.059412265329846455,0.028710893308149323,False,False,False,9.597753333046349e-07,COMPLETE
437,0.18795708417892457,2025-04-15 01:16:23.663600,2025-04-15 01:17:05.692698,0 days 00:00:42.029098,0.0891749698656095,0.6333727038101249,2,0.10183492720894945,0.013289992951756228,0.04796283276231776,0.006553444607160622,0.08022107891494387,0.011105400856018936,8.34603387861097e-05,8,33,0.0654706725719824,0.03871441397723723,False,False,False,5.7850403206142814e-05,COMPLETE
438,0.18795708417892457,2025-04-15 01:17:05.832847,2025-04-15 01:17:20.246229,0 days 00:00:14.413382,0.04924991949467465,0.6531433554047209,16,0.13464225981262617,0.019900761840982814,0.051423566326449344,0.004811184404038425,0.08886828962506152,0.013438215693042422,5.786692101202376e-05,7,22,0.056050243744420386,0.047304880194246175,False,True,True,5.238345568279321e-07,COMPLETE
439,0.3376479029655457,2025-04-15 01:17:20.382039,2025-04-15 01:17:37.484771,0 days 00:00:17.102732,0.06914452542224295,0.6056153040376995,16,0.12053848351089363,0.026464193593955795,0.0388162015536981,0.0010973030888619913,0.0739830417761055,0.01824959197487665,0.00012176181129922218,9,29,0.05086486298460042,0.034636933902852364,True,False,False,1.7240432403479387e-05,COMPLETE
440,0.46309041976928716,2025-04-15 01:17:37.634182,2025-04-15 01:17:54.282427,0 days 00:00:16.648245,0.10463492533540356,0.6911290459711074,16,0.13957648738949083,0.15985515078782897,0.044777353924724865,0.0071689782461077135,0.07118645711308708,0.0053194063940763875,7.222359498725455e-05,8,26,0.05345024181965052,0.04140264705499313,False,False,False,0.0001443071355999643,COMPLETE
441,0.24184724092483523,2025-04-15 01:17:54.420174,2025-04-15 01:18:11.202805,0 days 00:00:16.782631,0.12397652184730293,0.9595241437915686,16,0.11746439505373137,0.03178724267744494,0.05265383969262618,0.0029820369293705185,0.07617921115889989,0.021031071639873743,9.690897101139877e-05,9,12,0.057781804661108875,0.027577568145615836,False,False,False,1.8103214194608183e-05,COMPLETE
442,0.4144536256790161,2025-04-15 01:18:11.342986,2025-04-15 01:18:27.560115,0 days 00:00:16.217129,0.08373769265653319,0.6686229615625158,16,0.1272800610329812,0.005972127075003933,0.04232694639948168,0.004545613414752813,0.0776440013658757,0.008754413969235594,5.565236942517193e-05,7,17,0.055051081922719035,0.05044343542691893,False,False,False,1.824464837811167e-06,COMPLETE
443,0.36429423093795776,2025-04-15 01:18:27.707584,2025-04-15 01:18:43.249477,0 days 00:00:15.541893,0.7477848351804988,0.6297149902759879,16,0.11143774885439513,0.017551828556102524,0.046289553729109284,0.008639873014569463,0.07377350367675593,0.011065590581237534,8.159566740147928e-05,6,20,0.06374972091053746,0.05965810541274319,False,False,False,4.239783302062528e-05,COMPLETE
444,0.45327038764953614,2025-04-15 01:18:43.391430,2025-04-15 01:18:59.892073,0 days 00:00:16.500643,0.0505328995033663,0.7024535620942473,16,0.1332863329664839,0.023600661415044924,0.04930022800830095,0.005951017712698731,0.07854645917834209,0.015064202115252143,0.00010256936413189076,8,33,0.047564810424420165,0.04237770628073549,False,False,False,2.668862231224722e-05,COMPLETE
445,0.18795708417892457,2025-04-15 01:19:00.044602,2025-04-15 01:19:16.487264,0 days 00:00:16.442662,0.06947956470154645,0.646460828007167,16,0.14982047408506508,0.00018859776152143834,0.04768118038201723,0.002712829408858158,0.07352366708678035,0.04788234709109422,7.112353558052119e-05,9,23,0.059965158755502554,0.03357265338924663,False,False,False,8.86105841564058e-06,COMPLETE
446,0.2992509961128235,2025-04-15 01:19:16.627589,2025-04-15 01:19:32.893422,0 days 00:00:16.265833,0.0993294354239447,0.6053073771314269,16,0.12340910499057395,0.010674313073600523,0.05304024269550148,0.009285661886518904,0.009555097816774886,0.040089660210468704,2.9004305834039777e-05,7,29,0.08633378493834502,0.0030440656320223332,False,False,False,4.29065701330598e-06,COMPLETE
447,0.3573241889476776,2025-04-15 01:19:33.037029,2025-04-15 01:19:49.656277,0 days 00:00:16.619248,0.04665373656253318,0.7290690990048713,16,0.1075647023730817,0.03241670227508307,0.04316485848006772,0.0011618236067807322,0.06865599283367663,0.013153546450361348,8.858577831898253e-05,8,25,0.052280260629405495,0.27508185560656795,False,False,False,1.1911496665757548e-05,COMPLETE
448,0.2515085756778717,2025-04-15 01:19:49.808164,2025-04-15 01:20:06.638797,0 days 00:00:16.830633,0.08407084097806788,0.6744626695992177,16,0.11704383203008716,0.13380959148036092,0.04596992605994139,0.0044297859792399134,0.0580798577424394,0.006543986003409713,0.00012612252166997593,9,28,0.03177459943896932,0.03691536865286087,False,False,False,2.38869969310247e-05,COMPLETE
