number,value,datetime_start,datetime_complete,duration,params_alpha-eval,params_alpha-train,params_batch-size,params_eps-eval,params_eps-train,params_lambda-actions-eval,params_lambda-actions-train,params_lambda-frames-eval,params_lambda-frames-train,params_learning-rate,params_n-epochs,params_n-frames,params_radius-gw,params_rho,params_std-feats,params_ub-actions,params_ub-frames,params_weight-decay,state
1067,0.18795708417892457,2025-04-15 05:16:51.073990,2025-04-15 05:17:13.758968,0 days 00:00:22.684978,0.6238273492463151,0.4241018009826024,8,0.0410021308104164,0.28015839668661646,0.02946136092852383,0.07277833151142547,0.029504603577622218,0.07487529247045116,0.0005159558264331336,14,36,0.009152578793829115,0.006423842974428079,True,True,True,2.175132011452956e-07,COMPLETE
1068,0.4761668682098389,2025-04-15 05:17:14.101222,2025-04-15 05:17:37.108789,0 days 00:00:23.007567,0.6132854675769152,0.41711115646508623,8,0.039489505846250356,0.015431759240626114,0.031768413850037334,0.06966991159631088,0.03348288211275698,0.07662637901221761,0.0005690491079813978,14,33,0.009404660122874851,0.007108524608866266,True,True,True,1.6678486032211982e-07,COMPLETE
1069,0.49723550081253054,2025-04-15 05:17:37.449949,2025-04-15 05:18:00.364817,0 days 00:00:22.914868,0.6575670526682493,0.4107900585836519,8,0.031007268992252604,0.009798513509581224,0.03126520355075731,0.07174276482498373,0.029396446464316526,0.07731810809247117,0.0004413715220261681,14,37,0.007593556843096469,0.005453212558971724,True,True,True,1.0623930926169105e-07,COMPLETE
1070,0.18795708417892457,2025-04-15 05:18:00.709206,2025-04-15 05:18:22.617756,0 days 00:00:21.908550,0.6264520693673745,0.4309864054428281,8,0.029089517353504832,0.2583407562524148,0.02863218221918614,0.0636237365870371,0.0315194692380285,0.07597622956313314,0.00040506566409262066,13,35,0.009231823627958272,0.012184875410713258,True,True,True,6.529257049812657e-08,COMPLETE
1071,0.35856370925903325,2025-04-15 05:18:22.968241,2025-04-15 05:18:45.644085,0 days 00:00:22.675844,0.6647361462592343,0.047130035025819195,8,0.03517142099211376,0.015340119267575657,0.03324810611994073,0.07033323598776366,0.029189394028752046,0.07435721309554064,0.000578963645348321,14,32,0.010569693511427908,0.005965275003517494,True,True,True,1.275686707848565e-07,COMPLETE
1072,0.19162663221359255,2025-04-15 05:18:45.990256,2025-04-15 05:19:08.116223,0 days 00:00:22.125967,0.6443426131074113,0.4014048970587705,8,0.024998964749057627,0.22336142225018568,0.028777356715220217,0.0755378168446157,0.03387933577592671,0.07793486338976838,0.0004907389651463373,13,41,0.006972776573505416,0.01269424943355188,True,True,True,1.5978183280049182e-07,COMPLETE
1073,0.47281545400619507,2025-04-15 05:19:08.462590,2025-04-15 05:19:31.173630,0 days 00:00:22.711040,0.6938586646225348,0.43007456487652096,8,0.025971503991468747,0.009203842242478156,0.03425733772160225,0.06822556077606011,0.04035053863491957,0.07679205033174394,0.0003795208067532894,14,34,0.010904012091458847,0.018581061986590406,True,True,True,2.2226791447833543e-07,COMPLETE
1074,0.4599457621574402,2025-04-15 05:19:31.520460,2025-04-15 05:20:01.573142,0 days 00:00:30.052682,0.6388797616751106,0.44050756492787685,8,0.04091700029660639,0.017435696194570423,0.03110474582618569,0.07436201698251545,0.03180895593490917,0.08662449558872806,0.00037667245453723054,24,31,0.00964002122968699,0.011433578539400314,True,True,True,8.863990647800814e-08,COMPLETE
1075,0.556047809123993,2025-04-15 05:20:01.925769,2025-04-15 05:20:53.993737,0 days 00:00:52.067968,0.6006343981018283,0.42082788791174464,2,0.03340302651219673,0.010380418044228946,0.012577639974876563,0.07195631198024013,0.03610160001673653,0.09044767011215274,0.00044112192509074147,13,29,0.011534047090836176,0.005501114800165091,True,True,True,1.1678813612087434e-07,COMPLETE
1076,0.3371553957462311,2025-04-15 05:20:54.325151,2025-04-15 05:21:16.340518,0 days 00:00:22.015367,0.6819437411586636,0.40385478480738046,8,0.020700883175421826,0.02163403376696531,0.03285075147189476,0.07569313940368853,0.033301384070724124,0.07485340209767341,0.0003275636995022889,13,36,0.008600808322817117,0.02071993761237039,True,True,True,1.6594115923380715e-07,COMPLETE
1077,0.38041826486587527,2025-04-15 05:21:16.682767,2025-04-15 05:21:39.471825,0 days 00:00:22.789058,0.7127005675288204,0.4420981975878573,8,0.02826246920373793,0.014478187962994014,0.009353834093784874,0.07100038292693442,0.03776168313217131,0.07890339319134396,0.0005296147271700262,14,32,0.011427687277967065,0.014425777548588073,True,True,True,2.1596857594467873e-07,COMPLETE
1078,0.5753219127655029,2025-04-15 05:21:39.819832,2025-04-15 05:22:01.875585,0 days 00:00:22.055753,0.7536210757329411,0.42127669962335507,8,0.022464491236941435,0.008615416806429485,0.014790227848990537,0.07363889677254358,0.029733978834689163,0.07803473047060014,0.00035834087063015604,13,29,0.012344244227661838,0.005620772281988274,True,True,True,1.3930398901498912e-07,COMPLETE
1079,0.45143766403198243,2025-04-15 05:22:02.221724,2025-04-15 05:22:24.508423,0 days 00:00:22.286699,0.7835979843649653,0.4427232307276532,8,0.019679664732692587,0.008234288095808086,0.01490382310418128,0.06962044739517849,0.03041976394279326,0.07512087605000842,0.00041871789134247626,13,34,0.012399971273444558,0.006212010299744565,True,True,True,1.0097831495114807e-07,COMPLETE
1080,0.4322235226631165,2025-04-15 05:22:24.853412,2025-04-15 05:22:46.203095,0 days 00:00:21.349683,0.7654518123007389,0.40255672755130384,8,0.01824069603899248,0.006563905470287849,0.012378276440377893,0.07344565955150985,0.028644567021112143,0.07661305750710887,0.0005013343595990794,12,31,0.007688702266187842,0.005691756787129423,True,True,True,7.480553180916239e-08,COMPLETE
1081,0.3950908601284027,2025-04-15 05:22:46.552694,2025-04-15 05:23:09.224028,0 days 00:00:22.671334,0.7476971101493126,0.42709169387074664,8,0.023045697012792417,0.008644384798194467,0.01442895843785816,0.0719723757163655,0.031270312536287634,0.07807708204275793,0.00036483748428864875,14,38,0.00947413051484073,0.0015614400808366576,True,True,True,1.2892558325156203e-07,COMPLETE
1082,0.5725936532020569,2025-04-15 05:23:09.575674,2025-04-15 05:23:31.499809,0 days 00:00:21.924135,0.7415615242184194,0.4491385500869869,8,0.03381797005448013,0.008199197699755393,0.013868001092295561,0.06838115066724441,0.028990069888177532,0.07651172759905579,0.0005766774494829152,13,29,0.011715863909701484,0.005290067993248495,True,True,True,1.0754641762533281e-07,COMPLETE
1083,0.18795708417892457,2025-04-15 05:23:31.848959,2025-04-15 05:23:54.674435,0 days 00:00:22.825476,0.7768896279087902,0.4403437190408317,8,0.04355668844068412,0.20458620316545548,0.014663238946935503,0.0684435727155202,0.02852109007722064,0.07428373173979687,0.0005838279986265543,14,34,0.010905719229925668,0.00134813252833515,True,True,True,6.931544176007667e-08,COMPLETE
1084,0.4148869633674622,2025-04-15 05:23:55.025641,2025-04-15 05:24:16.873258,0 days 00:00:21.847617,0.7209381959469872,0.40365493941947783,8,0.03971080252809114,0.008184087150583684,0.016856399140989044,0.06701690325213326,0.02938889242756392,0.07665129546558944,0.0006565465401156458,13,31,0.006498504032354522,0.00557479331640778,True,True,True,8.68263851110409e-08,COMPLETE
1085,0.5719830751419068,2025-04-15 05:24:17.228551,2025-04-15 05:24:39.755213,0 days 00:00:22.526662,0.7543047192203098,0.42271313542690636,8,0.03253308458025503,0.0068942721452499335,0.009708887728943325,0.06720459307417377,0.029187910677993523,0.07487518336424755,0.0005479902270164755,14,29,0.010129964854940735,0.005654586099259562,True,True,True,1.0376964567448681e-07,COMPLETE
1086,0.3955149114131928,2025-04-15 05:24:40.090600,2025-04-15 05:25:02.815202,0 days 00:00:22.724602,0.7522500389395141,0.3972650400825925,8,0.03533702800110651,0.006704529271685078,0.009121525696732309,0.06499241398991656,0.02889961517298263,0.07376194236376062,0.00058380653722895,14,36,0.008098422448175803,0.00157261196632511,True,True,True,5.7427780354014925e-08,COMPLETE
1087,0.20957890152931213,2025-04-15 05:25:03.167254,2025-04-15 05:25:25.806807,0 days 00:00:22.639553,0.7734767755232843,0.4182272150908568,8,0.04493789219905876,0.006686981610729943,0.008376233035831517,0.0647179544486207,0.027766676821768383,0.07401283231256016,0.0006460710080981932,14,33,0.005817398287634652,0.0060155058141140106,True,True,True,8.756393035674692e-08,COMPLETE
1088,0.4559098243713379,2025-04-15 05:25:26.156059,2025-04-15 05:25:48.849052,0 days 00:00:22.692993,0.7873204249792015,0.41990315946383744,8,0.035609444434371224,0.005887448662557851,0.005193745236562874,0.0670030003501848,0.0300526524883918,0.07524756911939447,0.0004870829224669586,14,30,0.010430954024916532,0.004939102414672656,True,True,True,1.0682432482749644e-07,COMPLETE
1089,0.4286567568778992,2025-04-15 05:25:49.200555,2025-04-15 05:26:11.979120,0 days 00:00:22.778565,0.7447783391695703,0.42771005634714565,8,0.034289062157478394,0.007087367773535139,0.007787555245061027,0.06150546652148914,0.028690227877508082,0.07484680023152752,0.0005466237944231268,14,26,0.008930434160591156,0.0012269101446705606,True,True,True,7.41147821739627e-08,COMPLETE
1090,0.3644121050834656,2025-04-15 05:26:12.328193,2025-04-15 05:26:35.302978,0 days 00:00:22.974785,0.748444899300605,0.3964223384996856,8,0.04317760528431196,0.006066750358963326,0.010001941961458899,0.06332167849355419,0.030190964257667464,0.07653018426585065,0.0006466942575758793,14,32,0.0076641557007003525,0.006161280574572898,True,True,True,1.1930902128269505e-07,COMPLETE
1091,0.40060718655586247,2025-04-15 05:26:35.653067,2025-04-15 05:26:57.929592,0 days 00:00:22.276525,0.761886061996808,0.44001699241442077,8,0.030632173981649604,0.008719817527529034,0.011582170329448273,0.06500044414114876,0.027839235415782475,0.07719262524696778,0.0005616853319773677,13,39,0.010420978463210445,0.008839385173987803,True,True,True,1.736432703568292e-07,COMPLETE
1092,0.19694904685020448,2025-04-15 05:26:58.286650,2025-04-15 05:27:20.917179,0 days 00:00:22.630529,0.8117855115494942,0.40893437003405125,8,0.04048138239450816,0.011018350292923949,0.016812682450019444,0.06639870838788987,0.031121294575090955,0.07406405227880378,0.00057496147668045,14,30,0.011535546844595124,0.0015826289577905422,True,True,True,1.339624868762274e-07,COMPLETE
1093,0.568696939945221,2025-04-15 05:27:21.272433,2025-04-15 05:27:43.494845,0 days 00:00:22.222412,0.7873686872863687,0.44027703016313546,8,0.029634178175339268,0.0058052731567761985,0.011759676475966537,0.06834583827651386,0.0291427177742966,0.07819143181062778,0.0004993363077612783,13,35,0.005034248473548261,0.00901200010568605,True,True,True,9.465438334750483e-08,COMPLETE
1094,0.45272854566574094,2025-04-15 05:27:43.847291,2025-04-15 05:28:06.115498,0 days 00:00:22.268207,0.8215294338346847,0.41696374591348695,8,0.02940333686200048,0.013914318426270287,0.010800116449478873,0.06797437246417767,0.028565387494854693,0.07861455475195553,0.0006974211019173176,13,37,0.004514736922198912,0.006103496827952395,True,True,True,9.0574254855233e-08,COMPLETE
1095,0.4075405478477478,2025-04-15 05:28:06.472323,2025-04-15 05:28:28.750962,0 days 00:00:22.278639,0.7692447022482009,0.43220768853428765,8,0.03628237778102344,0.013529357749288474,0.012697877352167644,0.06584885299356501,0.027816027436480817,0.07806531113344327,0.0005099482665048372,13,42,0.005246890087757351,0.00951058640618806,True,True,True,7.429715893538187e-08,COMPLETE
1096,0.424600088596344,2025-04-15 05:28:29.107830,2025-04-15 05:28:51.835409,0 days 00:00:22.727579,0.8158022839929611,0.3993383117144192,8,0.029185845691753465,0.00916326229620242,0.010814705488809317,0.06649363116715523,0.030505829872101122,0.0763531705836448,0.0006189757649078136,14,34,0.004962500272843164,0.0011658048102563007,True,True,True,6.483375738209213e-08,COMPLETE
1097,0.3622454047203064,2025-04-15 05:28:52.174633,2025-04-15 05:29:44.025026,0 days 00:00:51.850393,0.7856957559882095,0.394498624185398,2,0.03465387957441027,0.015012891507487587,0.013203216454159157,0.06976398590223146,0.031984263301956604,0.07867126141169069,0.0005064299196100148,13,36,0.006130286656630282,0.010052403253525228,True,True,True,5.676198848437652e-08,COMPLETE
1098,0.4721426606178284,2025-04-15 05:29:44.377034,2025-04-15 05:30:07.101676,0 days 00:00:22.724642,0.7892057824724124,0.43758691328605975,8,0.025986085260678374,0.0062170706087583665,0.009877112734231964,0.07056432160157278,0.029853676996238834,0.07815828407299508,0.0004454289195313573,14,34,0.00698003289265392,0.006488695313049451,True,True,True,9.436723510645535e-08,COMPLETE
1099,0.3598499476909638,2025-04-15 05:30:07.454412,2025-04-15 05:30:29.550806,0 days 00:00:22.096394,0.7479984080285575,0.41923830513726673,8,0.04538646993635345,0.019672018762124658,0.007828444067943103,0.06845248822319118,0.03206744549341371,0.07595026551425461,0.0005887800944563825,13,40,0.0035246658894144724,0.0013042844835570895,True,True,True,8.449908281739716e-08,COMPLETE
1100,0.31712343692779543,2025-04-15 05:30:29.902267,2025-04-15 05:30:52.185153,0 days 00:00:22.282886,0.7659604638417419,0.44649552207346993,8,0.03096996048666362,0.013138857993857105,0.012246415924509667,0.06808340203012204,0.027739387479095833,0.07893330910889386,0.0005004540859210087,13,35,0.008736369457952274,0.14009224835647086,True,True,True,6.356460670576776e-08,COMPLETE
1101,0.3092725515365601,2025-04-15 05:30:52.540782,2025-04-15 05:31:15.110365,0 days 00:00:22.569583,0.7952259375873739,0.42462990829691033,8,0.03901262563720652,0.0070612290650290494,0.015468200519084083,0.06873778425779856,0.03010257512618525,0.07648426112874067,0.00043187538376352163,14,32,0.01068633565585474,0.010909158493068482,True,True,True,1.1393180227092794e-07,COMPLETE
1102,0.5721181035041809,2025-04-15 05:31:15.465394,2025-04-15 05:31:36.759306,0 days 00:00:21.293912,0.7382877751954513,0.45266797533269637,8,0.02529076152356388,0.018477321383981775,0.00743410761503173,0.0696221771646249,0.027799507249869425,0.0796964807040495,0.000565852224966206,12,29,0.007163424184226866,0.009485135503399862,True,True,True,7.721739175751018e-08,COMPLETE
1103,0.3850961089134216,2025-04-15 05:31:37.114010,2025-04-15 05:31:58.690036,0 days 00:00:21.576026,0.7368969770489293,0.4559622877835329,8,0.027472949120240696,0.02392219089019455,0.008982077566604206,0.06599210527373979,0.032207764806051566,0.08040242469598047,0.0005783690697929107,12,32,0.003922976213257786,0.010642992495550218,True,True,True,6.356801132210408e-08,COMPLETE
1104,0.18795708417892457,2025-04-15 05:31:59.047666,2025-04-15 05:32:19.646408,0 days 00:00:20.598742,0.7351200998021816,0.39287867253591036,8,0.024497254514179258,0.1316307397395549,0.002802376052331858,0.06933643356473586,0.02939948092704878,0.08009869994526735,0.00046351217687654885,11,37,0.006818751298882203,0.010830038942063183,True,True,True,4.938090885414444e-08,COMPLETE
1105,0.42784343957901005,2025-04-15 05:32:20.004738,2025-04-15 05:32:41.320751,0 days 00:00:21.316013,0.7337637059245136,0.4628369023079186,8,0.022782127518873933,0.020501105819893485,0.00572046679277035,0.06441439611598615,0.032544593319224324,0.07960536019939163,0.0005110050357880564,12,30,0.005145592612304427,0.011712364636706156,True,True,True,7.811773250725567e-08,COMPLETE
1106,0.18795708417892457,2025-04-15 05:32:41.679001,2025-04-15 05:33:03.061302,0 days 00:00:21.382301,0.7593659253400927,0.4292468979150357,8,0.0324649820391979,0.2992094350061435,0.007755884036303096,0.06788283470257965,0.030541450331015258,0.08128381653609679,0.00042867119876701786,12,33,0.0032005366904198605,0.00564822768992492,True,True,True,5.415095829809196e-08,COMPLETE
1107,0.34625494480133057,2025-04-15 05:33:03.424970,2025-04-15 05:33:24.201269,0 days 00:00:20.776299,0.8057475112720729,0.41127651777317564,8,0.034729586435696395,0.02600251422798843,0.006431033048244009,0.07004883775147562,0.02829463244224322,0.07959824922762342,0.00048330632824733976,11,30,0.0013107963804562294,0.014588700356808388,True,True,True,7.492411583385466e-08,COMPLETE
1108,0.5782642841339112,2025-04-15 05:33:24.562097,2025-04-15 05:33:45.795766,0 days 00:00:21.233669,0.7560750521462779,0.44673627019592765,8,0.025486918748470512,0.01726356277000258,0.01087592912839815,0.06996149357386185,0.03317325335248936,0.07774771390109163,0.0006124547619468953,12,29,0.007340199816800481,0.001301618260665256,True,True,True,7.886986887657583e-08,COMPLETE
1109,0.4015817403793335,2025-04-15 05:33:46.163128,2025-04-15 05:34:07.075872,0 days 00:00:20.912744,0.7511840877988393,0.43985545625377265,8,0.0231100545002765,0.020010059088599607,0.009543374285056992,0.06298422898494387,0.03185853030372233,0.07738387038346117,0.0006650470165446543,11,35,0.006804399160518354,0.005203370180865688,True,True,True,6.010774241094174e-08,COMPLETE
1110,0.35999903678894046,2025-04-15 05:34:07.417631,2025-04-15 05:34:28.754985,0 days 00:00:21.337354,0.7769269941784878,0.41560403951786773,8,0.022782152551020226,0.02625404789043613,0.005756322209312535,0.06766522258672024,0.030282574586137142,0.07758563338022498,0.0006313959167153987,12,39,0.007658779654607621,0.0015415627840486296,True,True,True,5.62307824622863e-08,COMPLETE
1111,0.4065075516700745,2025-04-15 05:34:29.111695,2025-04-15 05:34:50.521985,0 days 00:00:21.410290,0.7892325163328533,0.3938092277930965,8,0.026775566126990585,0.0184363925134246,0.011695776147257123,0.06961389327852517,0.03319083965779003,0.07644258919292862,0.0005831332822804168,12,32,0.005564203740285809,0.005870580210274178,True,True,True,8.675424055471966e-08,COMPLETE
1112,0.4228620171546936,2025-04-15 05:34:50.879760,2025-04-15 05:35:12.138613,0 days 00:00:21.258853,0.7540954900774665,0.4443394729530129,8,0.039069737551823025,0.02026494286964156,0.00690577058741831,0.06725135682561478,0.02860678819023279,0.08241954843856943,0.0005440208210250061,12,30,0.00808997976634484,0.005525110068110482,True,True,True,6.793694221709343e-08,COMPLETE
1113,0.35622249245643617,2025-04-15 05:35:12.495479,2025-04-15 05:35:34.611718,0 days 00:00:22.116239,0.7211731998976387,0.4300668749130724,8,0.01949201805887134,0.02720108776407929,0.011284611855612884,0.06956122516580963,0.0329253724668185,0.07814176858611761,0.0006186874877031803,13,36,0.0052634846857344325,0.005511844350855931,True,True,True,4.077985306099718e-08,COMPLETE
1114,0.5681764721870423,2025-04-15 05:35:34.974520,2025-04-15 05:35:55.621072,0 days 00:00:20.646552,0.7352433055174543,0.45033162656196407,8,0.03148274039639532,0.015665841910306757,0.007295258509975202,0.06593821301084067,0.03151037348038355,0.08140865715341193,0.000691851604785196,11,29,0.00841481622977691,0.01043614875214752,True,True,True,8.182360253303732e-08,COMPLETE
1115,0.3955053806304932,2025-04-15 05:35:55.981207,2025-04-15 05:36:16.535610,0 days 00:00:20.554403,0.7372185384494119,0.46104146483670994,8,0.03530265456458966,0.036348763608390705,0.004684303361412659,0.06430809077736822,0.03139810514562925,0.08096716592693544,0.0007076748003541357,11,33,0.0022850789401230136,0.0017544885307597922,True,True,True,5.192449773987787e-08,COMPLETE
1116,0.18795708417892457,2025-04-15 05:36:16.899742,2025-04-15 05:36:37.082783,0 days 00:00:20.183041,0.7750436395037384,0.4563035938154322,8,0.04271893162201621,0.030808006731632937,0.007678788681205185,0.06576500623507091,0.031184540440739247,0.08340556434044688,0.0007079871121166113,11,29,0.007070098102084402,0.0015285715427367993,True,True,True,9.118674019886211e-08,COMPLETE
1117,0.40491666793823244,2025-04-15 05:36:37.443894,2025-04-15 05:36:58.376602,0 days 00:00:20.932708,0.7539726866755398,0.45242548957764817,8,0.030574376284851393,0.0251278403447516,0.008028036042600752,0.06218535910481911,0.03372855627086761,0.08265107047184529,0.0006763663412386364,11,33,0.003817529244511802,0.010310176955164861,True,True,True,6.210905598774304e-08,COMPLETE
1118,0.4775120854377747,2025-04-15 05:36:58.738769,2025-04-15 05:37:19.501929,0 days 00:00:20.763160,0.8020183766960868,0.4708627514450926,8,0.025965140714756158,0.021041425528421018,0.004815809833118967,0.065469931099044,0.02986709911543219,0.08143589352701765,0.0007339037513691127,11,29,0.008518924929178223,0.00152402883603092,True,True,True,7.585914920182013e-08,COMPLETE
1119,0.3799282550811768,2025-04-15 05:37:19.863341,2025-04-15 05:38:06.691635,0 days 00:00:46.828294,0.724956550839165,0.40822149787664314,2,0.03473866029523054,0.017481519960901366,0.009104980244576838,0.06782191178753667,0.0333140055241815,0.08174924480510684,0.0004964539570321095,11,38,0.005963240935153963,0.011340502898612357,True,True,True,6.669693281459019e-08,COMPLETE
1120,0.3873141407966614,2025-04-15 05:38:07.054108,2025-04-15 05:38:27.743641,0 days 00:00:20.689533,0.7607255320824491,0.43381103173428837,8,0.020350394468867862,0.0308792533119062,0.010339529877980641,0.0671718750518253,0.0315870819361225,0.08468613180060706,0.0006115834686040602,11,32,0.008493724454975388,0.001114580457175653,True,True,True,8.504635201140306e-08,COMPLETE
1121,0.18795708417892457,2025-04-15 05:38:28.106719,2025-04-15 05:38:49.076024,0 days 00:00:20.969305,0.7337658892703525,0.45171956752497944,8,0.045510695406108276,0.18134565260548124,0.0018230220676314426,0.06975806908313215,0.029199217677556163,0.07998730984703149,0.0005735294564863444,12,35,0.007282506963746898,0.00952988828038998,True,True,True,4.7978333063262546e-08,COMPLETE
1122,0.48320927619934084,2025-04-15 05:38:49.443307,2025-04-15 05:39:10.771740,0 days 00:00:21.328433,0.7197717471374252,0.41696428089412085,8,0.02872089901995118,0.024287093757368025,0.006944351762346924,0.07086336717149756,0.034380762295312804,0.08355725106087582,0.0007081180788723335,12,29,0.009727047240865483,0.006909271025240762,True,True,True,7.794314808376787e-08,COMPLETE
