number,value,datetime_start,datetime_complete,duration,params_alpha-eval,params_alpha-train,params_batch-size,params_eps-eval,params_eps-train,params_lambda-actions-eval,params_lambda-actions-train,params_lambda-frames-eval,params_lambda-frames-train,params_learning-rate,params_n-epochs,params_n-frames,params_radius-gw,params_rho,params_std-feats,params_ub-actions,params_ub-frames,params_weight-decay,state
1515,0.24670876264572145,2025-04-15 08:39:23.213623,2025-04-15 08:39:49.403257,0 days 00:00:26.189634,0.5376248775976938,0.31976803051450536,8,0.058369237536357865,0.03085565448488496,0.0034685798220424847,0.08351728518692643,0.029951987040490957,0.04633775040346596,0.0002647432614978396,19,31,0.00950937954952228,0.01829860649055544,True,True,True,1.8699401053332255e-06,COMPLETE
1516,0.3438275814056396,2025-04-15 08:39:49.891911,2025-04-15 08:40:17.441734,0 days 00:00:27.549823,0.2872845673487886,0.3451675809830356,8,0.06785332616165965,0.019920619884533322,0.005710202739563179,0.07967620294129511,0.03426062002972227,0.08058148059669791,0.00021139249337015628,21,27,0.014870678102127062,0.14545468014511545,True,True,True,8.571348889891147e-07,COMPLETE
1517,0.47194623947143555,2025-04-15 08:40:17.955282,2025-04-15 08:40:45.153137,0 days 00:00:27.197855,0.18638539202133952,0.34572648051293714,8,0.08045088868714204,0.024812190128287948,0.009168895002317936,0.03188742665781204,0.03145474274558764,0.08388759350076133,0.0001772963812849046,20,34,0.011971293719551518,0.011618221794837565,True,True,True,1.8051851213775152e-06,COMPLETE
1518,0.5715852022171021,2025-04-15 08:40:45.649315,2025-04-15 08:41:13.193286,0 days 00:00:27.543971,0.6011731555032515,0.3048193466714098,8,0.07122080410642814,0.0179244093263463,0.00307692992514464,0.07654564214019444,0.03610881879502533,0.07939420086021746,0.0002651359742665419,21,29,0.019027389980087624,0.0058713458733612505,True,True,True,2.3484697200910305e-06,COMPLETE
1519,0.18795708417892457,2025-04-15 08:41:13.680303,2025-04-15 08:42:24.063602,0 days 00:01:10.383299,0.5813168480893832,0.2902037481669995,2,0.060274269574469026,0.03465426317684583,0.0070158252206330065,0.05926140207577352,0.03254156837735599,0.08180882590861256,0.00014753192367558958,20,23,0.013990809218666612,0.024569449062890658,True,True,True,1.3551004268234492e-06,COMPLETE
1520,0.41608718633651737,2025-04-15 08:42:24.566298,2025-04-15 08:42:51.968298,0 days 00:00:27.402000,0.5200168206427187,0.3216809136693639,8,0.07536106157283759,0.01778281949117172,0.004224128581817474,0.08272289817332058,0.029415834889417725,0.08527251877792098,0.0002113426693652176,21,26,0.016114711610550447,0.015091817994818645,True,True,True,1.5544058038778936e-06,COMPLETE
1521,0.4085165143013001,2025-04-15 08:42:52.472392,2025-04-15 08:43:19.071356,0 days 00:00:26.598964,0.5593325149880795,0.2611512526390212,8,0.062357651002189825,0.02485517485120827,0.002774315933884045,0.078108616098431,0.034154431416370284,0.07962014592412782,0.00026639503359726836,19,35,0.009642468990765544,0.031874367745048454,True,True,True,1.498575764621916e-06,COMPLETE
1522,0.43067302703857424,2025-04-15 08:43:19.556510,2025-04-15 08:43:47.805399,0 days 00:00:28.248889,0.5474235160538021,0.3417194622982307,8,0.06689835189297809,0.01658545435110214,0.006535363808761666,0.07603297412301635,0.038284944194529213,0.08245309703042904,0.0002256722069267724,22,31,0.01707552029774884,0.006787548659848238,True,True,True,3.0831831341315446e-06,COMPLETE
1523,0.3730817794799805,2025-04-15 08:43:48.291001,2025-04-15 08:44:18.481459,0 days 00:00:30.190458,0.5894879335458023,0.3459064091762051,8,0.05451444208897755,0.028511823103637077,0.004639184514966391,0.08035574799375574,0.030823742724220338,0.07920091477633935,0.0003057414743850131,24,29,0.01200590603838894,0.001171111131732754,True,True,True,8.721085063504234e-07,COMPLETE
1524,0.3839231789112091,2025-04-15 08:44:18.988519,2025-04-15 08:44:47.177489,0 days 00:00:28.188970,0.5037886016417742,0.3080692288901888,8,0.08374916354345481,0.02265204020693725,0.008402044461947745,0.08127160058733386,0.03561530571786161,0.08053350757900232,0.0001725662393026342,21,37,0.015367289700028467,0.01192547261858822,True,True,True,2.2451148836942343e-06,COMPLETE
1525,0.2991184115409851,2025-04-15 08:44:47.667742,2025-04-15 08:45:14.754759,0 days 00:00:27.087017,0.4147838568043118,0.352014081293643,8,0.06898250497130683,0.015474720080905564,0.005518481218755625,0.07788335769727019,0.03251678767865933,0.041240314908650606,0.00026806379362335684,20,32,0.018908310129502323,0.020062755410825014,True,True,True,1.074195459984237e-06,COMPLETE
1526,0.4841759443283081,2025-04-15 08:45:15.242352,2025-04-15 08:45:40.801506,0 days 00:00:25.559154,0.34650043901534455,0.2901567455445209,8,0.05988255181154625,0.0166942235303744,0.0027995205542274484,0.07576182386906177,0.030103103647910537,0.07889405681105335,0.00033392960912231266,18,26,0.01353303444079305,0.01102048691416003,True,True,True,2.7142321782639e-06,COMPLETE
1527,0.18795708417892457,2025-04-15 08:45:41.287722,2025-04-15 08:46:07.287406,0 days 00:00:25.999684,0.5274815200833658,0.2732880088130682,8,0.07740037214915262,0.11727215009600403,0.0012310902068723584,0.08380231858867664,0.03381062573709146,0.0841022526849089,0.00023300279354065978,19,28,0.008920535419704926,0.018563038706941794,True,True,True,1.695223971917404e-06,COMPLETE
1528,0.18795708417892457,2025-04-15 08:46:07.791375,2025-04-15 08:46:36.260023,0 days 00:00:28.468648,0.5682810246494,0.3254739132010468,8,0.05381457909743291,0.13002377832523296,0.009515831362405143,0.07890689141224007,0.037435938747423805,0.08217100762282425,0.00020415855349033616,22,34,0.010745731850002386,0.005416606347378956,True,True,True,1.5266784948657865e-06,COMPLETE
1529,0.38923105001449587,2025-04-15 08:46:36.749932,2025-04-15 08:47:04.047777,0 days 00:00:27.297845,0.6069958483988189,0.35187181740564766,8,0.06525708500481672,0.02422718216983509,0.005036976380721277,0.075636707653642,0.06383892568130774,0.08765039674049918,0.0016152761930755362,20,24,0.016977086038382733,0.09985273357156167,True,True,True,3.2866823954572165e-06,COMPLETE
1530,0.18795708417892457,2025-04-15 08:47:04.535955,2025-04-15 08:47:40.280811,0 days 00:00:35.744856,0.5425285785498136,0.31266790929966937,8,0.05870443450649014,0.04119508926443116,0.001110674381071501,0.08175277043384557,0.029034407388548067,0.07879113109508151,0.0003440012318699469,26,150,0.013553966734458535,0.02507137427067149,True,True,True,1.0931855946061681e-06,COMPLETE
1531,0.3350112318992615,2025-04-15 08:47:40.791150,2025-04-15 08:48:10.166572,0 days 00:00:29.375422,0.5796697175294196,0.2533936168981496,8,0.07389767067685293,0.0329313839692012,0.006856394775299336,0.07736663513599089,0.032424363843649,0.08088096189525339,0.00014028276808430133,23,31,0.015530528686633212,0.01409739360152989,True,True,True,2.132568875921724e-06,COMPLETE
1532,0.18795708417892457,2025-04-15 08:48:10.653356,2025-04-15 08:48:38.413025,0 days 00:00:27.759669,0.48397614318573057,0.3421075623848373,8,0.052828452890716616,0.13836615772699293,0.0038978201662566428,0.07914983748290248,0.03578965626320136,0.08604016468301559,0.000281970989553445,21,23,0.02025445859549422,0.006886763416512509,True,True,True,8.965764245847736e-07,COMPLETE
1533,0.23055200576782225,2025-04-15 08:48:38.903770,2025-04-15 08:49:05.769150,0 days 00:00:26.865380,0.5587613234030488,0.27359255842476987,8,0.061442733690344614,0.050652292059957596,0.008657506299200878,0.07556889638661997,0.03088461419490947,0.07830621487826651,0.0003658390457858035,20,28,0.009088825920828544,0.016356268121708775,True,True,True,4.621878057019362e-06,COMPLETE
1534,0.2546975672245026,2025-04-15 08:49:06.274057,2025-04-15 08:49:34.622262,0 days 00:00:28.348205,0.5938732596430795,0.2943143333593883,8,0.09264053426982324,0.015734548980445018,0.0010287081410481854,0.04342410963166825,0.0346056092043895,0.052992706927138436,0.0001899816455401489,22,38,0.011650368209607586,0.01116042646628539,True,True,True,1.1978699701973624e-06,COMPLETE
1535,0.3752064049243927,2025-04-15 08:49:35.119426,2025-04-15 08:50:02.920449,0 days 00:00:27.801023,0.6305909582630527,0.32931298241919243,8,0.07151696748969956,0.021895637856462966,0.00621946105363067,0.0858074136996192,0.032595159626498095,0.08223560468031722,0.00024311781080979804,21,32,0.018005377731630707,0.006022582177697826,True,True,True,1.6507573028511017e-06,COMPLETE
1536,0.5009928941726685,2025-04-15 08:50:03.409928,2025-04-15 08:50:29.465127,0 days 00:00:26.055199,0.5239863252584762,0.35957869677118287,8,0.06544778935804021,0.013883063473332043,0.004102909841751592,0.08125919230909569,0.028921629933119614,0.08042868035950376,0.0002819010411145076,19,27,0.014144137864766086,0.020956829931337236,True,True,True,2.5000835791834977e-06,COMPLETE
1537,0.18795708417892457,2025-04-15 08:50:29.975106,2025-04-15 08:50:58.993036,0 days 00:00:29.017930,0.6158885518996453,0.31400026703058714,8,0.05251399747582907,0.2890258452714433,0.008065870584682343,0.07666505112245406,0.08444707152470957,0.07843960664981013,0.00031675586190014246,23,30,0.02179741478936863,0.001061664125564554,True,True,True,1.2782811784072702e-06,COMPLETE
1538,0.4043169736862183,2025-04-15 08:50:59.488930,2025-04-15 08:51:30.078517,0 days 00:00:30.589587,0.44773317585785527,0.3572536641759749,8,0.04669721789123718,0.027299963840521663,0.004696090496311442,0.07865418824991258,0.03708519351085537,0.08400091399166858,0.0003718968915766994,25,35,0.011789523977917809,0.028784705573181232,True,True,True,1.8389279318917149e-06,COMPLETE
1539,0.4516454458236695,2025-04-15 08:51:30.571744,2025-04-15 08:51:57.648508,0 days 00:00:27.076764,0.5688008239400533,0.3333558227216178,8,0.07891350885684364,0.019769031812203675,0.0029340566882161585,0.07501646762975947,0.039073730825739644,0.07812641858587112,0.00027251479253661594,20,25,0.016900823744087343,0.010871547194777358,True,True,True,1.3999996221442493e-06,COMPLETE
1540,0.5083639740943909,2025-04-15 08:51:58.141736,2025-04-15 08:52:26.505877,0 days 00:00:28.364141,0.5484870907413443,0.27632700792792414,8,0.05856335394537672,0.013018466111512639,0.005940591750968961,0.07989237884588873,0.034402021915341294,0.08077003806719357,0.00017002200798836554,22,33,0.008646883483720362,0.01655537958686132,True,True,True,9.221291743974151e-07,COMPLETE
1541,0.18910893201828005,2025-04-15 08:52:27.029785,2025-04-15 08:53:43.118956,0 days 00:01:16.089171,0.507180399300598,0.8891859047081079,2,0.08419467387406829,0.028445930736861073,0.009537023571908037,0.07519646970540363,0.031792781766091564,0.08254141771467467,0.0002289413522191254,21,143,0.01969646520118485,0.010367561257794814,True,True,True,7.864763925826276e-07,COMPLETE
1542,0.45479027032852176,2025-04-15 08:53:43.612532,2025-04-15 08:54:10.462118,0 days 00:00:26.849586,0.596543825717947,0.3004980643761397,8,0.06848848453482667,0.015381328113054466,0.0027053818714012122,0.08356675667822491,0.05172676335192352,0.07758889290871322,0.00036458109282991286,20,29,0.014989878437436809,0.023559590495203328,True,True,True,2.082745588352e-06,COMPLETE
1543,0.42872146368026737,2025-04-15 08:54:10.951304,2025-04-15 08:54:38.409137,0 days 00:00:27.457833,0.5321868332810142,0.2549087521084026,8,0.06445970063105586,0.021456441260255595,0.007247858265559424,0.05167327842139338,0.028963750003477593,0.07989198622598756,0.00019360711535635112,21,23,0.011002652043369634,0.0064930180234646535,True,True,True,3.3048445813314524e-06,COMPLETE
1544,0.18795708417892457,2025-04-15 08:54:38.922948,2025-04-15 08:55:05.650651,0 days 00:00:26.727703,0.575533021592125,0.35718094738428097,8,0.04986052613455845,0.03612086880214156,0.005412106543228708,0.0778394273389002,0.036347129617349504,0.08457142648113747,0.00029734212605528755,20,27,0.01301346646131609,0.0011785772576892607,True,True,True,1.6592519137658579e-06,COMPLETE
1545,0.19144731760025024,2025-04-15 08:55:06.144457,2025-04-15 08:55:35.096671,0 days 00:00:28.952214,0.4770143412362857,0.32867088907066033,8,0.057879426679651784,0.01383290993390711,0.003057427331048433,0.08126588274283515,0.04717846916385202,0.07784014429536629,0.0004052891555265285,19,139,0.01822533371052444,0.0010530819302760938,True,True,True,2.4755370438044688e-06,COMPLETE
1546,0.3431544601917267,2025-04-15 08:55:35.587902,2025-04-15 08:56:05.824976,0 days 00:00:30.237074,0.6150340142406381,0.3579302323256858,8,0.0720859151530864,0.01988417164723663,0.008285540720109837,0.07472857343238737,0.03351338660559206,0.08095764340003654,0.00023145229829736518,24,41,0.016561120638011847,0.015309236627085063,True,True,True,1.2939629121341916e-06,COMPLETE
1547,0.33117046356201174,2025-04-15 08:56:06.342107,2025-04-15 08:56:34.848375,0 days 00:00:28.506268,0.5099184012767239,0.2810125950714123,8,0.06384787483564905,0.026834383919517004,0.004521274044953508,0.07697581842576504,0.030605921475831677,0.08272299467158711,0.00013971113880267564,22,31,0.009709776116810807,0.020081551604081697,True,True,True,1.0170667803288618e-06,COMPLETE
1548,0.39682089090347294,2025-04-15 08:56:35.344587,2025-04-15 08:57:01.643730,0 days 00:00:26.299143,0.26099371556607875,0.34465086956796337,8,0.05554204245894722,0.011592811829290587,0.002777169997656156,0.07982609829023174,0.028820325116092723,0.07956761890756263,0.000295231476121199,19,35,0.013923030775686508,0.011491450182830765,True,True,True,3.0615074423349875e-06,COMPLETE
1549,0.4789156794548035,2025-04-15 08:57:02.136555,2025-04-15 08:57:29.561698,0 days 00:00:27.425143,0.5408531206482188,0.30548768297989015,8,0.0763896459369803,0.017606430790530064,0.006513958267742422,0.07493670782349815,0.0350796374561572,0.08675411168460856,0.0003424353869943309,21,26,0.015980001066538546,0.00631485618892459,True,True,True,1.875824276568697e-06,COMPLETE
1550,0.37053967714309693,2025-04-15 08:57:30.075418,2025-04-15 08:57:59.312325,0 days 00:00:29.236907,0.5893529723076799,0.3667313930059635,8,0.06851606479062101,0.02257420656092541,0.0010464453829411233,0.07636569093178608,0.03203565323792366,0.07745589908268509,0.00023745655650561024,23,30,0.012438394410518912,0.1848982946749538,True,True,True,1.4914999575744222e-06,COMPLETE
1551,0.3707217693328858,2025-04-15 08:57:59.808397,2025-04-15 08:58:26.720141,0 days 00:00:26.911744,0.6361479658877199,0.33001889216927954,8,0.04532850402863105,0.011914884992994468,0.00479447626863177,0.08246849790103962,0.03733901898443482,0.08152104315707558,0.0003815393119978665,20,23,0.018636387555230324,0.015440252016707023,True,True,True,1.2432275702623776e-06,COMPLETE
1552,0.3609356164932251,2025-04-15 08:58:27.214487,2025-04-15 08:58:52.857753,0 days 00:00:25.643266,0.5652198781227283,0.35487213310624477,8,0.05527228113632502,0.03079616632551966,0.009622719610415928,0.0779631059765835,0.033074366008883235,0.07912115261086934,0.00021124364637199966,18,32,0.008436036218545778,0.03205019021589607,True,True,True,7.448334646414856e-07,COMPLETE
1553,0.4950759887695313,2025-04-15 08:58:53.376410,2025-04-15 08:59:22.013609,0 days 00:00:28.637199,0.22636969593215536,0.30525367328363556,8,0.06071505208590833,0.011094332393553726,0.00746682753220937,0.07380036482052307,0.040194147457768774,0.08575849219784262,0.0001693614167219989,22,28,0.021654850327996397,0.021824801445665183,True,True,True,2.4394259113583394e-06,COMPLETE
1554,0.31308521032333375,2025-04-15 08:59:22.517690,2025-04-15 08:59:50.010421,0 days 00:00:27.492731,0.5490659187284297,0.3736353375038608,8,0.04881254810848863,0.017800480212022112,0.0029843653809513626,0.07873239224675356,0.031039335894891273,0.08342008004630702,0.0004281038998565203,20,39,0.011237451217039559,0.009809012846264118,True,True,True,2.0332048430586716e-06,COMPLETE
1555,0.3424579977989197,2025-04-15 08:59:50.503784,2025-04-15 09:00:18.309215,0 days 00:00:27.805431,0.5222665760165845,0.26924077296926074,8,0.07977149184201199,0.022911779988047127,0.005844877399847754,0.08462458037439934,0.03508587480120454,0.07669370620593946,0.00027229601257011877,21,36,0.01537862786016064,0.0260186601681288,True,True,True,1.1698610703725954e-06,COMPLETE
1556,0.4425257563591004,2025-04-15 09:00:18.829314,2025-04-15 09:00:45.096601,0 days 00:00:26.267287,0.6013906317155993,0.32198331771655503,8,0.07102879385858948,0.011485919778125851,0.004137597874902022,0.080479091050189,0.029025214190557584,0.08089286747100616,0.0003316004605802823,19,25,0.014112634142651202,0.00624120338411735,True,True,True,1.4950142806373864e-06,COMPLETE
1557,0.38413215279579166,2025-04-15 09:00:45.596660,2025-04-15 09:01:16.727106,0 days 00:00:31.130446,0.4971116925866273,0.28366791795441426,8,0.06212496099007988,0.01700936997820217,0.010144696285926454,0.07449323896989045,0.03831616009777643,0.07853019256171331,0.00019065245513138706,26,32,0.019431052407725368,0.01598699093482372,True,True,True,1.7928224152461038e-06,COMPLETE
1558,0.18795708417892457,2025-04-15 09:01:17.227087,2025-04-15 09:01:45.359206,0 days 00:00:28.132119,0.6477922107825034,0.36721121602076107,8,0.08811747606043244,0.1872579663768775,0.007996861002846564,0.061619450367212586,0.03332400224885356,0.07729079193420503,0.0002481330421772657,22,29,0.009958588908565092,0.011644507190351143,True,True,True,5.4172600252514484e-06,COMPLETE
1559,0.3984283328056336,2025-04-15 09:01:45.884885,2025-04-15 09:02:12.900322,0 days 00:00:27.015437,0.5776488451893715,0.3356033323811444,8,0.046250458429731356,0.028072123350502624,0.0028907119066368865,0.07733292453404046,0.03051052747224131,0.083590810773997,0.00040412170993818736,20,26,0.017826257339984143,0.006183141964006539,True,True,True,4.0957244329428215e-06,COMPLETE
1560,0.4935570478439331,2025-04-15 09:02:13.401113,2025-04-15 09:02:42.644499,0 days 00:00:29.243386,0.5519876260910102,0.35071413726590067,8,0.05165876874942489,0.010200658146211319,0.006700745420899809,0.07371628865906626,0.03576875383714662,0.07985892055702688,0.0003086480150873677,23,34,0.012804877458811106,0.019055962024601143,True,True,True,2.834864979451985e-06,COMPLETE
1561,0.18795708417892457,2025-04-15 09:02:43.143620,2025-04-15 09:04:05.934647,0 days 00:01:22.791027,0.6162134680959478,0.2521035930927775,2,0.07477332997707092,0.03739737857346903,0.0045502936956579405,0.07666231797289769,0.028935744489084245,0.07718389589045545,0.00015771573957452066,24,30,0.016254525142870454,0.001072007126914222,True,True,True,2.0400203380132085e-06,COMPLETE
1562,0.38880232572555545,2025-04-15 09:04:06.454758,2025-04-15 09:04:34.355536,0 days 00:00:27.900778,0.363723812795492,0.3695860680193599,8,0.06625368933123342,0.023341370138616018,0.006325760075129204,0.08243846571383268,0.03318542756314647,0.08166803579165784,0.00020958962663184766,21,28,0.008319398676752587,0.01153816889835386,True,True,True,7.458581129313104e-07,COMPLETE
1563,0.18795708417892457,2025-04-15 09:04:34.856594,2025-04-15 09:05:02.358796,0 days 00:00:27.502202,0.5863206198833907,0.2948175979760968,8,0.05840767848156134,0.0739889576529291,0.0024670019940709587,0.06473360656464401,0.03125424117775374,0.0793067585650249,0.00027275754277614634,21,23,0.020284407793762744,0.01627447605598511,True,True,True,9.99508103577372e-07,COMPLETE
1564,0.5876409649848938,2025-04-15 09:05:02.862375,2025-04-15 09:05:29.991449,0 days 00:00:27.129074,0.5266259550650492,0.31204167208893124,8,0.06990359631161386,0.015182943246511739,0.010099897474694704,0.07888512843387464,0.036532965825384206,0.08284846738733127,0.0004253174724843111,20,33,0.010699028545809716,0.025319207114476897,True,True,True,1.3054156162955757e-06,COMPLETE
1565,0.4734073162078858,2025-04-15 09:05:30.512868,2025-04-15 09:05:57.807238,0 days 00:00:27.294370,0.5282062986364758,0.31186985731742395,8,0.07593974233243228,0.03113858802730845,0.010227864070156644,0.0750137853643831,0.041255742667859495,0.08714936196712496,0.0003419696953418247,20,41,0.00843704283142271,0.030661010705958752,True,True,True,1.2057722397139956e-06,COMPLETE
1566,0.31655686497688296,2025-04-15 09:05:58.309610,2025-04-15 09:06:24.413693,0 days 00:00:26.104083,0.5079381649813188,0.31701582132346084,8,0.08505820253038256,0.02281208866583138,0.009845211482492915,0.0793463828625025,0.03644727410979573,0.08513967161335614,0.00044055458602251964,19,38,0.009813750513318972,0.03134242853166161,True,True,True,1.3962749709621993e-06,COMPLETE
1567,0.36538316607475285,2025-04-15 09:06:24.916776,2025-04-15 09:06:52.064890,0 days 00:00:27.148114,0.48729402624402746,0.27884712790461674,8,0.0714274259667972,0.026994845016312184,0.009606848113842315,0.07310834016600744,0.038253431066224086,0.08772927394517643,0.00023951071008421925,20,37,0.010890043537339345,0.025127934803916625,True,True,True,1.2003895394814152e-06,COMPLETE
1568,0.340049821138382,2025-04-15 09:06:52.589013,2025-04-15 09:07:19.005882,0 days 00:00:26.416869,0.5297163093919262,0.3009969299047835,8,0.0652433526555917,0.021657734633800024,0.010792954352370088,0.07653489228185743,0.038184959533978734,0.08463468734472754,0.00018623350586912838,19,36,0.010553932323690613,0.02957620797276151,True,True,True,7.861310611623968e-07,COMPLETE
1569,0.44831854104995733,2025-04-15 09:07:19.519717,2025-04-15 09:07:46.803584,0 days 00:00:27.283867,0.46287873144643343,0.29576774251210847,8,0.07926573349768168,0.017682624496293438,0.009397117625492312,0.0669301547762214,0.039517693680374805,0.08409747388271968,0.0003139504855177983,20,45,0.007977662979431813,0.026834190077032367,True,True,True,1.48531014831028e-06,COMPLETE
1570,0.36057250499725346,2025-04-15 09:07:47.308503,2025-04-15 09:08:15.821246,0 days 00:00:28.512743,0.5098308174368155,0.3292146741421801,8,0.07098127715582996,0.031636543448363856,0.007701828450546934,0.08045134645984114,0.036746338653087136,0.08608317045034153,0.0004335435084163239,19,108,0.008127958501722063,0.023675544682753367,True,True,True,9.240890595050825e-07,COMPLETE
