number,value,datetime_start,datetime_complete,duration,params_alpha-eval,params_alpha-train,params_batch-size,params_eps-eval,params_eps-train,params_lambda-actions-eval,params_lambda-actions-train,params_lambda-frames-eval,params_lambda-frames-train,params_learning-rate,params_n-epochs,params_n-frames,params_radius-gw,params_rho,params_std-feats,params_ub-actions,params_ub-frames,params_weight-decay,state
1120,0.4352098941802979,2025-04-13 08:34:56.553319,2025-04-13 08:35:15.621036,0 days 00:00:19.067717,0.8273723161296468,0.06814088056932852,16,0.021404669054756513,0.00021092121483505706,0.03157971039284509,0.08665665217045632,0.04718731889768153,0.08710673705181182,0.00011930005951206556,18,41,0.007801891935735973,0.012057559982998761,False,True,True,0.0002666733660005449,COMPLETE
1121,0.4367688536643982,2025-04-13 08:35:15.986775,2025-04-13 08:35:34.859661,0 days 00:00:18.872886,0.8271911256433373,0.07061965969562814,16,0.021517748722766322,0.004603228235685963,0.03236758721641259,0.08399936961581474,0.046768103922438214,0.0877843798637062,0.00013159309584999737,18,46,0.010838511387215423,0.020582532636873048,False,True,True,0.000209544062810999,COMPLETE
1122,0.18795708417892457,2025-04-13 08:35:35.224996,2025-04-13 08:35:53.525130,0 days 00:00:18.300134,0.8361053362245585,0.04815346495449539,16,0.1937239094815292,0.00034682264732077,0.033457943413396356,0.08650138744055691,0.04960632332750467,0.08159824781341256,0.00014498183596043415,18,38,0.00989728263004568,0.008234361398097512,False,True,True,0.0001602820845786039,COMPLETE
1123,0.3929952383041382,2025-04-13 08:35:53.891184,2025-04-13 08:36:13.042482,0 days 00:00:19.151298,0.8192996059704528,0.0692665967748995,16,0.02092551341969207,0.00014562454800648238,0.03421893129667009,0.08783446404868868,0.0438275123970589,0.09091679087279529,0.00010734749410018255,19,44,0.00853416296784417,0.02246856667267391,False,True,True,0.0003412240366370558,COMPLETE
1124,0.6041055083274841,2025-04-13 08:36:13.413273,2025-04-13 08:36:32.366074,0 days 00:00:18.952801,0.8442638432593363,0.0686279895783225,16,0.018555085683255135,0.005709948822071375,0.03458273113564417,0.08452651255051391,0.04496863136075893,0.08463276625074939,0.00014232303548673483,18,36,0.011893420400324102,0.016234395672217995,False,True,True,0.00024826696988447224,COMPLETE
1125,0.5249633669853211,2025-04-13 08:36:32.737035,2025-04-13 08:37:38.302784,0 days 00:01:05.565749,0.873823955351236,0.07208579857944251,2,0.015942079977499368,0.00029282177079887305,0.03582621571561247,0.08348258256643187,0.04561551014243494,0.08640581634071852,0.00011238379324549042,18,40,0.012633950808524093,0.0036539210775255997,False,True,True,0.00016340167588092984,COMPLETE
1126,0.6042970657348633,2025-04-13 08:37:38.653981,2025-04-13 08:37:57.396041,0 days 00:00:18.742060,0.8237858043150714,0.06869283500715434,16,0.01615265207201874,0.005309015610786575,0.03437637293324944,0.08352947893560997,0.0443378979247952,0.08340532252909937,0.0001357873778872221,18,38,0.013461641706351063,0.015196485977906309,False,True,True,0.0002162320970185699,COMPLETE
1127,0.48155606985092164,2025-04-13 08:37:57.760053,2025-04-13 08:38:16.669847,0 days 00:00:18.909794,0.8232517609110275,0.06812139282102912,16,0.013693598632197029,0.00495368990869965,0.0340437864633092,0.08017866137420397,0.04174868182761571,0.0830096299102224,0.0051834095749212755,18,42,0.014674175171330376,0.01785435719323772,False,True,True,0.00019098268484265098,COMPLETE
1128,0.6056473135948182,2025-04-13 08:38:17.032724,2025-04-13 08:38:35.941925,0 days 00:00:18.909201,0.8230799961373313,0.07434594465988481,16,0.013403134871135581,0.005432281575189336,0.030394098575743676,0.08252854250353697,0.042175586720426504,0.08423682501485445,0.00011057102321426288,18,36,0.014580801738735475,0.024941606563408773,False,True,True,0.0001344258451558508,COMPLETE
1129,0.4231103658676148,2025-04-13 08:38:36.306933,2025-04-13 08:38:54.924613,0 days 00:00:18.617680,0.8159188848044843,0.08072341057480822,16,0.019335372044958152,0.010604799306510999,0.0313594552448843,0.08364994897231023,0.0424200020950266,0.08276123160427513,9.726475667831512e-05,18,50,0.017454760386766997,0.016850209729392066,False,True,True,0.0001391604195105861,COMPLETE
1130,0.4365580558776856,2025-04-13 08:38:55.289366,2025-04-13 08:39:13.986326,0 days 00:00:18.696960,0.8203771010134038,0.06836350098524077,16,0.010585817319704276,0.00615245831644371,0.031684222648682495,0.08096217835207468,0.044015321614378045,0.08355364700036036,0.00010502118778394956,18,39,0.01502523256379108,0.01513247481060607,False,True,True,0.00013608447185866414,COMPLETE
1131,0.18795708417892457,2025-04-13 08:39:14.351918,2025-04-13 08:39:32.913351,0 days 00:00:18.561433,0.8138323706525696,0.07659725546093249,16,0.015269088329416558,0.07583477340208589,0.02712465552294345,0.0810780850922158,0.04455546523436499,0.08101265016657705,8.579748644982415e-05,18,44,0.015960382717266443,0.023060021150926407,False,True,True,0.00015706817493379288,COMPLETE
1132,0.33709198236465454,2025-04-13 08:39:33.279289,2025-04-13 08:39:51.682790,0 days 00:00:18.403501,0.8230319021526626,0.0733396729622608,16,0.021384511866749025,0.006143869264172137,0.027421318533043464,0.08242735599493686,0.04324496033416384,0.08083325737671392,0.00010467865762125844,18,37,0.014304025918680678,0.013330842937659012,False,True,False,0.00018354386656302464,COMPLETE
1133,0.4020206689834595,2025-04-13 08:39:52.046872,2025-04-13 08:40:10.579768,0 days 00:00:18.532896,0.8264090230781052,0.04894268308325944,16,0.009631172307685905,0.015558550842896663,0.028260606745224827,0.08224641490564834,0.03800375679134449,0.08554314365897835,0.0001157093901484834,18,40,0.014078645254458741,0.024548742963104966,False,True,True,0.0002256838751251871,COMPLETE
1134,0.6052237391471863,2025-04-13 08:40:10.945759,2025-04-13 08:40:29.898015,0 days 00:00:18.952256,0.8382874791765483,0.06332823510745439,16,0.015560947147569398,0.009734185643269017,0.02988507521827771,0.08351013749918006,0.041082428145219174,0.08376012262874807,0.00010010453963919162,18,36,0.017903771465638277,0.021310392118274152,False,True,True,0.00019378082787652117,COMPLETE
1135,0.4089520454406739,2025-04-13 08:40:30.265555,2025-04-13 08:40:49.187131,0 days 00:00:18.921576,0.8365462754786537,0.075510703157419,16,0.023818832045881325,0.017515722423553294,0.028582428110377315,0.08354068149366904,0.0416967505755451,0.08406293438419504,6.879770068834906e-05,18,42,0.017444031162708897,0.014290381402453776,False,True,True,0.00011210006999837629,COMPLETE
1136,0.29419633746147156,2025-04-13 08:40:49.554606,2025-04-13 08:41:08.127047,0 days 00:00:18.572441,0.8422802371097431,0.07771383460774153,16,0.019472686090912194,0.013012325367620148,0.03244141872077847,0.08376531419153174,0.038364557932626143,0.08499408631221986,8.001015714381448e-05,17,36,0.017184467173370545,0.0072401357070487095,True,False,True,0.0001401184624881941,COMPLETE
1137,0.42497043609619145,2025-04-13 08:41:08.494302,2025-04-13 08:41:27.174382,0 days 00:00:18.680080,0.8457436188340878,0.06289698947685934,16,0.02213261592847198,0.018678053257615013,0.029768342172843548,0.07960091044448886,0.0443081787017558,0.08292113747283804,9.580728516779552e-05,18,39,0.016137228264311528,0.0204023675729229,False,True,True,0.00012050402996064266,COMPLETE
1138,0.6047370910644532,2025-04-13 08:41:27.546342,2025-04-13 08:41:45.981130,0 days 00:00:18.434788,0.8638819430864573,0.058464649448873654,16,0.01675840941959776,0.013977910695234005,0.03366446155236357,0.0820177607659711,0.03957009088476774,0.08329724878830953,8.696465906860769e-05,17,35,0.015734029303016088,0.01683452577612255,False,True,True,0.0001794611784155953,COMPLETE
1139,0.1993790626525879,2025-04-13 08:41:46.352939,2025-04-13 08:42:05.855487,0 days 00:00:19.502548,0.9000383558264932,0.08285437660320627,16,0.022046716541830727,0.10261557665402785,0.033043950073305815,0.08117172011562554,0.042675976917037846,0.08468788298072821,8.323949148771261e-05,19,84,0.018000185336335555,0.011073700638148918,False,True,True,0.00012666555935760996,COMPLETE
1140,0.5723092675209046,2025-04-13 08:42:06.233025,2025-04-13 08:42:24.553808,0 days 00:00:18.320783,0.8740895063935913,0.0866155842862475,16,0.016873863961883326,0.018703249039949695,0.029655412342506945,0.08236620014421285,0.039871484937928234,0.08309577578733966,5.517556616561523e-05,17,35,0.019359501704306042,0.005357359686886581,False,True,True,0.00015948196329303876,COMPLETE
1141,0.18795708417892457,2025-04-13 08:42:24.927978,2025-04-13 08:42:43.334504,0 days 00:00:18.406526,0.9332920350191647,0.06541155324826645,16,0.02311240439291033,0.01761595043298475,0.03032385685654377,0.07924458800491653,0.04099964317747243,0.08244432496359508,7.165716513820175e-05,18,34,0.016287091480536395,0.015507750945896449,False,True,True,0.00016881707858324224,COMPLETE
1142,0.4110619783401489,2025-04-13 08:42:43.709327,2025-04-13 08:43:01.982777,0 days 00:00:18.273450,0.8856498452459785,0.08756526404653911,16,0.01630744738925919,0.012527343230009928,0.03405379813216079,0.080683983669427,0.03951953993987948,0.08391600175329544,6.812105353002586e-05,17,46,0.01580203227301495,0.01075568469942133,False,True,True,0.00012334371084570225,COMPLETE
1143,0.379111397266388,2025-04-13 08:43:02.355328,2025-04-13 08:43:21.407220,0 days 00:00:19.051892,0.8645214967922452,0.06302787880192248,16,0.02459837626449096,0.01186240058890929,0.025903252328119734,0.08208943530993851,0.042844352705157934,0.086358685476867,9.027973977972928e-05,19,38,0.018383154552498955,0.0020768077429989783,False,True,True,0.00018031066791757353,COMPLETE
1144,0.4165286660194397,2025-04-13 08:43:21.780287,2025-04-13 08:43:40.582390,0 days 00:00:18.802103,0.8615182672023821,0.08290210734408271,16,0.014922457755898464,0.01820344263296784,0.032201433474903715,0.08225753561154622,0.040048741219102735,0.08655834972242732,5.459644165672262e-05,18,41,0.015246590080629152,0.027325570094588886,False,True,True,0.00014474846264491206,COMPLETE
1145,0.2008378565311432,2025-04-13 08:43:40.959222,2025-04-13 08:44:43.266559,0 days 00:01:02.307337,0.9197748212566612,0.06034586640257604,2,0.018719585050876703,0.011131905856378724,0.03070668542013384,0.08217906929450577,0.04438022768438525,0.08488985057248716,8.23671729231815e-05,17,34,0.017947913848234208,0.018678740844345558,False,True,True,0.0001908173803024063,COMPLETE
1146,0.42417426109313966,2025-04-13 08:44:43.639524,2025-04-13 08:45:02.512484,0 days 00:00:18.872960,0.8946473217513531,0.059002514008331085,16,0.011281492078841368,0.017916257052772312,0.03459123719441135,0.08009936214735015,0.040755935978379024,0.0823021950735311,9.66865128476569e-05,18,37,0.015044286710340473,0.01577863816953872,False,True,True,0.00018965052526757282,COMPLETE
1147,0.38138686418533324,2025-04-13 08:45:02.891681,2025-04-13 08:45:21.169033,0 days 00:00:18.277352,0.5153998496125343,0.08310646735588575,16,0.02398552993396868,0.010399319071835219,0.03504429230399122,0.08408485594115807,0.038676593517227645,0.08098993123792009,7.164936387567687e-05,17,30,0.012982025480013018,0.0300535880692789,False,True,True,0.00015140758118505974,COMPLETE
1148,0.33215612173080444,2025-04-13 08:45:21.525276,2025-04-13 08:45:41.324652,0 days 00:00:19.799376,0.8581177983053535,0.05246569944452711,16,0.012114511184922905,0.010596025792664877,0.03230688060310895,0.08414736617749072,0.046014851564938807,0.08826764334337142,9.779539543457046e-05,19,114,0.013871009148786488,0.02234505359047988,False,True,True,0.00010908934286912422,COMPLETE
1149,0.56557776927948,2025-04-13 08:45:41.696647,2025-04-13 08:45:59.993589,0 days 00:00:18.296942,0.8735815626646094,0.0712203108329973,16,0.018639786262743596,0.018245854053829644,0.033573318340752153,0.07932479572846528,0.04588664348876001,0.08473660744693176,8.318220977181559e-05,17,35,0.01571257246818865,0.011678998586123824,False,True,True,0.00019083223792409177,COMPLETE
1150,0.4356243491172791,2025-04-13 08:46:00.364415,2025-04-13 08:46:18.985076,0 days 00:00:18.620661,0.8373974762044734,0.0484803771729574,16,0.011066740195391556,0.010000972461247816,0.03537562530098114,0.08364248935405932,0.03648610525847104,0.08194641682909946,0.00010269643450089796,18,39,0.01871017175647092,0.02296255848291337,False,True,True,0.00021507294563726347,COMPLETE
1151,0.44649773836135864,2025-04-13 08:46:19.355822,2025-04-13 08:46:38.380602,0 days 00:00:19.024780,0.8520471271065928,0.5184410057334049,16,0.024944798560298527,0.005723520028837861,0.02592157494745454,0.08446890751511736,0.043191445646555034,0.08550471149068806,6.193069022627864e-05,19,32,0.01367149021202533,0.029964023053558372,False,True,True,0.00021766668695664986,COMPLETE
1152,0.3622686505317688,2025-04-13 08:46:38.751556,2025-04-13 08:46:57.020484,0 days 00:00:18.268928,0.8172637663491354,0.0849163756422173,16,0.016894135047985367,0.014905215540186775,0.0338677564465605,0.08518479701986155,0.04572320855354985,0.08380750910622235,4.949193519680699e-05,17,43,0.013552200431963944,0.007375474627751043,False,True,False,0.00014342715802980773,COMPLETE
1153,0.6023833870887756,2025-04-13 08:46:57.390735,2025-04-13 08:47:16.086256,0 days 00:00:18.695521,0.8879924292693713,0.049879951723638086,16,0.009662282578099292,0.006725622025326092,0.028485422339480475,0.08243332123255244,0.041671406160182355,0.07955491729759948,0.00010539724247051253,18,35,0.017302259419609146,0.01825647650347315,False,True,True,0.00022470081362938943,COMPLETE
1154,0.2015758454799652,2025-04-13 08:47:16.457848,2025-04-13 08:47:34.904071,0 days 00:00:18.446223,0.9121347081084679,0.09312884578152728,16,0.02052588993539535,0.00011272145883976098,0.028764689911879037,0.07992332363518144,0.04126058105584085,0.08284848739753262,6.327273808459293e-05,18,40,0.018971829174990584,0.016351471964856364,False,True,True,0.00014127706502495516,COMPLETE
1155,0.28654725551605226,2025-04-13 08:47:35.277568,2025-04-13 08:47:53.831990,0 days 00:00:18.554422,0.897939983076729,0.0631125129491842,16,0.024137429551255887,0.005695390013128162,0.02852635500179771,0.08156092883705307,0.042368931421159196,0.08023785054880822,9.12138515070558e-05,17,37,0.017022311845065724,0.001577372892014893,True,False,True,0.000178335583077815,COMPLETE
1156,0.1878650724887848,2025-04-13 08:47:54.204602,2025-04-13 08:48:13.006427,0 days 00:00:18.801825,0.9232061732177655,0.07269841201073317,16,0.01837809493496826,0.0059965405508517035,0.030530124916930093,0.0817761820583743,0.04197567403643199,0.08245897701327376,7.229400897298659e-05,19,35,0.01695150086501403,0.019820317416266456,False,True,True,0.00021402016828083289,COMPLETE
1157,0.20738022327423095,2025-04-13 08:48:13.381261,2025-04-13 08:48:31.798578,0 days 00:00:18.417317,0.9601391723396133,0.048239348680802756,16,0.012405000028491955,0.005849824449110835,0.024308201042076566,0.07814349112847738,0.044406928781786544,0.08472513828314156,7.676117323625075e-05,17,41,0.019199029323830427,0.010681687182391649,False,True,True,0.00016405368089548374,COMPLETE
1158,0.4777571201324463,2025-04-13 08:48:32.172790,2025-04-13 08:48:50.799068,0 days 00:00:18.626278,0.9004715175554618,0.5489065934451712,16,0.014593382046579045,0.014975896374305853,0.027775847964008612,0.08246285078234561,0.03873862072834494,0.08150206553449842,0.00010224250918134215,18,38,0.016298932280778874,0.02651588448015106,False,True,True,9.270690561976686e-05,COMPLETE
1159,0.18795708417892457,2025-04-13 08:48:51.172915,2025-04-13 08:49:09.730997,0 days 00:00:18.558082,0.8882491224662951,0.7178090381834669,16,0.02239613396907817,0.010147120602698928,0.030391566775697224,0.08024733346868879,0.04730264328780129,0.07912551807886335,8.887081159915605e-05,19,34,0.014514651237555172,0.015993880976828013,False,True,True,0.00011934556968952059,COMPLETE
1160,0.18795708417892457,2025-04-13 08:49:10.108644,2025-04-13 08:49:31.336320,0 days 00:00:21.227676,0.9312413508459274,0.09083546826345193,16,0.01568073816299887,0.0666772072941908,0.0272419965985801,0.0831333330369319,0.04441209356803282,0.08832262684791574,0.00010602356615751011,26,44,0.0178596511391912,0.024563576076551016,False,True,True,0.0002222191243974728,COMPLETE
1161,0.1821765959262848,2025-04-13 08:49:31.713365,2025-04-13 08:49:49.826160,0 days 00:00:18.112795,0.8802389838750234,0.045096033128123617,16,0.025825171170248365,0.0060622984773569515,0.031004739754020925,0.08339038336190552,0.03640961141491935,0.0796233552232295,2.5540875044320348e-05,17,37,0.016546947807348826,0.0198158098601541,False,True,True,0.00017848593930401397,COMPLETE
1162,0.544541609287262,2025-04-13 08:49:50.205773,2025-04-13 08:50:09.010070,0 days 00:00:18.804297,0.9037818005398366,0.06526828604982061,16,0.009667656441723967,0.018897806173655995,0.0319574660124763,0.08353830998996915,0.0401762891773779,0.07952625395455656,0.00011128736273576926,18,35,0.014087983373851875,0.011124426293449936,False,True,True,0.000239881780915844,COMPLETE
1163,0.18795708417892457,2025-04-13 08:50:09.385788,2025-04-13 08:50:27.357202,0 days 00:00:17.971414,0.8711508304784006,0.042020682596598094,16,0.017999227526571918,0.2013756674866402,0.025999508940981485,0.078493098662271,0.039954359071629426,0.0863336456885898,8.02774705828576e-05,17,39,0.015784895693656965,0.028785926505969495,False,True,True,0.00022522169629235475,COMPLETE
1164,0.1945322394371033,2025-04-13 08:50:27.738160,2025-04-13 08:50:46.274028,0 days 00:00:18.535868,0.4561885650893104,0.07291556381621185,16,0.16815977365483095,0.0052628462539925465,0.02955799236889439,0.08554780637971116,0.047096873596258436,0.08040024478489582,0.00010368900134541314,18,47,0.01926379124016139,0.014526516755962275,False,True,True,0.00015485667985123193,COMPLETE
1165,0.18795708417892457,2025-04-13 08:50:46.649584,2025-04-13 08:51:53.831236,0 days 00:01:07.181652,0.8787085621891426,0.09377321411834778,2,0.2259949048032947,0.0121175704697666,0.03182176079197989,0.08461899155635719,0.043119575092654766,0.08422505084019143,9.313627170237146e-05,19,31,0.012702516489723776,0.022463630137021975,False,True,True,0.0002593121070833339,COMPLETE
1166,0.18613505363464355,2025-04-13 08:51:54.211582,2025-04-13 08:52:12.391766,0 days 00:00:18.180184,0.9481425014915821,0.057997648688062425,16,0.010606372337245182,0.0006377603493320895,0.02906678781893963,0.08096207673219807,0.04590665227537497,0.08758487098441428,0.0001147460975708053,17,41,0.014560613068569216,0.006858108054009764,False,True,True,0.00019278548614584489,COMPLETE
1167,0.3292997062206269,2025-04-13 08:52:12.770446,2025-04-13 08:52:31.351247,0 days 00:00:18.580801,0.859420095698955,0.03683377440360937,16,0.019638823505969672,0.00039097911093474626,0.03631312417401311,0.08489613124713266,0.033201471088363924,0.08277825226377435,0.00011268751040813046,18,34,0.012731322342892745,0.019151098363006443,False,True,True,2.2763876340449764e-08,COMPLETE
1168,0.181566333770752,2025-04-13 08:52:31.729582,2025-04-13 08:52:49.780081,0 days 00:00:18.050499,0.890041081783054,0.03507260489908212,16,0.024784114283961295,0.00016758176344966024,0.06297229240841343,0.08020111441578884,0.04175913155175463,0.08532878428873121,7.8240791273871e-05,17,28,0.016515488192307498,0.03238738119354344,False,True,True,0.0002498898587816259,COMPLETE
1169,0.34412679672241214,2025-04-13 08:52:50.158699,2025-04-13 08:53:08.792675,0 days 00:00:18.633976,0.9159351281571675,0.05691309658033197,16,0.010158740632785528,0.0111334153480181,0.03347122766296323,0.08445171530841378,0.04786332066851445,0.08931083139075405,0.0001228043825826506,18,37,0.012603683061934302,0.013353100394813222,False,True,True,0.00013606776091749044,COMPLETE
1170,0.4738983035087586,2025-04-13 08:53:09.170733,2025-04-13 08:53:28.479188,0 days 00:00:19.308455,0.8398590414865719,0.09494219581641011,16,0.016440161300462747,0.020648172373459683,0.03592920363120304,0.08265343259422456,0.044866657397645816,0.083011982978307,4.257654324361244e-05,19,32,0.014748807349669553,0.02559936758079041,False,True,True,0.00020339881413480976,COMPLETE
1171,0.5190285682678223,2025-04-13 08:53:28.858517,2025-04-13 08:53:47.208239,0 days 00:00:18.349722,0.8663696824423133,0.07408951052027693,16,0.010499473497658238,0.014765966351534524,0.032698531285982185,0.08559320023451676,0.037647932087382846,0.08149521351586708,9.420423761591312e-05,17,35,0.012600699042430183,0.022742234896190813,False,True,False,0.0002675026083856143,COMPLETE
1172,0.3459705114364624,2025-04-13 08:53:47.589466,2025-04-13 08:54:06.018815,0 days 00:00:18.429349,0.8248054338981362,0.6990167951712349,16,0.0259875929640575,0.00015437380287248482,0.030626997540566085,0.07919069495759003,0.04049045351733241,0.08768048755145715,0.0001228855770289804,17,42,0.01951970711356223,0.008158241044219012,False,True,True,0.00019020866254734897,COMPLETE
1173,0.18795708417892457,2025-04-13 08:54:06.399215,2025-04-13 08:54:25.259382,0 days 00:00:18.860167,0.8310096178402344,0.035596510354573445,16,0.29783708969622036,0.008815991079917655,0.036266102250002825,0.08457623767615177,0.04354583870695312,0.08597218654862648,0.000106798880051076,18,38,0.015208460189591239,0.01792704718301811,True,True,True,0.00028982200469202505,COMPLETE
1174,0.4796597123146057,2025-04-13 08:54:25.642258,2025-04-13 08:54:44.934325,0 days 00:00:19.292067,0.8565631560286548,0.05183486034638538,16,0.015399774124310945,0.006038223049065766,0.034201784762824074,0.08247896383199098,0.047712389534712275,0.0800501594920689,6.782309516933582e-05,19,30,0.01807662798232178,0.0014527639528936678,False,False,True,0.00010616988751162186,COMPLETE
1175,0.5876004099845886,2025-04-13 08:54:45.319945,2025-04-13 08:55:04.205159,0 days 00:00:18.885214,0.8902549129143952,0.031282198450747076,16,0.009120709115528773,0.016817561538976223,0.033018565264828395,0.08573308934818741,0.04177871910072466,0.09065891745520566,8.604704332207954e-05,18,33,0.012595077044976623,0.02903455339946785,False,True,True,0.00016567908888649307,COMPLETE
