number,value,datetime_start,datetime_complete,duration,params_alpha-eval,params_alpha-train,params_batch-size,params_eps-eval,params_eps-train,params_lambda-actions-eval,params_lambda-actions-train,params_lambda-frames-eval,params_lambda-frames-train,params_learning-rate,params_n-epochs,params_n-frames,params_radius-gw,params_rho,params_std-feats,params_ub-actions,params_ub-frames,params_weight-decay,state
672,0.4969335317611695,2025-04-13 06:01:29.510227,2025-04-13 06:01:51.202471,0 days 00:00:21.692244,0.8502224457026824,0.5335188213392255,8,0.02200891505566822,0.012766128634963448,0.0010489854363496332,0.08681015561745797,0.008518481108891458,0.055042666267633565,0.00013284741505526865,13,22,0.008654658108848511,0.22647166309170524,False,True,True,0.000227521152528276,COMPLETE
673,0.38770260810852053,2025-04-13 06:01:51.415846,2025-04-13 06:02:13.568536,0 days 00:00:22.152690,0.8190746320524994,0.3757955960014461,8,0.0335919226658613,0.0007838158248509343,0.006787355453673834,0.09032806396627281,0.005748833312337796,0.0530792698744126,0.00015281762184093348,14,19,0.012527001948498435,0.2320570132327607,False,True,False,0.0001312498715927556,COMPLETE
674,0.34270089864730835,2025-04-13 06:02:13.792997,2025-04-13 06:02:36.919257,0 days 00:00:23.126260,0.7831982604658478,0.4111771614811154,8,0.02998175256948698,0.009938005065389176,0.07454756299224866,0.08487259794940188,0.08661717015318607,0.047033726691775454,0.00011459627975130586,15,41,0.005022140708792637,0.22467845130788894,False,False,True,0.00017925530936482588,COMPLETE
675,0.3160654902458191,2025-04-13 06:02:37.134133,2025-04-13 06:02:59.215937,0 days 00:00:22.081804,0.8953638573192686,0.09199439406395482,8,0.02129280322343453,0.005599852890591965,0.004325484710140773,0.09487266075846432,0.004251841096468665,0.04220361964806392,9.611717539476811e-05,13,115,0.01585811675246059,0.23970629159926787,False,True,True,0.0003430832847326307,COMPLETE
676,0.34052149057388303,2025-04-13 06:02:59.438141,2025-04-13 06:03:20.576460,0 days 00:00:21.138319,0.7990037467783923,0.0572235127297019,8,0.03705471830865202,0.01414541958110079,0.002706663017377802,0.09295015984638567,0.023961353962830022,0.04540073587004789,0.00018857858928410118,12,25,0.007551638237315174,0.23152932450922697,False,True,True,0.00021438839318462853,COMPLETE
677,0.18795708417892457,2025-04-13 06:03:20.792217,2025-04-13 06:03:43.001318,0 days 00:00:22.209101,0.7641191897488575,0.11190331957983879,8,0.20820257058835817,0.00024711509224441177,0.06281411341245156,0.08977411291668864,0.00904193997639273,0.04955458518179541,0.00013125520963513964,14,32,0.010360475300811153,0.2230604031276717,False,True,True,0.00027914853777739396,COMPLETE
678,0.3871801018714905,2025-04-13 06:03:43.225797,2025-04-13 06:04:04.334727,0 days 00:00:21.108930,0.8224558796825132,0.028614213204151327,8,0.028891953659630466,0.0001987252142128075,0.005229138742689628,0.08687760726323979,0.006705673606495512,0.04013879489015189,0.0001555121142696681,12,22,0.0034149619747604566,0.23610262316845498,False,True,True,0.00011248753986933024,COMPLETE
679,0.3149314045906067,2025-04-13 06:04:04.562751,2025-04-13 06:04:26.813279,0 days 00:00:22.250528,0.7803255572184992,0.07750732259275518,8,0.017129051850355126,0.009505936344704383,0.006724707696998872,0.036677471896077216,0.003233702970405765,0.04366813989504777,0.00018613832204043322,14,19,0.005983947533706493,0.22811353899838732,False,True,True,0.0001739804044191611,COMPLETE
680,0.2518967628479004,2025-04-13 06:04:27.028086,2025-04-13 06:04:48.284485,0 days 00:00:21.256399,0.8391564216274944,0.13024141425454913,8,0.033641483855873726,0.016207654047996164,0.0030764568048898856,0.08326900170786279,0.08407774816161465,0.04772606833005675,7.071860535778951e-05,12,25,0.012509685044184635,0.2425477777752503,False,True,True,0.00039055125207322573,COMPLETE
681,0.45736958980560305,2025-04-13 06:04:48.512206,2025-04-13 06:05:10.271863,0 days 00:00:21.759657,0.7549460929643237,0.10003729208225651,8,0.025629388485570833,0.00022994563233933655,0.0010315954420442868,0.09184562787154521,0.0053547095151057775,0.05203579399674385,0.00011663692387561,13,29,0.001181512850196585,0.21932244613897053,False,True,True,0.00022024402966951085,COMPLETE
682,0.4829946756362915,2025-04-13 06:05:10.485290,2025-04-13 06:05:33.022951,0 days 00:00:22.537661,0.8033925900415895,0.04986732148803759,8,0.020189156546257154,0.010207064670614599,0.004773960753286681,0.08895397376537026,0.011195499249909851,0.04618580120349099,9.247483720144959e-05,14,22,0.009006543916399816,0.22544560568467076,False,True,True,0.00013640472603561552,COMPLETE
683,0.5537841558456421,2025-04-13 06:05:33.251777,2025-04-13 06:05:56.441632,0 days 00:00:23.189855,0.7854139616878036,0.07684483307523671,8,0.04035097174303507,0.018740091892088685,0.002978530467801419,0.08641354565560484,0.002568423116182906,0.042531055064720186,0.0001462977768418964,15,19,0.014226853445637924,0.23343561211528113,False,True,True,0.00027834377608447995,COMPLETE
684,0.23839033842086793,2025-04-13 06:05:56.660654,2025-04-13 06:06:20.341840,0 days 00:00:23.681186,0.7896186960789324,0.07009588595755221,8,0.03436378364593455,0.0063009756936738374,0.003136995318063424,0.0852510948293156,0.007878303021397163,0.041727187734772186,0.00013762515257355811,15,125,0.014212451192546533,0.23497668576235906,False,True,True,0.0005001209144125417,COMPLETE
685,0.5602986693382264,2025-04-13 06:06:20.568524,2025-04-13 06:06:44.385700,0 days 00:00:23.817176,0.8076829006709713,0.08224911990883103,8,0.027745699737514094,0.016771539641095255,0.0011238891488877202,0.08162648591728384,0.00588377307730606,0.0442980049806489,0.00011424475405757062,16,19,0.011299056676406774,0.24236214367879824,False,True,True,0.00031033417414402136,COMPLETE
686,0.5574865579605103,2025-04-13 06:06:44.599617,2025-04-13 06:07:08.701669,0 days 00:00:24.102052,0.8585662378994473,0.06779075558779588,8,0.02425672651727425,0.01136585287043388,0.0010774822252424673,0.08196112520765815,0.005641784453727295,0.04344460949181079,0.00010038525750374995,16,18,0.011412173179056904,0.2435574975524791,False,True,True,0.00035248076079040475,COMPLETE
687,0.3363788366317749,2025-04-13 06:07:08.929199,2025-04-13 06:07:34.225317,0 days 00:00:25.296118,0.8660840675373542,0.0505610673097622,8,0.025788492933866744,0.019793519857902928,0.0013497271841124627,0.08086625814867587,0.0057756435776419816,0.03998934933997347,8.313315152165592e-05,17,145,0.011162898516418576,0.24509685022462313,False,True,True,0.00040111416673035684,COMPLETE
688,0.3162335157394409,2025-04-13 06:07:34.455996,2025-04-13 06:07:58.080717,0 days 00:00:23.624721,0.8796296011914945,0.02975057606209741,8,0.028999746187724818,0.014650239184450776,0.001023936258721828,0.08171572656846875,0.005733185372847213,0.04324875407466976,6.943766220665429e-05,16,18,0.010736295651850452,0.24225809330093673,False,True,True,0.0005131607984049763,COMPLETE
689,0.26011749505996706,2025-04-13 06:07:58.297873,2025-04-13 06:08:58.276303,0 days 00:00:59.978430,0.8425945067750327,0.06335706305210548,2,0.03959480305696815,0.021765872815157794,0.0010463454111826064,0.08261538212695976,0.006977506500353316,0.04147918055247923,9.845640874320949e-05,16,17,0.0159430005866271,0.11286134093477901,False,True,True,0.00036713544315594384,COMPLETE
690,0.38226526975631714,2025-04-13 06:08:58.508826,2025-04-13 06:09:22.371085,0 days 00:00:23.862259,0.8909606603929145,0.04052170619876799,8,0.025171199196543564,0.012060530855558874,0.0030474949408279394,0.07999026406076183,0.004587536919877676,0.04358545503054303,0.00011184906930684065,16,17,0.008850952130678946,0.24544806696200136,False,True,True,0.0003495677780469398,COMPLETE
691,0.39276177883148194,2025-04-13 06:09:22.589434,2025-04-13 06:09:45.822203,0 days 00:00:23.232769,0.8525901114362587,0.07384344461595407,8,0.023969750470840982,0.02121856373318093,0.002551415418398999,0.08391759965305627,0.0072066319683058285,0.04183735610748387,8.408118441318737e-05,15,35,0.014105203114670674,0.24263623336923718,True,True,False,0.0005658959256096262,COMPLETE
692,0.1914460122585297,2025-04-13 06:09:46.052137,2025-04-13 06:10:10.082040,0 days 00:00:24.029903,0.8655184007564254,0.025783627681648554,8,0.03735932475947716,0.010969730457263068,0.0026709565674619675,0.09145812181106765,0.0038873431178742634,0.0397284881017207,0.00010131495394626784,16,26,0.012350715591605298,0.23875422267332536,False,True,True,0.00027615088535165475,COMPLETE
693,0.20332853198051454,2025-04-13 06:10:10.300102,2025-04-13 06:10:33.917980,0 days 00:00:23.617878,0.9489221377442788,0.06309495248510863,8,0.030803136056924984,0.012920917920591895,0.0026859041580823513,0.0882653710818719,0.009280178049228661,0.044820003760665895,0.0001195101428071112,16,22,0.008317549842013692,0.22922122318623447,False,False,True,0.00031307866499864507,COMPLETE
694,0.384882915019989,2025-04-13 06:10:34.150262,2025-04-13 06:10:52.150809,0 days 00:00:18.000547,0.8249152297062952,0.07749447857795139,16,0.017578421087722135,0.01756689364148041,0.0011648477798884961,0.09475555358076168,0.005480452479255021,0.043880686633387546,5.35716537703902e-05,16,18,0.010764359908122797,0.22109903666505412,False,True,True,0.00024227849234127218,COMPLETE
695,0.40939987897872926,2025-04-13 06:10:52.368794,2025-04-13 06:11:15.852697,0 days 00:00:23.483903,0.8470246380888137,0.044277145629669966,8,0.02233584411481732,0.06348290326434389,0.0010129150260668191,0.08187390797439521,0.0027370953257434944,0.05967941693078173,8.681934180723109e-05,15,45,0.00693306722050885,0.23414432345955716,False,True,True,0.0004374473588007844,COMPLETE
696,0.32101512551307676,2025-04-13 06:11:16.083814,2025-04-13 06:11:39.915379,0 days 00:00:23.831565,0.82977844605953,0.08480237245047084,8,0.03313434365273607,0.008583590791192038,0.0031516966231239655,0.08958056569237337,0.006936405725476891,0.041294158084928485,0.00011042830780592762,16,24,0.014025753248005719,0.22815533239715594,False,True,True,0.0002407614952274288,COMPLETE
697,0.44434584379196174,2025-04-13 06:11:40.153014,2025-04-13 06:12:04.812269,0 days 00:00:24.659255,0.815718441729101,0.012080396470421563,8,0.014018784431326472,0.005889553561350165,0.00364170906100521,0.09334928943069545,0.004498467373351236,0.04535529802512772,0.00013268187410903903,17,31,0.009706439623253979,0.24329125034195354,False,True,True,0.00032475697357663825,COMPLETE
698,0.1731382489204407,2025-04-13 06:12:05.035517,2025-04-13 06:12:27.924473,0 days 00:00:22.888956,0.8553229628206095,0.05765519033770054,8,0.041818867364323456,0.021974765824196794,0.0011111633110636177,0.09764321411789903,0.0026915611790666186,0.042922678286854164,9.313967123068219e-05,15,20,0.016340078224439926,0.21680228615045363,False,True,True,0.0002015186483817324,COMPLETE
699,0.5847916007041931,2025-04-13 06:12:28.159414,2025-04-13 06:12:51.987736,0 days 00:00:23.828322,0.8064693756515512,0.08150986664854126,8,0.027224722256324285,0.015240067079679275,0.004350484220516164,0.08758059289712283,0.010031693187604655,0.03932263395778584,0.00011989388448833378,16,28,0.01216277853212923,0.23840591275308262,False,True,True,0.00027393292493245176,COMPLETE
700,0.43196022510528564,2025-04-13 06:12:52.210114,2025-04-13 06:13:16.535134,0 days 00:00:24.325020,0.8350308781234961,0.07965712717367526,8,0.029594132106939,0.023368646161765906,0.04174461803617687,0.09074201359253423,0.011721446539245286,0.03993321599172358,7.601745132534724e-05,16,38,0.011585054959272416,0.24723989177880615,False,True,True,0.00037743182145592196,COMPLETE
701,0.18795708417892457,2025-04-13 06:13:16.771774,2025-04-13 06:13:41.261777,0 days 00:00:24.490003,0.9111313071467964,0.043585687159949024,8,0.037868188994575495,0.01733331045878938,0.005025028081519545,0.08738834310727377,0.01050624694990019,0.03915699819852014,0.00010860515701962107,17,31,0.007897846087823202,0.05937757116960572,False,True,True,0.00029852877026240486,COMPLETE
702,0.33936467170715334,2025-04-13 06:13:41.485034,2025-04-13 06:14:05.129830,0 days 00:00:23.644796,0.8755178439418594,0.06487832752958421,8,0.012197200209947835,0.015652865905843694,0.005922673832863368,0.04699153053700918,0.012213296579323947,0.04195963156199163,0.00012545572524806642,16,28,0.010133909672020125,0.24002867550588292,False,True,True,0.00046889851940231606,COMPLETE
703,0.3967748999595643,2025-04-13 06:14:05.363987,2025-04-13 06:14:28.629880,0 days 00:00:23.265893,0.8107324166308307,0.0930093204884695,8,0.020625970089023768,0.02348137654089705,0.05101740690075871,0.09192241375760618,0.009566430952903616,0.04341101693385715,6.70565941550411e-05,15,35,0.005949668829794348,0.24812081500950703,False,True,True,0.00026009889073013614,COMPLETE
704,0.40909956693649296,2025-04-13 06:14:28.865948,2025-04-13 06:14:53.500542,0 days 00:00:24.634594,0.8239488963191965,0.0617895742400758,8,0.034041783396619237,0.01698367966170494,0.004575134273778467,0.08809979011452185,0.008792716446862466,0.039120366528132715,0.00014895774441428994,17,29,0.012739351749589931,0.23778045956128144,False,True,True,0.0006249420023112976,COMPLETE
705,0.4755987048149109,2025-04-13 06:14:53.724800,2025-04-13 06:15:16.835487,0 days 00:00:23.110687,0.8487031330177913,0.08856913262772556,8,0.028649870455105322,0.01242454692413582,0.0066423325407086635,0.08362209965708003,0.011444481279025632,0.04460230599473634,9.981767032928437e-05,15,27,0.008474762233436538,0.2443486474795144,False,True,True,0.00033683748834690695,COMPLETE
706,0.18795708417892457,2025-04-13 06:15:17.074060,2025-04-13 06:15:40.809766,0 days 00:00:23.735706,0.9992252419300756,0.03528413350930624,8,0.04080706582466623,0.011421262656953448,0.004028055840348317,0.09589977832555716,0.008021957997391912,0.04170029747542359,0.00012081444399865127,16,32,0.012088981018083948,0.23429725214271235,False,True,True,0.00023839478355606883,COMPLETE
707,0.5629287838935852,2025-04-13 06:15:41.033148,2025-04-13 06:16:04.406669,0 days 00:00:23.373521,0.8113171779560904,0.01059695068521467,8,0.02083022047149117,0.021676205445746333,0.0030057840954189593,0.09993574059147545,0.009702997670259957,0.04637358130903523,0.0001461607036318624,15,25,0.007110729182938898,0.2398422663785573,False,True,True,0.0001616261886989503,COMPLETE
708,0.5588887453079223,2025-04-13 06:16:04.641859,2025-04-13 06:16:28.353344,0 days 00:00:23.711485,0.9013828963460176,0.024637503845746624,8,0.01173939850605215,0.02491129289968974,0.006765059220970071,0.09840573228748371,0.011877740537985817,0.04593084011149854,8.773539545649009e-05,16,30,0.0064586873933018644,0.03912964813315124,False,True,True,0.00014403768570627655,COMPLETE
709,0.18795708417892457,2025-04-13 06:16:28.577147,2025-04-13 06:16:53.236418,0 days 00:00:24.659271,0.9302836522752607,0.016719562789220127,8,0.008929152149607317,0.2913352643452337,0.006713475184589484,0.09823513730924074,0.01363627222319668,0.046259004994035686,9.252136592480806e-05,17,34,0.005037806529404335,0.24972926125068495,False,True,True,9.614169723925696e-05,COMPLETE
710,0.5182563900947571,2025-04-13 06:16:53.471312,2025-04-13 06:17:17.815725,0 days 00:00:24.344413,0.8938964387106899,0.01777367925941177,8,0.00886137286021131,0.025318600885242647,0.007383878185321435,0.0967998462415538,0.013729429412981423,0.04600689543638395,5.8093169332732224e-05,17,30,0.006451496611089234,0.24158798834196482,False,True,False,0.00012664765342360507,COMPLETE
711,0.3377813220024109,2025-04-13 06:17:18.053374,2025-04-13 06:18:18.520664,0 days 00:01:00.467290,0.8938017924735098,0.03587849737014388,2,0.012042567454958516,0.02301543544266318,0.005469643192657275,0.0981920230482899,0.011574569544119026,0.04441196213474603,8.495290075095322e-05,16,34,0.004632033032210078,0.0995718405748647,False,True,True,1.0542798347416944e-07,COMPLETE
712,0.2490974307060242,2025-04-13 06:18:18.748212,2025-04-13 06:18:42.473509,0 days 00:00:23.725297,0.9337656961050786,0.02284264520380748,8,0.016871431834321465,0.022663614964835863,0.09317233825112956,0.09722888984542932,0.014579757769913841,0.04752389851648435,6.934170655111027e-05,16,32,0.007025239585009228,0.0747663123549846,True,False,True,0.00015590700154084953,COMPLETE
713,0.4534029722213745,2025-04-13 06:18:42.711805,2025-04-13 06:19:06.653233,0 days 00:00:23.941428,0.879202915904371,0.019299498883257958,8,0.013286214372388534,0.01726465330830563,0.007180077913162523,0.09515182607557121,0.010811902290751003,0.045393386250776935,7.894567843532431e-05,16,29,0.006822447386475205,0.2446110713556858,False,True,True,0.00013205946421373385,COMPLETE
714,0.18795708417892457,2025-04-13 06:19:06.877770,2025-04-13 06:19:29.766050,0 days 00:00:22.888280,0.9169441015209486,0.028508638489028765,8,0.1203342653949061,0.00889254623052618,0.004903906863364245,0.09981004434076411,0.01180925221235699,0.04769063559817391,0.00010263218770409228,15,29,0.0045620019366740695,0.035534325052125615,False,True,True,9.681633622461182e-05,COMPLETE
715,0.5178544640541076,2025-04-13 06:19:30.005653,2025-04-13 06:19:48.040509,0 days 00:00:18.034856,0.8619536273057534,0.04056230482019613,16,0.0220797523167253,0.022710784319970756,0.004269148674641116,0.09937081618225448,0.010104344101114571,0.043580863400677156,0.00011527785312204855,16,26,0.009255974162258242,0.25168937428311994,False,True,True,0.0001547698863077293,COMPLETE
716,0.1742775619029999,2025-04-13 06:19:48.264968,2025-04-13 06:20:11.304925,0 days 00:00:23.039957,0.9015232907630704,0.01034959998434856,8,0.016512649536607506,0.1330015034941377,0.007153966614617353,0.09852270621098018,0.012379019282462432,0.045506367083283046,8.853037381302353e-05,15,40,0.00384127205501776,0.23829707894041335,False,True,True,0.00016032653131903667,COMPLETE
717,0.5098814487457275,2025-04-13 06:20:11.542760,2025-04-13 06:20:34.655905,0 days 00:00:23.113145,0.843774631373916,0.010013577594158232,8,0.024976112376283575,0.0075041087825800865,0.05575912250746866,0.09945375548359053,0.014892215323188986,0.04807369667420254,0.00016296021919510288,15,32,0.007138999563453461,0.03188288647792399,False,True,True,0.00011078755840243682,COMPLETE
718,0.570020592212677,2025-04-13 06:20:34.897978,2025-04-13 06:20:59.399967,0 days 00:00:24.501989,0.8285584474761214,0.04806866023468281,8,0.019653082732828994,0.015206763845226377,0.0026545625210506467,0.09606596875477078,0.00978829712440554,0.06859777318192065,0.00010714227061712016,17,28,0.010352234924249512,0.08798315566173623,False,True,True,0.00018307327021470149,COMPLETE
719,0.5205963015556336,2025-04-13 06:20:59.624579,2025-04-13 06:21:24.691104,0 days 00:00:25.066525,0.8130902661505859,0.042452482273324155,8,0.009454586815824525,0.017153199303356008,0.0027490882421992782,0.09715691462448786,0.012811215800119362,0.06853624806332305,0.00013714041143078682,18,35,0.009378322240863594,0.044228929724957323,False,True,True,0.00019151927130183134,COMPLETE
720,0.19876281023025513,2025-04-13 06:21:24.930449,2025-04-13 06:21:50.032931,0 days 00:00:25.102482,0.8264533497875595,0.605997978656601,8,0.011292372541831299,0.025498433371527286,0.0032777937660625357,0.09350018745818955,0.01034159530985011,0.04954367962613071,6.928633544833191e-05,18,30,0.005605902526181547,0.018326827757640853,False,True,True,0.0001856206650055746,COMPLETE
721,0.5967365384101868,2025-04-13 06:21:50.258261,2025-04-13 06:22:14.995074,0 days 00:00:24.736813,0.8071507377134723,0.04314471177165115,8,0.018518306995471287,0.015790076544607484,0.0026110766263753578,0.09590799771614103,0.010104511891723116,0.0637068236767302,9.854979109627736e-05,17,38,0.01084750467024128,0.06062123156291885,False,True,True,0.0002225865469889239,COMPLETE
722,0.42723969221115116,2025-04-13 06:22:15.235465,2025-04-13 06:22:40.023036,0 days 00:00:24.787571,0.8036745564590234,0.030975837821168174,8,0.016432135673566745,0.023392583920930077,0.005712323042286482,0.09601933210571229,0.013232322713745796,0.06487831283065695,4.0843007648864894e-05,17,37,0.00797604036175686,0.06228874777008564,False,True,True,0.00019650719773972827,COMPLETE
723,0.39105173349380495,2025-04-13 06:22:40.250992,2025-04-13 06:23:05.067664,0 days 00:00:24.816672,0.8020742222250726,0.033501851067249955,8,0.009478722040665494,0.01741485149971839,0.002817853270343347,0.09458825701236342,0.012542893654645336,0.06338952441291298,0.0001582087485756583,17,33,0.00961108926656558,0.12691526690757443,False,True,True,5.14740421885035e-07,COMPLETE
724,0.35133453607559206,2025-04-13 06:23:05.307995,2025-04-13 06:23:29.515847,0 days 00:00:24.207852,0.8105584888839853,0.010162163562975862,8,0.018983865578682337,0.01920623995196517,0.0071188108356706956,0.0999657162837592,0.011484950501237677,0.05816902806679633,0.00012011676276318352,17,31,0.0033554289897442125,0.036330209038772945,False,True,True,0.00015295854173436746,COMPLETE
725,0.18795708417892457,2025-04-13 06:23:29.760991,2025-04-13 06:23:54.918539,0 days 00:00:25.157548,0.8278447420882247,0.041698961055751604,8,0.13473754116055162,0.005863661439899964,0.004756330806664668,0.09760723477261625,0.010152178499736006,0.06609403422645745,8.567986984995088e-05,18,27,0.006153568632685625,0.008553789792365617,False,True,True,0.0002142954471419576,COMPLETE
726,0.33789526224136357,2025-04-13 06:23:55.149940,2025-04-13 06:24:19.875067,0 days 00:00:24.725127,0.8001926732093568,0.1093057753926054,8,0.014993790350941661,0.014113044848405445,0.003021999651299849,0.09405435265217779,0.010197768064219435,0.06901487121015394,0.0001446315172969472,17,29,0.011014415131499469,0.05721656824271084,False,True,True,0.00015344412379107234,COMPLETE
727,0.3608789086341858,2025-04-13 06:24:20.116074,2025-04-13 06:24:44.294920,0 days 00:00:24.178846,0.8236225281713057,0.05022356490919653,8,0.01945712891611113,0.026029952174315987,0.005662491845279864,0.09968633195941728,0.016438589034758637,0.06458122368169854,0.00011492589153625212,16,39,0.007030425422219175,0.05204098461212767,False,True,True,0.0002383019772422917,COMPLETE
