number,value,datetime_start,datetime_complete,duration,params_alpha-eval,params_alpha-train,params_batch-size,params_eps-eval,params_eps-train,params_lambda-actions-eval,params_lambda-actions-train,params_lambda-frames-eval,params_lambda-frames-train,params_learning-rate,params_n-epochs,params_n-frames,params_radius-gw,params_rho,params_std-feats,params_ub-actions,params_ub-frames,params_weight-decay,state
225,0.422618305683136,2025-04-15 00:09:44.540977,2025-04-15 00:10:07.123190,0 days 00:00:22.582213,0.010297667693059176,0.6369928151745836,8,0.18766650307810845,0.04442109151023133,0.06777260795856414,0.00999835836018611,0.007471990795907699,0.036022002122871405,0.00016620601681724065,11,33,0.035589212316074384,0.02145475479335268,False,False,False,1.0235549017974461e-07,COMPLETE
226,0.3380736827850342,2025-04-15 00:10:07.194936,2025-04-15 00:10:29.915522,0 days 00:00:22.720586,0.02028424807637981,0.6216713432008565,8,0.1704637313024584,0.04330757150557059,0.06519939650449955,0.014024718749680492,0.007163630572426755,0.03649872717293748,0.0001756469163092624,11,30,0.03590478038471657,0.012691137921171188,True,False,False,1.0645332654014034e-07,COMPLETE
227,0.19960895776748658,2025-04-15 00:10:29.998036,2025-04-15 00:10:50.518155,0 days 00:00:20.520119,0.029193842901217997,0.6731369349789502,8,0.1866861182576837,0.04174475633524864,0.06670433169486335,0.009882111247012949,0.00459454326824641,0.03138663613306433,0.0002144200703247169,12,35,0.031346700230442094,0.013178734516310037,False,True,False,7.946037047934954e-08,COMPLETE
228,0.3865581870079041,2025-04-15 00:10:50.589957,2025-04-15 00:11:13.370719,0 days 00:00:22.780762,0.04552352077887335,0.6394307105256325,8,0.1848731515722064,0.04541302799409378,0.06793112336074528,0.008534463108510824,0.006947506653817161,0.034616101276133716,0.000158549431211995,11,32,0.0378344153538719,0.005654702147074463,False,False,False,6.898027539452715e-08,COMPLETE
229,0.4436606526374817,2025-04-15 00:11:13.443412,2025-04-15 00:11:36.133796,0 days 00:00:22.690384,0.017581989790744802,0.5778598787210256,8,0.17834361159531403,0.040049018098718026,0.06812332508827913,0.012502697098834722,0.0049841529427386965,0.03261645708401876,0.00022181607495540482,11,38,0.035420935094935616,0.020177174776746874,False,False,False,5.522989450652554e-08,COMPLETE
230,0.4350163578987122,2025-04-15 00:11:36.206580,2025-04-15 00:11:58.812273,0 days 00:00:22.605693,0.014686223851785524,0.569232242295127,8,0.1785239107664862,0.037160704983684546,0.06902708898200274,0.010274887456527418,0.010446444286748876,0.031695920806290565,0.0002035459132052155,11,41,0.04014124851336679,0.02045169662403158,False,False,False,6.911760332445041e-08,COMPLETE
231,0.43974674940109254,2025-04-15 00:11:58.884726,2025-04-15 00:12:21.614579,0 days 00:00:22.729853,0.014095446436283778,0.5781584072525551,8,0.17649920138253805,0.03885076438026245,0.06834692377819102,0.010469739263692218,0.007931317590227903,0.03192726731877258,0.00021592485876641046,11,41,0.04037934803591449,0.021927179192754165,False,False,False,7.796510976048529e-08,COMPLETE
232,0.44392199516296393,2025-04-15 00:12:21.687620,2025-04-15 00:12:43.501413,0 days 00:00:21.813793,0.013936051289315724,0.5787670026348894,8,0.1785346802954803,0.035972275572854484,0.0683472701984581,0.01015772636093287,0.010725018205502927,0.032638463975599816,0.00021368283508764593,10,40,0.04096845217449404,0.020329397751246422,False,False,False,1.1850684732726098e-07,COMPLETE
233,0.44568237066268923,2025-04-15 00:12:43.585503,2025-04-15 00:13:05.640876,0 days 00:00:22.055373,0.023017070051834468,0.5925498980848669,8,0.1746598701229912,0.03786049978606928,0.06868406213948239,0.010434618739316458,0.007529464115626766,0.03154700134052503,0.0002186087143333727,10,41,0.04297847324356896,0.021392871576629766,False,False,False,1.3042996786243896e-07,COMPLETE
234,0.44060368537902833,2025-04-15 00:13:05.714325,2025-04-15 00:13:27.535356,0 days 00:00:21.821031,0.010665637289409415,0.5836280573946728,8,0.1681653149052617,0.04038365144914987,0.06864606664269243,0.010017663738363533,0.01061939489460586,0.029595216720146356,0.00023749538393613324,10,43,0.04032117115398904,0.020037117830002584,False,False,False,1.1785854793010074e-07,COMPLETE
235,0.40777775049209597,2025-04-15 00:13:27.609709,2025-04-15 00:13:49.500041,0 days 00:00:21.890332,0.011849418432474742,0.5764347164668419,8,0.16976941998157472,0.038267762808299535,0.06898271120653143,0.009700594016482097,0.010498019397533176,0.028891212678590742,0.00021709435341005673,10,42,0.04248655906255994,0.020809108286442356,False,False,False,1.5497793496605436e-07,COMPLETE
236,0.4059730648994446,2025-04-15 00:13:49.573920,2025-04-15 00:14:11.549782,0 days 00:00:21.975862,0.012020312746444684,0.6061591473874143,8,0.17675261128271455,0.03779797834743301,0.06878911977858147,0.006943152784350636,0.0074672778667228944,0.03667925399682589,0.00021716418902648253,10,27,0.03995817103666206,0.02447112681817558,False,False,False,1.0660771144038097e-07,COMPLETE
237,0.4371893525123597,2025-04-15 00:14:11.625119,2025-04-15 00:14:33.278089,0 days 00:00:21.652970,0.010229228802369818,0.5648106460753436,8,0.1628546612313572,0.034863742274788445,0.07086006587927766,0.009703941116812996,0.010961245745052828,0.028782961597667512,0.00020990757584244928,10,41,0.04138622454272966,0.019762136731130395,False,False,False,1.2357273416031007e-07,COMPLETE
238,0.44203660488128665,2025-04-15 00:14:33.353744,2025-04-15 00:14:55.222014,0 days 00:00:21.868270,0.02186777954516987,0.5676339482784796,8,0.16177833643942682,0.035506952022989646,0.07044522806436194,0.009919787397471562,0.010532604681436193,0.028337275053839667,0.0002033256461500202,10,41,0.0444218967531639,0.020427921120447695,False,False,False,1.998326169657238e-07,COMPLETE
239,0.4038445234298706,2025-04-15 00:14:55.307240,2025-04-15 00:15:19.088976,0 days 00:00:23.781736,0.025633695121320178,0.5699753929993951,8,0.1645281461070552,0.03672743620850859,0.07092999311386898,0.010101868037784437,0.010643976505719141,0.024234480215046088,0.00022576485146494205,12,45,0.047955306795246316,0.01960733472087549,False,False,False,1.3373963142570308e-07,COMPLETE
240,0.44380513429641727,2025-04-15 00:15:19.166652,2025-04-15 00:15:41.131320,0 days 00:00:21.964668,0.013198795999160552,0.6199357787459808,8,0.17487870214449283,0.037580664562751054,0.06831878945301956,0.007535727328517121,0.007218647924662681,0.028934316833471738,0.00019404148668380786,10,34,0.045650483434745925,0.025034713691909072,False,False,False,1.2455706597835563e-07,COMPLETE
241,0.44845023155212405,2025-04-15 00:15:41.209792,2025-04-15 00:16:03.309287,0 days 00:00:22.099495,0.011358175098611489,0.6268849397840959,8,0.17548706878583173,0.03814848550178265,0.06841793354016412,0.007537526207083783,0.0077002118835093215,0.02940024622743241,0.00018880610881800904,10,35,0.04521627509707684,0.02632384726629577,False,False,False,1.2685012291826754e-07,COMPLETE
242,0.44063830375671387,2025-04-15 00:16:03.386142,2025-04-15 00:16:25.441606,0 days 00:00:22.055464,0.013589749254292995,0.6218515919476609,8,0.1746144232227189,0.04753047115775774,0.06797649783109871,0.006014531425819812,0.007434965587597249,0.029645947087632747,0.0001880451547602605,10,32,0.045114369152844794,0.026364951600426987,False,False,False,2.040554673552648e-07,COMPLETE
243,0.43801914453506474,2025-04-15 00:16:25.517564,2025-04-15 00:16:47.404300,0 days 00:00:21.886736,0.014095336973458685,0.6224091679917757,8,0.17376672628276338,0.048065532968215224,0.06766883956388477,0.005113278989754366,0.007446808704695332,0.028846204952765596,0.0001832638295828447,10,34,0.04494362266348061,0.02748413379348452,False,False,False,1.9534993087912385e-07,COMPLETE
244,0.44205837249755864,2025-04-15 00:16:47.483398,2025-04-15 00:17:09.413617,0 days 00:00:21.930219,0.010771510974900467,0.620524512366794,8,0.1736244181691157,0.04658017883336826,0.06803874393056247,0.006147823993515021,0.007524747005165047,0.029442017858186093,0.00019656329960409424,10,34,0.043685838629781495,0.028192270582347852,False,False,False,1.8164333758193687e-07,COMPLETE
245,0.4287113547325134,2025-04-15 00:17:09.499144,2025-04-15 00:17:31.524301,0 days 00:00:22.025157,0.028408635562713537,0.6579138707385312,8,0.17242239329480025,0.049811287948235874,0.06822394794530662,0.006044785419103267,0.010778787761416744,0.028896463317496294,0.00020239238945825557,10,35,0.04434646217872343,0.027619431485808275,False,False,False,2.1061021773074027e-07,COMPLETE
246,0.4237474083900452,2025-04-15 00:17:31.601107,2025-04-15 00:17:53.790823,0 days 00:00:22.189716,0.02853510270775948,0.6608471436102672,8,0.17391312517097215,0.05151323387711845,0.06826898762724118,0.0053371344313079576,0.011301379639468503,0.028989021761255746,0.00020503018031472876,10,34,0.04451571648664979,0.027989406893122168,False,False,False,2.384534624821356e-07,COMPLETE
247,0.42203726768493655,2025-04-15 00:17:53.867571,2025-04-15 00:18:15.816217,0 days 00:00:21.948646,0.011550650922333433,0.6195273218825881,8,0.1622521021095086,0.04885592816512871,0.06439332515476746,0.0071511901383406315,0.006751049922505134,0.02624851002236285,0.0002459962695267514,10,31,0.04621882154240302,0.030879676902204212,False,False,False,2.5951930938298983e-07,COMPLETE
248,0.427658486366272,2025-04-15 00:18:15.902217,2025-04-15 00:18:37.587425,0 days 00:00:21.685208,0.03138190309186992,0.5975455504156283,8,0.17858669635193136,0.04896317251816657,0.06821030170637432,0.003987903756176029,0.008526903664557973,0.03061681781274076,0.0001980470176109671,10,24,0.042024632400129325,0.02419302332957197,False,False,False,1.8803114070349623e-07,COMPLETE
249,0.43997039794921877,2025-04-15 00:18:37.666238,2025-04-15 00:18:59.571006,0 days 00:00:21.904768,0.031208048762533778,0.6023163327264289,8,0.17662202317862977,0.041692433777646906,0.0678592959203422,0.003487969563320166,0.007990749490704824,0.03169566830000848,0.00019537818696777957,10,24,0.042140278672458814,0.022685614255190452,False,False,False,1.9547446918002095e-07,COMPLETE
250,0.2653510272502899,2025-04-15 00:18:59.649129,2025-04-15 00:19:21.595428,0 days 00:00:21.946299,0.03117082212068718,0.5966363927777751,8,0.17782986604633932,0.04903234998475325,0.064714425167507,0.0036829450518090605,0.00847320798097466,0.0308624763866075,0.00020260796203792197,10,23,0.04274413544643382,0.01900215956763914,False,False,False,1.8062880016204176e-07,COMPLETE
251,0.28594446182250977,2025-04-15 00:19:21.683737,2025-04-15 00:19:43.517492,0 days 00:00:21.833755,0.031240867507218027,0.6208722266415889,8,0.17010782060707125,0.04304635614515077,0.0677791741395563,0.0028955264120046975,0.010967783554746221,0.032885876753508334,0.00024128041610641118,10,15,0.04114147807492277,0.026768175250091973,False,False,False,1.918077191423261e-07,COMPLETE
252,0.40644259452819825,2025-04-15 00:19:43.595872,2025-04-15 00:20:06.049475,0 days 00:00:22.453603,0.02961725205451093,0.5911768793494551,8,0.16454247465488714,0.048167253952021705,0.06866452630881527,0.005358372384338296,0.006318974532801529,0.029227607687928175,0.00019439618908889819,11,24,0.046312549646373546,0.01718672543060112,False,False,False,1.213898000025305e-07,COMPLETE
253,0.39731510877609255,2025-04-15 00:20:06.129330,2025-04-15 00:20:28.052943,0 days 00:00:21.923613,0.01175559521628819,0.5595772986096968,8,0.17794174805442556,0.04132489957788413,0.06553507392005734,0.008295814201915792,0.009040057603027512,0.030483798268707934,0.00023271954532674117,10,35,0.0499432241984421,0.023593944349390356,False,False,False,1.4391152178940602e-07,COMPLETE
254,0.4090344548225403,2025-04-15 00:20:28.133411,2025-04-15 00:20:50.737603,0 days 00:00:22.604192,0.03614927336090337,0.6545699501058098,8,0.1718975247109203,0.049740774713461194,0.06785560557567247,0.006429501671186961,0.0014952791274073568,0.025333662962639086,0.0001962513637969876,11,41,0.044502892521602506,0.01620089686998845,False,False,False,2.9935556516584715e-07,COMPLETE
255,0.42330656051635746,2025-04-15 00:20:50.820804,2025-04-15 00:21:14.336219,0 days 00:00:23.515415,0.013032038857790649,0.5772442262371393,8,0.15988635400189474,0.040231428644769335,0.07071928952347319,0.0012762358578733493,0.012668953695522863,0.03331322655703578,0.0002652350710586872,12,29,0.04199806779437437,0.023815108514014086,False,False,False,2.0439164868598976e-07,COMPLETE
256,0.36280273199081425,2025-04-15 00:21:14.416111,2025-04-15 00:21:36.306658,0 days 00:00:21.890547,0.037177563406580974,0.601911286724504,8,0.17843277881502267,0.04844618311558161,0.06922481689306142,0.008004815622033033,0.007690664167173849,0.027967973241598162,0.00018353579477175435,10,36,0.03889347589786519,0.030465028721794945,True,False,False,3.958215332364763e-07,COMPLETE
257,0.4390225648880005,2025-04-15 00:21:36.396874,2025-04-15 00:21:59.170138,0 days 00:00:22.773264,0.03818149954448748,0.6204408279991339,8,0.16883580195766143,0.03839200836628637,0.06613214519715634,0.004286533191343829,0.010327615130759017,0.03209895653726391,0.00022413120835240206,11,40,0.04298441193763489,0.01726203372390319,False,False,False,1.467701367475688e-07,COMPLETE
258,0.41818389892578123,2025-04-15 00:21:59.250779,2025-04-15 00:22:21.887681,0 days 00:00:22.636902,0.011189180852840716,0.6950447098454964,8,0.17247595082909975,0.03958179734739036,0.06311476497551384,0.010890524084764732,0.010369317535930612,0.023098786100896933,0.00024121156174823838,11,44,0.04369699921725053,0.01725959177068782,False,False,False,1.3032240948322088e-07,COMPLETE
259,0.18795708417892457,2025-04-15 00:22:21.969351,2025-04-15 00:22:41.896971,0 days 00:00:19.927620,0.0430158457652655,0.6199929438191476,8,0.16725844601273862,0.035083065988895545,0.06635162607401075,0.006487999690352978,0.006343860598447613,0.03403616145529122,0.00029019934511712806,11,39,0.04667074757586971,0.0011075281389580395,False,True,True,1.5205282722687748e-07,COMPLETE
260,0.4067629933357239,2025-04-15 00:22:41.978242,2025-04-15 00:23:05.394028,0 days 00:00:23.415786,0.027361093065633585,0.5551260560530377,8,0.15914582155215581,0.04220408546044537,0.06480354478844394,0.00847230474290463,0.012206655373714667,0.0322891617095062,0.00016611059609219524,12,41,0.03988529669075394,0.016972104972056243,False,False,False,9.026900680059853e-08,COMPLETE
261,0.41495054960250854,2025-04-15 00:23:05.476587,2025-04-15 00:23:28.049812,0 days 00:00:22.573225,0.04249943133039933,0.6447488311214264,8,0.1676417629023891,0.031344337663355815,0.07129960970239825,0.00463314933586275,0.005725997809114615,0.027831708221630277,0.000214460789347152,11,33,0.04376282174085288,0.03232133883993733,False,False,False,1.2459667895244428e-07,COMPLETE
262,0.41424106359481816,2025-04-15 00:23:28.131791,2025-04-15 00:23:50.161711,0 days 00:00:22.029920,0.011125627258748098,0.573286403549435,8,0.17466763197482177,0.037831841535776164,0.06945548120820708,0.011047202107931395,0.0025241993915790985,0.029255816138015818,0.00016836596887385876,10,37,0.037393586638871545,0.006832592187377463,False,False,False,7.603269763780364e-08,COMPLETE
263,0.4148130774497986,2025-04-15 00:23:50.252923,2025-04-15 00:24:12.181918,0 days 00:00:21.928995,0.044203382274338426,0.6232335247540782,8,0.17176435311691252,0.04467552432326687,0.06651253360670954,0.00890263107842481,0.010296755209910639,0.03490193477078412,0.00027035854060136413,10,45,0.05178519941707892,0.02227456941497126,False,False,False,2.4711070240260085e-07,COMPLETE
264,0.4199081540107727,2025-04-15 00:24:12.264645,2025-04-15 00:24:34.965046,0 days 00:00:22.700401,0.027029137827007145,0.6775060833099154,8,0.18113160836411699,0.0333687858840169,0.07137224659296784,0.006725574896583991,0.00832611886815116,0.038528230060922285,0.00023589207177643882,11,39,0.04824257604636224,0.027800372202510623,False,False,False,1.0887226178625457e-07,COMPLETE
265,0.39250755310058594,2025-04-15 00:24:35.048014,2025-04-15 00:24:57.795905,0 days 00:00:22.747891,0.05142807186267721,0.5876133697216516,8,0.16544101166357245,0.05381599157738121,0.06748237847204501,0.0020538528811952553,0.005644478064103935,0.026519099212537207,0.00017541567228052097,11,35,0.04007651951259429,0.015197528522415503,False,False,False,1.4877233660285696e-07,COMPLETE
266,0.3093898415565491,2025-04-15 00:24:57.878792,2025-04-15 00:25:19.932975,0 days 00:00:22.054183,0.012427738283130863,0.5477722604764519,8,0.17977870561369041,0.04125426990234361,0.06260709619690863,0.011797373227226293,0.012162250730480093,0.029849112881271032,1.1176982900483112e-05,10,43,0.04533505516297516,0.019814212739151793,False,False,False,1.6995872192997488e-07,COMPLETE
267,0.4226519584655762,2025-04-15 00:25:20.017141,2025-04-15 00:25:42.520133,0 days 00:00:22.502992,0.032650596211452595,0.6088276445666426,8,0.15747263003176182,0.029035169018421517,0.06976940444147793,0.009066860721615897,0.010100857896002183,0.03275229092262289,0.0001477274133849698,11,40,0.042531212685569135,0.005503598028377224,False,False,False,8.590095318443143e-08,COMPLETE
268,0.4180020332336426,2025-04-15 00:25:42.613666,2025-04-15 00:26:06.061928,0 days 00:00:23.448262,0.04968934457869762,0.6381863769596021,8,0.1736783152165054,0.03559359246523365,0.06500029439098577,0.005212020862798504,0.007806864406475485,0.03169353917907824,0.00020169732855609694,12,47,0.03823417074247421,0.027850346742361077,False,False,False,1.1126562480654403e-07,COMPLETE
269,0.418247926235199,2025-04-15 00:26:06.149675,2025-04-15 00:26:28.099969,0 days 00:00:21.950294,0.02774060609831669,0.5751222689708333,8,0.1797862368511859,0.16825797878650808,0.07157079603465599,0.011133445666032938,0.0032986431822680166,0.019680124287325945,0.0003014615087833251,10,31,0.04042742714731813,0.016101618149832332,False,False,False,2.481662979540633e-07,COMPLETE
270,0.40955816507339476,2025-04-15 00:26:28.183694,2025-04-15 00:26:51.538470,0 days 00:00:23.354776,0.012233536070632729,0.5575379156107264,8,0.16309659782997646,0.041716496609920786,0.06696131984433752,0.007882349028271774,0.005907573436489575,0.034939592547925336,0.00022970029092586478,12,36,0.044550301794677734,0.01076727012345443,False,False,False,7.147689838725667e-08,COMPLETE
271,0.41686749458312994,2025-04-15 00:26:51.624077,2025-04-15 00:27:13.483974,0 days 00:00:21.859897,0.04972547057213425,0.5999901571381009,8,0.1880562782456865,0.04747886724458484,0.06943796524261445,0.009775165699185722,0.01005385578018066,0.04548083812071859,0.000161703238372556,10,42,0.03691967263450915,0.02421404516990729,False,False,False,4.2977739127614776e-07,COMPLETE
272,0.2746778190135956,2025-04-15 00:27:13.568992,2025-04-15 00:27:35.333829,0 days 00:00:21.764837,0.010400777938998264,0.6259283518026847,8,0.1697189750248696,0.2534376656859562,0.06490867456253786,0.0032907230255605335,0.007400007070877983,0.02787421662319608,0.00019221240931688094,10,38,0.047667746247781154,0.03331905882093099,False,False,False,1.9170922287721373e-07,COMPLETE
273,0.42212529182434083,2025-04-15 00:27:35.429080,2025-04-15 00:27:57.985503,0 days 00:00:22.556423,0.03446068619166663,0.5806356950463616,8,0.18188072737576846,0.05465304468406457,0.06755362383558186,0.005560649264335593,0.012892848628905168,0.03023834537568233,0.00028566609210106447,11,34,0.03149561449300912,0.021093071285274358,False,False,False,1.3780525865181048e-07,COMPLETE
274,0.3646631479263306,2025-04-15 00:27:58.071449,2025-04-15 00:28:19.908908,0 days 00:00:21.837459,0.06311094088590609,0.5423407573172142,8,0.17646198411342917,0.0316723401913638,0.06961384645530756,0.012410516232711196,0.004788489075119146,0.02572837882402859,0.00015065956690532963,10,46,0.04323348475625872,0.013503462355450573,False,False,False,3.104591696091525e-07,COMPLETE
275,0.41382334232330326,2025-04-15 00:28:19.995104,2025-04-15 00:28:44.023495,0 days 00:00:24.028391,0.042201964991094826,0.6579598964045106,8,0.16814954402612634,0.039065744253701594,0.07088160438612316,0.007236787133118383,0.008000552032930833,0.03815218363427401,0.00021467572282428068,13,29,0.04082000717034029,0.007408602795971896,False,False,False,9.596115992987265e-08,COMPLETE
276,0.18131802678108216,2025-04-15 00:28:44.110942,2025-04-15 00:29:04.559031,0 days 00:00:20.448089,0.05924061063669492,0.6017726898441191,8,0.18381146140961863,0.029261644823446023,0.06358239881768846,0.01566761498315532,0.010573575486501114,0.03338327869971833,0.00018105319947096045,11,40,0.03849191416658302,0.029236234408995164,True,False,True,7.37987812289013e-08,COMPLETE
277,0.2008437275886536,2025-04-15 00:29:04.645178,2025-04-15 00:29:24.450903,0 days 00:00:19.805725,0.010232206646777351,0.5619348344128335,8,0.18958804294240822,0.04580297971526526,0.06803024546991578,0.009368185274734315,0.0011473801277447158,0.03166825977729966,0.00023285909743823326,11,43,0.04560542570401363,0.020899267892084423,False,True,False,2.1615736784808113e-07,COMPLETE
278,0.44585299491882324,2025-04-15 00:29:24.548160,2025-04-15 00:29:45.559321,0 days 00:00:21.011161,0.030352609568071568,0.6393493717118628,8,0.15420661268213498,0.03715378254383516,0.06624966105000384,0.013430259344503901,0.005909419905380558,0.029068639830322186,0.00010173331625171647,9,32,0.04190391127933489,0.01543256926069184,False,False,False,1.1563068485299433e-07,COMPLETE
279,0.35499616861343386,2025-04-15 00:29:45.645986,2025-04-15 00:30:06.784350,0 days 00:00:21.138364,0.030258204769881492,0.6340752153755922,8,0.14821521321461442,0.035233491075075646,0.06556784422287122,0.013483440986544967,0.003453794508209187,0.035392652981788175,9.634806456125618e-05,9,18,0.041449848647642354,0.2161937688552817,False,False,False,1.1970216771569924e-07,COMPLETE
280,0.4343200087547302,2025-04-15 00:30:06.872517,2025-04-15 00:30:28.093011,0 days 00:00:21.220494,0.06329972211835526,0.5863134188563711,8,0.1548962302114303,0.03763561350997829,0.07188164282389599,0.011201367895140497,0.005707742367045694,0.031247649735367908,2.8073071789372732e-05,9,38,0.036811422759517466,0.013371248827171094,False,False,False,1.5452935198913982e-07,COMPLETE
