number,value,datetime_start,datetime_complete,duration,params_alpha-eval,params_alpha-train,params_batch-size,params_eps-eval,params_eps-train,params_lambda-actions-eval,params_lambda-actions-train,params_lambda-frames-eval,params_lambda-frames-train,params_learning-rate,params_n-epochs,params_n-frames,params_radius-gw,params_rho,params_std-feats,params_ub-actions,params_ub-frames,params_weight-decay,state
907,0.5235042452812195,2025-04-10 01:47:31.913648,2025-04-10 01:48:08.451204,0 days 00:00:36.537556,0.2768789019369452,0.41781881512806507,2,0.27520597946773,0.042022077672869404,0.05486447715210405,0.024260279973259778,0.032050708857463826,0.0555067371631489,0.005075375341227658,5,69,0.008159402127010494,0.01493210723393501,False,False,False,1.6634099623107967e-07,COMPLETE
908,0.33375896215438844,2025-04-10 01:48:08.750007,2025-04-10 01:48:29.672112,0 days 00:00:20.922105,0.08779993075982341,0.47703744255790004,8,0.2626754703751128,0.062142899059832266,0.048028540162546526,0.020385806449313235,0.036872075791139644,0.05554482235511789,0.003289009598753597,5,43,0.001116775885151715,0.058878717056681705,False,False,False,3.7219615179284686e-08,COMPLETE
909,0.5492584824562072,2025-04-10 01:48:29.968257,2025-04-10 01:49:41.385740,0 days 00:01:11.417483,0.550486346437014,0.5155312190252362,2,0.2693730259757441,0.032609567161863154,0.05109463093364291,0.016167880975522752,0.03398795976260334,0.05742766871496927,0.0066508391490954005,16,77,0.01155593960209093,0.01620042935151078,False,False,False,1.7217461598876236e-07,COMPLETE
910,0.4600574016571045,2025-04-10 01:49:41.684422,2025-04-10 01:50:01.036765,0 days 00:00:19.352343,0.5916539001971364,0.4549604326897549,16,0.25674592481205893,0.04667986136620713,0.05630827099256661,0.021880235312447937,0.08972919392796519,0.05411186399970845,0.004118223395048044,6,132,0.013991894844695287,0.0016495050807258868,False,False,False,1.1690192142205808e-07,COMPLETE
911,0.5708321452140809,2025-04-10 01:50:01.320219,2025-04-10 01:50:54.976145,0 days 00:00:53.655926,0.6215406245931964,0.40066748871739244,2,0.27844406568712726,0.038423684104251746,0.05273119731076188,0.01899651916522403,0.03361564828860166,0.0491681917577522,0.00786025091494044,10,125,0.006199164613200996,0.049890520672723135,False,False,False,9.84887066278711e-08,COMPLETE
912,0.4582170605659485,2025-04-10 01:50:55.270746,2025-04-10 01:51:50.740965,0 days 00:00:55.470219,0.16203133715015522,0.3947433826584733,2,0.2758608731012632,0.029911744915001145,0.054076668020624996,0.019132259040062417,0.03125340373323371,0.05030768678912414,0.0059401256401359495,11,120,0.010106219841861868,0.055160485868102016,False,False,False,1.3892169996396415e-07,COMPLETE
913,0.09523442536592484,2025-04-10 01:51:51.041188,2025-04-10 01:52:13.836470,0 days 00:00:22.795282,0.21797147544352913,0.37373534154646526,8,0.2719679585610149,0.02397764431240901,0.05529599471119667,0.025592228984875995,0.03371787728919606,0.04563445274324044,0.007043845988655154,10,128,0.006809748745498388,0.048849472763014726,False,False,True,1.1950725674635621e-07,COMPLETE
914,0.43874534368515017,2025-04-10 01:52:14.136423,2025-04-10 01:53:09.847313,0 days 00:00:55.710890,0.524597927409572,0.3815467246498265,2,0.2780874041206427,0.03539583099030265,0.05288182977098739,0.018321464142725674,0.04284944370958792,0.04910239902374357,0.005391669101132667,11,127,0.019318746968086623,0.06817098737310767,False,False,False,1.0044137552261064e-07,COMPLETE
915,0.49800881147384646,2025-04-10 01:53:10.134827,2025-04-10 01:54:02.616806,0 days 00:00:52.481979,0.5620436314895845,0.3472972420373424,2,0.2659315982142123,0.028884576841408303,0.052410058899303134,0.02241716683835043,0.02887614334758947,0.05122094530022822,0.00698583299344643,10,127,0.007701393730832366,0.05991126718711551,False,False,False,1.5683564408810648e-07,COMPLETE
916,0.47937798500061035,2025-04-10 01:54:02.913272,2025-04-10 01:54:28.205266,0 days 00:00:25.291994,0.11287068302854629,0.3908832384046419,8,0.27088369356255265,0.03735423618827726,0.05517767281152434,0.035431786736573594,0.03659776398042093,0.048671413430227246,0.00732404612692376,10,112,0.01222983222639657,0.049603884205734146,False,False,False,1.3171327047575268e-05,COMPLETE
917,0.4397926688194275,2025-04-10 01:54:28.506123,2025-04-10 01:55:24.233807,0 days 00:00:55.727684,0.6322398558841253,0.4088513764388211,2,0.26091790462834896,0.03405746305652209,0.05747575015370818,0.06085355565793096,0.033172710910611754,0.04768946173042215,0.00028358232928497976,11,125,0.05053275352632473,0.06017588251365512,False,False,False,1.036281043650282e-07,COMPLETE
918,0.44459962844848633,2025-04-10 01:55:24.534668,2025-04-10 01:56:17.222272,0 days 00:00:52.687604,0.6059466916466871,0.41483971036075185,2,0.25352543183536236,0.04009092622017293,0.053726108209070395,0.016242610554115793,0.03314307149117097,0.05071086305092103,0.003720348777682516,10,120,0.009293842858450677,0.009043890582419702,False,False,False,1.8549578537256964e-07,COMPLETE
919,0.43164614439010623,2025-04-10 01:56:17.508916,2025-04-10 01:56:42.726889,0 days 00:00:25.217973,0.4971478855563819,0.3633378270751413,8,0.2790109075213808,0.026083942744615077,0.0558353670773707,0.023703074494546707,0.038541050686727425,0.04705708085235129,0.007905278364870398,10,130,0.0010089526263668783,0.20672519266624836,False,False,False,1.3921618180617712e-07,COMPLETE
920,0.43652881979942326,2025-04-10 01:56:43.024876,2025-04-10 01:57:38.851686,0 days 00:00:55.826810,0.6533574739442125,0.4384230788141855,2,0.2655560532975573,0.039777512586238246,0.05153529659574939,0.01811030401432042,0.02536585864691125,0.044448237842162015,0.008015832393758743,11,131,0.04010680196763781,0.0506699855666546,False,False,False,8.839731819949525e-08,COMPLETE
921,0.5052168488502503,2025-04-10 01:57:39.154557,2025-04-10 01:58:32.455467,0 days 00:00:53.300910,0.4839078976954654,0.4067785081515245,2,0.2708495464334245,0.03171666237851665,0.05704566398858914,0.02046109809004329,0.03149937871000213,0.053275661709890614,0.0058111829199132044,10,122,0.006337347425756104,0.019808971714516784,False,False,False,1.251737612453433e-07,COMPLETE
922,0.4864093899726868,2025-04-10 01:58:32.757166,2025-04-10 01:58:55.588490,0 days 00:00:22.831324,0.1784523511210958,0.43295903390559065,16,0.25932557106185905,0.020897870867724634,0.05304237919639003,0.08699399522662271,0.036457825256816595,0.047197158966181735,0.00045829599413162056,10,125,0.004555073609195025,0.06643790981887768,True,False,False,1.7799109653720995e-07,COMPLETE
923,0.10719608366489411,2025-04-10 01:58:55.871995,2025-04-10 01:59:18.129636,0 days 00:00:22.257641,0.7906914969066582,0.3826404494697752,8,0.2476065273717256,0.035833446313421766,0.0589740091423623,0.015610077176532924,0.08189118930695513,0.05015431438274401,0.007546747493203369,9,132,0.016231707905361256,0.013800547758029313,False,True,False,4.0157235406271355e-05,COMPLETE
924,0.49399245977401735,2025-04-10 01:59:18.427773,2025-04-10 02:00:10.870921,0 days 00:00:52.443148,0.18977848940076883,0.426893536227949,2,0.2764239289054593,0.0423617389085294,0.050637379128712245,0.03250139336217245,0.030567806575919027,0.05168478219950409,0.008500359928444338,10,127,0.0796270887725867,0.04499066777360548,False,False,False,9.376229692188378e-08,COMPLETE
925,0.43571883440017706,2025-04-10 02:00:11.169614,2025-04-10 02:01:07.312753,0 days 00:00:56.143139,0.5780093779676165,0.41130610558160235,2,0.2651043476262576,0.028611072453908645,0.06146080386421412,0.0977126256065785,0.03385837658501327,0.05343853729819037,0.0050804625413108555,11,126,0.011061034066489166,0.053068242355342424,False,False,False,1.437868981440193e-07,COMPLETE
926,0.09427145123481752,2025-04-10 02:01:07.613146,2025-04-10 02:02:50.074577,0 days 00:01:42.461431,0.6191522771971978,0.7422620128297976,2,0.2540329059986086,0.03466583099609272,0.0553731162068397,0.08122809653578385,0.03227267389782605,0.05685551728319266,0.006376999095017278,26,120,0.0086504516500851,0.02080400143139845,False,False,False,2.0980144785125964e-07,COMPLETE
927,0.4064648628234863,2025-04-10 02:02:50.364198,2025-04-10 02:03:23.651304,0 days 00:00:33.287106,0.06621105479362682,0.44303727856034825,8,0.2815973982636272,0.04136068417540504,0.05865546585555886,0.027790763822449282,0.03664529129418342,0.04917388588354597,0.008694239874972354,19,123,0.0027768942943531298,0.04182097896042135,False,False,False,1.1647077739922208e-07,COMPLETE
928,0.34023899435997007,2025-04-10 02:03:23.952776,2025-04-10 02:04:13.745768,0 days 00:00:49.792992,0.19119712922619286,0.46770363137220833,2,0.2713269561405764,0.18921199230174746,0.05323378044066186,0.030098079316788363,0.03970105859969317,0.05244427852601156,0.008743418282153548,9,129,0.005868227163048577,0.09318455840316506,False,False,False,8.769597705822498e-08,COMPLETE
929,0.4829138517379761,2025-04-10 02:04:14.043858,2025-04-10 02:04:53.895909,0 days 00:00:39.852051,0.46452315674044276,0.49388992066605997,2,0.24069957398090341,0.031642716795305906,0.06658622878915751,0.07728705073639168,0.028422814017885947,0.05490438995019392,0.00614913779132509,6,118,0.01320528809767706,0.02465548741743669,False,False,False,2.7905805853419076e-07,COMPLETE
930,0.3963215291500092,2025-04-10 02:04:54.204099,2025-04-10 02:05:18.815602,0 days 00:00:24.611503,0.029432001244497158,0.44622827741956733,8,0.2601841517153999,0.015398354386239245,0.05010058690760741,0.046356253296785596,0.03225014332281234,0.057746003802184434,0.004356432194959088,9,128,0.003940624966447537,0.04638713770608656,False,False,False,1.7667065662288334e-07,COMPLETE
931,0.4661788821220398,2025-04-10 02:05:19.103663,2025-04-10 02:05:59.444662,0 days 00:00:40.340999,0.5151599615052235,0.5330121983323935,2,0.2641583958184151,0.044701928528125406,0.06012489679003673,0.07331309794490212,0.03515582762109762,0.02935480031746541,0.007521855526335688,6,124,0.010325864393027259,0.03534408909809933,False,False,False,1.2593602868554023e-07,COMPLETE
932,0.10911113470792771,2025-04-10 02:05:59.743231,2025-04-10 02:06:32.038840,0 days 00:00:32.295609,0.5978472697154753,0.42236947423929294,2,0.2528211308246441,0.02410835807843064,0.062221788981151806,0.021427782528007307,0.041191817495651276,0.04102697886173037,0.009092618069696249,5,37,0.0064641733136880635,0.007231748108331326,False,False,True,2.294405993965593e-07,COMPLETE
933,0.4937103629112244,2025-04-10 02:06:32.339808,2025-04-10 02:06:56.925947,0 days 00:00:24.586139,0.13231346076839545,0.3909626563690441,8,0.28380388351995145,0.03804573920490008,0.056228122740500826,0.025409008375613287,0.03096589713382471,0.04603865845335495,0.0009148483696658444,9,116,0.014743252668393105,0.013978093443599501,False,False,False,3.124405858561721e-07,COMPLETE
934,0.49814066886901853,2025-04-10 02:06:57.230745,2025-04-10 02:07:37.484178,0 days 00:00:40.253433,0.6423595800169749,0.33162816525933,2,0.2731584798009327,0.03914168875647789,0.06443943396209904,0.09812272953198563,0.03549331615125735,0.05890651834596759,0.001245550003688236,6,134,0.0010493505669320737,0.028316978885183655,False,False,False,9.766424599929598e-08,COMPLETE
935,0.43367158174514775,2025-04-10 02:07:37.792076,2025-04-10 02:07:59.269502,0 days 00:00:21.477426,0.5380130079565395,0.36751038712329215,16,0.24771215352334672,0.04744224015688514,0.05146972139459718,0.018963962005616505,0.036430362798169955,0.05591100129328251,0.006557710257989729,11,117,0.008599552954574034,0.03774437964210421,False,False,False,1.6210892219929705e-07,COMPLETE
936,0.49801378250122075,2025-04-10 02:07:59.562067,2025-04-10 02:08:37.028056,0 days 00:00:37.465989,0.5735388570939937,0.46484432754791966,2,0.2661458131261036,0.028857052748846958,0.07845307818784403,0.05817450198109564,0.03245451425453985,0.05188349321304241,0.009645863091190613,5,125,0.002998021593536981,0.05510867134368501,False,False,False,3.4822935557508395e-07,COMPLETE
937,0.3530278503894806,2025-04-10 02:08:37.331106,2025-04-10 02:09:02.854735,0 days 00:00:25.523629,0.4745747715967585,0.39826941568827473,8,0.2780563451324705,0.14051028263405463,0.07007050757508534,0.022712883465096242,0.03339420043664012,0.043618750850419094,0.007877946396334837,10,128,0.0048448947366008,0.02306008970292328,False,False,False,8.433032834254814e-08,COMPLETE
938,0.5022457003593445,2025-04-10 02:09:03.157957,2025-04-10 02:09:53.147622,0 days 00:00:49.989665,0.1991078325509824,0.4240961520172027,2,0.25800167994980727,0.035079061987060296,0.052895791776058916,0.01431618629779674,0.039685342430899856,0.025883610715678653,0.0054461944361295185,9,121,0.007389957027013891,0.018240241468582934,False,False,False,1.985180046787469e-07,COMPLETE
939,0.39676750898361207,2025-04-10 02:09:53.454717,2025-04-10 02:10:43.426412,0 days 00:00:49.971695,0.6797879512954483,0.44891474537878867,2,0.23498929937027263,0.043991401377343635,0.05767280559466313,0.09992591118710935,0.08319785718561871,0.04921654337596798,0.009777582713986393,9,122,0.017452769994016282,0.047253116767325284,False,False,False,1.2276256139109062e-07,COMPLETE
940,0.48852913379669194,2025-04-10 02:10:43.722480,2025-04-10 02:11:05.968365,0 days 00:00:22.245885,0.6215488512532007,0.5067185279571588,8,0.269224775641308,0.024339439020506934,0.055091554597277395,0.03804277052951838,0.0891376837565038,0.05847241124550166,0.007857872388657422,6,127,0.0031324814136082734,0.03384982972229739,False,False,False,6.579150710439074e-05,COMPLETE
941,0.4468427777290344,2025-04-10 02:11:06.272377,2025-04-10 02:11:59.112278,0 days 00:00:52.839901,0.3844682664295235,0.4769054113388176,2,0.2557607991516914,0.03278632834265689,0.059914244165825484,0.09573559054365857,0.03047609050149583,0.05414336433336159,0.010779560877042309,10,93,0.01138145845247061,0.04400371605097674,True,False,False,2.70683094366738e-07,COMPLETE
942,0.15613625943660736,2025-04-10 02:11:59.419488,2025-04-10 02:12:42.161585,0 days 00:00:42.742097,0.296973384614289,0.41012229153074803,2,0.24529268605097873,0.03956814656728911,0.06564452838596277,0.01723755856092331,0.05838915578157867,0.05974645286361308,0.006483091744810975,9,34,0.005312239337782911,0.03024437924703606,False,True,False,7.172689072649176e-08,COMPLETE
943,0.5178040981292725,2025-04-10 02:12:42.468385,2025-04-10 02:13:22.854349,0 days 00:00:40.385964,0.21436932202770018,0.43338710429290195,2,0.27548263694114866,0.04760990154124976,0.05001180168194345,0.04303941385598435,0.038083881375287926,0.056478678297207624,0.00015137098559257325,6,118,0.009348294878342853,0.10253744744643128,False,False,False,1.414460782476152e-07,COMPLETE
944,0.49472568035125736,2025-04-10 02:13:23.175438,2025-04-10 02:13:44.521922,0 days 00:00:21.346484,0.5006021870294467,0.4623500297803841,8,0.2610609813785454,0.028722966326219672,0.06150228612782875,0.08543410335905073,0.02841611409726735,0.05215166333407929,0.008492350905708417,5,134,0.013349785242449445,0.06333871520423381,False,False,False,1.0262019578231505e-07,COMPLETE
945,0.403915137052536,2025-04-10 02:13:44.817191,2025-04-10 02:14:28.151510,0 days 00:00:43.334319,0.41053040496404064,0.48915483793160186,2,0.24043303303202399,0.041801190933352064,0.08326950702278693,0.020140699407689713,0.04805265688313735,0.0036613708934186712,0.009818491854824035,7,97,0.0026430253260263862,0.0401234850354915,False,False,False,2.2334392327205568e-07,COMPLETE
946,0.3528144717216492,2025-04-10 02:14:28.456713,2025-04-10 02:15:21.303905,0 days 00:00:52.847192,0.5898174951212649,0.6004994207914738,2,0.284129502014696,0.03530620885022159,0.05440884025475814,0.03393138527876923,0.0838365432589426,0.07662089168229552,0.00492630317101103,10,124,0.006761065093239343,0.011444648630991412,False,False,False,1.594876400480882e-07,COMPLETE
947,0.4300449371337891,2025-04-10 02:15:21.610652,2025-04-10 02:15:46.055232,0 days 00:00:24.444580,0.14033397257939523,0.3781883667463725,8,0.2683544948225687,0.04745900589643483,0.05209264812960055,0.08951960328988222,0.09098641582538762,0.05955346384399176,0.011510233246559014,9,44,0.004453360608767823,0.01956649199796239,False,False,False,7.773072699949601e-08,COMPLETE
948,0.5109610915184022,2025-04-10 02:15:46.363550,2025-04-10 02:16:06.505223,0 days 00:00:20.141673,0.6125581498807824,0.44504053252817705,16,0.2520795247223854,0.021040075293307724,0.04880400889645047,0.027013614228222977,0.05489671337996814,0.04792156037529525,0.007136245055315491,8,41,0.008626437202821977,0.0262612634056826,False,False,False,3.576385240160451e-07,COMPLETE
949,0.5732180356979371,2025-04-10 02:16:06.798243,2025-04-10 02:16:56.929666,0 days 00:00:50.131423,0.4611731905136954,0.40556643230480566,2,0.272574719669217,0.03833204229137713,0.0563172372665539,0.002891298330190719,0.08122668814293652,0.05581906685604782,0.00881349529721641,9,136,0.0029534181434971163,0.05493539127266068,False,False,False,1.1456683489336266e-07,COMPLETE
950,0.5099988102912903,2025-04-10 02:16:57.233446,2025-04-10 02:17:46.926216,0 days 00:00:49.692770,0.462167024328658,0.4010107182637034,2,0.1653919362052329,0.029236909492461702,0.056418556822626975,0.0034053800132238105,0.08118546085504838,0.05456303651466583,0.0055829631225849455,9,85,0.001030436651832666,0.06563926509097671,False,False,False,1.9015621639762875e-07,COMPLETE
951,0.4950541257858277,2025-04-10 02:17:47.231748,2025-04-10 02:18:37.649397,0 days 00:00:50.417649,0.8757209906615502,0.3348267384900327,2,0.2793205120527076,0.03497137451540968,0.05750586820360434,0.0030571860664714663,0.08132019906672085,0.05138390427228161,0.007821108516262637,9,142,0.0035331442327180716,0.06995538122660039,False,False,False,1.5298002035631725e-07,COMPLETE
952,0.09539056569337846,2025-04-10 02:18:37.956713,2025-04-10 02:19:00.091060,0 days 00:00:22.134347,0.48458605741837923,0.3584702122864335,8,0.27384025404552625,0.01907726789430507,0.05464169752905329,0.006614677294678733,0.07931568393992654,0.05294672884344524,0.006412500955292206,9,142,0.0026659532785753594,0.060400693229036885,False,False,True,1.2305621161296525e-07,COMPLETE
953,0.4922447919845581,2025-04-10 02:19:00.401561,2025-04-10 02:19:53.891454,0 days 00:00:53.489893,0.46676121649296914,0.41836920604988415,2,0.282812178144402,0.025768320891109607,0.05670860837364039,0.00617339492997503,0.08437969594363338,0.05562972946315954,0.008657129067969581,10,147,0.004601303882536942,0.0543833563330723,False,False,False,9.781894534694999e-05,COMPLETE
954,0.5048464894294739,2025-04-10 02:19:54.186596,2025-04-10 02:20:47.175114,0 days 00:00:52.988518,0.44510391924819986,0.38707907787352974,2,0.2742649012233927,0.03931519895014853,0.0584559071595065,0.002052992514471067,0.08208897301113337,0.053834288732192696,0.009576238940183031,10,115,0.0033365515764451604,0.07592779780667802,False,False,False,2.1042186825794454e-07,COMPLETE
955,0.543768560886383,2025-04-10 02:20:47.484381,2025-04-10 02:21:17.143477,0 days 00:00:29.659096,0.4904122030254553,0.47031538655598726,8,0.2849587251042595,0.030775846247770976,0.053483719142991305,0.004998924519665384,0.07939394998301971,0.056299752201464597,0.004312312969840297,15,139,0.0057196112182921165,0.060837697536947066,False,False,False,1.0885444078443051e-07,COMPLETE
956,0.30348286032676697,2025-04-10 02:21:17.452849,2025-04-10 02:22:04.018224,0 days 00:00:46.565375,0.46075818242274297,0.6803124153302004,2,0.27160015152094485,0.04157132567497082,0.05493290471411889,0.002726557732528057,0.08232461185019359,0.05531223610987092,0.007198197538712914,8,135,0.002547356958009765,0.060710052769172226,False,False,False,2.825487002751565e-07,COMPLETE
957,0.35958325266838076,2025-04-10 02:22:04.333939,2025-04-10 02:22:54.465009,0 days 00:00:50.131070,0.42293490845997883,0.8119086823608489,2,0.2786618051091632,0.034666442546937945,0.056967471046600146,0.006482687535258465,0.08422430119390951,0.049917219214176314,0.0057547856102002975,9,138,0.001019561194805054,0.05438865393978399,False,False,False,1.4547524799090278e-07,COMPLETE
958,0.41345866918563845,2025-04-10 02:22:54.776503,2025-04-10 02:23:20.689697,0 days 00:00:25.913194,0.2501365824967194,0.43547261271105236,8,0.2687459679760943,0.049912048192181396,0.05926764629334674,0.0014153198556215475,0.08673102991339506,0.057573657543657855,0.0021459277986606664,10,139,0.005300975147426142,0.050978020533503546,False,False,False,2.552845417620213e-07,COMPLETE
959,0.3478069186210632,2025-04-10 02:23:20.983894,2025-04-10 02:24:11.033773,0 days 00:00:50.049879,0.4437584315200459,0.4083907455682554,2,0.27781153054577284,0.044597531313871744,0.05236359388682208,0.005418166094485711,0.08064389998524346,0.054918167080564385,0.010982458707404713,9,136,0.002920573115222083,0.05756803635364696,False,False,False,1.8099467281371826e-07,COMPLETE
960,0.37972113490104675,2025-04-10 02:24:11.342564,2025-04-10 02:25:07.599510,0 days 00:00:56.256946,0.47639506599893583,0.5011537261629433,2,0.2657132472549975,0.038138684463806236,0.05467458306129012,0.004386223069130964,0.0831975655879124,0.057682478813712156,0.00868985647770672,11,113,0.006541345472371663,0.051270011769085064,False,False,False,1.0766465683565198e-07,COMPLETE
961,0.3966172575950623,2025-04-10 02:25:07.911953,2025-04-10 02:25:31.788050,0 days 00:00:23.876097,0.5107869115081032,0.4540017461953993,8,0.2722159116184087,0.007758787275813472,0.05129862011406784,0.0015302636291016705,0.08633033242480988,0.07225046852469394,0.006868998036799471,8,131,0.0010923303235684145,0.07055136094707462,False,False,False,3.527416357620146e-07,COMPLETE
962,0.5150134921073914,2025-04-10 02:25:32.098833,2025-04-10 02:26:18.954892,0 days 00:00:46.856059,0.4289388607759495,0.35034905089390694,2,0.2814593380786087,0.026332073547691445,0.05824600499898136,0.003645209154682791,0.07896386587677465,0.05287390290013848,0.012782243268002754,8,135,0.004449947042721371,0.00462130027774231,False,False,False,4.563981800160441e-07,COMPLETE
