number,value,datetime_start,datetime_complete,duration,params_alpha-eval,params_alpha-train,params_batch-size,params_eps-eval,params_eps-train,params_lambda-actions-eval,params_lambda-actions-train,params_lambda-frames-eval,params_lambda-frames-train,params_learning-rate,params_n-epochs,params_n-frames,params_radius-gw,params_rho,params_std-feats,params_ub-actions,params_ub-frames,params_weight-decay,state
1859,0.3704245388507843,2025-04-10 17:32:03.616529,2025-04-10 17:33:16.553012,0 days 00:01:12.936483,0.4841755942343579,0.5190932443620868,2,0.020120160056190918,0.05225308815306691,0.07004145688594232,0.07579963471146953,0.06068120266060869,0.024085706145130694,0.0028062660818046346,16,142,0.0011489955886541893,0.09351349836308925,False,False,False,1.0200181244848118e-08,COMPLETE
1860,0.4530408143997192,2025-04-10 17:33:17.171980,2025-04-10 17:34:26.516843,0 days 00:01:09.344863,0.45495411476437797,0.49897627402397465,2,0.025155575914903,0.041111583467147106,0.06888214895077703,0.08001164089262201,0.06307631721677509,0.029239726821388146,0.0022870333008688224,15,144,0.0027216775358025348,0.0985190521480473,False,False,False,1.2044248174307449e-08,COMPLETE
1861,0.47952864170074466,2025-04-10 17:34:27.117601,2025-04-10 17:35:40.294748,0 days 00:01:13.177147,0.6492057920523057,0.4856400517592375,2,0.019445033572238413,0.03870158099262687,0.0679670078930158,0.07739859995232048,0.0615756544806356,0.024392098440790412,0.0035804473189297937,16,140,0.0029213058641726557,0.0922110199190282,False,False,False,1.2240844765634158e-08,COMPLETE
1862,0.44738063812255857,2025-04-10 17:35:40.885888,2025-04-10 17:36:52.240771,0 days 00:01:11.354883,0.4934154804255844,0.5155687364568798,2,0.024715310003413087,0.04600338033108279,0.07052012661804276,0.07619317126912029,0.06441453339485245,0.025813507756818514,0.0022203666140598916,15,138,0.0010179228806861435,0.10591908842502135,True,False,False,1.4711367103431252e-08,COMPLETE
1863,0.5610619068145752,2025-04-10 17:36:52.854370,2025-04-10 17:38:01.821225,0 days 00:01:08.966855,0.4920681568868876,0.5168197128922715,2,0.013789073427705044,0.03625164012922752,0.06733909543034657,0.07211032012247255,0.05908295569049833,0.026645245515598937,0.002769023520311302,15,142,0.0010790314445513673,0.09162306310517393,False,False,False,1.0227941592015697e-08,COMPLETE
1864,0.48077220916748054,2025-04-10 17:38:02.444581,2025-04-10 17:39:03.156989,0 days 00:01:00.712408,0.6290787799422831,0.4833534099267664,2,0.021022354850095723,0.040051475872004895,0.07041206459247798,0.0783503062051497,0.062073059492002355,0.03024246430625617,0.00328250662236723,15,147,0.00103374721169246,0.1007452444189467,False,True,False,1.466644401720645e-08,COMPLETE
1865,0.6099954724311829,2025-04-10 17:39:03.754949,2025-04-10 17:40:15.905839,0 days 00:01:12.150890,0.4971029936160576,0.5240119160995526,2,0.010542181167248409,0.03349584350020553,0.06814530143278935,0.07871364898717456,0.058980136049963466,0.027931791676308836,0.0023328849764875917,16,139,0.004246648807003909,0.08776421918755743,False,False,False,1.7916335166603378e-08,COMPLETE
1866,0.6056965231895447,2025-04-10 17:40:16.529998,2025-04-10 17:41:31.969865,0 days 00:01:15.439867,0.4968718268753533,0.5344031185575698,2,0.008541700740166656,0.033177805872882514,0.07074845139839588,0.07730497707162462,0.061040658176458665,0.026439662160101424,0.0021092873375069825,17,138,0.0010079078079372888,0.0860116782608836,False,False,False,1.4499590962288375e-08,COMPLETE
1867,0.38055133819580084,2025-04-10 17:41:32.563088,2025-04-10 17:42:51.066195,0 days 00:01:18.503107,0.4782376044214783,0.5237448380889046,2,0.0068373314195385405,0.05249736903772591,0.07184347888566966,0.07381260881836328,0.06509617488111309,0.02851753331070679,0.0022671311487110777,18,139,0.00253111134905092,0.08506768376986285,False,False,False,1.2402012265697568e-08,COMPLETE
1868,0.39195503592491154,2025-04-10 17:42:51.683507,2025-04-10 17:44:10.741009,0 days 00:01:19.057502,0.48377264943581477,0.5285367098977666,2,0.009534484359171386,0.04458326493661685,0.0724802356314339,0.07889366134991276,0.062203824829205855,0.0239666105483329,0.0022154543665313872,18,136,0.0011874485590113728,0.08845630534140052,False,False,False,1.6848483489059415e-08,COMPLETE
1869,0.6065450072288513,2025-04-10 17:44:11.361916,2025-04-10 17:45:26.946323,0 days 00:01:15.584407,0.4727819433775104,0.5243575459872162,2,0.009898351520889784,0.0341890594290303,0.0712371367537959,0.07078630754439502,0.06424959755991465,0.027427016047684192,0.0021457486929057504,17,137,0.0011330231784348356,0.08446216854326889,False,False,False,1.213873193687294e-08,COMPLETE
1870,0.39618837237358095,2025-04-10 17:45:27.555071,2025-04-10 17:46:47.028166,0 days 00:01:19.473095,0.471352850192164,0.5084054323432368,2,0.006185611784544501,0.04494813429978277,0.07104345628819411,0.0747531076945657,0.06678023344314865,0.02842114213087509,0.001971210267256455,18,136,0.0027244990381961676,0.08361514320342676,False,False,False,1.0084695266398371e-08,COMPLETE
1871,0.3738622546195984,2025-04-10 17:46:47.628094,2025-04-10 17:48:03.159483,0 days 00:01:15.531389,0.46984328242581247,0.5195632232531427,2,0.008267712991584662,0.05171024995883175,0.07139226880184538,0.07608757438588476,0.06125055020131861,0.030446492651116597,0.0021091183753674907,17,135,0.0012578932000501546,0.0863244424461164,False,False,False,1.215685203814834e-08,COMPLETE
1872,0.42860161066055297,2025-04-10 17:48:03.777384,2025-04-10 17:49:23.328968,0 days 00:01:19.551584,0.4490374259451527,0.5069066474950401,2,0.011561116715057568,0.040355265207604185,0.07292121161980303,0.07598288646027161,0.06661680617739739,0.03145209561911441,0.001900955926572875,18,144,0.002155793276066808,0.08707563850130767,False,False,False,1.5939736630113194e-08,COMPLETE
1873,0.36928902864456176,2025-04-10 17:49:23.953825,2025-04-10 17:50:19.846459,0 days 00:00:55.892634,0.46357145186486043,0.5281395064109569,2,0.004575208871269363,0.037333093118224976,0.0711622354576007,0.07618594176290217,0.06260595479889153,0.029851155377776467,0.002291324336767301,13,137,0.001055080251282052,0.0852852526014114,False,False,True,1.2212474943849087e-08,COMPLETE
1874,0.29935628771781925,2025-04-10 17:50:20.450390,2025-04-10 17:51:35.964144,0 days 00:01:15.513754,0.4554830908592756,0.5049753455390478,2,0.0006208372025683362,0.033401835907917815,0.07220837679282677,0.07103910807412235,0.06677991355948847,0.026278949145485533,0.002029671934122574,17,150,0.0011847813654628167,0.0891844950911106,False,False,False,1.0146309290986658e-08,COMPLETE
1875,0.3670567154884339,2025-04-10 17:51:36.584458,2025-04-10 17:52:51.686527,0 days 00:01:15.102069,0.4677595619404113,0.5276187304240367,2,0.012108299957081684,0.04739016886111132,0.07072635933836803,0.07301237887774117,0.06352781509791802,0.029291171469508596,0.0028347110435309668,17,134,0.001089635226839288,0.08599990035092372,False,False,False,1.9028992889025584e-08,COMPLETE
1876,0.45193344354629517,2025-04-10 17:52:52.292497,2025-04-10 17:54:08.294910,0 days 00:01:16.002413,0.4692174852140863,0.5191934670417996,2,0.01528551455767031,0.0403110202659213,0.07279289484723833,0.07342430636101868,0.06503291511356582,0.02562900587608395,0.0024307154654628974,17,142,0.0034991796593750618,0.08470695719542892,False,False,False,1.002154035483808e-08,COMPLETE
1877,0.4766924500465393,2025-04-10 17:54:08.913394,2025-04-10 17:55:26.197936,0 days 00:01:17.284542,0.4879925520087457,0.5205315178729247,2,0.010752377941352479,0.0342560829316673,0.07034508784185975,0.07785869635037602,0.06481910952036309,0.02699588309622239,0.0020084025090079593,17,145,0.002418506555836561,0.09017234998896996,False,False,False,2.2441376840473603e-08,COMPLETE
1878,0.45934194326400757,2025-04-10 17:55:26.826251,2025-04-10 17:56:39.257565,0 days 00:01:12.431314,0.4484144500051777,0.49910960573439017,2,0.006993555119546512,0.037732177595700425,0.07438693621028088,0.07030230735975178,0.06386186884457601,0.025643256557925306,0.0027195664923016175,16,137,0.001089399786021263,0.08366405731221453,False,False,False,1.5040783030002753e-08,COMPLETE
1879,0.5851279497146606,2025-04-10 17:56:39.861953,2025-04-10 17:58:01.507688,0 days 00:01:21.645735,0.47593130848080795,0.5285958085103133,2,0.016756041801026078,0.033739859303342196,0.07191860209774893,0.07832058873419916,0.06485914475308888,0.031343723255397984,0.0018639183347191552,19,133,0.003106125439562593,0.08919820156417083,False,False,False,1.743490745784781e-08,COMPLETE
1880,0.3994564890861511,2025-04-10 17:58:02.133854,2025-04-10 17:59:17.808411,0 days 00:01:15.674557,0.4915683094587109,0.49699414125882585,2,0.00693556664856868,0.044030487072927726,0.06992263524677414,0.07416152856442954,0.06326962409283363,0.029496416422861514,0.0023933141451492478,17,139,0.0012022923635728482,0.09188593252176942,False,False,False,2.230574673401995e-08,COMPLETE
1881,0.4119714498519898,2025-04-10 17:59:18.412735,2025-04-10 18:00:35.849499,0 days 00:01:17.436764,0.461686229052075,0.4780299588587756,2,0.018100479666480596,0.032402550879693105,0.06989659339244585,0.07896497851647821,0.06367210054361909,0.028059605368094563,0.00314653122333204,17,141,0.0026456169523319346,0.0918947477719524,True,False,False,1.0041801961960393e-08,COMPLETE
1882,0.43748486042022705,2025-04-10 18:00:36.475751,2025-04-10 18:01:52.382061,0 days 00:01:15.906310,0.44795422344088004,0.5292729680487254,2,0.015231565328281531,0.0389664318664027,0.07336857656562816,0.07659244559837929,0.06580433091242538,0.027644350720494034,0.002136745577774259,17,147,0.0011636627281374093,0.08330734528765499,False,False,False,1.5475601895921973e-08,COMPLETE
1883,0.38484496474266056,2025-04-10 18:01:52.997489,2025-04-10 18:03:11.234511,0 days 00:01:18.237022,0.48382687608546937,0.5021007786628399,2,0.0063146896932229635,0.04905020156078222,0.06943173913859539,0.0714585702140457,0.06118168048451374,0.026738683659457425,0.0026269537524355787,18,135,0.0010481064122526756,0.08428054657234153,False,False,False,1.3055865862519862e-08,COMPLETE
1884,0.49216127395629883,2025-04-10 18:03:11.861223,2025-04-10 18:04:17.498506,0 days 00:01:05.637283,0.4931795050884495,0.5308403668639677,2,0.00026389770793294265,0.03185456676528945,0.07177652597557635,0.07881495361688368,0.06213254583996409,0.03208933651680912,0.0018769027871989928,17,143,0.002855187920538087,0.0836613457199536,False,True,False,1.9300035396748918e-08,COMPLETE
1885,0.42783441543579104,2025-04-10 18:04:18.106291,2025-04-10 18:05:33.847829,0 days 00:01:15.741538,0.49387940096313304,0.5180804297914042,2,0.010309677887482615,0.04192354816553823,0.06992716513868741,0.07473177230219658,0.06589200008156834,0.02542311773187698,0.0034272174564208458,17,133,0.0027898065313955228,0.09212647895966045,False,False,False,1.4624480695732079e-08,COMPLETE
1886,0.4939068198204041,2025-04-10 18:05:34.460522,2025-04-10 18:06:54.109461,0 days 00:01:19.648939,0.46806894959768147,0.5028808936666358,2,0.01438010507918462,0.03226028142094859,0.07427447348598726,0.07755745516142575,0.06332259035523796,0.033152055707759746,0.0017596900530475147,18,137,0.0026863684935982367,0.08516770560220953,False,False,False,2.37656246827346e-08,COMPLETE
1887,0.2153696715831757,2025-04-10 18:06:54.736015,2025-04-10 18:08:13.145168,0 days 00:01:18.409153,0.4443891557019715,0.481129383811214,2,0.0004251749495354385,0.03750832430884311,0.0694859864680786,0.07462765109139022,0.06144513938572043,0.02678653466202079,0.00235296786807645,18,150,0.0010640211048254726,0.09306347386480174,False,False,False,1.7826880474041105e-08,COMPLETE
1888,0.6031609296798706,2025-04-10 18:08:13.771045,2025-04-10 18:09:29.681791,0 days 00:01:15.910746,0.4939870246839837,0.5275098607119759,2,0.01565880100872543,0.03229307557609567,0.07372636125011214,0.06969367370363061,0.060861632096690335,0.02776716290038656,0.0028050251669552192,17,145,0.0030579983405633984,0.08344923413620448,False,False,False,1.2428807708988239e-08,COMPLETE
1889,0.3959890186786652,2025-04-10 18:09:30.287385,2025-04-10 18:10:49.493855,0 days 00:01:19.206470,0.468879804154655,0.513286518725059,2,0.019211217251916223,0.04495282086079416,0.07212312064995044,0.07629956552588117,0.06387850570046426,0.025136614906450104,0.001771135349706174,18,140,0.0027763651017899084,0.08978354428423634,False,False,False,2.4262993227593082e-08,COMPLETE
1890,0.6001192569732666,2025-04-10 18:10:50.119268,2025-04-10 18:12:05.412506,0 days 00:01:15.293238,0.49672643481336964,0.5304331959429196,2,0.00621201920552273,0.030487581622994957,0.0688395726029397,0.07650007899044317,0.06019555465165409,0.029320700948656138,0.002190817273302946,17,132,0.003771780929111061,0.08312437234404056,False,False,False,1.5013432595394254e-08,COMPLETE
1891,0.37917139530181887,2025-04-10 18:12:06.047758,2025-04-10 18:13:22.725381,0 days 00:01:16.677623,0.45417311549170314,0.48642419226896433,2,0.008690237969378423,0.05466947265402658,0.07094010326891675,0.07499345435045587,0.06628092175673553,0.02507281317905945,0.0037319096016662054,17,137,0.00306647118940683,0.09449839881905817,False,False,False,1.896727463521451e-08,COMPLETE
1892,0.3804136514663697,2025-04-10 18:13:23.355292,2025-04-10 18:14:30.179878,0 days 00:01:06.824586,0.4979572164204137,0.5333768040184971,2,0.013371239863592205,0.03790253343221038,0.06925470900730946,0.071904870505396,0.061884232264712534,0.024794356797614575,0.00284127842669283,17,147,0.001192214042991627,0.08847267373395165,False,False,True,1.224423826776486e-08,COMPLETE
1893,0.3645157992839813,2025-04-10 18:14:30.812917,2025-04-10 18:15:50.254364,0 days 00:01:19.441447,0.47057260152476876,0.5035416047760487,2,0.009554714789807801,0.07705089326885114,0.07150309661935443,0.0784793763280369,0.0600775752573692,0.023243235898285634,0.0023852577276119364,18,141,0.001161112955319889,0.09412339533388961,False,False,False,1.845414407254351e-08,COMPLETE
1894,0.4878533840179443,2025-04-10 18:15:50.859625,2025-04-10 18:17:07.288912,0 days 00:01:16.429287,0.49675330461531814,0.533515592212438,2,0.016595297317343584,0.02816983592575976,0.0738707813642943,0.07568428090258882,0.062047169872427144,0.02695261060687904,0.0017472122007732753,17,135,0.0010045594664518046,0.08154633359531763,False,False,False,1.4550196430109837e-08,COMPLETE
1895,0.4674589037895203,2025-04-10 18:17:07.915431,2025-04-10 18:18:21.152964,0 days 00:01:13.237533,0.47945092404909917,0.510664982385082,2,0.01917982663250497,0.03756949915309696,0.06882074854533926,0.07713021081015203,0.05987970424212457,0.035114670062732355,0.0044580062643377345,16,143,0.0010729391544552578,0.08231709983618889,False,False,False,2.4471197018514963e-08,COMPLETE
1896,0.39895120859146116,2025-04-10 18:18:21.761730,2025-04-10 18:19:34.956857,0 days 00:01:13.195127,0.44572331134405035,0.47843309360413055,2,0.022575239037126386,0.04302255676697369,0.07515818940468093,0.07756846339536053,0.05977785732775607,0.024100664598656958,0.003236103984733952,16,132,0.004204134976948564,0.09035977470473945,False,False,False,1.2729110256619264e-08,COMPLETE
1897,0.36146754622459415,2025-04-10 18:19:35.583001,2025-04-10 18:20:51.518983,0 days 00:01:15.935982,0.5008040519701934,0.8225152478139788,2,0.011332744993316586,0.03067408005087219,0.07135592951723733,0.07783761339451238,0.06308464408849236,0.025905546245509507,0.0020885223228122784,17,138,0.001024913140255071,0.0873577301685076,False,False,False,1.009642834545772e-08,COMPLETE
1898,0.4141253709793091,2025-04-10 18:20:52.123358,2025-04-10 18:22:05.174199,0 days 00:01:13.050841,0.45353489212166787,0.532982781981534,2,0.0222813652380376,0.03474590045730147,0.06959398793314492,0.07216354119407406,0.06564138395421304,0.022923663024693793,0.0025878881881100917,16,134,0.003702141301496775,0.09655226885363329,False,False,False,2.0823835354293118e-08,COMPLETE
1899,0.09427145123481752,2025-04-10 18:22:05.800306,2025-04-10 18:23:17.847612,0 days 00:01:12.047306,0.4758369153213533,0.49866121186908885,2,0.00014226372622051396,0.027829324628283036,0.06794620415501,0.07419266744439118,0.06397518922501062,0.028621190889311726,0.0017679694907240927,16,145,0.004159748933337108,0.08121943881416488,False,False,False,1.5369483684452694e-08,COMPLETE
1900,0.3487671554088593,2025-04-10 18:23:18.481695,2025-04-10 18:24:42.574018,0 days 00:01:24.092323,0.4981274219617669,0.5335811337875923,2,0.008895983279938017,0.049385842338958374,0.07665349111225277,0.08002269876301703,0.05940466646874658,0.02720026642833061,0.0030691427646508994,19,140,0.003931852249370799,0.08971137277751129,True,False,False,1.725918775168511e-08,COMPLETE
1901,0.3522116005420685,2025-04-10 18:24:43.184894,2025-04-10 18:26:02.695595,0 days 00:01:19.510701,0.4688194202612769,0.5101832755400839,2,0.016558149967241836,0.14206251217907362,0.07280851142942787,0.06805793814168433,0.061347652296440784,0.02212850587251375,0.002063110743161238,18,147,0.0028508245239978127,0.08170009041211759,False,False,False,2.5585256093403295e-08,COMPLETE
1902,0.3394849240779877,2025-04-10 18:26:03.333490,2025-04-10 18:27:06.430406,0 days 00:01:03.096916,0.5000533163693477,0.5361932708086359,2,0.005631635346737209,0.2357188143667215,0.06889633400655382,0.0789515160209746,0.06070558988472096,0.024693435890128863,0.0038576927851911706,16,137,0.004145997700097113,0.09640635949475818,False,True,False,1.2251287879990879e-08,COMPLETE
1903,0.45561290979385377,2025-04-10 18:27:07.045448,2025-04-10 18:28:23.220018,0 days 00:01:16.174570,0.4881493430753877,0.48484272448520027,2,0.02513623336440996,0.04040389272593626,0.070615528782055,0.07596256507836283,0.05902655517352439,0.022326857080070966,0.0021785423503451,17,131,0.003214522137179565,0.0868605194267441,False,False,False,1.8241311675536725e-08,COMPLETE
1904,0.48410975933074957,2025-04-10 18:28:23.849421,2025-04-10 18:30:21.839552,0 days 00:01:57.990131,0.47864414815575024,0.5099195193922424,2,0.018089569738898612,0.028472841172387513,0.07325885956840976,0.0800247868511343,0.06341038372841803,0.03197598627314696,0.002655908017184844,30,141,0.002755886846351092,0.08058694733467323,False,False,False,2.1998196406006677e-08,COMPLETE
1905,0.44524185657501225,2025-04-10 18:30:22.476640,2025-04-10 18:31:34.446932,0 days 00:01:11.970292,0.44273238599578857,0.5374382258231327,2,0.0059994810836430015,0.03572894426856837,0.06793775134059497,0.0794223655815,0.05923252741325075,0.028922944621956076,0.001736163209097773,16,133,0.0010815160891999003,0.09446642735251724,False,False,False,1.4612661725502588e-08,COMPLETE
1906,0.48600497245788576,2025-04-10 18:31:35.056575,2025-04-10 18:32:47.165844,0 days 00:01:12.109269,0.5018480175169476,0.5151215415983833,2,0.012829613865295839,0.03189433747117092,0.07115176230248582,0.07766678779206485,0.06164315938945822,0.0232379558554835,0.003163930725384943,16,144,0.0045701454781970074,0.0811240947009767,False,False,False,1.2136956455620739e-08,COMPLETE
1907,0.09427145123481752,2025-04-10 18:32:47.801566,2025-04-10 18:33:53.452101,0 days 00:01:05.650535,0.4591680260749004,0.5380916858616863,2,0.0004090848562056399,0.0425659718714605,0.0752943648857093,0.07512530834651285,0.06471310729038798,0.025356768394097916,0.0026287782882428606,14,137,0.004376943808374743,0.08757103136326366,False,False,False,1.7396443152727612e-08,COMPLETE
1908,0.48128728866577153,2025-04-10 18:33:54.062821,2025-04-10 18:34:57.359298,0 days 00:01:03.296477,0.4737615257138835,0.49134992648257536,2,0.012372770340824558,0.025798520014773074,0.06829402046322522,0.08030298285420759,0.05884424275321064,0.021739774762532197,0.002170009995301246,13,150,0.002746145493004562,0.09859077165646016,False,False,False,2.6500981757522232e-08,COMPLETE
1909,0.34765359163284304,2025-04-10 18:34:57.993132,2025-04-10 18:36:14.391849,0 days 00:01:16.398717,0.5042364612512851,0.5198825703367692,2,0.02561024808634104,0.10924589966717535,0.07026037813656867,0.07747825959861344,0.06265356272144433,0.027362211991851793,0.0017001511830602705,17,135,0.004924047089478825,0.09021513453085427,False,False,False,1.494508923741637e-08,COMPLETE
1910,0.4094231009483338,2025-04-10 18:36:15.003732,2025-04-10 18:37:27.459885,0 days 00:01:12.456153,0.4919760223744018,0.5409124621632388,2,0.019581450761498788,0.035555953347604675,0.0726921378808003,0.07728493130258848,0.0607910584902341,0.023851285313286043,0.00392137648825664,16,140,0.0011413217388982664,0.08152689426572131,False,False,False,2.1094173057732656e-08,COMPLETE
1911,0.5096996665000916,2025-04-10 18:37:28.108471,2025-04-10 18:38:23.402354,0 days 00:00:55.293883,0.5051004954012934,0.5188689964291686,2,0.008914911100165124,0.028336796151190627,0.06809668570483206,0.0841220989171467,0.0579065739077385,0.02595801805767566,0.0024079971144888887,13,131,0.002726042178364992,0.09483992218869328,False,False,True,1.2032571758640566e-08,COMPLETE
1912,0.44913605451583866,2025-04-10 18:38:24.018318,2025-04-10 18:39:30.454550,0 days 00:01:06.436232,0.4444328395672244,0.49543099626114534,2,0.025307003192768695,0.048116279644015,0.07028033646353625,0.07925843067041055,0.0666278996164322,0.030110505019896767,0.00016423116060708122,14,25,0.005256538836311046,0.08566955866176183,False,False,False,2.630984110974484e-08,COMPLETE
1913,0.5565700888633728,2025-04-10 18:39:31.097167,2025-04-10 18:40:33.520204,0 days 00:01:02.423037,0.4687942771350829,0.47755154717687165,2,0.0052358428021133585,0.039319101931182696,0.06867647186590642,0.0809533894279619,0.05914113040473704,0.02186291375101767,0.0031547418262921913,13,147,0.0010338472070386172,0.07997266567109065,False,False,False,1.8473953705730298e-08,COMPLETE
1914,0.47744842767715456,2025-04-10 18:40:34.135249,2025-04-10 18:41:50.196525,0 days 00:01:16.061276,0.48560676232709704,0.5387519222477072,2,0.014415096417666312,0.025646534538587763,0.07232060301119152,0.07405856283753691,0.06141182554240659,0.023741470852462886,0.0017090643127391292,17,142,0.0010213474326811881,0.10110553854392001,False,False,False,1.0125620580501294e-08,COMPLETE
