number,value,datetime_start,datetime_complete,duration,params_alpha-eval,params_alpha-train,params_batch-size,params_eps-eval,params_eps-train,params_lambda-actions-eval,params_lambda-actions-train,params_lambda-frames-eval,params_lambda-frames-train,params_learning-rate,params_n-epochs,params_n-frames,params_radius-gw,params_rho,params_std-feats,params_ub-actions,params_ub-frames,params_weight-decay,state
393,0.4819738030433655,2025-04-17 04:34:03.105891,2025-04-17 04:34:30.972260,0 days 00:00:27.866369,0.12755165717759503,0.7115397928613201,16,0.262308339654775,0.17131718775695867,0.09107855240993619,0.016573301890862778,0.008042696703073183,0.09881830252822693,4.924055989513282e-05,26,68,0.02939958860496115,0.04049655013652655,False,False,False,1.5545798059402557e-05,COMPLETE
394,0.5075468420982361,2025-04-17 04:34:31.094180,2025-04-17 04:35:09.649453,0 days 00:00:38.555273,0.14600962695247527,0.694294922821443,8,0.2681284861084935,0.17751516591557737,0.09576303756178044,0.015180138827465493,0.011884651381280103,0.09916942754094751,3.924840941555958e-05,26,85,0.02354127396492455,0.04492791315805509,False,False,False,1.1327903330477301e-05,COMPLETE
395,0.4986742973327637,2025-04-17 04:35:09.773440,2025-04-17 04:35:37.769878,0 days 00:00:27.996438,0.11146265186688448,0.7178658663175908,16,0.2645802285584979,0.17928770149121176,0.07483759326029031,0.0156845109782417,0.010042525239794941,0.09666517719718677,2.585645417079288e-05,26,58,0.02525063443510426,0.031001825094722876,False,False,False,1.3621726468412015e-05,COMPLETE
396,0.5068138241767883,2025-04-17 04:35:37.901443,2025-04-17 04:37:26.790970,0 days 00:01:48.889527,0.13000143490153185,0.7835193897859308,2,0.25789683410333175,0.17983687125506914,0.08780224983489732,0.013454953906599555,0.07330952088148782,0.09843085725909789,1.3752996451439543e-05,28,78,0.023609870004197554,0.03838668975776808,False,False,False,7.890137777270616e-06,COMPLETE
397,0.33534796237945563,2025-04-17 04:37:26.914545,2025-04-17 04:37:55.214422,0 days 00:00:28.299877,0.6372660340367242,0.4156765511283266,16,0.27422101676767313,0.1857348519840652,0.09416703067866022,0.012789012972671569,0.005107683102066898,0.09977680295583617,3.9392451392163514e-05,27,63,0.013708157594035477,0.0852268631152846,False,False,False,1.7940329706225244e-05,COMPLETE
398,0.5114251375198364,2025-04-17 04:37:55.340882,2025-04-17 04:38:22.542987,0 days 00:00:27.202105,0.16933756312813636,0.6695969319782279,16,0.2825770249086596,0.18866092667795709,0.08446682814539175,0.01635517066848561,0.01281622347459273,0.0934225622457881,3.1859940770138604e-05,25,72,0.020808679244558568,0.07728971407407072,False,False,False,1.0206240605974226e-05,COMPLETE
399,0.3249917805194855,2025-04-17 04:38:22.678913,2025-04-17 04:38:50.995551,0 days 00:00:28.316638,0.2426011457367583,0.7513251733545973,16,0.25188603648535557,0.18219990988159102,0.09988143231619062,0.01893951405137921,0.015022456084005644,0.0959550511335072,6.091795944790407e-05,27,66,0.01138745272254993,0.04798543055424627,False,False,False,2.592433064035758e-06,COMPLETE
400,0.5446587562561035,2025-04-17 04:38:51.120477,2025-04-17 04:39:18.394522,0 days 00:00:27.274045,0.15367483204831445,0.7304557842915387,16,0.27091808843209814,0.1656696097337233,0.09234194920317428,0.010867339734932277,0.026404741203944645,0.09768636208784144,2.2659560084234167e-05,25,69,0.028044789463395184,0.07029794268719887,False,False,False,4.353547937863747e-06,COMPLETE
401,0.09977524429559709,2025-04-17 04:39:18.519831,2025-04-17 04:39:43.316361,0 days 00:00:24.796530,0.18477391451786965,0.7319173521209473,16,0.2710506566603733,0.17385869207706148,0.08962683316792046,0.00995976614178185,0.016171625725777215,0.09452556818870833,0.00012517735253051416,25,74,0.028606946130299796,0.07078758484905609,False,False,True,4.0263850699056324e-06,COMPLETE
402,0.5388256669044496,2025-04-17 04:39:43.452837,2025-04-17 04:40:10.998544,0 days 00:00:27.545707,0.16388133397294719,0.7677990103781445,16,0.2801413948962363,0.15717117497970784,0.09210895100517218,0.008475844701964405,0.03884356064077718,0.09733392663903241,1.7948927622627398e-05,25,81,0.027141500218976072,0.07761666588454869,False,False,False,4.780653839562913e-06,COMPLETE
403,0.46705473661422736,2025-04-17 04:40:11.125887,2025-04-17 04:40:38.317247,0 days 00:00:27.191360,0.19746850756956807,0.797000938366992,16,0.28572737099129625,0.2018893469054532,0.08660896452394076,0.01095001167606633,0.03272760765412449,0.08766120335083841,2.010849565045762e-05,24,77,0.017009011054898937,0.07214294638119303,False,False,False,3.2602865489553293e-06,COMPLETE
404,0.5431225657463074,2025-04-17 04:40:38.443378,2025-04-17 04:41:06.058775,0 days 00:00:27.615397,0.149301463618788,0.9985726362871182,16,0.26864015706332955,0.1685360484723975,0.08910393909180109,0.04006858198874683,0.00898659098124238,0.09184579162016936,2.3026906510941703e-05,25,71,0.019499676625113767,0.06561040437875426,False,False,False,5.843827928647955e-06,COMPLETE
405,0.3359846770763397,2025-04-17 04:41:06.184486,2025-04-17 04:41:33.426647,0 days 00:00:27.242161,0.23110064876441577,0.7529176076279334,16,0.1379059593553022,0.24809378908091223,0.08217065650088362,0.002256862038250493,0.030370934947479097,0.08375791428459681,1.5241283362780543e-05,24,66,0.015095746383598157,0.08151337253600179,False,False,False,1.5445057607635794e-06,COMPLETE
406,0.11030792593955994,2025-04-17 04:41:33.562710,2025-04-17 04:41:56.814175,0 days 00:00:23.251465,0.21091360695874226,0.7792269129075753,16,0.2476185164748915,0.16388368036901302,0.09258051700062296,0.004676071556108492,0.026723187913267762,0.09454832680023027,2.280281389965668e-05,22,61,0.018106437439853663,0.05848025121316431,False,True,False,4.802245876400134e-06,COMPLETE
407,0.5048940539360047,2025-04-17 04:41:56.940938,2025-04-17 04:42:24.359922,0 days 00:00:27.418984,0.1573134285752941,0.7347103390796277,16,0.27511348645852257,0.16103472375228228,0.07136920144180374,0.012265969734260822,0.03621113395410743,0.0963093576756076,2.6031014506717498e-05,21,74,0.025729688127677074,0.0685412735234155,True,False,False,3.959066712047454e-06,COMPLETE
408,0.5495553135871888,2025-04-17 04:42:24.488236,2025-04-17 04:42:51.842484,0 days 00:00:27.354248,0.17778725435981474,0.690266835573352,16,0.2560868064879761,0.1954287045843017,0.0906701012197903,0.00824038131613282,0.02113616813515144,0.09007092734250782,1.860416218210963e-05,25,69,0.021767915031935675,0.06150530632783874,False,False,False,6.997560691953109e-06,COMPLETE
409,0.5016435623168946,2025-04-17 04:42:51.980492,2025-04-17 04:43:19.471965,0 days 00:00:27.491473,0.18243808451154056,0.6848258967281616,16,0.2503153615469943,0.19478744267064327,0.09029072292947918,0.009932951177417604,0.023817057763548942,0.0897876051294077,1.2805759354544239e-05,25,68,0.022356993029419875,0.059937036569916356,False,False,False,0.00013986889657392973,COMPLETE
410,0.46540014147758485,2025-04-17 04:43:19.600506,2025-04-17 04:43:47.162399,0 days 00:00:27.561893,0.17326486543396138,0.6564324267637099,16,0.06279875038418524,0.19396966307528846,0.027902823958182714,0.007629209218098081,0.02113104921769545,0.0911518818408296,1.1179057239866834e-05,25,63,0.054003852075861135,0.053118653572666805,False,False,False,8.332249373561552e-06,COMPLETE
411,0.5486976146697998,2025-04-17 04:43:47.290272,2025-04-17 04:44:14.727564,0 days 00:00:27.437292,0.14240996414131057,0.6922702020608726,16,0.25797510102550747,0.2005013620115534,0.09330937149169488,0.012257642248057556,0.025613352171522625,0.08702140620124621,1.6462667868975492e-05,25,70,0.026876454558102884,0.0626776181883983,False,False,False,3.0006115266566066e-06,COMPLETE
412,0.536722731590271,2025-04-17 04:44:14.867194,2025-04-17 04:44:42.502415,0 days 00:00:27.635221,0.14218782075313094,0.6977557185882776,16,0.2558738403088256,0.2046677845788538,0.09374803562698293,0.013083534761137957,0.027113842946913092,0.08611571098891292,1.5684930377650397e-05,25,65,0.030708478497383365,0.060528665058889264,False,False,False,3.029994917450072e-06,COMPLETE
413,0.5141800045967102,2025-04-17 04:44:42.630362,2025-04-17 04:45:10.381016,0 days 00:00:27.750654,0.11721024768575457,0.6298978712824626,16,0.2573581580750931,0.20151988412333663,0.09409628533827116,0.010852288750969706,0.023987988990566277,0.08752209401750134,1.7218397360408202e-05,26,68,0.024877237416267087,0.05039216679575161,False,False,False,2.285059035983432e-06,COMPLETE
414,0.5497315526008606,2025-04-17 04:45:10.510454,2025-04-17 04:45:38.288005,0 days 00:00:27.777551,0.1979385714566119,0.6644008992847736,16,0.25281606796515643,0.16741939748202006,0.09464909232154961,0.014049523897570153,0.021486893224866927,0.0900489933598962,1.7378257080432265e-05,26,70,0.02810376066709829,0.0570985348894346,False,False,False,3.553399861095008e-06,COMPLETE
415,0.49505162239074707,2025-04-17 04:45:38.429220,2025-04-17 04:46:06.437500,0 days 00:00:28.008280,0.2102668127463795,0.659702762714277,16,0.25609092896638525,0.15909274858218786,0.09171104481957272,0.014334999805079901,0.026165454463963227,0.08900757607486504,1.4978862410627037e-05,25,114,0.03136429502254418,0.05443533313451,False,False,False,2.1218365813490345e-06,COMPLETE
416,0.5204955816268921,2025-04-17 04:46:06.567246,2025-04-17 04:46:34.822084,0 days 00:00:28.254838,0.1968202993254156,0.6765780216981653,16,0.24904029708412623,0.16659229410655166,0.07989510505356834,0.01764696405397297,0.022486000437048483,0.08710766289983372,1.2285538580800956e-05,26,70,0.029141365748792794,0.05739679113116867,False,False,False,2.7468447895166243e-06,COMPLETE
417,0.505925714969635,2025-04-17 04:46:34.951819,2025-04-17 04:47:13.013825,0 days 00:00:38.062006,0.1701824138491563,0.6547480004118214,8,0.24534298408939578,0.1711514069914402,0.09343308770400836,0.012805894846978961,0.02429346137342186,0.08847780195292972,1.8374499667754235e-05,26,65,0.029086624964005152,0.04983374151971824,False,False,False,4.034364184355036e-06,COMPLETE
418,0.5436137795448304,2025-04-17 04:47:13.155206,2025-04-17 04:47:40.502979,0 days 00:00:27.347773,0.19776012979310614,0.6907461955931761,16,0.25283072658811795,0.15110094447517342,0.09178903193380712,0.014752242663606283,0.021578059778040608,0.09207125098915023,1.3814382427177464e-05,25,69,0.02746840779637654,0.062300625426829244,False,False,False,3.254855441829317e-06,COMPLETE
419,0.5134251594543457,2025-04-17 04:47:40.636783,2025-04-17 04:48:08.616465,0 days 00:00:27.979682,0.2261038016530371,0.6719418690492177,16,0.028770024418441717,0.16488750407807243,0.09651741040559814,0.011441398969154686,0.019780488716859015,0.09030417678534998,1.6197937898717726e-05,26,60,0.027512538559101914,0.05643989154486508,False,False,False,2.70889852380338e-06,COMPLETE
420,0.5021457195281983,2025-04-17 04:48:08.748079,2025-04-17 04:48:36.546101,0 days 00:00:27.798022,0.16190915004433715,0.6304133699523742,16,0.18980870824444657,0.17063333501159625,0.09433990006237818,0.03577685315355618,0.022468226532551754,0.08482035087727996,1.9436738369970534e-05,26,66,0.02688462117452109,0.04526931941227209,False,False,False,3.6367569364002024e-06,COMPLETE
421,0.32997854351997374,2025-04-17 04:48:36.690443,2025-04-17 04:50:02.907125,0 days 00:01:26.216682,0.14486976916566213,0.7054526687789014,2,0.26159175822624475,0.1744527558325351,0.0826393385371132,0.01718288861048714,0.025847077180537185,0.08978772063468649,1.0347076595796614e-05,20,24,0.026960358921899307,0.06319166494602715,False,False,False,5.340366629550489e-06,COMPLETE
422,0.10531843304634095,2025-04-17 04:50:03.037314,2025-04-17 04:50:27.754838,0 days 00:00:24.717524,0.18344149116486375,0.6887813460143667,16,0.2431038293819537,0.19902423114472775,0.09770434627690168,0.04246455351935557,0.030601540716981904,0.08620016650409987,1.8403813024222727e-05,25,70,0.031426584333083575,0.053228781103598716,False,False,True,4.5221193581681864e-06,COMPLETE
423,0.4224325597286225,2025-04-17 04:50:27.888754,2025-04-17 04:50:55.923895,0 days 00:00:28.035141,0.1552932774864298,0.7202829689512348,16,0.25160702180172095,0.029205452933652967,0.09021662341282692,0.013424769075999016,0.02001829609685379,0.09340309874844913,1.3232139298838565e-05,27,63,0.025375896441481957,0.23727971079087679,False,False,False,2.5012024747024607e-06,COMPLETE
424,0.5094262719154359,2025-04-17 04:50:56.070554,2025-04-17 04:51:24.350016,0 days 00:00:28.279462,0.2147886026625812,0.6482261651872906,16,0.16094364431575892,0.26206164940862364,0.08562716945764597,0.030526506236191926,0.02457922878022456,0.08863302853971712,2.1014552528069073e-05,26,71,0.03552591476360366,0.06513008208604153,False,False,False,3.346633366790219e-06,COMPLETE
425,0.11496034115552903,2025-04-17 04:51:24.483932,2025-04-17 04:51:48.664531,0 days 00:00:24.180599,0.1796656310006835,0.7046260604241438,16,0.25792955718769317,0.16248063670126697,0.07846234453186555,0.012297376108478763,0.02130330148866331,0.09180377090835061,1.6214597357861673e-05,25,67,0.025313419513518433,0.058387055237763524,False,True,False,1.8371107596324271e-06,COMPLETE
426,0.498561429977417,2025-04-17 04:51:48.796190,2025-04-17 04:52:16.150156,0 days 00:00:27.353966,0.2611127452854736,0.6721862028266881,16,0.2449519885550129,0.1879761506841529,0.058679433352872186,0.009930976087292584,0.018610448973209598,0.08428035490241162,2.233979826251743e-05,25,72,0.02864928141230135,0.048370064395200356,False,False,False,3.987757283721242e-06,COMPLETE
427,0.33554337024688724,2025-04-17 04:52:16.286192,2025-04-17 04:52:43.393315,0 days 00:00:27.107123,0.14277298192961518,0.7199778981044588,16,0.24829104052518783,0.19779070994671977,0.09279688739883754,0.02006600633586331,0.018351306925337558,0.026939985692813515,1.9821988867318822e-05,24,36,0.02378427962656849,0.06751760649257106,True,False,False,5.888016388953911e-06,COMPLETE
428,0.49891477823257446,2025-04-17 04:52:43.536911,2025-04-17 04:53:12.537768,0 days 00:00:29.000857,0.2376740672045296,0.6950051149641927,16,0.26243926447616767,0.19135419733339518,0.08077609525915802,0.06210294016136442,0.0286706501016795,0.0867711463626236,1.533552652719317e-05,29,68,0.02277982374528146,0.04141342096720607,False,False,False,4.376823464679597e-06,COMPLETE
429,0.4385960459709168,2025-04-17 04:53:12.671787,2025-04-17 04:53:40.529299,0 days 00:00:27.857512,0.20245579329518512,0.6774908741042611,16,0.23984221266238712,0.20705966332248119,0.08423257116043678,0.015156867602148748,0.01996009351445163,0.09447110272545099,0.0010341350264963442,26,72,0.03356454525587181,0.05316923040777048,False,False,False,3.05524180297677e-06,COMPLETE
430,0.5099988937377931,2025-04-17 04:53:40.665214,2025-04-17 04:54:07.656712,0 days 00:00:26.991498,0.17006832599417757,0.7289890943769639,16,0.25136251576126073,0.18467488630675943,0.08805379656163193,0.008972565943965154,0.017201358022913827,0.013296271906168184,2.2787503103654464e-05,24,64,0.025977123565048586,0.05949633349934524,False,False,False,8.937732650391326e-05,COMPLETE
431,0.5072562336921692,2025-04-17 04:54:07.801901,2025-04-17 04:54:34.414134,0 days 00:00:26.612233,0.1170804244480205,0.699143989852273,16,0.24150635395795828,0.19902296335197533,0.09470943214618098,0.038003764373803636,0.022953668450488157,0.038001420426523116,1.2723777902096976e-05,21,130,0.022208949599440315,0.07521639398514836,False,False,False,6.503838379158746e-06,COMPLETE
432,0.34352020025253294,2025-04-17 04:54:34.550345,2025-04-17 04:55:02.238610,0 days 00:00:27.688265,0.13467365358049987,0.611792612946611,16,0.25441203549117253,0.15561148625474797,0.09095369325741724,0.04624556597483991,0.020437745614899784,0.09050647083896428,1.7955288459927338e-05,25,69,0.0011692582208978203,0.09104754420476803,False,False,False,4.899567569112067e-06,COMPLETE
433,0.4809518098831177,2025-04-17 04:55:02.374269,2025-04-17 04:55:30.786383,0 days 00:00:28.412114,0.18957129956790236,0.6520330535884623,16,0.25987081940740026,0.17493791847656884,0.09650140860859446,0.01122862851043907,0.01690269984205997,0.08260167285178321,2.5299659379204493e-05,27,55,0.02953124881618935,0.04643130127396128,False,False,False,2.521976376838659e-06,COMPLETE
434,0.5032128691673279,2025-04-17 04:55:30.932180,2025-04-17 04:55:57.797619,0 days 00:00:26.865439,0.17119283686545272,0.7135492465106743,16,0.2462289053157463,0.20577029874974667,0.0889946600371719,0.013491134651657518,0.01918301764870517,0.045091510533823154,2.0314520651873983e-05,24,66,0.02405691840933983,0.03735085769258029,False,False,False,3.4693660621622806e-06,COMPLETE
435,0.5113467931747436,2025-04-17 04:55:57.935221,2025-04-17 04:56:25.444302,0 days 00:00:27.509081,0.1524525484051107,0.6741318508625774,16,0.23583920790986865,0.19587034312317458,0.09281173718961849,0.02197886551917433,0.04718759504904816,0.0848102239326651,1.6201410382878544e-05,24,101,0.020985732823378685,0.06794455819223195,False,False,False,4.1252021880185844e-07,COMPLETE
436,0.4972047090530396,2025-04-17 04:56:25.580542,2025-04-17 04:56:51.534446,0 days 00:00:25.953904,0.2110200289475032,0.7385096067326583,16,0.26298361688350724,0.1898813532228126,0.09836540622719202,0.01666256318765946,0.01616926118840655,0.09693988112652775,2.4384826796001948e-05,22,73,0.026387540185822317,0.05314078953401062,False,False,False,6.97571168437995e-06,COMPLETE
437,0.5468391299247742,2025-04-17 04:56:51.681596,2025-04-17 04:57:19.413193,0 days 00:00:27.731597,0.1343773443353056,0.5659908221450676,16,0.2533537915076825,0.21163459029582182,0.08342669687938889,0.00937707884582773,0.018006668181412205,0.09283149325456973,2.7881530171572015e-05,25,60,0.022312835906290344,0.06229808609935641,False,False,False,5.0242281271157345e-06,COMPLETE
438,0.4555927395820618,2025-04-17 04:57:19.552569,2025-04-17 04:57:46.908467,0 days 00:00:27.355898,0.15204745709776296,0.5704972254770838,16,0.25729484070163067,0.2114292963447088,0.08242406233308708,0.011747311346823046,0.018462679331507283,0.09171993558333026,0.0002603700417032965,25,57,0.023859953040188498,0.07595987615525741,False,False,False,4.907366374552466e-06,COMPLETE
439,0.49304459095001224,2025-04-17 04:57:47.044227,2025-04-17 04:58:14.797333,0 days 00:00:27.753106,0.18924720312348736,0.5887776236533816,16,0.25224999863071024,0.20378861293304598,0.08337771991865099,0.00949981219022291,0.0213396096175324,0.0884229330934486,1.8858832998674332e-05,26,58,0.021512865433518213,0.06525504440292781,False,False,False,3.536369727353283e-06,COMPLETE
440,0.4636818885803223,2025-04-17 04:58:14.943873,2025-04-17 04:58:52.279759,0 days 00:00:37.335886,0.17217047829283838,0.536352723525183,8,0.2665836296102891,0.05934350353829844,0.06887130486281029,0.011276094650364768,0.02714694699702243,0.09324414015169466,0.0042662282050252905,25,61,0.02492366568424007,0.0700612483077296,False,False,False,4.285974284700874e-06,COMPLETE
441,0.4614825010299683,2025-04-17 04:58:52.416666,2025-04-17 04:59:20.316167,0 days 00:00:27.899501,0.1311428047524738,0.7231902456464417,16,0.17406690715209786,0.19821940889985176,0.0851611991419219,0.03249253737691044,0.01775332577310584,0.05834449825659667,2.5776343815290195e-05,26,59,0.02641551465561712,0.25372677946044436,False,False,False,1.4086939454728287e-06,COMPLETE
442,0.10338195115327836,2025-04-17 04:59:20.453824,2025-04-17 04:59:45.133093,0 days 00:00:24.679269,0.22834907719873826,0.49785261807676806,16,0.25519281541400823,0.2080641147918181,0.08078131880405852,0.014660656669753087,0.041394919498980866,0.09016668490441045,1.3461157356940041e-05,25,62,0.022169944939158026,0.0612866184033158,False,False,True,5.549996424473401e-06,COMPLETE
443,0.47027966976165775,2025-04-17 04:59:45.292608,2025-04-17 05:01:27.428556,0 days 00:01:42.135948,0.15984131589509623,0.7448815358408449,2,0.24998306487956848,0.2714796298292388,0.07656969817775834,0.017757726812058616,0.024979552900864937,0.08686432034632113,2.1357066144562713e-05,26,48,0.02846174232310386,0.0838326822331565,False,False,False,2.0992014930843056e-06,COMPLETE
444,0.48584483861923217,2025-04-17 05:01:27.570333,2025-04-17 05:01:55.234510,0 days 00:00:27.664177,0.1941891904233399,0.7099286613829009,16,0.26138162667629766,0.16822569310085686,0.08713838529677063,0.008993167625628913,0.021607398501229464,0.0922404435801465,2.8717556986704544e-05,25,90,0.02386450947638074,0.051322994163671254,False,False,False,5.7280232201185634e-05,COMPLETE
445,0.41101988554000857,2025-04-17 05:01:55.387831,2025-04-17 05:02:24.308485,0 days 00:00:28.920654,0.12048841383219691,0.7301352679011407,16,0.26447322160788467,0.20132376980221245,0.08379881015640649,0.01344043941612378,0.015344304078848795,0.04896116791654298,1.6406723320424798e-05,25,63,0.03789060116873974,0.07434466200966974,True,False,False,3.9442767264074425e-06,COMPLETE
446,0.12020363509655,2025-04-17 05:02:24.448755,2025-04-17 05:02:48.408134,0 days 00:00:23.959379,0.13587493527310843,0.7043258473550891,16,0.24610813962673025,0.2124611050262026,0.08150983662280907,0.00637034175699935,0.019396514828873362,0.09469773924146126,2.1357166877181594e-05,24,66,0.03236455764064526,0.04340454358635714,False,True,False,2.5404927618419876e-06,COMPLETE
447,0.46361569166183475,2025-04-17 05:02:48.547496,2025-04-17 05:03:15.182735,0 days 00:00:26.635239,0.25407667256096866,0.5141642276250015,16,0.2559352530165908,0.1912551310262311,0.08591315943362089,0.02705257489160143,0.023545260523138777,0.08295836248267051,0.0002033270516265524,24,54,0.020855129739620566,0.056932057874497136,False,False,False,6.181963432907049e-06,COMPLETE
448,0.5363968491554261,2025-04-17 05:03:15.335230,2025-04-17 05:03:42.894612,0 days 00:00:27.559382,0.17785015114205846,0.7547529890201664,16,0.23871755974257863,0.18236228867449714,0.08003757719131356,0.010337334037007352,0.017946075713153868,0.08946752509617496,2.6714370848732218e-05,25,71,0.023203452800991814,0.06540754214620785,False,False,False,2.859341094766331e-06,COMPLETE
