number,value,datetime_start,datetime_complete,duration,params_alpha-eval,params_alpha-train,params_batch-size,params_eps-eval,params_eps-train,params_lambda-actions-eval,params_lambda-actions-train,params_lambda-frames-eval,params_lambda-frames-train,params_learning-rate,params_n-epochs,params_n-frames,params_radius-gw,params_rho,params_std-feats,params_ub-actions,params_ub-frames,params_weight-decay,state
1177,0.45594874620437625,2025-04-17 11:11:45.105015,2025-04-17 11:13:21.173372,0 days 00:01:36.068357,0.19624627071761516,0.6550207549560477,2,0.27004368372076915,0.2621502917423969,0.03840428289694476,0.010796229619446951,0.044289897078108466,0.09102986156231904,3.853943364711772e-05,24,67,0.01796246381145381,0.14684176963054768,False,False,False,3.6288621853403243e-06,COMPLETE
1178,0.5013150453567505,2025-04-17 11:13:21.552943,2025-04-17 11:13:49.219757,0 days 00:00:27.666814,0.1589727402747524,0.754056930502975,16,0.2108405286396937,0.2050306923693422,0.07933998427541136,0.009190240716257955,0.018702363799372623,0.09332760915688254,1.874866763627248e-05,25,77,0.025493675353851608,0.08626629173651136,False,False,False,1.2955010423715534e-05,COMPLETE
1179,0.4789454102516174,2025-04-17 11:13:49.601434,2025-04-17 11:14:15.165337,0 days 00:00:25.563903,0.21876195170293689,0.7183050398626185,16,0.2530475993264603,0.2525624043140047,0.08836094736788604,0.03544921394550471,0.022816767307484203,0.09604843258727228,6.810696960165884e-05,21,59,0.02178073520620251,0.06577145030819123,False,False,False,9.047006772960353e-06,COMPLETE
1180,0.47124125957489016,2025-04-17 11:14:15.545068,2025-04-17 11:14:44.200323,0 days 00:00:28.655255,0.13828521233001562,0.6841643965044267,16,0.2634162082894571,0.19683352545675936,0.09992890528123244,0.006133680197950554,0.01382746480871475,0.07260176111909716,5.018731825094879e-05,27,70,0.03090935937236852,0.05626718974663339,False,False,False,6.505517185306311e-06,COMPLETE
1181,0.40673639178276066,2025-04-17 11:14:44.587083,2025-04-17 11:15:05.186017,0 days 00:00:20.598934,0.1811799418718958,0.6306584558484876,16,0.2468283259798648,0.18917995899462864,0.0756998267151288,0.0314107020181819,0.047991442872565085,0.06633216496498033,2.8684859046311725e-05,9,65,0.023813832986871352,0.10306298299513023,False,False,False,4.609641872606879e-06,COMPLETE
1182,0.4803684353828431,2025-04-17 11:15:05.570172,2025-04-17 11:15:32.215712,0 days 00:00:26.645540,0.6743472030196485,0.6602187564516818,16,0.2362836627034513,0.21258751825430164,0.09390746829177976,0.0292993408869884,0.016970744655841235,0.09829962603707575,4.0621809660160006e-05,24,53,0.027297567893914847,0.07488709045824014,False,False,False,6.948507313190933e-05,COMPLETE
1183,0.5078589200973511,2025-04-17 11:15:32.603831,2025-04-17 11:16:00.928831,0 days 00:00:28.325000,0.09035673791692263,0.5811263248290864,16,0.2230088136485913,0.1752276905206439,0.09116325672053142,0.012662741951701202,0.020366221398000997,0.09284755254107048,2.428532107311433e-05,26,86,0.01995266945959244,0.0959094537589994,False,False,False,2.961824412272143e-06,COMPLETE
1184,0.476019823551178,2025-04-17 11:16:01.313386,2025-04-17 11:16:28.044954,0 days 00:00:26.731568,0.16252994400980755,0.6990366906027783,16,0.2749565469655277,0.20613971587425173,0.08578237483285174,0.008145445557502235,0.003098351117580375,0.04146575213760178,2.931108925135813e-05,23,62,0.016490619459255784,0.051609004922243,False,False,False,7.5641286608973225e-06,COMPLETE
1185,0.5218422293663025,2025-04-17 11:16:28.428649,2025-04-17 11:16:56.422564,0 days 00:00:27.993915,0.23389819749490012,0.7334401399906538,16,0.1264686341615695,0.18169071099541473,0.09679454485927422,0.004036258792325019,0.02494917051923496,0.09540751181641614,1.800022301349131e-05,25,74,0.02333331810622724,0.08157323158759937,False,False,False,3.915816603917261e-06,COMPLETE
1186,0.49979408979415896,2025-04-17 11:16:56.804224,2025-04-17 11:17:21.797789,0 days 00:00:24.993565,0.1374048255150374,0.6074041036126391,16,0.2576366781119128,0.199049347009281,0.08313402214173328,0.0025071678815829683,0.07268067135215459,0.03596488052665291,3.650210619561949e-05,19,67,0.03339149409036982,0.06260333578342786,False,False,False,4.9287207603784084e-06,COMPLETE
1187,0.47748810052871704,2025-04-17 11:17:22.184141,2025-04-17 11:17:49.617978,0 days 00:00:27.433837,0.2025686994837054,0.6358775183768441,16,0.24241817804084154,0.27285891997920425,0.08986459993066608,0.011400321111781124,0.011053716307948408,0.06248249356767628,2.245519456451327e-05,25,59,0.07109553410032217,0.04601996191757716,False,False,False,1.3745374020189985e-07,COMPLETE
1188,0.5357799291610719,2025-04-17 11:17:50.001718,2025-04-17 11:18:16.656640,0 days 00:00:26.654922,0.11997262162641112,0.6768759226091512,16,0.24902598321187147,0.1922728954214059,0.09500995214621014,0.006521636061763417,0.019145269745443595,0.09049118030999861,4.497814753663348e-05,23,70,0.01833373852997673,0.05952760584892355,False,False,False,5.814849206539762e-06,COMPLETE
1189,0.4934176683425904,2025-04-17 11:18:17.040714,2025-04-17 11:18:42.811034,0 days 00:00:25.770320,0.17952672331850494,0.7113616408184835,16,0.266951812074211,0.20376587192179266,0.029178263530707592,0.009180838555208376,0.007340620562897166,0.09995034366712062,3.330794778077013e-05,20,95,0.021078987390036035,0.07045845616432722,False,False,False,1.0534507540194137e-05,COMPLETE
1190,0.09378662109375,2025-04-17 11:18:43.192765,2025-04-17 11:19:07.924485,0 days 00:00:24.731720,0.5965018595230872,0.5041835255462765,16,0.2332890468112245,0.2405355612619344,0.09284777975277794,0.013976688080619214,0.021298206961956556,0.09709698351692975,5.746849298954646e-05,24,83,0.014601047337746836,0.08934411826389657,False,False,True,2.635804685747651e-06,COMPLETE
1191,0.4902281641960144,2025-04-17 11:19:08.308753,2025-04-17 11:19:36.363765,0 days 00:00:28.055012,0.06793813759132013,0.6550924738043488,16,0.26211724312333856,0.18530409846706158,0.08824503066345017,0.004738826995042122,0.01608964929460333,0.07790358013378312,2.5495503892429507e-05,26,63,0.026126423451155213,0.05316038374673265,False,False,False,3.732010915528693e-06,COMPLETE
1192,0.10224999338388444,2025-04-17 11:19:36.754970,2025-04-17 11:20:02.481668,0 days 00:00:25.726698,0.15364449062037588,0.5373480748325336,16,0.22671831250959495,0.2156226336743726,0.07782249858262653,0.022281787173668313,0.0234923974219909,0.030041036898610877,1.9657791344572084e-05,22,90,0.022307171547986872,0.03860151173602499,True,True,False,7.847792654373458e-06,COMPLETE
1193,0.2811677932739258,2025-04-17 11:20:02.869935,2025-04-17 11:20:28.517273,0 days 00:00:25.647338,0.35368340581690777,0.4333704681626208,16,0.2522601763112636,0.26694886973673676,0.08466299571442797,0.007739817942348713,0.0145157793136289,0.03347011778852373,1.639409488340141e-05,21,55,0.02815801321570697,0.06754317362077447,False,False,False,5.6703139212071814e-06,COMPLETE
1194,0.3231262028217316,2025-04-17 11:20:28.905945,2025-04-17 11:20:58.444537,0 days 00:00:29.538592,0.09530492920334298,0.6931839681645139,16,0.24068595300879386,0.2568852642592307,0.0981506598009955,0.042137915888974864,0.026709259195842723,0.038727947617995556,3.032380842631648e-05,28,79,0.009537665360284445,0.04473324371640598,False,False,False,1.5626220235723964e-05,COMPLETE
1195,0.4672595024108887,2025-04-17 11:20:58.832367,2025-04-17 11:21:36.334006,0 days 00:00:37.501639,0.42236315547744463,0.7553424705413723,8,0.27194902166201795,0.19539546962324178,0.06613762241521087,0.0011063962617683639,0.018568039894116192,0.09999420925432306,4.069600580618984e-05,25,73,0.019603382513057675,0.07550264463842084,False,False,False,4.323529308008376e-06,COMPLETE
1196,0.5106429696083069,2025-04-17 11:21:36.720831,2025-04-17 11:22:03.498126,0 days 00:00:26.777295,0.040501543678468324,0.6131462625546646,16,0.28052351929565694,0.2088510121129208,0.09091347265182456,0.038550422995033466,0.012347419072194098,0.09437206793571963,2.299921617407029e-05,24,66,0.02457796658035131,0.1064473505985327,False,False,False,3.2163126791289883e-06,COMPLETE
1197,0.5280763626098633,2025-04-17 11:22:03.887857,2025-04-17 11:22:30.455663,0 days 00:00:26.567806,0.190326184214132,0.7322597744742967,16,0.25712692636776274,0.2808917073868505,0.058789177170411225,0.010230767371459493,0.02162619759543808,0.09297533137489544,5.2012598862455674e-05,23,69,0.017054967145647564,0.058023759456427085,False,False,False,9.355566989902885e-06,COMPLETE
1198,0.53769451379776,2025-04-17 11:22:30.846485,2025-04-17 11:22:58.408844,0 days 00:00:27.562359,0.2513011956437386,0.6696217519757066,16,0.08556145847895016,0.22303598598922136,0.09554725583362154,0.006100262839889745,0.02460614525024384,0.09692780735892864,3.3707391731932314e-05,25,61,0.021787864361044768,0.08113343905851571,False,False,False,0.00038867374511339077,COMPLETE
1199,0.4698684096336365,2025-04-17 11:22:58.798123,2025-04-17 11:24:45.698006,0 days 00:01:46.899883,0.11377447684294403,0.6391301041005337,2,0.24563063687373124,0.19999557291057873,0.08060075394054049,0.012243367778891703,0.08686312159839335,0.08954812458166823,2.7187816958355612e-05,27,76,0.024053751870346054,0.04954519197000878,False,False,False,6.778721078354593e-06,COMPLETE
1200,0.5053445935249329,2025-04-17 11:24:46.088575,2025-04-17 11:25:14.046015,0 days 00:00:27.957440,0.1651224683020929,0.5707598335406976,16,0.2371300018534022,0.1882751973369024,0.08682457071982064,0.008509895169854823,0.017336480491733364,0.09491714596776078,2.043288888593986e-05,26,65,0.029641031976286394,0.09411933497158355,False,False,False,4.70823722375071e-06,COMPLETE
1201,0.48809130191802985,2025-04-17 11:25:14.435998,2025-04-17 11:25:41.418414,0 days 00:00:26.982416,0.22248699163218155,0.7079794714199906,16,0.2516742509960401,0.25072898147370304,0.09324558730352422,0.005968700244358052,0.02013478981886291,0.02711519908467829,4.2817286289205904e-05,24,57,0.01884631722366399,0.08606425223229586,False,False,False,2.4692404247956084e-06,COMPLETE
1202,0.45821541547775274,2025-04-17 11:25:41.804450,2025-04-17 11:26:09.231000,0 days 00:00:27.426550,0.13488648532594083,0.7841352397225462,16,0.2619843956599562,0.19331968268490995,0.08225439381131874,0.002693757511238627,0.014957679603340072,0.09804477635803922,0.0001845393561069654,25,68,0.026200229097695944,0.06450286484482942,False,False,False,5.023914810398701e-05,COMPLETE
1203,0.5146788477897644,2025-04-17 11:26:09.622923,2025-04-17 11:26:35.439597,0 days 00:00:25.816674,0.14837073975645493,0.6939166468555764,16,0.22994981540518278,0.2043144683410466,0.09801228004238632,0.010158147944996646,0.02253908698506696,0.0912332909501466,7.45425540710068e-05,21,71,0.020774943560308096,0.05515302422534193,False,False,False,1.2017127400294113e-05,COMPLETE
1204,0.5364324808120728,2025-04-17 11:26:35.829943,2025-04-17 11:27:01.614531,0 days 00:00:25.784588,0.2055677095756389,0.6786248127705369,16,0.21745526275666688,0.2117338787012146,0.08892820388154299,0.004453466696068122,0.028204256148875506,0.09576055378018393,1.6683831054704236e-05,20,60,0.02263350108788266,0.07208206375510687,False,False,False,3.3384662873632113e-08,COMPLETE
1205,0.3014129161834717,2025-04-17 11:27:02.006013,2025-04-17 11:27:31.922432,0 days 00:00:29.916419,0.1793093012404978,0.7273063450993166,16,0.268251809383652,0.16818635195355808,0.09443616391364101,0.09597682841481335,0.01784848740347549,0.09810943162465018,2.4575063215853553e-05,30,52,0.012019796074746413,0.03582425787939375,False,False,False,5.704648474819694e-06,COMPLETE
1206,0.32369803786277773,2025-04-17 11:27:32.311491,2025-04-17 11:27:58.789850,0 days 00:00:26.478359,0.12712412794241196,0.5947899240380007,16,0.2586861250622674,0.1821057631314404,0.08579393467842296,0.013916934435545902,0.009331597561158794,0.09237832518989487,3.1459821957381293e-05,22,63,0.01537137059386421,0.04346798773950337,False,False,False,3.5647636799739064e-06,COMPLETE
1207,0.10694209188222885,2025-04-17 11:27:59.180647,2025-04-17 11:28:23.322180,0 days 00:00:24.141533,0.10344894041889421,0.6567693352644358,16,0.24342028938677787,0.19953681428257813,0.09999050032371647,0.00815737320249183,0.01944965515477257,0.05349017725364381,3.693073832158534e-05,24,74,0.04441137693521184,0.06281895401991391,False,False,True,7.56575486327084e-06,COMPLETE
1208,0.49471487998962405,2025-04-17 11:28:23.714058,2025-04-17 11:28:50.271572,0 days 00:00:26.557514,0.07589908982700341,0.763233213043583,16,0.24985769493791435,0.21815433201190682,0.0906495048090207,0.011658407039940921,0.012400303304549717,0.09436863303092594,1.5052413417433382e-05,23,66,0.018900020857811284,0.0987958124442808,False,False,False,4.772688046006947e-08,COMPLETE
1209,0.47763774394989017,2025-04-17 11:28:50.662194,2025-04-17 11:29:17.992613,0 days 00:00:27.330419,0.16123834302766163,0.6234313450197786,16,0.28602178057521266,0.16224093225714992,0.09664188645871233,0.007091011344570437,0.025572792770118282,0.09675634701787164,6.122636596472032e-05,25,58,0.02455725120349665,0.07890225711565547,False,False,False,4.917376592553198e-06,COMPLETE
1210,0.47939206361770637,2025-04-17 11:29:18.386478,2025-04-17 11:29:46.646018,0 days 00:00:28.259540,0.1943373659546927,0.714839650166403,16,0.23704092917262332,0.26391099380479643,0.08390421876745686,0.004317704729172227,0.016011841294419755,0.0755000804326952,2.0871782954391144e-05,26,93,0.02066854212273101,0.0524317269808238,False,False,False,3.1993062977395947e-06,COMPLETE
1211,0.1065610095858574,2025-04-17 11:29:47.037278,2025-04-17 11:30:12.756643,0 days 00:00:25.719365,0.21787106916302343,0.6400918889053105,16,0.22353086857631113,0.1889757409269278,0.09255157512297439,0.009296398217171653,0.022653786223993812,0.09346965758914588,5.056471163049446e-05,22,82,0.027488392439450077,0.06010333743620926,True,True,False,2.1724560739145374e-06,COMPLETE
1212,0.4837041258811951,2025-04-17 11:30:13.151755,2025-04-17 11:30:40.976055,0 days 00:00:27.824300,0.1459000679858673,0.7456468430035182,16,0.2551886842297937,0.23656841487202224,0.08709897136271814,0.006347982187518398,0.02125013763448492,0.09830931685892445,2.7383875322969254e-05,24,88,0.022970148518551833,0.04898575991417172,False,False,False,0.00019095301028786046,COMPLETE
1213,0.5183266639709473,2025-04-17 11:30:41.368450,2025-04-17 11:31:10.558509,0 days 00:00:29.190059,0.17999727439172772,0.6816950970112668,16,0.26517405299346114,0.17408312479740234,0.07963135483407671,0.0024706417673326757,0.014077664137890609,0.09578957597312915,1.882361592646136e-05,29,62,0.016517783705597262,0.08550931382835278,False,False,False,8.689784613509252e-06,COMPLETE
1214,0.49753097295761106,2025-04-17 11:31:10.951631,2025-04-17 11:31:38.325254,0 days 00:00:27.373623,0.12224341474389273,0.7017270388354839,16,0.27457123750704826,0.2055166358666629,0.09465422567015039,0.045519575826339836,0.018460410915790742,0.0914828125420792,4.0491254978098445e-05,25,72,0.017897833865790976,0.06766013851998459,False,False,False,7.210158643253729e-07,COMPLETE
1215,0.5442734003067017,2025-04-17 11:31:38.716288,2025-04-17 11:32:06.560336,0 days 00:00:27.844048,0.16206122926913194,0.6175354257028849,16,0.23249317635592368,0.19455944525864957,0.08964640949601367,0.010375454356879458,0.029489458478332273,0.09678340490872296,2.4593089420178693e-05,26,69,0.026087151198979457,0.07491135382717887,False,False,False,0.000648174953964676,COMPLETE
1216,0.34129416942596436,2025-04-17 11:32:06.950331,2025-04-17 11:32:35.520864,0 days 00:00:28.570533,0.23393998550582712,0.6614059018687185,16,0.24708924193124454,0.24618886963785244,0.08128251617219581,0.014276006368838762,0.01712478532762033,0.08916163678487504,1.2997579280945856e-05,27,56,0.013684734745116642,0.09133018702960233,False,False,False,0.0002849599662307083,COMPLETE
1217,0.4653984189033509,2025-04-17 11:32:35.913348,2025-04-17 11:33:05.011141,0 days 00:00:29.097793,0.20250235677532166,0.5905492845722314,16,0.2417225758706142,0.25625743517513455,0.09640172651615897,0.007543765158184322,0.006049547814279007,0.09849425582177236,9.774642208212265e-05,28,65,0.021287606543371168,0.057492445002381085,False,False,False,1.1886323616690768e-08,COMPLETE
1218,0.492710542678833,2025-04-17 11:33:05.406308,2025-04-17 11:33:40.341846,0 days 00:00:34.935538,0.1060051237179461,0.7245446125802792,8,0.25562579568964555,0.1988833953980095,0.0917007186516341,0.004647442163517708,0.020502889977311128,0.059489498751007217,3.137991021932606e-05,22,60,0.030515435141777437,0.04401049400675081,False,False,False,6.324760444898007e-06,COMPLETE
1219,0.5081538915634156,2025-04-17 11:33:40.733496,2025-04-17 11:34:07.300281,0 days 00:00:26.566785,0.13263387436435006,0.6505518743731219,16,0.2608788857507215,0.18693758229633284,0.08471050134652486,0.011257753303324904,0.027078937838870158,0.09404718308031908,4.512503680842011e-05,23,67,0.02382680167374725,0.0223841099156267,False,False,False,4.021174755679154e-06,COMPLETE
1220,0.4978579759597779,2025-04-17 11:34:07.693490,2025-04-17 11:34:33.500321,0 days 00:00:25.806831,0.17252543878075838,0.5619673740829112,16,0.2484703201076827,0.21116205050435752,0.087867227239287,0.008715455485207194,0.023778228269075913,0.04296424073955368,3.511818348053616e-05,21,78,0.046536618952067385,0.08068370979795772,False,False,False,4.666745547615077e-06,COMPLETE
1221,0.327689665555954,2025-04-17 11:34:33.896020,2025-04-17 11:36:15.075906,0 days 00:01:41.179886,0.08474284588845035,0.6857238514837264,2,0.2704564219180963,0.17900587778924337,0.05186455705610921,0.001005589548093845,0.03648770309684985,0.04006254130759833,1.7488538455095984e-05,25,31,0.018920163067471824,0.038029299757387496,False,False,False,1.1387358547181782e-05,COMPLETE
1222,0.48952835798263555,2025-04-17 11:36:15.468248,2025-04-17 11:36:42.492440,0 days 00:00:27.024192,0.05306761382540704,0.7384406525349073,16,0.22803952720424375,0.19273504747779968,0.054948665577361056,0.03422689001256078,0.016147879265177013,0.09526289814039002,2.7272241519687465e-05,24,63,0.020806735623251818,0.05339722949427286,False,False,False,6.282993491780581e-06,COMPLETE
1223,0.5413375973701477,2025-04-17 11:36:42.888423,2025-04-17 11:37:07.613998,0 days 00:00:24.725575,0.2695570439694217,0.7071726744705891,16,0.265416723454951,0.2611548778157981,0.09317946909055627,0.00603658128884782,0.03237186688145789,0.09228297267385253,2.1903407244419604e-05,18,70,0.025451512893154928,0.06593754836450719,False,False,False,3.0191149130343872e-06,COMPLETE
1224,0.5190279841423034,2025-04-17 11:37:08.006174,2025-04-17 11:37:35.350458,0 days 00:00:27.344284,0.15374534012777552,0.6769513959771618,16,0.2372863307549238,0.20097031107633626,0.06823289657333266,0.013087336211537287,0.012149323468822158,0.09782860131121798,5.657635856256463e-05,24,75,0.023015567127992912,0.049134725389148856,False,False,False,5.325202866858242e-06,COMPLETE
1225,0.4325053334236145,2025-04-17 11:37:35.742610,2025-04-17 11:38:01.193995,0 days 00:00:25.451385,0.1921105459340092,0.768111652037301,16,0.25273532259787174,0.29277009733689974,0.09828208148684908,0.0032176576918232953,0.019318799485562994,0.08368095973706034,0.0024395741995890553,20,86,0.028132789859377245,0.07211575894636553,False,False,False,8.13506337696164e-06,COMPLETE
1226,0.09696323722600937,2025-04-17 11:38:01.586792,2025-04-17 11:38:26.698351,0 days 00:00:25.111559,0.14564031098761457,0.6104079511649816,16,0.22034304523688392,0.2084966550047624,0.08222928953345297,0.008126246547670133,0.022044697090172163,0.07911017619879303,3.114841045540242e-05,26,64,0.016650421780459144,0.08776192257503017,False,False,True,1.1081789878687385e-06,COMPLETE
1227,0.43688259124755857,2025-04-17 11:38:27.092401,2025-04-17 11:38:52.068737,0 days 00:00:24.976336,0.2455396703001736,0.6335376404562982,16,0.24460899655862808,0.22868262246512494,0.09058705141425491,0.015512515722115275,0.015148614550522424,0.03464077655786931,2.4041193286046642e-05,19,72,0.020332615861769418,0.12292433363630177,False,False,False,1.639617661487129e-08,COMPLETE
1228,0.4623003125190735,2025-04-17 11:38:52.464987,2025-04-17 11:39:19.734758,0 days 00:00:27.269771,0.17396654231447445,0.7189321530272587,16,0.25696627145156137,0.21734221165489784,0.07730090626520318,0.03655560406600784,0.02439648595824398,0.09044727167116548,0.00032636672733231013,25,59,0.022185772029130652,0.031254245201313126,False,False,False,4.087209006153727e-06,COMPLETE
1229,0.0893383041024208,2025-04-17 11:39:20.130631,2025-04-17 11:39:45.149241,0 days 00:00:25.018610,0.21701769904841245,0.6647968522830359,16,0.2789781332087164,0.27007482391462434,0.09468212793627678,0.009878756020328413,0.017916455509271203,0.03750107856580812,3.7800055647717524e-05,23,68,0.024835224991124002,0.059673272856226055,True,True,False,2.2479350134674317e-06,COMPLETE
1230,0.4804133296012879,2025-04-17 11:39:45.543079,2025-04-17 11:40:11.055070,0 days 00:00:25.511991,0.11649030533981847,0.6953253437962627,16,0.23409135626411193,0.15221327777662053,0.08370647048776449,0.0052735678362478555,0.009433143239498828,0.0958087721441198,1.6200126486506108e-05,21,62,0.019292385948992945,0.04243320333769182,False,False,False,7.29031584402654e-06,COMPLETE
1231,0.5068985104560852,2025-04-17 11:40:11.452055,2025-04-17 11:40:39.005754,0 days 00:00:27.553699,0.18911330143857455,0.47504074608972663,16,0.2622789706329404,0.19421109233660358,0.07374967811367701,0.056634323482745656,0.020571089153845985,0.09351487247116588,2.026850900944922e-05,26,54,0.026354573033422965,0.07927245196819545,False,False,False,1.5242805757176902e-05,COMPLETE
1232,0.4843216419219971,2025-04-17 11:40:39.400041,2025-04-17 11:41:05.906515,0 days 00:00:26.506474,0.029919490489478555,0.5806330240099763,16,0.24971109054917895,0.18632541707716974,0.08595206455013987,0.011732360751595304,0.026020194642243553,0.0998926860925384,4.758714084090708e-05,23,68,0.03881238520402939,0.05462428296820377,False,False,False,3.6042822307407427e-06,COMPLETE
