number,value,datetime_start,datetime_complete,duration,params_alpha-eval,params_alpha-train,params_batch-size,params_eps-eval,params_eps-train,params_lambda-actions-eval,params_lambda-actions-train,params_lambda-frames-eval,params_lambda-frames-train,params_learning-rate,params_n-epochs,params_n-frames,params_radius-gw,params_rho,params_std-feats,params_ub-actions,params_ub-frames,params_weight-decay,state
729,0.5139041543006897,2025-04-17 07:24:23.454355,2025-04-17 07:24:51.073380,0 days 00:00:27.619025,0.11689139895422115,0.6912773130477603,16,0.2653575243741268,0.2594674859377675,0.09491715935708792,0.03891582918904919,0.021473637716868523,0.03720681711358292,4.644647392941567e-05,26,60,0.024019533311809702,0.13123259963994616,False,False,False,4.300794689462834e-06,COMPLETE
730,0.4716240286827088,2025-04-17 07:24:51.314717,2025-04-17 07:25:30.193409,0 days 00:00:38.878692,0.10463978597714926,0.6540058540182112,8,0.24639823062201222,0.25004293091061724,0.09290373941405473,0.03810993724235954,0.027182142676898814,0.09596302797431026,3.591991305274236e-05,27,65,0.02948450443841473,0.10219993091030741,False,False,False,5.195249901550493e-06,COMPLETE
731,0.09934545755386354,2025-04-17 07:25:30.421440,2025-04-17 07:25:54.825616,0 days 00:00:24.404176,0.13791712034976628,0.7243052007648194,16,0.25955269358809235,0.25575613323854773,0.09780758147393828,0.002702016554541155,0.024215936879764772,0.0340314621773172,2.4434385827521387e-05,25,64,0.022751734690026094,0.07854257775888947,False,False,True,6.772397307483581e-06,COMPLETE
732,0.48383392095565797,2025-04-17 07:25:55.063802,2025-04-17 07:26:20.361313,0 days 00:00:25.297511,0.23528168947908232,0.6862691438818657,16,0.1634152847909495,0.2562459103336941,0.09581103833028161,0.029121305478053423,0.021477440964540066,0.041243469312196995,2.0007289374398094e-05,20,56,0.026874560020167877,0.08879901165449182,False,False,False,1.0146917199584638e-05,COMPLETE
733,0.49506630897521975,2025-04-17 07:26:20.588327,2025-04-17 07:26:45.148156,0 days 00:00:24.559829,0.056920280603026785,0.7508640427368036,16,0.23987604176816,0.24345884896472703,0.09991514528639409,0.006621740197879393,0.0240113259222647,0.043244284217304224,3.181974574928413e-05,19,59,0.024222836942749612,0.09512044908262164,False,False,False,3.989367802474131e-06,COMPLETE
734,0.4584033489227295,2025-04-17 07:26:45.387049,2025-04-17 07:28:12.252909,0 days 00:01:26.865860,0.15445909656703685,0.7045679128856833,2,0.253676191245779,0.27294313729643205,0.0944726703596344,0.07643189107972626,0.021284254049035608,0.03604060345579468,5.956779688048145e-05,21,64,0.022167159329815608,0.08166093473134613,False,False,False,5.0712057411031e-06,COMPLETE
735,0.38490161895751956,2025-04-17 07:28:12.494730,2025-04-17 07:28:42.062666,0 days 00:00:29.567936,0.20623280059653532,0.732057421669046,16,0.23585396258268201,0.26593626567949047,0.09283815572588701,0.03298416190757879,0.02664984131299357,0.09807220904886257,3.986845341604658e-05,26,62,0.025804772493093518,0.07850973947665141,True,False,False,7.792871965257442e-06,COMPLETE
736,0.11920909583568574,2025-04-17 07:28:42.292278,2025-04-17 07:29:04.198755,0 days 00:00:21.906477,0.0873343639661199,0.677843775718393,16,0.24749005162672424,0.2526310525826813,0.0979932362773154,0.0912932013895282,0.05620606724001327,0.033089523580238776,2.4878847347783344e-05,19,66,0.03205263767329293,0.08004504776224779,False,True,False,4.350347435970704e-06,COMPLETE
737,0.5043179273605347,2025-04-17 07:29:04.441208,2025-04-17 07:29:31.682140,0 days 00:00:27.240932,0.13549499631084247,0.7101828573107521,16,0.2675218951545812,0.25542622579605706,0.0963934610841001,0.0048722259996634995,0.023295408922425945,0.039403821269657316,1.939286376531651e-05,25,59,0.023986687665149664,0.08622339562569752,False,False,False,3.7556149081854184e-06,COMPLETE
738,0.5176657319068909,2025-04-17 07:29:31.911628,2025-04-17 07:29:57.573214,0 days 00:00:25.661586,0.1760470416017036,0.6614204851945318,16,0.2610730744054431,0.28389941728145385,0.09295935870463583,0.008026689434957131,0.03591499613541796,0.09843661056132069,2.9903087043165896e-05,21,66,0.0285313744447988,0.0762255756900395,False,False,False,1.0024970307326092e-05,COMPLETE
739,0.46933962106704713,2025-04-17 07:29:57.812795,2025-04-17 07:30:24.032282,0 days 00:00:26.219487,0.1126163115197008,0.744071361751989,16,0.22960898220546758,0.2687795997425977,0.09516584534498318,0.00896587281314181,0.025574060844282723,0.0960024463747624,4.174078271701151e-05,22,54,0.02301896839756201,0.2626213845270332,False,False,False,6.069386056342794e-06,COMPLETE
740,0.5454183340072633,2025-04-17 07:30:24.278729,2025-04-17 07:30:52.542116,0 days 00:00:28.263387,0.2841335798306347,0.6961093251738234,16,0.2521268286743738,0.26223150129501194,0.0979908403397655,0.005463288012528092,0.020600673458596952,0.0480548741721955,2.2253366698374714e-05,26,60,0.02141792940714534,0.09887014182619402,False,False,False,3.525285177441153e-06,COMPLETE
741,0.5029713034629822,2025-04-17 07:30:52.772920,2025-04-17 07:31:22.332884,0 days 00:00:29.559964,0.1614099880157151,0.7231345628944942,16,0.24210762091925858,0.2592132508793362,0.0915389555782313,0.0037901703162900244,0.022377851831684503,0.03573391215343778,1.658544030904821e-05,30,65,0.026088670653656724,0.08454304827109882,False,False,False,7.061324955807279e-06,COMPLETE
742,0.4599197626113892,2025-04-17 07:31:22.574963,2025-04-17 07:31:49.674171,0 days 00:00:27.099208,0.21616196674348917,0.7648832641243145,16,0.21995958839310656,0.25233264974937075,0.09479341459286703,0.03694908135429968,0.025559527242663846,0.09968735318635824,0.0013028924782445685,24,56,0.02184004781890873,0.1506420899839401,False,False,False,5.176071270202611e-06,COMPLETE
743,0.34135080575942994,2025-04-17 07:31:49.905750,2025-04-17 07:32:17.333407,0 days 00:00:27.427657,0.13502308920640646,0.26193410876398104,16,0.27025447523578067,0.27726968155123266,0.09649854951914988,0.00727289898443551,0.028995352077071868,0.03004420935970026,3.428629511909547e-05,24,62,0.06210454522697105,0.10828548385571665,False,False,False,1.1310179116776297e-05,COMPLETE
744,0.5002194285392761,2025-04-17 07:32:17.575081,2025-04-17 07:32:45.155615,0 days 00:00:27.580534,0.18991146876654796,0.6865428179239589,16,0.2551308694630436,0.24486087594547973,0.09267409554219673,0.042973183451280664,0.02046560086847039,0.09472661126888343,2.7137872339327274e-05,25,68,0.02435047227485783,0.035888387843455896,False,False,False,4.310624579634187e-06,COMPLETE
745,0.47634078264236457,2025-04-17 07:32:45.401006,2025-04-17 07:33:12.087873,0 days 00:00:26.686867,0.2507058207167826,0.6685246245077211,16,0.23484888463976966,0.27279355305940084,0.09987895429505131,0.009858184148954566,0.033930716168183564,0.0968085053014468,4.763890610596797e-05,23,64,0.04816052183333591,0.07427606024556525,False,False,False,8.76664781432873e-06,COMPLETE
746,0.5515936493873597,2025-04-17 07:33:12.323450,2025-04-17 07:33:39.657872,0 days 00:00:27.334422,0.09913820476421734,0.6478676316848645,16,0.26212470116699466,0.2511809305503725,0.0626738652993383,0.04625006408720109,0.020872136960224885,0.09303306359473557,2.0797556689570622e-05,25,67,0.040609914822817936,0.04472555994513585,False,False,False,3.027657881127217e-06,COMPLETE
747,0.5282739400863647,2025-04-17 07:33:39.903851,2025-04-17 07:34:07.698001,0 days 00:00:27.794150,0.10478964485275301,0.6384211149635471,16,0.26420272558842944,0.2517350327986535,0.06401412846969498,0.05645832297255547,0.02396795755671706,0.09373006675321019,1.2913107280545788e-05,26,62,0.03947111497915762,0.030936380200603072,False,False,False,2.406530850881312e-06,COMPLETE
748,0.5158061504364014,2025-04-17 07:34:07.932529,2025-04-17 07:34:35.301102,0 days 00:00:27.368573,0.07617976615435812,0.5984477088127726,16,0.27330256895350863,0.25823280812623145,0.090520989585366,0.04884322190232626,0.022746612342014205,0.09635216022427753,1.7846090039498404e-05,25,58,0.03814081322824829,0.03958400689530661,False,False,False,2.757733636284558e-06,COMPLETE
749,0.5186806917190552,2025-04-17 07:34:35.546051,2025-04-17 07:35:04.078490,0 days 00:00:28.532439,0.08887668334475242,0.6229359941825197,16,0.26869416447163597,0.2477088237596844,0.07109835178403863,0.027620442561849406,0.021175524494814902,0.09285421540507045,2.119299425719265e-05,27,66,0.029433366839158866,0.04599532122019504,False,False,False,3.0526778487495904e-06,COMPLETE
750,0.5171452522277833,2025-04-17 07:35:04.323479,2025-04-17 07:35:32.573622,0 days 00:00:28.250143,0.07231431745328448,0.6620682598299501,16,0.2616766772218117,0.263724201374592,0.06973964095985603,0.05020521246096134,0.02064228299408118,0.09817849974928253,1.6266978810496257e-05,25,134,0.04244355334618691,0.041104965387514444,False,False,False,2.1418603927326387e-06,COMPLETE
751,0.1080907940864563,2025-04-17 07:35:32.807976,2025-04-17 07:35:57.603899,0 days 00:00:24.795923,0.09659243739891063,0.6500581702869098,16,0.2639284118027719,0.24023697172877728,0.052453081905262725,0.07076793644454046,0.023602753152938548,0.09562223795458492,1.3677682503927964e-05,25,62,0.027954533193615533,0.04531618645250279,False,False,True,3.3508538036704505e-06,COMPLETE
752,0.5122223377227784,2025-04-17 07:35:57.852301,2025-04-17 07:36:25.546486,0 days 00:00:27.694185,0.06446652172810842,0.6211017264933989,16,0.2583127436797819,0.2506813982533883,0.07338012290211593,0.005948403088956015,0.021355420165643665,0.04539421769093403,2.004476571805819e-05,26,66,0.037815801015962214,0.13907896007714413,False,False,False,1.8819563109683019e-06,COMPLETE
753,0.4487629890441895,2025-04-17 07:36:25.780682,2025-04-17 07:37:03.379693,0 days 00:00:37.599011,0.1157118283639028,0.7545781742991873,8,0.27127107258467875,0.2594426139827392,0.07787415156474839,0.04521322824572918,0.0313241546330186,0.09425165320535435,9.406990883122925e-05,25,64,0.03184784933501976,0.035370730595582656,False,False,False,3.6763886094386734e-06,COMPLETE
754,0.09931311905384063,2025-04-17 07:37:03.626621,2025-04-17 07:37:29.719211,0 days 00:00:26.092590,0.04280945728802056,0.6391590261237416,16,0.2658338538086328,0.2679342025461268,0.07998337638424127,0.00862005211349689,0.02779001335323372,0.09812692932028577,2.294374698502081e-05,26,59,0.04123064060944324,0.046800193039485655,True,True,False,4.1998565886587084e-08,COMPLETE
755,0.4886157393455506,2025-04-17 07:37:29.969453,2025-04-17 07:37:59.697959,0 days 00:00:29.728506,0.793487270118393,0.6492623057647872,16,0.2575050985476503,0.253582296866919,0.05533512862159788,0.0026701488185737463,0.04069743090549055,0.09656808198786766,1.7529633011084164e-05,29,68,0.03445063152604295,0.03735235420599761,False,False,False,2.4943007297578755e-06,COMPLETE
756,0.22925371527671817,2025-04-17 07:37:59.933114,2025-04-17 07:38:27.197349,0 days 00:00:27.264235,0.09277094307431019,0.7152686793508911,16,0.22583523745518666,0.016054929662209283,0.08150360699043122,0.02095114596571812,0.019436880046086628,0.0923301997760406,1.4602018197195275e-05,25,67,0.04517630240799487,0.021657083365822567,False,False,False,3.3566355317237397e-06,COMPLETE
757,0.42873719930648807,2025-04-17 07:38:27.444816,2025-04-17 07:38:52.394086,0 days 00:00:24.949270,0.12466755271417429,0.773246926761137,16,0.27567758313280116,0.2575171372322058,0.08395519588414566,0.00800673419329871,0.025431560010092325,0.09479202416004948,1.030327582123794e-05,20,52,0.030280928413543302,0.05009895280630037,False,False,False,1.4665995941893668e-06,COMPLETE
758,0.48078941106796264,2025-04-17 07:38:52.644684,2025-04-17 07:39:20.175524,0 days 00:00:27.530840,0.7127426417741488,0.7383207323124426,16,0.25392114105043284,0.24547388702558873,0.06037555766208119,0.011894015991373604,0.019270084359550934,0.04330982394665739,2.547752342966945e-05,25,63,0.03353644576517005,0.04179794915719475,False,False,False,2.917450612683041e-06,COMPLETE
759,0.5203695416450501,2025-04-17 07:39:20.411594,2025-04-17 07:39:48.063711,0 days 00:00:27.652117,0.056123867991864605,0.7068061300134562,16,0.2613671815137577,0.25136585245551324,0.09011181402763216,0.045994447800176204,0.02237127853873671,0.03547441422605449,1.9659347479521013e-05,26,60,0.05872029844335473,0.05089493808815653,False,False,False,4.43842327257675e-06,COMPLETE
760,0.49574228525161745,2025-04-17 07:39:48.313455,2025-04-17 07:40:37.880938,0 days 00:00:49.567483,0.12022478150258743,0.6056431035634098,2,0.24580088927061763,0.2642603923513329,0.076258183325788,0.08039341650761464,0.020081941818703264,0.038707349231861185,2.4564501267994876e-05,9,56,0.026217903918276046,0.09359471668065689,False,False,False,3.998401346135656e-06,COMPLETE
761,0.5446696519851685,2025-04-17 07:40:38.118355,2025-04-17 07:41:05.102666,0 days 00:00:26.984311,0.23761585721679288,0.6825898377295546,16,0.267844121159309,0.26887822750552925,0.08567920749803276,0.005724645372138284,0.024491569113099774,0.09881087950539795,1.816013594822888e-05,24,67,0.05149581314629105,0.04736685402811105,False,False,False,2.549607000804587e-06,COMPLETE
762,0.5011579990386963,2025-04-17 07:41:05.352370,2025-04-17 07:41:31.172407,0 days 00:00:25.820037,0.0820965965405864,0.6718283369117997,16,0.2506102846124621,0.25461403189094284,0.08276690541732847,0.009259638793258106,0.018912430976106363,0.09992262563288908,2.8367346360508174e-05,21,64,0.023717274095263648,0.05174031414248349,False,False,False,5.313650030517097e-06,COMPLETE
763,0.5123728036880493,2025-04-17 07:41:31.422824,2025-04-17 07:41:58.391240,0 days 00:00:26.968416,0.20747993932654837,0.731021271027805,16,0.21316251995962945,0.24641751685137164,0.08890902163404917,0.0532423701216881,0.022132968939865442,0.03284882996360308,2.3923895275560996e-05,24,69,0.03568476924619892,0.053517859446776304,False,False,False,3.341997290560578e-06,COMPLETE
764,0.5021998286247253,2025-04-17 07:41:58.630206,2025-04-17 07:42:26.071193,0 days 00:00:27.440987,0.40792881255067165,0.7098920622530205,16,0.2322998296242082,0.2605165706200781,0.05017960142012554,0.018886481696523023,0.02765619805346229,0.09993863786647737,2.041591426968799e-05,25,62,0.026580398103540737,0.04377517926115302,False,False,False,1.834849461589861e-06,COMPLETE
765,0.45730044245719914,2025-04-17 07:42:26.321825,2025-04-17 07:42:55.476713,0 days 00:00:29.154888,0.10109515196129218,0.6923300490209633,16,0.259432830098036,0.2744328879800106,0.045866121154808766,0.0475082813607187,0.018330891291056053,0.052239242011835066,1.5204624966967579e-05,28,88,0.025206114441940566,0.02936749932423444,False,False,False,4.066561245989075e-06,COMPLETE
766,0.4989092588424683,2025-04-17 07:42:55.717635,2025-04-17 07:43:24.211662,0 days 00:00:28.494027,0.16961625196539373,0.6378614277843712,16,0.23968994454670564,0.2593119769358074,0.09259401016538422,0.00401822695932679,0.0234167812676703,0.09641869714315429,2.658464070356308e-05,27,66,0.02210981324754889,0.08768746244269492,False,False,False,4.875216480600061e-06,COMPLETE
767,0.47437536716461187,2025-04-17 07:43:24.461104,2025-04-17 07:43:51.527402,0 days 00:00:27.066298,0.14550859929133125,0.7521935148992835,16,0.25471430542831913,0.24677696053721881,0.08116116795144518,0.010186153070937714,0.020584770836406256,0.09243660804540839,7.031510543295954e-05,24,58,0.027839001085190176,0.08147924398122917,False,False,False,6.054587674212287e-06,COMPLETE
768,0.5428894400596619,2025-04-17 07:43:51.781598,2025-04-17 07:44:19.896406,0 days 00:00:28.114808,0.22554342230482993,0.6601026071834369,16,0.2747412147072656,0.23835395729506598,0.0865187601351844,0.007296840472354767,0.024524237661995713,0.09429160703483443,3.053667263002534e-05,25,120,0.024010536401664426,0.04045798248367631,False,False,False,7.118405874212173e-07,COMPLETE
769,0.5079876184463501,2025-04-17 07:44:20.137106,2025-04-17 07:44:47.738110,0 days 00:00:27.601004,0.19349875393436586,0.7291256133461341,16,0.24796742703636787,0.252039089779123,0.09147719522688286,0.012336160390724417,0.01781606438598027,0.042087812574405734,2.1702384864404143e-05,26,68,0.02184158815686626,0.0559044668052585,False,False,False,2.653226313223022e-06,COMPLETE
770,0.10765236765146256,2025-04-17 07:44:47.988645,2025-04-17 07:45:11.150089,0 days 00:00:23.161444,0.26586249483421176,0.7018590022791804,16,0.2658347392734423,0.2701030647320936,0.0937909258751193,0.005995805460839507,0.026579741888799534,0.09793171246285826,1.3499209600804074e-05,21,70,0.02926156565360569,0.0479590775259628,False,False,True,2.1962177626476233e-06,COMPLETE
771,0.5182267904281617,2025-04-17 07:45:11.402022,2025-04-17 07:45:38.340073,0 days 00:00:26.938051,0.1317327778548472,0.7766162289175249,16,0.22986316129126086,0.25522939502166014,0.08789965268875587,0.002426878133851233,0.021223061274044237,0.09639461402761323,1.7718563596005046e-05,24,64,0.025515814126454938,0.07895794150940415,False,False,False,3.2023152322749236e-06,COMPLETE
772,0.5025523662567138,2025-04-17 07:45:38.580776,2025-04-17 07:46:03.900372,0 days 00:00:25.319596,0.056487393468095726,0.6707904382856121,16,0.24199095426861703,0.14816495157459175,0.09379054480187268,0.009675380115280532,0.04485347500496905,0.09305068268671182,3.218753352064384e-05,20,59,0.022754392791795846,0.1666896949373348,False,False,False,4.107667715143644e-06,COMPLETE
773,0.20476638078689577,2025-04-17 07:46:04.150890,2025-04-17 07:46:29.541734,0 days 00:00:25.390844,0.10813928288666873,0.7217140860999972,16,0.2595576947383662,0.26152363780124754,0.020080711131539208,0.015105067748360197,0.018176168412578433,0.09527932552214566,2.1488328711593177e-05,25,43,0.021229220738031518,0.034742272362578,True,True,False,5.51608535365449e-06,COMPLETE
774,0.5429128408432007,2025-04-17 07:46:29.783215,2025-04-17 07:46:56.009635,0 days 00:00:26.226420,0.16921586285593182,0.6232559407710277,16,0.2233110488528389,0.23901360855573514,0.06195267084089245,0.017224380303187237,0.02264281390126688,0.08018958663170146,2.609753648707751e-05,22,61,0.02672847022532559,0.08967869232560965,False,False,False,3.1948996686322573e-06,COMPLETE
775,0.5035205364227295,2025-04-17 07:46:56.263730,2025-04-17 07:47:20.798540,0 days 00:00:24.534810,0.15066074724046413,0.6858599195790268,16,0.25403745326411065,0.28701178532968813,0.0899199143922429,0.007810435518837462,0.020765587755048533,0.039649865772191435,3.722085013304392e-05,18,66,0.032200593070560106,0.05667592511707606,False,False,False,4.296007958897763e-06,COMPLETE
776,0.5472682237625122,2025-04-17 07:47:21.053100,2025-04-17 07:47:58.833415,0 days 00:00:37.780315,0.2109367664851144,0.7476503859555687,8,0.26913757388078147,0.258035609482865,0.08427562732070139,0.011674453305085104,0.025309187650577304,0.04963876573493068,1.5411557225752064e-05,25,69,0.02432601266433462,0.07520262916277086,False,False,False,6.5963420199583076e-06,COMPLETE
777,0.5052525877952576,2025-04-17 07:47:59.075284,2025-04-17 07:48:26.277752,0 days 00:00:27.202468,0.1821971606982354,0.7034207011866236,16,0.15386500944819584,0.13970827508563713,0.09539839617723174,0.004528332643362824,0.017647320091453443,0.09722229489816686,2.8603286513330117e-05,24,56,0.048610646332578306,0.11184808252476817,False,False,False,2.2146571368751427e-06,COMPLETE
778,0.5440194845199585,2025-04-17 07:48:26.529702,2025-04-17 07:48:54.508416,0 days 00:00:27.978714,0.07739585455168321,0.6514804911307838,16,0.23628552921936466,0.264931890986991,0.09181814041979058,0.029808909608568475,0.019888329588314012,0.09138182825038757,1.8573436321088028e-05,26,70,0.021106257216954166,0.04867411716912506,False,False,False,3.7895162093492454e-06,COMPLETE
779,0.48506306409835814,2025-04-17 07:48:54.763894,2025-04-17 07:49:23.321800,0 days 00:00:28.557906,0.12309837435873111,0.7625207584654183,16,0.19793772607046922,0.2419410338925692,0.09614421829256996,0.009886447870446586,0.01687385856991442,0.04668448576313819,1.1890118445239981e-05,27,64,0.02365007256765494,0.09852753380740814,False,False,False,4.87463914129705e-06,COMPLETE
780,0.47433152198791506,2025-04-17 07:49:23.563416,2025-04-17 07:50:49.752026,0 days 00:01:26.188610,0.24574485573882207,0.7343346343226667,2,0.2511617006102581,0.24917183710564544,0.05643792858810839,0.013438146368853215,0.023200927327413336,0.03395519913425002,0.022574556596227292,21,61,0.027749316292286264,0.057720958059276344,False,False,False,1.6474063734001536e-06,COMPLETE
781,0.49419775009155276,2025-04-17 07:50:50.006559,2025-04-17 07:51:15.006969,0 days 00:00:25.000410,0.15438685706410474,0.6781873390258941,16,0.2189666212558174,0.26766693316067935,0.07930555985707645,0.007748369174451469,0.028718697831802385,0.09991505491692682,4.4910052592470576e-05,19,67,0.030581803802395398,0.04189963099969957,False,False,False,3.1482584098051055e-06,COMPLETE
782,0.5331974267959595,2025-04-17 07:51:15.264962,2025-04-17 07:51:42.269482,0 days 00:00:27.004520,0.1978466866256792,0.7159025837322732,16,0.2449907288721565,0.2432484895912937,0.08622521987452222,0.006383386844082562,0.019851444616352795,0.03744206052477334,2.314178927668397e-05,24,71,0.025560366202438494,0.07249103639433996,False,False,False,1.2438787776483007e-06,COMPLETE
783,0.536145281791687,2025-04-17 07:51:42.515246,2025-04-17 07:52:10.687410,0 days 00:00:28.172164,0.0962109974235269,0.6951541649979943,16,0.2635703708495484,0.15453338443275555,0.08299441318363159,0.012402240000233673,0.01610501364025056,0.09455066293151837,3.366946894336005e-05,26,91,0.02259945401806871,0.06333320717633559,False,False,False,6.089294811510874e-06,COMPLETE
784,0.4359952211380005,2025-04-17 07:52:10.941286,2025-04-17 07:52:36.340170,0 days 00:00:25.398884,0.22707254549465578,0.7958027084256936,16,0.23480179560557635,0.2518925773430669,0.033536921970687306,0.00427350981151827,0.02606797612176028,0.09760772006402284,0.000878163811158497,20,54,0.040284596231173,0.05310481508610438,False,False,False,2.6886805124415403e-06,COMPLETE
