number,value,datetime_start,datetime_complete,duration,params_alpha-eval,params_alpha-train,params_batch-size,params_eps-eval,params_eps-train,params_lambda-actions-eval,params_lambda-actions-train,params_lambda-frames-eval,params_lambda-frames-train,params_learning-rate,params_n-epochs,params_n-frames,params_radius-gw,params_rho,params_std-feats,params_ub-actions,params_ub-frames,params_weight-decay,state
1905,0.5083624005317688,2025-04-17 16:40:41.103504,2025-04-17 16:41:04.531894,0 days 00:00:23.428390,0.07072875472065396,0.80643619010822,16,0.20465884669182813,0.24584870001874704,0.07144630772741219,0.09997972785962049,0.06291107423323063,0.0444486634518066,3.409429882548994e-05,16,47,0.028628662030252904,0.07518130212229457,False,False,False,4.652397209518126e-08,COMPLETE
1906,0.49272668361663824,2025-04-17 16:41:05.146029,2025-04-17 16:41:29.358516,0 days 00:00:24.212487,0.048265509738933926,0.7810479351482263,16,0.20920540450898267,0.2508220984475476,0.06766435120495302,0.09565570470905357,0.025641202839252645,0.0316625325125673,5.852169219624248e-05,17,57,0.023937826820499608,0.08278144943378629,False,False,False,7.149455234292136e-08,COMPLETE
1907,0.4809788703918457,2025-04-17 16:41:29.989885,2025-04-17 16:41:58.638038,0 days 00:00:28.648153,0.10732563760083008,0.8237480495519738,8,0.19049361570951495,0.24116004215826214,0.06951313195021715,0.09154233784711774,0.04782021674417828,0.037728372624565305,7.599155588236625e-05,14,66,0.026421787331489616,0.07047574070245331,False,False,False,4.945481262712706e-08,COMPLETE
1908,0.5065255403518677,2025-04-17 16:41:59.256287,2025-04-17 16:42:21.683890,0 days 00:00:22.427603,0.0754757414324808,0.7396836151581672,16,0.19360842410593757,0.2504652274832928,0.06581905824607037,0.08917949339167655,0.05280518593981947,0.08784575105263195,4.762871836816456e-05,13,63,0.021807629082004898,0.08667666856884343,False,False,False,3.986308518872945e-08,COMPLETE
1909,0.34703509211540223,2025-04-17 16:42:22.320211,2025-04-17 16:42:45.885357,0 days 00:00:23.565146,0.7508846834276628,0.07160450293088377,16,0.19829812888485093,0.2295141223737815,0.06314710220992818,0.0875504410254285,0.05985381575964535,0.035220000354856736,3.969707092118301e-05,15,89,0.0290401147576745,0.07760501585693477,False,False,False,6.121979783958879e-08,COMPLETE
1910,0.4727057814598084,2025-04-17 16:42:46.497714,2025-04-17 16:44:04.057996,0 days 00:01:17.560282,0.028222752116393773,0.7704775199462027,2,0.18817647419717137,0.2534066301338403,0.07367301617779222,0.0924523880365185,0.051476213266472094,0.039314292392353914,6.680380816993934e-05,18,61,0.025440782739086853,0.08758429302739075,False,False,False,8.25224254278854e-08,COMPLETE
1911,0.46615496873855594,2025-04-17 16:44:04.721138,2025-04-17 16:44:28.468460,0 days 00:00:23.747322,0.4893875791376351,0.7902508001009132,16,0.21157864481975847,0.24368436509136943,0.07098920712622125,0.0966294674437087,0.03781667724353675,0.031171956301432994,0.00010332200594124203,16,54,0.02455375196307695,0.06778364333944914,False,False,False,3.8272913087697176e-08,COMPLETE
1912,0.51703040599823,2025-04-17 16:44:29.082198,2025-04-17 16:44:54.365379,0 days 00:00:25.283181,0.05792430714966178,0.4646175888060127,16,0.2043563299282626,0.2548942795103154,0.06737247623995256,0.0926199627436066,0.041023854115194526,0.03693841584939446,5.467612243158849e-05,19,86,0.02745259460493207,0.07630096793014814,False,False,False,5.4488432197836235e-08,COMPLETE
1913,0.5080368995666504,2025-04-17 16:44:55.002158,2025-04-17 16:45:19.021863,0 days 00:00:24.019705,0.093533755080478,0.5003414478837428,16,0.19305890361268166,0.2570732459546585,0.043693969921016894,0.0896646813811641,0.07026074085886433,0.029212013166885216,3.2655301054603106e-05,17,58,0.022072813428370315,0.07709176506638267,False,False,False,9.583870413622283e-08,COMPLETE
1914,0.09994191080331803,2025-04-17 16:45:19.637400,2025-04-17 16:45:39.934006,0 days 00:00:20.296606,0.11154741523657902,0.7560703443529272,16,0.19963748752150026,0.2339532947587313,0.06880887126151537,0.09585684638263334,0.06524540478729739,0.0408898960932682,4.4358262793474174e-05,14,52,0.030667557436216717,0.0831245808183302,False,False,True,8.01460587016275e-05,COMPLETE
1915,0.49588425159454347,2025-04-17 16:45:40.573457,2025-04-17 16:46:04.134045,0 days 00:00:23.560588,0.06724094469000523,0.7362405814767998,16,0.18762156843443034,0.2476050605925528,0.06220804791409678,0.08713018315848373,0.05510325586986498,0.03348028730457248,6.17008541393877e-05,15,63,0.023347764623022828,0.0877172164287855,False,False,False,3.213071033596846e-08,COMPLETE
1916,0.5492287516593933,2025-04-17 16:46:04.749616,2025-04-17 16:46:27.118872,0 days 00:00:22.369256,0.029735472628558076,0.8086449581922716,16,0.20849726969246396,0.25865746350890423,0.06547386541655048,0.08496392289505086,0.04662161922909767,0.08825416891594003,8.389219684140972e-05,13,61,0.025908618577629643,0.08135490205015918,False,False,False,4.4552683032068666e-07,COMPLETE
1917,0.15946795940399172,2025-04-17 16:46:27.756528,2025-04-17 16:46:48.428227,0 days 00:00:20.671699,0.08865602222183393,0.764097870871243,16,0.18494510180446963,0.23846209161913817,0.019486029269519655,0.09094853399626782,0.058293682534394924,0.034784943754514165,5.079282048101431e-05,12,66,0.028445204499573697,0.0674540208751918,True,True,False,1.924094377677807e-07,COMPLETE
1918,0.5251186966896058,2025-04-17 16:46:49.042379,2025-04-17 16:47:12.883458,0 days 00:00:23.841079,0.5854866548071829,0.855717452261803,16,0.19874345380887182,0.2540592267685432,0.07282944688674008,0.0939009669070009,0.05760684425390652,0.038554798631741515,3.8371196828719084e-05,16,81,0.02359577273646268,0.08873881012085112,False,False,False,1.1117938142112871e-07,COMPLETE
1919,0.46559599637985233,2025-04-17 16:47:13.523983,2025-04-17 16:47:37.985250,0 days 00:00:24.461267,0.010149970944758644,0.7478586676857828,16,0.19387836249422535,0.24626971850971077,0.07030354444222323,0.09723382831619783,0.024793925916683744,0.05372947962876712,0.0003442987786822419,18,57,0.02727310992483253,0.07147825737401549,False,False,False,7.152413560117155e-08,COMPLETE
1920,0.5057161808013917,2025-04-17 16:47:38.603035,2025-04-17 16:48:01.851446,0 days 00:00:23.248411,0.05113539556693325,0.7881317746886736,16,0.21411420325131336,0.2620688611066854,0.06418955282154186,0.09497575089280273,0.027014568317293756,0.03252595302360433,6.781713824924799e-05,15,59,0.0212852232157418,0.0809819812521701,False,False,False,2.5982818958196146e-07,COMPLETE
1921,0.4959823489189148,2025-04-17 16:48:02.492704,2025-04-17 16:48:26.570007,0 days 00:00:24.077303,0.0790030704145959,0.8303201142029646,16,0.18901014577746836,0.22821191897580567,0.05999075704072299,0.08950918930551163,0.06132605832849307,0.029806479589453667,5.3997743976272994e-05,17,62,0.024867657468200306,0.09083069815796375,False,False,False,5.3377733976300016e-08,COMPLETE
1922,0.4809253931045533,2025-04-17 16:48:27.184390,2025-04-17 16:48:50.170384,0 days 00:00:22.985994,0.010413370303635545,0.5246873151365375,16,0.20410221864417685,0.2518943214541086,0.07629877362541192,0.09792380254053737,0.05470050626206716,0.0418636901035439,4.321892475038954e-05,14,55,0.026260309594868393,0.08452863280212368,False,False,False,4.041352047232658e-08,COMPLETE
1923,0.5037935614585877,2025-04-17 16:48:50.808852,2025-04-17 16:49:15.550081,0 days 00:00:24.741229,0.11043896467199862,0.7279431704454581,16,0.1835208108622713,0.23991765228131862,0.06815721815380044,0.09988562569160434,0.041521972707136486,0.0351309398125547,3.5022637912762033e-05,18,64,0.02965579217523901,0.0755172090967206,False,False,False,1.2971494438962542e-07,COMPLETE
1924,0.511172890663147,2025-04-17 16:49:16.162730,2025-04-17 16:49:39.181056,0 days 00:00:23.018326,0.049454488997516255,0.765214757387711,16,0.1954251333662411,0.25871907785468845,0.06246469295008063,0.08738909798556473,0.03839952407118819,0.037265507184951835,7.202270132122231e-05,15,59,0.02140915262941591,0.09112083776939724,False,False,False,6.661101631511593e-08,COMPLETE
1925,0.49538172483444215,2025-04-17 16:49:39.817229,2025-04-17 16:50:03.383987,0 days 00:00:23.566758,0.11689883721459897,0.7984253659980902,16,0.18964920921134099,0.2475934825180143,0.06633861762458447,0.06058179585789381,0.03954100096985811,0.02702768614355254,5.7196469462661216e-05,16,50,0.023797895433191742,0.07937105901664138,False,False,False,0.00010448479800547055,COMPLETE
1926,0.5086938619613648,2025-04-17 16:50:04.023048,2025-04-17 16:50:26.110356,0 days 00:00:22.087308,0.06527877012277235,0.7799027297679328,16,0.2019483861373626,0.2629960471140677,0.07164506642250079,0.06487583446355158,0.04908428153654475,0.08935575623548801,4.581661219338506e-05,13,56,0.03372870264253198,0.06877440548529501,False,False,False,5.2661160637800075e-08,COMPLETE
1927,0.5183249831199647,2025-04-17 16:50:26.730864,2025-04-17 16:50:49.380120,0 days 00:00:22.649256,0.09468046628534757,0.7377853473491558,16,0.18291408272741302,0.25450179256802735,0.06897210425551217,0.09278672289528914,0.044917440388552124,0.08498197119365322,3.3046972980382754e-05,14,65,0.027782530600419485,0.0853840036892949,False,False,False,3.281486696711819e-08,COMPLETE
1928,0.5489267349243164,2025-04-17 16:50:50.025689,2025-04-17 16:51:15.098676,0 days 00:00:25.072987,0.049273446458476776,0.754500676389063,16,0.2084542701138737,0.2411159823299886,0.06518876447027265,0.08976981282072892,0.024552382838569694,0.04282960518896455,6.090929959335832e-05,19,61,0.02480702431549708,0.0747735171864481,False,False,False,8.907878268079069e-08,COMPLETE
1929,0.49351456165313723,2025-04-17 16:51:15.716048,2025-04-17 16:51:47.153113,0 days 00:00:31.437065,0.02779226929074606,0.8163697185374877,8,0.19550541675173852,0.2639953244272634,0.07265066996197057,0.05810238246482445,0.0403767835506459,0.033084870806307676,4.162830594367065e-05,17,66,0.022325778160766897,0.0907054756320677,False,False,False,7.691119856081256e-08,COMPLETE
1930,0.49251723289489746,2025-04-17 16:51:47.792978,2025-04-17 16:52:13.054317,0 days 00:00:25.261339,0.0831642492772756,0.7761218700458556,16,0.2135808238211025,0.2513110951930854,0.061745363390341305,0.08320873509077246,0.05674782250320955,0.038297001814098466,4.9284406375440105e-05,20,53,0.031159246014009392,0.08443355981811193,False,False,False,0.0007652550535710551,COMPLETE
1931,0.48880115747451786,2025-04-17 16:52:13.680280,2025-04-17 16:52:37.179629,0 days 00:00:23.499349,0.06480922928614333,0.7402710832558289,16,0.2000395315513103,0.2360334736423738,0.06681325534145376,0.09142982697672211,0.027008611524294623,0.04012667114676388,8.094939564109409e-05,16,58,0.026178844743537533,0.08053734126073749,False,False,False,4.5472516613177445e-08,COMPLETE
1932,0.509379529953003,2025-04-17 16:52:37.815767,2025-04-17 16:53:02.870137,0 days 00:00:25.054370,0.11565764015958462,0.7241374380848509,16,0.18919682345286887,0.25957327123749563,0.05722423200876661,0.09466448161819728,0.05379508425469012,0.03554764314435045,9.205083815310896e-05,18,84,0.021203758473476043,0.09320634503289735,False,False,False,5.4460793792003775e-08,COMPLETE
1933,0.09909398406744004,2025-04-17 16:53:03.511862,2025-04-17 16:53:49.279860,0 days 00:00:45.767998,0.02915747736940573,0.7958690097773492,2,0.18243923593040984,0.24500655144870648,0.07015734649594713,0.08670819005851285,0.04314690556630436,0.047475533847225956,0.00013624968838385268,10,62,0.029646802224130308,0.07212175792009151,False,False,True,3.1300535105869825e-08,COMPLETE
1934,0.5520578265190125,2025-04-17 16:53:49.898446,2025-04-17 16:54:13.148186,0 days 00:00:23.249740,0.09216887343600046,0.7717092150466942,16,0.19210600191143065,0.22879858186101346,0.06432573831685857,0.09755488256997505,0.027860568836545488,0.030412588168560933,6.827838500199063e-05,15,60,0.02370047277862718,0.08623995572932222,False,False,False,6.438757451666122e-08,COMPLETE
1935,0.4951301217079163,2025-04-17 16:54:13.791935,2025-04-17 16:54:37.971507,0 days 00:00:24.179572,0.04441528059773957,0.7503906751776177,16,0.20405804232973693,0.2558300085752495,0.07463318255087407,0.08825216814706904,0.025368632789178988,0.0874667359827271,5.185912475671174e-05,17,67,0.027348990250534097,0.0787589206093891,False,False,False,4.186998836949723e-08,COMPLETE
1936,0.24548266530036927,2025-04-17 16:54:38.618887,2025-04-17 16:54:59.619323,0 days 00:00:21.000436,0.010238565163788366,0.7254118452927748,16,0.2075373850190795,0.26379663172691814,0.05937348253262185,0.08486856817714902,0.051750876688011774,0.026034508759382177,3.841410665950427e-05,13,56,0.012152943153567285,0.09310927479203956,True,True,False,1.154693927378329e-07,COMPLETE
1937,0.49039794206619264,2025-04-17 16:55:00.247588,2025-04-17 16:55:24.245197,0 days 00:00:23.997609,0.06996332314249808,0.810253566793172,16,0.19760135468571322,0.2505421344314356,0.06888127346080465,0.09254481703905364,0.02477080672719348,0.028705817308494922,6.348757240369059e-05,16,63,0.025520886937748656,0.06844496543700848,False,False,False,2.8639053340484752e-08,COMPLETE
1938,0.49059749841690065,2025-04-17 16:55:24.892947,2025-04-17 16:55:47.791690,0 days 00:00:22.898743,0.10229293161400074,0.7816376244397149,16,0.184099265412753,0.2666949166218126,0.06670637618854368,0.09421922886518523,0.027545892637737907,0.03194890196107077,3.286012537608572e-05,14,58,0.023177050302781478,0.08828924119019396,False,False,False,7.97584047272852e-08,COMPLETE
1939,0.4686816096305847,2025-04-17 16:55:48.416690,2025-04-17 16:56:08.021210,0 days 00:00:19.604520,0.11622203781258869,0.7613307382233178,16,0.18912653728883677,0.25768657642996795,0.0620324586198943,0.09562100535553057,0.05082191037299969,0.03691527601094465,4.6708080697408995e-05,6,87,0.028597089116036662,0.074081563900894,False,False,False,5.4430821059607256e-08,COMPLETE
1940,0.48305795192718504,2025-04-17 16:56:08.666118,2025-04-17 16:56:33.242796,0 days 00:00:24.576678,0.9884420469990011,0.7450641235041267,16,0.2149405803986777,0.2335728055048048,0.07094090052096853,0.09130691695392913,0.02947588104515844,0.06441314962960211,0.00011261392158258356,18,60,0.020541487111361688,0.08180177071400743,False,False,False,0.00013798661766206095,COMPLETE
1941,0.47643340826034547,2025-04-17 16:56:33.858975,2025-04-17 16:56:59.670149,0 days 00:00:25.811174,0.08178439040413246,0.48484733754021814,16,0.20053804214111917,0.24820608525977061,0.06444951421268919,0.0632219044758134,0.026110567936634865,0.03453400539418623,5.538593761586548e-05,20,64,0.0715437725904721,0.09531931574953481,False,False,False,3.714077376329112e-08,COMPLETE
1942,0.33822742104530334,2025-04-17 16:57:00.304128,2025-04-17 16:57:25.646268,0 days 00:00:25.342140,0.03990705880177916,0.8344345769133541,16,0.17881405305438697,0.24062653503762335,0.0730444687417032,0.0999798862361864,0.024196501425038534,0.03995293971924831,3.92586591236388e-05,19,54,0.0037014880387954505,0.08675546817370258,False,False,False,7.319087068000783e-08,COMPLETE
1943,0.3364089190959931,2025-04-17 16:57:26.294959,2025-04-17 16:57:49.801757,0 days 00:00:23.506798,0.06067891044038146,0.7212218964026985,16,0.19316297265497745,0.2614033939983457,0.06855807110863002,0.0863092717446364,0.028212704777782673,0.08957754621808738,7.503403429268973e-05,15,67,0.008285758938101444,0.07768108821560471,False,False,False,1.6053461352224507e-07,COMPLETE
1944,0.5310299277305603,2025-04-17 16:57:50.420676,2025-04-17 16:58:10.649085,0 days 00:00:20.228409,0.09228243963157272,0.7991602567945206,16,0.20813844108268326,0.2553360886642103,0.07628180083360228,0.06682278544329454,0.026550066045041995,0.04309544059328269,4.8403843223015294e-05,8,61,0.02537568031957162,0.09130595359011086,False,False,False,6.005513648950968e-08,COMPLETE
1945,0.506645917892456,2025-04-17 16:58:11.291742,2025-04-17 16:58:35.811655,0 days 00:00:24.519913,0.12248614807548658,0.7620896072989625,16,0.09992866537479793,0.2680747880333388,0.059975826713898436,0.089189030356854,0.02419494286895787,0.033601446946756625,5.8492327478212464e-05,17,57,0.022631548956492425,0.08181407192980752,False,False,False,0.0002913582674939092,COMPLETE
1946,0.496622896194458,2025-04-17 16:58:36.459048,2025-04-17 16:59:01.191258,0 days 00:00:24.732210,0.04166662535519759,0.7843223811258204,16,0.1850941367308707,0.2470159052600435,0.06708077478914774,0.08288514308133965,0.028815899889641644,0.03766640954237339,3.384104638537296e-05,19,64,0.027195129717087697,0.0701600082545249,False,False,False,9.328416953959287e-08,COMPLETE
1947,0.507972252368927,2025-04-17 16:59:01.813802,2025-04-17 16:59:24.644371,0 days 00:00:22.830569,0.05838523668645974,0.7373118112872905,16,0.19491652668559775,0.25425640812445766,0.06343655000488595,0.09632545561662564,0.023496856136250868,0.06802659221968178,4.125804737801715e-05,14,59,0.024746515246130953,0.14197071515029336,False,False,False,4.263124647533185e-08,COMPLETE
1948,0.4917991876602173,2025-04-17 16:59:25.291992,2025-04-17 16:59:47.678792,0 days 00:00:22.386800,0.07360097626077693,0.7623154229636251,16,0.20252879361881518,0.2608862007995682,0.07041783362763314,0.09184841345292938,0.02965204283829515,0.060618171628974066,8.770637033151792e-05,13,62,0.03170648632831091,0.09768426186051184,False,False,False,2.689158433885779e-08,COMPLETE
1949,0.49903888702392585,2025-04-17 16:59:48.300213,2025-04-17 17:00:12.151953,0 days 00:00:23.851740,0.027367020188479103,0.8190728851814875,16,0.1803333753646693,0.24328068737816969,0.05760881761049723,0.09741397769500755,0.02708851412245277,0.08653277104510768,6.686631571803442e-05,16,56,0.02067315544912271,0.08625800254206886,False,False,False,5.0091042009178716e-08,COMPLETE
1950,0.5070800185203552,2025-04-17 17:00:12.797084,2025-04-17 17:00:39.850199,0 days 00:00:27.053115,0.0973103382497411,0.7831456925158977,8,0.1896674755047481,0.2344224365896699,0.06652005026564863,0.09337155560204595,0.025417365776526164,0.030403100079780043,5.162654388290253e-05,12,51,0.028818214385650506,0.07487474048053007,False,False,False,3.6315288595757543e-08,COMPLETE
1951,0.09603777527809144,2025-04-17 17:00:40.497773,2025-04-17 17:01:02.665428,0 days 00:00:22.167655,0.12392810850316664,0.5149824949126275,16,0.21566816307458375,0.2670203673898096,0.06149193086254454,0.09038290181064716,0.023551801316096365,0.04589642967438227,4.308252642391409e-05,18,60,0.023389821167350118,0.09262954053401017,False,False,True,1.1387585274391105e-07,COMPLETE
1952,0.49813729524612427,2025-04-17 17:01:03.287977,2025-04-17 17:01:27.380626,0 days 00:00:24.092649,0.07789676741456641,0.7148722271623751,16,0.14061978362374283,0.25193437980067374,0.07386055997748975,0.08166645428945012,0.027254647456960688,0.035464312760556664,5.9359668224829384e-05,17,66,0.026189336128012553,0.06812248375432592,False,False,False,2.2936288951850482e-07,COMPLETE
1953,0.5017210125923157,2025-04-17 17:01:28.021930,2025-04-17 17:01:51.194480,0 days 00:00:23.172550,0.010585529155416887,0.44896339385428996,16,0.19747425074506003,0.22785438812209824,0.06863824488564493,0.08819998007738711,0.04664571640270414,0.024801473194074747,7.224628921350906e-05,15,53,0.026616693717669556,0.08126285747615639,False,False,False,6.456040958916026e-08,COMPLETE
1954,0.5026311755180359,2025-04-17 17:01:51.844655,2025-04-17 17:02:15.481002,0 days 00:00:23.636347,0.046128044807723256,0.7479794044385278,16,0.1853441075910247,0.2582595679908255,0.07193401116010378,0.09789583137241405,0.029798504497948484,0.08902706964687733,4.828616763428019e-05,16,63,0.030296968641319182,0.13178198666576096,False,False,False,8.744884492771184e-08,COMPLETE
1955,0.4805572271347046,2025-04-17 17:02:16.110567,2025-04-17 17:03:18.326433,0 days 00:01:02.215866,0.1091031414391036,0.8002919722307801,2,0.20902868335995073,0.24247700344149473,0.06534527687839631,0.058871959164923986,0.025711604515751246,0.031773645841519246,3.315988907724236e-05,13,58,0.022003084224269383,0.08754470706052678,False,False,False,4.540746992807135e-08,COMPLETE
1956,0.17148897945880892,2025-04-17 17:03:18.974118,2025-04-17 17:03:39.477855,0 days 00:00:20.503737,0.05955473337594513,0.8444810723075924,16,0.17750098998527938,0.2653650268905794,0.06308268322924784,0.06981221563364577,0.02813270380099168,0.09055156669362123,3.922976616836592e-05,14,16,0.02380796227511348,0.09897531245451456,True,True,False,6.075853671645728e-08,COMPLETE
1957,0.5071403503417969,2025-04-17 17:03:40.135757,2025-04-17 17:04:03.583906,0 days 00:00:23.448149,0.08508074119309217,0.7662024895770443,16,0.20097804670537328,0.2500992710553575,0.0675257245185006,0.09456417277778195,0.023941467124900286,0.03951418884638375,5.766852933134061e-05,15,81,0.028163164424018908,0.07830050218480043,False,False,False,2.7372977734759652e-08,COMPLETE
1958,0.5579948544502258,2025-04-17 17:04:04.213659,2025-04-17 17:04:28.659011,0 days 00:00:24.445352,0.03160784674576389,0.7310205706205434,16,0.19314001094326697,0.2708806418118241,0.07001132228860073,0.06582459100765845,0.05890857729194408,0.03382884154773778,4.653430891286461e-05,18,61,0.025007156248388212,0.09199173091274936,False,False,False,7.18186979940755e-08,COMPLETE
1959,0.4861032843589783,2025-04-17 17:04:29.314414,2025-04-17 17:04:53.565244,0 days 00:00:24.250830,0.038272279019340015,0.7178349099467893,16,0.18957673259768876,0.2712748555931245,0.07398936258528373,0.06420124488352733,0.06108050088392452,0.031737231881396315,7.721472406384573e-05,17,67,0.021241713688097172,0.08505180605434091,False,False,False,1.442473545767314e-07,COMPLETE
1960,0.4672312617301941,2025-04-17 17:04:54.192814,2025-04-17 17:05:18.122603,0 days 00:00:23.929789,0.024804345678758256,0.7134558712193273,16,0.1920228790800564,0.2745126400919189,0.07485977383027587,0.06582195031669341,0.05964828351831884,0.03342303768927968,0.0002750530410385855,17,64,0.022995568165224516,0.07576007837339056,False,False,False,1.1233689965554095e-07,COMPLETE
