number,value,datetime_start,datetime_complete,duration,params_alpha-eval,params_alpha-train,params_batch-size,params_eps-eval,params_eps-train,params_lambda-actions-eval,params_lambda-actions-train,params_lambda-frames-eval,params_lambda-frames-train,params_learning-rate,params_n-epochs,params_n-frames,params_radius-gw,params_rho,params_std-feats,params_ub-actions,params_ub-frames,params_weight-decay,state
897,0.44409403800964353,2025-04-17 08:50:24.705858,2025-04-17 08:50:51.549749,0 days 00:00:26.843891,0.20022112980207066,0.7072407459325198,16,0.21028996223082302,0.2201755144590756,0.08724132224623585,0.0026484988720267178,0.034387673250092156,0.04292619388474248,0.01750142314957899,23,62,0.018625449591015808,0.0961362923786525,False,False,False,4.754339648750831e-06,COMPLETE
898,0.41467314958572393,2025-04-17 08:50:51.843447,2025-04-17 08:51:19.316551,0 days 00:00:27.473104,0.9915456747317661,0.7311756439866852,16,0.256559029916687,0.19017602236402673,0.0820368550960299,0.006227928884001282,0.015616500109983996,0.09667309279447499,5.312907430766961e-05,25,71,0.05008633828677471,0.06897361880244815,False,False,False,9.783451260878624e-06,COMPLETE
899,0.5300095081329346,2025-04-17 08:51:19.595806,2025-04-17 08:51:46.267370,0 days 00:00:26.671564,0.12625272775924895,0.6475360894388169,16,0.23379176226896334,0.20119926508149102,0.09112987090597731,0.012149845807747296,0.010514084911045616,0.09997083099654323,2.7783315949918953e-05,21,127,0.028879187880646598,0.05541275497587626,False,False,False,3.069409060173257e-06,COMPLETE
900,0.5056642293930054,2025-04-17 08:51:46.563689,2025-04-17 08:52:15.427162,0 days 00:00:28.863473,0.16086328175438694,0.68222263422713,16,0.241524961891321,0.21008143482655914,0.07960052059429722,0.043639702329859524,0.021991584067645016,0.09044009027972782,2.0750004924608772e-05,28,59,0.023970943521253094,0.078973649737593,False,False,False,1.2753125605278326e-05,COMPLETE
901,0.5135387897491456,2025-04-17 08:52:15.723161,2025-04-17 08:52:41.741225,0 days 00:00:26.018064,0.1051253952862464,0.5838572970088786,16,0.2517728236944471,0.22450283368050575,0.08927145343925329,0.01659542943357587,0.0170360734330585,0.04565721258533277,1.5587431985862356e-05,20,144,0.020861654707093846,0.04484249403376185,False,False,False,5.9770289095394815e-06,COMPLETE
902,0.4957014203071594,2025-04-17 08:52:42.035955,2025-04-17 08:53:06.786195,0 days 00:00:24.750240,0.19054102161145123,0.7062036386315023,16,0.2263199118584104,0.18382387807880934,0.06987933950577532,0.022252635857877567,0.013911208591376007,0.09811360476530934,3.955979263080141e-05,19,66,0.024968689942983936,0.06441868843065912,False,False,False,8.413535713601074e-06,COMPLETE
903,0.10472835749387742,2025-04-17 08:53:07.066830,2025-04-17 08:53:32.401403,0 days 00:00:25.334573,0.2580842712219875,0.664032136188607,16,0.24568513021059235,0.21479549282331506,0.08592222659284507,0.010008662339165067,0.027892017360801075,0.09489454233667488,3.2030230974013804e-05,26,74,0.01747169180067429,0.034003729629039234,False,False,True,3.965174176528656e-06,COMPLETE
904,0.3302715837955475,2025-04-17 08:53:32.699823,2025-04-17 08:54:00.163093,0 days 00:00:27.463270,0.21900284817341212,0.07096108364753662,16,0.20208061847798522,0.23231983021631178,0.09297461332881031,0.05390134918205552,0.019825954022463857,0.09138117356102218,2.29981355084396e-05,25,64,0.022451907159774267,0.05141111613579073,False,False,False,1.6445329321439477e-06,COMPLETE
905,0.5280832409858703,2025-04-17 08:54:00.461584,2025-04-17 08:54:27.586040,0 days 00:00:27.124456,0.14260713322966093,0.7449196747986148,16,0.25795982334550716,0.19615672947433338,0.08250366276432763,0.0350381640423033,0.02472875893174796,0.08773447430352622,4.7003804435519584e-05,24,70,0.02017792345390948,0.0725561122091517,False,False,False,2.476964435703141e-06,COMPLETE
906,0.16163942813873294,2025-04-17 08:54:27.885841,2025-04-17 08:54:53.327999,0 days 00:00:25.442158,0.17151090040814032,0.7213201193551237,16,0.23725048238217702,0.20583663477001127,0.090902124157363,0.0079468272400608,0.012711670332934463,0.09623544546057425,2.5268898859597518e-05,23,76,0.026460073785438958,0.08941233719674611,True,True,False,4.747403201445718e-06,COMPLETE
907,0.44022647142410276,2025-04-17 08:54:53.611940,2025-04-17 08:55:32.675439,0 days 00:00:39.063499,0.15273157926929676,0.6931472501190199,8,0.21542363450118673,0.262376053487895,0.09997426423914543,0.004408675085379184,0.015585218650336076,0.04763539161195579,0.00624817743123179,27,67,0.022410941115510903,0.056211493753881986,False,False,False,2.4560810816761676e-07,COMPLETE
908,0.4574647903442383,2025-04-17 08:55:32.972067,2025-04-17 08:55:59.586491,0 days 00:00:26.614424,0.29941987760622557,0.5374187831877464,16,0.04224569844092323,0.1896766236169223,0.08687482022092086,0.030569034148406844,0.030279528981999114,0.09396530260625194,6.359656335552155e-05,22,87,0.029055162730014447,0.14069871965618488,False,False,False,6.545479816240391e-06,COMPLETE
909,0.28518476486206057,2025-04-17 08:55:59.884732,2025-04-17 08:56:28.737743,0 days 00:00:28.853011,0.10305046256856197,0.6749088961539011,16,0.25096049752721306,0.20308424628529062,0.0833307912088946,0.041206313288762904,0.006563934819189453,0.09781494021833369,1.9376170070525156e-05,29,33,0.015397344088790954,0.039787232732381266,False,False,False,3.1506245246018343e-06,COMPLETE
910,0.4703288435935974,2025-04-17 08:56:29.037222,2025-04-17 08:56:55.344064,0 days 00:00:26.306842,0.18784931036053765,0.6319279458467812,16,0.24254156617263062,0.151302990551709,0.09296139327705974,0.025500362995451144,0.018904501576218008,0.08458727483051597,7.996079439150154e-05,20,139,0.024317340386611055,0.060597869808556346,False,False,False,1.6073967649713084e-05,COMPLETE
911,0.46043814420700074,2025-04-17 08:56:55.624522,2025-04-17 08:58:35.826352,0 days 00:01:40.201830,0.13300707244775184,0.723474231864794,2,0.258680529192752,0.16871397375446415,0.09802841100935247,0.045792331080779715,0.00905180354457227,0.09512053962808176,3.589713134952249e-05,25,62,0.018070468341921244,0.06937643513762799,False,False,False,5.109675680959008e-06,COMPLETE
912,0.44117723703384404,2025-04-17 08:58:36.122609,2025-04-17 08:59:03.244056,0 days 00:00:27.121447,0.2131235108270013,0.7054389772599802,16,0.2317456457630132,0.19566834562976546,0.08854349865676041,0.013847022792756807,0.021460931017618434,0.09263230261966635,1.4491703357560776e-05,24,72,0.020450376475324116,0.10289402859065618,False,False,False,7.72113312014765e-06,COMPLETE
913,0.5311871528625489,2025-04-17 08:59:03.546837,2025-04-17 08:59:31.059300,0 days 00:00:27.512463,0.11931378375454721,0.6508579989703327,16,0.2509387116201267,0.2159727990500938,0.09444719925222525,0.011324156025972705,0.011356175692672374,0.09840420583768354,2.9447930166381525e-05,23,132,0.026172080387585797,0.08414694924296869,False,False,False,7.87777023277975e-05,COMPLETE
914,0.47235032320022585,2025-04-17 08:59:31.359455,2025-04-17 08:59:58.841986,0 days 00:00:27.482531,0.34783881566595487,0.7463137200193364,16,0.23624682885152068,0.20021651747580135,0.08500555483702592,0.006352436430829616,0.023216276243223234,0.09626998377815167,2.2394924642983243e-05,26,52,0.023063124622259387,0.047316156102579034,False,False,False,3.608240899965711e-06,COMPLETE
915,0.33217740654945377,2025-04-17 08:59:59.126172,2025-04-17 09:00:25.434250,0 days 00:00:26.308078,0.16082516701697866,0.6926202107965604,16,0.15829733492111378,0.21037338805408345,0.07823384149541014,0.008995169960840852,0.017630415006584826,0.09038969648689227,1.0067861838320531e-05,22,65,0.010736045893184276,0.07549210163156689,False,False,False,1.0052696725443696e-05,COMPLETE
916,0.5155572414398193,2025-04-17 09:00:25.731842,2025-04-17 09:00:54.482843,0 days 00:00:28.751001,0.5701921848069418,0.6701781834601569,16,0.26080994120611534,0.18405672046262528,0.09113348088545421,0.014757700541780475,0.014792037018698469,0.08643583160865503,4.5892202295138195e-05,25,120,0.019223354551219585,0.06370042334452192,False,False,False,2.3919545875207858e-06,COMPLETE
917,0.42961385250091555,2025-04-17 09:00:54.787027,2025-04-17 09:01:20.763862,0 days 00:00:25.976835,0.09287313210184144,0.6072034956224102,16,0.24496771038896065,0.26651381620950804,0.08044368033223039,0.002673480057107773,0.020325589384078427,0.04401318194730722,0.0007220001192824062,21,82,0.030708765065912767,0.05134538204055045,False,False,False,5.7953609964727596e-06,COMPLETE
918,0.42664439082145694,2025-04-17 09:01:21.067525,2025-04-17 09:01:48.422799,0 days 00:00:27.355274,0.23257606834819275,0.7270566506600539,16,0.22007538360115048,0.1912059188446108,0.07330797343759353,0.0060789424637849475,0.016583348890569984,0.09383848800059222,1.7844849904086684e-05,24,78,0.0214521193801278,0.17878510420472316,False,False,False,4.200543652127951e-06,COMPLETE
919,0.5459239959716797,2025-04-17 09:01:48.707370,2025-04-17 09:02:15.231419,0 days 00:00:26.524049,0.19283522628172517,0.7053333640632277,16,0.25364475513424356,0.2227103224047593,0.09836931364808382,0.037384318612782214,0.012993191828734992,0.09825634476188769,3.323858451861505e-05,23,69,0.027530800351196028,0.05852512352490583,False,False,False,1.9242587849861623e-06,COMPLETE
920,0.5198208451271058,2025-04-17 09:02:15.528445,2025-04-17 09:02:42.802675,0 days 00:00:27.274230,0.14408506926519027,0.5689712790827403,16,0.2276926183890519,0.17818655562497446,0.08934259216267643,0.012587259255593118,0.02520263263973067,0.09675756462560328,1.2082809776621372e-05,25,60,0.039598656450539026,0.06853528603713763,False,False,False,3.0241837676992578e-06,COMPLETE
921,0.2842340588569641,2025-04-17 09:02:43.102230,2025-04-17 09:03:02.751455,0 days 00:00:19.649225,0.17184127221124276,0.6503423529119859,16,0.24093492007217898,0.20649912783678662,0.09256332993961873,0.01013931503620942,0.01782907826345587,0.09255163580920193,2.651302891037541e-05,7,57,0.01324967449250656,0.02492887297533624,False,False,False,7.92675309586756e-06,COMPLETE
922,0.48887536525726316,2025-04-17 09:03:03.055861,2025-04-17 09:03:30.760569,0 days 00:00:27.704708,0.11788079351297956,0.4852787713060299,16,0.26322535762525334,0.198116504716519,0.08596346344223181,0.020349614719559768,0.022876897174446673,0.08977184956285635,3.877181529693106e-05,26,66,0.025160961844923446,0.07844591273633553,False,False,False,1.406989118059642e-06,COMPLETE
923,0.10198920965194704,2025-04-17 09:03:31.045660,2025-04-17 09:03:55.161794,0 days 00:00:24.116134,0.20616116154001213,0.6241171389326053,16,0.24839480691981836,0.2119914950435173,0.09580926280548994,0.00107137837389242,0.019637296820218683,0.09491180033452688,5.465089036111216e-05,23,73,0.01602352515936195,0.04241379660908143,False,False,True,1.3638482009758628e-05,COMPLETE
924,0.4162538170814515,2025-04-17 09:03:55.461997,2025-04-17 09:04:17.002688,0 days 00:00:21.540691,0.5165686535437141,0.7547462429987004,16,0.23344818626426725,0.2368839155589481,0.0273023623309422,0.008167301478357439,0.01125622243349754,0.08263136436622208,2.0579989494178682e-05,11,70,0.02319935487703269,0.21967032610635506,False,False,False,4.8978155820553205e-06,COMPLETE
925,0.49982628822326663,2025-04-17 09:04:17.304911,2025-04-17 09:04:44.198140,0 days 00:00:26.893229,0.13140588761817987,0.6835983789046821,16,0.258494383260589,0.1074333370572626,0.08389702442269759,0.016447741903463736,0.014477905255862018,0.09976923999916641,1.6064592870432795e-05,24,64,0.017460410718639102,0.05424436520072133,False,False,False,3.845467960583192e-06,COMPLETE
926,0.10967632234096528,2025-04-17 09:04:44.503118,2025-04-17 09:05:07.403638,0 days 00:00:22.900520,0.8849634286599479,0.7368020865783239,16,0.22266117124427387,0.18986423148651735,0.08188117486075144,0.00444146016842422,0.02113979873721273,0.041243803601169346,2.9537654688065874e-05,21,75,0.021451170985866644,0.09428186936400695,False,True,False,5.935821890293127e-06,COMPLETE
927,0.5107874512672425,2025-04-17 09:05:07.691340,2025-04-17 09:05:34.949508,0 days 00:00:27.258168,0.1613603293781568,0.6952320945251756,16,0.26725903700449943,0.2599173484676438,0.09984861129420182,0.00650079474623675,0.018210185501099242,0.09728858940400656,2.3211538079134016e-05,25,68,0.034017542907616535,0.04696001497963375,False,False,False,2.696268021978522e-06,COMPLETE
928,0.5486175894737244,2025-04-17 09:05:35.251606,2025-04-17 09:06:02.198154,0 days 00:00:26.946548,0.2523633717452282,0.7157110395634091,16,0.24301054888328769,0.2038903226980795,0.08769170782352788,0.010002924819671346,0.015958372963488888,0.09212371066217445,3.55174520085944e-05,24,61,0.02524788494913741,0.08443755344123885,False,False,False,1.0528240297435702e-05,COMPLETE
929,0.35358327627182007,2025-04-17 09:06:02.501638,2025-04-17 09:06:28.369227,0 days 00:00:25.867589,0.2648583496283268,0.507740607055441,16,0.1218215927058174,0.21761003008125884,0.08757149909049194,0.012001714055372575,0.01627815271518599,0.03193713781219473,0.002277315041784048,24,6,0.027585158305850597,0.09092706732498612,False,False,False,1.2555979011008061e-05,COMPLETE
930,0.42215716838836675,2025-04-17 09:06:28.681940,2025-04-17 09:07:07.101148,0 days 00:00:38.419208,0.28382824809115725,0.4850682971433762,8,0.23799057873313637,0.27225204865492625,0.08825822231795469,0.014021378357789204,0.019814389372382193,0.029561650704839515,2.6067393015245263e-05,25,55,0.02935570952191177,0.08621217448850171,True,False,False,1.0076516161017576e-05,COMPLETE
931,0.4756584644317627,2025-04-17 09:07:07.390784,2025-04-17 09:07:34.619742,0 days 00:00:27.228958,0.2770983547491533,0.7208266057919868,16,0.2536844576436199,0.20673809787297592,0.08956521326565647,0.010335224155072771,0.022077441541847573,0.0886675373214711,0.00011864568396309857,24,60,0.025033295658415968,0.09564258778364648,False,False,False,1.2045975752503631e-05,COMPLETE
932,0.45679180622100835,2025-04-17 09:07:34.922556,2025-04-17 09:08:01.997167,0 days 00:00:27.074611,0.25358240971145857,0.49849386583940075,16,0.2286145679077816,0.22908993747505163,0.08577094064984578,0.015863059446577257,0.017584533398980067,0.09250323247849682,1.3936164771092307e-05,25,50,0.026460694688588735,0.08385117736644435,False,False,False,1.7595631862222318e-05,COMPLETE
933,0.4830365777015686,2025-04-17 09:08:02.298392,2025-04-17 09:08:30.564563,0 days 00:00:28.266171,0.24808961424791448,0.7219466428652893,16,0.2441979782298663,0.24712250100155445,0.08748802417577409,0.012566169101887348,0.04520645801656092,0.09065890108324548,4.270381720196468e-05,26,91,0.024948543816355646,0.09073528720430594,False,False,False,1.0606427890724856e-05,COMPLETE
934,0.5078117966651917,2025-04-17 09:08:30.871884,2025-04-17 09:10:11.192271,0 days 00:01:40.320387,0.2859984696621715,0.4616435760329512,2,0.23560108282760048,0.19464750302067024,0.09036879251968709,0.018414912093581395,0.02630854797422212,0.09207724545810127,1.9130441044480053e-05,25,60,0.028680713129725262,0.10326379070919936,False,False,False,1.4003134143330764e-05,COMPLETE
935,0.4456579923629761,2025-04-17 09:10:11.498995,2025-04-17 09:10:38.516967,0 days 00:00:27.017972,0.23045496263488935,0.7425446977134373,16,0.2498577462822126,0.20284713261921983,0.08387231819678603,0.010249440245044728,0.01605457155212331,0.028022824894506162,0.0004995197936967655,24,62,0.026722195579188698,0.08580332451300347,False,False,False,8.849939970753037e-06,COMPLETE
936,0.49606564044952395,2025-04-17 09:10:38.808737,2025-04-17 09:11:05.759842,0 days 00:00:26.951105,0.3029911398090922,0.7026696013224693,16,0.2574388111851147,0.21228460943070024,0.085865529685543,0.032381755356855585,0.018100858796778002,0.08750690854214699,3.0478225221003677e-05,24,58,0.024622157680154664,0.08096327590882474,False,False,False,8.555869850127419e-06,COMPLETE
937,0.483361554145813,2025-04-17 09:11:06.064885,2025-04-17 09:11:33.459425,0 days 00:00:27.394540,0.2642216365016094,0.5199069110901338,16,0.1488354966038028,0.2194892611510824,0.09021753388642115,0.008728112924487498,0.023564704065656594,0.03285071960754029,2.2986946902223528e-05,25,54,0.09623202808689088,0.09944133157984586,False,False,False,1.076020756757234e-05,COMPLETE
938,0.4809629917144776,2025-04-17 09:11:33.767005,2025-04-17 09:12:02.379224,0 days 00:00:28.612219,0.2267896733743423,0.7610896621881456,16,0.03441852687900587,0.2790003572589459,0.08705486065879392,0.04015839400503442,0.01985178823927502,0.08921862111330882,1.700921708880446e-05,27,58,0.031051601332808917,0.08959235914729113,False,False,False,7.3705049712803284e-06,COMPLETE
939,0.470241665840149,2025-04-17 09:12:02.686025,2025-04-17 09:12:27.899156,0 days 00:00:25.213131,0.2501903460911578,0.7201500889756554,16,0.2630694173430054,0.1829949441683825,0.08882812135077461,0.013065061591049242,0.02822722132919543,0.09348198243186662,3.635192409624416e-05,20,62,0.023884177813981132,0.0397400976538688,False,False,False,8.554579876452069e-06,COMPLETE
940,0.4986764907836914,2025-04-17 09:12:28.194586,2025-04-17 09:12:56.231179,0 days 00:00:28.036593,0.21362011874859893,0.6820052296970291,16,0.24060320332663077,0.19832838021430815,0.08266327066081348,0.036666135887724535,0.021266127967094674,0.09140798481142753,2.7475186638366695e-05,26,89,0.027409094873006246,0.07710304665983964,False,False,False,6.886388422477699e-06,COMPLETE
941,0.10186597108840943,2025-04-17 09:12:56.533669,2025-04-17 09:13:20.854915,0 days 00:00:24.321246,0.21263418315026972,0.7030703503942245,16,0.17665548030454087,0.2083264360637444,0.08472377920767454,0.010671057742145546,0.015553996172115885,0.030458080110886052,5.994852051860499e-05,24,65,0.02275124873161843,0.04834138487486513,False,False,True,1.7379711433138777e-05,COMPLETE
942,0.5162760138511658,2025-04-17 09:13:21.160373,2025-04-17 09:13:49.076149,0 days 00:00:27.915776,0.2350589588066745,0.7364913253249414,16,0.22424257102052508,0.1752693229717766,0.09253164866580053,0.003665988016606058,0.017830874222255294,0.09515498964712604,2.0870992670913854e-05,26,64,0.026439189701070637,0.03614682065354893,False,False,False,2.136460342116965e-05,COMPLETE
943,0.48643586635589603,2025-04-17 09:13:49.384548,2025-04-17 09:14:16.629382,0 days 00:00:27.244834,0.2693589249786418,0.46628273038363927,16,0.2491558513064562,0.2412994270477231,0.08029620631708527,0.015162452763886714,0.08911702960977444,0.09462020218209992,3.40115200022402e-05,25,56,0.023848191446115594,0.16978223295738867,False,False,False,1.2588270075987892e-05,COMPLETE
944,0.0999399945139885,2025-04-17 09:14:16.944900,2025-04-17 09:14:42.015785,0 days 00:00:25.070885,0.19265124059116492,0.6689211567464195,16,0.23251331351556118,0.1914303262745158,0.09106479476346173,0.006487503301649036,0.024269641729734323,0.09142827484001198,5.113780839938091e-05,24,61,0.028734734578584335,0.001408412321823399,True,True,False,6.193229070992872e-06,COMPLETE
945,0.5261820435523987,2025-04-17 09:14:42.310807,2025-04-17 09:15:10.146586,0 days 00:00:27.835779,0.24527851721513727,0.7111986127739756,16,0.25547348375671497,0.22496144888033529,0.08663982907381228,0.008364621295399177,0.0192349390830044,0.09663756327336448,1.4550391705829181e-05,25,67,0.03235104044985255,0.08269005344864293,False,False,False,9.900530108282544e-06,COMPLETE
946,0.4797165989875794,2025-04-17 09:15:10.452889,2025-04-17 09:15:38.958745,0 days 00:00:28.505856,0.2371587879786669,0.7545093475562108,16,0.27066285513000493,0.25758990714782876,0.08310838347127371,0.06360502083847883,0.015083863859417432,0.08942751880407065,4.1971122699864404e-05,28,63,0.02542605300045985,0.09484003849746313,False,False,False,1.4689021889283368e-05,COMPLETE
947,0.3250095129013062,2025-04-17 09:15:39.263989,2025-04-17 09:16:06.454466,0 days 00:00:27.190477,0.19846295465828015,0.6864281162314102,16,0.21870077304357483,0.20272782627315852,0.01378308643085828,0.0343205234265173,0.013366775332047769,0.0852515110956231,2.6022164629829618e-05,24,59,0.0075765817599258226,0.05819479043293333,False,False,False,2.6158563900509708e-05,COMPLETE
948,0.4707372903823853,2025-04-17 09:16:06.764712,2025-04-17 09:16:34.679264,0 days 00:00:27.914552,0.1857709199405847,0.7276920714050088,16,0.2439861055089356,0.21416431244935505,0.08865307172394538,0.011592001646232017,0.032502425119494686,0.08028457025166814,1.9034866382493645e-05,25,93,0.022488266941169847,0.28021102063383724,False,False,False,5.014689905539818e-06,COMPLETE
949,0.4263006567955017,2025-04-17 09:16:34.973047,2025-04-17 09:17:03.238944,0 days 00:00:28.265897,0.2099862176950932,0.6586571205829379,16,0.2651791157932203,0.187453115725108,0.08485077781411197,0.027853442359781457,0.021569518444469127,0.0933402595265537,0.010332898452212674,26,85,0.023552176243836986,0.04431781956998987,False,False,False,7.142937672512131e-06,COMPLETE
950,0.5308156967163086,2025-04-17 09:17:03.546437,2025-04-17 09:17:31.093609,0 days 00:00:27.547172,0.2574745325546369,0.6991313744315073,16,0.23623129278319463,0.2649118096124087,0.09171836456462507,0.005229212547419503,0.004140943593646333,0.09512215780842607,3.2152638678763874e-05,25,67,0.02766488331254416,0.030266268008386735,False,False,False,5.867773688309249e-06,COMPLETE
951,0.5036232113838196,2025-04-17 09:17:31.405731,2025-04-17 09:17:57.077839,0 days 00:00:25.672108,0.17329398631364235,0.7648224411903095,16,0.25124250624098227,0.16206854009665203,0.08927391794366685,0.05571753297721052,0.015983122245957604,0.09814352413494754,2.4613678504198758e-05,21,71,0.021298984042244482,0.05472921849317161,False,False,False,4.49181026618818e-06,COMPLETE
952,0.5028753399848939,2025-04-17 09:17:57.386141,2025-04-17 09:18:33.704853,0 days 00:00:36.318712,0.22043062089420737,0.7397707689723777,8,0.26035579158485045,0.19545052271716137,0.08146584392374172,0.002870701278576513,0.025904241438091533,0.09990756626669563,1.2452693857755535e-05,24,63,0.030221418062807613,0.05096227272759663,False,False,False,9.812149945802782e-06,COMPLETE
