number,value,datetime_start,datetime_complete,duration,params_alpha-eval,params_alpha-train,params_batch-size,params_eps-eval,params_eps-train,params_lambda-actions-eval,params_lambda-actions-train,params_lambda-frames-eval,params_lambda-frames-train,params_learning-rate,params_n-epochs,params_n-frames,params_radius-gw,params_rho,params_std-feats,params_ub-actions,params_ub-frames,params_weight-decay,state
449,0.49153505563735966,2025-04-17 05:03:43.036194,2025-04-17 05:04:09.436546,0 days 00:00:26.400352,0.151788538611731,0.687823852452374,16,0.24891426229965963,0.20701536394330272,0.06397398798946918,0.012042654754846786,0.014528763788091332,0.08189094826945885,1.7764482584142414e-05,22,94,0.020450408199885358,0.025279507190576346,False,False,False,5.116490757679289e-06,COMPLETE
450,0.507187294960022,2025-04-17 05:04:09.578030,2025-04-17 05:04:36.809673,0 days 00:00:27.231643,0.21631910824368925,0.6367758520959769,16,0.23436487760016786,0.17598977018999395,0.08389037142901841,0.014879706171668868,0.016395558443881526,0.0913044165348563,2.3199459255150432e-05,24,73,0.025866281047644032,0.11824978293689267,False,False,False,3.4522145293334403e-06,COMPLETE
451,0.44207222461700446,2025-04-17 05:04:36.963904,2025-04-17 05:05:03.038228,0 days 00:00:26.074324,0.2829692751382283,0.737161408670027,16,0.2676869609455811,0.19515685582306697,0.08822231632529237,0.04009283587028693,0.020031653786529123,0.0853132181800223,1.1320646532395478e-05,21,88,0.022632152395663855,0.047057802497754375,False,False,False,4.551497507791598e-06,COMPLETE
452,0.48286501169204715,2025-04-17 05:05:03.179864,2025-04-17 05:05:30.701942,0 days 00:00:27.522078,0.18712078140163763,0.6947873119929546,16,0.2433794437035754,0.21153483962629335,0.07871668931826283,0.008388844700082878,0.029165697547971353,0.008776385339530318,3.1700301920820245e-05,26,68,0.02770430369782104,0.0782417173147589,False,False,False,6.8156798056251325e-06,COMPLETE
453,0.4877780318260193,2025-04-17 05:05:30.845110,2025-04-17 05:05:57.534685,0 days 00:00:26.689575,0.13879604692069197,0.47532376361432016,16,0.2586621373451955,0.08104706986208281,0.08677838862325102,0.0010817982737961018,0.013856846207352431,0.04022484179829679,1.3575810325498496e-05,24,50,0.08123029672818968,0.058227199550118264,False,False,False,3.239459545024843e-06,COMPLETE
454,0.5116658568382264,2025-04-17 05:05:57.688949,2025-04-17 05:06:25.134506,0 days 00:00:27.445557,0.43589603140179173,0.7221088421647137,16,0.25056154721322915,0.20179169013589504,0.09021123676611562,0.035703854750477215,0.021668296636062883,0.08804878112019182,2.0660169984811697e-05,25,74,0.0194164481833312,0.18900521200077602,False,False,False,1.789681325831628e-06,COMPLETE
455,0.5503048658370971,2025-04-17 05:06:25.276533,2025-04-17 05:06:53.399351,0 days 00:00:28.122818,0.16293640552082475,0.5589015175581135,16,0.23257756912568642,0.21493723410686802,0.08232259263831163,0.0061071406731554685,0.01753996085789848,0.09496810653797066,2.9041731858131672e-05,27,65,0.03037321676264287,0.07191542133502299,False,False,False,5.198480394372933e-06,COMPLETE
456,0.5459794998168945,2025-04-17 05:06:53.542027,2025-04-17 05:07:20.057999,0 days 00:00:26.515972,0.2017005582698502,0.5252168130700048,16,0.23294451355727688,0.21333374586576406,0.08204844396351922,0.005887611321928877,0.01703021656086237,0.09341695456102254,3.048274860694812e-05,23,61,0.02999513260165406,0.08610301518577305,False,False,False,7.1820193400243e-06,COMPLETE
457,0.5069212317466736,2025-04-17 05:07:20.213024,2025-04-17 05:07:48.320419,0 days 00:00:28.107395,0.20274688878604483,0.5453276280512364,16,0.23128007668804684,0.1354860932233732,0.08203240556785946,0.005968797163011304,0.01788523713546423,0.09525688282437095,3.303363519860588e-05,27,59,0.03194770864779092,0.08738615280915384,False,False,False,7.800457115988948e-06,COMPLETE
458,0.505683982372284,2025-04-17 05:07:48.462732,2025-04-17 05:08:14.529637,0 days 00:00:26.066905,0.23737655818308606,0.5702883786305027,16,0.22997233188269267,0.21483638793817342,0.08006710788071271,0.006464769979024788,0.01714167323999868,0.09376482157222693,2.9188674615514607e-05,22,57,0.04315022963876483,0.0854245597226003,False,False,False,9.467496219281454e-06,COMPLETE
459,0.4912772297859192,2025-04-17 05:08:14.672092,2025-04-17 05:08:41.242171,0 days 00:00:26.570079,0.21632709586891466,0.5139516788654969,16,0.22115599151163684,0.21984522769637085,0.07755662495965704,0.007907641747734232,0.016106244709092724,0.09200358186174581,4.0312747629018565e-05,23,61,0.03433493551115731,0.07868144071012027,False,False,False,6.454717852656289e-06,COMPLETE
460,0.5400482058525086,2025-04-17 05:08:41.396606,2025-04-17 05:09:06.887437,0 days 00:00:25.490831,0.17244768365498722,0.460424228446372,16,0.2349591514774432,0.22508914620501738,0.08185663613128195,0.0044435965494377455,0.019217927598366893,0.09299039212119135,4.817130723656022e-05,21,61,0.0307519703912281,0.08024020468876755,False,False,False,5.170605539502371e-06,COMPLETE
461,0.5229770064353942,2025-04-17 05:09:07.033111,2025-04-17 05:09:33.009330,0 days 00:00:25.976219,0.19613044808732977,0.5493360750530203,16,0.21151937216752853,0.21359596889382101,0.08446636691512562,0.008489553111668664,0.017468073836828177,0.0909681342675103,3.558550153337221e-05,22,65,0.029833865208745484,0.0949034911473477,False,False,False,0.0002587506470508083,COMPLETE
462,0.1488690733909607,2025-04-17 05:09:33.155555,2025-04-17 05:10:07.998548,0 days 00:00:34.842993,0.17016967291293572,0.6219766869998096,8,0.04028385377297618,0.2061618614830664,0.08285729588988233,0.005889149474059157,0.01516376996241616,0.09499453208507258,2.8180025462006e-05,27,61,0.019206798688269813,0.0738615052774012,False,False,True,6.562680876099579e-06,COMPLETE
463,0.3383403301239014,2025-04-17 05:10:08.153669,2025-04-17 05:10:36.374490,0 days 00:00:28.220821,0.20048057794403212,0.5279373425907878,16,0.149522781308847,0.21552715341799394,0.07949031913083007,0.00370370840853727,0.020255681418515883,0.08995231559921898,3.0113927937544395e-05,27,57,0.010786232989987314,0.07342822938663324,False,False,False,7.722931174819862e-06,COMPLETE
464,0.10351949334144593,2025-04-17 05:10:36.518754,2025-04-17 05:11:03.041445,0 days 00:00:26.522691,0.8634680798928016,0.5612471798565708,16,0.2244909356007699,0.20783138495351167,0.08524175298666753,0.01938023641092073,0.015295670049498559,0.09324613382994576,4.2328342593624367e-05,27,64,0.021035162739747326,0.06621829902881697,True,True,False,1.076348352976578e-05,COMPLETE
465,0.3369486927986145,2025-04-17 05:11:03.199582,2025-04-17 05:11:30.069968,0 days 00:00:26.870386,0.22982638151218737,0.5192986477263397,16,0.23005363690888533,0.2402657208253909,0.08110465739377072,0.007350070981131648,0.018298118383189777,0.08702209048084507,2.643013961319467e-05,23,63,0.01285934325256064,0.09123238513267841,False,False,False,5.889064810527007e-06,COMPLETE
466,0.4532768607139588,2025-04-17 05:11:30.216498,2025-04-17 05:13:20.282091,0 days 00:01:50.065593,0.18159640627908968,0.5630415530756171,2,0.23869403251156973,0.22260905768155825,0.08306294011314286,0.03813492063218113,0.013833383125978618,0.03143089927627153,0.00042008237332118924,28,65,0.024313230987040847,0.11227305298423605,False,False,False,0.00037151624982950903,COMPLETE
467,0.3345341384410858,2025-04-17 05:13:20.428899,2025-04-17 05:13:48.902003,0 days 00:00:28.473104,0.11145442262535506,0.542925921095774,16,0.2367601935640378,0.23335657268665988,0.08545170312850983,0.009671168247603284,0.016525905979451746,0.08857225047854471,3.487397948436369e-05,28,52,0.015723261223132553,0.15038143572504717,False,False,False,4.086806818404943e-06,COMPLETE
468,0.5075923681259156,2025-04-17 05:13:49.061861,2025-04-17 05:14:14.314893,0 days 00:00:25.253032,0.24837611075166896,0.5336240837341363,16,0.24176627190117503,0.21588496660828968,0.07589650041697316,0.034351542552510425,0.02037610430677087,0.09579025621241333,5.009100343980448e-05,20,59,0.018792663619184025,0.08524880930189037,False,False,False,5.35692871417961e-06,COMPLETE
469,0.4931687474250794,2025-04-17 05:14:14.462218,2025-04-17 05:14:42.255036,0 days 00:00:27.792818,0.1656217671114079,0.5849789659707828,16,0.23218065646824068,0.20213871557936416,0.07822172884115255,0.043724775874416505,0.014503241665781333,0.0927048203716335,2.71935873286178e-05,26,65,0.02145381780269858,0.07364908085318772,False,False,False,3.0027280860980586e-06,COMPLETE
470,0.5272302865982056,2025-04-17 05:14:42.403021,2025-04-17 05:15:08.989210,0 days 00:00:26.586189,0.21724094297120383,0.4793185729036633,16,0.21518636286555892,0.21089380103975824,0.08114173645283472,0.005076053532815945,0.017589480367380828,0.08495021023205329,3.5149155287959004e-05,23,67,0.029710429987147888,0.06955761840451685,False,False,False,8.177624104526737e-06,COMPLETE
471,0.5141152024269104,2025-04-17 05:15:09.148562,2025-04-17 05:15:36.180991,0 days 00:00:27.032429,0.144841396617441,0.6007643080927993,16,0.22611024113175146,0.19941718934895802,0.08753656045153581,0.01626143478028074,0.012333043709515297,0.09008466222034114,7.541191354710293e-05,24,71,0.01764537729092042,0.06285893984106058,False,False,False,4.785069112723511e-06,COMPLETE
472,0.5306390047073365,2025-04-17 05:15:36.327630,2025-04-17 05:16:02.678991,0 days 00:00:26.351361,0.1853707681922572,0.4981775141182379,16,0.2440580788706845,0.2195910113370079,0.08493752687401643,0.011655240269737719,0.01903237076065758,0.08310181581121584,2.3752802946453496e-05,22,85,0.023235973506438575,0.07978541609495168,False,False,False,1.1539396388114383e-05,COMPLETE
473,0.4860733151435852,2025-04-17 05:16:02.827059,2025-04-17 05:16:29.593448,0 days 00:00:26.766389,0.1317101953338195,0.6585853927726576,16,0.23874507315267404,0.20838033310292767,0.08339290157739178,0.008724161303057767,0.01604197405412434,0.0948788431159632,4.224723298757633e-05,23,63,0.026121004985959113,0.06510248154198978,False,False,False,5.845958066330442e-08,COMPLETE
474,0.4894902586936951,2025-04-17 05:16:29.750411,2025-04-17 05:16:56.067192,0 days 00:00:26.316781,0.16256483718694273,0.5962554184404786,16,0.2339049582357882,0.2269431390659794,0.03199395299931992,0.012662949913346757,0.021390443202193726,0.09164742532928077,3.137954034305928e-05,23,56,0.020569219606020744,0.03476517430123994,False,False,False,7.117201456009192e-06,COMPLETE
475,0.48989042043685915,2025-04-17 05:16:56.216143,2025-04-17 05:17:23.040034,0 days 00:00:26.823891,0.20410197266110172,0.6810939393119261,16,0.24529234273136444,0.193910683488839,0.08851766424460841,0.002576288616963613,0.014123626685111532,0.09657411226279201,2.602251791994527e-05,24,68,0.016007196146723995,0.05552861928864611,False,False,False,3.7833636417703504e-06,COMPLETE
476,0.5377451896667481,2025-04-17 05:17:23.203008,2025-04-17 05:17:47.956901,0 days 00:00:24.753893,0.12080969974058176,0.5630108742872415,16,0.22217285915405358,0.20352265458151098,0.07865213718602279,0.01432919625433275,0.022686922611249022,0.08126277284684504,3.693010697685999e-05,19,75,0.013367555692035814,0.09986126326245016,False,False,False,9.367691082256403e-06,COMPLETE
477,0.5258657336235046,2025-04-17 05:17:48.107017,2025-04-17 05:18:14.296459,0 days 00:00:26.189442,0.15945838320395464,0.5047118788903006,16,0.24001410726632555,0.21224962585653334,0.09474529193293545,0.04959922035811611,0.01170415914313389,0.08681873132682717,5.304718971701915e-05,22,70,0.019132397134815324,0.08091176227761587,False,False,False,5.621101673037967e-07,COMPLETE
478,0.5135161519050598,2025-04-17 05:18:14.444072,2025-04-17 05:18:36.911598,0 days 00:00:22.467526,0.18912296394513275,0.7038961582777306,16,0.23018843780535575,0.21952208347046503,0.08676869091745332,0.006596762034502249,0.016717249114850386,0.09374514159942514,1.978078502413019e-05,12,79,0.024661955434455075,0.06900486346731477,False,False,False,6.024193076036991e-06,COMPLETE
479,0.5503432273864746,2025-04-17 05:18:37.073371,2025-04-17 05:19:06.042289,0 days 00:00:28.968918,0.27107512127255284,0.6598041545565662,16,0.25350632663263534,0.1991637088611551,0.09068263243274945,0.01011386160851199,0.01891909484785018,0.09813868439492124,2.9722931981841857e-05,29,60,0.022307785542728387,0.06272260702939209,False,False,False,2.3489751303787915e-06,COMPLETE
480,0.5224996209144592,2025-04-17 05:19:06.192198,2025-04-17 05:19:35.211316,0 days 00:00:29.019118,0.268948933782215,0.4421181753253655,16,0.2515931944724451,0.18966709810194654,0.08939746023237226,0.012216344743474567,0.019719483277219854,0.09859460188915391,2.3932198601975815e-05,28,57,0.023137308465395606,0.05188597704953594,False,False,False,1.897739710815478e-06,COMPLETE
481,0.09313734769821166,2025-04-17 05:19:35.361432,2025-04-17 05:20:01.258059,0 days 00:00:25.896627,0.2587779513853712,0.6885032614474157,16,0.25759541002782976,0.19655907299840109,0.0815119950380087,0.009854173090234276,0.013476497744054856,0.09577684103246652,2.9080888994534477e-05,29,58,0.02164450251925883,0.13064113375838313,False,False,True,2.1793036689047563e-06,COMPLETE
482,0.5402067303657532,2025-04-17 05:20:01.419454,2025-04-17 05:20:31.260778,0 days 00:00:29.841324,0.2926549095358358,0.6333964941054839,16,0.2535232476296903,0.19778859740721605,0.09805934950796602,0.010436012048178185,0.01610749418980492,0.0978573372649203,2.227609827928196e-05,30,61,0.026637147258658705,0.059059769883293645,False,False,False,2.4690341222126196e-06,COMPLETE
483,0.503890085220337,2025-04-17 05:20:31.410354,2025-04-17 05:20:58.473319,0 days 00:00:27.062965,0.23173612805607496,0.6522948712490205,16,0.10385667951277552,0.1877969356921013,0.08373247229127041,0.017609914405228397,0.018785759168585887,0.0982321782321025,3.130891962103749e-05,25,54,0.022164573773070878,0.045653402917057995,False,False,False,1.6494916828686994e-06,COMPLETE
484,0.11261252164840699,2025-04-17 05:20:58.637559,2025-04-17 05:21:24.315596,0 days 00:00:25.678037,0.6716828797920071,0.6610873099447294,16,0.26048668457598706,0.20197633057464678,0.08570974169777196,0.014049120409871033,0.010988301832867047,0.08487636495165386,1.833119068206532e-05,29,60,0.025167918884109138,0.06140176403311758,False,True,False,3.249064571367404e-06,COMPLETE
485,0.4369943380355835,2025-04-17 05:21:24.467709,2025-04-17 05:22:06.706694,0 days 00:00:42.238985,0.24432758294346446,0.6574913961642856,8,0.20625590793819384,0.19284592187907246,0.0910066306482781,0.008796374965098658,0.01525544095186305,0.09991359571504883,2.5625365512369936e-05,30,63,0.02801301039701648,0.039848903512306647,True,False,False,1.3676588804561725e-06,COMPLETE
486,0.46710840463638303,2025-04-17 05:22:06.858545,2025-04-17 05:22:34.947023,0 days 00:00:28.088478,0.3137887559205519,0.615289231242999,16,0.2487115565612961,0.11791791830027905,0.09624112314571236,0.010992124789400728,0.02233979644459687,0.08032038679713757,3.269450321037336e-05,26,66,0.020542956751193834,0.05344828112604133,False,False,False,2.4900498769170508e-06,COMPLETE
487,0.48518096208572387,2025-04-17 05:22:35.111604,2025-04-17 05:23:03.708920,0 days 00:00:28.597316,0.27703328923595005,0.6783071169130815,16,0.2561305709201014,0.20526936901511694,0.07390030039665252,0.015335596197806348,0.02058353095036418,0.09659109789766655,2.060873338483131e-05,28,61,0.05882898811304652,0.062468106627286496,False,False,False,3.319733716189192e-06,COMPLETE
488,0.3294538795948029,2025-04-17 05:23:03.861753,2025-04-17 05:24:58.374909,0 days 00:01:54.513156,0.8230536801502502,0.6383317401454685,2,0.2944494099971683,0.2288076301326755,0.05241357196744314,0.013118201077369092,0.013143988129784966,0.08289981799275059,0.0003172533314164099,29,13,0.09609956824075705,0.04986331593816182,False,False,False,2.747164762580066e-06,COMPLETE
489,0.46204488277435307,2025-04-17 05:24:58.528541,2025-04-17 05:25:26.859012,0 days 00:00:28.330471,0.22215761948703092,0.5285019305274129,16,0.2652066368869865,0.21469057079520387,0.07968418995916055,0.008207812116651024,0.017389079905768497,0.08952513766974683,1.4985407350915292e-05,26,94,0.04084321157915866,0.073112567387653,False,False,False,4.09818488339796e-06,COMPLETE
490,0.5254156351089477,2025-04-17 05:25:27.024823,2025-04-17 05:25:56.703554,0 days 00:00:29.678731,0.2587770126253894,0.6788888595357901,16,0.24682240732623825,0.19947727689501066,0.09321310734561356,0.009763466119103668,0.014871860289849598,0.08804639990979891,2.646755286801733e-05,30,67,0.024393411979808533,0.0596912561526157,False,False,False,4.849586212519374e-06,COMPLETE
491,0.4893612384796143,2025-04-17 05:25:56.858276,2025-04-17 05:26:23.986070,0 days 00:00:27.127794,0.2035274270800509,0.7045190864026355,16,0.2535650215312418,0.20789657684221857,0.08694373213676539,0.011796025965407497,0.011761164855535994,0.05378753139932613,3.8807252671534496e-05,24,63,0.033046634365490574,0.123182123742364,False,False,False,2.0568097407695143e-06,COMPLETE
492,0.4760923743247986,2025-04-17 05:26:24.152638,2025-04-17 05:26:50.030599,0 days 00:00:25.877961,0.35252441108563726,0.6903027996129073,16,0.21856719392176185,0.19398936737540215,0.08394809163875222,0.05376062884157153,0.01828094193299229,0.06110509526095792,1.8047262790347427e-05,21,73,0.02262410432606614,0.055971023399225314,False,False,False,1.1454804400491972e-06,COMPLETE
493,0.5302282214164734,2025-04-17 05:26:50.187949,2025-04-17 05:27:17.702255,0 days 00:00:27.514306,0.23110720945861835,0.6626065752962008,16,0.2624070085993595,0.18627540478449411,0.08944589736674209,0.02164148378805515,0.02346411097408453,0.09650489352603907,3.138076717593709e-05,25,82,0.02065301032637876,0.06473605275237007,False,False,False,3.7861438472374093e-06,COMPLETE
494,0.5149153590202331,2025-04-17 05:27:17.855744,2025-04-17 05:27:44.941958,0 days 00:00:27.086214,0.17823962680592717,0.7625899749665267,16,0.2465987998937614,0.22096531085921348,0.08189734808380586,0.007397604615436292,0.020500602638034614,0.08632370630761882,2.3344633484686974e-05,24,91,0.019003918677502608,0.04334653240211532,False,False,False,3.208582301161155e-06,COMPLETE
495,0.5064588904380799,2025-04-17 05:27:45.107975,2025-04-17 05:28:12.794851,0 days 00:00:27.686876,0.2111366137872935,0.5562060037099982,16,0.2430147075347812,0.20333890549943018,0.09973159230950651,0.03743453461587502,0.013321439907173804,0.09447354432817615,2.806849222919365e-05,25,87,0.030407313873556496,0.07213753939061658,False,False,False,5.136905769275321e-06,COMPLETE
496,0.50792715549469,2025-04-17 05:28:12.949048,2025-04-17 05:28:37.222637,0 days 00:00:24.273589,0.1941779089779979,0.4878726943262314,16,0.27767136685326194,0.21485760147253882,0.09493106625558254,0.016603648133675375,0.015528036459389643,0.020979984871059974,3.751117220377406e-05,17,66,0.03684186967521582,0.04978335473490558,False,False,False,0.00017262571848403996,COMPLETE
497,0.3586115062236786,2025-04-17 05:28:37.378630,2025-04-17 05:28:56.534618,0 days 00:00:19.155988,0.16041825387559622,0.6407179990858559,16,0.252618533620689,0.2093086268164736,0.09143109448943593,0.013964754408073918,0.009959505608028905,0.09993375572112621,2.1286241485277232e-05,5,135,0.027175790624173763,0.07847062899700938,False,False,False,3.7788469870457703e-06,COMPLETE
498,0.5462836384773255,2025-04-17 05:28:56.700615,2025-04-17 05:29:23.594561,0 days 00:00:26.893946,0.24105763587624773,0.7117545695466132,16,0.2879309310013205,0.22499471630580223,0.08614627549669458,0.024813310878891385,0.018709214535626486,0.045912308062498366,1.680513159099375e-05,24,69,0.023797878983080986,0.05621848261596436,False,False,False,0.0007588555476767459,COMPLETE
499,0.543929660320282,2025-04-17 05:29:23.751468,2025-04-17 05:29:52.696212,0 days 00:00:28.944744,0.2590339469351757,0.7145530180032215,16,0.2768265608778544,0.25904091666406176,0.08770377989707359,0.02934513427704592,0.01970968023622402,0.0442658987314193,1.472265162695794e-05,28,70,0.023298589454472305,0.05167391070033714,False,False,False,0.000816340940313323,COMPLETE
500,0.09337726980447769,2025-04-17 05:29:52.863907,2025-04-17 05:30:17.170595,0 days 00:00:24.306688,0.27871559743926977,0.6708027176932095,16,0.2916713207122849,0.23520494352860688,0.08594031900441476,0.02694707436579836,0.022558177897263578,0.04688423155087458,1.495089832240058e-05,25,76,0.02441830473547885,0.2136696563527879,False,False,True,0.000507202418508491,COMPLETE
501,0.46843656301498415,2025-04-17 05:30:17.326293,2025-04-17 05:30:44.143947,0 days 00:00:26.817654,0.24409436629937542,0.7023787143972601,16,0.2930647289082526,0.22869982819608398,0.08927631633995181,0.020586109757296862,0.018918452399081933,0.04347371273011308,1.857299128969484e-05,24,72,0.021615905070866945,0.05891918241616738,False,False,False,0.0007618786449525312,COMPLETE
502,0.4089596867561341,2025-04-17 05:30:44.300151,2025-04-17 05:31:11.187638,0 days 00:00:26.887487,0.31042663925894526,0.7431854037818952,16,0.29011372235707705,0.22520860659570996,0.09307803173773277,0.032934955432254054,0.01110547523872403,0.049948035577721636,1.0151951422176177e-05,24,68,0.019965139848939002,0.2875575942734064,False,False,False,0.0005752487326522877,COMPLETE
503,0.1741148352622986,2025-04-17 05:31:11.356377,2025-04-17 05:31:38.074396,0 days 00:00:26.718019,0.24381083103988943,0.7200595811848505,16,0.2818387867627212,0.2420720830820151,0.08605062345689944,0.01774121504436186,0.02125927170004799,0.04498775009991197,0.008189466665301846,26,75,0.02256601612841652,0.03479232835646237,True,True,False,0.000510709153442375,COMPLETE
504,0.5298600196838379,2025-04-17 05:31:38.232298,2025-04-17 05:32:07.578003,0 days 00:00:29.345705,0.2844435255536627,0.6911059429206369,16,0.2823157048745797,0.22191594238578932,0.09053990916233967,0.024719866392803304,0.05420467168402038,0.04262130278592357,1.2117319836218788e-05,29,70,0.017990272538576796,0.04551102235542061,False,False,False,0.0009442632874909789,COMPLETE
