number,value,datetime_start,datetime_complete,duration,params_alpha-eval,params_alpha-train,params_batch-size,params_eps-eval,params_eps-train,params_lambda-actions-eval,params_lambda-actions-train,params_lambda-frames-eval,params_lambda-frames-train,params_learning-rate,params_n-epochs,params_n-frames,params_radius-gw,params_rho,params_std-feats,params_ub-actions,params_ub-frames,params_weight-decay,state
1737,0.4664358258247376,2025-04-17 15:28:01.568116,2025-04-17 15:28:23.539444,0 days 00:00:21.971328,0.5417314332522765,0.7406183442666249,16,0.1635225219642816,0.07163733221500167,0.06196070815108888,0.08830313037760246,0.030937755418238105,0.05623542995957691,8.841663017525897e-05,12,48,0.03238846786014119,0.08288700753630565,False,False,False,2.3857428221363833e-08,COMPLETE
1738,0.494512951374054,2025-04-17 15:28:24.113956,2025-04-17 15:28:49.324778,0 days 00:00:25.210822,0.11769535314656984,0.7226100078282859,16,0.1931940095044907,0.13192010541882565,0.07400318523645619,0.07147022906379076,0.023499234061968938,0.09045990130751266,5.85777136714605e-05,20,52,0.024355174549374664,0.008237146606987239,False,False,False,5.3525214599094406e-08,COMPLETE
1739,0.5007140874862671,2025-04-17 15:28:49.879608,2025-04-17 15:29:13.988603,0 days 00:00:24.108995,0.07421524752382269,0.7626280729589129,16,0.17485471289693,0.22038737360717806,0.008180428943935947,0.07296170677788369,0.02155933884066969,0.09547978127027547,3.383875769919042e-05,17,62,0.01753885012475375,0.07248694101990695,False,False,False,1.2206996709480326e-08,COMPLETE
1740,0.33478066921234134,2025-04-17 15:29:14.563852,2025-04-17 15:29:38.423724,0 days 00:00:23.859872,0.1413915809480272,0.8292721473824288,16,0.2004806275722027,0.28985302636620414,0.06957359994104961,0.08231528264176396,0.028463120526928586,0.09295102273125212,7.175754451288543e-05,16,66,0.012727415434578174,0.10515021557533138,False,False,False,9.619440469242976e-08,COMPLETE
1741,0.5004438757896423,2025-04-17 15:29:38.980844,2025-04-17 15:30:01.580386,0 days 00:00:22.599542,0.1038695902678464,0.7752329632237944,16,0.1863159914561922,0.2725131353316129,0.06392508334208599,0.08505225071727686,0.025300130070582513,0.09516499666511975,4.6695856231049894e-05,14,59,0.028988877177239768,0.08792210007978551,False,False,False,1.6188758437518446e-07,COMPLETE
1742,0.522335696220398,2025-04-17 15:30:02.163064,2025-04-17 15:30:27.300397,0 days 00:00:25.137333,0.0410255667807093,0.7440495388290057,16,0.2109599111040189,0.2441109788289344,0.06695647634943123,0.07517657188096419,0.027238398157665634,0.03849166640081501,5.706077865416984e-05,19,82,0.022411353982974974,0.11981736267768461,False,False,False,2.9757671439473676e-08,COMPLETE
1743,0.09998373538255692,2025-04-17 15:30:27.855736,2025-04-17 15:30:48.159674,0 days 00:00:20.303938,0.06087132557359585,0.7992327021890261,16,0.1690539554359744,0.25053625089586046,0.07145715573999212,0.0866977591612582,0.02378458289038248,0.03445642416017246,4.762458448523179e-05,13,64,0.025553843637488634,0.0780129735357768,False,False,True,4.32649301746532e-08,COMPLETE
1744,0.5089450836181642,2025-04-17 15:30:48.736522,2025-04-17 15:31:12.186049,0 days 00:00:23.449527,0.08801637839749213,0.7247047687735672,16,0.1785494084485184,0.23080231711144322,0.061549202219113995,0.09141737418247214,0.0388406686625815,0.08950308201441803,4.081668593913381e-05,15,54,0.019299235764782895,0.09803251820556386,False,False,False,1.7018592232125175e-08,COMPLETE
1745,0.5272391796112061,2025-04-17 15:31:12.749029,2025-04-17 15:31:36.953483,0 days 00:00:24.204454,0.12145368409276014,0.474369782882906,16,0.19560009318400032,0.2620858402202829,0.06910070727451398,0.059766400720693405,0.03277816617617881,0.031557333070539685,6.77164948039365e-05,17,61,0.027377041875420546,0.08376607219684071,False,False,False,2.1273475133083716e-08,COMPLETE
1746,0.1286886900663376,2025-04-17 15:31:37.535504,2025-04-17 15:32:00.247321,0 days 00:00:22.711817,0.06788129092784122,0.7583677657006536,16,0.20826305545897145,0.27146131860197625,0.06478667361727469,0.06915372240874848,0.021822381527216692,0.09662717447513587,3.418715505517354e-05,18,57,0.02467219086062767,0.16875706559026943,True,True,False,3.627097506731161e-08,COMPLETE
1747,0.4909807801246643,2025-04-17 15:32:00.815163,2025-04-17 15:32:24.430114,0 days 00:00:23.614951,0.4236664381814583,0.7145072700088582,16,0.2177757784626863,0.23882148899250932,0.07497780922411718,0.08914330532705891,0.028806415992961923,0.09344124539658398,5.4043041262844044e-05,16,66,0.02140230107166694,0.09126411428874075,False,False,False,7.101055150976779e-08,COMPLETE
1748,0.5043315768241883,2025-04-17 15:32:25.015887,2025-04-17 15:32:47.796850,0 days 00:00:22.780963,0.14175806958374,0.8114064599293833,16,0.190621985278844,0.25566395405224734,0.06018209885564334,0.0780180799565074,0.025531418983954154,0.09101990742360756,8.377048819207659e-05,14,59,0.02990095231027849,0.13297306679403545,False,False,False,1.3094118850180987e-08,COMPLETE
1749,0.4481546521186829,2025-04-17 15:32:48.358876,2025-04-17 15:33:10.286121,0 days 00:00:21.927245,0.10691110835689063,0.7836163664091389,16,0.1810291003483591,0.2790834100265693,0.0722292925877819,0.09528716695238845,0.030235447675677072,0.03791471398226379,0.0052089175573240285,12,63,0.023184836758850694,0.0736467967900001,False,False,False,5.199071115197492e-08,COMPLETE
1750,0.5075576066970825,2025-04-17 15:33:10.870337,2025-04-17 15:33:35.977234,0 days 00:00:25.106897,0.04395804455880303,0.7427295652949086,16,0.15564326946469895,0.2653610247501356,0.066872167766242,0.07250737470903044,0.027705768399244168,0.02439535649486355,4.082672050492001e-05,19,85,0.026182186375348786,0.08032493723588285,False,False,False,1.5319919448347507e-08,COMPLETE
1751,0.47883971929550173,2025-04-17 15:33:36.542912,2025-04-17 15:34:05.016492,0 days 00:00:28.473580,0.08953420668504548,0.767573160677044,8,0.20218226547716978,0.2468279962703992,0.06868517953624113,0.07891167434875741,0.05272546576609213,0.09488986890976057,6.333675372344713e-05,13,146,0.015467127056585933,0.11216656927466927,False,False,False,3.181123814520808e-08,COMPLETE
1752,0.5555991411209107,2025-04-17 15:34:05.579316,2025-04-17 15:34:29.049001,0 days 00:00:23.469685,0.027218182504180004,0.718705904754464,16,0.18965768924862822,0.2578691456326886,0.06294771042509845,0.09295490565525241,0.021732631954601338,0.0357098301652843,4.956975558150078e-05,16,61,0.019257009275773892,0.09481081864964577,False,False,False,6.017350513437992e-08,COMPLETE
1753,0.5043689966201782,2025-04-17 15:34:29.629403,2025-04-17 15:34:53.181667,0 days 00:00:23.552264,0.03470204977031454,0.7085705868622719,16,0.19203329540009398,0.2570736494368465,0.06233702543963829,0.09432813001597447,0.02361186716539024,0.03943253435319805,4.9621062424558664e-05,16,55,0.028695405001505733,0.10359134598636842,False,False,False,9.394329162477255e-08,COMPLETE
1754,0.5032012820243835,2025-04-17 15:34:53.745499,2025-04-17 15:35:16.958868,0 days 00:00:23.213369,0.01752513291999193,0.7149841572869398,16,0.1870477262854656,0.2625568236441632,0.05743883923233175,0.09616234562321359,0.024161415709028886,0.03574550779895803,5.530933949912689e-05,15,58,0.0187394422690147,0.09717780198653637,False,False,False,6.426387063620011e-08,COMPLETE
1755,0.5043739557266236,2025-04-17 15:35:17.541102,2025-04-17 15:35:41.027890,0 days 00:00:23.486788,0.011733356821431645,0.7164490636565233,16,0.19436742812011257,0.2523101856413191,0.060511948308104635,0.0925561581532256,0.022471669435175503,0.03617946726423345,4.3444803176236835e-05,16,57,0.02458891500507612,0.10526168080343795,False,False,False,7.910511675591256e-08,COMPLETE
1756,0.3357073247432709,2025-04-17 15:35:41.614321,2025-04-17 15:36:53.410068,0 days 00:01:11.795747,0.023028262841885784,0.7283800362883954,2,0.18765339898529096,0.2565772173699324,0.06291273093047693,0.09978588441989317,0.025159523705949788,0.03518951770814996,7.521320054858174e-05,16,53,0.013657453641380393,0.10011922248068024,False,False,False,6.26422469853153e-08,COMPLETE
1757,0.5465424060821533,2025-04-17 15:36:53.969772,2025-04-17 15:37:17.790452,0 days 00:00:23.820680,0.019747513729068085,0.708584751141988,16,0.1962771054092237,0.2641443665012976,0.05899664209085993,0.09441239715435851,0.02628550423725724,0.0338486254534891,5.82775042246622e-05,16,60,0.031007938353807392,0.09512302157644326,False,False,False,5.6890978982095497e-08,COMPLETE
1758,0.5530288696289063,2025-04-17 15:37:18.346902,2025-04-17 15:37:41.935772,0 days 00:00:23.588870,0.02896487723048117,0.7379771935599592,16,0.18579923890986796,0.24909299655222156,0.061137806142024284,0.09272763931147959,0.022065098611720325,0.03947634017148838,4.822304583550993e-05,16,61,0.0206364629900817,0.10201319798411776,False,False,False,8.441273966098247e-08,COMPLETE
1759,0.49065933227539066,2025-04-17 15:37:42.518016,2025-04-17 15:38:06.134032,0 days 00:00:23.616016,0.013883240745855403,0.7446410737652016,16,0.1832126423047705,0.2463893838594425,0.056026300101832134,0.0930628910218284,0.021747081630659568,0.039155034485304704,4.817294064147545e-05,16,50,0.07876649684282354,0.1038035094084643,False,False,False,1.2407072404977568e-07,COMPLETE
1760,0.33849099874496463,2025-04-17 15:38:06.697471,2025-04-17 15:38:30.554074,0 days 00:00:23.856603,0.011730342343876609,0.737513641196285,16,0.18251574148806213,0.2494932167324666,0.05838515947124753,0.0965161867985843,0.02360850236134003,0.03716182347190366,4.803662454318439e-05,16,54,0.016040173386094612,0.11533007798910674,False,False,False,9.522771632245855e-08,COMPLETE
1761,0.3292253494262695,2025-04-17 15:38:31.136984,2025-04-17 15:38:54.374740,0 days 00:00:23.237756,0.04630679379195901,0.7582613769688166,16,0.18812147808560675,0.2484824696005247,0.06107638692588248,0.09451111475003998,0.024263478753676425,0.038742810085048,4.150662034277868e-05,15,12,0.01869338618788148,0.10777410449876784,False,False,False,1.387123988221077e-07,COMPLETE
1762,0.3339596867561341,2025-04-17 15:38:54.939681,2025-04-17 15:39:18.645630,0 days 00:00:23.705949,0.022576829509939802,0.7378907334260174,16,0.1868157301900497,0.2433625964291804,0.060515367324362954,0.09344843996272208,0.022692169583257805,0.04020511078391496,0.0020111396125317657,16,45,0.017342447715384058,0.10533309625839497,False,False,False,1.1060800907991515e-07,COMPLETE
1763,0.5118125200271606,2025-04-17 15:39:19.235934,2025-04-17 15:39:43.145532,0 days 00:00:23.909598,0.030923092575017637,0.7555548945844736,16,0.19142733194127973,0.24110407651644625,0.05794398275515909,0.09729489704187984,0.025024660614374732,0.0377465719805853,6.16623681768464e-05,16,55,0.02035179900986372,0.11102591314208556,False,False,False,8.459483908215062e-08,COMPLETE
1764,0.09829784482717516,2025-04-17 15:39:43.710417,2025-04-17 15:40:04.672443,0 days 00:00:20.962026,0.03282538514644044,0.7463776301476834,16,0.18209456382069833,0.25394785669850295,0.06019691455784579,0.09312725545076002,0.022330376164847933,0.041532896918490006,5.287667354349935e-05,16,51,0.017406585011367583,0.10887847273793187,False,False,True,8.889414353740941e-08,COMPLETE
1765,0.3399288892745972,2025-04-17 15:40:05.256877,2025-04-17 15:40:29.343037,0 days 00:00:24.086160,0.010633759899220076,0.7683011491770507,16,0.19788643513585258,0.25360367198879735,0.05634969593474062,0.09221711079251535,0.026312409840900067,0.040053285932770986,3.900954375374901e-05,17,57,0.0151065162995437,0.10010447203610463,False,False,False,6.309288634660131e-08,COMPLETE
1766,0.2244665861129761,2025-04-17 15:40:29.908653,2025-04-17 15:40:51.569302,0 days 00:00:21.660649,0.03367468576093824,0.7227611319364917,16,0.17682680073401652,0.2592809274066892,0.062050578162883556,0.09555485015260064,0.024422311710566653,0.03754610516742702,6.649884902941384e-05,15,58,0.010992221997226435,0.10004176630690895,True,True,False,7.384260734435343e-08,COMPLETE
1767,0.5530371427536012,2025-04-17 15:40:52.158135,2025-04-17 15:41:16.286288,0 days 00:00:24.128153,0.034613900547515515,0.7857876289783567,16,0.19270594288079188,0.2481513987578519,0.059322774265652266,0.09789541341136507,0.02159653343829712,0.0384460397807842,4.8487989903903604e-05,17,60,0.021714805021059883,0.09683153614788594,False,False,False,1.0710835682726036e-07,COMPLETE
1768,0.34213159084320066,2025-04-17 15:41:16.850866,2025-04-17 15:41:40.731928,0 days 00:00:23.881062,0.011446908704263653,0.016982012258561552,16,0.19007885911833147,0.24726506025161854,0.05817309897209842,0.09728561824873591,0.026280404974001234,0.041725684937735874,3.994721052846992e-05,17,46,0.022622281651831846,0.11034627569516292,False,False,False,4.634839684235856e-08,COMPLETE
1769,0.5024998903274537,2025-04-17 15:41:41.320886,2025-04-17 15:42:05.386796,0 days 00:00:24.065910,0.03701626754009272,0.8249738706703837,16,0.19353803929872593,0.2420617579430784,0.05564939891424829,0.09708046819554841,0.024510846731256638,0.04065344435733608,4.6029574649025944e-05,17,55,0.02634129817866892,0.11421299243224535,False,False,False,8.690524665240718e-08,COMPLETE
1770,0.4965503811836243,2025-04-17 15:42:05.953758,2025-04-17 15:42:30.039598,0 days 00:00:24.085840,0.02992330902923638,0.8059803147582145,16,0.19851602934269616,0.24231470318472134,0.053568333981642874,0.09728697050634828,0.02328173464334963,0.03952967539473843,3.692546202947752e-05,17,51,0.024214180926840415,0.1085962200535587,False,False,False,1.0975670138847939e-07,COMPLETE
1771,0.3385644137859345,2025-04-17 15:42:30.626289,2025-04-17 15:42:55.049575,0 days 00:00:24.423286,0.0339096440610435,0.7894568152282515,16,0.1926890977507882,0.24415090794942862,0.05923001941451975,0.09485684912223835,0.027195837393392458,0.039421761289902296,4.6905554073373736e-05,17,58,0.007986891185404299,0.11816453511537744,False,False,False,9.635137477403483e-08,COMPLETE
1772,0.5073397874832154,2025-04-17 15:42:55.615269,2025-04-17 15:43:19.279599,0 days 00:00:23.664330,0.010744303003331929,0.8148220812796255,16,0.18731017373076397,0.25002800106377204,0.056411741828956044,0.0960662220088732,0.021692710281040115,0.03661439053668355,5.368200326086546e-05,16,55,0.022559394137682806,0.10372394096188274,False,False,False,1.0976264842694053e-07,COMPLETE
1773,0.4497391223907471,2025-04-17 15:43:19.869802,2025-04-17 15:43:44.374120,0 days 00:00:24.504318,0.02945764933249274,0.8573227651212169,16,0.19788349269415886,0.23579209993427883,0.058101955219066394,0.09946376104053642,0.025445445549721005,0.039201578624349864,0.0026664804324586376,17,60,0.0282271161862352,0.102260698074642,False,False,False,6.242751435755254e-08,COMPLETE
1774,0.5064305663108826,2025-04-17 15:43:44.971159,2025-04-17 15:44:08.558824,0 days 00:00:23.587665,0.0424512506340442,0.7944593565144571,16,0.18669688031961007,0.2490856207971748,0.054338269383424634,0.099282883608785,0.0235908291901767,0.04218226070826908,4.077259703077732e-05,16,58,0.02519946808438142,0.10003393278648486,False,False,False,1.2859739898116295e-07,COMPLETE
1775,0.49604303836822516,2025-04-17 15:44:09.135569,2025-04-17 15:44:33.284935,0 days 00:00:24.149366,0.046631436685623015,0.8502643404923651,16,0.19187883265172362,0.23709351324592112,0.06130008684965173,0.09818646654563394,0.027822571800502207,0.03681076533133949,3.553955062772699e-05,17,53,0.02635010152745064,0.09854894077955664,False,False,False,6.452727464623789e-08,COMPLETE
1776,0.5128766059875489,2025-04-17 15:44:33.854393,2025-04-17 15:45:04.087720,0 days 00:00:30.233327,0.010940277539515802,0.7848358496573575,8,0.1808023031800465,0.2517395821787169,0.0033459157014446086,0.09532824438660557,0.021593035317224486,0.03837485276310411,4.654452267580048e-05,16,60,0.02275619704996382,0.10766984604519317,False,False,False,7.416723349691221e-08,COMPLETE
1777,0.49963747262954716,2025-04-17 15:45:04.674060,2025-04-17 15:45:28.930486,0 days 00:00:24.256426,0.04346157274977513,0.7781639076008228,16,0.183840938598131,0.24511139131734352,0.060819852222505105,0.092303385264006,0.025893070397796893,0.03782903222147564,6.243703263604857e-05,17,56,0.0276244945654125,0.09519881158978223,False,False,False,1.5041651253891978e-07,COMPLETE
1778,0.5546043276786805,2025-04-17 15:45:29.499922,2025-04-17 15:45:53.523025,0 days 00:00:24.023103,0.025952533531677185,0.8061164477879751,16,0.1945621765776232,0.25717589964998827,0.05952152010239203,0.09599196028034682,0.028785287750824187,0.036613063616024365,5.380966508641269e-05,16,60,0.024288818885250908,0.09665971110054261,False,False,False,2.0045671350789157e-07,COMPLETE
1779,0.46392238140106207,2025-04-17 15:45:54.113236,2025-04-17 15:47:08.755363,0 days 00:01:14.642127,0.02784690150443505,0.8501177023900541,2,0.1943372743172777,0.25725519326073293,0.05497038099662723,0.0943096018531977,0.03090242440440896,0.03597222621868661,7.523668123347243e-05,17,57,0.02686369322740194,0.09404854900146035,False,False,False,2.1970710124780192e-07,COMPLETE
1780,0.4824328422546387,2025-04-17 15:47:09.324198,2025-04-17 15:47:32.594886,0 days 00:00:23.270688,0.05182816863666144,0.8555475739746105,16,0.20070058179709602,0.26027940702798874,0.0579543390784899,0.09856625663003138,0.0325897666712252,0.03568704623525143,0.00010192489051118944,15,48,0.025068269215871124,0.09575707321546982,False,False,False,1.7879940552919394e-07,COMPLETE
1781,0.49614155292510986,2025-04-17 15:47:33.191370,2025-04-17 15:47:56.763551,0 days 00:00:23.572181,0.05041979218233039,0.8363064177410022,16,0.1989244326364013,0.2560226433657105,0.058636141926731354,0.09786341411617473,0.0304774970822645,0.03407637566547114,6.943666776088357e-05,16,53,0.028475980861566132,0.09309315769067793,False,False,False,2.148350486604914e-07,COMPLETE
1782,0.09664152711629868,2025-04-17 15:47:57.338677,2025-04-17 15:48:19.137103,0 days 00:00:21.798426,0.04001438260975021,0.8261343869283433,16,0.2027172243327278,0.2611888990594491,0.0592543060689192,0.09653629371974504,0.02912841148203123,0.03729534562983871,5.859540552515547e-05,17,59,0.0256278755060005,0.09724951747732684,False,False,True,1.2357134564817774e-07,COMPLETE
1783,0.49021357297897344,2025-04-17 15:48:19.726856,2025-04-17 15:48:43.395071,0 days 00:00:23.668215,0.02386266231251888,0.8226627018548183,16,0.1970949175270467,0.2678801557360709,0.05637505293630263,0.09813526092700219,0.031261858741718176,0.03514744194054926,8.899505752454112e-05,16,56,0.03131553125864486,0.09221615354294567,False,False,False,1.0463123337337495e-07,COMPLETE
1784,0.5442921757698059,2025-04-17 15:48:43.974757,2025-04-17 15:49:08.152529,0 days 00:00:24.177772,0.010156331634959964,0.8140706701591192,16,0.196866991530574,0.25516237452423834,0.05918912871618236,0.09674126635427147,0.035170904472704524,0.036210707732932015,5.728801828580363e-05,17,61,0.027688997828897333,0.09978450691297103,False,False,False,7.835255641405298e-08,COMPLETE
1785,0.10659443736076354,2025-04-17 15:49:08.743390,2025-04-17 15:49:31.364227,0 days 00:00:22.620837,0.05395668313209103,0.8393822781206117,16,0.20505461532827027,0.26120042959939715,0.0630537475777193,0.09376002245082558,0.028973506513827695,0.034613783691350444,7.170015413945621e-05,15,90,0.02968714678808026,0.0906309149732897,True,True,False,1.53741378136538e-07,COMPLETE
1786,0.5117863655090332,2025-04-17 15:49:31.958354,2025-04-17 15:49:55.837994,0 days 00:00:23.879640,0.054322325377013654,0.8148561273374657,16,0.19095466111715792,0.255337665859174,0.0538943859505058,0.09901405225465254,0.03362344799978509,0.037879682906119094,5.232680161443947e-05,16,59,0.02445076267059026,0.09401442895641074,False,False,False,2.9303235396893124e-07,COMPLETE
1787,0.499798846244812,2025-04-17 15:49:56.416308,2025-04-17 15:50:20.879960,0 days 00:00:24.463652,0.03685226324004551,0.8314180155794578,16,0.19980123497089036,0.2658876012765893,0.06043850782173697,0.09570385881323948,0.02820559780257939,0.03723050613240743,4.157019107975242e-05,18,55,0.025941208518776192,0.10028260132546629,False,False,False,1.5166660967781722e-07,COMPLETE
1788,0.5107903480529785,2025-04-17 15:50:21.452045,2025-04-17 15:50:45.479924,0 days 00:00:24.027879,0.049991449046341264,0.8011535815267923,16,0.19357426354363053,0.25220609738781063,0.05707106273736319,0.09553286514820662,0.030807978371167933,0.03397395503085703,5.5911925562607826e-05,17,52,0.02359184629811253,0.09032242970411203,False,False,False,8.24849301501472e-08,COMPLETE
1789,0.5428873300552368,2025-04-17 15:50:46.075156,2025-04-17 15:51:09.722323,0 days 00:00:23.647167,0.059161878969472975,0.7888288480325529,16,0.20349975862829098,0.2583795242309527,0.059497579190167835,0.09471810783227845,0.028086378986423206,0.04093128575956422,6.446929381198289e-05,15,61,0.02776362245658772,0.10557620539181457,False,False,False,5.7890884635198e-08,COMPLETE
1790,0.5063277959823609,2025-04-17 15:51:10.313919,2025-04-17 15:51:33.780586,0 days 00:00:23.466667,0.021266710660167148,0.8777071391800744,16,0.19103030431142687,0.269444067067591,0.06285574063653543,0.098142095558854,0.029209828809098413,0.03588850114954378,3.571957170063335e-05,16,57,0.024219725116347495,0.08962476908779977,False,False,False,8.337491244131746e-08,COMPLETE
1791,0.48844115734100346,2025-04-17 15:51:34.377746,2025-04-17 15:51:58.618174,0 days 00:00:24.240428,0.03202569350269787,0.816086510212096,16,0.20403519092849898,0.26238413702026286,0.06118579901141247,0.0990945025596037,0.032819817486679725,0.033158417311733426,0.00013323038560285593,17,61,0.026722939095756005,0.09675475737790021,False,False,False,1.112635437296603e-07,COMPLETE
1792,0.48516120910644533,2025-04-17 15:51:59.189621,2025-04-17 15:52:23.671852,0 days 00:00:24.482231,0.05987239038913505,0.800761088621627,16,0.19891093096360657,0.25089530044648717,0.056350450179454906,0.09660163812764021,0.02718942208314391,0.03864919595412627,7.74984146324703e-05,18,57,0.02990162867981445,0.08663473028613297,False,False,False,5.459373236373066e-08,COMPLETE
