number,value,datetime_start,datetime_complete,duration,params_alpha-eval,params_alpha-train,params_batch-size,params_eps-eval,params_eps-train,params_lambda-actions-eval,params_lambda-actions-train,params_lambda-frames-eval,params_lambda-frames-train,params_learning-rate,params_n-epochs,params_n-frames,params_radius-gw,params_rho,params_std-feats,params_ub-actions,params_ub-frames,params_weight-decay,state
1915,0.5956629157066345,2025-04-10 18:41:50.834151,2025-04-10 18:43:03.696281,0 days 00:01:12.862130,0.4508506683318959,0.5166717076101155,2,0.01892517679300696,0.03371418955718226,0.07496850996399679,0.06917403029241982,0.06409719018748239,0.02106742306352495,0.0020280113245718166,16,134,0.004183580095709551,0.0908872580717494,False,False,False,1.440427649198177e-08,COMPLETE
1916,0.6030459403991699,2025-04-10 18:43:04.315684,2025-04-10 18:44:10.038249,0 days 00:01:05.722565,0.5078592814780778,0.5400559330636504,2,0.01147084052017359,0.03139713376321954,0.06761667243626782,0.06620612944198483,0.05962336355884177,0.026384182266657077,0.002680610966602935,14,139,0.0010049942259828886,0.0860146073570351,False,False,False,1.0080394917466976e-08,COMPLETE
1917,0.4285421252250672,2025-04-10 18:44:10.682230,2025-04-10 18:45:16.050082,0 days 00:01:05.367852,0.4796560413917096,0.5141886113031134,2,0.007075761234016456,0.04099082244900241,0.07916655868113309,0.08064313912461278,0.05799842432657856,0.021271686337786283,0.0033459513759461572,14,144,0.03395658362387544,0.0944094453188837,False,False,False,2.1272392008820905e-08,COMPLETE
1918,0.38673063516616824,2025-04-10 18:45:16.664501,2025-04-10 18:46:19.742144,0 days 00:01:03.077643,0.49814895707178947,0.5409742928059779,2,0.023389932240952947,0.025291414275175624,0.07100937851647562,0.07903925695116708,0.0619949545715256,0.022823162896963376,0.004625924525737573,13,131,0.029658280906335852,0.18220967807985616,False,False,False,1.5914600618402683e-08,COMPLETE
1919,0.4112858295440674,2025-04-10 18:46:20.381455,2025-04-10 18:47:35.239673,0 days 00:01:14.858218,0.5061037031799464,0.4936285056200131,2,0.015421567546173054,0.036899068571886864,0.06782120356091328,0.08038928519775482,0.05771875407435947,0.028022626254426496,0.0023612847629145253,16,137,0.003269274351856016,0.07985689849911555,True,False,False,1.2679201154598985e-08,COMPLETE
1920,0.3720221877098083,2025-04-10 18:47:35.859580,2025-04-10 18:48:42.666465,0 days 00:01:06.806885,0.47423259653587985,0.5180544496600982,2,0.01971634509553056,0.045170577689338756,0.07717996149974042,0.07573640700051819,0.05941811554240048,0.030762925856136485,0.001662108109990074,14,134,0.004691260187319596,0.08557537945851935,False,False,False,2.3823654266207458e-08,COMPLETE
1921,0.3646365880966187,2025-04-10 18:48:43.306957,2025-04-10 18:50:01.491834,0 days 00:01:18.184877,0.45535454071904685,0.8547755224946141,2,0.004897414843192204,0.0301273921766466,0.07345527701499999,0.07790674181213972,0.06446120880194807,0.02500791808135413,0.0019621306130706627,18,98,0.0031544410357731254,0.09083058929247306,False,False,False,1.861474757488592e-08,COMPLETE
1922,0.4841564893722535,2025-04-10 18:50:02.104978,2025-04-10 18:50:57.725045,0 days 00:00:55.620067,0.5018211215468286,0.499227840004753,2,0.02695618350492772,0.024510682625704716,0.0697791151785757,0.08087291076385937,0.06093114082522573,0.02022897932058684,0.0028493570090907024,13,147,0.004956399233733588,0.09977986935535531,False,True,False,1.4808433538275477e-08,COMPLETE
1923,0.6072755098342896,2025-04-10 18:50:58.368704,2025-04-10 18:52:04.788452,0 days 00:01:06.419748,0.5069083725918612,0.47555939381290946,2,0.01101289769489161,0.03491165507333244,0.0679496913550684,0.07203829153024954,0.06294525969569026,0.02482262798422948,0.0024596136951000286,14,142,0.005582698334102682,0.083075483672827,False,False,False,2.6828816142810475e-08,COMPLETE
1924,0.3796677887439728,2025-04-10 18:52:05.399654,2025-04-10 18:53:11.543529,0 days 00:01:06.143875,0.4658068820518864,0.47378309209299785,2,0.011478232972977592,0.05155235289321741,0.06703877043472051,0.07157163751953972,0.06734887565496234,0.02512739958477761,0.002544187245178713,14,143,0.005727582568090693,0.09095641940324345,False,False,False,2.8956054162084124e-08,COMPLETE
1925,0.41765478849411014,2025-04-10 18:53:12.186762,2025-04-10 18:54:18.243242,0 days 00:01:06.056480,0.4860860959122918,0.474155630649116,2,0.006278904489826216,0.04681059136919415,0.06816362140265193,0.07218655563779096,0.06557037406638616,0.027189184898796643,0.003362048732099637,14,144,0.006203374297423817,0.09646228622224069,False,False,False,2.8175501843906224e-08,COMPLETE
1926,0.4283498406410218,2025-04-10 18:54:18.886190,2025-04-10 18:55:24.567971,0 days 00:01:05.681781,0.4406184380848759,0.5055177000865856,2,0.017413643201889432,0.042432181212401096,0.06736991182678809,0.08105504215104271,0.06322613284671567,0.024085516759794083,0.0030123782360834523,14,141,0.005823758287258967,0.08668785178472228,False,False,False,2.527066141053627e-08,COMPLETE
1927,0.36499220728874204,2025-04-10 18:55:25.187114,2025-04-10 18:56:31.263202,0 days 00:01:06.076088,0.48187582423850644,0.4749928925656273,2,0.013905759282299568,0.05620340635162249,0.0676981662560138,0.07403082454363152,0.06516456081427652,0.026537503647043135,0.002361741615324593,14,142,0.005471655031736555,0.08610389998587852,False,False,False,2.19260924895896e-08,COMPLETE
1928,0.4547715187072754,2025-04-10 18:56:31.908127,2025-04-10 18:57:38.097287,0 days 00:01:06.189160,0.49750475779911146,0.47969107705958797,2,0.013927203587867504,0.03848727139586541,0.06906030219160661,0.07138898927670739,0.06319682948584333,0.023323792071418874,0.0038986712047843616,14,146,0.005599616398512358,0.09355197960240032,False,False,False,2.5344726394944747e-08,COMPLETE
1929,0.40943050384521484,2025-04-10 18:57:38.715343,2025-04-10 18:58:47.989725,0 days 00:01:09.274382,0.4605783332055593,0.48639238360784565,2,0.004402800643387303,0.04576058477855484,0.06663325658371053,0.07274172596391175,0.06315301264345387,0.030568257826402462,0.0027152358487585564,15,141,0.0010138333968528648,0.08061234284819896,False,False,False,2.0645426862682795e-08,COMPLETE
1930,0.3323308050632477,2025-04-10 18:58:48.631671,2025-04-10 18:59:46.669182,0 days 00:00:58.037511,0.47926651879861987,0.48251197014195946,2,0.011018659004983632,0.0360716114558024,0.06682851507762977,0.07319442786246401,0.0664511004853241,0.025394883710082087,0.0022830899763065134,14,139,0.005960121124609202,0.09899030613874088,False,False,True,2.7598657979652616e-08,COMPLETE
1931,0.3777613520622254,2025-04-10 18:59:47.292450,2025-04-10 19:00:53.339037,0 days 00:01:06.046587,0.5030170336999537,0.480244019278766,2,0.02059528464147321,0.041037386379033716,0.06838913219112999,0.07316540305549553,0.0610445624662275,0.02864426045397836,0.0036197450657237586,14,148,0.004070221825429567,0.08746316184083237,False,False,False,1.8292188316902772e-08,COMPLETE
1932,0.10493593215942383,2025-04-10 19:00:53.975218,2025-04-10 19:02:02.325097,0 days 00:01:08.349879,0.44681263423875806,0.49571170028375144,2,0.000906892741779821,0.03531831242503703,0.06943014899971943,0.06541013823483927,0.06212848196835477,0.02207726185751884,0.002822182351195745,15,145,0.0031786720319147647,0.10226143295811299,False,False,False,2.1777766054562196e-08,COMPLETE
1933,0.38938824534416205,2025-04-10 19:02:02.974167,2025-04-10 19:02:27.037219,0 days 00:00:24.063052,0.504537176515856,0.49473258369410156,16,0.0069414098514354455,0.04970540455872258,0.06686418085620059,0.06765252495773678,0.06444313272540787,0.027165590756844455,0.0021474745702793185,16,143,0.006577290828127271,0.08106315818104391,False,False,False,1.666803879564659e-08,COMPLETE
1934,0.601969575881958,2025-04-10 19:02:27.654905,2025-04-10 19:03:37.531856,0 days 00:01:09.876951,0.4775796850675343,0.5079757834246401,2,0.026594963877524046,0.03429753214139314,0.06647825314890761,0.07289261015560158,0.06093172868467423,0.024553451399390233,0.0029867823375497866,15,139,0.004183580436186369,0.09397348109177778,False,False,False,1.4246665385726753e-08,COMPLETE
1935,0.4554334163665772,2025-04-10 19:03:38.171960,2025-04-10 19:04:45.210775,0 days 00:01:07.038815,0.5060013253750861,0.46765042464030704,2,0.01011272042865223,0.04214591831665072,0.07006286140799949,0.06981687043678736,0.06567985769267623,0.022918866481618765,0.0020633799543863657,14,145,0.0029682346261868118,0.08946717692506784,False,False,False,2.7636241559576588e-08,COMPLETE
1936,0.511907434463501,2025-04-10 19:04:45.850675,2025-04-10 19:05:54.776404,0 days 00:01:08.925729,0.46256315905194423,0.5069576361926301,2,0.0007702930711016177,0.032075252238685646,0.0690412950693099,0.06941071428147748,0.05961352579325748,0.020700457163495275,0.0024916323734799164,15,150,0.005933734618059241,0.08187122412293703,False,False,False,1.95621363284531e-08,COMPLETE
1937,0.3510447680950165,2025-04-10 19:05:55.402956,2025-04-10 19:07:01.250411,0 days 00:01:05.847455,0.4841397784929479,0.47370339883708545,2,0.020426391539401317,0.12914288734067303,0.0663221754041599,0.07571058919015854,0.0677729359084369,0.028215921865897095,0.0036756641060072203,14,139,0.0031629930572628136,0.0910804370860417,False,False,False,1.2123581704005647e-08,COMPLETE
1938,0.47958734035491946,2025-04-10 19:07:01.898328,2025-04-10 19:08:07.894605,0 days 00:01:05.996277,0.5045325494826726,0.5237660569372696,2,0.01523610442465211,0.03843147962519018,0.07050723221576964,0.07534180288112435,0.06332111461712714,0.025749467684426142,0.002071403616200473,14,142,0.0010186305185213413,0.08412598024886951,False,False,False,1.6542142020687627e-08,COMPLETE
1939,0.09427145123481752,2025-04-10 19:08:08.520818,2025-04-10 19:09:21.331592,0 days 00:01:12.810774,0.4481752068800826,0.4997618099941624,2,0.00018583216506421613,0.02935878354518117,0.06847167684124911,0.06925764386905484,0.057775009037554816,0.021570624106264383,0.0031861511267372673,16,148,0.00487077906892132,0.07905194703361788,True,False,False,2.5007591184788648e-08,COMPLETE
1940,0.2536307752132416,2025-04-10 19:09:21.975068,2025-04-10 19:10:22.389356,0 days 00:01:00.414288,0.5102122884290108,0.5237460511207165,2,0.009752106101610505,0.05419519355918299,0.0665885805208652,0.07647034475853445,0.060987389973716284,0.02327823687301204,0.004390814470353297,15,138,0.0030582892235533382,0.09622368338023177,False,True,False,1.2423200154678092e-08,COMPLETE
1941,0.43217939138412476,2025-04-10 19:10:23.012139,2025-04-10 19:11:25.022355,0 days 00:01:02.010216,0.4829338218889549,0.5176094780516322,2,0.022315915691016167,0.04473680751081673,0.06881332653024572,0.07446750298530426,0.06309915077349083,0.0198594826540617,0.0024363111407317193,13,142,0.06475443831036201,0.10350344397421503,False,False,False,2.1451551703614187e-08,COMPLETE
1942,0.6032062530517579,2025-04-10 19:11:25.662799,2025-04-10 19:12:41.824989,0 days 00:01:16.162190,0.5097905383912298,0.47371440047051194,2,0.015568763016950381,0.03492291998856971,0.0710424109373238,0.07770719214304368,0.05912787830500256,0.03390763099589756,0.002659981886058399,17,145,0.006099107452294858,0.08737334860091153,False,False,False,1.601867541849664e-08,COMPLETE
1943,0.4771055459976197,2025-04-10 19:12:42.471486,2025-04-10 19:13:48.486656,0 days 00:01:06.015170,0.4863557307409431,0.4941560462513457,2,0.027845686188074377,0.023769037461349923,0.06615584094094878,0.07387515288762575,0.061504036474132294,0.024605082525175504,0.0019721071828568914,14,137,0.002848186092764872,0.07953487761474845,False,False,False,2.865597054869526e-08,COMPLETE
1944,0.6068650722503662,2025-04-10 19:13:49.108525,2025-04-10 19:14:58.230086,0 days 00:01:09.121561,0.44027727352401663,0.5354255798534897,2,0.010334181051174639,0.030899040056790707,0.07005003642865164,0.07757600462626092,0.0596063505783811,0.02979655225635796,0.0030688015107803316,15,140,0.0010141026728176788,0.09170668980231753,False,False,False,1.8098505161977323e-08,COMPLETE
1945,0.5110980391502381,2025-04-10 19:14:58.869200,2025-04-10 19:16:05.475832,0 days 00:01:06.606632,0.45325787919880867,0.5372056008297867,2,0.006245141884925897,0.023516348134924467,0.07194012657159021,0.07795417384425996,0.06465879258405888,0.03121872323604275,0.0883498619220186,14,137,0.0010436688212139087,0.1050472082690514,False,False,False,2.277891929366945e-08,COMPLETE
1946,0.4856804966926575,2025-04-10 19:16:06.123343,2025-04-10 19:17:08.920407,0 days 00:01:02.797064,0.4456430491001439,0.5452103456602118,2,0.0065916919929635935,0.027817031604906617,0.07063708350755614,0.07592794222324127,0.06245777171864929,0.03259096203126928,0.002332952384086127,13,136,0.004771786664662344,0.09702303303121602,False,False,False,2.8902291544869924e-08,COMPLETE
1947,0.48370597362518314,2025-04-10 19:17:09.544289,2025-04-10 19:18:21.735761,0 days 00:01:12.191472,0.45154984325787495,0.5331996393823989,2,0.009341731353557769,0.02941692302369948,0.07140345688232955,0.0687649697161152,0.0602192327213407,0.030230835651847254,0.0038599413297222946,16,139,0.006990498371906848,0.09466092181115213,False,False,False,1.953315621138143e-08,COMPLETE
1948,0.4757676362991333,2025-04-10 19:18:22.386566,2025-04-10 19:19:32.151368,0 days 00:01:09.764802,0.44304047067758645,0.5406871342412867,2,0.01849901921005887,0.024553089288714646,0.07023200876623362,0.07551468921036994,0.06598498751245675,0.02911997291447358,0.0018535225796570771,15,136,0.004463127096916447,0.08585911107472284,False,False,False,1.98198817240779e-08,COMPLETE
1949,0.37210584282875064,2025-04-10 19:19:32.778101,2025-04-10 19:20:30.924682,0 days 00:00:58.146581,0.44841663152400774,0.5367645358398776,2,0.005411645902237963,0.037463945674947347,0.0713616323450157,0.07693764357660252,0.06245748367716928,0.028572423869210543,0.0032054009040574857,14,140,0.0030251270443970397,0.10194450106947922,False,False,True,1.0116808160731737e-08,COMPLETE
1950,0.6100364446640014,2025-04-10 19:20:31.566578,2025-04-10 19:21:34.764487,0 days 00:01:03.197909,0.4653727808840999,0.522625426915903,2,0.012060539587885638,0.031922841736756476,0.06964241370416066,0.07480663517799167,0.05742850305905453,0.027375612498351246,0.0026863247424788834,13,136,0.001050673422734486,0.08029549680664176,False,False,False,1.3153132507168957e-08,COMPLETE
1951,0.43347024321556094,2025-04-10 19:21:35.410468,2025-04-10 19:22:38.626371,0 days 00:01:03.215903,0.43416912190014517,0.5221030743229542,2,0.012257626652683722,0.04263567805850764,0.07244867004076501,0.07136787999245374,0.05866466024273891,0.029932918283359377,0.0027476096797812988,13,139,0.0010744072380850355,0.09192522920806502,False,False,False,1.2359361629219293e-08,COMPLETE
1952,0.24882285594940184,2025-04-10 19:22:39.250381,2025-04-10 19:23:42.267415,0 days 00:01:03.017034,0.423541369641826,0.5254132067318721,2,0.0004936421355765763,0.03875101374146147,0.07011664879212681,0.07371260459576023,0.057442694932142664,0.03129330570148535,0.004522831896849649,13,140,0.002436445521632794,0.08401867213266653,False,False,False,1.4440867912699496e-08,COMPLETE
1953,0.39818862080574036,2025-04-10 19:23:42.918172,2025-04-10 19:24:46.010430,0 days 00:01:03.092258,0.4308231794612628,0.5026771846861582,2,0.017231072901184332,0.04641387144229372,0.07268705794327787,0.07555971718802529,0.06071537982497801,0.028481175029093114,0.0035291954720223463,13,136,0.0010668856399752842,0.10990326854218171,False,False,False,1.0056564673860056e-08,COMPLETE
1954,0.527739405632019,2025-04-10 19:24:46.664052,2025-04-10 19:25:09.272639,0 days 00:00:22.608587,0.4307594863735922,0.500468071618256,16,0.010281599292576514,0.03372107780378259,0.069659310734792,0.07342365997572388,0.058114552589514236,0.02698659553043862,0.0026803147002780617,13,141,0.0027803543696500056,0.09060030109619563,False,False,False,1.2379192981982378e-08,COMPLETE
1955,0.34822089672088624,2025-04-10 19:25:09.903792,2025-04-10 19:26:13.062341,0 days 00:01:03.158549,0.43361062692187957,0.9592558156046741,2,0.02372757149746192,0.039814553791304726,0.07216039610733553,0.07186317179123984,0.05971529517126259,0.03318134016205303,0.003323557456013097,13,137,0.0031580139104168724,0.09507899935521426,False,False,False,1.5620056974075318e-08,COMPLETE
1956,0.6112061142921448,2025-04-10 19:26:13.709557,2025-04-10 19:27:20.240477,0 days 00:01:06.530920,0.43650620413239505,0.5193162282597666,2,0.005509643487593513,0.03251792043719907,0.06911025634119265,0.07438791048751112,0.05721828535030183,0.0302693597333061,0.002445857408289374,14,138,0.0010307901808274214,0.09951300792640547,False,False,False,1.4378510593633694e-08,COMPLETE
1957,0.38690246939659123,2025-04-10 19:27:20.907699,2025-04-10 19:28:27.317361,0 days 00:01:06.409662,0.4400627112245793,0.4972945999495215,2,0.00968119038976032,0.047642680030582925,0.0703397650622113,0.07072637253567202,0.05728995965686066,0.030706568360047985,0.002895063113418496,14,141,0.001219858329979484,0.10792960731887737,False,False,False,1.373186815440976e-08,COMPLETE
1958,0.4549710869789124,2025-04-10 19:28:27.949301,2025-04-10 19:29:35.199887,0 days 00:01:07.250586,0.42568315224194286,0.47398445640628245,2,0.005895178038846845,0.0435790865169797,0.07240116233526758,0.07428695943111055,0.057124560749794,0.033385304892549296,0.0025084075317978027,14,139,0.002563966537825422,0.11606413889565832,True,False,False,1.3049270169677124e-08,COMPLETE
1959,0.09427145123481752,2025-04-10 19:29:35.861351,2025-04-10 19:30:41.475666,0 days 00:01:05.614315,0.4202972440370454,0.5175128002096748,2,0.0005782108897213287,0.050340607854992905,0.06916900035420687,0.07225886006030012,0.05782377121580604,0.028686447293120372,0.003769941480181425,14,142,0.002447662152099668,0.10609537277752525,False,False,False,1.675652343714897e-08,COMPLETE
1960,0.20469684898853302,2025-04-10 19:30:42.099898,2025-04-10 19:31:40.136862,0 days 00:00:58.036964,0.42781979550790133,0.744990920748167,2,0.005012109752914565,0.03823879283895051,0.0710282231102183,0.07475113275542491,0.0595860950514147,0.034757533142195055,0.0028750848502210693,14,138,0.00259676941866135,0.1037646073134237,False,True,False,1.2329808426638217e-08,COMPLETE
1961,0.621819031238556,2025-04-10 19:31:40.791437,2025-04-10 19:32:46.814115,0 days 00:01:06.022678,0.4339103277529119,0.48953356260457287,2,0.013343786674413362,0.03570891012697066,0.06912567602921005,0.0725872972668881,0.05678331650172998,0.030841195359911828,0.0024316949203861626,14,142,0.0012150091982029952,0.10014247335383145,False,False,False,1.7090032543010144e-08,COMPLETE
1962,0.3593598544597626,2025-04-10 19:32:47.456704,2025-04-10 19:33:53.969962,0 days 00:01:06.513258,0.4195721345222232,0.8824873959933464,2,0.0100058760985007,0.05619797849601587,0.07303573868316506,0.07152852552768878,0.05643233864133505,0.03151875956605955,0.003316398909440994,14,144,0.001208317872559048,0.10864897862532703,False,False,False,1.8486506000297874e-08,COMPLETE
1963,0.3942371010780335,2025-04-10 19:33:54.616392,2025-04-10 19:35:05.041644,0 days 00:01:10.425252,0.4137732666562691,0.4690490189764852,2,0.005390510178785981,0.04980324853576701,0.07085182528907767,0.06963791796305575,0.05771518278412981,0.03137972626069477,0.004331605775771285,15,142,0.0011886033473365331,0.10355129709765472,False,False,False,2.1748930632456495e-08,COMPLETE
1964,0.3798853635787964,2025-04-10 19:35:05.694262,2025-04-10 19:36:11.268434,0 days 00:01:05.574172,0.4287058482838624,0.4862835621796747,2,0.011445784764995191,0.04350534710608581,0.07358631220268715,0.07495310810037945,0.05712206543674373,0.02970380859313094,0.003122586829851668,14,142,0.08953305763701369,0.11654287122351659,False,False,False,1.8791135564313985e-08,COMPLETE
1965,0.4128220736980438,2025-04-10 19:36:11.896458,2025-04-10 19:37:21.503700,0 days 00:01:09.607242,0.4134084903554459,0.4827255792606416,2,0.004259067510150625,0.04153746751121702,0.06943050695013447,0.07219109303571607,0.05871453786483649,0.034400611493213544,0.0025312081436940173,15,143,0.0010502671041613025,0.11192202103497982,False,False,False,1.6943349036476568e-08,COMPLETE
1966,0.41730812788009647,2025-04-10 19:37:22.155349,2025-04-10 19:38:27.983326,0 days 00:01:05.827977,0.44828314256540724,0.4680640733883922,2,0.01430829825796013,0.050971550757236514,0.07103458807543553,0.07338620818374116,0.06059246569992094,0.0356528450397002,0.0036590136435491892,14,140,0.06931095778401467,0.10154399593387543,False,False,False,2.3731387701044685e-08,COMPLETE
1967,0.452226459980011,2025-04-10 19:38:28.642223,2025-04-10 19:39:39.244617,0 days 00:01:10.602394,0.4368392333262453,0.4944618328159074,2,0.006956292558450041,0.03774834455853995,0.06988767373866878,0.07373859761781536,0.05724453648506759,0.031373827045053995,0.002705745457374643,15,143,0.0025116701765993017,0.11148642242668878,False,False,False,1.4617182663239107e-08,COMPLETE
1968,0.09427145123481752,2025-04-10 19:39:39.882507,2025-04-10 19:40:45.215205,0 days 00:01:05.332698,0.4115942098063937,0.47347998473316427,2,0.0005009802916660609,0.04313156291079421,0.07244940715206225,0.07088101573955417,0.05972095919191269,0.030367971998977186,0.0022546272053318604,14,139,0.0010639944535219162,0.1002585685029965,False,False,False,1.863711007717053e-08,COMPLETE
1969,0.4732683181762696,2025-04-10 19:40:45.878800,2025-04-10 19:41:44.172808,0 days 00:00:58.294008,0.433585490730512,0.4988380453813878,2,0.01611785631785655,0.03814797822650118,0.06925312654511288,0.07587271603318303,0.05672041954634272,0.03268017727597639,0.0031723298883049294,14,141,0.0010910069411299863,0.10065923084762148,False,False,True,1.2620912467481174e-08,COMPLETE
1970,0.48849579095840456,2025-04-10 19:41:44.807442,2025-04-10 19:42:54.030759,0 days 00:01:09.223317,0.4057461487471166,0.4897669264486832,2,0.013112531045802029,0.0344032488529635,0.0746520885509501,0.07004014678429257,0.05889399656754058,0.032138345768264194,0.0023785587153991017,15,145,0.002680413503619097,0.10653868578079968,False,False,False,1.6419093378023892e-08,COMPLETE
