number,value,datetime_start,datetime_complete,duration,params_alpha-eval,params_alpha-train,params_batch-size,params_eps-eval,params_eps-train,params_lambda-actions-eval,params_lambda-actions-train,params_lambda-frames-eval,params_lambda-frames-train,params_learning-rate,params_n-epochs,params_n-frames,params_radius-gw,params_rho,params_std-feats,params_ub-actions,params_ub-frames,params_weight-decay,state
225,0.5192201852798463,2025-04-17 03:10:39.687387,2025-04-17 03:11:06.720703,0 days 00:00:27.033316,0.030925619294399284,0.7838275679051768,16,0.23745704681770635,0.21409559014536764,0.09304605344807704,0.0034018351965924157,0.0066212199484100565,0.07952346652453093,3.226834940243271e-05,24,66,0.019258225482074228,0.030528358703174142,False,False,False,1.9155998080011005e-05,COMPLETE
226,0.48396764993667607,2025-04-17 03:11:06.794120,2025-04-17 03:11:33.662192,0 days 00:00:26.868072,0.01012522205101761,0.89750202800678,16,0.23016709428765175,0.24009281151319437,0.0966341205178611,0.010601529570168078,0.012497189879779021,0.07355685099382543,4.2618660871450864e-05,23,70,0.030692438676167624,0.04515189216268927,False,False,False,2.6259775409439058e-05,COMPLETE
227,0.4459461092948914,2025-04-17 03:11:33.742184,2025-04-17 03:11:59.791522,0 days 00:00:26.049338,0.04984218673797851,0.7359200146758657,16,0.21734750822903962,0.20745095658095122,0.09471634401382262,0.0065394193066085704,0.009780941322005882,0.07777971644131762,0.0014597040729185382,22,62,0.029084169057752244,0.0034915882545232604,False,False,False,3.8860913398148096e-05,COMPLETE
228,0.4794147253036499,2025-04-17 03:11:59.863998,2025-04-17 03:12:26.692774,0 days 00:00:26.828776,0.030226875382396448,0.6908711753477236,16,0.24358436087499163,0.20242658944554492,0.09175815074358379,0.008947495172831992,0.015775314140476247,0.08197220145052861,2.4679810510792666e-05,23,77,0.02453228875170288,0.0699944637989286,False,False,False,1.3972606155744258e-05,COMPLETE
229,0.457588255405426,2025-04-17 03:12:26.765797,2025-04-17 03:14:03.405615,0 days 00:01:36.639818,0.06184067522644378,0.8004811243675036,2,0.2369072525593268,0.2308148387634919,0.09818299490736751,0.005179625900927778,0.0030174275239138438,0.08008428132393354,5.2523137726161725e-05,24,73,0.018399080877958645,0.05962311438229301,False,False,False,2.3898551547046144e-05,COMPLETE
230,0.5379811763763428,2025-04-17 03:14:03.477691,2025-04-17 03:14:29.298674,0 days 00:00:25.820983,0.026708597141807046,0.7639386611462846,16,0.2550994633134384,0.2464197618984025,0.09025078887721592,0.01202097669889586,0.004462372030418237,0.07590709688942578,3.614330007556013e-05,21,81,0.02207231249209996,0.07684979875619127,False,False,False,9.993624549151061e-06,COMPLETE
231,0.5379464864730835,2025-04-17 03:14:29.371949,2025-04-17 03:14:55.379842,0 days 00:00:26.007893,0.04050104645856562,0.7644739212761009,16,0.25452498178113886,0.24439469962432236,0.08952142722259501,0.01051049023775198,0.0042534916824508145,0.07511639070483923,3.48355114280235e-05,21,80,0.02236721582307778,0.07700389204136979,False,False,False,1.076673166809329e-05,COMPLETE
232,0.531451404094696,2025-04-17 03:14:55.453383,2025-04-17 03:15:21.169254,0 days 00:00:25.715871,0.01039977638670498,0.7225319468388915,16,0.2568132295755629,0.25647853953033645,0.09355269262858044,0.013159663516692524,0.007326299646416422,0.0769977421060765,4.74366201709464e-05,21,83,0.02073180661200991,0.06320090866774061,False,False,False,1.710371863682623e-05,COMPLETE
233,0.5434879899024964,2025-04-17 03:15:21.251770,2025-04-17 03:15:47.907019,0 days 00:00:26.655249,0.031232005695875517,0.7810303645440864,16,0.2698654407122163,0.21806352736057003,0.08735524884228094,0.007506522864583642,0.005766921778944785,0.07338957510539255,3.0457622190199068e-05,23,76,0.01946713770077807,0.07134995518394054,False,False,False,6.585677264282754e-06,COMPLETE
234,0.5421803355216981,2025-04-17 03:15:47.980726,2025-04-17 03:16:15.004577,0 days 00:00:27.023851,0.04876222398594429,0.7880048748081722,16,0.2256268925852204,0.22372710727469333,0.08688389615867974,0.007727148321099232,0.01247652271443311,0.07294443818117195,3.022645131602459e-05,23,76,0.01857611339382696,0.0700143268623279,False,False,False,7.827026688489016e-06,COMPLETE
235,0.5440869450569153,2025-04-17 03:16:15.080215,2025-04-17 03:16:42.190328,0 days 00:00:27.110113,0.06946498897975832,0.8162959443437002,16,0.27220211750190976,0.21750350554362577,0.0955027161594143,0.004239286101624302,0.013697860638910582,0.07072773932946587,2.8171403261850574e-05,24,76,0.01737987949894206,0.07004774704224137,False,False,False,8.550333427403876e-06,COMPLETE
236,0.5348612666130066,2025-04-17 03:16:42.264196,2025-04-17 03:17:09.948096,0 days 00:00:27.683900,0.07911867167087228,0.818959968242407,16,0.27357095364375866,0.2208940130307574,0.08505167798601507,0.003057445751946288,0.013042584334823595,0.0699253773119539,1.804308440895051e-05,25,76,0.017279977819320218,0.07082032889340886,False,False,False,6.762740155971573e-06,COMPLETE
237,0.5104499578475953,2025-04-17 03:17:10.023991,2025-04-17 03:17:37.484219,0 days 00:00:27.460228,0.07164017693678046,0.8706422499737023,16,0.22148776964753333,0.21463557082871323,0.09219250044519424,0.008435279758235888,0.01500517482262561,0.07150999123008434,2.810445580463276e-05,24,71,0.014756522228182039,0.05023704121023328,False,False,False,5.850815239559739e-06,COMPLETE
238,0.5018616676330566,2025-04-17 03:17:37.559540,2025-04-17 03:18:05.017773,0 days 00:00:27.458233,0.04766664612066657,0.9398488976577282,16,0.2255457346560772,0.21778191048320933,0.08266662013584723,0.007478861050927876,0.01265111086767024,0.07327463268489902,2.164639710603776e-05,24,77,0.01911970469843285,0.08255528862849368,False,False,False,7.659306456301708e-06,COMPLETE
239,0.5322397828102112,2025-04-17 03:18:05.102564,2025-04-17 03:18:31.773944,0 days 00:00:26.671380,0.1028675008640523,0.8278787831056763,16,0.2108324117459307,0.2340733302545098,0.08663905292201521,0.004777117266225872,0.018569671797902535,0.06907387137673507,2.542296851170301e-05,23,79,0.017199859153560232,0.07089611610276275,False,False,False,8.088680659199256e-06,COMPLETE
240,0.10380824655294418,2025-04-17 03:18:31.848954,2025-04-17 03:18:55.988336,0 days 00:00:24.139382,0.060398332802116525,0.8914591529849251,16,0.2691691438566753,0.20882913434524783,0.09376508318915992,0.009812504559941006,0.008809633896692669,0.07192995005006166,2.8529342534799597e-05,23,73,0.01946869142303688,0.056575594044338345,False,False,True,1.0589667067411425e-05,COMPLETE
241,0.5407401323318481,2025-04-17 03:18:56.064245,2025-04-17 03:19:22.278921,0 days 00:00:26.214676,0.0399837594748919,0.7801665202968907,16,0.2722598736518137,0.2019485107072621,0.09589322842668727,0.0026880057932860343,0.01423786666402032,0.07394943795996531,3.027692297157962e-05,22,75,0.016792712511840845,0.06515775879697111,False,False,False,3.2888634942479523e-06,COMPLETE
242,0.5403927803039551,2025-04-17 03:19:22.354989,2025-04-17 03:19:48.556484,0 days 00:00:26.201495,0.055738046824962854,0.7459437369176427,16,0.27071956029267924,0.2124840315178676,0.09584358682153893,0.0023148780391948867,0.014070069783009755,0.07447402386862868,3.0405408286785468e-05,22,76,0.015650011139127163,0.06622876584103796,False,False,False,3.2233136874799084e-06,COMPLETE
243,0.45334867238998416,2025-04-17 03:19:48.632769,2025-04-17 03:20:15.374059,0 days 00:00:26.741290,0.04900935476134208,0.7452503307485498,16,0.271495761730857,0.21269278462631216,0.09613735256113055,0.0025909035373924702,0.014987383559607414,0.07442083704988935,0.039649139875946836,23,76,0.015311729240315371,0.07343641412046589,False,False,False,4.931276602069396e-06,COMPLETE
244,0.5224417686462403,2025-04-17 03:20:15.451337,2025-04-17 03:20:42.642263,0 days 00:00:27.190926,0.08416347075641187,0.7765646244871519,16,0.2865996433449172,0.21894648917233517,0.09760376225804265,0.005523593697958232,0.013762051203791878,0.07179154009134597,2.1998135891215732e-05,24,80,0.016702777752884986,0.06743005060354706,False,False,False,3.163396984061937e-06,COMPLETE
245,0.5421007633209228,2025-04-17 03:20:42.729097,2025-04-17 03:21:09.652858,0 days 00:00:26.923761,0.06825420693335103,0.7355109815923865,16,0.2738233634808668,0.2255329626064114,0.09995854967339891,0.006895030853027931,0.016585668761787638,0.07433405832452994,3.0443427149166416e-05,23,75,0.014892021759351039,0.065400825393675,False,False,False,3.570462399299898e-06,COMPLETE
246,0.4887896776199341,2025-04-17 03:21:09.728730,2025-04-17 03:21:36.339093,0 days 00:00:26.610363,0.06962683183218496,0.7382142059616632,16,0.2729149351661935,0.22745011472742388,0.09897494790095301,0.0086146083506257,0.017016058316332145,0.07409996737450654,3.8116547979168395e-05,23,77,0.01390642308037304,0.06245891772964906,False,False,False,2.5754752951027637e-06,COMPLETE
247,0.32801593542099,2025-04-17 03:21:36.417074,2025-04-17 03:22:03.692438,0 days 00:00:27.275364,0.12102208471800995,0.7133423283838982,16,0.28026741709315056,0.22448656066717046,0.09953296499700426,0.006958136201349992,0.01584683227763352,0.07609237057888567,3.1063063709919383e-05,24,72,0.013109788924168225,0.07954374639407238,False,False,False,4.174230093249272e-06,COMPLETE
248,0.15257121622562408,2025-04-17 03:22:03.769962,2025-04-17 03:22:29.474080,0 days 00:00:25.704118,0.09002442381377146,0.7524803180001691,16,0.26596056887009994,0.2144175800953196,0.09501922025520854,0.01156541047987983,0.01857825467818016,0.06791512476951754,4.2115313160923834e-05,23,79,0.01062366754609814,0.05324710500091828,True,True,False,1.7679097346861592e-06,COMPLETE
249,0.5478370666503907,2025-04-17 03:22:29.551615,2025-04-17 03:22:56.635678,0 days 00:00:27.084063,0.06532047774000493,0.7825967461277363,16,0.2757146124771819,0.20498385352673237,0.09471827566771154,0.009060633911740409,0.013753390192498433,0.0729437465611701,3.313152184293164e-05,24,75,0.016161712470572562,0.07453044403756835,False,False,False,3.688088727771297e-06,COMPLETE
250,0.49120910167694093,2025-04-17 03:22:56.713793,2025-04-17 03:23:23.955521,0 days 00:00:27.241728,0.10739539416414344,0.7778192998063748,16,0.28181119775653257,0.20416923213665233,0.09422395490836506,0.009217762296867183,0.01661321026090745,0.0700128761178685,3.719344267895127e-05,24,68,0.01762931746098511,0.07559509406315415,False,False,False,3.47179696153838e-06,COMPLETE
251,0.5130895137786866,2025-04-17 03:23:24.043403,2025-04-17 03:23:51.491493,0 days 00:00:27.448090,0.21344303175736734,0.8073658901993973,16,0.288586580886538,0.19883301297265824,0.0925223705671778,0.011230511474801575,0.012310337677445288,0.07077491779576281,1.824836332574117e-05,25,73,0.019786040617350408,0.08343348878323062,False,False,False,6.262118803529253e-06,COMPLETE
252,0.4694182634353638,2025-04-17 03:23:51.570087,2025-04-17 03:24:18.497870,0 days 00:00:26.927783,0.06945821391629567,0.7828624887212973,16,0.26156442216455134,0.20546534924577586,0.09517010868303419,0.006940035401933596,0.014761376842389153,0.07339184416285834,0.00027189235086287974,24,71,0.01588287160494636,0.05925961542440525,False,False,False,2.1449741858764107e-06,COMPLETE
253,0.5598949551582337,2025-04-17 03:24:18.577488,2025-04-17 03:24:45.443425,0 days 00:00:26.865937,0.15175143770280053,0.7612452822641188,16,0.2466753459997557,0.21980385637149655,0.08900508401838171,0.013167821017428248,0.011525990201096238,0.0778543133682897,4.648730180898935e-05,23,85,0.012877178549221092,0.0688515394620175,False,False,False,3.790785992160159e-06,COMPLETE
254,0.3451041400432587,2025-04-17 03:24:45.523368,2025-04-17 03:25:12.429190,0 days 00:00:26.905822,0.1574040539245344,0.7679392825459195,16,0.2774441435056518,0.22112875842633883,0.08838135003967988,0.013763516317910885,0.0173662463777116,0.07780212306415878,2.211392836907621e-05,24,14,0.012119795735011594,0.07406344791417749,False,False,False,2.6707111690841687e-06,COMPLETE
255,0.5067925691604614,2025-04-17 03:25:12.513056,2025-04-17 03:25:39.315539,0 days 00:00:26.802483,0.14011408895459354,0.7280780990746079,16,0.24557139037728734,0.22855987784324067,0.08343542585202303,0.012210716139750218,0.019900119006002064,0.07317605136797668,3.156527637942279e-05,23,86,0.01441688815888731,0.07114406746171721,False,False,False,5.7840380018656026e-06,COMPLETE
256,0.47352415323257446,2025-04-17 03:25:39.395654,2025-04-17 03:26:05.940365,0 days 00:00:26.544711,0.12058809675956277,0.7903019824795077,16,0.2483694144820778,0.23527863983325586,0.0998336332560922,0.01003326549888552,0.012740970854141458,0.07739774310810656,2.5857396577336545e-05,23,84,0.045500405560340296,0.05121696329982424,False,False,False,5.547937456142364e-06,COMPLETE
257,0.535663115978241,2025-04-17 03:26:06.030374,2025-04-17 03:26:33.160699,0 days 00:00:27.130325,0.15338555266077436,0.757589693046406,16,0.24079944615898755,0.21670029803068003,0.08544681386156515,0.015134818668769184,0.015564433918880056,0.07245549332833016,4.225382668108154e-05,24,82,0.01319051047432592,0.07781116363585312,False,False,False,3.84516355400933e-06,COMPLETE
258,0.5372753858566285,2025-04-17 03:26:33.243217,2025-04-17 03:27:01.319740,0 days 00:00:28.076523,0.09822565103959491,0.7057178204594208,16,0.2927225825074684,0.2203314653834189,0.08935072542673585,0.006028974033144147,0.010868261637838257,0.06769801622406978,3.5086456697615356e-05,25,79,0.020075515983485885,0.06240294085875092,False,False,False,5.061260037714043e-06,COMPLETE
259,0.337351393699646,2025-04-17 03:27:01.401316,2025-04-17 03:27:37.234865,0 days 00:00:35.833549,0.19555137125948338,0.8082556860642208,8,0.26844633779039745,0.2097625955371253,0.09717446340295106,0.012731567159954674,0.01363196811130846,0.07830375130217353,1.5377988471383174e-05,23,68,0.009169830257661615,0.08594798286953151,False,False,False,9.421963058489325e-06,COMPLETE
260,0.48073537349700934,2025-04-17 03:27:37.316638,2025-04-17 03:29:08.566886,0 days 00:01:31.250248,0.04539629403935889,0.7692520207523749,2,0.2759252825528472,0.22729178804909847,0.09397859926686214,0.009167001614565132,0.007981104655188961,0.07548990092243153,2.4928346275821577e-05,22,75,0.017601082776007197,0.056268646542174144,False,False,False,3.601585661608862e-06,COMPLETE
261,0.5451651692390442,2025-04-17 03:29:08.648736,2025-04-17 03:29:35.531272,0 days 00:00:26.882536,0.13303121653780225,0.7286196032342731,16,0.23841011252646005,0.2088897270348256,0.09172146068484704,0.0047520120497844525,0.01791162753054309,0.09349525477269194,4.883827669142427e-05,23,71,0.015520105483378527,0.0687736427927229,False,False,False,7.791751492422624e-06,COMPLETE
262,0.33411511182785036,2025-04-17 03:29:35.612404,2025-04-17 03:30:02.769945,0 days 00:00:27.157541,0.13438626629788675,0.6788784639406017,16,0.23742717701001922,0.21016102897340194,0.09190760726950734,0.005923110874330371,0.021783009018930048,0.09443072253969387,4.856512310935503e-05,24,78,0.010962618093759353,0.14346215131053736,False,False,False,7.641817508699884e-06,COMPLETE
263,0.09427145123481752,2025-04-17 03:30:02.861401,2025-04-17 03:30:28.884999,0 days 00:00:26.023598,0.17334444569227406,0.724970555140627,16,0.24339599462961242,0.012853920366132005,0.09659941885385963,0.0038590424225153058,0.018999069577847052,0.09313876675706048,6.605971033322108e-05,23,73,0.015611133221282325,0.07049024323180222,False,False,False,1.2333345931592879e-05,COMPLETE
264,0.46309626102447515,2025-04-17 03:30:28.968323,2025-04-17 03:30:56.350376,0 days 00:00:27.382053,0.12214616890130872,0.7435494353297778,16,0.2989266115992995,0.20435676713266085,0.09413520642127372,0.004754158401287087,0.01697279523752819,0.09144212331769033,4.926347753721655e-05,25,65,0.07294624557926338,0.07767917181997942,False,False,False,4.525362211208038e-06,COMPLETE
265,0.09922914206981659,2025-04-17 03:30:56.433559,2025-04-17 03:31:20.219287,0 days 00:00:23.785728,0.2153534051446957,0.7197323085419745,16,0.2598935040557354,0.2148603262547248,0.08726162701153044,0.0010420784820460087,0.016233835829674303,0.07088668703604092,4.1016593274643214e-05,22,81,0.013859612616624058,0.06370406214324274,False,False,True,2.8308207077452098e-06,COMPLETE
266,0.5476724743843079,2025-04-17 03:31:20.302593,2025-04-17 03:31:46.950480,0 days 00:00:26.647887,0.14962789857271017,0.6913335848634644,16,0.24959906537351068,0.22006936551289336,0.09827762469415643,0.04209433104502489,0.012347037103931521,0.08961901645518029,3.6287669731912425e-05,23,71,0.01686118335043747,0.06959685491273915,False,False,False,8.15643899800639e-06,COMPLETE
267,0.21188537478446962,2025-04-17 03:31:47.034575,2025-04-17 03:32:12.529141,0 days 00:00:25.494566,0.13951527865466246,0.7334418582457464,16,0.251538720581472,0.22122805992562614,0.09836181924039776,0.055560523827560354,0.012112079760592056,0.08966066500377215,5.6328977175938887e-05,24,69,0.01993021205784276,0.07198897758500172,True,True,False,6.841782022465849e-06,COMPLETE
268,0.3392104864120483,2025-04-17 03:32:12.623982,2025-04-17 03:32:39.302462,0 days 00:00:26.678480,0.15403424133198423,0.7027194609272376,16,0.25112088874317706,0.2339843856289712,0.09812774342109636,0.01158880767922624,0.010164276646610446,0.09492855508708814,3.8466584679885854e-05,23,71,0.013393795881905765,0.08004444960329983,False,False,False,9.020381585809652e-06,COMPLETE
269,0.5011984825134277,2025-04-17 03:32:39.386379,2025-04-17 03:33:06.347468,0 days 00:00:26.961089,0.15449405660846993,0.6819072621944582,16,0.24479108911246414,0.22426861970818834,0.09988421563222671,0.046764993687944414,0.01827753730074949,0.08790576985811228,4.9657445251920094e-05,24,67,0.018095811554157792,0.04434358640572415,False,False,False,1.3069141853025167e-05,COMPLETE
270,0.49548504352569583,2025-04-17 03:33:06.432934,2025-04-17 03:33:33.093533,0 days 00:00:26.660599,0.1815071924442129,0.6970839494447099,16,0.23743120163536616,0.21769825286064387,0.09080059247102899,0.050693766975937894,0.021019209838302407,0.06532500750630305,3.512688973819778e-05,23,72,0.021229663118851213,0.08673150823940108,False,False,False,7.921875656237064e-06,COMPLETE
271,0.5375874042510986,2025-04-17 03:33:33.178393,2025-04-17 03:33:59.997623,0 days 00:00:26.819230,0.10612883437481094,0.749163619154569,16,0.23383272103957856,0.20774408441529668,0.08465963241962098,0.042626587988195457,0.01332760014325781,0.08666580468406312,6.0309047255562996e-05,23,85,0.015130419689158991,0.05503615937830661,False,False,False,1.0601989903262131e-05,COMPLETE
272,0.3373088121414185,2025-04-17 03:34:00.085001,2025-04-17 03:34:27.175757,0 days 00:00:27.090756,0.23179779848734425,0.7170512881946682,16,0.2585732231755442,0.21197470278401648,0.0928795430642668,0.04125738196661076,0.01137250236584355,0.09321678958022288,4.181332747348155e-05,24,76,0.011388853203896853,0.07430154954680036,False,False,False,1.3016881414909181e-05,COMPLETE
273,0.43903715610504157,2025-04-17 03:34:27.271927,2025-04-17 03:34:54.726015,0 days 00:00:27.454088,0.13270541383881007,0.7545672132693539,16,0.24705345534269452,0.22685798528924306,0.08855467887989743,0.03498104647235979,0.008783674313504453,0.0908734139232946,0.0005940729038405164,25,78,0.039139561560348056,0.06742804030520183,False,False,False,6.968026884072904e-06,COMPLETE
274,0.5442949533462524,2025-04-17 03:34:54.811600,2025-04-17 03:35:21.275029,0 days 00:00:26.463429,0.08969700450302859,0.670959656614171,16,0.2417410891254578,0.21928044424506168,0.09536703510935712,0.007444753357170709,0.015358633770154468,0.09773630645718244,3.3077072454765876e-05,23,69,0.018180033682535953,0.05958543744277736,False,False,False,9.17129102436047e-06,COMPLETE
275,0.498895812034607,2025-04-17 03:35:21.360534,2025-04-17 03:35:48.024746,0 days 00:00:26.664212,0.09307708413223523,0.6683023406690874,16,0.24269184993366513,0.21709536008331745,0.09616192973515111,0.007626279371196241,0.016232043112767408,0.09559010476534818,3.0505135658790703e-05,23,65,0.016308778802168647,0.048437767086835413,False,False,False,8.426355371124367e-06,COMPLETE
276,0.5096696853637696,2025-04-17 03:35:48.112753,2025-04-17 03:36:15.032905,0 days 00:00:26.920152,0.20076278268955,0.6216115089513454,16,0.2530607967057742,0.20954616260694803,0.09468816804006824,0.010647421238465415,0.018793945554199044,0.09666952158435867,1.882418891902524e-05,24,68,0.021106525720272745,0.05782540957091696,False,False,False,1.0820637966619705e-05,COMPLETE
277,0.5513454198837281,2025-04-17 03:36:15.119872,2025-04-17 03:36:41.518698,0 days 00:00:26.398826,0.1149248525501982,0.681502851887274,16,0.24016245444631634,0.19929478871761555,0.0811871063044089,0.014361720116102122,0.015422178594362764,0.04441993373671353,2.4386689696107558e-05,23,70,0.018732385683347508,0.05108653973033897,False,False,False,5.848440975677795e-06,COMPLETE
278,0.5116735219955444,2025-04-17 03:36:41.616655,2025-04-17 03:37:08.304157,0 days 00:00:26.687502,0.11584540139094976,0.4701943172111666,16,0.24027219386165177,0.2007645417698812,0.08077791095686936,0.03964927797997939,0.011872766396066648,0.05032926694091578,2.3277829040770395e-05,23,64,0.019454078580852834,0.03686170631123417,False,False,False,5.834686055778207e-06,COMPLETE
279,0.5521864891052246,2025-04-17 03:37:08.393102,2025-04-17 03:37:35.414455,0 days 00:00:27.021353,0.16369724948872244,0.7115933467381436,16,0.23306312962308584,0.19590990779694561,0.08203354235455153,0.007759030517694659,0.015303970275365997,0.09828490470930352,2.0871491800965353e-05,24,70,0.021654095257456915,0.04685701255523318,False,False,False,4.729728570142436e-06,COMPLETE
280,0.5485598921775818,2025-04-17 03:37:35.501056,2025-04-17 03:38:01.847498,0 days 00:00:26.346442,0.1749082238105401,0.6919536628423797,16,0.23270166703323067,0.20503692161338152,0.08411144652117744,0.016779519175060188,0.016025546263413307,0.09869497745227494,1.995285502646596e-05,23,69,0.021846594172089458,0.04479969841211721,False,False,False,4.352830388391428e-06,COMPLETE
