number,value,datetime_start,datetime_complete,duration,params_alpha-eval,params_alpha-train,params_batch-size,params_eps-eval,params_eps-train,params_lambda-actions-eval,params_lambda-actions-train,params_lambda-frames-eval,params_lambda-frames-train,params_learning-rate,params_n-epochs,params_n-frames,params_radius-gw,params_rho,params_std-feats,params_ub-actions,params_ub-frames,params_weight-decay,state
281,0.4855495095252991,2025-04-17 03:38:01.935703,2025-04-17 03:38:36.757464,0 days 00:00:34.821761,0.17257270380812229,0.6849513267876717,8,0.28362921210730274,0.20883445658101263,0.07950323971174027,0.015210733446414652,0.016739899894467433,0.09794132181769812,1.640136897619378e-05,22,66,0.023120170742509896,0.039966168596992535,False,False,False,5.426990629778145e-06,COMPLETE
282,0.5525234699249268,2025-04-17 03:38:36.845899,2025-04-17 03:39:03.886155,0 days 00:00:27.040256,0.1635630334128833,0.6967325014098859,16,0.22958180030216357,0.19826879561126703,0.08257560969938618,0.018891035257713233,0.015626088786547455,0.0977684399509088,1.8848218340154204e-05,24,69,0.021762499248561086,0.04855191710820412,False,False,False,3.950618781754099e-06,COMPLETE
283,0.5323043704032898,2025-04-17 03:39:03.976456,2025-04-17 03:39:31.340799,0 days 00:00:27.364343,0.15467023189972612,0.6628317657666504,16,0.22712473867939312,0.19603625258096966,0.08199675102136168,0.01888095641703776,0.014856442680250959,0.04210847812139611,1.4272103122669571e-05,25,70,0.020657368876551157,0.045866540189763064,False,False,False,4.734704532944309e-06,COMPLETE
284,0.4638017058372498,2025-04-17 03:39:31.438966,2025-04-17 03:39:58.710229,0 days 00:00:27.271263,0.18350734801814084,0.6943761098914547,16,0.23033078398692974,0.2004033044644684,0.08250596568484364,0.03035820801798562,0.01776739576385037,0.09989216832462493,1.888057457316023e-05,24,63,0.01885143915475234,0.034298379772762205,False,False,False,4.060794395621791e-06,COMPLETE
285,0.10222294479608537,2025-04-17 03:39:58.801112,2025-04-17 03:41:21.815793,0 days 00:01:23.014681,0.2028067533486048,0.6944956576617309,2,0.24543493419938642,0.21236644687347997,0.0781765573442596,0.016163767466628554,0.014378238554078363,0.09755787943343604,1.9803636040031255e-05,24,67,0.0205536658955218,0.04458390573745602,False,False,True,4.304954824148067e-06,COMPLETE
286,0.5505321741104126,2025-04-17 03:41:21.905692,2025-04-17 03:41:49.322335,0 days 00:00:27.416643,0.16953262624502496,0.7032843686025967,16,0.26405099302193197,0.19861150722972665,0.0834789410457205,0.037973048716876436,0.016409899439563783,0.09925566534652193,2.2260249485775745e-05,25,69,0.02450424683282721,0.049689044189982316,False,False,False,6.648577903124168e-06,COMPLETE
287,0.47924052476882933,2025-04-17 03:41:49.414282,2025-04-17 03:42:17.249321,0 days 00:00:27.835039,0.1704630734470807,0.6667256342906446,16,0.26258100694716013,0.19775688628875995,0.08379995115670105,0.048874148637328294,0.017576786993175355,0.09700573868417675,1.6551285980023613e-05,26,68,0.02483498656845437,0.0418338693516273,False,False,False,5.799484313710079e-06,COMPLETE
288,0.17961218059062958,2025-04-17 03:42:17.349794,2025-04-17 03:42:43.207087,0 days 00:00:25.857293,0.14413477517144965,0.6986017265668386,16,0.2651978313428344,0.2170270309396765,0.08110013990585771,0.03753305200246718,0.020195105924557373,0.09831650102933495,2.1553372152800156e-05,25,71,0.02407656722611593,0.04594368263865559,True,True,False,6.767656437967173e-06,COMPLETE
289,0.5032681345939636,2025-04-17 03:42:43.297648,2025-04-17 03:43:10.641194,0 days 00:00:27.343546,0.16695229953311327,0.6736126765467785,16,0.25667618514337254,0.20462966976018995,0.08241009123491581,0.015975285498508504,0.015916277346984954,0.09889094688560292,1.1826260849120803e-05,25,65,0.025896584618249147,0.05204785066939412,False,False,False,3.677539315430069e-06,COMPLETE
290,0.4987301588058472,2025-04-17 03:43:10.732087,2025-04-17 03:43:38.669938,0 days 00:00:27.937851,0.19512651160164213,0.7146923651826672,16,0.2780780355483767,0.19770920916779158,0.08473230217946537,0.032141323741587624,0.013771642520070107,0.09523897316517813,1.6703615415609667e-05,26,71,0.01425705472267318,0.03571089549447761,False,False,False,4.927653482577756e-06,COMPLETE
291,0.4732517242431641,2025-04-17 03:43:38.761354,2025-04-17 03:44:05.838403,0 days 00:00:27.077049,0.24735882688053637,0.709152310758334,16,0.26979823254482993,0.22310451622207944,0.07982587159926902,0.023402738665062643,0.01866137503572442,0.0986444014829665,2.3024354641983893e-05,24,72,0.021645489413828222,0.04911363897061035,False,False,False,6.674417497881288e-06,COMPLETE
292,0.49155243635177615,2025-04-17 03:44:05.931271,2025-04-17 03:44:33.025958,0 days 00:00:27.094687,0.14045912370584662,0.6909391761030381,16,0.25224878858782035,0.18916784091805003,0.08581072219603783,0.03892065895753909,0.015960283613849373,0.03658820958285487,2.031299346295312e-05,24,68,0.017586358583815086,0.04908590732795123,False,False,False,2.324322350435704e-06,COMPLETE
293,0.32736269235610965,2025-04-17 03:44:33.129313,2025-04-17 03:45:00.935281,0 days 00:00:27.805968,0.17006751773376808,0.6360154111407901,16,0.24038717455868014,0.2141694142811009,0.07463518854852474,0.017802061865434433,0.021755868613079397,0.04759521051648045,1.3873710364716918e-05,25,61,0.012218686728391054,0.04403077054962963,False,False,False,8.748170754307964e-06,COMPLETE
294,0.5138963103294373,2025-04-17 03:45:01.026655,2025-04-17 03:45:27.929908,0 days 00:00:26.903253,0.15406261835845575,0.6783048963344542,16,0.26017501365895024,0.20190536135491766,0.08345261325907184,0.019797420962388252,0.03241563028346229,0.0942087334110678,2.6218337637808143e-05,24,65,0.022371666729695042,0.051531836151661625,False,False,False,4.642715727870633e-06,COMPLETE
295,0.49965708255767827,2025-04-17 03:45:28.022513,2025-04-17 03:45:55.068225,0 days 00:00:27.045712,0.13060268222346594,0.7091439605653519,16,0.2844782070170529,0.23027691405767153,0.07790530307985707,0.006127417578348437,0.01232251750329004,0.0995120195491677,2.3555613144166462e-05,23,88,0.015432688575263778,0.06043635368367365,False,False,False,6.330303719817232e-06,COMPLETE
296,0.45711530447006227,2025-04-17 03:45:55.160027,2025-04-17 03:46:21.359487,0 days 00:00:26.199460,0.22071145196949463,0.7370109259920505,16,0.27340328475668263,0.14772299827691235,0.08041069930317833,0.013362168420698043,0.01517347529516249,0.05580069371960021,1.8200585446187618e-05,22,73,0.01832312954568116,0.039573936073952626,False,False,False,3.7903805607254633e-06,COMPLETE
297,0.5481214165687561,2025-04-17 03:46:21.451659,2025-04-17 03:46:48.835905,0 days 00:00:27.384246,0.18998987189961164,0.7243730097543966,16,0.24853684359284592,0.2207901061821854,0.08591180021436266,0.036609185944384635,0.010251655771986822,0.04458743965600309,2.557863300176652e-05,25,69,0.024839728666690576,0.0577423276225343,False,False,False,3.0630269309034235e-06,COMPLETE
298,0.5094604730606079,2025-04-17 03:46:48.941986,2025-04-17 03:47:16.679414,0 days 00:00:27.737428,0.18675627292875602,0.7169544861439001,16,0.2488236664145382,0.2059587108121508,0.08617552418831663,0.03479663247868264,0.010189008708851864,0.04717200646670495,2.1222581117640625e-05,25,68,0.025192035364350735,0.05321019294665304,False,False,False,1.974604961862947e-06,COMPLETE
299,0.42804800868034365,2025-04-17 03:47:16.772483,2025-04-17 03:47:36.035869,0 days 00:00:19.263386,0.16374696647109718,0.6538664330341956,16,0.24203740308349236,0.2136744188855245,0.08459894105424595,0.040933061064491544,0.011359371361645044,0.04268169634681867,2.554711582022679e-05,6,62,0.028523087549301943,0.05841265616804127,False,False,False,7.976937318098344e-06,COMPLETE
300,0.4700667381286621,2025-04-17 03:47:36.129504,2025-04-17 03:48:03.352762,0 days 00:00:27.223258,0.20991349738734882,0.6821573018321011,16,0.25408316196361674,0.19803700452708095,0.08240286813851912,0.03624527841655681,0.01307214800691596,0.09734775828707401,1.6255578901464525e-05,25,52,0.02318096165235684,0.048662467431203886,False,False,False,5.28242170788728e-06,COMPLETE
301,0.5377362966537476,2025-04-17 03:48:03.447971,2025-04-17 03:48:31.275562,0 days 00:00:27.827591,0.18581715343138455,0.7057905768795351,16,0.24791133250941952,0.22110940658236203,0.08682211059084481,0.045493167192975886,0.010264500674965598,0.09996186823810195,2.529167155267596e-05,26,70,0.02713348115540167,0.04087007795666444,False,False,False,2.9507580981308937e-06,COMPLETE
302,0.5206196665763856,2025-04-17 03:48:31.370015,2025-04-17 03:48:58.898827,0 days 00:00:27.528812,0.2606081174067533,0.7583940382878945,16,0.23876215050242613,0.18792202985516096,0.08363723458171127,0.014333141620256753,0.01347677158803306,0.04461604015432258,1.9767265663591714e-05,25,66,0.03470533292479534,0.056286073910599546,False,False,False,7.588333164795588e-06,COMPLETE
303,0.49944781064987187,2025-04-17 03:48:59.002684,2025-04-17 03:49:26.761679,0 days 00:00:27.758995,0.23909737693695202,0.7164964720007286,16,0.23150619560906172,0.20457958922514,0.08116233124857754,0.037518261260697655,0.008977997304180455,0.03889710630906519,1.2820656059432994e-05,26,72,0.04286623015115409,0.05006676436993492,False,False,False,4.260288556429449e-06,COMPLETE
304,0.3362948834896088,2025-04-17 03:49:26.856820,2025-04-17 03:50:03.318919,0 days 00:00:36.462099,0.9324044129125048,0.731035876871604,8,0.2563013944081733,0.21055019802470595,0.08554441625506046,0.044281535718272584,0.011653008117725999,0.04375144358061846,2.2574620340802514e-05,24,43,0.02136130361198393,0.06125641210364685,False,False,False,5.773798401336064e-06,COMPLETE
305,0.10784121602773666,2025-04-17 03:50:03.415023,2025-04-17 03:50:27.429377,0 days 00:00:24.014354,0.20424819711686426,0.7639163691788298,16,0.2449700894434902,0.21865149291894198,0.08486909598573242,0.03223615204516941,0.014992290766145043,0.040083052650042764,2.7271001541956585e-05,24,68,0.02474571253872453,0.035084864919935115,False,False,True,9.028900570797987e-06,COMPLETE
306,0.444647216796875,2025-04-17 03:50:27.527713,2025-04-17 03:50:54.860184,0 days 00:00:27.332471,0.1429749115564642,0.5269972319945538,16,0.23792154290817016,0.19614743872133478,0.08178606541262248,0.026997305790452876,0.018521713289725197,0.09180100167849015,0.0021052723731647366,25,63,0.01927238605898434,0.07007235250987096,False,False,False,2.5614491299790197e-06,COMPLETE
307,0.4950085043907166,2025-04-17 03:50:54.966193,2025-04-17 03:52:29.577783,0 days 00:01:34.611590,0.12548166009841247,0.6864012682071079,2,0.227840731459776,0.18336469496823132,0.0878880170423565,0.03658838644465673,0.013758461729452274,0.09603513085537577,1.490408425183398e-05,23,95,0.023151857805832142,0.1516504593659976,False,False,False,4.581838646778927e-06,COMPLETE
308,0.09395766854286194,2025-04-17 03:52:29.674289,2025-04-17 03:52:56.645331,0 days 00:00:26.971042,0.1652512257771814,0.6503602053236961,16,0.2507055998905864,0.19157083126548177,0.0831519556228567,0.03956078615253681,0.009169593286015704,0.032147578272423705,2.8553263066011814e-05,26,82,0.026055170888772468,0.08334302215207685,True,True,False,6.6753818566447826e-06,COMPLETE
309,0.46019443273544314,2025-04-17 03:52:56.741006,2025-04-17 03:53:22.886225,0 days 00:00:26.145219,0.22550903072416562,0.6970568311644845,16,0.266298525114197,0.2131913617400824,0.07626096888521618,0.033783385225342695,0.017331582564494456,0.09384588249881318,1.8097649859086394e-05,22,72,0.02128880448643233,0.07843200578773234,False,False,False,9.32722564659452e-06,COMPLETE
310,0.4765616774559021,2025-04-17 03:53:22.982260,2025-04-17 03:53:49.725745,0 days 00:00:26.743485,0.19050566117463213,0.7283972038606853,16,0.24163868647933137,0.20593388117927292,0.07915244924424013,0.042613781748076056,0.011655751906539984,0.09656298858762269,2.220489206989729e-05,23,66,0.0177741194962646,0.025613275106852944,False,False,False,6.625877330034766e-06,COMPLETE
311,0.4798530459403992,2025-04-17 03:53:49.822766,2025-04-17 03:54:17.047321,0 days 00:00:27.224555,0.15753443089810246,0.670760746046727,16,0.23280769245945954,0.2161975281031507,0.08673133759510623,0.004865685284353267,0.020009796530792143,0.09220902057061664,2.928064262383694e-05,24,78,0.019646378364515892,0.058985947512956396,False,False,False,4.193688227732504e-06,COMPLETE
312,0.5088902354240418,2025-04-17 03:54:17.154887,2025-04-17 03:54:43.460309,0 days 00:00:26.305422,0.12404114275031454,0.7490888953657985,16,0.1958751041839766,0.2015484653592589,0.08485996262447427,0.0075753096863155475,0.015015005567690611,0.09999972502324314,2.5474617889946603e-05,22,90,0.022542987281288365,0.06939817751184091,False,False,False,1.4949446601714434e-06,COMPLETE
313,0.48943619728088383,2025-04-17 03:54:43.558724,2025-04-17 03:55:10.147422,0 days 00:00:26.588698,0.18772148225281035,0.4915526188838264,16,0.22590512033963117,0.22279503750858975,0.01437089890277135,0.01676042349046957,0.009672008265880945,0.09590824630148787,3.206582522524861e-05,23,70,0.061121225511751816,0.044785959809615944,False,False,False,2.730175860460284e-06,COMPLETE
314,0.33630462288856505,2025-04-17 03:55:10.244822,2025-04-17 03:55:37.382629,0 days 00:00:27.137807,0.140058167167753,0.7920448370978522,16,0.2615805100407157,0.209804646866686,0.08779877381183541,0.00870703664580912,0.09800712357826033,0.09479903271744107,1.898656176914496e-05,24,57,0.01610642016759704,0.07490727413115109,False,False,False,5.061388475387462e-06,COMPLETE
315,0.540487265586853,2025-04-17 03:55:37.479867,2025-04-17 03:56:07.570004,0 days 00:00:30.090137,0.21264506985782836,0.8159884866831589,16,0.2458707497914958,0.17606471727688244,0.05631744658460684,0.004013558247206289,0.012822697669668568,0.09298911909303362,3.520214348565254e-05,30,74,0.018876295654582896,0.054486241298061164,False,False,False,3.458693885382975e-06,COMPLETE
316,0.519306480884552,2025-04-17 03:56:07.680142,2025-04-17 03:56:34.346261,0 days 00:00:26.666119,0.17811869807225741,0.7693392357484278,16,0.23818424196618487,0.1941590507171371,0.08165935254302256,0.012522062639749795,0.016669129208468518,0.04578315060376464,2.415671965310715e-05,23,80,0.02449434492325341,0.06364492135575832,False,False,False,1.0202204205718131e-05,COMPLETE
317,0.5019946694374084,2025-04-17 03:56:34.447031,2025-04-17 03:57:00.551178,0 days 00:00:26.104147,0.10973346396669365,0.7391153858209674,16,0.2562592485797761,0.22976893461694559,0.08892438300752142,0.052695878475998784,0.0073207175958102996,0.09767424737689077,3.0479056800426813e-05,22,69,0.029918697258686452,0.06892448006931993,False,False,False,7.148561723796505e-06,COMPLETE
318,0.4330366969108582,2025-04-17 03:57:00.650675,2025-04-17 03:57:27.690942,0 days 00:00:27.040267,0.14355522479892202,0.7011630457398393,16,0.22229721823636994,0.219782101879936,0.08611327758577549,0.0058544730198983016,0.04180741627801561,0.09813916933829309,0.009609403916405329,24,86,0.020826955456942544,0.050766437792884485,False,False,False,8.833049857187467e-06,COMPLETE
319,0.33141860365867615,2025-04-17 03:57:27.789814,2025-04-17 03:57:53.794517,0 days 00:00:26.004703,0.287392830409638,0.9191465443837311,16,0.2334323127114644,0.20502830924689144,0.08254742155489747,0.009290832590808077,0.013966675439741366,0.08980403477353549,1.4427327453725936e-05,21,76,0.010120706494310738,0.05940505185630371,False,False,False,5.6472009048112244e-06,COMPLETE
320,0.3323166429996491,2025-04-17 03:57:53.904865,2025-04-17 03:58:20.383831,0 days 00:00:26.478966,0.4138971805736352,0.7211362230179892,16,0.24840402864494177,0.18813426083878215,0.07865735587307122,0.01825258541457479,0.011655506624741529,0.09545629629422919,0.0004640434047712782,23,72,0.007935936920520689,0.07520210168109683,False,False,False,3.181565689932185e-06,COMPLETE
321,0.48445744514465333,2025-04-17 03:58:20.484163,2025-04-17 03:58:48.140294,0 days 00:00:27.656131,0.16463470467423907,0.983509364432952,16,0.24237166392827628,0.21281221880269027,0.08362044663718708,0.007377721912837769,0.01578550959791912,0.048538695175432925,2.0668410104640483e-05,25,65,0.01689965991219092,0.044018151480641955,False,False,False,1.0918811865610732e-05,COMPLETE
322,0.43557077646255493,2025-04-17 03:58:48.241303,2025-04-17 03:59:15.529537,0 days 00:00:27.288234,0.09690022690536779,0.9556535673499145,16,0.2669980931562479,0.19751503593642794,0.08024902673404753,0.0046420002528729555,0.01908223598833164,0.05199219843904289,0.0031533089481801057,24,74,0.02341805563641807,0.06508283076894292,False,False,False,7.200266615176639e-06,COMPLETE
323,0.48300218582153326,2025-04-17 03:59:15.629461,2025-04-17 03:59:44.144232,0 days 00:00:28.514771,0.24547140696718156,0.7631029400158083,16,0.2271571870609954,0.20242856920325256,0.0887133872554219,0.012704869113725394,0.010232284811727043,0.09772514328827114,1.0065943154762392e-05,27,69,0.026962787333990372,0.08144740774547023,False,False,False,1.532248779723509e-05,COMPLETE
324,0.11829547584056856,2025-04-17 03:59:44.244855,2025-04-17 04:00:08.550179,0 days 00:00:24.305324,0.9931494318184017,0.8360303156063795,16,0.2789917017703556,0.218167309580573,0.08520038992332889,0.038423319422076406,0.017368417554178842,0.0953133640327564,2.6895719684066247e-05,23,83,0.012918147953765993,0.0524092191884706,False,False,True,3.947504873024555e-06,COMPLETE
325,0.4907805919647217,2025-04-17 04:00:08.660841,2025-04-17 04:00:34.962469,0 days 00:00:26.301628,0.19854526391197988,0.7940273634090944,16,0.23600089734051924,0.22596496554832407,0.045053147059067294,0.008814446884941655,0.013537903724400668,0.09284308799046143,1.661302244812833e-05,22,78,0.019146244205929766,0.09001285702296336,False,False,False,5.0602012455037555e-06,COMPLETE
326,0.49697098731994627,2025-04-17 04:00:35.063195,2025-04-17 04:01:01.986975,0 days 00:00:26.923780,0.11755666687205142,0.7393514056622955,16,0.29004179431799704,0.2095600116343188,0.0868979506623206,0.005917619838217435,0.02106324284064281,0.09078236717927492,3.5506521030236576e-05,24,72,0.021624240295227852,0.05893985667529034,False,False,False,8.734812625289245e-06,COMPLETE
327,0.09204583168029785,2025-04-17 04:01:02.089158,2025-04-17 04:01:34.389146,0 days 00:00:32.299988,0.1737227861741689,0.6633331425560703,8,0.2540136696898893,0.185009175285547,0.08958800390186311,0.014494045802781661,0.008457257072766462,0.09975876059648177,2.129457540211475e-05,23,67,0.0165601112951539,0.06779036921819762,True,True,False,1.1887650734862693e-05,COMPLETE
328,0.4428376913070679,2025-04-17 04:01:34.491632,2025-04-17 04:02:02.219734,0 days 00:00:27.728102,0.22300073761884784,0.6980299305840652,16,0.2481710881411914,0.19771677340964186,0.08356650320132199,0.02003211405771027,0.01543054950676375,0.04148885898351772,2.915891901952982e-05,25,77,0.014659959450997627,0.11711625744303145,False,False,False,9.104440228878549e-05,COMPLETE
329,0.4468778252601624,2025-04-17 04:02:02.330931,2025-04-17 04:02:29.404231,0 days 00:00:27.073300,0.08786493563552522,0.7584462525986982,16,0.258945451082198,0.21401507367168898,0.09032180225072718,0.011034742622402543,0.03858343463267376,0.09725662054531102,0.0007820601022842453,24,62,0.020421523502999212,0.041574336427803504,False,False,False,5.9087015696354525e-06,COMPLETE
330,0.49027155637741093,2025-04-17 04:02:29.507597,2025-04-17 04:03:59.822960,0 days 00:01:30.315363,0.14488928473578563,0.7171962191728052,2,0.23207853355937275,0.15917963468571705,0.08695440520545374,0.00312779467477977,0.010615686967974445,0.09366098002164612,4.1489087039666804e-05,22,71,0.018321985501515682,0.035326203999060106,False,False,False,0.0009513158992682599,COMPLETE
331,0.5374201655387879,2025-04-17 04:03:59.924602,2025-04-17 04:04:26.406646,0 days 00:00:26.482044,0.1566734547537766,0.7767739750764684,16,0.24091960202524423,0.1916538254939688,0.08124770557870999,0.00699426629352178,0.02291936198007624,0.0890155293418239,2.4390424612598404e-05,23,75,0.023822397588185447,0.07431136747479947,False,False,False,2.096706769261929e-06,COMPLETE
332,0.5383168697357178,2025-04-17 04:04:26.509134,2025-04-17 04:04:53.015625,0 days 00:00:26.506491,0.12631767424352466,0.625154158647157,16,0.2208862722550593,0.20721116960856167,0.09178005416321346,0.004709906580158878,0.012256229547861899,0.08452037204301616,3.467361653639544e-05,23,81,0.025077187245250755,0.04898700970891812,False,False,False,8.139188519901207e-06,COMPLETE
333,0.5371418476104737,2025-04-17 04:04:53.129311,2025-04-17 04:05:18.698229,0 days 00:00:25.568918,0.20771403225466692,0.8057946071883074,16,0.24418237873742005,0.23167158502708549,0.08425204566970416,0.009622518092598144,0.08365869619338248,0.09507826477964561,1.72504546164869e-05,21,64,0.04840636381809754,0.06237850041987478,False,False,False,1.4752267282323583e-05,COMPLETE
334,0.5476104617118835,2025-04-17 04:05:18.804507,2025-04-17 04:05:44.828771,0 days 00:00:26.024264,0.18693304362489033,0.6768913350247064,16,0.2640748730711035,0.22026993396454603,0.08864201915401007,0.008074828575013382,0.017743765281356124,0.0011197102534971984,2.9490924480719686e-05,22,69,0.017217992057918147,0.055898118651551865,False,False,False,2.8681731752228032e-06,COMPLETE
335,0.31714858412742614,2025-04-17 04:05:44.932054,2025-04-17 04:06:10.332321,0 days 00:00:25.400267,0.1873617244152129,0.6813057503630024,16,0.26889805669650296,0.20256332274832503,0.09134044755422112,0.016008936522540058,0.01838325666425371,0.01048016929900179,2.0702899535700287e-05,20,59,0.014038403315795147,0.05575300765181625,False,False,False,2.2889047530862944e-06,COMPLETE
336,0.4831987738609314,2025-04-17 04:06:10.435684,2025-04-17 04:06:36.583173,0 days 00:00:26.147489,0.17523179612151382,0.6616647292522383,16,0.2615166806681143,0.17898394892603978,0.08971095180551408,0.01173438218603617,0.019363249964596103,0.015665528735529184,3.860365871872102e-05,21,68,0.015723412873323805,0.05037651830107298,False,False,False,3.245921632643204e-06,COMPLETE
