number,value,datetime_start,datetime_complete,duration,params_alpha-eval,params_alpha-train,params_batch-size,params_eps-eval,params_eps-train,params_lambda-actions-eval,params_lambda-actions-train,params_lambda-frames-eval,params_lambda-frames-train,params_learning-rate,params_n-epochs,params_n-frames,params_radius-gw,params_rho,params_std-feats,params_ub-actions,params_ub-frames,params_weight-decay,state
1523,0.34008442759513857,2025-04-10 11:10:26.999568,2025-04-10 11:11:33.274501,0 days 00:01:06.274933,0.5767081384053372,0.5027719517533761,2,0.038635052792760374,0.1502075076430444,0.06685350310107084,0.08254077916290666,0.05890227491165265,0.02452822038647293,0.0026314435944715664,14,143,0.0010151894062171924,0.09410159106906342,False,False,False,1.6359040252945886e-08,COMPLETE
1524,0.48948708772659305,2025-04-10 11:11:33.782720,2025-04-10 11:12:31.570113,0 days 00:00:57.787393,0.6157534381070575,0.5319331076303077,2,0.022798942565244205,0.030152911101703685,0.07187862040360349,0.08634509629300965,0.06306164014182147,0.020501945219066606,0.0031807387623514283,14,146,0.003005001384973337,0.09007818277437164,False,True,False,1.1064279488959598e-08,COMPLETE
1525,0.4836140036582947,2025-04-10 11:12:32.059191,2025-04-10 11:13:38.243897,0 days 00:01:06.184706,0.5929870550046583,0.5201836972027375,2,0.02230984253384026,0.035579950275879374,0.0692310538133609,0.08750079103405103,0.060232534508719134,0.025334278045358004,0.002498813167958186,14,143,0.0010059173899621212,0.09690464986438393,False,False,False,2.0410733537072838e-08,COMPLETE
1526,0.48937625885009767,2025-04-10 11:13:38.732299,2025-04-10 11:14:48.143594,0 days 00:01:09.411295,0.5736509002280917,0.5432327239815911,2,0.03106952859118966,0.024928164703959366,0.06876201792737985,0.07859669369045885,0.06153024293440526,0.021535655482693147,0.0035574951149530206,15,147,0.003367609625255831,0.10640510108257024,False,False,False,2.1678202616297823e-08,COMPLETE
1527,0.48664971590042116,2025-04-10 11:14:48.632891,2025-04-10 11:16:01.212536,0 days 00:01:12.579645,0.5861916704497971,0.49916673585177773,2,0.01726683029527717,0.031033812761063498,0.06640316969300332,0.08164921745573132,0.057541344762973214,0.021775852214512816,0.0029891377952582375,16,144,0.0033707640280094407,0.09901161792731987,False,False,False,2.2324708009288447e-08,COMPLETE
1528,0.3967544317245484,2025-04-10 11:16:01.723212,2025-04-10 11:17:10.828305,0 days 00:01:09.105093,0.612593561496381,0.5397787801137516,2,0.024920719198597778,0.036758938624035044,0.07136574563087036,0.08491899811052775,0.05907442327832603,0.022096211260700258,0.003933935914825936,15,150,0.0033319699271448034,0.08724226986634642,False,False,False,1.6676608663567045e-08,COMPLETE
1529,0.3889737486839295,2025-04-10 11:17:11.317989,2025-04-10 11:18:17.934217,0 days 00:01:06.616228,0.571264157428731,0.5457668038147995,2,0.03583399465880762,0.04211493274435121,0.0665986778020465,0.08726761163958369,0.05702621979951827,0.018816297144930192,0.00243011819158746,14,145,0.0032680655295817306,0.09153306347719395,False,False,False,1.0150097671909742e-08,COMPLETE
1530,0.4848836660385132,2025-04-10 11:18:18.423683,2025-04-10 11:19:24.984600,0 days 00:01:06.560917,0.5745606997127476,0.5288806861668047,2,0.027933357781044523,0.025443446095844334,0.06860341884473935,0.08786478023088726,0.06337656302777041,0.021376113825892825,0.00252877302600806,14,143,0.003271937456379011,0.0869422784645446,False,False,False,1.4569145062155699e-08,COMPLETE
1531,0.48290950059890747,2025-04-10 11:19:25.493298,2025-04-10 11:20:31.946102,0 days 00:01:06.452804,0.6019965119631984,0.5164004013818976,2,0.01298573666681057,0.02860280262005393,0.07092578091377501,0.08745216663260356,0.05653048482027964,0.029725720499812612,0.0031563695762372285,14,142,0.0033011927535728917,0.1087412030908522,False,False,False,1.3302389101915992e-08,COMPLETE
1532,0.5115679383277894,2025-04-10 11:20:32.438139,2025-04-10 11:21:30.365145,0 days 00:00:57.927006,0.5737016674936453,0.5421593693278469,2,0.0450579516904647,0.022212623117929264,0.0721764918695144,0.08537519474338609,0.0615954341157903,0.019820513405163748,0.0024837445441978747,14,150,0.00343008368023107,0.09291289563881425,False,False,True,1.7408327769000812e-08,COMPLETE
1533,0.3902029931545258,2025-04-10 11:21:30.860920,2025-04-10 11:22:37.181564,0 days 00:01:06.320644,0.5686107780170291,0.49954020580475555,2,0.05071831004505292,0.04213759680751308,0.06667916064508637,0.08175030540471864,0.05956715636970986,0.0274681597105096,0.002832367572018741,14,147,0.0030366219688549635,0.0862001323512214,False,False,False,2.2383160970446267e-08,COMPLETE
1534,0.4607432842254639,2025-04-10 11:22:37.690812,2025-04-10 11:23:46.846464,0 days 00:01:09.155652,0.5961822923591722,0.5474438331859324,2,0.01753795179091138,0.03358417156539307,0.0689581722273256,0.08386155572859019,0.05585910204943636,0.024771834124983884,0.0037861577691105904,15,142,0.0011023305338174602,0.08797716688181643,False,False,False,2.300433401179211e-08,COMPLETE
1535,0.5081356763839722,2025-04-10 11:23:47.340194,2025-04-10 11:25:00.567417,0 days 00:01:13.227223,0.571608695029098,0.5176123904833488,2,0.041007843918198165,0.028432111261147253,0.06699794661048288,0.08765595479807105,0.05919872999231621,0.01968474063842477,0.0021785129011888675,16,145,0.0036773467553969505,0.09825909677416522,False,False,False,1.6948528748497155e-08,COMPLETE
1536,0.47004438638687135,2025-04-10 11:25:01.061065,2025-04-10 11:26:10.862845,0 days 00:01:09.801780,0.6231312223819296,0.5502301690815175,2,0.03283988520675649,0.036325496543578834,0.07017227830526479,0.08791602252166353,0.06110901640745296,0.017110810748762983,0.003038938755304952,15,147,0.0028467016335197454,0.0854068737096702,False,False,False,1.3249070511561695e-08,COMPLETE
1537,0.47859958410263065,2025-04-10 11:26:11.372923,2025-04-10 11:27:20.575132,0 days 00:01:09.202209,0.568700110663836,0.5172238824283931,2,0.02425059386076041,0.022317005873560808,0.0666554928529457,0.08577559892253221,0.06135367970820437,0.022632080895810758,0.004125093239778991,15,143,0.0010795011594058805,0.09369487776527133,False,False,False,2.1013752717825932e-08,COMPLETE
1538,0.608701515197754,2025-04-10 11:27:21.068561,2025-04-10 11:28:27.520453,0 days 00:01:06.451892,0.5882082234245136,0.5454931636712627,2,0.0427843192161147,0.030565833516993362,0.06843283048014721,0.08507853252375523,0.05640982715486668,0.016754807277759968,0.0023124461512133766,14,141,0.003885350388186095,0.08494838294069268,False,False,False,1.2079302078399736e-08,COMPLETE
1539,0.4307687759399414,2025-04-10 11:28:28.014705,2025-04-10 11:29:33.840013,0 days 00:01:05.825308,0.6015944429891357,0.5236153972397872,2,0.046522974637103705,0.03954035669833899,0.06925616077064728,0.08280693153118902,0.056443609354836964,0.01838990339575891,0.00279536497986798,14,141,0.0040363927286325135,0.10232998484031006,False,False,False,1.3747642460217791e-08,COMPLETE
1540,0.413154423236847,2025-04-10 11:29:34.333939,2025-04-10 11:30:41.684735,0 days 00:01:07.350796,0.6145967606807982,0.4981890821705533,2,0.022078669204727543,0.042965934408777745,0.0723263153830989,0.08002835226748928,0.05741627384310071,0.019999022959050664,0.002407560569106434,14,141,0.001016567259195442,0.09059811665023265,True,False,False,1.6086578360050586e-08,COMPLETE
1541,0.4590808391571045,2025-04-10 11:30:42.200806,2025-04-10 11:31:48.017920,0 days 00:01:05.817114,0.5915895338738271,0.533122953883451,2,0.04325172124759036,0.03533566189483413,0.06820753271761694,0.08389140408879106,0.058952144372983524,0.01756430803870751,0.0024036481528292423,14,141,0.0010310681608299826,0.08588564961698517,False,False,False,1.2203540210038638e-08,COMPLETE
1542,0.5265044808387757,2025-04-10 11:31:48.529807,2025-04-10 11:33:03.856634,0 days 00:01:15.326827,0.6265771205030881,0.5001950706534645,2,0.03845494402991953,0.03176321622705073,0.06615622485971245,0.08559266498986351,0.056683310681269125,0.016127530675985415,0.0030677606901351813,17,145,0.003956363067111782,0.09573898447630858,False,False,False,1.3301401363235857e-08,COMPLETE
1543,0.3656451106071472,2025-04-10 11:33:04.347084,2025-04-10 11:34:13.968637,0 days 00:01:09.621553,0.5874576530441271,0.5510547417434003,2,0.03207131264180903,0.043802085864255144,0.07076879045462972,0.08212137322801734,0.055987681831557314,0.01971833947502144,0.0034563042306794897,15,147,0.004025565527516949,0.08528560986342425,False,False,False,1.0137635497421194e-08,COMPLETE
1544,0.5094842195510865,2025-04-10 11:34:14.480603,2025-04-10 11:35:12.720486,0 days 00:00:58.239883,0.6164388937442424,0.5231861821650815,2,0.06294496979480559,0.03191152643808121,0.06890844700795318,0.0823126263396944,0.057903049677040574,0.01699212569125291,0.002525887856666527,14,142,0.003738736043173083,0.09322653012061806,False,True,False,1.7465898055975672e-08,COMPLETE
1545,0.37883260250091555,2025-04-10 11:35:13.214580,2025-04-10 11:36:22.628285,0 days 00:01:09.413705,0.5988420468865853,0.5415278261921121,2,0.02685478046055123,0.0370280489674078,0.06604874532463224,0.08633742559028534,0.05903962177286319,0.018342184294695182,1.0579801232096193e-05,15,141,0.003917776962215278,0.08434587792545092,False,False,False,1.0989415212377487e-08,COMPLETE
1546,0.5102109074592591,2025-04-10 11:36:23.119587,2025-04-10 11:37:29.292289,0 days 00:01:06.172702,0.5838439207677434,0.5031915230372844,2,0.03988386118331756,0.029291192899669825,0.07208728105986838,0.08472491475644446,0.05938209958706153,0.016567756373127667,0.0022402219933374836,14,145,0.0029572287286351324,0.10061931503646357,False,False,False,1.017040941470531e-08,COMPLETE
1547,0.3650815486907959,2025-04-10 11:37:29.806571,2025-04-10 11:38:36.441956,0 days 00:01:06.635385,0.5713719732678542,0.5475647197081018,2,0.05193549800197784,0.042409696433747784,0.06819652405339652,0.08752615415813443,0.05557011834017354,0.022071463283524054,0.004065156189018672,14,141,0.004188923645324542,0.08805009120214119,False,False,False,2.3191330481550746e-08,COMPLETE
1548,0.5180885791778564,2025-04-10 11:38:36.941081,2025-04-10 11:39:46.048308,0 days 00:01:09.107227,0.6092079548448727,0.5158383439203118,2,0.0351362669088295,0.024372093020374866,0.0702121268896012,0.08787786743295539,0.06274241384034371,0.019626742858337518,0.003110395847560427,15,150,0.0010938274858301694,0.09100729844665693,False,False,False,1.3051179550230117e-08,COMPLETE
1549,0.4761631846427918,2025-04-10 11:39:46.551053,2025-04-10 11:40:52.933277,0 days 00:01:06.382224,0.5689310392207603,0.5303630735779077,2,0.013085076944140704,0.03645949470956732,0.06654896696394033,0.08501312426716173,0.06378430868506739,0.016278250449403293,0.002320151851942637,14,145,0.004205935959435797,0.08319475118927003,False,False,False,1.7451189993352902e-08,COMPLETE
1550,0.511156713962555,2025-04-10 11:40:53.451072,2025-04-10 11:41:59.932766,0 days 00:01:06.481694,0.5986074397040155,0.5544386034686271,2,0.03329528225295538,0.029866909928620105,0.07230039925408405,0.08846419092189639,0.05591868038582692,0.018472834659414107,0.002788920866486548,14,141,0.0042507060397232975,0.11046186873981005,False,False,False,1.637163785604531e-08,COMPLETE
1551,0.5021154046058656,2025-04-10 11:42:00.429177,2025-04-10 11:42:58.445623,0 days 00:00:58.016446,0.5647148221602927,0.5009756283629095,2,0.04906794830197988,0.021375304950971532,0.06789325059339649,0.08845662519838261,0.06052015715129683,0.023404727761613897,0.0020621921080166724,14,147,0.0010506488761316821,0.0826580536144308,False,False,True,2.454953971631243e-08,COMPLETE
1552,0.4534597635269165,2025-04-10 11:42:58.939660,2025-04-10 11:44:11.608540,0 days 00:01:12.668880,0.583279165159496,0.5462926427098547,2,0.028876386808588946,0.03426155143457871,0.06599694702900058,0.08571892422558523,0.05838123626664751,0.015149744020904214,0.0032368123492064146,16,144,0.0010497519937619063,0.09563705917155124,False,False,False,1.349285868558031e-08,COMPLETE
1553,0.4854814291000366,2025-04-10 11:44:12.138720,2025-04-10 11:45:21.651555,0 days 00:01:09.512835,0.6239475635370998,0.5351455106485308,2,0.01638678306750214,0.027729596071761634,0.06951750139443717,0.08345180491453703,0.05557513705111391,0.016351524778867282,0.0021074637014157492,15,141,0.002821789249044851,0.08317624087396139,False,False,False,1.0185904418850702e-08,COMPLETE
1554,0.4208399891853333,2025-04-10 11:45:22.154456,2025-04-10 11:46:28.936729,0 days 00:01:06.782273,0.5598183747588189,0.5163825981035439,2,0.021267924794845086,0.0424171163038732,0.06585417146303546,0.08840332650185971,0.05700503058274418,0.018948122669275414,0.00426006774384514,14,148,0.004475497561847069,0.0902034669786639,False,False,False,1.9538898658186367e-08,COMPLETE
1555,0.5014451026916504,2025-04-10 11:46:29.434706,2025-04-10 11:47:38.939319,0 days 00:01:09.504613,0.5730208051745525,0.5498095991162019,2,0.04333897076452231,0.019656722412664043,0.0701940338354477,0.08577962996745127,0.010708259227942482,0.02128562861490358,0.002644901372066321,15,139,0.0027159060603286177,0.10264450825161886,False,False,False,2.1914824885917356e-08,COMPLETE
1556,0.4257115125656128,2025-04-10 11:47:39.456423,2025-04-10 11:48:46.424472,0 days 00:01:06.968049,0.5955564305670286,0.5251894146274787,2,0.011205244320943572,0.03701800714342196,0.06840043812109306,0.08133771670500578,0.055027960310771756,0.02506213460916909,0.003523329799571567,14,144,0.004284448393342163,0.08386922299329912,False,False,False,1.7690035279620458e-08,COMPLETE
1557,0.4767258167266846,2025-04-10 11:48:46.922425,2025-04-10 11:49:53.398620,0 days 00:01:06.476195,0.5862214398986497,0.5000601106396074,2,0.026206384992747644,0.025780156802925076,0.07244638274720105,0.08866990971037438,0.060468629636193795,0.016268744725379043,0.0021971673476030157,14,141,0.0027872596255235577,0.08864858335029593,False,False,False,2.410451320894727e-08,COMPLETE
1558,0.6046762943267823,2025-04-10 11:49:53.903665,2025-04-10 11:51:03.558944,0 days 00:01:09.655279,0.556875193100078,0.5554889481204781,2,0.04137399150152932,0.032525174576160706,0.06530781697359173,0.08437838259261951,0.05785060792072859,0.015173432259559421,0.001954029182882999,15,139,0.004740565045053042,0.09653313811902008,False,False,False,1.4321888655776979e-08,COMPLETE
1559,0.345761775970459,2025-04-10 11:51:04.083437,2025-04-10 11:52:18.113589,0 days 00:01:14.030152,0.5830891664146025,0.556154911382468,2,0.05545122604474563,0.08048619834215984,0.06546082010873826,0.08540606157050844,0.05812826666644374,0.018209686144386828,0.002784996336729792,16,139,0.004813581150938834,0.09611308365807804,True,False,False,1.1603720048315912e-08,COMPLETE
1560,0.388099604845047,2025-04-10 11:52:18.610912,2025-04-10 11:53:28.009219,0 days 00:01:09.398307,0.6062103450434118,0.5331480238574078,2,0.04811657050164124,0.04353286234793942,0.06554194309650238,0.0832814696776706,0.05968121624800201,0.021087724136787746,0.001988329844096475,15,143,0.004567978428177001,0.10358032958434794,False,False,False,1.5146308031364926e-08,COMPLETE
1561,0.4832702159881592,2025-04-10 11:53:28.506897,2025-04-10 11:54:31.213839,0 days 00:01:02.706942,0.5703680421948254,0.4944111245550329,2,0.04189363692584104,0.03727271636065236,0.0645814845142385,0.07859985059193453,0.06425987996195245,0.015812398597314536,0.002328133433933347,16,144,0.002615217495305547,0.10797992427413475,False,True,False,1.3314272074134891e-08,COMPLETE
1562,0.49999747276306156,2025-04-10 11:54:31.734438,2025-04-10 11:55:44.283726,0 days 00:01:12.549288,0.5603324006684564,0.5129131098949463,2,0.03632709865616278,0.02989909123183607,0.06561432998304514,0.0805719395874771,0.05738105084999318,0.01989555004101089,0.002681968705292283,16,140,0.0026861090297734037,0.10137428867203502,False,False,False,1.7645545383134706e-08,COMPLETE
1563,0.5233025670051575,2025-04-10 11:55:44.785692,2025-04-10 11:56:50.841826,0 days 00:01:06.056134,0.6200838763273157,0.5515211012621711,2,0.05599389469710242,0.018214390961534356,0.06745021727451814,0.08804972012951817,0.06126413681262954,0.017831439132313744,0.0033477927111359674,14,139,0.004965288077525419,0.09777283738898879,False,False,False,1.3224178594423407e-08,COMPLETE
1564,0.515083646774292,2025-04-10 11:56:51.342963,2025-04-10 11:58:00.656096,0 days 00:01:09.313133,0.5577576960164793,0.5319143561304248,2,0.04471876672399293,0.025089931992408956,0.06498695133875769,0.08387738778063333,0.05679855222079944,0.02360549251079975,0.002061369029655843,15,147,0.0026550311948128564,0.11619760334393016,False,False,False,1.0227810685121553e-08,COMPLETE
1565,0.47921369075775144,2025-04-10 11:58:01.181875,2025-04-10 11:59:10.070417,0 days 00:01:08.888542,0.5853591288718658,0.5573092014174498,2,0.033036989922753994,0.03383276660454657,0.06664960844444368,0.08657391025423235,0.05531317259513407,0.016070753938858866,0.002473110163777253,15,140,0.004485698018374744,0.09475173157303146,False,False,False,1.6834385118998624e-08,COMPLETE
1566,0.4342505812644959,2025-04-10 11:59:10.575374,2025-04-10 12:00:23.724570,0 days 00:01:13.149196,0.6043134174965008,0.5150850111974532,2,0.03909200389054086,0.041008417221371114,0.06556678150629355,0.08117212881122052,0.059072784502898455,0.015085586076994952,0.0020117209426722907,16,143,0.0026322028360351458,0.09347818510092316,False,False,False,2.4069289155573147e-08,COMPLETE
1567,0.5074961066246033,2025-04-10 12:00:24.221167,2025-04-10 12:01:33.430588,0 days 00:01:09.209421,0.5603038157855549,0.557131444051931,2,0.0320261895268298,0.024285982683395973,0.07048416670197251,0.08254249284966661,0.062276422109883385,0.0205621743373026,0.003935104171245703,15,150,0.0010103152461158147,0.10683899174785416,False,False,False,1.528420365801015e-08,COMPLETE
1568,0.6045275568962097,2025-04-10 12:01:33.955894,2025-04-10 12:02:43.720548,0 days 00:01:09.764654,0.5805302220499214,0.4948291501518255,2,0.06463625538374847,0.034270060955620775,0.06457329427775792,0.08406819858899725,0.05440527327562462,0.02803494101043482,0.0028040261095102865,15,140,0.004594818185509775,0.09855601392107044,False,False,False,1.9408833448606296e-08,COMPLETE
1569,0.5277994036674499,2025-04-10 12:02:44.222848,2025-04-10 12:03:53.779290,0 days 00:01:09.556442,0.5579249484581504,0.49505519481392957,2,0.06565774509361665,0.029776688314729613,0.06423201322793194,0.07870562309205344,0.055160136121332325,0.026482601479457652,0.002361055427393381,15,138,0.004925475014078102,0.10709019094959932,False,False,False,2.3920700635268768e-08,COMPLETE
1570,0.3685825645923615,2025-04-10 12:03:54.282309,2025-04-10 12:05:06.603227,0 days 00:01:12.320918,0.5749383831166655,0.49841156608917714,2,0.07121030127152901,0.09453551814927875,0.06441032318309514,0.08706255126382775,0.05409698407986772,0.016441222886754217,0.0021054438183172805,16,138,0.004903937199589892,0.1123077680633672,False,False,False,1.9973655213725305e-08,COMPLETE
1571,0.5071285605430603,2025-04-10 12:05:07.129397,2025-04-10 12:06:10.260101,0 days 00:01:03.130704,0.5538853145957947,0.5344708595338329,2,0.0494621057907435,0.015343165555751014,0.0639926972543291,0.08358065338381936,0.05836751819145754,0.025165105613889377,0.0028247709763814465,16,139,0.005208320067288709,0.10008514503307483,False,False,True,1.49867622141508e-08,COMPLETE
1572,0.511588191986084,2025-04-10 12:06:10.763348,2025-04-10 12:07:20.682339,0 days 00:01:09.918991,0.574584417581391,0.5618327606573823,2,0.04368341881790101,0.02223847838545118,0.06563360024266776,0.08210642951272658,0.05436895184860503,0.026911941446753313,0.001948227590746651,15,141,0.004621344280732787,0.11250576774777993,False,False,False,2.030482327588358e-08,COMPLETE
1573,0.5247006177902223,2025-04-10 12:07:21.180177,2025-04-10 12:08:30.746078,0 days 00:01:09.565901,0.558439725914939,0.4914584280548063,2,0.05855753203749922,0.03064650254891358,0.06327100906337134,0.08274814779406797,0.05523523863687368,0.025013514833504818,0.002640804452170387,15,138,0.00515314068797471,0.1032959258890045,False,False,False,2.4452761118478062e-08,COMPLETE
1574,0.3924673676490784,2025-04-10 12:08:31.271467,2025-04-10 12:09:41.337026,0 days 00:01:10.065559,0.5863658282578622,0.5234192116997461,2,0.050633235253844056,0.04314260613731211,0.06369751037711754,0.0847006679604743,0.06036131561119976,0.02702240461981754,0.0018313588098940027,15,141,0.00516270325225367,0.10055407542260793,False,False,False,2.4777975090536338e-08,COMPLETE
1575,0.40888833999633795,2025-04-10 12:09:41.841318,2025-04-10 12:10:57.756721,0 days 00:01:15.915403,0.5537733266256797,0.5572484520590968,2,0.07515869524887824,0.03876747828697598,0.06499907493013196,0.08382809367090695,0.05741210522076969,0.02349510189722526,0.0024072822439922576,17,147,0.005149995480876354,0.09445911176443349,False,False,False,1.9433564239567295e-08,COMPLETE
1576,0.5082305073738098,2025-04-10 12:10:58.259437,2025-04-10 12:12:07.947937,0 days 00:01:09.688500,0.5794733587042069,0.533730168771161,2,0.042122382129130706,0.026439139645817965,0.06691077691672319,0.08053973943296075,0.0550444065197441,0.015106738407184019,0.001895443592166644,15,145,0.003205947601042666,0.09900521578353244,False,False,False,2.6529670632628987e-08,COMPLETE
1577,0.401254814863205,2025-04-10 12:12:08.469107,2025-04-10 12:13:21.341110,0 days 00:01:12.872003,0.5600154763971485,0.5553617032786089,2,0.05473168583985996,0.01667864979894341,0.06541215990093385,0.08537302763982035,0.0564374057040518,0.017880744587275774,0.0028761249385963914,16,138,0.0046822831301773175,0.09276872729236534,False,False,False,1.901618755551246e-08,COMPLETE
1578,0.4406921744346619,2025-04-10 12:13:21.845486,2025-04-10 12:14:29.191148,0 days 00:01:07.345662,0.584987016468256,0.5114428513785699,2,0.03601169860756005,0.0329708932795312,0.06722652102241332,0.08583384537571376,0.06349359659433326,0.014381677233765051,0.002248301320766582,14,140,0.0030028163888759403,0.08590464027559183,True,False,False,2.5719015276087635e-08,COMPLETE
