number,value,datetime_start,datetime_complete,duration,params_alpha-eval,params_alpha-train,params_batch-size,params_eps-eval,params_eps-train,params_lambda-actions-eval,params_lambda-actions-train,params_lambda-frames-eval,params_lambda-frames-train,params_learning-rate,params_n-epochs,params_n-frames,params_radius-gw,params_rho,params_std-feats,params_ub-actions,params_ub-frames,params_weight-decay,state
505,0.4783965468406678,2025-04-17 05:32:07.753066,2025-04-17 05:32:35.577714,0 days 00:00:27.824648,0.22461611785697236,0.7558377752043732,16,0.2693002589076988,0.18892455992253285,0.08843942903209137,0.023943425076148137,0.016625588210314506,0.04982699200761041,1.6733757675902996e-05,25,98,0.025819935241592325,0.054920141193677774,False,False,False,0.0006258799835905687,COMPLETE
506,0.5018601655960083,2025-04-17 05:32:35.736136,2025-04-17 05:32:56.923030,0 days 00:00:21.186894,0.10626414395614996,0.6728450237285686,16,0.2846585943290191,0.1958338209580808,0.09752894646185327,0.02009014407087487,0.0139088836947157,0.08101574626381113,1.7462271040581197e-05,10,78,0.023912650676092564,0.03990245449299187,False,False,False,0.0007627387805376996,COMPLETE
507,0.5055301547050477,2025-04-17 05:32:57.085164,2025-04-17 05:33:35.596202,0 days 00:00:38.511038,0.14557862188858237,0.6192357311021645,8,0.2866591941141319,0.24991038190542678,0.0843231851804839,0.031106360441568406,0.018136193196931334,0.044925329756824096,2.1988226144118907e-05,26,72,0.020722248509107772,0.061401636094705725,False,False,False,0.00046343202891699613,COMPLETE
508,0.5028372287750245,2025-04-17 05:33:35.764437,2025-04-17 05:34:04.027003,0 days 00:00:28.262566,0.5065164561549325,0.7110072722760383,16,0.2611738725650612,0.23259029435635115,0.0952705002659359,0.040942802913065984,0.024050597281969538,0.04041861707245662,1.5476244225383317e-05,27,68,0.017845550901716804,0.048859600505745435,False,False,False,2.5568222278756365e-06,COMPLETE
509,0.5262327671051026,2025-04-17 05:34:04.188903,2025-04-17 05:34:31.304640,0 days 00:00:27.115737,0.17897889770486836,0.690967184491828,16,0.26633957225986643,0.20398781284266257,0.09367088930280916,0.018476460780382495,0.015314790198016657,0.08362375855114036,2.4039024406952704e-05,24,74,0.022097972180052584,0.05592126187215815,False,False,False,2.1579949108659496e-06,COMPLETE
510,0.4774178504943848,2025-04-17 05:34:31.478658,2025-04-17 05:36:08.064949,0 days 00:01:36.586291,0.15629673529504862,0.741075837461483,2,0.25728367689911774,0.21822134537288818,0.016845529118147448,0.036386831319716206,0.01943889274711558,0.04165837742228486,1.9239289855508715e-05,24,65,0.02549209695195675,0.06504590647416597,False,False,False,2.94746868771996e-06,COMPLETE
511,0.5355874300003052,2025-04-17 05:36:08.224433,2025-04-17 05:36:35.705414,0 days 00:00:27.480981,0.13799621502914286,0.7675121527690209,16,0.27626669449945773,0.19921963826875294,0.08750151067414566,0.015430870436406703,0.012543829831763649,0.005261720980852022,1.2423866177042605e-05,25,70,0.018260320087938747,0.06551918417947067,False,False,False,0.0004079045416682599,COMPLETE
512,0.32964317202568055,2025-04-17 05:36:35.864439,2025-04-17 05:37:02.637159,0 days 00:00:26.772720,0.2629969687034389,0.648411359368903,16,0.2960039943891399,0.22474578754171215,0.09141242969066735,0.023587166280601785,0.016687585213766412,0.07968059666487451,2.4608583443076067e-05,25,8,0.020235998921789518,0.05561694774864396,False,False,False,1.3105837752684934e-05,COMPLETE
513,0.4723676562309265,2025-04-17 05:37:02.809558,2025-04-17 05:37:30.024165,0 days 00:00:27.214607,0.21655858890811291,0.7211149166740135,16,0.24940721147650877,0.1825252929090759,0.0969106803270412,0.013305993903301802,0.01012413235656307,0.04867873909661018,2.035427553867663e-05,24,78,0.023443784204009603,0.04404705498543417,False,False,False,3.7518883852418623e-06,COMPLETE
514,0.506521713733673,2025-04-17 05:37:30.187192,2025-04-17 05:37:56.801286,0 days 00:00:26.614094,0.299950477866637,0.6718348316160775,16,0.2998586046998492,0.20837516067035536,0.08502213778824157,0.01113452572792253,0.06676405863225413,0.09796795958197586,1.575375293819201e-05,23,67,0.016199666068352454,0.05010922438763588,False,False,False,4.737820558349253e-06,COMPLETE
515,0.4901145339012146,2025-04-17 05:37:56.983497,2025-04-17 05:38:23.227845,0 days 00:00:26.244348,0.16677416995170258,0.7073000739954081,16,0.25663944106205655,0.19252606754746174,0.08338375605498427,0.01614025333515318,0.01422719295581917,0.08549064288002493,4.22151329861325e-05,21,73,0.02181379703096053,0.06863223917764709,False,False,False,9.829847395841175e-08,COMPLETE
516,0.4713740944862366,2025-04-17 05:38:23.388984,2025-04-17 05:38:50.016027,0 days 00:00:26.627043,0.18834359484370916,0.7482992215647611,16,0.18393545967936925,0.21496942648651032,0.08947077144575395,0.012524323646348576,0.06151391840372963,0.08294136557891087,2.7072031089541265e-05,22,84,0.019109486133875433,0.05875164383137549,False,False,False,0.00029219169844547986,COMPLETE
517,0.334805428981781,2025-04-17 05:38:50.178234,2025-04-17 05:39:17.660817,0 days 00:00:27.482583,0.10614525347549708,0.692479193834963,16,0.27064747494427477,0.1999357288536529,0.09295028210987384,0.033361593704574304,0.020938713730606778,0.04784047211853978,3.434354089515047e-05,25,64,0.007660174235615734,0.06491225863776329,False,False,False,2.717214370360648e-06,COMPLETE
518,0.45502882003784184,2025-04-17 05:39:17.832048,2025-04-17 05:39:43.067063,0 days 00:00:25.235015,0.23983249314489857,0.7249607440456863,16,0.2422562263591956,0.2646737812004233,0.0866671437480272,0.010258716694736459,0.033467551407335774,0.08796376620547595,0.0323865352084562,20,69,0.025863424652315666,0.03660791816138245,False,False,False,1.6443982067111167e-06,COMPLETE
519,0.09176174998283387,2025-04-17 05:39:43.230252,2025-04-17 05:40:07.249791,0 days 00:00:24.019539,0.1743967830654498,0.6682255895458392,16,0.26300919446267007,0.21951843921223826,0.001110882789640645,0.019137776849836273,0.05799382127756969,0.09144992839018494,1.989759551001305e-05,24,75,0.024230830287774476,0.2717979528930637,False,False,True,4.136802119369466e-06,COMPLETE
520,0.4294079661369324,2025-04-17 05:40:07.426145,2025-04-17 05:40:34.974702,0 days 00:00:27.548557,0.13059484206545213,0.9768697282844065,16,0.28773078656880535,0.2082209011771808,0.09531544701367191,0.039073811666428176,0.018113295107750713,0.0970611939500961,0.0007184841297127745,23,125,0.016916403874699216,0.05241836765245053,False,False,False,2.266201158850279e-05,COMPLETE
521,0.531164038181305,2025-04-17 05:40:35.138394,2025-04-17 05:41:03.285613,0 days 00:00:28.147219,0.2134237232759251,0.7780556192204988,16,0.11530527930898302,0.18575794597246673,0.08993734959791597,0.014391099961796331,0.012616413667627243,0.0819570805480089,2.6592269462614303e-05,26,71,0.02201826428901923,0.06098283654786493,False,False,False,5.2662290959672784e-06,COMPLETE
522,0.11144737899303436,2025-04-17 05:41:03.449393,2025-04-17 05:41:26.796465,0 days 00:00:23.347072,0.15093927267548637,0.6422869983709534,16,0.1967964562261632,0.2014379324215096,0.08060095063149078,0.009322379679734281,0.015605552175176141,0.02951183816102009,1.356657516835254e-05,22,80,0.06545033802293601,0.046456777398022245,False,True,False,3.1088803958025414e-06,COMPLETE
523,0.44638143777847294,2025-04-17 05:41:26.974142,2025-04-17 05:41:53.928667,0 days 00:00:26.954525,0.19522036926354336,0.15976592091106878,16,0.25105166440417653,0.1947833596527707,0.09830619560727646,0.028169462007100493,0.00873163478597398,0.046172655191446955,1.7573561943205702e-05,21,65,0.0197817018432161,0.028831003153555194,True,False,False,0.0006696106172224209,COMPLETE
524,0.5004556298255921,2025-04-17 05:41:54.092596,2025-04-17 05:42:21.412680,0 days 00:00:27.320084,0.17462333566475546,0.7044589094119844,16,0.24640462804007152,0.2291468816339001,0.09196925041317171,0.02216221390240709,0.01114615956380196,0.08965287282852123,2.3300806468799037e-05,25,68,0.02736033606034311,0.07228744987693655,False,False,False,2.320364145465964e-06,COMPLETE
525,0.45428999662399294,2025-04-17 05:42:21.587624,2025-04-17 05:42:44.393804,0 days 00:00:22.806180,0.12287084225631272,0.7375739740857921,16,0.23919363152312836,0.21476625862261567,0.08357709178575828,0.011932266007175977,0.04897718811290361,0.0524900471058394,0.001539269961913571,14,73,0.024565692006151604,0.05358188987826687,False,False,False,4.165319254701942e-06,COMPLETE
526,0.49811609983444216,2025-04-17 05:42:44.559468,2025-04-17 05:43:11.529553,0 days 00:00:26.970085,0.09622435132191322,0.686372781159764,16,0.25819484541893173,0.27835243141384114,0.0876348899295394,0.03518848474377338,0.042309620545017725,0.0847667735463671,9.278692139251566e-05,24,75,0.013746719062087628,0.04139710824398658,False,False,False,1.4299838917153147e-05,COMPLETE
527,0.5415909886360168,2025-04-17 05:43:11.693583,2025-04-17 05:43:38.299550,0 days 00:00:26.605967,0.149706118276794,0.7207398640702155,16,0.26677183969506923,0.23695038516553357,0.0941520850373368,0.007648787358488012,0.02494853567251889,0.02498554806859128,3.3197768899623205e-05,23,71,0.020562077382281697,0.05946395142736495,False,False,False,0.0009780128834393925,COMPLETE
528,0.5076983809471131,2025-04-17 05:43:38.474661,2025-04-17 05:44:04.770061,0 days 00:00:26.295400,0.23044926537273927,0.7614502342229602,16,0.16646690834158934,0.2058271651963358,0.08572312669947739,0.015429650887141601,0.017223972421565467,0.09996226861868228,2.997552949484073e-05,22,77,0.04691788091040568,0.0690815876906633,False,False,False,6.070114573051856e-06,COMPLETE
529,0.480869722366333,2025-04-17 05:44:04.936230,2025-04-17 05:44:32.569446,0 days 00:00:27.633216,0.20425385385097045,0.7982412881144766,16,0.27386784082983345,0.22159927876245777,0.09994065694524806,0.009748728691528073,0.01429519911169386,0.09556694520904112,4.413836551756649e-05,26,67,0.022651388433082623,0.06333843851734805,False,False,False,9.641528285149134e-06,COMPLETE
530,0.4854266524314881,2025-04-17 05:44:32.746749,2025-04-17 05:45:00.080035,0 days 00:00:27.333286,0.18361424783478905,0.661836458874753,16,0.2520240730627337,0.19149356594827394,0.09612620229683275,0.0978462527557309,0.02186517978396395,0.06459226526373171,2.083911934128553e-05,24,89,0.01653137540233439,0.017363409784288387,False,False,False,3.2906293777463644e-06,COMPLETE
531,0.5170841574668884,2025-04-17 05:45:00.245142,2025-04-17 05:45:30.433910,0 days 00:00:30.188768,0.16221394975351985,0.6875956455543867,8,0.23683478818264275,0.2108749909702791,0.07729256455926715,0.012781563497993855,0.01888432053873577,0.07901595644466684,1.692520629604871e-05,16,64,0.018794656388204455,0.07488913463207465,False,False,False,3.117207159918747e-05,COMPLETE
532,0.4659762740135193,2025-04-17 05:45:30.615318,2025-04-17 05:47:04.051817,0 days 00:01:33.436499,0.2566004236017862,0.7457384306437944,2,0.2421826501680501,0.14556701854357354,0.0824496757831564,0.017476066585155624,0.015889373426919345,0.04675205265202972,3.9360173159942e-05,23,83,0.027617625455848345,0.04852540160084063,False,False,False,5.011511756192282e-06,COMPLETE
533,0.3353908658027649,2025-04-17 05:47:04.218663,2025-04-17 05:47:31.914254,0 days 00:00:27.695591,0.1380760581609025,0.708915144899025,16,0.2481863607120183,0.20067353455559767,0.0913442027509417,0.0257230138957282,0.012666356140345541,0.0364722417239064,2.571770808303083e-05,25,70,0.011134981050801318,0.054045700457522806,False,False,False,1.7992527559195761e-06,COMPLETE
534,0.45461003780364995,2025-04-17 05:47:32.081094,2025-04-17 05:47:57.486488,0 days 00:00:25.405394,0.4784456536042897,0.6060252857025776,16,0.2262748218457127,0.0898436135709687,0.08925160089540557,0.007495430230801211,0.020457509318216504,0.0871010129458301,0.015410517788816247,20,60,0.024955521496943137,0.0675249932912294,False,False,False,1.8430241930015536e-05,COMPLETE
535,0.5228749513626099,2025-04-17 05:47:57.665377,2025-04-17 05:48:27.006170,0 days 00:00:29.340793,0.11659593334068041,0.7306960602849931,16,0.26204061507609505,0.21660940947312504,0.08515157209055595,0.010638201974467305,0.008607758199940366,0.0983795539038647,3.2651152128553884e-05,29,80,0.015165907120798301,0.057957562226010714,False,False,False,1.1774680577407437e-05,COMPLETE
536,0.4930720210075379,2025-04-17 05:48:27.173035,2025-04-17 05:48:54.429477,0 days 00:00:27.256442,0.2203307823153985,0.7707832124111489,16,0.25418890987702514,0.20580290516119756,0.09413855977779527,0.043054156022517345,0.014653056309110155,0.08120834342884357,6.027926398884243e-05,24,73,0.021530651532861794,0.04250882914354578,False,False,False,2.805650149429722e-06,COMPLETE
537,0.49838937520980836,2025-04-17 05:48:54.610111,2025-04-17 05:49:22.755991,0 days 00:00:28.145880,0.1887355992937272,0.6544694947067136,16,0.2823932216103653,0.18292058837784111,0.08118114174462523,0.014036991179407304,0.017442795003312833,0.08979990559537072,2.2058302621415165e-05,27,66,0.018364380414875592,0.0639647620510225,False,False,False,4.2539607689219685e-06,COMPLETE
538,0.11039641797542574,2025-04-17 05:49:22.924279,2025-04-17 05:49:46.553471,0 days 00:00:23.629192,0.16364673033283575,0.6238511496097487,16,0.23455060612963546,0.21158465174424193,0.08762892346142308,0.005913149978783961,0.011783507903878616,0.09192115652056287,1.352633506988703e-05,23,69,0.022347002038906393,0.04856615587031895,False,False,True,6.399163708855704e-06,COMPLETE
539,0.5470267057418823,2025-04-17 05:49:46.722477,2025-04-17 05:50:14.393854,0 days 00:00:27.671377,0.14859061668281207,0.39035115843117196,16,0.24490006189619395,0.19595426143879766,0.09663321971200284,0.00894137933695574,0.018977810270839605,0.018833993817884982,2.717256265855722e-05,24,104,0.020049077563645382,0.0727369170359607,False,False,False,0.0002342562031408289,COMPLETE
540,0.48827064037323,2025-04-17 05:50:14.572551,2025-04-17 05:50:42.555898,0 days 00:00:27.983347,0.13767314209391868,0.43845643848932403,16,0.12946058698327717,0.18785448817287848,0.09757571635364698,0.009040360846549429,0.022857607668980057,0.0010572440843220543,3.73157722638441e-05,25,105,0.05096251118435584,0.0787131824080143,False,False,False,0.00024561132776655545,COMPLETE
541,0.12197081744670868,2025-04-17 05:50:42.725599,2025-04-17 05:51:09.200742,0 days 00:00:26.475143,0.0988086697503724,0.36459828042015796,16,0.24221245569717245,0.1962250805126017,0.09775171287683988,0.007264975457678891,0.015934815176174257,0.03306486308606643,2.8261202755472763e-05,22,100,0.016996638754274818,0.07460744816778678,True,True,False,7.818111976289142e-06,COMPLETE
542,0.503505289554596,2025-04-17 05:51:09.382446,2025-04-17 05:51:34.787562,0 days 00:00:25.405116,0.14750473527709976,0.5845223971931162,16,0.24796165867453046,0.19621236806722475,0.09622322482728557,0.010932238210130316,0.007201598073754194,0.016091361800638464,4.6590604834894306e-05,21,52,0.019777504315274072,0.08057510870533542,False,False,False,0.00020577404985156156,COMPLETE
543,0.4890737891197205,2025-04-17 05:51:34.957486,2025-04-17 05:52:03.064703,0 days 00:00:28.107217,0.16599417065240055,0.4047091004776219,16,0.23633862656793064,0.19013247795784635,0.09526800294145543,0.004556060604509017,0.010377679467347823,0.026325515903895032,3.009237062520774e-05,26,97,0.015241089582673988,0.07210666242074533,False,False,False,0.000334272709049286,COMPLETE
544,0.5479507684707642,2025-04-17 05:52:03.253796,2025-04-17 05:52:30.613158,0 days 00:00:27.359362,0.12768899214487253,0.35509081565963724,16,0.24428233487446552,0.20194973730911503,0.09999656256985953,0.008608828237610344,0.013528220085306328,0.012868464925481507,3.596836539016652e-05,23,106,0.018216202432615874,0.07031088960583441,False,False,False,2.2110577550962933e-06,COMPLETE
545,0.5454659342765809,2025-04-17 05:52:30.783256,2025-04-17 05:52:58.285969,0 days 00:00:27.502713,0.11135853381367425,0.3483378447712729,16,0.2288547266535322,0.20131751882608712,0.09871892587536721,0.009081764508160731,0.013971614783058103,0.09546394271146333,5.076626867046413e-05,23,105,0.017388520849316837,0.08287027927956023,False,False,False,1.4584667760180482e-06,COMPLETE
546,0.5336940288543701,2025-04-17 05:52:58.458981,2025-04-17 05:53:26.644398,0 days 00:00:28.185417,0.1246459641237866,0.3280072912623409,16,0.2542468777991111,0.20385470171342102,0.09991311723424316,0.011620086761481149,0.019760962596394097,0.019512509564394556,4.052343473909465e-05,25,116,0.018540930477513897,0.07629466127555468,False,False,False,2.26288220389449e-06,COMPLETE
547,0.5226235151290894,2025-04-17 05:53:26.826091,2025-04-17 05:53:53.433212,0 days 00:00:26.607121,0.12747032308632095,0.31238943413261555,16,0.2431415680124101,0.19602570241568104,0.09840714503288858,0.07345905655037811,0.016798666105575222,0.0069849337584078856,3.610827044605312e-05,22,102,0.014590537674398427,0.06961332477114134,False,False,False,1.8640889703823643e-06,COMPLETE
548,0.5459532141685486,2025-04-17 05:53:53.604137,2025-04-17 05:54:21.278648,0 days 00:00:27.674511,0.14689355063180404,0.38843859906950046,16,0.24618598425804777,0.2002464596502351,0.09683307487894975,0.008821297983609654,0.013930442176168092,0.010540249223522887,3.356711301995811e-05,24,111,0.01972938082707102,0.10679767488666875,False,False,False,2.3684397093226725e-06,COMPLETE
549,0.5461196184158326,2025-04-17 05:54:21.462185,2025-04-17 05:54:48.554209,0 days 00:00:27.092024,0.11045159014178048,0.2742648112220024,16,0.25980809619369577,0.20729602027101948,0.09932584454331694,0.012796853980636241,0.017870715740740728,0.017437977484789847,4.5574918573267114e-05,23,108,0.012469193139184077,0.07131814596002667,False,False,False,2.964278371929931e-06,COMPLETE
550,0.5269513010978699,2025-04-17 05:54:48.725392,2025-04-17 05:55:18.272881,0 days 00:00:29.547489,0.14870847158577583,0.38747775497657005,16,0.23454241865000877,0.19156646811580624,0.09678832658148903,0.010718327244134908,0.015590018922166883,0.0033193723986032916,2.634500136772617e-05,28,114,0.016564814404464542,0.07667619907862028,False,False,False,3.6148428175434317e-06,COMPLETE
551,0.4670974493026734,2025-04-17 05:55:18.457984,2025-04-17 05:55:56.681227,0 days 00:00:38.223243,0.09111244041382488,0.3730099644020933,8,0.2513634445871218,0.20337791010454373,0.09990010868851952,0.0075860859255951485,0.02116454719357567,0.01319835101076859,6.310187034922945e-05,25,110,0.019997150831128713,0.088682448042813,False,False,False,1.2514730157732304e-06,COMPLETE
552,0.4603708148002625,2025-04-17 05:55:56.853421,2025-04-17 05:56:24.326835,0 days 00:00:27.473414,0.1742612703915822,0.3350313316595519,16,0.23901514585291467,0.198376698271804,0.09439180743909314,0.00991437537600138,0.013267174917599883,0.011373619444225368,0.07580745543119093,24,108,0.017545421601290644,0.06638760575740531,False,False,False,9.52445460562917e-07,COMPLETE
553,0.5166906833648682,2025-04-17 05:56:24.513421,2025-04-17 05:56:51.152858,0 days 00:00:26.639437,0.13130815850284494,0.6739948866081394,16,0.22707475918334633,0.2111694486655577,0.0964573505602163,0.012389080994483968,0.019371106062446807,0.09781770274102305,3.5936111795013056e-05,22,78,0.014771495133030641,0.08298002637130615,False,False,False,3.1397214979776756e-07,COMPLETE
554,0.49300512075424197,2025-04-17 05:56:51.327982,2025-04-17 05:57:19.550226,0 days 00:00:28.222244,0.16088216527216276,0.41637479873941385,16,0.24500633063205707,0.1945479441802446,0.09395599795231044,0.008965674386549043,0.016650577027894888,0.0072987261257372385,2.4374023549658667e-05,26,98,0.02068524840057059,0.06836984430463469,False,False,False,2.0612784040238377e-06,COMPLETE
555,0.5064560651779175,2025-04-17 05:57:19.723801,2025-04-17 05:58:54.027583,0 days 00:01:34.303782,0.1863475906337169,0.2992984447960641,2,0.2587999449930713,0.2067493444038792,0.09300025678415368,0.015223797921777579,0.012215699538899592,0.004546992674721086,3.09253199090875e-05,23,106,0.018716540578289594,0.07481572569795847,False,False,False,5.430097653589131e-06,COMPLETE
556,0.5399955987930298,2025-04-17 05:58:54.213231,2025-04-17 05:59:21.940763,0 days 00:00:27.727532,0.13011465892781215,0.40557325826825685,16,0.2651109536715008,0.19078446054093692,0.09726081345081017,0.011066209924175327,0.025100301172124407,0.013247516382158424,4.364104025007566e-05,24,104,0.01692363965700394,0.06401874981627666,False,False,False,2.847915739689072e-06,COMPLETE
557,0.5154260754585267,2025-04-17 05:59:22.116667,2025-04-17 05:59:48.509422,0 days 00:00:26.392755,0.15135921001692704,0.3775017775926442,16,0.2534409009071125,0.20183497806948963,0.09597203375100781,0.007381132931220555,0.01500684776918527,0.0076030365824650776,2.293376443378553e-05,21,111,0.012753128751824789,0.07212882903946219,False,False,False,3.762733259591222e-06,COMPLETE
558,0.09954779744148255,2025-04-17 05:59:48.694841,2025-04-17 06:00:14.181963,0 days 00:00:25.487122,0.16712149360652365,0.2523773504409319,16,0.21688883821023291,0.21112830883879852,0.09226402475454293,0.06424158408396588,0.018126885239362962,0.09419609792378748,5.291178931942058e-05,25,108,0.02118534648931882,0.061988124016815936,False,False,True,1.7020297453762116e-06,COMPLETE
559,0.5134152531623841,2025-04-17 06:00:14.356260,2025-04-17 06:00:41.408433,0 days 00:00:27.052173,0.10331018477843551,0.3620657751171153,16,0.23231069625221962,0.1973978049469385,0.09485379795207673,0.01339205154149822,0.03744287819929252,0.014634732031898048,2.896602547560426e-05,23,101,0.0198295079325232,0.07805239210391332,False,False,False,4.564161524838502e-06,COMPLETE
560,0.335389256477356,2025-04-17 06:00:41.597973,2025-04-17 06:01:10.164889,0 days 00:00:28.566916,0.19059838062183074,0.643730537878854,16,0.2401401252571218,0.20575932863261032,0.09829518469011823,0.05163367152637083,0.022183178756835564,0.09677928180861844,3.635912090588313e-05,27,81,0.010266574357101144,0.06781953902707355,False,False,False,2.523882876608583e-06,COMPLETE
