number,value,datetime_start,datetime_complete,duration,params_alpha-eval,params_alpha-train,params_batch-size,params_eps-eval,params_eps-train,params_lambda-actions-eval,params_lambda-actions-train,params_lambda-frames-eval,params_lambda-frames-train,params_learning-rate,params_n-epochs,params_n-frames,params_radius-gw,params_rho,params_std-feats,params_ub-actions,params_ub-frames,params_weight-decay,state
0,0.49021155834198,2025-04-17 01:13:10.250591,2025-04-17 01:13:40.600429,0 days 00:00:30.349838,0.6193809396491133,0.5237854580946435,8,0.15861310611909277,0.29705999910519104,0.037411958893237736,0.05310278790599725,0.05693624939376044,0.07387270054411765,1.8231511313871128e-05,16,90,0.017103177690278512,0.2951162583698707,False,False,False,5.6849286807258616e-08,COMPLETE
1,0.2276800632476807,2025-04-17 01:13:40.604605,2025-04-17 01:14:02.272051,0 days 00:00:21.667446,0.2634008603461675,0.44196917773416466,8,0.16037224895587815,0.24383855349672973,0.025656123500707458,0.05236600291313625,0.08048534108363503,0.04235273123103964,0.0011974837064761127,8,67,0.05054042605810341,0.24453706763621427,True,True,True,0.0001048999996574271,COMPLETE
2,0.24279020428657533,2025-04-17 01:14:02.275721,2025-04-17 01:14:40.034576,0 days 00:00:37.758855,0.46295803413936315,0.6546355060971834,2,0.18610570810117066,0.03283578758397484,0.0585343824611937,0.07873296545554449,0.023384188136174402,0.07998247555173353,5.5288852347705494e-05,7,42,0.0451226559050699,0.2427773192609378,False,True,True,3.618237704569605e-08,COMPLETE
3,0.42497355341911314,2025-04-17 01:14:40.039840,2025-04-17 01:15:18.239878,0 days 00:00:38.200038,0.08628552083868982,0.4809932557142011,8,0.2859115770395871,0.054736464312855476,0.06301329338697631,0.053142585248023275,0.023262728487188536,0.0946203803417388,0.060335535933016285,25,67,0.03363867313832134,0.2715942447809232,True,False,False,6.314991083080451e-06,COMPLETE
4,0.09427145123481752,2025-04-17 01:15:18.244051,2025-04-17 01:15:44.415952,0 days 00:00:26.171901,0.8326920026961568,0.7428862885701204,16,0.2642418316984414,0.007435370044085428,0.0818892909381315,0.03613249783300247,0.037208996059801956,0.09912141040848292,3.562958181513256e-05,27,54,0.07472662323242303,0.19602534232739394,True,True,True,2.1909188802317235e-05,COMPLETE
5,0.09710850268602372,2025-04-17 01:15:44.420473,2025-04-17 01:17:06.832820,0 days 00:01:22.412347,0.5955680426900161,0.9071194087661649,2,0.25272884446688665,0.06305320539267756,0.09465983455056559,0.0012099517845782597,0.04971649802552723,0.07718867021356608,0.000329173386593274,23,84,0.06914452578641035,0.001581873412838886,True,False,True,5.15630356458426e-05,COMPLETE
6,0.15150932669639589,2025-04-17 01:17:06.837595,2025-04-17 01:17:32.298386,0 days 00:00:25.460791,0.8473124435329411,0.7593649985675904,16,0.15035628525298542,0.22332711615631187,0.07725048997065169,0.06165771633853165,0.029255599631403676,0.0340347440662084,0.011384778124545502,26,96,0.07555973624822539,0.1034483796303423,False,True,True,0.00016455647629843646,COMPLETE
7,0.38172736167907717,2025-04-17 01:17:32.304014,2025-04-17 01:18:09.748560,0 days 00:00:37.444546,0.2700724925248773,0.25569250861821774,8,0.08916317285758608,0.16122469272006498,0.07320370282386639,0.02241448020078737,0.06893993495807292,0.09163533895810436,0.00041110740137167555,24,105,0.007915937865569597,0.13415603590309474,False,False,False,0.000285996777024947,COMPLETE
8,0.1534701853990555,2025-04-17 01:18:09.754096,2025-04-17 01:18:28.625166,0 days 00:00:18.871070,0.3143192647213694,0.6923591581328641,16,0.22194698027749207,0.2772323656073445,0.034090711845697834,0.01410907171883501,0.023876235673016347,0.05227871152007261,0.00011735159157483049,11,12,0.0045416490716682235,0.21230014573922962,True,True,False,0.000993170835451695,COMPLETE
9,0.4391311883926392,2025-04-17 01:18:28.639322,2025-04-17 01:20:21.685131,0 days 00:01:53.045809,0.5056890255080081,0.5737617265069028,2,0.04588842395275555,0.14475056269529715,0.07066246088472376,0.052414579463170144,0.06688505790084456,0.002315454989767229,0.007016414552814046,28,142,0.06669838226466847,0.18414082258104336,True,False,False,2.103765092783857e-08,COMPLETE
10,0.40304592251777654,2025-04-17 01:20:21.691512,2025-04-17 01:20:52.384010,0 days 00:00:30.692498,0.694098259230671,0.07871811551680902,8,0.09039948739992036,0.29420223638400733,0.00562245467905742,0.09178067455168462,0.002538816909251229,0.060918607276596745,1.3670966521872403e-05,16,131,0.09726949486104589,0.2935954284692848,False,False,False,3.59832864095135e-07,COMPLETE
11,0.44265652894973756,2025-04-17 01:20:52.390518,2025-04-17 01:22:10.909620,0 days 00:01:18.519102,0.5260087680386447,0.3476501780708171,2,0.043779827607248675,0.14748336074948343,0.0437861055151478,0.07104201255205675,0.09967772072412649,0.004608631677741367,0.0028153208349453508,18,145,0.021057804837470995,0.0763674658323982,False,False,False,1.4857199330929889e-08,COMPLETE
12,0.40329896211624144,2025-04-17 01:22:10.916555,2025-04-17 01:23:27.851348,0 days 00:01:16.934793,0.6726931180831819,0.3054215320466854,2,0.004541758576857707,0.14181672456914932,0.03797134416453691,0.0727900236894242,0.09648527290124922,0.004555521141522755,0.002693945849320045,18,118,0.02317726576673682,0.05623229792599891,False,False,False,2.175325618096851e-07,COMPLETE
13,0.44152398109436036,2025-04-17 01:23:27.858545,2025-04-17 01:23:59.351245,0 days 00:00:31.492700,0.46117448884257506,0.31389752974088614,8,0.09974088652587107,0.18932763977846864,0.04721824403080637,0.095788222161042,0.09821438364101567,0.026842766745194,0.04132208939091339,17,123,0.01986946254387974,0.08040698182367,False,False,False,2.2646205707349777e-07,COMPLETE
14,0.39040923714637754,2025-04-17 01:23:59.359119,2025-04-17 01:25:24.235447,0 days 00:01:24.876328,0.959451638131732,0.10646687156795206,2,0.1216495580973327,0.11368543408394573,0.015666481342035812,0.03604975212652008,0.0803973662504799,0.06525897642179539,0.0026157221720727137,20,145,0.02433833242494341,0.019252534830384103,False,False,False,1.2236447442956323e-08,COMPLETE
15,0.47185848951339726,2025-04-17 01:25:24.243180,2025-04-17 01:26:26.356108,0 days 00:01:02.112928,0.7398691049455048,0.41928526632640495,2,0.04563865938455401,0.09207130420165532,0.048506470557779166,0.07083150385587557,0.05646436682051813,0.01611778476172713,1.0083399801816217e-05,13,29,0.03977057794642222,0.1409260353390836,False,False,False,1.1563950070092776e-06,COMPLETE
16,0.3884948253631592,2025-04-17 01:26:26.364114,2025-04-17 01:26:55.323265,0 days 00:00:28.959151,0.7885390915153216,0.9434048043680492,8,0.20622194267816946,0.09493875144199666,0.023739031645974143,0.03556859601946251,0.05302116738541285,0.022583097520620862,1.1634685070227101e-05,15,8,0.042537411942158536,0.13749636454727396,False,False,False,1.3340872754411335e-06,COMPLETE
17,0.43953149318695073,2025-04-17 01:26:55.331954,2025-04-17 01:27:21.741142,0 days 00:00:26.409188,0.7057033255556193,0.5650378039013029,8,0.03311753793851642,0.08321857856431822,0.05502680037598739,0.08516845089835562,0.0523326195693423,0.01919232782617529,3.2945375650044413e-05,12,28,0.05498516991005725,0.16844907893514047,False,False,False,1.1811681105493525e-06,COMPLETE
18,0.39626498818397526,2025-04-17 01:27:21.749780,2025-04-17 01:28:20.738538,0 days 00:00:58.988758,0.35540865442543124,0.1715953198307256,2,0.13199741175131752,0.1969467989261509,0.03411520278131769,0.06727104725294353,0.06697590497699588,0.07801518324565791,0.0001743969791300295,12,36,0.033527611460365175,0.11096876500522163,False,False,False,7.515835942171895e-08,COMPLETE
19,0.33570445179939273,2025-04-17 01:28:20.747444,2025-04-17 01:28:39.726115,0 days 00:00:18.978671,0.9749962693358535,0.4113338770821685,16,0.17596270694777802,0.2554654756248206,0.006589570342598494,0.04336291852832527,0.04152890312449825,0.04854683807724646,1.2673993037750824e-05,5,81,0.010890496545674285,0.2243978680129418,False,False,False,3.2189703088035762e-06,COMPLETE
20,0.1156002163887024,2025-04-17 01:28:39.735348,2025-04-17 01:30:07.123029,0 days 00:01:27.387681,0.620075084919234,0.5693600730259863,2,0.001517171199130217,0.11036542724966149,0.049045051130359285,0.061340364027082914,0.059559779763315494,0.06626604776095242,7.471863114666715e-05,21,98,0.036141401037181345,0.1559561832295986,False,False,False,1.1975078105300335e-07,COMPLETE
21,0.4538980722427368,2025-04-17 01:30:07.132697,2025-04-17 01:31:13.013622,0 days 00:01:05.880925,0.5330473165791395,0.38789625379029746,2,0.0564916567797931,0.18032361202238487,0.043125508298183374,0.07742246561758138,0.08986842622275606,0.011290825336663111,0.000859490096213507,14,112,0.013925094352050998,0.05557736858859344,False,False,False,4.7100950610694956e-08,COMPLETE
22,0.5181462287902833,2025-04-17 01:31:13.025230,2025-04-17 01:32:19.465091,0 days 00:01:06.439861,0.7416204954290248,0.19695651460859828,2,0.07120342474430613,0.19177001745443037,0.04142154152648787,0.08193057115354851,0.07876270939306501,0.015393132854675229,2.522584333599648e-05,14,109,0.01383946788276355,0.038476503263008124,False,False,False,6.897511299559477e-07,COMPLETE
23,0.31922245025634766,2025-04-17 01:32:19.475308,2025-04-17 01:33:12.835729,0 days 00:00:53.360421,0.7700984590717079,0.2050658474061921,2,0.0727520151054604,0.2219418099595203,0.02540720452509211,0.08498337294170145,0.0764955647896297,0.03435236947559038,2.5688626905887383e-05,10,90,0.0010582918484217212,0.04432852230463889,False,False,False,4.741262296944758e-07,COMPLETE
24,0.354383397102356,2025-04-17 01:33:12.846051,2025-04-17 01:34:18.199605,0 days 00:01:05.353554,0.9035056529124238,0.04556556304291004,2,0.12134167971574225,0.2989285760369478,0.06425981275602886,0.05922611348231191,0.06265774936314096,0.011678036942970163,2.3552664642880643e-05,14,77,0.02850985778232791,0.11781539245155379,False,False,False,5.767349219026208e-06,COMPLETE
25,0.34401932954788206,2025-04-17 01:34:18.210315,2025-04-17 01:34:46.299651,0 days 00:00:28.089336,0.7653271726993981,0.16822221012640706,8,0.0680694143905308,0.1215931147479358,0.053690279914852465,0.08590729079665382,0.07549354995887217,0.03584064646536053,1.0082027282120283e-05,13,57,0.014013582927954966,0.2947081928428432,False,False,False,8.13071245642608e-07,COMPLETE
26,0.15861601531505584,2025-04-17 01:34:46.310632,2025-04-17 01:35:29.499756,0 days 00:00:43.189124,0.6073894330695279,0.49691078140129247,2,0.02269462387305477,0.21927166785998597,0.037493573319442,0.09787450170446756,0.08732307554233726,0.015301296444774383,6.172256359704924e-05,9,21,0.04229718954527467,0.08881458915063523,False,True,True,1.4315659308623919e-05,COMPLETE
27,0.40940880179405215,2025-04-17 01:35:29.511160,2025-04-17 01:36:54.342400,0 days 00:01:24.831240,0.9061698091321873,0.8237635024166383,2,0.11144099880377309,0.2603940213664736,0.014928533060721658,0.045436343469602125,0.04360199357791779,0.028590979813717873,0.00013667979159894154,20,106,0.05836595672605151,0.2579617674975526,False,False,False,1.3172040010522257e-07,COMPLETE
28,0.4721322178840638,2025-04-17 01:36:54.353995,2025-04-17 01:37:18.753909,0 days 00:00:24.399914,0.7255845481883161,0.2668782282300365,16,0.13987434065645654,0.06758849048510049,0.027419586137122018,0.06790611234957754,0.05738473053490899,0.05384150929513922,2.502277434840562e-05,16,130,0.01603250886742544,0.030978175005589567,False,False,False,2.5768420747276716e-06,COMPLETE
29,0.25350351333618165,2025-04-17 01:37:18.766340,2025-04-17 01:37:52.006307,0 days 00:00:33.239967,0.13661003068318817,0.2504308554726235,16,0.1679066561735008,0.005564424374155531,0.018765862881342778,0.06388210667080206,0.07335236608181028,0.045212435245007045,0.0002460992409145152,30,131,0.01673871304384139,0.013638392366766363,True,True,True,3.6110327690737024e-06,COMPLETE
30,0.35868799686431885,2025-04-17 01:37:52.019415,2025-04-17 01:38:16.231954,0 days 00:00:24.212539,0.6492603724037642,0.12539909234103597,16,0.20915465656108426,0.24403456704715673,0.029736712883971752,0.054808935193462804,0.08821665794600025,0.05667559174188689,0.0008680436118126015,16,124,0.007512274819733589,0.03515409580189527,False,False,False,9.115480717022622e-06,COMPLETE
31,0.43568648695945744,2025-04-17 01:38:16.244488,2025-04-17 01:38:39.168918,0 days 00:00:22.924430,0.7517427434630887,0.44037810432879,16,0.14242381220419256,0.0649410435874031,0.042745898377660935,0.07815806717130674,0.05821788519057112,0.04271350122270337,1.8632414608748704e-05,14,72,0.027975282626057904,0.02968961839495537,False,False,False,1.6722985100803637e-06,COMPLETE
32,0.4074405431747437,2025-04-17 01:38:39.182704,2025-04-17 01:38:58.789121,0 days 00:00:19.606417,0.3967186451401846,0.3578991933437269,16,0.0815506873200433,0.03141713014533697,0.027895085492708183,0.07049655561734007,0.04609130188946471,0.07314853648693785,5.091893728209113e-05,7,54,0.049480712603215266,0.06630005730120442,False,False,False,6.376620437323789e-07,COMPLETE
33,0.447906243801117,2025-04-17 01:38:58.803337,2025-04-17 01:39:31.486497,0 days 00:00:32.683160,0.8427205686086624,0.2588763115484552,8,0.18977188517654658,0.036062657410974974,0.05682747083236179,0.0769270175824491,0.03390134531559352,0.08538596436773743,9.133020658340167e-05,18,135,0.037001549235486805,0.23124591564769592,False,False,False,2.0478524945168423e-06,COMPLETE
34,0.13721299469470977,2025-04-17 01:39:31.500936,2025-04-17 01:39:58.837770,0 days 00:00:27.336834,0.5693901616210535,0.4594889247855805,8,0.1581044668029725,0.09546373269266212,0.03878201980215141,0.0480438724546598,0.053288064867690915,0.0715014354736745,4.072834734369175e-05,16,112,0.028642987814183528,0.19343856472686666,False,True,True,3.6246251355140076e-05,COMPLETE
35,0.47883088588714606,2025-04-17 01:39:58.851636,2025-04-17 01:40:20.247059,0 days 00:00:21.395423,0.7192420284274197,0.2996249646549369,16,0.1053260114787519,0.0745216737655868,0.062018843631494236,0.05633522487360748,0.06038409101710576,0.08459307019948924,2.4624086367206816e-05,10,61,0.016928041948224,0.2671369487753127,True,False,False,3.5181449829661853e-08,COMPLETE
36,0.1035412222146988,2025-04-17 01:40:20.260908,2025-04-17 01:40:39.309190,0 days 00:00:19.048282,0.8175836779023622,0.02104971062061295,16,0.10641895623920311,0.07226259677253778,0.06108388514374496,0.04171151536290078,0.07085361599617071,0.08936210035063234,2.3422334321728305e-05,9,67,0.015109273831619929,0.269731869934802,True,False,True,3.069698458879607e-08,COMPLETE
37,0.07911895513534546,2025-04-17 01:40:39.324785,2025-04-17 01:41:04.779003,0 days 00:00:25.454218,0.653252002754591,0.6411032180128208,16,0.13472912455183791,0.04153324009515408,0.08489594329640282,0.05650549646227617,0.06319532722337949,0.08290409300788792,4.4735161980923694e-05,22,90,0.0037279427148157705,0.24927662359316183,True,True,False,8.036446096537905e-08,COMPLETE
38,0.4599053740501404,2025-04-17 01:41:04.794327,2025-04-17 01:41:27.342497,0 days 00:00:22.548170,0.4453699880621757,0.20507767009157873,16,0.23763013174354009,0.021037327773955145,0.021127599235665474,0.028346911015562443,0.0815354533332854,0.09874706978809128,8.552307682415773e-05,11,64,0.009432486549861787,0.280870125426668,True,False,False,5.6461635051547294e-08,COMPLETE
39,0.09419475197792054,2025-04-17 01:41:27.357271,2025-04-17 01:41:44.697464,0 days 00:00:17.340193,0.9095614533836671,0.5274981355026958,16,0.1497911157708931,0.05390384300914543,0.06949222526685295,0.06595867325049962,0.03863718623464986,0.07250399606515648,1.916590819048495e-05,5,45,0.018671147509758776,0.26688910532511034,True,False,True,2.638274124225186e-08,COMPLETE
40,0.14122754633426665,2025-04-17 01:41:44.712728,2025-04-17 01:42:03.381626,0 days 00:00:18.668898,0.7006893677454815,0.2934367768038238,16,0.27581677370399915,0.16614710907295566,0.032036910017197495,0.05034705790316574,0.04780004786100484,0.054746546413627334,0.0005743734553399557,7,102,0.08782772401965548,0.004438347336206145,True,True,False,2.3592554962738306e-07,COMPLETE
41,0.4430036783218384,2025-04-17 01:42:03.397881,2025-04-17 01:43:02.772340,0 days 00:00:59.374459,0.7243015329943323,0.3711301074390748,2,0.05515819817221887,0.08392308433346041,0.050614900863653695,0.08174607406515921,0.056101431775537544,0.08869083130951907,1.6283361280722576e-05,12,46,0.025625024784179978,0.2374828087754557,True,False,False,6.690209928398917e-07,COMPLETE
42,0.46362267732620244,2025-04-17 01:43:02.788426,2025-04-17 01:43:32.440832,0 days 00:00:29.652406,0.5801153624503157,0.23983162282355763,8,0.0927652891863523,0.12239650587195489,0.06525933924430138,0.09138976466264079,0.06297622255984733,0.06105616707100189,3.3004590290681736e-05,15,90,0.03215040648163298,0.20676565657911272,False,False,False,6.824833586005282e-06,COMPLETE
43,0.33767728805541997,2025-04-17 01:43:32.457168,2025-04-17 01:43:57.683117,0 days 00:00:25.225949,0.8672683081014534,0.42645969541872086,16,0.06880793420390312,0.1337056575791184,0.0446154943744886,0.07328243423874502,0.001643699417673665,0.08278080231265593,3.1375807518103475e-05,19,22,0.011218849443134622,0.0949277955210126,True,False,False,3.239472683923202e-07,COMPLETE
44,0.42405740618705756,2025-04-17 01:43:57.701274,2025-04-17 01:44:59.958021,0 days 00:01:02.256747,0.8095407221296188,0.3255133064097026,2,0.027259145276772104,0.05221872231576324,0.058657083234018303,0.0685289040279244,0.057959903136748314,0.09554036168074848,1.000211167170076e-05,13,114,0.02117179674556164,0.29982822313640656,False,False,False,2.6197040146529616e-06,COMPLETE
45,0.3353611946105957,2025-04-17 01:44:59.975424,2025-04-17 01:45:23.925293,0 days 00:00:23.949869,0.7317173513053574,0.6164516072125441,16,0.11576443139911473,0.27731183408023,0.037497328807497406,0.058535127861526134,0.04915381362069363,0.03989952078537688,5.3768232656672056e-05,17,36,0.0061440236838646335,0.17722884609436035,False,False,False,1.9756224993858668e-08,COMPLETE
46,0.38140692114830016,2025-04-17 01:45:23.943127,2025-04-17 01:45:50.892486,0 days 00:00:26.949359,0.6564389472676735,0.5219563320250951,8,0.1786812178907441,0.2048361872108432,0.09614450521503431,0.003093658591984398,0.06763699107750155,0.026890450191859504,1.7395535816369164e-05,10,138,0.03899989023237219,0.14641899914207374,True,False,False,1.4693922976222282e-07,COMPLETE
47,0.4459541797637939,2025-04-17 01:45:50.909883,2025-04-17 01:46:58.950486,0 days 00:01:08.040603,0.6211954756619374,0.2821988391010406,2,0.08640022412664237,0.10003315653246808,0.08046821706682425,0.06295134298632538,0.08056921743374162,0.009372677251073207,0.017090848406949355,15,75,0.04970753753591339,0.2783296921928473,False,False,False,1.1321171581025393e-08,COMPLETE
48,0.3572739064693451,2025-04-17 01:46:58.968389,2025-04-17 01:47:27.158460,0 days 00:00:28.190071,0.5587919562656103,0.4751408705310957,8,0.016285085676655008,0.07707986771865231,0.050734353778175964,0.051329116034222404,0.01063724759746161,0.021591977974162395,0.09782070275967467,13,122,0.01895092880304684,0.12009096691454853,False,False,False,0.00010765375275485101,COMPLETE
49,0.4177937984466553,2025-04-17 01:47:27.176617,2025-04-17 01:48:22.430756,0 days 00:00:55.254139,0.6894386696460498,0.7151257081306653,2,0.04666600847973844,0.16414556838834607,0.011236914543569048,0.0727335247725194,0.03310908941644751,0.0654061291879863,0.00024104843346806166,11,85,0.06388825042899789,0.21590054125965225,False,False,False,1.1791361163576995e-06,COMPLETE
50,0.32758398652076726,2025-04-17 01:48:22.449475,2025-04-17 01:48:45.999091,0 days 00:00:23.549616,0.49030525319186385,0.14720009127333455,16,0.13183672389750584,0.06469970225247229,0.08756416672193372,0.09065157280993241,0.06321302014758931,0.07640235824769621,0.00010597634770966144,16,99,0.07672258807637616,0.05086068562609587,True,False,True,0.0006258022320853936,COMPLETE
51,0.46557432413101196,2025-04-17 01:48:46.017690,2025-04-17 01:49:15.486733,0 days 00:00:29.469043,0.5871011822504173,0.25086724763065976,8,0.09843326521646141,0.12852083774045917,0.06732333416341929,0.09187849694395075,0.05532089726938029,0.059605295246607064,3.0019256613307645e-05,15,90,0.029979803836433158,0.2050067915632777,False,False,False,8.745426446112686e-06,COMPLETE
52,0.42079544663429264,2025-04-17 01:49:15.505958,2025-04-17 01:49:48.711873,0 days 00:00:33.205915,0.7406489033918202,0.19978312943389556,8,0.10416764029423244,0.10685622812870572,0.0730879977054397,0.08173342919396234,0.054525426320871796,0.04997241798519138,1.4829504398843776e-05,19,107,0.0238516459616004,0.28293974466344524,False,False,False,2.4622017963973946e-05,COMPLETE
53,0.4344849824905396,2025-04-17 01:49:48.730839,2025-04-17 01:50:19.746438,0 days 00:00:31.015599,0.7874936119190866,0.33481935298670895,8,0.07611196150781953,0.08935460594185779,0.0674930605165392,0.07501580582391769,0.05146198282799668,0.06210605937089376,2.4270218514890027e-05,17,61,0.031511374547010695,0.2503068980291931,False,False,False,4.136696828398287e-06,COMPLETE
54,0.4419557452201843,2025-04-17 01:50:19.766356,2025-04-17 01:50:48.436971,0 days 00:00:28.670615,0.6494415098060606,0.3940049342879456,8,0.09887240641524932,0.13063150267211698,0.07584929257021336,0.08944777134925888,0.05939579221856052,0.0574890736835871,3.390139177697872e-05,14,95,0.04228358251963629,0.1662777136702805,False,False,False,2.0690887800277196e-05,COMPLETE
55,0.32686886787414554,2025-04-17 01:50:48.456826,2025-04-17 01:51:17.805900,0 days 00:00:29.349074,0.5469360401090897,0.07645704751480345,8,0.15902337470780192,0.1489196390442241,0.04682974015383587,0.09552951493221219,0.07079478944289629,0.04653236669225058,6.807370910363955e-05,15,85,0.014552691984547115,0.06946988183658417,False,False,False,9.302044399572848e-07,COMPLETE
