number,value,datetime_start,datetime_complete,duration,params_alpha-eval,params_alpha-train,params_batch-size,params_eps-eval,params_eps-train,params_lambda-actions-eval,params_lambda-actions-train,params_lambda-frames-eval,params_lambda-frames-train,params_learning-rate,params_n-epochs,params_n-frames,params_radius-gw,params_rho,params_std-feats,params_ub-actions,params_ub-frames,params_weight-decay,state
453,0.4974922418594361,2025-04-09 20:38:43.358677,2025-04-09 20:39:39.041991,0 days 00:00:55.683314,0.660043000815872,0.4331369963643956,2,0.24591159513061475,0.037317915418684386,0.05697996542072034,0.08346791312494374,0.0879422001388213,0.060615141030483176,0.008033005567555528,11,38,0.009415796844544433,0.05242653695620296,False,False,False,1.2469246344259917e-07,COMPLETE
454,0.528932762145996,2025-04-09 20:39:39.194223,2025-04-09 20:40:34.851694,0 days 00:00:55.657471,0.6453464119574988,0.14856931955003266,2,0.2774657270188784,0.031298210939555704,0.055871584286379956,0.004847162277140288,0.0428707484321359,0.062235247000964555,0.009347348087515238,11,41,0.0064524749283872305,0.04610318158735142,False,False,False,9.485541822339061e-08,COMPLETE
455,0.543014132976532,2025-04-09 20:40:34.993778,2025-04-09 20:41:27.472293,0 days 00:00:52.478515,0.6399908860208657,0.4033332880544558,2,0.2714955852631307,0.043125112374338026,0.054828210199541254,0.01997911585747218,0.09005325052025956,0.06450795625989578,0.011416107278690489,10,40,0.01207174680528024,0.05010185432610858,False,False,False,1.7968121756238236e-07,COMPLETE
456,0.47700911164283755,2025-04-09 20:41:27.614911,2025-04-09 20:42:09.951269,0 days 00:00:42.336358,0.6773579607094442,0.44163817269388134,2,0.10282335237668443,0.02706079694282219,0.05166832335762629,0.07832392283326861,0.08538576254520613,0.059274374840258194,0.006908578225948436,7,50,0.004330417761136816,0.1437815212591957,False,False,False,1.3546164197982656e-07,COMPLETE
457,0.3131258249282837,2025-04-09 20:42:10.105963,2025-04-09 20:42:49.678038,0 days 00:00:39.572075,0.6134407530401167,0.45984384982558635,2,0.25562140290693647,0.05814313523060344,0.05335288303399833,0.0878139491416135,0.09436871099100498,0.056338661873649554,0.015039746524039672,6,44,0.00762112533857125,0.05934889429282299,False,False,False,5.6382550823577233e-08,COMPLETE
458,0.5503335356712341,2025-04-09 20:42:49.819205,2025-04-09 20:43:36.009330,0 days 00:00:46.190125,0.6284787865074647,0.4219930960291245,2,0.2813570376605952,0.04606106710866096,0.07163858845260263,0.08371339080318328,0.08801131530249985,0.061399904425381464,0.008878207895210108,8,38,0.01483435060955085,0.04121562015075669,False,False,False,2.1026794782435828e-07,COMPLETE
459,0.4802071571350098,2025-04-09 20:43:36.154616,2025-04-09 20:44:25.481876,0 days 00:00:49.327260,0.6065647374051921,0.40553430582609606,2,0.26520425491737476,0.0380010374165115,0.059540544705733285,0.08112007357583717,0.08283093950954634,0.0664931852493042,0.01103542430136865,9,35,0.010525765267264352,0.2890104427330917,False,False,False,1.0889647759120911e-07,COMPLETE
460,0.3813193917274475,2025-04-09 20:44:25.634510,2025-04-09 20:45:02.403963,0 days 00:00:36.769453,0.5031356469019196,0.21609604703698654,2,0.24917468400748885,0.03364371532279489,0.0566421688798511,0.08610614323985318,0.0916670198249528,0.06376754948223498,0.01296191867433667,5,42,0.002969316077918446,0.0379027277526046,True,False,False,2.7353766547008963e-07,COMPLETE
461,0.25623987317085267,2025-04-09 20:45:02.549402,2025-04-09 20:45:50.923812,0 days 00:00:48.374410,0.5591070599882755,0.44599865500195224,2,0.2595622046269686,0.02197916541503221,0.049988278988085916,0.02949641698306344,0.08935993099883008,0.07013321761637174,0.008157529075675775,11,40,0.013143719860027814,0.05570592933033258,False,True,False,7.745544752435414e-08,COMPLETE
462,0.47511421442031865,2025-04-09 20:45:51.070276,2025-04-09 20:46:33.991503,0 days 00:00:42.921227,0.5913407081103532,0.37539274973667025,2,0.27161648527081544,0.04120147382373029,0.04724632328283891,0.08464103471294625,0.08664129173377624,0.05838042212240803,0.018552421198142755,7,46,0.00878471096439787,0.06279067514393996,False,False,False,1.477951576644553e-07,COMPLETE
463,0.4644107341766358,2025-04-09 20:46:34.146662,2025-04-09 20:46:56.352045,0 days 00:00:22.205383,0.649238928440941,0.4704199423061435,8,0.2983812391788539,0.04980722297010742,0.05366430424081344,0.08227335922353432,0.09287881593396008,0.06807520216517626,0.010518264390239972,6,84,0.01796539832459617,0.047691400941989634,False,False,False,1.050541966521901e-07,COMPLETE
464,0.5100712060928345,2025-04-09 20:46:56.495756,2025-04-09 20:47:48.587855,0 days 00:00:52.092099,0.6318463403901862,0.498747472252516,2,0.2743789483791857,0.028553169147119483,0.051956605420980496,0.043506046182602134,0.08435453338510653,0.06287577929334091,0.006602869965244219,10,44,0.005777685534407844,0.04315032473623597,False,False,False,3.4784037773395973e-07,COMPLETE
465,0.4404043972492218,2025-04-09 20:47:48.743557,2025-04-09 20:48:34.349986,0 days 00:00:45.606429,0.5340195061404254,0.5250005018062227,2,0.22141483455121358,0.036756132187515694,0.02547511418829515,0.017161728960435038,0.09008887502095832,0.0648392981845434,0.01484818860749991,8,5,0.04729989025096433,0.03194110868444869,False,False,False,4.5010666575209487e-07,COMPLETE
466,0.5272381901741028,2025-04-09 20:48:34.496996,2025-04-09 20:49:16.951182,0 days 00:00:42.454186,0.4705980819479382,0.43116586435797893,2,0.2882226798610983,0.044194967600955704,0.05585126268150973,0.013574331056336224,0.08696722631329626,0.06072776349732729,0.009253927611671896,7,50,0.015826785463842852,0.05019994305525486,False,False,False,6.738056620768109e-06,COMPLETE
467,0.3269477248191834,2025-04-09 20:49:17.097584,2025-04-09 20:49:38.907975,0 days 00:00:21.810391,0.6124121672176589,0.45824462326814086,8,0.20448249520778966,0.22861121842177526,0.066892409615907,0.0259827158676975,0.08231292004380222,0.06645050079561214,0.012309171499725156,6,57,0.011657440501860244,0.038160065763889875,False,False,False,1.9505034020414564e-07,COMPLETE
468,0.5576386094093323,2025-04-09 20:49:39.065788,2025-04-09 20:50:15.956447,0 days 00:00:36.890659,0.5838613656618624,0.48166727928330844,2,0.2532439528774871,0.03313270012524641,0.04972303051241613,0.0682099823346647,0.09614150724890128,0.05568728038281386,0.007603236784538982,5,38,0.008110523052561028,0.02786269199754072,False,False,False,2.6084597837117506e-07,COMPLETE
469,0.502250361442566,2025-04-09 20:50:16.103171,2025-04-09 20:50:52.287577,0 days 00:00:36.184406,0.5946618710863862,0.2801273440504964,2,0.25544777305110306,0.01658675129275982,0.048995826774745205,0.06423569811374126,0.09645724724261097,0.05528477164545121,0.07809462714964388,5,47,0.009207217400098588,0.027319347571353667,False,False,False,2.454427627796996e-07,COMPLETE
470,0.08544669747352601,2025-04-09 20:50:52.433735,2025-04-09 20:51:24.873586,0 days 00:00:32.439851,0.4322305280762449,0.4216903866260711,2,0.2630125647013315,0.029291778847654146,0.04995892249626742,0.06776596986441008,0.09741870309465576,0.05701384097941145,0.006136289942876231,5,53,0.012543929767874808,0.030034632650635593,False,False,True,1.806359341813362e-07,COMPLETE
471,0.5018137693405151,2025-04-09 20:51:25.031895,2025-04-09 20:52:01.389823,0 days 00:00:36.357928,0.57745422646606,0.4793336893857834,2,0.25106276036970376,0.022855820455914885,0.05287182052732127,0.06752716305332046,0.07923423310552974,0.05382583626246684,0.0073597653027631695,5,39,0.009740556658626734,0.023612689295495128,False,False,False,1.308086688955586e-07,COMPLETE
472,0.49281859397888184,2025-04-09 20:52:01.537215,2025-04-09 20:52:38.368062,0 days 00:00:36.830847,0.6633230322095397,0.39677166044505524,2,0.2668061173897627,0.03313395529917837,0.04865821544946334,0.07453253702603027,0.09973404505693854,0.056052488700626166,0.0005257291288883704,5,42,0.007250497586962415,0.034667616891444555,False,False,False,2.2816229153091562e-07,COMPLETE
473,0.34717369675636295,2025-04-09 20:52:38.517047,2025-04-09 20:53:15.239968,0 days 00:00:36.722921,0.6312027967746218,0.44805073707230875,2,0.2591422584544637,0.03729401862563014,0.05090146715917816,0.06580834066333997,0.09487388345433968,0.05825295092352487,0.005646944348502186,5,60,0.014786299124993211,0.028728965539122235,False,False,False,2.830954709228737e-07,COMPLETE
474,0.3670538425445557,2025-04-09 20:53:15.397690,2025-04-09 20:53:55.113476,0 days 00:00:39.715786,0.6040103329745413,0.47013922388377183,2,0.2826306210729857,0.05278540181807434,0.0014471561067532467,0.06989529760027925,0.08497084153384829,0.05048463305284647,0.017107284351860232,6,87,0.010648349116361344,0.03856393771062927,False,False,False,1.554350554598409e-07,COMPLETE
475,0.5069634437561036,2025-04-09 20:53:55.263995,2025-04-09 20:55:26.461005,0 days 00:01:31.197010,0.57999980562927,0.42696810550627073,2,0.2537595749595967,0.02655762988032853,0.04644411065784319,0.07063526229838567,0.08896317789567103,0.0521525412918138,0.0077796485249839115,22,34,0.017160837354034664,0.02019736487783107,False,False,False,9.548792084280394e-08,COMPLETE
476,0.5112468481063843,2025-04-09 20:55:26.623169,2025-04-09 20:56:03.000650,0 days 00:00:36.377481,0.6190789606624033,0.11089949307073729,2,0.26801059210695555,0.0446364931179376,0.05453329497504084,0.07229714209535676,0.0911850461586004,0.05450166626740818,0.010316295710175468,5,44,0.013744156788769907,0.04224193133804889,False,False,False,7.045257255583502e-08,COMPLETE
477,0.545504355430603,2025-04-09 20:56:03.152811,2025-04-09 20:56:51.982903,0 days 00:00:48.830092,0.841089229505066,0.3834208280311008,2,0.27608946643228,0.03319053221465985,0.028391634744142337,0.06760720887222187,0.0868533441420074,0.05943651481327423,0.01267514710176616,9,64,0.0072706909229184255,0.03277745280840172,False,False,False,1.1984445636019055e-07,COMPLETE
478,0.34820943474769595,2025-04-09 20:56:52.133971,2025-04-09 20:57:31.631010,0 days 00:00:39.497039,0.5647483994866769,0.45665112802790525,2,0.19641999154276446,0.07078478779958791,0.058012535151696694,0.06927934700344675,0.062356586812419026,0.06144750028584021,0.008980715858848028,6,48,0.020215388886389227,0.027731295350067638,True,False,False,2.0351558843813742e-07,COMPLETE
479,0.3265174925327301,2025-04-09 20:57:31.792569,2025-04-09 20:58:30.037939,0 days 00:00:58.245370,0.6469019493914249,0.48671958397346393,2,0.245790881063295,0.1327322079589264,0.052630530039424375,0.00782220860670304,0.04051017042562842,0.04973265952973141,0.02290147095327408,12,37,0.01149988577263034,0.044518714022442764,False,False,False,2.909302543444163e-07,COMPLETE
480,0.5194614291191101,2025-04-09 20:58:30.187676,2025-04-09 20:59:06.762771,0 days 00:00:36.575095,0.5932877615511108,0.44258816062348993,2,0.26023025480797785,0.04041885514945789,0.04850238235045884,0.0813724545561347,0.08360905271269913,0.05732041509767034,0.015022768452044621,5,62,0.004471769776814231,0.035592647417833204,False,False,False,1.717770079364739e-07,COMPLETE
481,0.25114476680755615,2025-04-09 20:59:06.910635,2025-04-09 20:59:41.662418,0 days 00:00:34.751783,0.6128853354709998,0.36408110394038856,2,0.26645400730290975,0.049220154544335704,0.050561955717134816,0.030732849210761765,0.0935331028659852,0.047103657737766425,0.01103660807670494,6,58,0.008534741521969633,0.021375288866904554,False,True,False,6.430697153119199e-08,COMPLETE
482,0.35331516265869145,2025-04-09 20:59:41.823108,2025-04-09 21:00:30.823140,0 days 00:00:49.000032,0.4854947057116642,0.5069008499484129,2,0.14525458040456893,0.09252973106234857,0.055388611589973394,0.059109739472297584,0.08798940620838344,0.08014230097057669,0.007903769933186602,9,41,0.0024098903326419904,0.04082482567944067,False,False,False,8.648220137050838e-08,COMPLETE
483,0.5045677304267884,2025-04-09 21:00:30.973548,2025-04-09 21:02:07.678634,0 days 00:01:36.705086,0.4225363845985738,0.41371853980898377,2,0.25278911736045406,0.021414314433989577,0.06326568883242241,0.021468167089723676,0.09602264823000257,0.06027738746763409,0.009916804754469549,24,45,0.010376364093255437,0.0339694491080151,False,False,False,2.3050770494462628e-07,COMPLETE
484,0.3302873730659485,2025-04-09 21:02:07.842159,2025-04-09 21:02:53.743792,0 days 00:00:45.901633,0.6916222133388529,0.2997350187647775,2,0.2744784274269926,0.19252014730974515,0.045561765745731043,0.08970013603027889,0.0859514386277141,0.0627298970284266,0.012758736389048739,8,54,0.013926484236376317,0.027932881950040327,False,False,False,1.3562788086589933e-07,COMPLETE
485,0.3182434678077698,2025-04-09 21:02:53.894818,2025-04-09 21:03:46.280695,0 days 00:00:52.385877,0.40296975160144394,0.4645890396838871,2,0.2598805048547751,0.058838232849321465,0.010714724311792413,0.07858031557978093,0.09133510478813477,0.07411635983504665,0.006417580751689442,10,32,0.006015098102198831,0.015818796776557065,False,False,False,3.4512922171739625e-07,COMPLETE
486,0.4720746159553528,2025-04-09 21:03:46.432895,2025-04-09 21:04:42.378560,0 days 00:00:55.945665,0.5445491243464429,0.4399018620706423,2,0.2805348242397988,0.03052185759986493,0.05915241901720433,0.01086422136082213,0.08146096455406586,0.05327238365461844,0.0637148098310207,11,67,0.012280338938186761,0.046717484206100064,False,False,False,1.0100399797175884e-07,COMPLETE
487,0.3449116349220276,2025-04-09 21:04:42.542430,2025-04-09 21:05:18.629986,0 days 00:00:36.087556,0.7169474834928812,0.5251640020043277,2,0.2686905559013423,0.03986036875581609,0.0529814124655845,0.027319446138550342,0.08950291293023672,0.0552049778502983,0.030482046010612954,5,51,0.008220300030551391,0.05156298666043271,False,False,False,1.6768464841990886e-06,COMPLETE
488,0.5264265537261963,2025-04-09 21:05:18.781448,2025-04-09 21:06:43.504046,0 days 00:01:24.722598,0.45343948705186615,0.49146530213373857,2,0.2477006363977565,0.03408622316082104,0.047320820263830415,0.022501080917522863,0.07616003570660328,0.010914002239344404,0.016529598848258043,20,38,0.01620800524612221,0.038411775970694735,False,False,False,0.0005421196985841913,COMPLETE
489,0.5413072109222412,2025-04-09 21:06:43.658758,2025-04-09 21:07:29.510069,0 days 00:00:45.851311,0.6690432360318636,0.39220576125799417,2,0.26360237237324863,0.04542697977259093,0.05629485897193896,0.056304245794502356,0.0840479173240658,0.07179702327028278,0.009209510417312007,8,65,0.004059977400755686,0.027189050821525194,False,False,False,5.413033926065692e-08,COMPLETE
490,0.437646496295929,2025-04-09 21:07:29.672772,2025-04-09 21:08:09.147859,0 days 00:00:39.475087,0.6367078075729634,0.41236591323444044,2,0.27263424259900093,0.02580948012359565,0.051097323265584534,0.06632659473063242,0.09233656179201956,0.05880755052238489,0.011284410454836104,6,48,0.08589305697841342,0.032539976884395014,False,False,False,1.4844248442224334e-07,COMPLETE
491,0.09526369571685792,2025-04-09 21:08:09.300639,2025-04-09 21:08:46.985426,0 days 00:00:37.684787,0.9136003206373124,0.4756969313418059,2,0.29424967574642247,0.2966118722256679,0.061257179174352874,0.0614745195420309,0.0872428838924604,0.0646667947583457,0.007404139689535489,7,43,0.010321195503782918,0.04519422719162121,False,False,True,1.8013469726488293e-07,COMPLETE
492,0.44125295877456666,2025-04-09 21:08:47.151528,2025-04-09 21:09:33.121576,0 days 00:00:45.970048,0.5811945529760862,0.45163750008886555,2,0.2569816898623774,0.052849279292944695,0.014635599997841555,0.07371356038934428,0.09479072320571501,0.06969196766763949,0.013984583609633694,8,78,0.05921261467517217,0.02284256254454735,False,False,False,2.60373648409404e-07,COMPLETE
493,0.49476429224014284,2025-04-09 21:09:33.274918,2025-04-09 21:10:13.126346,0 days 00:00:39.851428,0.6078006916208574,0.2424736052564485,2,0.021280190849378045,0.03697817268274269,0.054199926107945294,0.030451399026597326,0.08953498344205352,0.061501776250988155,0.004963924890858475,6,60,0.005865022582527669,0.03922268695727681,False,False,False,2.5683004247939844e-06,COMPLETE
494,0.39307082891464235,2025-04-09 21:10:13.281430,2025-04-09 21:11:02.064883,0 days 00:00:48.783453,0.5157240326840243,0.5833271695000254,2,0.28359298028099483,0.04080322687858482,0.04963543613755341,0.04019402626290379,0.0852781839165733,0.05757095190902113,0.02034825028246641,9,40,0.0010607009583193001,0.052234627479580235,False,False,False,1.1436425634870539e-07,COMPLETE
495,0.4297515273094178,2025-04-09 21:11:02.230152,2025-04-09 21:11:38.614333,0 days 00:00:36.384181,0.554901280305742,0.43741649647619296,2,0.2522885559825926,0.015277022542842494,0.04424667418807286,0.024878866228932473,0.06367745809409797,0.051330120414328925,0.00993126851334043,5,56,0.01260013001188796,0.09724431527878322,False,False,False,8.282639245839508e-08,COMPLETE
496,0.09427145123481752,2025-04-09 21:11:38.768489,2025-04-09 21:12:20.703232,0 days 00:00:41.934743,0.6261537405215674,0.5071553159076153,2,0.24210889338548156,0.00660796233380162,0.05792285976423454,0.09976570440953653,0.060551990122697956,0.07545125451068176,0.012569558559040439,7,70,0.02650010248626909,0.016536221911442696,False,False,False,2.2896323002360413e-07,COMPLETE
497,0.515834391117096,2025-04-09 21:12:20.858370,2025-04-09 21:13:16.362212,0 days 00:00:55.503842,0.5925316093882023,0.4786132330826768,2,0.263799585137759,0.029763724331286028,0.05202233462141905,0.08506451775190658,0.08071586367777206,0.06419249490249432,0.008124086942985108,11,46,0.008626640854168553,0.03260339547900978,False,False,False,1.2575374701820285e-07,COMPLETE
498,0.4899904727935791,2025-04-09 21:13:16.526509,2025-04-09 21:13:59.590748,0 days 00:00:43.064239,0.5652866732040233,0.4226506619869037,2,0.2770513852875177,0.04729628083076426,0.047753370431216795,0.02854061728833652,0.09786323858620591,0.06674654139434942,0.015359298731746992,7,36,0.014832044828425464,0.041163735809201185,True,False,False,3.7457815749324623e-07,COMPLETE
499,0.44610100984573364,2025-04-09 21:13:59.746083,2025-04-09 21:14:45.678570,0 days 00:00:45.932487,0.6533641939203735,0.3224012798369106,2,0.27030970827920786,0.03454144770529755,0.031945409184261114,0.04996738292597455,0.087862447886689,0.060113667633177194,0.006171776201996399,8,62,0.018191308768741202,0.007727245777603921,False,False,False,0.0007564101490644677,COMPLETE
500,0.38625248670578005,2025-04-09 21:14:45.847703,2025-04-09 21:15:22.436542,0 days 00:00:36.588839,0.5308657905470818,0.5454639396464546,2,0.2581076305792488,0.04312078181637728,0.053455787600307225,0.07586100386382322,0.08293708426386018,0.06307825144367202,0.0008861323594744644,5,43,0.007625449927165573,0.04762900432433406,False,False,False,1.9017673097042714e-07,COMPLETE
501,0.5186555743217469,2025-04-09 21:15:22.593161,2025-04-09 21:16:02.126249,0 days 00:00:39.533088,0.6074853384126487,0.35313166772136595,2,0.247898404224155,0.023171457989411795,0.050056859694490564,0.052259405212639165,0.09096953920311826,0.06882184795953789,0.010978190332009473,6,64,0.0033188870196140694,0.02470224691348406,False,False,False,3.067852813821819e-07,COMPLETE
502,0.497044050693512,2025-04-09 21:16:02.283726,2025-04-09 21:16:24.517656,0 days 00:00:22.233930,0.5732056796331257,0.4581731324722532,8,0.2770545136510615,0.029746557278590578,0.05562510940795607,0.09228640461823115,0.06597663297315991,0.05639688645818376,0.008963893744067175,10,41,0.010645436300305258,0.03415147435578682,False,True,False,1.5168732836855724e-07,COMPLETE
503,0.5652376174926758,2025-04-09 21:16:24.685696,2025-04-09 21:17:11.816115,0 days 00:00:47.130419,0.6254978105673596,0.15937664204921456,2,0.2913463976971455,0.05432847151665146,0.04688568446708481,0.018921794592261038,0.08564767029066483,0.06608479085425314,0.012836726664867787,8,73,0.005138809325951227,0.041835242322366906,False,False,False,6.396382193078067e-08,COMPLETE
504,0.5318603157997132,2025-04-09 21:17:11.972904,2025-04-09 21:18:01.136843,0 days 00:00:49.163939,0.6772325872045728,0.13048103143259124,2,0.2922235255128885,0.063926407134228,0.04692795925221617,0.020371783874417012,0.08531771524185804,0.07207342284741244,0.007501759771669382,9,75,0.004886281498286294,0.029436177609476647,False,False,False,4.814710037006241e-08,COMPLETE
505,0.3324865698814392,2025-04-09 21:18:01.307245,2025-04-09 21:18:44.053230,0 days 00:00:42.745985,0.6347604658419717,0.09705680455909127,2,0.29691185745574294,0.1600519001100244,0.04274986570582421,0.018779276318260693,0.07933420399195677,0.06924830110790062,0.011460501877347477,7,77,0.003004279263514158,0.03758154051601857,False,False,False,5.84939399779548e-08,COMPLETE
506,0.553277337551117,2025-04-09 21:18:44.211628,2025-04-09 21:19:43.108781,0 days 00:00:58.897153,0.6249047699146868,0.14278058089330709,2,0.2921362015178342,0.055703068488631526,0.045056102295062635,0.022952713094488993,0.08446152243427789,0.06583743736301903,0.00955766181812386,12,80,0.005770694565698208,0.018326381297974967,False,False,False,8.861213665235163e-08,COMPLETE
507,0.5519522070884705,2025-04-09 21:19:43.268499,2025-04-09 21:20:05.107537,0 days 00:00:21.839038,0.6180658622103575,0.166221014998281,8,0.28737183169946784,0.050865147503974584,0.0688447835461099,0.07067667588905303,0.08236273432480297,0.05321971389849845,0.013114334415070966,6,73,0.003187969346757816,0.043227651503850655,False,False,False,0.0003906987564452701,COMPLETE
508,0.4708219408988953,2025-04-09 21:20:05.276747,2025-04-09 21:22:02.214521,0 days 00:01:56.937774,0.2703297131323146,0.20227203624015527,2,0.28630361550256667,0.059576356405660995,0.04650547127543451,0.020986105276958718,0.08684453280453999,0.07079260029144276,0.017770327765535113,30,73,0.00676939690073585,0.05483200246662767,False,False,False,2.733463968246052e-07,COMPLETE
509,0.14432715475559235,2025-04-09 21:22:02.374641,2025-04-09 21:22:42.439281,0 days 00:00:40.064640,0.647706545830737,0.26647592536562104,2,0.2793634825057341,0.05620558633911084,0.05995616442556471,0.03207983875720113,0.08541791364583938,0.06789981988004129,0.0072436549717368025,8,68,0.01651593197501451,0.010214789207547106,False,False,True,1.1365904717594196e-07,COMPLETE
