number,value,datetime_start,datetime_complete,duration,params_alpha-eval,params_alpha-train,params_batch-size,params_eps-eval,params_eps-train,params_lambda-actions-eval,params_lambda-actions-train,params_lambda-frames-eval,params_lambda-frames-train,params_learning-rate,params_n-epochs,params_n-frames,params_radius-gw,params_rho,params_std-feats,params_ub-actions,params_ub-frames,params_weight-decay,state
737,0.5051171660423279,2025-04-09 23:54:47.266708,2025-04-09 23:55:29.998750,0 days 00:00:42.732042,0.03266225665753125,0.30105359668028453,2,0.2639645611291745,0.03403919917562246,0.04705661932387234,0.0014827129681543733,0.08549141771219712,0.06080556610365422,0.017683989930008498,7,44,0.006594080041786583,0.04572039952138519,False,False,False,2.715135792442568e-07,COMPLETE
738,0.4239154398441315,2025-04-09 23:55:30.226689,2025-04-09 23:56:19.276969,0 days 00:00:49.050280,0.5088001473134952,0.3568845029149134,2,0.19805755492674418,0.047096284258428656,0.04272821586222039,0.0916175223632927,0.07556458210173407,0.05891620013848193,0.01008275369826688,9,52,0.011593529680459144,0.012079601896463808,False,False,False,9.445693064604219e-08,COMPLETE
739,0.4942939639091492,2025-04-09 23:56:19.516281,2025-04-09 23:57:34.755390,0 days 00:01:15.239109,0.6549785117470444,0.3833838130927533,2,0.29252496343740075,0.025176623335833065,0.049304843715867436,0.024819108098088027,0.0913669352736683,0.06321415629063123,0.01404873539298381,17,68,0.004095874237184372,0.14376211169692354,False,False,False,1.8894495193986062e-07,COMPLETE
740,0.5163759231567383,2025-04-09 23:57:34.998044,2025-04-09 23:57:58.409665,0 days 00:00:23.411621,0.34832876931856865,0.2774237862568126,8,0.2430320529538063,0.03919551310408054,0.07054508180421762,0.09586836541110916,0.006252971788287751,0.053384374481148085,0.008264192635484705,8,63,0.008956288967074852,0.040280047302021234,False,False,False,3.2616551351329767e-07,COMPLETE
741,0.11391766071319581,2025-04-09 23:57:58.639877,2025-04-09 23:58:32.806557,0 days 00:00:34.166680,0.38698118447736246,0.46978884107057556,2,0.253725298915751,0.05644107582283704,0.0651582060219564,0.09804007036891949,0.08097771041271158,0.06518493434966756,0.005595210894705566,6,47,0.04148959445417865,0.03169335246520648,False,False,True,1.295788353818887e-07,COMPLETE
742,0.3908185124397278,2025-04-09 23:58:33.061315,2025-04-09 23:59:12.953204,0 days 00:00:39.891889,0.41828089302459037,0.08597000392919828,2,0.28011001709845357,0.03102333199661754,0.05654723785942444,0.01834652685457796,0.06990970504719651,0.055908388667382604,0.011139668374528275,6,77,0.0027899038698961866,0.06397319183468306,False,False,False,3.2907751624932547e-08,COMPLETE
743,0.4663460373878479,2025-04-09 23:59:13.183616,2025-04-09 23:59:59.495986,0 days 00:00:46.312370,0.4866921093454989,0.44434956085636373,2,0.2599450911867041,0.043432137844850505,0.050350821487376615,0.09331456653972103,0.07354354463871018,0.07361009485831774,0.009097318159476701,8,73,0.0011284964973104507,0.0506947815906332,False,False,False,7.565524930981773e-08,COMPLETE
744,0.34221388697624205,2025-04-09 23:59:59.739289,2025-04-10 00:00:33.877647,0 days 00:00:34.138358,0.5279944690544216,0.40928055231867216,8,0.26758811699913815,0.051578789416240195,0.004384084824865507,0.09504041949025932,0.06604454938280042,0.0683560911164472,0.006869899141463178,21,66,0.012903231606935815,0.00586123167594392,False,False,False,4.533316881891525e-07,COMPLETE
745,0.5122506856918335,2025-04-10 00:00:34.125925,2025-04-10 00:01:43.132524,0 days 00:01:09.006599,0.43404137508082535,0.5014082790529387,2,0.24883197390594142,0.019429408440853422,0.044820158186802246,0.021407885218744656,0.08706393663184694,0.07906935876021885,0.01250599517019654,15,70,0.0060411315024912525,0.03662573083377548,False,False,False,2.3982241129601297e-07,COMPLETE
746,0.5792572140693665,2025-04-10 00:01:43.364920,2025-04-10 00:02:32.978121,0 days 00:00:49.613201,0.4569498847522872,0.46056139414511726,2,0.2740768491539127,0.03626801680349401,0.060310323448597575,0.09990627825569776,0.07763925828312755,0.06095788547655846,0.010180518938524955,9,50,0.0010029146711295653,0.025030372591352282,False,False,False,2.8685283491864357e-06,COMPLETE
747,0.42978981137275696,2025-04-10 00:02:33.223370,2025-04-10 00:03:22.944809,0 days 00:00:49.721439,0.4587206020147259,0.46934391704448414,2,0.18483616416017667,0.04655682767178939,0.03792728803008858,0.0988227101903058,0.07827631904596388,0.05966551989054346,0.020757308577401098,9,50,0.0026711318894341233,0.01750846290042585,False,False,False,2.8274644155346783e-06,COMPLETE
748,0.4738828778266907,2025-04-10 00:03:23.177704,2025-04-10 00:03:48.443888,0 days 00:00:25.266184,0.47488026467558847,0.49438616629577575,8,0.2617080694936116,0.0381937407446427,0.03640987988682899,0.09916587656926662,0.0768171867555534,0.05798829038494016,0.015942825542267947,10,56,0.001279712011141336,0.21481489811236198,False,False,False,7.122889649092816e-07,COMPLETE
749,0.5222092986106872,2025-04-10 00:03:48.687065,2025-04-10 00:04:38.027999,0 days 00:00:49.340934,0.444167067128539,0.45206472862639396,2,0.2684234191662437,0.04326839328128125,0.04024547715221115,0.09775566557924681,0.07852438850450237,0.06198376759881807,0.011718405599880152,9,53,0.00352025729670424,0.02154693348405553,True,False,False,5.71188979192094e-07,COMPLETE
750,0.24238654971122744,2025-04-10 00:04:38.278804,2025-04-10 00:05:27.412017,0 days 00:00:49.133213,0.7638440445796923,0.48079833964414076,2,0.23824263744839713,0.05162327997564346,0.03383578320514715,0.09795661298414718,0.07506865842484386,0.060941769864977284,0.013815208385037362,9,51,0.002732919596215102,0.024810475250929376,False,False,False,3.999367450779831e-07,COMPLETE
751,0.5095357418060303,2025-04-10 00:05:27.645555,2025-04-10 00:05:51.396509,0 days 00:00:23.750954,0.45422956952794036,0.45893247117355046,8,0.2731493941243561,0.03675439295414414,0.03624837497047304,0.09980987278738278,0.07987561346199133,0.05915512349013524,0.010191552918905835,8,129,0.004582864948883118,0.01352377374466783,False,False,False,3.637845978916337e-05,COMPLETE
752,0.2041079342365265,2025-04-10 00:05:51.642896,2025-04-10 00:07:13.210011,0 days 00:01:21.567115,0.49660588368187325,0.4282478828115354,2,0.2571586155993043,0.04667733895219437,0.059395295585603344,0.0999570354444196,0.07676669743099149,0.06261460731518999,0.010320495590756349,23,61,0.0011755348116956606,0.028657422522650397,False,True,False,8.476825123126473e-06,COMPLETE
753,0.2625595450401306,2025-04-10 00:07:13.444425,2025-04-10 00:08:02.932674,0 days 00:00:49.488249,0.40930400480283946,0.44673356082192145,2,0.26472319370695824,0.0584031496287028,0.0607498016832706,0.09991304696465772,0.08118816995207138,0.056249896995138014,0.012947582896979228,9,55,0.0010139584317005422,0.018995769065642317,False,False,False,1.5226955601676144e-05,COMPLETE
754,0.4882346034049988,2025-04-10 00:08:03.178368,2025-04-10 00:08:49.141486,0 days 00:00:45.963118,0.4754112980765145,0.4830021174060243,2,0.22527588492220926,0.03614032129151643,0.06282930763125485,0.02397852958740047,0.07910523600565085,0.06142039365050473,0.017359163816364733,8,81,0.004840977543293111,0.114597152320289,False,False,False,1.6190797159129416e-07,COMPLETE
755,0.5598803758621216,2025-04-10 00:08:49.390831,2025-04-10 00:09:23.220010,0 days 00:00:33.829179,0.4561987427163142,0.4342470443646814,8,0.2518592139843674,0.0421834565715755,0.058253721241900855,0.06238277190828312,0.082519389404403,0.05728853160140185,0.008797711213230142,20,74,0.003989983300261162,0.007961403922328004,False,False,False,4.888720764105349e-06,COMPLETE
756,0.5649724483489991,2025-04-10 00:09:23.453292,2025-04-10 00:10:06.927958,0 days 00:00:43.474666,0.4320813223639601,0.46288236456352616,2,0.2049564828488469,0.0320438385170114,0.03891882084654275,0.010506987935985194,0.0763668122895772,0.06434081985486115,0.01085366273681498,7,58,0.0027655864350675245,0.026461473247166016,False,False,False,1.2465565328309443e-06,COMPLETE
757,0.5029260754585266,2025-04-10 00:10:07.176097,2025-04-10 00:10:49.798146,0 days 00:00:42.622049,0.43314144386760245,0.4647970174826148,2,0.20690712463626984,0.02298603924593189,0.04002712245657983,0.008972728045446755,0.07648727894179845,0.06393918365606624,0.014527340331471652,7,62,0.0026104801635785974,0.016439980822398906,False,False,False,9.169096228757245e-07,COMPLETE
758,0.44027844667434696,2025-04-10 00:10:50.047394,2025-04-10 00:11:36.030255,0 days 00:00:45.982861,0.42159395390108856,0.5081721274714015,2,0.20230636958787773,0.17929438037649226,0.03537272562247144,0.009656297954282475,0.07717824690210039,0.06330321897506969,0.009078399263348427,8,59,0.03274062605843127,0.02349088005821135,False,False,False,7.371677062354128e-07,COMPLETE
759,0.5087139248847962,2025-04-10 00:11:36.268077,2025-04-10 00:12:19.439417,0 days 00:00:43.171340,0.410657944561727,0.4761160692848615,2,0.19791661855705073,0.030098289893980994,0.03649329545049051,0.007294260124232851,0.0749504562149647,0.06127817496479933,0.011990580082558837,7,64,0.003194051400387112,0.029661662471888728,False,False,False,4.662746079488306e-06,COMPLETE
760,0.501648235321045,2025-04-10 00:12:19.689841,2025-04-10 00:13:05.735062,0 days 00:00:46.045221,0.4422363880593271,0.5002435236153856,2,0.18961247524017896,0.01320873097343801,0.0377760522487361,0.012085456253918225,0.07844780519910441,0.06386751126463551,0.010052460340699898,8,67,0.0025959650428182502,0.012137101854860817,False,False,False,1.5942062498069717e-06,COMPLETE
761,0.08871031105518341,2025-04-10 00:13:05.972658,2025-04-10 00:13:48.853530,0 days 00:00:42.880872,0.3873149419524955,0.45541988918855875,2,0.2216601212560893,0.026966233499842937,0.039236136481920626,0.011602333394187975,0.07386207245555586,0.05941333398894842,0.023934940524337027,9,69,0.0059915867789634,0.023070476194113718,False,False,True,1.5408379090627267e-06,COMPLETE
762,0.5611780524253845,2025-04-10 00:13:49.103677,2025-04-10 00:14:35.336864,0 days 00:00:46.233187,0.46461677141228586,0.44695324301751427,2,0.2000982025839691,0.03409365897103471,0.06048208188629812,0.014222552195696295,0.07566160164195666,0.06510454833704675,0.007773718184578981,8,60,0.002446142001118073,0.033243001161329035,False,False,False,1.1721433914713147e-06,COMPLETE
763,0.3395693838596344,2025-04-10 00:14:35.586331,2025-04-10 00:15:18.283473,0 days 00:00:42.697142,0.42636087035858544,0.4831392542156984,2,0.2736384037583955,0.1356331665711923,0.03836371582160192,0.011187549061641645,0.07894984950594218,0.06182030185329222,0.01566995268128654,7,39,0.004717167456654238,0.04429519485653951,False,False,False,2.0045986047386977e-06,COMPLETE
764,0.5027224063873291,2025-04-10 00:15:18.523882,2025-04-10 00:16:11.056174,0 days 00:00:52.532292,0.44292007914404063,0.4326505719269285,2,0.2019333462416887,0.030782089005570883,0.034489346483996805,0.006646977038776653,0.08074225257479274,0.05859678324767508,0.01223495307035887,10,64,0.007067699894404256,0.0010687934327119914,False,False,False,1.4910778648465247e-06,COMPLETE
765,0.5110232114791871,2025-04-10 00:16:11.303786,2025-04-10 00:16:57.599893,0 days 00:00:46.296107,0.40478666405226554,0.46182376203249076,2,0.2057382837062735,0.02649045646219938,0.04197675881688905,0.008833448202851488,0.07772244057708613,0.06479269567991126,0.008870930461592158,8,58,0.0011719924220980182,0.07104617231819968,False,False,False,5.709956631563916e-07,COMPLETE
766,0.3046456336975098,2025-04-10 00:16:57.842241,2025-04-10 00:17:47.173330,0 days 00:00:49.331089,0.47277560968195537,0.6577431262640804,2,0.19202211049628412,0.036098971753858226,0.040569908017636276,0.05429128292169588,0.08355651017186981,0.06151943830239359,0.010802959291193329,9,77,0.0011417021184432687,0.025775523376268303,False,False,False,2.764801484222653e-06,COMPLETE
767,0.5089563727378845,2025-04-10 00:17:47.421521,2025-04-10 00:18:30.661429,0 days 00:00:43.239908,0.5026656403772892,0.4213786451236922,2,0.20963215247746192,0.019568640031881517,0.0388090558911212,0.013761817196901716,0.07506062083439066,0.054344741093449125,0.018963787675093758,7,71,0.0046599084728543416,0.04838131217498406,False,False,False,3.2352067937792e-06,COMPLETE
768,0.5096002578735351,2025-04-10 00:18:30.913957,2025-04-10 00:19:13.671452,0 days 00:00:42.757495,0.44764259575704907,0.483331141503718,2,0.21827211151678855,0.04015062406924834,0.06233538396948401,0.0039053297348971535,0.08208761408204772,0.06340481799783028,0.007340944579529717,7,62,0.006908683786241366,0.05583269443012355,False,False,False,1.095425018939718e-06,COMPLETE
769,0.3834565341472626,2025-04-10 00:19:13.909119,2025-04-10 00:20:00.243414,0 days 00:00:46.334295,0.4282366619434014,0.4482402402706456,2,0.20663761802947003,0.12733099626886332,0.06408681001408033,0.00955272652698292,0.07318734935580869,0.059946355688992536,0.013400694562849457,8,67,0.0030027533142012322,0.03540159949040209,True,False,False,2.2161754288736525e-06,COMPLETE
770,0.5678343057632447,2025-04-10 00:20:00.494187,2025-04-10 00:20:46.716765,0 days 00:00:46.222578,0.3644464312570252,0.4674629769837534,2,0.2113984657851713,0.03272353695973027,0.06654740667175038,0.007897179691225387,0.07991679035933458,0.051001087177842915,0.009601316091186867,8,84,0.0056262735145256645,0.01797629888879728,False,False,False,6.5354545641176125e-06,COMPLETE
771,0.49452157020568854,2025-04-10 00:20:46.971031,2025-04-10 00:21:36.719374,0 days 00:00:49.748343,0.3405994379541493,0.43303119803561657,2,0.21423408529526033,0.028816666989183382,0.06872040708882891,0.0053073188268306214,0.08011619476765693,0.04922475977483817,0.011076679817934282,9,79,0.007511347303084872,0.012668404663764725,False,False,False,3.998778498238585e-06,COMPLETE
772,0.10670594871044159,2025-04-10 00:21:36.956790,2025-04-10 00:22:14.766726,0 days 00:00:37.809936,0.40246899768270805,0.49379186843716294,2,0.21163170371768306,0.038665723928769484,0.06539302986734413,0.007590865448428504,0.08406078829203038,0.045901169798167774,0.015262482343382719,7,74,0.00893039959084171,0.016720978440690117,False,True,False,2.2178446143954774e-05,COMPLETE
773,0.34391160011291505,2025-04-10 00:22:15.022206,2025-04-10 00:23:00.995778,0 days 00:00:45.973572,0.35854476750255804,0.46976510317205566,2,0.19740232007056321,0.10607040407244062,0.07037674580335353,0.010097586965468041,0.08141841261994438,0.0475351591008494,0.009961660002852016,8,42,0.005670557499819702,0.010279954406258885,False,False,False,3.724085031609502e-06,COMPLETE
774,0.5120066523551942,2025-04-10 00:23:01.236115,2025-04-10 00:23:44.690244,0 days 00:00:43.454129,0.3541361035734443,0.41442519224862295,2,0.2064855586616536,0.02316351595551681,0.07174575019435722,0.010963422827458606,0.07934801890612785,0.050112410127448485,0.0126423620415093,7,65,0.003938275372824214,0.018565388313406518,False,False,False,2.5286903738423295e-06,COMPLETE
775,0.5433696150779724,2025-04-10 00:23:44.941903,2025-04-10 00:24:34.511287,0 days 00:00:49.569384,0.37433731631880685,0.4596006932062567,2,0.19349045249995545,0.03459848195270738,0.06477802797925239,0.006256473687876487,0.0824609601238221,0.05338527662376191,0.009493443288284217,9,83,0.0011358661508733931,0.007790175132913088,False,False,False,1.4161922494470958e-06,COMPLETE
776,0.3595499813556672,2025-04-10 00:24:34.762881,2025-04-10 00:25:20.896833,0 days 00:00:46.133952,0.36147400114248374,0.4496174202290105,2,0.21099614554730983,0.040919570249926866,0.06693014262023673,0.005071715471503868,0.0854632388796507,0.05238785994222561,0.011998136978474686,8,71,0.0073484331285801965,0.021192865924855017,False,False,False,1.0677587321271144e-06,COMPLETE
777,0.5605286955833435,2025-04-10 00:25:21.139605,2025-04-10 00:26:07.852259,0 days 00:00:46.712654,0.3240516613975606,0.50716404174889,2,0.21058155661737463,0.031335463583561256,0.03700428248983712,0.007226169257955056,0.09394189383016305,0.05211088353815478,0.008544825841895238,8,45,0.0010650254930005395,0.01654466745876781,False,False,False,6.480503527928364e-08,COMPLETE
778,0.4857062101364136,2025-04-10 00:26:08.106454,2025-04-10 00:27:01.025195,0 days 00:00:52.918741,0.37001346167180854,0.4346555617706565,2,0.21447889982866258,0.04470729971474863,0.06825673817889,0.008999985851048647,0.08904712097316153,0.050549817262960914,0.014739633565488512,10,9,0.0697514727610649,0.02383930137595071,False,False,False,5.472679310893427e-06,COMPLETE
779,0.5443089962005616,2025-04-10 00:27:01.285161,2025-04-10 00:27:50.677098,0 days 00:00:49.391937,0.39162779318709745,0.4089436458078953,2,0.20598062582108292,0.03586260846130102,0.06599804935121091,0.015288116953890814,0.08008752542343363,0.05074028378297903,0.009896953840409404,9,38,0.005917774222931851,0.006623770265723188,False,False,False,4.6816734366222784e-08,COMPLETE
780,0.09451182037591935,2025-04-10 00:27:50.920236,2025-04-10 00:28:28.588449,0 days 00:00:37.668213,0.38836653477410527,0.48264780326973816,2,0.21541124709011344,0.040127210964657864,0.041276269606665215,0.0076424486887412425,0.08424825157844204,0.04847669795784657,0.01145972862884699,7,76,0.003583630020674613,0.019821278351841914,False,False,True,1.8993138789299368e-06,COMPLETE
781,0.5082575559616089,2025-04-10 00:28:28.840933,2025-04-10 00:29:12.183832,0 days 00:00:43.342899,0.3892717904389777,0.4384400568509678,2,0.20374295465591816,0.026547522358567978,0.06731381523129636,0.01230517342527334,0.08612751476339725,0.05506433611782419,0.007975561709325875,7,69,0.009921421321073464,0.02851516514883077,False,False,False,9.73480265516247e-06,COMPLETE
782,0.5316703438758851,2025-04-10 00:29:12.442140,2025-04-10 00:29:58.449690,0 days 00:00:46.007550,0.3271988453725713,0.46378462198069653,2,0.19855723621202734,0.033577036496308,0.0742543066411895,0.011598498364459923,0.08224104143074387,0.04729189121338604,0.01693898039432414,8,57,0.0083997227914924,0.014485227884880488,False,False,False,9.608450071875792e-08,COMPLETE
783,0.4879398107528687,2025-04-10 00:29:58.693234,2025-04-10 00:30:47.836034,0 days 00:00:49.142800,0.37362865419201907,0.11180074493071313,2,0.23282153051496898,0.04457406050152121,0.03893762746215568,0.015906215604225206,0.09069493653039992,0.056210158966974955,0.013386517663264375,9,61,0.005739565682945203,0.16674779326697653,False,False,False,5.873444718209444e-08,COMPLETE
784,0.511600947380066,2025-04-10 00:30:48.101215,2025-04-10 00:31:34.708344,0 days 00:00:46.607129,0.34921437969835933,0.42195275764674994,2,0.20129203099886664,0.023414839383023967,0.05664145335830972,0.0043549656505347785,0.07688540020051482,0.05367471901127801,0.009496462741540184,8,80,0.00293564349429546,0.026974786452056643,False,False,False,1.8030316361942925e-06,COMPLETE
785,0.49940401315689087,2025-04-10 00:31:34.969272,2025-04-10 00:32:17.736571,0 days 00:00:42.767299,0.40485918792351033,0.4777320487361667,2,0.2216738020300693,0.03847798187802516,0.06364382344479276,0.010369940126529899,0.07813770287451098,0.0570243003424563,0.011238622742136288,7,42,0.00441091657862314,0.24243520112428546,False,False,False,7.732087933599384e-06,COMPLETE
786,0.4110749065876007,2025-04-10 00:32:17.981192,2025-04-10 00:33:04.390740,0 days 00:00:46.409548,0.3683848437794103,0.39847173947185355,2,0.22866601305980505,0.04886828390079356,0.0660982440885668,0.013607208104210785,0.08845190829699046,0.052602241574635514,0.008312270649142885,8,65,0.007383485729869208,0.0220162924202502,False,False,False,7.809402130653058e-08,COMPLETE
787,0.531268572807312,2025-04-10 00:33:04.650006,2025-04-10 00:33:45.374408,0 days 00:00:40.724402,0.30989496527168486,0.44593575798601726,2,0.21697947645765936,0.01039221312784894,0.06918043558754289,0.040346426384897105,0.0803364829847611,0.058135824852566235,0.014158021112517167,6,72,0.001029150381133072,0.03223251491338879,True,False,False,2.630283991002778e-06,COMPLETE
788,0.5058797240257263,2025-04-10 00:33:45.621585,2025-04-10 00:34:34.564408,0 days 00:00:48.942823,0.41562186855422856,0.42106894290240426,2,0.27662829441232256,0.029418842806323602,0.05478599916507367,0.006281070570426914,0.08337729547311644,0.05134943946250623,0.02135220774444327,9,44,0.009551797299769767,0.013242104810456432,False,False,False,1.2986482248436179e-06,COMPLETE
789,0.5070495486259461,2025-04-10 00:34:34.824588,2025-04-10 00:36:18.644391,0 days 00:01:43.819803,0.334411585855236,0.5012843737517052,2,0.21129653737969492,0.019369780467767668,0.036222961911982016,0.0026248080129025087,0.09249880129397527,0.044270361990479394,0.006920331583964171,26,68,0.005796028925355289,0.028218062532915793,False,False,False,8.723492005917986e-05,COMPLETE
790,0.0948826774954796,2025-04-10 00:36:18.905037,2025-04-10 00:36:56.327823,0 days 00:00:37.422786,0.38907744026404856,0.4603294548102645,2,0.1917726461152016,0.04159368081011119,0.05885720793564409,0.008716723345992107,0.08661451739592232,0.05486435151240331,0.010363965248801258,7,84,0.02854918628652912,0.01980853274366397,False,True,False,2.9461926977217564e-07,COMPLETE
791,0.5516291737556458,2025-04-10 00:36:56.574705,2025-04-10 00:37:42.670491,0 days 00:00:46.095786,0.35984339924078645,0.44238058383677864,2,0.2878345721712838,0.03352546922209149,0.03248686708700303,0.001157158746007413,0.08410811077359415,0.06074216143078009,0.009140395646396527,8,58,0.0030177469927313016,0.03369596186216002,False,False,False,1.1286279066654735e-07,COMPLETE
792,0.33162021040916445,2025-04-10 00:37:42.928864,2025-04-10 00:38:32.245471,0 days 00:00:49.316607,0.4187437299527525,0.4037013242813339,2,0.26831829878568625,0.23395379063469318,0.04281871369053363,0.04578611655883509,0.07834892070631212,0.06625038227036732,0.011687226935083537,9,37,0.004319260091315188,0.03840231952828109,False,False,False,6.284085501992173e-05,COMPLETE
793,0.47080799341201784,2025-04-10 00:38:32.503898,2025-04-10 00:39:11.849572,0 days 00:00:39.345674,0.37997462353405276,0.47642404257432774,2,0.2800078043390483,0.05260205527624223,0.06288875689584429,0.010445151671377837,0.025832420306576228,0.05901482047601167,6.862188905949343e-05,6,76,0.04626795009459988,0.025788906217969428,False,False,False,9.513004818658368e-07,COMPLETE
