number,value,datetime_start,datetime_complete,duration,params_alpha-eval,params_alpha-train,params_batch-size,params_eps-eval,params_eps-train,params_lambda-actions-eval,params_lambda-actions-train,params_lambda-frames-eval,params_lambda-frames-train,params_learning-rate,params_n-epochs,params_n-frames,params_radius-gw,params_rho,params_std-feats,params_ub-actions,params_ub-frames,params_weight-decay,state
337,0.5146506786346436,2025-04-17 04:06:36.698062,2025-04-17 04:07:02.705597,0 days 00:00:26.007535,0.2026425151699857,0.6826738815421316,16,0.2767187353157993,0.21757821445803113,0.051475794329083724,0.013770193878546513,0.016668982215242042,0.006855472124365852,2.5375046662284026e-05,22,65,0.022025655431375135,0.054957580028930864,False,False,False,2.9388877994367046e-06,COMPLETE
338,0.5215510606765748,2025-04-17 04:07:02.810213,2025-04-17 04:07:28.929042,0 days 00:00:26.118829,0.46849103175548007,0.6978104949064213,16,0.25277558448340726,0.21117217971957974,0.09305760462308432,0.03578890451704399,0.014947576863162178,0.020201876962710887,3.127113808089302e-05,22,70,0.028302734937540083,0.04639878160247604,False,False,False,3.6766680984339117e-06,COMPLETE
339,0.5087495446205139,2025-04-17 04:07:29.033878,2025-04-17 04:07:56.214515,0 days 00:00:27.180637,0.2288691000391319,0.7238578885058959,16,0.2651443855394702,0.17124244014000745,0.08834974560337874,0.031510838937384406,0.021014615719216263,0.01792977386339793,1.5411267598931724e-05,25,68,0.03268901117015146,0.010140958048180965,False,False,False,1.744810577077424e-06,COMPLETE
340,0.4609056353569031,2025-04-17 04:07:56.319745,2025-04-17 04:08:23.753420,0 days 00:00:27.433675,0.2645736078495001,0.6422226684732788,16,0.2587270896510431,0.19142954246421212,0.0971160378683539,0.058335647448606115,0.0073691799018298695,0.03385639831487401,2.5053934561931466e-05,24,73,0.016747894897925397,0.040272406548626544,False,False,False,4.173982416933298e-05,COMPLETE
341,0.48649804592132573,2025-04-17 04:08:23.870068,2025-04-17 04:08:49.776621,0 days 00:00:25.906553,0.161481078851002,0.7036931416481916,16,0.2848284101560508,0.19778041357020235,0.08017337699408135,0.005747077246007504,0.0173604537949797,0.0967343742077396,4.167745139454836e-05,22,66,0.020199338964356005,0.059766585013959414,False,False,False,4.282789085485934e-06,COMPLETE
342,0.33448729515075687,2025-04-17 04:08:49.884494,2025-04-17 04:09:16.510817,0 days 00:00:26.626323,0.13292327353732403,0.6656654315882898,16,0.26929403261389584,0.20464449588433495,0.09309926544479813,0.009381720948050194,0.014465048628925052,0.02874086668103226,1.2164013933275428e-05,23,71,0.011849974255025528,0.06517292879272026,False,False,False,2.4692817152006944e-06,COMPLETE
343,0.4948474526405335,2025-04-17 04:09:16.617178,2025-04-17 04:09:43.551948,0 days 00:00:26.934770,0.18247084815961018,0.9271246431089841,16,0.2510892441819714,0.22459952541628792,0.08504420352918632,0.00376446199576506,0.015968069173716286,0.004893401653178142,2.0888624479135202e-05,21,150,0.01780513274664334,0.03251511534053483,False,False,False,5.4597164066735945e-06,COMPLETE
344,0.0914161801338196,2025-04-17 04:09:43.660612,2025-04-17 04:10:08.284536,0 days 00:00:24.623924,0.15465726462610282,0.7270688879649315,16,0.27434407888930995,0.21637059812628295,0.08257803681316901,0.007317258984271479,0.028558628587809404,0.06002316848968774,0.0947250572095059,26,63,0.022632860478307048,0.04863939766955925,False,False,True,9.227641788033941e-07,COMPLETE
345,0.5205121040344238,2025-04-17 04:10:08.403739,2025-04-17 04:10:35.090912,0 days 00:00:26.687173,0.1958532747304464,0.7466285436689557,16,0.0107249060630287,0.20920928603593758,0.07713260355478387,0.010707727078824513,0.018056840490303237,0.09993297505618388,3.4826566556732974e-05,24,73,0.02631960165694067,0.05471539294045867,False,False,False,1.1359771610733406e-05,COMPLETE
346,0.43988701701164246,2025-04-17 04:10:35.198502,2025-04-17 04:10:55.206430,0 days 00:00:20.007928,0.10858559614735247,0.6797452221831904,16,0.2379284055697748,0.22165331575134595,0.09113699047451465,0.002647757824434549,0.02485537671882166,0.024576342029578018,1.7714009672603972e-05,8,29,0.08644176208073573,0.07924520009317808,False,False,False,2.9197764785964505e-06,COMPLETE
347,0.09924106299877167,2025-04-17 04:10:55.314659,2025-04-17 04:11:19.860170,0 days 00:00:24.545511,0.17509714079404415,0.7132654610879806,16,0.2442396174925217,0.18561716824706587,0.0953632716953765,0.007474026319340006,0.07812169375076872,0.09193108538938238,2.884611581101918e-05,22,69,0.01999850263293216,0.06058464138977011,True,True,False,4.276027680241903e-06,COMPLETE
348,0.4394070982933045,2025-04-17 04:11:19.968549,2025-04-17 04:11:47.694387,0 days 00:00:27.725838,0.24407166636027255,0.6461574744471242,16,0.261835877216372,0.1982454558740292,0.09720038884585751,0.017433565424762668,0.006332105224330677,0.09801498014278621,0.0001688477213468624,25,89,0.014426593446492178,0.17634390405751688,False,False,False,1.4906459185993168e-05,COMPLETE
349,0.5014455676078797,2025-04-17 04:11:47.813086,2025-04-17 04:12:23.584770,0 days 00:00:35.771684,0.145505794474795,0.8558108811682184,8,0.2505009412570949,0.21381120090748146,0.08584133927594158,0.004931178885045498,0.008990262123448889,0.08749436689789546,4.318526836697748e-05,23,74,0.018545576486790734,0.06823417499356545,False,False,False,1.2153407163717748e-06,COMPLETE
350,0.493318235874176,2025-04-17 04:12:23.694385,2025-04-17 04:12:50.297779,0 days 00:00:26.603394,0.21800910719691965,0.5836520850072604,16,0.2826428532562716,0.23441190279503227,0.08817634137111625,0.023803206808276016,0.013486773161803583,0.0844187132782925,2.36770927771288e-05,22,85,0.02169568868064482,0.04405880375104888,False,False,False,6.308596904379752e-06,COMPLETE
351,0.48792302608489996,2025-04-17 04:12:50.406683,2025-04-17 04:13:17.698750,0 days 00:00:27.292067,0.09013839122850963,0.7395549477731903,16,0.23599939922662186,0.2042341188647476,0.09264047483331636,0.011980655690959022,0.01979378538391038,0.0907959765237356,3.348782792750123e-05,24,67,0.016415049337864827,0.05340573195434401,False,False,False,7.589747320516171e-05,COMPLETE
352,0.5275785088539124,2025-04-17 04:13:17.808480,2025-04-17 04:13:44.364703,0 days 00:00:26.556223,0.13046389559364635,0.6924156678367839,16,0.255462475669492,0.19388416194493802,0.07926727958150266,0.009199529714197,0.010839274371895575,0.09394564374259327,2.755414777901339e-05,23,80,0.024612735921852504,0.07339124158838504,False,False,False,3.616686758376534e-06,COMPLETE
353,0.3148720860481262,2025-04-17 04:13:44.484744,2025-04-17 04:14:09.076277,0 days 00:00:24.591533,0.16466047210680265,0.5105853747868542,16,0.23051711806737923,0.040459977234433314,0.0834144740535905,0.04107956008233847,0.014188337878932126,0.001842608318235503,1.9277576256109367e-05,18,70,0.010044045773471948,0.061614338600990914,False,False,False,4.753029014175406e-06,COMPLETE
354,0.4840895652770997,2025-04-17 04:14:09.187693,2025-04-17 04:15:45.469822,0 days 00:01:36.282129,0.1196794786502666,0.9033242134780531,2,0.24571728528876516,0.1797247342062747,0.09013139857571607,0.014774278195991572,0.016447840802944393,0.05197132231124776,4.550977882671663e-05,24,60,0.02037822909354668,0.08609925473844068,False,False,False,9.706687168918344e-06,COMPLETE
355,0.2850169241428375,2025-04-17 04:15:45.579060,2025-04-17 04:16:12.275236,0 days 00:00:26.696176,0.07892597099076865,0.454075197074678,16,0.26603536891508495,0.2095392843708763,0.09452221323899677,0.006414272843129526,0.012044409065085204,0.08198043853547961,1.4129703612336607e-05,23,77,0.01294664408737185,0.040016394099887935,False,False,False,3.2900728216099265e-05,COMPLETE
356,0.4717356562614441,2025-04-17 04:16:12.386151,2025-04-17 04:16:38.730835,0 days 00:00:26.344684,0.20475702287002723,0.950238469979431,16,0.2730038256360034,0.2203168253855777,0.040222401266540225,0.002608672857692222,0.022329786722269797,0.01365371731139732,3.7818023502497585e-05,22,93,0.06857614052984247,0.1977072624002058,False,False,False,1.2970596112144696e-05,COMPLETE
357,0.47867290973663335,2025-04-17 04:16:38.851918,2025-04-17 04:17:06.320354,0 days 00:00:27.468436,0.18152849550559233,0.7541655175407717,16,0.24095552466706255,0.20338319525099222,0.0977633640342358,0.03363252559230882,0.017970498939881403,0.09764192554563253,2.2603189374722477e-05,25,72,0.01784452066561783,0.0476515970860772,False,False,False,5.5737318512493726e-06,COMPLETE
358,0.4840922832489014,2025-04-17 04:17:06.432233,2025-04-17 04:17:32.991089,0 days 00:00:26.558856,0.1548365209391777,0.7137686337584874,16,0.27880537517178755,0.2286947130201159,0.08156374897382788,0.008685962243234733,0.009511012617521242,0.0634246524507904,5.549778248488508e-05,23,67,0.015589123243834812,0.05673347145945882,False,False,False,6.9948867507659305e-06,COMPLETE
359,0.5413896918296814,2025-04-17 04:17:33.103384,2025-04-17 04:18:00.184458,0 days 00:00:27.081074,0.10320099280534717,0.7729754745087467,16,0.2575612979430567,0.21521107710902165,0.08689601626560617,0.013139144771890505,0.034762510486135476,0.09566257321941729,2.8296500175219484e-05,24,75,0.023141683555701086,0.06728977181052342,False,False,False,2.7388735542016054e-06,COMPLETE
360,0.46025358438491826,2025-04-17 04:18:00.308134,2025-04-17 04:18:26.055292,0 days 00:00:25.747158,0.22805210575512108,0.9201525566288193,16,0.20268193179809327,0.27839850909841046,0.09589633853079005,0.005621941316628561,0.09321265020516364,0.0235860552232745,1.7346799028682428e-05,22,55,0.019606440251102947,0.0770247306147234,False,False,False,1.0087751019301229e-05,COMPLETE
361,0.498116934299469,2025-04-17 04:18:26.167203,2025-04-17 04:18:51.941286,0 days 00:00:25.774083,0.1422292929780644,0.7321484728412033,16,0.2355855536433729,0.1893782217148946,0.09310946469092976,0.010938586786986174,0.013051335875223105,0.05452656846804453,3.340092098306171e-05,21,64,0.02171166020866387,0.06384180740394384,False,False,False,5.433305199817818e-05,COMPLETE
362,0.5383036017417908,2025-04-17 04:18:52.053134,2025-04-17 04:19:20.126194,0 days 00:00:28.073060,0.18953122493782334,0.8232057252039899,16,0.24832535887737175,0.19893257072084694,0.0848721201918031,0.003888589016571176,0.015768474766794115,0.0888578761245999,2.5066310373890587e-05,26,70,0.017321701971639163,0.0727631375090869,False,False,False,3.978149705568383e-06,COMPLETE
363,0.10183920413255691,2025-04-17 04:19:20.239674,2025-04-17 04:19:44.327257,0 days 00:00:24.087583,0.1652603700322452,0.6981602859567569,16,0.24056578649979987,0.2107331836177993,0.0891102407015136,0.007750939255854822,0.011091360016138169,0.08058633493826534,4.6161378447521185e-05,23,78,0.025693666885334823,0.05482646825562023,False,False,True,1.5337384113632814e-07,COMPLETE
364,0.4965641021728516,2025-04-17 04:19:44.450594,2025-04-17 04:20:11.973039,0 days 00:00:27.522445,0.12488982850403599,0.6706679689317123,16,0.228014787625364,0.22133780547736392,0.0909938514384703,0.020856232116067054,0.0695072429602889,0.07907619718337279,3.694693011886874e-05,24,83,0.014229830574865224,0.049538559219063,False,False,False,1.513932442288909e-08,COMPLETE
365,0.4691564440727234,2025-04-17 04:20:12.088310,2025-04-17 04:20:37.130766,0 days 00:00:25.042456,0.5454668663706224,0.7621374671980009,16,0.2645259266388667,0.1661790837998891,0.08273869662634825,0.0010604217279297063,0.00545960776717106,0.0831489925093648,7.23541450184356e-05,19,73,0.023683384517704492,0.08203986885551387,False,False,False,7.941327449826838e-06,COMPLETE
366,0.45918183326721196,2025-04-17 04:20:37.245849,2025-04-17 04:21:04.780161,0 days 00:00:27.534312,0.07426387513426215,0.728078696598986,16,0.2522276845561537,0.2063704268766899,0.0973195333198147,0.009793660012100518,0.014694507102329665,0.08588639739548255,0.02405518098579698,25,67,0.01929762833598408,0.05976425966993597,False,False,False,1.5830100864366697e-05,COMPLETE
367,0.49913780689239506,2025-04-17 04:21:04.897015,2025-04-17 04:21:32.965339,0 days 00:00:28.068324,0.20418788819561925,0.7104839098020429,16,0.29331640116212104,0.19551157659363433,0.0215434856706109,0.036970533793895616,0.019690699459625285,0.0767656006811125,2.1669077757136618e-05,23,70,0.021219782509928297,0.22235636560384842,True,False,False,4.178171789530686e-05,COMPLETE
368,0.1115791067481041,2025-04-17 04:21:33.089486,2025-04-17 04:21:56.440952,0 days 00:00:23.351466,0.09933944488023903,0.6823753135021774,16,0.2340131107396082,0.2390922067220072,0.09514295250975467,0.01665468464758476,0.008771541951543132,0.0662440809508613,3.284713088041129e-05,22,75,0.02742059375155653,0.06991920880292758,False,True,False,6.193633424006769e-06,COMPLETE
369,0.5027911782264709,2025-04-17 04:21:56.556647,2025-04-17 04:22:23.580579,0 days 00:00:27.023932,0.027689834887482823,0.7436521463738334,16,0.21480026469918226,0.22665976503774476,0.03637654556731904,0.005838248713696046,0.012781364328482356,0.057059413891903006,2.9266755468943287e-05,24,80,0.016117717758734777,0.04475195588549956,False,False,False,0.00019867127481602165,COMPLETE
370,0.5281975030899049,2025-04-17 04:22:23.696151,2025-04-17 04:22:50.006069,0 days 00:00:26.309918,0.057489582851789775,0.6095204152419331,16,0.08150091710277178,0.18418255797934277,0.08772601875693384,0.012394343117530541,0.01771100365955868,0.09828399465848395,1.9691917954605623e-05,21,120,0.011949085537325767,0.06371500288383967,False,False,False,4.848128570202023e-06,COMPLETE
371,0.5234890699386597,2025-04-17 04:22:50.133288,2025-04-17 04:23:26.271003,0 days 00:00:36.137715,0.2513406183991088,0.9608799576489052,8,0.24706074128778283,0.20087278858433322,0.09228371990323035,0.007710978878618283,0.01550767601638177,0.0687553539383765,1.5367168989798863e-05,23,61,0.01811369354739972,0.035502007635113735,False,False,False,2.0051532660018795e-06,COMPLETE
372,0.4652072072029114,2025-04-17 04:23:26.385977,2025-04-17 04:23:56.097004,0 days 00:00:29.711027,0.27555526442674544,0.7767795099310606,16,0.2715204601981053,0.21616453233947863,0.08497099525809851,0.003904056182302903,0.010935266568224876,0.09452813483733327,4.949826620298855e-05,27,140,0.022289115323015717,0.05079804199143982,False,False,False,1.2227020943080229e-05,COMPLETE
373,0.3344094812870026,2025-04-17 04:23:56.214997,2025-04-17 04:24:21.673328,0 days 00:00:25.458331,0.17992700473893758,0.017724515152666986,16,0.2594435322447419,0.2105236052369539,0.08054826610853101,0.010357400088443975,0.0011182099345714235,0.0914794946412543,3.850043967138217e-05,20,72,0.0307285309709067,0.1386492181034239,False,False,False,2.9731771364607993e-06,COMPLETE
374,0.505140495300293,2025-04-17 04:24:21.788636,2025-04-17 04:24:48.706041,0 days 00:00:26.917405,0.1477369549249781,0.7962660792850348,16,0.22959097996962358,0.17526618173015357,0.09420508853372483,0.014585174010735426,0.0070854325983419906,0.09609611382230494,2.7609729575320865e-05,24,65,0.02507156353230011,0.05495326616760891,False,False,False,3.5660188546264603e-06,COMPLETE
375,0.4754753828048706,2025-04-17 04:24:48.833670,2025-04-17 04:25:15.659503,0 days 00:00:26.825833,0.11581702906224746,0.8509042663703951,16,0.2401511825356219,0.19158605314835359,0.0073153547579371606,0.007163045413547918,0.014221696498377717,0.0781471748776404,2.3931689818625122e-05,23,77,0.019992216123490635,0.021868898276416734,False,False,False,1.8204915059866568e-05,COMPLETE
376,0.4493050217628479,2025-04-17 04:25:15.775808,2025-04-17 04:26:54.967314,0 days 00:01:39.191506,0.22074708183394218,0.651748652464052,2,0.28771274715282685,0.22195330427516607,0.07732148978466254,0.044118383839587834,0.017534224681022188,0.07604053009387665,6.2446329256447e-05,25,68,0.015370295688310092,0.07408198639751395,False,False,False,9.27759658600907e-06,COMPLETE
377,0.3171646296977997,2025-04-17 04:26:55.084569,2025-04-17 04:27:21.549158,0 days 00:00:26.464589,0.08119332371843832,0.48121266935601514,16,0.22176738289465575,0.20439408521510263,0.06687308131718911,0.009005538312389712,0.012453974382035892,0.0999264925524728,1.848650021112788e-05,22,87,0.006182172826380065,0.06518594703898604,False,False,False,7.248669467365158e-06,COMPLETE
378,0.48671500682830815,2025-04-17 04:27:21.667927,2025-04-17 04:27:48.572404,0 days 00:00:26.904477,0.025596359862062525,0.91083665259262,16,0.2541117465967646,0.2164934613186557,0.09824504327741677,0.02560571824645211,0.020877862329014292,0.08815667794918954,3.2437214486532364e-05,23,97,0.01756318394867693,0.05777218128356836,False,False,False,3.610779253634811e-05,COMPLETE
379,0.32146587371826174,2025-04-17 04:27:48.698995,2025-04-17 04:28:15.034701,0 days 00:00:26.335706,0.16605142716300175,0.8833498945305672,16,0.2431898725349845,0.2321405589278471,0.06151359959623247,0.01882723496693465,0.0162800907259449,0.0928630066459705,3.772291574256819e-05,22,74,0.012885753771780303,0.039004484924585005,False,False,False,4.2932990657970245e-06,COMPLETE
380,0.47733583450317385,2025-04-17 04:28:15.158779,2025-04-17 04:28:42.349849,0 days 00:00:27.191070,0.04949818786932077,0.7050394176539374,16,0.27938583146838747,0.19794708724428256,0.0900529048667795,0.004290087563613317,0.00889740414669233,0.08056737362515477,4.4652446100532e-05,24,70,0.02332680442926407,0.16160756508372442,False,False,False,1.1096390772256743e-05,COMPLETE
381,0.41129381060600284,2025-04-17 04:28:42.468700,2025-04-17 04:29:09.203104,0 days 00:00:26.734404,0.13788716396606038,0.9357207417968951,16,0.23657001553599047,0.21005310645898778,0.08660691752323571,0.011687917359215892,0.013688894660503007,0.08348414918799131,1.2447639973866793e-05,23,63,0.019434651972985557,0.0898689138900543,False,False,False,0.0001098329108233268,COMPLETE
382,0.09784803539514542,2025-04-17 04:29:09.332523,2025-04-17 04:29:33.655659,0 days 00:00:24.323136,0.19323137678204239,0.7483486511978212,16,0.2681345889915331,0.18610879555834292,0.08292177102136601,0.005854408102810562,0.01909417250931554,0.07099716711159289,2.4363269270005284e-05,24,79,0.021132174532517735,0.0812819517244661,False,False,True,5.6337219714930055e-06,COMPLETE
383,0.48639830350875857,2025-04-17 04:29:33.775807,2025-04-17 04:30:00.804746,0 days 00:00:27.028939,0.030943855164738184,0.7250351958339657,16,0.24797107020997933,0.14186323711808796,0.09593283522250022,0.003068537282397656,0.010552963805576179,0.09755583061360182,2.848918695672679e-05,23,73,0.015517852392789277,0.06977589063255014,False,False,False,1.3882393524438174e-05,COMPLETE
384,0.4891697764396668,2025-04-17 04:30:00.924327,2025-04-17 04:30:26.836111,0 days 00:00:25.911784,0.0667524059749132,0.6749703539454804,16,0.22925758777435687,0.29061805702303317,0.09181164791202072,0.03870389000233475,0.0150277250365817,0.08135093174634932,2.0705646904494757e-05,21,67,0.017810153283380738,0.04580494658722048,False,False,False,2.0797841901838938e-05,COMPLETE
385,0.10991201847791673,2025-04-17 04:30:26.969325,2025-04-17 04:30:51.535780,0 days 00:00:24.566455,0.15804248972436558,0.7637298979860673,16,0.2601332165053737,0.2174493398193501,0.088729932026329,0.013550832728562843,0.012018226304210672,0.08998885998657191,1.5907180867314044e-05,25,76,0.025448198086933882,0.06101862325855305,False,True,False,8.458159152819691e-06,COMPLETE
386,0.33037493228912357,2025-04-17 04:30:51.657033,2025-04-17 04:31:19.391240,0 days 00:00:27.734207,0.010670299680830827,0.6885755415256117,16,0.2751699149884993,0.2059592913827879,0.09356827117279266,0.02865777234295124,0.006717600264883664,0.03507873495150721,5.562475665600275e-05,22,70,0.014171550175351093,0.05445918689641927,True,False,False,2.1815174061717237e-06,COMPLETE
387,0.5018040418624878,2025-04-17 04:31:19.511386,2025-04-17 04:31:46.848794,0 days 00:00:27.337408,0.09785249906633431,0.812976479058234,16,0.2352002205689876,0.15205926615492452,0.08145638296469371,0.034661731173402606,0.01679244051728337,0.07799064544653621,3.376037750580656e-05,24,72,0.021975078980909484,0.0758667774797735,False,False,False,3.3504505581648275e-06,COMPLETE
388,0.3305080533027649,2025-04-17 04:31:46.969842,2025-04-17 04:32:14.011490,0 days 00:00:27.041648,0.2121644765049487,0.07481541159576743,16,0.22466948431844233,0.22820777853822574,0.08419159755715673,0.04845677996760072,0.013998190359817891,0.08538597134831455,4.2280608354993546e-05,23,82,0.027494200283897596,0.06368269149571343,False,False,False,5.1973343928163115e-06,COMPLETE
389,0.31428627967834477,2025-04-17 04:32:14.143906,2025-04-17 04:32:40.481672,0 days 00:00:26.337766,0.18330040654521362,0.739143089264753,16,0.24387940689373755,0.19303642282064284,0.0789486168445222,0.008469594407070886,0.022887855278070326,0.0962325908612809,2.830365740498686e-05,22,65,0.009154807538541596,0.031357300447566724,False,False,False,7.133601895708796e-05,COMPLETE
390,0.5079791665077209,2025-04-17 04:32:40.602292,2025-04-17 04:33:07.598437,0 days 00:00:26.996145,0.38237808222781317,0.6387943666230178,16,0.25411054122599436,0.2115337803244093,0.09837004046289773,0.005928122730458828,0.009972303343419567,0.09339115397102993,2.258851222853733e-05,24,75,0.01947053557721142,0.05004013212669693,False,False,False,6.602475499525025e-06,COMPLETE
391,0.5085401177406311,2025-04-17 04:33:07.718458,2025-04-17 04:33:34.579113,0 days 00:00:26.860655,0.041166349854661846,0.834319128289236,16,0.23896503356008836,0.22349214608034906,0.08584401157774803,0.010716343105820949,0.018899275263199972,0.07881377273200392,1.856375882293974e-05,23,91,0.01696746706885384,0.06769890078017501,False,False,False,4.602271337370892e-05,COMPLETE
392,0.5428323864936829,2025-04-17 04:33:34.714553,2025-04-17 04:34:02.985333,0 days 00:00:28.270780,0.13015998561193565,0.7105310031096003,16,0.2636135997970486,0.1807763317028396,0.09644141113771564,0.015017349102703454,0.012439000372969602,0.09995942489419227,3.653642238301222e-05,26,69,0.023642205941794905,0.04319711194594134,False,False,False,1.599183229668261e-05,COMPLETE
