number,value,datetime_start,datetime_complete,duration,params_alpha-eval,params_alpha-train,params_batch-size,params_eps-eval,params_eps-train,params_lambda-actions-eval,params_lambda-actions-train,params_lambda-frames-eval,params_lambda-frames-train,params_learning-rate,params_n-epochs,params_n-frames,params_radius-gw,params_rho,params_std-feats,params_ub-actions,params_ub-frames,params_weight-decay,state
1065,0.4677124857902527,2025-04-17 10:14:37.327570,2025-04-17 10:14:59.411177,0 days 00:00:22.083607,0.15163230694026333,0.6443382497063815,16,0.2650265557688691,0.1945302135540734,0.09084372817248923,0.04847229423898625,0.04612440045652104,0.09101582904553263,2.365054666917934e-05,12,95,0.013174785228452458,0.07070200677954441,False,False,False,1.1799779281971015e-07,COMPLETE
1066,0.5012725830078125,2025-04-17 10:14:59.739350,2025-04-17 10:15:28.055026,0 days 00:00:28.315676,0.12135342332935864,0.5545326720782585,16,0.25523909567798275,0.25111680178276213,0.09590539477181112,0.05870121848878694,0.029208589805707022,0.09670091978492068,3.016645880618549e-05,27,80,0.016105112517524767,0.047129990267097896,False,False,False,2.8191716843568616e-06,COMPLETE
1067,0.5194988131523133,2025-04-17 10:15:28.396420,2025-04-17 10:17:12.417379,0 days 00:01:44.020959,0.08293000542146242,0.6212138689241985,2,0.26893447308427515,0.11619441379263626,0.09361142113635806,0.012039912551832777,0.024936293546950438,0.09998230769553142,1.3382725889517795e-05,26,91,0.022445757533987396,0.06439252461665268,False,False,False,0.0009907286921942526,COMPLETE
1068,0.526892364025116,2025-04-17 10:17:12.763227,2025-04-17 10:17:39.076054,0 days 00:00:26.312827,0.16567621210247024,0.5128857250579738,16,0.25962092189685665,0.2660686625869389,0.08789600694700157,0.007827738131845126,0.03201405727716335,0.03106716734057461,1.8807791263851778e-05,22,75,0.019054476040598997,0.143179589118246,False,False,False,5.793014215585376e-06,COMPLETE
1069,0.4860723614692688,2025-04-17 10:17:39.421261,2025-04-17 10:18:06.872848,0 days 00:00:27.451587,0.20616011892538072,0.5851375311618386,16,0.2517350475109398,0.24855446715696344,0.07714370940252085,0.0065354074473121465,0.022322632217929492,0.09520286306825766,2.6665472831462375e-05,25,72,0.02119819124773863,0.05574734775675667,False,False,False,7.263557995916201e-06,COMPLETE
1070,0.5114997506141663,2025-04-17 10:18:07.217661,2025-04-17 10:18:36.552679,0 days 00:00:29.335018,0.050678358959993515,0.6538266037824912,16,0.1986706493758857,0.19402457580610022,0.09207474461680809,0.0038246763413399857,0.01957297342152036,0.08947032509849112,2.1313093276117123e-05,28,87,0.023721191948567626,0.07482703510804936,False,False,False,3.4891517000902278e-06,COMPLETE
1071,0.33444293141365056,2025-04-17 10:18:36.897081,2025-04-17 10:19:04.378449,0 days 00:00:27.481368,0.13921880179108245,0.6669850831305426,16,0.2608519102346598,0.18482647414818726,0.09475941477955888,0.04326861473064157,0.026567319905970894,0.09300129558966658,0.07590872975876309,25,38,0.018514360189774304,0.10216750786711006,False,False,False,4.850203325237231e-06,COMPLETE
1072,0.4565804600715637,2025-04-17 10:19:04.727122,2025-04-17 10:19:29.636113,0 days 00:00:24.908991,0.18307198614276907,0.6324591811292575,16,0.11704505566420438,0.16468000065851165,0.09999952274502097,0.010166049287187052,0.02095068176659396,0.09745867742784461,0.0038184564075864048,18,83,0.015666697268420748,0.09068273833667556,False,False,False,6.51982483693605e-06,COMPLETE
1073,0.5473880171775818,2025-04-17 10:19:29.981153,2025-04-17 10:19:58.104282,0 days 00:00:28.123129,0.10641522672873557,0.563625505066019,16,0.2657584503694244,0.19842050379399379,0.08719072399187168,0.028805641998044536,0.023482919957644698,0.09417630073605678,1.6622680347020946e-05,26,69,0.020884620074859868,0.04684956170268754,False,False,False,4.231919728188518e-06,COMPLETE
1074,0.5383775591850282,2025-04-17 10:19:58.452816,2025-04-17 10:20:24.623654,0 days 00:00:26.170838,0.16944880089260472,0.6135475097701826,16,0.2500014450330737,0.15378402997048618,0.08988374741461058,0.00553431034868741,0.019895441137699678,0.08577562453344781,3.1257030622842474e-05,22,74,0.024193401908209015,0.08222745387779574,False,False,False,2.8780894903925767e-06,COMPLETE
1075,0.10120895802974703,2025-04-17 10:20:24.976597,2025-04-17 10:20:47.836454,0 days 00:00:22.859857,0.12569610695451153,0.6637624470032334,16,0.25574998230375573,0.2398244765678178,0.09761353063283386,0.0122003014944204,0.07851701491748528,0.09821679624421731,1.2847178045023241e-05,21,68,0.01765866244939921,0.06036288522708697,False,False,True,7.122628743993071e-06,COMPLETE
1076,0.4870657444000245,2025-04-17 10:20:48.169990,2025-04-17 10:21:13.385501,0 days 00:00:25.215511,0.1982584482686789,0.594839568937821,16,0.27802392348712046,0.1895178171687537,0.09576024149392068,0.008585003231694137,0.037630610209342934,0.09168412162340936,2.378559809074007e-05,20,78,0.02231993859228303,0.07041269408667071,False,False,False,5.4036063094985875e-06,COMPLETE
1077,0.3353010654449463,2025-04-17 10:21:13.730480,2025-04-17 10:21:41.642117,0 days 00:00:27.911637,0.15376665221223276,0.6491674465462487,16,0.271791169077638,0.17529931268571478,0.053566730911537956,0.007037180920450806,0.021921019006175255,0.026111444496897042,3.004019034079817e-05,25,70,0.01021725800163462,0.0494682729669017,False,False,False,3.7076045119559705e-06,COMPLETE
1078,0.11281584054231644,2025-04-17 10:21:41.990228,2025-04-17 10:22:08.485921,0 days 00:00:26.495693,0.07663309775974671,0.6792554800483215,16,0.21019388685444,0.19548854910569563,0.09315043280573591,0.0031892809807683104,0.0245941883957484,0.09657344073524948,6.391811262271251e-05,26,72,0.03458983770811481,0.041565482567321003,True,True,False,5.515940469762392e-08,COMPLETE
1079,0.5007010102272034,2025-04-17 10:22:08.832491,2025-04-17 10:22:36.157657,0 days 00:00:27.325166,0.18134250866622795,0.49000526576007164,16,0.22496094827028348,0.2593799287674957,0.09066894361839281,0.01077216215374532,0.01924380113396772,0.033591495860088035,1.96202181005402e-05,24,68,0.020004617582268732,0.08575069301354121,False,False,False,5.231219745350855e-06,COMPLETE
1080,0.5276568412780762,2025-04-17 10:22:36.504083,2025-04-17 10:23:05.557486,0 days 00:00:29.053403,0.14065743298104957,0.6313572658755415,16,0.26479983231694687,0.2705449315363584,0.06532479975312759,0.005006591801822911,0.02188985128972071,0.09499573461214822,1.1216164150344338e-05,29,66,0.023549877047090835,0.06517677362253727,False,False,False,7.836354833827655e-06,COMPLETE
1081,0.4755716919898987,2025-04-17 10:23:05.910102,2025-04-17 10:23:34.144726,0 days 00:00:28.234624,0.12295941071132349,0.6716617655252025,16,0.25332752904251776,0.2763171647428428,0.08577065324273007,0.02590260868499773,0.029319856492116464,0.08956502355001646,8.18859091413752e-05,25,92,0.025470879823504898,0.0544566294679552,False,False,False,2.8794958899038065e-06,COMPLETE
1082,0.513288712501526,2025-04-17 10:23:34.496620,2025-04-17 10:24:00.223509,0 days 00:00:25.726889,0.09874753907636308,0.4675217476104915,16,0.24683681951602623,0.08391689318321081,0.09649083944568256,0.007909225584629165,0.018791365201715357,0.09214453683413508,2.5107493796416105e-05,21,76,0.021429448364202228,0.07567458149970269,False,False,False,3.891376757987581e-08,COMPLETE
1083,0.49511508941650395,2025-04-17 10:24:00.574966,2025-04-17 10:24:27.040916,0 days 00:00:26.465950,0.16243359354535336,0.6909329418083421,16,0.25853352737353497,0.2016208629523217,0.09225118547906591,0.012642557936196074,0.0258859140878163,0.09841137848675248,1.6212720928867304e-05,22,81,0.013702690703887369,0.05950860791057278,False,False,False,4.284126977412752e-06,COMPLETE
1084,0.4920705080032349,2025-04-17 10:24:27.392799,2025-04-17 10:24:54.367057,0 days 00:00:26.974258,0.20655921770415772,0.6074949586828765,16,0.23857901229804143,0.1834612393399566,0.08871606144801673,0.010028886464649061,0.023064238616494922,0.09562451543219898,3.4706291141947305e-05,24,65,0.01901158497278806,0.05109715422947279,False,False,False,3.594570023444509e-06,COMPLETE
1085,0.48157395124435426,2025-04-17 10:24:54.718443,2025-04-17 10:25:27.501892,0 days 00:00:32.783449,0.14574380893219224,0.6456356146745179,8,0.22926674336751396,0.1928964096968219,0.09405882296530442,0.0025225736091228764,0.020511662871892353,0.0938128114325237,4.505797505441092e-05,19,72,0.039472935424519115,0.09772969191642583,False,False,False,5.449859882274559e-06,COMPLETE
1086,0.523094093799591,2025-04-17 10:25:27.840893,2025-04-17 10:25:56.069695,0 days 00:00:28.228802,0.18191527163974838,0.5727631592814908,16,0.2159872522764157,0.20199309134306792,0.07852000162605545,0.008507671133939103,0.018070841893006232,0.09999326191395606,2.7493874868592087e-05,26,67,0.027783394718121798,0.06845118038522123,False,False,False,7.333366672978673e-06,COMPLETE
1087,0.530535101890564,2025-04-17 10:25:56.419045,2025-04-17 10:26:23.026628,0 days 00:00:26.607583,0.10755053834204178,0.5261817427658898,16,0.26203352966491966,0.24913132315101857,0.08627590030737745,0.006029803019399723,0.026950644708945665,0.09753682504692852,1.8467915842510504e-05,23,88,0.016412933486486765,0.08879040301313007,False,False,False,2.6931522912196464e-06,COMPLETE
1088,0.5002877831459045,2025-04-17 10:26:23.382426,2025-04-17 10:26:50.817101,0 days 00:00:27.434675,0.040936662729481085,0.7342919166970512,16,0.24881139613316747,0.18068612913347537,0.09069746888189881,0.011116658359427026,0.02408362391853869,0.09566128039396152,2.1632158171649974e-05,25,71,0.02360024827786046,0.04007440656013717,False,False,False,4.667691644179607e-06,COMPLETE
1089,0.4594732999801636,2025-04-17 10:26:51.165839,2025-04-17 10:28:37.438330,0 days 00:01:46.272491,0.16669913200983266,0.6628029763201793,2,0.2541695376367734,0.18855686103828484,0.09803819725201887,0.049792301068140574,0.02093259332106785,0.09109226504389173,4.0342733325764785e-05,27,64,0.026255944501370167,0.08042063511862697,False,False,False,1.3502650252585654e-08,COMPLETE
1090,0.5375391125679017,2025-04-17 10:28:37.787613,2025-04-17 10:29:04.798107,0 days 00:00:27.010494,0.13287638089776127,0.7070336923661265,16,0.27115639524348467,0.1967915669785372,0.08391959157350841,0.0041157727612772515,0.017866083917785415,0.03908475763650836,3.2106874792736995e-05,24,74,0.02085638659090144,0.05706236498679886,False,False,False,6.300560585347835e-06,COMPLETE
1091,0.478547215461731,2025-04-17 10:29:05.150623,2025-04-17 10:29:31.961486,0 days 00:00:26.810863,0.1931066538417159,0.6195909563895615,16,0.17058988201581743,0.20766919512442306,0.06097574119483797,0.007407989397973061,0.0521032592093271,0.08748468746517866,1.5064879351447493e-05,23,84,0.03231700065360412,0.06440912501992199,False,False,False,6.122700908299647e-05,COMPLETE
1092,0.4973063707351685,2025-04-17 10:29:32.317277,2025-04-17 10:29:58.120709,0 days 00:00:25.803432,0.21721386442530682,0.6794944047652776,16,0.16127168377469972,0.2607323454469326,0.08218397577751765,0.012994576246560278,0.023771694033428638,0.09377614504890931,5.466011041905238e-05,21,69,0.02254424003981367,0.11046041430600963,False,False,False,3.3215202880607647e-06,COMPLETE
1093,0.43664839267730715,2025-04-17 10:29:58.475957,2025-04-17 10:30:26.198336,0 days 00:00:27.722379,0.07233922572384874,0.7225607879381989,16,0.2880288601477009,0.1900459753627476,0.09524207269256932,0.08922450972962337,0.005378809796565429,0.09648350087311494,0.001243790208814034,26,67,0.018434146292540424,0.04614703156872133,False,False,False,8.580136464388486e-06,COMPLETE
1094,0.5113601446151734,2025-04-17 10:30:26.559532,2025-04-17 10:30:54.825427,0 days 00:00:28.265895,0.1463384835549259,0.6948637077833374,16,0.2342224165262188,0.2545669611602438,0.08904922851485708,0.008924451411714468,0.020407949260253723,0.0982021955357343,2.282273331966249e-05,27,62,0.02979266379720868,0.07851353673484436,False,False,False,4.302359938179188e-06,COMPLETE
1095,0.09861343950033188,2025-04-17 10:30:55.200680,2025-04-17 10:31:17.982246,0 days 00:00:22.781566,0.1143572450951028,0.5890619553233396,16,0.26685273296279227,0.20223345637395787,0.0941163671463955,0.006136823037834754,0.01847611350021971,0.0751659470462892,2.8679390938218854e-05,20,77,0.02475636713645779,0.0935482775983216,False,False,True,6.192787709053221e-06,COMPLETE
1096,0.5166216492652893,2025-04-17 10:31:18.340626,2025-04-17 10:31:46.058670,0 days 00:00:27.718044,0.17140955150873272,0.6472386472887206,16,0.2585050510427735,0.16791564974396614,0.08697261752097775,0.004935366432072591,0.026057441622852718,0.035575768410179724,2.0667034331966456e-05,25,65,0.041692606490024896,0.07341855518227997,False,False,False,1.759109603105859e-08,COMPLETE
1097,0.5007806062698364,2025-04-17 10:31:46.402255,2025-04-17 10:32:15.153272,0 days 00:00:28.751017,0.09105450253140775,0.67831970299425,16,0.24660372978564357,0.24303995424818312,0.09206152038598497,0.009492686326917127,0.030738091641837592,0.0928398378477871,3.765842118138793e-05,24,71,0.02037741367851276,0.05346844811625187,True,False,False,3.6389913007300065e-06,COMPLETE
1098,0.3421112298965454,2025-04-17 10:32:15.507586,2025-04-17 10:32:41.497581,0 days 00:00:25.989995,0.39712904195494325,0.7476806413828636,16,0.27600127839682304,0.2650552784514126,0.0806167572785601,0.012359491066209115,0.02259070426675248,0.08499264658572041,1.70162991523852e-05,22,51,0.014593960054884699,0.08627008912728501,False,False,False,2.5258184122417325e-06,COMPLETE
1099,0.5313024997711182,2025-04-17 10:32:41.853825,2025-04-17 10:33:10.566828,0 days 00:00:28.713003,0.1986552905623175,0.6238051610452379,16,0.2387548117122504,0.19698052175087138,0.08538975789589875,0.08337975714643749,0.017502713031398297,0.09477481345078155,2.5119298194308463e-05,28,74,0.0227120371455243,0.060302174917615525,False,False,False,5.551997391027045e-06,COMPLETE
1100,0.14923909306526184,2025-04-17 10:33:10.921686,2025-04-17 10:33:35.656040,0 days 00:00:24.734354,0.15287670030607858,0.7017103024406851,16,0.22688602232036098,0.21163815403938258,0.01813687436654384,0.0306641761415396,0.02179289685964527,0.09083075508365873,3.367876507656784e-05,25,58,0.011726912540976395,0.11876879480296047,False,True,False,8.516699925466772e-06,COMPLETE
1101,0.5478734254837037,2025-04-17 10:33:36.009664,2025-04-17 10:34:03.235390,0 days 00:00:27.225726,0.1280236274238319,0.6602064262918158,16,0.25315113909041087,0.13409669251331405,0.09833486989508046,0.002719537724063945,0.01981616189937281,0.08884001957821844,4.544763712214428e-05,24,69,0.017195455546385473,0.06741396093443996,False,False,False,0.00025032791259669917,COMPLETE
1102,0.5194544196128845,2025-04-17 10:34:03.592985,2025-04-17 10:34:30.606868,0 days 00:00:27.013883,0.18031139687566453,0.7326260247074337,16,0.26249292323074225,0.18434046294483264,0.09605570314902982,0.007476379980002477,0.016821861116021783,0.09831334100988313,1.3643654705345713e-05,23,80,0.027091331878446,0.050472484225285254,False,False,False,4.690204344114418e-06,COMPLETE
1103,0.49137803316116335,2025-04-17 10:34:30.963092,2025-04-17 10:34:59.036132,0 days 00:00:28.073040,0.5385354564853755,0.7178160698386364,16,0.24613306956340705,0.20557277952628408,0.08947197044650279,0.0010316356311664276,0.027911543236525574,0.09636658186048558,2.7668953415036844e-05,26,94,0.025103750180562292,0.035108971225054325,False,False,False,3.298584316156506e-06,COMPLETE
1104,0.48241258859634406,2025-04-17 10:34:59.397219,2025-04-17 10:35:25.061920,0 days 00:00:25.664701,0.2154130078679568,0.5966366390834126,16,0.23255038732952915,0.19132865397506196,0.09179789248291344,0.0105645941878803,0.025107169243157854,0.09224598283434171,6.876701158107327e-05,21,63,0.01909336442894837,0.057373915330957065,False,False,False,7.32529951991938e-06,COMPLETE
1105,0.5106799364089967,2025-04-17 10:35:25.419644,2025-04-17 10:35:53.064521,0 days 00:00:27.644877,0.15837259141807533,0.692089813201179,16,0.15328099317711813,0.17740507252133053,0.08774867945676583,0.006210401083367623,0.014264126179971491,0.09996175551487355,2.0876492754463624e-05,25,66,0.02131096295949933,0.04147093437543792,False,False,False,5.524013308859735e-06,COMPLETE
1106,0.4272519111633301,2025-04-17 10:35:53.419835,2025-04-17 10:36:18.410586,0 days 00:00:24.990751,0.11346010617819056,0.6387910240918684,16,0.14353678275142556,0.2004174060635791,0.09384758086946425,0.004201872276956484,0.023085819067244665,0.09440530801111262,1.769772047371241e-05,20,56,0.023774078674075376,0.0714004556871305,False,False,False,4.329226744482274e-06,COMPLETE
1107,0.34099809527397157,2025-04-17 10:36:18.773842,2025-04-17 10:36:46.480428,0 days 00:00:27.706586,0.13712707753382977,0.6673106559643579,16,0.2574640958236171,0.19529107090501774,0.08229479533149435,0.013447874034895385,0.019255794827011657,0.09652830430087182,3.32602039209884e-05,26,61,0.015831679440399902,0.09752848768762967,False,False,False,2.1823447268870536e-06,COMPLETE
1108,0.4835980534553528,2025-04-17 10:36:46.843294,2025-04-17 10:37:13.862129,0 days 00:00:27.018835,0.1923790169399373,0.7076802224382339,16,0.1322418778563416,0.2111328315736277,0.09571564951560434,0.008798452112464907,0.04253510797541414,0.09013050472529018,5.6540381967760776e-05,24,69,0.028452723514274022,0.08237959247091284,False,False,False,2.917682309302889e-06,COMPLETE
1109,0.4955828309059143,2025-04-17 10:37:14.224236,2025-04-17 10:37:49.172954,0 days 00:00:34.948718,0.056897759762281806,0.5408142821857336,8,0.2402459439328259,0.1835880400398377,0.09831662448920596,0.010456034735474122,0.02070719322744942,0.09788977255196922,2.5022013029285128e-05,22,72,0.02016425052840445,0.0484744132352771,False,False,False,6.526952714337166e-06,COMPLETE
1110,0.4948587536811829,2025-04-17 10:37:49.515892,2025-04-17 10:38:16.752057,0 days 00:00:27.236165,0.17199129097806848,0.5626136329421145,16,0.2691293486036349,0.2542369674348221,0.09166218033732647,0.0064656892170778645,0.017372010700558382,0.09344043217573911,4.173760236610741e-05,25,64,0.017872554153609842,0.1558189884009435,False,False,False,0.00013303631865998095,COMPLETE
1111,0.47745676040649415,2025-04-17 10:38:17.108636,2025-04-17 10:39:54.166956,0 days 00:01:37.058320,0.14893838294155606,0.7540577530178174,2,0.009659314270788394,0.20288262514636735,0.08525290938144599,0.0010461351893015385,0.05687977289056991,0.028930079176466297,1.0418010940723241e-05,24,88,0.02256657908698822,0.06280815744182812,False,False,False,3.7222011204779475e-07,COMPLETE
1112,0.513446319103241,2025-04-17 10:39:54.525306,2025-04-17 10:40:21.043784,0 days 00:00:26.518478,0.08588958395155422,0.6768203854589472,16,0.22227784789664515,0.2794268459250946,0.08982478918440961,0.0042679439717684085,0.012423129908268589,0.09521954256093837,2.2312509365241835e-05,23,67,0.02581608711314491,0.08807309376509748,False,False,False,2.3606156471130392e-08,COMPLETE
1113,0.5266741991043091,2025-04-17 10:40:21.400779,2025-04-17 10:40:50.028211,0 days 00:00:28.627432,0.12821794643808623,0.6248673065936745,16,0.28273536265542604,0.19138023799190235,0.0932147858706903,0.008785130078094486,0.04628592219526952,0.08663962549532384,2.9833509525511322e-05,27,76,0.036917855836712726,0.07747962458607946,False,False,False,3.803212585522853e-06,COMPLETE
1114,0.39554193019866946,2025-04-17 10:40:50.385075,2025-04-17 10:41:16.417630,0 days 00:00:26.032555,0.016397427720157343,0.7308923819804648,16,0.2496087839072807,0.17419411494346893,0.09983022400824194,0.012243466336451628,0.015428969239427352,0.09155741686944772,1.49074142016428e-05,22,54,0.020408636433758835,0.04362912042238311,False,False,False,9.220289730991277e-06,COMPLETE
1115,0.5508443117141724,2025-04-17 10:41:16.786068,2025-04-17 10:41:44.470005,0 days 00:00:27.683937,0.20797601440582608,0.6511313228083944,16,0.2620232414539595,0.19746582591324563,0.08013085257741463,0.006621524388557666,0.022483768062084658,0.09667775513686573,4.6673046221154256e-05,25,60,0.02302884613098985,0.05481133890505951,False,False,False,5.712711809706432e-06,COMPLETE
1116,0.10009588897228242,2025-04-17 10:41:44.831146,2025-04-17 10:42:09.288844,0 days 00:00:24.457698,0.2327826244101183,0.641713513881354,16,0.27107883282685935,0.2355634881716258,0.07865104786250021,0.0049644509012204885,0.02155835846905113,0.098532385059517,5.822634372539594e-05,25,58,0.022343533177593626,0.04923030038688595,False,False,True,7.76650573290143e-06,COMPLETE
1117,0.4361461758613587,2025-04-17 10:42:09.649300,2025-04-17 10:42:37.554238,0 days 00:00:27.904938,0.21427512900200466,0.6173481067279905,16,0.27816384260045135,0.19564064437816156,0.07880151951173647,0.002859960557158113,0.019610750087693498,0.09685801735541412,4.9249067936112155e-05,24,53,0.01912151766052804,0.03912055496169706,True,False,False,6.153018254744091e-06,COMPLETE
1118,0.11494719684123994,2025-04-17 10:42:37.915505,2025-04-17 10:43:02.299390,0 days 00:00:24.383885,0.21261605626736563,0.6534748514207334,16,0.2644833559939973,0.1900302438609381,0.0774508506549083,0.005851230604307317,0.022242680473849693,0.06799402743864698,7.0502005815489e-05,26,59,0.021362049017585077,0.05309435373415764,False,True,False,7.918614183489407e-06,COMPLETE
1119,0.5485508203506471,2025-04-17 10:43:02.664767,2025-04-17 10:43:28.240886,0 days 00:00:25.576119,0.20752250898796243,0.6014670264733202,16,0.2654012853282922,0.18414645492549325,0.08026747648374648,0.007064760635206359,0.01838801753848985,0.06425362932557063,5.0491422068989535e-05,20,60,0.02322027709159539,0.0439812921594546,False,False,False,5.454096128654827e-06,COMPLETE
1120,0.3351069211959839,2025-04-17 10:43:28.604755,2025-04-17 10:43:54.195773,0 days 00:00:25.591018,0.20038711913946378,0.6332271261005682,16,0.22981023852750002,0.26515458602154734,0.07469421399233811,0.004710998749497841,0.020157773326262254,0.09995488174115755,9.418258952718289e-05,21,57,0.017078188338802126,0.10511707928407396,False,False,False,5.9739239201970724e-06,COMPLETE
