number,value,datetime_start,datetime_complete,duration,params_alpha-eval,params_alpha-train,params_batch-size,params_eps-eval,params_eps-train,params_lambda-actions-eval,params_lambda-actions-train,params_lambda-frames-eval,params_lambda-frames-train,params_learning-rate,params_n-epochs,params_n-frames,params_radius-gw,params_rho,params_std-feats,params_ub-actions,params_ub-frames,params_weight-decay,state
1075,0.3903939127922058,2025-04-10 03:59:53.183255,2025-04-10 04:00:50.320590,0 days 00:00:57.137335,0.5323200683761186,0.5883141786359068,2,0.2953269102103822,0.01062944681966025,0.055489750474191746,0.096908037320273,0.04857124667212809,0.011655966181467895,0.00201451265104607,11,136,0.00262177841443111,0.059127225682700874,False,False,False,8.467531841020704e-08,COMPLETE
1076,0.40805215835571296,2025-04-10 04:00:50.652662,2025-04-10 04:01:46.776178,0 days 00:00:56.123516,0.8257366319454638,0.6047432289618119,2,0.2948255985840351,0.014516171335997734,0.057516339162664534,0.09982981502383415,0.05069984000456831,0.010859663517812276,0.0013897474756631011,11,130,0.0012147065205593438,0.05761007880239034,False,False,False,9.614938917384012e-08,COMPLETE
1077,0.5881077885627747,2025-04-10 04:01:47.120292,2025-04-10 04:02:46.931487,0 days 00:00:59.811195,0.5255296519733338,0.5748434766703281,2,0.2995736845257031,0.02899723814183446,0.060443010474270656,0.0981170595704571,0.051783555841120786,0.015222493879945002,0.0014676864349558508,12,132,0.004455710173183431,0.06464661876888697,False,False,False,7.397972611916768e-08,COMPLETE
1078,0.5182600736618042,2025-04-10 04:02:47.276486,2025-04-10 04:03:46.781153,0 days 00:00:59.504667,0.7857986772452803,0.5637484611249218,2,0.2957937241936839,0.021919736892360486,0.06091094710809394,0.09769203623686616,0.04725078748256334,0.010939239900671225,0.0025057408645490675,12,135,0.004930269569217282,0.06767485579974498,False,False,False,6.6007788366866e-08,COMPLETE
1079,0.609045433998108,2025-04-10 04:03:47.125906,2025-04-10 04:04:46.437425,0 days 00:00:59.311519,0.5261265279770266,0.5808150958775525,2,0.29791691544589227,0.027566226643684636,0.06224384944433884,0.09585311973741507,0.05168252709243175,0.012125338463883837,0.0018522805512940247,12,132,0.004930518028888077,0.07443200062026976,False,False,False,7.267275506479957e-08,COMPLETE
1080,0.5154715418815613,2025-04-10 04:04:46.783543,2025-04-10 04:05:09.425968,0 days 00:00:22.642425,0.5274046871088884,0.5765608384525495,16,0.29873367932690864,0.017652122459750237,0.062126177061544635,0.09530603231063174,0.052672426693789555,0.014891614477613412,0.0015130377177953337,13,132,0.005378281483757256,0.07992985662498384,False,False,False,5.4293109842767435e-08,COMPLETE
1081,0.3902704179286957,2025-04-10 04:05:09.779188,2025-04-10 04:06:13.040873,0 days 00:01:03.261685,0.7936351287584191,0.5519875275514039,2,0.2994172105851316,0.02268336279840698,0.06112053809323977,0.09439750094253405,0.0541251982526684,0.015354461754651803,0.0017545451405279566,13,132,0.004387744417134959,0.07340142488605794,True,False,False,6.174539574661818e-08,COMPLETE
1082,0.40702712535858154,2025-04-10 04:06:13.389593,2025-04-10 04:07:09.557014,0 days 00:00:56.167421,0.5323865526451179,0.5852421112722538,2,0.2990104737746738,0.01339688703966909,0.0630394713792322,0.09630877020701258,0.05166387828095403,0.013512777852278767,0.002342210916552867,11,137,0.0010451096478949888,0.09028520966973286,False,False,False,7.465003013919815e-08,COMPLETE
1083,0.21538369059562684,2025-04-10 04:07:09.912440,2025-04-10 04:08:02.262543,0 days 00:00:52.350103,0.5326022603247299,0.6044379446793768,2,0.2935437048616475,0.027415998662101735,0.062164886559436805,0.0937334912067575,0.048873153209314915,0.011384930490437673,0.001847147200906661,12,140,0.004261455260611854,0.08064055789178694,False,True,False,6.11269976312385e-08,COMPLETE
1084,0.386935818195343,2025-04-10 04:08:02.616445,2025-04-10 04:09:02.180786,0 days 00:00:59.564341,0.9173467609438251,0.5740861410743523,2,0.2985174943363941,0.004492955492348145,0.05967870222469518,0.09812964665037634,0.05432445141271089,0.012887866050327405,0.0014215428909192596,12,132,0.0063252933787321455,0.06845189195779941,False,False,False,4.88356877951897e-08,COMPLETE
1085,0.4172623157501221,2025-04-10 04:09:02.535873,2025-04-10 04:10:02.416559,0 days 00:00:59.880686,0.5220739191030932,0.5527648811412449,2,0.2948908272468175,0.018750746477639482,0.06015058469238463,0.09581255124710758,0.051666524071129614,0.016355053623347722,0.002128722857274706,12,135,0.004135017050035866,0.07319008920346262,False,False,False,7.320045759590143e-08,COMPLETE
1086,0.5241178274154663,2025-04-10 04:10:02.755383,2025-04-10 04:11:02.315444,0 days 00:00:59.560061,0.5287425033372093,0.6137698706470565,2,0.29858039976354606,0.02435370107838013,0.06241891726241408,0.09801622050859467,0.04653024744994213,0.010330021576797691,0.0011854994164629434,12,131,0.005845248441262101,0.07548225360426486,False,False,False,7.20289875104747e-08,COMPLETE
1087,0.6038146972656251,2025-04-10 04:11:02.666514,2025-04-10 04:12:02.108220,0 days 00:00:59.441706,0.5390661023308021,0.5668813384721424,2,0.2990864904088931,0.02822030338234101,0.0597305460220314,0.09984846528301236,0.050253629478391945,0.01212406485241364,0.0017657887826020167,12,129,0.0027650268200131167,0.06428863422768555,False,False,False,7.726601407107748e-08,COMPLETE
1088,0.38988409638404853,2025-04-10 04:12:02.456874,2025-04-10 04:13:01.783088,0 days 00:00:59.326214,0.5443179360431952,0.5632265091208534,2,0.29865945371686436,0.015331426072434182,0.057805851925167205,0.09814220596919544,0.04878519231375362,0.014371173632405799,0.0016068812596920512,12,136,0.003004829969113695,0.08522797705811208,False,False,False,4.724049930297659e-08,COMPLETE
1089,0.5000393152236938,2025-04-10 04:13:02.132977,2025-04-10 04:13:24.864084,0 days 00:00:22.731107,0.537422802871517,0.5922105381957125,16,0.2994990597435631,0.022315840957775997,0.06055831744806605,0.09641502693525197,0.05076502461347698,0.0128827255721043,0.002325451895278377,13,130,0.005302481824018795,0.06546992925924783,False,False,False,5.719908075201827e-08,COMPLETE
1090,0.505724561214447,2025-04-10 04:13:25.212893,2025-04-10 04:14:24.734414,0 days 00:00:59.521521,0.5236082339869914,0.5490889671313204,2,0.29257970440307907,0.027400503678562,0.0616394344026621,0.09827999965537453,0.04998759715864743,0.017469179357704256,0.001757494348811167,12,133,0.006891001752100046,0.07398303627568577,False,False,False,7.691028025020067e-08,COMPLETE
1091,0.0881115660071373,2025-04-10 04:14:25.082327,2025-04-10 04:15:20.062261,0 days 00:00:54.979934,0.5167866159475499,0.5875096712855896,2,0.29500566065572215,0.015355855368637294,0.06319784682028122,0.09435396221536663,0.05388588129666942,0.012620265555360942,0.0014337966863376887,13,130,0.002858773461110335,0.0642935798345902,False,False,True,5.8275851538838766e-08,COMPLETE
1092,0.523033094406128,2025-04-10 04:15:20.415822,2025-04-10 04:16:23.091618,0 days 00:01:02.675796,0.5461284457537048,0.5802764489363454,2,0.2927702826621162,0.023702575776592853,0.059663381685295,0.099741976092865,0.05286698335610219,0.015325232964350772,0.002120469224473687,13,135,0.0010238633793374047,0.08398204566103222,False,False,False,6.936199350673238e-08,COMPLETE
1093,0.391562831401825,2025-04-10 04:16:23.441082,2025-04-10 04:17:22.814967,0 days 00:00:59.373885,0.5148670332378388,0.6268823123366333,2,0.29229461120562855,0.0276861158274066,0.062493850923036276,0.09992452270732845,0.048135393815975286,0.013498759877517447,0.0017495973208337897,12,141,0.0010813919362026433,0.0777427822157494,False,False,False,8.235384033085477e-08,COMPLETE
1094,0.5112609028816223,2025-04-10 04:17:23.168896,2025-04-10 04:18:22.566595,0 days 00:00:59.397699,0.531581081594912,0.5603258545211288,2,0.2931288759624909,0.019357609687108354,0.05940642271156039,0.09992453622525582,0.050627283122743894,0.009079509129887845,0.001234426265502931,12,138,0.0044764268100523415,0.06617215885327336,False,False,False,5.073373992103218e-08,COMPLETE
1095,0.3863279581069946,2025-04-10 04:18:22.920369,2025-04-10 04:19:25.336577,0 days 00:01:02.416208,0.5106177875024982,0.6027982967838144,2,0.29261624763164423,0.009384859407401722,0.06089971155571108,0.0959454848967952,0.04737812779791094,0.010939084075954317,0.001123233025014329,13,130,0.007417740573487605,0.07000227655273061,False,False,False,8.084238762413666e-08,COMPLETE
1096,0.6041395545005799,2025-04-10 04:19:25.690623,2025-04-10 04:20:25.249994,0 days 00:00:59.559371,0.5182770895853651,0.5694075056298625,2,0.29988265079959997,0.029159943536566486,0.0625785980585285,0.09680972903505021,0.04658044983777331,0.009961599722180279,0.0025517809425814695,12,133,0.004264838463551106,0.06041055298251812,False,False,False,6.975951974671183e-08,COMPLETE
1097,0.4294307708740235,2025-04-10 04:20:25.585389,2025-04-10 04:21:25.499588,0 days 00:00:59.914199,0.5406755094369778,0.5470503596243994,2,0.29909168568390826,0.017851704551561733,0.06424888524035875,0.09498230868461911,0.04599460899642854,0.010218918216044592,0.0026644099790689743,12,132,0.006849272686079414,0.06408138711896685,False,False,False,3.988306031749024e-08,COMPLETE
1098,0.6006332039833069,2025-04-10 04:21:25.869025,2025-04-10 04:22:25.265674,0 days 00:00:59.396649,0.5210493038292522,0.5686968028698483,2,0.29880477276417433,0.02715071641361575,0.06326866267549049,0.0921563554236651,0.04891492301126956,0.012438066434062577,0.002358960342658083,12,129,0.005345706393683389,0.06280894265471268,False,False,False,5.236912582068084e-08,COMPLETE
1099,0.47195826768875127,2025-04-10 04:22:25.618080,2025-04-10 04:23:29.121353,0 days 00:01:03.503273,0.5435155421065898,0.5706522472825413,2,0.29411103619750056,0.013930719391834242,0.06435082858712618,0.09042394200152427,0.048819399484686124,0.00929488174864965,0.002315066887747755,13,128,0.0075932713903870816,0.07846588841334123,False,False,False,4.0927970809855e-08,COMPLETE
1100,0.09427145123481752,2025-04-10 04:23:29.476178,2025-04-10 04:24:28.424237,0 days 00:00:58.948059,0.5510148752081842,0.569672002772567,2,0.29972554166675586,0.020729087164793495,0.06301038950076221,0.09280491552051885,0.0512261087280603,0.01241351902454631,0.0024662946970021465,12,129,0.0077678184733948686,0.07122494583810988,True,False,False,2.0346617726907003e-08,COMPLETE
1101,0.5266902685165405,2025-04-10 04:24:28.776887,2025-04-10 04:24:51.611955,0 days 00:00:22.835068,0.5151515818887741,0.5719224398057233,16,0.29948297316233424,0.02308134490270315,0.06322630113383891,0.09332219247401566,0.04934395409873208,0.014891658831342625,0.001970868138230749,13,129,0.005887497050234378,0.07425104147298082,False,False,False,4.938916320264577e-08,COMPLETE
1102,0.1225067436695099,2025-04-10 04:24:51.963687,2025-04-10 04:25:43.155950,0 days 00:00:51.192263,0.5275571898565331,0.5892396755315368,2,0.2954062496389117,0.011024257566479135,0.06256723363582417,0.09295168786522984,0.047806298832024904,0.018310184252753298,0.002874087411059984,12,133,0.09006214292599088,0.07070045880655361,False,True,False,2.5035318603270816e-08,COMPLETE
1103,0.09427145123481752,2025-04-10 04:25:43.511441,2025-04-10 04:26:41.621984,0 days 00:00:58.110543,0.5102678987572743,0.5489276699028618,2,0.29348257576788317,0.027693191559151502,0.06175086034367998,0.09609522294497688,0.05591240637416737,0.008871582215177212,0.002089722378115077,12,133,0.00770584507275812,0.08129818596612946,False,False,False,4.297511944989292e-08,COMPLETE
1104,0.5152724146842957,2025-04-10 04:26:41.979405,2025-04-10 04:27:47.742562,0 days 00:01:05.763157,0.8975227517953477,0.619688463351139,2,0.29081078269517846,0.018770472899593146,0.06376190300606353,0.09477031032938837,0.04558395562687798,0.012328779741499873,0.0015599138490030322,14,129,0.005533622337001293,0.06342165267119981,False,False,False,5.644857390712667e-08,COMPLETE
1105,0.4752564907073975,2025-04-10 04:27:48.102768,2025-04-10 04:28:47.767082,0 days 00:00:59.664314,0.5405692072331655,0.5471059042460502,2,0.29394755503945064,0.027503174979614315,0.061867331120480706,0.09699675431163975,0.05227185807177646,0.01406011664029537,0.002533397227041572,12,134,0.005252013873438514,0.0616723127216227,False,False,False,2.914431509334846e-08,COMPLETE
1106,0.6004300713539124,2025-04-10 04:28:48.124389,2025-04-10 04:29:47.544007,0 days 00:00:59.419618,0.5493412114638423,0.6047990866295505,2,0.2998555429197434,0.027952476575589733,0.061563023874463496,0.09796060817395028,0.050293112227743055,0.009836437629834705,0.001958570375579411,12,131,0.0074857262690504215,0.0672916823007946,False,False,False,6.004687506623451e-08,COMPLETE
1107,0.09427145123481752,2025-04-10 04:29:47.905741,2025-04-10 04:30:49.425150,0 days 00:01:01.519409,0.5408010361829961,0.6015460470487461,2,0.2999804773760076,0.029496118058410913,0.0651551549920499,0.09205835081281463,0.05072514668847726,0.007481055442302206,0.0018774587815331952,13,126,0.008274918473165036,0.07401395784913775,False,False,False,3.2241017727658e-08,COMPLETE
1108,0.6016368031501771,2025-04-10 04:30:49.783079,2025-04-10 04:31:49.124017,0 days 00:00:59.340938,0.547798840577277,0.6483509519486578,2,0.2994068268644854,0.021921208278028327,0.06323503463191898,0.09496380601929698,0.05430801716973159,0.00949748743096374,0.0021741812110248975,12,129,0.004621054853542554,0.06907323729517795,False,False,False,5.1418649495246495e-08,COMPLETE
1109,0.09427145123481752,2025-04-10 04:31:49.483974,2025-04-10 04:32:48.314940,0 days 00:00:58.830966,0.5456230909959636,0.6538067080236727,2,0.2938101340318585,0.012979506000365551,0.06427770470512828,0.09176499108254467,0.05309186890903894,0.008590955751322836,0.0023109633855999973,12,128,0.00810057160563723,0.085988158942261,False,False,False,5.49292182799614e-08,COMPLETE
1110,0.482315468788147,2025-04-10 04:32:48.654148,2025-04-10 04:33:11.297762,0 days 00:00:22.643614,0.5399512891482511,0.6315970675790027,16,0.29873087321398206,0.0165371303410766,0.06330700375140108,0.0946755587344442,0.05543276943818117,0.00975329289902684,0.00189178993551373,13,130,0.007566176164680528,0.07984181894427134,False,False,False,4.9243409396553034e-08,COMPLETE
1111,0.09761257320642472,2025-04-10 04:33:11.659781,2025-04-10 04:34:03.827022,0 days 00:00:52.167241,0.5462882545123359,0.672577358159976,2,0.2982031890935554,0.020936765494808524,0.060897055919046386,0.09057257037031377,0.05144106475665194,0.007676360907145867,0.0026609676488849217,12,125,0.005495234689634101,0.06980279307315049,False,False,True,6.267421883655138e-08,COMPLETE
1112,0.40562191009521487,2025-04-10 04:34:04.185661,2025-04-10 04:35:03.377513,0 days 00:00:59.191852,0.5507280965625801,0.6471293744482013,2,0.299732905147468,0.007273264061024916,0.0647083393159565,0.09399750645530239,0.04983142314531175,0.011600131708927323,0.0014103193547104088,12,130,0.006098183614736519,0.07646042106620857,False,False,False,2.55046503709639e-08,COMPLETE
1113,0.09427145123481752,2025-04-10 04:35:03.736950,2025-04-10 04:36:05.715091,0 days 00:01:01.978141,0.5208387589006449,0.6203638255481758,2,0.29962450267943624,0.022422936672673123,0.062960701457505,0.09582656677470736,0.05256559812489088,0.01677169006100232,0.001692575271696142,13,126,0.008170011610019158,0.06858567544780075,False,False,False,3.9395838483857703e-08,COMPLETE
1114,0.3346797823905945,2025-04-10 04:36:06.071240,2025-04-10 04:37:05.276231,0 days 00:00:59.204991,0.5259975345698213,0.5964170570147452,2,0.2919240117775067,0.004483335811804195,0.0616726445282745,0.09711948320832751,0.0494348419467264,0.012939688266796971,0.00220844948996375,12,131,0.00472640454270681,0.07509315311950333,False,False,False,3.8998473375351796e-08,COMPLETE
1115,0.3976100564002991,2025-04-10 04:37:05.636922,2025-04-10 04:38:04.942328,0 days 00:00:59.305406,0.5591383414845243,0.6308039144871272,2,0.2996357536173999,0.01487656932387335,0.06425213214937822,0.09455513336555657,0.054612122778127895,0.010380509435156693,0.0015401041842007881,12,127,0.007014224718507569,0.069360524507835,False,False,False,3.3868511747939274e-08,COMPLETE
1116,0.6066226482391358,2025-04-10 04:38:05.303309,2025-04-10 04:39:08.085622,0 days 00:01:02.782313,0.556284612770888,0.6723325864942428,2,0.29234349035637947,0.021969411795639455,0.060868039887771466,0.09269150182633488,0.04736898342502142,0.006796327408707991,0.002003339626331557,13,123,0.0048000740571535385,0.097833723014626,False,False,False,3.517468091722529e-08,COMPLETE
1117,0.09427145123481752,2025-04-10 04:39:08.446614,2025-04-10 04:40:10.276449,0 days 00:01:01.829835,0.556624923107391,0.6859629743364992,2,0.2929066078499705,0.010665079860692546,0.0631732944650252,0.0917422676336976,0.0471545830449354,0.01244618666095399,0.0021184189835318002,13,122,0.008682307762332357,0.09962381424383274,False,False,False,2.540451406436847e-08,COMPLETE
1118,0.5318081140518189,2025-04-10 04:40:10.635918,2025-04-10 04:41:10.007536,0 days 00:00:59.371618,0.5303269049871241,0.6731730829674996,2,0.2991910035481853,0.017276992409690335,0.06507516133878498,0.09051367468251749,0.04818902901384904,0.007189601289104542,0.002994371964857564,12,120,0.008138858480963181,0.09329479223485833,False,False,False,4.588536654681466e-08,COMPLETE
1119,0.40700844526290897,2025-04-10 04:41:10.369057,2025-04-10 04:42:14.036412,0 days 00:01:03.667355,0.540340085438467,0.6585593113583529,2,0.2904714107291191,0.017530940521140972,0.061493239781685624,0.09316401982873856,0.050557832244243664,0.009065515268013613,0.001786054542781246,13,123,0.007393089583932632,0.08082907680024126,True,False,False,2.6385112142383853e-08,COMPLETE
1120,0.34400137662887575,2025-04-10 04:42:14.404084,2025-04-10 04:43:13.934303,0 days 00:00:59.530219,0.5471013094208392,0.7206526100185137,2,0.29392155377094115,0.004080621115882501,0.06032390288163089,0.09149491595839278,0.04709282077351348,0.005768635179150602,0.0024115705245561767,12,124,0.005680639862888863,0.08287001176688516,False,False,False,2.033697134229356e-08,COMPLETE
1121,0.3908177614212036,2025-04-10 04:43:14.298124,2025-04-10 04:43:36.670788,0 days 00:00:22.372664,0.5250493637079751,0.642966937945678,16,0.2993375028435326,0.024283868506425645,0.06628960716423167,0.09366878627590308,0.05414573524891867,0.007972247745572949,0.0028820856000959794,13,126,0.008575742087699463,0.09098023314021275,False,False,False,3.850195702657502e-08,COMPLETE
1122,0.3251061916351319,2025-04-10 04:43:37.036715,2025-04-10 04:44:29.599108,0 days 00:00:52.562393,0.5531923244264029,0.6922883962808088,2,0.29947153184045444,0.012508463567752566,0.06259480758690807,0.0894231265526778,0.04901255412406424,0.009216302544243368,0.0019188137200181303,12,129,0.0058345068643687,0.07447659671372735,False,True,False,3.497792978844795e-08,COMPLETE
1123,0.09427145123481752,2025-04-10 04:44:29.966074,2025-04-10 04:45:28.253373,0 days 00:00:58.287299,0.557380679955673,0.613583485104348,2,0.2885408382522723,0.02101840651190621,0.06092649393004046,0.09319030405047812,0.051598169393101787,0.010675891620690447,0.0013986302793076485,12,132,0.06102890955179093,0.0660263727107366,False,False,False,3.6641660297346465e-08,COMPLETE
1124,0.09427145123481752,2025-04-10 04:45:28.619227,2025-04-10 04:46:23.983219,0 days 00:00:55.363992,0.5150442908854053,0.5963123969271281,2,0.2902605607709324,0.00018394038820734523,0.05952970158944583,0.09569810628811301,0.05650557386721415,0.006738167238360083,0.0016405304923388633,11,128,0.005100354372907402,0.08563894233029273,False,False,False,1.6735990236657235e-08,COMPLETE
1125,0.3311818063259125,2025-04-10 04:46:24.349013,2025-04-10 04:47:20.445922,0 days 00:00:56.096909,0.5592609011765818,0.6636811512857476,2,0.29227405134500395,0.21535149064158973,0.06367072782535058,0.09627019139946723,0.04611423498874671,0.014886665143141947,0.002260717966854058,11,136,0.00686154925988496,0.0685007904056049,False,False,False,5.250647120335353e-08,COMPLETE
1126,0.5284797310829162,2025-04-10 04:47:20.793950,2025-04-10 04:48:21.039676,0 days 00:01:00.245726,0.5232809765947263,0.6365914027489075,2,0.2938522861455085,0.022350770130037664,0.059809122887622926,0.09173902343295764,0.04919011633750786,0.012326324129435188,0.0010736407669674995,12,132,0.004403116228289693,0.07549027272009468,False,False,False,3.316590673390852e-08,COMPLETE
1127,0.38261338472366335,2025-04-10 04:48:21.401892,2025-04-10 04:49:27.359389,0 days 00:01:05.957497,0.5109821867807924,0.5639353275759895,2,0.29902544381159374,0.011753494211027567,0.0636593738366439,0.09460180759355458,0.04541886114615913,0.010471479512937474,0.0019631875621850263,14,122,0.008181309133246814,0.06283113193854346,False,False,False,4.4362334947378913e-08,COMPLETE
1128,0.5224470019340516,2025-04-10 04:49:27.720509,2025-04-10 04:50:24.512404,0 days 00:00:56.791895,0.5269456208698886,0.6140281671722736,2,0.28932037521588366,0.025495591882003482,0.06577525016224249,0.09746313983622157,0.05316298310302976,0.006922421794003125,0.0014265642535827652,11,125,0.004555406268899016,0.11586777467055813,False,False,False,3.433209726085856e-08,COMPLETE
1129,0.5200135231018067,2025-04-10 04:50:24.872625,2025-04-10 04:51:20.877828,0 days 00:00:56.005203,0.5615214472503225,0.5926889180879018,2,0.299223621705611,0.021135574865655118,0.06191803920285603,0.0966868835420405,0.04761054231860429,0.00972199390525549,0.0029726388456107274,11,119,0.0066215833557245205,0.06906611634920395,False,False,False,4.8769411820001075e-08,COMPLETE
1130,0.11240722537040711,2025-04-10 04:51:21.240998,2025-04-10 04:52:15.692520,0 days 00:00:54.451522,0.5419649738252353,0.5775508145754644,2,0.2889137400920901,0.02827507043167268,0.05974181681220184,0.09503072102566411,0.05132629405437907,0.01367046598717924,0.002454572686520097,13,128,0.008900183788116947,0.13007549272946736,False,False,True,4.8447089080034875e-08,COMPLETE
