number,value,datetime_start,datetime_complete,duration,params_alpha-eval,params_alpha-train,params_batch-size,params_eps-eval,params_eps-train,params_lambda-actions-eval,params_lambda-actions-train,params_lambda-frames-eval,params_lambda-frames-train,params_learning-rate,params_n-epochs,params_n-frames,params_radius-gw,params_rho,params_std-feats,params_ub-actions,params_ub-frames,params_weight-decay,state
339,0.5728457093238831,2025-04-09 19:24:48.476068,2025-04-09 19:25:34.294805,0 days 00:00:45.818737,0.5081446773665466,0.2634569606604954,2,0.28186631230862114,0.044658086727202645,0.05209701480936182,0.045147588562992544,0.07035097495880442,0.06959112637368109,0.009864011888773939,8,57,0.012330103019453977,0.016944495169347068,False,False,False,1.2626876645844936e-07,COMPLETE
340,0.47745482921600346,2025-04-09 19:25:34.399763,2025-04-09 19:26:20.104804,0 days 00:00:45.705041,0.459227384775428,0.2842736765897995,2,0.2866566439737216,0.04265087471379102,0.05219327712026685,0.03288361527139864,0.0710548704553064,0.06962702758409499,0.014722970802464548,8,57,0.020021545280725313,0.02079320204112507,False,False,False,1.0770984752980576e-07,COMPLETE
341,0.5067663311958314,2025-04-09 19:26:20.221442,2025-04-09 19:27:09.526941,0 days 00:00:49.305499,0.5024810730822291,0.25223276238679276,2,0.28160890741366956,0.04502769568427914,0.05461580285117788,0.04524967269836053,0.07307621472046355,0.0724655452291357,0.01000518288335803,9,62,0.01294358225349308,0.03386374107702755,True,False,False,1.3020039895318322e-07,COMPLETE
342,0.4685168504714966,2025-04-09 19:27:09.634522,2025-04-09 19:27:29.481233,0 days 00:00:19.846711,0.6222714683533556,0.3666819050234086,16,0.2981236152384735,0.022341381788583723,0.049661871003821904,0.031429994627683984,0.07018510126126298,0.06962636709711768,0.012794969736601035,8,71,0.01509126723426222,0.043937825600411685,False,False,False,1.9157682164125713e-07,COMPLETE
343,0.329679149389267,2025-04-09 19:27:29.590473,2025-04-09 19:28:15.822404,0 days 00:00:46.231931,0.5956658209196902,0.5713887706800218,2,0.15706992870553102,0.059231946573088015,0.05133523960234221,0.09228211486561282,0.06903379866449684,0.06617799489746996,0.010136991105796382,8,66,0.009741100545703731,0.030837655515182884,False,False,False,9.004212950820485e-08,COMPLETE
344,0.4836905479431153,2025-04-09 19:28:15.928194,2025-04-09 19:29:05.171137,0 days 00:00:49.242943,0.4705123491129878,0.26513407989960225,2,0.2792180610963,0.036508692096798384,0.05365248248468736,0.028317913592538525,0.07430946556871969,0.0653351691616298,0.01711835343846611,9,64,0.012185928566295407,0.04843451527532622,False,False,False,1.376986267486742e-07,COMPLETE
345,0.12094259262084961,2025-04-09 19:29:05.288062,2025-04-09 19:29:50.928695,0 days 00:00:45.640633,0.48968292630848287,0.4315218900520723,2,0.20749134591237678,0.04143167377211861,0.05626143955893521,0.04694225787196048,0.07560067179202072,0.06808801800654514,0.012043914115524046,10,68,0.017161649412158655,0.08461036730308905,False,True,False,5.204346732795158e-08,COMPLETE
346,0.42883151173591616,2025-04-09 19:29:51.035517,2025-04-09 19:30:10.716199,0 days 00:00:19.680682,0.517566939758249,0.3187196318560458,16,0.270476580044892,0.04878912683970852,0.05028914082488672,0.033776395361511266,0.06724520144353663,0.06815712516321172,0.009054551199643693,8,52,0.010310406022702397,0.025471496415373544,False,False,False,1.8339777329009598e-07,COMPLETE
347,0.44376135468482975,2025-04-09 19:30:10.823923,2025-04-09 19:30:53.533739,0 days 00:00:42.709816,0.6430841713186877,0.5137404682906077,2,0.13000381531209668,0.0328566226608235,0.07842149491822197,0.020423913515464964,0.08171678345774537,0.0709107674432411,0.02293070848581266,7,44,0.06216913358840278,0.03697456716876578,False,False,False,7.007455300870574e-08,COMPLETE
348,0.5840626478195191,2025-04-09 19:30:53.640733,2025-04-09 19:31:36.750166,0 days 00:00:43.109433,0.4134275496484185,0.3053842653717423,2,0.18184640746478348,0.04036582798813685,0.04814257106051062,0.025670505790302167,0.08494995567623777,0.06546707646685863,0.015054261786576928,7,61,0.013594357967404502,0.016319959399399005,False,False,False,1.1432994823904718e-07,COMPLETE
349,0.5338241338729859,2025-04-09 19:31:36.870229,2025-04-09 19:32:23.087117,0 days 00:00:46.216888,0.4126820660663817,0.2937033103805617,2,0.16599771919839248,0.04523852159314618,0.048936514063976026,0.02649768165278895,0.08412009822521072,0.06598425518038958,0.011539866191180968,8,60,0.013074670847009473,0.017950158335559685,False,False,False,1.0661633514902951e-07,COMPLETE
350,0.33508732318878176,2025-04-09 19:32:23.194597,2025-04-09 19:33:12.181567,0 days 00:00:48.986970,0.43674508389179767,0.270977726711915,2,0.18201977963078766,0.2809349400425881,0.04755516419783028,0.024246892548185774,0.08000444853220172,0.06450931938094165,0.01451701342788131,9,61,0.00907886562265483,0.014881153675630546,False,False,False,1.2707565475936785e-07,COMPLETE
351,0.49363125562667853,2025-04-09 19:33:12.291200,2025-04-09 19:33:31.734716,0 days 00:00:19.443516,0.3674644789808123,0.2997867098448192,16,0.17680565769363865,0.05486247565978012,0.05255773312815349,0.029657375434108096,0.08585544076316899,0.023001158567202945,0.006950529241935672,7,55,0.006521517930007232,0.04358143644280956,False,False,False,1.6355395552583374e-07,COMPLETE
352,0.5115245580673218,2025-04-09 19:33:31.844327,2025-04-09 19:34:15.487889,0 days 00:00:43.643562,0.38355452102499915,0.31307498312602927,2,0.1805525670239167,0.03916702254791592,0.05103850759914482,0.08250650074316586,0.0827744494852359,0.06796775340122999,0.009165015238725042,7,26,0.011235056439292145,0.008830999092886718,False,False,False,9.182068277948475e-08,COMPLETE
353,0.33891469836235044,2025-04-09 19:34:15.608311,2025-04-09 19:35:05.284948,0 days 00:00:49.676637,0.4103802789852755,0.2930808021343348,2,0.2905177957817218,0.1521930465216063,0.05376456372982784,0.024745422451827974,0.07041248673498136,0.08112279814808794,0.0006552491026823535,9,64,0.007737534506452092,0.04922207823070877,False,False,False,2.6630907195327716e-07,COMPLETE
354,0.461103367805481,2025-04-09 19:35:05.394067,2025-04-09 19:35:48.366600,0 days 00:00:42.972533,0.43882220007457523,0.33767463135966347,2,0.26438686176555887,0.028693323026001846,0.047365232789159925,0.027355929009842767,0.08928424975307686,0.06412175422221314,0.010818674707541798,7,71,0.014468184511576911,0.03781527176988183,False,False,False,1.1519840763971525e-07,COMPLETE
355,0.5086558699607849,2025-04-09 19:35:48.475442,2025-04-09 19:36:34.534827,0 days 00:00:46.059385,0.3976101577805007,0.07311802159214503,2,0.1845457127949138,0.046379445919769446,0.05596213856080215,0.03543366171808705,0.07219229874880759,0.06634841524697394,0.017938653522557312,8,59,0.010332336414932655,0.030399460172538306,False,False,False,2.1320382690295497e-07,COMPLETE
356,0.09221355319023133,2025-04-09 19:36:34.644843,2025-04-09 19:36:52.499557,0 days 00:00:17.854714,0.6814856239046319,0.03147851484273668,16,0.17012713970788804,0.03859306183082852,0.02180496611241172,0.022208693364562722,0.08532478836342343,0.008717859563931951,0.01377174115047993,8,67,0.005875212696463815,0.022352574542098852,False,False,True,7.304059603273441e-08,COMPLETE
357,0.35899442434310913,2025-04-09 19:36:52.621722,2025-04-09 19:37:38.305825,0 days 00:00:45.684103,0.35309376769187223,0.5351008402488293,2,0.1881750539445527,0.05070362084119715,0.05871224448982657,0.03040439814556703,0.06786501571557303,0.0710698634208177,0.008244674133558427,8,56,0.012833231044259421,0.12513663108426282,False,False,False,1.541115514469113e-07,COMPLETE
358,0.5069976687431336,2025-04-09 19:37:38.416127,2025-04-09 19:38:21.268444,0 days 00:00:42.852317,0.43624871032668,0.3362348675538315,2,0.27342931726580294,0.03374149772106417,0.0496344323597496,0.03363196372826323,0.08748915613348095,0.08582513175849893,0.005637901034443447,7,62,0.009394517063946683,0.04238086682775406,False,False,False,8.36636325727193e-08,COMPLETE
359,0.5307193517684937,2025-04-09 19:38:21.379350,2025-04-09 19:39:04.323819,0 days 00:00:42.944469,0.5075217359129817,0.24425396496866184,2,0.2836725923261174,0.042699088452093435,0.02795881636943322,0.09558584361889733,0.07746233093569443,0.017254679591001597,0.01192422046142393,7,68,0.007481468096500968,0.05226155341527041,False,False,False,1.2563531466029458e-07,COMPLETE
360,0.5010579705238343,2025-04-09 19:39:04.447491,2025-04-09 19:39:28.823194,0 days 00:00:24.375703,0.46810032091123854,0.2192146913885225,8,0.25879622710448175,0.025159546564509867,0.05227204271313154,0.025117253445945738,0.03631122337276009,0.0642555215279993,0.00998561533361308,9,74,0.004106295439883204,0.061239634116635334,False,False,False,5.989938730397277e-08,COMPLETE
361,0.35092846155166624,2025-04-09 19:39:28.937464,2025-04-09 19:40:05.802569,0 days 00:00:36.865105,0.4224149213350371,0.49597724529833315,2,0.19579928320588258,0.12069160600945586,0.05506222256377314,0.05633557080059297,0.08351637957514796,0.06923879750280192,0.015101290574237291,5,35,0.011724165876918859,0.18672952095691608,False,False,False,2.34514701830305e-07,COMPLETE
362,0.4250422239303589,2025-04-09 19:40:05.915744,2025-04-09 19:40:26.167311,0 days 00:00:20.251567,0.5658403066047529,0.014197235484549169,16,0.2661845634735551,0.032614225030295214,0.04536248019424724,0.03227261122986688,0.09070573118565456,0.06712631877054051,0.007347711811487135,7,76,0.0086460996779899,0.03455893270722294,True,False,False,1.8689126679310195e-07,COMPLETE
363,0.11371760666370392,2025-04-09 19:40:26.282324,2025-04-09 19:40:48.230857,0 days 00:00:21.948533,0.622302808356814,0.4783803723603966,8,0.18831814064271396,0.07046802460132581,0.04784587191214455,0.01972070927493067,0.08695702889155373,0.061804344135121654,0.012587854775225896,10,40,0.06902053242821954,0.015019119442776622,False,True,False,3.1171030334485286e-07,COMPLETE
364,0.4499995589256287,2025-04-09 19:40:48.357612,2025-04-09 19:41:27.684581,0 days 00:00:39.326969,0.5806799162457431,0.458647883157912,2,0.05387087938489282,0.06077041979616617,0.05723953180844251,0.03741979646408799,0.08944013924901384,0.07314563529583254,0.009368900469681035,6,64,0.040622307601807954,0.11387222992824385,False,False,False,1.0080794722676624e-07,COMPLETE
365,0.43261572122573855,2025-04-09 19:41:27.797126,2025-04-09 19:42:14.645827,0 days 00:00:46.848701,0.36919914866202036,0.49214037049863113,2,0.1484784710752862,0.04168197430950761,0.0510120376930847,0.028680879790215285,0.09167088545575344,0.06368849049540681,0.01700534903193617,8,58,0.015129373205550061,0.028286363679917652,False,False,False,1.4833044216440493e-07,COMPLETE
366,0.34117327332496644,2025-04-09 19:42:14.760145,2025-04-09 19:42:38.327287,0 days 00:00:23.567142,0.5298605480658879,0.7902954859894127,8,0.27861841438238005,0.0494772998444194,0.054620169779497185,0.021768418627615194,0.08113410779692247,0.059501397803982135,0.01108469304352336,8,72,0.005640425980992901,0.041226556372445,False,False,False,0.00021140524426016774,COMPLETE
367,0.5045962691307069,2025-04-09 19:42:38.439674,2025-04-09 19:43:21.112799,0 days 00:00:42.673125,0.33735963028199745,0.4510309259522745,2,0.27033209701746114,0.019814563796820565,0.008435824120769826,0.031495680613125895,0.0684010548625853,0.06574976276807089,0.008116733938968489,7,42,0.010757472673269321,0.045347101704530664,False,False,False,8.153421702110221e-08,COMPLETE
368,0.48846006393432617,2025-04-09 19:43:21.237222,2025-04-09 19:44:19.778015,0 days 00:00:58.540793,0.55309144737072,0.12548571761902558,2,0.2523452605490611,0.03380022106520241,0.05843793809940115,0.026517171407804567,0.06522875442214272,0.0603348844724028,0.001595683127098032,12,49,0.07649821005132398,0.020084237641589345,False,False,False,2.7047540593325315e-07,COMPLETE
369,0.5054003596305847,2025-04-09 19:44:19.893047,2025-04-09 19:44:40.209167,0 days 00:00:20.316120,0.605596058751164,0.04541808510033944,16,0.263062998310378,0.054678134388586735,0.04587605787191318,0.015165543279867497,0.08479442307030233,0.06348797730683708,0.02746327707833135,9,82,0.007329591103342754,0.03543012392089467,False,False,False,1.1203443644961911e-07,COMPLETE
370,0.5093561410903931,2025-04-09 19:44:40.324019,2025-04-09 19:45:02.042645,0 days 00:00:21.718626,0.5848918064945844,0.30853786320824306,8,0.25528345819183557,0.03890490397239902,0.06112917197695364,0.0359006542619076,0.08858468721018295,0.06253467277982909,0.021134316123563385,6,37,0.004620003751710448,0.0503774708105119,False,False,False,1.8167476841889747e-07,COMPLETE
371,0.5585070729255677,2025-04-09 19:45:02.169426,2025-04-09 19:45:38.753588,0 days 00:00:36.584162,0.6383879519820153,0.513659794460202,2,0.27496183798382445,0.02648816652160596,0.04874805346157625,0.08697760170502199,0.08614825259565581,0.06985821903056974,0.013641963978848886,5,33,0.013581469925701608,0.027223809807129115,False,False,False,0.0002856406652196864,COMPLETE
372,0.4744037985801697,2025-04-09 19:45:38.869157,2025-04-09 19:46:15.720571,0 days 00:00:36.851414,0.650272426236484,0.5164339432027751,2,0.2750021514204526,0.026118458551794912,0.04847577368248003,0.091809560407528,0.08699245481741462,0.06904765854024958,0.004758051285474989,5,61,0.015777376299572342,0.026302896746208625,False,False,False,0.00032892797708483515,COMPLETE
373,0.14958639144897462,2025-04-09 19:46:15.835188,2025-04-09 19:46:34.750390,0 days 00:00:18.915202,0.6634455058667422,0.6055846854361944,8,0.2692847862638286,0.01429905228305808,0.052300910540495425,0.08864941353480175,0.09046270683145294,0.0716408057059284,0.010196872567113614,5,79,0.014326076618228522,0.0307034110539504,False,False,True,0.00018253887011966734,COMPLETE
374,0.5182973504066468,2025-04-09 19:46:34.868021,2025-04-09 19:47:11.880247,0 days 00:00:37.012226,0.6378035291874573,0.5326062788653941,2,0.2866626235506681,0.026642842458467368,0.04993907447698328,0.08743281165353245,0.09277756082377682,0.0755602238045456,0.0034085791805225927,5,20,0.017963803703114446,0.012241235609947724,False,False,False,0.00022507572123675728,COMPLETE
375,0.48510686159133914,2025-04-09 19:47:12.007630,2025-04-09 19:47:31.015759,0 days 00:00:19.008129,0.6822422228818109,0.5527929484714853,16,0.11259164779657994,0.022845378577195014,0.05344700013524372,0.09305509409115786,0.0033201500823801106,0.041856398304944954,0.012512643016439211,5,67,0.01314732212006518,0.02350943833052177,False,False,False,3.356921884291067e-07,COMPLETE
376,0.5615036725997925,2025-04-09 19:47:31.132108,2025-04-09 19:48:26.053065,0 days 00:00:54.920957,0.6208012066283369,0.3554050972196677,2,0.27983927864705144,0.030643668005610164,0.018552321862907298,0.0951040317853853,0.06724701777019647,0.06999296628868222,0.00707005221711948,11,47,0.012259091705272274,0.03716747373697922,False,False,False,0.0003504085570265753,COMPLETE
377,0.5062833905220032,2025-04-09 19:48:26.170010,2025-04-09 19:48:52.904084,0 days 00:00:26.734074,0.636478515878099,0.3520861211468716,8,0.28234456636639876,0.01742015792037416,0.02367117965082095,0.09379282569587287,0.0660582710349325,0.0712101630807608,0.00685736635160647,12,52,0.01267747802736075,0.03954966663217508,False,False,False,0.0003210275102206611,COMPLETE
378,0.4684351563453675,2025-04-09 19:48:53.025188,2025-04-09 19:49:48.359296,0 days 00:00:55.334108,0.6180985982208922,0.3246694696973913,2,0.2890400230833163,0.02940014144295526,0.017605911837622796,0.09045121326255505,0.07104787763126098,0.07344051162196216,0.006039427684247516,11,46,0.016398093023982846,0.03664966597140262,False,False,False,0.0005144955565827952,COMPLETE
379,0.5007023334503174,2025-04-09 19:49:48.487011,2025-04-09 19:50:43.393857,0 days 00:00:54.906846,0.6618914169397213,0.2799275093396092,2,0.2770102216499782,0.031750456230423024,0.01349346055144933,0.09749281610557618,0.06694244545215032,0.06987759647791815,0.00833397777194228,11,49,0.0141753278566426,0.046710068815065904,False,False,False,0.0002533605010868299,COMPLETE
380,0.4690407514572144,2025-04-09 19:50:43.512339,2025-04-09 19:51:09.700981,0 days 00:00:26.188642,0.604683597807001,0.3360092861656008,8,0.2813573889203711,0.03525656420172371,0.012212902849873496,0.09639187927295201,0.07222074006626143,0.0672568794214404,0.00648088275873723,11,43,0.031153348578114564,0.031213570559170643,False,False,False,0.0004474817302428992,COMPLETE
381,0.505898153781891,2025-04-09 19:51:09.818321,2025-04-09 19:52:02.226415,0 days 00:00:52.408094,0.4025865584678082,0.3807249818957104,2,0.292215198926042,0.025440850913683696,0.04824669349237664,0.09323670081876889,0.06908281141098041,0.06878186171817705,0.004392961712396253,10,40,0.012539271681481912,0.041923305154055686,False,False,False,0.00028784967062281803,COMPLETE
382,0.4977613091468811,2025-04-09 19:52:02.356256,2025-04-09 19:52:57.860692,0 days 00:00:55.504436,0.623347622648455,0.30877024299743394,2,0.27648642717181043,0.021140287811157413,0.019920458251430198,0.07258692736170978,0.07454032573937082,0.06700563082353043,0.00897112373089529,11,47,0.011073347951696092,0.034529058014491035,True,False,False,0.0001854412777081899,COMPLETE
383,0.21587349176406861,2025-04-09 19:52:57.979222,2025-04-09 19:53:17.973353,0 days 00:00:19.994131,0.6394734053026316,0.37037305046376223,16,0.2695116852838667,0.030246703344434633,0.05145904548306267,0.09524072784183217,0.0883716675882061,0.06999212064793663,0.00518250609034445,14,46,0.017036317549103848,0.05438334335026357,False,True,False,0.0003863362806237253,COMPLETE
384,0.46814340353012085,2025-04-09 19:53:18.092024,2025-04-09 19:53:43.320896,0 days 00:00:25.228872,0.3923169146443339,0.3508276938884527,8,0.2627884241798526,0.035794669946321946,0.009541057627405748,0.07983929362726601,0.08615289745787424,0.026367046479599747,0.00738384421889075,10,52,0.015612856999679254,0.047001914279758236,False,False,False,0.00026473417268487614,COMPLETE
385,0.4067903876304627,2025-04-09 19:53:43.454532,2025-04-09 19:54:32.241899,0 days 00:00:48.787367,0.6113970379612912,0.5314417624734806,2,0.2832048157005606,0.04697218259628451,0.04684250243223535,0.08492894144484411,0.09135103590081582,0.06535690424412967,0.010182764262157262,9,42,0.011376477809018829,0.1344508837025128,False,False,False,0.00011924333824661667,COMPLETE
386,0.4530858039855957,2025-04-09 19:54:32.361418,2025-04-09 19:55:19.183066,0 days 00:00:46.821648,0.3530325097926375,0.10137008851684803,2,0.2755715867489982,0.03849433631575247,0.01639229008946353,0.0692442596752609,0.06900361653990868,0.07209605907779049,0.01576971107602797,8,65,0.013782210962471536,0.04010127815223462,False,False,False,0.00033096373939131763,COMPLETE
387,0.49621756076812745,2025-04-09 19:55:19.302611,2025-04-09 19:55:41.045285,0 days 00:00:21.742674,0.4251647044137803,0.5016245551473757,8,0.269085585820357,0.029477357567709403,0.04989039915666015,0.09728661860602678,0.07924552367596108,0.06702470672518708,0.008553222826585563,6,70,0.019220545346309886,0.028884341540483534,False,False,False,1.8606293712244155e-07,COMPLETE
388,0.505312442779541,2025-04-09 19:55:41.166920,2025-04-09 19:56:42.929207,0 days 00:01:01.762287,0.4833418241621168,0.39719518791912256,2,0.26202560314249235,0.04394784056353931,0.0950081931237862,0.06568615985322881,0.08932046490255743,0.04911458079551214,0.012110368735577463,13,44,0.010126838926183412,0.018998537080169058,False,False,False,2.40652446645954e-07,COMPLETE
389,0.4832956433296204,2025-04-09 19:56:43.061377,2025-04-09 19:57:03.166290,0 days 00:00:20.104913,0.588214499780113,0.25886405483486463,16,0.27303892621752673,0.1022164612795079,0.05534635895581552,0.09078716478155782,0.08266464172849806,0.06918622387709984,0.002419500925319507,9,39,0.028066260590522796,0.03607733980197878,False,False,False,1.4730419793172855e-07,COMPLETE
390,0.5633382797241211,2025-04-09 19:57:03.286506,2025-04-09 19:57:49.796642,0 days 00:00:46.510136,0.4529840584242674,0.4708938922997458,2,0.2586771910837274,0.036021816934798515,0.05267749852242321,0.0947355514378666,0.09359480693413974,0.06550081418962639,0.010268580307502717,8,63,0.002673136432142589,0.04546364945053291,False,False,False,2.328682825668383e-07,COMPLETE
391,0.47443680763244633,2025-04-09 19:57:49.916416,2025-04-09 19:58:36.331931,0 days 00:00:46.415515,0.3823650606278277,0.062301205439435126,2,0.26005213722963527,0.04791715728154531,0.0525663186604113,0.0945941149671548,0.09538502279445246,0.06491827309396069,0.0012569303730707315,8,62,0.0011020590706531958,0.006504520777312972,False,False,False,2.1600969138073313e-07,COMPLETE
392,0.14783969819545745,2025-04-09 19:58:36.467184,2025-04-09 19:59:11.270894,0 days 00:00:34.803710,0.4471499790035464,0.5069883945990323,2,0.255318007869205,0.00038170834278021537,0.05329967756939721,0.09891140992957129,0.09264674066198106,0.06276039794080161,0.006529724701344092,6,60,0.0031438814566983105,0.05326033050900198,False,False,True,3.4478830647875266e-07,COMPLETE
393,0.33430062532424926,2025-04-09 19:59:11.392875,2025-04-09 19:59:54.292152,0 days 00:00:42.899277,0.6528305452780162,0.43918787319362945,2,0.2957746120392911,0.2079579892213459,0.05154079415336391,0.09613921061136303,0.09404975247702109,0.06546257162798587,0.009772939392882747,7,58,0.0037175703499706023,0.0479864294396122,False,False,False,2.781730096927258e-07,COMPLETE
394,0.5072625994682312,2025-04-09 19:59:54.414798,2025-04-09 20:00:47.951986,0 days 00:00:53.537188,0.5950518994848121,0.48597776375842205,2,0.26451883261249415,0.022648325782727755,0.05524762033113933,0.09419111362711009,0.09699178506723233,0.06189889703799651,0.007702608695284075,10,65,0.003307972755298953,0.03074708160258794,False,False,False,3.918217756996379e-07,COMPLETE
395,0.3545249342918396,2025-04-09 20:00:48.074648,2025-04-09 20:01:37.740425,0 days 00:00:49.665777,0.5724009721016141,0.7432001635107885,2,0.2567803862266654,0.036198556724615916,0.04999035139649106,0.08967794210221658,0.06669281596457728,0.04651224093618427,0.00988476564456762,9,68,0.0015865918849213402,0.024197365102339212,False,False,False,0.00022988076862122771,COMPLETE
