number,value,datetime_start,datetime_complete,duration,params_alpha-eval,params_alpha-train,params_batch-size,params_eps-eval,params_eps-train,params_lambda-actions-eval,params_lambda-actions-train,params_lambda-frames-eval,params_lambda-frames-train,params_learning-rate,params_n-epochs,params_n-frames,params_radius-gw,params_rho,params_std-feats,params_ub-actions,params_ub-frames,params_weight-decay,state
1635,0.3945026099681855,2025-04-10 13:17:56.277224,2025-04-10 13:19:04.032197,0 days 00:01:07.754973,0.5401588215315015,0.5129648289241252,2,0.018947093092774453,0.03047507091877108,0.07192952183255573,0.08775169069299456,0.05361833957002819,0.01671285434629785,0.0018686442684878832,14,142,0.005893602190584001,0.08895009994868448,True,False,False,2.683247717830577e-08,COMPLETE
1636,0.4940728783607483,2025-04-10 13:19:04.578074,2025-04-10 13:20:08.291164,0 days 00:01:03.713090,0.5908906336787098,0.534711510157207,2,0.031167818090193835,0.02452484644679602,0.06901268917101888,0.09004030397791371,0.05133493991858918,0.015011615192465208,0.0014998600540058805,13,136,0.004088654996785001,0.0784092126331036,False,False,False,1.5443814048790457e-08,COMPLETE
1637,0.09944676607847214,2025-04-10 13:20:08.819741,2025-04-10 13:21:06.594179,0 days 00:00:57.774438,0.6222570410187962,0.5793198657843739,2,0.04791788773598003,0.045513646568777405,0.06419403937908126,0.08080122862005765,0.05646916315898758,0.019694451855218974,0.0039770278775729286,14,139,0.002798057025836538,0.09122099543540804,False,True,False,2.0279687585823054e-08,COMPLETE
1638,0.4707007646560669,2025-04-10 13:21:07.121689,2025-04-10 13:22:16.620135,0 days 00:01:09.498446,0.5675440196346303,0.5510770044526483,2,0.00737415004008643,0.035725239731214914,0.06740795707255665,0.08453101445430132,0.05865341464169096,0.013506808735627889,0.0025639212024945643,15,147,0.005217805212793784,0.08198733144991362,False,False,False,2.376062466497521e-08,COMPLETE
1639,0.4902144193649292,2025-04-10 13:22:17.174926,2025-04-10 13:23:20.966612,0 days 00:01:03.791686,0.5423410919816279,0.4972283509436108,2,0.025360759027545865,0.030092245325128823,0.06123875819378174,0.08375721254464871,0.0544522355179315,0.016997460879345352,0.0035912669715496936,13,135,0.0027367309896894633,0.1002544101304627,False,False,False,1.200854713550113e-08,COMPLETE
1640,0.5012129545211792,2025-04-10 13:23:21.494631,2025-04-10 13:24:34.944980,0 days 00:01:13.450349,0.5888467542963681,0.5278236169316096,2,0.03572640872819949,0.023322760504314567,0.07400572914732842,0.08788024929353741,0.061459713207124136,0.022369428895127042,0.0017670367178438003,16,144,0.005993897417243639,0.07732848703315855,False,False,False,1.5055915013788613e-08,COMPLETE
1641,0.4111027240753174,2025-04-10 13:24:35.490592,2025-04-10 13:25:41.828016,0 days 00:01:06.337424,0.640717663521698,0.570411619794601,2,0.02027757094505787,0.24106177082437533,0.06977031514916987,0.09052331382548179,0.0513797435890405,0.01814737012505007,0.002736750020393917,14,141,0.049304648059665064,0.08820117108000176,False,False,False,2.7813248730032897e-08,COMPLETE
1642,0.4324784874916077,2025-04-10 13:25:42.364733,2025-04-10 13:26:45.191583,0 days 00:01:02.826850,0.6102098801481483,0.5516256705480964,2,0.06450128059246014,0.03921276896396427,0.0628935062293434,0.08570664215750977,0.05744295010214691,0.012436919428583779,0.0019146317883710115,13,135,0.004475216167856182,0.09601599981126141,False,False,False,1.906334212980922e-08,COMPLETE
1643,0.4681597709655762,2025-04-10 13:26:45.721389,2025-04-10 13:27:55.569421,0 days 00:01:09.848032,0.5579745637840815,0.5788575533197898,2,0.012713245947649929,0.033060482947516505,0.06631806673504691,0.08268378347346113,0.05391722810284993,0.014908002823942999,0.002199449832599187,15,138,0.006504458738526356,0.0775885818129448,False,False,False,2.1850413971428318e-08,COMPLETE
1644,0.5040167093276978,2025-04-10 13:27:56.118543,2025-04-10 13:28:59.665312,0 days 00:01:03.546769,0.5440048299281612,0.5092276256730329,2,0.042760171259308664,0.020690710523540726,0.07184687588947002,0.09056079556398183,0.060144853983689135,0.0126266066682984,0.0014393287022429458,13,146,0.001091494394169724,0.08415808746836649,False,False,False,1.6472199411467484e-08,COMPLETE
1645,0.0939504936337471,2025-04-10 13:29:00.191283,2025-04-10 13:29:55.363980,0 days 00:00:55.172697,0.5740469782800807,0.5316829940466501,2,0.13028061569427676,0.027531698035712128,0.060467864107741305,0.0791534778638505,0.05179495330576681,0.02860709104795092,0.002893987881516458,13,150,0.0029689331838720244,0.09394220941826739,False,False,True,1.199873914087051e-08,COMPLETE
1646,0.3158389270305634,2025-04-10 13:29:55.915832,2025-04-10 13:31:02.339265,0 days 00:01:06.423433,0.5388874861407108,0.5627145744204483,2,0.0804336551049282,0.04580281547629704,0.06557721771809912,0.08860085195662999,0.05628031668384193,0.025718816550921345,0.001561475859260349,14,134,0.004585054513460377,0.07715797160140742,False,False,False,2.7049963243224405e-08,COMPLETE
1647,0.4377059102058411,2025-04-10 13:31:02.868167,2025-04-10 13:32:11.928485,0 days 00:01:09.060318,0.583998107805939,0.4912561471395789,2,0.05069174031146133,0.03734839938138031,0.06395419394338071,0.08690714526544903,0.05832669245863116,0.01874555897592574,0.0023441908739958973,15,5,0.006672348088738336,0.08472958066421198,False,False,False,1.416510638087952e-08,COMPLETE
1648,0.09427145123481752,2025-04-10 13:32:12.451946,2025-04-10 13:33:14.309692,0 days 00:01:01.857746,0.60699185986173,0.5806121206584828,2,0.027621756609304306,0.027141600232059766,0.06818504901938761,0.09104831470744579,0.05243129330183188,0.021540461157491315,0.0034700846083125588,13,140,0.022353371898088344,0.11016660715830248,False,False,False,2.0263495064014422e-08,COMPLETE
1649,0.4937523722648621,2025-04-10 13:33:14.859925,2025-04-10 13:34:30.323443,0 days 00:01:15.463518,0.5622935937214459,0.5506263508778418,2,0.04121137994810455,0.020566444113147144,0.06225301811216465,0.08527091907292882,0.05503884821659766,0.015248297720159142,0.0018390327951408993,17,142,0.0027550329184145186,0.08825849004660369,False,False,False,2.8493838366137722e-08,COMPLETE
1650,0.33762089610099794,2025-04-10 13:34:30.848759,2025-04-10 13:35:36.590186,0 days 00:01:05.741427,0.541178421943529,0.5225842740475145,2,0.014874819192741851,0.03270084977593077,0.0705941075577702,0.08810591568106917,0.050797777850101415,0.004464676203150178,0.0020324205401144675,14,137,0.07444906051475628,0.10138555386897266,False,False,False,1.836787260634391e-08,COMPLETE
1651,0.3739565074443817,2025-04-10 13:35:37.140705,2025-04-10 13:36:46.602400,0 days 00:01:09.461695,0.5847854543666268,0.5832523089050909,2,0.031588262741557405,0.03855959781136943,0.07402677951799504,0.09091202801736221,0.06015751934661474,0.0010729124509114788,0.0029309647274497605,15,134,0.0010810590501381767,0.0771025454303515,False,False,False,1.3002103170378028e-08,COMPLETE
1652,0.36994060277938845,2025-04-10 13:36:47.132934,2025-04-10 13:37:54.177776,0 days 00:01:07.044842,0.5610833957361332,0.5450150716443906,2,0.050687089515072004,0.08670036124856172,0.06707676253514429,0.0836076553841076,0.06394873892149062,0.013132766365162194,0.001465310279216061,14,144,0.004750635044463575,0.08111582410416708,False,False,False,2.37150366818762e-08,COMPLETE
1653,0.38848016262054447,2025-04-10 13:37:54.708420,2025-04-10 13:39:02.546178,0 days 00:01:07.837758,0.6189478967253005,0.5059414602754443,2,0.03749384920462609,0.02554295003008528,0.06004284128575467,0.08654182586798054,0.05054084298788048,0.012109871554214578,0.0025211385475616644,14,148,0.0010586488358203649,0.09470083450360316,True,False,False,1.5799871861735303e-08,COMPLETE
1654,0.46974588632583625,2025-04-10 13:39:03.093644,2025-04-10 13:40:06.379400,0 days 00:01:03.285756,0.5405765268088786,0.5630668231545619,2,0.023782844493957046,0.03374222577563837,0.06479337803418037,0.0759593803903715,0.05347420615034418,0.017109138830869366,0.004329746613406767,13,138,0.006703085625122647,0.08966127811924722,False,False,False,1.9145622465608105e-08,COMPLETE
1655,0.3825198233127594,2025-04-10 13:40:06.911326,2025-04-10 13:41:19.213532,0 days 00:01:12.302206,0.5738882734756742,0.52763317703895,2,0.1416256579752964,0.04206079748445512,0.0690870458032542,0.0893568182765303,0.05698076703389363,0.020481013221928128,0.001691062141874862,16,134,0.004276084768983165,0.08351921738729824,False,False,False,2.6590410556188138e-08,COMPLETE
1656,0.5307617068290711,2025-04-10 13:41:19.765291,2025-04-10 13:42:22.767420,0 days 00:01:03.002129,0.5972726383834732,0.7239806399629536,2,0.06118236858661585,0.017199005925863473,0.06202354935661096,0.08416798840404514,0.05896514547214769,0.014654319699340761,0.0022272585355357652,13,145,0.003005263323947979,0.07650876082705413,False,False,False,1.27560494062861e-08,COMPLETE
1657,0.48550770282745365,2025-04-10 13:42:23.311813,2025-04-10 13:43:23.731395,0 days 00:01:00.419582,0.5371026699781893,0.4869665766228572,2,0.04683937259496798,0.027612999971557993,0.06377964981745185,0.08135295542955755,0.05533242009582718,0.015937420473758082,0.0032908340011578376,15,140,0.004506760597929297,0.1069092551795273,False,True,False,2.9571556328334712e-08,COMPLETE
1658,0.09427145123481752,2025-04-10 13:43:24.260417,2025-04-10 13:44:28.963306,0 days 00:01:04.702889,0.5583808894394877,0.5848329068487573,2,0.00036489989813883773,0.021585331325851432,0.06704313516765109,0.0904290148732136,0.050771353386861354,0.0042914057089258745,0.0014125302994825173,14,136,0.0067824653548335025,0.08180599172489346,False,False,False,1.539193984687691e-08,COMPLETE
1659,0.3328808665275574,2025-04-10 13:44:29.508596,2025-04-10 13:45:32.861763,0 days 00:01:03.353167,0.5800204307240596,0.5414233353812226,2,0.056257415921689854,0.2510013773105956,0.07145490165363369,0.08621112336134291,0.061685780743614846,0.011810961905054157,0.0019293055844595217,13,142,0.002896424972395232,0.09937255588075104,False,False,False,2.1820677795301707e-08,COMPLETE
1660,0.6017323136329651,2025-04-10 13:45:33.400343,2025-04-10 13:46:42.259394,0 days 00:01:08.859051,0.641492814812785,0.5601088288727027,2,0.03464651555734603,0.03271533630898709,0.06908750920165964,0.09176773083332812,0.018933314567159902,0.013317775586383564,0.002363511179386357,15,134,0.0059469330053232745,0.07653389934012958,False,False,False,1.8371825125530274e-08,COMPLETE
1661,0.382457309961319,2025-04-10 13:46:42.815620,2025-04-10 13:47:46.597362,0 days 00:01:03.781742,0.5545227800009777,0.5125628849843398,2,0.07211245867184984,0.044706161399546945,0.0653731533117781,0.0891357321335798,0.05366466630710884,0.018536818679643595,0.0029216974191140733,13,137,0.002904454223842318,0.21295185299739489,False,False,False,1.0815451117476807e-08,COMPLETE
1662,0.4980130553245544,2025-04-10 13:47:47.134578,2025-04-10 13:48:59.740741,0 days 00:01:12.606163,0.5342816090559844,0.5369874521244694,2,0.039804611557048335,0.029579086694167908,0.062356706950331686,0.08788916173123991,0.05228682283597059,0.024078980646290372,0.0013735788819750968,16,147,0.0046144134132030026,0.09242977356990993,False,False,False,2.87420469098215e-08,COMPLETE
1663,0.41590055227279665,2025-04-10 13:49:00.270468,2025-04-10 13:50:06.512304,0 days 00:01:06.241836,0.6063658967782152,0.5817638087379623,2,0.02966037575144152,0.03625730132139484,0.059985754694022425,0.08227940438209119,0.05631724023984667,0.005662126726317445,0.003716559871458494,14,139,0.0027139698813450895,0.08807075447892951,False,False,False,1.3918497433059348e-08,COMPLETE
1664,0.10191009640693666,2025-04-10 13:50:07.063644,2025-04-10 13:51:05.197886,0 days 00:00:58.134242,0.5906056219588337,0.5640046387817224,2,0.11216852458246955,0.024063470370244287,0.07351117721442131,0.09130318727740147,0.050665448385462754,0.03602552866183017,0.0017551548728621444,14,134,0.001091088575729886,0.07651054031289188,False,False,True,2.263885333664177e-08,COMPLETE
1665,0.3454375207424164,2025-04-10 13:51:05.729548,2025-04-10 13:52:09.168779,0 days 00:01:03.439231,0.560701736613415,0.5895454450107257,2,0.019674967185435432,0.1586310805300403,0.06670143090398996,0.08529325334558356,0.057896827130420866,0.0151174311244989,0.00011396974619667138,13,143,0.0066179862141558295,0.08571889433596137,False,False,False,1.0271428858410642e-08,COMPLETE
1666,0.38677296638488773,2025-04-10 13:52:09.722149,2025-04-10 13:53:19.569823,0 days 00:01:09.847674,0.5428440793923887,0.5150624342543264,2,0.04653940801298238,0.015603822780806367,0.06412394220825225,0.08840907876160575,0.06266726071863457,0.0026269421490775855,0.0024860016893368734,15,147,0.0010197180854313466,0.09753102054985001,False,False,False,1.7371592512136453e-08,COMPLETE
1667,0.39801844358444216,2025-04-10 13:53:20.105676,2025-04-10 13:54:35.621853,0 days 00:01:15.516177,0.5754869649603748,0.5484779661421154,2,0.00577394264828778,0.03990192097440519,0.07158759978091088,0.09143969606411477,0.06061067479823159,0.02240920839626233,0.001896988239144073,17,143,0.004553883273299452,0.08201863683759558,False,False,False,1.0104374963192735e-08,COMPLETE
1668,0.3507747292518616,2025-04-10 13:54:36.179170,2025-04-10 13:55:42.169231,0 days 00:01:05.990061,0.624976228083615,0.5290450673500825,2,0.011630790247620705,0.03140350874579869,0.06891771052015948,0.08631377543206827,0.054942627987189255,0.017150328840752557,0.0015560604977515322,14,133,0.04591430815294531,0.0766340085425734,False,False,False,2.3212779299034394e-08,COMPLETE
1669,0.49513496160507203,2025-04-10 13:55:42.706700,2025-04-10 13:56:45.188182,0 days 00:01:02.481482,0.5325584227177482,0.5672809529861628,2,0.026489572905150215,0.027659270005111553,0.060722582391659764,0.07933577133636867,0.05250175610163225,0.01184108182799362,0.0030781903413603156,13,138,0.006745399340447709,0.09151011786214878,False,False,False,1.4628865168874813e-08,COMPLETE
1670,0.48177034854888917,2025-04-10 13:56:45.728438,2025-04-10 13:57:54.864654,0 days 00:01:09.136216,0.5950989866267268,0.5892059490004907,2,0.017194536079953145,0.019055435917342798,0.06564683965358335,0.08280798472668771,0.050030839781125165,0.006335496942581722,0.0021872579385458298,15,140,0.0028699073270748087,0.10365593174507472,False,False,False,3.045005584555828e-08,COMPLETE
1671,0.6004073023796082,2025-04-10 13:57:55.419443,2025-04-10 13:58:58.929530,0 days 00:01:03.510087,0.5614275888255698,0.49546806590929265,2,0.08747261894227953,0.03631354869729693,0.06301255751652113,0.08879852833145727,0.058591752498165416,0.012048372370544295,0.002500546465158198,13,150,0.004764261061553765,0.07585958568898232,False,False,False,1.8915443650745942e-08,COMPLETE
1672,0.09427145123481752,2025-04-10 13:58:59.468889,2025-04-10 14:00:04.522122,0 days 00:01:05.053233,0.5321558009711431,0.5448608724828491,2,0.036423823815756214,0.02300529875387941,0.07497163822627399,0.08525561217596206,0.05594195906880217,0.019889404211685148,0.0012655799536726387,14,136,0.041653100646981786,0.0810748448902066,False,False,False,3.0336946393783286e-08,COMPLETE
1673,0.33338155746459963,2025-04-10 14:00:05.080834,2025-04-10 14:01:15.546365,0 days 00:01:10.465531,0.5743216285605937,0.5654438920490591,2,0.04309789925125938,0.047189406443907025,0.07037486293279768,0.09997298548547974,0.049735978905534585,0.013890767780571798,0.0016193851360026526,15,145,0.002831630854926219,0.11361540772107913,True,False,False,1.4321108176167078e-08,COMPLETE
1674,0.09427145123481752,2025-04-10 14:01:16.085623,2025-04-10 14:02:10.371661,0 days 00:00:54.286038,0.5567436200861698,0.4905431053054597,2,0.05584153914352172,0.03024222066352683,0.06719938834761699,0.09135410472925147,0.05332547181558967,0.015437321230638377,0.002059680384377041,13,133,0.06785886163807958,0.08658805075553264,False,True,False,2.1227040329272797e-08,COMPLETE
1675,0.41206259131431583,2025-04-10 14:02:10.905223,2025-04-10 14:03:17.345533,0 days 00:01:06.440310,0.6148773443760787,0.519010173108567,2,0.0285813503108222,0.011481625404268461,0.059792388034091565,0.08975044762357613,0.05965912834904041,0.011032331433015005,0.004360094329649862,14,141,0.005169569878713212,0.09639902738999859,False,False,False,1.6245043654523234e-08,COMPLETE
1676,0.35748587250709535,2025-04-10 14:03:17.897839,2025-04-10 14:04:20.887988,0 days 00:01:02.990149,0.531993280110754,0.5875274412698266,2,0.03425943965978866,0.04009207401273637,0.06405311078431483,0.0840912207940063,0.05129950236451544,0.008112872297410966,0.0030730309663538533,13,136,0.0027527498950186465,0.07568398841165357,False,False,False,2.384584734615789e-08,COMPLETE
1677,0.49607362747192385,2025-04-10 14:04:21.418424,2025-04-10 14:05:33.930641,0 days 00:01:12.512217,0.5880940692569138,0.533730384399672,2,0.03945050993744713,0.023985588591828547,0.07193269774969079,0.08145765513685216,0.05664794872640317,0.004686622516060489,0.001394870658034735,16,147,0.001071053733162351,0.08316558582673794,False,False,False,3.123574956278518e-08,COMPLETE
1678,0.44221593141555793,2025-04-10 14:05:34.489199,2025-04-10 14:06:53.703974,0 days 00:01:19.214775,0.5538056946791072,0.5617998974146212,2,0.021856614977641013,0.03557293018521107,0.06843651928638725,0.08696606694763925,0.062360333965440745,0.017837485942648446,0.0035820508273955065,18,133,0.007077103899793704,0.09230788394594448,False,False,False,1.0176426983950871e-08,COMPLETE
1679,0.4887740254402161,2025-04-10 14:06:54.244349,2025-04-10 14:08:03.448341,0 days 00:01:09.203992,0.5775828337960861,0.5132457899476813,2,0.008825584224401179,0.030266491455166446,0.06254825983051189,0.09188401294710062,0.05385183382240696,0.019979318828066965,0.0026957394004913935,15,143,0.004461494511949327,0.07463742505044618,False,False,False,1.3201417666689866e-08,COMPLETE
1680,0.09427145123481752,2025-04-10 14:08:04.010839,2025-04-10 14:09:09.401980,0 days 00:01:05.391141,0.5315722102430788,0.5516468981723412,2,0.048930807933056535,0.018594658361084843,0.06527667263628784,0.08707673472901638,0.05061604656623488,0.013369920966652312,0.0018748208622002647,14,139,0.03279714337937264,0.10455616942580409,False,False,False,1.802923141559436e-08,COMPLETE
1681,0.4858459830284119,2025-04-10 14:09:09.945257,2025-04-10 14:10:12.830097,0 days 00:01:02.884840,0.6034190644471493,0.5837572536763199,2,0.015611312660816081,0.025712085406831838,0.07371572645426602,0.09154139209784393,0.04923354144879867,0.010211668208788244,0.0012446071114405992,13,133,0.006970191232382132,0.08936908742363356,False,False,False,2.4368578514190268e-08,COMPLETE
1682,0.45717098712921145,2025-04-10 14:10:13.365050,2025-04-10 14:11:19.891651,0 days 00:01:06.526601,0.5489037035723233,0.5365944687832348,2,0.02883908568110057,0.03525443639002578,0.0698062165477884,0.09996465086830876,0.05777060065697599,0.007127026995306089,0.002219520687940972,14,136,0.0010188238902430345,0.08224386383056637,False,False,False,1.8477014439307274e-08,COMPLETE
1683,0.09428889602422715,2025-04-10 14:11:20.449906,2025-04-10 14:12:20.971149,0 days 00:01:00.521243,0.5702786769516447,0.4878544981543837,2,0.034976340448187045,0.04274130165574063,0.06728078757669163,0.08868861962402244,0.05510400501650855,0.023085619576728212,0.001726205368170026,15,145,0.0045850544283805045,0.07440507120418736,False,False,True,1.2527109955664447e-08,COMPLETE
1684,0.5268712282180786,2025-04-10 14:12:21.512985,2025-04-10 14:13:24.259672,0 days 00:01:02.746687,0.6280568978794464,0.5683332570431291,2,0.06591883008338521,0.027800452413965282,0.06240677572606744,0.08476363869360688,0.051744383892333254,0.026102524182231166,0.002694485621181254,13,140,0.003165387190217031,0.09786800551775943,False,False,False,1.664550130216538e-08,COMPLETE
1685,0.5198309898376465,2025-04-10 14:13:24.819440,2025-04-10 14:14:30.567771,0 days 00:01:05.748331,0.5357742818609221,0.5105511656298597,2,0.04535162693056177,0.02118300557517118,0.06122612710205593,0.08956064881119248,0.06072039805002474,0.01598579889351739,0.0015475754315400487,14,133,0.005948080826235841,0.08709101333256938,False,False,False,2.7586380944255784e-08,COMPLETE
1686,0.4949351668357849,2025-04-10 14:14:31.107966,2025-04-10 14:15:44.515221,0 days 00:01:13.407255,0.5558902878992851,0.547840342950499,2,0.02272618070723456,0.03384221433393646,0.06483263132443451,0.09139719367987652,0.0074584792400243655,0.011729590674992584,0.002110365766632993,16,138,0.0032754359230744573,0.07972460200967915,False,False,False,2.2200571990342617e-08,COMPLETE
1687,0.09427145123481752,2025-04-10 14:15:45.075724,2025-04-10 14:16:47.433728,0 days 00:01:02.358004,0.6044329606677273,0.5904154386168643,2,0.04386792087871281,0.013354334280843417,0.05999358277789093,0.08380633186175725,0.04916063574974829,0.00253139715242223,0.0037236251589973573,13,143,0.00709508590245992,0.09492701594077424,False,False,False,1.3253121497646648e-08,COMPLETE
1688,0.3287715494632721,2025-04-10 14:16:47.975297,2025-04-10 14:17:53.927490,0 days 00:01:05.952193,0.5856262178005832,0.5234030249658401,2,0.05220622728935655,0.04039456955325123,0.06675069472035182,0.08641338307390543,0.06502135957342554,0.009470207338612693,1.55985779609841e-05,14,136,0.0010433970443528002,0.07559489551933277,False,False,False,3.0778373134854364e-08,COMPLETE
1689,0.6122953772544861,2025-04-10 14:17:54.462875,2025-04-10 14:19:03.766842,0 days 00:01:09.303967,0.534982077711251,0.5744794504695044,2,0.07563247958828763,0.030871530709230235,0.07223604555812888,0.09230928377193193,0.05255337467350678,0.02132192812673657,0.0024903082066771135,15,148,0.004908357610790709,0.07446936260112051,False,False,False,1.6021340845455045e-08,COMPLETE
1690,0.4786546230316162,2025-04-10 14:19:04.328265,2025-04-10 14:20:16.754211,0 days 00:01:12.425946,0.5682375090342586,0.5437356771914829,2,0.07665471891212182,0.042493006361021934,0.07378293299141517,0.0921851700238744,0.05430563445180647,0.024230189567531802,0.003050352811057894,16,150,0.00801972872769091,0.08254890648757462,False,False,False,1.0048261931498918e-08,COMPLETE
