number,value,datetime_start,datetime_complete,duration,params_alpha-eval,params_alpha-train,params_batch-size,params_eps-eval,params_eps-train,params_lambda-actions-eval,params_lambda-actions-train,params_lambda-frames-eval,params_lambda-frames-train,params_learning-rate,params_n-epochs,params_n-frames,params_radius-gw,params_rho,params_std-feats,params_ub-actions,params_ub-frames,params_weight-decay,state
113,0.5122703790664673,2025-04-17 02:20:31.569567,2025-04-17 02:20:58.958332,0 days 00:00:27.388765,0.0141897314720216,0.8645549655736858,16,0.24716320781599227,0.1717473660364177,0.08248825050131528,0.0051061961982627095,0.009312281663684592,0.07608102818764893,1.0122803526319125e-05,24,74,0.026674784642271104,0.04742214005087184,False,False,False,5.985438833830859e-05,COMPLETE
114,0.5067010521888733,2025-04-17 02:20:58.996039,2025-04-17 02:21:25.572976,0 days 00:00:26.576937,0.06565585751682021,0.7679175847781695,16,0.26858549345946314,0.15771364636586052,0.0782275318776414,0.00715710339252381,0.008920759986833818,0.07468613086770957,1.4359052346369385e-05,23,68,0.09975745143902712,0.04009111339068449,False,False,False,7.712423694347527e-05,COMPLETE
115,0.5024266481399536,2025-04-17 02:21:25.611102,2025-04-17 02:21:51.597891,0 days 00:00:25.986789,0.01608161421946577,0.8901248999734532,16,0.24704721242835692,0.19854969922410104,0.08581513740878427,0.0052508193166255655,0.01479384064018999,0.07808777851556756,1.7016563488271656e-05,22,57,0.02246131826085012,0.05906976016495218,False,False,False,0.00020568364003063755,COMPLETE
116,0.48918650150299076,2025-04-17 02:21:51.636356,2025-04-17 02:22:18.672505,0 days 00:00:27.036149,0.03238993977411866,0.8040666540694035,16,0.2121401407423248,0.17017220618477344,0.0802482620599629,0.009371453189453885,0.018004520786859282,0.07098944611180982,2.4500045702280796e-05,24,73,0.019830270213360746,0.051980146699698394,False,False,False,0.0004824827516344966,COMPLETE
117,0.4409811615943909,2025-04-17 02:22:18.713395,2025-04-17 02:22:44.486306,0 days 00:00:25.772911,0.13230370938814082,0.7130807568917911,16,0.24147044406823426,0.18562205044942034,0.0740327934618919,0.0033428518263792957,0.006838392837225763,0.0849421728609949,0.02041844155622615,21,82,0.03375597899296802,0.028768779802130023,False,False,False,0.00013595999646323056,COMPLETE
118,0.5469483852386474,2025-04-17 02:22:44.525614,2025-04-17 02:23:10.980146,0 days 00:00:26.454532,0.18776251247151568,0.94887723052541,16,0.28223488984054573,0.19041878561725614,0.08320715880324635,0.013926724391607843,0.0010446969310616144,0.07104308124946249,1.7335252403486687e-05,22,70,0.01889150707812904,0.06553965152954606,False,False,False,3.849183963441751e-05,COMPLETE
119,0.4800522446632386,2025-04-17 02:23:11.019401,2025-04-17 02:23:37.472174,0 days 00:00:26.452773,0.1720941508497416,0.9560195466699618,16,0.28374285042835345,0.19305462436401644,0.08142739794326262,0.016177615559169044,0.0014552524335575616,0.07215597356131276,1.3417819802216852e-05,22,54,0.029294795195562898,0.06169985473050457,False,False,False,4.001875980542857e-05,COMPLETE
120,0.09427145123481752,2025-04-17 02:23:37.511932,2025-04-17 02:24:58.760295,0 days 00:01:21.248363,0.06649850872598811,0.9370398978167134,2,0.297847541724333,0.2153278577257609,0.08366273733609227,0.013768941958823465,0.004930615825719607,0.06410798524314529,1.666301315590392e-05,23,71,0.01924185406029732,0.03657971858122476,False,True,True,0.00010383353578500997,COMPLETE
121,0.49296122789382935,2025-04-17 02:24:58.800272,2025-04-17 02:25:25.935080,0 days 00:00:27.134808,0.14019051675719135,0.847284293176625,16,0.26267353245351543,0.20188352182934866,0.08710551772972572,0.011348631089641199,0.009526395883366522,0.07536430851314802,3.31738514531777e-05,24,66,0.02514246701129602,0.051615502618710285,False,False,False,6.870735211587162e-05,COMPLETE
122,0.5235541462898254,2025-04-17 02:25:25.975086,2025-04-17 02:25:51.840813,0 days 00:00:25.865727,0.1913236607263322,0.7173820422097262,16,0.27003362197833947,0.18574156211426612,0.08987664973160758,0.0012926843319226314,0.010776814847670709,0.07970262244809558,2.4510561748091434e-05,21,79,0.022789230668124334,0.06741111417446295,False,False,False,2.945534944419494e-05,COMPLETE
123,0.5279901504516602,2025-04-17 02:25:51.890073,2025-04-17 02:26:17.957771,0 days 00:00:26.067698,0.17526016040553116,0.7885685266115933,16,0.27514614794474035,0.18817961477825626,0.09315552205092445,0.0028404571253950583,0.010896745199104184,0.0797301479584548,2.4506819173283726e-05,21,79,0.02241221304814394,0.06838384527651381,False,False,False,2.4413935182400423e-05,COMPLETE
124,0.5287415504455567,2025-04-17 02:26:17.997700,2025-04-17 02:26:43.593817,0 days 00:00:25.596117,0.192304662234187,0.708176600484551,16,0.2790154023122663,0.1855408898206081,0.08431694001798105,0.0030298778716906366,0.014570387615318243,0.07964886459072426,2.3265350470919242e-05,20,92,0.022268221106653486,0.06590298217522511,False,False,False,2.4862890928480676e-05,COMPLETE
125,0.5506308317184448,2025-04-17 02:26:43.636618,2025-04-17 02:27:09.593541,0 days 00:00:25.956923,0.1873193639006916,0.7187585614704857,16,0.2739495098714232,0.18549703089503897,0.0928801994015315,0.0017927104716635115,0.014746767759251924,0.07966501922046228,2.3647323461077065e-05,21,91,0.02296796575698192,0.06673073121606883,False,False,False,2.8900645884530556e-05,COMPLETE
126,0.4622603535652161,2025-04-17 02:27:09.635180,2025-04-17 02:27:35.449503,0 days 00:00:25.814323,0.194200490389731,0.7892310586077486,16,0.27356845759112935,0.18458668093978395,0.09366583395082125,0.0018677886225377943,0.015247288033930717,0.07988292806191971,2.269270518617512e-05,20,93,0.022353803649639847,0.06754090168428331,False,False,False,3.0087112479449134e-05,COMPLETE
127,0.5230896472930908,2025-04-17 02:27:35.490736,2025-04-17 02:28:01.612521,0 days 00:00:26.121785,0.18672087848887114,0.7332671710178907,16,0.28976307493115877,0.20538469623462377,0.09230860594071069,0.0038932715572876113,0.013801943328187656,0.07713540307578194,3.7685055920320765e-05,21,100,0.027815279800267698,0.06989637683454812,False,False,False,2.6509407956514778e-05,COMPLETE
128,0.48975653648376466,2025-04-17 02:28:01.655971,2025-04-17 02:28:27.995552,0 days 00:00:26.339581,0.15247985239735667,0.750710291170418,16,0.258826132408192,0.15508195690656604,0.08927547965023264,0.0012426592381465477,0.011687808276670188,0.07884067480632297,5.284236317465041e-05,21,89,0.023128889375097297,0.06450598106054625,False,False,False,1.688838413661828e-05,COMPLETE
129,0.5295186281204224,2025-04-17 02:28:28.039070,2025-04-17 02:28:53.627280,0 days 00:00:25.588210,0.23556456334678746,0.8353508342466771,16,0.2821831717215107,0.16789389836168372,0.08393001911534628,0.007844694648620254,0.00784098684494932,0.0822366621906588,2.290403348045691e-05,20,79,0.020880443583947226,0.07551312016445548,False,False,False,4.164217953569153e-05,COMPLETE
130,0.47406260967254643,2025-04-17 02:28:53.670143,2025-04-17 02:29:19.063439,0 days 00:00:25.393296,0.25378086737149635,0.8418401303055382,16,0.27759728441344306,0.16947754092393694,0.08447000387474711,0.007816341636961783,0.007903154906889306,0.08162201481754879,1.0834464645132277e-05,20,84,0.01944587458473979,0.057443035137398395,False,False,False,4.223973203573488e-05,COMPLETE
131,0.5048038721084595,2025-04-17 02:29:19.105528,2025-04-17 02:29:44.333698,0 days 00:00:25.228170,0.2369269656493878,0.7654094391443766,16,0.2665133375034388,0.16411891763477732,0.08649279938503475,0.00395585923875107,0.0024803690749780594,0.0708815016468082,2.357547968686444e-05,19,92,0.020858814977986743,0.07539406169465601,False,False,False,2.201033064039622e-05,COMPLETE
132,0.4846479773521424,2025-04-17 02:29:44.377306,2025-04-17 02:30:10.447677,0 days 00:00:26.070371,0.10445249554658928,0.7283621674567222,16,0.28353424986544745,0.18268565737507303,0.09268603728770765,0.009855434245540555,0.005356237720396156,0.07756528555310081,2.9112827931272e-05,22,78,0.017656744310659667,0.045097694711802236,False,False,False,1.205331124244367e-05,COMPLETE
133,0.5227701783180237,2025-04-17 02:30:10.491480,2025-04-17 02:30:36.495657,0 days 00:00:26.004177,0.18066080146388733,0.8311624308233997,16,0.2946361568124072,0.14077842884821626,0.09010125451165274,0.01229705300305366,0.010997079233257259,0.08272562141159881,1.935014491761152e-05,21,88,0.03131995414501204,0.08650017484511494,False,False,False,3.150501366887128e-05,COMPLETE
134,0.5191285848617554,2025-04-17 02:30:36.540095,2025-04-17 02:31:01.907043,0 days 00:00:25.366948,0.2110706211454332,0.7912072273590869,16,0.2883280313281981,0.1765711952957595,0.08764375008993833,0.005434618246048692,0.00794616058914072,0.08670788899510189,3.2982226773070154e-05,20,79,0.02369045010321514,0.05748131361242157,False,False,False,5.65829230499739e-05,COMPLETE
135,0.48027682304382324,2025-04-17 02:31:01.951583,2025-04-17 02:31:26.713264,0 days 00:00:24.761681,0.23398443661011545,0.6862412165125764,16,0.27193355990710066,0.1885143793125614,0.08411116681312467,0.019747825013019457,0.015740021251202867,0.07983388179245984,1.3051115531352793e-05,19,70,0.02628226850115188,0.0677786214502281,False,False,False,4.299967686759624e-05,COMPLETE
136,0.5373727798461915,2025-04-17 02:31:26.758087,2025-04-17 02:31:52.924479,0 days 00:00:26.166392,0.14010448916805457,0.6610840296609626,16,0.2786015616432134,0.20909689059291908,0.09782448327629713,0.01572558001941435,0.01128570164453536,0.0728585632632635,4.316034107725489e-05,22,81,0.021212680685770837,0.07220212095274604,False,False,False,2.4723018840233827e-05,COMPLETE
137,0.4663727283477783,2025-04-17 02:31:52.968535,2025-04-17 02:32:19.546305,0 days 00:00:26.577770,0.12807566743768822,0.9280495033937762,16,0.2774960578568871,0.2134713765436541,0.097577632364617,0.014060866820597127,0.0010256383720175653,0.07314949695118253,0.0006093468488318162,22,84,0.02065099464359948,0.07953726646843874,False,False,False,1.822756740186536e-05,COMPLETE
138,0.5375038027763367,2025-04-17 02:32:19.600836,2025-04-17 02:32:46.062461,0 days 00:00:26.461625,0.04202501804295619,0.9604841900328449,16,0.26235989170959834,0.22243065660867203,0.07969989916271328,0.015864733990362978,0.02028012952544224,0.07026641312488922,4.709751878220628e-05,22,92,0.018421123471092638,0.07310155405783499,False,False,False,2.422689633913664e-05,COMPLETE
139,0.4636968016624451,2025-04-17 02:32:46.108131,2025-04-17 02:33:12.495402,0 days 00:00:26.387271,0.08488381835481829,0.9928712212472318,16,0.2530361200288949,0.2255857469974228,0.0938525871175891,0.018791546406806928,0.02050401679256326,0.07574189614892184,5.9938543814624884e-05,22,96,0.05650720205243538,0.07576350004749384,False,False,False,2.392236890394017e-05,COMPLETE
140,0.46123696565628053,2025-04-17 02:33:12.540693,2025-04-17 02:33:38.035235,0 days 00:00:25.494542,0.03084138597982291,0.9788453560872926,16,0.26464882333537215,0.20513760170024548,0.0800171697742538,0.01550870980559997,0.02409438884491998,0.06596008585083976,4.5178092622092904e-05,20,91,0.07840314250359348,0.044358290540680724,False,False,False,3.678174141050625e-05,COMPLETE
141,0.4675430536270142,2025-04-17 02:33:38.081220,2025-04-17 02:34:05.048234,0 days 00:00:26.967014,0.14642592443531444,0.8684424132096257,16,0.2793015549616175,0.19695811904158406,0.09965072667124315,0.007347040885916757,0.0033558613694280376,0.07106976805099419,3.811254392858124e-05,23,87,0.018678605626994662,0.06151038079140074,False,False,False,5.188197189338398e-05,COMPLETE
142,0.527823293209076,2025-04-17 02:34:05.093921,2025-04-17 02:34:31.360573,0 days 00:00:26.266652,0.30237212995539114,0.6611836994492062,16,0.2602921278703608,0.22244166401188462,0.08651754278396573,0.021715470603206458,0.01332316295355049,0.08333879636321793,2.669681118865765e-05,22,81,0.016130893979860415,0.07237971409900565,False,False,False,2.4321043259164164e-05,COMPLETE
143,0.5341617107391358,2025-04-17 02:34:31.406942,2025-04-17 02:34:57.861432,0 days 00:00:26.454490,0.30425275513440525,0.6472687952751714,16,0.2592451514184672,0.2191279271072752,0.0862039941548529,0.021815030456254467,0.013492975336345515,0.08438415145650567,1.8712333460174488e-05,22,82,0.016017137952796422,0.08866046243648032,False,False,False,1.3081097648026687e-05,COMPLETE
144,0.5159840345382691,2025-04-17 02:34:57.909921,2025-04-17 02:35:25.278679,0 days 00:00:27.368758,0.2713212535454224,0.6349296772285653,16,0.29274170987865367,0.1614419525975452,0.09126235646499749,0.01501601787130472,0.016637212458501232,0.08689929022913108,1.9079368372643568e-05,24,102,0.017485157644293217,0.08814138920842839,False,False,False,0.0008063460681163329,COMPLETE
145,0.5063885927200318,2025-04-17 02:35:25.326806,2025-04-17 02:35:51.242361,0 days 00:00:25.915555,0.01384550909580367,0.9100349135419963,16,0.25237884630916213,0.2077046484149042,0.08380106912501419,0.010139418719279598,0.006113226161716758,0.07748056853552171,2.233240484699231e-05,20,92,0.012167106501592905,0.0818608999087278,False,False,False,1.100709828576962e-05,COMPLETE
146,0.10326196104288102,2025-04-17 02:35:51.291346,2025-04-17 02:36:15.027414,0 days 00:00:23.736068,0.05464970541465859,0.9549322625329758,16,0.2839744691702221,0.20111854203008453,0.08874658590931511,0.01754494747326523,0.01424200389601946,0.08384542838648706,3.328750175238423e-05,22,83,0.010462116191591793,0.09273787808678637,False,False,True,8.260624636905226e-06,COMPLETE
147,0.5263723611831665,2025-04-17 02:36:15.075177,2025-04-17 02:36:41.661047,0 days 00:00:26.585870,0.16883298129479843,0.8128348130690968,16,0.23315763060603267,0.21894930032909443,0.09708454212559009,0.003648361295728295,0.019051899214905743,0.07334200551559443,1.8459877017382193e-05,23,88,0.024754516710944335,0.10319237047613447,False,False,False,1.9635538742346674e-05,COMPLETE
148,0.1150949627161026,2025-04-17 02:36:41.710553,2025-04-17 02:37:04.845795,0 days 00:00:23.135242,0.03341714188185921,0.6968874075069544,16,0.25747870268474543,0.1759715789500369,0.08562190098473396,0.022395111821097154,0.008813053665899264,0.08540697571227808,1.3491046506041084e-05,21,98,0.015587826010866146,0.05467414695874662,False,True,False,3.645209113416335e-05,COMPLETE
149,0.547618854045868,2025-04-17 02:37:04.893521,2025-04-17 02:37:30.563766,0 days 00:00:25.670245,0.11878540004895599,0.7629036635748497,16,0.24064314817773022,0.21264748114827525,0.09446340840586762,0.01198178989545718,0.012287113822290106,0.0888040033214159,4.236632570446121e-05,21,76,0.018540459205342297,0.07295895517895956,False,False,False,1.4198076919792456e-05,COMPLETE
150,0.5032299280166627,2025-04-17 02:37:30.612310,2025-04-17 02:37:59.335457,0 days 00:00:28.723147,0.11074961806551326,0.9112132272229374,16,0.23764065458133427,0.22847518652045826,0.08124849260070845,0.01251291166360634,0.012333932433596645,0.08841911988011762,4.953127218300771e-05,24,67,0.018040731974015692,0.10565686325511918,True,False,False,9.680190345819629e-05,COMPLETE
151,0.5367090106010437,2025-04-17 02:37:59.393274,2025-04-17 02:38:25.130990,0 days 00:00:25.737716,0.22653541088106618,0.7654188015012804,16,0.24336682444199823,0.19514384005468147,0.09488375202918203,0.008313381686899426,0.01147866991752859,0.08137364550633264,2.5454775666888823e-05,21,76,0.02131873813534701,0.07234400423778277,False,False,False,1.4470533099504396e-05,COMPLETE
152,0.5484853863716126,2025-04-17 02:38:25.181270,2025-04-17 02:38:51.915396,0 days 00:00:26.734126,0.22935647013805058,0.7632422493966186,16,0.24971913097951837,0.21374063683026112,0.09532169572273176,0.00826488438139309,0.016896933576753148,0.0820419806162867,4.116567656772219e-05,22,76,0.01955070110081842,0.07677689157807246,False,False,False,1.4801003399566621e-05,COMPLETE
153,0.5464768528938294,2025-04-17 02:38:51.965501,2025-04-17 02:39:18.884391,0 days 00:00:26.918890,0.2629207075263441,0.7731363488579165,16,0.225581992348384,0.21211734342564031,0.09579035329691403,0.008790717360039398,0.017807070151463312,0.08340251995682661,4.290855133887015e-05,23,75,0.02008317393491629,0.07867953323892812,False,False,False,1.5281519105827793e-05,COMPLETE
154,0.5214182257652282,2025-04-17 02:39:18.934443,2025-04-17 02:39:45.801332,0 days 00:00:26.866889,0.2629965286804956,0.756877357933281,16,0.22485046762065744,0.20945427699600797,0.0958422310772508,0.012480534925261827,0.02163742886505553,0.08873290508378656,6.980538265237883e-05,23,76,0.019197914907694017,0.08474039243841865,False,False,False,1.3952576529094401e-05,COMPLETE
155,0.4897788405418396,2025-04-17 02:39:45.850667,2025-04-17 02:40:11.800898,0 days 00:00:25.950231,0.3061583517968644,0.775310690901795,16,0.24084276776264268,0.21327827213879086,0.0980576426144958,0.01774105619409673,0.017425004387591984,0.0910981322686264,4.152876619095317e-05,22,72,0.015289518849943484,0.058411484154876875,False,False,False,7.1273265445095006e-06,COMPLETE
156,0.5409306406974793,2025-04-17 02:40:11.851408,2025-04-17 02:40:38.476561,0 days 00:00:26.625153,0.06893034412713223,0.6529671387589762,16,0.24894211858908313,0.21972549033344538,0.09422478476579069,0.013789902361078568,0.020140696441487332,0.08628302135819868,5.114819805128539e-05,23,75,0.01675833419170807,0.09669539342811502,False,False,False,1.2196076072003773e-05,COMPLETE
157,0.5313737273216248,2025-04-17 02:40:38.527902,2025-04-17 02:41:05.568216,0 days 00:00:27.040314,0.07185717328367161,0.7357939513839121,16,0.25026185580787796,0.19780306359140415,0.0946883287053531,0.013647055137611391,0.02328619986902458,0.08622287522064187,5.514076402052311e-05,24,69,0.01993862858877026,0.09605037574122607,False,False,False,4.8414635418267845e-06,COMPLETE
158,0.5378406763076782,2025-04-17 02:41:05.618806,2025-04-17 02:41:32.004892,0 days 00:00:26.386086,0.08156209910313714,0.7343760760257291,16,0.24998369277141416,0.19328520255654175,0.09494175507805745,0.01440814183911731,0.025109874468163405,0.08621551328019045,5.4514790713329835e-05,22,69,0.020479279819755163,0.09588355397962768,False,False,False,1.1731285106017594e-05,COMPLETE
159,0.4840277433395386,2025-04-17 02:41:32.056193,2025-04-17 02:41:58.511556,0 days 00:00:26.455363,0.0519993905828921,0.6501702350843866,16,0.23222227184742542,0.19312547615655318,0.09961750910674137,0.00909680703980917,0.019274343265622405,0.08377944772879978,6.784055777624491e-05,22,64,0.0171107797011489,0.0802782920432047,False,False,False,1.384359731733975e-05,COMPLETE
160,0.4925156235694885,2025-04-17 02:41:58.563054,2025-04-17 02:42:24.742410,0 days 00:00:26.179356,0.08623123330410551,0.9704984962300585,16,0.22031253399216266,0.20136234261108565,0.09189249495279384,0.015163697993297483,0.02563727724315425,0.08650870376495978,4.266341608761848e-05,22,73,0.028235944023882385,0.07385277687669461,False,False,False,1.1127772432737702e-05,COMPLETE
161,0.4757917046546936,2025-04-17 02:42:24.793986,2025-04-17 02:42:52.260523,0 days 00:00:27.466537,0.07164144351658618,0.7335522156632933,16,0.2495991802390345,0.19648650206709237,0.0949840369285867,0.014294360088902027,0.023096662912857124,0.08541633574735544,0.00011378614435571615,24,69,0.02004670815601573,0.09453566233524667,False,False,False,8.190457214622253e-06,COMPLETE
162,0.5050306558609009,2025-04-17 02:42:52.321833,2025-04-17 02:43:18.755318,0 days 00:00:26.433485,0.03719801217819496,0.7441988685944458,16,0.24056574253025656,0.23678071006333884,0.09655611910649142,0.010299545634275532,0.016152311809343727,0.08986719807885424,5.427984123092968e-05,23,69,0.02523369037412035,0.0904395933740349,False,False,False,4.344475613935049e-06,COMPLETE
163,0.5012961268424988,2025-04-17 02:43:18.808167,2025-04-17 02:43:45.141566,0 days 00:00:26.333399,0.08902832374579324,0.6882693378970709,16,0.24438064392372574,0.20564446812690776,0.0013756402444130358,0.006021300884993665,0.030742413220854303,0.08703046451649228,5.365603932909357e-05,23,59,0.018807848258549233,0.09729269036843845,False,False,False,5.4426429986604575e-06,COMPLETE
164,0.5087660670280457,2025-04-17 02:43:45.194810,2025-04-17 02:44:11.234164,0 days 00:00:26.039354,0.12615172120903423,0.8093337158715196,16,0.2545525395291276,0.2227556967029674,0.09480715653467363,0.011944025270087776,0.023418129394832468,0.08095049118297938,3.519928099118608e-05,22,67,0.020942850704168986,0.04945690716977454,False,False,False,1.569575333292646e-05,COMPLETE
165,0.4828653693199158,2025-04-17 02:44:11.286721,2025-04-17 02:44:36.929723,0 days 00:00:25.643002,0.06318206699161255,0.7704980166718894,16,0.250898206613912,0.21276277599509305,0.09779716281064321,0.017010276605615028,0.005087739302927755,0.08428246887560535,6.1387437400662e-05,21,62,0.023640952482713487,0.08585964350497793,False,False,False,1.0041252789493003e-05,COMPLETE
166,0.5411639451980591,2025-04-17 02:44:36.983046,2025-04-17 02:45:04.001660,0 days 00:00:27.018614,0.10645989693032373,0.74157078742588,16,0.23616366076722792,0.19386986173394696,0.09240265115903058,0.00809105615740671,0.012488246054860867,0.07716264449595282,4.636329011667451e-05,24,74,0.01731345293604995,0.06182888789599744,False,False,False,1.3035656145819982e-05,COMPLETE
167,0.5439082860946656,2025-04-17 02:45:04.058366,2025-04-17 02:45:30.737892,0 days 00:00:26.679526,0.010252482866706665,0.8897156459553768,16,0.22522560103297476,0.19328903525581337,0.09064856097868564,0.007621326838561628,0.012675005146884674,0.07642318255631378,4.554785839090917e-05,23,76,0.01620469863376162,0.06413590843473128,False,False,False,1.908148395766958e-05,COMPLETE
168,0.5407161474227905,2025-04-17 02:45:30.791428,2025-04-17 02:45:57.557172,0 days 00:00:26.765744,0.014136793475836719,0.8874630038382444,16,0.22573139342116771,0.19336794355220527,0.09200688880197898,0.008295137563583292,0.010747039113145975,0.07592876425781163,4.6886563521971224e-05,23,75,0.017221235339768045,0.06520176736277976,False,False,False,1.7491615121475256e-05,COMPLETE
