number,value,datetime_start,datetime_complete,duration,params_alpha-eval,params_alpha-train,params_batch-size,params_eps-eval,params_eps-train,params_lambda-actions-eval,params_lambda-actions-train,params_lambda-frames-eval,params_lambda-frames-train,params_learning-rate,params_n-epochs,params_n-frames,params_radius-gw,params_rho,params_std-feats,params_ub-actions,params_ub-frames,params_weight-decay,state
1467,0.5085888743400574,2025-04-10 10:08:00.953519,2025-04-10 10:08:54.521071,0 days 00:00:53.567552,0.5179005559859146,0.6642886508098379,2,0.2798585692176042,0.017242858401517937,0.06087167354533376,0.09121401660153573,0.054377320535163934,0.012539197326888076,0.0007536142170536851,10,127,0.004894408985969097,0.05125677232780901,False,False,False,7.9076910831914e-08,COMPLETE
1468,0.5899219989776612,2025-04-10 10:08:54.995333,2025-04-10 10:09:54.453501,0 days 00:00:59.458168,0.587628717011266,0.5880946887414698,2,0.29992107892640196,0.02638060483539057,0.07287260089158953,0.08368799778972914,0.041380595213713886,0.008525390221964255,0.0015558247512251638,12,122,0.0026075637748300138,0.06462155239803449,False,False,False,4.772965720410948e-08,COMPLETE
1469,0.42708050012588505,2025-04-10 10:09:54.925374,2025-04-10 10:10:51.628347,0 days 00:00:56.702973,0.5381988351283538,0.5540926902136383,2,0.2941292269354155,0.03819317173773683,0.07556894446148697,0.09996298529134572,0.043665049355777134,0.005993695607502333,0.0030943199961835023,11,136,0.008038803001868189,0.0590988857856758,False,False,False,9.686904771383064e-08,COMPLETE
1470,0.40526411533355716,2025-04-10 10:10:52.117710,2025-04-10 10:11:52.305571,0 days 00:01:00.187861,0.48396720325951353,0.6095107526509981,2,0.289124508261402,0.005558150357993501,0.06727353208166453,0.0942004937445963,0.014765631517998076,0.014394114311356093,0.0009381834043654252,12,130,0.006198634483736995,0.09678480121125903,False,False,False,6.281694853978102e-08,COMPLETE
1471,0.6026578664779663,2025-04-10 10:11:52.780570,2025-04-10 10:12:56.012189,0 days 00:01:03.231619,0.5644600641116815,0.5318330420788655,2,0.06525359749373905,0.03257894158085256,0.06453383877162268,0.09618185979222758,0.05020932420619229,0.011193296014915,0.0023842657813773795,13,133,0.0010537132183688173,0.07058028284581175,False,False,False,2.241674255173038e-08,COMPLETE
1472,0.610064685344696,2025-04-10 10:12:56.482628,2025-04-10 10:14:02.907302,0 days 00:01:06.424674,0.5909761279424095,0.5202545882215206,2,0.2995671256894638,0.031802969904949005,0.06402351436223433,0.09209745354372004,0.05638245556613403,0.011737521066986313,0.0028476372518906226,14,136,0.0011968664648361587,0.07844671347286854,False,False,False,1.7973298423097507e-08,COMPLETE
1473,0.4650780200958252,2025-04-10 10:14:03.388371,2025-04-10 10:15:09.249164,0 days 00:01:05.860793,0.5967039016684257,0.5253664821622128,2,0.020577294083749392,0.03661576847382002,0.06514849772030629,0.09332326412663412,0.05606071097106265,0.015340558598604486,0.003310692120002876,14,141,0.0012727577763842059,0.08616700331254779,False,False,False,2.463913086495494e-08,COMPLETE
1474,0.08828768730163575,2025-04-10 10:15:09.741570,2025-04-10 10:16:07.835455,0 days 00:00:58.093885,0.5780088586577565,0.5287633274203352,2,0.29502302181499185,0.0381506920993124,0.06583352726519004,0.09528819385775318,0.059621939773213804,0.013361274807092264,0.0026491963097169404,14,141,0.001350833079884992,0.08734625807399246,False,False,True,1.396576791915651e-08,COMPLETE
1475,0.5237045288085938,2025-04-10 10:16:08.306821,2025-04-10 10:17:18.472336,0 days 00:01:10.165515,0.5893668653744306,0.5331646016093702,2,0.06966337301279188,0.03103372394370028,0.06467201599912945,0.09249909915084661,0.05864050890372236,0.01777172379598218,0.002974668987104562,15,139,0.0028307110873618656,0.189109062639279,False,False,False,2.555517947695604e-08,COMPLETE
1476,0.33174484968185425,2025-04-10 10:17:18.952416,2025-04-10 10:18:25.947647,0 days 00:01:06.995231,0.5908998816685647,0.5122963174837725,2,0.12054102712439808,0.2311824896064955,0.06632593956615261,0.09585894525257084,0.055796820993054136,0.011474581279880599,0.003609540321231763,14,143,0.0013698427513931149,0.09226432157077899,False,False,False,3.060383909327007e-08,COMPLETE
1477,0.5250092267990112,2025-04-10 10:18:26.439742,2025-04-10 10:19:31.928528,0 days 00:01:05.488786,0.582941715613807,0.516181219674789,2,0.29476689702020004,0.023043758326603277,0.06791714779922853,0.09431432483779661,0.0573933574933031,0.012968029904903988,0.002817992771058627,14,137,0.0011139755102354079,0.08443475953365208,False,False,False,1.8856447289416557e-08,COMPLETE
1478,0.5972754001617432,2025-04-10 10:19:32.404558,2025-04-10 10:20:38.129089,0 days 00:01:05.724531,0.5826803788317088,0.5107564703937019,2,0.29963431525065365,0.03320081398996362,0.06473553311035184,0.09676421963835004,0.05554555013568711,0.015022186606908808,0.002524603256666514,14,138,0.0010029175794434887,0.07971192683583944,False,False,False,1.4933371929042917e-08,COMPLETE
1479,0.5238738179206848,2025-04-10 10:20:38.613171,2025-04-10 10:21:41.187878,0 days 00:01:02.574707,0.5675048915081639,0.5123211264431832,2,0.15011385384721865,0.025803441609292183,0.0642450874678717,0.09813888055878933,0.05689747333908783,0.011533451424573224,0.002581099885718066,13,136,0.0011188278751147092,0.07762486758781971,False,False,False,1.3508515221232575e-08,COMPLETE
1480,0.4526697158813477,2025-04-10 10:21:41.661145,2025-04-10 10:22:44.084337,0 days 00:01:02.423192,0.5967621418260665,0.523516464825101,2,0.044419425991303996,0.03927212047933969,0.06761473053545738,0.09234645626266128,0.05461271696094958,0.011068272222128098,0.002567985713482905,13,134,0.002562799600512043,0.0759008366729147,False,False,False,1.667512664727969e-08,COMPLETE
1481,0.5970660448074341,2025-04-10 10:22:44.579098,2025-04-10 10:23:47.215101,0 days 00:01:02.636003,0.5712673116707009,0.5154425430093431,2,0.10724841083678796,0.03233468487193681,0.06333501490932189,0.09521610240288088,0.05494737833203513,0.013513809783216483,0.003156727440234174,13,139,0.0011095961883974812,0.06865294701974434,False,False,False,1.6022143254422524e-08,COMPLETE
1482,0.34448360204696654,2025-04-10 10:23:47.691800,2025-04-10 10:24:52.188372,0 days 00:01:04.496572,0.5922413570310519,0.5431624638977187,2,0.2949138176665758,0.020904253245795215,0.0630717934472315,0.09678905360238867,0.05783864033726195,0.009968036871237616,0.0021532521078317514,13,135,0.0028226007218771737,0.08301048377341376,True,False,False,1.8921521924966826e-08,COMPLETE
1483,0.5258923411369324,2025-04-10 10:24:52.663250,2025-04-10 10:25:56.084860,0 days 00:01:03.421610,0.5651702813093171,0.5363507989838284,2,0.05376590068174806,0.027367813659623954,0.06588955078720295,0.09375847665178222,0.053972431702133256,0.012092958485000506,0.0034524362910859237,13,135,0.002773499592262504,0.07167937155414476,False,False,False,1.4706061879753697e-08,COMPLETE
1484,0.600635039806366,2025-04-10 10:25:56.556167,2025-04-10 10:27:02.276585,0 days 00:01:05.720418,0.5623479769169384,0.5380476469437593,2,0.00602432245976206,0.03348375615735339,0.06777014168373083,0.09820470639406108,0.05367698199748239,0.01618223151567471,0.002128809426895325,14,138,0.00282852248519193,0.07899304158341859,False,False,False,2.0364908698731257e-08,COMPLETE
1485,0.47913656234741214,2025-04-10 10:27:02.773842,2025-04-10 10:28:00.892339,0 days 00:00:58.118497,0.5835626332101783,0.5072923668209819,2,0.05950917836552531,0.04065867606181635,0.06849078942745485,0.09818764293823001,0.05762223604169387,0.017557508712257197,0.0024290273608171,14,139,0.0011030288418968676,0.09621444140266508,False,True,False,1.334222435672283e-08,COMPLETE
1486,0.38442254662513736,2025-04-10 10:28:01.371771,2025-04-10 10:29:10.091197,0 days 00:01:08.719426,0.5902542035550514,0.5247919016739141,2,0.29983225993123297,0.038688712831598956,0.06257053640399476,0.09130275426341661,0.05513478188270164,0.017434840964171198,0.0022809605737669518,15,137,0.0010406829642960712,0.08595730551498365,False,False,False,1.9167463488838914e-08,COMPLETE
1487,0.43802951574325566,2025-04-10 10:29:10.571699,2025-04-10 10:30:16.524035,0 days 00:01:05.952336,0.5679704150098631,0.5131456696555241,2,0.03774513941184277,0.03410390317434227,0.06509790504019126,0.09567580068924507,0.0535897712219132,0.018349027896881254,0.002859478393365901,14,143,0.0010577363239067253,0.09025291252675963,False,False,False,1.4205014342947552e-08,COMPLETE
1488,0.34886303544044495,2025-04-10 10:30:17.001117,2025-04-10 10:31:27.087463,0 days 00:01:10.086346,0.5920115196021867,0.5334897034502303,2,0.2949432286701258,0.13926297577897917,0.0691403227456299,0.09998942340921546,0.05346474729829665,0.015630689446717222,0.0021165341846084112,15,140,0.0010455374189221236,0.08434410860202826,False,False,False,1.130397562751395e-08,COMPLETE
1489,0.4090144217014313,2025-04-10 10:31:27.581199,2025-04-10 10:32:37.082902,0 days 00:01:09.501703,0.5622218638472988,0.5351730580833304,2,0.07616960658626114,0.0395117425830934,0.06226946491845376,0.09410528280941122,0.05601403033544085,0.01966787622816247,0.0022581750567012603,15,143,0.0031689573362649955,0.09100415056538413,False,False,False,1.7815218121668618e-08,COMPLETE
1490,0.4652655363082886,2025-04-10 10:32:37.562641,2025-04-10 10:33:47.251954,0 days 00:01:09.689313,0.5620943106577159,0.5479764445466085,2,0.09178612129296786,0.034338922803711924,0.0637485167292173,0.09652232909530452,0.052846444723642284,0.016856164970623616,0.0034186229943953973,15,139,0.0037677662060287284,0.07956239405855393,False,False,False,1.8272566160442352e-08,COMPLETE
1491,0.6058620929718017,2025-04-10 10:33:47.730066,2025-04-10 10:34:54.216096,0 days 00:01:06.486030,0.5706208064064896,0.5176999846404422,2,0.03473207603685585,0.031048216983585498,0.06675522954626611,0.09798172025349443,0.05623061629163242,0.015506860809911061,0.002034392489257497,14,143,0.002801974761690646,0.0798375093953699,False,False,False,1.9078726967686256e-08,COMPLETE
1492,0.6022544026374818,2025-04-10 10:34:54.697392,2025-04-10 10:36:00.679838,0 days 00:01:05.982446,0.5819495234460156,0.5100404294315986,2,0.029162273909958448,0.03430860696953931,0.06981212441980181,0.08987885322278964,0.06040470354868999,0.022163610369748808,0.002819436891745167,14,139,0.0025938571341852694,0.08110965997189164,False,False,False,2.0078744174366783e-08,COMPLETE
1493,0.4111891508102417,2025-04-10 10:36:01.176645,2025-04-10 10:37:10.143687,0 days 00:01:08.967042,0.5973139722490072,0.5314141902735328,2,0.009761574236240968,0.04123298415665417,0.07138547161808774,0.08952951353020057,0.06224380803271196,0.02209932490745405,0.003501771961747823,15,143,0.0027084814615500005,0.09996440751843597,False,False,False,1.2722150804797889e-08,COMPLETE
1494,0.25496461391448977,2025-04-10 10:37:10.621815,2025-04-10 10:38:12.304813,0 days 00:01:01.682998,0.5818595766094705,0.5106029286281913,2,0.024808445682204916,0.03951232352148866,0.07033701082239165,0.08985634486236567,0.05619388028617706,0.017756978319103882,0.0031107818179746147,15,143,0.002455432799792832,0.09129697741580883,False,False,True,1.990337205051681e-08,COMPLETE
1495,0.4193553328514099,2025-04-10 10:38:12.780498,2025-04-10 10:39:18.555218,0 days 00:01:05.774720,0.5871898886746254,0.5202042742974226,2,0.008968091509595946,0.03927161974001964,0.06953323425468406,0.09118378857771217,0.05810345941118163,0.02238028750450667,0.002917555156586516,14,140,0.0023591894857826227,0.10408068911835047,False,False,False,1.8599406351048322e-08,COMPLETE
1496,0.6011325359344483,2025-04-10 10:39:19.055321,2025-04-10 10:40:25.383926,0 days 00:01:06.328605,0.6030098897046541,0.5143087830098487,2,0.024225603513325474,0.035455351154869204,0.06800117297296564,0.08693998015502481,0.05712557770302831,0.021236660214320396,0.0036571785509343945,14,143,0.001051665689936131,0.08929314187087574,False,False,False,1.257966229061073e-08,COMPLETE
1497,0.45720441341400153,2025-04-10 10:40:25.869121,2025-04-10 10:41:35.180324,0 days 00:01:09.311203,0.6037026582689652,0.5022006778499439,2,0.03193211049448838,0.039055298551723676,0.0693325535680174,0.08622072602858898,0.06053979892783757,0.026720240136780895,0.0040169545311412235,15,147,0.0012764688384558206,0.09534935182822105,False,False,False,1.0600079187130416e-08,COMPLETE
1498,0.45733093023300175,2025-04-10 10:41:35.663266,2025-04-10 10:42:41.691756,0 days 00:01:06.028490,0.597788068534133,0.5062755980169035,2,0.02926333826934367,0.038493105400452365,0.06807661360256789,0.08641875736452857,0.060515335371654586,0.023503917339358454,0.003776850886092192,14,145,0.0010771844495567715,0.09160672598431997,False,False,False,1.252341300966959e-08,COMPLETE
1499,0.6131845474243165,2025-04-10 10:42:42.172683,2025-04-10 10:43:51.973053,0 days 00:01:09.800370,0.6033398847344001,0.5160959442012741,2,0.015143174500132988,0.03444518152011174,0.06866912446730766,0.08523293773448205,0.06093099056260068,0.01847102273733121,0.00310349027538154,15,146,0.0011416009195838125,0.09543347938779627,False,False,False,1.5746613059205156e-08,COMPLETE
1500,0.3569223165512085,2025-04-10 10:43:52.474155,2025-04-10 10:45:01.764956,0 days 00:01:09.290801,0.6111977154198485,0.5178780335684053,2,0.002743541765566569,0.1652319092155404,0.06820605870069935,0.08231724973031072,0.060973933883236985,0.01803135898851245,0.00371685192352396,15,147,0.002147678289822367,0.08891862600553274,False,False,False,1.0972981051483636e-08,COMPLETE
1501,0.40820783376693726,2025-04-10 10:45:02.250783,2025-04-10 10:46:08.012413,0 days 00:01:05.761630,0.5992454421582595,0.5035042230696265,2,0.017085352992415426,0.0406832324761867,0.07027827274233624,0.08318816256735898,0.05931361185948728,0.020993266394003767,0.003359402847783768,14,146,0.00139061509972749,0.09407232347376306,False,False,False,1.880788150295456e-08,COMPLETE
1502,0.49171621799468995,2025-04-10 10:46:08.494533,2025-04-10 10:47:21.119605,0 days 00:01:12.625072,0.5990009778090392,0.5029732729682937,2,0.008759970081528963,0.03400499527837597,0.0676914615818708,0.08599844840076525,0.0603278409653187,0.02047160472598344,0.0034887875185906675,16,146,0.0011890611237665143,0.09654314975073079,False,False,False,1.0276036990937559e-08,COMPLETE
1503,0.4758949160575867,2025-04-10 10:47:21.596752,2025-04-10 10:48:36.085156,0 days 00:01:14.488404,0.6093648160306995,0.5040385125976811,2,0.01545010315472059,0.04104434348072835,0.06887748069702705,0.08414981626515648,0.05895932827966763,0.02299611512272774,0.0030032540213275937,16,142,0.0025533107141409426,0.09522444906898264,True,False,False,1.5693282610487073e-08,COMPLETE
1504,0.4794113397598267,2025-04-10 10:48:36.587210,2025-04-10 10:49:36.937424,0 days 00:01:00.350214,0.5912390899673674,0.5068131161985526,2,0.02579975087917641,0.03386630216957785,0.06927694347088009,0.08059452066841992,0.06303971339413499,0.019976415362525177,0.0039304992014947,15,147,0.0024437498193480645,0.10518284202906712,False,True,False,1.3059504871094668e-08,COMPLETE
1505,0.3486106157302856,2025-04-10 10:49:37.424454,2025-04-10 10:50:46.840831,0 days 00:01:09.416377,0.589695498055651,0.5188653613141805,2,0.018964080755321945,0.2765632178411095,0.07073136228513895,0.08405349863160383,0.06137245422985796,0.019418648303018583,0.002679516529093483,15,147,0.0019618543235727292,0.09850040107846689,False,False,False,1.558472322217145e-08,COMPLETE
1506,0.5211723566055297,2025-04-10 10:50:47.324015,2025-04-10 10:51:54.320160,0 days 00:01:06.996145,0.5983385021415958,0.5115762420142547,2,0.018632141271982015,0.0338702958172539,0.06795622661564305,0.08678567475619484,0.0602191350274128,0.01888514698231501,0.0029593150194791437,14,145,0.0011252491733480098,0.1003063731180667,False,False,False,1.207541658907381e-08,COMPLETE
1507,0.44721467494964606,2025-04-10 10:51:54.820268,2025-04-10 10:53:01.790761,0 days 00:01:06.970493,0.6008361381038827,0.5282176542585026,2,0.032435573634627006,0.04186299164447325,0.07007471438750795,0.0851307587251285,0.06145904973623159,0.023532057306437613,0.0036760211678530733,14,141,0.0011258945725977545,0.09626353999440392,False,False,False,2.0744195909253155e-08,COMPLETE
1508,0.6050274848937989,2025-04-10 10:53:02.274118,2025-04-10 10:54:11.539482,0 days 00:01:09.265364,0.5779681052199953,0.5105787914295438,2,0.01367214519520711,0.033215575387883736,0.06761103878097657,0.08440263501846054,0.05842887225564643,0.01976979662074122,0.003047273744812906,15,145,0.0011168818474515067,0.08967210867107833,False,False,False,1.6233216359982756e-08,COMPLETE
1509,0.4051632046699524,2025-04-10 10:54:12.025928,2025-04-10 10:55:24.048697,0 days 00:01:12.022769,0.6104771991140051,0.5054417729684775,2,0.0042387537237475875,0.04042524854781293,0.07028352101816154,0.08639863412126302,0.057021434072796646,0.020869543579947167,0.0037793144109604126,16,149,0.0010746849009209427,0.09968982435129942,False,False,False,1.46019396545806e-08,COMPLETE
1510,0.38921627998352054,2025-04-10 10:55:24.526143,2025-04-10 10:56:34.795513,0 days 00:01:10.269370,0.6056750313419403,0.5055508620350962,2,0.014254503573007043,0.04219444036752088,0.06701702334622035,0.08054712844045367,0.058692108276115276,0.023066863756122352,0.002893592930114675,15,144,0.0010882970418549587,0.1020771624395185,False,False,False,1.0483344633856859e-08,COMPLETE
1511,0.4630946159362793,2025-04-10 10:56:35.298936,2025-04-10 10:57:47.581475,0 days 00:01:12.282539,0.5991282509214363,0.5086642673586078,2,0.004530859261292576,0.035117809785300526,0.06846202785240874,0.08562991463222526,0.058304307756135765,0.02214276936406063,0.004005200832867275,16,145,0.001025919160155308,0.09017638131441046,False,False,False,1.4387134577441182e-08,COMPLETE
1512,0.4428725123405457,2025-04-10 10:57:48.065656,2025-04-10 10:58:57.651188,0 days 00:01:09.585532,0.5835163723231261,0.5255637700886571,2,0.02705345197898682,0.03409860648574264,0.06757285104055186,0.08363122695255215,0.05802395975456889,0.019440768859866283,0.0030645857815653627,15,144,0.001109412647638977,0.1001594511515519,False,False,False,1.656774164811752e-08,COMPLETE
1513,0.46044311523437503,2025-04-10 10:58:58.134298,2025-04-10 10:59:59.400943,0 days 00:01:01.266645,0.5815155743774088,0.5202093849270549,2,0.022543574305557826,0.03444318184694927,0.07011424031478253,0.08456289290549171,0.06239299859986227,0.01887072683122016,0.003399883546791406,15,149,0.0011630497280404536,0.09012847166185882,False,False,True,1.722076086648256e-08,COMPLETE
1514,0.09717812091112137,2025-04-10 10:59:59.902315,2025-04-10 11:01:04.997333,0 days 00:01:05.095018,0.6082680377684766,0.5009416966504863,2,0.0002712881648277033,0.04237538321737009,0.0679893706367445,0.08375364439421779,0.06005537622325723,0.02479685617359006,0.0026785881297755887,14,143,0.0027030656214758423,0.08770098149934774,False,False,False,2.1431355151286804e-08,COMPLETE
1515,0.43150082826614383,2025-04-10 11:01:05.481731,2025-04-10 11:02:11.369433,0 days 00:01:05.887702,0.576078179890413,0.5348730936474385,2,0.015053856868878413,0.03450665437805227,0.07101123648365687,0.08722815854840275,0.05845216248252815,0.01851920935694091,0.002728950537935169,14,146,0.0029097429168710083,0.11515723258184608,False,False,False,1.1699996223316507e-08,COMPLETE
1516,0.3974511981010437,2025-04-10 11:02:11.861692,2025-04-10 11:03:21.439241,0 days 00:01:09.577549,0.5971473243308286,0.5169584604204072,2,0.011623298063203748,0.04124059474574528,0.06691511769064745,0.08236997068851336,0.05735765783088805,0.01753144165789458,0.0035620970395713165,15,144,0.0010181778613526727,0.10615720501590879,False,False,False,1.516024225245126e-08,COMPLETE
1517,0.623672604560852,2025-04-10 11:03:21.951871,2025-04-10 11:04:27.817713,0 days 00:01:05.865842,0.5772286787149331,0.5449613686142442,2,0.04165084241751975,0.03206952511032103,0.06929262370810553,0.08735593630040915,0.0598907262343566,0.024437423201310784,0.002999715894128683,14,147,0.002817559186324182,0.09395031124967275,False,False,False,2.2127029703186794e-08,COMPLETE
1518,0.5123001217842102,2025-04-10 11:04:28.312301,2025-04-10 11:05:38.605768,0 days 00:01:10.293467,0.6025282074156394,0.5251574653280909,2,0.03242216796638055,0.030360192529249586,0.07156208313870491,0.08490479630116539,0.06222393176046889,0.020804201657736575,0.0038529464371408746,15,149,0.0010863633668866607,0.11030142726823935,False,False,False,1.3219194965654237e-08,COMPLETE
1519,0.5076900720596313,2025-04-10 11:05:39.089059,2025-04-10 11:06:51.821854,0 days 00:01:12.732795,0.5819044280868283,0.498073542659936,2,0.03862380353175802,0.03171540947084474,0.07050849889982855,0.08060590738254114,0.05997420438147502,0.023748603609800713,0.0028533592077742945,16,149,0.002949700888111314,0.10380866402911468,False,False,False,1.7165032263920397e-08,COMPLETE
1520,0.41941577196121216,2025-04-10 11:06:52.306383,2025-04-10 11:08:08.531117,0 days 00:01:16.224734,0.6094230508238099,0.5358091089896716,2,0.04817849015425356,0.040248293133143126,0.06983946350685037,0.08507090304694072,0.06262730593812313,0.026112522948180183,0.003318438878515561,17,147,0.001079503233609834,0.09628303269990927,False,False,False,2.1318466473644524e-08,COMPLETE
1521,0.434523093700409,2025-04-10 11:08:09.039537,2025-04-10 11:09:16.124707,0 days 00:01:07.085170,0.582104981905254,0.5109581021986371,2,0.02795066245302325,0.03045023750000218,0.07118656764133639,0.08880590157129158,0.05767836262864617,0.021580249374560184,0.0030574763567621063,14,150,0.0031985112183209718,0.09117369107538513,True,False,False,2.1331238859848967e-08,COMPLETE
1522,0.4535969734191895,2025-04-10 11:09:16.615045,2025-04-10 11:10:26.514390,0 days 00:01:09.899345,0.5954222141054474,0.5332688753770506,2,0.036600475270401216,0.03753088468031017,0.06906777426845377,0.08272313669071864,0.06068167596816857,0.023637540294795218,0.0038310826158022906,15,146,0.003074758753581629,0.1032065813098072,False,False,False,1.4105171698374777e-08,COMPLETE
