number,value,datetime_start,datetime_complete,duration,params_alpha-eval,params_alpha-train,params_batch-size,params_eps-eval,params_eps-train,params_lambda-actions-eval,params_lambda-actions-train,params_lambda-frames-eval,params_lambda-frames-train,params_learning-rate,params_n-epochs,params_n-frames,params_radius-gw,params_rho,params_std-feats,params_ub-actions,params_ub-frames,params_weight-decay,state
225,0.5012067675590516,2025-04-09 18:13:15.511913,2025-04-09 18:13:37.966951,0 days 00:00:22.455038,0.6009174820598063,0.5064965190745242,8,0.030594886987445627,0.03920932964435449,0.044867922824360314,0.012167286879754317,0.09020978628485465,0.07069500640214711,0.007473441599959079,7,43,0.0073187035601828335,0.050894121451944864,False,False,False,2.3069664972949015e-07,COMPLETE
226,0.5069624423980713,2025-04-09 18:13:38.039438,2025-04-09 18:14:24.744380,0 days 00:00:46.704942,0.5732993755673738,0.442027377479403,2,0.265225748105729,0.016633878092234215,0.04277604880748073,0.014213681094835784,0.030404603766994966,0.06238930703536574,0.013587941362167281,8,39,0.005161849810979235,0.01867776581146293,False,False,False,1.3992214463431007e-07,COMPLETE
227,0.503313422203064,2025-04-09 18:14:24.825624,2025-04-09 18:14:49.299986,0 days 00:00:24.474362,0.3362574788864834,0.4069001044671277,8,0.2516617808420474,0.02204174984551699,0.050960026592269496,0.007810123459449233,0.06421130410006955,0.058145723157551774,0.010451334944885003,9,80,0.010621815962813636,0.035366060824753874,False,False,False,7.400719300745965e-08,COMPLETE
228,0.42019626498222357,2025-04-09 18:14:49.372286,2025-04-09 18:15:31.903378,0 days 00:00:42.531092,0.6161531634436971,0.46592834215694706,2,0.23818693646055675,0.04878434027648531,0.05347912972627539,0.011925014602480214,0.06787622877219425,0.06636930042740408,0.008358677073413024,7,46,0.007884039741889538,0.027036274574707423,False,False,False,1.1006524603634256e-07,COMPLETE
229,0.339251047372818,2025-04-09 18:15:31.975203,2025-04-09 18:16:06.131516,0 days 00:00:34.156313,0.5514874147660095,0.3846343188337039,8,0.27203788473367096,0.19266273634727166,0.04141656844398208,0.01825030486455262,0.06155478705260686,0.06423704609902434,0.017901219678816745,21,63,0.013045865170647236,0.007132442699406161,False,False,False,1.8377810967224165e-07,COMPLETE
230,0.4595904588699341,2025-04-09 18:16:06.204939,2025-04-09 18:16:42.638661,0 days 00:00:36.433722,0.4515571248646118,0.49752352967252955,2,0.25475067396395235,0.04179197880213924,0.061210776054812586,0.03022714107080085,0.09118588343237748,0.05957706064930671,0.012121325246261952,5,50,0.004684666534627965,0.05296192709916524,False,False,False,5.7070728466319525e-08,COMPLETE
231,0.5480356216430664,2025-04-09 18:16:42.711997,2025-04-09 18:17:04.530685,0 days 00:00:21.818688,0.5673564121493666,0.43980106553231524,8,0.24625700419183635,0.03573547089843273,0.04389513538523205,0.01793196484532161,0.09453315790402007,0.061727323713878214,0.009211962020761511,6,37,0.006380614073941334,0.03983112150721481,False,False,False,4.3768753186019175e-07,COMPLETE
232,0.5174983859062195,2025-04-09 18:17:04.603474,2025-04-09 18:17:26.804277,0 days 00:00:22.200803,0.5888178736249796,0.4184733276329766,8,0.24255357011276496,0.034237191677217546,0.04461981173279283,0.016894280740216032,0.09541112707564904,0.06136602405722119,0.010385926851379908,6,36,0.006218750285929828,0.04248410926092676,False,False,False,3.197344969085813e-07,COMPLETE
233,0.4814059376716614,2025-04-09 18:17:26.886755,2025-04-09 18:17:49.410188,0 days 00:00:22.523433,0.5736494396837759,0.45015947900536907,8,0.25692293011766143,0.02752762115936909,0.046052161695357384,0.015295325951416163,0.09837106978785007,0.05895194493699764,0.008061198393946695,7,38,0.009196892601563698,0.03639727568272754,False,False,False,4.3143466215353654e-07,COMPLETE
234,0.38001676797866824,2025-04-09 18:17:49.484627,2025-04-09 18:18:11.088754,0 days 00:00:21.604127,0.5295707335024078,0.4732268946605279,8,0.24452645987546887,0.0425866858723327,0.043868865715390705,0.07676886599108369,0.09180356791698296,0.06304166776675921,0.013584933316199636,6,42,0.002908409526071348,0.045782166700496105,False,False,False,4.7100521735492226e-07,COMPLETE
235,0.5881016969680787,2025-04-09 18:18:11.163749,2025-04-09 18:18:35.271798,0 days 00:00:24.108049,0.39227521743271676,0.4390228872465553,8,0.2628442964878399,0.03386333148341961,0.048215771889303094,0.018895385669392133,0.0882891164018062,0.05557001534060529,0.009681632151681973,8,67,0.001221034940621893,0.0319067307028514,False,False,False,2.7372573212406987e-07,COMPLETE
236,0.4937978506088257,2025-04-09 18:18:35.348688,2025-04-09 18:18:59.637688,0 days 00:00:24.289000,0.39900682684751304,0.41972415604281665,8,0.23739589564315808,0.030316638292212105,0.049241121852065264,0.01722059749475513,0.08757506171910623,0.05138313618953215,0.006526319817667518,9,69,0.0012657108810581255,0.02574131272690289,False,False,False,2.501417858400186e-07,COMPLETE
237,0.5476499438285828,2025-04-09 18:18:59.712000,2025-04-09 18:19:46.496851,0 days 00:00:46.784851,0.3871667926412798,0.43443192688596155,2,0.2514004471028045,0.03490602970534737,0.04812915210068407,0.023230126596246733,0.08899949210652189,0.05641802905605253,0.011453823756379012,8,66,0.00263113866705452,0.03222803175866839,False,False,False,2.0005828837687425e-07,COMPLETE
238,0.5252746105194092,2025-04-09 18:19:46.572177,2025-04-09 18:20:32.325172,0 days 00:00:45.752995,0.38346871586563164,0.39509956382199807,2,0.2501505140674138,0.022431335472933755,0.04769778909673232,0.0256069172055388,0.0856880353001711,0.05504340057037844,0.01473391489550111,8,65,0.010934391188808719,0.03143102869613059,False,False,False,1.5297550020721215e-07,COMPLETE
239,0.5033312797546386,2025-04-09 18:20:32.411550,2025-04-09 18:21:15.444153,0 days 00:00:43.032603,0.38818941443801835,0.4383149078775427,2,0.2541105306255206,0.03237794071362263,0.050687908487277396,0.02318891930307982,0.05897079665938714,0.05479159325631135,0.004560700901579593,7,69,0.0010866320745006133,0.02219617222010767,True,False,False,1.781421033500461e-07,COMPLETE
240,0.09821893870830536,2025-04-09 18:21:15.523806,2025-04-09 18:21:55.449003,0 days 00:00:39.925197,0.35358209268096313,0.42940553368707474,2,0.26391394211129604,0.21711871010774197,0.055404677104398635,0.019577510796459356,0.08395261498714458,0.056797566892168326,0.011769009075453562,8,61,0.008404800780938223,0.01650668003005594,False,True,False,2.047279667883768e-07,COMPLETE
241,0.4047634720802307,2025-04-09 18:21:55.523825,2025-04-09 18:22:41.676641,0 days 00:00:46.152816,0.4170371725257887,0.46944981528966245,2,0.24342890360470887,0.03649171509131281,0.047062089367194256,0.018613620251000107,0.08856281643169242,0.05333496867108581,0.010186197371703612,8,72,0.003311489952116293,0.031930423299636135,False,False,False,2.413795368542255e-07,COMPLETE
242,0.37568756341934206,2025-04-09 18:22:41.752828,2025-04-09 18:23:31.916408,0 days 00:00:50.163580,0.3789601565227135,0.4841789622170911,2,0.25825200061584047,0.04475268586883106,0.09201206258452606,0.035618061697716225,0.08971417658602794,0.05878409341557122,0.009067118605909079,9,67,0.004670679935254018,0.03825060717954463,False,False,False,3.06594648007236e-07,COMPLETE
243,0.48025403022766117,2025-04-09 18:23:31.992369,2025-04-09 18:23:54.442806,0 days 00:00:22.450437,0.6328968546085381,0.4497872937954627,8,0.2737373213068376,0.026191494197379178,0.048140070006252415,0.06258001947814776,0.08884957817434572,0.05672950390753929,0.011760972636139143,7,64,0.006764276737114161,0.036502709756508836,False,False,False,1.4107783964632648e-05,COMPLETE
244,0.5012717843055725,2025-04-09 18:23:54.521320,2025-04-09 18:24:40.355968,0 days 00:00:45.834648,0.4112115268688766,0.20402832909169283,2,0.09700465661306804,0.035514712767806364,0.05824372224245746,0.05021422895935268,0.08666252874569474,0.06026573554808074,0.015385931551168613,8,58,0.002723770517300137,0.025438385380362305,False,False,False,9.12810227019818e-08,COMPLETE
245,0.41415109634399416,2025-04-09 18:24:40.441786,2025-04-09 18:25:33.776775,0 days 00:00:53.334989,0.3660866992029792,0.41726777531877357,2,0.25167822845480475,0.04910135265402647,0.045786441811324116,0.021228303705738236,0.0946953197573154,0.05719331965420971,0.007541140751119531,10,74,0.007179743324585366,0.042442724087814965,False,False,False,1.2126467330386261e-07,COMPLETE
246,0.5101402521133424,2025-04-09 18:25:33.856051,2025-04-09 18:25:57.830684,0 days 00:00:23.974633,0.31525721296238174,0.5211327883429068,8,0.04650997280962291,0.040273502439543835,0.09565826068678134,0.032023475054277536,0.09136419403031916,0.03322537955211098,0.00996030240092022,8,67,0.004944116476794831,0.030808487734790495,False,False,False,3.766485376137134e-07,COMPLETE
247,0.5110601425170899,2025-04-09 18:25:57.908150,2025-04-09 18:27:30.511250,0 days 00:01:32.603100,0.5955370217614496,0.437667112598853,2,0.26915319467595555,0.03247244391949082,0.0531563558295668,0.023876805128186237,0.06427226222322273,0.03554099958588607,0.012284818685199008,23,46,0.010698601038313951,0.01755871384107631,False,False,False,2.6369359048459994e-08,COMPLETE
248,0.30402804613113404,2025-04-09 18:27:30.588954,2025-04-09 18:27:51.389635,0 days 00:00:20.800681,0.624390944562337,0.46883734015977135,8,0.24833511868237532,0.04445418338335284,0.04325396882680777,0.09654665590984879,0.08776070607517336,0.05421698515407456,0.008421492801539903,5,71,0.0033695886661789134,0.0373946045066947,False,False,False,0.0003491517144295461,COMPLETE
249,0.271454668045044,2025-04-09 18:27:51.468807,2025-04-09 18:28:33.890583,0 days 00:00:42.421776,0.6003203598899718,0.4929313547063521,2,0.2606668515026223,0.05404270694287022,0.0489709704585474,0.01676421381738736,0.06610280654207279,0.06575150239074026,0.01652553572850446,7,41,0.014809280786811877,0.024299081993988773,False,False,False,7.719222780897335e-08,COMPLETE
250,0.5055616497993469,2025-04-09 18:28:33.970203,2025-04-09 18:28:57.069970,0 days 00:00:23.099767,0.4367034613886085,0.3997632341959303,8,0.2346877652260069,0.02705120414677986,0.021167586786212,0.020140474302614973,0.09043011193383876,0.061230566311412105,0.01332404683714128,7,76,0.0010506095764864145,0.012303863326288685,False,False,False,2.8543237605650925e-07,COMPLETE
251,0.49245845079422,2025-04-09 18:28:57.159734,2025-04-09 18:29:43.080974,0 days 00:00:45.921240,0.5715406701892786,0.44800892042083007,2,0.2821599618520746,0.036539454752362484,0.0634832756324762,0.01826436241504095,0.0934715589984163,0.05814137805181449,0.010480222308012276,8,60,0.009104055591690136,0.0320131606175728,False,False,False,1.4548581216777946e-07,COMPLETE
252,0.5674115896224976,2025-04-09 18:29:43.160476,2025-04-09 18:30:07.288167,0 days 00:00:24.127691,0.3407939030472192,0.4616068233791289,8,0.243110583206679,0.040744316796202794,0.04064656157766551,0.010675950493619444,0.08363699436945102,0.05102108264172886,0.006318540868019033,9,44,0.006447648293802264,0.041843947635831685,False,False,False,0.0002562833170050204,COMPLETE
253,0.4681205034255982,2025-04-09 18:30:07.368134,2025-04-09 18:30:57.055295,0 days 00:00:49.687161,0.3423260543054081,0.4205063557930801,2,0.2423546598459072,0.05132144536218848,0.05995203244722434,0.014038593038749374,0.0827376623814536,0.05548258093223434,0.00636476681462944,9,129,0.011984648994859497,0.044960811295934607,False,False,False,0.00020046733606125425,COMPLETE
254,0.08812826871871948,2025-04-09 18:30:57.134431,2025-04-09 18:31:15.862432,0 days 00:00:18.728001,0.3240111435931811,0.3785256884079249,8,0.23877555970041278,0.04376190083222021,0.06728444822182764,0.0977412169275061,0.08514242611011778,0.05273072610576589,0.005281396347943992,5,45,0.007520428083019005,0.05761373722592164,False,False,True,0.00021532650832022668,COMPLETE
255,0.5088431239128113,2025-04-09 18:31:15.942928,2025-04-09 18:31:55.274490,0 days 00:00:39.331562,0.3747855407534729,0.46192502145886705,2,0.24688024826838606,0.027964599818024294,0.04041194155114501,0.026926282557760067,0.0693335327620115,0.04881269675575811,0.008209626968731412,6,44,0.006080439235308009,0.041727205462148795,False,False,False,1.021069785953365e-07,COMPLETE
256,0.4551369905471802,2025-04-09 18:31:55.354905,2025-04-09 18:32:34.539789,0 days 00:00:39.184884,0.36230890458096127,0.43504500648391203,2,0.25595956035034206,0.01940081173984911,0.05617005384104021,0.01581317622635642,0.0614827052399477,0.05063751513512928,0.0069749217427532905,6,49,0.009798068810838629,0.04717935060445977,False,False,False,0.00027708895783964515,COMPLETE
257,0.5081507563591003,2025-04-09 18:32:34.630160,2025-04-09 18:32:59.854752,0 days 00:00:25.224592,0.3986509605226033,0.40151889887155323,8,0.250847687531119,0.03381618563588042,0.09064838328636098,0.09403451814774613,0.08560938997626147,0.0507188015510898,0.0036130894798242956,10,40,0.01271541397576616,0.007360062166767423,False,False,False,0.00030776855500710417,COMPLETE
258,0.47083101272583006,2025-04-09 18:32:59.935634,2025-04-09 18:33:42.636709,0 days 00:00:42.701075,0.6583059401987638,0.4519069311817729,2,0.23362425097015857,0.041111809082166675,0.040169424527562184,0.03579405867891173,0.0803726768309465,0.06017776329069504,0.008967493846757678,7,42,0.00821346733004643,0.028682440493278553,False,False,False,4.8706604705128346e-08,COMPLETE
259,0.5055243968963623,2025-04-09 18:33:42.717781,2025-04-09 18:34:03.565848,0 days 00:00:20.848067,0.3017867616285021,0.10559936820794935,8,0.2670784759199769,0.011519773556120008,0.05180664974765598,0.022946577115577967,0.09191607567726542,0.06343895594260254,0.02072820276933032,5,65,0.005173603747507346,0.022863112505511998,False,False,False,1.3243294853589983e-07,COMPLETE
260,0.3304118514060974,2025-04-09 18:34:03.648877,2025-04-09 18:34:53.009474,0 days 00:00:49.360597,0.3295665930727,0.5140417074355743,2,0.2436114181732681,0.04886125927040234,0.09410580828697247,0.018382111279063397,0.08751638264518309,0.05827092619650458,0.012262620631531747,9,38,0.00696260631075043,0.051582751708942956,False,False,False,0.00017215878863060296,COMPLETE
261,0.5120370268821717,2025-04-09 18:34:53.090994,2025-04-09 18:35:15.499606,0 days 00:00:22.408612,0.6096890039225076,0.03770793174197708,8,0.25744677537565436,0.02971150709827408,0.0035008878483445832,0.03292681062058918,0.08357609625010019,0.06156373560217637,0.009309096458831663,7,47,0.0105198236286998,0.03887672339435887,False,False,False,6.132762842329106e-08,COMPLETE
262,0.4581398606300354,2025-04-09 18:35:15.581907,2025-04-09 18:35:56.051054,0 days 00:00:40.469147,0.5841393297235976,0.4299347981106285,2,0.2791043119561402,0.05661992201582663,0.045264709455521177,0.03881153106360348,0.01711630960755637,0.055905243279330614,0.005835992044835657,6,68,0.004647931887259385,0.016759247660531065,True,False,False,1.9382652532874205e-08,COMPLETE
263,0.5046929836273194,2025-04-09 18:35:56.142188,2025-04-09 18:36:19.743566,0 days 00:00:23.601378,0.6297939170606973,0.35513641317322525,8,0.2617581785184693,0.03715135536474534,0.05840301717409991,0.08029871646687659,0.05717669721950611,0.06420737437120215,0.00018243180925828364,8,62,0.008931890133143341,0.031927839605295986,False,False,False,1.9992223823190796e-07,COMPLETE
264,0.11980729401111603,2025-04-09 18:36:19.826184,2025-04-09 18:37:18.604485,0 days 00:00:58.778301,0.6067599826492135,0.490161647256537,2,0.2746284475789956,0.12629713573901089,0.061992210620127434,0.04084907839263251,0.06284249290650869,0.05945581954653285,0.015327610000191168,15,35,0.014122213074654437,0.04385307831448368,False,True,False,7.752503959573641e-08,COMPLETE
265,0.42831181883811953,2025-04-09 18:37:18.687225,2025-04-09 18:37:44.979653,0 days 00:00:26.292428,0.34377305838166067,0.4726786497417559,8,0.24844910731728415,0.04566387480267057,0.04146005283285924,0.09979295702282678,0.09666855940308379,0.053250284601513445,0.007520950000550899,12,31,0.0064990248284541524,0.020895354530620483,False,False,False,0.00026174139501839073,COMPLETE
266,0.5119827151298524,2025-04-09 18:37:45.063862,2025-04-09 18:39:05.799415,0 days 00:01:20.735553,0.4256881262315114,0.4610720414720853,2,0.2386689693632012,0.023239789449419408,0.05040053140417222,0.009701646605516904,0.06762678070586652,0.03037634609519265,0.011825996988313709,19,43,0.010842815424800506,0.050755576631130554,False,False,False,1.7087114608098032e-07,COMPLETE
267,0.4819119215011597,2025-04-09 18:39:05.882151,2025-04-09 18:39:27.564159,0 days 00:00:21.682008,0.4606236990459132,0.41595476644419993,8,0.2681528890935165,0.03156742977313612,0.04689462862708784,0.012774462626056693,0.09405950978013781,0.06569451450805176,0.0026320710737771998,6,57,0.008816127488622878,0.011687052464056678,False,False,False,1.0736661847965131e-07,COMPLETE
268,0.4413657069206238,2025-04-09 18:39:27.658916,2025-04-09 18:40:10.891057,0 days 00:00:43.232141,0.4960893014690023,0.3902629852134304,2,0.25501337538296515,0.040731862661003024,0.06591183088546222,0.02183082435968987,0.06494332191636781,0.05681896378410865,0.013769349215152576,7,53,0.004485956344483458,0.03949473922613233,False,False,False,0.00036957522354085843,COMPLETE
269,0.4977896213531494,2025-04-09 18:40:10.976349,2025-04-09 18:40:38.247791,0 days 00:00:27.271442,0.5855309768386645,0.0805866199632007,8,0.23206728917529576,0.03503321065834886,0.039078161492804374,0.0710895592778967,0.08877936810574942,0.0625424910807306,0.009777441101437228,13,39,0.03740254267732908,0.027050099501542444,False,False,False,3.990267198373394e-08,COMPLETE
270,0.3363502502441406,2025-04-09 18:40:38.332136,2025-04-09 18:41:15.376623,0 days 00:00:37.044487,0.2860438227777208,0.5385323924207647,2,0.2463743789813963,0.04906991112203604,0.05319001323930857,0.01633030669523302,0.09127423678204935,0.05937356595664947,0.008032741697214305,5,72,0.012409579711408767,0.034636248451881665,False,False,False,2.2845867119025667e-07,COMPLETE
271,0.495276415348053,2025-04-09 18:41:15.462164,2025-04-09 18:42:04.535583,0 days 00:00:49.073419,0.5431587051648301,0.011882533919210209,2,0.28709302184361135,0.01619512833947302,0.04409331397700842,0.014945564365332798,0.08635566043665215,0.032029548519795274,0.01749968094453074,9,47,0.006175705801884716,0.05684402064688718,False,False,False,1.4544813821153766e-07,COMPLETE
272,0.08813204020261764,2025-04-09 18:42:04.620971,2025-04-09 18:42:24.185314,0 days 00:00:19.564343,0.647269724989345,0.4413469912767372,8,0.2632022123492046,0.0257117988938679,0.055078061594999145,0.018879919062646123,0.09405559606171783,0.05170698628236819,0.0110653895230635,6,69,0.007716375924332417,0.16701441831687158,False,False,True,9.42156720071929e-08,COMPLETE
273,0.3724615097045899,2025-04-09 18:42:24.280812,2025-04-09 18:42:44.081226,0 days 00:00:19.800414,0.38750096973042963,0.40658064237471364,16,0.2522408491361035,0.11256662469879555,0.049670051561245314,0.030651934037201997,0.05980720202761145,0.060947863250915744,0.006557885498089129,7,41,0.003434133098408565,0.04669605647281241,False,False,False,5.955970628697202e-07,COMPLETE
274,0.3695390820503235,2025-04-09 18:42:44.167453,2025-04-09 18:43:30.680442,0 days 00:00:46.512989,0.010399875957393612,0.14660065630501656,2,0.2720234340769745,0.13857590091885608,0.06091848073882174,0.020197012665262096,0.089072289807163,0.054872521473719064,0.008959990769423607,8,36,0.01620030877608379,0.21197135706723316,False,False,False,7.028259801166562e-08,COMPLETE
275,0.35287527441978456,2025-04-09 18:43:30.766833,2025-04-09 18:43:53.491559,0 days 00:00:22.724726,0.6183722008160868,0.4564873587486425,8,0.24195632926954166,0.041485206763399035,0.042222053341439955,0.012725428359129497,0.07331121541617588,0.06814026018532368,0.013246879507356427,7,66,0.009735184830592391,0.004846411206669671,False,False,False,4.008116621323542e-07,COMPLETE
276,0.5448378562927246,2025-04-09 18:43:53.578568,2025-04-09 18:44:45.597217,0 days 00:00:52.018649,0.672605459571811,0.5024918049218388,2,0.2549415963281442,0.03269762531667039,0.0894383488496292,0.03447568172054303,0.09224991884317818,0.06395838584951918,0.010943365037084861,10,51,0.00529098119300939,0.03205225610334483,False,False,False,2.9615258106342227e-08,COMPLETE
277,0.30885221362113957,2025-04-09 18:44:45.683964,2025-04-09 18:45:06.495789,0 days 00:00:20.811825,0.5791409979043057,0.42987759818489196,8,0.2625775198010691,0.05540504659830632,0.057794993043733464,0.0955825994538353,0.08466858751827475,0.05816208267653157,0.014967574316742206,5,44,0.007973668459342225,0.040131140347797245,False,False,False,1.1383972980281088e-07,COMPLETE
278,0.31026444435119627,2025-04-09 18:45:06.593974,2025-04-09 18:45:46.414836,0 days 00:00:39.820862,0.3564202077585032,0.6729206580878838,2,0.24522168148430093,0.04463177658684459,0.0701927730329121,0.016691396293853963,0.07049411581816795,0.0343891627278202,7.959991397497491e-05,6,63,0.011978531455915802,0.020499665488077155,False,False,False,1.928822308612151e-07,COMPLETE
279,0.4876431703567505,2025-04-09 18:45:46.501560,2025-04-09 18:46:06.359959,0 days 00:00:19.858399,0.5609235612605884,0.48346310949609544,16,0.25979807195355187,0.035170627459537133,0.04539948855640365,0.014331270396854617,0.09035881842755354,0.06160717485074429,0.00030258002750151966,8,75,0.003190244154890431,0.2754901105633268,False,False,False,0.00044690819749994927,COMPLETE
280,0.4963467597961426,2025-04-09 18:46:06.448303,2025-04-09 18:46:28.480798,0 days 00:00:22.032495,0.5197224002411233,0.16870160736525674,8,0.2692983982454116,0.024487117485646373,0.04865701636658831,0.043563410069223485,0.0665242478341348,0.06622662396838974,0.007549886556093907,6,29,0.006636482819134942,0.062405802755769416,False,False,False,4.0706492968891124e-05,COMPLETE
281,0.5022414922714233,2025-04-09 18:46:28.568312,2025-04-09 18:47:18.349522,0 days 00:00:49.781210,0.5974377209249866,0.4631947153445277,2,0.2368969787979729,0.03901913147395914,0.042626108472812146,0.010852376845209923,0.09589030791910054,0.05666849941448969,0.022954141372510166,9,39,0.010186623421743507,0.02748135109641496,True,False,False,3.3848308051336507e-07,COMPLETE
