number,value,datetime_start,datetime_complete,duration,params_alpha-eval,params_alpha-train,params_batch-size,params_eps-eval,params_eps-train,params_lambda-actions-eval,params_lambda-actions-train,params_lambda-frames-eval,params_lambda-frames-train,params_learning-rate,params_n-epochs,params_n-frames,params_radius-gw,params_rho,params_std-feats,params_ub-actions,params_ub-frames,params_weight-decay,state
1289,0.48418648242950446,2025-04-17 12:10:39.764786,2025-04-17 12:11:06.591508,0 days 00:00:26.826722,0.1281908198531136,0.6401577599035598,16,0.2602678174900939,0.19938222161675567,0.08097800122126665,0.004699400444560143,0.022464536921045112,0.09832232284886844,3.0015634165877146e-05,23,96,0.011328660155495898,0.06073760199901358,False,False,False,2.1204729633852307e-06,COMPLETE
1290,0.4907938003540039,2025-04-17 12:11:07.008145,2025-04-17 12:11:30.671944,0 days 00:00:23.663799,0.05292206219631563,0.693514953437233,16,0.2792764870535585,0.26073475445739364,0.09829435137083783,0.009533249122240229,0.018232417579714447,0.0911927123421989,1.928716646845958e-05,16,73,0.021335535392724266,0.04391560849495141,False,False,False,8.972458683937859e-06,COMPLETE
1291,0.5036270976066589,2025-04-17 12:11:31.085034,2025-04-17 12:11:56.963856,0 days 00:00:25.878822,0.20246776725342813,0.7377716408573382,16,0.2292470630408491,0.18976648797207088,0.08555893026597251,0.01265587744517705,0.06348343741440293,0.07907923426975011,4.573925252440878e-05,22,58,0.018438823093390705,0.1401152779204839,False,False,False,1.3296286461680466e-06,COMPLETE
1292,0.5021519541740418,2025-04-17 12:11:57.375163,2025-04-17 12:12:24.509007,0 days 00:00:27.133844,0.14340522327664318,0.6634968049295664,16,0.2703241517901475,0.17811486848723346,0.0949003615395251,0.039121461408062254,0.015516537536455285,0.040339000130455355,2.635489020500065e-05,24,68,0.025459812136141534,0.06460058008628274,False,False,False,5.585774895725232e-06,COMPLETE
1293,0.4962348937988281,2025-04-17 12:12:24.925566,2025-04-17 12:12:50.684300,0 days 00:00:25.758734,0.1846723572866506,0.5951868656493711,16,0.24528024682818653,0.2098232175575839,0.09221285449558636,0.0073085711878160655,0.00884345499433681,0.031756989857247564,3.266297285881042e-05,21,63,0.02017810326873761,0.08560900986942599,False,False,False,3.929513659998676e-06,COMPLETE
1294,0.4942055225372315,2025-04-17 12:12:51.100072,2025-04-17 12:13:15.449454,0 days 00:00:24.349382,0.2798319364272837,0.708826059890531,16,0.2568403533274128,0.282001805901558,0.08208548591094683,0.0595718651896056,0.029007296189247214,0.09544123516717914,2.1803548917502572e-05,17,87,0.031654689795339065,0.052125509382909,False,False,False,2.9608453487731643e-06,COMPLETE
1295,0.5351184129714965,2025-04-17 12:13:15.865022,2025-04-17 12:13:43.711982,0 days 00:00:27.846960,0.08460133101517986,0.7710603881871633,16,0.2398420116980965,0.1703814169307122,0.09019169283419681,0.010259423551611836,0.025235506356581852,0.08144944435436062,1.6143114322522428e-05,26,60,0.02316092276656108,0.07905136925970452,False,False,False,1.2363902476818133e-05,COMPLETE
1296,0.5185409307479859,2025-04-17 12:13:44.148928,2025-04-17 12:14:12.722173,0 days 00:00:28.573245,0.10817338913490643,0.685502226420517,16,0.0691255378767975,0.2542247788249375,0.08444228641847268,0.0010716025339321473,0.020642506141216398,0.0934056254762039,3.663803533962678e-05,28,70,0.016958567574618548,0.05693336801441917,False,False,False,7.84897892651839e-06,COMPLETE
1297,0.47699640989303593,2025-04-17 12:14:13.144769,2025-04-17 12:14:40.689174,0 days 00:00:27.544405,0.16844270242427256,0.6245305231343009,16,0.2648831049701411,0.12496077858564095,0.08701304501799556,0.004935367568424855,0.011262673336782781,0.036983806251063595,5.001256221764185e-05,25,66,0.021718003612351548,0.037848816413648796,False,False,False,4.738469451951448e-06,COMPLETE
1298,0.5383580803871155,2025-04-17 12:14:41.108200,2025-04-17 12:15:07.654715,0 days 00:00:26.546515,0.20396073834267256,0.7229046238560176,16,0.25183065270786187,0.2032700291236469,0.0983277024680647,0.008209152317257003,0.023044602090816785,0.09998065036305778,2.4609408636364612e-05,23,75,0.026794908311423494,0.06901496553155723,False,False,False,4.845079489699902e-06,COMPLETE
1299,0.49597412347793585,2025-04-17 12:15:08.076218,2025-04-17 12:15:31.253323,0 days 00:00:23.177105,0.0105077276013094,0.6522047032795316,16,0.2338857581678783,0.18627074567942792,0.09504626193596613,0.016773974805394817,0.017860404323098766,0.09813478987169168,8.361235661551674e-05,15,56,0.02469570931835863,0.09031762871858176,False,False,False,6.658521156209841e-06,COMPLETE
1300,0.536153519153595,2025-04-17 12:15:31.670395,2025-04-17 12:15:58.672761,0 days 00:00:27.002366,0.14861320062758868,0.49283805079275717,16,0.22544325772663107,0.19519703127114196,0.09302824661839275,0.011452542017572918,0.013848888585058287,0.08849937201290203,3.004689370267161e-05,23,61,0.019294236074988206,0.04774835608925094,False,False,False,3.7727452864709444e-06,COMPLETE
1301,0.10332255065441132,2025-04-17 12:15:59.092630,2025-04-17 12:16:24.451671,0 days 00:00:25.359041,0.2222868146692735,0.7455040835636474,16,0.2430253258034587,0.2684531583877319,0.08930098408984358,0.006721370124683371,0.01965473768583862,0.09548608289307714,1.8739756491729574e-05,27,71,0.029659380198206423,0.06258818124144441,False,False,True,2.559602948140847e-06,COMPLETE
1302,0.33582481145858767,2025-04-17 12:16:24.866013,2025-04-17 12:16:49.967435,0 days 00:00:25.101422,0.1213880853095404,0.6771051583023642,16,0.2741388540736277,0.21734344283849383,0.09680762656373292,0.044927659453650855,0.04496403709830309,0.09127358182134257,4.18500697232757e-05,19,64,0.014872931991611126,0.07342729603948339,False,False,False,1.0006934847758939e-07,COMPLETE
1303,0.5290390014648437,2025-04-17 12:16:50.382749,2025-04-17 12:17:16.159637,0 days 00:00:25.776888,0.24304988169085567,0.7019270784377211,16,0.26052900558309733,0.20113064601879327,0.08353551159118548,0.009082529088755802,0.026923285117108495,0.09747304240296163,2.172087523589941e-05,21,79,0.022087198883079383,0.10019514713051761,False,False,False,1.0535626681903885e-05,COMPLETE
1304,0.4945335745811463,2025-04-17 12:17:16.577434,2025-04-17 12:17:43.853516,0 days 00:00:27.276082,0.07289903090468618,0.7235390347062562,16,0.24960498605594622,0.1900599145935439,0.07969199464836142,0.0034564487447814175,0.0159097754007425,0.09349943291347433,2.7079545426469448e-05,24,67,0.023994172646918555,0.053353185768718975,False,False,False,6.181206633846016e-06,COMPLETE
1305,0.09818572103977204,2025-04-17 12:17:44.272300,2025-04-17 12:18:17.994496,0 days 00:00:33.722196,0.1819301599786422,0.6637063292991923,8,0.25498268641244926,0.1977707084682904,0.09139562796086477,0.014106633693790982,0.021744446475258403,0.09547787630506165,5.670447420541414e-05,25,59,0.017599493778999005,0.08366966761708372,True,True,False,3.1391141773671145e-06,COMPLETE
1306,0.5278537631034851,2025-04-17 12:18:18.432217,2025-04-17 12:18:46.188735,0 days 00:00:27.756518,0.1605408245419246,0.6359517012719192,16,0.2670103873916731,0.20799464267321324,0.08620011867059768,0.03427254338100714,0.02349557944237878,0.0967945104939643,3.726068394991189e-05,26,68,0.020673629030601368,0.012666564177551895,False,False,False,8.601438032287665e-06,COMPLETE
1307,0.31156111359596256,2025-04-17 12:18:46.613429,2025-04-17 12:19:12.240369,0 days 00:00:25.626940,0.1396870280623844,0.6034068969396932,16,0.23383394697005358,0.24244373654170678,0.09434410993749534,0.004941377684248794,0.01749190306672315,0.09211826099669239,1.46687923247864e-05,20,73,0.008998226897853689,0.04105461668388973,False,False,False,5.592231946216926e-06,COMPLETE
1308,0.5335932612419129,2025-04-17 12:19:12.664030,2025-04-17 12:19:39.454263,0 days 00:00:26.790233,0.20246361722270556,0.6877375702993973,16,0.2439496626109223,0.18237312749365892,0.08885239996735263,0.05294263934896694,0.005736666526705963,0.0985612620729475,1.7784404193310963e-05,24,48,0.026746733590635972,0.05827997961051553,False,False,False,3.603982282512016e-07,COMPLETE
1309,0.4992306828498841,2025-04-17 12:19:39.879164,2025-04-17 12:20:05.942817,0 days 00:00:26.063653,0.10019808564737498,0.5811646608464258,16,0.259417255563546,0.22899019980888083,0.0965266044439799,0.006532240903284225,0.0195119105257923,0.034076166269353045,3.229075148272723e-05,22,64,0.019319817687138616,0.0670687318782527,False,False,False,7.193655612249661e-06,COMPLETE
1310,0.49247680902481084,2025-04-17 12:20:06.366330,2025-04-17 12:21:46.038961,0 days 00:01:39.672631,0.1681335618016599,0.7438625799949191,2,0.14988943370239627,0.2734259708973169,0.07689818788757846,0.010959191982616598,0.03172931794518741,0.09418119237399203,2.19172426923772e-05,25,53,0.03508594484661853,0.190706835393796,False,False,False,4.292143775088509e-06,COMPLETE
1311,0.3289872407913208,2025-04-17 12:21:46.459462,2025-04-17 12:22:14.546044,0 days 00:00:28.086582,0.12328818962344493,0.4673396582803528,16,0.21700336522595243,0.26301026794007665,0.08262716130822054,0.028892031292724666,0.013320115242020964,0.08986666878109895,7.197280158393093e-05,26,62,0.012597762856412224,0.04594207485884233,False,False,False,4.26972059380809e-05,COMPLETE
1312,0.5073799133300781,2025-04-17 12:22:14.967951,2025-04-17 12:22:42.776133,0 days 00:00:27.808182,0.21859446689305312,0.6499085727487757,16,0.24803483596592082,0.2518823656603631,0.09215868735518817,0.0028941271040549945,0.02531603961464458,0.08430266316304236,4.6021772128900034e-05,25,84,0.022735906280427196,0.09236767367537067,False,False,False,1.3835620583929201e-05,COMPLETE
1313,0.4703084945678711,2025-04-17 12:22:43.198712,2025-04-17 12:23:10.381429,0 days 00:00:27.182717,0.18908850110887276,0.6223953435834502,16,0.23835580934543896,0.19351218512543025,0.09805873234650249,0.008676099952619865,0.020641878243629466,0.026665582462336364,1.037755697499851e-05,24,70,0.01662951108392499,0.07806323460088634,False,False,False,1.974785293458342e-06,COMPLETE
1314,0.3122643232345581,2025-04-17 12:23:10.805183,2025-04-17 12:23:36.966524,0 days 00:00:26.161341,0.15478750977502398,0.5397309427024963,16,0.228611082686249,0.21231514044646366,0.08727787822734016,0.012696130176763971,0.016130797924366745,0.07482885964941581,2.4389387559276212e-05,23,26,0.024886027413179797,0.028693414805468557,False,False,False,5.158906015128664e-06,COMPLETE
1315,0.5101643800735474,2025-04-17 12:23:37.406543,2025-04-17 12:24:03.122563,0 days 00:00:25.716020,0.12715739027077896,0.7049778108109472,16,0.25473761832348324,0.20392797097819165,0.09991080871230032,0.022584888014210207,0.01119855994514647,0.07746913729022717,2.8661971883383236e-05,21,57,0.02852035993730818,0.05145316976993561,False,False,False,6.15623543836823e-05,COMPLETE
1316,0.541289222240448,2025-04-17 12:24:03.549730,2025-04-17 12:24:31.987435,0 days 00:00:28.437705,0.17913345656672053,0.6750156737195661,16,0.2632441024835536,0.19667706266062168,0.060148610611210816,0.041965556664589336,0.018367911327948863,0.09701603932498314,3.646372725599147e-05,27,76,0.020608627679603204,0.05931871107699254,False,False,False,3.7741849358576063e-06,COMPLETE
1317,0.520091986656189,2025-04-17 12:24:32.414309,2025-04-17 12:24:59.753820,0 days 00:00:27.339511,0.2536051184231638,0.7258138887800394,16,0.2720514433404799,0.18681579729507491,0.08491503425060888,0.005488417554165082,0.039821244549565225,0.051710477982131464,1.7291766135334475e-05,25,66,0.022464700613117068,0.07362199265625868,False,False,False,2.818240218085492e-06,COMPLETE
1318,0.5541117191314697,2025-04-17 12:25:00.180737,2025-04-17 12:25:24.696242,0 days 00:00:24.515505,0.10398333452445332,0.7675604568492498,16,0.22188890165023017,0.25711851640827826,0.07093423046997596,0.05010270519593212,0.022018169877393072,0.09469004310317707,5.412297890314617e-05,18,61,0.02646837634873413,0.08684681188832076,False,False,False,6.232432216256283e-06,COMPLETE
1319,0.5009299278259278,2025-04-17 12:25:25.120471,2025-04-17 12:25:49.821898,0 days 00:00:24.701427,0.0899133969774063,0.821579400616065,16,0.2223373003703283,0.2553262176173299,0.07287780134374748,0.05219796290036172,0.022120942708757373,0.09818298050024919,7.223404495804509e-05,18,55,0.03076226529292606,0.08851306113726908,False,False,False,8.882584388609488e-06,COMPLETE
1320,0.09875900149345399,2025-04-17 12:25:50.245612,2025-04-17 12:26:13.246696,0 days 00:00:23.001084,0.06027905863234776,0.7957696030047062,16,0.21546039828785685,0.2657472546089885,0.07739458623138712,0.04933908022172866,0.02384314737646044,0.0964298706755582,9.908658970317531e-05,21,59,0.027984797803357723,0.09383916118754894,False,False,True,7.667119929837404e-06,COMPLETE
1321,0.4951913118362427,2025-04-17 12:26:13.674320,2025-04-17 12:26:37.409421,0 days 00:00:23.735101,0.08845393378908431,0.7437786987808798,16,0.21398170604433736,0.2573528441994767,0.07095240132208909,0.04935812934876431,0.023103149415465787,0.09477709328881015,6.099770075180012e-05,17,58,0.029272599792724757,0.09819509755166174,False,False,False,1.129881384694544e-05,COMPLETE
1322,0.470218563079834,2025-04-17 12:26:37.833410,2025-04-17 12:27:05.882292,0 days 00:00:28.048882,0.04790560145186318,0.8072138123455131,16,0.20210264482932355,0.24844520672561657,0.07052696545528413,0.048163615551290236,0.021260144687558442,0.09849738996198164,5.008229224576507e-05,26,60,0.0892353091838791,0.08408310623290374,False,False,False,6.565037052508797e-06,COMPLETE
1323,0.5039974689483643,2025-04-17 12:27:06.327861,2025-04-17 12:27:30.541489,0 days 00:00:24.213628,0.07328673706599748,0.7895169421185008,16,0.21988019058154698,0.260710133302444,0.06433219056597272,0.04661223537472445,0.021664260804873665,0.09708937383527882,6.667174694960074e-05,17,55,0.026887570864851225,0.08850736557551366,False,False,False,8.980490285978348e-06,COMPLETE
1324,0.1175150454044342,2025-04-17 12:27:30.971498,2025-04-17 12:27:51.828735,0 days 00:00:20.857237,0.10261789469028539,0.7613895052871504,16,0.2076378191027127,0.2515967190945356,0.07184137593349543,0.051110079600867414,0.024846125468808208,0.0954189583005084,8.477871094851742e-05,16,51,0.030695401105902895,0.10139395865633022,False,True,False,6.264179649739051e-06,COMPLETE
1325,0.5548782348632812,2025-04-17 12:27:52.259104,2025-04-17 12:28:15.427169,0 days 00:00:23.168065,0.08056841788096572,0.7635501583563767,16,0.20946424680007214,0.26371661677773617,0.058161864417299536,0.07184141643735034,0.019630580971090276,0.09460958450041154,6.249436773625935e-05,15,61,0.028497393280101934,0.08478346261328032,False,False,False,7.730232656110395e-06,COMPLETE
1326,0.43314692974090574,2025-04-17 12:28:15.859148,2025-04-17 12:28:41.627650,0 days 00:00:25.768502,0.07628908901960424,0.8022080251359457,16,0.2091137256456825,0.27364881059637125,0.06943836914984311,0.06674637522641748,0.019783318641071718,0.09330189726974096,5.693917108125589e-05,19,57,0.03158305661878892,0.09156352835158196,True,False,False,1.1053439840129063e-05,COMPLETE
1327,0.49907538890838626,2025-04-17 12:28:42.054641,2025-04-17 12:29:13.181712,0 days 00:00:31.127071,0.05999795269756057,0.7743164130908468,8,0.19447344045278797,0.26270032897278006,0.05691941860486492,0.09281865275478905,0.019689768385565024,0.09402956710219518,6.476461600173692e-05,17,60,0.028210503524640287,0.08496234255345401,False,False,False,7.643909131239076e-06,COMPLETE
1328,0.49344424009323123,2025-04-17 12:29:13.613776,2025-04-17 12:29:37.159248,0 days 00:00:23.545472,0.049803771534540714,0.7721538225569309,16,0.21384768770234772,0.27153585627050153,0.06310415576079732,0.05074811837756274,0.021568674598578145,0.0925297037965996,7.582161796206894e-05,16,56,0.028650256978277017,0.0954388655597321,False,False,False,9.466628607766933e-06,COMPLETE
1329,0.4987366795539856,2025-04-17 12:29:37.585660,2025-04-17 12:30:01.785564,0 days 00:00:24.199904,0.07054936831212003,0.7681633956875887,16,0.207109812815449,0.25914564907627574,0.06733934628534315,0.07949082400230367,0.018659030816798174,0.09368876822184938,6.279154242062239e-05,18,53,0.03027737682788702,0.08242878062414936,False,False,False,1.543114683790736e-05,COMPLETE
1330,0.48815388679504396,2025-04-17 12:30:02.217245,2025-04-17 12:30:25.751163,0 days 00:00:23.533918,0.04022169579157747,0.7844809136982063,16,0.20871444964881475,0.2556735393202642,0.06195078219878883,0.05338569034782207,0.02298270004762648,0.0950282065411426,8.421651989269054e-05,16,59,0.02961672252860779,0.08704037499745826,False,False,False,1.1742339799089128e-05,COMPLETE
1331,0.4644817113876343,2025-04-17 12:30:26.179199,2025-04-17 12:31:43.959124,0 days 00:01:17.779925,0.08636062275753045,0.8228019658420395,2,0.22025329293627105,0.26385476574173783,0.07614287170984202,0.09766521259433714,0.021060670966412634,0.09088411527789257,5.6489559225123254e-05,18,60,0.03371487450661056,0.08135880147778801,False,False,False,7.845036283018792e-06,COMPLETE
1332,0.48961312770843507,2025-04-17 12:31:44.407241,2025-04-17 12:32:07.124850,0 days 00:00:22.717609,0.09070745768103712,0.7467771299384804,16,0.21308665838489896,0.26771051085294106,0.0663735530278856,0.05337620515586553,0.018250938993567542,0.09264200343000228,7.111186613280976e-05,14,62,0.027281653154856773,0.09488217180692488,False,False,False,9.676456127293584e-06,COMPLETE
1333,0.4994522571563721,2025-04-17 12:32:07.559689,2025-04-17 12:32:30.138657,0 days 00:00:22.578968,0.09437661465762315,0.783111207559539,16,0.20424368449905733,0.2619590800157001,0.07860299621522603,0.07194826988126082,0.023941798693720758,0.09486852558466297,5.898256568068503e-05,14,57,0.037868722705040346,0.1053840452110874,False,False,False,7.381681367731807e-06,COMPLETE
1334,0.5069567441940308,2025-04-17 12:32:30.571404,2025-04-17 12:32:54.699005,0 days 00:00:24.127601,0.058493688537074956,0.7914581613424503,16,0.21856515441449356,0.2760503213088947,0.0556482538900067,0.08502186250645286,0.019283213111945162,0.09555206136411495,5.506460275615742e-05,17,61,0.03362882460830069,0.08225623040652241,False,False,False,9.725154933858836e-06,COMPLETE
1335,0.49815390110015867,2025-04-17 12:32:55.128890,2025-04-17 12:33:19.077415,0 days 00:00:23.948525,0.06793890592131294,0.7833339118408146,16,0.18715673624336743,0.26899967677482284,0.05879691440840596,0.04485707312854984,0.02084126571275533,0.0365333559146834,4.808146623654988e-05,16,58,0.03274009559639981,0.09269552576697597,False,False,False,6.569778933509222e-06,COMPLETE
1336,0.4985940575599671,2025-04-17 12:33:19.510237,2025-04-17 12:33:41.222178,0 days 00:00:21.711941,0.09821722851161184,0.76513028475631,16,0.22183873021124265,0.26721146023073306,0.0528938026517718,0.04703904949095679,0.016752202558236257,0.09254537885358441,5.305902534294085e-05,12,53,0.031674431570063916,0.08943312576960043,False,False,False,1.7973558147324754e-05,COMPLETE
1337,0.49514111280441286,2025-04-17 12:33:41.661939,2025-04-17 12:34:02.567556,0 days 00:00:20.905617,0.03831616404977668,0.7405795072948709,16,0.21844914964433518,0.2582509701782389,0.06047454565790349,0.051557192387567743,0.022781223702930464,0.0898238204503646,7.30288264733159e-05,10,62,0.026383746848641684,0.07951391467490053,False,False,False,8.178314354665705e-06,COMPLETE
1338,0.4955210447311401,2025-04-17 12:34:02.999896,2025-04-17 12:34:27.188615,0 days 00:00:24.188719,0.037299247346480977,0.7497949167732132,16,0.22490422658252404,0.2467949829553412,0.07483348374431102,0.060671362883970736,0.01981404406580461,0.0451752970585775,5.1835555274946216e-05,17,57,0.029119320601312004,0.08740636967060639,False,False,False,1.3517033977945069e-05,COMPLETE
1339,0.47928000688552863,2025-04-17 12:34:27.634345,2025-04-17 12:34:52.220721,0 days 00:00:24.586376,0.11031060321950077,0.7607519547280844,16,0.16892687918340815,0.25868952979231163,0.05456706591774578,0.06970853730665616,0.017080885288528157,0.09584563723507107,9.787534895860674e-05,18,62,0.026353591474307544,0.07829053764359212,False,False,False,6.216256683184809e-06,COMPLETE
1340,0.10068228393793108,2025-04-17 12:34:52.652756,2025-04-17 12:35:13.674316,0 days 00:00:21.021560,0.07494370873415906,0.799799788180274,16,0.21519084111604478,0.27650672938512205,0.06949346749405483,0.04869786648424525,0.025286496712182693,0.04085970199814758,6.300746757411207e-05,16,60,0.03064107193694049,0.08307864916642031,False,False,True,6.4573942149855124e-06,COMPLETE
1341,0.5001072883605957,2025-04-17 12:35:14.108419,2025-04-17 12:35:37.303776,0 days 00:00:23.195357,0.10266351005990652,0.770298339860526,16,0.1821458179317471,0.25008841068923215,0.06728067171797866,0.07552131767193428,0.02117727086573376,0.09432358272358426,4.422391715644938e-05,15,55,0.0255481648404213,0.10117351285560265,False,False,False,1.0421442631484738e-05,COMPLETE
1342,0.496173620223999,2025-04-17 12:35:37.736209,2025-04-17 12:35:59.952249,0 days 00:00:22.216040,0.08337963742428228,0.7711212089855705,16,0.22622048036204367,0.2649610918375252,0.05853742744083553,0.08113406673545545,0.018061377938391653,0.028811133959969842,5.048272937596785e-05,13,63,0.027733847775891114,0.09172210992038024,False,False,False,8.194948282614535e-06,COMPLETE
1343,0.4757227778434754,2025-04-17 12:36:00.387218,2025-04-17 12:36:23.698586,0 days 00:00:23.311368,0.09820454986952849,0.756919024876125,16,0.21344306157455464,0.25524993806945684,0.07174689275436189,0.05553815717061028,0.015031787424805682,0.09148262102060739,7.056566056958715e-05,14,50,0.03214874934900182,0.08640032381625055,True,False,False,6.258437342857957e-06,COMPLETE
1344,0.1045027330517769,2025-04-17 12:36:24.128214,2025-04-17 12:36:46.191609,0 days 00:00:22.063395,0.07339928403429694,0.7925770748070811,16,0.21819678272386694,0.2695272807112346,0.06561018085416695,0.05072458988524145,0.022929707332140916,0.032886117086280656,5.973525463655926e-05,19,59,0.025149683927181022,0.09757437900739968,False,True,False,5.721841416274844e-06,COMPLETE
