number,value,datetime_start,datetime_complete,duration,params_alpha-eval,params_alpha-train,params_batch-size,params_eps-eval,params_eps-train,params_lambda-actions-eval,params_lambda-actions-train,params_lambda-frames-eval,params_lambda-frames-train,params_learning-rate,params_n-epochs,params_n-frames,params_radius-gw,params_rho,params_std-feats,params_ub-actions,params_ub-frames,params_weight-decay,state
282,0.46942714452743534,2025-04-09 18:47:18.437023,2025-04-09 18:47:44.168775,0 days 00:00:25.731752,0.6378482902464352,0.37080989483487414,8,0.22821685340703712,0.0494490248024185,0.039275881745557385,0.03686066515715047,0.087880973631647,0.05991860576151257,0.00958956060315548,11,34,0.044388816638633394,0.04611491511595471,False,False,False,8.49085623883804e-08,COMPLETE
283,0.14531922042369844,2025-04-09 18:47:44.257491,2025-04-09 18:48:24.259540,0 days 00:00:40.002049,0.5383794937669364,0.41354929078753444,2,0.2794021534656284,0.030555993388682576,0.036749405744662254,0.09829557089426086,0.0900630588660605,0.04963104031012883,0.011740405907176338,8,83,0.01382855569932828,0.035414598216673594,False,True,False,5.452535479326467e-08,COMPLETE
284,0.4990040063858032,2025-04-09 18:48:24.357148,2025-04-09 18:48:46.955858,0 days 00:00:22.598710,0.5999246915201081,0.22240802295106726,8,0.2503560884620629,0.0386807941843618,0.06404924313250518,0.024536022079818733,0.06217898886698555,0.06370013451173415,0.005131550733494859,7,44,0.00224630645419672,0.013525577576754867,False,False,False,2.56384403844422e-07,COMPLETE
285,0.4906112909317017,2025-04-09 18:48:47.047020,2025-04-09 18:49:23.655025,0 days 00:00:36.608005,0.40667319787615575,0.5274039237717529,2,0.2581467491207864,0.018978950779149534,0.0600690533868962,0.021548456006086777,0.05086612676966802,0.05398165990700981,0.01779022574499664,5,71,0.00493726813318717,0.0405746697661642,False,False,False,1.3651488780336121e-07,COMPLETE
286,0.42329261302948,2025-04-09 18:49:23.745052,2025-04-09 18:49:43.430670,0 days 00:00:19.685618,0.36933066304577344,0.43755046140552384,16,0.2419330141586907,0.007632084453441219,0.04635268526269002,0.0080187785955563,0.08706785680325418,0.062072618187989724,0.008360220957251136,7,58,0.008243671995470832,0.05331969713116718,False,False,False,1.5412859306920594e-08,COMPLETE
287,0.2957535803318024,2025-04-09 18:49:43.521428,2025-04-09 18:50:22.844009,0 days 00:00:39.322581,0.573624532864543,0.4934310202355816,2,0.22111869861937192,0.06083766503300164,0.09729937321079848,0.02826391504345155,0.09275069245198107,0.05828704520759191,4.384911624051242e-05,6,41,0.011755900629952767,0.026023991000403757,False,False,False,4.7457892754136875e-07,COMPLETE
288,0.28663734197616575,2025-04-09 18:50:22.944155,2025-04-09 18:50:46.389584,0 days 00:00:23.445429,0.6184720437358617,0.05398653204453644,8,0.26662338762780835,0.044644916725312386,0.0521938961332953,0.017702334437395408,0.055144820347246395,0.07704878687663833,5.572389782140327e-05,8,47,0.006004074622684408,0.03304865902927544,False,False,False,2.094175060665495e-06,COMPLETE
289,0.5118321537971497,2025-04-09 18:50:46.480613,2025-04-09 18:51:29.134413,0 days 00:00:42.653800,0.5865715092012115,0.468888747513869,2,0.27329331005833574,0.028760859965492734,0.09209211661119743,0.06273346980668497,0.08164537933184846,0.07211893206978745,0.014085534890585893,7,38,0.0010649974055254754,0.02043999954653279,False,False,False,3.884871642418934e-08,COMPLETE
290,0.42562727928161626,2025-04-09 18:51:29.224199,2025-04-09 18:51:51.120543,0 days 00:00:21.896344,0.4852370238607711,0.4466781728340293,8,0.2520445958050922,0.05316374463424567,0.07573425204118261,0.07397461391803709,0.09855600853092478,0.06856394078844258,0.010445803207429489,6,66,0.05621990789046447,0.04462973725981092,False,False,False,1.6276520180902206e-07,COMPLETE
291,0.5076346874237061,2025-04-09 18:51:51.210860,2025-04-09 18:52:27.703637,0 days 00:00:36.492777,0.3403211881534685,0.031234041170665326,2,0.23296237034214368,0.038345929652389435,0.04404019200205135,0.014406400579155265,0.06510053573123793,0.036187793812127556,0.004139117727076037,5,62,0.00904943825992446,0.04944923191532566,False,False,False,1.0849039879723938e-07,COMPLETE
292,0.36356582045555114,2025-04-09 18:52:27.796626,2025-04-09 18:52:50.847945,0 days 00:00:23.051319,0.317276873089068,0.5055572798527698,16,0.2467829412244576,0.04566851741803805,0.029473375581066948,0.01936573341754517,0.09491289703536619,0.0280672050303181,0.006026073772617159,16,50,0.004561667637328068,0.010572255430827597,False,False,False,0.0002340062735298616,COMPLETE
293,0.10011619925498963,2025-04-09 18:52:50.948345,2025-04-09 18:53:15.480644,0 days 00:00:24.532299,0.878058796909848,0.39166102215964416,8,0.2588338764333813,0.03444985165470584,0.06273546686407515,0.012376092376981566,0.09085151471781432,0.06504122667146886,0.012648846681220509,13,73,0.007283884091353892,0.001500541853902658,False,False,True,2.465903113659772e-07,COMPLETE
294,0.511233115196228,2025-04-09 18:53:15.571835,2025-04-09 18:54:04.621586,0 days 00:00:49.049751,0.9787804482562219,0.3349382110035486,2,0.23857584500926524,0.024306590300371952,0.04173247127910545,0.01658056748895379,0.0860525794933085,0.05610511462823846,0.008545232606761688,9,34,0.010198383993345654,0.036849920168413014,False,False,False,6.493965156495154e-08,COMPLETE
295,0.4488872528076172,2025-04-09 18:54:04.714104,2025-04-09 18:54:28.241285,0 days 00:00:23.527181,0.5462402692586885,0.41952663531630596,8,0.27616206949007754,0.030735831243857217,0.015501473551000462,0.09360353056907561,0.06371629428739291,0.048249196426051896,0.007179751587020151,8,69,0.0335502903659186,0.030381536686533685,False,False,False,8.657267942189894e-07,COMPLETE
296,0.5691309809684754,2025-04-09 18:54:28.334003,2025-04-09 18:55:10.895748,0 days 00:00:42.561745,0.5660892446919121,0.3136419531361706,2,0.264155503047818,0.04144831044011778,0.05659490859564478,0.032743690830438765,0.08406910855606803,0.015690146643510768,0.010615995675540755,7,44,0.014864271287480385,0.025693942467810177,False,False,False,3.384062305820413e-07,COMPLETE
297,0.5120412707328796,2025-04-09 18:55:10.987894,2025-04-09 18:55:53.943484,0 days 00:00:42.955590,0.5578836511250939,0.27887100153723526,2,0.2670840889772269,0.042266746098168204,0.056231540863168776,0.03211043172011865,0.08322013770228091,0.00650703645024066,0.01079633191536013,7,43,0.014403194314140673,0.02235241436993197,False,False,False,3.6857024563412874e-07,COMPLETE
298,0.5175878405570984,2025-04-09 18:55:54.046749,2025-04-09 18:56:37.320505,0 days 00:00:43.273756,0.5168425475577979,0.3118937565957721,2,0.26442055911606965,0.05326281006053987,0.05906547087491588,0.034676738170691584,0.079769615568781,0.013182133851580013,0.009555278035145375,7,46,0.015125061671433883,0.02784365476392781,False,False,False,3.0397679535297045e-07,COMPLETE
299,0.48273783922195435,2025-04-09 18:56:37.414259,2025-04-09 18:57:17.062497,0 days 00:00:39.648238,0.5716933122753077,0.32574869484621566,2,0.28118113560670893,0.0480718001003238,0.05535584564528003,0.056309036186858515,0.08764159396002018,0.02103897699458289,0.01573662207699497,6,38,0.012960486662375518,0.04101576318379723,False,False,False,6.338411577022733e-07,COMPLETE
300,0.5682055592536926,2025-04-09 18:57:17.154957,2025-04-09 18:58:03.209458,0 days 00:00:46.054501,0.6053695727087414,0.4760475237570089,2,0.26950510643907744,0.03837980621702347,0.05428313471548592,0.03330392764400435,0.08499165365805457,0.05202994033561668,0.01305350374009292,8,42,0.018177518003875737,0.058419353064692946,False,False,False,2.2201567286437666e-07,COMPLETE
301,0.5594602584838868,2025-04-09 18:58:03.303401,2025-04-09 18:58:39.530290,0 days 00:00:36.226889,0.6064538183957805,0.4816170552979976,2,0.27302959551954664,0.04091329151677215,0.054427109420618014,0.030416514241561037,0.08382377758512383,0.09870720287150547,0.013241369665573495,5,43,0.016981649884265537,0.06803728887276339,False,False,False,4.743201608661801e-07,COMPLETE
302,0.3945927798748016,2025-04-09 18:58:39.626375,2025-04-09 18:59:16.442565,0 days 00:00:36.816190,0.6321690415409511,0.349280142563355,2,0.2876642792315387,0.06467499379766783,0.05727327053472535,0.029212878689211845,0.08067737772798798,0.08849685482408257,0.020748908616156015,5,43,0.017659516919406343,0.06385896507369879,True,False,False,4.733765902814275e-07,COMPLETE
303,0.5263474702835084,2025-04-09 18:59:16.547447,2025-04-09 18:59:52.857748,0 days 00:00:36.310301,0.5973010877370638,0.47058569788452265,2,0.27273252619003285,0.041195016526485655,0.05424762061280497,0.031546206470887586,0.08289177749579862,0.09562748663992066,0.001121422073986303,5,48,0.018264517042029284,0.05992631900730505,False,False,False,4.342125004827507e-07,COMPLETE
304,0.19528824090957642,2025-04-09 18:59:52.953684,2025-04-09 19:00:24.960952,0 days 00:00:32.007268,0.6151366114017933,0.47693023967709314,2,0.27630200965224716,0.048183686314824684,0.05246396552544508,0.034154293587634624,0.07884542424359282,0.016442254382859952,0.001004194103411723,5,46,0.018979486325190215,0.0573598016005831,False,True,False,3.6689819755832024e-07,COMPLETE
305,0.4117616295814514,2025-04-09 19:00:25.056411,2025-04-09 19:00:44.427845,0 days 00:00:19.371434,0.6598045911889362,0.4523236180130148,16,0.26927753190303627,0.040548046094036574,0.057760993833141205,0.03088965137977446,0.08500637739742017,0.0955466318988515,0.013687231310307727,7,54,0.01661709517415622,0.06848355361220596,False,False,False,5.673553487871219e-07,COMPLETE
306,0.49009581804275515,2025-04-09 19:00:44.523331,2025-04-09 19:01:30.337897,0 days 00:00:45.814566,0.5862342956412624,0.3699525869349609,2,0.27526814018669815,0.057221003023972476,0.05986663478463624,0.0330392798709651,0.08331803995343744,0.05020835852959425,0.017378105222009985,8,42,0.016947389910876902,0.08976858660261616,False,False,False,3.075862890801923e-07,COMPLETE
307,0.4831975340843201,2025-04-09 19:01:30.444380,2025-04-09 19:02:22.593597,0 days 00:00:52.149217,0.5641600575223819,0.48514078333102084,2,0.28292239453215035,0.04683079612237177,0.056615710265648565,0.03821425607260236,0.08367741108700379,0.08917737697379131,0.012927697859641929,10,41,0.015555503498577752,0.07721401098814921,False,False,False,1.625558208205989e-06,COMPLETE
308,0.4678933501243592,2025-04-09 19:02:22.688945,2025-04-09 19:03:02.006733,0 days 00:00:39.317788,0.5395630431817328,0.2648941886509788,2,0.2647794327401589,0.03706703767954407,0.051184224187402254,0.03624303337635407,0.08555623560670184,0.06676119283979497,0.015525657335977817,6,50,0.014423505476388397,0.05298080948708112,False,False,False,2.460336199607083e-07,COMPLETE
309,0.3032862961292267,2025-04-09 19:03:02.104027,2025-04-09 19:03:20.476599,0 days 00:00:18.372572,0.6079241244828825,0.4526290891881734,16,0.27024760609197607,0.05177725381220119,0.0406616592711323,0.027658707146452514,0.06861780839038181,0.06300544709898176,0.0007548919022421445,5,45,0.012625988946199736,0.06788837456531102,False,False,False,8.167020702492322e-06,COMPLETE
310,0.5289306044578552,2025-04-09 19:03:20.571869,2025-04-09 19:04:59.731335,0 days 00:01:39.159466,0.5815553306219858,0.4114697113556999,2,0.26183648880212934,0.042469984121925736,0.05349552418959384,0.05208037930061573,0.07670906141246824,0.08244719610183832,0.00891502345225841,25,40,0.021186189778204287,0.05738469460069549,False,False,False,3.6373835400092603e-07,COMPLETE
311,0.5154008269309998,2025-04-09 19:04:59.828244,2025-04-09 19:05:42.552003,0 days 00:00:42.723759,0.6207922257730497,0.517175138866199,2,0.2846454902379625,0.03359527319288338,0.037003549128382815,0.0486847564207233,0.08091446628620638,0.09875578617506639,0.0005399278276296076,7,36,0.018506512237182863,0.053310690478734934,False,False,False,5.429922664888573e-07,COMPLETE
312,0.08859189301729203,2025-04-09 19:05:42.659239,2025-04-09 19:06:17.609616,0 days 00:00:34.950377,0.645065204412895,0.4925529312125704,2,0.2770491582698494,0.03830706044889492,0.06112636739748782,0.009994459311572926,0.093238100833984,0.01964199909236838,0.01265665571284899,6,45,0.015968704131328212,0.04880674306937998,False,False,True,1.0067556114151733e-06,COMPLETE
313,0.33533737659454343,2025-04-09 19:06:17.706663,2025-04-09 19:06:42.065719,0 days 00:00:24.359056,0.5076405175952423,0.9135187402227227,8,0.26869780080410005,0.04537861423447593,0.05488528303257455,0.029973193903360697,0.008941631189284004,0.05203532254494778,0.0069949408563166286,9,42,0.011388023767948988,0.06128485458224443,False,False,False,2.4562769144150177e-08,COMPLETE
314,0.49949982166290285,2025-04-09 19:06:42.165519,2025-04-09 19:07:01.816475,0 days 00:00:19.650956,0.5596699311508997,0.43360944796907624,16,0.261777623058624,0.029905880486607778,0.04003685542392889,0.013542713426578248,0.022688381073554177,0.0028906234753012013,0.010482655839616262,8,51,0.01380740442367568,0.04381003303589835,False,False,False,2.1096232874383125e-07,COMPLETE
315,0.3288380205631256,2025-04-09 19:07:01.914128,2025-04-09 19:07:45.724776,0 days 00:00:43.810648,0.6007530345641944,0.2994517579506305,2,0.19130698517340844,0.24203468789148994,0.06481162117500135,0.02641945483075466,0.09714353772000299,0.04743901160271783,0.019625990350045856,7,16,0.010891257253333252,0.04646994188509416,False,False,False,7.353715822680115e-07,COMPLETE
316,0.38380027413368223,2025-04-09 19:07:45.834443,2025-04-09 19:08:09.108490,0 days 00:00:23.274047,0.5815060463472467,0.46352960065370574,8,0.2583176483982579,0.05118403430466905,0.05896811453984026,0.07790370775137336,0.07213455466263691,0.061324718191583284,0.008330984824273746,8,48,0.02010493347981699,0.03801544258569352,False,False,False,2.818088692462736e-07,COMPLETE
317,0.48832144737243655,2025-04-09 19:08:09.206985,2025-04-09 19:08:48.991445,0 days 00:00:39.784460,0.5269177228896963,0.39344735157446814,2,0.27107552850173217,0.037091536565883695,0.034805649566091855,0.016710796763917388,0.09185435970535692,0.051930262640871055,0.011770750368583521,6,39,0.0118993275145581,0.05143625430271206,False,False,False,4.4040382633217536e-07,COMPLETE
318,0.5492341041564941,2025-04-09 19:08:49.090047,2025-04-09 19:09:32.279155,0 days 00:00:43.189108,0.5499404669710201,0.4783089850670525,2,0.1810123653123195,0.042769732551459605,0.04383682461356815,0.03323569516561562,0.08442921801405671,0.09105713886900514,0.013975694993882258,7,32,0.00902085368047663,0.07299259125197133,False,False,False,4.9817470098860835e-08,COMPLETE
319,0.3883680045604706,2025-04-09 19:09:32.381675,2025-04-09 19:10:19.191968,0 days 00:00:46.810293,0.6332566486502825,0.549040562322394,2,0.21528150414829847,0.059284434860727535,0.05064541197823494,0.033906469461660385,0.08223293792247183,0.044527199467088344,0.015956895777240847,8,29,0.009678150459714485,0.07750793970770664,False,False,False,4.4506184788928334e-08,COMPLETE
320,0.4815083265304566,2025-04-09 19:10:19.301767,2025-04-09 19:11:08.630959,0 days 00:00:49.329192,0.6967080944739994,0.5016613517155725,2,0.28012136624742123,0.04420979400506766,0.024634364170104766,0.03109502330905596,0.08473423570065175,0.09491339363348812,0.013165762193173313,9,33,0.013397471417161876,0.06680336003627436,False,False,False,5.264316579994662e-08,COMPLETE
321,0.38637387156486513,2025-04-09 19:11:08.730249,2025-04-09 19:11:52.378415,0 days 00:00:43.648166,0.5458721141281614,0.48043695915097523,2,0.2658488524076159,0.0541731715354492,0.061917001477582057,0.032349415375201786,0.08616605163337136,0.09037989740419394,0.025099506998161967,7,29,0.008992440675794609,0.07235337236805549,True,False,False,3.612754045776803e-08,COMPLETE
322,0.44279597997665404,2025-04-09 19:11:52.478393,2025-04-09 19:12:38.513043,0 days 00:00:46.034650,0.47705415970826437,0.526369254784871,2,0.2558881864863421,0.040633794446504605,0.047318199311693586,0.029052283143053095,0.08787208582194966,0.09158575132181695,0.019000279263670043,8,78,0.015320264959568269,0.24033751366554376,False,False,False,5.983245238219883e-08,COMPLETE
323,0.2666822135448456,2025-04-09 19:12:38.613330,2025-04-09 19:14:16.258810,0 days 00:01:37.645480,0.591426042831383,0.47001401384170727,2,0.2733688893557153,0.04756133052776969,0.0732034184961432,0.039118773179776196,0.08362088397558778,0.09838872255705676,0.014347471698929077,29,31,0.010981246710793365,0.06435934580598407,False,True,False,7.99031411042407e-08,COMPLETE
324,0.4844560146331787,2025-04-09 19:14:16.359562,2025-04-09 19:14:59.863593,0 days 00:00:43.504031,0.6103425182906909,0.48977545915425436,2,0.2006753877665881,0.030450385223137713,0.06801553187880334,0.03641173141254517,0.08595774367474222,0.08650074502853305,0.011479113946610352,7,25,0.025175960138227742,0.059784680385032686,False,False,False,3.294574943384005e-08,COMPLETE
325,0.5141775369644165,2025-04-09 19:14:59.974547,2025-04-09 19:15:58.631447,0 days 00:00:58.656900,0.5504829241466833,0.45518070974454594,2,0.2912871480075665,0.025918383619137196,0.04306381741144866,0.06513528918162617,0.07844212735843903,0.0999357643262507,0.016078031533201254,12,44,0.01250930018733565,0.05404193334380233,False,False,False,1.5910715818790043e-07,COMPLETE
326,0.522937273979187,2025-04-09 19:15:58.734727,2025-04-09 19:16:18.217010,0 days 00:00:19.482283,0.4502832179876606,0.422543025621796,16,0.266203956674447,0.04262129759073235,0.03888774794882033,0.03453783122435547,0.0893059314005595,0.025080468293930493,0.010091533131799618,7,59,0.008453751205734088,0.0686970065357813,False,False,False,1.9628279860510752e-08,COMPLETE
327,0.49052979946136477,2025-04-09 19:16:18.318961,2025-04-09 19:16:54.432137,0 days 00:00:36.113176,0.519661443267734,0.5067356911965547,2,0.18271843161667056,0.03540061353056369,0.057033446763571416,0.05929705821035206,0.08462891288414542,0.0847398643682191,0.0009118531412315866,5,36,0.010062781133842243,0.15017836018833772,False,False,False,4.411420460724903e-08,COMPLETE
328,0.37033385038375854,2025-04-09 19:16:54.534768,2025-04-09 19:17:43.878754,0 days 00:00:49.343986,0.5678772472982708,0.47768984293388994,2,0.16034693330239713,0.05192580558833989,0.0460542407992419,0.011129535541310227,0.04655758201071796,0.09392561564892032,0.013421312933300211,9,54,0.007776127858919815,0.057530940654016774,False,False,False,6.65781876705503e-08,COMPLETE
329,0.37247497439384464,2025-04-09 19:17:43.990614,2025-04-09 19:18:29.865926,0 days 00:00:45.875312,0.6022830068017031,0.4568225280699601,2,0.26041266614507286,0.04572624803058846,0.04127367086595791,0.06809252494621558,0.08175126274700512,0.09250509437776974,0.007952040316628085,8,41,0.017650892984645936,0.016739592741851602,False,False,False,3.0106459409226025e-06,COMPLETE
330,0.4629824995994568,2025-04-09 19:18:29.969920,2025-04-09 19:18:50.630363,0 days 00:00:20.660443,0.6291451131325807,0.40864101640547096,16,0.14900148661527823,0.03849540514018508,0.049518783894415164,0.032686451446865036,0.08810317532917511,0.05398497114355142,0.006223468447816876,10,46,0.01381115834361492,0.29698894132248577,False,False,False,9.121937262567328e-08,COMPLETE
331,0.4732857942581177,2025-04-09 19:18:50.732508,2025-04-09 19:19:33.628795,0 days 00:00:42.896287,0.4950215233371522,0.38244488171365554,2,0.2760178918705857,0.03191142028674038,0.04484314396326342,0.006604116605884175,0.06800901556914098,0.014125393131310667,0.01105891176567373,7,75,0.02329689456622256,0.07311702572997938,False,False,False,2.1373610700862524e-05,COMPLETE
332,0.09253231883049011,2025-04-09 19:19:33.732209,2025-04-09 19:20:08.557538,0 days 00:00:34.825329,0.6565423503528175,0.35167083040783903,2,0.22572358911996956,0.02782593433645072,0.031812271173719694,0.0412900407227937,0.09045259671589033,0.07452494512979914,0.009275775984157748,6,48,0.011469034170098922,0.047995896966546304,False,False,True,2.2220110775080467e-07,COMPLETE
333,0.5101519703865052,2025-04-09 19:20:08.670964,2025-04-09 19:20:45.363203,0 days 00:00:36.692239,0.5777628500039006,0.441512243879108,2,0.25457324492236866,0.03926803005982355,0.052589832992061214,0.01566080015470466,0.08678665872486327,0.0969296677913735,0.01741595247822795,5,32,0.007970435718663982,0.03276481917648583,False,False,False,0.00016050282405683056,COMPLETE
334,0.5599884986877441,2025-04-09 19:20:45.468133,2025-04-09 19:21:31.390948,0 days 00:00:45.922815,0.5505562871488985,0.23518034348927885,2,0.1697279890265598,0.04864020717624461,0.054550046310446215,0.03552977209624529,0.06691290362621366,0.06449503923960459,0.012421653468653213,8,63,0.015293396934695226,0.04207287789304099,False,False,False,1.2830868686886754e-07,COMPLETE
335,0.43960535526275635,2025-04-09 19:21:31.494376,2025-04-09 19:22:26.753858,0 days 00:00:55.259482,0.5380810504290382,0.32189558629366327,2,0.16912796116629206,0.05683297899549053,0.05561691560306212,0.03057498655726466,0.06962814964626592,0.011201307542594779,0.014555239304887526,11,65,0.016707408836351946,0.10131916223544252,False,False,False,1.1386176252245643e-07,COMPLETE
336,0.42693780064582826,2025-04-09 19:22:26.862289,2025-04-09 19:23:15.844674,0 days 00:00:48.982385,0.528343176896021,0.2030307272563433,2,0.1696503180151583,0.06491979568504636,0.05392464167165322,0.03774729706456826,0.06641530112193485,0.06738705776561325,0.012199419435278976,9,63,0.014146647654824176,0.04177750081841254,False,False,False,1.349668485033539e-07,COMPLETE
337,0.5122306466102601,2025-04-09 19:23:15.958882,2025-04-09 19:24:02.345226,0 days 00:00:46.386344,0.5437581663914282,0.17517637468999864,2,0.14060161038076088,0.04838390428550854,0.05948924180324075,0.036308532038360035,0.06627834572333634,0.06413888502981477,0.007636180151554156,8,60,0.015699145174730367,0.025965600355114655,False,False,False,1.6055219633328882e-07,COMPLETE
338,0.4869639039039612,2025-04-09 19:24:02.451061,2025-04-09 19:24:48.371237,0 days 00:00:45.920176,0.5607658518366893,0.23479486894275503,2,0.17606858581950244,0.05207712212848981,0.05723837637074101,0.035038105594267496,0.06442053444924133,0.07930779378875658,0.02016922450501559,8,69,0.018896727282222327,0.03738867962258148,False,False,False,7.788360597245818e-08,COMPLETE
