number,value,datetime_start,datetime_complete,duration,params_alpha-eval,params_alpha-train,params_batch-size,params_eps-eval,params_eps-train,params_lambda-actions-eval,params_lambda-actions-train,params_lambda-frames-eval,params_lambda-frames-train,params_learning-rate,params_n-epochs,params_n-frames,params_radius-gw,params_rho,params_std-feats,params_ub-actions,params_ub-frames,params_weight-decay,state
561,0.1193152904510498,2025-04-17 06:01:10.340111,2025-04-17 06:01:37.344871,0 days 00:00:27.004760,0.12139985989579499,0.6881257933828226,16,0.24709918662964944,0.2168285395853112,0.09303906843221042,0.0062691198215258604,0.015142741474196189,0.0033317598175428165,2.0595584649086236e-05,30,104,0.016140508400608135,0.06158783647996519,False,True,False,9.0024401635581e-06,COMPLETE
562,0.45246551036834715,2025-04-17 06:01:37.520086,2025-04-17 06:02:12.328288,0 days 00:00:34.808202,0.20068843936143935,0.3691180757350649,16,0.22247267585330568,0.18822271928928586,0.0913720351929721,0.04077688708054046,0.020112907652668377,0.022519820974487275,2.6906205328882064e-05,26,145,0.02218291713160303,0.09455646121139565,True,False,False,5.952559364408259e-06,COMPLETE
563,0.5475232005119324,2025-04-17 06:02:12.516065,2025-04-17 06:02:38.760611,0 days 00:00:26.244546,0.1414215173713088,0.7529442147986366,16,0.2712271594055155,0.2096527422112707,0.09628358847528641,0.01090461166527005,0.0124133004035202,0.018233581950707067,4.3474464555663487e-05,22,76,0.01832294642425425,0.07014129960128757,False,False,False,3.252050451364625e-06,COMPLETE
564,0.3004741370677948,2025-04-17 06:02:38.937497,2025-04-17 06:03:04.749600,0 days 00:00:25.812103,0.14008338025869935,0.23353373183341147,16,0.27318452441088165,0.19937109040717474,0.09778076782255918,0.01432012130628799,0.011153494075809352,0.020455737784075355,2.009649649645558e-05,21,103,0.0733079759688712,0.13636719712025117,False,False,False,3.692904346577824e-06,COMPLETE
565,0.4951704740524292,2025-04-17 06:03:04.935563,2025-04-17 06:03:31.286202,0 days 00:00:26.350639,0.15708811360165295,0.6008296853542474,16,0.26841050074610834,0.20588113648732273,0.09534274853507596,0.011978640044816769,0.012304042705021768,0.016831200483697465,3.2239705286137226e-05,22,84,0.013971438629387675,0.06901495061542069,False,False,False,2.7370837464006e-06,COMPLETE
566,0.5431689262390137,2025-04-17 06:03:31.463183,2025-04-17 06:03:58.105895,0 days 00:00:26.642712,0.11697745473285232,0.3236137065266349,16,0.26578452257830903,0.19550032623737737,0.09814666178674657,0.011219668339622051,0.009674142422179668,0.011622389900932438,2.4784161317805717e-05,22,118,0.018508739114567838,0.15621438936605345,False,False,False,2.045745886536696e-06,COMPLETE
567,0.09427145123481752,2025-04-17 06:03:58.293818,2025-04-17 06:04:22.449581,0 days 00:00:24.155763,0.17338185901706452,0.33894774484053125,16,0.2762493451201463,0.0018836820385491337,0.0911875050720299,0.009577267740243572,0.013743105842828784,0.02711512415484125,4.125751026874155e-05,19,77,0.0156834370973579,0.17496521811106258,False,False,False,3.372522023732659e-06,COMPLETE
568,0.5004310131072998,2025-04-17 06:04:22.628080,2025-04-17 06:04:48.388992,0 days 00:00:25.760912,0.1384520109726468,0.35083692195684374,16,0.27213400480445027,0.21182887294983221,0.055113656271327874,0.016111072311485276,0.01203046771770004,0.02247078780782502,3.161248183814625e-05,21,86,0.018057559627047658,0.058752991850607734,False,False,False,4.5619250217205865e-06,COMPLETE
569,0.33668020963668827,2025-04-17 06:04:48.580153,2025-04-17 06:05:13.846403,0 days 00:00:25.266250,0.08620692981588995,0.7439612362205502,16,0.2607108964453016,0.10293573302147521,0.09989158450772927,0.013483720010618644,0.0101617443532213,0.018161600004198645,5.40871000051266e-05,20,57,0.013573315693588528,0.06370647795901666,False,False,False,3.458225741070396e-06,COMPLETE
570,0.5039367318153382,2025-04-17 06:05:14.022430,2025-04-17 06:05:39.993069,0 days 00:00:25.970639,0.15669279207016337,0.7251505956073488,16,0.2569173307131244,0.20407085457580762,0.094147619832513,0.00943774607842078,0.013520832808644696,0.00550565590663963,1.9251393699858344e-05,22,63,0.02039832843845063,0.07127131160533451,False,False,False,2.4278970583154903e-06,COMPLETE
571,0.5222758173942565,2025-04-17 06:05:40.171813,2025-04-17 06:06:08.284673,0 days 00:00:28.112860,0.11221501056881095,0.43114584261556643,16,0.26878666318573785,0.1845986418497013,0.09586220789106292,0.05708420106133402,0.01596097231947223,0.017810805343175362,2.3744485454157252e-05,25,107,0.017003455689540453,0.06052535208893943,False,False,False,5.001686171426894e-06,COMPLETE
572,0.46936767101287846,2025-04-17 06:06:08.475551,2025-04-17 06:06:35.173601,0 days 00:00:26.698050,0.774085225441254,0.6247517867989073,16,0.2636169578016121,0.21803233471102137,0.09011444460253112,0.01248299534307587,0.007445581604950452,0.021285782421042745,3.814734373720417e-05,22,122,0.008660200874038942,0.056279992128081074,False,False,False,4.255295800696102e-06,COMPLETE
573,0.5298581600189209,2025-04-17 06:06:35.353050,2025-04-17 06:07:02.878639,0 days 00:00:27.525589,0.1750829668687996,0.6954058364588898,16,0.1564361752555603,0.19188632652861545,0.09417378562237823,0.007243560020354036,0.013255223027277675,0.009077247867031832,2.871687234617218e-05,24,76,0.02169477292557584,0.06758686992595464,False,False,False,3.070254413580547e-06,COMPLETE
574,0.4781202673912049,2025-04-17 06:07:03.070608,2025-04-17 06:07:37.535813,0 days 00:00:34.465205,0.14291361441382838,0.6614736919410253,8,0.25191687722302203,0.20985866263331548,0.0965945524399642,0.0466365962413665,0.015108794267344412,0.014373506003472933,1.735432504841189e-05,21,95,0.018965611109958896,0.0734842804806991,False,False,False,6.2288556942639314e-06,COMPLETE
575,0.5223342299461365,2025-04-17 06:07:37.718121,2025-04-17 06:08:05.552755,0 days 00:00:27.834634,0.18098082716915104,0.7099094055991557,16,0.2578555593688828,0.1989005763594048,0.0924908588018471,0.010931342590626291,0.011401568564308165,0.02938564474508675,4.481048268137319e-05,25,80,0.023368887819580044,0.05299068631950998,False,False,False,2.919390405695181e-08,COMPLETE
576,0.5021321773529053,2025-04-17 06:08:05.744489,2025-04-17 06:08:34.171279,0 days 00:00:28.426790,0.13001695466399632,0.7536520451025589,16,0.2755126467113177,0.21875435515931588,0.08980554723258061,0.015352227826738809,0.01660471543244699,0.01892076226147711,6.935798778878915e-05,27,73,0.014769553851279135,0.032721224148707415,False,False,False,1.9133029145668134e-06,COMPLETE
577,0.33593349456787114,2025-04-17 06:08:34.351598,2025-04-17 06:10:17.818209,0 days 00:01:43.466611,0.16427041639176046,0.6762627663635449,2,0.24977195875961397,0.20302714571818498,0.09821599781568323,0.008780807127993643,0.09045060042232503,0.024344190461947763,2.1447502535590733e-05,26,61,0.004971367658995616,0.06412579495754611,False,False,False,0.00014771209169453232,COMPLETE
578,0.11081962436437608,2025-04-17 06:10:18.011915,2025-04-17 06:10:36.127463,0 days 00:00:18.115548,0.09780920219406544,0.3107850702778438,16,0.2443879742266433,0.19316658938608072,0.09285926303109933,0.013517897055057909,0.008663078512986661,0.0925095763432684,2.533477646536385e-05,8,75,0.018207993721413806,0.08164542122617952,False,False,True,2.95658257311635e-06,COMPLETE
579,0.5381621479988099,2025-04-17 06:10:36.307742,2025-04-17 06:11:02.901080,0 days 00:00:26.593338,0.5829244065054152,0.7220863801530409,16,0.2640383917598755,0.2548685804662357,0.0884577415722497,0.006345754749812983,0.03152809445934534,0.015647232926890166,3.8251954475991506e-05,23,71,0.021392834010859414,0.14432937372272955,False,False,False,4.2830643956165725e-06,COMPLETE
580,0.3279506325721741,2025-04-17 06:11:03.096509,2025-04-17 06:11:31.082494,0 days 00:00:27.985985,0.20040438052282278,0.6922927552347565,16,0.2540992666888131,0.2128465424436001,0.09526563345475246,0.01657722756528125,0.01746961845934752,0.09504826390844451,1.4758757195888416e-05,24,55,0.011629468090272387,0.05666237028027887,True,False,False,6.854500646635705e-06,COMPLETE
581,0.1205045133829117,2025-04-17 06:11:31.264269,2025-04-17 06:11:56.697573,0 days 00:00:25.433304,0.14959726743788387,0.637592357781613,16,0.2405181756678214,0.2074214941024814,0.09152472257096055,0.039039114992091416,0.014274067525856058,0.0984066820297924,3.122533159821778e-05,25,113,0.023171392850040603,0.067173174118631,False,True,False,2.36234311662441e-06,COMPLETE
582,0.3250298857688904,2025-04-17 06:11:56.891602,2025-04-17 06:12:20.051731,0 days 00:00:23.160129,0.11930981454935273,0.10692838707693941,16,0.2721887336542983,0.1843769265269024,0.08407923644433643,0.060045825045477175,0.010838446664631752,0.00912584889161991,1.916441819566896e-05,15,66,0.015627292747915605,0.07466332750510592,False,False,False,5.35925331829556e-06,COMPLETE
583,0.3037688195705414,2025-04-17 06:12:20.234403,2025-04-17 06:12:46.446886,0 days 00:00:26.212483,0.1834186066458296,0.2073966981570921,16,0.25885163198390215,0.22573810436066644,0.046551379448226606,0.010082297425490687,0.020692752231918514,0.09648085174831673,2.6545385234553886e-05,22,73,0.020066077761063332,0.03864678876168061,False,False,False,3.3434460266221672e-06,COMPLETE
584,0.3027268946170807,2025-04-17 06:12:46.629201,2025-04-17 06:13:11.057987,0 days 00:00:24.428786,0.14270894649988058,0.7413983166099414,16,0.25011220527195577,0.20098984004957213,0.09981689776475916,0.011504371729933374,0.023591851865270484,0.09090638828476688,1.1907953860619608e-05,18,59,0.016792510948825792,0.048471026738356425,False,False,False,3.9904948057360215e-06,COMPLETE
585,0.4478033542633057,2025-04-17 06:13:11.253153,2025-04-17 06:13:37.699868,0 days 00:00:26.446715,0.16521714757475806,0.7664355085511781,16,0.2803666570943849,0.21492189227919212,0.09668770527686414,0.03750927708877601,0.013013464126754241,0.09324421369053673,0.0028314742927888176,23,78,0.024760150470134825,0.061367005409134395,False,False,False,7.44593140089329e-06,COMPLETE
586,0.49736099243164067,2025-04-17 06:13:37.881711,2025-04-17 06:14:05.110331,0 days 00:00:27.228620,0.20454513105720482,0.6611100454459355,16,0.24603579987860572,0.18863278928468744,0.07969828209660573,0.00536978390797941,0.018244054870747116,0.09791545047188918,2.221228160942437e-05,24,63,0.01908033545569687,0.07088232322737031,False,False,False,5.937886649133885e-06,COMPLETE
587,0.5171749234199524,2025-04-17 06:14:05.304404,2025-04-17 06:14:32.831445,0 days 00:00:27.527041,0.08709766009955977,0.28481515840588184,16,0.26724951972012645,0.1962088639430271,0.08829376154364733,0.0074146448701151915,0.01474008620904917,0.05845198486746197,3.255632605508802e-05,25,82,0.022816029310253602,0.05465107346030605,False,False,False,1.6716990822999203e-06,COMPLETE
588,0.501459801197052,2025-04-17 06:14:33.015010,2025-04-17 06:14:59.088493,0 days 00:00:26.073483,0.1315021333787353,0.464557667527305,16,0.2552534978034787,0.28496339216120675,0.09380988366301307,0.013657390880353172,0.016159747266867707,0.0999026972491227,5.091063105066607e-05,22,68,0.0206071187985571,0.07800592433163202,False,False,False,2.902076809917727e-06,COMPLETE
589,0.5213180780410767,2025-04-17 06:14:59.284552,2025-04-17 06:15:26.293182,0 days 00:00:27.008630,0.1851290185665693,0.7122987112547321,16,0.1418598917002304,0.2080597557909375,0.09035597259623258,0.04482284978655801,0.01907731282538336,0.0952973445361772,1.528656503321679e-05,23,71,0.014428146135333983,0.06253360493477883,False,False,False,4.702357495214087e-06,COMPLETE
590,0.5355467319488525,2025-04-17 06:15:26.477388,2025-04-17 06:15:54.526090,0 days 00:00:28.048702,0.1612695822807645,0.5851102380842983,16,0.2372271005986677,0.1796727430239074,0.08272254989118176,0.01822528144094339,0.011601539575483662,0.09062318676810614,3.664043142689484e-05,26,92,0.017349913553816626,0.04548672738104081,False,False,False,2.326157594211923e-06,COMPLETE
591,0.5394718289375305,2025-04-17 06:15:54.721924,2025-04-17 06:16:22.083944,0 days 00:00:27.362020,0.11531039118049563,0.6840158591877026,16,0.2615091198480493,0.22179995903007887,0.09518806910682845,0.0034429672832148915,0.009661708919767573,0.06704957161037113,2.7779536765753213e-05,24,75,0.026680208040809988,0.0679380104003788,False,False,False,3.819729454497767e-06,COMPLETE
592,0.5095821976661683,2025-04-17 06:16:22.270691,2025-04-17 06:16:47.946280,0 days 00:00:25.675589,0.5296937482050985,0.7300487888323463,16,0.24415173650171415,0.20152919952313492,0.08631100860552897,0.008663354978783292,0.0028856439681291335,0.09262299518694592,1.8024914176711607e-05,21,66,0.021888994056953916,0.05705789426319883,False,False,False,8.830806566351355e-06,COMPLETE
593,0.5056457281112672,2025-04-17 06:16:48.141995,2025-04-17 06:17:14.695384,0 days 00:00:26.553389,0.2033894133973381,0.3995147790308683,16,0.25288812880375594,0.2133488074795094,0.049215998858713354,0.041652913705275664,0.01709720973061115,0.0030768432659109327,4.371774233501522e-05,23,63,0.024163309253402893,0.08665770794426017,False,False,False,5.632119235431232e-06,COMPLETE
594,0.4991841554641724,2025-04-17 06:17:14.881048,2025-04-17 06:17:42.693434,0 days 00:00:27.812386,0.14998762807937865,0.7798075513703995,16,0.26879494334463117,0.19413891194104904,0.09822629518123974,0.011828957544491996,0.012945402217912051,0.09999969337520417,2.2032710242816974e-05,25,71,0.01867661763607819,0.04975956353462077,False,False,False,3.509864074039326e-06,COMPLETE
595,0.32376375794410706,2025-04-17 06:17:42.892259,2025-04-17 06:18:10.333686,0 days 00:00:27.441427,0.1792806782061144,0.6924909396288388,16,0.27728126130303704,0.23023943814925152,0.09259866107934858,0.014915272113537858,0.015112488370198778,0.05600539847018175,2.850836254511538e-05,24,77,0.012662424363491175,0.06376438325413138,False,False,False,2.5434890267881075e-06,COMPLETE
596,0.5191589951515198,2025-04-17 06:18:10.520362,2025-04-17 06:18:37.044280,0 days 00:00:26.523918,0.12894808244592093,0.7498317579146873,16,0.17913586979332471,0.2060422631747013,0.0846582264760435,0.010214196033784442,0.0062430473313036155,0.08934333857830214,3.4523801081745855e-05,22,86,0.01619660500427612,0.07536302231995112,False,False,False,4.657010223561299e-06,COMPLETE
597,0.10156966894865037,2025-04-17 06:18:37.245070,2025-04-17 06:19:01.096927,0 days 00:00:23.851857,0.1012098672821474,0.6535842211649286,16,0.23766226011393418,0.22108041819546947,0.09995705728265848,0.008227743578341537,0.04374648959079643,0.012602239722683858,2.424869838495582e-05,23,73,0.021241771506546988,0.05807944723214548,False,False,True,0.00031125162719980725,COMPLETE
598,0.5010175943374634,2025-04-17 06:19:01.286885,2025-04-17 06:19:38.577090,0 days 00:00:37.290205,0.21783999774813656,0.7025372705447297,8,0.2502866973413952,0.18821591358938022,0.09676459194557466,0.004667837844025977,0.03505353039165614,0.09422275089495703,1.922948676392963e-05,25,68,0.026447692214527006,0.03976995716825865,False,False,False,1.3606959299743087e-06,COMPLETE
599,0.15261357128620148,2025-04-17 06:19:38.764004,2025-04-17 06:20:03.747869,0 days 00:00:24.983865,0.16714056561785245,0.7329288938807652,16,0.2323174899353496,0.19866752599498178,0.08837205618745654,0.03621045100750435,0.022976360829984045,0.03785679917894398,1.561795105910466e-05,24,59,0.019703803443321764,0.1628557153740616,True,True,False,7.582304068426079e-06,COMPLETE
600,0.47163225412368776,2025-04-17 06:20:03.947781,2025-04-17 06:20:32.744544,0 days 00:00:28.796763,0.14811496205828178,0.675029449170036,16,0.2573607496584409,0.29349642927539654,0.09077803230528797,0.013033108304615203,0.019532371116315013,0.09671658311396118,5.439489717425242e-05,28,66,0.023017298337066235,0.0697274331337026,False,False,False,9.962516213067017e-06,COMPLETE
601,0.43422890901565553,2025-04-17 06:20:32.932246,2025-04-17 06:21:00.854093,0 days 00:00:27.921847,0.19234549454872307,0.7578568843901672,16,0.24555281651588173,0.21049956720573323,0.09402235935412201,0.006836426323147471,0.026464285510977396,0.09168742636520007,0.0050758326358268735,26,79,0.028935353658678976,0.051765362773832514,False,False,False,3.331239512625386e-06,COMPLETE
602,0.444345235824585,2025-04-17 06:21:01.052549,2025-04-17 06:22:31.036203,0 days 00:01:29.983654,0.1331923906772316,0.7928660661508309,2,0.2644540066209568,0.21715645349297202,0.07975060284970453,0.01044553007923722,0.017440465709663545,0.0882541810818395,4.1070873134987554e-05,22,71,0.017558427252684736,0.08214078622949991,False,False,False,1.982931349801936e-06,COMPLETE
603,0.5359065651893615,2025-04-17 06:22:31.227195,2025-04-17 06:22:58.461466,0 days 00:00:27.234271,0.17597543232875953,0.7083494177226441,16,0.2420359323673647,0.2044218208846604,0.08235774415342291,0.01631415064502069,0.021169543809726275,0.0981981384105675,2.9572768208602373e-05,23,75,0.024231592427308095,0.06484462634371851,False,False,False,0.00040559693106522886,COMPLETE
604,0.29210848212242124,2025-04-17 06:22:58.660624,2025-04-17 06:23:18.368852,0 days 00:00:19.708228,0.15668471803980288,0.6279635904813026,16,0.2714129901688197,0.19214122752918286,0.0921265184375727,0.00824645261736591,0.013745660572400748,0.09470042200733514,2.3448829434637055e-05,6,64,0.015239054820993886,0.04266706822853087,False,False,False,6.10430060800228e-06,COMPLETE
605,0.49245481491088866,2025-04-17 06:23:18.561424,2025-04-17 06:23:45.406724,0 days 00:00:26.845300,0.19690746485744914,0.6734423589682563,16,0.24978588368164845,0.1977313974925931,0.08700484037435449,0.011663504192372486,0.04646493319845806,0.09698197677946184,3.5338814538739666e-05,24,68,0.02025087208231102,0.07410197392270997,False,False,False,2.8703863388867074e-06,COMPLETE
606,0.33134199380874635,2025-04-17 06:23:45.608631,2025-04-17 06:24:13.250036,0 days 00:00:27.641405,0.11384269058591376,0.35362014854368573,16,0.26040859371056935,0.21149641048551523,0.09500806387177323,0.014473690915002304,0.05169735851653131,0.09281032992896086,1.138867161781453e-05,26,34,0.021796508579489098,0.061534557464895306,False,False,False,5.023831862670213e-06,COMPLETE
607,0.32561782002449036,2025-04-17 06:24:13.441849,2025-04-17 06:24:41.306294,0 days 00:00:27.864445,0.448443857392689,0.04306081487187341,16,0.23442810946030992,0.24524618502862033,0.09740762810276062,0.005534875899863886,0.008327011197083374,0.08878861570943174,1.8110017807736728e-05,25,99,0.02573527734188576,0.05197778426185092,False,False,False,4.387191564960803e-06,COMPLETE
608,0.49970799684524536,2025-04-17 06:24:41.507259,2025-04-17 06:25:08.310690,0 days 00:00:26.803431,0.08819693892072239,0.7216216174026074,16,0.24014688232300038,0.20505597419335603,0.08451871420028761,0.001004617138014636,0.01101754926050445,0.0903178326878281,2.5498065577316335e-05,23,83,0.01840702269483368,0.028691598615824168,False,False,False,7.64678814762024e-06,COMPLETE
609,0.4386165738105774,2025-04-17 06:25:08.500605,2025-04-17 06:25:34.657398,0 days 00:00:26.156793,0.21771747699677765,0.6984070543061754,16,0.28041470141785646,0.18577071023495473,0.08941447581505528,0.018079574148317644,0.015491417603706216,0.034561621041031027,1.4258266503515738e-05,22,73,0.016971304593036307,0.06857744548546943,False,False,False,1.1260205005369069e-05,COMPLETE
610,0.5107319593429566,2025-04-17 06:25:34.860338,2025-04-17 06:26:03.495202,0 days 00:00:28.634864,0.17334541758142044,0.5774797744077189,16,0.255783134385239,0.22258951550733366,0.02510815257781973,0.009241875749433134,0.018644012574507096,0.09480043359454507,3.1462320880087114e-05,27,88,0.022787828760654695,0.056147740203035396,False,False,False,3.945510536852633e-06,COMPLETE
611,0.330445545911789,2025-04-17 06:26:03.687758,2025-04-17 06:26:29.732285,0 days 00:00:26.044527,0.14455938481360453,0.6093895192821704,16,0.08945146156712407,0.21591393201367642,0.09296192376192895,0.034859447970078214,0.012559496085141812,0.01993186558854071,4.717618095582946e-05,21,62,0.014238651239053745,0.04551420654652524,False,False,False,2.6172936067347014e-06,COMPLETE
612,0.3265166521072388,2025-04-17 06:26:29.936350,2025-04-17 06:26:56.929539,0 days 00:00:26.993189,0.12504425526675478,0.75564247049898,16,0.0042214316699232535,0.23557182710777397,0.09607152764701446,0.012459708783770746,0.016389568735287,0.010430252828227906,2.1131301505603265e-05,25,17,0.02017970663800605,0.07666205881613622,False,False,False,5.999950972995428e-06,COMPLETE
613,0.5015328645706176,2025-04-17 06:26:57.120950,2025-04-17 06:27:25.077098,0 days 00:00:27.956148,0.8971498744554862,0.6473108231730066,16,0.248306639544242,0.19944219934888924,0.07808412059099461,0.010240727831409176,0.014287781170212082,0.02320146881288246,3.676268821733582e-05,24,110,0.012130601368807717,0.06030897473589797,False,False,False,3.5241628234630577e-06,COMPLETE
614,0.4518839597702027,2025-04-17 06:27:25.282589,2025-04-17 06:27:52.688649,0 days 00:00:27.406060,0.18898887824165556,0.7332681155548708,16,0.2643914936718786,0.18007986477654594,0.0856693464233749,0.0030031383937390035,0.02157160467908322,0.09825567598936123,6.225517649518252e-05,24,69,0.08347513287295477,0.06792289826291206,False,False,False,1.947423211263281e-06,COMPLETE
615,0.09886740297079087,2025-04-17 06:27:52.882620,2025-04-17 06:28:15.953158,0 days 00:00:23.070538,0.15330907651086448,0.681453104065525,16,0.2297751667126568,0.20865865644755885,0.08289591643987482,0.006500595064392954,0.018675097676266805,0.09109551218708309,2.7636552499884e-05,20,76,0.028012657336919877,0.09056609838077927,False,False,True,0.00012149159129424538,COMPLETE
616,0.4857205033302307,2025-04-17 06:28:16.156129,2025-04-17 06:28:45.472772,0 days 00:00:29.316643,0.21175848167841077,0.715188254171026,16,0.24403556108937635,0.19182079495562018,0.09024137839090114,0.014164165138381037,0.028346052763740196,0.07839787746193021,2.253767839255427e-05,29,80,0.024886396832303412,0.035351296827791506,False,False,False,0.0002230013323502045,COMPLETE
