number,value,datetime_start,datetime_complete,duration,params_alpha-eval,params_alpha-train,params_batch-size,params_eps-eval,params_eps-train,params_lambda-actions-eval,params_lambda-actions-train,params_lambda-frames-eval,params_lambda-frames-train,params_learning-rate,params_n-epochs,params_n-frames,params_radius-gw,params_rho,params_std-feats,params_ub-actions,params_ub-frames,params_weight-decay,state
1009,0.5277164101600648,2025-04-17 09:46:50.909900,2025-04-17 09:47:16.176410,0 days 00:00:25.266510,0.1427738714227817,0.6919383600349926,16,0.26053862337705674,0.15772688321744924,0.09658546879512632,0.0043678039766453895,0.018418832437384597,0.0930231537870642,2.4933870021853067e-05,20,69,0.01700336614613138,0.13346318418659806,False,False,False,1.0183588745772034e-08,COMPLETE
1010,0.293611890077591,2025-04-17 09:47:16.500247,2025-04-17 09:47:36.662497,0 days 00:00:20.162250,0.18608571479961808,0.7270941797285708,16,0.243354258847782,0.19786954205139595,0.0895869047115023,0.009299727845784363,0.020826798043421017,0.09682973765670312,5.0124909987208324e-05,8,52,0.013205236149257144,0.045660275141018884,False,False,False,8.05194726075908e-06,COMPLETE
1011,0.4816433906555176,2025-04-17 09:47:36.993426,2025-04-17 09:48:05.594745,0 days 00:00:28.601319,0.21564176570767896,0.6590031182140584,16,0.232086228909391,0.25476852303211606,0.08664803685494815,0.017191900207483853,0.024283451162666506,0.09453225373381217,3.0372573965121938e-05,27,62,0.021496808772840527,0.06208901937775682,False,False,False,4.520955474744448e-06,COMPLETE
1012,0.5108860969543457,2025-04-17 09:48:05.924642,2025-04-17 09:48:32.905877,0 days 00:00:26.981235,0.16468114324813124,0.706881211113572,16,0.279278992873232,0.21057148008545507,0.0830036975296017,0.0026941525160808296,0.016874226839348784,0.0288172532363171,1.717863420180951e-05,24,65,0.0198881435841627,0.05203731368727109,False,False,False,6.371023196417262e-06,COMPLETE
1013,0.5191287159919739,2025-04-17 09:48:33.239171,2025-04-17 09:49:00.634715,0 days 00:00:27.395544,0.0876935547999129,0.6743225509535278,16,0.2533337459245909,0.18991727552080745,0.09363704479406185,0.014176290025880224,0.014285532433050087,0.09817566865275416,1.1255651222549835e-05,25,68,0.026999303080060946,0.027007827709938842,False,False,False,4.086281606386051e-06,COMPLETE
1014,0.5066846013069153,2025-04-17 09:49:00.954236,2025-04-17 09:49:26.401868,0 days 00:00:25.447632,0.13930138383015922,0.6085800113554649,16,0.2398701082326455,0.20387737497590191,0.09114665223763645,0.007662770159838533,0.019890483958707874,0.09172238752782759,2.197860377307029e-05,21,59,0.02418464383773144,0.08128949686870089,False,False,False,5.775526264640868e-06,COMPLETE
1015,0.4873870491981506,2025-04-17 09:49:26.730851,2025-04-17 09:49:54.962568,0 days 00:00:28.231717,0.1922511398144436,0.5693384850605768,16,0.2263540083398701,0.24486252883927692,0.08555018705986092,0.011324343047146659,0.023654582852494187,0.08868041866833384,3.816652530670153e-05,26,96,0.029630327740936154,0.06662305241259407,False,False,False,1.5162209032725265e-07,COMPLETE
1016,0.4446846961975098,2025-04-17 09:49:55.290394,2025-04-17 09:50:22.266543,0 days 00:00:26.976149,0.10128582645260145,0.7298543478654973,16,0.24937979887875492,0.2756965043393024,0.05030058660378636,0.005388684211567885,0.017774875016866948,0.09996067721392883,2.6265485531554913e-05,24,66,0.017231807081241578,0.2904278476345936,False,False,False,8.576605605106565e-06,COMPLETE
1017,0.5075749754905701,2025-04-17 09:50:22.595464,2025-04-17 09:50:50.644435,0 days 00:00:28.048971,0.17411042293513443,0.5113157110683697,16,0.26066143703294914,0.19716566244381267,0.09711750044424174,0.008869616548126914,0.02749039208331899,0.0959205275736406,1.4065996300260503e-05,25,87,0.022213856688788017,0.08962264811081973,False,False,False,6.851623218500577e-07,COMPLETE
1018,0.10116273611783982,2025-04-17 09:50:50.978303,2025-04-17 09:51:15.652225,0 days 00:00:24.673922,0.22693808213096045,0.6396613886377704,16,0.23433728979175117,0.1764566926724332,0.08057067016268588,0.019369337585369628,0.021069236147198873,0.09338867644184894,3.1849904917445243e-05,25,62,0.019620484680303626,0.05906291416768216,False,False,True,3.947096507082222e-06,COMPLETE
1019,0.5078862190246582,2025-04-17 09:51:15.982449,2025-04-17 09:51:50.660895,0 days 00:00:34.678446,0.12746124838155104,0.6864446173365997,8,0.24479933598029296,0.18777891657879905,0.08897234862413367,0.012706580062618721,0.015708677066209365,0.09659659651767377,4.2691289459426726e-05,21,70,0.02582692350094394,0.07347746172160755,False,False,False,5.016109219430827e-06,COMPLETE
1020,0.5297893166542054,2025-04-17 09:51:50.976498,2025-04-17 09:52:18.630999,0 days 00:00:27.654501,0.15345711496190906,0.7158364986548909,16,0.27198570127716737,0.20836033050849467,0.08476531749045206,0.006248584452084009,0.019076373074278896,0.09772856745279593,1.879160182227555e-05,26,60,0.0463536876891764,0.035759516647549006,False,False,False,7.055834539300658e-06,COMPLETE
1021,0.380105072259903,2025-04-17 09:52:18.959894,2025-04-17 09:52:41.928762,0 days 00:00:22.968868,0.19966639903930536,0.6658674878387195,16,0.25514736942624605,0.05356719625704384,0.09436613848218045,0.011124812850695621,0.022590440223767622,0.08989586140956835,2.179615947863615e-05,13,18,0.023330554530002167,0.20248113308551133,True,False,False,1.4630134967075048e-08,COMPLETE
1022,0.49034080505371097,2025-04-17 09:52:42.259035,2025-04-17 09:53:09.414551,0 days 00:00:27.155516,0.05639167909532557,0.6984960823204924,16,0.22025851534907223,0.2006189704835878,0.0880718161126892,0.004108076095033341,0.012927474782314952,0.09459530752606388,5.2514379345909833e-05,24,66,0.015330540399708601,0.04190514152385044,False,False,False,2.7073064107155823e-07,COMPLETE
1023,0.1936415910720825,2025-04-17 09:53:09.743373,2025-04-17 09:54:22.824397,0 days 00:01:13.081024,0.11165298769430913,0.530639550289792,2,0.2667581587764306,0.26738132437804185,0.06830125773666941,0.015661083157983126,0.025315746061874998,0.09787303332802381,6.987079478490402e-05,20,56,0.027385168974758362,0.273338425234232,False,True,False,5.126111784472143e-06,COMPLETE
1024,0.5490105867385864,2025-04-17 09:54:23.161660,2025-04-17 09:54:49.720341,0 days 00:00:26.558681,0.17211671459444863,0.5956061046915438,16,0.23894591179741367,0.19410794325865385,0.09208918229521337,0.008157000158585406,0.03595178243269325,0.09193252893922213,2.8169744342866102e-05,23,69,0.02092288853289776,0.0531837553198177,False,False,False,3.661122854554498e-06,COMPLETE
1025,0.4838466286659241,2025-04-17 09:54:50.053877,2025-04-17 09:55:18.388744,0 days 00:00:28.334867,0.1450368022434311,0.5755186595097221,16,0.24942603832689508,0.18504469540478843,0.09267453206482046,0.007376466767495976,0.03516045609936946,0.0879749579279769,3.577617945146005e-05,27,63,0.06014245335673524,0.06218655249397546,False,False,False,3.31418872371837e-08,COMPLETE
1026,0.5281847953796387,2025-04-17 09:55:18.724552,2025-04-17 09:55:47.671623,0 days 00:00:28.947071,0.1644810444978107,0.5591767386353429,16,0.24254378676304278,0.18024983529395058,0.0917665637370279,0.008875526198731849,0.04355684680760882,0.09016838467389024,3.0782036637348114e-05,29,71,0.018362798641059035,0.05736971323171213,False,False,False,4.062714952616006e-06,COMPLETE
1027,0.48905338048934943,2025-04-17 09:55:47.991308,2025-04-17 09:56:15.434724,0 days 00:00:27.443416,0.1293582413206033,0.5829851626324369,16,0.256373058104044,0.19072423408576997,0.09460143390612523,0.006898068712743619,0.04129204688513627,0.09053866442482777,3.90334327696383e-05,25,68,0.021086938108251168,0.06728008925541457,False,False,False,9.530892230206379e-05,COMPLETE
1028,0.3223997533321381,2025-04-17 09:56:15.766512,2025-04-17 09:56:42.467552,0 days 00:00:26.701040,0.18122820294219372,0.5951213103467855,16,0.2459044612743139,0.19302237139728773,0.09095105057945096,0.009208232479549872,0.03329209845941124,0.09177528994592692,3.0535969670012394e-05,23,59,0.016641682097412045,0.05316894445727002,False,False,False,3.4316759751121843e-06,COMPLETE
1029,0.5043621897697449,2025-04-17 09:56:42.801092,2025-04-17 09:57:10.537182,0 days 00:00:27.736090,0.07255485408062745,0.587618182689458,16,0.23923649291765617,0.18461357407216392,0.09292742568582248,0.0049704159115392605,0.04848724275208507,0.08892251701408266,4.247911183705252e-05,26,53,0.018936638670659443,0.06324854402724882,False,False,False,9.102848772652675e-06,COMPLETE
1030,0.5041477680206299,2025-04-17 09:57:10.867584,2025-04-17 09:57:38.050687,0 days 00:00:27.183103,0.20323987697818557,0.6063730331361307,16,0.2518929860902589,0.19300584245608482,0.09550474754965574,0.007172875778134205,0.04333808595870842,0.09269462353235217,2.7791386830884313e-05,24,65,0.03134352752190902,0.07226597317839012,False,False,False,0.00019966056348627362,COMPLETE
1031,0.46968917846679686,2025-04-17 09:57:38.386543,2025-04-17 09:58:05.996050,0 days 00:00:27.609507,0.09653821603334556,0.6073286085635513,16,0.26320583907025574,0.17281055364174647,0.0903652030940521,0.003167539915544894,0.030920973431852752,0.08651079598195852,4.866108274862763e-05,25,89,0.043109231758619845,0.056176379908466786,False,False,False,8.100023071403741e-07,COMPLETE
1032,0.48914135694503785,2025-04-17 09:58:06.334852,2025-04-17 09:58:33.502664,0 days 00:00:27.167812,0.24218442031262108,0.6225160961238625,16,0.2588502661724007,0.18665079119620953,0.0967911874958456,0.009907906572037974,0.04022444022521865,0.09134081231611921,3.433682325272839e-05,24,62,0.02047363707061756,0.07660862008623105,False,False,False,3.5426794051489776e-06,COMPLETE
1033,0.34115429520607,2025-04-17 09:58:33.842655,2025-04-17 09:58:59.837307,0 days 00:00:25.994652,0.1492573017976063,0.5550025552372836,16,0.2478499255316218,0.16534820094062688,0.09294761008767492,0.005886822538339146,0.02782881976838814,0.09327090292137954,2.5822140767919407e-05,21,71,0.013949773210806352,0.09276302017347088,False,False,False,6.183410238239774e-06,COMPLETE
1034,0.48446297645568853,2025-04-17 09:59:00.158171,2025-04-17 09:59:24.998852,0 days 00:00:24.840681,0.11742363420363477,0.5886586799102453,16,0.23826110408757895,0.045939629539421045,0.09517362204157487,0.008403338034250583,0.029442080315111627,0.03414793491815045,3.785874895449503e-05,20,56,0.023232513353970877,0.0845311209605702,False,False,False,7.2578961203802965e-06,COMPLETE
1035,0.3280817687511444,2025-04-17 09:59:25.331400,2025-04-17 09:59:51.994816,0 days 00:00:26.663416,0.029200014583424694,0.6277593970360552,16,0.2526606945283861,0.1799324151760602,0.09100441274104143,0.004225834954996897,0.03776924325793453,0.0886831405663002,2.962992028851796e-05,23,67,0.005133948785696084,0.051809787797720344,False,False,False,4.793011175411479e-06,COMPLETE
1036,0.4816001892089844,2025-04-17 09:59:52.327998,2025-04-17 10:00:19.724256,0 days 00:00:27.396258,0.1703245138824499,0.6232636556064217,16,0.2750846021128638,0.19611921338404426,0.0979341717793271,0.01045250646168849,0.0352152787445604,0.09249783127558894,5.724060884574021e-05,25,73,0.025041026008488225,0.06170291356166732,False,False,False,1.004242263004897e-05,COMPLETE
1037,0.09083266407251359,2025-04-17 10:00:20.059573,2025-04-17 10:00:45.347653,0 days 00:00:25.288080,0.22599888837496016,0.5773190566581826,16,0.2637354239931773,0.2572172843009615,0.09324585802260668,0.006920247310365366,0.06551024105758776,0.09432921085130665,0.0001431104093078972,26,64,0.01804049409579435,0.10078955084534713,False,False,True,3.784002137144791e-06,COMPLETE
1038,0.5157374501228332,2025-04-17 10:00:45.684008,2025-04-17 10:01:15.170249,0 days 00:00:29.486241,0.1351777368163145,0.5410063371971818,16,0.2437900375462097,0.19572673512892705,0.09022295263321178,0.002318081873803851,0.03148983216507119,0.09064603447034299,2.5222180125341692e-05,30,59,0.021269677211485757,0.06705996840060352,False,False,False,0.0005955914133675351,COMPLETE
1039,0.4357170581817627,2025-04-17 10:01:15.510342,2025-04-17 10:01:44.224967,0 days 00:00:28.714625,0.7330708531161015,0.5915963910614028,16,0.2349517831175239,0.18853410970270584,0.09475297103417593,0.008693651314580959,0.0268040337998945,0.0937795516711095,0.0004066050319238465,28,70,0.029415339909072254,0.08065895074882141,False,False,False,5.315897716508769e-06,COMPLETE
1040,0.5060418844223022,2025-04-17 10:01:44.566640,2025-04-17 10:02:11.683356,0 days 00:00:27.116716,0.19055199545206633,0.6034417490128643,16,0.1832720866512441,0.26302674989705005,0.09195823701039448,0.0053462788791730316,0.03332514228612062,0.0313304915619102,3.5520342248236017e-05,24,62,0.026730284637522785,0.056663333698550596,False,False,False,8.222104084784616e-06,COMPLETE
1041,0.10287184417247773,2025-04-17 10:02:12.004638,2025-04-17 10:02:43.685005,0 days 00:00:31.680367,0.15599933695621748,0.6446783622296647,8,0.2585338469912113,0.2524003205596002,0.09669864323714045,0.010355348015363475,0.0241394144176324,0.08762899565998654,0.0006335583921407079,22,67,0.015057605610860003,0.04835459962128561,True,True,False,6.401857031665451e-06,COMPLETE
1042,0.4189821243286133,2025-04-17 10:02:44.021074,2025-04-17 10:03:11.270727,0 days 00:00:27.249653,0.20770099753085464,0.6184577336444196,16,0.2694266453452155,0.283520265230917,0.009069746107968554,0.007004388710961472,0.02262401148995894,0.09105550968789307,0.00010527225798205792,23,93,0.08478359663649054,0.06993083546697938,False,False,False,3.490402585903429e-06,COMPLETE
1043,0.4794291853904724,2025-04-17 10:03:11.609557,2025-04-17 10:03:39.041190,0 days 00:00:27.431633,0.26050874426235754,0.6272462087882791,16,0.28164231645675636,0.19870100754033249,0.08924624164694568,0.0027493824570989592,0.02162147167218105,0.09458939804721682,4.984406448355204e-05,25,70,0.02391015035021139,0.2360307869538359,False,False,False,4.113108816774815e-06,COMPLETE
1044,0.4849206209182739,2025-04-17 10:03:39.377941,2025-04-17 10:04:07.142641,0 days 00:00:27.764700,0.10590490467387896,0.6488052986929091,16,0.2505900320266339,0.24338333588546182,0.09347967747621529,0.009114703817146349,0.039382616337358956,0.08994952475510845,4.376274671734634e-05,26,64,0.01948235203953111,0.07843362868586914,False,False,False,3.082856597991132e-05,COMPLETE
1045,0.48519133329391484,2025-04-17 10:04:07.481103,2025-04-17 10:05:53.419059,0 days 00:01:45.937956,0.17603696894885587,0.4801383825821706,2,0.24296670086579497,0.18120929948473008,0.09818696379114529,0.0011575778811519287,0.025935737859135215,0.0929325503455225,2.3527312636096824e-05,27,74,0.0221997827369656,0.08737396780712708,False,False,False,3.102750794066718e-06,COMPLETE
1046,0.33478904366493223,2025-04-17 10:05:53.760455,2025-04-17 10:06:19.539584,0 days 00:00:25.779129,0.1409515256490383,0.5576494563992582,16,0.23151351973374976,0.19301537557389858,0.09579849950176894,0.00576773548911011,0.035669758071735565,0.09498062420638627,3.0741458378423206e-05,21,57,0.01732048021693815,0.06056667733465873,False,False,False,1.0794353444170843e-05,COMPLETE
1047,0.335461688041687,2025-04-17 10:06:19.879182,2025-04-17 10:06:47.019391,0 days 00:00:27.140209,0.12273449866468758,0.7396287379680885,16,0.2547065433135419,0.20066271134456637,0.09092347097627394,0.011330097388656452,0.025040789541128494,0.0952339457782031,3.7426288844864995e-05,24,60,0.00892832679648699,0.05209157835705566,False,False,False,1.0147275833706713e-08,COMPLETE
1048,0.554032599925995,2025-04-17 10:06:47.362066,2025-04-17 10:07:14.930473,0 days 00:00:27.568407,0.16325247912205818,0.6113152449454116,16,0.2645297218493145,0.18903650038259,0.08826059653938464,0.00806637928501916,0.023165765087949864,0.09233175321994079,2.314065318284265e-05,25,85,0.02055220668525367,0.09421886696014346,False,False,False,5.287186150237561e-06,COMPLETE
1049,0.4960501790046692,2025-04-17 10:07:15.254605,2025-04-17 10:07:43.844508,0 days 00:00:28.589903,0.1603649782286563,0.5963854848582908,16,0.2698344443440103,0.17338874253223224,0.09249683966052799,0.0049924036744065925,0.027573003585613962,0.09611468892428951,2.043091739003216e-05,26,84,0.01914269064016176,0.1048383885712598,False,False,False,4.966044886418375e-06,COMPLETE
1050,0.5166625499725341,2025-04-17 10:07:44.184302,2025-04-17 10:08:12.307601,0 days 00:00:28.123299,0.16520844482794023,0.574626582605953,16,0.2669205058312479,0.18337907258833563,0.09433548135940892,0.004095430330088027,0.024817730543155014,0.08916022697837006,1.688640019772055e-05,26,91,0.01692395270753109,0.11443634609208768,False,False,False,4.053351948679102e-06,COMPLETE
1051,0.4986308097839356,2025-04-17 10:08:12.646348,2025-04-17 10:08:40.367508,0 days 00:00:27.721160,0.14541098928173793,0.6069210980744267,16,0.2657576546473231,0.1869584782725509,0.09812670241471214,0.007498887495873598,0.02366109580106717,0.035053368712502364,2.2337973497210676e-05,25,86,0.020048379021281343,0.09761786852957866,False,False,False,8.449634132527238e-08,COMPLETE
1052,0.5230897545814515,2025-04-17 10:08:40.705669,2025-04-17 10:09:08.264688,0 days 00:00:27.559019,0.1834152305638289,0.5989370393761844,16,0.27496273680399913,0.17774473476328018,0.08943146345280648,0.007577817490087451,0.02852305402824413,0.09313244717436062,1.872324730592379e-05,25,87,0.018044311129731205,0.09602063041627773,False,False,False,5.3100717089477245e-06,COMPLETE
1053,0.5354183912277222,2025-04-17 10:09:08.605428,2025-04-17 10:09:36.639512,0 days 00:00:28.034084,0.15530410433083458,0.6089659084150995,16,0.28344193973714943,0.18988183263988095,0.09163811415445029,0.07390838041246345,0.02292976008683199,0.09625741982990599,2.40784968467353e-05,26,82,0.01224069850905703,0.10898422764596383,False,False,False,4.6967823385572695e-06,COMPLETE
1054,0.44128515720367434,2025-04-17 10:09:36.981297,2025-04-17 10:10:01.871809,0 days 00:00:24.890512,0.1303766610358497,0.6187301954489886,16,0.2628117153888647,0.18461023508028437,0.09543453498671797,0.0037192166599332352,0.02602603270214307,0.060017496003015224,1.5570368538242595e-05,19,86,0.06613021693749349,0.10285408364960923,False,False,False,3.119616319719425e-06,COMPLETE
1055,0.5281941175460816,2025-04-17 10:10:02.213752,2025-04-17 10:10:30.042102,0 days 00:00:27.828350,0.17379326028769476,0.6322398136977384,16,0.261628931892442,0.17748294585646818,0.08895572368353002,0.005442822878820916,0.022471897091551358,0.09434189693163551,2.0667795141741848e-05,25,81,0.01618561810392636,0.12654245866414127,False,False,False,6.177454124236638e-06,COMPLETE
1056,0.1010511875152588,2025-04-17 10:10:30.390489,2025-04-17 10:10:55.961641,0 days 00:00:25.571152,0.08654402015145647,0.5775530510357001,16,0.27562605842063,0.1704187686800259,0.09399583898851605,0.00831476453521675,0.026139874531393242,0.027700123098527728,2.6269377888715523e-05,27,79,0.020735637196318088,0.050056126894747095,False,False,True,4.371486556168827e-06,COMPLETE
1057,0.4362297117710114,2025-04-17 10:10:56.287831,2025-04-17 10:11:15.614824,0 days 00:00:19.326993,0.14639843558172588,0.5711365576088413,16,0.26729916585959534,0.19094177856317968,0.09636982477724292,0.04581376857836206,0.021511909500028306,0.0868175602604499,1.8241264015201998e-05,6,85,0.018700305462216047,0.09557831597230107,False,False,False,3.3940773572614805e-06,COMPLETE
1058,0.540285062789917,2025-04-17 10:11:15.954059,2025-04-17 10:11:44.142530,0 days 00:00:28.188471,0.18853445582742473,0.6345528503665875,16,0.05119774360352905,0.18257587362611782,0.09178965269015497,0.006824844461148928,0.02338879980030377,0.09240962111967223,2.2951488109369215e-05,26,89,0.014899817499011732,0.09302137235233897,False,False,False,5.299372466843212e-06,COMPLETE
1059,0.1114361122250557,2025-04-17 10:11:44.483731,2025-04-17 10:12:09.187166,0 days 00:00:24.703435,0.11963889959493469,0.5374671820102735,16,0.2718876652251677,0.18898746995870302,0.08782260269546993,0.0028105825951043033,0.021411188088710308,0.09708407275649648,2.7626743759256463e-05,25,82,0.022081994484879117,0.05696962754369218,False,True,False,4.948438843596874e-07,COMPLETE
1060,0.4478908777236939,2025-04-17 10:12:09.528363,2025-04-17 10:12:40.221826,0 days 00:00:30.693463,0.16085688078460453,0.613278341462021,16,0.25764093827422085,0.25806939083060126,0.09337050863689565,0.00605842841062857,0.02358708479177143,0.0909614769534603,1.4629473450843597e-05,26,85,0.01996888104666222,0.06495785447212363,True,False,False,6.370057733460823e-06,COMPLETE
1061,0.45862894058227544,2025-04-17 10:12:40.563079,2025-04-17 10:13:06.159306,0 days 00:00:25.596227,0.1745699949320907,0.6035101333463498,16,0.261610021344382,0.19538172904150086,0.09778974504776165,0.008638794467834499,0.024865152154996014,0.09572982085551575,0.0030899033415753654,20,88,0.021108332911490283,0.04448332429815651,False,False,False,3.7918665817818083e-06,COMPLETE
1062,0.46763345003128054,2025-04-17 10:13:06.503664,2025-04-17 10:13:34.114330,0 days 00:00:27.610666,0.10412677994970065,0.6356385002345234,16,0.272189914039485,0.1876502805557041,0.08979956496170499,0.004569567697741581,0.020736060723092007,0.0982760775297189,2.1063239237601404e-05,25,90,0.01753901320933535,0.060558920566456904,False,False,False,0.00034529881337220483,COMPLETE
1063,0.47830504179000854,2025-04-17 10:13:34.456142,2025-04-17 10:14:08.694419,0 days 00:00:34.238277,0.1352363403755953,0.5919062407401169,8,0.25820074036749235,0.06418717946715978,0.09813712464608572,0.0011148508346685605,0.027716663377504672,0.09365016984647478,1.741044157271719e-05,21,84,0.022675466933081864,0.09020933305040738,False,False,False,4.637868550120793e-05,COMPLETE
1064,0.48259547948837284,2025-04-17 10:14:09.037706,2025-04-17 10:14:36.981351,0 days 00:00:27.943645,0.19284019033712574,0.653382859061177,16,0.27889368549425936,0.1792816622171331,0.07450209050393376,0.010053306703986933,0.01980475759771788,0.08806050470299884,2.6555866849193164e-05,25,77,0.019984342943862077,0.053959566305698446,False,False,False,4.388161646714269e-06,COMPLETE
