number,value,datetime_start,datetime_complete,duration,params_alpha-eval,params_alpha-train,params_batch-size,params_eps-eval,params_eps-train,params_lambda-actions-eval,params_lambda-actions-train,params_lambda-frames-eval,params_lambda-frames-train,params_learning-rate,params_n-epochs,params_n-frames,params_radius-gw,params_rho,params_std-feats,params_ub-actions,params_ub-frames,params_weight-decay,state
623,0.3362796902656555,2025-04-09 22:31:03.211114,2025-04-09 22:31:49.830975,0 days 00:00:46.619861,0.48385078180640767,0.8996339784950702,2,0.2557872640007652,0.041005378260652994,0.06573969927919175,0.09503245104543809,0.07775898072159522,0.05912292311745985,0.004586785214029557,8,100,0.0046130275772074455,0.03562579846402181,False,False,False,2.64502388067274e-07,COMPLETE
624,0.5583827376365662,2025-04-09 22:31:50.036590,2025-04-09 22:32:13.602364,0 days 00:00:23.565774,0.470269355399347,0.4367398172232057,8,0.21859135468136057,0.021440540604324834,0.06074336324540882,0.09848741414101192,0.07181553394373763,0.06305460039110698,0.007149324310385481,8,93,0.007282154417972192,0.040313118679806526,False,False,False,4.224079248498069e-07,COMPLETE
625,0.36080923676490784,2025-04-09 22:32:13.796773,2025-04-09 22:33:03.338416,0 days 00:00:49.541643,0.4392841481696375,0.4604965239860128,2,0.23787287214178315,0.046063174732628095,0.06343932788709719,0.09545270918689688,0.07402003184484558,0.05985676488565225,0.004299744186045849,9,78,0.0057772012709171785,0.02723648429468057,False,False,False,3.261905465674876e-07,COMPLETE
626,0.08474342823028565,2025-04-09 22:33:03.544769,2025-04-09 22:33:44.697901,0 days 00:00:41.153132,0.41981960839281796,0.42404596601397515,2,0.24643841236672398,0.03542756330147802,0.06476896545224284,0.09318060993294175,0.07482174195027548,0.06127282834418496,0.0053201565348802785,8,76,0.0031789504071669814,0.17246004693890143,False,False,True,2.0752207691069942e-07,COMPLETE
627,0.5038785219192505,2025-04-09 22:33:44.893603,2025-04-09 22:34:10.012049,0 days 00:00:25.118446,0.4722262155988748,0.46708878408824445,8,0.2562709748737652,0.027365922456183203,0.06162559395560413,0.09769354202246036,0.07736855111663549,0.05749498002951535,0.006740961912824448,10,73,0.008398566287725137,0.021789086044247116,False,False,False,7.3896354568637e-08,COMPLETE
628,0.5462032318115235,2025-04-09 22:34:10.219889,2025-04-09 22:34:56.685034,0 days 00:00:46.465145,0.40564819506828353,0.39695939757238413,2,0.09336621010851795,0.041598549624753414,0.06428898478708714,0.09991350449332087,0.07532707230687641,0.06364738501529695,0.007735902474888522,8,105,0.004875588868094185,0.0323871391757104,False,False,False,2.3236666528904608e-07,COMPLETE
629,0.5185878634452821,2025-04-09 22:34:56.879874,2025-04-09 22:35:16.702673,0 days 00:00:19.822799,0.45213715793677756,0.4382907051985869,16,0.24281328871419358,0.03240626205429569,0.05946254351357154,0.09506768199435797,0.07055893622845842,0.07400055204322441,0.005883756246167741,8,72,0.003385489949226972,0.01412226767832752,False,False,False,3.0885821621921087e-07,COMPLETE
630,0.3969616055488587,2025-04-09 22:35:16.910200,2025-04-09 22:36:05.997049,0 days 00:00:49.086849,0.49569438444698394,0.4481628120222828,2,0.22689805340523125,0.04785821050201156,0.05960500522477537,0.09745451468169476,0.07312481154742158,0.06622965239362663,0.0038147057171065432,9,69,0.008005078377961005,0.03989478550497649,False,False,False,4.6835932431493503e-07,COMPLETE
631,0.5027013063430786,2025-04-09 22:36:06.195799,2025-04-09 22:36:29.711312,0 days 00:00:23.515513,0.4228345018154029,0.41717961132898,8,0.256657843450984,0.03854122087453438,0.06200982068282514,0.09323436923879662,0.07806475153466712,0.06303771524115714,0.007122507008867121,8,79,0.006534620511149096,0.044006982336568606,False,False,False,1.8242014165520815e-07,COMPLETE
632,0.5236785888671875,2025-04-09 22:36:29.917248,2025-04-09 22:37:13.604239,0 days 00:00:43.686991,0.39673001951654474,0.467788119746643,2,0.2580112612662415,0.023408727938730195,0.07005899173038461,0.09673778462457162,0.07186362474596283,0.07848793903157393,0.006746401936939066,7,134,0.002919396537427348,0.26188833597535266,False,False,False,1.0978387435645672e-07,COMPLETE
633,0.33486310839653016,2025-04-09 22:37:13.800380,2025-04-09 22:38:00.304916,0 days 00:00:46.504536,0.462220840294432,0.429558766466248,2,0.04768746175519738,0.21185094024520493,0.06494898177766546,0.09446946841477981,0.07898683760210116,0.0654212368339116,0.008089812037939357,8,70,0.00972559097504562,0.03623484266974309,True,False,False,5.160734587778238e-08,COMPLETE
634,0.5101595520973206,2025-04-09 22:38:00.514421,2025-04-09 22:38:24.996861,0 days 00:00:24.482440,0.5023980374473305,0.3847947488405856,8,0.24741334932345488,0.03923614556677694,0.061979541582298306,0.09140762367350466,0.06893169585995473,0.06068292309711857,0.008703601359007837,9,100,0.005815838818628318,0.025534716665509792,False,False,False,1.4586988361008993e-07,COMPLETE
635,0.4681053280830384,2025-04-09 22:38:25.197433,2025-04-09 22:39:17.480754,0 days 00:00:52.283321,0.44298728654046354,0.45225402039481005,2,0.2532373259455396,0.0315695644944127,0.06031893956074331,0.0972412237954522,0.07433801458839269,0.0539750444886697,0.005182815557808555,10,75,0.004488193390507952,0.03195019535269147,False,False,False,2.4589697620870366e-07,COMPLETE
636,0.3073725521564484,2025-04-09 22:39:17.690029,2025-04-09 22:39:55.358256,0 days 00:00:37.668227,0.4210179598469447,0.4059513487387884,2,0.23591636745852723,0.047024277719300754,0.05928777887666432,0.09799336649245025,0.07241228958960545,0.06267217857214673,0.00892611238739164,7,68,0.008926779617306013,0.04689353456145459,False,True,False,2.0030157851691741e-07,COMPLETE
637,0.3395836591720581,2025-04-09 22:39:55.560078,2025-04-09 22:40:19.146091,0 days 00:00:23.586013,0.4826048639392022,0.4786087247733934,8,0.10309757682695435,0.19732243962365253,0.05828583263309371,0.09573452115138574,0.07081010561850049,0.056921895190512245,0.0006046892892040428,8,86,0.0028128325242037433,0.03852550781153608,False,False,False,8.378752226813811e-07,COMPLETE
638,0.4888462424278259,2025-04-09 22:40:19.356220,2025-04-09 22:41:09.028743,0 days 00:00:49.672523,0.3916085151586146,0.4702211498302226,2,0.1573849233392533,0.02647584005768025,0.06698877480256492,0.09969564942190724,0.07636614829176737,0.07288905051103105,0.006241825705878782,9,82,0.007025167451988252,0.01786152211906234,False,False,False,1.2507406681892096e-07,COMPLETE
639,0.4580613970756531,2025-04-09 22:41:09.229896,2025-04-09 22:41:28.931817,0 days 00:00:19.701921,0.456309406454648,0.4351276922587936,16,0.25856551732427036,0.04304612430258077,0.057695870217463745,0.0034531883522032833,0.07988016771416015,0.0769081526518404,0.007676368517709937,7,71,0.009728029955478456,0.024756903750177167,False,False,False,2.9624303594891906e-07,COMPLETE
640,0.49396260976791384,2025-04-09 22:41:29.144137,2025-04-09 22:42:50.408653,0 days 00:01:21.264516,0.3671601010893697,0.44851737334396236,2,0.24358498340369017,0.03500077235075283,0.0636522548912447,0.09326932870204731,0.06940416882875965,0.06659888931284759,0.010746935468590901,19,76,0.004678598509879767,0.030478106158812475,False,False,False,7.807010388916519e-08,COMPLETE
641,0.41256102323532107,2025-04-09 22:42:50.611231,2025-04-09 22:43:14.241766,0 days 00:00:23.630535,0.4913425606941298,0.3631708384312021,8,0.07178579040877672,0.052349838650852576,0.060970162241667986,0.0949098661226631,0.07741030090930204,0.06482488412775701,0.009673722751820355,8,93,0.006732040134298227,0.04339669763665976,False,False,False,1.6464528893878222e-07,COMPLETE
642,0.5749011158943176,2025-04-09 22:43:14.453264,2025-04-09 22:44:00.892305,0 days 00:00:46.439041,0.43378536585040195,0.4180009842244657,2,0.20085325327909,0.0393922317917485,0.07466866313554947,0.09790038560342551,0.08067213847480646,0.06151280954715148,0.007408352560899699,8,69,0.002481821463935976,0.051414592553686786,False,False,False,3.7781319246071875e-07,COMPLETE
643,0.5100406527519227,2025-04-09 22:44:01.092342,2025-04-09 22:44:44.022915,0 days 00:00:42.930573,0.4215927535413533,0.41137038560161304,2,0.20857660223942767,0.029514107845928866,0.07531805386070659,0.09826774944691734,0.08059752580380143,0.05940857775919904,0.0056318322691542326,7,72,0.002546722606966978,0.050122346537417935,False,False,False,3.953489503682218e-07,COMPLETE
644,0.49726514816284184,2025-04-09 22:44:44.239798,2025-04-09 22:45:33.442086,0 days 00:00:49.202288,0.4565274315610366,0.39345459017812556,2,0.2233582295666661,0.03706720970297586,0.0808498466302055,0.09632052570260784,0.07925629922944354,0.009713052573487809,0.006653320513477766,9,74,0.0021478023652559634,0.24873428237648537,False,False,False,5.270095909198879e-07,COMPLETE
645,0.09883325546979904,2025-04-09 22:45:33.643407,2025-04-09 22:45:53.978511,0 days 00:00:20.335104,0.4395062063113519,0.4175271986771569,8,0.2142155991517594,0.021602593028419867,0.07872824849222085,0.09998563057735109,0.08105936485103635,0.05885146789001319,0.00766658458907292,7,69,0.004397846858007063,0.05323645151403479,False,False,True,5.567097248906877e-07,COMPLETE
646,0.49262975454330443,2025-04-09 22:45:54.189404,2025-04-09 22:46:40.103251,0 days 00:00:45.913847,0.41505088411869534,0.38896153433124875,2,0.06003631152851542,0.032296276203543056,0.06822749042343429,0.0972863207055596,0.07935046832936797,0.059948503742387874,0.00529970777532732,8,80,0.0011404269457301938,0.010541678450553796,False,False,False,3.784315277894464e-07,COMPLETE
647,0.48909065723419193,2025-04-09 22:46:40.319314,2025-04-09 22:47:00.378535,0 days 00:00:20.059221,0.3989327022623561,0.43233288891358584,16,0.23157916446394722,0.04203024310025986,0.08846735033846541,0.09458733426185799,0.07608731936459871,0.06154040075915288,0.004009165629171156,8,68,0.0028104733590651313,0.021646917148901924,False,False,False,4.520914939663128e-07,COMPLETE
648,0.5139238476753235,2025-04-09 22:47:00.579408,2025-04-09 22:48:06.345328,0 days 00:01:05.765920,0.4488020919072508,0.033216286689492454,2,0.20342136153366713,0.0374565130939426,0.07265107873129832,0.0921021652005572,0.08120369881231462,0.05227576227599992,0.00664067575620891,14,71,0.005481868133681455,0.05335977181088424,False,False,False,2.8966461545040207e-07,COMPLETE
649,0.4845566511154175,2025-04-09 22:48:06.560717,2025-04-09 22:48:29.135935,0 days 00:00:22.575218,0.4343384687552995,0.36630816922057874,8,0.2520511848909903,0.01664021580054861,0.06488877340424812,0.09719526984758997,0.07797014688700696,0.05704875619938502,0.008244007808242406,7,67,0.09086877669657978,0.03595586358957192,False,False,False,6.402097467310489e-07,COMPLETE
650,0.5085920214653016,2025-04-09 22:48:29.339157,2025-04-09 22:49:19.377589,0 days 00:00:50.038432,0.4638934195276023,0.4521361731884857,2,0.2630785293400695,0.0280941993207331,0.06746014476409562,0.09854567506131537,0.08134836014933922,0.015744773374749686,0.0048554852671837435,9,73,0.004232647512141063,0.047774015864425305,False,False,False,3.6060260304202915e-07,COMPLETE
651,0.4892594814300537,2025-04-09 22:49:19.594320,2025-04-09 22:50:02.977976,0 days 00:00:43.383656,0.39958179187271686,0.41288909407996466,2,0.1941362976034935,0.04168584539610955,0.06161532992066904,0.09499778307858918,0.07518981097436256,0.05045100259231291,0.007159472982334614,7,75,0.007257500671269179,0.1305013103384096,False,False,False,3.1522142761611914e-07,COMPLETE
652,0.4338291764259338,2025-04-09 22:50:03.184287,2025-04-09 22:50:39.840982,0 days 00:00:36.656695,0.3757142637964508,0.4677893720493755,8,0.19853561018520896,0.03384229219719678,0.08563669994074632,0.09615361871026573,0.07773365687753189,0.05463411913051888,0.009053647423411313,24,97,0.038140317201748944,0.014999546954801945,False,False,False,2.51296369110941e-07,COMPLETE
653,0.5456893920898438,2025-04-09 22:50:40.060857,2025-04-09 22:51:36.212563,0 days 00:00:56.151706,0.4239696766878505,0.3417312167854345,2,0.2384076440253066,0.02380508231666607,0.07674438723613096,0.09984650705699517,0.08153903028685987,0.061816974416601965,0.005873135616114432,11,70,0.0011213671154339448,0.005143812156376659,True,False,False,2.0837595911650748e-06,COMPLETE
654,0.42765072584152225,2025-04-09 22:51:36.418337,2025-04-09 22:52:29.072013,0 days 00:00:52.653676,0.4042352629487137,0.4369012646263743,2,0.0106271855952245,0.043230217467009883,0.07070695525126307,0.09297488818829408,0.07249236387587081,0.0715241423544155,0.007747596528378051,10,78,0.005687957701180576,0.028999211020527778,False,False,False,3.898144936710729e-08,COMPLETE
655,0.2035382091999054,2025-04-09 22:52:29.291516,2025-04-09 22:52:50.344767,0 days 00:00:21.053251,0.4710986755093998,0.3979015594996034,8,0.25995234647259574,0.0085424565162808,0.07409691103355484,0.09813810427336832,0.0800092980946444,0.06297876673478553,0.00985635714137425,8,70,0.0028469958855968486,0.03633847391350757,False,True,False,4.7429886927665476e-07,COMPLETE
656,0.5483157634735107,2025-04-09 22:52:50.552909,2025-04-09 22:53:33.563242,0 days 00:00:43.010333,0.3526764599854548,0.45395833708399563,2,0.24714059877702577,0.03774605786189062,0.07893832545191597,0.09121375468149759,0.07357045432509131,0.07542782907609334,0.001442954817857182,7,67,0.008375632628681387,0.058594061915553476,False,False,False,3.6885469699058276e-07,COMPLETE
657,0.5140094518661499,2025-04-09 22:53:33.780845,2025-04-09 22:53:53.803205,0 days 00:00:20.022360,0.43692172016937636,0.42071314117180797,16,0.25525253587137453,0.028953444020518495,0.03856735277765699,0.0955581296418529,0.08221518107585413,0.05993648768657484,0.009230743979647358,8,76,0.0043531553129785095,0.09532220388754523,False,False,False,2.4906400833527154e-07,COMPLETE
658,0.36477907299995427,2025-04-09 22:53:54.007707,2025-04-09 22:54:43.313929,0 days 00:00:49.306222,0.38727084913098486,0.4743651402539028,2,0.26367907119691375,0.04705615367027265,0.07149235115539507,0.0965840471519158,0.07632193857052212,0.05686980771039867,0.00630370730950401,9,73,0.006506377135452851,0.023640939869552475,False,False,False,4.791305993822043e-06,COMPLETE
659,0.5242875099182129,2025-04-09 22:54:43.531596,2025-04-09 22:55:06.487820,0 days 00:00:22.956224,0.4115803038531398,0.37983578584126443,8,0.08371433569026498,0.03447499185117389,0.043591674282064244,0.09348690865867963,0.0825054027996315,0.06811645347582948,0.008264230678632602,7,65,0.0010755317590995994,0.04378282229693861,False,False,False,7.367883560839245e-07,COMPLETE
660,0.3417632281780243,2025-04-09 22:55:06.693871,2025-04-09 22:56:05.632716,0 days 00:00:58.938845,0.449873422003542,0.43957653960248744,2,0.25276453583239844,0.047067507578673715,0.06585173902928798,0.09999083218568484,0.0783918546634583,0.06391995689826345,0.011191200533085283,12,82,0.008983040212111066,0.03137825888836482,False,False,False,3.088491263207792e-07,COMPLETE
661,0.5975817799568177,2025-04-09 22:56:05.850035,2025-04-09 22:56:52.597274,0 days 00:00:46.747239,0.48197555013094795,0.4229716177762638,2,0.24110333190750982,0.03856539800681398,0.06235295573717768,0.007766974554693253,0.07057255031933111,0.06156596141955558,0.0008792576963593084,8,120,0.003286214866161233,0.040856561329671796,False,False,False,2.055231921264384e-07,COMPLETE
662,0.39840800166130064,2025-04-09 22:56:52.808226,2025-04-09 22:57:42.899994,0 days 00:00:50.091768,0.46754426553469414,0.4046566752185766,2,0.22912976659556808,0.05159475038867601,0.0642082216769783,0.09760674537274061,0.07092332982167388,0.033094446907479425,0.0009332855471385617,9,112,0.0028706497913262635,0.04554405112216051,False,False,False,2.062382310916155e-07,COMPLETE
663,0.5036987781524658,2025-04-09 22:57:43.118889,2025-04-09 22:58:29.947605,0 days 00:00:46.828716,0.4876105933017112,0.4252293888750947,2,0.23735654484263616,0.040754328461651446,0.06315563425623531,0.009097767550917362,0.07386751605402779,0.06165783164675745,0.0011234604722453244,8,67,0.003908116578276747,0.05457187147236284,False,False,False,1.9846845514440433e-07,COMPLETE
664,0.42574177384376527,2025-04-09 22:58:30.156361,2025-04-09 22:59:19.993320,0 days 00:00:49.836959,0.4838662128362065,0.32504824885312944,2,0.22584648034216226,0.05500900895571859,0.06084879528510066,0.0055992394305463735,0.0694475429014216,0.05846666052517858,0.0008370456259950824,9,139,0.0028227516863346958,0.04038060124236574,False,False,False,5.499424712141078e-08,COMPLETE
665,0.5058133602142334,2025-04-09 22:59:20.212005,2025-04-09 23:00:13.293665,0 days 00:00:53.081660,0.49785379958844334,0.37637087020574533,2,0.23570173048862467,0.0454684421092088,0.06438640100873808,0.004792161630338723,0.0717971667876888,0.05580538495669087,0.0008222257625963295,10,72,0.004068840035332295,0.05035101112408195,False,False,False,1.593918638822068e-07,COMPLETE
666,0.11500137746334077,2025-04-09 23:00:13.517608,2025-04-09 23:01:30.098033,0 days 00:01:16.580425,0.45825934093889054,0.41318217739703356,2,0.24420769675645287,0.03917124705977401,0.05883093907239885,0.008563926560014326,0.06849757454486342,0.048381354384364174,0.0007007824125064685,21,130,0.0012508658019893168,0.017099712750732535,False,False,True,2.2337259340812848e-07,COMPLETE
667,0.4987493872642517,2025-04-09 23:01:30.306118,2025-04-09 23:02:16.718997,0 days 00:00:46.412879,0.4726342552006736,0.3560289002735778,2,0.24212225182436942,0.03445617041428535,0.06308885608413124,0.007344776581947848,0.07058078360554723,0.06580625693457892,0.0006386146268094235,8,124,0.005252323289010954,0.0344839752091668,False,False,False,1.3200084652912309e-06,COMPLETE
668,0.4246831297874451,2025-04-09 23:02:16.940920,2025-04-09 23:03:03.814016,0 days 00:00:46.873096,0.4339825465752755,0.4314820589894954,2,0.23248882590158992,0.04968079824973375,0.06665586557086489,0.003102852385072073,0.07530219825012227,0.07280847359577088,0.0010415360075189698,8,110,0.00615949836648216,0.02560840508284757,False,False,False,6.719488389874316e-08,COMPLETE
669,0.5610005259513855,2025-04-09 23:03:04.022869,2025-04-09 23:03:53.878759,0 days 00:00:49.855890,0.5025046411726066,0.397831933056051,2,0.21901743420865488,0.04268360603646126,0.06067122501903293,0.006406129559327515,0.07406821424168163,0.05855645090693114,0.0011013162651432268,9,102,0.002811078531576061,0.04568075045687531,False,False,False,9.399376422430739e-08,COMPLETE
670,0.43212531208992006,2025-04-09 23:03:54.101841,2025-04-09 23:04:44.282409,0 days 00:00:50.180568,0.5090654263186856,0.39390099884707747,2,0.21323829183800003,0.03937232090749191,0.07565104394349577,0.006773205023243285,0.07356887688688678,0.05678645801263914,0.002723444242026948,9,105,0.0010001813465106897,0.05981270486713705,False,False,False,9.510202454310632e-08,COMPLETE
671,0.5056161999702454,2025-04-09 23:04:44.492335,2025-04-09 23:05:34.184173,0 days 00:00:49.691838,0.4966362905675822,0.3787882323153215,2,0.21899220728540855,0.044039890945013926,0.05927731356285744,0.0057794466590302355,0.07701822968687004,0.05842506316288953,0.0003699061156732639,9,102,0.0031996295136072876,0.0555439456855802,False,False,False,9.290704058311134e-08,COMPLETE
672,0.5132519960403443,2025-04-09 23:05:34.405277,2025-04-09 23:06:25.243342,0 days 00:00:50.838065,0.5169500954059346,0.4043689653455863,2,0.2213729134897235,0.02918960391400907,0.06244612336943895,0.007244636886727371,0.0737998086019026,0.05459224376305387,9.876045531244894e-05,9,126,0.0027228950057867764,0.04780877309572004,False,False,False,1.0533965066022318e-07,COMPLETE
673,0.3864185452461243,2025-04-09 23:06:25.454179,2025-04-09 23:07:12.713565,0 days 00:00:47.259386,0.4832224379100982,0.34571017552938355,2,0.21867600271197518,0.03593462354207001,0.07264194508877551,0.0057717112845839524,0.07549929305395753,0.05986648800963364,0.004812156415466169,8,116,0.004293025419037364,0.04899626677294629,True,False,False,6.18535568932169e-08,COMPLETE
674,0.5773513555526734,2025-04-09 23:07:12.939887,2025-04-09 23:08:02.044994,0 days 00:00:49.105107,0.4648779603891217,0.37469074276870007,2,0.20635009456969503,0.04361327273698688,0.06143229034646672,0.004709830223163293,0.07247631923855351,0.05812828719318875,0.006478214135831024,9,86,0.0011454622967311096,0.04285277547809374,False,False,False,8.32685469982133e-08,COMPLETE
675,0.4303149223327637,2025-04-09 23:08:02.256601,2025-04-09 23:08:48.792298,0 days 00:00:46.535697,0.4678508371436314,0.38815214423981304,2,0.19114121763642508,0.04705499780338973,0.07448974906798994,0.004375856455347435,0.07029427138416874,0.060832180398906886,0.005498022139052433,8,78,0.002001278904870141,0.04068052504875145,False,False,False,4.647711043054657e-08,COMPLETE
676,0.12691697776317598,2025-04-09 23:08:49.015015,2025-04-09 23:09:31.504048,0 days 00:00:42.489033,0.465205977896603,0.3420957782385329,2,0.20634025253287913,0.032250112793887085,0.06182550058189495,0.004480838372673041,0.07140619726704889,0.0567415101428699,0.006450150998816338,9,82,0.002599169630323341,0.041052316107590636,False,True,False,1.20322201003306e-07,COMPLETE
677,0.5551906347274781,2025-04-09 23:09:31.716490,2025-04-09 23:10:17.731982,0 days 00:00:46.015492,0.429791947561985,0.35836981355854747,2,0.20164009699117766,0.0393883741133355,0.06529288463530639,0.0021881781813098866,0.07174966225853562,0.052967083884994916,0.00586749545101503,8,80,0.004764349400258735,0.050230089758880096,False,False,False,7.828559711875938e-08,COMPLETE
678,0.5138269543647767,2025-04-09 23:10:17.953857,2025-04-09 23:11:04.698059,0 days 00:00:46.744202,0.447936077645085,0.37840921764858615,2,0.18297932919979004,0.025860842632590423,0.06007734316213355,0.003694460807573567,0.07883671549158973,0.060000316037324475,0.006347521756193427,8,148,0.0012126777796738562,0.03963268555350495,False,False,False,4.646626553766803e-05,COMPLETE
679,0.43401646614074707,2025-04-09 23:11:04.922049,2025-04-09 23:11:51.272695,0 days 00:00:46.350646,0.4793737340527446,0.3599141434958863,2,0.19108748020916347,0.0511099551486337,0.06330739793652469,0.0020547427177454933,0.07269640180534431,0.06106903006998366,0.004894495248774965,8,82,0.004529903505431043,0.05230531490868634,False,False,False,6.141417999348951e-08,COMPLETE
