number,value,datetime_start,datetime_complete,duration,params_alpha-eval,params_alpha-train,params_batch-size,params_eps-eval,params_eps-train,params_lambda-actions-eval,params_lambda-actions-train,params_lambda-frames-eval,params_lambda-frames-train,params_learning-rate,params_n-epochs,params_n-frames,params_radius-gw,params_rho,params_std-feats,params_ub-actions,params_ub-frames,params_weight-decay,state
1681,0.4890641808509827,2025-04-17 15:02:49.391169,2025-04-17 15:03:12.947852,0 days 00:00:23.556683,0.03331317299678814,0.8010644487556832,16,0.18182162997544848,0.24756823772780237,0.06933410745134438,0.095557586610387,0.025358722869551716,0.029843718306484166,7.670794813485728e-05,16,62,0.029541954633124305,0.07989830119964292,False,False,False,2.7489556714738e-08,COMPLETE
1682,0.504409921169281,2025-04-17 15:03:13.485646,2025-04-17 15:03:37.849224,0 days 00:00:24.363578,0.06971545093370146,0.7638750212782213,16,0.17708281893126546,0.2937228469274397,0.06455353140745157,0.08673109619148892,0.027562052064207046,0.03151617045293711,4.953920981501624e-05,18,56,0.023694238681387807,0.09706651737394915,False,False,False,6.065278385763546e-08,COMPLETE
1683,0.49414134025573736,2025-04-17 15:03:38.412826,2025-04-17 15:04:02.585390,0 days 00:00:24.172564,0.04887164276060885,0.8391531339463587,16,0.18798389048798297,0.25533330916539054,0.07293864350624221,0.0836227600186198,0.029046442020163907,0.0336659195285189,6.148560983083657e-05,17,63,0.021665893393521048,0.08803558532229253,False,False,False,4.9218598950086354e-08,COMPLETE
1684,0.5030330657958985,2025-04-17 15:04:03.127164,2025-04-17 15:04:28.206113,0 days 00:00:25.078949,0.09326070003060866,0.7811373705846286,16,0.20319016870743772,0.2374723969640073,0.0657488883650912,0.08892402251454909,0.03287809527034356,0.02402714521740826,4.2403127645271855e-05,20,59,0.02744743704813421,0.0782799739951295,False,False,False,8.518019376306002e-08,COMPLETE
1685,0.48135764598846437,2025-04-17 15:04:28.768320,2025-04-17 15:04:58.933720,0 days 00:00:30.165400,0.1132332839738161,0.7506488579460338,8,0.16580468863004133,0.22241978636066398,0.07122291659877088,0.08580293333893975,0.02501412108686601,0.03596368489501081,5.48027799159533e-05,15,142,0.025080933169108987,0.1015011075743602,False,False,False,3.5734911732804496e-08,COMPLETE
1686,0.49146614074707035,2025-04-17 15:04:59.476837,2025-04-17 15:05:23.603902,0 days 00:00:24.127065,0.028849844894193545,0.7337489413332283,16,0.19712139017783192,0.2624735151764177,0.067930596785422,0.09041485273872607,0.026949310020294086,0.026330468560975113,7.000586213276868e-05,16,63,0.02037619910958874,0.07284870452755123,False,False,False,4.373401414339963e-08,COMPLETE
1687,0.09572426527738573,2025-04-17 15:05:24.169266,2025-04-17 15:05:46.565965,0 days 00:00:22.396699,0.7190077704397798,0.7708807862552142,16,0.18920704916080341,0.27172878848933035,0.06940289935580958,0.09418699294049881,0.03142022358695661,0.03174203413696853,3.560520599282014e-05,19,53,0.031093227631832438,0.09239268798614786,False,False,True,3.064735798561534e-08,COMPLETE
1688,0.5265496730804443,2025-04-17 15:05:47.112551,2025-04-17 15:06:08.475200,0 days 00:00:21.362649,0.07260830853845157,0.8175058427036295,16,0.20220496066063287,0.2844057548997813,0.06493930609333005,0.0924389717432678,0.040228571162310225,0.03532181486370491,9.630217189926483e-05,11,60,0.02320105149641454,0.10823441989115173,False,False,False,2.121969146132075e-08,COMPLETE
1689,0.5050131320953369,2025-04-17 15:06:09.010171,2025-04-17 15:06:33.604227,0 days 00:00:24.594056,0.08840177539244733,0.7941302645211603,16,0.1744328177712707,0.2304027600390577,0.06746534695843923,0.08496098131020806,0.03455791561883491,0.033325968978204015,4.776123132542168e-05,18,56,0.027492192216697475,0.08379528724052666,False,False,False,6.281937895222192e-08,COMPLETE
1690,0.12695615589618683,2025-04-17 15:06:34.169805,2025-04-17 15:07:36.831438,0 days 00:01:02.661633,0.05176073910789503,0.7483310794461874,2,0.18172276957211614,0.27697666307195357,0.07411013551496363,0.08093323137090404,0.024939807087772856,0.030902179705396975,6.058531863555405e-05,16,59,0.024963728018067278,0.09524028090339566,False,True,False,2.6817925418930837e-08,COMPLETE
1691,0.4948971867561341,2025-04-17 15:07:37.378428,2025-04-17 15:08:00.419049,0 days 00:00:23.040621,0.11700214868831184,0.7622900988482331,16,0.19603662898444002,0.25252047101549796,0.07136028754542831,0.07122810099084571,0.02863086695712432,0.02852644939610003,3.833671592500674e-05,13,61,0.022519395331500606,0.08002440831184116,True,False,False,1.3544415289298735e-08,COMPLETE
1692,0.49735636711120607,2025-04-17 15:08:00.987996,2025-04-17 15:08:23.135381,0 days 00:00:22.147385,0.0951968116364061,0.7339281176118867,16,0.15110475673901597,0.24435307108776416,0.06955772387439883,0.06084648257530887,0.025556789368168433,0.0350340680976726,4.960255239982703e-05,12,64,0.029043414109487124,0.0882726679010456,False,False,False,7.994186117696414e-08,COMPLETE
1693,0.49559320211410524,2025-04-17 15:08:23.672912,2025-04-17 15:08:47.800695,0 days 00:00:24.127783,0.06437257789803816,0.78161448516459,16,0.16633866050988255,0.26378876140574514,0.06611042602790743,0.06521764722555327,0.029894318979603353,0.022733353728532166,8.241155195090059e-05,17,57,0.02009181587885809,0.1234586797792135,False,False,False,4.473248778659238e-08,COMPLETE
1694,0.49462007284164433,2025-04-17 15:08:48.369756,2025-04-17 15:09:13.263899,0 days 00:00:24.894143,0.1311228478203125,0.7354256357585258,16,0.1919709552829532,0.25492985814342983,0.06774395983486299,0.06835675637416623,0.02720042541770356,0.03290608188367031,4.219656722749581e-05,19,63,0.02639104007570474,0.07418171398495596,False,False,False,1.8835815957964423e-08,COMPLETE
1695,0.5201172590255738,2025-04-17 15:09:13.805925,2025-04-17 15:09:36.868733,0 days 00:00:23.062808,0.10513795682050481,0.75613103891122,16,0.03612809043528303,0.25955079309813933,0.07538100693981804,0.08753212632136854,0.023989274183075695,0.026507447187394742,6.089961875544261e-05,15,54,0.02439630436450546,0.1003249284156352,False,False,False,2.433448064837245e-08,COMPLETE
1696,0.49867837429046635,2025-04-17 15:09:37.437179,2025-04-17 15:10:02.818193,0 days 00:00:25.381014,0.07879307624059446,0.7738876567830733,16,0.1856484492132347,0.270053806931754,0.0720687273625724,0.07543912811482689,0.02750011376728378,0.03171734889430347,5.050676611945705e-05,18,137,0.02177431250977868,0.08431040405471085,False,False,False,1.241977607851698e-07,COMPLETE
1697,0.448069429397583,2025-04-17 15:10:03.366835,2025-04-17 15:10:26.093629,0 days 00:00:22.726794,0.027624248430724727,0.815659806755163,16,0.20159880932608598,0.24795121323757152,0.07061104617461832,0.07743922744622664,0.03207089741420093,0.02902882340094974,0.008818340361511644,14,50,0.027353921185551883,0.16108854152716812,False,False,False,3.840715944518876e-08,COMPLETE
1698,0.5167995572090149,2025-04-17 15:10:26.672071,2025-04-17 15:10:48.929886,0 days 00:00:22.257815,0.04201686311572385,0.8696558141016756,16,0.17671594577926286,0.23923505868519224,0.06443829721345119,0.09123566280146975,0.024682492438609753,0.034657529806367195,7.066174467787737e-05,13,59,0.024253305718777707,0.09128959598836496,False,False,False,1.4238995316947782e-08,COMPLETE
1699,0.33162814378738403,2025-04-17 15:10:49.480574,2025-04-17 15:11:13.420326,0 days 00:00:23.939752,0.13338233753272205,0.7961023011327729,16,0.15981608229714783,0.2239979910413368,0.06616234427942615,0.08944896699200233,0.03014055606101136,0.037451747499413435,0.0010145903464808374,16,63,0.006282026946321517,0.07244485418459636,False,False,False,5.840912965529464e-08,COMPLETE
1700,0.5066850185394287,2025-04-17 15:11:13.966773,2025-04-17 15:11:38.174532,0 days 00:00:24.207759,0.06289365587136145,0.7398364966960206,16,0.20569312384417224,0.12114821702979038,0.06904357308597142,0.08376920558244515,0.02611757291597675,0.030368759257531828,3.522968965845813e-05,17,84,0.030702539582665847,0.07948687470888444,False,False,False,3.840702474230308e-08,COMPLETE
1701,0.4999991893768311,2025-04-17 15:11:38.745111,2025-04-17 15:12:03.977048,0 days 00:00:25.231937,0.11099940124334375,0.730973739212069,16,0.18270193681785185,0.26823362391604977,0.07263869567779999,0.06979634712683792,0.029054597814585165,0.026643963109152385,4.11181591740942e-05,20,64,0.019781449488795982,0.0954109694631648,False,False,False,7.353903199172063e-08,COMPLETE
1702,0.5148592829704285,2025-04-17 15:12:04.526376,2025-04-17 15:12:27.850123,0 days 00:00:23.323747,0.0879839413355509,0.5166249229249955,16,0.16978968062848862,0.25792175151707275,0.06345358142151404,0.07309912021504031,0.023880701189933372,0.035928907561545605,5.219233198360154e-05,15,58,0.02550955570560272,0.08676285916092791,False,False,False,2.32573255615254e-08,COMPLETE
1703,0.34240372776985173,2025-04-17 15:12:28.416736,2025-04-17 15:12:52.907262,0 days 00:00:24.490526,0.05373566527387327,0.7589384276526588,16,0.14384551810970336,0.2788044118617926,0.06797446671457029,0.08147148701183413,0.026516849890097758,0.03312896026216147,6.0643896383211e-05,17,60,0.0010588764966501067,0.11312912828844987,False,False,False,1.5049198222531644e-08,COMPLETE
1704,0.503683614730835,2025-04-17 15:12:53.466002,2025-04-17 15:13:17.665872,0 days 00:00:24.199870,0.11933376831190154,0.4728353811447805,16,0.19416373666154205,0.26371389487212643,0.07052374458526132,0.07560648125801644,0.03633147533745915,0.021853909217126745,4.377441322931996e-05,18,55,0.0229436658978509,0.10514980963619736,False,False,False,5.171500799211154e-08,COMPLETE
1705,0.16659862697124483,2025-04-17 15:13:18.237424,2025-04-17 15:13:41.458522,0 days 00:00:23.221098,0.0778864034067821,0.7731857077306161,16,0.04947313506714926,0.23417125528190127,0.06611297609473074,0.09374844999270619,0.02851068027431601,0.028249241747935624,3.571091718544771e-05,19,88,0.02892025077380883,0.08185757277995376,False,False,True,1.8876157092861397e-08,COMPLETE
1706,0.4895655751228333,2025-04-17 15:13:42.009034,2025-04-17 15:14:04.506440,0 days 00:00:22.497406,0.09704279176251498,0.7240368956979899,16,0.2088198260487784,0.24942397698819377,0.0694200350757925,0.07118872551697328,0.03204459304746386,0.034184956695285346,8.161782847426627e-05,13,65,0.026262862176035164,0.09305729667595601,False,False,False,1.159497379877433e-08,COMPLETE
1707,0.09427145123481752,2025-04-17 15:14:05.050931,2025-04-17 15:14:27.182313,0 days 00:00:22.131382,0.13549081589935044,0.8021182112941979,16,0.1785582296299008,0.00442149320882948,0.073146622707836,0.08588874650640002,0.02514091750678573,0.03144164340889708,6.435662954502689e-05,14,61,0.021493938443817348,0.07297190589312705,False,False,False,3.265144994051208e-08,COMPLETE
1708,0.19132219552993776,2025-04-17 15:14:27.750169,2025-04-17 15:14:55.013671,0 days 00:00:27.263502,0.05126949634601617,0.7509848359767946,8,0.19669148846923404,0.2432290660704028,0.06240849674200048,0.087978583226927,0.027524661229588736,0.03573424766724053,4.9758924484976576e-05,16,57,0.023463886157223016,0.08726570354742991,True,True,False,1.0014014918580638e-07,COMPLETE
1709,0.33389158844947814,2025-04-17 15:14:55.563069,2025-04-17 15:15:21.009511,0 days 00:00:25.446442,0.10947156495405311,0.7843244820705499,16,0.18494532624017102,0.25529452483452286,0.06466315060346575,0.07275353988994465,0.023828434443712944,0.030306340986877067,9.81144314847999e-05,20,64,0.009833076708197849,0.0783107458927765,False,False,False,2.4367971139297706e-08,COMPLETE
1710,0.5479078531265259,2025-04-17 15:15:21.582230,2025-04-17 15:15:45.043049,0 days 00:00:23.460819,0.02693338647447223,0.7299354101231527,16,0.20144731903963087,0.27104867641976665,0.06687373492932235,0.09663168328643496,0.029737004959640462,0.036360931612905566,4.182235997860519e-05,15,60,0.02814300993167813,0.09956576276063013,False,False,False,4.521868092135775e-08,COMPLETE
1711,0.5010634422302246,2025-04-17 15:15:45.591381,2025-04-17 15:16:09.471623,0 days 00:00:23.880242,0.07346935560403649,0.7507966033578262,16,0.18896723081209893,0.2641943050856559,0.07099285211679755,0.08282797966269057,0.023515116254167554,0.02835698867778602,5.774470499553497e-05,17,54,0.02527687454412451,0.08995186252678528,False,False,False,3.232582619456223e-08,COMPLETE
1712,0.48760063648223884,2025-04-17 15:16:10.041969,2025-04-17 15:16:35.096613,0 days 00:00:25.054644,0.12443731004413097,0.7743648986988533,16,0.17315120786449512,0.22059173525740816,0.07521152666151788,0.07823627533575944,0.02659476658997038,0.0323483300622852,7.438894203075919e-05,19,62,0.02185916109813564,0.0852466264535409,False,False,False,1.1780789380829413e-08,COMPLETE
1713,0.4726057887077332,2025-04-17 15:16:35.647318,2025-04-17 15:17:53.603238,0 days 00:01:17.955920,0.09463804641090838,0.7607997339242527,2,0.20865567744241736,0.25054181914040274,0.06394748855220961,0.06285497831474889,0.03459854846181224,0.025981860800741188,3.506152252207896e-05,18,58,0.02000646433863704,0.09701488294975157,False,False,False,6.464224808074339e-08,COMPLETE
1714,0.4976834297180176,2025-04-17 15:17:54.180265,2025-04-17 15:18:16.898375,0 days 00:00:22.718110,0.04488852978399749,0.8294966590643982,16,0.17779518826896792,0.2859307864542604,0.06808081795315693,0.09105010496486139,0.024980519640522843,0.03682944506572156,4.7619675504928916e-05,14,65,0.03009979898050752,0.14594726120947124,False,False,False,1.7814351536138758e-08,COMPLETE
1715,0.49602774381637577,2025-04-17 15:18:17.443964,2025-04-17 15:18:41.402353,0 days 00:00:23.958389,0.06651044891929339,0.7259382586604567,16,0.19558379845416934,0.22885242140968592,0.04997317325923664,0.07508431338424457,0.03135115779014701,0.030386004227280935,6.753494356662174e-05,16,82,0.027327259316930225,0.07820952459726013,False,False,False,1.550717910768844e-08,COMPLETE
1716,0.48140400648117065,2025-04-17 15:18:41.975268,2025-04-17 15:19:04.269085,0 days 00:00:22.293817,0.1381206442489152,0.792727270904078,16,0.20258075081693475,0.11258529886143986,0.0609048054110017,0.0947564252208322,0.02244977996339082,0.03356759330776179,5.580282150335695e-05,12,51,0.02437809860773435,0.07268879018633892,False,False,False,4.414083034646911e-08,COMPLETE
1717,0.5494089007377625,2025-04-17 15:19:04.819256,2025-04-17 15:19:28.942730,0 days 00:00:24.123474,0.08125118941472476,0.7349904209525401,16,0.1879952975405168,0.25894333593960317,0.0733560379198925,0.07748821422489174,0.028454433920059558,0.03805807476286503,3.491286588417739e-05,17,61,0.022413854362031926,0.09218954153432776,False,False,False,3.013935664020594e-08,COMPLETE
1718,0.5080506563186645,2025-04-17 15:19:29.497010,2025-04-17 15:19:54.154050,0 days 00:00:24.657040,0.02540389299639531,0.7507653263903151,16,0.16857410192890343,0.23736478885835677,0.06982939239493827,0.0804603978988225,0.026082244468858692,0.02483315016524946,4.356618055698033e-05,18,56,0.026640150884897417,0.10419767766522686,False,False,False,1.0028556032442309e-08,COMPLETE
1719,0.33630338311195374,2025-04-17 15:19:54.725655,2025-04-17 15:20:20.586910,0 days 00:00:25.861255,0.10951954454394076,0.5041343096763625,16,0.21401510101834811,0.27360464900419484,0.06572054577566452,0.06997703500858686,0.03304850149879258,0.032190773642086126,5.30226008053798e-05,20,65,0.01217796081377875,0.0832558929670366,False,False,False,2.224437347467664e-08,COMPLETE
1720,0.5002383589744568,2025-04-17 15:20:21.136871,2025-04-17 15:20:44.775747,0 days 00:00:23.638876,0.0928331829059696,0.7734559527044222,16,0.18150533157753093,0.26595116526915863,0.06785407261002535,0.08585317953832028,0.023384298312170874,0.03418014848131162,6.881290747963956e-05,16,59,0.031366054354404704,0.09020491093935322,False,False,False,7.623382553601157e-08,COMPLETE
1721,0.5040372133255004,2025-04-17 15:20:45.344836,2025-04-17 15:21:08.483851,0 days 00:00:23.139015,0.12374943755339865,0.8045762696134587,16,0.1924146277326912,0.2440038991969349,0.07150606088674331,0.05914642372826291,0.030022072981666287,0.09003449340315502,3.666575425148941e-05,15,62,0.019558414207502803,0.07894463430294284,False,False,False,5.34768693290081e-08,COMPLETE
1722,0.5013220310211182,2025-04-17 15:21:09.040431,2025-04-17 15:21:31.442675,0 days 00:00:22.402244,0.06443252109272936,0.722010913225909,16,0.19799659659956212,0.25523773981451114,0.07566089655499653,0.06630297470135275,0.03764880909133387,0.02854426174155929,4.3926920744429755e-05,13,57,0.024622190143010456,0.09903519845651124,False,False,False,1.402506052502988e-08,COMPLETE
1723,0.5064159393310547,2025-04-17 15:21:32.024316,2025-04-17 15:21:54.774715,0 days 00:00:22.750399,0.044962107903275886,0.7586081936877879,16,0.17223125625240468,0.24975555960164283,0.06246832814093501,0.07410645756264117,0.027236559094846225,0.09202199975521398,8.601858976368137e-05,14,53,0.02870980795902884,0.08446923235724157,False,False,False,1.821461682407505e-08,COMPLETE
1724,0.09946973323822023,2025-04-17 15:21:55.325388,2025-04-17 15:22:17.168231,0 days 00:00:21.842843,0.1385720530171095,0.4894822467489928,16,0.211625678099138,0.2756810098293013,0.06573121226287944,0.08765415346717603,0.024492131558485303,0.08857701904417986,5.6358249430993924e-05,17,65,0.020898234425684913,0.07201269053266464,False,False,True,3.835976586972286e-08,COMPLETE
1725,0.48752559423446656,2025-04-17 15:22:17.742318,2025-04-17 15:22:42.739055,0 days 00:00:24.996737,0.10092523760279216,0.744444418502859,16,0.18718024719681045,0.26063064466980945,0.06910168715205652,0.08922491498300268,0.028073726563115624,0.031107410790401413,0.00011007220571288444,19,61,0.02330935119526031,0.10947643100993741,False,False,False,2.5754520293209663e-08,COMPLETE
1726,0.5087522864341736,2025-04-17 15:22:43.295934,2025-04-17 15:23:07.558128,0 days 00:00:24.262194,0.0762943940438229,0.7839078478688412,16,0.18049258921402228,0.26740855151206394,0.06734493102701727,0.07184821765007858,0.022610959746150495,0.09182133200703531,4.928804494881619e-05,18,59,0.025985816902722843,0.09454708151161943,False,False,False,6.315735352566737e-08,COMPLETE
1727,0.21280372142791748,2025-04-17 15:23:08.140197,2025-04-17 15:23:32.284812,0 days 00:00:24.144615,0.05941872377582314,0.728864620604861,16,0.20550021212144612,0.2242989263531708,0.07307313974827025,0.07689789127813065,0.025817579837768702,0.036075127679795614,3.5502096518506146e-05,20,63,0.015021202975964758,0.08543476653115616,True,True,False,1.3967372280220988e-08,COMPLETE
1728,0.49476159811019904,2025-04-17 15:23:32.843616,2025-04-17 15:23:55.823685,0 days 00:00:22.980069,0.6105774185726814,0.5274595460326994,16,0.1928825001282972,0.2313728068292517,0.06388606274060485,0.09293079134006056,0.02944370787291752,0.09415815064483522,6.609905396834435e-05,15,55,0.023559126385407688,0.07753995475682982,False,False,False,1.0232472931173683e-08,COMPLETE
1729,0.5043262243270874,2025-04-17 15:23:56.391671,2025-04-17 15:24:28.946309,0 days 00:00:32.554638,0.026378634045173984,0.766971133404438,8,0.15914473007420624,0.24569026790876697,0.07067621637677399,0.06479949540645671,0.02522815728770208,0.08587615118967903,5.012069346590208e-05,19,59,0.019008193984462088,0.08969963137485376,False,False,False,5.187345416174865e-08,COMPLETE
1730,0.4923518776893616,2025-04-17 15:24:29.516941,2025-04-17 15:24:52.260380,0 days 00:00:22.743439,0.8319904931548894,0.8105882205375783,16,0.20057320708992016,0.25824015631473335,0.05971051694667362,0.07978677753056196,0.032051010269548603,0.09092775230030899,4.0085600185625855e-05,13,66,0.027365299006472374,0.07164181577727201,False,False,False,2.0581357783628325e-08,COMPLETE
1731,0.48391364812850957,2025-04-17 15:24:52.819706,2025-04-17 15:25:16.372843,0 days 00:00:23.553137,0.11980003417705676,0.44302239328406173,16,0.18641923483476755,0.27924007906223636,0.057959885834883304,0.08396374822220075,0.021910927679278082,0.027045939445927945,7.756973150082796e-05,16,62,0.025518603079281162,0.1017747103507903,False,False,False,1.2664195942109736e-08,COMPLETE
1732,0.5149831533432007,2025-04-17 15:25:16.945515,2025-04-17 15:25:41.735125,0 days 00:00:24.789610,0.010584542118535392,0.741649235846831,16,0.21286357694717625,0.25240011218180447,0.04653743187633465,0.07407130140647272,0.023469539500701145,0.03339406398309019,6.195339320263275e-05,18,87,0.02129932175858397,0.08347659720228796,False,False,False,3.176696509297185e-08,COMPLETE
1733,0.517002272605896,2025-04-17 15:25:42.292020,2025-04-17 15:26:06.514612,0 days 00:00:24.222592,0.09486777336793091,0.7798611625924095,16,0.07740813175831884,0.23836455766693923,0.06850829029673536,0.06841267338049348,0.027392242528093507,0.09451082202404083,4.306593278960381e-05,17,56,0.02962887403580592,0.09652196930918698,False,False,False,3.956559277939047e-08,COMPLETE
1734,0.5098589539527894,2025-04-17 15:26:07.088705,2025-04-17 15:26:30.386905,0 days 00:00:23.298200,0.04592844783539544,0.7581127305864751,16,0.17393061932731455,0.26610923765685246,0.06498366450234526,0.09058719473036943,0.02988064413332075,0.029756024441168823,3.495074045361108e-05,15,64,0.02307973148245249,0.08966786735585358,False,False,False,1.1533391101994178e-07,COMPLETE
1735,0.491451895236969,2025-04-17 15:26:30.938483,2025-04-17 15:27:35.943770,0 days 00:01:05.005287,0.13664545665549216,0.7223088278053411,2,0.2049636788123066,0.2608392765472562,0.06664076344980326,0.09728330485523379,0.03453520531197273,0.08746646651058779,5.378351400804369e-05,14,60,0.02687578554898186,0.07853336884624718,False,False,False,7.557285104719503e-08,COMPLETE
1736,0.5044088959693909,2025-04-17 15:27:36.517249,2025-04-17 15:28:01.012189,0 days 00:00:24.494940,0.0835819345001943,0.7914216922304192,16,0.1818283757724111,0.2540511992667869,0.07100864067169328,0.07660865228933313,0.02600352930159746,0.09276842600460401,4.3816840671805784e-05,18,57,0.020843417640348808,0.09353054333605086,False,False,False,1.6998269577796296e-08,COMPLETE
