number,value,datetime_start,datetime_complete,duration,params_alpha-eval,params_alpha-train,params_batch-size,params_eps-eval,params_eps-train,params_lambda-actions-eval,params_lambda-actions-train,params_lambda-frames-eval,params_lambda-frames-train,params_learning-rate,params_n-epochs,params_n-frames,params_radius-gw,params_rho,params_std-feats,params_ub-actions,params_ub-frames,params_weight-decay,state
1187,0.5953471779823304,2025-04-10 05:44:18.695810,2025-04-10 05:45:18.526621,0 days 00:00:59.830811,0.515877408889942,0.5902756391788854,2,0.294345684259207,0.024729541368501185,0.058127152645182256,0.09770927312692629,0.05289196848190843,0.009798518236211428,0.0015206731335936135,12,124,0.004460056148070742,0.057430336606556144,False,False,False,6.92887404784307e-08,COMPLETE
1188,0.08827408254146576,2025-04-10 05:45:18.909411,2025-04-10 05:46:10.427857,0 days 00:00:51.518446,0.5701985887235232,0.5805895231002236,2,0.2947193912902875,0.030804292439961037,0.06148133773786451,0.09483570555779935,0.056234538403520495,0.0065042396222285545,0.0015844456979595188,12,121,0.007187854501634606,0.056641581549000966,False,False,True,4.397992514399017e-08,COMPLETE
1189,0.5976863861083985,2025-04-10 05:46:10.817704,2025-04-10 05:47:10.408069,0 days 00:00:59.590365,0.5216972578855595,0.5652430325748766,2,0.2936808894600732,0.02576211126644186,0.06375682664313484,0.09798057274189313,0.054148582984102654,0.009027736813985103,0.0020315920830874185,12,119,0.005495338372524949,0.05606573400930286,False,False,False,5.855657477023158e-08,COMPLETE
1190,0.32759225964546207,2025-04-10 05:47:10.793834,2025-04-10 05:48:13.589300,0 days 00:01:02.795466,0.5469130362508354,0.55345410116874,2,0.2999519961967256,0.013905213235321895,0.06521704676175138,0.09346775878039991,0.058663708204293584,0.003602483196036013,0.0014559528038460515,13,119,0.004735059807456516,0.05652287140788328,False,False,False,5.516398098744099e-08,COMPLETE
1191,0.09427145123481752,2025-04-10 05:48:13.972159,2025-04-10 05:49:12.819810,0 days 00:00:58.847651,0.5271217102879909,0.5671406020096056,2,0.2957553756782706,0.017274189174615887,0.06381643584366181,0.09217917687308183,0.05681646371881771,0.008672337428953727,0.0018865634094381648,12,114,0.06292469126097347,0.057517079968284576,False,False,False,4.150226152709209e-08,COMPLETE
1192,0.4954974532127381,2025-04-10 05:49:13.202805,2025-04-10 05:50:12.994404,0 days 00:00:59.791599,0.5244771265068108,0.5575546551717471,2,0.29414752985799336,0.025202098470197946,0.06708325268756098,0.09618868183344331,0.053637108839782795,0.005893093734854199,0.0013733929575507878,12,119,0.007940234909281328,0.058909318376841865,False,False,False,5.310664138701777e-08,COMPLETE
1193,0.33060888648033143,2025-04-10 05:50:13.377628,2025-04-10 05:51:15.377653,0 days 00:01:02.000025,0.5491279769890209,0.5343610634093896,2,0.2992422272714502,0.2671297253695205,0.06363447330688715,0.09685167104412658,0.054202576597072435,0.009311514898865359,0.0010615343060066662,13,117,0.005365055182725429,0.05992831120349434,False,False,False,6.367819834627227e-08,COMPLETE
1194,0.450429379940033,2025-04-10 05:51:15.767803,2025-04-10 05:51:37.871343,0 days 00:00:22.103540,0.5683246470376053,0.5842660743917739,16,0.2999828833333996,0.03134191046183902,0.0679809485313052,0.09471660162257585,0.05495966236398367,0.007540399059608035,0.0018065174390715416,12,122,0.00453119320315811,0.05511970803130495,False,False,False,6.649377496408446e-08,COMPLETE
1195,0.5122170090675354,2025-04-10 05:51:38.257609,2025-04-10 05:52:40.755260,0 days 00:01:02.497651,0.518754989126784,0.5372567239130905,2,0.29971418573106257,0.020674086735730318,0.062366538446647905,0.09228516055304854,0.05280967103872444,0.0040513977748809875,0.0011970177257837004,13,118,0.008165762230010629,0.05673125918455698,False,False,False,4.867597186797566e-08,COMPLETE
1196,0.38985640406608585,2025-04-10 05:52:41.143243,2025-04-10 05:53:42.366297,0 days 00:01:01.223054,0.5389335770784014,0.564544229663342,2,0.2907246890625912,0.024270638818303877,0.06500394767345766,0.09793760181523124,0.06002813245401151,0.00943594281263126,0.0020975238095650296,12,124,0.006020029346043616,0.06172376874654134,True,False,False,3.1633588396531974e-08,COMPLETE
1197,0.3946166455745697,2025-04-10 05:53:42.751881,2025-04-10 05:54:42.254948,0 days 00:00:59.503067,0.5161175896353459,0.5971033998576223,2,0.2937583428112581,0.03236349964369,0.06222000560984036,0.09568652096014435,0.055745722930471746,0.006682312793211132,0.0015401079407098425,12,122,0.004249277315646742,0.06451669762503724,False,False,False,3.7114636621654713e-08,COMPLETE
1198,0.3896860301494599,2025-04-10 05:54:42.641734,2025-04-10 05:55:41.703808,0 days 00:00:59.062074,0.9984467137906081,0.5837071448534943,2,0.2905626131236222,0.013796466524877813,0.06102000052601912,0.0979168469194718,0.052358231576754774,0.009928200552077064,0.0008100216873531696,12,115,0.007045229434852724,0.05648895390433985,False,False,False,6.933605842778186e-08,COMPLETE
1199,0.11735837608575822,2025-04-10 05:55:42.094331,2025-04-10 05:56:36.387209,0 days 00:00:54.292878,0.556949325354448,0.8452481223613977,2,0.293942453375524,0.02554290193389159,0.06267700405517641,0.09031748522444254,0.0573394641034846,0.005217652145625889,0.0018769881699183155,13,124,0.0037646259001063807,0.0725190524873237,False,True,False,5.975555479367029e-08,COMPLETE
1200,0.09427145123481752,2025-04-10 05:56:36.781512,2025-04-10 05:57:34.915867,0 days 00:00:58.134355,0.5119845014552811,0.5712337069049119,2,0.28510022448601613,0.005477357355062759,0.06444891447900998,0.09394106240091848,0.051591688175379805,0.008457828603302183,0.0012193468094498197,12,125,0.05296078953104481,0.06363486357467092,False,False,False,4.318977007143396e-08,COMPLETE
1201,0.41276155710220336,2025-04-10 05:57:35.306469,2025-04-10 05:58:34.793633,0 days 00:00:59.487164,0.5313129489255293,0.5970760120874512,2,0.2942513833881913,0.03141046653408994,0.06030699254703716,0.09638859636805919,0.054604580911084624,0.015291339641042415,0.0015137556797321853,12,120,0.0027860843059603095,0.05599594162441774,False,False,False,8.294207942011091e-08,COMPLETE
1202,0.09427145123481752,2025-04-10 05:58:35.181224,2025-04-10 05:59:31.143768,0 days 00:00:55.962544,0.5443179468533568,0.5440112100949674,2,0.2887529335893705,0.019132530694602662,0.0664216165054247,0.09812677714268898,0.05109286658209096,0.011321816297510487,0.0022000367678074242,11,122,0.09688798591259612,0.07421087679180886,False,False,False,5.4144749690344586e-08,COMPLETE
1203,0.39781153798103336,2025-04-10 05:59:31.531943,2025-04-10 06:00:36.865875,0 days 00:01:05.333932,0.5642488853503596,0.576551700808413,2,0.2832415279435855,0.02705936194440366,0.06003695943012231,0.09415534792616732,0.0529103038703908,0.007187322677072761,0.0009559914331262705,14,116,0.07601931811413519,0.06842981674818031,False,False,False,7.200456564917222e-08,COMPLETE
1204,0.5186158180236817,2025-04-10 06:00:37.256570,2025-04-10 06:00:59.994632,0 days 00:00:22.738062,0.5071273953080487,0.6008430751503681,16,0.29966676214445553,0.031483274626037186,0.06375363444938553,0.09811008451749985,0.0499727453684169,0.013705824264117004,0.0006866637995620162,13,112,0.005899007703027035,0.0623245282209434,False,False,False,3.535804629142346e-08,COMPLETE
1205,0.09427145123481752,2025-04-10 06:01:00.385814,2025-04-10 06:01:55.635642,0 days 00:00:55.249828,0.5323796439911183,0.5552077893756832,2,0.2944538451857927,0.016741447705393115,0.06136180549402042,0.08709883264847058,0.05155593262354189,0.0026726074624756338,0.0016747565583029424,11,126,0.008080117558336767,0.08921535137449552,False,False,False,6.739278165899435e-08,COMPLETE
1206,0.3570339620113373,2025-04-10 06:01:56.024409,2025-04-10 06:02:55.475104,0 days 00:00:59.450695,0.4959706016081948,0.5915122004811981,2,0.2996802070840699,0.08331068914525074,0.05895490962976519,0.09608636501297413,0.049098578217759994,0.009833901577226061,0.0012728383872563735,12,124,0.004466301810550469,0.05598954566313931,False,False,False,4.4725385638914946e-08,COMPLETE
1207,0.08407260477542877,2025-04-10 06:02:55.862374,2025-04-10 06:03:44.937541,0 days 00:00:49.075167,0.5146831911907258,0.5655194358364974,2,0.28243436926533116,0.021505584757604064,0.06632882251586435,0.09136487930584093,0.0548446038328953,0.0055558314409162955,0.0019554804872835125,11,127,0.0026401274433516223,0.07053677930643482,False,False,True,7.852970967516036e-08,COMPLETE
1208,0.40148325562477116,2025-04-10 06:03:45.325183,2025-04-10 06:04:44.957555,0 days 00:00:59.632372,0.5446570580173102,0.6042232631071485,2,0.28956121257788076,0.031810233916409365,0.06318619835596712,0.09488060330012921,0.05041302479382383,0.007990268741812988,0.0015322390306074826,12,119,0.005408999521763247,0.07767609129573205,False,False,False,2.7254790520528058e-08,COMPLETE
1209,0.5207170724868775,2025-04-10 06:04:45.345742,2025-04-10 06:05:41.369394,0 days 00:00:56.023652,0.5649584361233633,0.5358567024345453,2,0.2896430129476842,0.025710575418827812,0.06081724481127312,0.09791586356980192,0.05257798240193489,0.011653945818586156,0.0022242875992064593,11,122,0.007741535344608293,0.0626277559785001,False,False,False,5.385653737248566e-08,COMPLETE
1210,0.5041857481002808,2025-04-10 06:05:41.756457,2025-04-10 06:06:40.787509,0 days 00:00:59.031052,0.492451222927331,0.5794598883360711,2,0.2826939687240868,0.019995390750280423,0.058154368714692144,0.09259368698566423,0.049697871885227785,0.010194024000511503,0.0010567598041768106,12,127,0.0010012953481328812,0.05526792706687563,False,False,False,5.983742862408002e-08,COMPLETE
1211,0.6010244011878967,2025-04-10 06:06:41.176676,2025-04-10 06:07:43.745383,0 days 00:01:02.568707,0.5240868565057831,0.5532491621895037,2,0.29392784075603123,0.031424700542985615,0.06820553170684583,0.09631676176288068,0.047767203900319605,0.01370034726424699,0.0013771348227211019,13,128,0.004121172077613138,0.06681646065373142,False,False,False,8.565833110662919e-08,COMPLETE
1212,0.3543969035148621,2025-04-10 06:07:44.135505,2025-04-10 06:08:50.896579,0 days 00:01:06.761074,0.5309650667828769,0.535533822774098,2,0.29444713756923685,0.1077839552187908,0.06840719076820616,0.09333807310379515,0.04806124535412245,0.015927172585070377,0.0009374562240908957,14,123,0.0028818274729186604,0.08656775490662344,False,False,False,4.810204534423745e-08,COMPLETE
1213,0.4042369067668915,2025-04-10 06:08:51.288771,2025-04-10 06:09:57.479960,0 days 00:01:06.191189,0.5138606065274658,0.5539541078217113,2,0.29996672232451127,0.011786940906676431,0.07014598119040641,0.08912580541779505,0.058273502120577976,0.01738529039269924,0.0012028178209863738,14,125,0.0010497031501078904,0.09817452561221847,False,False,False,8.133962411465188e-08,COMPLETE
1214,0.40691589117050175,2025-04-10 06:09:57.876700,2025-04-10 06:11:01.093135,0 days 00:01:03.216435,0.5537711058822421,0.5587057327575304,2,0.29987459064564254,0.03315464528769439,0.0697310144093126,0.09572195726483601,0.047123400770152854,0.01972034444539577,0.0014282636028797007,13,120,0.0061666657252095955,0.07447665074370313,False,False,False,6.743313349036291e-08,COMPLETE
1215,0.3280752718448639,2025-04-10 06:11:01.489526,2025-04-10 06:12:05.073715,0 days 00:01:03.584189,0.5729601362394158,0.5387577419412038,2,0.29337186009557614,0.23806897438316393,0.06649097035925229,0.09173452008585803,0.05219395202359939,0.014684316346859167,0.0008184003674963135,13,128,0.0037404025326056886,0.08134231737938508,True,False,False,5.567884415867009e-08,COMPLETE
1216,0.46756941080093384,2025-04-10 06:12:05.467064,2025-04-10 06:12:28.057017,0 days 00:00:22.589953,0.5338947998822123,0.5705185655774427,16,0.29447440873500663,0.022380352394504262,0.06890490110483485,0.09411661825523521,0.05429450212885195,0.013379856412818091,0.001285238220163255,13,127,0.0027864615196213456,0.06812155954615098,False,False,False,8.001868353735832e-08,COMPLETE
1217,0.16338488161563874,2025-04-10 06:12:28.448422,2025-04-10 06:13:22.528964,0 days 00:00:54.080542,0.5170833829973575,0.6177693972463095,2,0.2894568476165683,0.026117659154108564,0.06523797141477561,0.09611867669410334,0.046326334479190566,0.004639037606370664,0.0019381753569779306,13,123,0.008707744389785568,0.07389646984478579,False,True,False,3.79744618546835e-08,COMPLETE
1218,0.6092540264129639,2025-04-10 06:13:22.923374,2025-04-10 06:14:22.315921,0 days 00:00:59.392547,0.4966027533080656,0.5310644449246774,2,0.2900143994912498,0.030416419505392065,0.06574620026813292,0.09275146036660026,0.04796573355486726,0.0073364065355195915,0.0017056934240291047,12,129,0.006190255412125471,0.06720895646395858,False,False,False,6.419353904582102e-08,COMPLETE
1219,0.09427145123481752,2025-04-10 06:14:22.712426,2025-04-10 06:15:27.746084,0 days 00:01:05.033658,0.4995854836096357,0.5356526357496285,2,0.29995868675621296,0.01162751631164269,0.06812676962553577,0.09329238305448939,0.04812121514247357,0.007272556654627313,0.00169613629222558,14,129,0.06675375403417949,0.06833760340714506,False,False,False,6.400477956143942e-08,COMPLETE
1220,0.09427145123481752,2025-04-10 06:15:28.142942,2025-04-10 06:16:29.913316,0 days 00:01:01.770374,0.49510727313519987,0.5301341479803646,2,0.29322114630070634,0.01654921483947927,0.06818863528461576,0.08927692392665698,0.05043709375643589,0.0035972100494322122,0.0024830257315874038,13,126,0.009503777677906588,0.07818730655988683,False,False,False,4.796821247615004e-08,COMPLETE
1221,0.09427145123481752,2025-04-10 06:16:30.310536,2025-04-10 06:17:29.360526,0 days 00:00:59.049990,0.5182182044042004,0.548029181092596,2,0.2891825303476672,0.024808427428085176,0.06582603502411627,0.09201621645631257,0.04646788971035031,0.006980479944844822,0.0010991781745071697,12,129,0.007925157276557245,0.06545887471543745,False,False,False,8.439232695896225e-08,COMPLETE
1222,0.5987663745880127,2025-04-10 06:17:29.752945,2025-04-10 06:18:29.676665,0 days 00:00:59.923720,0.4907641633441397,0.5288053574814439,2,0.2926545607571092,0.03154607422156289,0.06712490167743751,0.09149006709069427,0.04753008125930836,0.00878373906274481,0.0014382575239182942,12,125,0.007029200659641887,0.07251227350343631,False,False,False,6.440307645820054e-08,COMPLETE
1223,0.4291534781455994,2025-04-10 06:18:30.085143,2025-04-10 06:19:33.181662,0 days 00:01:03.096519,0.4885927026847227,0.5292231210814511,2,0.28880379846323745,0.03270180447537217,0.06906668211072119,0.08803188457915698,0.04552753735312914,0.005293458477900202,0.0019396625570894542,13,121,0.008892231855516216,0.08386320100505051,False,False,False,4.6811251179381996e-08,COMPLETE
1224,0.4008669495582581,2025-04-10 06:19:33.579226,2025-04-10 06:20:32.314333,0 days 00:00:58.735107,0.500450667736782,0.5292565349198417,2,0.28146666209237575,0.030445631871147513,0.07034037481708429,0.09073254469518832,0.04713605453356469,0.007916673231540794,0.0010141952205580513,12,118,0.009393023524890931,0.07435335647744344,False,False,False,3.631751622377862e-08,COMPLETE
1225,0.518494725227356,2025-04-10 06:20:32.709034,2025-04-10 06:21:32.562117,0 days 00:00:59.853083,0.49433095402454486,0.547861032193089,2,0.2888316300432547,0.019824687788033847,0.06836212403932761,0.0891822484714347,0.04368729814249986,0.009126441515457846,0.0013911580507360315,12,124,0.007173575875862478,0.08279198159069717,False,False,False,5.066539371472206e-08,COMPLETE
1226,0.4138305306434632,2025-04-10 06:21:32.952398,2025-04-10 06:22:35.876127,0 days 00:01:02.923729,0.48712341995163755,0.5271635512664935,2,0.2937978013776835,0.031680695247308835,0.06587290749848963,0.08593619189919453,0.04817447633545262,0.0031865996970732026,0.002285637680407174,13,124,0.009425377089919466,0.07451847213815313,False,False,False,6.259984768705676e-08,COMPLETE
1227,0.5144989132881165,2025-04-10 06:22:36.271366,2025-04-10 06:23:36.006817,0 days 00:00:59.735451,0.5121722181223415,0.5592289802029329,2,0.28327631156274186,0.024747247934136678,0.06788540923440525,0.09116744802118851,0.04530943013435089,0.006489669249089759,0.0018291929523164196,12,120,0.007252949025913412,0.06904634775259934,False,False,False,5.7164243600651805e-08,COMPLETE
1228,0.08941338062286378,2025-04-10 06:23:36.399542,2025-04-10 06:24:28.602916,0 days 00:00:52.203374,0.4879477282030935,0.8884885232271771,2,0.2893046930467528,0.024532245282572585,0.07117936808130454,0.09028192967253984,0.04904222963325335,0.009057677664177533,0.0013596818431989527,12,126,0.0070850779930251295,0.07938499620387188,False,False,True,4.3302943423088225e-08,COMPLETE
1229,0.3953723192214966,2025-04-10 06:24:28.995455,2025-04-10 06:25:32.044025,0 days 00:01:03.048570,0.5421069231594035,0.5584560273464783,2,0.2926958326038248,0.03125369575089503,0.06431504354712014,0.08804572694314561,0.047768330198820604,0.005951369123328545,0.0007692165479672074,13,122,0.009205754487164645,0.09006415195937888,False,False,False,6.701650101533204e-08,COMPLETE
1230,0.4008125901222229,2025-04-10 06:25:32.438454,2025-04-10 06:26:32.468858,0 days 00:01:00.030404,0.5067667088982452,0.5247658822327884,2,0.28340834991061215,0.01813120964619261,0.06691614005122201,0.09219301761683872,0.04357109665565416,0.010443517274365004,0.0005192444680867859,12,126,0.006295669094086067,0.07116730145697601,False,False,False,3.212755920550236e-08,COMPLETE
1231,0.3841656923294067,2025-04-10 06:26:32.862625,2025-04-10 06:27:29.067729,0 days 00:00:56.205104,0.5293568358464971,0.5826524956081114,2,0.29310309346262003,0.008708864426914327,0.06783631481388291,0.0934006166527866,0.045307543530958935,0.002302421878135454,0.0011387332056469654,11,116,0.006500989918457688,0.0717185059794857,False,False,False,8.5335016345486e-08,COMPLETE
1232,0.4128726959228516,2025-04-10 06:27:29.466961,2025-04-10 06:28:26.183920,0 days 00:00:56.716959,0.5495307824015765,0.5489648209605019,2,0.286178795759483,0.03223797339083979,0.06611172525364091,0.09035439942391169,0.05009494376126622,0.008229140338237642,0.0024604371258803892,11,129,0.008046623409017583,0.0622369695392156,False,False,False,5.513629660002097e-08,COMPLETE
1233,0.5241764783859253,2025-04-10 06:28:26.575005,2025-04-10 06:29:29.718942,0 days 00:01:03.143937,0.4887430557809598,0.5730369089106259,2,0.2945044344203018,0.02464744742316001,0.06554835331918347,0.09304490491166843,0.04724085629371119,0.005146763163834889,0.0016252979573168186,13,125,0.005899672988905655,0.07603517416528563,False,False,False,6.920284378087694e-08,COMPLETE
1234,0.09427145123481752,2025-04-10 06:29:30.134838,2025-04-10 06:30:24.809590,0 days 00:00:54.674752,0.5091682384022653,0.6135381166155834,2,0.2999729014786016,0.01778939902582266,0.0650628732478089,0.08675117859616455,0.050245453354435546,0.009784431633103165,0.0016933194373154777,11,128,0.00956866305193331,0.08460533579667133,False,False,False,8.32352691683256e-08,COMPLETE
1235,0.4780620098114014,2025-04-10 06:30:25.208975,2025-04-10 06:31:25.308393,0 days 00:01:00.099418,0.5703799871903661,0.5266970865689572,2,0.28893561653613,0.03362769851611087,0.06964790137640946,0.09445248455723776,0.043896087001351114,0.007315976757549655,0.002037422008807772,12,121,0.005379578249634292,0.06806418991821206,True,False,False,4.017826066148126e-08,COMPLETE
1236,0.5185139060020447,2025-04-10 06:31:25.708272,2025-04-10 06:32:31.627874,0 days 00:01:05.919602,0.5314406335232151,0.6001798355528106,2,0.28220235329848903,0.023042211751774164,0.06441343401914243,0.09178110858586297,0.04865874155074262,0.011143322346446693,0.0009244356217711713,14,123,0.008074790299676404,0.061910254915548975,False,False,False,2.617303565344224e-08,COMPLETE
1237,0.12977203130722045,2025-04-10 06:32:32.028545,2025-04-10 06:33:23.307349,0 days 00:00:51.278804,0.4881561768202927,0.5585938639092711,2,0.29995720929416037,0.02738628754245519,0.0667907047021932,0.08990917461343521,0.046657736279224024,0.008494549199964428,0.0013034236292294242,12,130,0.049351424212233964,0.07685071800996686,False,True,False,8.553027291537337e-08,COMPLETE
1238,0.32250062823295594,2025-04-10 06:33:23.709422,2025-04-10 06:34:26.540107,0 days 00:01:02.830685,0.5121077067440524,0.5843990153407999,2,0.293166879776589,0.03320673053379905,0.06409728269410582,0.09303583113349305,0.05140091462649772,0.004395882559748083,0.000653336425206952,13,127,0.005808339131882818,0.0681091223241443,False,False,False,5.6786155884605293e-08,COMPLETE
1239,0.09427145123481752,2025-04-10 06:34:26.942996,2025-04-10 06:35:25.947913,0 days 00:00:59.004917,0.5501229931806604,0.6283442195662268,2,0.2879317785354364,0.013545838758393625,0.06328881924879894,0.094915150505587,0.0455582504445259,0.010976823175381002,0.0011360342396844886,12,119,0.03859451019862252,0.062409926901911314,False,False,False,4.777740340964291e-08,COMPLETE
1240,0.5259716749191284,2025-04-10 06:35:26.347543,2025-04-10 06:36:23.231760,0 days 00:00:56.884217,0.5230992379585861,0.5424913634381365,2,0.2941833821403081,0.02632760108210472,0.0671817753126243,0.09488152482204629,0.0489204703784914,0.0010222254233327472,0.003041600135252746,11,130,0.007163145103401464,0.07111586171107082,False,False,False,6.909646795919427e-08,COMPLETE
1241,0.09427145123481752,2025-04-10 06:36:23.636821,2025-04-10 06:37:18.670002,0 days 00:00:55.033181,0.4911825713999041,0.603274082239201,2,0.2830982071398,0.019812490435842427,0.06361356509537833,0.09104631930956504,0.0528164581090935,0.006803538342765335,0.002135197159460436,11,124,0.05748519999658707,0.08007943081034999,False,False,False,3.561085222168027e-08,COMPLETE
1242,0.42764467000961304,2025-04-10 06:37:19.073253,2025-04-10 06:38:18.465694,0 days 00:00:59.392441,0.5391768930316319,0.5719295835965637,2,0.29413665711924786,0.003755875804458037,0.06601976917903728,0.09647606269438255,0.04287405373475219,0.012683616010813619,0.001461744692824179,12,127,0.005213069878741601,0.06578325308396515,False,False,False,9.007417951435074e-08,COMPLETE
