number,value,datetime_start,datetime_complete,duration,params_alpha-eval,params_alpha-train,params_batch-size,params_eps-eval,params_eps-train,params_lambda-actions-eval,params_lambda-actions-train,params_lambda-frames-eval,params_lambda-frames-train,params_learning-rate,params_n-epochs,params_n-frames,params_radius-gw,params_rho,params_std-feats,params_ub-actions,params_ub-frames,params_weight-decay,state
1131,0.3980052351951599,2025-04-10 04:52:16.058528,2025-04-10 04:53:15.189234,0 days 00:00:59.130706,0.5118994440819653,0.5378269284075855,2,0.29416491355890567,0.01846841499362294,0.05910206020072847,0.09798090898697866,0.04984715107041267,0.01543906451634197,0.0017618395769538752,12,134,0.004475917516269325,0.06059481879767095,False,False,False,3.2122600835320706e-08,COMPLETE
1132,0.4773764729499817,2025-04-10 04:53:15.553149,2025-04-10 04:53:37.776498,0 days 00:00:22.223349,0.5310565393214922,0.6473470912014426,16,0.2892083535520034,0.0282816415040635,0.060512949381034936,0.0923573796641752,0.045566818250243134,0.012120876388388876,0.0014303787665129423,12,131,0.006175437301722399,0.08770922677531315,False,False,False,5.787317256667604e-08,COMPLETE
1133,0.523839020729065,2025-04-10 04:53:38.140156,2025-04-10 04:54:34.543845,0 days 00:00:56.403689,0.5080483658331975,0.6235992561238863,2,0.29450269195985435,0.02321683398262462,0.06257652703147948,0.09797973411544537,0.04817055173461671,0.008295645240478149,0.0020588230805131855,11,137,0.004261973582194028,0.09639379596297029,False,False,False,5.675378448695266e-08,COMPLETE
1134,0.5136297345161438,2025-04-10 04:54:34.911354,2025-04-10 04:55:37.457331,0 days 00:01:02.545977,0.5546654199607958,0.7001266753037076,2,0.2994516744988318,0.013051350377961617,0.06450410163259336,0.09431256368877913,0.05381326329549369,0.009965935527012092,0.001227083264878396,13,127,0.006852298706492767,0.07852113341777617,False,False,False,6.540974283032856e-08,COMPLETE
1135,0.3994497776031494,2025-04-10 04:55:37.822012,2025-04-10 04:56:37.147500,0 days 00:00:59.325488,0.5340368451191795,0.6049132840607413,2,0.2995667733313331,0.028587175848672073,0.0616256586044781,0.09611593781489569,0.046806808048326855,0.006859469447432967,0.0017146734008302417,12,130,0.008906505600402261,0.07140585670095373,False,False,False,4.4885087065964225e-08,COMPLETE
1136,0.52086580991745,2025-04-10 04:56:37.511619,2025-04-10 04:57:33.520255,0 days 00:00:56.008636,0.5098733626694932,0.6619330483412424,2,0.28820250627716487,0.019217977421263386,0.05922045657807417,0.09820498203750559,0.051032433084259685,0.004043268017645298,0.002596947730738912,11,133,0.004292852694750044,0.06254676357488415,False,False,False,5.970242493473233e-08,COMPLETE
1137,0.4111374735832215,2025-04-10 04:57:33.888537,2025-04-10 04:58:39.749722,0 days 00:01:05.861185,0.5566136139556112,0.5565829134789644,2,0.29976902043703324,0.029335406381139913,0.0663120395119952,0.09660221428245522,0.04490086300278945,0.016793071549359977,0.0012512863250692284,14,124,0.07315355806839205,0.06588377997987771,False,False,False,6.36635213129064e-08,COMPLETE
1138,0.5096076369285584,2025-04-10 04:58:40.117688,2025-04-10 04:59:37.234727,0 days 00:00:57.117039,0.505538474955529,0.5812093047113682,2,0.2930328311482308,0.016295078731577026,0.058620710503456054,0.09299830521299522,0.04884263087479526,0.013953033323908697,0.0021163315432803746,11,138,0.004103415491230012,0.07541573842360716,True,False,False,2.9373045464434364e-08,COMPLETE
1139,0.39133316874504087,2025-04-10 04:59:37.604032,2025-04-10 05:00:37.268769,0 days 00:00:59.664737,0.529815506690616,0.6306656645595184,2,0.28827807267136907,0.007954808512324524,0.061679620314731856,0.09848552040749126,0.05230338810922158,0.012516368960835694,0.0015246806354313161,12,121,0.006113289619070534,0.061043912244671095,False,False,False,4.4110029885321724e-08,COMPLETE
1140,0.09427145123481752,2025-04-10 05:00:37.639243,2025-04-10 05:01:35.885415,0 days 00:00:58.246172,0.5594844429954371,0.6734715774801591,2,0.2998893162043068,0.022906161738187197,0.0641828637189149,0.08919702073286424,0.047026440003761126,0.009239209656162067,0.001790791672407144,12,128,0.009020621081628027,0.06725921060286888,False,False,False,6.7303826093977e-08,COMPLETE
1141,0.13228300213813782,2025-04-10 05:01:36.252964,2025-04-10 05:01:56.399932,0 days 00:00:20.146968,0.522639427238792,0.5400922722388135,16,0.29346736338398116,0.02711683313543571,0.05886991135642392,0.09560584608863744,0.04999167718483681,0.01104252643101871,0.002539620503559011,13,135,0.046247581229581,0.08291534096416348,False,True,False,3.984524169242503e-08,COMPLETE
1142,0.590347695350647,2025-04-10 05:01:56.774302,2025-04-10 05:02:53.117180,0 days 00:00:56.342878,0.5086174542824917,0.6039518433879646,2,0.287613877832481,0.029821725373538773,0.06172048078994062,0.09412363314132294,0.04598659606122458,0.005874710233183316,0.0010207449625356225,11,131,0.003909491901036613,0.07056980281920923,False,False,False,6.531359668717703e-08,COMPLETE
1143,0.5185929059982299,2025-04-10 05:02:53.488813,2025-04-10 05:03:50.446703,0 days 00:00:56.957890,0.5043202017953116,0.6029043193153437,2,0.28664498057055704,0.02370769112447698,0.0668647080427131,0.09128495241438343,0.04507332968166707,0.0038839672927223,0.0009883382802841536,11,130,0.0037158007161756015,0.07067863850509651,False,False,False,5.03009424378304e-08,COMPLETE
1144,0.5101142287254334,2025-04-10 05:03:50.813765,2025-04-10 05:04:50.038494,0 days 00:00:59.224729,0.5066997697300167,0.6134648210980354,2,0.28892365869196485,0.016111450191904124,0.06352935279539003,0.09264496541354615,0.04734118529464874,0.00594543289131213,0.0011798413428891052,12,132,0.0034675210152593145,0.07802780361181437,False,False,False,3.12095284276205e-08,COMPLETE
1145,0.5997207880020141,2025-04-10 05:04:50.411681,2025-04-10 05:05:46.323430,0 days 00:00:55.911749,0.5331802012354192,0.5833231998555172,2,0.2887541952591439,0.02946013477347008,0.06144416313782277,0.09044694699817794,0.04899285063513914,0.007873477756155461,0.0009921934306959014,11,125,0.0033216111396799104,0.07264060435358272,False,False,False,6.089532079618004e-08,COMPLETE
1146,0.5216407895088196,2025-04-10 05:05:46.695338,2025-04-10 05:06:42.333785,0 days 00:00:55.638447,0.5252270828347487,0.572379253106245,2,0.286359775253524,0.02115314957790057,0.06521315609491786,0.08933600903157639,0.04902911245715788,0.001520373251546494,0.0008274145217796128,11,140,0.005477923788639219,0.0841254560643243,False,False,False,4.948490681310766e-08,COMPLETE
1147,0.6050998210906983,2025-04-10 05:06:42.707427,2025-04-10 05:07:38.786596,0 days 00:00:56.079169,0.5390272272427078,0.5928007992236851,2,0.29332655996293316,0.02871850789155381,0.06214053806934876,0.090228752440146,0.050507759090205114,0.005553367881198944,0.001032250446887299,11,134,0.003997844555875331,0.07578982397104053,False,False,False,6.129049591805807e-08,COMPLETE
1148,0.3902102530002594,2025-04-10 05:07:39.138956,2025-04-10 05:08:35.707586,0 days 00:00:56.568630,0.5444956422517859,0.571862659790532,2,0.2922571144863347,0.012435633118414014,0.06197704456340211,0.08757765708966389,0.052076714267885654,0.004366324426432255,0.0009319528956974681,11,135,0.004076297936517644,0.08621652384836971,False,False,False,4.893725719983097e-08,COMPLETE
1149,0.5167528629302979,2025-04-10 05:08:36.075731,2025-04-10 05:09:32.677734,0 days 00:00:56.602003,0.5433158175926217,0.5907041483595072,2,0.2888972111383996,0.020100101579338413,0.0635216355423268,0.09007792339273797,0.05044075853872382,0.006086670593294849,0.0011064917728595724,11,132,0.003746506799347527,0.07448122370085578,False,False,False,6.086802107937004e-08,COMPLETE
1150,0.09564348906278611,2025-04-10 05:09:33.050704,2025-04-10 05:10:22.711636,0 days 00:00:49.660932,0.5346954608078187,0.5940141704195392,2,0.29344736645947733,0.025369881061549675,0.062419443418275634,0.09053179894584733,0.056202001223933803,0.0037542334364904836,0.0008852468259081765,11,144,0.003662659801844737,0.08090407002163147,False,False,True,3.4804823500867806e-08,COMPLETE
1151,0.5106139183044434,2025-04-10 05:10:23.083073,2025-04-10 05:11:22.236499,0 days 00:00:59.153426,0.5564741201614878,0.6178235116685497,2,0.28714676752881313,0.01618903512789461,0.0611837117522384,0.08873810420984499,0.053660576510877175,0.006335002254946338,0.0010261747493439941,12,138,0.003001621318587366,0.07722811663825811,False,False,False,4.054573595572366e-08,COMPLETE
1152,0.4641323208808899,2025-04-10 05:11:22.605809,2025-04-10 05:12:22.783249,0 days 00:01:00.177440,0.5226769301827959,0.6442287642645268,2,0.2999230309370114,0.029257913356410547,0.0652929581555263,0.0875264142326729,0.04694622607226046,0.007655893243344571,0.0007560008294955911,12,135,0.005547440700170509,0.09020981336170299,False,False,False,5.754800743556356e-08,COMPLETE
1153,0.5247761011123657,2025-04-10 05:12:23.152711,2025-04-10 05:13:19.563073,0 days 00:00:56.410362,0.5142318928143434,0.5818914186346441,2,0.29420456272871587,0.02545174277001376,0.0671379762311348,0.09099208950371468,0.04848740382759652,0.00470132562245887,0.0010868173930830263,11,129,0.005093380231171289,0.07442835111820556,False,False,False,4.1582092905592806e-08,COMPLETE
1154,0.5139811754226685,2025-04-10 05:13:19.932547,2025-04-10 05:14:15.655620,0 days 00:00:55.723073,0.5393262516609132,0.5536026992019878,2,0.2862077364836853,0.019756953238214508,0.06421229490812488,0.09260901328319125,0.05107082597593922,0.007347551347362776,0.0013276035165251392,11,132,0.00259895490178537,0.07094716878644192,False,False,False,6.292229472994588e-08,COMPLETE
1155,0.4368855714797974,2025-04-10 05:14:16.028236,2025-04-10 05:15:15.605740,0 days 00:00:59.577504,0.4997236309712676,0.6086511169940125,2,0.29299741188176154,0.02992321118784682,0.06203447781236338,0.09037152091200792,0.04998247424550053,0.008773364943191307,0.0012592028996690863,12,127,0.0029182869626996123,0.0806757919394608,False,False,False,4.989345542967607e-08,COMPLETE
1156,0.5112386226654053,2025-04-10 05:15:15.976724,2025-04-10 05:16:11.907782,0 days 00:00:55.931058,0.5630464845867836,0.6326838095675923,2,0.2935072075333869,0.02484548467473939,0.06072318594776281,0.09319483799254182,0.04572702195036953,0.005384518421708462,0.0010306838779006757,11,134,0.005224288055777156,0.0684395091883506,False,False,False,7.109354955888506e-08,COMPLETE
1157,0.09427145123481752,2025-04-10 05:16:12.277247,2025-04-10 05:17:10.590029,0 days 00:00:58.312782,0.5041471696603772,0.5951940172017457,2,0.28587047882352146,0.009317334826995483,0.06354212210507268,0.09371343534687136,0.05292489275894964,0.001884639259069532,0.0015383779516236888,12,130,0.029791735191755476,0.07420429493101408,False,False,False,6.523718734409596e-08,COMPLETE
1158,0.39275838136672975,2025-04-10 05:17:10.963106,2025-04-10 05:18:06.714690,0 days 00:00:55.751584,0.5264435901926202,0.5630682861822869,2,0.2888672685462605,0.015808487661396066,0.06527770482323937,0.09200604935002978,0.05800358168816808,0.008120067385697215,0.0007194127648221518,11,124,0.005794975447870699,0.06605395146384851,False,False,False,5.126797576526983e-08,COMPLETE
1159,0.2938549101352692,2025-04-10 05:18:07.085716,2025-04-10 05:19:09.929779,0 days 00:01:02.844063,0.546606864109117,0.7346484966991941,2,0.2923200034244917,0.029503112966076415,0.06114785874546908,0.09462188572268711,0.04829684383168548,0.009646937459910484,0.0014121959859428037,13,138,0.002833292854637486,0.08403898671170561,False,False,False,4.212882231862073e-08,COMPLETE
1160,0.32765518426895146,2025-04-10 05:19:10.302788,2025-04-10 05:20:10.507790,0 days 00:01:00.205002,0.5020874779414564,0.5817979367703794,2,0.2943163597772614,0.2829310784239645,0.06261514249970125,0.08905096408824206,0.04491556834037497,0.006842589904188649,0.001178548070757411,12,128,0.004157716121226141,0.06067434607826007,True,False,False,2.152182428273052e-08,COMPLETE
1161,0.5193351745605469,2025-04-10 05:20:10.879094,2025-04-10 05:21:06.885113,0 days 00:00:56.006019,0.805559545960453,0.6308023508031915,2,0.29966504592375953,0.02303457697779463,0.06025276521069245,0.09126649667242777,0.05105786626779414,0.00599304503105943,0.000930065448860197,11,132,0.0066225519504815615,0.07204117363613502,False,False,False,6.31283635474389e-08,COMPLETE
1162,0.21447461247444155,2025-04-10 05:21:07.257264,2025-04-10 05:22:02.130909,0 days 00:00:54.873645,0.52889113268373,0.6087884692215965,2,0.28499671248558156,0.029760523680072704,0.06548804412669923,0.09438493177124246,0.0474128045269119,0.011126286487779476,0.001655168870783232,13,141,0.0041823302442874,0.07727015953014797,False,True,False,3.757831974626139e-08,COMPLETE
1163,0.5198473691940307,2025-04-10 05:22:02.503678,2025-04-10 05:22:58.680434,0 days 00:00:56.176756,0.5665193718809068,0.5407705062218819,2,0.2864640674878009,0.020597229729626992,0.06293761453952859,0.09352872718626906,0.05559640137072502,0.009032798720876638,0.001996185048219962,11,135,0.003029918492900282,0.06886063932891967,False,False,False,5.173102210769886e-08,COMPLETE
1164,0.4098172008991242,2025-04-10 05:22:59.053960,2025-04-10 05:23:58.254910,0 days 00:00:59.200950,0.543450704489528,0.6517341256154799,2,0.2938636121275659,0.029261469856967683,0.06734719804159706,0.09556886445822281,0.0489867199865667,0.003000485648745975,0.0013318344354773645,12,126,0.005681628980277698,0.09074146742572198,False,False,False,3.042389781857201e-08,COMPLETE
1165,0.3911451816558838,2025-04-10 05:23:58.628107,2025-04-10 05:24:54.426334,0 days 00:00:55.798227,0.5179921916992948,0.7582508754437234,2,0.28747309498883805,0.00735384855889111,0.0604714373795207,0.0917589533046476,0.04461121836867664,0.01203532748385997,0.00158118073561254,11,130,0.0065651459546468595,0.06242623354509805,False,False,False,6.928784984796635e-08,COMPLETE
1166,0.39654744863510133,2025-04-10 05:24:54.799622,2025-04-10 05:25:54.302998,0 days 00:00:59.503376,0.5027360101323466,0.5620223943615852,2,0.2944076078410398,0.015233535669537928,0.05941390243351402,0.09590694424259331,0.05318846195732362,0.00803131613754272,0.002212118281745338,12,133,0.0033520102812166818,0.06541797335677234,False,False,False,7.08094170548673e-08,COMPLETE
1167,0.5255194544792176,2025-04-10 05:25:54.674314,2025-04-10 05:26:50.813751,0 days 00:00:56.139437,0.5650087502231274,0.5932940940198269,2,0.29981510831546676,0.023915882972201583,0.06208459597632165,0.09460039498079362,0.04647189010641916,0.010437549762663877,0.0010409135618455014,11,124,0.0024760055829149263,0.0783105354864665,False,False,False,6.111771668738024e-08,COMPLETE
1168,0.3873146533966064,2025-04-10 05:26:51.186459,2025-04-10 05:27:51.128076,0 days 00:00:59.941617,0.53692351102313,0.619054753669949,2,0.28522399635635615,0.030546703446908727,0.06406245516964892,0.09692483310044583,0.050773092774888944,0.005238283898472684,0.0007900370643878169,12,119,0.005072037459613075,0.07097362636244739,False,False,False,4.464325507725392e-08,COMPLETE
1169,0.43663401603698737,2025-04-10 05:27:51.504198,2025-04-10 05:28:54.595163,0 days 00:01:03.090965,0.4978922743527051,0.5852186892030077,2,0.29321149180611605,0.018917660927197412,0.05946744700239937,0.0999114174476306,0.048691301963844094,0.01429729617977142,0.001867720024747724,13,136,0.002530441605854178,0.059143860068558464,False,False,False,7.248318889496353e-08,COMPLETE
1170,0.12753666341304778,2025-04-10 05:28:54.971804,2025-04-10 05:29:44.558206,0 days 00:00:49.586402,0.8656426860081128,0.554958907800587,2,0.2886836535709759,0.024639708671263732,0.06209016804563393,0.09351275752791122,0.04582984862356101,0.00903489413418348,0.0013621912624707051,11,128,0.006348535861637647,0.06917084076229843,False,False,True,4.752473221424856e-08,COMPLETE
1171,0.36737121939659123,2025-04-10 05:29:44.933201,2025-04-10 05:30:44.596834,0 days 00:00:59.663633,0.5237254104342703,0.6746585158315487,2,0.29464727839003224,0.02990519593802569,0.06806233391137206,0.0873272773395978,0.04976555300276915,0.012236170245629022,0.002842594884195411,12,130,0.0010050279647627676,0.10554713343319613,False,False,False,2.8546735034726183e-08,COMPLETE
1172,0.416964054107666,2025-04-10 05:30:44.972504,2025-04-10 05:31:06.620579,0 days 00:00:21.648075,0.500070857260099,0.6075351975715214,16,0.2996394641964884,0.011900486386478708,0.0606212056787802,0.09999532460796626,0.05223164383430169,0.007177291488254291,0.0011158706049203507,11,133,0.005080822274861403,0.0847167457874888,False,False,False,5.968773638824298e-08,COMPLETE
1173,0.3319931030273438,2025-04-10 05:31:06.999209,2025-04-10 05:32:07.493659,0 days 00:01:00.494450,0.5457237042557231,0.6382635001695461,2,0.28483545973515834,0.16225107354750612,0.06446331639507717,0.096903947442444,0.04754268124665701,0.00377209169247744,0.001665609345468422,12,126,0.006892186863082734,0.05866206221925625,False,False,False,7.492009695180836e-08,COMPLETE
1174,0.518779194355011,2025-04-10 05:32:07.873888,2025-04-10 05:33:04.064828,0 days 00:00:56.190940,0.5164981849774753,0.5784078809806172,2,0.2904180987279811,0.022924389255277296,0.05857929688497542,0.090516689885151,0.0444545206792173,0.010330137239892118,0.0022840623968627873,11,139,0.004122577551483394,0.06484844535234144,False,False,False,5.609612640991061e-08,COMPLETE
1175,0.5447448015213012,2025-04-10 05:33:04.445766,2025-04-10 05:34:07.806338,0 days 00:01:03.360572,0.5592194588477747,0.5693396106688559,2,0.2834172154002695,0.03016775079044285,0.06153509261481549,0.09519923315939373,0.05353078559809816,0.015897472341569754,0.000995414039286083,13,123,0.002700399988007529,0.07310318895512688,False,False,False,3.8059198804621757e-08,COMPLETE
1176,0.513206958770752,2025-04-10 05:34:08.187498,2025-04-10 05:35:04.995863,0 days 00:00:56.808365,0.517291385695132,0.6277670030457674,2,0.29978307301197915,0.018134077690262124,0.06331162054407301,0.09783024871889427,0.04968390344484126,0.018511242867869915,0.001231868272703736,11,131,0.00699455573348407,0.07884051550899004,False,False,False,7.66619549480603e-08,COMPLETE
1177,0.5184346437454224,2025-04-10 05:35:05.376454,2025-04-10 05:36:04.771290,0 days 00:00:59.394836,0.49455741779198814,0.602585249636328,2,0.29244993798337765,0.02422508792986078,0.059019507731159646,0.09276902358914124,0.04367790478685812,0.013603722989137845,0.001811975703022044,12,136,0.004338696736841146,0.0581731157098066,False,False,False,5.203896147818327e-08,COMPLETE
1178,0.49972997903823857,2025-04-10 05:36:05.149582,2025-04-10 05:37:11.725024,0 days 00:01:06.575442,0.536493394819249,0.6584706904191541,2,0.294161326566472,0.02917151426088451,0.06534549180601536,0.09787913806889277,0.05475322151832117,0.008347072955402938,0.0006165463887339212,14,128,0.0024239637848159543,0.09467062488566229,False,False,False,7.250092177316568e-08,COMPLETE
1179,0.26484808325767517,2025-04-10 05:37:12.102947,2025-04-10 05:38:00.789689,0 days 00:00:48.686742,0.49961382951043964,0.5427920340917017,2,0.2885739767355355,0.014539170964969214,0.06085904411792574,0.09556613948383036,0.04630608042773124,0.006340407231677156,0.0014078917381763877,11,121,0.005024206678904809,0.06489983494618208,False,True,False,1.3858652091075865e-08,COMPLETE
1180,0.09427145123481752,2025-04-10 05:38:01.168910,2025-04-10 05:39:01.183282,0 days 00:01:00.014372,0.5661927821287838,0.5910431871065763,2,0.2836870762874576,0.02977647616573586,0.059024683712071695,0.09836337472780268,0.04826840028938327,0.011224705617063686,0.0020895736183485386,12,144,0.007117317932281518,0.0731489516565145,True,False,False,3.4102411371301245e-08,COMPLETE
1181,0.09427145123481752,2025-04-10 05:39:01.563685,2025-04-10 05:39:56.644461,0 days 00:00:55.080776,0.5344589537448244,0.6223465741319468,2,0.29363770381168064,0.021132787158374168,0.06225387568995755,0.08888623808631066,0.05155995650492043,0.0011116285955351263,0.0027798220772849067,11,116,0.09242885859467848,0.06582396406806684,False,False,False,6.033840713941493e-08,COMPLETE
1182,0.5129167318344117,2025-04-10 05:39:57.024723,2025-04-10 05:40:56.863513,0 days 00:00:59.838790,0.5135067623013799,0.5671804250341069,2,0.28865108117017924,0.025181170648117854,0.065653212087326,0.09400777023824594,0.04482952450750962,0.009946179564280896,0.001647350638121762,12,132,0.0028433944355116315,0.058561397435225614,False,False,False,8.243792564919569e-08,COMPLETE
1183,0.309220153093338,2025-04-10 05:40:57.245876,2025-04-10 05:41:19.824907,0 days 00:00:22.579031,0.5544523844349459,0.6961207329096166,16,0.29462702698849114,0.03183768904093258,0.058751070358699885,0.09998041529115329,0.04744607382944238,0.01314755156719943,0.0009029779082818228,13,126,0.004998111345182788,0.07806440031081369,False,False,False,4.372727006931137e-08,COMPLETE
1184,0.5291079998016357,2025-04-10 05:41:20.209840,2025-04-10 05:42:17.299372,0 days 00:00:57.089532,0.49624645083548313,0.6443324474771482,2,0.2857570781728074,0.01894224761530589,0.06358272420155021,0.0964009612909504,0.05051392725513794,0.007894661896407171,0.003196352092433333,11,136,0.007163181292681543,0.06873033877113678,False,False,False,2.3515331091021084e-08,COMPLETE
1185,0.41722343564033515,2025-04-10 05:42:17.685440,2025-04-10 05:43:20.992267,0 days 00:01:03.306827,0.5280115050367569,0.6100381097368975,2,0.29945431378251297,0.008020416914674772,0.06042841701432267,0.09080995684680179,0.046430571073554916,0.004998436007868026,0.002453077764100521,13,129,0.0027585922809491106,0.06260891782326487,False,False,False,7.830014014661636e-08,COMPLETE
1186,0.5231408715248108,2025-04-10 05:43:21.371608,2025-04-10 05:44:18.311995,0 days 00:00:56.940387,0.5444777402990484,0.5443938088159845,2,0.2838405956068529,0.031056021282755093,0.06697784576181362,0.09998648223476027,0.04920929316103444,0.012041183172299031,0.001250058007860899,11,133,0.0010338470517340555,0.08131981694462033,False,False,False,5.5400775646503395e-08,COMPLETE
