number,value,datetime_start,datetime_complete,duration,params_alpha-eval,params_alpha-train,params_batch-size,params_eps-eval,params_eps-train,params_lambda-actions-eval,params_lambda-actions-train,params_lambda-frames-eval,params_lambda-frames-train,params_learning-rate,params_n-epochs,params_n-frames,params_radius-gw,params_rho,params_std-feats,params_ub-actions,params_ub-frames,params_weight-decay,state
1961,0.4939614415168762,2025-04-17 17:05:18.771557,2025-04-17 17:05:42.311924,0 days 00:00:23.540367,0.02816739940927176,0.7238749607524001,16,0.18499184874678773,0.27243759623415115,0.07183923939654693,0.06849054639622759,0.04953021924523973,0.03412877399369831,6.287329118288559e-05,16,62,0.020760676083382466,0.08312355243349646,False,False,False,8.580410968447931e-08,COMPLETE
1962,0.4749379634857178,2025-04-17 17:05:42.937643,2025-04-17 17:06:06.943013,0 days 00:00:24.005370,0.03268081745925779,0.7257176031336875,16,0.19354278268696123,0.2731584154669237,0.05008816789117405,0.06367924445400003,0.05630251575658122,0.03566420185119216,9.428713380430793e-05,17,67,0.02392958702420016,0.08913648127946795,False,False,False,7.224585258082444e-08,COMPLETE
1963,0.5010351538658142,2025-04-17 17:06:07.589151,2025-04-17 17:06:31.287143,0 days 00:00:23.697992,0.025214045229768608,0.7099905390292828,16,0.18061903131198867,0.2708777805180732,0.07022817564880306,0.06440034720740502,0.0533960152275767,0.03251099165655049,5.281405920042949e-05,16,64,0.024805631234485283,0.07362997189799718,False,False,False,8.398597631683756e-08,COMPLETE
1964,0.33705313205718995,2025-04-17 17:06:31.943337,2025-04-17 17:06:56.067527,0 days 00:00:24.124190,0.04145455540515256,0.7371076520353939,16,0.18935960247982866,0.2670870030139294,0.07239681127338086,0.06248039512261188,0.05079262124075551,0.029186225265407324,6.982615256911676e-05,17,42,0.01072180075336479,0.1505198489273255,False,False,False,9.389224238816168e-08,COMPLETE
1965,0.5572939395904541,2025-04-17 17:06:56.695802,2025-04-17 17:07:21.292112,0 days 00:00:24.596310,0.024379443511872715,0.7327373790994227,16,0.18395348702366315,0.2757799388620778,0.05532197708513037,0.06968476839078869,0.060301491028252795,0.03538614618316146,5.078603891957746e-05,17,61,0.02082466460630105,0.09057380017845616,False,False,False,6.660896514198991e-08,COMPLETE
1966,0.5580015301704407,2025-04-17 17:07:21.943822,2025-04-17 17:07:45.977401,0 days 00:00:24.033579,0.01160160301054583,0.7277725396672423,16,0.18204222285158636,0.28323847582522066,0.05704791991727776,0.0656500438050842,0.05555201267799954,0.034309135132602274,5.3340873640086815e-05,17,61,0.022986150188631583,0.08055170011654676,False,False,False,7.082577117567399e-08,COMPLETE
1967,0.4958805322647095,2025-04-17 17:07:46.633991,2025-04-17 17:08:10.749185,0 days 00:00:24.115194,0.012836551568766584,0.7078121473556596,16,0.1795179617145259,0.2839188818722496,0.05324314545513561,0.06472818408821414,0.05950310924430004,0.035221524471642625,4.767926441037959e-05,17,64,0.02080764528043392,0.0700145581883297,False,False,False,1.0528013599162138e-07,COMPLETE
1968,0.49308563470840455,2025-04-17 17:08:11.379522,2025-04-17 17:08:35.892347,0 days 00:00:24.512825,0.015747745845733983,0.7192393795179095,16,0.17390504365020143,0.28253323926190244,0.05440981010906406,0.06677178317277668,0.05738677219123452,0.034403853749646864,6.038383233047725e-05,17,67,0.019890291297348643,0.07990190284064144,False,False,False,7.257288402402212e-08,COMPLETE
1969,0.4949288010597229,2025-04-17 17:08:36.545437,2025-04-17 17:09:00.641343,0 days 00:00:24.095906,0.010934887718426182,0.720527650606674,16,0.1790683123052883,0.2757992756275458,0.05605776676530502,0.06650113579334332,0.05771748146993314,0.03322462823335379,5.1630306800800435e-05,17,59,0.021946918022146048,0.06913802913115032,False,False,False,7.395199931878687e-08,COMPLETE
1970,0.4624064326286316,2025-04-17 17:09:01.267618,2025-04-17 17:09:24.936893,0 days 00:00:23.669275,0.022294357499476045,0.7042184511977914,16,0.18339526039839663,0.28165332495903805,0.05371149581654612,0.06672448713258952,0.05965387213426416,0.03639845031496693,0.01123334235345651,16,56,0.02235806928767672,0.07486518119122045,False,False,False,1.1237899202663383e-07,COMPLETE
1971,0.09470190256834031,2025-04-17 17:09:25.589429,2025-04-17 17:09:47.188243,0 days 00:00:21.598814,0.01995721690447564,0.9432602740700575,16,0.17636456753073507,0.27389512532122123,0.051005728330417804,0.06462169575865709,0.058035280555352876,0.03412062194474684,4.587542622947055e-05,17,62,0.020956925369061182,0.07840003663400753,False,False,True,8.978334512995714e-08,COMPLETE
1972,0.5563706874847413,2025-04-17 17:09:47.843163,2025-04-17 17:10:11.401518,0 days 00:00:23.558355,0.024279262233320397,0.7174267541448532,16,0.18389995147141266,0.28224214923977947,0.05769156093504097,0.06698047559350005,0.058914788774730234,0.03681888477270652,6.3148093398341e-05,16,60,0.019758658052570016,0.06658235627635956,False,False,False,6.141146414122777e-08,COMPLETE
1973,0.48495081663131717,2025-04-17 17:10:12.036755,2025-04-17 17:10:35.689573,0 days 00:00:23.652818,0.011125166110148119,0.7030173421192989,16,0.17406972916929778,0.29432498558031006,0.05395472555900934,0.06546855446150004,0.06106644226230657,0.03739900785948137,0.00010961884090109289,16,56,0.01871264678670505,0.0685765486835179,False,False,False,7.152978267213697e-08,COMPLETE
1974,0.4520969986915589,2025-04-17 17:10:36.345282,2025-04-17 17:11:07.203973,0 days 00:00:30.858691,0.011825681438111243,0.9901798433124931,8,0.18052178854848094,0.28172615573787857,0.05335308701890134,0.06719348341700002,0.06312943518607034,0.03560970339842737,8.911207540848092e-05,16,58,0.01943923189915475,0.06606238622251706,True,False,False,1.2523109632535e-07,COMPLETE
1975,0.11772328913211824,2025-04-17 17:11:07.839524,2025-04-17 17:11:28.773166,0 days 00:00:20.933642,0.025544565831269326,0.7213712785678076,16,0.18306816355457214,0.2933018305167159,0.055140181298857324,0.06605756936860158,0.06351808324315833,0.03801235753947647,8.112957827299792e-05,16,53,0.020315487822562723,0.06886185932709753,False,True,False,8.069585185549024e-08,COMPLETE
1976,0.49161309003829956,2025-04-17 17:11:29.425890,2025-04-17 17:11:53.238289,0 days 00:00:23.812399,0.013883227273754089,0.7074605221771539,16,0.17117775572664087,0.29574871506979583,0.05627675153049214,0.06392915328581755,0.058270656022761574,0.035838190966382764,7.558505415445958e-05,16,57,0.019269166275283578,0.06902149988245469,False,False,False,9.106300140652747e-08,COMPLETE
1977,0.3406010091304779,2025-04-17 17:11:53.910198,2025-04-17 17:12:17.705531,0 days 00:00:23.795333,0.010482406950198392,0.7042945489863135,16,0.17803027013668907,0.28780385475875025,0.05543382493790354,0.061887329360675584,0.060803640831512566,0.03717619443662659,6.386687005722092e-05,16,60,0.012889862144335218,0.06651605897422366,False,False,False,6.50525297892749e-08,COMPLETE
1978,0.462418007850647,2025-04-17 17:12:18.341314,2025-04-17 17:13:30.581384,0 days 00:01:12.240070,0.011396841115108063,0.7037637371242279,2,0.18334616691999422,0.2940123199347982,0.056286806995967414,0.06814823184492716,0.05856115323555072,0.03692288118019122,8.904987655400182e-05,16,64,0.01937875488654786,0.08145282337824394,False,False,False,6.474594866883818e-08,COMPLETE
1979,0.33114061355590824,2025-04-17 17:13:31.242170,2025-04-17 17:13:55.185614,0 days 00:00:23.943444,0.010069026436200605,0.7221361355944654,16,0.1735172943417053,0.2973566066164985,0.057001286725756085,0.06572523667083018,0.05692343741850718,0.0387184890273905,6.923866440311696e-05,16,49,0.018698873307259452,0.06655812542627448,False,False,False,9.937366014774831e-08,COMPLETE
1980,0.5516936779022217,2025-04-17 17:13:55.816253,2025-04-17 17:14:19.522621,0 days 00:00:23.706368,0.03210969569880821,0.732810420315042,16,0.1848500330701141,0.2675929741954804,0.054645553045770914,0.06755919633027896,0.06198605472035261,0.036737720613958295,6.65147132777768e-05,16,60,0.017542207251883248,0.07749332684038168,False,False,False,7.664548274895991e-08,COMPLETE
1981,0.5015743970870972,2025-04-17 17:14:20.174769,2025-04-17 17:14:43.885720,0 days 00:00:23.710951,0.022604795116558125,0.7073637347013577,16,0.1786929675294008,0.2885128077949185,0.056867895720060964,0.06915224194699408,0.055618350120850965,0.03591029207927225,5.7287832343833196e-05,16,54,0.02065165001366945,0.07346437579781423,False,False,False,1.325856358827425e-07,COMPLETE
1982,0.33632106184959415,2025-04-17 17:14:44.544519,2025-04-17 17:15:08.332909,0 days 00:00:23.788390,0.03070712604772255,0.7279578928216539,16,0.1857769720910694,0.28308531818960064,0.05224525013399397,0.061959049754518394,0.058681550353222194,0.034914275698757435,7.360902593457787e-05,16,62,0.01456925619483926,0.08447122719826383,False,False,False,6.223025241689491e-08,COMPLETE
1983,0.497152316570282,2025-04-17 17:15:08.968492,2025-04-17 17:15:32.950587,0 days 00:00:23.982095,0.010229934814107958,0.7282679406887158,16,0.17282383139716764,0.2722486335965131,0.05778454650136913,0.06550829151790251,0.05942019273969881,0.03945617684966174,5.8302446630224516e-05,17,58,0.01989885128399471,0.08382919194366395,False,False,False,9.59899696969565e-08,COMPLETE
1984,0.48273930549621585,2025-04-17 17:15:33.604575,2025-04-17 17:15:57.929309,0 days 00:00:24.324734,0.03764242876764428,0.7169993259627773,16,0.16640792823114153,0.2877797301954323,0.05510264139878483,0.06752427500383183,0.06192508311067075,0.03808760849052809,0.00010403557244852603,17,66,0.021051439770280983,0.07344209336006996,False,False,False,6.974871500984405e-08,COMPLETE
1985,0.492851746082306,2025-04-17 17:15:58.591882,2025-04-17 17:16:21.847433,0 days 00:00:23.255551,0.030357008061267152,0.6973548762403544,16,0.18017703433677643,0.28609275253486355,0.053089577738120834,0.06417181647875263,0.05639715395107342,0.03441820051073089,7.673357694653326e-05,15,56,0.01793755525263919,0.06609635760533214,False,False,False,5.9170628811869296e-08,COMPLETE
1986,0.4986322641372681,2025-04-17 17:16:22.484925,2025-04-17 17:16:46.232859,0 days 00:00:23.747934,0.028639508772567768,0.731379890197336,16,0.2992642490673094,0.28524295931384597,0.05546296429811654,0.06677327954231123,0.05487109160699641,0.03643691506823194,4.643980060929143e-05,16,63,0.022427985605172302,0.09018156692958748,False,False,False,8.18131224505885e-08,COMPLETE
1987,0.5568480730056763,2025-04-17 17:16:46.887269,2025-04-17 17:17:10.517634,0 days 00:00:23.630365,0.0334841464007686,0.7002366450122326,16,0.18810479654763132,0.27942265563439556,0.05659644021224073,0.06903268938331873,0.06045157543174688,0.03401389300178986,6.109657512298858e-05,16,60,0.019310207044073976,0.0781638965573789,False,False,False,5.497010550844082e-08,COMPLETE
1988,0.3321176648139954,2025-04-17 17:17:11.185638,2025-04-17 17:17:34.887521,0 days 00:00:23.701883,0.02998061121896375,0.6974872223379456,16,0.1770656584646123,0.28474381776238455,0.052056269940023825,0.0678641098097683,0.06042770951132855,0.03474358062289334,4.276588397544751e-05,16,59,0.01625619643388014,0.0727448744481188,False,False,False,1.0282500472530511e-07,COMPLETE
1989,0.33815060257911683,2025-04-17 17:17:35.526139,2025-04-17 17:17:59.490624,0 days 00:00:23.964485,0.027235945525907603,0.2734582752006499,16,0.18483674470672284,0.2904937591238245,0.05715168641486409,0.06857903899079977,0.06510640650559124,0.03349223397520352,5.406411923040765e-05,16,65,0.01509790530500992,0.07358701231118715,False,False,False,7.743440856447255e-08,COMPLETE
1990,0.32648985981941225,2025-04-17 17:18:00.154430,2025-04-17 17:18:24.399921,0 days 00:00:24.245491,0.011608673966942944,0.7027118362106725,16,0.18609091829032898,0.28875930594333554,0.05736407540231411,0.06569286759228059,0.06291986485220026,0.0334213417955939,3.992256107427562e-05,16,55,0.01664030186629201,0.06668959272331146,False,False,False,6.349243202778848e-08,COMPLETE
1991,0.09972803592681886,2025-04-17 17:18:25.064286,2025-04-17 17:18:46.254692,0 days 00:00:21.190406,0.031002707386382587,0.7214581251105231,16,0.17868348299388648,0.29564579219125925,0.05444040676430778,0.06324545819995617,0.05916754630042001,0.03623033468540054,5.119736335212807e-05,16,62,0.013900329149495832,0.06636108318106662,False,False,True,5.854517524895735e-08,COMPLETE
1992,0.49416677951812743,2025-04-17 17:18:46.892420,2025-04-17 17:19:11.025752,0 days 00:00:24.133332,0.03835308159286811,0.7024274600532803,16,0.16981978068294148,0.29024316342174755,0.0579416965946475,0.06875199388475556,0.061907322938768106,0.03393153632759159,6.042248088350587e-05,17,67,0.017793114863530145,0.07648704907184459,False,False,False,9.734033047689701e-08,COMPLETE
1993,0.331108957529068,2025-04-17 17:19:11.686829,2025-04-17 17:19:35.306927,0 days 00:00:23.620098,0.0294012010436741,0.6978164958030731,16,0.1825495584670264,0.2846029433033832,0.054565235811936987,0.0652158185454706,0.05734548892037294,0.03266344872482206,4.616336568605607e-05,16,52,0.018166108776577657,0.07775820518486015,False,False,False,1.1887965501584551e-07,COMPLETE
1994,0.21530653834342958,2025-04-17 17:19:35.949194,2025-04-17 17:19:58.475233,0 days 00:00:22.526039,0.012475261219967962,0.6991664951455575,16,0.18821286882140453,0.27979940918738194,0.05620736203930232,0.06754550009145387,0.05988430359642301,0.037867724063622536,5.5648979391838584e-05,17,58,0.01684901983863097,0.07258995306781824,True,True,False,7.979939965383752e-08,COMPLETE
1995,0.49539304971694953,2025-04-17 17:19:59.128262,2025-04-17 17:20:29.308846,0 days 00:00:30.180584,0.03954186933576255,0.7113198436889617,8,0.17573230198350182,0.28026682999947344,0.050865629719830684,0.06570258586613034,0.0622244865931417,0.0355495773582528,4.020499107703184e-05,16,62,0.01919776215371816,0.0797752140882752,False,False,False,5.244266437865052e-08,COMPLETE
1996,0.3402746915817261,2025-04-17 17:20:29.969022,2025-04-17 17:20:53.279046,0 days 00:00:23.310024,0.04115402523891412,0.7172103409769601,16,0.1878162129146239,0.2892606119341157,0.05781931125097152,0.06451448942315213,0.05999446800891798,0.032623441564547835,6.29437695233968e-05,15,60,0.016301532547940315,0.06683588053212622,False,False,False,7.202674914853385e-08,COMPLETE
1997,0.5041394233703613,2025-04-17 17:20:53.917510,2025-04-17 17:21:17.225829,0 days 00:00:23.308319,0.012240716543062628,0.6977059886341871,16,0.17020170625358172,0.27960097607632894,0.0584388999459131,0.06293540982004965,0.05541825663948552,0.0380358996000294,4.8657381703249966e-05,15,56,0.019187766052796075,0.07896207807701289,False,False,False,5.577476228058161e-08,COMPLETE
1998,0.491070032119751,2025-04-17 17:21:17.889961,2025-04-17 17:21:42.260982,0 days 00:00:24.371021,0.039700020886702284,0.7279539184807023,16,0.1809938838368699,0.2888681199826684,0.052994544190120105,0.0696806443922822,0.0583031037718114,0.03613221338828541,8.531485485905842e-05,17,64,0.019601122568546996,0.174002184785033,False,False,False,8.8308943153804e-08,COMPLETE
1999,0.3371047914028168,2025-04-17 17:21:42.926261,2025-04-17 17:22:06.802186,0 days 00:00:23.875925,0.028438644811107514,0.710481209749723,16,0.18839964581056048,0.27947857954803146,0.05796979824086945,0.06829734992715097,0.06480513016840185,0.03419383253465659,3.885673472296385e-05,16,67,0.012840215502399291,0.07296298671955659,False,False,False,1.4163209705277626e-07,COMPLETE
