number,value,datetime_start,datetime_complete,duration,params_alpha-eval,params_alpha-train,params_batch-size,params_eps-eval,params_eps-train,params_lambda-actions-eval,params_lambda-actions-train,params_lambda-frames-eval,params_lambda-frames-train,params_learning-rate,params_n-epochs,params_n-frames,params_radius-gw,params_rho,params_std-feats,params_ub-actions,params_ub-frames,params_weight-decay,state
1793,0.5028730988502503,2025-04-17 15:52:24.290921,2025-04-17 15:52:47.393132,0 days 00:00:23.102211,0.010162310906454398,0.7984301592185887,16,0.18928936116275294,0.2585780925832156,0.0644292500876925,0.09948912806775426,0.030994587797597926,0.036569927722640394,4.629074541957518e-05,15,62,0.03205378763935969,0.09570599408898717,False,False,False,6.342553910830086e-08,COMPLETE
1794,0.5084685683250427,2025-04-17 15:52:47.993116,2025-04-17 15:53:12.028275,0 days 00:00:24.035159,0.06286214651100497,0.8006547952110438,16,0.1790565456288248,0.26896799806106647,0.06343263470781582,0.0950024741275333,0.02897604886083992,0.034690483093265286,3.465657088248411e-05,16,59,0.025490838107983232,0.10565263722272564,False,False,False,1.93630950547559e-07,COMPLETE
1795,0.37484477758407597,2025-04-17 15:53:12.608139,2025-04-17 15:53:36.382461,0 days 00:00:23.774322,0.03813876342216191,0.7828175303691798,16,0.1973511029910182,0.04192564406095391,0.06183662352281612,0.09003395883051488,0.027632918182835052,0.03270058782037215,5.257304108408642e-05,17,29,0.023664847635396568,0.19887567064258105,False,False,False,6.824417126207387e-08,COMPLETE
1796,0.5095214724540711,2025-04-17 15:53:36.981438,2025-04-17 15:54:00.085383,0 days 00:00:23.103945,0.06036002710080185,0.810983237599428,16,0.19078323938439237,0.24655685886560372,0.05929287277897138,0.09222373247300358,0.02637933282612078,0.03757951455838381,4.123383425645792e-05,15,54,0.027807258047100655,0.08846338379548428,False,False,False,7.309351163842087e-08,COMPLETE
1797,0.49696254730224615,2025-04-17 15:54:00.670794,2025-04-17 15:54:25.189852,0 days 00:00:24.519058,0.02925126668842761,0.8258925678975674,16,0.18382587309997842,0.23732387648469572,0.057509134202188894,0.09629170633388369,0.029725735920733357,0.04094933882565884,6.288597937808905e-05,17,62,0.025594901384062507,0.11451963541395996,False,False,False,5.928487420942954e-08,COMPLETE
1798,0.48879442214965824,2025-04-17 15:54:25.767330,2025-04-17 15:54:57.809379,0 days 00:00:32.042049,0.0479306184655972,0.8387471028501448,8,0.2053739116578686,0.26415165965222465,0.06253917071110814,0.0999104963272286,0.03512133119088237,0.032178174638958175,4.564590604697842e-05,18,58,0.028619721295718714,0.10266874724662173,False,False,False,4.858200763326108e-08,COMPLETE
1799,0.5142602920532227,2025-04-17 15:54:58.409998,2025-04-17 15:55:22.027983,0 days 00:00:23.617985,0.010469251974766412,0.7809598296404565,16,0.17494980329002635,0.25513258974880026,0.06475401063539458,0.0910242388589512,0.03136645124235655,0.034923178368987964,7.171916824786111e-05,16,59,0.023018286498185114,0.09448003003526058,False,False,False,1.1414692296872164e-07,COMPLETE
1800,0.5010960221290588,2025-04-17 15:55:22.604778,2025-04-17 15:55:46.707430,0 days 00:00:24.102652,0.06377274600666252,0.7949544673818686,16,0.18702247688248114,0.2416600377296867,0.059012037830528455,0.0938958931241589,0.026807353384403383,0.036436688331569204,5.417623178577171e-05,17,51,0.024273292228201925,0.08821100058415035,False,False,False,5.0624804970265966e-08,COMPLETE
1801,0.1106574296951294,2025-04-17 15:55:47.300230,2025-04-17 15:56:49.063216,0 days 00:01:01.762986,0.042472647840954,0.8064641127487585,2,0.19423662577479794,0.2750432836355664,0.06333778171285705,0.09752469388925573,0.02861956785995893,0.03829427362812936,3.982142382372801e-05,16,63,0.061954715324485835,0.09302505061832816,False,False,True,4.500349860204656e-08,COMPLETE
1802,0.5055900931358337,2025-04-17 15:56:49.637630,2025-04-17 15:57:14.122707,0 days 00:00:24.485077,0.06775010556151068,0.7699633351200896,16,0.20653478922900168,0.24812448121647976,0.051784824105506576,0.09120086565105644,0.02542269670052983,0.034408534034143616,8.35083467476724e-05,18,55,0.02657342144863907,0.10031548080974684,False,False,False,9.119611704964695e-08,COMPLETE
1803,0.5011207103729248,2025-04-17 15:57:14.727445,2025-04-17 15:57:38.718425,0 days 00:00:23.990980,0.044492939742188695,0.777646968012517,16,0.19983320866382676,0.25360305622626256,0.060641054833508845,0.09708407609953378,0.02724659179228201,0.040051786982493884,6.030557933446797e-05,15,130,0.02209030551946145,0.0861870902677137,False,False,False,5.551077383853239e-08,COMPLETE
1804,0.1845070540904999,2025-04-17 15:57:39.300210,2025-04-17 15:58:01.206343,0 days 00:00:21.906133,0.06961498322445726,0.2207765553874596,16,0.17911953331948585,0.2626779405171893,0.06488336319160645,0.09461349207357247,0.031927786635862994,0.03211985517755734,3.4870507397872555e-05,15,61,0.030377062504430064,0.08375080541879387,True,True,False,8.216859151975314e-08,COMPLETE
1805,0.5038087248802186,2025-04-17 15:58:01.805340,2025-04-17 15:58:25.664701,0 days 00:00:23.859361,0.028944595842717163,0.7704342252561351,16,0.19250679239197993,0.26830237013707425,0.062386637670508636,0.09058165240068107,0.029720368297622653,0.0339394677992497,4.430120091297624e-05,17,58,0.023618808962592077,0.09723501847401966,False,False,False,1.3251642423280965e-07,COMPLETE
1806,0.4973274350166321,2025-04-17 15:58:26.244385,2025-04-17 15:58:50.897496,0 days 00:00:24.653111,0.06662265853953428,0.7959276019736703,16,0.17752274458445136,0.25872127853606247,0.0546277883708677,0.09578503823147211,0.042029146499505836,0.03800889417255217,5.138761459239038e-05,18,62,0.025332314055718643,0.09083965782087558,False,False,False,1.0140488407732064e-07,COMPLETE
1807,0.4868834495544434,2025-04-17 15:58:51.499065,2025-04-17 15:59:15.486136,0 days 00:00:23.987071,0.05078812441569812,0.7743478697455207,16,0.18526865636721038,0.2410497509772313,0.06404894638420609,0.09225830578338631,0.02564113068099038,0.03197635638034834,9.132750652362189e-05,17,54,0.032617134414271325,0.10854366804886205,False,False,False,6.819134887494052e-08,COMPLETE
1808,0.4922155737876892,2025-04-17 15:59:16.083785,2025-04-17 15:59:40.166170,0 days 00:00:24.082385,0.03244409712611192,0.8325857502051927,16,0.19920847295459246,0.2515213592561688,0.057353536063753305,0.09287148741995396,0.0370384722963489,0.03443615905760502,6.512376766061732e-05,16,57,0.02857206716247091,0.08232589009518025,False,False,False,4.62334685436509e-08,COMPLETE
1809,0.49990185499191286,2025-04-17 15:59:40.755135,2025-04-17 16:00:03.901118,0 days 00:00:23.145983,0.07122887895967774,0.7630241998162666,16,0.17011995700469612,0.27249774718840397,0.06565481509352494,0.09667657739361855,0.02707372908553951,0.037013668548172465,3.5293864833716796e-05,15,62,0.02189718997991632,0.12299481718570797,False,False,False,6.731663468517268e-08,COMPLETE
1810,0.5258697986602783,2025-04-17 16:00:04.505190,2025-04-17 16:00:29.781277,0 days 00:00:25.276087,0.0536203548068311,0.7891239541924574,16,0.20670526951439983,0.2628950583536176,0.06102488417924793,0.0887661335494888,0.033857563784717104,0.041250121101571155,4.737545647558701e-05,18,88,0.026621870726391213,0.08936483296341816,False,False,False,5.5579885986748926e-08,COMPLETE
1811,0.5140285134315491,2025-04-17 16:00:30.368679,2025-04-17 16:00:53.839642,0 days 00:00:23.470963,0.07236317657582153,0.8146474841162415,16,0.19023032429577313,0.24604009226365642,0.05984539239036684,0.09063847019122306,0.024504183589343042,0.030528629530658158,5.740165879032009e-05,16,59,0.024272990054688866,0.10223960299428943,False,False,False,4.4315083496057375e-08,COMPLETE
1812,0.48904395103454595,2025-04-17 16:00:54.445098,2025-04-17 16:01:18.659491,0 days 00:00:24.214393,0.04015971513233179,0.7606964504345051,16,0.18465078714929484,0.2535738439151395,0.06273209701312125,0.09447343954470298,0.09982614467807849,0.03494634236189125,7.645980552685526e-05,17,63,0.022451466424728384,0.09523872339535037,False,False,False,4.004448430557313e-07,COMPLETE
1813,0.5090656042098999,2025-04-17 16:01:19.243921,2025-04-17 16:01:43.492745,0 days 00:00:24.248824,0.03054847016270295,0.7835140538485588,16,0.1975538671060819,0.23663764156954964,0.06499562367279563,0.09264853360026692,0.029204356712262684,0.03324310551717105,3.908529607307059e-05,18,50,0.026788038343244266,0.08023704396051966,False,False,False,2.65449573601823e-07,COMPLETE
1814,0.5016914486885071,2025-04-17 16:01:44.095740,2025-04-17 16:02:07.684987,0 days 00:00:23.589247,0.07710885997718744,0.7602885951662858,16,0.19270022086111885,0.26790412343362957,0.05589308527388543,0.09845747747462968,0.025975314130382485,0.036720852743457995,4.8363484214237795e-05,16,56,0.029507543477141608,0.08520068795853314,False,False,False,8.759404778590762e-08,COMPLETE
1815,0.5578537225723267,2025-04-17 16:02:08.269742,2025-04-17 16:02:30.920771,0 days 00:00:22.651029,0.027315156297786126,0.8017186223289887,16,0.17462001992383655,0.2568100074638998,0.05789827015087703,0.09979900775481815,0.03130179070976046,0.03965177081194504,6.432604013776528e-05,14,60,0.024919778801535366,0.07610773549999708,False,False,False,7.160473029709617e-08,COMPLETE
1816,0.4718960165977478,2025-04-17 16:02:31.530641,2025-04-17 16:02:54.313896,0 days 00:00:22.783255,0.011965340459799814,0.8777615719152898,16,0.17089126224576526,0.26134943785343784,0.05486951571155652,0.09929900786456504,0.03363674718742986,0.03519186066082523,0.00011075201960817072,14,63,0.026985603940495685,0.29918827031922096,False,False,False,4.328264811882158e-08,COMPLETE
1817,0.5051747560501099,2025-04-17 16:02:54.894243,2025-04-17 16:03:17.827036,0 days 00:00:22.932793,0.05474232198918477,0.8227993711126783,16,0.17057628431781147,0.2750428128761914,0.04884422506488164,0.0966945946617442,0.0355919282332495,0.042414333623786445,9.951636035869185e-05,14,84,0.028597650216254974,0.07177786803416286,False,False,False,4.881814290325833e-08,COMPLETE
1818,0.49266813993453984,2025-04-17 16:03:18.404558,2025-04-17 16:03:47.100702,0 days 00:00:28.696144,0.023308609180429214,0.8315776058057592,8,0.16064578309300087,0.2672771240636878,0.05302642732892419,0.09073314793942426,0.03139964308087207,0.03888173027451577,9.019543056866521e-05,14,59,0.029995525447672894,0.07185726344778205,False,False,False,3.955166939452189e-08,COMPLETE
1819,0.09678175300359726,2025-04-17 16:03:47.704896,2025-04-17 16:04:08.329090,0 days 00:00:20.624194,0.0801359774782264,0.8474952989288866,16,0.162156447101349,0.25777071298932824,0.05628574809791167,0.09859441354063236,0.034265008181977245,0.03311299515137667,8.143614155837277e-05,14,55,0.02580450069566829,0.07537728447403874,False,False,True,5.8355883825691465e-08,COMPLETE
1820,0.5503698348999024,2025-04-17 16:04:08.937627,2025-04-17 16:04:31.645824,0 days 00:00:22.708197,0.010687043145450319,0.7937831264313715,16,0.16488925457049083,0.26609387666567247,0.05822472570450579,0.09936704088497118,0.032417779162492055,0.030323689372557517,7.170540204740691e-05,14,60,0.028041954974942808,0.0758062336441808,False,False,False,5.968494902242891e-08,COMPLETE
1821,0.5062850952148438,2025-04-17 16:04:32.234472,2025-04-17 16:04:54.867034,0 days 00:00:22.632562,0.055525871441740475,0.8107945482140893,16,0.16283433138560202,0.2582869761304354,0.06578128424726871,0.09012008318639732,0.03288189262424928,0.035632686415569714,7.069939089429836e-05,14,53,0.031244637615870468,0.078363847614142,False,False,False,5.202732691758616e-08,COMPLETE
1822,0.4740740299224854,2025-04-17 16:04:55.481075,2025-04-17 16:05:57.746497,0 days 00:01:02.265422,0.08235323288513616,0.8684496747827694,2,0.1750736721143425,0.2820064814882613,0.06681966030296922,0.08767930541406627,0.031032724419540088,0.04011073351710652,6.676680146206965e-05,13,64,0.024815674342129102,0.0751795032920572,False,False,False,6.856293966237525e-08,COMPLETE
1823,0.4478718996047974,2025-04-17 16:05:58.336837,2025-04-17 16:06:22.376497,0 days 00:00:24.039660,0.02879838271201858,0.810627116934166,16,0.1730393368330822,0.2609362745823423,0.06228085129516784,0.09776089499872938,0.036223226526351356,0.03183069605759369,0.00010799008633721484,15,57,0.027541670045416626,0.06957726565632426,True,False,False,3.94641067390492e-08,COMPLETE
1824,0.237414425611496,2025-04-17 16:06:22.961002,2025-04-17 16:06:43.315654,0 days 00:00:20.354652,0.05815980380000554,0.7680205587747246,16,0.16767723627820785,0.27184224059630513,0.05726359140532415,0.09373998515328623,0.032540449554101264,0.03578451810840309,7.952699050318063e-05,14,61,0.02571769109061781,0.07854695360745134,False,True,False,1.006401694137707e-08,COMPLETE
1825,0.498861038684845,2025-04-17 16:06:43.919035,2025-04-17 16:07:06.330710,0 days 00:00:22.411675,0.04743829094806523,0.8496709043331395,16,0.17651943853281377,0.2650101007777424,0.06341344732825126,0.08858171947788449,0.03070476142736006,0.037153238124153616,6.149108072110149e-05,13,63,0.029129699673978875,0.07352403348813984,False,False,False,7.723497670223344e-08,COMPLETE
1826,0.4897117853164673,2025-04-17 16:07:06.940834,2025-04-17 16:07:30.255758,0 days 00:00:23.314924,0.07735903742746764,0.7544843003462439,16,0.17742165910072977,0.2566414579087041,0.06711692388092141,0.09996747160645644,0.030068509162088225,0.03272480024736881,5.972622538700201e-05,15,57,0.026308884417688198,0.07012048973633943,False,False,False,3.999111625746376e-08,COMPLETE
1827,0.544521427154541,2025-04-17 16:07:30.842615,2025-04-17 16:07:53.517353,0 days 00:00:22.674738,0.03163055915511279,0.8054538162033946,16,0.1663518901598382,0.27058365971925497,0.0641821602753945,0.09589125349393016,0.034728711173339394,0.029760417203726713,7.427448920140146e-05,14,60,0.024561949026813898,0.08350745372109042,False,False,False,7.222315430279999e-08,COMPLETE
1828,0.48130971193313604,2025-04-17 16:07:54.126701,2025-04-17 16:08:17.352420,0 days 00:00:23.225719,0.06687806197587004,0.7810246573745513,16,0.17254798442178038,0.2629918596769962,0.06063650963094747,0.08844499399874957,0.03113325489444691,0.04281779879624727,9.101180787690783e-05,15,64,0.033366241723379736,0.07972929409895996,False,False,False,7.549084581600568e-08,COMPLETE
1829,0.5029766321182251,2025-04-17 16:08:17.946235,2025-04-17 16:08:40.572791,0 days 00:00:22.626556,0.07857602255331557,0.7508527543556958,16,0.1796584096593115,0.25423052747687014,0.06583054818040969,0.09134167715048241,0.038652678965126905,0.03743128846533559,6.285547047584442e-05,14,53,0.02772369597949975,0.06988036128559047,False,False,False,5.626153918025637e-08,COMPLETE
1830,0.5098335981369019,2025-04-17 16:08:41.159724,2025-04-17 16:09:03.601005,0 days 00:00:22.441281,0.050889121547813526,0.8382804030722957,16,0.1692502293974725,0.2777176514276737,0.06789063603199659,0.06201900287187362,0.028988001925716166,0.03951395449834639,5.5084432877791334e-05,13,59,0.024301476623225522,0.08223959954733909,False,False,False,4.503952860958355e-08,COMPLETE
1831,0.48975685834884647,2025-04-17 16:09:04.206981,2025-04-17 16:09:27.623654,0 days 00:00:23.416673,0.010174604821747094,0.7966877253758343,16,0.18091462611097217,0.2589610202354381,0.059997981645968756,0.06768236160107088,0.03354351732162705,0.0341274106991957,6.82691560273097e-05,15,90,0.026455233041972892,0.07604169593531483,False,False,False,4.897943576714781e-08,COMPLETE
1832,0.4409903287887573,2025-04-17 16:09:28.233971,2025-04-17 16:09:50.911706,0 days 00:00:22.677735,0.08570774701338875,0.7699735937621995,16,0.1785103186610696,0.2682257183198093,0.06189080616957487,0.09487697800076879,0.029589865837874988,0.032798037270132134,0.0011826109601742183,13,86,0.03082933603791666,0.08302059573810047,False,False,False,3.894284989297397e-08,COMPLETE
1833,0.5014868021011353,2025-04-17 16:09:51.501546,2025-04-17 16:10:14.265104,0 days 00:00:22.763558,0.049319339468405346,0.7542761429738758,16,0.15577562747117008,0.2726443049835378,0.06923857480775514,0.08973120104466056,0.032354228292077,0.02922828512458769,5.491616487506063e-05,14,56,0.023809515734711302,0.0699848681872747,False,False,False,7.443883044330872e-08,COMPLETE
1834,0.49190096855163573,2025-04-17 16:10:14.851998,2025-04-17 16:10:38.299419,0 days 00:00:23.447421,0.025410513973084557,0.8049754715652845,16,0.17344012098407693,0.2520472408095329,0.0160659004936173,0.08643339497216812,0.028008002814052767,0.03100253873917781,8.01307140138874e-05,15,63,0.02880775188997596,0.07843342769083797,False,False,False,3.3278403333310265e-08,COMPLETE
1835,0.5479053497314453,2025-04-17 16:10:38.903925,2025-04-17 16:11:02.464920,0 days 00:00:23.560995,0.08877217739227017,0.745701544794429,16,0.16593949727776663,0.26296853156520267,0.058168056902356484,0.09286177376131374,0.030431555256118323,0.04136685932856867,4.226011697333619e-05,15,61,0.025518608852819303,0.08589294144249549,False,False,False,5.558983478427192e-08,COMPLETE
1836,0.5051048517227174,2025-04-17 16:11:03.049215,2025-04-17 16:11:25.841382,0 days 00:00:22.792167,0.062092568043480685,0.7756542459948366,16,0.18299084600609794,0.2562482242006167,0.06454193469130869,0.09702737226497131,0.028448116288004206,0.03587991984074315,5.013882178651297e-05,13,58,0.0236449537005579,0.0864881783768955,False,False,False,3.866434800993989e-08,COMPLETE
1837,0.5100242137908936,2025-04-17 16:11:26.445514,2025-04-17 16:11:49.196902,0 days 00:00:22.751388,0.042811685907546373,0.7925335906993929,16,0.17469854078475155,0.25108604400782086,0.053269217697962175,0.07561484125244247,0.0317447380323203,0.03839778545981212,3.4132612687227224e-05,14,63,0.02749222340249449,0.07829752122686578,False,False,False,6.391038130857631e-08,COMPLETE
1838,0.4924581289291382,2025-04-17 16:11:49.813366,2025-04-17 16:12:12.790644,0 days 00:00:22.977278,0.07266317078890651,0.7411618399439788,16,0.18164177965768358,0.27653760734481014,0.06647212394849167,0.07090145079431215,0.036666322196942096,0.03459994706493972,6.484041815719018e-05,15,48,0.025522479748878245,0.07069838409328817,False,False,False,5.084858874763413e-08,COMPLETE
1839,0.5128385663032532,2025-04-17 16:12:13.389671,2025-04-17 16:12:36.098713,0 days 00:00:22.709042,0.08799204547577821,0.8245289726145876,16,0.186025941317834,0.26500415918680603,0.06807921074493335,0.08967766748003791,0.028704447092867985,0.032356794541498375,9.570924780103604e-05,14,60,0.02991725096025446,0.08982857740591046,False,False,False,1.2354831559692043e-08,COMPLETE
1840,0.09770263880491256,2025-04-17 16:12:36.719010,2025-04-17 16:13:01.640362,0 days 00:00:24.921352,0.030463901071371483,0.7687359589803927,8,0.15165733368393255,0.25827220088566544,0.07047903643038184,0.09421830660762781,0.027490852552939413,0.02827323511139608,5.3284707167151436e-05,13,36,0.023508425069648585,0.1537085638525714,False,False,True,8.572210435781643e-08,COMPLETE
1841,0.44149757623672486,2025-04-17 16:13:02.227130,2025-04-17 16:13:24.814671,0 days 00:00:22.587541,0.010734142210176862,0.7554517188370387,16,0.17755983909528478,0.2853309752016882,0.06316369294795506,0.0736079302332191,0.029278338366114386,0.03667717882302511,0.000120512351383769,12,56,0.02713521320614088,0.21525455632375706,True,False,False,1.0191150353432855e-08,COMPLETE
1842,0.1327989101409912,2025-04-17 16:13:25.430895,2025-04-17 16:13:46.158123,0 days 00:00:20.727228,0.05728000725318028,0.7304219236866869,16,0.20534383603260337,0.27024694936229093,0.06596040387978457,0.05700973672760448,0.0336720750276489,0.039473959970980334,4.237756961990614e-05,15,54,0.031598387367965566,0.08351163644151804,False,True,False,6.496357613842871e-08,COMPLETE
1843,0.49636454582214357,2025-04-17 16:13:46.746953,2025-04-17 16:14:09.617655,0 days 00:00:22.870702,0.09457346434527547,0.7846288712135068,16,0.1867127259944702,0.2507264209942225,0.05598898281490125,0.09175322031441839,0.030500542211130136,0.0529085871109654,6.287270899609449e-05,14,64,0.022758256639696432,0.07561241142816347,False,False,False,4.662450491830017e-08,COMPLETE
1844,0.44622443914413457,2025-04-17 16:14:10.235058,2025-04-17 16:14:32.644909,0 days 00:00:22.409851,0.06879326305355529,0.48689847342747056,16,0.16712603317337205,0.26175954040094007,0.06014391219863743,0.06364928396356034,0.02710801424509979,0.031227294455311368,3.3928305657995867e-05,13,58,0.025793852482611554,0.08865810288338583,False,False,False,1.0075208946679759e-08,COMPLETE
1845,0.3380900144577027,2025-04-17 16:14:33.236804,2025-04-17 16:14:55.911886,0 days 00:00:22.675082,0.04264868899598463,0.7671739792609686,16,0.1814809773880738,0.2428624289205619,0.07201250372537943,0.08806152113965779,0.03194131643660033,0.0338153242992268,8.055065753915768e-05,14,51,0.009046079482029309,0.07980685323147726,False,False,False,3.4657533871189505e-08,COMPLETE
1846,0.548636543750763,2025-04-17 16:14:56.523809,2025-04-17 16:15:19.766505,0 days 00:00:23.242696,0.09287596431749943,0.817334509065391,16,0.21059671271997774,0.25545493446313605,0.06982260382724789,0.08625692540553394,0.027681103370236992,0.03590884924874661,4.116082464967477e-05,15,61,0.028647809027391315,0.06995898977773805,False,False,False,4.6266522603719524e-08,COMPLETE
1847,0.4664581894874573,2025-04-17 16:15:20.354819,2025-04-17 16:15:45.141800,0 days 00:00:24.786981,0.0293312273270635,0.740805215086613,16,0.17495971127877177,0.23309880722980209,0.06344831871961773,0.07627185401622373,0.02883795181882342,0.02990365928840508,0.0002223117473458308,19,65,0.02520389052501046,0.08223187382886568,False,False,False,6.121434265414588e-08,COMPLETE
1848,0.3320864796638489,2025-04-17 16:15:45.753260,2025-04-17 16:16:57.405047,0 days 00:01:11.651787,0.06871923090023689,0.7956192066967838,2,0.17070428355592504,0.280098590945924,0.06816046978882223,0.06656458580282029,0.02625995946211138,0.027702731201236574,0.0032806125202610773,16,60,0.005527506267216891,0.09143481492712134,False,False,False,1.0134403856902569e-07,COMPLETE
