number,value,datetime_start,datetime_complete,duration,params_alpha-eval,params_alpha-train,params_batch-size,params_eps-eval,params_eps-train,params_lambda-actions-eval,params_lambda-actions-train,params_lambda-frames-eval,params_lambda-frames-train,params_learning-rate,params_n-epochs,params_n-frames,params_radius-gw,params_rho,params_std-feats,params_ub-actions,params_ub-frames,params_weight-decay,state
396,0.4102090895175934,2025-04-09 20:01:37.873760,2025-04-09 20:02:23.875992,0 days 00:00:46.002232,0.4204771753680751,0.46906704987562853,2,0.2867010531575835,0.04245077306176822,0.006335655871045301,0.09197116233395937,0.09193084230125394,0.004880497305737259,0.014133070817747485,8,73,0.005615748397644138,0.04145048569466887,False,False,False,0.0003647459842019933,COMPLETE
397,0.39350593090057373,2025-04-09 20:02:23.998305,2025-04-09 20:03:07.366839,0 days 00:00:43.368534,0.6199241841212696,0.3565319222852561,2,0.2786667108380886,0.05272003648719733,0.025958628779607425,0.09657246797400831,0.07011329791678778,0.052479653153595596,0.008459292149423562,7,56,0.006153933703151759,0.05859495720303135,False,False,False,0.0006071433302269937,COMPLETE
398,0.4730679869651795,2025-04-09 20:03:07.489414,2025-04-09 20:03:46.925744,0 days 00:00:39.436330,0.5718400295269057,0.29121473220108673,2,0.27266010887647973,0.029154448338887737,0.05706459645233263,0.09422432553248014,0.09378997625428229,0.0666136618326966,0.0185433182170104,6,70,0.021115504054867992,0.01496714239451619,False,False,False,2.4293538000390313e-07,COMPLETE
399,0.5538974642753601,2025-04-09 20:03:47.062013,2025-04-09 20:04:30.204543,0 days 00:00:43.142530,0.6057092140548909,0.415618240583058,2,0.24927502810806346,0.034731316959154795,0.05386194790993677,0.008394632748082676,0.0906202841207644,0.05476306143440675,0.011268477178805053,7,62,0.01485085786514954,0.036223350048904895,False,False,False,3.1081058494233275e-07,COMPLETE
400,0.3932396054267884,2025-04-09 20:04:30.328987,2025-04-09 20:05:29.783231,0 days 00:00:59.454244,0.6415249977850979,0.5172249727201255,2,0.25891535369838165,0.04007348138413771,0.04883991224458488,0.05129962877651736,0.06358591507942056,0.03852630750763176,0.013887614958422428,12,66,0.0026102960689827503,0.027220212844204228,False,False,False,0.0002840239536865551,COMPLETE
401,0.3214858889579773,2025-04-09 20:05:29.909008,2025-04-09 20:06:16.111158,0 days 00:00:46.202150,0.683816229270886,0.45034144585708225,2,0.2652758162905293,0.056719657496660636,0.0996124065046964,0.011903913360369063,0.08876452238154356,0.06398670420725965,0.006173106089658889,8,64,0.012377372729254005,0.04423184912171976,True,False,False,0.000140827930678358,COMPLETE
402,0.4973440170288086,2025-04-09 20:06:16.248967,2025-04-09 20:06:35.274314,0 days 00:00:19.025347,0.3256808191167383,0.19076523766225478,16,0.2495201484107093,0.019286017782874865,0.054798510676470714,0.09844718739086034,0.06531747663265167,0.06002342101248682,0.011057432442116134,6,60,0.007925089673252887,0.05097745990857873,False,False,False,1.305564787509353e-07,COMPLETE
403,0.1514039009809494,2025-04-09 20:06:35.403201,2025-04-09 20:07:15.601594,0 days 00:00:40.198393,0.3591494993628877,0.32394595627515144,2,0.2810528073864421,0.0642651630415095,0.051989053169090894,0.07579533591362235,0.09585522969403158,0.06252978850534174,0.00848855404994996,8,77,0.005011393307740883,0.01865059898660433,False,True,False,1.0539732142467312e-07,COMPLETE
404,0.5067200303077698,2025-04-09 20:07:15.729415,2025-04-09 20:07:58.462250,0 days 00:00:42.732835,0.6244764360248579,0.5660232868977229,2,0.24257177990379614,0.012459128286625643,0.05656272321061001,0.09993658334484323,0.06791650177731842,0.04365313456254012,0.0071583467469243075,7,39,0.01727756655449578,0.03421753002483912,False,False,False,6.432225738749459e-07,COMPLETE
405,0.4975419878959656,2025-04-09 20:07:58.586995,2025-04-09 20:08:54.423378,0 days 00:00:55.836383,0.401595883145923,0.49011356374587545,2,0.269927415164266,0.04543548174738193,0.03353504722304597,0.09560918683066008,0.09017090803611802,0.058142924701233584,0.000879466270637157,11,37,0.00893889467057372,0.03996412196300692,False,False,False,2.2981907140791312e-07,COMPLETE
406,0.46370095014572144,2025-04-09 20:08:54.562572,2025-04-09 20:09:43.657654,0 days 00:00:49.095082,0.589640618648725,0.43473658933104664,2,0.2523266047639453,0.030240363135922623,0.08823598367211116,0.053904667074180686,0.09324824681581755,0.06788687545867858,0.010072120930382976,9,68,0.001036636522966811,0.006949297479772522,False,False,False,5.29773062598726e-07,COMPLETE
407,0.504503071308136,2025-04-09 20:09:43.783071,2025-04-09 20:10:03.207587,0 days 00:00:19.424516,0.558190453618129,0.022602837133445793,16,0.2598059002347663,0.039073911847067315,0.04727464930003359,0.04186358270892041,0.08507153546668321,0.07456796781472946,0.0019383162703362127,7,42,0.006845604598832316,0.04715315427673572,False,False,False,1.2617156066565737e-05,COMPLETE
408,0.36510331630706794,2025-04-09 20:10:03.335543,2025-04-09 20:10:39.708770,0 days 00:00:36.373227,0.5108407078942804,0.46509485094556485,2,0.27365025573805296,0.04909233083200448,0.051383755595202696,0.09201254577858875,0.08734326161810503,0.018751813268145383,0.01615171054500974,5,63,0.011409659797447373,0.023041904364498857,False,False,False,1.5568974707176642e-07,COMPLETE
409,0.508230447769165,2025-04-09 20:10:39.845551,2025-04-09 20:11:19.338737,0 days 00:00:39.493186,0.5300056913849951,0.3913728669908565,2,0.26638848289014694,0.025509519432554455,0.05889328980553111,0.08612436858260424,0.07168419479626359,0.06500662569138786,0.013489419195857192,6,55,0.013964739172129119,0.03094028146334258,False,False,False,3.1839172963007314e-07,COMPLETE
410,0.48535563945770266,2025-04-09 20:11:19.468534,2025-04-09 20:12:05.807552,0 days 00:00:46.339018,0.5772344088596414,0.5483175410917851,2,0.23802040799105675,0.03392961725762729,0.08448663542953376,0.013317683588058751,0.09192652356507824,0.05038549915598205,0.0055100838680830965,8,34,0.004662197103727792,0.05289994446513148,False,False,False,1.992641559400449e-07,COMPLETE
411,0.33198241591453553,2025-04-09 20:12:05.935008,2025-04-09 20:12:42.336407,0 days 00:00:36.401399,0.668208252831549,0.49471266193602104,2,0.25524887649475897,0.1722338990023799,0.09318608173012402,0.060607220036834955,0.08853434207870171,0.05621849287191743,0.011542456212976601,5,71,0.009711713127789234,0.010954858452562123,False,False,False,1.1586553145746753e-07,COMPLETE
412,0.5079132676124573,2025-04-09 20:12:42.475620,2025-04-09 20:13:03.185802,0 days 00:00:20.710182,0.6162823715086219,0.33818989498218954,16,0.27916191381832667,0.04250412292732893,0.03010557655459037,0.023234200284567474,0.08285707095862295,0.06082281629384871,0.00959275066604025,10,49,0.01256919828212456,0.06177560520862581,False,False,False,9.131858081388133e-08,COMPLETE
413,0.4348783373832703,2025-04-09 20:13:03.315209,2025-04-09 20:13:49.683147,0 days 00:00:46.367938,0.45175115974563074,0.40770697646251125,2,0.28636165119345597,0.050936031370859405,0.07434547064257713,0.009345858170560696,0.09045674482580887,0.0629933772175748,0.02059409658512649,8,40,0.015564191640558726,0.039182043349897645,False,False,False,3.770221496195924e-07,COMPLETE
414,0.09399031698703766,2025-04-09 20:13:49.813544,2025-04-09 20:14:41.319753,0 days 00:00:51.506209,0.3063408140351062,0.4673106941490758,2,0.26370921808209186,0.03817188064069508,0.02002276317574629,0.02042701498789983,0.06745058293398849,0.0675908940328451,0.013107595106944852,12,59,0.007050446804202373,0.043792224989101576,False,False,True,1.4145179739571854e-07,COMPLETE
415,0.522415030002594,2025-04-09 20:14:41.461934,2025-04-09 20:15:37.683827,0 days 00:00:56.221893,0.5975040207841895,0.4465669157073182,2,0.27318667674048763,0.031231548569536513,0.048943950462571384,0.09736621564286393,0.09472450762936421,0.07058312105073199,0.007707367364046742,11,45,0.0036330635794322957,0.031570281152085225,False,False,False,0.00018476771642099985,COMPLETE
416,0.3213759243488312,2025-04-09 20:15:37.812529,2025-04-09 20:16:17.555062,0 days 00:00:39.742533,0.37600298637536883,0.27430019163401453,2,0.24264552901933759,0.25772715154299186,0.05467623304650699,0.04607159838642232,0.08637066281696024,0.0014990656466285484,0.017080041193797926,6,74,0.010732275497109617,0.018357318643155155,False,False,False,0.00045998302995181324,COMPLETE
417,0.4448444366455078,2025-04-09 20:16:17.684678,2025-04-09 20:16:37.083667,0 days 00:00:19.398989,0.5522976055865185,0.30652804999051614,16,0.2517616901107751,0.04421284649455292,0.07017368124959186,0.017916557543229406,0.0738891851217875,0.06551411331520796,0.009033277734148712,7,66,0.05139772184063657,0.05687511690732938,False,False,False,6.925624921642944e-08,COMPLETE
418,0.4597150444984436,2025-04-09 20:16:37.225847,2025-04-09 20:17:39.054848,0 days 00:01:01.829001,0.6265942404403827,0.371210727659405,2,0.1534090180653576,0.05877315143711359,0.046145515535623446,0.08861514441935273,0.06463496649088102,0.05824038316584996,0.011217187391989798,13,36,0.008471817142048355,0.028088882867583112,False,False,False,2.756462506373677e-07,COMPLETE
419,0.43309474587440494,2025-04-09 20:17:39.186500,2025-04-09 20:18:03.811079,0 days 00:00:24.624579,0.6443771158096168,0.43153537144936116,8,0.25995228951871785,0.025598096603355963,0.05735514681466078,0.01118993025349838,0.09234161515545218,0.05305581245985901,0.014195141737541606,9,63,0.036077597921091276,0.035020967840288256,True,False,False,4.616714240662118e-07,COMPLETE
420,0.5406929969787598,2025-04-09 20:18:03.940729,2025-04-09 20:18:46.795538,0 days 00:00:42.854809,0.5920823711268827,0.5128064542778864,2,0.1616926105180929,0.03580563672836505,0.05118153157822452,0.09294298997254559,0.09944176011988312,0.06040175085766537,0.007179614833125691,7,43,0.01856458326509676,0.04671663633188092,False,False,False,1.8535536557844357e-07,COMPLETE
421,0.39543032646179205,2025-04-09 20:18:46.940207,2025-04-09 20:19:26.404971,0 days 00:00:39.464764,0.41436694268066854,0.48224572349073813,2,0.2705758384484815,0.0470685115355106,0.07704382852804059,0.025593214852554533,0.06973726716453148,0.06314944267563374,0.010131120666477662,6,69,0.013414376356085195,0.02229961542432124,False,False,False,9.464466167259237e-08,COMPLETE
422,0.33585670590400696,2025-04-09 20:19:26.536054,2025-04-09 20:19:47.363708,0 days 00:00:20.827654,0.4930596385190915,0.45411315468009905,8,0.23361533671418203,0.01845971571536359,0.052718197309017896,0.09462456439790455,0.0886730357021192,0.06612824920738304,0.012317565105383304,8,53,0.005937359206034063,0.20430587802966949,False,True,False,1.2467161693197755e-08,COMPLETE
423,0.5728028416633606,2025-04-09 20:19:47.496328,2025-04-09 20:20:23.885825,0 days 00:00:36.389497,0.34166013078709756,0.4211308705944309,2,0.2662400576600925,0.03996300485508913,0.04880810725088735,0.08319038523586945,0.08445805700918144,0.07201628770389651,0.008028619410700193,5,58,0.0025767709866930345,0.037885212263853094,False,False,False,1.241223979602113e-07,COMPLETE
424,0.5068919777870178,2025-04-09 20:20:24.030817,2025-04-09 20:20:43.931987,0 days 00:00:19.901170,0.37637994958747534,0.4098896332604717,16,0.2662308271701964,0.03099395487725634,0.04957712368487475,0.09108386961430924,0.084659235045478,0.07198561026913768,0.00538999912548286,8,56,0.0024593668278771155,0.02695791760653375,False,False,False,1.2426937759414197e-07,COMPLETE
425,0.5199588775634766,2025-04-09 20:20:44.064191,2025-04-09 20:21:33.671739,0 days 00:00:49.607548,0.33187249937637514,0.4193859495335943,2,0.2775255092855471,0.04017865596916738,0.04789220427280639,0.08782483212002115,0.08054944081564461,0.07506044436893027,0.006374548606813992,9,57,0.003806713229548942,0.037854214196118306,False,False,False,1.4688681931937471e-07,COMPLETE
426,0.5054851293563843,2025-04-09 20:21:33.806680,2025-04-09 20:22:16.409278,0 days 00:00:42.602598,0.35549762955996345,0.0861344368604869,2,0.26823980959104815,0.05323173039564273,0.045146091177401225,0.07983728243355495,0.08161991236208462,0.07670216144902159,0.008166185681568032,7,60,0.0011412038207771454,0.016867157349622387,False,False,False,8.437999457895907e-08,COMPLETE
427,0.41274782419204714,2025-04-09 20:22:16.543708,2025-04-09 20:22:37.529541,0 days 00:00:20.985833,0.39170535654480787,0.04795259562478456,8,0.2834173166017385,0.07838636200187918,0.05021750383743089,0.08472699437643487,0.08390581101753027,0.07032338527650739,0.004655017901623137,5,52,0.01571621294414638,0.0335485986805337,False,False,False,1.6440208040659733e-07,COMPLETE
428,0.5085514545440675,2025-04-09 20:22:37.673016,2025-04-09 20:24:24.162810,0 days 00:01:46.489794,0.3071378027130051,0.4381051717875086,2,0.13228981225316477,0.02567710329067622,0.047440365456463594,0.08099995088469392,0.07807185469108485,0.06867342023682095,0.008581483632827906,27,63,0.011397252347618913,0.04109024931164445,False,False,False,1.0412737033885811e-07,COMPLETE
429,0.5253270626068116,2025-04-09 20:24:24.295623,2025-04-09 20:25:04.138910,0 days 00:00:39.843287,0.33402916882122347,0.47222587323138865,2,0.29303829891014005,0.035488396713206624,0.05032268162014344,0.08268272768534358,0.08655504151082266,0.07261311880175789,0.007134997723961618,6,58,0.009297655818633122,0.011146791624161337,False,False,False,2.370217792918881e-07,COMPLETE
430,0.4197357058525086,2025-04-09 20:25:04.275253,2025-04-09 20:25:23.778431,0 days 00:00:19.503178,0.33775854857016446,0.43220057357759906,16,0.26130037721003,0.04485071958058547,0.022651179260660625,0.01519927029686863,0.08485397153177549,0.0733315988976906,0.010037637470022271,7,66,0.01402068783000136,0.025464921896931034,False,False,False,0.00029931982583028554,COMPLETE
431,0.4987920165061951,2025-04-09 20:25:23.923833,2025-04-09 20:25:47.510703,0 days 00:00:23.586870,0.3627626361662582,0.23512881040641503,8,0.27247980976215036,0.040554166440783086,0.04630736436490529,0.09051163653858836,0.08268983064391017,0.07079626478674639,0.015561274848741397,8,62,0.0067789491380311675,0.0365154928802203,False,False,False,7.092106556200165e-08,COMPLETE
432,0.08887712359428407,2025-04-09 20:25:47.647630,2025-04-09 20:26:30.599037,0 days 00:00:42.951407,0.5353557215144583,0.3908207744946647,2,0.2773243501600651,0.04960423536615093,0.037335267865495084,0.0726306865763318,0.0878718386894773,0.06673657966885037,0.001040698850414847,9,50,0.0033843744970687923,0.04990762308774877,False,False,True,1.2162918701765304e-07,COMPLETE
433,0.5531716585159302,2025-04-09 20:26:30.733854,2025-04-09 20:27:06.925098,0 days 00:00:36.191244,0.43586740324999473,0.452389159905858,2,0.25749197018101555,0.033004178647051595,0.05329595777966268,0.07605842252380354,0.08994026665802629,0.0685221964826988,0.0030435445192502275,5,48,0.017450697012098764,0.029600891368918535,False,False,False,1.8888950616583478e-07,COMPLETE
434,0.5059820175170899,2025-04-09 20:27:07.068745,2025-04-09 20:28:15.279252,0 days 00:01:08.210507,0.3530475400832318,0.5248760728762576,2,0.2656112150426548,0.02372580634909343,0.04914415371286528,0.04864632488396058,0.08615607580147423,0.06474312613828499,0.008939118745161853,15,55,0.012075995744556098,0.042940248333655305,False,False,False,3.3684806385394555e-07,COMPLETE
435,0.4892735481262207,2025-04-09 20:28:15.415233,2025-04-09 20:28:38.541202,0 days 00:00:23.125969,0.4621865663734491,0.012182129978562186,8,0.26986422834394974,0.0382979341171234,0.04427148892607657,0.019303597623108282,0.09359598148610138,0.06970452093308285,0.006431519490390497,7,76,0.005050594469285151,0.2574757765940039,False,False,False,2.523906672179693e-07,COMPLETE
436,0.45602942705154426,2025-04-09 20:28:38.676948,2025-04-09 20:29:18.188094,0 days 00:00:39.511146,0.29040717506797603,0.4198044258648022,2,0.28484927128222376,0.02832198982824506,0.05239887172260664,0.01309798981964503,0.09113943302137863,0.04041099832893053,0.011688547152427436,6,60,0.008361388960136332,0.001674971426809304,False,False,False,0.00038581689567709313,COMPLETE
437,0.4324702620506287,2025-04-09 20:29:18.335015,2025-04-09 20:29:39.223305,0 days 00:00:20.888290,0.5649867599838988,0.49506844016739326,16,0.2614354817019942,0.04555535246115627,0.01829406632452858,0.07793343307950344,0.09564476578233133,0.04833255273402255,0.008288474044415529,10,72,0.010622144538736153,0.1610960090389883,False,False,False,0.00023209963409862028,COMPLETE
438,0.3053559958934784,2025-04-09 20:29:39.360299,2025-04-09 20:30:25.766614,0 days 00:00:46.406315,0.4125269869525252,0.4642922052137193,2,0.27620077160008233,0.05527561572903751,0.04779995216166185,0.08654469369344352,0.08032323264882242,0.06777212402615906,0.0007015905633925679,8,67,0.014780360109460166,0.01878810391684978,False,False,False,9.4838975680191e-08,COMPLETE
439,0.4531498432159424,2025-04-09 20:30:25.904403,2025-04-09 20:30:57.853876,0 days 00:00:31.949473,0.3886668454397826,0.5084085909907342,8,0.25101661359993777,0.032508981382962904,0.0910362361613711,0.06356122664157847,0.08427043890453972,0.022503814940203523,0.01399262206210801,18,44,0.006906283816081416,0.05468616899847191,True,False,False,3.931020860815377e-07,COMPLETE
440,0.5103006005287171,2025-04-09 20:30:58.001614,2025-04-09 20:31:41.100781,0 days 00:00:43.099167,0.3161582412298609,0.47896092909518756,2,0.2565022640085538,0.016791784105826837,0.08009946096013038,0.02209346380386005,0.08767655260692592,0.01501913669092785,0.03924143061805049,7,65,0.012792248554860138,0.03322704038127629,False,False,False,8.364584813556504e-07,COMPLETE
441,0.1690586268901825,2025-04-09 20:31:41.237089,2025-04-09 20:32:15.589335,0 days 00:00:34.352246,0.09077977969809714,0.4459205664875587,2,0.21075587795724765,0.04039587361338412,0.050867218451672004,0.09672652421087898,0.08977769504091168,0.06462822877628804,0.01953510551545354,6,47,0.009701592406940017,0.02358286954463709,False,True,False,1.5884544917983476e-07,COMPLETE
442,0.47093162536621097,2025-04-09 20:32:15.730111,2025-04-09 20:32:39.510631,0 days 00:00:23.780520,0.5149659648468621,0.41128151642456806,8,0.266285006437719,0.04828015917429812,0.09707959367529781,0.09348042119578194,0.08644473883050298,0.07339457901817834,0.010609367481557538,8,41,0.0010353948124919912,0.04082842812616426,False,False,False,6.602248487527144e-08,COMPLETE
443,0.49783269166946414,2025-04-09 20:32:39.657962,2025-04-09 20:33:29.445008,0 days 00:00:49.787046,0.6629418575434595,0.25412323288801014,2,0.27325404345999293,0.033757369611853404,0.05493285877949651,0.015570445582241342,0.09263815405730677,0.06205692625987233,0.023912605564596876,9,69,0.005000391707595838,0.013600112350621928,False,False,False,5.464297769574688e-07,COMPLETE
444,0.23350600600242616,2025-04-09 20:33:29.584675,2025-04-09 20:33:49.223189,0 days 00:00:19.638514,0.5724475967587682,0.3923403378889479,16,0.280207848522981,0.06438363663181762,0.0428715798988177,0.027810097980648662,0.09751006115898679,0.05181677587074878,0.003789426250994953,8,61,0.01628116039948201,0.029805794652957237,False,False,False,2.137471855130716e-07,COMPLETE
445,0.460636579990387,2025-04-09 20:33:49.375238,2025-04-09 20:34:25.601398,0 days 00:00:36.226160,0.6051955952761379,0.5436677585319913,2,0.2611245956553397,0.04252792572131046,0.04611528742205427,0.01828035329752534,0.051987310963013,0.07144410148956332,0.007317579630057712,5,80,0.01943072987453979,0.04786078980686694,False,False,False,1.2102510603629658e-07,COMPLETE
446,0.5152827501296997,2025-04-09 20:34:25.740185,2025-04-09 20:35:09.101786,0 days 00:00:43.361601,0.5433413884942759,0.42825760473106245,2,0.25488649115657774,0.028175499216166217,0.053737725613911255,0.009288190066814047,0.08354101595849653,0.05413725530996887,0.012426327357783052,7,74,0.0029071597472176552,0.06447171832255535,False,False,False,1.2093552271060645e-06,COMPLETE
447,0.3359682738780976,2025-04-09 20:35:09.240331,2025-04-09 20:35:31.132754,0 days 00:00:21.892423,0.6245187532974774,0.48778445858752906,8,0.28805610757780203,0.1840141121116337,0.03539474357217617,0.09574354875912668,0.08874079492422819,0.06592860072141934,0.005402173939327728,6,54,0.008033889048840713,0.03710454252283025,False,False,False,3.052009858006456e-07,COMPLETE
448,0.5404075503349304,2025-04-09 20:35:31.285850,2025-04-09 20:36:29.996638,0 days 00:00:58.710788,0.7010819018276372,0.4556464235796441,2,0.08893761063213013,0.036817042167698426,0.048677319973104274,0.014746298884860658,0.09136613597044754,0.06776684719352549,0.009411687455546604,12,58,0.011107925814938718,0.04398620316738134,False,False,False,8.21991662232964e-08,COMPLETE
449,0.5034822940826416,2025-04-09 20:36:30.137708,2025-04-09 20:37:06.433012,0 days 00:00:36.295304,0.37401686516101995,0.038068159039191724,2,0.26880594306579736,0.051905859029350625,0.03966814267108813,0.09816317568485154,0.08130358967561988,0.028473367766786235,0.016766692724514507,5,43,0.04311990481818844,0.057247364010893136,False,False,False,1.5481637067288167e-07,COMPLETE
450,0.42403290271759037,2025-04-09 20:37:06.575785,2025-04-09 20:37:29.164726,0 days 00:00:22.588941,0.581118170953441,0.5050752532237621,8,0.2636344065802665,0.011056181260143443,0.044624761722608576,0.023610304896467284,0.048615983543644783,0.07745144113442247,0.01049212747800243,7,63,0.013718549385806559,0.023310867496577525,False,False,False,7.896215925722678e-05,COMPLETE
451,0.411792516708374,2025-04-09 20:37:29.314687,2025-04-09 20:37:47.383199,0 days 00:00:18.068512,0.3459934375887441,0.475096771662952,16,0.12205313680604782,0.021964846597420443,0.051317602323011156,0.011718967899521718,0.08570587932570059,0.06335999236827235,0.013223943738671761,8,46,0.02252521435917589,0.03496369115472166,False,False,True,0.00014046795276022808,COMPLETE
452,0.5574176549911499,2025-04-09 20:37:47.524513,2025-04-09 20:38:43.216263,0 days 00:00:55.691750,0.6421207838826295,0.4362341682802607,2,0.24912458073066332,0.04460248387835723,0.055107406294238555,0.08293382349561021,0.08795422701308049,0.06207954489105402,0.008573804280624027,11,40,0.0060623246963095595,0.04981724875841219,False,False,False,1.282882834976719e-07,COMPLETE
