number,value,datetime_start,datetime_complete,duration,params_alpha-eval,params_alpha-train,params_batch-size,params_eps-eval,params_eps-train,params_lambda-actions-eval,params_lambda-actions-train,params_lambda-frames-eval,params_lambda-frames-train,params_learning-rate,params_n-epochs,params_n-frames,params_radius-gw,params_rho,params_std-feats,params_ub-actions,params_ub-frames,params_weight-decay,state
1121,0.45470460653305056,2025-04-17 10:43:54.559719,2025-04-17 10:44:19.291336,0 days 00:00:24.731617,0.230676347892584,0.5814127572571075,16,0.2745190648210099,0.27048186420980186,0.08242479086634272,0.052761074141590224,0.01703794304263868,0.09689192531812572,0.039162650947215515,19,55,0.019328840160227043,0.05475594201193886,False,False,False,8.506617986995124e-06,COMPLETE
1122,0.4740578651428223,2025-04-17 10:44:19.651545,2025-04-17 10:44:46.662830,0 days 00:00:27.011285,0.19550021020165242,0.6089168057657336,16,0.23662442779651843,0.011296648843540369,0.08111652233253747,0.0027866031722614685,0.021622752853070137,0.09820695145421388,4.7786564701273284e-05,25,50,0.021467589048243554,0.045394199805955375,False,False,False,6.865101102293572e-06,COMPLETE
1123,0.547049605846405,2025-04-17 10:44:47.023752,2025-04-17 10:45:13.431475,0 days 00:00:26.407723,0.22541758952577284,0.5011229977048859,16,0.25951295003605956,0.24977838002606798,0.08086927708906941,0.0068277399149865034,0.023075656003198008,0.09595035711874725,4.083825119322244e-05,23,61,0.024152427673061066,0.050230571351467794,False,False,False,4.893806738437219e-06,COMPLETE
1124,0.3183216512203217,2025-04-17 10:45:13.799227,2025-04-17 10:45:41.033152,0 days 00:00:27.233925,0.21805633935090307,0.6461872882022212,16,0.2543488880919817,0.18677038833436432,0.0833364955763994,0.0040891593123732395,0.013821925267175753,0.09832607099539362,6.494510881579017e-05,24,59,0.014110789842150445,0.03592554605874486,False,False,False,1.0112506240531192e-05,COMPLETE
1125,0.4793160200119019,2025-04-17 10:45:41.397725,2025-04-17 10:46:09.137282,0 days 00:00:27.739557,0.1746755447021068,0.6266472750902016,16,0.24419980594213153,0.1992569187182043,0.07961952112022601,0.007248031946750884,0.01872573135278871,0.09528773158727769,4.191327912257125e-05,26,62,0.01808313135315609,0.05717302357864369,False,False,False,6.810043476148506e-06,COMPLETE
1126,0.5044185996055603,2025-04-17 10:46:09.487927,2025-04-17 10:46:36.608364,0 days 00:00:27.120437,0.19039667322824677,0.6608965991734693,16,0.220757604538484,0.20699737411752545,0.07545051178387191,0.005615223941311035,0.004048299654657801,0.0968965932784878,5.714897332097487e-05,25,55,0.02076686979283037,0.09323522503063295,False,False,False,5.005231331394116e-06,COMPLETE
1127,0.5232892513275147,2025-04-17 10:46:36.972776,2025-04-17 10:47:03.416543,0 days 00:00:26.443767,0.2286256942585872,0.6104701092588362,16,0.024340616240231316,0.03412536774924302,0.08378582045557384,0.07840232054559598,0.03649109531444324,0.09856397840914538,3.805109316657012e-05,22,62,0.02229209747327854,0.04827132405954941,False,False,False,4.565310087951353e-06,COMPLETE
1128,0.4845317602157593,2025-04-17 10:47:03.778317,2025-04-17 10:47:27.677616,0 days 00:00:23.899299,0.19299357193829614,0.6374805621316559,16,0.26810272640064103,0.25690412594254836,0.08146392510845091,0.008322906989463091,0.016084632080930757,0.09472266818229778,4.7824678526252025e-05,17,58,0.07404481601003264,0.057889468886532194,False,False,False,6.359195726412653e-06,COMPLETE
1129,0.49225667715072635,2025-04-17 10:47:28.037720,2025-04-17 10:47:55.801754,0 days 00:00:27.764034,0.2082383085590507,0.5858509867172547,16,0.2501766885837116,0.1799179450398149,0.0846862639182247,0.0026404869767846922,0.020509154227183517,0.03241759369972799,3.619126878552147e-05,26,63,0.024025883838017528,0.10020004226048593,False,False,False,7.471408809181597e-06,COMPLETE
1130,0.338890016078949,2025-04-17 10:47:56.166335,2025-04-17 10:48:24.798064,0 days 00:00:28.631729,0.1780819492113506,0.6658917871571687,16,0.2621908522830015,0.19159858180425793,0.07787551343082995,0.006135976164621998,0.024078725987508976,0.09995564525442885,5.6717469132331675e-05,27,60,0.015637652045851703,0.08510147793550137,False,False,False,9.832460223661948e-06,COMPLETE
1131,0.46587742567062385,2025-04-17 10:48:25.162365,2025-04-17 10:48:51.883613,0 days 00:00:26.721248,0.19781475322437772,0.6520045469323246,16,0.23974795243974797,0.2459838202587171,0.08177768665366486,0.06539417106703557,0.017779015174899167,0.09601547007686492,7.895976658704647e-05,23,56,0.04861127737860525,0.043300064186795925,False,False,False,5.46107803116397e-06,COMPLETE
1132,0.10306266695261002,2025-04-17 10:48:52.249715,2025-04-17 10:49:15.237320,0 days 00:00:22.987605,0.17710403295261576,0.6303305248918616,16,0.23292546180833024,0.19751565554523018,0.07667692941009645,0.008796822647883205,0.011806300771825623,0.09412975662510062,4.3752447290859845e-05,21,65,0.019622871772637836,0.05325905183242198,False,False,True,4.113550607500462e-06,COMPLETE
1133,0.49700112342834474,2025-04-17 10:49:15.599638,2025-04-17 10:50:52.836484,0 days 00:01:37.236846,0.2218370194353327,0.4564483720587339,2,0.2547629208928118,0.2048564617175043,0.07956060313304292,0.003310050778785243,0.015454874247221946,0.09680932744773499,3.196895558488539e-05,24,85,0.01771511608167293,0.09172977878365897,False,False,False,8.385986743809752e-06,COMPLETE
1134,0.48904463052749636,2025-04-17 10:50:53.203660,2025-04-17 10:51:17.821310,0 days 00:00:24.617650,0.16343516587850554,0.115344461458399,16,0.2267075116105117,0.16887379893046453,0.08251881929185055,0.007442867388516982,0.0939775459524817,0.09814170129520793,3.993365227383824e-05,18,97,0.021917210879003668,0.03334866496365389,False,False,False,6.175944227119016e-06,COMPLETE
1135,0.25235102176666263,2025-04-17 10:51:18.186323,2025-04-17 10:51:52.049362,0 days 00:00:33.863039,0.23793832106467694,0.6819361505999108,8,0.2447920085762968,0.18767900524604186,0.08390039841434725,0.0444119857441621,0.019791134453208993,0.0947904246103601,3.451664912804541e-05,25,64,0.02453905667885292,0.06372279865044289,True,True,False,4.740200743460827e-06,COMPLETE
1136,0.5034499645233155,2025-04-17 10:51:52.413937,2025-04-17 10:52:19.128435,0 days 00:00:26.714498,0.1823301367237253,0.5667333589112334,16,0.26963161651310796,0.21207518978713785,0.085731382615568,0.004702524624490681,0.022137126377438306,0.09331936877864744,4.9285802524310345e-05,23,90,0.019744121677920126,0.05196162062029521,False,False,False,1.1669448752803525e-05,COMPLETE
1137,0.5421080589294434,2025-04-17 10:52:19.494592,2025-04-17 10:52:44.530529,0 days 00:00:25.035937,0.06429746095853339,0.6063925591151572,16,0.21437158747135462,0.19318734531098414,0.08680052225487299,0.009690164431151022,0.01015533916281613,0.09805896970321709,2.921324711211517e-05,20,60,0.02274491951888305,0.07580060436664073,False,False,False,3.964446024832311e-06,COMPLETE
1138,0.49316962957382204,2025-04-17 10:52:44.897932,2025-04-17 10:53:12.575826,0 days 00:00:27.677894,0.2046734055673201,0.6551199166738039,16,0.2596587843123336,0.2611164196500242,0.08429801388338139,0.006292742995801325,0.013731909205921962,0.036796519959717715,3.503464077318827e-05,26,52,0.05739876732346828,0.04000559556015765,False,False,False,5.227594037175376e-06,COMPLETE
1139,0.47307155132293705,2025-04-17 10:53:12.943910,2025-04-17 10:53:40.494345,0 days 00:00:27.550435,0.15748845286959137,0.6831761525948971,16,0.2842960961789645,0.19824332508142004,0.07213691710448676,0.0011580896253598457,0.0826933011195164,0.09613402919853496,6.460595676433316e-05,25,63,0.01587705034847372,0.08207412008018705,False,False,False,3.837507120299061e-05,COMPLETE
1140,0.47323061227798463,2025-04-17 10:53:40.861698,2025-04-17 10:54:09.643986,0 days 00:00:28.782288,0.09922703249755471,0.7509829795192892,16,0.09277202925770642,0.18032554323921754,0.05684234580720237,0.00897756739823717,0.01842781386881049,0.09840752081612684,4.0921689480513796e-05,28,57,0.02087663479601586,0.05915178293324096,False,False,False,1.2125753155716126e-08,COMPLETE
1141,0.33126798272132874,2025-04-17 10:54:10.011597,2025-04-17 10:54:37.547804,0 days 00:00:27.536207,0.1810848906452194,0.7114283669008524,16,0.24995145600016402,0.2047894699204901,0.04140161738950639,0.004255643255276881,0.023548660665406645,0.09369655281365517,0.014248262485155675,24,66,0.012646031757727761,0.06928001993818236,False,False,False,7.716252114723379e-06,COMPLETE
1142,0.49622298479080207,2025-04-17 10:54:37.921895,2025-04-17 10:55:05.732679,0 days 00:00:27.810784,0.16150586241425147,0.6253135797691135,16,0.24134455336617677,0.23925834079171748,0.0801824052366634,0.007497192770570744,0.016444982853755764,0.039986764950598434,2.961860993474417e-05,25,61,0.09342249766652978,0.04483704538759433,False,False,False,5.91337264384988e-06,COMPLETE
1143,0.48145005702972415,2025-04-17 10:55:06.102079,2025-04-17 10:55:34.066160,0 days 00:00:27.964081,0.2123016061151942,0.5908446305856259,16,0.20345844668751997,0.18799134751831664,0.08280082261921014,0.005450815902584748,0.020985789673205302,0.09618936491115686,5.387941361654155e-05,26,65,0.025408698625886073,0.08842401304660646,False,False,False,3.96974148023198e-06,COMPLETE
1144,0.5030535817146302,2025-04-17 10:55:34.441976,2025-04-17 10:56:00.570673,0 days 00:00:26.128697,0.03675662048356326,0.6709805144733695,16,0.27527434454223054,0.21736459878366735,0.08697447198439603,0.04159873411674946,0.018826191823841713,0.09482558776637244,2.6112491733521713e-05,22,58,0.018567205684254212,0.13663171433596302,False,False,False,9.595125244109548e-06,COMPLETE
1145,0.5076703071594239,2025-04-17 10:56:00.944244,2025-04-17 10:56:30.875330,0 days 00:00:29.931086,0.2422711529387206,0.771179637297002,16,0.2343344434709602,0.19725760928659,0.084903878612359,0.009342736668691455,0.008196322253984291,0.09690002727935071,4.391552632553659e-05,30,81,0.023477857280224345,0.06266031856419496,False,False,False,2.5396798619762686e-05,COMPLETE
1146,0.5060030937194824,2025-04-17 10:56:31.249378,2025-04-17 10:56:58.236543,0 days 00:00:26.987165,0.19118832909752012,0.6483089198782624,16,0.2640802760949778,0.20898750091440946,0.0816692153442806,0.0031027598674075512,0.015054343227120206,0.09991992437299355,3.270879097655544e-05,24,67,0.02189520369233878,0.0548342324454434,False,False,False,4.722480311428048e-06,COMPLETE
1147,0.4883135557174683,2025-04-17 10:56:58.613693,2025-04-17 10:57:27.633315,0 days 00:00:29.019622,0.14586128020788447,0.548110531775484,16,0.2562345371657654,0.15962960176527094,0.07751179690536224,0.007422560805892223,0.021412770099423176,0.03044168651521125,3.449769831449101e-05,29,54,0.05477758469788627,0.04952499578336496,False,False,False,6.323999167962559e-06,COMPLETE
1148,0.4992866516113281,2025-04-17 10:57:27.988611,2025-04-17 10:57:54.587253,0 days 00:00:26.598642,0.11026062355343175,0.7349166831483461,16,0.24840154958100472,0.17210575875484255,0.08729051320864549,0.010301380013749572,0.02527792777466372,0.09257037000899779,2.5346902384458353e-05,23,62,0.01708618084434225,0.07218607241197071,False,False,False,7.3000933134065694e-06,COMPLETE
1149,0.5451976299285889,2025-04-17 10:57:54.956307,2025-04-17 10:58:22.181447,0 days 00:00:27.225140,0.1706083299757603,0.6911044957500996,16,0.22342983491006932,0.2738493284347194,0.08834228175426975,0.005492116475857104,0.050451550730824676,0.09515363930724731,4.7682803183935046e-05,24,85,0.019936889129688294,0.08101683616017147,False,False,False,9.487745081390416e-07,COMPLETE
1150,0.4898809790611267,2025-04-17 10:58:22.548071,2025-04-17 10:58:50.010666,0 days 00:00:27.462595,0.076572578897878,0.7116919597600444,16,0.23904902355559116,0.20276751620340286,0.047497330104705485,0.007818200088966559,0.017176527970327503,0.034651776830714076,3.8806620153873825e-05,25,64,0.02565000375155619,0.06633011097687376,False,False,False,3.833510609340636e-06,COMPLETE
1151,0.1125000149011612,2025-04-17 10:58:50.380542,2025-04-17 10:59:13.781000,0 days 00:00:23.400458,0.13181716435343832,0.6638982375110247,16,0.25354888107299284,0.2548771880817452,0.08395900567252466,0.011023562082786086,0.02321616355628114,0.09770243717883743,2.749738719143027e-05,21,60,0.007979323072567502,0.054725881117090085,False,False,True,1.24370174989228e-05,COMPLETE
1152,0.4841182231903077,2025-04-17 10:59:14.152646,2025-04-17 10:59:43.055254,0 days 00:00:28.902608,0.1981013189722155,0.613418317242968,8,0.264981199994317,0.1865203843522123,0.08039597122887793,0.0036933293247172682,0.012869469244639473,0.09264538080599154,6.535145175146355e-05,14,68,0.023335700991879323,0.09898366572024878,False,False,False,5.314163676784268e-06,COMPLETE
1153,0.5106651425361634,2025-04-17 10:59:43.425167,2025-04-17 11:00:11.485344,0 days 00:00:28.060177,0.44562297847218163,0.6981273291697456,16,0.18805925082667468,0.19100548638053744,0.09763110834522024,0.03301097426190537,0.01976469735081386,0.09980792390440714,2.3030414057233827e-05,27,57,0.020789965699319093,0.059980099863370315,False,False,False,3.438870544533322e-06,COMPLETE
1154,0.16815357506275178,2025-04-17 11:00:11.858122,2025-04-17 11:00:37.986455,0 days 00:00:26.128333,0.1570329921008687,0.729064075620749,16,0.23630262685442194,0.02310673056282922,0.07018564002260819,0.006026261101972661,0.017035403842879365,0.09676965963683243,2.9675832172189725e-05,25,69,0.011156144925404949,0.09287539927641518,True,True,False,9.052751619361414e-06,COMPLETE
1155,0.29579031467437744,2025-04-17 11:00:38.358544,2025-04-17 11:01:06.605155,0 days 00:00:28.246611,0.8142031284863733,0.6489632957117264,16,0.24439513998452222,0.21301377741629213,0.09987958406934176,0.024202457035662296,0.021932557345869862,0.09453483574375181,5.3655359669005544e-05,26,45,0.014559578735470414,0.027544059242789427,False,False,False,2.0603846212589756e-08,COMPLETE
1156,0.48948374986648563,2025-04-17 11:01:06.979839,2025-04-17 11:02:37.623568,0 days 00:01:30.643729,0.22680503528465723,0.6316081043845432,2,0.22932730819378372,0.1945414718368133,0.08579673542983582,0.008717345998121111,0.024462882180818574,0.0999141078141806,3.87297945094745e-05,22,92,0.018415293732395255,0.0475242873999451,False,False,False,6.804652182417739e-06,COMPLETE
1157,0.5084920883178712,2025-04-17 11:02:37.997983,2025-04-17 11:03:02.794176,0 days 00:00:24.796193,0.09665201926612767,0.6766453361613287,16,0.25971967257051726,0.20152120091265951,0.03435347649735544,0.010786888045366556,0.010843999058461697,0.0931466071394218,2.2022049605230487e-05,19,65,0.025139634033759125,0.038008896748633614,False,False,False,4.487456518580687e-06,COMPLETE
1158,0.5448249340057374,2025-04-17 11:03:03.166159,2025-04-17 11:03:28.301423,0 days 00:00:25.135264,0.185723834587485,0.5210623498775483,16,0.27296919240791867,0.17677035700384447,0.079089737467287,0.054724898733444174,0.014515427080615277,0.09707930157213977,3.3315859444536665e-05,20,61,0.02165069245816455,0.08629795503470157,False,False,False,0.0004916768914224498,COMPLETE
1159,0.5437286496162415,2025-04-17 11:03:28.675834,2025-04-17 11:03:55.596639,0 days 00:00:26.920805,0.12787069625812822,0.7465913044690969,16,0.25358479257007904,0.20714385423245074,0.08902745265820079,0.003053555499170063,0.019996568309286332,0.03759551052034694,2.674083993843657e-05,23,83,0.027005485453063822,0.07733195899441811,False,False,False,7.452822206112992e-08,COMPLETE
1160,0.47403798103332523,2025-04-17 11:03:55.969037,2025-04-17 11:04:23.321237,0 days 00:00:27.352200,0.16642233953943072,0.5778587839702288,16,0.24788803722832561,0.2667651402034795,0.09683683065286754,0.007018546482124738,0.005737010618852077,0.09519559977744045,4.494465555273956e-05,24,70,0.02349060635434008,0.2589425881208741,False,False,False,5.365227942103279e-06,COMPLETE
1161,0.49688571691513067,2025-04-17 11:04:23.694921,2025-04-17 11:04:51.514889,0 days 00:00:27.819968,0.216029709044374,0.5985852668475609,16,0.26923982084576625,0.24860714123317676,0.08304789436855985,0.02684772734018854,0.033779924599757954,0.09816339221841223,2.045058136784058e-05,26,63,0.019441367166362907,0.06878587286915241,False,False,False,2.3552949347096205e-07,COMPLETE
1162,0.5312905550003052,2025-04-17 11:04:51.889127,2025-04-17 11:05:19.391091,0 days 00:00:27.501964,0.14485858108275493,0.7015108012783519,16,0.2796593135477066,0.1456071646717425,0.08770229693056876,0.0010018929364819808,0.018530012377089112,0.09184339287189762,3.54769370906023e-05,25,74,0.016555144435407326,0.05904162581157359,False,False,False,1.54497901664879e-08,COMPLETE
1163,0.5148841977119446,2025-04-17 11:05:19.767594,2025-04-17 11:05:46.877058,0 days 00:00:27.109464,0.010141225540536841,0.6869005732694318,16,0.2608078104278373,0.19666609519064182,0.09028318294404088,0.005296890103275818,0.016163274946746763,0.09483325339802297,2.5145459740853613e-05,24,66,0.02187687626971654,0.05018499485095991,False,False,False,3.1742075759944752e-06,COMPLETE
1164,0.4788049101829529,2025-04-17 11:05:47.250291,2025-04-17 11:06:14.437023,0 days 00:00:27.186732,0.11364305085628452,0.7217830798780034,16,0.23078248151857722,0.18364783004693858,0.08533769131532784,0.008723105198568183,0.022963335640789753,0.09677324769098444,2.94079936082649e-05,23,88,0.05048636149745326,0.1299883492659921,False,False,False,8.416163264721387e-06,COMPLETE
1165,0.5086329698562622,2025-04-17 11:06:14.813645,2025-04-17 11:06:40.286559,0 days 00:00:25.472914,0.17358055040282636,0.665435016977152,16,0.2410676977623999,0.2583516550685194,0.09650140573841053,0.0621286571251764,0.02086775622574497,0.09384618759149732,5.8045480467293275e-05,21,55,0.024685718815073632,0.043435920485541714,False,False,False,4.245040240434606e-06,COMPLETE
1166,0.5326775312423706,2025-04-17 11:06:40.663448,2025-04-17 11:07:09.243501,0 days 00:00:28.580053,0.49835273068128844,0.7704883378720538,16,0.2559390448329041,0.19302559522306123,0.08112331513132046,0.011335668880009402,0.018073026328101257,0.09860649630795508,1.890281442636509e-05,27,79,0.017584894170585702,0.07618898407279946,False,False,False,5.370397383599205e-06,COMPLETE
1167,0.49575194120407107,2025-04-17 11:07:09.617111,2025-04-17 11:07:36.975892,0 days 00:00:27.358781,0.19230260893101242,0.639735003123035,16,0.21840320130546792,0.2175167887523425,0.09137549116243449,0.005053172326869961,0.026094548354247956,0.032278168391502444,4.309037588999842e-05,25,59,0.02050613523190109,0.062288351179577435,False,False,False,6.5806600295429575e-06,COMPLETE
1168,0.47516669034957887,2025-04-17 11:07:37.353875,2025-04-17 11:08:05.123583,0 days 00:00:27.769708,0.24419531112214976,0.6215879654385759,16,0.24722537084800544,0.2012499947873614,0.09449940799605017,0.04698652662392892,0.012602314021950568,0.06950578726105704,2.4063110879075486e-05,26,72,0.023022460987212216,0.05446541447090778,False,False,False,1.0378763743142632e-05,COMPLETE
1169,0.4982834577560425,2025-04-17 11:08:05.499133,2025-04-17 11:08:31.529030,0 days 00:00:26.029897,0.09062877387401196,0.716561293336928,16,0.2651223600902856,0.21034951511736888,0.08375860629424206,0.007335895074773461,0.014641002544726821,0.09994597335542221,3.23416075633167e-05,22,67,0.02645564088665856,0.16332220505768985,False,False,False,3.333466367213936e-06,COMPLETE
1170,0.09787515103816988,2025-04-17 11:08:31.907643,2025-04-17 11:08:55.046301,0 days 00:00:23.138658,0.1537547309065513,0.6758158851890347,16,0.17579363806621318,0.2870886522256382,0.09830456134794796,0.009665020354492833,0.03992046738071224,0.09625005672621943,2.0104862675536996e-05,21,64,0.013021407191619273,0.11227390667965538,False,False,True,7.310620528845249e-06,COMPLETE
1171,0.3394119679927826,2025-04-17 11:08:55.425033,2025-04-17 11:09:22.992085,0 days 00:00:27.567052,0.06100875192495334,0.03784903015262209,16,0.22707815191402056,0.2320919538461714,0.08929804928216717,0.0507364129660987,0.024195786738763304,0.09203571849567038,8.227712723561126e-05,25,69,0.019233897740496872,0.08193520114736151,False,False,False,4.4474703487978625e-06,COMPLETE
1172,0.5420616030693054,2025-04-17 11:09:23.376462,2025-04-17 11:09:50.183169,0 days 00:00:26.806707,0.20806604041099946,0.7404410708624697,16,0.23840663750439664,0.18718745535743953,0.04486006013514711,0.0030546699722577126,0.02001343149606895,0.09532643421537176,4.8350530977394936e-05,24,61,0.028186033231299847,0.07087854807871014,False,False,False,2.1081826562061668e-05,COMPLETE
1173,0.20927327871322632,2025-04-17 11:09:50.562740,2025-04-17 11:10:14.215337,0 days 00:00:23.652597,0.12379718320383189,0.6987978473375984,16,0.2595172975585236,0.19978048025551928,0.08658614144900348,0.03977779649168958,0.021863918163430692,0.09825657044014893,3.48929751072724e-05,20,57,0.015362847844866929,0.09108943776545543,True,True,False,2.6105964512069166e-06,COMPLETE
1174,0.43700323104858396,2025-04-17 11:10:14.597430,2025-04-17 11:10:49.424177,0 days 00:00:34.826747,0.14270222794953513,0.4817663606326958,8,0.25277185912295147,0.18060797649147065,0.09600984753179118,0.007030250681708142,0.016318659654120094,0.09410912431154062,0.0009739974142823876,22,48,0.0245802880373328,0.03205155703082096,False,False,False,5.650193303312873e-06,COMPLETE
1175,0.4823163032531739,2025-04-17 11:10:49.805185,2025-04-17 11:11:16.513693,0 days 00:00:26.708508,0.17505135713354583,0.5579758270597485,16,0.2438344143698416,0.2452785080516822,0.08205012875253564,0.014405664772611333,0.06106421139078334,0.09697067271103735,2.7864968177616125e-05,23,72,0.022283191657773285,0.04027298838911619,False,False,False,9.352280304330657e-05,COMPLETE
1176,0.47548569440841676,2025-04-17 11:11:16.893851,2025-04-17 11:11:44.724237,0 days 00:00:27.830386,0.11098815719371556,0.5993641551553248,16,0.23280211879456325,0.19319293958619846,0.09225126487084931,0.004643149366783071,0.00976734004275135,0.05618366779696166,2.2545587735941006e-05,26,63,0.02017597174886979,0.04745555071985763,False,False,False,3.121275121941648e-05,COMPLETE
