number,value,datetime_start,datetime_complete,duration,params_alpha-eval,params_alpha-train,params_batch-size,params_eps-eval,params_eps-train,params_lambda-actions-eval,params_lambda-actions-train,params_lambda-frames-eval,params_lambda-frames-train,params_learning-rate,params_n-epochs,params_n-frames,params_radius-gw,params_rho,params_std-feats,params_ub-actions,params_ub-frames,params_weight-decay,state
1411,0.09427145123481752,2025-04-10 09:16:46.776470,2025-04-10 09:17:38.649246,0 days 00:00:51.872776,0.5358626376971272,0.6083693459004949,2,0.2804008144190072,0.024593078850272954,0.07752668901429334,0.09815193854720927,0.04569088959376022,0.006134883113775984,0.0010941468451350978,10,132,0.008619992776573385,0.0705000554677773,False,False,False,6.209875952002482e-08,COMPLETE
1412,0.28662081360816954,2025-04-10 09:17:39.119651,2025-04-10 09:18:38.903491,0 days 00:00:59.783840,0.5139849181367672,0.6552054784756999,2,0.28998273638882455,0.036626112914780226,0.07113241011176029,0.09815888340153538,0.04763077218834677,0.012734083901409864,0.0017343518667714852,12,128,0.0038252964280552997,0.0655791281089851,False,False,False,8.215033768091675e-08,COMPLETE
1413,0.3011677086353302,2025-04-10 09:18:39.357507,2025-04-10 09:19:45.270685,0 days 00:01:05.913178,0.5688318300681506,0.5578213417991628,2,0.2946291340002397,0.014800411503345396,0.06984591290877505,0.09407375547114863,0.04308374010219308,0.00800294916183547,0.0009050974239185265,14,124,0.006312136672244906,0.07879938194202055,False,False,False,3.5333593451439606e-08,COMPLETE
1414,0.525829529762268,2025-04-10 09:19:45.724637,2025-04-10 09:20:42.124048,0 days 00:00:56.399411,0.5501878264646582,0.5815943675945111,2,0.29997397084480093,0.025423196824727132,0.06250081754475663,0.09656049164952393,0.05036161628262607,0.010986284770405018,0.0013371430233902078,11,134,0.005308634515565575,0.11123007921747166,False,False,False,4.5222677114555635e-08,COMPLETE
1415,0.3302782475948334,2025-04-10 09:20:42.577726,2025-04-10 09:21:42.107352,0 days 00:00:59.529626,0.49389215154483945,0.6162157879413194,2,0.2856630731576751,0.29011678850611783,0.0735440762366902,0.09996058448002698,0.05281307585724758,0.004678160137949446,0.002295644791584694,12,129,0.0032726076978788947,0.061302156390637734,False,False,False,6.123573276266342e-08,COMPLETE
1416,0.4176118969917298,2025-04-10 09:21:42.561714,2025-04-10 09:22:35.228821,0 days 00:00:52.667107,0.5254589888563898,0.5934594503964816,2,0.2999919300304839,0.03189682858950056,0.06345852722941994,0.09998152700668066,0.04618051635567429,0.008852283724912476,0.0006678581781056866,10,126,0.008708632841133063,0.05414705396724379,False,False,False,9.875070338045643e-08,COMPLETE
1417,0.09242094457149505,2025-04-10 09:22:35.702467,2025-04-10 09:22:56.191977,0 days 00:00:20.489510,0.5405793623487368,0.566302935623395,16,0.29022103676245536,0.03842175435683932,0.06928896873235815,0.0953324206962875,0.0404145286020905,0.01358165611051897,0.0016455947658344295,13,136,0.006313090687535194,0.06785819029370999,False,False,True,7.560124265015343e-08,COMPLETE
1418,0.09427145123481752,2025-04-10 09:22:56.647742,2025-04-10 09:23:51.665715,0 days 00:00:55.017973,0.5098092614067465,0.6390639335201084,2,0.28103150086401674,0.018228557853538004,0.07590746680974818,0.09248786333728687,0.04908630150682264,0.006901730610317734,0.0010840208401912057,11,131,0.09407599188562625,0.07307274153315876,False,False,False,4.226398748309955e-08,COMPLETE
1419,0.5265102982521057,2025-04-10 09:23:52.121072,2025-04-10 09:24:51.478434,0 days 00:00:59.357362,0.5613439205847319,0.5478644260022196,2,0.29370444984380256,0.02939938692875894,0.07814532951902717,0.09760072046159542,0.043870840702385026,0.011141562759013846,0.0019279321924097976,12,139,0.0024637943409948175,0.08753783367952865,False,False,False,5.674001409511048e-08,COMPLETE
1420,0.31491888761520387,2025-04-10 09:24:51.927947,2025-04-10 09:25:48.601971,0 days 00:00:56.674024,0.4832562090714263,0.5891674911049057,2,0.29012590625864904,0.0237757699609929,0.06263167642929181,0.09368538794292207,0.04678027839034639,0.015590131293304825,1.8457164279368432e-05,11,124,0.004193764947312078,0.1213957274405899,False,False,False,1.0089227051196294e-07,COMPLETE
1421,0.3309091150760651,2025-04-10 09:25:49.077961,2025-04-10 09:26:51.599137,0 days 00:01:02.521176,0.5837258745950207,0.613688486721976,2,0.2941203340412046,0.034792387992685,0.07192471717893294,0.09659338418551343,0.041889522494494964,0.010201765843399612,0.0014141705993577346,13,129,0.00765165844051988,0.06172364183245872,False,False,False,3.296370252117216e-08,COMPLETE
1422,0.09427145123481752,2025-04-10 09:26:52.054887,2025-04-10 09:27:50.493025,0 days 00:00:58.438138,0.5216666506232678,0.5671525002207249,2,0.27958099659060764,0.010703567335148725,0.062192016643903544,0.09794341423636883,0.05123372859263999,0.0035113342922094776,0.0012228184870273749,12,135,0.010082162322721078,0.08172614527519066,False,False,False,8.03691929348602e-08,COMPLETE
1423,0.46079383492469794,2025-04-10 09:27:50.954260,2025-04-10 09:28:47.399589,0 days 00:00:56.445329,0.5448753208386882,0.597633189166335,2,0.28597028541702646,0.019359282614695314,0.06541228027028086,0.09535749733154848,0.03772199833574766,0.012663591963860715,0.0008500717685194197,11,133,0.005611623534140032,0.05189667127611738,False,False,False,5.412432957438121e-08,COMPLETE
1424,0.33918209075927735,2025-04-10 09:28:47.854322,2025-04-10 09:29:41.713733,0 days 00:00:53.859411,0.4954547307200072,0.5768722542304082,2,0.2935238355779631,0.03763893854802073,0.07010202933745567,0.09228248961978593,0.044567613845452804,0.00804404739127626,0.002179596031832996,10,127,0.0030603479745881837,0.07154117445922203,False,False,False,6.812345319696229e-08,COMPLETE
1425,0.4963529944419861,2025-04-10 09:29:42.168279,2025-04-10 09:30:42.866173,0 days 00:01:00.697894,0.5262209185604031,0.630392843215163,2,0.28690475956585804,0.028378545931316515,0.08142273549534786,0.09816339126492578,0.04799698418940512,0.005741552859971496,0.001602695430222682,12,130,0.0011215915833609987,0.0631729258236149,True,False,False,2.7814836130491185e-08,COMPLETE
1426,0.516693365573883,2025-04-10 09:30:43.346398,2025-04-10 09:31:39.566877,0 days 00:00:56.220479,0.5560302100475335,0.5435150239943212,2,0.2999756930934115,0.024291183156321505,0.07388068395542846,0.09463547771029314,0.04951477335447866,0.00970755363536905,0.0010147514146423512,11,123,0.0043870011162745,0.0571879693097225,False,False,False,4.482857565126527e-08,COMPLETE
1427,0.16219318509101868,2025-04-10 09:31:40.025738,2025-04-10 09:32:31.392807,0 days 00:00:51.367069,0.5013715083071337,0.6561079388701901,2,0.29433541172589867,0.016434328292232087,0.06516680967461776,0.09662801954988036,0.04549204132837762,0.019550313125785045,0.002558756627943399,12,126,0.03099541248285037,0.07832430999675305,False,True,False,1.0369417568190274e-07,COMPLETE
1428,0.517533802986145,2025-04-10 09:32:31.855048,2025-04-10 09:32:54.597042,0 days 00:00:22.741994,0.5365682146735332,0.5598731387397582,16,0.2895266630205378,0.03159058146741034,0.06208582192985648,0.09060786003297863,0.0519476299192575,0.01358758325113716,0.0012768336167606283,13,132,0.0010181020860567473,0.06966713998622766,False,False,False,8.02365444874136e-08,COMPLETE
1429,0.5199462413787842,2025-04-10 09:32:55.059205,2025-04-10 09:33:51.349713,0 days 00:00:56.290508,0.5663160362558335,0.6081756839100741,2,0.2815916057248276,0.023579220992807577,0.068855106564191,0.09994582627181994,0.04187493053418181,0.011759737046313662,0.0007508612792410344,11,137,0.0071774003994373664,0.05820439305457317,False,False,False,6.48949967476271e-08,COMPLETE
1430,0.35124709606170657,2025-04-10 09:33:51.818541,2025-04-10 09:34:57.329541,0 days 00:01:05.511000,0.5154969445027802,0.5830531603493456,2,0.2945030077476872,0.037755273968835074,0.07419833085990277,0.09815219869429848,0.047320275777043376,0.008459377090363127,0.0018111655072730784,14,129,0.005700668411182108,0.07463266320482691,False,False,False,4.9835346983024266e-08,COMPLETE
1431,0.09427145123481752,2025-04-10 09:34:57.807456,2025-04-10 09:35:50.744868,0 days 00:00:52.937412,0.4860386785809027,0.6304744761671798,2,0.12566769602857944,0.03026742978877594,0.06523025547257963,0.09299541542772592,0.05330494380123285,0.0030261119737966277,0.0015018958196744575,10,123,0.008540735161844497,0.06431429228042543,False,False,False,3.880513434398894e-08,COMPLETE
1432,0.09427145123481752,2025-04-10 09:35:51.204095,2025-04-10 09:36:50.015757,0 days 00:00:58.811662,0.535939346983119,0.5412651090041741,2,0.28922614203023855,0.020395510036264577,0.06375099730783741,0.09591042098155628,0.049680050759716765,0.015160906540718517,0.0009401055554416446,12,132,0.06460431432239809,0.05148130391649955,False,False,False,8.433584865745867e-08,COMPLETE
1433,0.3839841604232789,2025-04-10 09:36:50.475834,2025-04-10 09:37:46.707530,0 days 00:00:56.231696,0.5094752826912075,0.5714188331985595,2,0.2998338111672626,0.004972634999163568,0.0718670408289205,0.09439884136280294,0.0441339813686654,0.005382017764296462,0.0005449195839432318,11,140,0.0037470092321368045,0.08204023767812735,False,False,False,6.121657493363009e-08,COMPLETE
1434,0.33144699931144717,2025-04-10 09:37:47.161824,2025-04-10 09:38:46.355989,0 days 00:00:59.194165,0.5817857936983533,0.5972273175158377,2,0.2998486287896813,0.258912052207293,0.06672855801811035,0.09998792392393727,0.03901680879388605,0.006971273352949103,0.0011786909852429103,12,127,0.00576005693213944,0.15228005966495484,False,False,False,9.644421828153084e-08,COMPLETE
1435,0.3804258584976197,2025-04-10 09:38:46.812041,2025-04-10 09:39:49.110723,0 days 00:01:02.298682,0.5540375082438259,0.6177956926895307,2,0.2846629956587681,0.01149822352233313,0.07636396842288631,0.09011447226633236,0.04642977213075558,0.010767169408733894,0.00217253376442813,13,134,0.0027955461783063873,0.0682659639246005,False,False,False,3.3389231067937164e-08,COMPLETE
1436,0.10754110217094423,2025-04-10 09:39:49.587320,2025-04-10 09:40:36.044505,0 days 00:00:46.457185,0.4809484624962134,0.5583139845459428,2,0.293951347095906,0.027479930936030135,0.07862388564163283,0.09809509365500524,0.047884009827506666,0.012428271684194761,0.001685053454844745,10,122,0.0075948792580879405,0.05996374845147389,False,False,True,1.9460450384228546e-08,COMPLETE
1437,0.3475715577602387,2025-04-10 09:40:36.509128,2025-04-10 09:41:33.415733,0 days 00:00:56.906605,0.5225645603357815,0.5885763508748509,2,0.2999611277221753,0.0356525363967307,0.06271745116814449,0.09628222166265553,0.050532269103352186,0.01793525469473741,0.0013876620635647323,11,129,0.004308215785207408,0.07533730902393883,False,False,False,5.3635869804369234e-08,COMPLETE
1438,0.4732736468315125,2025-04-10 09:41:33.878589,2025-04-10 09:42:33.524489,0 days 00:00:59.645900,0.5448786285583918,0.6460887416798548,2,0.2786865322499427,0.03087019738995304,0.06224606489625535,0.0926947076383433,0.043609255208804376,0.007281175366172312,0.0010355693588241848,12,125,0.010699758813358943,0.06581002254276809,False,False,False,7.053943050209198e-08,COMPLETE
1439,0.09427145123481752,2025-04-10 09:42:33.981684,2025-04-10 09:43:35.620924,0 days 00:01:01.639240,0.5056036271425959,0.5734797048891219,2,0.2895207925629135,0.023019527608855856,0.06859696055890728,0.09818106839707559,0.045813252519845776,0.009485048397918975,0.0026777487686255757,13,131,0.037526088286863435,0.09312570593623418,False,False,False,1.0297190432595997e-07,COMPLETE
1440,0.4981830477714539,2025-04-10 09:43:36.104085,2025-04-10 09:43:57.881564,0 days 00:00:21.777479,0.569109903205296,0.6100474702010544,16,0.2850542300633515,0.01551921531598303,0.06131862312624292,0.09486195472992201,0.04142002495039414,0.014981968721594772,0.001985890018500137,11,135,0.005950024114733193,0.07276889718104973,False,False,False,4.231813153608137e-08,COMPLETE
1441,0.3676261484622955,2025-04-10 09:43:58.348294,2025-04-10 09:44:57.554845,0 days 00:00:59.206551,0.53097284876632,0.5399635126655465,2,0.2935965803546287,0.03729797051409882,0.0644396998603051,0.0965667320770854,0.04874332409007602,0.012017937196207355,0.0012766102487690779,12,127,0.002980565083240605,0.05250227487629207,False,False,False,8.305274001417504e-08,COMPLETE
1442,0.09427145123481752,2025-04-10 09:44:58.017074,2025-04-10 09:45:50.004444,0 days 00:00:51.987370,0.49705872799194145,0.5917613415827603,2,0.28970090135343746,0.02672905058409204,0.07186859371745197,0.09157346858283748,0.052194846346340217,0.025193970821638222,0.0008168401648248113,10,130,0.008532406693137283,0.05939992819115912,False,False,False,6.345272774194871e-08,COMPLETE
1443,0.5192726850509644,2025-04-10 09:45:50.465025,2025-04-10 09:46:50.015290,0 days 00:00:59.550265,0.5496295271849259,0.5575323973103593,2,0.2943717865425743,0.02072529687027677,0.06630559613747501,0.09831461242709538,0.045607831758473424,0.004622763504567167,0.0016439242944472309,12,133,0.004729417689147656,0.08450758183676252,False,False,False,5.071627601790413e-08,COMPLETE
1444,0.38337683081626894,2025-04-10 09:46:50.476308,2025-04-10 09:47:53.194095,0 days 00:01:02.717787,0.522852218065149,0.6242175751530329,2,0.2799158342493128,0.03248037824034834,0.07403521706068161,0.09424338462851894,0.04998650481491135,0.009425487264969945,8.93619405516307e-05,13,137,0.0010606332602447538,0.06860679990768814,False,False,False,7.725960355286e-08,COMPLETE
1445,0.38055512905120853,2025-04-10 09:47:53.672230,2025-04-10 09:48:51.547515,0 days 00:00:57.875285,0.4827569755083983,0.5805123803784665,2,0.285634272732986,0.03848597235501776,0.0698396083878296,0.09656657671493594,0.04031545942754151,0.013533967209803807,0.0010923811290568927,11,122,0.006319530859621063,0.0772195451294593,True,False,False,2.4650288657293234e-08,COMPLETE
1446,0.14212918281555176,2025-04-10 09:48:52.011392,2025-04-10 09:49:40.390272,0 days 00:00:48.378880,0.5118234299834576,0.6044653784949215,2,0.29040438427270265,0.026806736283805838,0.07514889398760638,0.09261170296472657,0.04305093405005466,0.006725251831084284,0.0014562748711533162,11,127,0.009918724651237984,0.06374074138589543,False,True,False,3.1441074767926926e-08,COMPLETE
1447,0.39380436539649966,2025-04-10 09:49:40.856181,2025-04-10 09:50:46.149229,0 days 00:01:05.293048,0.5651488128481038,0.5367573328585609,2,0.2952635309153563,0.015520693738058625,0.06394820098245813,0.09993593408229154,0.05410246044962034,0.010421492533595617,0.002311816690698322,14,125,0.0027331578045471125,0.05399821275612985,False,False,False,1.0230784643724598e-07,COMPLETE
1448,0.09427145123481752,2025-04-10 09:50:46.611169,2025-04-10 09:51:45.180947,0 days 00:00:58.569778,0.5863412704591163,0.6670590831508667,2,0.29506484063299465,0.03198313633779559,0.06085114950917065,0.08935170068382739,0.04835237410314541,0.008133250056245298,0.003260642104343011,12,141,0.007598912978486851,0.07067931929650971,False,False,False,4.3241782078646494e-08,COMPLETE
1449,0.5170356631278992,2025-04-10 09:51:45.666518,2025-04-10 09:52:39.224572,0 days 00:00:53.558054,0.5345087499856392,0.5648352785535807,2,0.28818472289507047,0.023270875790134662,0.06706290792252056,0.0953488041070376,0.04670716159094216,0.01622611490208687,0.0018648276929420845,10,129,0.004860194913848778,0.05855964917597431,False,False,False,5.76350769387902e-08,COMPLETE
1450,0.5103360891342164,2025-04-10 09:52:39.689550,2025-04-10 09:53:42.446456,0 days 00:01:02.756906,0.5017739329094915,0.5998419480048618,2,0.27994112592003934,0.019942645350598396,0.06131485527206706,0.0982151058392849,0.05122506252302021,0.011457881659800943,0.0006284013678301656,13,132,0.002790514345212637,0.0784657322326328,False,False,False,7.233756537478732e-08,COMPLETE
1451,0.36433151364326477,2025-04-10 09:53:42.907848,2025-04-10 09:54:04.909814,0 days 00:00:22.001966,0.5503298721223572,0.6388893340795467,16,0.2934879027759277,0.030297207399676594,0.07070938481980382,0.09362254048392689,0.044600168517739236,0.0057176973910416954,0.0011996383561867392,12,125,0.006566422586083818,0.29848597743468913,False,False,False,1.0867515895212847e-07,COMPLETE
1452,0.45213381052017215,2025-04-10 09:54:05.376129,2025-04-10 09:55:02.464950,0 days 00:00:57.088821,0.5207778825107291,0.5717954190593908,2,0.2851034348622605,0.03782731831832309,0.06481780280143652,0.0968671033744802,0.04234736659552155,0.008976432623944734,0.0009476217638774324,11,134,0.0040505906658559075,0.0650679764330767,False,False,False,5.163944410255415e-08,COMPLETE
1453,0.3999626994132996,2025-04-10 09:55:02.947356,2025-04-10 09:55:56.013635,0 days 00:00:53.066279,0.4799984296416569,0.5449650403791902,2,0.299638308011305,0.02665830976670579,0.07690941866373667,0.09150141674648617,0.04877715001544731,0.0031859811558636593,0.0015096426692018622,10,129,0.008926599325627917,0.08883241851434856,False,False,False,8.366682217800738e-08,COMPLETE
1454,0.39325053691864015,2025-04-10 09:55:56.483014,2025-04-10 09:56:56.048710,0 days 00:00:59.565696,0.5349510812270953,0.6228425520878732,2,0.29015311441065467,0.012027331602045565,0.06287922840283852,0.098073992969836,0.036892345599324444,0.013285124171953874,0.0019772562717205256,12,137,0.005555736164313311,0.07101529615149343,False,False,False,3.833904921880708e-08,COMPLETE
1455,0.09061923325061799,2025-04-10 09:56:56.515221,2025-04-10 09:57:51.068497,0 days 00:00:54.553276,0.5686376827844464,0.5938411667183421,2,0.293225130908821,0.03798852010983356,0.06868685083132083,0.09530132973898083,0.046485111810556756,0.08612300345442914,0.0007609018361404991,13,121,0.002660908571414686,0.06035410305780251,False,False,True,6.279944771620842e-08,COMPLETE
1456,0.09427145123481752,2025-04-10 09:57:51.534564,2025-04-10 09:58:50.294191,0 days 00:00:58.759627,0.5869458640290991,0.5581690714585121,2,0.2941001993183374,0.018338765743153185,0.07243577818867458,0.09993830110927535,0.05288590492856819,0.010673616167444552,0.0011354331588385531,12,131,0.01093927739912414,0.05274354852708518,False,False,False,8.673830737963778e-08,COMPLETE
1457,0.40695500969886783,2025-04-10 09:58:50.780829,2025-04-10 09:59:47.194638,0 days 00:00:56.413809,0.5091240485874329,0.5789146135254692,2,0.2847701224323502,0.031892371186837534,0.06635811464344193,0.08966368538451755,0.039463280032639964,0.007535013777961497,0.0025707459849303293,11,127,0.007224053548791335,0.08073142420539442,False,False,False,6.615091990498307e-08,COMPLETE
1458,0.5917243719100952,2025-04-10 09:59:47.662905,2025-04-10 10:00:44.644294,0 days 00:00:56.981389,0.5491800191050424,0.6110548862014854,2,0.27930317741936134,0.024638624897542174,0.0617102475740522,0.09389626645353327,0.05036769494254594,0.014485126197628173,0.0014173014775056914,11,122,0.004368843815305194,0.06440534442226475,False,False,False,1.0653227400565108e-07,COMPLETE
1459,0.5959897875785828,2025-04-10 10:00:45.113902,2025-04-10 10:01:51.778595,0 days 00:01:06.664693,0.5306593822474005,0.5850280563585246,2,0.293845672035448,0.027669789341022922,0.07875405496610961,0.09658428837977273,0.044466801308724026,0.009393290203401034,0.0017671125233716747,14,134,0.002333562217925415,0.0726431867742325,False,False,False,4.625880677892408e-08,COMPLETE
1460,0.3374798774719239,2025-04-10 10:01:52.245627,2025-04-10 10:02:54.457328,0 days 00:01:02.211701,0.4940098371330461,0.5362539371310548,2,0.28632947748767396,0.1744289231669881,0.060532209790341476,0.09805235503164217,0.04756899331509613,0.004802272280171924,0.0009356948892906851,13,125,0.0052138576299847455,0.05653134372775052,False,False,False,5.7376790955375175e-08,COMPLETE
1461,0.09427145123481752,2025-04-10 10:02:54.923211,2025-04-10 10:03:47.389593,0 days 00:00:52.466382,0.5530836042855094,0.7907731452204505,2,0.2996868449888198,0.009985578287227473,0.08289345309526794,0.0951611728651323,0.049309145876298685,0.01240772634412368,0.0022635382543372026,10,130,0.00771405818207132,0.06666623616858425,False,False,False,8.037359347639724e-08,COMPLETE
1462,0.33376317620277407,2025-04-10 10:03:47.875158,2025-04-10 10:04:12.306479,0 days 00:00:24.431321,0.5142248400071753,0.6493839234656386,16,0.28967726384992526,0.032175449989129086,0.06422348582501955,0.09994106830421422,0.04232104116496617,0.0011391959219223813,0.001353992158855357,12,128,0.004017992026009448,0.07388834284832724,True,False,False,3.087164107577533e-08,COMPLETE
1463,0.09427145123481752,2025-04-10 10:04:12.789458,2025-04-10 10:05:11.233414,0 days 00:00:58.443956,0.47782428972463475,0.5554630565361279,2,0.2998394010007744,0.01974647918161746,0.07450899312670406,0.09254497460827985,0.04628756001865188,0.016605052395017438,0.0017077620896580221,12,133,0.009257382210455009,0.08324528214149114,False,False,False,3.848378536239045e-08,COMPLETE
1464,0.09427145123481752,2025-04-10 10:05:11.700604,2025-04-10 10:06:00.061647,0 days 00:00:48.361043,0.5362714940694313,0.6246740333939638,2,0.08532977097204787,0.03772344435713371,0.06917989172562676,0.09664388552985669,0.05177223867458903,0.007383388299565604,0.0010893251593777793,11,138,0.053766651654413765,0.06182318995346739,False,True,False,6.903466146211318e-08,COMPLETE
1465,0.5212199211120606,2025-04-10 10:06:00.529201,2025-04-10 10:07:03.330775,0 days 00:01:02.801574,0.5634571511854065,0.6007119096378372,2,0.2944914317815623,0.023743053414810457,0.0632360842467236,0.08764515578600847,0.04473560025006262,0.010551448191585756,0.0012377153312249191,13,124,0.0010611787627654917,0.07682537932859242,False,False,False,1.0946757792858812e-07,COMPLETE
1466,0.5835159659385681,2025-04-10 10:07:03.818370,2025-04-10 10:08:00.475991,0 days 00:00:56.657621,0.49970248807498224,0.5707884716226216,2,0.2844169128962041,0.03151862897496308,0.06618779470579259,0.09794187417379727,0.0480188185428552,0.02068140494686164,0.0019771193641029286,11,131,0.0061979139481428,0.06988052691192329,False,False,False,5.2964179791420606e-08,COMPLETE
