number,value,datetime_start,datetime_complete,duration,params_alpha-eval,params_alpha-train,params_batch-size,params_eps-eval,params_eps-train,params_lambda-actions-eval,params_lambda-actions-train,params_lambda-frames-eval,params_lambda-frames-train,params_learning-rate,params_n-epochs,params_n-frames,params_radius-gw,params_rho,params_std-feats,params_ub-actions,params_ub-frames,params_weight-decay,state
841,0.49781892299652103,2025-04-17 08:20:27.203998,2025-04-17 08:21:04.899956,0 days 00:00:37.695958,0.1333063936668386,0.6015833841334789,8,0.221260105094455,0.18511825960461378,0.08460283035952751,0.010274724460886002,0.01674886761130059,0.09641167673143225,3.928134090033327e-05,25,80,0.016321195769460856,0.08819936622938232,False,False,False,1.0673461206470863e-05,COMPLETE
842,0.4834751963615418,2025-04-17 08:21:05.178101,2025-04-17 08:21:33.328604,0 days 00:00:28.150503,0.09959833533136458,0.6473543180659247,16,0.2243002485869633,0.17800727623943421,0.08119476908292667,0.006055000345228068,0.019875505383511384,0.09984838278140186,6.976940306732374e-05,26,87,0.018944182555948843,0.10335815489158273,False,False,False,7.87044308734518e-06,COMPLETE
843,0.5012940764427185,2025-04-17 08:21:33.592124,2025-04-17 08:22:01.299796,0 days 00:00:27.707672,0.12844794758554606,0.5971142612403854,16,0.2286231212146882,0.18081931020445785,0.07731787853123423,0.013722794989872195,0.0159576671708169,0.09514676733129919,4.3626925204914755e-05,25,72,0.014951964331146206,0.0523564190122562,False,False,False,6.194067249686008e-06,COMPLETE
844,0.5000445961952209,2025-04-17 08:22:01.572184,2025-04-17 08:22:29.581626,0 days 00:00:28.009442,0.0865201066970525,0.5728331461845327,16,0.21871081640591686,0.18144352006858427,0.08357912968791431,0.004041890229913923,0.019070026765199588,0.09648538040321276,3.645716308170905e-05,26,67,0.0185158359180179,0.05950555755652432,False,False,False,1.3813903135008075e-05,COMPLETE
845,0.10187757462263108,2025-04-17 08:22:29.859004,2025-04-17 08:22:54.533831,0 days 00:00:24.674827,0.14331819642967078,0.5566290883565385,16,0.22860417829558372,0.18654092018531085,0.08622128447310648,0.008530107420013124,0.012027834207515898,0.09780121846585219,1.00443467659293e-05,25,75,0.032700838130621496,0.15812050756777823,False,False,True,7.562011927735401e-06,COMPLETE
846,0.4731294631958008,2025-04-17 08:22:54.799365,2025-04-17 08:24:34.423115,0 days 00:01:39.623750,0.10667926817010649,0.626280967014882,2,0.20729600175983562,0.1895915750132458,0.0807152819210693,0.01135557556250395,0.014106729037836212,0.09375482012551827,5.0149989430469424e-05,25,59,0.01822655610699088,0.08825663258426586,False,False,False,5.1284392570344e-06,COMPLETE
847,0.4608479976654053,2025-04-17 08:24:34.698592,2025-04-17 08:25:01.773929,0 days 00:00:27.075337,0.1212253934714791,0.5996306823865765,16,0.21243092111211043,0.17193414743421612,0.08248199004062824,0.007363700694359399,0.021040348262087165,0.09810975010106188,0.00031583337237532015,24,64,0.020751672040082075,0.04780039264949583,False,False,False,7.205864712886225e-08,COMPLETE
848,0.49103827476501466,2025-04-17 08:25:02.052175,2025-04-17 08:25:29.975441,0 days 00:00:27.923266,0.05458284138981369,0.6170862164826779,16,0.23338693752561218,0.17060915405649055,0.08406298835482866,0.03503129836175064,0.01764951297130684,0.05719326565304034,4.3481807837713586e-05,26,67,0.02925473255080309,0.06663903873586169,False,False,False,1.18021911230809e-06,COMPLETE
849,0.11778616905212404,2025-04-17 08:25:30.241396,2025-04-17 08:25:54.701213,0 days 00:00:24.459817,0.1490488410984128,0.5576654467431204,16,0.23293436673600396,0.1885947653144814,0.08619623436883259,0.019672366742778474,0.01477999422483674,0.09990932859246783,3.556970706452074e-05,25,72,0.013721151096805254,0.05637915332201224,False,True,False,9.195934885203104e-06,COMPLETE
850,0.5066506624221802,2025-04-17 08:25:54.976596,2025-04-17 08:26:20.509771,0 days 00:00:25.533175,0.08949807212545928,0.6189064482016047,16,0.23782199378896135,0.16632251925513547,0.08108359518742218,0.03833498164521367,0.016689468720766196,0.09514674789905236,1.4791631067654169e-05,17,83,0.020661254893068394,0.04091288684905542,True,False,False,5.45534980656623e-06,COMPLETE
851,0.3270913898944855,2025-04-17 08:26:20.786305,2025-04-17 08:26:48.049835,0 days 00:00:27.263530,0.13165327215158373,0.6085035855805963,16,0.2270535104779168,0.1848490618264174,0.053403347594450784,0.013755840942363436,0.010057615858481757,0.09207149254544114,2.1248294313743648e-05,24,52,0.017508439767108655,0.09708290446497068,False,False,False,5.672066610991675e-06,COMPLETE
852,0.48385668992996217,2025-04-17 08:26:48.313062,2025-04-17 08:27:16.506612,0 days 00:00:28.193550,0.8399307352212746,0.6362853003138645,16,0.21976981199090245,0.18087565122784183,0.07942059409735885,0.00986943593255344,0.01985860333836841,0.08561140587043514,3.081298282866918e-05,27,56,0.02431845641559158,0.07304587225988764,False,False,False,7.279969281919255e-06,COMPLETE
853,0.481997549533844,2025-04-17 08:27:16.789118,2025-04-17 08:27:43.967293,0 days 00:00:27.178175,0.11468599282376181,0.6527535915988644,16,0.2393746351830907,0.1964126355808358,0.0848687866191504,0.016287793017326257,0.012523902815706874,0.09685723943508594,5.426950205237163e-05,24,78,0.027511828901213703,0.06315532878241295,False,False,False,1.7786384390394258e-06,COMPLETE
854,0.552457618713379,2025-04-17 08:27:44.247482,2025-04-17 08:28:12.222298,0 days 00:00:27.974816,0.15227144900840686,0.5879627654743479,16,0.24139907157681442,0.1925803038593529,0.0878211707326887,0.0031657562945339316,0.01826720517102217,0.09460313204780453,1.8483441164627252e-05,26,70,0.01948440256846021,0.05060441410907187,False,False,False,1.1733221444906638e-05,COMPLETE
855,0.5090613603591919,2025-04-17 08:28:12.502908,2025-04-17 08:28:40.690010,0 days 00:00:28.187102,0.15786514883659297,0.6141164812155565,16,0.23677734150245952,0.18172793834053583,0.08782481561218014,0.0019459421007630697,0.020855077890667695,0.09374389388162611,1.3582346192636576e-05,27,65,0.02103319871521636,0.0450887955690943,False,False,False,1.4370419567819642e-05,COMPLETE
856,0.5439717173576355,2025-04-17 08:28:40.958198,2025-04-17 08:29:08.673061,0 days 00:00:27.714863,0.15518030466829663,0.5379727472738849,16,0.11094022380304518,0.19169508598470258,0.08626628037648874,0.0013061373211180095,0.019704701427180855,0.09289827372420101,1.7615502673802898e-05,26,69,0.020060683812753756,0.05278185665309597,False,False,False,1.1405321508821885e-05,COMPLETE
857,0.48801463842391973,2025-04-17 08:29:08.951874,2025-04-17 08:29:37.639706,0 days 00:00:28.687832,0.1674749860134053,0.5647622426033724,16,0.24179682812608627,0.1892943824614698,0.08845765429256122,0.0037520715035182714,0.017763272844008693,0.09518080188667095,1.706505573482246e-05,28,62,0.023157941298534608,0.03656330665380197,False,False,False,1.0541095474104247e-05,COMPLETE
858,0.4962823033332825,2025-04-17 08:29:37.919860,2025-04-17 08:30:05.775887,0 days 00:00:27.856027,0.14868787076211257,0.5813482297955568,16,0.22866861338534206,0.18089826298784614,0.0847123440127883,0.0035658846561142854,0.021916856608576892,0.09037980191313887,1.549854562901872e-05,26,66,0.025126653528402074,0.04937240995098639,False,False,False,1.7359669676015492e-05,COMPLETE
859,0.47719185352325444,2025-04-17 08:30:06.045337,2025-04-17 08:30:34.422620,0 days 00:00:28.377283,0.13817236335613745,0.5885965648251154,16,0.23471964853019694,0.19434482357863378,0.08713364028166022,0.06088530698986767,0.0187513423810318,0.09431843163930095,1.9280413265715403e-05,26,95,0.021273250801706875,0.04455885853196329,False,False,False,1.4290818745213403e-05,COMPLETE
860,0.5342488050460816,2025-04-17 08:30:34.702332,2025-04-17 08:31:03.124888,0 days 00:00:28.422556,0.17650994935941716,0.5760818039262423,16,0.2449904812723151,0.18691066250957258,0.08311028876481738,0.0025738579971510667,0.022270063902438023,0.09750248271164003,2.032464758727145e-05,27,61,0.019325762469182484,0.05332072285905071,False,False,False,1.1889389727191878e-05,COMPLETE
861,0.4993371605873108,2025-04-17 08:31:03.411075,2025-04-17 08:31:31.239220,0 days 00:00:27.828145,0.1442783656223827,0.6003473646168574,16,0.24017413731508666,0.1735358981963498,0.08762272179836068,0.004717416935247874,0.018167178047731405,0.09250230570651569,1.2552658848295327e-05,26,69,0.02338818791582073,0.0378017611221855,False,False,False,9.947207596734108e-06,COMPLETE
862,0.49050997495651244,2025-04-17 08:31:31.511983,2025-04-17 08:31:59.390238,0 days 00:00:27.878255,0.16113714439025753,0.5823880743469696,16,0.22912376944379395,0.19381912797893364,0.08552386962618687,0.001001051265319062,0.021301825043792126,0.09585503183572439,1.4186481833689815e-05,26,65,0.026404088878986185,0.048298832455578755,False,False,False,1.2755885188254462e-05,COMPLETE
863,0.5165600299835206,2025-04-17 08:31:59.668572,2025-04-17 08:32:27.437423,0 days 00:00:27.768851,0.18105079497954715,0.5961910792496248,16,0.24249485650600283,0.19743470871471203,0.08954786006748189,0.0028195178306939695,0.017037568063591614,0.08922321322358463,1.681611619052602e-05,25,70,0.055361908669240706,0.056199979814665776,False,False,False,8.494192668703739e-06,COMPLETE
864,0.49292291402816774,2025-04-17 08:32:27.718587,2025-04-17 08:33:07.046782,0 days 00:00:39.328195,0.13266701320684682,0.5469020013479264,8,0.24866704894597327,0.18397626642525905,0.07637998355019193,0.004042953478699702,0.023564316579895345,0.09998789691381374,2.4028555583112747e-05,27,60,0.01860103615088271,0.042231121418183845,False,False,False,9.697595988461433e-06,COMPLETE
865,0.10423071533441544,2025-04-17 08:33:07.334084,2025-04-17 08:33:32.152428,0 days 00:00:24.818344,0.16765532430263452,0.6283938775692625,16,0.23478080525922526,0.19103565179416435,0.08150877059397973,0.00555415980735296,0.019719416127671988,0.09800580348558224,1.9953627902742787e-05,26,67,0.022472022887525915,0.058009925860932635,False,False,True,1.476844139479896e-05,COMPLETE
866,0.4570000052452088,2025-04-17 08:33:32.422594,2025-04-17 08:33:59.767938,0 days 00:00:27.345344,0.15272568819083265,0.5504853975959229,16,0.243520149800449,0.19892039710054366,0.08603873187822426,0.005311810027460872,0.0155262142608279,0.09520341114104479,0.028686944610976366,25,63,0.028600271766407243,0.049135105371397425,False,False,False,8.33782337641441e-06,COMPLETE
867,0.481123685836792,2025-04-17 08:34:00.047820,2025-04-17 08:35:43.388607,0 days 00:01:43.340787,0.1850416901989863,0.517227021955486,2,0.22470208422601073,0.17833699250452328,0.08309241924608853,0.002729961897101499,0.0390089460834927,0.09172786712169828,2.3016765023134327e-05,26,71,0.024351278362885514,0.05191654542550269,False,False,False,1.9089981005081137e-05,COMPLETE
868,0.5087508201599121,2025-04-17 08:35:43.674345,2025-04-17 08:36:13.563669,0 days 00:00:29.889324,0.13007850666396412,0.6132303925875189,16,0.2320359310827675,0.20281008125474972,0.08997961519603102,0.005872802000339738,0.01865803943736537,0.09754264817959514,1.662319192692147e-05,27,67,0.021129250396869297,0.03288654207420346,True,False,False,7.178188559857683e-06,COMPLETE
869,0.12237675487995148,2025-04-17 08:36:13.835694,2025-04-17 08:36:38.085894,0 days 00:00:24.250200,0.24711495870110373,0.5747656095530504,16,0.24856224050480127,0.2884532763281531,0.06337722845341116,0.040065978210596404,0.015518337586364079,0.09438612759610253,1.2293616675573413e-05,25,58,0.030980703315394525,0.04327072735492911,False,True,False,1.0721557891134332e-05,COMPLETE
870,0.5061156392097473,2025-04-17 08:36:38.368997,2025-04-17 08:37:06.235357,0 days 00:00:27.866360,0.15828297559084276,0.6382476765873094,16,0.23690293981618915,0.1921754118025373,0.07852411291874473,0.028557336237733988,0.02062328956542614,0.09698834657327295,1.970971192509603e-05,26,64,0.018460093246095398,0.05903098335805775,False,False,False,7.127066631644881e-06,COMPLETE
871,0.48915539979934697,2025-04-17 08:37:06.516058,2025-04-17 08:37:34.113274,0 days 00:00:27.597216,0.2273460029754664,0.634190038698796,16,0.2503754610793374,0.2010542170883853,0.08775618825361206,0.006138741669265177,0.01688171951991963,0.09126014389486435,2.6347998838245276e-05,25,73,0.03689691355176242,0.19455195590086027,False,False,False,5.489455409076361e-06,COMPLETE
872,0.5414976954460144,2025-04-17 08:37:34.399526,2025-04-17 08:38:03.057657,0 days 00:00:28.658131,0.2037531955987706,0.657845853595979,16,0.23955391941755372,0.16518375802295626,0.08234015882055061,0.007068923436685193,0.024361607333094754,0.05170221954791711,2.299958773230651e-05,28,69,0.025856456932475135,0.0628808355839222,False,False,False,1.4076515051558818e-06,COMPLETE
873,0.29459814429283143,2025-04-17 08:38:03.331234,2025-04-17 08:38:30.599374,0 days 00:00:27.268140,0.320889028887295,0.18586044309765468,16,0.2461565238037931,0.18743067940289757,0.08419386915253557,0.0027053902492929606,0.02064738201845566,0.09365842947891435,1.6795819767997785e-05,25,61,0.034669468964620566,0.052096395122507536,False,False,False,9.147053249429586e-06,COMPLETE
874,0.5026364207267762,2025-04-17 08:38:30.881434,2025-04-17 08:38:58.771567,0 days 00:00:27.890133,0.13453405545889469,0.6694478769408895,16,0.21570779358277445,0.19607900638568596,0.08682471839432077,0.03622383579038865,0.018220514359988164,0.09545289329983613,2.526684799584873e-05,26,66,0.021893348629110198,0.060479094555730604,False,False,False,4.8003841390871605e-06,COMPLETE
875,0.48010243177413947,2025-04-17 08:38:59.059114,2025-04-17 08:39:24.556915,0 days 00:00:25.497801,0.17849226029970613,0.6170877147355418,16,0.2289756156315411,0.205958210691453,0.0900739457802326,0.004049708096232139,0.0151056452969626,0.08841695849399225,1.4400952966609026e-05,20,90,0.023888085941738985,0.04524739928386717,False,False,False,7.007763494906514e-06,COMPLETE
876,0.4884883761405945,2025-04-17 08:39:24.845821,2025-04-17 08:39:52.138273,0 days 00:00:27.292452,0.11555544017631506,0.5251890730084919,16,0.2524727930181448,0.18608357110866894,0.04149304498427049,0.031694579303213684,0.022259188063930416,0.09842663517208333,6.36708693569537e-05,25,54,0.0192229108658266,0.03770663826440069,False,False,False,1.2654985842816401e-05,COMPLETE
877,0.5121056318283081,2025-04-17 08:39:52.412934,2025-04-17 08:40:20.203782,0 days 00:00:27.790848,0.2747302419489111,0.5651328126596067,16,0.21977509031740036,0.19798949845666036,0.08504021949779399,0.0010571064979735052,0.02599417842966895,0.09630142005055575,1.877478354299846e-05,26,71,0.027241840063634788,0.05543830354965422,False,False,False,1.6875105422408698e-05,COMPLETE
878,0.4343468189239502,2025-04-17 08:40:20.487908,2025-04-17 08:40:47.907173,0 days 00:00:27.419265,0.15148761160342644,0.6380914606914023,16,0.24145571647876288,0.17701668896197995,0.08854299818627097,0.007911010352884563,0.019105419759288256,0.09252148365864984,0.0016580801652822338,25,63,0.04138530542781623,0.12040226884281269,False,False,False,6.05339977859707e-06,COMPLETE
879,0.5042921066284181,2025-04-17 08:40:48.195756,2025-04-17 08:41:12.848198,0 days 00:00:24.652442,0.19750757428418014,0.2409813882723899,16,0.23685410443830363,0.21141748998988774,0.08299291533605224,0.017393246598956767,0.016935631747076116,0.09988632208717005,9.420234964329797e-05,19,57,0.02111065790505281,0.0303301692561148,False,False,False,2.466527338498082e-06,COMPLETE
880,0.5479445695877075,2025-04-17 08:41:13.121624,2025-04-17 08:41:42.567933,0 days 00:00:29.446309,0.17210824241717107,0.661190693093186,16,0.24610979717989315,0.28215150768352076,0.03728456754748514,0.015038357711934758,0.007055969686743731,0.08995849015867519,2.2213852960756278e-05,29,69,0.016662971910830354,0.06589104322157624,False,False,False,4.3286828043545625e-06,COMPLETE
881,0.4958889603614807,2025-04-17 08:41:42.854050,2025-04-17 08:42:11.149403,0 days 00:00:28.295353,0.11955808402835937,0.5986556433465667,16,0.23269605286095885,0.19145185863699238,0.08071610797405365,0.00515914219132718,0.01326645947565773,0.09810080914424865,2.9414210693474765e-05,27,73,0.02468830728382126,0.04914397839485845,False,False,False,1.2328687371906302e-07,COMPLETE
882,0.5017422556877136,2025-04-17 08:42:11.439067,2025-04-17 08:42:38.601542,0 days 00:00:27.162475,0.14281759873446798,0.6823192310146555,16,0.2530321065418827,0.20285819346244477,0.06554500914740709,0.007371985212978022,0.023442843060205668,0.09607283025815344,3.8540827233824464e-05,24,67,0.02296072904011469,0.059197090236070546,False,False,False,5.8244912897526785e-06,COMPLETE
883,0.542174220085144,2025-04-17 08:42:38.892061,2025-04-17 08:43:06.179309,0 days 00:00:27.287248,0.18357908151881935,0.6794709125980729,16,0.22506423217110164,0.2167828215646793,0.08960854945503793,0.010360893707627099,0.02079429583680757,0.0941273451080227,2.732164406551492e-05,25,61,0.030038226090247144,0.0545021542767642,False,False,False,8.724626539207587e-06,COMPLETE
884,0.5195884346961975,2025-04-17 08:43:06.455025,2025-04-17 08:43:34.217772,0 days 00:00:27.762747,0.21915126287365877,0.6926952395810639,16,0.24381096845746053,0.1954886024375233,0.08600434287307658,0.01212964474299782,0.016891390472943937,0.0980745717164925,1.9885692056561967e-05,24,85,0.020074222637781868,0.04091849482761124,False,False,False,2.0011528739870653e-06,COMPLETE
885,0.10350342690944672,2025-04-17 08:43:34.507058,2025-04-17 08:43:56.474864,0 days 00:00:21.967806,0.16320134436966807,0.6420644978221756,16,0.2501278931209954,0.22890966792028422,0.09193654104861439,0.008707172151769898,0.014952520958856217,0.05003024556064983,1.439725390279662e-05,18,64,0.026056550219418585,0.09042924009091662,False,False,True,9.61049054112476e-07,COMPLETE
886,0.5180597066879272,2025-04-17 08:43:56.764597,2025-04-17 08:44:34.654726,0 days 00:00:37.890129,0.13385063791435572,0.6560167292650815,8,0.2325353213594215,0.15882158662066004,0.08365652794742164,0.004989074948348843,0.011711686023792266,0.09293105203057193,3.351668862494046e-05,25,71,0.027972392512063397,0.06588565724997636,False,False,False,3.301426300568132e-06,COMPLETE
887,0.4494899392127991,2025-04-17 08:44:34.928044,2025-04-17 08:45:04.337233,0 days 00:00:29.409189,0.10697014893788451,0.6999825185627349,16,0.2550198787576108,0.20700108396184858,0.05796765583093646,0.049819112343600265,0.0474808474793977,0.09675714534389572,2.358839712397382e-05,27,59,0.017565856621964696,0.047308113723876506,True,False,False,4.449711583721731e-06,COMPLETE
888,0.1320345103740692,2025-04-17 08:45:04.626386,2025-04-17 08:45:28.796475,0 days 00:00:24.170089,0.20296119672017182,0.611214510641254,16,0.2392013186183308,0.18648518383674673,0.07859859420491569,0.033465510396653714,0.008934164704126201,0.08648978544240041,1.182859102548846e-05,24,75,0.022120525796354717,0.11067927398224915,False,True,False,1.134586980920593e-05,COMPLETE
889,0.45960421562194825,2025-04-17 08:45:29.086783,2025-04-17 08:47:09.548347,0 days 00:01:40.461564,0.15425511387542817,0.5936271364699222,2,0.18674242028776772,0.20176863904943304,0.08753427012702297,0.013017892252963455,0.01872812997320598,0.09057139115381203,4.66380296705423e-05,25,67,0.019439247324358006,0.06221075908692857,False,False,False,7.425371950464565e-06,COMPLETE
890,0.5258561611175537,2025-04-17 08:47:09.839469,2025-04-17 08:47:37.690063,0 days 00:00:27.850594,0.24497125313692708,0.6733755172954697,16,0.24688755208271598,0.21277041849643724,0.09038473090631133,0.0071348563687225405,0.02262079362806007,0.0950050735060105,1.68408621915578e-05,26,64,0.024970587051623198,0.05435989759521087,False,False,False,3.494840496687829e-06,COMPLETE
891,0.5129210233688355,2025-04-17 08:47:37.968534,2025-04-17 08:48:04.434089,0 days 00:00:26.465555,0.17816545673450074,0.7037031344979592,16,0.2560752780226275,0.19373866855223598,0.08087913615201381,0.01467395212166608,0.02677222134378761,0.0983225648259952,2.9042690481850764e-05,23,69,0.08920765375069989,0.04149442171267073,False,False,False,5.399203402054121e-06,COMPLETE
892,0.5098572492599487,2025-04-17 08:48:04.721805,2025-04-17 08:48:30.534779,0 days 00:00:25.812974,0.11580225159161686,0.7274685355861439,16,0.22352337869107744,0.20655299700491375,0.0753974206600495,0.010225614430826624,0.020734549970330852,0.08834837919608171,2.0683132343086253e-05,21,73,0.022946679560732187,0.07183745353186864,False,False,False,2.6778871240668433e-06,COMPLETE
893,0.4746976613998414,2025-04-17 08:48:30.826475,2025-04-17 08:48:58.602198,0 days 00:00:27.775723,0.22850549733552483,0.6272178771641724,16,0.24001567472156743,0.17254774723714936,0.08510700500388921,0.03843995049339248,0.013972808388527056,0.09360162636769086,4.154875772510833e-05,24,93,0.020965933598614556,0.05971347288756458,False,False,False,3.932217347405894e-06,COMPLETE
894,0.49023370742797856,2025-04-17 08:48:58.892046,2025-04-17 08:49:28.619925,0 days 00:00:29.727879,0.4613286417237752,0.6626462630446642,16,0.23002033874114305,0.18084165522059287,0.09187007355098334,0.004285795002861959,0.017313697188914758,0.0998970075175019,3.420633665447884e-05,30,56,0.03209651308349989,0.017243693889995415,False,False,False,6.71500182810536e-06,COMPLETE
895,0.5030739545822144,2025-04-17 08:49:28.897557,2025-04-17 08:49:57.100651,0 days 00:00:28.203094,0.1408266253847449,0.5585357411769918,16,0.13854295922583973,0.19837579181992254,0.08843875935977451,0.008447790216300256,0.024477573722208944,0.09583022394199375,2.522218589601263e-05,26,97,0.02688484178519823,0.08301929914805335,False,False,False,2.1017873279927317e-06,COMPLETE
896,0.5094209790229798,2025-04-17 08:49:57.393794,2025-04-17 08:50:24.412702,0 days 00:00:27.018908,0.1730811350451848,0.6847750002017665,16,0.24809395088455075,0.27451126587177693,0.08428556495511275,0.019094180148373656,0.019236971902401867,0.09257326433669404,1.7699973483083357e-05,24,68,0.015700347113535216,0.04937437402136884,False,False,False,2.259234516820798e-05,COMPLETE
