number,value,datetime_start,datetime_complete,duration,params_alpha-eval,params_alpha-train,params_batch-size,params_eps-eval,params_eps-train,params_lambda-actions-eval,params_lambda-actions-train,params_lambda-frames-eval,params_lambda-frames-train,params_learning-rate,params_n-epochs,params_n-frames,params_radius-gw,params_rho,params_std-feats,params_ub-actions,params_ub-frames,params_weight-decay,state
0,0.12800500690937042,2025-04-09 16:02:26.425338,2025-04-09 16:02:51.148355,0 days 00:00:24.723017,0.1897098284610699,0.31906145997488233,8,0.19195748111500857,0.2873708804767163,0.02649235007525579,0.08553954307548793,0.061316306331786995,0.03382074601795032,0.0002566737822641785,13,70,0.09905625496796494,0.22584340793305852,False,False,True,0.00020577779512568478,COMPLETE
1,0.09427145123481752,2025-04-09 16:02:51.152782,2025-04-09 16:03:07.948795,0 days 00:00:16.796013,0.6270983209806631,0.6657214875363018,16,0.26796110378135346,0.02743022360975247,0.0737856125218274,0.08424077072108715,0.05754780854151297,0.03475209580164759,1.3555354302238711e-05,6,47,0.04396898887011512,0.2683634598835742,False,True,True,2.0933476496562657e-07,COMPLETE
2,0.3362032949924469,2025-04-09 16:03:07.952461,2025-04-09 16:05:00.632640,0 days 00:01:52.680179,0.9457458787614732,0.7786460589127319,2,0.12392469287072659,0.18060941044489842,0.09330138157445864,0.07963767836595692,0.09752937553215904,0.08339855828730099,0.03481458398699339,28,22,0.02227002645967675,0.12030698119880777,False,False,False,1.3380870209024209e-08,COMPLETE
3,0.09427145123481752,2025-04-09 16:05:00.636474,2025-04-09 16:05:19.346674,0 days 00:00:18.710200,0.8856625581636713,0.760293624498259,8,0.11542477167322236,0.23228246589812354,0.022542022186332316,0.05394171817968421,0.08679876598405357,0.04510848434969326,0.08661768182560374,5,125,0.007341844671333835,0.025639249805396003,False,False,True,0.00017413017448449536,COMPLETE
4,0.0964351162314415,2025-04-09 16:05:19.350863,2025-04-09 16:05:40.453567,0 days 00:00:21.102704,0.28769720809433463,0.7646937321104388,8,0.04924961835342678,0.13014509126672755,0.08277477770562171,0.05580981666654032,0.0162839759149518,0.024896827031335056,2.8477335329800127e-05,8,27,0.08315398528333327,0.012749607915207965,True,True,True,1.809667620590291e-08,COMPLETE
5,0.25015350580215456,2025-04-09 16:05:40.458355,2025-04-09 16:06:00.964891,0 days 00:00:20.506536,0.2329910739911092,0.5098646467447739,16,0.07738951809114696,0.273628028871682,0.0016685805979715627,0.09179153925037149,0.09748063718382409,0.04702620267804895,8.162306250586373e-05,17,10,0.020271006196191755,0.2799695856755778,True,True,False,9.07530959148699e-07,COMPLETE
6,0.09282505214214325,2025-04-09 16:06:00.969679,2025-04-09 16:06:41.331139,0 days 00:00:40.361460,0.8184824091737931,0.7791646973288301,2,0.23207211872999026,0.224282208257542,0.09603181446405076,0.05527286639349466,0.08659329938769565,0.09277379980814085,0.00017450407218757294,8,27,0.013484181286010928,0.19940751837860937,True,False,True,2.8470352995026235e-05,COMPLETE
7,0.1566413015127182,2025-04-09 16:06:41.336125,2025-04-09 16:07:33.529430,0 days 00:00:52.193305,0.9965192938075783,0.6986225014412467,2,0.11529962098283791,0.10723627628023942,0.02922761504079879,0.07765320251048921,0.09104279476095659,0.03784921283369427,0.0008582723469958315,12,95,0.07883809352016204,0.036290868759630966,False,True,True,3.332915387070122e-05,COMPLETE
8,0.12813700735569,2025-04-09 16:07:33.534833,2025-04-09 16:08:13.590386,0 days 00:00:40.055553,0.27066546738722697,0.28288642004055903,2,0.18976554538062457,0.27328580145536946,0.0428499990514819,0.01168870759635193,0.0889910544192388,0.08320160135862346,1.0632592730553171e-05,8,59,0.09660168325288623,0.14973712641934955,True,False,True,0.00020590819756548788,COMPLETE
9,0.09563242942094805,2025-04-09 16:08:13.596456,2025-04-09 16:08:40.249804,0 days 00:00:26.653348,0.43504474321024444,0.7211422336231369,8,0.15699381870062395,0.25560435078685045,0.07618920680279664,0.08945091313101758,0.06462153022060912,0.040628578279247936,0.0023472355086539332,16,60,0.05012643908923182,0.17428823560688406,False,False,True,0.0004899129432560915,COMPLETE
10,0.44006506204605106,2025-04-09 16:08:40.256908,2025-04-09 16:10:36.065943,0 days 00:01:55.809035,0.6635882554760848,0.9874976247848808,2,0.021221515530974164,0.18011192906278561,0.05984252418045235,0.023292779019855735,0.027318785983544487,0.07114195754511844,0.06808260058135163,30,101,0.029951349117127078,0.10630336641469004,False,False,False,1.1914403173041136e-08,COMPLETE
11,0.30836541652679444,2025-04-09 16:10:36.072537,2025-04-09 16:12:28.660160,0 days 00:01:52.587623,0.6774628330145968,0.9953387565947951,2,0.0030032245249140485,0.17910247843594712,0.05910935124186273,0.020568692446864923,0.024063999618554266,0.06885389642785184,0.07729865542706527,29,108,0.030775457894183386,0.10332044668583895,False,False,False,1.2854340781644849e-08,COMPLETE
12,0.4290564060211182,2025-04-09 16:12:28.667216,2025-04-09 16:14:26.024496,0 days 00:01:57.357280,0.6941380100478551,0.9928982111616569,2,0.03981590303268888,0.17517018750066116,0.05669307383321763,0.03093651296335674,0.036731559248924434,0.06626353196326436,0.011525839339111763,30,143,0.028464983115738727,0.09762894801995195,False,False,False,1.1472307162624056e-07,COMPLETE
13,0.40023466348648074,2025-04-09 16:14:26.031670,2025-04-09 16:16:03.112942,0 days 00:01:37.081272,0.5227873381570061,0.9441285118717557,2,0.006395009534856333,0.08894793518715437,0.05581620493406707,0.03172765023120322,0.03254006865108345,0.06527852104485989,0.016442818180058192,24,144,0.03567575781864981,0.08379274495099892,False,False,False,9.404402350595702e-08,COMPLETE
14,0.39430260658264166,2025-04-09 16:16:03.120246,2025-04-09 16:17:37.556349,0 days 00:01:34.436103,0.7518081890866977,0.09461956385037268,2,0.05853280994534935,0.1766784049311032,0.045452208460145166,0.03557681363179649,0.004359969431053108,0.010428890877275526,0.00798508384518409,23,138,0.062047690088979,0.07304846354428837,False,False,False,1.0871925006991467e-07,COMPLETE
15,0.3466195523738861,2025-04-09 16:17:37.563961,2025-04-09 16:19:17.234506,0 days 00:01:39.670545,0.03623435897128535,0.9124451811953453,2,0.034447526803438266,0.06115910098903736,0.06171637384220231,0.005054076216986957,0.04178904729250615,0.06161670498155559,0.009946834457968122,24,97,0.0012658417940750281,0.06600697767657498,False,False,False,2.4267747014185717e-06,COMPLETE
16,0.3646954596042633,2025-04-09 16:19:17.242439,2025-04-09 16:19:47.188087,0 days 00:00:29.945648,0.5451409637566262,0.558388585895695,16,0.08466002672437155,0.14830057731058635,0.06898165879264645,0.03365922084796479,0.04368805252313363,0.07645563052598292,0.004517464178125518,30,122,0.05896967419185477,0.13779727659856592,False,False,False,2.5659021903219757e-07,COMPLETE
17,0.4362666130065918,2025-04-09 16:19:47.196417,2025-04-09 16:21:30.052607,0 days 00:01:42.856190,0.40474195398064483,0.9054768916660785,2,0.026819574239444012,0.20622476003368345,0.040467184640751275,0.020516226403391832,0.013627464105224169,0.05683788040549537,0.025908174989151316,26,88,0.03418397578809369,0.177063914456699,False,False,False,4.0297887389046734e-08,COMPLETE
18,0.09427145123481752,2025-04-09 16:21:30.061259,2025-04-09 16:22:43.269028,0 days 00:01:13.207769,0.425646314631841,0.8757326154395417,2,0.09157993951408724,0.2185290197134589,0.03982093470098416,0.017266409574408167,0.0041350822241564885,0.05641013878923249,0.031227758767244214,20,82,0.04075845779432648,0.2342781230066196,True,True,False,4.214100859520225e-08,COMPLETE
19,0.43051340579986574,2025-04-09 16:22:43.277951,2025-04-09 16:23:10.710273,0 days 00:00:27.432322,0.38272980205638996,0.3957867644178401,16,0.02072864166173214,0.20558001448695717,0.011132342530250021,0.04196301021626506,0.02021114628117645,0.05372044627416116,0.0009565468588780541,26,90,0.059040419666693114,0.18157802402235512,False,False,False,5.158397056011192e-07,COMPLETE
20,0.444375765323639,2025-04-09 16:23:10.719535,2025-04-09 16:24:38.976625,0 days 00:01:28.257090,0.5828776456107418,0.858307108843679,2,0.06451117700305409,0.134486781701941,0.03359878264185804,0.0016467339804619383,0.008802467344215265,0.017940480926494348,0.0337601080170835,21,117,0.019526057535792854,0.1717546888493423,False,False,False,8.019937202832021e-06,COMPLETE
21,0.4564069867134094,2025-04-09 16:24:38.986213,2025-04-09 16:26:03.535820,0 days 00:01:24.549607,0.5597700374234923,0.8709138801233386,2,0.05365722271480656,0.1260325092535389,0.035575899053656976,0.004908969575158491,0.012153454124382526,0.00992082892547206,0.03834708841896792,20,113,0.018412540685930505,0.17174976826804483,False,False,False,1.0112300433599284e-05,COMPLETE
22,0.4782900452613831,2025-04-09 16:26:03.545613,2025-04-09 16:27:27.599987,0 days 00:01:24.054374,0.6101235753849519,0.8744260117313604,2,0.06456477941323949,0.1282446712711071,0.03306349333392887,0.0024414710947629555,0.02773134371720195,0.009751960890508575,0.09994902859108906,20,110,0.016802317846234056,0.1288707334805802,False,False,False,9.139348615974049e-06,COMPLETE
23,0.43396576642990115,2025-04-09 16:27:27.610063,2025-04-09 16:28:52.541908,0 days 00:01:24.931845,0.5674293718388719,0.6191499576133543,2,0.063828855585559,0.11026798768859009,0.032859154185317395,0.0014474846778476695,0.011832518318251224,0.0028394352757973324,0.0022781917881537924,20,119,0.013521096996409458,0.22224489534403427,False,False,False,1.0612591869938567e-05,COMPLETE
24,0.39842393398284914,2025-04-09 16:28:52.552334,2025-04-09 16:30:17.409294,0 days 00:01:24.856960,0.7861563213953023,0.8451407399881883,2,0.14241890636857063,0.08178747672698435,0.012971009978235679,0.009066190248586969,0.008830206867386019,0.018942564599729244,0.04260974486104015,20,111,0.01919176749505428,0.13938280051729546,False,False,False,6.810020123207906e-06,COMPLETE
25,0.33780041337013245,2025-04-09 16:30:17.419939,2025-04-09 16:31:50.101608,0 days 00:01:32.681669,0.5927737702767368,0.8319765537101438,2,0.09807869095965788,0.13988220447971908,0.017980262548259587,0.012172066487879954,0.0012074736725030798,0.018209113119368216,0.09641984543096259,22,131,0.0016361767379601544,0.19943248406825817,False,False,False,3.301036712327388e-05,COMPLETE
26,0.09427145123481752,2025-04-09 16:31:50.112466,2025-04-09 16:32:49.840079,0 days 00:00:59.727613,0.4991024872493521,0.5916061041104682,2,0.06714953898682051,0.06553429118316481,0.03455484593359433,0.06737738125173531,0.028031239628045462,0.0019911385838276615,0.004663272042452688,15,110,0.010450877754576732,0.24874488671220132,True,True,False,2.031459424565639e-06,COMPLETE
27,0.4187106370925904,2025-04-09 16:32:49.852158,2025-04-09 16:34:08.172107,0 days 00:01:18.319949,0.7336082860048055,0.8399937140839866,2,0.16485862370425863,0.12040668647000467,0.0455999657500547,0.002038338308033788,0.019645601071937406,0.027529070229478293,0.022937213561254267,18,132,0.025358417286424007,0.1745891039276285,False,False,False,9.388185833803895e-06,COMPLETE
28,0.49523407220840454,2025-04-09 16:34:08.186704,2025-04-09 16:34:43.048800,0 days 00:00:34.862096,0.4848839143465267,0.07916879590146642,8,0.10645952481626024,0.018076767759284962,0.05201247155284044,0.01307566976328324,0.05206689289603837,0.012266598950288825,0.0406829269616559,21,150,0.017067949366492585,0.12785121320541773,False,False,False,6.713233090802144e-05,COMPLETE
29,0.09427145123481752,2025-04-09 16:34:43.060934,2025-04-09 16:35:10.518037,0 days 00:00:27.457103,0.3495194997979243,0.1344009157815677,8,0.14074154779472908,0.003388626951894711,0.049786723235294636,0.04268335498786658,0.06982027537667804,0.011110090463162784,0.0003402481889104343,13,147,0.008142091022218457,0.05522746652717633,False,False,False,7.481529466018256e-05,COMPLETE
30,0.38352314829826356,2025-04-09 16:35:10.530492,2025-04-09 16:35:42.304163,0 days 00:00:31.773671,0.49096239476977716,0.014924680137367474,8,0.10519756435933925,0.02972796454703154,0.024246187563796748,0.014055387992420405,0.05025773188713399,0.008684505504434857,0.05226348175419453,18,76,0.039504658953660066,0.11934641421542246,False,False,False,0.0009486136611682958,COMPLETE
31,0.45458800792694093,2025-04-09 16:35:42.316965,2025-04-09 16:36:18.247305,0 days 00:00:35.930340,0.6251710232868359,0.21075847671778503,8,0.07757273560664056,0.1592132596546178,0.03658732932454804,0.007501415991765798,0.05248082613992695,0.016983304378806047,0.016954185222217255,22,150,0.014182251346087773,0.16004568565642,False,False,False,2.0984509392797364e-05,COMPLETE
32,0.47412925958633423,2025-04-09 16:36:18.261234,2025-04-09 16:36:51.091833,0 days 00:00:32.830599,0.4725825722812071,0.21457028249114207,8,0.08554101502468969,0.1601936100422526,0.05012637494062734,0.026144971576986416,0.05144670328257663,0.027659712953969122,0.013713420348434984,19,134,0.015545681139123295,0.15743324099044123,False,False,False,1.7973178887230653e-05,COMPLETE
33,0.4614570140838623,2025-04-09 16:36:51.106000,2025-04-09 16:37:23.748196,0 days 00:00:32.642196,0.47263388917866006,0.40409898559196883,8,0.12821441858768182,0.042400142204064115,0.04976309031148278,0.02485510966239254,0.07350171831683623,0.029227662539684486,0.005576343403145419,19,132,0.024137653087155108,0.12840900613940112,False,False,False,7.492953274873075e-05,COMPLETE
34,0.431273365020752,2025-04-09 16:37:23.761633,2025-04-09 16:37:52.248762,0 days 00:00:28.487129,0.13000895257079498,0.40026104604826185,8,0.12813595517197898,0.031469090348615045,0.051725874766692596,0.044660922053810045,0.07788632959325426,0.026754878067134814,0.006436673317154819,14,133,0.024854192962424113,0.13397040646655822,False,False,False,9.721112161244623e-05,COMPLETE
35,0.11848910450935364,2025-04-09 16:37:52.262406,2025-04-09 16:38:20.690059,0 days 00:00:28.427653,0.46623284397611725,0.3855526438779532,8,0.18655087100005271,0.009640676797887673,0.05110625090191492,0.028097875574804757,0.05614868593140919,0.03142494095483398,0.0036405857800395802,18,126,0.04704197592737745,0.12060351904743907,False,True,False,9.368914656364576e-05,COMPLETE
36,0.4606238842010498,2025-04-09 16:38:20.705166,2025-04-09 16:38:51.223934,0 days 00:00:30.518768,0.3004581188256418,0.25545292094105054,8,0.29734831312345583,0.043063826167217614,0.06931107916069781,0.0224853688079102,0.07166654454481058,0.033908141107451675,0.014650002770633504,16,138,0.009690292284133858,0.0882067164972552,False,False,False,0.0002441909121256492,COMPLETE
37,0.23758859634399415,2025-04-09 16:38:51.239757,2025-04-09 16:39:15.828590,0 days 00:00:24.588833,0.3548437787851673,0.15934059272600953,8,0.12850711623393984,0.052541014182907055,0.08421693170559034,0.026162226160571473,0.0626239052776784,0.02400333236546781,0.0022039119217278727,11,127,0.0033040326170594297,0.12098370426869014,True,False,True,4.051225726520437e-06,COMPLETE
38,0.09427145123481752,2025-04-09 16:39:15.843156,2025-04-09 16:39:49.828531,0 days 00:00:33.985375,0.19798021388293235,0.015249624417150373,8,0.10837927728290041,0.08219709076684845,0.06777646540354997,0.01653609440042347,0.04657616358569751,0.042182341356157824,0.05325581788416261,26,140,0.01662752965817931,0.20025691001371915,False,True,False,4.255026629294607e-05,COMPLETE
39,0.14243137538433076,2025-04-09 16:39:49.844815,2025-04-09 16:40:21.526575,0 days 00:00:31.681760,0.8541231151489659,0.47532757756841737,8,0.21686912961213406,0.10180575969527764,0.06482995116528523,0.016254456293010977,0.07898634413796178,0.04759590572968047,0.09884069207361404,19,150,0.02242624088972298,0.15113480584182148,True,False,True,6.560201232857361e-05,COMPLETE
40,0.1281384915113449,2025-04-09 16:40:21.541845,2025-04-09 16:40:49.195178,0 days 00:00:27.653333,0.45826563926002606,0.3232308581687442,8,0.16110325241134266,0.014334695873635245,0.029535084797523477,0.06225227286400979,0.03686289537269914,0.022720137736877456,0.02407613035024604,17,134,0.007164137986685783,0.04681855427323535,False,True,False,1.7855307015887107e-05,COMPLETE
41,0.4835188388824463,2025-04-09 16:40:49.210836,2025-04-09 16:41:19.672158,0 days 00:00:30.461322,0.31176212350504207,0.25504138938885723,8,0.2770913401105309,0.04617687882599868,0.07613649396564431,0.025927633433370182,0.07089271836908953,0.03666906860529824,0.01438478443947097,16,139,0.009607261611366918,0.09036705714298171,False,False,False,0.00018838976353381342,COMPLETE
42,0.4956942081451416,2025-04-09 16:41:19.688909,2025-04-09 16:41:50.049225,0 days 00:00:30.360316,0.31953645911909895,0.22475621257197123,8,0.23197052039704524,0.04441917167893898,0.08926572678554387,0.049225342078995885,0.057450505900256965,0.035948791595015926,0.007035531962326178,16,125,0.013055047774693088,0.11014563336874114,False,False,False,0.00032974694184414647,COMPLETE
43,0.5474042654037475,2025-04-09 16:41:50.065607,2025-04-09 16:42:20.697411,0 days 00:00:30.631804,0.31224514828902594,0.08970127528022057,8,0.24941675046342543,0.01698840168274666,0.09136929337181657,0.09969603725529069,0.057976638441976695,0.03456457152308158,4.047562014142282e-05,16,122,0.005300274104712869,0.006425539409436631,False,False,False,0.00041653043098462014,COMPLETE
44,0.1129652738571167,2025-04-09 16:42:20.714636,2025-04-09 16:42:47.060441,0 days 00:00:26.345805,0.12143017747820967,0.10730987262250113,8,0.2559173550773082,0.016395323671133177,0.08988542580381555,0.07688970603816828,0.05769048760023508,0.03823443582420607,7.127700255490493e-05,15,103,0.006129332256126904,0.018407724366333533,False,False,True,0.0004173683127571504,COMPLETE
45,0.50677809715271,2025-04-09 16:42:47.077291,2025-04-09 16:43:08.224706,0 days 00:00:21.147415,0.26063832552954896,0.05171654445250737,16,0.2705696580723904,0.06859733607358146,0.09922200452532842,0.09825611362311505,0.06641297776242534,0.036119137753481564,2.9541046144108405e-05,10,119,0.01209099177063588,0.033243783402609306,False,False,False,0.0008456905850808689,COMPLETE
46,0.5183642625808716,2025-04-09 16:43:08.242029,2025-04-09 16:43:30.016657,0 days 00:00:21.774628,0.27900726589467345,0.0675701614299672,16,0.2734705650274322,0.06399741059171883,0.09812896818653542,0.09986579028260692,0.06593160345911547,0.044727851129575925,2.22662184728478e-05,11,122,0.01108652833239875,0.0010360960647291884,False,False,False,0.0009632705994741357,COMPLETE
47,0.508458423614502,2025-04-09 16:43:30.035636,2025-04-09 16:43:52.451534,0 days 00:00:22.415898,0.2303334167911464,0.053430984017395856,16,0.2432213814545183,0.027198621675242056,0.09804972294883006,0.09801505382855698,0.06541762927964477,0.043324005168340306,2.089303604153119e-05,10,103,0.07899645871481159,0.004721561976545471,True,False,False,0.0009523906231483008,COMPLETE
48,0.11837213933467865,2025-04-09 16:43:52.470135,2025-04-09 16:44:12.780416,0 days 00:00:20.310281,0.22673892059815462,0.060142616538539584,16,0.24024541823209775,0.06909424055369182,0.09916972218894538,0.09746603424250433,0.06600609673357197,0.04373476028868867,1.9643909474161486e-05,9,105,0.08177179679433,0.0017127031455755133,True,False,True,0.0008572657817554421,COMPLETE
49,0.4708294868469239,2025-04-09 16:44:12.799972,2025-04-09 16:44:35.389490,0 days 00:00:22.589518,0.1430827069277847,0.17859785055631772,16,0.21750179632788863,0.03191445034556924,0.09134554567184121,0.09963826949532648,0.05810664510745914,0.048993596791364016,4.22431408636088e-05,10,117,0.07301310699482207,0.030690625328052352,True,False,False,0.00047579870380189923,COMPLETE
50,0.3940070271492005,2025-04-09 16:44:35.407905,2025-04-09 16:44:55.344810,0 days 00:00:19.936905,0.26151500921073667,0.049982219221268456,16,0.2712521740514297,0.09508656859227055,0.08600579516867335,0.08335500271785806,0.08232854544823467,0.09960683460084735,1.8356173812225306e-05,6,98,0.09660836647951218,0.003081838268329598,True,False,False,0.0006320255333746067,COMPLETE
51,0.09427145123481752,2025-04-09 16:44:55.363617,2025-04-09 16:45:18.679326,0 days 00:00:23.315709,0.1752709223308746,0.07154903850585952,16,0.2559609753961726,0.0006261896621870822,0.09490438412343233,0.09247834043938935,0.06507073838767627,0.041263177237918267,3.716861625683277e-05,12,125,0.0708932845949022,0.02397127993228483,True,False,False,0.00031091155968989505,COMPLETE
52,0.45748404264450077,2025-04-09 16:45:18.698141,2025-04-09 16:45:38.091191,0 days 00:00:19.393050,0.3319868392342956,0.11143812672800765,16,0.29058477688610906,0.017378305207805395,0.09992694034209171,0.09253312821263052,0.059595752576074336,0.0510507412858997,0.00011257819137809323,7,41,0.08807570084885674,0.035065446797290345,True,False,False,0.00015628882786241708,COMPLETE
53,0.3031866788864136,2025-04-09 16:45:38.112123,2025-04-09 16:45:58.756514,0 days 00:00:20.644391,0.06882172752937249,0.15217897902771388,16,0.23391237754202332,0.05443624445342901,0.08043539626985784,0.08825769103055321,0.054379097656974504,0.033313298314205236,1.2029019748842777e-05,9,121,0.004443490523240162,0.012533269340786038,False,False,False,0.00034500817669665996,COMPLETE
54,0.5231286525726319,2025-04-09 16:45:58.776771,2025-04-09 16:46:20.073522,0 days 00:00:21.296751,0.25351338490689657,0.049193201198506405,16,0.25121091447773897,0.06857493011870208,0.08812160972608969,0.09532110206288083,0.06624267564663097,0.045577035052795076,0.0003970340099922868,11,92,0.08922608373777575,0.04311225051823313,False,False,False,0.000660169987192487,COMPLETE
