number,value,datetime_start,datetime_complete,duration,params_alpha-eval,params_alpha-train,params_batch-size,params_eps-eval,params_eps-train,params_lambda-actions-eval,params_lambda-actions-train,params_lambda-frames-eval,params_lambda-frames-train,params_learning-rate,params_n-epochs,params_n-frames,params_radius-gw,params_rho,params_std-feats,params_ub-actions,params_ub-frames,params_weight-decay,state
1513,0.3353571116924286,2025-04-17 13:49:24.484099,2025-04-17 13:49:46.751394,0 days 00:00:22.267295,0.11849206912381448,0.7647008640012719,16,0.17941990763226587,0.2593523401404488,0.06670176470699585,0.08160790671835902,0.02381885769537326,0.03463775918656494,0.0001144771179464388,13,48,0.01819009767810318,0.09534913072713058,False,False,False,2.0818469498509974e-08,COMPLETE
1514,0.09182980954647066,2025-04-17 13:49:47.256733,2025-04-17 13:50:08.124420,0 days 00:00:20.867687,0.07670951755009871,0.7860034818998191,16,0.19542461676128134,0.2788811526735679,0.06328952537366377,0.05543750251377357,0.032212464279642396,0.037169545570540787,0.04715060367329075,15,57,0.016019530863395578,0.10636953449944461,False,False,True,8.28510894242273e-08,COMPLETE
1515,0.5512495398521424,2025-04-17 13:50:08.614412,2025-04-17 13:50:31.250676,0 days 00:00:22.636264,0.10092121198131124,0.7392937402835051,16,0.20289963107028078,0.24349858406878658,0.07051224888864693,0.07375311149250241,0.02787981289961195,0.09260185488054078,4.878299880570185e-05,14,61,0.024840681993360914,0.07620623582193671,False,False,False,2.7416379734185948e-08,COMPLETE
1516,0.4865592479705811,2025-04-17 13:50:31.736993,2025-04-17 13:50:54.486470,0 days 00:00:22.749477,0.09658549270045874,0.7498938585855731,16,0.20379922782290283,0.2357835992390044,0.07119407337745615,0.0734250085337199,0.02972429701732819,0.08817721495245942,7.361198959300492e-05,14,65,0.029101090659518547,0.07633744096397316,False,False,False,2.7375058553789887e-08,COMPLETE
1517,0.11190335899591447,2025-04-17 13:50:54.997654,2025-04-17 13:51:15.409386,0 days 00:00:20.411732,0.09151306432947742,0.7298597345464178,16,0.20613899424616933,0.23900981722091572,0.0515895132120384,0.07067422336279276,0.02817606233956923,0.09262739354795445,5.4327997490029435e-05,14,63,0.02676371116483593,0.07792425132405909,False,True,False,2.9688484203996758e-08,COMPLETE
1518,0.4996011018753052,2025-04-17 13:51:15.899024,2025-04-17 13:51:39.305440,0 days 00:00:23.406416,0.11449518073436404,0.7554991141321161,16,0.19561703992112475,0.24539682016971098,0.0688053490524773,0.07424162183499212,0.02926388564486688,0.08936982647184177,5.1116574223062366e-05,13,65,0.028720407760559417,0.08373225374756615,True,False,False,3.309609891979203e-08,COMPLETE
1519,0.48597024679183964,2025-04-17 13:51:39.791911,2025-04-17 13:52:03.259613,0 days 00:00:23.467702,0.0758914037414531,0.7360233017834981,16,0.20908493818753335,0.2449240532408891,0.06955593486306148,0.07231900220531386,0.03138215111572988,0.0897481664661154,6.603628986427581e-05,15,83,0.026438375007609115,0.0905932495718667,False,False,False,2.4735825284717537e-08,COMPLETE
1520,0.44678133726119995,2025-04-17 13:52:03.742691,2025-04-17 13:52:26.158627,0 days 00:00:22.415936,0.10748714783256177,0.7679692937709456,16,0.20243022873926803,0.24165185320238114,0.06974267675498694,0.07669255522114991,0.03042682299256738,0.09112647388958597,0.019229787878805367,13,62,0.02560211009907673,0.07809595614014252,False,False,False,2.062035548764304e-08,COMPLETE
1521,0.48891873359680177,2025-04-17 13:52:26.666755,2025-04-17 13:52:49.208269,0 days 00:00:22.541514,0.09628189816188329,0.71992529646992,16,0.19864489213959077,0.2464668384708204,0.07139762595216492,0.07529994257206228,0.0281813408724406,0.09188435322100123,3.846404281227681e-05,14,60,0.031213797560210248,0.1832464876382769,False,False,False,2.7046348032087853e-08,COMPLETE
1522,0.4858672380447388,2025-04-17 13:52:49.698782,2025-04-17 13:53:12.462225,0 days 00:00:22.763443,0.056086835186913354,0.7427718043583905,16,0.20957257561166037,0.2551861674909677,0.06831807257652908,0.06958874375917964,0.032502103712384774,0.08898231648864693,9.281422972292351e-05,14,66,0.024490517235491872,0.08431603658694302,False,False,False,4.044920395151863e-08,COMPLETE
1523,0.45370167493820196,2025-04-17 13:53:12.947469,2025-04-17 13:53:35.915753,0 days 00:00:22.968284,0.11673141159890867,0.7767229522823985,16,0.20100686698862874,0.2321198180548063,0.0723252399364094,0.07267384684694565,0.027825157076057525,0.09106592097579477,0.004335741398450338,14,57,0.0280633658861253,0.0756282217103747,False,False,False,3.762414925274638e-08,COMPLETE
1524,0.2942471265792847,2025-04-17 13:53:36.424794,2025-04-17 13:53:58.513457,0 days 00:00:22.088663,0.07787643306808983,0.7495243370054407,16,0.21257592077095014,0.2509067047033986,0.06752972418775717,0.07720115664772687,0.030014939037581834,0.05059181066410354,6.160866026055643e-05,12,18,0.025137872997723527,0.021384577180521364,False,False,False,1.761014861470761e-08,COMPLETE
1525,0.5043025732040405,2025-04-17 13:53:59.004325,2025-04-17 13:54:20.443018,0 days 00:00:21.438693,0.11752788910901682,0.7182503891782902,16,0.20289044566297734,0.24405262472077785,0.07323503195342312,0.07058085430357434,0.03446328077291209,0.09191297118272196,4.047892762697237e-05,11,62,0.030365762165799035,0.08946641738378704,False,False,False,1.6269202376597684e-08,COMPLETE
1526,0.49795647859573366,2025-04-17 13:54:20.932069,2025-04-17 13:54:44.023181,0 days 00:00:23.091112,0.0966068055811211,0.7932698130140393,16,0.19022839688463683,0.23871234141925274,0.06620072210785914,0.07562644897932827,0.027159769809056114,0.03004771188586345,4.815856192092278e-05,15,53,0.027376229574960238,0.08134218036522546,False,False,False,2.645208631394895e-08,COMPLETE
1527,0.5543183326721192,2025-04-17 13:54:44.517441,2025-04-17 13:55:07.257399,0 days 00:00:22.739958,0.04821063676038581,0.7599070555452054,16,0.19807335802962667,0.23358239050690366,0.07066825903170734,0.07404187272399868,0.026227690131034025,0.08764021834496168,6.689491823839934e-05,13,60,0.024614352807366277,0.09994313410634306,False,False,False,3.326974623778171e-08,COMPLETE
1528,0.5085333585739136,2025-04-17 13:55:07.765765,2025-04-17 13:55:29.577611,0 days 00:00:21.811846,0.035657515786500546,0.7869324255872632,16,0.19388342613889664,0.2346906654049287,0.07379298633354528,0.07758352532612074,0.02592960513168452,0.08884096154363395,7.85974601453743e-05,12,56,0.022729483581534843,0.11913328405759019,False,False,False,5.151159658013435e-08,COMPLETE
1529,0.5033407330513,2025-04-17 13:55:30.068218,2025-04-17 13:55:58.131686,0 days 00:00:28.063468,0.010023271684881397,0.8136120340456361,8,0.18204770540691564,0.22882982313237413,0.0709237044847677,0.07489750820095468,0.02611926572560901,0.08694148962085893,7.505149789101975e-05,13,59,0.02820416796645796,0.09761981425070237,False,False,False,2.0654710272838066e-08,COMPLETE
1530,0.512871778011322,2025-04-17 13:55:58.622314,2025-04-17 13:56:20.833298,0 days 00:00:22.210984,0.04599380240088361,0.7691826142665099,16,0.19206861756960814,0.23844632918682818,0.06814004882027713,0.0793428870078404,0.07982019477535612,0.08939604269323086,0.00010471955644946348,13,55,0.020853785595802136,0.1083850582878465,False,False,False,4.855768141385474e-08,COMPLETE
1531,0.4783451318740845,2025-04-17 13:56:21.346021,2025-04-17 13:56:43.128737,0 days 00:00:21.782716,0.033111039332560946,0.8061833675569143,16,0.18593944655406333,0.22795858931332136,0.06525411154668895,0.07206199714458286,0.02611445793982322,0.0872707349154469,0.0001570816741232467,12,51,0.024111993400078805,0.10548229333000622,False,False,False,4.372136687403289e-08,COMPLETE
1532,0.4956044554710388,2025-04-17 13:56:43.620090,2025-04-17 13:57:05.878952,0 days 00:00:22.258862,0.054734962438964446,0.7587457604405661,16,0.19543942749983464,0.2325841287075731,0.07389807529861388,0.07688122727303162,0.025822060876806354,0.039838759230801,7.011651991711362e-05,13,65,0.04756589777027615,0.10158541813831165,False,False,False,3.211632976224154e-07,COMPLETE
1533,0.10019656419754029,2025-04-17 13:57:06.369811,2025-04-17 13:57:25.881461,0 days 00:00:19.511650,0.026635276025968612,0.7781417801433183,16,0.18948242711740432,0.23428386479452165,0.07093064014929358,0.0732861656080863,0.024748775324136208,0.08732403188240793,8.922138321661813e-05,12,59,0.030313098087574496,0.11149257543925602,False,False,True,3.571969646034964e-08,COMPLETE
1534,0.4597094655036926,2025-04-17 13:57:26.397495,2025-04-17 13:58:28.188422,0 days 00:01:01.790927,0.05171278172254922,0.7628852896441982,2,0.1874248200017973,0.25172707997080745,0.0662234366809948,0.06969388818388704,0.023860031912111095,0.08621833376144478,9.033551928335864e-05,13,63,0.026127148246500437,0.10423394046542647,False,False,False,6.470418065525835e-08,COMPLETE
1535,0.5349857449531555,2025-04-17 13:58:28.684156,2025-04-17 13:58:50.556725,0 days 00:00:21.872569,0.030443324206632656,0.8035498660893218,16,0.1971327244964548,0.24836654148055348,0.06303858375176391,0.0843440366968444,0.0288565716302508,0.0906041318462583,6.381834317457566e-05,12,83,0.014210345048834342,0.10124158621412377,False,False,False,3.561027973205149e-08,COMPLETE
1536,0.3902379155158997,2025-04-17 13:58:51.047668,2025-04-17 13:59:14.221781,0 days 00:00:23.174113,0.059680740373572766,0.7868566125113475,16,0.17220098558990413,0.23079654665890761,0.06864056628069691,0.06720952990856945,0.0272084304623283,0.09023626645699542,0.026719148686669345,13,57,0.018629738649960537,0.09911760750882306,True,False,False,4.925095379627117e-08,COMPLETE
1537,0.12054734379053117,2025-04-17 13:59:14.738419,2025-04-17 13:59:35.537687,0 days 00:00:20.799268,0.04181748178105765,0.736989414492328,16,0.1794097174687201,0.25446497091986975,0.06394800096591012,0.07580461054799892,0.023569857925662404,0.033126019934544546,0.0002837219410155169,16,61,0.020825069181037166,0.09571810216746644,False,True,False,6.06407434067295e-08,COMPLETE
1538,0.48944623470306403,2025-04-17 13:59:36.038076,2025-04-17 13:59:58.361297,0 days 00:00:22.323221,0.06953150984120798,0.7664448574080036,16,0.1988033156315256,0.26386464976991736,0.05932285247811908,0.05832149248661349,0.031098504723424507,0.09297878041311486,0.0001061601423759529,13,65,0.022949207496924875,0.10368506932026664,False,False,False,3.1769032317891076e-08,COMPLETE
1539,0.4976462125778198,2025-04-17 13:59:58.854803,2025-04-17 14:00:21.408494,0 days 00:00:22.553691,0.04900541795076755,0.7140461681922888,16,0.21548995468611568,0.25992374092123255,0.055436892862541456,0.04740629204978286,0.025586546442248264,0.0446500670720345,8.196248553657632e-05,13,53,0.02482376915183701,0.09238149804293519,False,False,False,7.551388410959554e-08,COMPLETE
1540,0.3374479651451111,2025-04-17 14:00:21.902815,2025-04-17 14:00:46.260440,0 days 00:00:24.357625,0.010560343196231461,0.45210202325036153,16,0.20639130353298218,0.2533206944156416,0.07244663664636174,0.07916457172346586,0.02785991811449614,0.027245078930976697,6.421856890976222e-05,17,59,0.01612498165682943,0.10100495634041415,False,False,False,4.199281221178019e-08,COMPLETE
1541,0.5044078350067138,2025-04-17 14:00:46.770886,2025-04-17 14:01:08.502185,0 days 00:00:21.731299,0.027916731414852108,0.750114253919634,16,0.1478454580383463,0.24216101163032772,0.06988925971394538,0.08667397816709264,0.023123449517627258,0.08844653469630803,5.682151435708324e-05,12,63,0.02868881517600419,0.12311959819662853,False,False,False,3.105728207848669e-08,COMPLETE
1542,0.448892092704773,2025-04-17 14:01:08.998557,2025-04-17 14:01:32.648650,0 days 00:00:23.650093,0.6988781350328566,0.7326051504540914,16,0.1643539460480204,0.2493120788452167,0.06690084464299677,0.07250734444050239,0.033193300344699216,0.03475530733843873,7.095431551926427e-05,16,66,0.032707676996111996,0.09122869686587952,False,False,False,4.91081596057592e-07,COMPLETE
1543,0.33885233402252196,2025-04-17 14:01:33.142355,2025-04-17 14:01:56.029172,0 days 00:00:22.886817,0.07135093268891698,0.7743520639623733,16,0.17690287579303585,0.2589682200461236,0.06525492852905357,0.0709313349304217,0.03829965905829068,0.09078363663047452,5.8100010850996414e-05,14,56,0.01134945762576168,0.10868113775915739,False,False,False,2.2620969931181724e-08,COMPLETE
1544,0.4465110778808594,2025-04-17 14:01:56.546121,2025-04-17 14:02:21.158498,0 days 00:00:24.612377,0.059140913166369546,0.7544228036331839,16,0.1869412142482369,0.27170040399083356,0.07166579552845875,0.06595977273917429,0.03666975048903901,0.04057977232556821,0.000795109920460686,18,60,0.027293645286113066,0.09660280509731568,False,False,False,4.021657145747291e-08,COMPLETE
1545,0.49600288867950443,2025-04-17 14:02:21.653802,2025-04-17 14:02:43.968845,0 days 00:00:22.315043,0.0745533210145765,0.8321132262417956,16,0.1911427040404002,0.2262367250879389,0.06096656631751821,0.02403468712820285,0.02939979768285711,0.036347194521165284,7.562515534639571e-05,13,62,0.022029903084083643,0.09303312933452958,False,False,False,5.47272363217861e-08,COMPLETE
1546,0.5038859367370605,2025-04-17 14:02:44.462115,2025-04-17 14:03:07.500938,0 days 00:00:23.038823,0.04728277592508524,0.4752917258976032,16,0.21030511181209352,0.25328350362590657,0.06258243330332873,0.07583012470930522,0.02514258396414644,0.0327346726884189,5.612448190617698e-05,15,58,0.019220868648283887,0.11139014025638093,False,False,False,1.384726679129297e-08,COMPLETE
1547,0.4807209610939026,2025-04-17 14:03:08.014996,2025-04-17 14:03:32.499632,0 days 00:00:24.484636,0.07518335478919919,0.7138831216155197,16,0.1832844459787587,0.23936246297480301,0.07526703145778485,0.06126028686482051,0.023671243461596457,0.0932879744335993,8.954314505649966e-05,18,65,0.025357916216432595,0.09115870374657231,False,False,False,2.2566999633156988e-08,COMPLETE
1548,0.49509154558181767,2025-04-17 14:03:32.998736,2025-04-17 14:03:56.059200,0 days 00:00:23.060464,0.030662731370206003,0.7889577120455378,16,0.19980272448484346,0.2649299626425228,0.06765302013072408,0.05358401544512797,0.02690615407941306,0.08585120216915537,4.358366140470569e-05,15,55,0.023235632836189818,0.10035938678166131,False,False,False,3.0448524725606675e-08,COMPLETE
1549,0.49569453001022346,2025-04-17 14:03:56.554457,2025-04-17 14:04:21.382741,0 days 00:00:24.828284,0.047489084465919325,0.730242642029468,16,0.17222848299704493,0.25893810068110634,0.05362376492076115,0.07404475642592491,0.03078548268177957,0.09108068436799359,6.431546834813946e-05,19,66,0.026753868702907822,0.13303708059801259,False,False,False,4.243020502130341e-08,COMPLETE
1550,0.5007826566696167,2025-04-17 14:04:21.902121,2025-04-17 14:04:44.815879,0 days 00:00:22.913758,0.07469655658962666,0.7572340595955986,16,0.21255009791675553,0.2505397237022696,0.057829349975627505,0.08247208796868345,0.023307360335489972,0.09297423842362153,5.2074540777635565e-05,14,62,0.020670811652974602,0.08797846607294289,False,False,False,6.190641704447323e-08,COMPLETE
1551,0.33666775822639466,2025-04-17 14:04:45.313761,2025-04-17 14:05:18.254129,0 days 00:00:32.940368,0.08757914855716005,0.7142884736569587,8,0.1578797012461635,0.2677712167863862,0.06860600351331454,0.07800872317378771,0.026468111686674033,0.08722997922501291,0.00013706089319602156,19,59,0.016714889910732465,0.09658684245999588,False,False,False,1.2026026125755376e-08,COMPLETE
1552,0.0952634483575821,2025-04-17 14:05:18.752244,2025-04-17 14:05:39.336815,0 days 00:00:20.584571,0.06297467087573388,0.7360286974703554,16,0.17752689716900452,0.23375497400395312,0.06463624517808099,0.05017089248241296,0.028085197779268056,0.02997795422363079,3.963963578007037e-05,14,62,0.0237248012272171,0.11649179867662281,False,False,True,5.088343754710748e-08,COMPLETE
1553,0.3774296164512635,2025-04-17 14:05:39.859189,2025-04-17 14:06:01.989830,0 days 00:00:22.130641,0.02505037492955389,0.09211254688467585,16,0.1948685871585887,0.10092625265751559,0.07384238884483411,0.026174158529706643,0.025109574531659025,0.08949157034488954,6.691676854653304e-05,13,50,0.030869869763602738,0.08628483929264007,False,False,False,3.305189612384948e-08,COMPLETE
1554,0.5078733205795288,2025-04-17 14:06:02.493954,2025-04-17 14:06:26.274890,0 days 00:00:23.780936,0.010299764005533058,0.7966849685701193,16,0.16745287135314735,0.275513882612428,0.07025119235798537,0.0693647779233569,0.07501594442943776,0.03861258366981479,3.960701982097038e-05,16,86,0.018713190500578188,0.13993594933730433,False,False,False,1.4704568096338457e-08,COMPLETE
1555,0.4782633304595948,2025-04-17 14:06:26.768313,2025-04-17 14:07:26.546098,0 days 00:00:59.777785,0.11981197547641706,0.7804850954630067,2,0.1853597738787495,0.25637055348776394,0.06622880291485983,0.07194943024151373,0.03228493831066981,0.09350627952201031,5.012114390336465e-05,12,66,0.021416763997730664,0.09441976243964992,True,False,False,2.0783430785439292e-08,COMPLETE
1556,0.3363149583339691,2025-04-17 14:07:27.068044,2025-04-17 14:07:52.603593,0 days 00:00:25.535549,0.08534579502795044,0.7494265824977688,16,0.21474011242403712,0.24507234950067547,0.06188570127404217,0.08108066679458797,0.022923889229661154,0.0925626222143683,6.244645937440682e-05,20,58,0.013567007915024343,0.0870600361047156,False,False,False,8.683253529636157e-08,COMPLETE
1557,0.14227979481220246,2025-04-17 14:07:53.102076,2025-04-17 14:08:13.626379,0 days 00:00:20.524303,0.042379794022402315,0.8163359626923246,16,0.17960165065988515,0.2624957684076268,0.07087379528645504,0.06794817427360703,0.02462499694580967,0.09096476379021232,7.791804670809374e-05,14,53,0.025967104983710167,0.08976274209309512,False,True,False,1.3426148028470342e-07,COMPLETE
1558,0.4983296513557435,2025-04-17 14:08:14.129388,2025-04-17 14:08:38.165362,0 days 00:00:24.035974,0.05983571181156659,0.7711051504793077,16,0.20652725518061182,0.271836453489457,0.0590748460127173,0.07420829714296258,0.029517109732185794,0.03734932325409915,4.905695433267487e-05,17,63,0.03917914101259928,0.10297833354264013,False,False,False,3.8728031322884434e-08,COMPLETE
1559,0.43631135225296025,2025-04-17 14:08:38.688677,2025-04-17 14:09:02.463895,0 days 00:00:23.775218,0.7867546758751353,0.7082992507014574,16,0.18848948152382847,0.09323559347472118,0.06046900268478032,0.0520222292546932,0.027705237931969873,0.035474386918136466,0.00011341949685345881,15,81,0.029234427956852688,0.08436668530743391,False,False,False,2.4594886527789776e-08,COMPLETE
1560,0.5056379795074463,2025-04-17 14:09:02.972186,2025-04-17 14:09:25.200131,0 days 00:00:22.227945,0.11963198535139068,0.7277845074957149,16,0.21736989326400227,0.24817723809715084,0.07383961384971333,0.09479130251919081,0.02299769490969325,0.03245518275990112,5.6401225839572925e-05,13,56,0.02362399772410835,0.09226813647820997,False,False,False,1.6821219890586044e-08,COMPLETE
1561,0.3609772920608521,2025-04-17 14:09:25.701714,2025-04-17 14:09:50.444333,0 days 00:00:24.742619,0.09926573908623307,0.757481718441361,16,0.016857405908269868,0.25517994633660507,0.06855485896643225,0.05517600005521808,0.026029431077815877,0.09420990632401796,3.917495975364829e-05,18,60,0.009999900741199462,0.09785312049553249,False,False,False,6.211505599877387e-08,COMPLETE
1562,0.5006391644477844,2025-04-17 14:09:50.974231,2025-04-17 14:10:14.551949,0 days 00:00:23.577718,0.08625150635001931,0.7104168731220015,16,0.19867844503433088,0.2633930072352344,0.06342639328618904,0.07594324309256806,0.02268445478180122,0.08850832934071055,4.5425949080878604e-05,16,66,0.0268572733784424,0.08396121098759936,False,False,False,2.9362823144640444e-08,COMPLETE
1563,0.4836176872253418,2025-04-17 14:10:15.059785,2025-04-17 14:10:40.592002,0 days 00:00:25.532217,0.11649082297889152,0.7468674248772988,16,0.19088793964221165,0.24356960853209486,0.06489479425957892,0.08927840218348897,0.06963538268865924,0.09246374176908036,8.764096799971945e-05,20,63,0.02048768568689774,0.10703812720363326,False,False,False,1.8554687372174874e-08,COMPLETE
1564,0.5329437255859375,2025-04-17 14:10:41.098411,2025-04-17 14:11:06.094708,0 days 00:00:24.996297,0.031038766562490633,0.7764560709030438,16,0.16787879172528633,0.2533779321937762,0.07213511376258364,0.06276999180433009,0.029542620742791795,0.030753540022848615,6.757702569664164e-05,19,60,0.022265114908605593,0.0821957848878029,False,False,False,5.3495235805795826e-08,COMPLETE
1565,0.343212890625,2025-04-17 14:11:06.620979,2025-04-17 14:11:29.024992,0 days 00:00:22.404013,0.06140552676018399,0.731908038124856,16,0.17636925163253217,0.28134951103303174,0.05123804336294981,0.04725027409944346,0.03465823509330199,0.09453214327652469,3.8401073501605586e-05,13,56,0.017713157464166657,0.0938328392837655,False,False,False,4.092408534925911e-08,COMPLETE
1566,0.5251982688903809,2025-04-17 14:11:29.529927,2025-04-17 14:11:52.198902,0 days 00:00:22.668975,0.08155238829187836,0.762435009132094,16,0.18194721366579342,0.23754948025233066,0.056757326626047676,0.07876370414516977,0.025422641540480906,0.02755693446564125,5.403245040771805e-05,14,66,0.03418106888818208,0.025238224699815636,False,False,False,2.8096081258831575e-08,COMPLETE
1567,0.5572598934173585,2025-04-17 14:11:52.703075,2025-04-17 14:12:16.645553,0 days 00:00:23.942478,0.05201660471880808,0.7073300879227913,16,0.20211842786569995,0.2265955726717346,0.0677704211152093,0.08846623956820819,0.027303792086448796,0.09444616565705635,4.6230535279935424e-05,17,60,0.024649860284024366,0.08870960682803482,False,False,False,1.1860813420512936e-08,COMPLETE
1568,0.498122239112854,2025-04-17 14:12:17.176352,2025-04-17 14:12:41.584309,0 days 00:00:24.407957,0.07136454929092861,0.702719374923189,16,0.20635503768620217,0.2456769998470903,0.06877404705239502,0.0865536794994193,0.028174308035020638,0.09501472593986661,6.356766766109885e-05,17,54,0.0282889224401755,0.08912810256656283,False,False,False,1.1591175732777054e-08,COMPLETE
