number,value,datetime_start,datetime_complete,duration,params_alpha-eval,params_alpha-train,params_batch-size,params_eps-eval,params_eps-train,params_lambda-actions-eval,params_lambda-actions-train,params_lambda-frames-eval,params_lambda-frames-train,params_learning-rate,params_n-epochs,params_n-frames,params_radius-gw,params_rho,params_std-feats,params_ub-actions,params_ub-frames,params_weight-decay,state
1401,0.25360217690467834,2025-04-17 13:01:47.718358,2025-04-17 13:02:10.268159,0 days 00:00:22.549801,0.05238471615704397,0.7323138211801805,16,0.20869989649583168,0.26919771074030663,0.07471640476422406,0.05460560244258119,0.023438616055749876,0.09184588441047929,7.836388365999226e-05,16,61,0.02298238393499137,0.0791856837008188,True,True,False,1.3467654106635374e-08,COMPLETE
1402,0.5088446140289307,2025-04-17 13:02:10.724889,2025-04-17 13:02:33.939619,0 days 00:00:23.214730,0.09273142670539702,0.7822759714614009,16,0.20586481446216798,0.25638562006817767,0.06574474136323961,0.07343807804782289,0.027506192554343337,0.07139208435010849,4.243251580738498e-05,15,56,0.03382359583964387,0.07417700357255375,False,False,False,3.4667257312292254e-08,COMPLETE
1403,0.34098581671714784,2025-04-17 13:02:34.394043,2025-04-17 13:02:56.964752,0 days 00:00:22.570709,0.06728049546184271,0.15104734784416052,16,0.19189219401888818,0.24888549801602525,0.07063338966620786,0.0692239807454886,0.011516057672871189,0.08959753430037809,5.463501560761121e-05,13,63,0.025845662600089553,0.0912908548709069,False,False,False,1.760278210267378e-08,COMPLETE
1404,0.484773325920105,2025-04-17 13:02:57.416159,2025-04-17 13:03:22.599543,0 days 00:00:25.183384,0.04277907660705309,0.7490554276507713,16,0.1881321874173921,0.23947263535848812,0.061230261948442825,0.0959090862435576,0.014614215918544492,0.09391290260394185,7.057394690543545e-05,19,93,0.030860502772925433,0.08488629497133672,False,False,False,2.1844342592186624e-08,COMPLETE
1405,0.502729856967926,2025-04-17 13:03:23.044496,2025-04-17 13:03:46.700502,0 days 00:00:23.656006,0.0815924091439334,0.726464532573633,16,0.20728181712215255,0.25853686204654147,0.07539030877961689,0.08011679109748218,0.025167018745188143,0.03241193749349224,4.238893881446169e-05,16,60,0.03690216172702597,0.06882918510412117,False,False,False,2.6490345700734302e-08,COMPLETE
1406,0.48264698982238774,2025-04-17 13:03:47.148820,2025-04-17 13:04:10.023894,0 days 00:00:22.875074,0.10149669041944423,0.8354530342552855,16,0.164951118332449,0.24418899864288568,0.07071602414412469,0.07664319741976347,0.023822766335906742,0.06943359672207348,0.00015119694810171084,15,50,0.028572115736301543,0.07619897005647247,False,False,False,1.4898759975590002e-05,COMPLETE
1407,0.3387803018093109,2025-04-17 13:04:10.495206,2025-04-17 13:04:33.400095,0 days 00:00:22.904889,0.1105108696118016,0.7982216012195129,16,0.20060009892200237,0.26398294617003687,0.0761989372976477,0.07518146377775826,0.02270009292665363,0.07562478817627798,5.049711403561615e-05,14,64,0.0101754665528214,0.09419506951647941,False,False,False,2.488536195313581e-08,COMPLETE
1408,0.4882836818695069,2025-04-17 13:04:33.853694,2025-04-17 13:04:58.740417,0 days 00:00:24.886723,0.07083847940970706,0.8156028219749698,16,0.17718264022772645,0.2523135193161213,0.07149675987435757,0.09326478815520574,0.029874597898963153,0.055035982074401926,6.50624314615777e-05,19,57,0.0403066625461127,0.15498153121807973,False,False,False,2.1659455257233224e-08,COMPLETE
1409,0.5048694849014282,2025-04-17 13:04:59.191855,2025-04-17 13:05:23.989067,0 days 00:00:24.797212,0.10448922165933393,0.7270007157286803,16,0.18673198926011972,0.2811528422213412,0.05867650484194694,0.08949892893977597,0.015050349839460195,0.05768896098904898,4.122849488592054e-05,18,86,0.02422786646443719,0.14795446670261875,False,False,False,1.2174145840993128e-08,COMPLETE
1410,0.5566064596176148,2025-04-17 13:05:24.441014,2025-04-17 13:05:47.627221,0 days 00:00:23.186207,0.03787598524403836,0.7577195960078872,16,0.1815366878984593,0.2677044320707552,0.06868857253993117,0.06455042873713335,0.026611875648514936,0.09755634203216083,4.963721310883424e-05,15,61,0.023573446854098574,0.0870692694316969,False,False,False,6.62581546404553e-08,COMPLETE
1411,0.4934892177581787,2025-04-17 13:05:48.081357,2025-04-17 13:06:11.263646,0 days 00:00:23.182289,0.02895457200449681,0.7721986897062424,16,0.18097547333382272,0.2669657435427763,0.06746329262830925,0.07365833874242578,0.02797484921117043,0.09744085678080937,0.00010386762390631208,15,52,0.02315697632652921,0.103158177196285,False,False,False,1.499999151992167e-08,COMPLETE
1412,0.5064914345741272,2025-04-17 13:06:11.735279,2025-04-17 13:06:34.355625,0 days 00:00:22.620346,0.03541956616751779,0.7592326133831034,16,0.18126614758777074,0.2668796860146058,0.06841171615651714,0.07247478546937886,0.03185322266996301,0.09850943668210034,6.226476512828804e-05,14,57,0.02286482212361021,0.09947043420866046,False,False,False,6.369284889021543e-08,COMPLETE
1413,0.506879472732544,2025-04-17 13:06:34.817048,2025-04-17 13:06:57.905241,0 days 00:00:23.088193,0.0424766753557539,0.7915134845803246,16,0.17589143691097217,0.268985731608538,0.06943497047058408,0.06441074049314806,0.02729964471197189,0.09885030887780935,5.655008511868312e-05,15,54,0.023499092816143517,0.0928416031334153,False,False,False,3.386718478804632e-08,COMPLETE
1414,0.4948211789131165,2025-04-17 13:06:58.357612,2025-04-17 13:07:21.438475,0 days 00:00:23.080863,0.024989263083122347,0.7467740279468915,16,0.16752613239149475,0.2597396477688838,0.06535109095964521,0.06221358620032462,0.029852558453962844,0.09730033048244537,8.319920186409915e-05,15,53,0.0231737147247829,0.09138782515515377,False,False,False,4.3102391627814534e-08,COMPLETE
1415,0.5047277092933655,2025-04-17 13:07:21.890604,2025-04-17 13:07:44.492987,0 days 00:00:22.602383,0.014754987487114152,0.7789779381824591,16,0.18392880457127947,0.2670218819349173,0.06756530115322452,0.08499402214046341,0.02669332411232701,0.09844749899686259,5.1569741376914965e-05,14,55,0.022884208063787232,0.0888777981259807,False,False,False,2.4193131886328995e-08,COMPLETE
1416,0.3414419651031494,2025-04-17 13:07:44.948187,2025-04-17 13:08:08.814057,0 days 00:00:23.865870,0.049940232469865425,0.754096139060088,16,0.17365818092327223,0.2772530529113202,0.06964324432095699,0.08369385715832847,0.026360213920513995,0.09695792259263745,6.763058667051038e-05,16,61,0.002072753967896565,0.10453728759442615,False,False,False,1.821424744545373e-08,COMPLETE
1417,0.09585337936878205,2025-04-17 13:08:09.289968,2025-04-17 13:08:29.942719,0 days 00:00:20.652751,0.013488894060727452,0.7684948827733348,16,0.18942482890240087,0.2578376596065834,0.0720359023207323,0.06455071238233875,0.027658110123983826,0.03560272904400502,5.082867580027483e-05,15,58,0.02441799122254579,0.09763669005347062,False,False,True,6.455900444673317e-08,COMPLETE
1418,0.4836569428443909,2025-04-17 13:08:30.401528,2025-04-17 13:08:59.542638,0 days 00:00:29.141110,0.04453587206723711,0.8152963660173128,8,0.18376910036450542,0.27318677517019313,0.06929456318693959,0.07592081243206175,0.028673254539641983,0.09840221578585259,7.769492408856532e-05,15,58,0.021393168641011272,0.114300877074722,False,False,False,5.8263104927085585e-08,COMPLETE
1419,0.5090453028678894,2025-04-17 13:09:00.000350,2025-04-17 13:09:23.410015,0 days 00:00:23.409665,0.042663666272492934,0.7487461732178764,16,0.19488925991518222,0.2734269385910874,0.06725066149152034,0.0657754309648737,0.02573261064713894,0.09989652286960948,4.526856387871085e-05,16,59,0.02177316594049855,0.08768904575566368,False,False,False,3.399029268386678e-08,COMPLETE
1420,0.5574898362159729,2025-04-17 13:09:23.861316,2025-04-17 13:09:46.595592,0 days 00:00:22.734276,0.06871943778495271,0.7247109053508722,16,0.17804836796859308,0.26284838211367,0.06250470246057954,0.07437934647077697,0.03308315354102863,0.02762373787183448,5.995570902629225e-05,14,61,0.02474252074046874,0.08468908074335826,False,False,False,7.523049080853982e-08,COMPLETE
1421,0.15551821291446688,2025-04-17 13:09:47.072645,2025-04-17 13:10:08.137434,0 days 00:00:21.064789,0.0586622637454366,0.7261314023221291,16,0.1671037215179773,0.28705485300922357,0.06006219739733009,0.07253521490419287,0.03379356422570147,0.028104384123008273,7.202052143066677e-05,14,61,0.025745807593312964,0.09324289521654174,True,True,False,4.3871897320823993e-08,COMPLETE
1422,0.464316737651825,2025-04-17 13:10:08.597354,2025-04-17 13:11:09.775329,0 days 00:01:01.177975,0.010712298165173606,0.7430796964312242,2,0.16779405443993803,0.27409792274643147,0.06498310091533377,0.07019395127264463,0.029571240976426924,0.029646501439360314,8.963972248515088e-05,13,63,0.02624582565782134,0.08771516481525916,False,False,False,5.4458953017290384e-08,COMPLETE
1423,0.553670334815979,2025-04-17 13:11:10.233683,2025-04-17 13:11:32.598747,0 days 00:00:22.365064,0.06165729706193619,0.7637008089019148,16,0.17286106968648543,0.27902051631314173,0.06150022886230441,0.07453651565652972,0.031634628255573484,0.03690527665997145,6.366862199837095e-05,13,61,0.0251617223010633,0.0974003699258205,False,False,False,4.848896601389372e-08,COMPLETE
1424,0.5004550337791444,2025-04-17 13:11:33.055287,2025-04-17 13:11:55.412477,0 days 00:00:22.357190,0.059697655284967364,0.8010583215025107,16,0.1762846993689424,0.2798069761713676,0.06420527125501943,0.07073411953133633,0.027788977799974857,0.027575298441972113,8.998679223695623e-05,13,56,0.026310497414929208,0.10506056769285804,False,False,False,4.736867097055014e-08,COMPLETE
1425,0.5365005731582642,2025-04-17 13:11:55.864299,2025-04-17 13:12:17.615821,0 days 00:00:21.751522,0.06084180903323785,0.7877659490118928,16,0.17157018038059538,0.2868365918383839,0.06139780981356262,0.07120107188575737,0.0336148900247192,0.024340454632355103,8.715839381063011e-05,12,60,0.0241697924833902,0.10100264220392056,False,False,False,7.331226278503495e-08,COMPLETE
1426,0.5110615849494935,2025-04-17 13:12:18.093467,2025-04-17 13:12:40.423929,0 days 00:00:22.330462,0.03508394018499176,0.7678593940131312,16,0.15721242749051215,0.28055496814328834,0.06166654049529745,0.07679079921575682,0.03158105851275716,0.037163086475807044,6.684131356712332e-05,13,54,0.026085208487457046,0.10519490917544796,False,False,False,2.1706232340104484e-08,COMPLETE
1427,0.49515663385391234,2025-04-17 13:12:40.887967,2025-04-17 13:13:03.367194,0 days 00:00:22.479227,0.06654872456101955,0.7747585437708971,16,0.18477370931315157,0.2747009896926197,0.06272517641781987,0.07506948104528131,0.03355023338018527,0.025341934401641453,0.0001107604551921694,14,42,0.024378625001571258,0.09801316595323617,False,False,False,9.725569139835478e-08,COMPLETE
1428,0.5023271918296814,2025-04-17 13:13:03.824303,2025-04-17 13:13:26.094246,0 days 00:00:22.269943,0.04387671896062635,0.7825636271048655,16,0.1788167462100006,0.2787845999535269,0.06341597250791621,0.07523433373693056,0.03408146289697529,0.024053850598729717,7.263114634943489e-05,13,57,0.027287452954461663,0.09665405151052316,False,False,False,7.148496115946036e-08,COMPLETE
1429,0.5422058343887329,2025-04-17 13:13:26.552572,2025-04-17 13:13:48.396335,0 days 00:00:21.843763,0.07314833376420747,0.8177735988951788,16,0.18021026664940779,0.28868666578419977,0.06167129885881041,0.07429008621518211,0.033076696577458334,0.027971942711672148,6.514876178546135e-05,12,60,0.025007995619240685,0.10924710148320682,False,False,False,9.450648765337667e-08,COMPLETE
1430,0.4953450202941895,2025-04-17 13:13:48.857940,2025-04-17 13:14:11.533124,0 days 00:00:22.675184,0.05770751258032666,0.7621090899552613,16,0.17490561438093166,0.27990595280642877,0.062439768493100435,0.07141630068693464,0.02900844107740782,0.034663268827930874,6.0882310237238416e-05,14,48,0.027442857135061206,0.08748959457438553,False,False,False,7.670277746712532e-08,COMPLETE
1431,0.5063113808631897,2025-04-17 13:14:12.009430,2025-04-17 13:14:33.638433,0 days 00:00:21.629003,0.034550193048270034,0.754666222678066,16,0.16412117643658974,0.28452058037785,0.06477054822649604,0.07440261686795276,0.03324340102029176,0.027541355526531204,7.815528952135962e-05,12,61,0.05927308784027077,0.09563424027244272,False,False,False,2.8869588414709575e-08,COMPLETE
1432,0.3391180515289307,2025-04-17 13:14:34.100097,2025-04-17 13:14:56.512354,0 days 00:00:22.412257,0.010862376505232248,0.8005734075553382,16,0.17310329152044507,0.27711035926710575,0.0578831277365078,0.06844891842133334,0.030784503500276048,0.029918794266864102,5.955830531192073e-05,13,58,0.011046171632833543,0.0939836912216066,False,False,False,2.164195228702427e-08,COMPLETE
1433,0.336371910572052,2025-04-17 13:14:56.971204,2025-04-17 13:15:19.277468,0 days 00:00:22.306264,0.06911727201798,0.7739861358343195,16,0.17397104435352664,0.2729170326339734,0.060921747365750595,0.07759758860899169,0.03621042968748569,0.03958312526251911,7.612583490079622e-05,13,53,0.004592918956314798,0.09263708887164362,False,False,False,5.418860155359231e-08,COMPLETE
1434,0.5022715568542481,2025-04-17 13:15:19.733357,2025-04-17 13:15:42.431826,0 days 00:00:22.698469,0.05026510559672421,0.7497310519285536,16,0.1688634996916128,0.2943246613585694,0.06027202308385064,0.07909979752307722,0.03140394966386369,0.0315789812240391,5.750136500752793e-05,14,62,0.023688517023019655,0.10177126418858048,False,False,False,4.684263137575963e-08,COMPLETE
1435,0.4995552897453308,2025-04-17 13:15:42.892905,2025-04-17 13:16:05.101286,0 days 00:00:22.208381,0.07410360850521712,0.7460366279179242,16,0.16408400100820245,0.27027351832620045,0.06386850627300211,0.07738874656828701,0.03080231694122009,0.03831891608697636,9.170951254836452e-05,13,56,0.022269293496944426,0.08602733451258787,False,False,False,3.8445849911719266e-08,COMPLETE
1436,0.5044760227203369,2025-04-17 13:16:05.580929,2025-04-17 13:16:28.197303,0 days 00:00:22.616374,0.03503241246917009,0.7763018437453615,16,0.15426216209738905,0.27047722462425516,0.059172605162016716,0.07285787315092737,0.031216736960228468,0.027146819523727207,6.251580301068282e-05,14,63,0.025209596717573148,0.11292154666111213,False,False,False,6.2114541261201e-08,COMPLETE
1437,0.5100240468978883,2025-04-17 13:16:28.660270,2025-04-17 13:16:50.703930,0 days 00:00:22.043660,0.08364938514521335,0.7929335378931835,16,0.17698729829169102,0.26307378416755683,0.06395126051552259,0.06749205856627062,0.03486642027082919,0.036109853293174864,5.4152383123657486e-05,13,59,0.02425097323545319,0.08953794236037549,False,False,False,5.066681129980123e-08,COMPLETE
1438,0.09375541210174561,2025-04-17 13:16:51.167884,2025-04-17 13:17:11.951878,0 days 00:00:20.783994,0.06579844446750704,0.7374670412330232,16,0.1835803484005708,0.2829653271962283,0.0661949217019309,0.074143617037309,0.032686677254046156,0.03242980015800922,6.420052077316008e-05,14,89,0.012530235599019434,0.09809066247770996,False,False,True,4.181518520496423e-08,COMPLETE
1439,0.5347156286239624,2025-04-17 13:17:12.413467,2025-04-17 13:17:35.345510,0 days 00:00:22.932043,0.05237330566564433,0.7618981939088003,16,0.17970238594882723,0.2760910672794959,0.05923610651864881,0.07885309665563177,0.03528258425440836,0.03063911648761205,8.23743018375436e-05,14,60,0.0275704966234183,0.08315397465204638,False,False,False,3.258961337975969e-08,COMPLETE
1440,0.49605441093444824,2025-04-17 13:17:35.828342,2025-04-17 13:18:04.422189,0 days 00:00:28.593847,0.07793564832615918,0.7264753023699969,8,0.15954830765986305,0.2985549876430474,0.057730685684682884,0.07698917608170401,0.028693792252898816,0.03658975212840587,5.3753820557788755e-05,14,63,0.022292819780581383,0.09274046572379047,False,False,False,8.512460880552697e-08,COMPLETE
1441,0.09427145123481752,2025-04-17 13:18:04.889074,2025-04-17 13:18:26.835816,0 days 00:00:21.946742,0.040435841935615696,0.7481171079564188,16,0.17297873009305045,0.2628709644801466,0.05688040282929726,0.07080536775010973,0.030681640215676036,0.04019166332081903,0.0001220525060382566,13,97,0.02577539181697235,0.0841504396189504,True,True,False,5.3657924733063134e-08,COMPLETE
1442,0.5054759502410888,2025-04-17 13:18:27.302188,2025-04-17 13:18:49.465853,0 days 00:00:22.163665,0.08170002913403489,0.7701587795516647,16,0.1904409097347674,0.26589457127437033,0.06372508625984385,0.0769601379219606,0.03168232925430898,0.02947688582229716,6.913105734770684e-05,12,56,0.021132448237630774,0.08903952692432571,False,False,False,6.330834929884644e-08,COMPLETE
1443,0.5190568923950196,2025-04-17 13:18:49.927395,2025-04-17 13:19:13.049160,0 days 00:00:23.121765,0.0308982833150365,0.7271236165717274,16,0.18398328316987547,0.2671122191700304,0.06005734839794025,0.0752437373869126,0.030526710091915744,0.034505094710469066,5.1361161771476116e-05,15,64,0.028322682301261018,0.09799441922521639,False,False,False,3.4967270688278325e-08,COMPLETE
1444,0.5130947470664978,2025-04-17 13:19:13.512743,2025-04-17 13:19:37.114893,0 days 00:00:23.602150,0.059215483622219435,0.8065803481772108,16,0.16978867833461672,0.2625535690784983,0.06657378597937245,0.07210834924476413,0.030137851614518964,0.026568356705249985,6.161444990477558e-05,15,59,0.02365580906984964,0.08356412729840176,False,False,False,4.050475829312129e-08,COMPLETE
1445,0.4845963478088379,2025-04-17 13:19:37.598599,2025-04-17 13:20:42.439252,0 days 00:01:04.840653,0.09151983477898493,0.7602803544574815,2,0.18761195192491842,0.2820315241458527,0.06126478822242649,0.07798589733070678,0.026419605830087917,0.025255014345429865,5.0729021736623835e-05,14,51,0.025560102960318774,0.10505672008341829,False,False,False,7.148117055997775e-08,COMPLETE
1446,0.5227377653121948,2025-04-17 13:20:42.902675,2025-04-17 13:21:05.278628,0 days 00:00:22.375953,0.06192654921935329,0.8440966579859445,16,0.1773281882821525,0.25900441388109263,0.0661842189009113,0.07336665314861897,0.037179368014250966,0.025679101569536362,9.51953388535161e-05,13,61,0.02261571229646917,0.09205219818192005,False,False,False,4.349480278345849e-08,COMPLETE
1447,0.49855598211288454,2025-04-17 13:21:05.745560,2025-04-17 13:21:28.827656,0 days 00:00:23.082096,0.07336778008549051,0.7314526910722506,16,0.17410067902996737,0.27240720713362787,0.06204811454829332,0.0787696919568751,0.03227142306347272,0.038274692544988595,7.512483057194531e-05,15,54,0.020990745269420966,0.08305607018985112,False,False,False,1.1473916515496076e-07,COMPLETE
1448,0.5026623725891113,2025-04-17 13:21:29.291022,2025-04-17 13:21:52.012502,0 days 00:00:22.721480,0.033127381026378286,0.7911822355565785,16,0.16840801679076375,0.2713306543368464,0.06340346187936313,0.06959719306942289,0.02834445868876238,0.0361251371568038,5.83338758444202e-05,14,58,0.027213548282744724,0.0871446649374891,False,False,False,4.319235178888353e-08,COMPLETE
1449,0.3400739014148712,2025-04-17 13:21:52.495004,2025-04-17 13:22:14.523680,0 days 00:00:22.028676,0.09142479961251906,0.7446877488150874,16,0.18364265374469743,0.25591074565282135,0.05928488417734393,0.06821765597177966,0.03197708451268089,0.023054394702126592,4.6842774515113146e-05,12,64,0.013768443223828098,0.09789743837001931,False,False,False,1.284086588675094e-07,COMPLETE
1450,0.5070183396339417,2025-04-17 13:22:14.992890,2025-04-17 13:22:38.278528,0 days 00:00:23.285638,0.011295017696495113,0.7206327229231813,16,0.16180224465539716,0.2607144244754453,0.06512936761340637,0.07434608632184213,0.03496892481680971,0.04163477895988244,5.014357055601004e-05,15,92,0.024080203280304885,0.08987123755991394,False,False,False,7.254561068217116e-08,COMPLETE
1451,0.5547323226928711,2025-04-17 13:22:38.744129,2025-04-17 13:23:01.138610,0 days 00:00:22.394481,0.08296284619709847,0.7827544959483863,16,0.1950887124717415,0.26781960894547546,0.06245200087342001,0.06308594149161506,0.028342918543956416,0.03464746352999398,6.512056394974788e-05,13,61,0.028917019687129054,0.08235109406780791,False,False,False,5.6960352852273575e-08,COMPLETE
1452,0.5210845947265625,2025-04-17 13:23:01.606305,2025-04-17 13:23:24.352100,0 days 00:00:22.745795,0.05518380885849466,0.8096095595537257,16,0.19128938289988284,0.2728664736916822,0.06252972355584344,0.06279121733211793,0.030257299870895375,0.03262808152313652,9.28010538401081e-05,14,61,0.03093630896112697,0.08457042173444584,False,False,False,5.3946477159461776e-08,COMPLETE
1453,0.49186501502990726,2025-04-17 13:23:24.837790,2025-04-17 13:23:47.050349,0 days 00:00:22.212559,0.07719496218515826,0.7937852242848054,16,0.19639554613348514,0.2800803552548723,0.06656555683965865,0.06724804081599642,0.029274344949028752,0.034031470398635515,0.00010801683906743061,13,57,0.029694985537693352,0.09168589784121962,False,False,False,6.694773958812895e-08,COMPLETE
1454,0.4823440313339234,2025-04-17 13:23:47.518487,2025-04-17 13:24:09.780015,0 days 00:00:22.261528,0.08337673117551868,0.8259491635556483,16,0.18607804082118895,0.26771804395065624,0.062447771051233426,0.056376177141153984,0.028676246699351777,0.034679956635464484,7.383964699128826e-05,13,64,0.02925877497732712,0.08241914091161315,False,False,False,5.738807319209145e-08,COMPLETE
1455,0.5382236838340759,2025-04-17 13:24:10.251829,2025-04-17 13:24:32.075915,0 days 00:00:21.824086,0.0660198643267575,0.7908603163073363,16,0.19552273751897029,0.2770681895323784,0.06060264439283832,0.07147806509146595,0.03274453142319016,0.03338436057724916,6.906305933053872e-05,12,60,0.03287897826918764,0.09444428460755201,False,False,False,9.0186743607135e-08,COMPLETE
1456,0.5007323980331421,2025-04-17 13:24:32.539709,2025-04-17 13:24:54.876022,0 days 00:00:22.336313,0.09126816358346118,0.8444538442346221,16,0.1917898162133967,0.2633901805205413,0.05631363323990343,0.06632969378758577,0.029793440265359156,0.035725635613568195,7.178380619634348e-05,13,56,0.029783177381836758,0.08703104532863257,False,False,False,8.41978818335009e-08,COMPLETE
