number,value,datetime_start,datetime_complete,duration,params_alpha-eval,params_alpha-train,params_batch-size,params_eps-eval,params_eps-train,params_lambda-actions-eval,params_lambda-actions-train,params_lambda-frames-eval,params_lambda-frames-train,params_learning-rate,params_n-epochs,params_n-frames,params_radius-gw,params_rho,params_std-feats,params_ub-actions,params_ub-frames,params_weight-decay,state
785,0.49609394073486335,2025-04-17 07:52:36.597632,2025-04-17 07:53:03.877580,0 days 00:00:27.279948,0.17131562759998303,0.6688111964035891,16,0.27340239632015667,0.2622440521950083,0.08863925989286056,0.010524502165636733,0.018460205873719545,0.0930953302439555,2.77611458341813e-05,25,49,0.02138423726413658,0.08198233718889102,False,False,False,4.8824506648962015e-06,COMPLETE
786,0.5082248806953431,2025-04-17 07:53:04.124090,2025-04-17 07:53:31.284622,0 days 00:00:27.160532,0.6053252619537224,0.590936378472575,16,0.25899654306586817,0.2764970669393677,0.09383641333496476,0.03415581416794866,0.037040299757506064,0.0413089508449408,5.458767750332091e-05,24,65,0.024512080549337525,0.06881723199508197,False,False,False,3.5853961170877613e-06,COMPLETE
787,0.4980979084968567,2025-04-17 07:53:31.542223,2025-04-17 07:53:57.277251,0 days 00:00:25.735028,0.11234371878206786,0.7465043447592812,16,0.08066518593852263,0.2800967989425101,0.06715615186239624,0.0010972238429959912,0.02212489684163654,0.09591425823749378,3.877023314398876e-05,21,68,0.02041896617871848,0.18523878816958136,False,False,False,6.7675756142029864e-06,COMPLETE
788,0.5120882272720337,2025-04-17 07:53:57.522234,2025-04-17 07:54:24.196370,0 days 00:00:26.674136,0.36811269091817816,0.7196221784629543,16,0.17934179402460132,0.25467792542588247,0.09113365993959728,0.014745667156030465,0.0309104034888648,0.09999942575009094,2.122778652447461e-05,22,71,0.02751399600080082,0.08596350404998318,False,False,False,2.226361580174263e-06,COMPLETE
789,0.10260767042636872,2025-04-17 07:54:24.452270,2025-04-17 07:54:48.694854,0 days 00:00:24.242584,0.1356818607232541,0.6457470378854555,16,0.24544208283566918,0.24270270579989425,0.09713758516446795,0.00824221398930832,0.015717102557697062,0.03542832889797798,1.814538176171667e-05,25,61,0.02297532723641883,0.06281659267481071,False,False,True,7.84907209802174e-06,COMPLETE
790,0.4853452563285828,2025-04-17 07:54:48.954393,2025-04-17 07:55:15.759376,0 days 00:00:26.804983,0.18730766107133953,0.697894657252026,16,0.25403239218428586,0.2005536872762832,0.08439678278417441,0.031084226329573028,0.018351759118074823,0.08098813762297787,2.5047797180944875e-05,23,64,0.025149514617988325,0.04563067329642625,False,False,False,4.889056777629375e-06,COMPLETE
791,0.49274237155914313,2025-04-17 07:55:16.006956,2025-04-17 07:55:42.610882,0 days 00:00:26.603926,0.14463364256320574,0.7707451999795878,16,0.22805747689054864,0.1943351890479358,0.0811792067016887,0.023419633521387886,0.021026200816956445,0.09487337427001326,3.2442333982681394e-05,24,46,0.029574115766902994,0.07380047165065423,False,False,False,2.85640433955774e-06,COMPLETE
792,0.4439332962036133,2025-04-17 07:55:42.870280,2025-04-17 07:56:10.547830,0 days 00:00:27.677550,0.208710039032738,0.7292313424955746,16,0.27864759702671815,0.12578608613355244,0.09494511789671412,0.006076625764884287,0.02409375636498312,0.07941328009927431,1.5578719094193614e-05,23,57,0.021398692513574697,0.09223674623020225,True,False,False,3.879473883887473e-06,COMPLETE
793,0.5362858533859253,2025-04-17 07:56:10.809307,2025-04-17 07:56:36.934634,0 days 00:00:26.125327,0.060301118800862405,0.6760241746623407,16,0.24922393806844373,0.2590309499697072,0.09783304049766624,0.009374304705272387,0.016986971895120013,0.09787711531007638,4.7915343818883836e-05,22,67,0.02661315539588005,0.054977559901208506,False,False,False,5.823772675816279e-06,COMPLETE
794,0.12157132476568222,2025-04-17 07:56:37.183643,2025-04-17 07:57:01.667693,0 days 00:00:24.484050,0.16577496614958917,0.7104930456136511,16,0.24018580720643476,0.1907291940933088,0.0926446920188522,0.051916017682427415,0.049460972675745576,0.09149447042671953,3.751326302565711e-05,25,72,0.023406604478234914,0.036860528560126726,False,True,False,3.8107369781426695e-06,COMPLETE
795,0.48889304399490363,2025-04-17 07:57:01.926856,2025-04-17 07:57:29.035639,0 days 00:00:27.108783,0.09136185719628971,0.7438860755076426,16,0.26277525708491745,0.24880324534056739,0.08727990431686387,0.01612561249519235,0.019660477004256865,0.0971587168518597,2.2762336439295768e-05,23,94,0.02034618221009787,0.07737287086003274,False,False,False,9.22682324621346e-06,COMPLETE
796,0.5456785321235658,2025-04-17 07:57:29.296930,2025-04-17 07:57:56.355319,0 days 00:00:27.058389,0.1391337971817348,0.6551250920084334,16,0.2689724047628279,0.20125365380064208,0.058444959007706465,0.011194773439390925,0.023694912702762905,0.09302958309830607,2.91944449161087e-05,24,61,0.024254473403294414,0.05034790271466,False,False,False,2.6591056590302674e-06,COMPLETE
797,0.5463764905929566,2025-04-17 07:57:56.605414,2025-04-17 07:58:24.284097,0 days 00:00:27.678683,0.2230684598478871,0.8102818616029576,16,0.2557683380373007,0.266707816434452,0.0898065104104634,0.0033172480062284336,0.015029829600164345,0.03179244258755488,1.8509280405366385e-05,26,69,0.028361010182558283,0.06071032514031699,False,False,False,2.0339024814511926e-06,COMPLETE
798,0.504768466949463,2025-04-17 07:58:24.545482,2025-04-17 07:59:05.065880,0 days 00:00:40.520398,0.1876562963375504,0.6894758689925667,8,0.23294232484421212,0.20437351918689947,0.099958621358252,0.01352392126694868,0.027424127345923394,0.04459295356357812,1.3039126913603502e-05,29,65,0.022242711451532605,0.06729184408938231,False,False,False,5.119349973763291e-06,COMPLETE
799,0.5005954027175904,2025-04-17 07:59:05.330498,2025-04-17 07:59:31.215693,0 days 00:00:25.885195,0.4883071863817677,0.632858540223145,16,0.24032131091895534,0.17747953506490444,0.09579732829334506,0.007447519775938292,0.02154820388382983,0.09547576386369912,3.0913644407737214e-05,21,73,0.025638131074103846,0.08324753368803532,False,False,False,6.812489681419437e-06,COMPLETE
800,0.47927551269531254,2025-04-17 07:59:31.463642,2025-04-17 07:59:59.360516,0 days 00:00:27.896874,0.10764322138456175,0.7212289604940522,16,0.24663993272913665,0.2708313324284284,0.07800046079137914,0.00497932154689552,0.01879727586831658,0.03865465040103159,4.186609772350837e-05,25,87,0.020365822138131574,0.042558113887736074,False,False,False,1.1893345248211331e-05,COMPLETE
801,0.4758522629737854,2025-04-17 07:59:59.621706,2025-04-17 08:00:25.758771,0 days 00:00:26.137065,0.43137966366509384,0.7794099246605998,16,0.2610401224170928,0.2520076232176709,0.09330803854253832,0.01917390607189337,0.016308367237348964,0.09800259041775806,5.8697440799948846e-05,22,63,0.031164532355359143,0.05747766941947764,False,False,False,4.059903747048925e-06,COMPLETE
802,0.4603441238403321,2025-04-17 08:00:26.020756,2025-04-17 08:02:03.466926,0 days 00:01:37.446170,0.2550897428920325,0.7560459437503687,2,0.20576444572509628,0.1975279304634753,0.09786213673169455,0.009091555051880399,0.07611113168973696,0.08188285357736771,2.4034802928225776e-05,24,58,0.04388524399010869,0.0727856851247916,False,False,False,3.287437353082644e-06,COMPLETE
803,0.542966365814209,2025-04-17 08:02:03.717602,2025-04-17 08:02:30.478214,0 days 00:00:26.760612,0.12284562209642177,0.7041596680560201,16,0.22444258167478207,0.19158042894117366,0.08534664753081903,0.01140780280291627,0.014562445696151635,0.0281788433291112,1.606730835768893e-05,23,70,0.02657627099323677,0.049994877844474,False,False,False,1.7160938241548656e-06,COMPLETE
804,0.46988344192504883,2025-04-17 08:02:30.740337,2025-04-17 08:02:56.081014,0 days 00:00:25.340677,0.16254093704221037,0.6129254591305839,16,0.25184747926804824,0.028173183438867516,0.08219834684993653,0.006833501133846835,0.024840269875509094,0.09032214217565623,3.545728987757624e-05,20,67,0.02227874742720281,0.0656589516345466,False,False,False,4.73127473273785e-06,COMPLETE
805,0.5195979237556457,2025-04-17 08:02:56.331310,2025-04-17 08:03:23.579735,0 days 00:00:27.248425,0.08376170847493472,0.6696324945505032,16,0.2706508698656816,0.20456027699725646,0.07457607653861636,0.05816417102789507,0.022155286982772377,0.07801852749983892,2.0358225963972282e-05,24,73,0.033314476527527025,0.07810014889853766,False,False,False,7.272662966155547e-06,COMPLETE
806,0.49226453304290774,2025-04-17 08:03:23.840221,2025-04-17 08:03:51.824130,0 days 00:00:27.983909,0.20854805099502613,0.7366660467614665,16,0.26581179114650455,0.17329945518882733,0.09182503090779887,0.014453821667879405,0.01746533916581805,0.09373143863029626,2.744621133012179e-05,27,53,0.02428266497113458,0.10578142310625574,False,False,False,2.6019427336986975e-06,COMPLETE
807,0.5130107522010803,2025-04-17 08:03:52.087779,2025-04-17 08:04:19.282303,0 days 00:00:27.194524,0.29438329455842405,0.7170271884953121,16,0.17091302944189704,0.23729801464147715,0.09500956929347824,0.00973527255376238,0.042680080768533926,0.09680488475885442,2.3385412890221772e-05,25,65,0.019848465850906,0.03133473257297311,False,False,False,5.669980450790724e-06,COMPLETE
808,0.10088668018579483,2025-04-17 08:04:19.531844,2025-04-17 08:04:42.963334,0 days 00:00:23.431490,0.04539960315972158,0.6906491125409621,16,0.2369571439540837,0.18818526957311232,0.08864102853605271,0.01709857724728108,0.019550169197083092,0.034544837059007884,4.839354979726072e-05,22,61,0.02898332179295311,0.060633980354535044,False,False,True,3.6356904389725336e-06,COMPLETE
809,0.5160754442214965,2025-04-17 08:04:43.226121,2025-04-17 08:05:13.037992,0 days 00:00:29.811871,0.1496819036609772,0.6826333668371498,16,0.2568244881306454,0.16056519933265292,0.0966893645521031,0.026268264533658877,0.014945387827129815,0.09872458795922108,3.269610012910333e-05,30,84,0.022236551158194118,0.09044951977946028,False,False,False,9.33809325393777e-06,COMPLETE
810,0.5439423084259034,2025-04-17 08:05:13.304451,2025-04-17 08:05:41.117293,0 days 00:00:27.812842,0.17982214169463528,0.6564632377402838,16,0.24833908541214855,0.25623264651906114,0.09070633521604539,0.012347386706134663,0.02104349770193976,0.04045787106366182,1.921800334378428e-05,26,70,0.02510393246384664,0.05392855971247697,False,False,False,4.376462936570662e-06,COMPLETE
811,0.10209424644708634,2025-04-17 08:05:41.369813,2025-04-17 08:06:06.311987,0 days 00:00:24.942174,0.12710496098357899,0.7383539899578156,16,0.2417322520321494,0.19963755120562574,0.047755812088376676,0.0032282051247899575,0.026073583241281346,0.0919611133447663,2.6950410945932598e-05,24,59,0.027436647190370835,0.06893398000167476,True,True,False,3.0807688631209762e-06,COMPLETE
812,0.4876092195510865,2025-04-17 08:06:06.575798,2025-04-17 08:06:33.337808,0 days 00:00:26.762010,0.19610638726819674,0.7633383441500418,16,0.27751936509385977,0.20726366626517498,0.09432228745378539,0.005371921525567707,0.071332862642566,0.09485185605791714,4.112762258288457e-05,23,68,0.020243671571095134,0.04611580324752864,False,False,False,2.1548810406435957e-06,COMPLETE
813,0.399850344657898,2025-04-17 08:06:33.605253,2025-04-17 08:06:59.541943,0 days 00:00:25.936690,0.2408990940466481,0.47273913733503,16,0.2615952196033403,0.1830412558573562,0.08121902026215778,0.021986567729271735,0.016449031094742453,0.09992308356750405,1.4276613898912013e-05,21,73,0.02268114535630706,0.08256852278650208,False,False,False,5.805598923110473e-06,COMPLETE
814,0.32209841012954715,2025-04-17 08:06:59.794507,2025-04-17 08:07:26.964948,0 days 00:00:27.170441,0.16842973529197733,0.6999763485642361,16,0.19206315757137415,0.24628722972324682,0.08578297632641209,0.008283048568685987,0.014221786707159739,0.04309555331322301,7.140594925658889e-05,25,24,0.024458136060595728,0.0409796608929704,False,False,False,1.5249900013641577e-06,COMPLETE
815,0.494292962551117,2025-04-17 08:07:27.229817,2025-04-17 08:07:53.715232,0 days 00:00:26.485415,0.10120093658764946,0.713767127081525,16,0.2315775149951056,0.19608414136079177,0.09239817013003705,0.010686990682498964,0.01863897505768479,0.08374666473557352,2.2273179128408272e-05,22,63,0.01972768648687119,0.0593488683527779,False,False,False,6.873249482310885e-06,COMPLETE
816,0.5174474000930787,2025-04-17 08:07:53.983416,2025-04-17 08:08:22.478100,0 days 00:00:28.494684,0.07250772054958307,0.6418902366173118,16,0.2182493840723506,0.2624787985468856,0.09791480069040646,0.006506607733661459,0.023034596635254315,0.09749354526498834,3.3989927265080064e-05,28,68,0.027191879673003922,0.0746289052751605,False,False,False,3.0461587282283117e-06,COMPLETE
817,0.3367239415645599,2025-04-17 08:08:22.734523,2025-04-17 08:08:49.393325,0 days 00:00:26.658802,0.15172086167491874,0.6705024846046407,16,0.2543130608403543,0.2071669574580773,0.09997590681581274,0.013836413751956388,0.013534578656324812,0.0958385144002557,1.7018443255183977e-05,23,66,0.010804520752658288,0.09525813935110033,False,False,False,4.474720660193869e-06,COMPLETE
818,0.5439608097076416,2025-04-17 08:08:49.658063,2025-04-17 08:09:17.784588,0 days 00:00:28.126525,0.13138618298196905,0.7346600284028266,16,0.24640516433000842,0.09611483799419832,0.08366030765708493,0.0010099050480994365,0.019936684212097357,0.08995573182115353,2.7461618824530976e-05,24,124,0.023399231778737595,0.06596193166179874,False,False,False,8.097853487296388e-06,COMPLETE
819,0.48973276615142824,2025-04-17 08:09:18.050495,2025-04-17 08:09:51.450502,0 days 00:00:33.400007,0.21201242837592477,0.6918713653093184,8,0.2665865920526698,0.2985322963808828,0.08797405707975568,0.00860293349522931,0.028301450824365727,0.036639364748726456,4.00950561762417e-05,20,71,0.029510857222291697,0.05147341106817701,False,False,False,5.4066355639325405e-06,COMPLETE
820,0.43046760559082037,2025-04-17 08:09:51.706557,2025-04-17 08:10:19.260595,0 days 00:00:27.554038,0.18944922338573011,0.7838998789245859,16,0.23828417217725503,0.20083973554345802,0.043108845873393045,0.0937441843866871,0.01623082449290271,0.07871235270928983,1.1335642769769579e-05,25,75,0.03617733852076676,0.14562829430972307,False,False,False,2.4329252355437674e-06,COMPLETE
821,0.49690405130386356,2025-04-17 08:10:19.529781,2025-04-17 08:10:45.281771,0 days 00:00:25.751990,0.11285258067572201,0.7506534216323368,16,0.2727513536402506,0.23385095521238286,0.07931581287173922,0.034338092048937,0.02470256889968216,0.09360221944227304,2.041286231567793e-05,21,63,0.02079191914409539,0.05707985167247018,False,False,False,3.2614910284840426e-07,COMPLETE
822,0.5160802960395814,2025-04-17 08:10:45.549059,2025-04-17 08:11:13.674765,0 days 00:00:28.125706,0.16193946458486758,0.7133017792311924,16,0.25859911376807837,0.19458480432526468,0.09604156617897708,0.011840394836963494,0.05274697040676473,0.04783374050067729,5.681051837097247e-05,26,82,0.02163709703260153,0.08564263592507874,False,False,False,1.25125059350009e-05,COMPLETE
823,0.45632485151290897,2025-04-17 08:11:13.948385,2025-04-17 08:12:51.479742,0 days 00:01:37.531357,0.23027834007098044,0.6688347978401528,2,0.22610318657399855,0.25834969504612554,0.09002872994768882,0.00674193589987071,0.099510827261384,0.09607075258482023,3.323917414125762e-05,24,70,0.047006439044820686,0.07790234189047876,False,False,False,3.848929973086141e-06,COMPLETE
824,0.41878769397735593,2025-04-17 08:12:51.739102,2025-04-17 08:13:17.707330,0 days 00:00:25.968228,0.6866850321850784,0.625125253850358,16,0.2511655948049587,0.21004759237677753,0.09357785692265484,0.0042920885489442576,0.017816777794501186,0.030271214132134985,2.3842912238879037e-05,22,59,0.09979208470115777,0.13360521432564543,False,False,False,1.8956014458610956e-06,COMPLETE
825,0.5048084378242493,2025-04-17 08:13:17.977210,2025-04-17 08:13:45.866180,0 days 00:00:27.888970,0.14324992773360123,0.6974352650566426,16,0.24310543129416215,0.1859102623703509,0.09585744053386946,0.03242167338063172,0.032513153057056585,0.09218550812232504,4.866816323862912e-05,27,55,0.02624932027586214,0.0714541079986927,False,False,False,3.3312609294242536e-06,COMPLETE
826,0.09833352714776994,2025-04-17 08:13:46.137905,2025-04-17 08:14:09.943346,0 days 00:00:23.805441,0.17169512076712448,0.5014015753587998,16,0.23135029046829234,0.20149703789545104,0.09781194747290493,0.009720374569289578,0.09559072518413336,0.09834149379313624,2.93369170937447e-05,23,66,0.019213037429808493,0.04651170959547679,False,False,True,5.0663392554608764e-06,COMPLETE
827,0.4935239911079407,2025-04-17 08:14:10.202103,2025-04-17 08:14:37.730525,0 days 00:00:27.528422,0.035174523100398175,0.7272587743067975,16,0.2631501026424482,0.19108601492162777,0.08489740928169555,0.01570756691498617,0.022294281022635472,0.0828091360974613,1.8579204367559367e-05,25,90,0.024287623943815305,0.06340202633741764,False,False,False,1.0462018937706821e-05,COMPLETE
828,0.4943423628807068,2025-04-17 08:14:38.001480,2025-04-17 08:15:05.769013,0 days 00:00:27.767533,0.2692550857727617,0.7635068943764067,16,0.2561393975838244,0.2511150267456781,0.08722133209491625,0.06694584245697026,0.012945694165276054,0.054293581755275,1.535028117995626e-05,26,74,0.022597806333805634,0.038987385866277605,False,False,False,5.569193602908172e-07,COMPLETE
829,0.48842945098876955,2025-04-17 08:15:06.043884,2025-04-17 08:15:32.486627,0 days 00:00:26.442743,0.19633112992632878,0.5750538582957654,16,0.24872592637605836,0.2429512390703728,0.09400909007505003,0.012369391405811656,0.020267992426482973,0.08817777251035742,3.9994531066536365e-05,23,62,0.02581336656202672,0.055986006611196265,False,False,False,6.667470163491091e-06,COMPLETE
830,0.4674741864204407,2025-04-17 08:15:32.755693,2025-04-17 08:15:57.572283,0 days 00:00:24.816590,0.08055111113157962,0.6836348810694511,16,0.06370074149008845,0.20570642652208548,0.08195309700954836,0.043989897206088535,0.010397907088958545,0.03788897263906783,0.0001632781679291363,19,69,0.03073021352663012,0.051196978075841094,False,False,False,2.8038268598643144e-06,COMPLETE
831,0.14525628089904785,2025-04-17 08:15:57.841584,2025-04-17 08:16:23.378355,0 days 00:00:25.536771,0.12257597878410614,0.648922389764794,16,0.23575965738828866,0.272099233460554,0.09080112404968381,0.036748882456781616,0.015574404826744577,0.07664435615019873,2.521188489877691e-05,24,65,0.008628246894865993,0.06960781120183279,True,True,False,4.479640977784983e-06,COMPLETE
832,0.5012265920639039,2025-04-17 08:16:23.650667,2025-04-17 08:16:49.561724,0 days 00:00:25.911057,0.09752550517127731,0.7110363591923755,16,0.2695383204867587,0.19916660880483342,0.09214865161014969,0.01789961350991163,0.017775559446310076,0.09995523821306891,3.244763401114211e-05,21,72,0.027925824865083798,0.0635853627481333,False,False,False,8.2628732542993e-06,COMPLETE
833,0.5029958724975586,2025-04-17 08:16:49.819104,2025-04-17 08:17:15.747328,0 days 00:00:25.928224,0.1805014535984324,0.7428976619883404,16,0.2783492977733495,0.21466702364031692,0.03075568235859187,0.00803772882807233,0.02593341856021165,0.045637678718413684,2.1686958818800796e-05,22,68,0.01939038932677751,0.07805465988143034,False,False,False,3.6968757980404376e-06,COMPLETE
834,0.46536566019058234,2025-04-17 08:17:16.019707,2025-04-17 08:17:43.518315,0 days 00:00:27.498608,0.14565621538910262,0.7220121422017194,16,0.24499266807625356,0.21001872276606284,0.098563025875761,0.005277907188812386,0.0297158091581611,0.09429503514127943,1.7281522757744477e-05,25,77,0.023578451277781305,0.044857274081943614,False,False,False,2.3545852405278185e-06,COMPLETE
835,0.5049099683761598,2025-04-17 08:17:43.792354,2025-04-17 08:18:10.580436,0 days 00:00:26.788082,0.21217439977869373,0.8084031635256955,16,0.25383951736770133,0.2662896068567829,0.09635406866203292,0.0029118173784885284,0.022583288544105563,0.0812970682883281,2.7104175725712617e-05,24,57,0.02063228930103593,0.1262860537319487,False,False,False,6.3811103881664e-06,COMPLETE
836,0.49871435165405276,2025-04-17 08:18:10.838802,2025-04-17 08:18:35.873938,0 days 00:00:25.035136,0.0651790322242358,0.6873075362297534,16,0.2637069016000749,0.2547827004447932,0.08881285373423342,0.047296363571707786,0.013906596460333027,0.09114134747104592,1.2816203506898782e-05,20,61,0.02561707966306615,0.025858173019999608,False,False,False,3.0575931584100204e-06,COMPLETE
837,0.4603651285171509,2025-04-17 08:18:36.145734,2025-04-17 08:19:02.840888,0 days 00:00:26.695154,0.16504644742607472,0.6661828876096775,16,0.2590861902269117,0.1933407673463809,0.09443891048572955,0.0413956486593705,0.008027847127305305,0.09648631266590964,0.00021908690086364037,23,64,0.02235252493353009,0.10100249514864343,False,False,False,4.465357633422891e-06,COMPLETE
838,0.5493357300758361,2025-04-17 08:19:03.118458,2025-04-17 08:19:30.884020,0 days 00:00:27.765562,0.1300539330199335,0.6015716195094508,16,0.22680975262293357,0.18115409157796306,0.08318698876741949,0.010677188929605778,0.020252010646899535,0.09836878784003678,3.73316192165076e-05,25,70,0.018527327847666166,0.08701931900736085,False,False,False,5.720665906999873e-06,COMPLETE
839,0.5236165881156921,2025-04-17 08:19:31.145570,2025-04-17 08:19:59.137381,0 days 00:00:27.991811,0.10882763078940644,0.5438821638374778,16,0.21436408716641067,0.1746435235668375,0.08302778858040222,0.008947038994097998,0.01858031252190139,0.09863934856142403,5.776179722371597e-05,26,75,0.01809529427849914,0.09481672374440447,False,False,False,8.692883658129428e-06,COMPLETE
840,0.3190501093864441,2025-04-17 08:19:59.410262,2025-04-17 08:20:26.930974,0 days 00:00:27.520712,0.12196539324449299,0.5858331155208178,16,0.2233491117481432,0.17613577029390065,0.07954735084100036,0.006718068922490498,0.05939311443045034,0.09804727695942028,4.819852161709464e-05,25,71,0.012024799566582044,0.03452555522770543,False,False,False,6.423010333562326e-06,COMPLETE
