number,value,datetime_start,datetime_complete,duration,params_alpha-eval,params_alpha-train,params_batch-size,params_eps-eval,params_eps-train,params_lambda-actions-eval,params_lambda-actions-train,params_lambda-frames-eval,params_lambda-frames-train,params_learning-rate,params_n-epochs,params_n-frames,params_radius-gw,params_rho,params_std-feats,params_ub-actions,params_ub-frames,params_weight-decay,state
1971,0.4521335005760193,2025-04-10 19:42:54.684700,2025-04-10 19:44:00.874879,0 days 00:01:06.190179,0.4282216759199294,0.5106768859161225,2,0.006437053031887018,0.0337317353663147,0.06844279649937406,0.07378968694250525,0.06169213781892771,0.02843077471584863,0.00406119141344315,14,140,0.0026178867495370937,0.09962300759824161,False,False,False,1.0022121371130069e-08,COMPLETE
1972,0.4087579846382141,2025-04-10 19:44:01.538814,2025-04-10 19:45:10.253804,0 days 00:01:08.714990,0.4374728096211811,0.5115212015377621,2,0.011477625098353164,0.04459589867431106,0.07161442258020709,0.07233551914754721,0.05647919524545971,0.02878195490029966,0.0027828408053376754,15,143,0.0010679270882554387,0.0988786973098175,False,False,False,2.3420177389507238e-08,COMPLETE
1973,0.4261893749237061,2025-04-10 19:45:10.890736,2025-04-10 19:46:17.450415,0 days 00:01:06.559679,0.435892643247303,0.4857099818798615,2,0.019940872528851548,0.03982284259345805,0.06901809203634755,0.0757893967601565,0.0609540969172319,0.03266857282841185,0.0031749605472582883,14,139,0.00263943837908737,0.11169591556600718,False,False,False,1.4527624100911467e-08,COMPLETE
1974,0.4878650546073914,2025-04-10 19:46:18.109608,2025-04-10 19:47:27.008151,0 days 00:01:08.898543,0.4198488893014467,0.46624051469198535,2,0.006043325229480069,0.03365141742968833,0.07172193562253795,0.07030949002486916,0.05930178636203097,0.0300283664782783,0.002276450054641588,15,145,0.002952895946219584,0.10641997573078868,False,False,False,1.004508331512221e-08,COMPLETE
1975,0.374930739402771,2025-04-10 19:47:27.640700,2025-04-10 19:48:36.368695,0 days 00:01:08.727995,0.44279978377819834,0.5201136826656445,2,0.013956598585372034,0.04761297712604853,0.07380301801509784,0.07246349268926573,0.057855945000348845,0.028312618304006942,0.004871125165960978,15,142,0.001033882010105608,0.09705615716074886,False,False,False,2.1325260083357635e-08,COMPLETE
1976,0.37149939537048343,2025-04-10 19:48:37.022733,2025-04-10 19:49:43.258042,0 days 00:01:06.235309,0.45363126891427935,0.7657589099194069,2,0.021852102807882377,0.03194955933365871,0.06853246154537936,0.06755520046707714,0.05625064502957073,0.030416866712274563,0.0025855674360724854,14,138,0.0032183083739944587,0.09670761264086125,False,False,False,1.762351822268589e-08,COMPLETE
1977,0.45692842006683354,2025-04-10 19:49:43.924743,2025-04-10 19:50:50.548059,0 days 00:01:06.623316,0.4549684798236339,0.5008911559702206,2,0.01042828706204603,0.03863480378845509,0.07028231217670895,0.0756505565109398,0.0628751974495909,0.03855529205455078,0.0037202517713021384,14,147,0.003914293347007811,0.09748384146434699,True,False,False,1.3279808532466421e-08,COMPLETE
1978,0.4556297302246094,2025-04-10 19:50:51.181796,2025-04-10 19:51:14.987600,0 days 00:00:23.805804,0.41066472058699344,0.524236564384808,16,0.01694240078278268,0.03116145773635306,0.0682700365548401,0.07682458353512052,0.05988479882450039,0.027516859530993146,0.00222907123526174,15,141,0.0010207026160273362,0.0935658638791118,False,False,False,2.6260717604983156e-08,COMPLETE
1979,0.4752829670906067,2025-04-10 19:51:15.646704,2025-04-10 19:52:13.896521,0 days 00:00:58.249817,0.43034286996788546,0.47387766943861337,2,0.011178997490529589,0.04185553087117209,0.07148803667387917,0.07710766368084529,0.056407888556774755,0.02753794510699147,0.002958436024554662,14,138,0.0028680416548773876,0.10209934643797135,False,True,False,1.812898259054271e-08,COMPLETE
1980,0.09427145123481752,2025-04-10 19:52:14.533593,2025-04-10 19:53:19.845124,0 days 00:01:05.311531,0.4584031560015156,0.5085711813003425,2,0.00027421154251968706,0.054759228376953684,0.06770867495300234,0.07331642495137794,0.06165805232496769,0.02978961450829535,0.0020691462138599046,14,145,0.0028339022070390436,0.10502646781224775,False,False,False,1.1876928366236047e-08,COMPLETE
1981,0.09725214391946793,2025-04-10 19:53:20.502186,2025-04-10 19:54:29.471315,0 days 00:01:08.969129,0.44295849324929365,0.5369279261838651,2,0.000638428907576984,0.03473231256610461,0.07442813890437047,0.07096993100760042,0.05920451934042794,0.02647789840743716,0.002569251854111575,15,142,0.0011564515299161203,0.09324148514369672,False,False,False,2.1539718970644276e-08,COMPLETE
1982,0.3817417144775391,2025-04-10 19:54:30.128368,2025-04-10 19:55:44.169086,0 days 00:01:14.040718,0.4628117713184844,0.4982534795526674,2,0.026721165690612086,0.04769847529507217,0.06989261258420794,0.0748588224888812,0.06387389505736657,0.026990258598334198,0.003238867544820011,16,137,0.0011233014913779212,0.09839906175582881,False,False,False,1.496848327748413e-08,COMPLETE
1983,0.35875681042671204,2025-04-10 19:55:44.802566,2025-04-10 19:56:48.907707,0 days 00:01:04.105141,0.4229769707648245,0.5256917416749548,2,0.01950057818075962,0.09543986436788414,0.07244188638150295,0.07731012867368005,0.05745809524387749,0.03387456942283535,0.002072574975316474,13,140,0.003963503304034792,0.11752002300820316,False,False,False,2.6712841271722265e-08,COMPLETE
1984,0.48079856634140017,2025-04-10 19:56:49.554706,2025-04-10 19:57:55.574413,0 days 00:01:06.019707,0.4573201370467893,0.4863293253784137,2,0.006143091868403501,0.028653756943496384,0.06749102924246016,0.07410577426549707,0.06088264091524051,0.030158182713609368,0.0026769474443149857,14,144,0.004243708235823639,0.09355338574927285,False,False,False,1.0015001865850308e-08,COMPLETE
1985,0.4493180513381958,2025-04-10 19:57:56.234519,2025-04-10 19:59:02.519836,0 days 00:01:06.285317,0.46029248343074075,0.5215081002555958,2,0.014160593013996397,0.036643521489695595,0.07018550474923094,0.07245383838549949,0.05908655217057725,0.02707793012283402,0.004663206915587757,14,148,0.003736054474879297,0.12326029308665591,False,False,False,1.573211340852475e-08,COMPLETE
1986,0.47339155673980715,2025-04-10 19:59:03.153751,2025-04-10 20:00:15.694570,0 days 00:01:12.540819,0.39944610332905345,0.4705798326968669,2,0.008452097220586957,0.03053124722509615,0.06785953451670232,0.07792784686649323,0.05628720938576645,0.032478642985466016,0.003587617031453154,16,137,0.0028184082945603506,0.0901508929047199,False,False,False,2.026551425568591e-08,COMPLETE
1987,0.3543043375015259,2025-04-10 20:00:16.353086,2025-04-10 20:01:25.319898,0 days 00:01:08.966812,0.4326804546516646,0.8051104725326077,2,0.022324387118933982,0.04173987086520201,0.07338230231923633,0.07592000482650889,0.06144604603876096,0.029209750060498845,0.00217291027826637,15,140,0.0010017171775733849,0.10190105232492477,False,False,False,1.2038999058841006e-08,COMPLETE
1988,0.3481410324573517,2025-04-10 20:01:25.976759,2025-04-10 20:02:21.025811,0 days 00:00:55.049052,0.43500513056384016,0.5393947254828313,2,0.016168163929746945,0.03634920529019628,0.06950448105374303,0.06919026735705215,0.06422850126310191,0.026611610972561477,0.0028892461911531036,13,143,0.0010357365621367547,0.10924264209344994,False,False,True,1.687539267579127e-08,COMPLETE
1989,0.37449101209640506,2025-04-10 20:02:21.666612,2025-04-10 20:03:31.658183,0 days 00:01:09.991571,0.45610337116428756,0.8000838109548838,2,0.006091815690838902,0.02725684306619025,0.07153720133564173,0.07469735730034524,0.05651681183152896,0.02608303211511179,0.0019869923244147268,15,137,0.004014027307758567,0.09213711913781139,False,False,False,2.0989037926175953e-08,COMPLETE
1990,0.538628113269806,2025-04-10 20:03:32.317148,2025-04-10 20:04:38.555521,0 days 00:01:06.238373,0.4062913087184996,0.5082886554132194,2,0.02306015781052336,0.03135273536554715,0.06714669477832412,0.07704783247885562,0.05884036606745296,0.035713496437546344,0.00247529558723081,14,147,0.004323501453660752,0.08813352124558702,False,False,False,1.4009888923616197e-08,COMPLETE
1991,0.3717040002346039,2025-04-10 20:04:39.215985,2025-04-10 20:05:42.046113,0 days 00:01:02.830128,0.4601302463309126,0.5341757646645048,2,0.012391355294725948,0.046104285350990676,0.074743214680053,0.07259543124673976,0.06208572564715367,0.0290199432261007,0.004026090197215085,13,145,0.0028173455018214587,0.09745996901858876,False,False,False,2.7754764285725495e-08,COMPLETE
1992,0.4576297402381897,2025-04-10 20:05:42.691721,2025-04-10 20:06:51.595220,0 days 00:01:08.903499,0.44163405081309043,0.4955285248474657,2,0.00459338945562271,0.03779645146395909,0.06901962041843283,0.07819042271825792,0.05801863702398051,0.027733864163940178,0.003108784597653635,15,140,0.004836806703574003,0.0839081058012279,False,False,False,1.2448736532473974e-08,COMPLETE
1993,0.4695878863334656,2025-04-10 20:06:52.256510,2025-04-10 20:07:58.559231,0 days 00:01:06.302721,0.4651238030541906,0.5163621830611346,2,0.026391549067821755,0.02267809282760041,0.0715528500310774,0.07141127401511811,0.05597444672321761,0.0260213510359269,0.0023600014380325504,14,137,0.0010622570823211489,0.09209958147666611,False,False,False,1.767085085228702e-08,COMPLETE
1994,0.09427145123481752,2025-04-10 20:07:59.199526,2025-04-10 20:09:00.856353,0 days 00:01:01.656827,0.4201693545146606,0.5369245917877603,2,0.00021653542098113918,0.029563666343161054,0.06711838496282292,0.06728672549786335,0.05978609440131856,0.03104174293539129,0.0019125947184591987,13,143,0.004623508690072824,0.10525135529956016,False,False,False,2.4611470601277033e-08,COMPLETE
1995,0.410138863325119,2025-04-10 20:09:01.512149,2025-04-10 20:10:09.261339,0 days 00:01:07.749190,0.46069578594639604,0.49108861764784567,2,0.018064559582399227,0.04004393662126667,0.06994937547970219,0.07395196730055234,0.06273253304689629,0.029197919146556273,0.0034224859965286914,14,136,0.002972301982762781,0.08791010554000436,True,False,False,1.4601796420623532e-08,COMPLETE
1996,0.5301882863044739,2025-04-10 20:10:09.922552,2025-04-10 20:10:34.301349,0 days 00:00:24.378797,0.42419735201630665,0.5411354433335758,16,0.011037565306194411,0.03400872908593933,0.0729248875345784,0.07681742260697506,0.06643792322131535,0.03179768902302069,0.002684531307634591,16,141,0.001053807081216784,0.09765524411729164,False,False,False,2.1289988493871692e-08,COMPLETE
1997,0.47466928958892823,2025-04-10 20:10:34.941915,2025-04-10 20:11:44.564473,0 days 00:01:09.622558,0.44088921803728154,0.5168008478385785,2,0.02913746205275613,0.025056730282473565,0.07580722402683228,0.0750623883401798,0.060186721268809924,0.025789912264173584,0.0020376665725704863,15,147,0.0010329530911896323,0.08590071033445947,False,False,False,1.2197481346531568e-08,COMPLETE
1998,0.37463759779930117,2025-04-10 20:11:45.220411,2025-04-10 20:12:51.433296,0 days 00:01:06.212885,0.4657456478863848,0.4718371582820671,2,0.0002785958133268516,0.0524864004380802,0.0683222971684986,0.0789302683329682,0.05794667562311892,0.03406623946294251,0.0028785033535878948,17,139,0.005291067770764031,0.08036488799371697,False,True,False,1.7830947355378588e-08,COMPLETE
1999,0.4035078883171082,2025-04-10 20:12:52.098752,2025-04-10 20:14:43.008911,0 days 00:01:50.910159,0.4478161222391496,0.5096434193277878,2,0.01755004730514184,0.04439599661748368,0.06673446698709555,0.0687559411170758,0.05585036125241596,0.03682479244556614,0.002368206549113469,28,135,0.002804492505815305,0.09421527307350647,False,False,False,1.4705131723343995e-08,COMPLETE
