number,value,datetime_start,datetime_complete,duration,params_alpha-eval,params_alpha-train,params_batch-size,params_eps-eval,params_eps-train,params_lambda-actions-eval,params_lambda-actions-train,params_lambda-frames-eval,params_lambda-frames-train,params_learning-rate,params_n-epochs,params_n-frames,params_radius-gw,params_rho,params_std-feats,params_ub-actions,params_ub-frames,params_weight-decay,state
1569,0.5034528255462647,2025-04-17 14:12:42.094010,2025-04-17 14:13:05.558417,0 days 00:00:23.464407,0.09623788338580078,0.7039766356158906,16,0.20892024572166856,0.2365355343020415,0.06742058287269628,0.0913862810885271,0.030258352855398213,0.09413630209544781,5.531763544205644e-05,16,57,0.026974998264666452,0.09992978363093036,False,False,False,1.4088925236797891e-08,COMPLETE
1570,0.515264105796814,2025-04-17 14:13:06.069774,2025-04-17 14:13:29.922424,0 days 00:00:23.852650,0.06609605241910382,0.7082441355555289,16,0.19652442176474627,0.23081041602345204,0.06673887304821127,0.08151599581779669,0.031838596240568603,0.09179798795277977,8.131403523039354e-05,17,60,0.030270253292239604,0.09477990728929232,False,False,False,1.0557167604687193e-08,COMPLETE
1571,0.09735241681337356,2025-04-17 14:13:30.453983,2025-04-17 14:13:51.788657,0 days 00:00:21.334674,0.100637337538705,0.7152410300832533,16,0.2011056915677233,0.2262027609423405,0.0693360750248823,0.09151783861736988,0.028404659634286858,0.09447266270849114,4.732039988243479e-05,17,58,0.025489156998848232,0.0877285863499842,False,False,True,1.1713083918666372e-08,COMPLETE
1572,0.5112530946731568,2025-04-17 14:13:52.293927,2025-04-17 14:14:16.733351,0 days 00:00:24.439424,0.08528417967363025,0.7269221888380412,16,0.1930347435959271,0.2342270494110136,0.06589409076492228,0.0884815386968901,0.026865349557028115,0.09324759320881422,7.121067359586995e-05,17,52,0.02840072920181909,0.08455815293925407,False,False,False,1.0436715690080763e-08,COMPLETE
1573,0.49601013660430915,2025-04-17 14:14:17.239189,2025-04-17 14:14:49.185723,0 days 00:00:31.946534,0.11801959966448393,0.7975704983379446,8,0.203018183184259,0.22525249158264968,0.07021877455750422,0.09430273709824509,0.03079774807628917,0.09488457273826832,5.413291834350595e-05,18,84,0.02527901541827172,0.09411045254168593,False,False,False,1.0317681716380995e-08,COMPLETE
1574,0.3794440686702728,2025-04-17 14:14:49.716433,2025-04-17 14:15:14.699859,0 days 00:00:24.983426,0.06453321308048386,0.70204137336482,16,0.20335626961194686,0.2308534572212068,0.06764823981286552,0.08700101871616664,0.026665947165510438,0.09127802178735597,6.199919093712797e-05,17,63,0.027280423506109465,0.10116033521225054,True,False,False,1.3259842092813015e-08,COMPLETE
1575,0.15497906506061554,2025-04-17 14:15:15.210907,2025-04-17 14:15:36.272292,0 days 00:00:21.061385,0.08345897441644365,0.7350523292039138,16,0.20024524170626198,0.226178134007462,0.07161830073561454,0.08920969635695966,0.024963470124671528,0.09476195477321457,4.686163068680653e-05,16,60,0.031457020911909106,0.08915389335051989,False,True,False,1.349745764230313e-08,COMPLETE
1576,0.5086471557617188,2025-04-17 14:15:36.781419,2025-04-17 14:16:00.283643,0 days 00:00:23.502224,0.1252259168034845,0.7056852713200966,16,0.19716330502705906,0.23338739109909515,0.06360576478355971,0.08420717175416198,0.029117768816770095,0.09085313568478377,0.00010026593641999096,16,55,0.024781096215336154,0.08189420602750874,False,False,False,1.0214002698497736e-08,COMPLETE
1577,0.4082619726657868,2025-04-17 14:16:00.812620,2025-04-17 14:16:24.420423,0 days 00:00:23.607803,0.9235046457450422,0.7416274582576801,16,0.20869168291276644,0.23751407496101604,0.06602321614762822,0.08948617485653472,0.027799105762547065,0.0933276048024786,6.963467224446276e-05,16,63,0.09453706503465767,0.09013260879132227,False,False,False,1.5430745986548736e-08,COMPLETE
1578,0.4539756536483765,2025-04-17 14:16:24.929016,2025-04-17 14:17:36.324213,0 days 00:01:11.395197,0.57097192182981,0.8177137886675082,2,0.21233958448613394,0.2682270064900852,0.06973432997776774,0.08462154371945514,0.03284430777520206,0.0924231364235779,4.641672687901983e-05,16,58,0.029804028472034866,0.09726029524187105,False,False,False,1.7009518956323663e-08,COMPLETE
1579,0.4470380067825318,2025-04-17 14:17:36.828638,2025-04-17 14:18:00.980985,0 days 00:00:24.152347,0.09913492992093431,0.7244660277816151,16,0.1933180037760437,0.24071270661572036,0.06803070772629999,0.09122045824491816,0.02455761858402814,0.09528662045066284,0.0065376793783046465,17,67,0.026874653181955335,0.081447713287356,False,False,False,1.287735456126993e-08,COMPLETE
1580,0.4356677770614624,2025-04-17 14:18:01.511300,2025-04-17 14:18:25.789296,0 days 00:00:24.277996,0.051589120880248335,0.7758923405563156,16,0.20409231048440907,0.22921492910513677,0.06419823707913755,0.09059873680826463,0.02627062540979014,0.09526964382068416,0.0006216721100418531,17,63,0.07113718107019351,0.1051947796462754,False,False,False,1.7802204360328856e-08,COMPLETE
1581,0.4521186709403992,2025-04-17 14:18:26.299006,2025-04-17 14:18:50.707502,0 days 00:00:24.408496,0.07843218146665829,0.7528974398184214,16,0.19024413253945138,0.2502661023473554,0.07270397593203796,0.08562197797962584,0.02751784908249,0.09006382063092468,0.06865919422073646,18,61,0.024332288321065976,0.08768884903312119,False,False,False,1.6072975784757854e-08,COMPLETE
1582,0.49213763475418093,2025-04-17 14:18:51.214601,2025-04-17 14:19:15.113260,0 days 00:00:23.898659,0.12599025096304844,0.7028593137363098,16,0.19778692694656153,0.26095962905880404,0.07040946608295344,0.08777134210903882,0.03051995021921732,0.04861102262953106,5.63157091362464e-05,16,57,0.028764272418935474,0.08068302637806309,False,False,False,1.0122705977752782e-08,COMPLETE
1583,0.5591885447502136,2025-04-17 14:19:15.641165,2025-04-17 14:19:39.648582,0 days 00:00:24.007417,0.10383714270923372,0.4947586409746243,16,0.2079157215497002,0.27485994095318456,0.06520651270829961,0.09683119873627692,0.023312907918213322,0.09333844546594842,4.174326017735208e-05,17,66,0.025702621337925943,0.09360623803744678,False,False,False,1.2319451791287976e-08,COMPLETE
1584,0.54709632396698,2025-04-17 14:19:40.155453,2025-04-17 14:20:04.548729,0 days 00:00:24.393276,0.059918176770751994,0.5078327089578137,16,0.20455397737694983,0.290222172090874,0.06528611480481136,0.0935251655693535,0.02317617990389343,0.09284666290727112,4.435614066447256e-05,18,65,0.026633195275199705,0.10058950837398475,False,False,False,1.2529049345846568e-08,COMPLETE
1585,0.5266646623611451,2025-04-17 14:20:05.053192,2025-04-17 14:20:29.076029,0 days 00:00:24.022837,0.1007371378250971,0.5181837886707232,16,0.21250850245013214,0.28464233369103487,0.0651326051717652,0.09817561244828218,0.024620263737563788,0.09226168726364396,5.1359976953313e-05,17,61,0.027575485747758217,0.11464448928110951,False,False,False,1.1849491168024037e-08,COMPLETE
1586,0.5167999982833862,2025-04-17 14:20:29.607467,2025-04-17 14:20:53.843116,0 days 00:00:24.235649,0.06627050908877657,0.7888520682133573,16,0.20388452049961217,0.27850067458141065,0.06248436322153432,0.09142190554575234,0.022647141128949402,0.08972229363220889,3.871602908292e-05,18,65,0.029432963956384853,0.10591608408767247,False,False,False,1.952573335881151e-08,COMPLETE
1587,0.5176165580749512,2025-04-17 14:20:54.358239,2025-04-17 14:21:17.953105,0 days 00:00:23.594866,0.04903984254821436,0.5191125524010687,16,0.21295226331369657,0.2761118577959137,0.06654589334538542,0.09782487372030305,0.02572399413132723,0.020811143528568863,4.459834927906272e-05,16,62,0.025198322734467375,0.09533410575353611,False,False,False,1.4340371960996183e-08,COMPLETE
1588,0.5158386588096618,2025-04-17 14:21:18.487604,2025-04-17 14:21:42.063192,0 days 00:00:23.575588,0.08335582514998036,0.4881384688164858,16,0.20802197096720365,0.2706529852016064,0.062181940774479125,0.09727727884552387,0.02441551341004206,0.09190625338095952,5.71132573911031e-05,16,59,0.02621457278539267,0.09926111517377313,False,False,False,1.2648059220545185e-08,COMPLETE
1589,0.49449321031570437,2025-04-17 14:21:42.580340,2025-04-17 14:22:06.606317,0 days 00:00:24.025977,0.09497661273533933,0.40769480683253895,16,0.21112362809494115,0.2813076044483476,0.06537771464184769,0.08826070134018012,0.023357045765316824,0.09405252762981936,4.024282490231996e-05,17,66,0.03196175734740912,0.0931240574088735,False,False,False,1.5271646339593527e-08,COMPLETE
1590,0.5099875450134277,2025-04-17 14:22:07.120639,2025-04-17 14:22:31.571541,0 days 00:00:24.450902,0.0758700269566705,0.4924422450849904,16,0.19970249417242822,0.27277262069017,0.06281920187710563,0.08113512604043878,0.026109125454268484,0.09516671188565236,6.181568402902668e-05,17,63,0.02831702540920762,0.09359658696888502,False,False,False,1.3949436252139424e-08,COMPLETE
1591,0.5401095867156983,2025-04-17 14:22:32.107448,2025-04-17 14:22:56.080855,0 days 00:00:23.973407,0.10956896947207338,0.4953258441499381,16,0.20686680501248608,0.27552010486117046,0.06749646494229318,0.09809567596861689,0.02244531184418011,0.09063627752375698,4.9521972048741076e-05,17,60,0.02533707609574333,0.09941683138444066,False,False,False,1.1661838998641685e-08,COMPLETE
1592,0.10014435648918152,2025-04-17 14:22:56.594760,2025-04-17 14:23:18.066157,0 days 00:00:21.471397,0.06861556777675913,0.4922968565370001,16,0.2003656371775517,0.28736767845637784,0.06510533972149388,0.08346993960445893,0.02482225592451772,0.09351678351540511,7.123045702858927e-05,17,64,0.027748442631055893,0.1064685455933591,False,False,True,1.0321096118211024e-08,COMPLETE
1593,0.484282660484314,2025-04-17 14:23:18.577033,2025-04-17 14:23:42.694080,0 days 00:00:24.117047,0.046344598115500145,0.45845614060517903,16,0.21410618707257978,0.27401282839514074,0.06700496736389877,0.09195560639135932,0.02826972315788007,0.09164737033943515,3.843256518938082e-05,17,55,0.024222705863969834,0.08587931306099557,False,False,False,1.679630283407325e-08,COMPLETE
1594,0.09978894740343094,2025-04-17 14:23:43.228771,2025-04-17 14:24:04.951112,0 days 00:00:21.722341,0.12470146689572739,0.7652125170615487,16,0.20779504488154554,0.2839226376172302,0.06078654800505086,0.09306970290645039,0.02295845588774564,0.09574456276146628,5.3947055153035944e-05,16,58,0.030123898281925483,0.11180173480592297,True,True,False,1.3727565392120313e-08,COMPLETE
1595,0.33343350887298584,2025-04-17 14:24:05.470435,2025-04-17 14:24:29.836244,0 days 00:00:24.365809,0.09024699492953592,0.793558210592484,16,0.1955966727695375,0.2690416380190671,0.0685822096218782,0.09530407010224475,0.02723675214944517,0.023168295891371884,8.246917141039922e-05,18,21,0.026267777439860016,0.0895766992281006,False,False,False,1.9206845307002626e-08,COMPLETE
1596,0.5081920862197876,2025-04-17 14:24:30.350909,2025-04-17 14:25:01.321889,0 days 00:00:30.970980,0.1062841834177542,0.46552461773591786,8,0.18761750171511068,0.2663249241753742,0.06290155570497627,0.09358063428729782,0.025470345935799433,0.025913647432524035,4.5237189594317236e-05,17,66,0.02383147414760943,0.09449153258948337,False,False,False,1.6204464247423273e-08,COMPLETE
1597,0.5339209198951721,2025-04-17 14:25:01.857011,2025-04-17 14:25:25.829513,0 days 00:00:23.972502,0.0509520927403975,0.5077646225836413,16,0.2034427046438166,0.2627361115353759,0.06346036844645343,0.09357317056628979,0.029375485868943712,0.08852639046311188,6.117292527010002e-05,17,61,0.028367816586124077,0.08593236735658807,False,False,False,1.375540936449508e-08,COMPLETE
1598,0.501294231414795,2025-04-17 14:25:26.367228,2025-04-17 14:25:49.868711,0 days 00:00:23.501483,0.12107631961849258,0.7702373332689304,16,0.19395589161575183,0.27605856962663317,0.06603545048101152,0.08342265490130796,0.0225057649799097,0.09361161759107935,4.6837579317135576e-05,16,63,0.032729023111883145,0.09859882097870122,False,False,False,1.0536384959093863e-08,COMPLETE
1599,0.3301729798316956,2025-04-17 14:25:50.408820,2025-04-17 14:26:12.198120,0 days 00:00:21.789300,0.07380657833344724,0.42093210632895417,16,0.2160860301949315,0.2826732920336295,0.06874781062250043,0.09723831557278373,0.024617837626621144,0.09053030283424764,7.199513584358789e-05,11,57,0.09823120326241298,0.09087295711630973,False,False,False,2.0125025197981515e-08,COMPLETE
1600,0.49469363689422613,2025-04-17 14:26:12.717431,2025-04-17 14:26:55.901790,0 days 00:00:43.184359,0.10067171048398958,0.5193075660943667,2,0.19952067250191574,0.26672826949665673,0.06443272170277012,0.0959100325890926,0.02698485396312664,0.09528663918203012,5.415762152674253e-05,7,67,0.025992382704530425,0.10245319174550119,False,False,False,2.0110707846911388e-08,COMPLETE
1601,0.5295724034309387,2025-04-17 14:26:56.418261,2025-04-17 14:27:20.821216,0 days 00:00:24.402955,0.38065049237519666,0.47498525283780063,16,0.2167465808082108,0.2583161382188758,0.0613830001232738,0.08604932562829146,0.02214842417532678,0.09329394266438532,3.9492415930639506e-05,18,60,0.024393630321225605,0.08122500755541417,False,False,False,1.008391376117537e-08,COMPLETE
1602,0.3647577166557312,2025-04-17 14:27:21.361001,2025-04-17 14:27:45.661126,0 days 00:00:24.300125,0.0826149061808616,0.45836813322334,16,0.20689359463356133,0.27018599615858313,0.06709730313657301,0.09040560895341107,0.030221254531067776,0.09606875962071149,3.9050771536103716e-05,18,53,0.029719336274331803,0.08886924802587162,False,False,False,2.3676616331656605e-08,COMPLETE
1603,0.3305339515209198,2025-04-17 14:27:46.181035,2025-04-17 14:28:10.141391,0 days 00:00:23.960356,0.5175264174657846,0.4606651978772771,16,0.18398084193162165,0.29622339186306484,0.06885437037460214,0.0944018540106638,0.02522881031879613,0.09223372067049035,5.911899498761159e-05,17,64,0.02715939532335315,0.07951970654307108,False,False,False,1.4587527792255475e-08,COMPLETE
1604,0.49138371944427495,2025-04-17 14:28:10.660419,2025-04-17 14:28:33.812410,0 days 00:00:23.151991,0.05124090661694259,0.4866545727285623,16,0.19004924842714624,0.27750914964260404,0.06458251079814968,0.07891572399580443,0.03206595521442552,0.09425627775637618,8.999823316734057e-05,15,61,0.03592990041324379,0.0948837561635932,False,False,False,1.747603026083167e-08,COMPLETE
1605,0.49808005094528196,2025-04-17 14:28:34.350988,2025-04-17 14:28:58.657284,0 days 00:00:24.306296,0.12920874917525604,0.7475824368602079,16,0.20922648957628975,0.26082378939555123,0.061041979309749396,0.09915471304950292,0.028575378421264824,0.0915242417560511,4.8452957564071977e-05,18,57,0.023507725394138358,0.08876956774821866,False,False,False,1.2407027291375716e-08,COMPLETE
1606,0.5069781303405763,2025-04-17 14:28:59.187093,2025-04-17 14:29:22.416886,0 days 00:00:23.229793,0.06718447191095772,0.5054567935421118,16,0.19404169608118427,0.25405191145932693,0.06715072726812829,0.07229960578750223,0.022355863982973467,0.08894579799277012,7.292236962221457e-05,15,66,0.025830489314522528,0.08456814802877395,False,False,False,1.3182912085406987e-08,COMPLETE
1607,0.38412143588066106,2025-04-17 14:29:22.939652,2025-04-17 14:29:46.295110,0 days 00:00:23.355458,0.09993492423562225,0.4825454612299332,16,0.19906518805241274,0.2648329981185571,0.06432652466877381,0.09981248367809639,0.026678776784583323,0.09590495730510701,3.772963762935654e-05,16,50,0.031062980566247674,0.07671432501152606,False,False,False,2.5172234254183034e-08,COMPLETE
1608,0.49975779056549074,2025-04-17 14:29:46.836031,2025-04-17 14:30:10.637792,0 days 00:00:23.801761,0.04291301612763707,0.46488251384030144,16,0.17449427735518136,0.24459523967563365,0.07110256104133122,0.09551469030188157,0.02429600042270427,0.09379854579003216,4.6546089317882576e-05,17,63,0.08723986157301941,0.09360444076551001,False,False,False,2.2449182418602802e-08,COMPLETE
1609,0.09749354720115662,2025-04-17 14:30:11.156212,2025-04-17 14:30:32.748623,0 days 00:00:21.592411,0.12643413948527904,0.48050433848498164,16,0.21767798023915716,0.2566525621279339,0.066540997413509,0.07730506715825808,0.022246888675335738,0.0959317749085561,6.189884945541739e-05,16,86,0.028286072593066387,0.1093388930559546,False,False,True,1.593716452694625e-08,COMPLETE
1610,0.5111716866493226,2025-04-17 14:30:33.292963,2025-04-17 14:30:57.454758,0 days 00:00:24.161795,0.08934744145088172,0.49318838701228407,16,0.18622080502665728,0.2723591138842997,0.06944088362333842,0.08749446658233206,0.027321584622474228,0.09013838551323303,5.0829641960943636e-05,17,59,0.023362934413412435,0.10323814609969831,False,False,False,1.760091271354124e-08,COMPLETE
1611,0.5050532937049866,2025-04-17 14:30:57.976535,2025-04-17 14:31:21.721507,0 days 00:00:23.744972,0.11322032045503173,0.8091127250358642,16,0.18013393385083282,0.2398652565203473,0.062634624799388,0.06402700248562901,0.02444952406184119,0.09207115511402018,3.790036399742483e-05,16,62,0.025006384250708277,0.0837106148903268,False,False,False,2.0573007281388657e-08,COMPLETE
1612,0.5021791338920594,2025-04-17 14:31:22.241670,2025-04-17 14:31:45.339715,0 days 00:00:23.098045,0.06061594291327674,0.4315358342217258,16,0.20555708240127737,0.24930024784456542,0.059519897154093164,0.08004495852357502,0.03399773092645388,0.09414031845339868,8.114423313234463e-05,15,55,0.027450677833200265,0.07656626244106468,False,False,False,1.0403668329136011e-08,COMPLETE
1613,0.20917505025863647,2025-04-17 14:31:45.884691,2025-04-17 14:32:08.419139,0 days 00:00:22.534448,0.08341890909131316,0.7476176939833985,16,0.19615932286091717,0.2641789920745522,0.06513416760588668,0.09592461763227596,0.029131840864659288,0.024545997210883165,6.175046859420242e-05,18,44,0.022618820797199197,0.09042222996633362,True,True,False,1.1130627311117887e-07,COMPLETE
1614,0.5538083076477051,2025-04-17 14:32:08.945405,2025-04-17 14:32:33.669737,0 days 00:00:24.724332,0.13009252073379407,0.7776364164434024,16,0.21079691375916698,0.2593856276566334,0.06831444488621898,0.07544334030682011,0.02627466381210322,0.0948860396352594,4.444744800968016e-05,19,60,0.02580152694052278,0.09749881727755345,False,False,False,1.362783085915926e-08,COMPLETE
1615,0.4993387341499329,2025-04-17 14:32:34.185963,2025-04-17 14:32:58.844878,0 days 00:00:24.658915,0.12578173509057813,0.8006671453047471,16,0.2092284142152663,0.2801926545649233,0.06805313222451216,0.07518289302999122,0.031384493005506366,0.09007080696578378,3.923064508848248e-05,19,66,0.028542108318013626,0.10668639528952847,False,False,False,1.4216998219360447e-08,COMPLETE
1616,0.5046123147010804,2025-04-17 14:32:59.385975,2025-04-17 14:33:24.048535,0 days 00:00:24.662560,0.13348786563289614,0.847178953997019,16,0.201980868416173,0.2693748149927617,0.06852361014610593,0.0736169550515525,0.030095386075679544,0.09213674979439387,3.610102727292828e-05,18,59,0.025672209790390758,0.11546190763083093,False,False,False,1.2711922400088654e-08,COMPLETE
1617,0.49608619213104255,2025-04-17 14:33:24.568329,2025-04-17 14:33:49.178105,0 days 00:00:24.609776,0.12961027632000416,0.8334590369643962,16,0.20549020818265187,0.2616881686880148,0.07060954493484224,0.07698993346265137,0.027403991503069214,0.08797037490804671,4.452303735654448e-05,18,67,0.030740562269268943,0.10293549651241662,False,False,False,1.013868980691489e-08,COMPLETE
1618,0.5009786844253541,2025-04-17 14:33:49.721742,2025-04-17 14:34:14.803624,0 days 00:00:25.081882,0.1325579843564518,0.8074735368836305,16,0.2118542075097955,0.2724925479777029,0.06644699103344369,0.0793066615370235,0.028566852017194215,0.09253527223785318,3.7319006118159466e-05,19,63,0.05434611867473839,0.1021489838900895,False,False,False,1.2723119214243022e-08,COMPLETE
1619,0.49696475267410284,2025-04-17 14:34:15.328746,2025-04-17 14:34:48.054139,0 days 00:00:32.725393,0.13411749434159692,0.8029621160587475,8,0.20893913257497382,0.26512308257845146,0.06975515803947918,0.07509723686582195,0.03609254674702653,0.09423414860038061,4.679938111218067e-05,19,82,0.022985788988199776,0.10584186215989985,False,False,False,1.640490919837991e-08,COMPLETE
1620,0.5035892248153687,2025-04-17 14:34:48.574540,2025-04-17 14:35:12.993593,0 days 00:00:24.419053,0.11629640070242174,0.8256742138864707,16,0.20291944772504797,0.2573910455322257,0.0672925398348312,0.07763431125694009,0.026229235015421997,0.09024968261785371,4.412281570943359e-05,18,55,0.02661444644306425,0.09816855227880358,False,False,False,1.672524923029428e-08,COMPLETE
1621,0.5449006199836731,2025-04-17 14:35:13.541844,2025-04-17 14:35:38.250437,0 days 00:00:24.708593,0.11707928083585446,0.7717679560699394,16,0.20032033721320314,0.27738665554703623,0.07079617632583009,0.07081924298621527,0.0324322185676549,0.09358489228391312,3.613864699033188e-05,19,60,0.02438025780043,0.11492129664844847,False,False,False,1.370967571979549e-08,COMPLETE
1622,0.4988470673561096,2025-04-17 14:35:38.774398,2025-04-17 14:36:03.504255,0 days 00:00:24.729857,0.1361929698169375,0.7783962561853786,16,0.21541498752378432,0.23289026714574257,0.07203796429283667,0.07406875481083944,0.09708805152183583,0.09552709647736098,5.258749086694134e-05,19,57,0.0339620774206736,0.09850356548413113,False,False,False,1.953626343240822e-08,COMPLETE
1623,0.3336924612522125,2025-04-17 14:36:04.025365,2025-04-17 14:37:21.926699,0 days 00:01:17.901334,0.10759555238840285,0.7976546425013019,2,0.21207019507167893,0.2494127672437972,0.06531910322874968,0.07663704570903426,0.023830335970982774,0.09091540534313626,4.469686937401245e-05,18,64,0.007604925940811698,0.09701983291472875,False,False,False,1.5206150913419815e-08,COMPLETE
1624,0.5277914881706238,2025-04-17 14:37:22.472849,2025-04-17 14:37:46.998205,0 days 00:00:24.525356,0.10376872219810876,0.7883513780048359,16,0.19184570538930681,0.28884848402237084,0.06850271698787828,0.07596106073503096,0.0842647559816459,0.08847790582212056,5.656068962800759e-05,18,61,0.02930414432313109,0.10912919352755665,False,False,False,1.340008745628961e-08,COMPLETE
