number,value,datetime_start,datetime_complete,duration,params_alpha-eval,params_alpha-train,params_batch-size,params_eps-eval,params_eps-train,params_lambda-actions-eval,params_lambda-actions-train,params_lambda-frames-eval,params_lambda-frames-train,params_learning-rate,params_n-epochs,params_n-frames,params_radius-gw,params_rho,params_std-feats,params_ub-actions,params_ub-frames,params_weight-decay,state
794,0.5072921752929688,2025-04-10 00:39:12.094735,2025-04-10 00:39:54.802545,0 days 00:00:42.707810,0.4291287216658695,0.4265902760734909,2,0.2718522645075086,0.04542242504496427,0.040129429822338684,0.01654974030826023,0.08115400859352304,0.06006339994859181,0.016980138905822183,7,62,0.010286194547906875,0.08712199964977327,False,False,False,3.8648025827648115e-06,COMPLETE
795,0.48321021795272834,2025-04-10 00:39:55.061078,2025-04-10 00:40:40.952229,0 days 00:00:45.891151,0.402901082074894,0.08778084072348893,2,0.2648465775984816,0.03718416796091647,0.05641896469400875,0.013585417265710931,0.09547810695215972,0.06280778402983156,0.007808926976357979,8,47,0.006826083562236029,0.2845341239552478,False,False,False,8.22811398283213e-08,COMPLETE
796,0.507211184501648,2025-04-10 00:40:41.216679,2025-04-10 00:41:20.671969,0 days 00:00:39.455290,0.3431392248259104,0.49301495841536364,2,0.2252887359089256,0.02754079933828154,0.05310918986347238,0.03753338475471571,0.0900431373436635,0.04897076105321857,0.012471888940474294,6,40,0.002602634707082425,0.008573981818852388,False,False,False,5.920710613165072e-06,COMPLETE
797,0.41494748592376707,2025-04-10 00:41:20.921107,2025-04-10 00:42:04.013084,0 days 00:00:43.091977,0.44674836850521477,0.45104150876789256,2,0.23608512741548898,0.04111372569604924,0.060769800183305016,0.0043362209351702555,0.08443201475231903,0.05790433364800496,0.008752360533393334,7,66,0.0047077162596632725,0.03000049026237791,False,False,False,3.542662220920129e-07,COMPLETE
798,0.528935468196869,2025-04-10 00:42:04.276614,2025-04-10 00:42:56.801236,0 days 00:00:52.524622,0.516575124622197,0.46849789486547366,2,0.24267666873617874,0.03255499069598859,0.057962030126920444,0.008282314053731529,0.0876648688536906,0.05546464957551179,0.0068318233390689785,10,73,0.011163853346050055,0.021831952825390372,False,False,False,1.1796267171345255e-07,COMPLETE
799,0.2791885554790497,2025-04-10 00:42:57.063385,2025-04-10 00:43:43.440505,0 days 00:00:46.377120,0.9328907236086313,0.42859151420996544,2,0.28596973487763205,0.04984943124166448,0.06472507137633138,0.050919111424352806,0.08003079300408841,0.06522247951596795,0.010253081683581657,8,70,0.0010588658168692506,0.040421843704296204,False,False,False,2.6700054908145347e-07,COMPLETE
800,0.45290192365646365,2025-04-10 00:43:43.689950,2025-04-10 00:44:03.888336,0 days 00:00:20.198386,0.4124859049162426,0.4437644665660216,16,0.27352126787924746,0.044979622281145215,0.07217885168236372,0.018753935196393717,0.08211978078957029,0.06263288909907093,0.01487257863832889,9,49,0.007897001499985568,0.033260406245476555,False,False,False,5.348113491907715e-08,COMPLETE
801,0.09899346381425858,2025-04-10 00:44:04.150100,2025-04-10 00:44:41.945195,0 days 00:00:37.795095,0.3782396657444129,0.40740481322049943,2,0.26335183246924043,0.03557538774213286,0.05139125466689519,0.01744772515221764,0.08608649144729065,0.06086792499742629,0.013023406679184304,7,45,0.006089855864985408,0.015636378946444013,False,False,True,2.146268922672367e-07,COMPLETE
802,0.4779762148857117,2025-04-10 00:44:42.212036,2025-04-10 00:45:28.555586,0 days 00:00:46.343550,0.4365717365381179,0.5107466066969786,2,0.2794680718741936,0.025671467117125632,0.05414660907889962,0.0127118264376041,0.0919819261699141,0.06672895455797982,0.007883097345892758,8,79,0.008897245846783046,0.026875761324990304,False,False,False,9.451839972485246e-08,COMPLETE
803,0.5205062031745911,2025-04-10 00:45:28.808057,2025-04-10 00:47:02.603208,0 days 00:01:33.795151,0.488063467048532,0.4759678863541621,2,0.2590913885243242,0.017646557862810275,0.062080931224997284,0.007696232013765068,0.07714923323051073,0.0063982680849686835,0.010389207628504383,23,60,0.013387002129453653,0.03989028567694105,False,False,False,3.120224233323154e-07,COMPLETE
804,0.3884855568408966,2025-04-10 00:47:02.868975,2025-04-10 00:47:48.987934,0 days 00:00:46.118959,0.46354056279941563,0.4571498506231288,2,0.19678328637317422,0.0547602388854012,0.0771476509707781,0.05881074882057324,0.08891005032658537,0.05029346590420014,0.0013104684508078162,8,55,0.003428852759226401,0.06058917523351148,False,False,False,1.7001857030995912e-07,COMPLETE
805,0.3330123543739319,2025-04-10 00:47:49.235013,2025-04-10 00:49:41.278639,0 days 00:01:52.043626,0.3020415293694111,0.4001499505950032,2,0.2682803105479825,0.27565630688780784,0.0673719731404848,0.04226045026128315,0.08564446928679109,0.06266542715052219,0.02656590536762494,29,64,0.001020145218696777,0.03330260430036874,False,False,False,1.3262353436798331e-07,COMPLETE
806,0.48782455921173096,2025-04-10 00:49:41.540438,2025-04-10 00:50:54.235376,0 days 00:01:12.694938,0.39523117154182186,0.42716990727626664,2,0.24707964667363858,0.039565886313569484,0.041401519082378734,0.006021951977380703,0.08275110937029256,0.05655436679281327,0.01985996405343716,16,68,0.005052953681233503,0.003049873878267653,True,False,False,2.407004074233452e-07,COMPLETE
807,0.5194476246833801,2025-04-10 00:50:54.500076,2025-04-10 00:51:34.084578,0 days 00:00:39.584502,0.33961538566741223,0.49551398950643344,2,0.20837281915844524,0.028546255600319898,0.05935611655671847,0.010622467439154121,0.07929718728878787,0.05962114819199617,0.008599545096952268,6,40,0.011152443614653597,0.022385273136676515,False,False,False,2.239841746476253e-06,COMPLETE
808,0.4886059165000916,2025-04-10 00:51:34.342915,2025-04-10 00:52:24.163660,0 days 00:00:49.820745,0.438233869547689,0.12260669517190564,2,0.26251414301589343,0.04627404064398261,0.043408893769828254,0.019886333142914256,0.039439204406292255,0.046109768821453644,0.006043828717902252,9,72,0.0029723070910349664,0.04318251183524094,False,False,False,6.637558095056736e-08,COMPLETE
809,0.2918550491333008,2025-04-10 00:52:24.426482,2025-04-10 00:53:01.878768,0 days 00:00:37.452286,0.4186870381041018,0.440524358220369,2,0.27321392465207267,0.031094475380571033,0.03435145656328546,0.03279793288024163,0.057458804778420344,0.06484812479352964,0.011279613667731721,7,82,0.0073575562550320436,0.05105024693444575,False,True,False,3.957447974284739e-08,COMPLETE
810,0.5512877225875854,2025-04-10 00:53:02.142850,2025-04-10 00:53:22.060108,0 days 00:00:19.917258,0.4593027219862119,0.3829251490917789,16,0.28411181197339,0.03724490272563199,0.055802777404117904,0.09642556209098009,0.07631402007786829,0.0012169502534329756,0.013878070882828795,8,43,0.005669506661415487,0.012086212838557323,False,False,False,3.774572102936277e-07,COMPLETE
811,0.3310446500778198,2025-04-10 00:53:22.316316,2025-04-10 00:54:11.842797,0 days 00:00:49.526481,0.36160386898692287,0.4787822965237906,2,0.2558121431104818,0.042981557699860756,0.08125907372683,0.07641404282597024,0.02129856188911041,0.061576572851071834,0.007258474705377706,9,86,0.003147248882772527,0.03701196889552304,False,False,False,7.91859146592827e-07,COMPLETE
812,0.4382264316082001,2025-04-10 00:54:12.107028,2025-04-10 00:54:54.800801,0 days 00:00:42.693773,0.5270842273048318,0.4541548842361263,2,0.23963680869915427,0.05111528019325786,0.05200971731032506,0.015179365601265725,0.09454460085295811,0.05227630619767464,0.009421957434334641,7,57,0.008610730044184868,0.029819419529154286,False,False,False,2.1866172956147445e-07,COMPLETE
813,0.5208393096923829,2025-04-10 00:54:55.069356,2025-04-10 00:55:34.771010,0 days 00:00:39.701654,0.45299949946158463,0.065668828595469,2,0.21703775045056012,0.03437434195508739,0.037577866104759834,0.03591635296206368,0.08737001007305209,0.05772815895234802,0.017212981752748737,6,75,0.004673384161298395,0.01638921148207228,False,False,False,1.4504069827382304e-07,COMPLETE
814,0.332224726676941,2025-04-10 00:55:35.025491,2025-04-10 00:56:21.871197,0 days 00:00:46.845706,0.48065319696691283,0.4190229435336911,2,0.18689321893227473,0.2926931450976226,0.06410211912068339,0.0999296025846608,0.08477543811098315,0.06631109213207158,0.01192784482425709,8,66,0.012125539798527988,0.04788955393536036,False,False,False,9.813770509239845e-08,COMPLETE
815,0.46781617403030396,2025-04-10 00:56:22.137214,2025-04-10 00:57:14.731968,0 days 00:00:52.594754,0.4256183879638581,0.5222753398876584,2,0.2018672829005773,0.04010826074016434,0.059712767868312845,0.02852319759281309,0.09048734347131158,0.06367034085610045,0.009781041655052478,10,62,0.006555533092413501,0.1974912625038075,False,False,False,2.955294498847828e-07,COMPLETE
816,0.5082422494888306,2025-04-10 00:57:14.997002,2025-04-10 00:57:36.030076,0 days 00:00:21.033074,0.8166678947686358,0.4610054192304299,8,0.275532695614937,0.022903216349441292,0.04638085119428198,0.0035010549793520708,0.08109566961414737,0.05492279164986105,0.006569589284280714,5,49,0.002682568960443375,0.02536955915864083,False,False,False,7.238442271596503e-08,COMPLETE
817,0.38379945755004885,2025-04-10 00:57:36.288935,2025-04-10 00:58:25.612888,0 days 00:00:49.323953,0.40282253449144284,0.43984620832261284,2,0.29400484819823025,0.055712757467575556,0.0749102107705243,0.02090657199595906,0.07849242082017534,0.05936778834267084,0.008060477990201381,9,46,0.013859942883982835,0.035816542438337,False,False,False,4.118595320928837e-07,COMPLETE
818,0.08859864622354507,2025-04-10 00:58:25.877405,2025-04-10 00:59:06.384348,0 days 00:00:40.506943,0.3812290038365645,0.4059843162896589,2,0.2673627202938762,0.04698540768905375,0.057528781580110405,0.009513583893021914,0.0980582391032446,0.06176892364289856,0.014111560318622235,8,70,0.010042345333456468,0.04256474185259925,False,False,True,1.916142934885216e-07,COMPLETE
819,0.3394726395606995,2025-04-10 00:59:06.651266,2025-04-10 00:59:49.645318,0 days 00:00:42.994052,0.49566641082733104,0.4790850084149262,2,0.2464941929427577,0.1470933584546304,0.06130765702775878,0.09681288055674299,0.08325946788253516,0.06626674420285213,0.010982871434153283,7,42,0.0010228599030927348,0.1377721093152959,False,False,False,1.1800416029366341e-07,COMPLETE
820,0.512475347518921,2025-04-10 00:59:49.899141,2025-04-10 01:00:13.457013,0 days 00:00:23.557872,0.4427170186138086,0.41899504151717176,8,0.2634374693159807,0.03360696512648684,0.05408267254611783,0.030179493246041196,0.07310178317279173,0.06408429155249902,0.0005332391390817635,8,77,0.004147247672789291,0.029633944181729835,False,False,False,2.9949298735682017e-07,COMPLETE
821,0.5040180921554566,2025-04-10 01:00:13.732171,2025-04-10 01:01:03.426882,0 days 00:00:49.694711,0.4710066291022209,0.4409954682372379,2,0.25650035778493924,0.027878917830974147,0.06899531756033815,0.01719868251228985,0.08853972766471514,0.053630049236255764,0.009057521231263101,9,37,0.007777555961798946,0.02089481715449498,False,False,False,8.315473173077762e-08,COMPLETE
822,0.492330539226532,2025-04-10 01:01:03.694762,2025-04-10 01:01:46.281213,0 days 00:00:42.586451,0.35025988416324594,0.394985288533571,2,0.2815664030684401,0.0415169241997468,0.050168638683237,0.005340870037159249,0.0918217074970406,0.06131639382313757,0.007246810545826825,7,52,0.0048738129125077845,0.058058307763056746,False,False,False,0.0009458403189427047,COMPLETE
823,0.4707338690757752,2025-04-10 01:01:46.553333,2025-04-10 01:02:05.539933,0 days 00:00:18.986600,0.4020170551334508,0.10031683563517496,16,0.23143971934599233,0.036829297585560195,0.04435816092609087,0.011442175953395162,0.07580995793617729,0.06741664156587418,0.015202243095349623,6,59,0.0065658002191607626,0.04041274857840323,False,False,False,1.565986013557131e-07,COMPLETE
824,0.2967495799064636,2025-04-10 01:02:05.798840,2025-04-10 01:02:52.209027,0 days 00:00:46.410187,0.41840701110897677,0.495541425415442,2,0.2688494335068488,0.04935813390069957,0.06359262142885785,0.00805784676968192,0.08556416567336589,0.05841340626953891,0.012493927500204964,8,122,0.002668726015038672,0.05021988172492429,False,False,False,2.6707208281386713e-05,COMPLETE
825,0.5546708583831788,2025-04-10 01:02:52.481074,2025-04-10 01:03:15.069312,0 days 00:00:22.588238,0.36646654952831376,0.46191861824863123,8,0.2233050565781507,0.030555965421860162,0.04081305733852938,0.02191548442590896,0.08140759426298842,0.06470737856189848,0.006055311165220551,7,68,0.009980215151775225,0.033986388508981565,False,False,False,2.3425355532419813e-07,COMPLETE
826,0.4870142221450806,2025-04-10 01:03:15.342050,2025-04-10 01:04:08.644324,0 days 00:00:53.302274,0.32834678625039687,0.42643094130082104,2,0.25041416901830965,0.043647412903634615,0.05267960830782449,0.013767027432455042,0.08725188927000418,0.051174169117415305,0.010225562444456342,10,64,0.014704204965369196,0.01703206441056482,True,False,False,5.5117190190493234e-08,COMPLETE
827,0.2710437655448914,2025-04-10 01:04:08.902017,2025-04-10 01:04:45.645714,0 days 00:00:36.743697,0.5229950199138526,0.45984080915086845,2,0.25967605102195707,0.05812507766236599,0.06676618866316128,0.019323942557843726,0.09306236086685343,0.060106102580046505,0.00835614032421051,5,74,0.008182981254675953,0.009326226398083545,False,False,False,1.2387361548903082e-06,COMPLETE
828,0.21466034650802612,2025-04-10 01:04:45.913870,2025-04-10 01:05:26.557989,0 days 00:00:40.644119,0.44928450008673937,0.4859622996854941,2,0.27740993166467526,0.02214770463073419,0.06172267944153411,0.01591983558339868,0.07895753556216517,0.0569229267904481,0.017853889364740565,8,45,0.004441797848949196,0.024586623895931078,False,True,False,3.671358313305768e-07,COMPLETE
829,0.5090290546417237,2025-04-10 01:05:26.833692,2025-04-10 01:05:49.492822,0 days 00:00:22.659130,0.42755483575266395,0.4405773737519234,8,0.19626759336590957,0.015783921312098867,0.05789945375658666,0.07935703879391676,0.08356923342179724,0.0627816669933215,0.011356280295480733,7,72,0.0026420116531538198,0.04558044766214861,False,False,False,3.4110326329885953e-06,COMPLETE
830,0.5058407664299012,2025-04-10 01:05:49.749771,2025-04-10 01:07:13.453898,0 days 00:01:23.704127,0.48185998263009044,0.3853844949342319,2,0.28782855732820706,0.038606717043202024,0.05535018917680214,0.0999967129507148,0.08951424497720889,0.06755494161270549,0.004806001463392595,20,54,0.012361187407273572,0.03748201886921664,False,False,False,1.0907246245554826e-07,COMPLETE
831,0.509580111503601,2025-04-10 01:07:13.726028,2025-04-10 01:08:34.383447,0 days 00:01:20.657419,0.49869604561337866,0.41387006412184213,2,0.23716194776316787,0.033773660232652374,0.04716572386211143,0.09701855394372005,0.0770789741746176,0.065487262589659,0.007362092112070451,19,40,0.005555024202357155,0.03040196256048799,False,False,False,1.8635962681593853e-07,COMPLETE
832,0.09427145123481752,2025-04-10 01:08:34.659229,2025-04-10 01:09:23.758704,0 days 00:00:49.099475,0.10211165307315123,0.46966585893426754,2,0.27219515864065064,0.0022476185432179704,0.0510691648254172,0.026568840456488482,0.0961445199137311,0.04890144933504112,5.165590730599908e-05,9,67,0.002883905618568081,0.052743138257707795,False,False,False,4.869395867844435e-07,COMPLETE
833,0.35693438053131105,2025-04-10 01:09:24.018429,2025-04-10 01:09:45.979199,0 days 00:00:21.960770,0.46387498765719776,0.44503320647001826,8,0.266280009607883,0.0468786058973274,0.04956197346251154,0.03199931517584669,0.0807443933341343,0.06029547602706773,0.013422380002956995,6,80,0.006717829480772999,0.041947303791608354,False,False,False,2.5383117104084457e-07,COMPLETE
834,0.4683771252632142,2025-04-10 01:09:46.252321,2025-04-10 01:10:06.198922,0 days 00:00:19.946601,0.393642322712774,0.5172010777685899,16,0.2503513876595298,0.025850238066573626,0.06536999307152114,0.03874694727082728,0.08512226998794428,0.0634141676245118,0.009713691023269142,8,61,0.010750899917417737,0.020141996389224506,False,False,False,1.4464500297953165e-07,COMPLETE
835,0.4281319379806519,2025-04-10 01:10:06.474373,2025-04-10 01:10:56.058807,0 days 00:00:49.584434,0.6210522188451078,0.42614556718587693,2,0.2597758713509441,0.05232504770231393,0.039144727771395334,0.09534152794360384,0.09036949636691403,0.05764502632495053,0.008561566434971135,9,49,0.008522891047646301,0.03419199962903078,False,False,False,3.106151291855663e-07,COMPLETE
836,0.10588405281305313,2025-04-10 01:10:56.318332,2025-04-10 01:11:36.291109,0 days 00:00:39.972777,0.43646160647245114,0.4879548747613561,2,0.24293334745803202,0.03855116033360375,0.060491486483741856,0.08834060546021555,0.07417845775458876,0.062421067033569894,0.005739451231554557,8,43,0.09860533495919765,0.02448851883097745,False,False,True,7.599000591306628e-08,COMPLETE
837,0.3891842007637024,2025-04-10 01:11:36.563656,2025-04-10 01:13:17.599428,0 days 00:01:41.035772,0.3161908764637777,0.46072222524298945,2,0.20507523199829153,0.04323991471914903,0.04396856020088926,0.0975638365234883,0.08290750497448787,0.054609439266465234,0.01232801897022483,25,57,0.004903285091585474,0.0056322033542652705,False,False,False,9.700123859072872e-08,COMPLETE
838,0.3047375500202179,2025-04-10 01:13:17.876009,2025-04-10 01:13:40.611067,0 days 00:00:22.735058,0.37802307230251503,0.13104817984261471,8,0.21317579829451233,0.11488896916062977,0.0588438146065204,0.0066182705893114676,0.07159381649581852,0.06846433160739474,0.010420270870299612,7,70,0.0011251228225487853,0.047518482775663694,False,False,False,2.066661130146816e-07,COMPLETE
839,0.5037179708480835,2025-04-10 01:13:40.873067,2025-04-10 01:14:27.237042,0 days 00:00:46.363975,0.4564826724392456,0.39905285807515145,2,0.17164645285392274,0.03132845309703435,0.0796533543893495,0.009873204637110295,0.08771486725647877,0.06042027264572519,0.015456056675039248,8,65,0.004017962112196878,0.030859367580758742,False,False,False,1.2952104266871642e-07,COMPLETE
840,0.2769069314002991,2025-04-10 01:14:27.508484,2025-04-10 01:15:04.521776,0 days 00:00:37.013292,0.4918665375097553,0.4349411759274322,2,0.2700924586497097,0.05978284789867314,0.07140763572612337,0.01195946427434028,0.05369537862724058,0.06604362879272502,0.0009441324646566142,5,114,0.006641294931922487,0.01337643818081613,False,False,False,2.6537405090067377e-07,COMPLETE
841,0.5228256583213806,2025-04-10 01:15:04.799319,2025-04-10 01:15:44.885526,0 days 00:00:40.086207,0.4178173640607344,0.4754036441477605,2,0.27622173219358126,0.0359727150902341,0.05526676537127546,0.034365145630729815,0.07806541489382895,0.058179257163572466,0.006453063650720466,6,77,0.002793396963310729,0.039098742673412186,False,False,False,1.6355424797683863e-07,COMPLETE
842,0.5464443325996399,2025-04-10 01:15:45.164893,2025-04-10 01:16:28.001724,0 days 00:00:42.836831,0.6096334835530618,0.08136574416783551,2,0.25505847117041053,0.04830466796493478,0.03614031856974515,0.020375094659766578,0.08195095533424299,0.05176683918828217,0.008157098870803185,7,84,0.00947270705304797,0.06351376233670791,False,False,False,4.089698230506767e-07,COMPLETE
843,0.46372230052948005,2025-04-10 01:16:28.262946,2025-04-10 01:16:52.359759,0 days 00:00:24.096813,0.5159945514134132,0.5043624374850767,8,0.28297509757411965,0.04206440766481142,0.04603680479361756,0.07460097079530369,0.08609202782703974,0.05615432343853635,0.00955636403521291,9,63,0.02571825150045031,0.026889366694257504,False,False,False,6.941629465709603e-06,COMPLETE
844,0.45006251335144043,2025-04-10 01:16:52.635908,2025-04-10 01:17:39.064136,0 days 00:00:46.428228,0.43929664062670487,0.4139707469575695,2,0.2625209121452029,0.029233466518669017,0.06274811611900007,0.018665920800783414,0.09331425733235492,0.0644245976797594,0.019869928874956963,8,73,0.012834685513677929,0.05396640687531538,False,False,False,1.8024284654052868e-05,COMPLETE
845,0.33665578365325927,2025-04-10 01:17:39.342666,2025-04-10 01:18:22.565864,0 days 00:00:43.223198,0.5380821580372974,0.38356695229770466,2,0.18533701847457829,0.20049049766211255,0.051819838596014925,0.022943296392694573,0.08382286027048708,0.061312340617256135,0.01266527128978642,7,47,0.005788026771825169,0.03649337285151481,False,False,False,6.470891006342756e-07,COMPLETE
846,0.4626317381858826,2025-04-10 01:18:22.828824,2025-04-10 01:18:44.212512,0 days 00:00:21.383688,0.3979988706305245,0.44954532628409555,16,0.2921657055992818,0.019817562472689423,0.04828036640578902,0.09819699614678737,0.07580513943324213,0.06744240233566538,0.0015701291368639585,9,88,0.00307059286402223,0.04326553553811362,True,False,False,4.803618312899926e-08,COMPLETE
847,0.121949802339077,2025-04-10 01:18:44.485504,2025-04-10 01:20:20.332169,0 days 00:01:35.846665,0.34202290248953315,0.4687534826044343,2,0.2292812977698535,0.053705194761331024,0.04170371346664571,0.025775516351999365,0.08026170521495844,0.05373379666783979,0.007243026787549854,28,39,0.015429269745378383,0.01970610355625348,False,True,False,2.15377217822956e-07,COMPLETE
848,0.6006020784378052,2025-04-10 01:20:20.611291,2025-04-10 01:20:46.110431,0 days 00:00:25.499140,0.4684328509536614,0.42851988961925414,8,0.24736497531182183,0.03514823579178248,0.05678393903660549,0.09487978164039136,0.04403210024045559,0.059059719683542906,0.010831608314766199,10,69,0.008165358937914879,0.033479682331945516,False,False,False,8.817998091935787e-08,COMPLETE
849,0.4791676282882691,2025-04-10 01:20:46.376323,2025-04-10 01:21:11.528092,0 days 00:00:25.151769,0.4810174310362743,0.4059139301944547,8,0.2424862100874035,0.026200679538145484,0.057597254583801556,0.008246884767485876,0.04161368480900858,0.057648689992745014,0.015946674082790217,10,69,0.01055529227067261,0.02716629912652981,False,False,False,5.947665411093798e-08,COMPLETE
850,0.3580168664455414,2025-04-10 01:21:11.804423,2025-04-10 01:21:37.159243,0 days 00:00:25.354820,0.5074100342124122,0.7817887276641569,8,0.2346941893942178,0.04273021466215432,0.06077730302562691,0.02904591315852405,0.042775764630715495,0.05549509986258613,0.011338199514909945,10,75,0.008498934584230807,0.031311445001773845,False,False,False,6.834667215160285e-08,COMPLETE
