number,value,datetime_start,datetime_complete,duration,params_alpha-eval,params_alpha-train,params_batch-size,params_eps-eval,params_eps-train,params_lambda-actions-eval,params_lambda-actions-train,params_lambda-frames-eval,params_lambda-frames-train,params_learning-rate,params_n-epochs,params_n-frames,params_radius-gw,params_rho,params_std-feats,params_ub-actions,params_ub-frames,params_weight-decay,state
1579,0.42808263897895815,2025-04-10 12:14:29.693600,2025-04-10 12:15:39.804471,0 days 00:01:10.110871,0.565359226679464,0.4914559880526282,2,0.08417485173173735,0.021583650533693734,0.06298982333505398,0.08553136798840663,0.05443398021528179,0.014720417635761724,0.0029801010859230198,15,143,0.005467318357114489,0.08904034268395664,False,False,False,1.6124609734445038e-08,COMPLETE
1580,0.4874551415443421,2025-04-10 12:15:40.326408,2025-04-10 12:16:44.055433,0 days 00:01:03.729025,0.555840882670483,0.5651270924300863,2,0.04666248097662254,0.03745371385158061,0.06483580022826971,0.07956415940799018,0.05915222478198536,0.03246087754770898,0.0019447395949160101,16,138,0.003092026076313253,0.08336240740113465,False,True,False,1.9883507827562406e-08,COMPLETE
1581,0.533013391494751,2025-04-10 12:16:44.562088,2025-04-10 12:17:54.415512,0 days 00:01:09.853424,0.5912697778930252,0.5338465109756738,2,0.06764840070803287,0.028279289557056747,0.07289899791146992,0.08356972947249322,0.06097686895943366,0.022826891800337146,0.002433313837058459,15,145,0.005478774140427432,0.09578429605014689,False,False,False,2.5332252295478886e-08,COMPLETE
1582,0.36682446002960206,2025-04-10 12:17:54.930021,2025-04-10 12:19:09.237562,0 days 00:01:14.307541,0.5523982981434012,0.5415355306844599,2,0.007479711143140222,0.0333524354488241,0.06722776278546114,0.08903578038701894,0.05442817194548955,0.014877668078105406,0.003226275513903799,17,141,0.0775371358020398,0.082637981009285,False,False,False,1.608234683716036e-08,COMPLETE
1583,0.498608946800232,2025-04-10 12:19:09.762515,2025-04-10 12:20:16.491110,0 days 00:01:06.728595,0.5731096110023014,0.5627988185926193,2,0.03857816510304124,0.022074397405950998,0.06941368856343007,0.08403624669601999,0.057337405464001706,0.03019556627663885,0.0018825870194034463,14,136,0.0029730909521493566,0.09943872701143966,False,False,False,2.0109228461869995e-08,COMPLETE
1584,0.39634119272232055,2025-04-10 12:20:16.997215,2025-04-10 12:21:23.466609,0 days 00:01:06.469394,0.6036505506593647,0.4932457034089786,2,0.05090580398431215,0.04381048750900349,0.06364232400955556,0.08116732598550973,0.06180217496505672,0.018659446066797026,0.002413875980204914,14,137,0.0010073748995922398,0.10517593651738821,False,False,False,1.322921372837709e-08,COMPLETE
1585,0.3566331028938293,2025-04-10 12:21:23.971948,2025-04-10 12:22:30.845892,0 days 00:01:06.873944,0.5485111979479596,0.5205056306378206,2,0.06312703350910881,0.11171504758453149,0.07097870154756886,0.08862399393923265,0.05649766736452708,0.01571214790672322,0.0018328085796951842,14,142,0.0051301395228322616,0.09109812766312839,False,False,False,1.5923557739018835e-08,COMPLETE
1586,0.38994330763816837,2025-04-10 12:22:31.372452,2025-04-10 12:23:41.156367,0 days 00:01:09.783915,0.5849462155377544,0.5456150408201437,2,0.05963790531411124,0.013753082632540926,0.06570470645294073,0.08863537034113404,0.053672728536147817,0.02717033636679792,0.0028595256581945895,15,147,0.004003808967839746,0.08193259424552517,False,False,False,2.3092971929972198e-08,COMPLETE
1587,0.5354791045188904,2025-04-10 12:23:41.666555,2025-04-10 12:24:47.599008,0 days 00:01:05.932453,0.5707923109810139,0.5585368286438438,2,0.08195318609783632,0.027547498944076838,0.06798740339334222,0.07811629435683175,0.05932460294088765,0.014313484140502214,0.002176546971836387,14,137,0.0027915311105458462,0.11222338769837772,False,False,False,1.981884780916644e-08,COMPLETE
1588,0.40441788434982306,2025-04-10 12:24:48.128255,2025-04-10 12:25:54.668576,0 days 00:01:06.540321,0.5531994417608289,0.5361267433067749,2,0.041926433654110785,0.03635415303757486,0.06355532586916252,0.08620703045136259,0.0583513718107075,0.017918926986127817,0.001788466171849572,14,139,0.005946233043215166,0.11879352254550425,False,False,False,1.242585709011702e-08,COMPLETE
1589,0.5035988926887512,2025-04-10 12:25:55.182553,2025-04-10 12:27:04.566446,0 days 00:01:09.383893,0.5513961053435469,0.511540576361538,2,0.030048151988662182,0.030983476997184928,0.07265444167093209,0.08216719508580611,0.05392731200544008,0.013906055539517136,0.0033666230319744487,15,145,0.002880667131170932,0.09159144107804656,False,False,False,2.4440670367977203e-08,COMPLETE
1590,0.5028399467468262,2025-04-10 12:27:05.076760,2025-04-10 12:28:00.813676,0 days 00:00:55.736916,0.6054705282530674,0.569463785187978,2,0.020237610067685496,0.02027617238392064,0.06947749689794418,0.08931886153199484,0.052952768408007056,0.016550596379356325,0.0025987535893697822,13,141,0.005071824394913745,0.08237540781216837,False,False,True,1.6423583857499483e-08,COMPLETE
1591,0.4591841578483582,2025-04-10 12:28:01.342005,2025-04-10 12:29:14.186774,0 days 00:01:12.844769,0.5748454983002418,0.49105638088416764,2,0.07704934477547301,0.03914074063262868,0.06572822998797881,0.08536434688172084,0.05572857272073604,0.023504854001465222,0.0017553499235064339,16,150,0.002987020758386212,0.09528852846117604,False,False,False,2.6730963630682135e-08,COMPLETE
1592,0.5246428728103638,2025-04-10 12:29:14.703305,2025-04-10 12:30:25.053944,0 days 00:01:10.350639,0.6251224272201086,0.5388193313386958,2,0.052734970852008664,0.02582703546160167,0.0673866526049512,0.08388243165958399,0.06428191147394123,0.014208165928632057,0.0021778262602389093,15,138,0.0059212344752840205,0.08861854084565748,False,False,False,1.691282769372108e-08,COMPLETE
1593,0.6003451108932496,2025-04-10 12:30:25.560244,2025-04-10 12:31:29.064491,0 days 00:01:03.504247,0.5753297147619222,0.5632896840153178,2,0.036304738261138746,0.031416941697217406,0.06248032005586446,0.07994274765520694,0.06001167920188663,0.019681929882134526,0.003058889775832517,13,144,0.0043847884029261765,0.07970237777215408,False,False,False,2.7328255530131455e-08,COMPLETE
1594,0.33848665356636054,2025-04-10 12:31:29.596220,2025-04-10 12:32:35.457888,0 days 00:01:05.861668,0.5499030740861098,0.5137997875305416,2,0.04440330693843038,0.2015298443753219,0.0639321349944295,0.08946097787637385,0.056996128441512445,0.02843108159043604,0.002389546981450009,14,136,0.001062689328012394,0.10470274204708094,False,False,False,1.2313847358136869e-08,COMPLETE
1595,0.35313576459884644,2025-04-10 12:32:35.968664,2025-04-10 12:33:39.116317,0 days 00:01:03.147653,0.5974962069170415,0.6869251854428787,2,0.009085794116798954,0.19246941969531256,0.07306444400281377,0.08763131571064352,0.061634180762661334,0.01577533206856204,0.0017436399211781313,13,147,0.0010271375502401865,0.08184296672853499,False,False,False,2.099639928469619e-08,COMPLETE
1596,0.09427145123481752,2025-04-10 12:33:39.620531,2025-04-10 12:34:47.969370,0 days 00:01:08.348839,0.552254439117058,0.5475016362684888,2,0.09003741619663498,0.017901146030091027,0.07020576330063068,0.08714913375955999,0.055418380393680265,0.016931349239648032,0.0020279304799262713,15,141,0.02407643931999823,0.08779583579867939,False,False,False,1.8796261667159458e-08,COMPLETE
1597,0.4084413588047028,2025-04-10 12:34:48.501854,2025-04-10 12:35:56.055669,0 days 00:01:07.553815,0.5907142704296696,0.5228220761873683,2,0.057922997088522006,0.02452755881441817,0.06603473818463182,0.08916696675291921,0.05806984871537211,0.021905342831924496,0.00288069860582828,14,137,0.006070731444550316,0.09587663881823698,True,False,False,1.006138153033161e-08,COMPLETE
1598,0.3831380009651184,2025-04-10 12:35:56.574155,2025-04-10 12:36:59.788502,0 days 00:01:03.214347,0.5673892271592985,0.5680660171888248,2,0.030470371540412627,0.043626138088121984,0.062092609315927354,0.08262585792601469,0.055799844806288225,0.014016578214366807,3.922671561280065e-05,13,143,0.003868951234343952,0.10813942551803206,False,False,False,1.544395208602397e-08,COMPLETE
1599,0.09528064131736755,2025-04-10 12:37:00.324189,2025-04-10 12:38:00.038023,0 days 00:00:59.713834,0.6144067595986444,0.5345104496817348,2,0.09705972179177608,0.21681087711373664,0.06799551463296914,0.08664836472084209,0.05300844087777004,0.013969718893312664,0.0024035665904181135,15,136,0.002959558895523474,0.0878434652505943,False,True,False,2.4832898322429714e-08,COMPLETE
1600,0.4603844404220581,2025-04-10 12:38:00.553676,2025-04-10 12:39:03.392845,0 days 00:01:02.839169,0.552059406168476,0.561178902953753,2,0.10325604498937657,0.034018123057078416,0.06498736461310003,0.08483119886977088,0.05341254603473727,0.018747653623767162,0.003395026498096359,13,140,0.001000114971090266,0.08240255454831409,False,False,False,2.7539747909890858e-08,COMPLETE
1601,0.3923352360725403,2025-04-10 12:39:03.905287,2025-04-10 12:40:17.068367,0 days 00:01:13.163080,0.5740053731773469,0.5009999137607374,2,0.039499812439671725,0.012386247563001258,0.07117812432315163,0.08993731855779037,0.060349569792930734,0.016878952561623764,0.0018748259342433527,16,148,0.0044762047078392535,0.08033435687796851,False,False,False,1.388518578304391e-08,COMPLETE
1602,0.48854252099990847,2025-04-10 12:40:17.602545,2025-04-10 12:41:24.013651,0 days 00:01:06.411106,0.5447049678475194,0.5461977577912523,2,0.013374044659230325,0.027687816667409187,0.06156721623788799,0.08683522498088654,0.05858642981179159,0.0029932467816580514,0.0016898690062556799,14,138,0.0056192605334818065,0.09958808097373872,False,False,False,2.01054330312999e-08,COMPLETE
1603,0.40977404713630683,2025-04-10 12:41:24.531513,2025-04-10 12:42:26.824590,0 days 00:01:02.293077,0.5949846337863074,0.570592252162511,2,0.025343535070622057,0.03861927688793092,0.06856223661460226,0.08508775132591814,0.052742254388000565,0.02461815801049029,0.0041951829052193,13,135,0.057945704058707935,0.07957151274930518,False,False,False,1.726096137992655e-08,COMPLETE
1604,0.09427145123481752,2025-04-10 12:42:27.349702,2025-04-10 12:43:32.180958,0 days 00:01:04.831256,0.5474379948206629,0.4897559356261896,2,0.0004893871666481597,0.019878970356384477,0.06386087483094859,0.0900817138802793,0.06203024435918791,0.013608107502823081,0.002546141561565376,14,144,0.003361330671967447,0.08922210164119213,False,False,False,2.8441334397934296e-08,COMPLETE
1605,0.5974108576774597,2025-04-10 12:43:32.713732,2025-04-10 12:44:35.981111,0 days 00:01:03.267379,0.5711540956659666,0.5127351445080122,2,0.06293047661965016,0.033326789180509055,0.0735315980409376,0.08905162439361122,0.0546549428510325,0.02104662186107698,0.0022142262091097054,13,139,0.006330076131548609,0.09192247128671656,False,False,False,2.0650331969316337e-08,COMPLETE
1606,0.5192035436630249,2025-04-10 12:44:36.500504,2025-04-10 12:45:42.865719,0 days 00:01:06.365215,0.5888256262884942,0.5343041284258112,2,0.047387456735909154,0.024013050582762128,0.0665690748390958,0.08163771610251876,0.056882519559941884,0.02803234548333646,0.001645111561563163,14,136,0.0010198120096597337,0.0808326323518807,False,False,False,1.2781713593909558e-08,COMPLETE
1607,0.36293323040008546,2025-04-10 12:45:43.382082,2025-04-10 12:46:52.550425,0 days 00:01:09.168343,0.5459023433737455,0.5692742035697087,2,0.017838223417762925,0.04349723330256541,0.06966084579059321,0.08426994400225386,0.05258798431875273,0.013544098421919842,0.0020284306508736236,15,142,0.004250136419959308,0.09604707847232125,False,False,False,1.5121197803527337e-08,COMPLETE
1608,0.5979215741157532,2025-04-10 12:46:53.086384,2025-04-10 12:47:56.537535,0 days 00:01:03.451151,0.618033908106783,0.5499340258973225,2,0.044424950270573416,0.03016926601953225,0.06220645971528561,0.08962268364972469,0.06395343345845175,0.016451379193768045,0.0027716388576421785,13,145,0.00291102237321675,0.08612085399084757,False,False,False,2.3102546862542077e-08,COMPLETE
1609,0.4284505128860474,2025-04-10 12:47:57.054261,2025-04-10 12:48:55.224826,0 days 00:00:58.170565,0.5811853599274834,0.5107467428570063,2,0.036255481480712254,0.015790322517501842,0.06479968286025822,0.08680458324333074,0.0579285281827507,0.013063931293026276,0.0035527130534493126,14,135,0.0059257473000579155,0.10182996770029626,False,False,True,1.7814292383404673e-08,COMPLETE
1610,0.46032176017761234,2025-04-10 12:48:55.762144,2025-04-10 12:50:08.810857,0 days 00:01:13.048713,0.5636258502918139,0.5273808812541093,2,0.029841845919994562,0.038001310910669,0.07234006965260366,0.0828166223936882,0.05958318850953776,0.015144387548544448,0.002073780824389319,16,141,0.0026993932971992435,0.07867718570032128,False,False,False,2.8127001709064784e-08,COMPLETE
1611,0.5188595771789551,2025-04-10 12:50:09.331835,2025-04-10 12:51:12.435156,0 days 00:01:03.103321,0.5513082997382439,0.5703502696502492,2,0.052831204668235966,0.024804715028837514,0.06717810206864831,0.09013449989465348,0.055045366605034625,0.0030021323151292398,0.0016691995033855521,13,138,0.006036663645344173,0.07857768272163514,False,False,False,2.7741337370078672e-08,COMPLETE
1612,0.6204622626304627,2025-04-10 12:51:12.956029,2025-04-10 12:52:22.421111,0 days 00:01:09.465082,0.6021513717208746,0.5552860906071359,2,0.034423523229172866,0.03084470438716904,0.06230847428308132,0.08784680300520845,0.0528400204504372,0.019260087209977298,0.002727789821916569,15,148,0.0010126802314325868,0.08691272876931865,False,False,False,1.3188544006644092e-08,COMPLETE
1613,0.36417151689529426,2025-04-10 12:52:22.967803,2025-04-10 12:53:32.972289,0 days 00:01:10.004486,0.6323209659863827,0.5527780776070853,2,0.032248995286726104,0.04406364470504145,0.060499754805369135,0.0855314641770337,0.05296567079578145,0.02219403632178801,0.004235572151322145,15,148,0.002786726919445498,0.09282733746961773,False,False,False,1.193513930945141e-08,COMPLETE
1614,0.45110400915145876,2025-04-10 12:53:33.496735,2025-04-10 12:54:49.445516,0 days 00:01:15.948781,0.6120080238748761,0.5310369195355659,2,0.03806125490918043,0.03642445608213169,0.06118325824004687,0.07706939772058415,0.052406384473990125,0.01955008708135457,0.0032218277863974316,17,149,0.0025233637724096027,0.09695198863600656,False,False,False,1.2104574464998999e-08,COMPLETE
1615,0.34275183677673343,2025-04-10 12:54:49.957227,2025-04-10 12:56:03.049304,0 days 00:01:13.092077,0.6255294844547334,0.5438720440721253,2,0.026353395765970684,0.12585762683754909,0.0713141829488069,0.08720243070108798,0.05178105235304654,0.01990953026899466,0.0033942970203822954,16,147,0.0026212331626970244,0.08754659542941579,False,False,False,1.034673393003279e-08,COMPLETE
1616,0.45376218557357795,2025-04-10 12:56:03.588288,2025-04-10 12:57:14.660062,0 days 00:01:11.071774,0.6365483730663607,0.5657050461240065,2,0.035281740279323216,0.03884817525700537,0.06267589710164082,0.08711350226792211,0.06145988953088571,0.018467943506202483,0.002872045073719442,15,149,0.0028024323894043834,0.09670123324494513,True,False,False,1.2473873689163614e-08,COMPLETE
1617,0.4668237090110779,2025-04-10 12:57:15.176045,2025-04-10 12:58:25.593951,0 days 00:01:10.417906,0.6107155231623542,0.547838989674689,2,0.04625819340774409,0.03284090632830711,0.06912119765691283,0.08453693476307235,0.055468194774880755,0.022546133563052358,0.004058502414990465,15,150,0.0024689126720162094,0.08763034378142788,False,False,False,1.5227508497975875e-08,COMPLETE
1618,0.1642576813697815,2025-04-10 12:58:26.133098,2025-04-10 12:59:27.115700,0 days 00:01:00.982602,0.6365198728590145,0.5227739825838775,2,0.02876002015155514,0.04333834741158921,0.0650733357583667,0.08796775087697481,0.052236404614184107,0.0207742860314021,0.0027751259787941822,15,146,0.002502006248576759,0.10442257632965453,False,True,False,1.4359274118974477e-08,COMPLETE
1619,0.3734423518180847,2025-04-10 12:59:27.635440,2025-04-10 13:00:41.517649,0 days 00:01:13.882209,0.6015895742709775,0.5714279957477777,2,0.03990204582604519,0.033251700684081016,0.07348706030539476,0.08628132572269315,0.057295717969277626,0.01857708476172546,0.0033829278458721067,16,150,0.03946796731001811,0.09251110953048124,False,False,False,1.003295182366668e-08,COMPLETE
1620,0.34307806491851806,2025-04-10 13:00:42.035186,2025-04-10 13:01:51.354574,0 days 00:01:09.319388,0.5977059245335947,0.5518226954398968,2,0.02048445956344342,0.04598014726746055,0.0671831447898192,0.08355701537810897,0.05934667569489225,0.02297628915624696,0.0025643430099800517,15,145,0.0011006732870313127,0.08520531248012267,False,False,False,1.5753219818816975e-08,COMPLETE
1621,0.4572546601295472,2025-04-10 13:01:51.894991,2025-04-10 13:03:04.734691,0 days 00:01:12.839700,0.5756663734798628,0.5281896322316784,2,0.03437077521391762,0.038495114398810384,0.06144455152495732,0.07976128445083577,0.053781636686452784,0.017937833410972125,0.0024247302047624413,16,144,0.0010653200219913103,0.09061808008920542,False,False,False,1.7185041632031052e-08,COMPLETE
1622,0.5201698541641235,2025-04-10 13:03:05.253048,2025-04-10 13:04:14.335720,0 days 00:01:09.082672,0.6247384455093399,0.49384785584949636,2,0.0422914789042556,0.029454914097025976,0.07093715317080272,0.08721754706875137,0.051780027420081864,0.02586001646601159,0.0032550012788862817,15,147,0.00109277257729693,0.10021229978379703,False,False,False,1.957641997255272e-08,COMPLETE
1623,0.4715076684951782,2025-04-10 13:04:14.848699,2025-04-10 13:05:21.226824,0 days 00:01:06.378125,0.6073316181353655,0.5761591494299797,2,0.026247491388710117,0.03376868507532091,0.06414684147766511,0.08893559426578419,0.06325893042480148,0.02146138317800304,0.001638152386069024,14,142,0.00100899330116389,0.0843161409089445,False,False,False,1.2952748763989937e-08,COMPLETE
1624,0.5021803855895997,2025-04-10 13:05:21.766158,2025-04-10 13:06:27.996096,0 days 00:01:06.229938,0.5968858905584932,0.5521867306278857,2,0.03369284100310435,0.028455373502935012,0.06620294191141497,0.08990934599986194,0.056646751975785184,0.01967808806244329,0.0028263833174373386,14,146,0.004033183913945694,0.09165966920404583,False,False,False,1.8621022050732862e-08,COMPLETE
1625,0.4623813152313233,2025-04-10 13:06:28.516560,2025-04-10 13:07:35.124265,0 days 00:01:06.607705,0.5924822459934483,0.5125729612356688,2,0.014856469827134169,0.03866825743542866,0.06865918818786607,0.08177138762819545,0.060566365233542585,0.017263475500198223,0.002132353173823429,14,147,0.0037190573534497083,0.10563354340572717,False,False,False,1.491579838038803e-08,COMPLETE
1626,0.354843145608902,2025-04-10 13:07:35.668793,2025-04-10 13:08:42.322209,0 days 00:01:06.653416,0.6145180755077575,0.5763683358342007,2,0.02170114283052523,0.04600976100676317,0.060062735152615544,0.08500843593113537,0.054947168770520305,0.024775867683190393,0.004033743048594293,14,143,0.0043374991752196754,0.08098382404829299,False,False,False,2.1738853599874414e-08,COMPLETE
1627,0.496991229057312,2025-04-10 13:08:42.849753,2025-04-10 13:09:46.649855,0 days 00:01:03.800102,0.5875789426430044,0.5384334531963212,2,0.05088327765168576,0.03364238380610187,0.06307300989759261,0.08818385380542249,0.051845348770731645,0.016720332694776352,0.0019042361028070345,16,144,0.004328062673660928,0.0848995477645019,False,False,True,1.3554572124963248e-08,COMPLETE
1628,0.4957439422607422,2025-04-10 13:09:47.173572,2025-04-10 13:10:56.094950,0 days 00:01:08.921378,0.5754887457076874,0.5621261108326029,2,0.008064296076226865,0.028247776055160257,0.07345263935313738,0.086224736554868,0.058110462413798775,0.019780462910277196,0.002508024054269122,15,141,0.001095165600043213,0.094794034273233,False,False,False,2.204345192747735e-08,COMPLETE
1629,0.44314436912536626,2025-04-10 13:10:56.644554,2025-04-10 13:12:06.061426,0 days 00:01:09.416872,0.6310732828685653,0.4910479860463137,2,0.04286669902768711,0.03919521143624717,0.06532337918632769,0.08223272852508416,0.053964016731024446,0.015975137698489374,0.0016514026564760252,15,146,0.004162686821272195,0.10030943489999919,False,False,False,1.7063318345628695e-08,COMPLETE
1630,0.524517273902893,2025-04-10 13:12:06.581760,2025-04-10 13:13:13.091401,0 days 00:01:06.509641,0.5902533061815702,0.5189814093211463,2,0.06980539629015634,0.029660697127781802,0.06772151878973495,0.0901319291734565,0.05613658295175989,0.017893502711449925,0.003226583232256828,14,150,0.001041357942341003,0.08560388470976238,False,False,False,1.3409448421198489e-08,COMPLETE
1631,0.5149372220039368,2025-04-10 13:13:13.643463,2025-04-10 13:14:23.868991,0 days 00:01:10.225528,0.5638983018680886,0.5408154480964119,2,0.035862508729437206,0.03457341109755649,0.0703485710627297,0.08416465584151717,0.06249530356746487,0.0210381560262603,0.002301208102246308,15,140,0.001022259161053771,0.0794651935041451,False,False,False,1.1415234391071835e-08,COMPLETE
1632,0.33670899271965027,2025-04-10 13:14:24.401827,2025-04-10 13:15:31.245719,0 days 00:01:06.843892,0.5740264615067772,0.5794454135417911,2,0.056998341475338624,0.2976635157432356,0.06056350754040666,0.08837850135605056,0.059528716134687555,0.015106620416762662,0.0015544709548289425,14,144,0.006208424444337985,0.10991473791047952,False,False,False,1.0231890424290653e-08,COMPLETE
1633,0.3501726865768433,2025-04-10 13:15:31.774658,2025-04-10 13:16:41.654700,0 days 00:01:09.880042,0.6053790893490165,0.7492846290461621,2,0.02850992000305505,0.025804156992517036,0.06277171310444522,0.09004560920436475,0.05136301580128469,0.030120398603539912,0.002885504038126724,15,139,0.0032229074230775076,0.11813750761029237,False,False,False,2.2064782304070726e-08,COMPLETE
1634,0.38743911385536195,2025-04-10 13:16:42.199805,2025-04-10 13:17:55.755406,0 days 00:01:13.555601,0.5650131722472416,0.5579377825194577,2,0.041661409611319686,0.04101772358657627,0.06555733014291745,0.0862625006175513,0.064751361958185,0.02392739147544258,0.002172436859736309,16,150,0.002728860427559278,0.12565813067088308,False,False,False,1.751109619310791e-08,COMPLETE
