number,value,datetime_start,datetime_complete,duration,params_alpha-eval,params_alpha-train,params_batch-size,params_eps-eval,params_eps-train,params_lambda-actions-eval,params_lambda-actions-train,params_lambda-frames-eval,params_lambda-frames-train,params_learning-rate,params_n-epochs,params_n-frames,params_radius-gw,params_rho,params_std-feats,params_ub-actions,params_ub-frames,params_weight-decay,state
1345,0.4948231101036072,2025-04-17 12:36:46.624733,2025-04-17 12:37:08.896632,0 days 00:00:22.271899,0.9653333059725019,0.8053807934516813,16,0.19418969020901303,0.24177585264232218,0.05580329302497003,0.05709581029420962,0.0914824576940782,0.09655323370367817,4.636664297434311e-05,13,56,0.024174260178370377,0.07982755734407866,False,False,False,1.2591877941807536e-05,COMPLETE
1346,0.4919544100761414,2025-04-17 12:37:09.330587,2025-04-17 12:37:34.081399,0 days 00:00:24.750812,0.11161766143214362,0.7325142663746287,16,0.22339592142418524,0.2638665996934788,0.06321511252559162,0.05136217308077534,0.01926432447025723,0.08186279612589202,4.362783960014352e-05,18,63,0.028421719826069308,0.08861347444624586,False,False,False,8.231800599218139e-06,COMPLETE
1347,0.5557844281196594,2025-04-17 12:37:34.533016,2025-04-17 12:37:58.773162,0 days 00:00:24.240146,0.10605500056745662,0.76209662092169,16,0.19880939594808292,0.2521307498781842,0.07361568246903658,0.08829555273807575,0.02638658332791527,0.0928025827297986,5.330466633503395e-05,18,60,0.026501919496869798,0.07740259360468611,False,False,False,5.438634559020519e-06,COMPLETE
1348,0.4916825294494629,2025-04-17 12:37:59.205621,2025-04-17 12:38:23.859171,0 days 00:00:24.653550,0.07535196496849121,0.7795959015931377,16,0.20921479495062706,0.2504056488962795,0.06014008350790627,0.04800163056991892,0.028284331642757923,0.089107669939317,6.177986154416033e-05,18,54,0.030303513636203157,0.07606879820622016,False,False,False,5.201265069539836e-06,COMPLETE
1349,0.4811527490615845,2025-04-17 12:38:24.297669,2025-04-17 12:38:48.917216,0 days 00:00:24.619547,0.0877664436254281,0.7786815315086391,16,0.20412770657177615,0.2448963367858387,0.07365254822688291,0.07038590668651151,0.029531482483575473,0.09096827361708792,8.094916161501874e-05,18,58,0.02791320403305956,0.07391945338320023,False,False,False,7.497279553876909e-06,COMPLETE
1350,0.4888007521629334,2025-04-17 12:38:49.352181,2025-04-17 12:39:21.489209,0 days 00:00:32.137028,0.05246649182410284,0.8031100068774184,8,0.2006976141588672,0.2526249314316616,0.06549172132009275,0.06607771163304986,0.02605813042876758,0.08881351113971547,7.865567794124901e-05,18,59,0.027126422800745953,0.07757463013831058,False,False,False,5.216911712043584e-06,COMPLETE
1351,0.500040864944458,2025-04-17 12:39:21.922636,2025-04-17 12:39:45.917852,0 days 00:00:23.995216,0.10750492325808547,0.8144854011706577,16,0.2061187666294707,0.23699871055989716,0.07301211695563038,0.08927424332912555,0.026102691962286855,0.08584918476945627,0.00010233350373652401,17,52,0.029411422744720125,0.07633315909792882,False,False,False,1.0772792492380865e-05,COMPLETE
1352,0.5499643445014955,2025-04-17 12:39:46.353665,2025-04-17 12:40:10.343643,0 days 00:00:23.989978,0.08183599005582662,0.7614510967986446,16,0.18726975473337726,0.2472852378283812,0.07069560973159882,0.0876010413134765,0.02813455246612807,0.08741344446897353,6.228329010181166e-05,17,60,0.02625813919442391,0.07467590096371496,False,False,False,6.9534101705547655e-06,COMPLETE
1353,0.5015710234642029,2025-04-17 12:40:10.777581,2025-04-17 12:40:34.576374,0 days 00:00:23.798793,0.030909001123012002,0.7798591178778338,16,0.19232033139944457,0.24714267313552596,0.06732071447109067,0.049432574885287864,0.02662770958460623,0.0798892072555312,8.719261214833798e-05,16,56,0.03020121198246956,0.22836950185839633,False,False,False,0.0002316354743476763,COMPLETE
1354,0.4608830571174622,2025-04-17 12:40:35.030376,2025-04-17 12:41:48.991037,0 days 00:01:13.960661,0.05826281491428022,0.7799344890299448,2,0.18754822604269833,0.23985892069775636,0.06897044158264191,0.08748296234748139,0.029119780296705627,0.08505078185397574,0.00011360528835362854,17,54,0.027998837623946546,0.07965116720222357,False,False,False,2.2658441186867786e-05,COMPLETE
1355,0.4921363115310669,2025-04-17 12:41:49.429320,2025-04-17 12:42:12.086314,0 days 00:00:22.656994,0.0654175323562147,0.8223595126574703,16,0.2105898492605282,0.2527403590454749,0.06915418290860942,0.06805742919058962,0.027995089721992154,0.08807898060469732,6.819093508265456e-05,14,57,0.02860993472585658,0.07611603497119052,False,False,False,6.454081618540394e-06,COMPLETE
1356,0.4905978918075562,2025-04-17 12:42:12.529841,2025-04-17 12:42:36.659651,0 days 00:00:24.129810,0.0778992606296264,0.7611211120569379,16,0.19012350813218762,0.25763496138033276,0.07253617198033334,0.08486273842541947,0.02840836746800919,0.08716441624977657,8.439095648587645e-05,17,59,0.03232731035910766,0.08220645142063353,False,False,False,5.160570199089611e-06,COMPLETE
1357,0.5574866294860841,2025-04-17 12:42:37.099306,2025-04-17 12:43:00.119813,0 days 00:00:23.020507,0.04410042437543626,0.7551899966714651,16,0.17319947907733516,0.245964243343546,0.06854896749591077,0.07687419046076403,0.027767691639667223,0.09150256061656561,5.789606592600765e-05,15,60,0.026788140060610005,0.07246889289507935,False,False,False,1.8197690741555388e-08,COMPLETE
1358,0.5192394495010376,2025-04-17 12:43:00.557995,2025-04-17 12:43:23.295396,0 days 00:00:22.737401,0.054773637755014856,0.8006698892786134,16,0.17137941207997914,0.2426103827464025,0.06917268911623715,0.08584210000839558,0.029230615981240132,0.09160868648485943,7.37700842641762e-05,14,55,0.0260959844126765,0.07472964010145136,False,False,False,1.6643185556543225e-08,COMPLETE
1359,0.49166419506073,2025-04-17 12:43:23.730452,2025-04-17 12:43:47.299651,0 days 00:00:23.569199,0.018325450753964037,0.7787019317632852,16,0.19740399386556012,0.23561355078701862,0.07117074383891384,0.0907929712863878,0.03008231310492514,0.093488137236205,6.911940188148316e-05,16,52,0.026273954457302507,0.25113928391668294,False,False,False,1.2759271002997973e-08,COMPLETE
1360,0.49404044151306153,2025-04-17 12:43:47.757252,2025-04-17 12:44:10.348101,0 days 00:00:22.590849,0.019848586717940087,0.7662596026400842,16,0.18651961563473257,0.24675055899301346,0.0676367850369565,0.09245134378447309,0.02577149879645643,0.09251922287328081,8.443442466139592e-05,14,58,0.026592397454968948,0.07963375011279732,False,False,False,1.539130508181309e-08,COMPLETE
1361,0.09786280691623689,2025-04-17 12:44:10.787737,2025-04-17 12:44:31.254509,0 days 00:00:20.466772,0.048393098725744724,0.8429704114063239,16,0.16316958145715882,0.23636326297513646,0.07086405148132423,0.08259316473606954,0.03083013634680614,0.07750793652333265,6.130236614320865e-05,14,60,0.026759269979926267,0.07371550807054078,False,False,True,1.9064403025132686e-08,COMPLETE
1362,0.47853983640670783,2025-04-17 12:44:31.695367,2025-04-17 12:44:55.211735,0 days 00:00:23.516368,0.01041081860570315,0.7692770107737936,16,0.1880273841874666,0.24754065754121166,0.06510361837306262,0.08716160816002683,0.028232352438850406,0.09295347494483483,0.0001301714953833683,15,56,0.025620528226640325,0.08356215166452917,False,False,False,1.8908664027842432e-08,COMPLETE
1363,0.22758879959583284,2025-04-17 12:44:55.650565,2025-04-17 12:45:16.332773,0 days 00:00:20.682208,0.030492743676004155,0.7567965891041984,16,0.1808214816862899,0.24337931155340015,0.07081724810979949,0.08802971276754507,0.027079986499726136,0.09025771630875151,6.61626571137838e-05,15,60,0.029061946107996953,0.07941212722089042,False,True,False,1.3340013637229945e-08,COMPLETE
1364,0.41956969499588015,2025-04-17 12:45:16.771113,2025-04-17 12:45:41.827284,0 days 00:00:25.056171,0.04415796023434349,0.7584329186471841,16,0.17716738721529066,0.24113990620020515,0.06926346224099088,0.08724654478950536,0.031330405110942004,0.08251822449495241,5.831060027430497e-05,18,49,0.02493607866893014,0.0758959323184652,True,False,False,2.4041179814082986e-08,COMPLETE
1365,0.49483580589294435,2025-04-17 12:45:42.265927,2025-04-17 12:46:05.675343,0 days 00:00:23.409416,0.03830966154934633,0.7949931582524337,16,0.1980478686866002,0.2512840140320414,0.07288937268433553,0.0954111064535215,0.029664480373443217,0.0936918165725745,7.42784587787386e-05,15,56,0.02664648939894659,0.0829205746554474,False,False,False,2.5638771296135327e-08,COMPLETE
1366,0.5546978473663331,2025-04-17 12:46:06.113030,2025-04-17 12:46:29.541172,0 days 00:00:23.428142,0.05328287298233281,0.7570293395840441,16,0.18376080295482056,0.25418218034584195,0.0702961035358998,0.08373028055045607,0.027199422050725546,0.0911402186460786,5.9436613438809947e-05,16,60,0.028419501585291006,0.0721390206029448,False,False,False,3.003226312259239e-08,COMPLETE
1367,0.49281777143478395,2025-04-17 12:46:30.003380,2025-04-17 12:46:53.142141,0 days 00:00:23.138761,0.04257518281454084,0.7507967208372196,16,0.17529802102356107,0.256897380605952,0.06883342329821114,0.07168553913227178,0.027723391116521393,0.09120121484207833,5.686480355697758e-05,15,53,0.035432732642253106,0.07267952827809909,False,False,False,2.74216252902299e-08,COMPLETE
1368,0.5014153480529786,2025-04-17 12:46:53.585911,2025-04-17 12:47:16.342971,0 days 00:00:22.757060,0.01789058984472707,0.7890199910142744,16,0.19670318915416282,0.2539761781808524,0.07405504270516235,0.08082689791111802,0.026898176515278142,0.09395257205128056,5.603225267249678e-05,14,58,0.029482180130508177,0.08513837737687471,False,False,False,2.016853419706034e-05,COMPLETE
1369,0.5391823172569276,2025-04-17 12:47:16.786695,2025-04-17 12:47:40.309990,0 days 00:00:23.523295,0.04709121453714142,0.7500454265703204,16,0.173734088086269,0.2589190082645953,0.06819049684096527,0.08345867382989736,0.026119733308440345,0.06415191796737099,7.1367559467575e-05,15,60,0.031109076715708096,0.07921668704877208,False,False,False,3.593341139745242e-08,COMPLETE
1370,0.5226625561714172,2025-04-17 12:47:40.755732,2025-04-17 12:48:03.758137,0 days 00:00:23.002405,0.027424083728897458,0.7766164787410927,16,0.1840813254548,0.2522305974611146,0.07348580355526672,0.08945844464419044,0.02821362941668529,0.09205236657694978,9.274244614577602e-05,15,61,0.031733485040589676,0.07011952413590257,False,False,False,1.9551545996823947e-08,COMPLETE
1371,0.5073253870010376,2025-04-17 12:48:04.197809,2025-04-17 12:48:27.053119,0 days 00:00:22.855310,0.05282237026362845,0.755330405552361,16,0.18515321935134613,0.260355552157551,0.06718000353158703,0.045711110363920456,0.03086509697769745,0.09427106139880746,5.330762123709923e-05,15,55,0.029099582684606856,0.06974216266570821,False,False,False,2.6665367512619097e-08,COMPLETE
1372,0.500677478313446,2025-04-17 12:48:27.493873,2025-04-17 12:48:50.518336,0 days 00:00:23.024463,0.027780411185164836,0.8093914863598235,16,0.180982238120677,0.2558495702371871,0.06698112225345247,0.08002701364802177,0.026967975385421866,0.04923223046368874,5.244565273205588e-05,15,58,0.04233884162563016,0.08389855364242774,False,False,False,2.2669590529083697e-08,COMPLETE
1373,0.5273952484130859,2025-04-17 12:48:50.978780,2025-04-17 12:49:20.525349,0 days 00:00:29.546569,0.09322363429879144,0.8292082942323246,8,0.1766963443165884,0.24352603484419216,0.06304939503277224,0.07577143211993774,0.02612943942657857,0.09263336889586463,5.271036489017745e-05,15,61,0.02818787234566461,0.07232498104792226,False,False,False,1.7473346087027012e-08,COMPLETE
1374,0.49939655065536503,2025-04-17 12:49:20.972167,2025-04-17 12:49:44.480717,0 days 00:00:23.508550,0.03059086726631592,0.7546947319014721,16,0.16690321191822097,0.24963898045707647,0.06832222135614668,0.08214624778245187,0.027703282679220363,0.066650431081924,7.560493916195685e-05,16,58,0.03423121508818846,0.08876472493847223,False,False,False,2.407130413096573e-07,COMPLETE
1375,0.4873722076416016,2025-04-17 12:49:44.921843,2025-04-17 12:50:08.400407,0 days 00:00:23.478564,0.05941032655846587,0.78779938575863,16,0.20159353531833124,0.26182788315169164,0.06399377362494083,0.0773762229490917,0.03210682923902057,0.09448767100301644,6.472217365697977e-05,16,62,0.02968617311706041,0.07773469597144837,False,False,False,3.3170183683560896e-08,COMPLETE
1376,0.48435825109481817,2025-04-17 12:50:08.842204,2025-04-17 12:50:32.176915,0 days 00:00:23.334711,0.02765241807694027,0.7538683678808245,16,0.1951878128953411,0.2556244898903867,0.07135561592118542,0.07335752415141063,0.03042563898884356,0.09078950428321227,0.0001017656585669526,15,54,0.027243141956259063,0.07073851988645569,False,False,False,2.6349240039895295e-08,COMPLETE
1377,0.5482219576835632,2025-04-17 12:50:32.618296,2025-04-17 12:50:55.904896,0 days 00:00:23.286600,0.02570796734759923,0.7436365871686438,16,0.18002993014755148,0.2644599167821117,0.07243320974043856,0.07798193568056766,0.025889846502775465,0.03908199999510534,5.3120384425305255e-05,15,51,0.0323584017339067,0.0800050149547429,False,False,False,2.0557508627715312e-08,COMPLETE
1378,0.4726449489593506,2025-04-17 12:50:56.346717,2025-04-17 12:52:04.236364,0 days 00:01:07.889647,0.06823404492939203,0.7691022129960968,2,0.16929647099058848,0.24959479265451248,0.07430653105835158,0.08002958878083073,0.02749289623766261,0.09557534669201259,6.433079823058901e-05,15,61,0.024364976630207928,0.0855179079385783,False,False,False,1.355181905779216e-08,COMPLETE
1379,0.4931661367416382,2025-04-17 12:52:04.697992,2025-04-17 12:52:28.064229,0 days 00:00:23.366237,0.015944721554785463,0.7770267327830171,16,0.19119403403901258,0.2565606503181257,0.07037890231163532,0.08363757818185075,0.025581528648288398,0.04253302398739237,4.795105809549971e-05,16,56,0.029910450164916568,0.07170355156391449,False,False,False,2.2547523889521756e-08,COMPLETE
1380,0.09868439584970476,2025-04-17 12:52:28.510190,2025-04-17 12:52:48.698515,0 days 00:00:20.188325,0.051380542927725446,0.7436789636290285,16,0.17466287985342518,0.24984524059817137,0.06171931403703844,0.07430568389841306,0.02444385425312786,0.09284112865309675,4.8930539511335e-05,14,62,0.027953177879449842,0.09172812510200429,False,False,True,1.7935966193623293e-08,COMPLETE
1381,0.49001014232635504,2025-04-17 12:52:49.143086,2025-04-17 12:53:12.632848,0 days 00:00:23.489762,0.04814279486213921,0.8066435367106237,16,0.18027214712522358,0.2632336271967698,0.06493722257081924,0.09122742990643685,0.029620885464609358,0.061780401108023617,5.840989816980851e-05,16,58,0.05329352085247174,0.07919243038789527,False,False,False,1.8723353091623996e-08,COMPLETE
1382,0.3706631660461426,2025-04-17 12:53:13.080266,2025-04-17 12:53:37.353592,0 days 00:00:24.273326,0.06567666220390846,0.7365206580505919,16,0.16026988873458986,0.24098977957220832,0.07486656420938101,0.09332106856420584,0.024754850738860558,0.03094133089755842,8.23423280286505e-05,15,62,0.025302510391403694,0.1197426652878328,True,False,False,3.9719355246968785e-08,COMPLETE
1383,0.4955777168273926,2025-04-17 12:53:37.800148,2025-04-17 12:54:01.004741,0 days 00:00:23.204593,0.04188264672419477,0.7621871528060407,16,0.18568105744867736,0.2550507102345629,0.07029656802277114,0.08970871270357934,0.027147713333145935,0.034915551139928155,6.662975152900045e-05,15,58,0.024572346811558413,0.08622071656590835,False,False,False,2.8496408711159837e-08,COMPLETE
1384,0.1259976625442505,2025-04-17 12:54:01.449588,2025-04-17 12:54:22.479371,0 days 00:00:21.029783,0.015461248313052858,0.7960766231013611,16,0.20230821150301356,0.2691302298691981,0.06447159767234173,0.08216499369601678,0.024400038696467324,0.09541180196794442,4.7714141587884826e-05,16,62,0.027406053193492794,0.07248691430155439,False,True,False,1.5476664003258584e-08,COMPLETE
1385,0.5127953052520753,2025-04-17 12:54:22.940628,2025-04-17 12:54:46.543764,0 days 00:00:23.603136,0.06962197112475718,0.740094076275295,16,0.1711188266303526,0.24475810912825394,0.06555384479936471,0.08576715603875561,0.0249151726055526,0.09074257117305157,5.39880700422085e-05,16,55,0.030759572372509626,0.10963790342001799,False,False,False,2.172725694612645e-08,COMPLETE
1386,0.4959647417068482,2025-04-17 12:54:46.988947,2025-04-17 12:55:10.645318,0 days 00:00:23.656371,0.03627610339159722,0.772459785170154,16,0.18452104451618626,0.2354703838825134,0.06093164554737133,0.07644944800393348,0.029235159888306793,0.09342427205317269,9.137293081523083e-05,16,59,0.024495147195563418,0.07925610322906108,False,False,False,1.3465457285599233e-08,COMPLETE
1387,0.5024706125259399,2025-04-17 12:55:11.094151,2025-04-17 12:55:34.337614,0 days 00:00:23.243463,0.05983871772107927,0.7374774008952427,16,0.1805672234950008,0.2602659247740354,0.06770241158363237,0.09073688251399362,0.033575084032366524,0.09508273221611985,4.621570768146928e-05,15,62,0.02537579180137907,0.09460008803271544,False,False,False,4.844226153901933e-08,COMPLETE
1388,0.4903787136077881,2025-04-17 12:55:34.785978,2025-04-17 12:55:58.689970,0 days 00:00:23.903992,0.06524340340060346,0.7587206375824995,16,0.19130674768734784,0.2508338768317399,0.06675984867318742,0.08616648662570535,0.027097204287481344,0.09218776221733309,5.900364037671375e-05,17,56,0.028372780492767428,0.07017800677087643,False,False,False,1.0726583034117316e-08,COMPLETE
1389,0.5051586031913757,2025-04-17 12:55:59.132442,2025-04-17 12:56:21.608934,0 days 00:00:22.476492,0.07697411093512725,0.734568202165692,16,0.19397154392669436,0.2587464846968133,0.07428424469444406,0.08237152926160832,0.025527983146802984,0.09639024787253063,4.2932510748671636e-05,14,59,0.03242965397352866,0.08917474694618312,False,False,False,1.5721311891878364e-08,COMPLETE
1390,0.47540183067321784,2025-04-17 12:56:22.073172,2025-04-17 12:56:45.072565,0 days 00:00:22.999393,0.028729935227862043,0.7872057229989244,16,0.19875620306928904,0.2458906893285458,0.07247673218507754,0.07822268042894302,0.02431891543827273,0.09376760732446562,7.528718261354538e-05,14,63,0.0819119469597473,0.07588366512401246,False,False,False,3.245987524914388e-08,COMPLETE
1391,0.4994353532791138,2025-04-17 12:56:45.520447,2025-04-17 12:57:10.651571,0 days 00:00:25.131124,0.08417011559828586,0.7583476233083888,16,0.17525033687552855,0.26579103970023354,0.07514063229245205,0.08816016555724007,0.028212832459954377,0.0898383544519786,4.758240986496343e-05,19,46,0.024119508727907833,0.08460353342786608,False,False,False,0.0003685724230649631,COMPLETE
1392,0.5127568125724793,2025-04-17 12:57:11.103431,2025-04-17 12:57:34.103117,0 days 00:00:22.999686,0.05846510921279902,0.7387975328020594,16,0.17068513352004144,0.25545003081252216,0.07089890677122337,0.07637955298837049,0.024057141303234983,0.09604041940139753,5.771952402242509e-05,15,52,0.026955814228255267,0.0956495791403432,False,False,False,2.319912415592411e-08,COMPLETE
1393,0.5405521154403687,2025-04-17 12:57:34.553658,2025-04-17 12:57:59.110272,0 days 00:00:24.556614,0.08446375205112852,0.7710737273103565,16,0.19552090352831433,0.2522699477909243,0.06937024145598752,0.08364164533148931,0.032027826839990316,0.09455379198009986,6.841957665341539e-05,18,60,0.024570896764859206,0.07019658531038708,False,False,False,1.8064930402664327e-08,COMPLETE
1394,0.3368126511573792,2025-04-17 12:57:59.552334,2025-04-17 12:58:23.101316,0 days 00:00:23.548982,0.0359821304674451,0.7312254131998089,16,0.1585183156435284,0.2646312157044608,0.0729756094436401,0.09269859880214798,0.02449587498399247,0.09148955284041946,4.358299699847754e-05,17,9,0.00755659250759417,0.08126067541525485,False,False,False,1.6157721506056498e-08,COMPLETE
1395,0.4880414366722107,2025-04-17 12:58:23.548855,2025-04-17 12:58:53.688898,0 days 00:00:30.140043,0.047390970545584936,0.7448560663044065,8,0.20197515124422025,0.23585679699912213,0.07257207549470121,0.09008471389815906,0.02984092713957669,0.03784827934885365,5.0709509924417136e-05,16,63,0.030152161603232946,0.07516389350580188,False,False,False,1.0434899588830636e-08,COMPLETE
1396,0.5029797434806824,2025-04-17 12:58:54.155300,2025-04-17 12:59:18.854129,0 days 00:00:24.698829,0.07438454065689305,0.7888188924655207,16,0.19023981252014052,0.2449032566689189,0.06907376855944299,0.08549186727146642,0.026836950932311938,0.09672819335647305,4.425661914433826e-05,18,89,0.02668045993080332,0.1288764771589564,False,False,False,3.0122975587451515e-08,COMPLETE
1397,0.49605876207351685,2025-04-17 12:59:19.306630,2025-04-17 12:59:43.048328,0 days 00:00:23.741698,0.01873831640647868,0.7320832255395091,16,0.1819909267759849,0.2736404838116494,0.057542404560144575,0.08150415742924097,0.012915803787737825,0.09341653621534689,6.359466328703839e-05,17,55,0.048919392793637065,0.08876057598947684,False,False,False,1.0017244766127773e-08,COMPLETE
1398,0.09645921736955643,2025-04-17 12:59:43.499705,2025-04-17 13:00:04.234817,0 days 00:00:20.735112,0.013810984019083093,0.7572133872086058,16,0.2003410416374815,0.26029542990946236,0.06798454674383755,0.07902468048745902,0.025823511074833074,0.09551813539291383,5.096165643194046e-05,15,58,0.02319100075985533,0.08318953253772506,False,False,True,1.307306371618782e-08,COMPLETE
1399,0.4959426641464234,2025-04-17 13:00:04.690819,2025-04-17 13:00:29.691275,0 days 00:00:25.000456,0.10569055526514731,0.7242770818202618,16,0.17775337615388323,0.23072089040693247,0.06345714227511862,0.08706550559590984,0.024092170400082193,0.09680620212024128,5.725544269507102e-05,19,63,0.02799104349839978,0.09839264512537232,False,False,False,1.573740239976553e-08,COMPLETE
1400,0.48967924118041994,2025-04-17 13:00:30.140440,2025-04-17 13:01:47.248448,0 days 00:01:17.108008,0.09103347918705633,0.7651506483380774,2,0.17004282816580787,0.2518804302114857,0.06610281907607451,0.07255864715814958,0.013800241256407077,0.04595981266645698,4.141807004887859e-05,18,59,0.025482314908356663,0.06874029031383949,False,False,False,1.883159777841526e-08,COMPLETE
