number,value,datetime_start,datetime_complete,duration,params_alpha-eval,params_alpha-train,params_batch-size,params_eps-eval,params_eps-train,params_lambda-actions-eval,params_lambda-actions-train,params_lambda-frames-eval,params_lambda-frames-train,params_learning-rate,params_n-epochs,params_n-frames,params_radius-gw,params_rho,params_std-feats,params_ub-actions,params_ub-frames,params_weight-decay,state
680,0.5155320405960083,2025-04-09 23:11:51.487026,2025-04-09 23:12:41.030240,0 days 00:00:49.543214,0.4518158611662938,0.3201688284433342,2,0.24499406157231327,0.042613126107188516,0.05792550282715057,0.09805877014318659,0.031423299149182585,0.058007957138015015,0.007245808792408696,9,85,0.002743105373082824,0.009641638811758411,False,False,False,2.5845320693527287e-05,COMPLETE
681,0.46237757205963137,2025-04-09 23:12:41.256250,2025-04-09 23:13:24.602603,0 days 00:00:43.346353,0.2532571938504859,0.42165891419784246,2,0.23134650296442888,0.034362618582865434,0.06852749515696738,0.041479849467405794,0.0751384657648378,0.06302979336854134,0.004247118086413185,7,141,0.035377526281918995,0.0445199535933242,False,False,False,1.7404127357210802e-07,COMPLETE
682,0.38214440941810607,2025-04-09 23:13:24.817478,2025-04-09 23:14:14.644165,0 days 00:00:49.826687,0.47548423813575275,0.45102784903429477,2,0.1973162475025674,0.046118830831461156,0.060936591287135564,0.007791077008265999,0.07944686184702016,0.07035520346059002,0.008117337773615316,9,84,0.001039529378512241,0.034898987342163894,False,False,False,7.351731405250688e-08,COMPLETE
683,0.5086566925048829,2025-04-09 23:14:14.868242,2025-04-09 23:15:01.458156,0 days 00:00:46.589914,0.43945167305706284,0.4106642859569134,2,0.23867300258303484,0.02015695604167642,0.07804823485429425,0.09999636732237754,0.08280557429215049,0.05592204053936425,0.010824843405816156,8,78,0.006038523884155181,0.05890073836793196,False,False,False,1.4049830126131e-07,COMPLETE
684,0.5030915141105652,2025-04-09 23:15:01.672372,2025-04-09 23:15:44.729421,0 days 00:00:43.057049,0.42774423418878743,0.370780139722304,2,0.21220029729190848,0.03702358290773381,0.061961503300864355,0.009990378737017443,0.080224144902464,0.06720119467646929,0.0072906732710027915,7,114,0.004735471763811969,0.03105783279345714,False,False,False,4.2155682563739377e-07,COMPLETE
685,0.10070402920246126,2025-04-09 23:15:44.959045,2025-04-09 23:16:25.189269,0 days 00:00:40.230224,0.44698778995827343,0.43509525236896074,2,0.2469138761025122,0.02769514012764708,0.06512660512327374,0.0962047635860749,0.07169281249286621,0.054404105145930956,0.009461282053957937,8,51,0.006838286731707684,0.0014550430718315334,False,False,True,2.714111033577215e-07,COMPLETE
686,0.3630559623241425,2025-04-09 23:16:25.405838,2025-04-09 23:17:17.854192,0 days 00:00:52.448354,0.46054353847291596,0.46559994899486584,2,0.2584176674550671,0.04010032358031347,0.035241706967010546,0.09433546309473093,0.07700512955726944,0.07435762889570088,0.01091438463123088,10,85,0.0011323865329747138,0.03955207385269811,False,False,False,1.8589170334187297e-07,COMPLETE
687,0.37401636838912966,2025-04-09 23:17:18.080554,2025-04-09 23:18:37.498457,0 days 00:01:19.417903,0.4140961365380318,0.41487449806298266,2,0.20107807575653106,0.04725266005170962,0.05760489934431513,0.02261015422100686,0.009493362995417032,0.06178078155313999,0.008298333034627015,18,137,0.003911304942392996,0.04611825979538212,False,False,False,3.600028412165665e-08,COMPLETE
688,0.4441106200218201,2025-04-09 23:18:37.728296,2025-04-09 23:19:21.176378,0 days 00:00:43.448082,0.48368293006787155,0.4833442132591907,2,0.25161821694607955,0.03290211074204237,0.057586894277622175,0.09833823431252572,0.06848960892071838,0.06455809724448022,0.00395338386531511,7,87,0.04824128999668967,0.01955931148897376,False,False,False,3.402424447494959e-07,COMPLETE
689,0.5485813617706299,2025-04-09 23:19:21.390756,2025-04-09 23:20:07.695747,0 days 00:00:46.304991,0.4328165620639436,0.4486447673212099,2,0.021230035883176606,0.03923981905935153,0.06259223259376062,0.057345741269133,0.08131711066141793,0.06868573557139482,0.006620759989016139,8,90,0.007004663199302284,0.03535148068038805,False,False,False,1.2694532571330862e-07,COMPLETE
690,0.3681388795375824,2025-04-09 23:20:07.924348,2025-04-09 23:20:57.768162,0 days 00:00:49.843814,0.4615001564426602,0.33133703610911214,2,0.17913589840008073,0.0531079807577358,0.07560025445328408,0.007998786309507087,0.07317308914379872,0.06093869141394177,0.005545064585245082,9,118,0.003186923530471113,0.025467135074275095,False,False,False,2.469059682646487e-07,COMPLETE
691,0.4621973752975464,2025-04-09 23:20:57.986358,2025-04-09 23:21:41.012183,0 days 00:00:43.025825,0.5011269822830036,0.39273736877591414,2,0.2929735306374717,0.027855286179972016,0.059388772723186656,0.020867131913101848,0.08345541472329668,0.05873257595500176,0.009727365790269834,7,122,0.07784306277762594,0.030185613337358485,False,False,False,7.90278719586292e-08,COMPLETE
692,0.41893216371536257,2025-04-09 23:21:41.243180,2025-04-09 23:22:29.198162,0 days 00:00:47.954982,0.41045189456904846,0.4274484766689666,2,0.240164480404111,0.04479598167251072,0.07055277124864015,0.05313606289148566,0.0749654409721726,0.06370040453790311,0.007491514699700388,8,108,0.005182179282454933,0.054660586168046366,True,False,False,5.845421789115224e-07,COMPLETE
693,0.4881788015365601,2025-04-09 23:22:29.414235,2025-04-09 23:23:19.406146,0 days 00:00:49.991911,0.44848974253364055,0.46505516788697643,2,0.2254257442724602,0.032561823577485265,0.06699950130625401,0.09837105238777223,0.07796124558986522,0.06635353906062266,0.01175059375989791,9,87,0.008422826677152388,0.03933812947229016,False,False,False,1.1144514912690863e-07,COMPLETE
694,0.5092353701591492,2025-04-09 23:23:19.634035,2025-04-09 23:24:03.066567,0 days 00:00:43.432532,0.47802945999578467,0.4045693287478932,2,0.2632759587090908,0.02091680212106274,0.056763278757337,0.060355867721662224,0.080988520212893,0.07047264466304652,0.09672995984828263,7,143,0.005875331009042977,0.013585575451845973,False,False,False,1.5720458286209997e-07,COMPLETE
695,0.1473070174455643,2025-04-09 23:24:03.284567,2025-04-09 23:24:43.059484,0 days 00:00:39.774917,0.4233833757968692,0.48793928043939183,2,0.24943467725343757,0.05038207281565873,0.061746692751540204,0.09609396903799948,0.08264063254553027,0.0576708194343666,0.00867025792117136,8,55,0.010594371262067546,0.2764926686572592,False,True,False,2.139953242142519e-07,COMPLETE
696,0.5235917806625366,2025-04-09 23:24:43.286790,2025-04-09 23:26:29.759225,0 days 00:01:46.472435,0.447313332235732,0.4444500143511816,2,0.25752818838876,0.037372094070987925,0.06378839309473447,0.019308846145326138,0.06905673830895649,0.06213369831850509,0.011842247108105608,27,50,0.0035414298974812256,0.04546711902644888,False,False,False,5.847016848698906e-08,COMPLETE
697,0.5431439518928528,2025-04-09 23:26:29.990615,2025-04-09 23:27:16.338019,0 days 00:00:46.347404,0.5107682279491815,0.42624196412263504,2,0.26048912466746865,0.04298219430388109,0.05884501248554848,0.022721228439669703,0.08431153547636594,0.06442173247323617,0.005072167350471083,8,47,0.0011275015661081945,0.050883871205444915,False,False,False,3.2239600008370895e-07,COMPLETE
698,0.5062590479850769,2025-04-09 23:27:16.555942,2025-04-09 23:28:06.110731,0 days 00:00:49.554789,0.40248664642186666,0.3816924831377831,2,0.18749086291249165,0.02978791566829356,0.01678203454596604,0.0941159618594204,0.07244679247853254,0.07726951961073351,0.009920484840430954,9,76,0.007371694882430129,0.033398098382537135,False,False,False,4.420735789231184e-07,COMPLETE
699,0.4268133640289307,2025-04-09 23:28:06.344119,2025-04-09 23:28:49.086738,0 days 00:00:42.742619,0.47762857472036374,0.4585298624149505,2,0.23463509474078273,0.05416367184466005,0.060136020727081685,0.0027012802484725398,0.07691404549251803,0.07229484363914056,0.0017704605916877606,7,89,0.05773953485864937,0.022265679280654,False,False,False,9.23515482008373e-08,COMPLETE
700,0.45922348499298093,2025-04-09 23:28:49.305264,2025-04-09 23:29:41.420734,0 days 00:00:52.115470,0.4321853253330465,0.36397429302368195,2,0.2497501519164202,0.037557090938520984,0.06502124213478475,0.09171520516637938,0.07047386748402475,0.059619897201941746,0.006883770724652944,10,80,0.052178673359253205,0.04191637407319265,False,False,False,1.761672206938396e-07,COMPLETE
701,0.5010029554367066,2025-04-09 23:29:41.651076,2025-04-09 23:30:21.821670,0 days 00:00:40.170594,0.46041278482412457,0.4832362010497741,2,0.2671390028654808,0.025056736996779492,0.05694980255458805,0.09838522141757557,0.07898764664306443,0.0673045726264211,0.008205324067132421,6,59,0.005097983258399584,0.06351609921074186,False,False,False,2.66075271470096e-07,COMPLETE
702,0.5266801953315735,2025-04-09 23:30:22.042054,2025-04-09 23:31:07.876891,0 days 00:00:45.834837,0.2824794120201257,0.4333717958848474,2,0.2636560491031674,0.0442617466665681,0.06887306818540037,0.050082418829168585,0.06753236125647435,0.0515484126496882,0.013762776525642754,8,49,0.002787576678186611,0.028107754809675138,False,False,False,1.441847100916666e-07,COMPLETE
703,0.12026874721050262,2025-04-09 23:31:08.108257,2025-04-09 23:31:45.728597,0 days 00:00:37.620340,0.4932119120462178,0.4096019943320305,2,0.24257604121869858,0.015113709050744113,0.07306393560744477,0.010338361477053479,0.0834516489538446,0.05438086460304982,0.010487191145632698,7,45,0.009149637903113367,0.0382670688258661,False,False,True,4.8567507232744266e-08,COMPLETE
704,0.5243431329727173,2025-04-09 23:31:45.966372,2025-04-09 23:32:31.963586,0 days 00:00:45.997214,0.38088361682369726,0.4589975791873493,2,0.255138892991699,0.03322235658740541,0.011995030352127166,0.09538761733272466,0.07574215538426769,0.06899282848723019,0.006031294888930757,8,53,0.007213827474421255,0.04764206836943195,False,False,False,3.622876990801983e-07,COMPLETE
705,0.42872986197471624,2025-04-09 23:32:32.185071,2025-04-09 23:33:21.794050,0 days 00:00:49.608979,0.42120031371678446,0.3086168514282709,2,0.26684275918386713,0.04841670480586097,0.06243974595818214,0.055607211785760474,0.08150623963853096,0.06299924298668864,0.007608425502822594,9,74,0.004174850005541126,0.016470567868228786,False,False,False,2.0616466433333872e-07,COMPLETE
706,0.5217558026313782,2025-04-09 23:33:22.031986,2025-04-09 23:34:08.260174,0 days 00:00:46.228188,0.4424026218600949,0.44170823025178063,2,0.2889108837505963,0.03935529692180361,0.06062900915094957,0.09687382466330811,0.08421726417145281,0.07466414714577238,0.01252625186992661,8,62,0.0010285885536125286,0.032828319171190216,False,False,False,2.6897562339271716e-07,COMPLETE
707,0.46005872488021854,2025-04-09 23:34:08.481084,2025-04-09 23:34:51.939707,0 days 00:00:43.458623,0.40230800883139695,0.3427707204146276,2,0.2579845031918519,0.03391544382671631,0.05540609169567578,0.024551090943591154,0.07350150169794178,0.06546131830551709,0.009195945651165306,7,132,0.010572578310739853,0.23007715583078203,False,False,False,1.2234868237077238e-07,COMPLETE
708,0.2785057663917542,2025-04-09 23:34:52.175046,2025-04-09 23:35:32.416312,0 days 00:00:40.241266,0.47178819583132736,0.39455266782620835,2,0.20918799649494846,0.05653713939830516,0.03980915014447398,0.020746841944960955,0.07005851824293648,0.06133804313465055,0.0031326802276446515,6,119,0.00556929221877335,0.02510509868496643,False,False,False,5.001413862965637e-07,COMPLETE
709,0.4151515543460846,2025-04-09 23:35:32.639231,2025-04-09 23:36:21.837824,0 days 00:00:49.198593,0.5120760431403601,0.4762494536981911,2,0.226738301027101,0.04294964430286037,0.05702336383043093,0.022320365657836946,0.07993633856907265,0.05714481109912626,0.016335004671977987,9,71,0.008043324692538522,0.056012477741340765,False,False,False,9.033046575297367e-08,COMPLETE
710,0.5094436764717103,2025-04-09 23:36:22.071980,2025-04-09 23:37:04.771266,0 days 00:00:42.699286,0.455854818182995,0.4236761899504662,2,0.2942857068916918,0.02399377176465707,0.0064096399587552835,0.008277484026948303,0.07495449749001738,0.07106649831064768,0.011129662048410326,7,65,0.003268099991974461,0.04311553482930969,False,False,False,2.1465403044862045e-07,COMPLETE
711,0.4153949856758118,2025-04-09 23:37:05.005584,2025-04-09 23:37:50.984045,0 days 00:00:45.978461,0.4934326980192506,0.4512858738701545,2,0.2482058344502361,0.05059458828476052,0.06571828810564999,0.006058159223386302,0.06776246297072819,0.05999603210525163,0.059523193098077895,8,43,0.07435717948406814,0.00787570593433511,True,False,False,7.476382529606685e-08,COMPLETE
712,0.5490509748458863,2025-04-09 23:37:51.206013,2025-04-09 23:38:35.108311,0 days 00:00:43.902298,0.42219124167578886,0.49167067516294644,2,0.04006993056031774,0.03011214169752961,0.060974790591664656,0.018400131951042786,0.0829343506722263,0.06757189659284171,0.020604958020885383,7,56,0.010810536398471403,0.03574879579669165,False,False,False,1.6191232647823575e-07,COMPLETE
713,0.16722413301467898,2025-04-09 23:38:35.344444,2025-04-09 23:39:09.958406,0 days 00:00:34.613962,0.18217098396654308,0.29412183671862996,2,0.26857796665778505,0.03997566039593195,0.056031941389304146,0.09409084720505942,0.07146690743387824,0.06505138327978142,0.008873402425656377,6,46,0.006318613242400904,0.050630803999645375,False,True,False,3.0246631524954883e-07,COMPLETE
714,0.49760468006134034,2025-04-09 23:39:10.180939,2025-04-09 23:40:41.551085,0 days 00:01:31.370146,0.4356100472376664,0.40451272081534145,2,0.23865287493523335,0.035564332266413215,0.0762737647233636,0.08974986433422026,0.07691606539711926,0.06383109877897226,0.0070470909175707605,22,136,0.0030551985838107453,0.029540935970274206,False,False,False,1.0869687062148777e-07,COMPLETE
715,0.559342110157013,2025-04-09 23:40:41.787832,2025-04-09 23:41:06.970261,0 days 00:00:25.182429,0.6716106710054923,0.3769339543532262,8,0.28391795409064274,0.048977810823934265,0.058728699898220334,0.0963069547492517,0.08191286363711031,0.05535545347325722,0.004207643437430672,10,70,0.008401932438024656,0.01912383918060505,False,False,False,4.1840153104010763e-07,COMPLETE
716,0.4692296028137207,2025-04-09 23:41:07.192078,2025-04-09 23:41:56.529890,0 days 00:00:49.337812,0.38224467105414717,0.42624492988877444,2,0.2624710443126655,0.043620261345149625,0.06367200997444138,0.0967276023012438,0.08484457258066505,0.0589071135641753,2.3909342021891922e-05,9,76,0.043660076556947036,0.04257005846858334,False,False,False,6.239947509121489e-08,COMPLETE
717,0.5016156435012817,2025-04-09 23:41:56.763621,2025-04-09 23:42:43.236800,0 days 00:00:46.473179,0.4780468376685801,0.45924526816339456,2,0.299391133257767,0.02681986765658273,0.05008451000325075,0.09972607782170463,0.07872743864588813,0.06220135104912338,0.0022490946881601644,8,82,0.001097220244793579,0.038536302233553935,False,False,False,1.988486746498946e-07,COMPLETE
718,0.4757004857063294,2025-04-09 23:42:43.474645,2025-04-09 23:43:05.528389,0 days 00:00:22.053744,0.40330422747994193,0.4711048310208032,8,0.25335905262881536,0.03609328547970304,0.05258895150585139,0.09283621172766914,0.08646016232762373,0.06931170831520597,0.03435463429949321,6,88,0.09516887628404569,0.024727835919939774,False,False,False,6.832779728024424e-07,COMPLETE
719,0.5153710722923279,2025-04-09 23:43:05.752784,2025-04-09 23:43:48.599869,0 days 00:00:42.847085,0.2986849069169938,0.3200063339782004,2,0.2674126768147648,0.017673119772396176,0.042076422032179546,0.02650623619998087,0.07286992764720196,0.06604321441063661,0.005303508077057874,7,67,0.004783940554724985,0.04790259588143941,False,False,False,1.4855657005519066e-07,COMPLETE
720,0.5067617177963257,2025-04-09 23:43:48.838576,2025-04-09 23:44:34.419349,0 days 00:00:45.580773,0.4668859489928213,0.10569764919782276,2,0.23312589906907955,0.054750829848863196,0.047420096751609506,0.02030973546307694,0.09452187200286565,0.07339616709041255,0.013988110524370715,8,63,0.011283170873086295,0.03313083623580726,False,False,False,2.5568962739730404e-07,COMPLETE
721,0.4442386686801911,2025-04-09 23:44:34.646389,2025-04-09 23:45:17.855228,0 days 00:00:43.208839,0.4473136713646411,0.4430635888512404,2,0.2602451075917945,0.0454865480955641,0.0375624285350986,0.09767942789987417,0.07014185825851553,0.06024124231715327,0.010279855084444161,7,59,0.006379238930331854,0.012376935290305298,False,False,False,9.416605169797208e-07,COMPLETE
722,0.0951808214187622,2025-04-09 23:45:18.090316,2025-04-09 23:45:42.558503,0 days 00:00:24.468187,0.5127295599816717,0.41692858384993065,8,0.24204056067376162,0.03153176098150324,0.06236081213870334,0.02329333070646791,0.08432251189568991,0.06224635141020784,0.007503226427380953,13,43,0.0034810051126644434,0.05814771588487904,False,False,True,3.4774248663181694e-07,COMPLETE
723,0.49795467853546144,2025-04-09 23:45:42.782856,2025-04-09 23:46:22.906055,0 days 00:00:40.123199,0.4942189427995284,0.3433774949346932,2,0.28565176231728473,0.04003517440846823,0.05920997194251663,0.09995947648237057,0.06583429800272998,0.05272743276698964,0.011984843924469286,6,49,0.008314704233601661,0.03712821095669595,False,False,False,1.1284469413017201e-07,COMPLETE
724,0.44535691738128663,2025-04-09 23:46:23.140249,2025-04-09 23:47:11.749365,0 days 00:00:48.609116,0.4271288542228634,0.4892383753647229,2,0.2788281149713084,0.04843465765336384,0.06742762089400224,0.03860985441192151,0.0807445952929554,0.07156940063449245,0.006131630393789292,9,39,0.06356953314297292,0.043542954664121544,False,False,False,8.299216841348547e-08,COMPLETE
725,0.5052274346351624,2025-04-09 23:47:11.988253,2025-04-09 23:47:35.499668,0 days 00:00:23.511415,0.39501990711780016,0.36459961366898286,8,0.27041234348945786,0.022638948814210497,0.030199278951536707,0.009093869682298672,0.07434651968176581,0.05778609931926631,0.016585980575626998,8,69,0.005122521697117062,0.03060464809780598,False,False,False,1.9003663838084352e-07,COMPLETE
726,0.34021743535995486,2025-04-09 23:47:35.725117,2025-04-09 23:48:21.709392,0 days 00:00:45.984275,0.6823928616447955,0.39032794331353243,2,0.2545875038399683,0.15541955747175734,0.04526445297186287,0.0041758603395567265,0.06844019160272599,0.06786543888270176,0.00944579604781707,8,47,0.0010328269288127697,0.05269943305584471,False,False,False,2.4417996447094014e-07,COMPLETE
727,0.3278197109699249,2025-04-09 23:48:21.951292,2025-04-09 23:49:08.028921,0 days 00:00:46.077629,0.369069950051644,0.9534474745519503,2,0.25052623068423296,0.22151347150296236,0.051018203584551586,0.019547022487987894,0.08511515756886831,0.06577340889950456,0.0078000522063782895,8,74,0.009524543631242511,0.0175512691828111,False,False,False,1.324884267538394e-07,COMPLETE
728,0.5158285260200501,2025-04-09 23:49:08.253572,2025-04-09 23:49:57.681016,0 days 00:00:49.427444,0.46227995032900293,0.43289603365186907,2,0.2632642663377605,0.030363222757271255,0.05520335228362572,0.094901339339498,0.08230549610373034,0.05003749933505082,0.012554091110989735,9,54,0.0029500708860972576,0.02343887556419131,False,False,False,3.151689723762963e-07,COMPLETE
729,0.48886368274688724,2025-04-09 23:49:57.919884,2025-04-09 23:50:20.603630,0 days 00:00:22.683746,0.6468843000170831,0.45021355528301804,8,0.2459150086041325,0.03877348030702345,0.04862927775108108,0.017221093190621563,0.08698102798518681,0.0631602223569816,0.008807338542291591,7,85,0.006845945957317585,0.037384225531008994,False,False,False,5.413899879148392e-07,COMPLETE
730,0.3297675907611847,2025-04-09 23:50:20.845331,2025-04-09 23:51:04.483469,0 days 00:00:43.638138,0.41390010578985836,0.4642315019998148,2,0.2761713574543827,0.056528190725984084,0.07363811485874348,0.048397106569988385,0.09294988011229802,0.06044306210660734,0.010327872547334358,7,79,0.011644807980745433,0.04665940083710845,True,False,False,4.5706772581238773e-08,COMPLETE
731,0.3283648431301117,2025-04-09 23:51:04.712827,2025-04-09 23:51:44.257518,0 days 00:00:39.544691,0.9752676616138417,0.4163260582575908,2,0.178469902278306,0.04273521012075933,0.03336848695113885,0.04372020067877616,0.07755638063435986,0.07584489633795885,0.006280813816936707,6,92,0.005070831351321822,0.029693350551131203,False,False,False,1.461803932499407e-07,COMPLETE
732,0.09953203052282333,2025-04-09 23:51:44.497084,2025-04-09 23:52:27.854075,0 days 00:00:43.356991,0.48225738451125577,0.4962912807408443,2,0.25749694149421004,0.033180592011122625,0.06356048464768531,0.011498664155356404,0.07985462730407099,0.05652056708043225,0.014580386050303765,9,65,0.0033825598284363285,0.04142126887346904,False,True,False,3.868394592561062e-07,COMPLETE
733,0.31786994338035585,2025-04-09 23:52:28.080628,2025-04-09 23:52:53.705423,0 days 00:00:25.624795,0.4533401150789198,0.47189661698921453,8,0.2699617942381517,0.04967087862861508,0.07797829629566638,0.09818551551852905,0.08341449715071748,0.06912298267388596,0.00498203725987829,10,72,0.007786560963568329,0.03536380587567711,False,False,False,1.0477278842890552e-07,COMPLETE
734,0.48768885135650636,2025-04-09 23:52:53.945933,2025-04-09 23:53:40.020224,0 days 00:00:46.074291,0.4362412884213893,0.4418912830138001,2,0.23112726728751964,0.027454098329727568,0.058250336394457335,0.02234437712868331,0.0719688781746827,0.06424491746877883,0.011706144119719953,8,60,0.00965158189396647,0.02669581701909715,False,False,False,1.7584918614221415e-07,COMPLETE
735,0.4985236048698426,2025-04-09 23:53:40.262590,2025-04-09 23:54:23.315480,0 days 00:00:43.052890,0.6340668395677912,0.4011622582804413,2,0.2830889813504394,0.037018754408930155,0.060953062608420705,0.006543282241456085,0.0880636263187327,0.07110525593124409,0.00826482008118917,7,41,0.005222518019035403,0.05432514584905087,False,False,False,6.601471156454415e-08,COMPLETE
736,0.5287850975990296,2025-04-09 23:54:23.544103,2025-04-09 23:54:47.023743,0 days 00:00:23.479640,0.3230149110697643,0.4259724624505417,8,0.2731377564727017,0.04269939621618075,0.05327768156079605,0.027129957810461125,0.06785686589208074,0.06691016078880505,0.00701987211935325,8,57,0.002672226277558502,0.020727513509494463,False,False,False,2.332087643713731e-07,COMPLETE
