number,value,datetime_start,datetime_complete,duration,params_alpha-eval,params_alpha-train,params_batch-size,params_eps-eval,params_eps-train,params_lambda-actions-eval,params_lambda-actions-train,params_lambda-frames-eval,params_lambda-frames-train,params_learning-rate,params_n-epochs,params_n-frames,params_radius-gw,params_rho,params_std-feats,params_ub-actions,params_ub-frames,params_weight-decay,state
169,0.5117345929145813,2025-04-17 02:45:57.610751,2025-04-17 02:46:24.684291,0 days 00:00:27.073540,0.02396412165792098,0.8814439498751493,16,0.2220398447399871,0.1807817570409135,0.09195996093919082,0.005538095843149593,0.010042869338525759,0.06991398534505695,4.5508402932693e-05,24,72,0.017642852462123527,0.06244740110564535,False,False,False,1.6346698980804727e-05,COMPLETE
170,0.10051288753747942,2025-04-17 02:46:24.739345,2025-04-17 02:46:49.488992,0 days 00:00:24.749647,0.03858484094689335,0.9121866072352036,16,0.2075646806816252,0.2023045975518732,0.09009471187744368,0.007229059932364997,0.006813268939151803,0.07538877042811931,3.9564753059321874e-05,25,75,0.014810822171353266,0.06285460687425433,False,False,True,2.1793027068522682e-05,COMPLETE
171,0.5168850183486938,2025-04-17 02:46:49.543844,2025-04-17 02:47:16.084598,0 days 00:00:26.540754,0.10728033157541517,0.8585895205654278,16,0.22690081824789024,0.1913592965736109,0.09290671031427775,0.008477642828062754,0.01175486464554789,0.07699430582274809,7.451111406217526e-05,23,77,0.018388430462218996,0.05474824634368301,False,False,False,1.2020647804141247e-05,COMPLETE
172,0.5412754416465759,2025-04-17 02:47:16.148650,2025-04-17 02:47:42.531940,0 days 00:00:26.383290,0.010522902393946154,0.9424453932880413,16,0.23360871153249513,0.1965386580622929,0.09630861536202036,0.00985758016344963,0.01511422774013482,0.07405147004365978,3.2193239912640306e-05,23,74,0.021612649802071483,0.0704494816301081,False,False,False,1.8584781187599905e-05,COMPLETE
173,0.4872525215148926,2025-04-17 02:47:42.588340,2025-04-17 02:48:09.106642,0 days 00:00:26.518302,0.053602364557633474,0.9331950246370689,16,0.23408864290578574,0.20639081105931686,0.09787610810585991,0.010141983264764835,0.014883459277440125,0.07364837065117007,4.852698899352009e-05,23,72,0.023482063345007475,0.06868301576072736,False,False,False,1.9163668802177315e-05,COMPLETE
174,0.4998131155967713,2025-04-17 02:48:09.163014,2025-04-17 02:48:36.026740,0 days 00:00:26.863726,0.013973862214027952,0.9545344397617108,16,0.21469180719158634,0.19012393550018802,0.09145013610733897,0.005132310506555611,0.020002520828688374,0.0722096270501931,3.483213098513252e-05,24,66,0.0163616004355582,0.04824126286284375,False,False,False,1.8730713419993104e-05,COMPLETE
175,0.4918949007987976,2025-04-17 02:48:36.083071,2025-04-17 02:49:02.841943,0 days 00:00:26.758872,0.01445180156265784,0.8992511504207941,16,0.2378167542844561,0.18010514780365694,0.08975023048718926,0.01202456380537296,0.008965972513624436,0.06740949207298982,4.167521072490879e-05,23,75,0.06320554966273938,0.07901465823597478,False,False,False,7.377344368744925e-06,COMPLETE
176,0.5423181533813477,2025-04-17 02:49:02.899230,2025-04-17 02:49:29.357873,0 days 00:00:26.458643,0.04686191564783461,0.925887791684565,16,0.23041222490540342,0.21096998267743475,0.09600624747063691,0.006600861584649,0.01769070417571737,0.07679074355436497,3.169639327472927e-05,23,70,0.02136585910580982,0.05618843226845954,False,False,False,3.126001237580911e-05,COMPLETE
177,0.10832272917032243,2025-04-17 02:49:29.415025,2025-04-17 02:49:53.317317,0 days 00:00:23.902292,0.04436045005089334,0.9285696224910642,16,0.22850050717658665,0.17468637650172383,0.0940609792904142,0.006699535605043747,0.017300629710838736,0.07756028480201527,3.0895483550814564e-05,24,70,0.018876382067342042,0.05802476629004298,False,True,False,2.9979025479476987e-05,COMPLETE
178,0.4997478008270264,2025-04-17 02:49:53.374170,2025-04-17 02:50:22.126136,0 days 00:00:28.751966,0.034430721040146474,0.8888208423634277,16,0.22194091450907621,0.20091275014543403,0.08799741073247729,0.004031181096961699,0.01811647625981368,0.07539515356246124,6.293535724051258e-05,25,64,0.026016448479794407,0.06325313887375547,True,False,False,9.349526767853997e-06,COMPLETE
179,0.3301301062107086,2025-04-17 02:50:22.182556,2025-04-17 02:50:48.616920,0 days 00:00:26.434364,0.05164395369495245,0.9702002328356911,16,0.23492277988500476,0.1885793888897871,0.0963125069498855,0.00976056058301875,0.015285402539498127,0.07801321529855221,0.00508499565884582,23,72,0.012581554070316263,0.03554731860117344,False,False,False,0.0005838192571389245,COMPLETE
180,0.49447895288467414,2025-04-17 02:50:48.674379,2025-04-17 02:51:15.958112,0 days 00:00:27.283733,0.07726127051242146,0.9453227466786913,16,0.21631737703926102,0.19577648820136956,0.09213708259960783,0.006698037338078525,0.013279938391588236,0.07865954116014937,3.132650320668716e-05,24,68,0.016469298341005762,0.04289803650889782,False,False,False,1.711639696674979e-05,COMPLETE
181,0.5302437901496888,2025-04-17 02:51:16.024969,2025-04-17 02:51:42.154112,0 days 00:00:26.129143,0.09348586518451474,0.9171095229883913,16,0.22690827492834217,0.21054090512666498,0.09990065258636777,0.00891642413418053,0.01231576788749443,0.07453446610530846,4.641820928809342e-05,22,81,0.02207221975817219,0.0710797639618442,False,False,False,3.1867981780049516e-05,COMPLETE
182,0.49944818019866943,2025-04-17 02:51:42.211742,2025-04-17 02:52:09.092867,0 days 00:00:26.881125,0.11596985118639208,0.8206405022463227,16,0.24407203265809727,0.21130153155052647,0.09750639599708487,0.011534295924840935,0.00967761726290877,0.06946902103239383,3.802413530516003e-05,23,78,0.020914881900022747,0.05443121734000875,False,False,False,2.1169660464735755e-05,COMPLETE
183,0.5387059569358825,2025-04-17 02:52:09.153731,2025-04-17 02:52:35.441421,0 days 00:00:26.287690,0.02456195612180067,0.7984810442021986,16,0.26347818512903265,0.20188835186756976,0.09605588586358552,0.00455198588858308,0.002980453630384427,0.07300879004198367,5.545270389485188e-05,22,74,0.0238748889635317,0.06451044899661931,False,False,False,2.758722276109994e-05,COMPLETE
184,0.5348764419555664,2025-04-17 02:52:35.502370,2025-04-17 02:53:02.021113,0 days 00:00:26.518743,0.027196714401217705,0.7991689549807972,16,0.26437754362637933,0.2009414337020098,0.0940130337057705,0.00473019923461292,0.007250159509977663,0.07604144326578006,5.501469194121745e-05,23,74,0.02390523987763721,0.06601599229140324,False,False,False,1.2319221191036195e-05,COMPLETE
185,0.5387377977371216,2025-04-17 02:53:02.079191,2025-04-17 02:53:28.207800,0 days 00:00:26.128609,0.01437157632944958,0.8980367696333232,16,0.23220637017874277,0.19186717507035644,0.09089921463598374,0.0027068494989980606,0.0035559613388099144,0.08058775626640767,3.0152123291836134e-05,22,70,0.018446559677543703,0.05932329414199151,False,False,False,2.8413686570087055e-05,COMPLETE
186,0.4994807600975037,2025-04-17 02:53:28.268985,2025-04-17 02:53:55.597990,0 days 00:00:27.329005,0.010747356820352083,0.8579186833205665,16,0.23166732553486355,0.18257672888457505,0.09043464056137011,0.001240667313888534,0.0031485007140988333,0.08243045044759935,2.9432148444405292e-05,25,66,0.027252981063898563,0.049009254010194875,False,False,False,3.0368951721856205e-05,COMPLETE
187,0.490221905708313,2025-04-17 02:53:55.658427,2025-04-17 02:54:22.581298,0 days 00:00:26.922871,0.059007753526263085,0.8838030605859424,16,0.22208896221553842,0.19059683721662246,0.08852873722264334,0.0025950748953262586,0.005448620707613341,0.08056121185172568,3.4215277767612686e-05,24,72,0.014742899908278349,0.05815707686500803,False,False,False,1.7087288265350322e-05,COMPLETE
188,0.5044390201568604,2025-04-17 02:54:22.640901,2025-04-17 02:54:48.723070,0 days 00:00:26.082169,0.01158522196070443,0.8273911745512513,16,0.23893461813414013,0.19540013986308621,0.09523075171493355,0.006094261720974262,0.0010649699147517594,0.0791890659926488,9.619352187905178e-05,22,77,0.02272255085549754,0.06291891269251051,False,False,False,4.754800105323778e-05,COMPLETE
189,0.524329972267151,2025-04-17 02:54:48.783263,2025-04-17 02:55:15.270400,0 days 00:00:26.487137,0.04455187097023194,0.8940121650160985,16,0.2353755306749215,0.1839798117941776,0.09238052730293439,0.0046968196567897195,0.0041231587326395515,0.07631327766125937,2.8469055078652544e-05,23,71,0.019984962718520828,0.05410611843960083,False,False,False,1.0272419265468419e-05,COMPLETE
190,0.5080965518951417,2025-04-17 02:55:15.340588,2025-04-17 02:55:41.708695,0 days 00:00:26.368107,0.06997811142391815,0.7538406679907365,16,0.2085047873144548,0.17442873835812775,0.09584730673849716,0.008667529542161254,0.0031283736556993627,0.08099170495385899,3.6488816380532715e-05,23,74,0.01699845637154953,0.045736591178962886,False,False,False,0.00042769825488156964,COMPLETE
191,0.5289007782936097,2025-04-17 02:55:41.769204,2025-04-17 02:56:08.153491,0 days 00:00:26.384287,0.028480614649125977,0.920143809684078,16,0.24735977339189724,0.20127307033640726,0.09093472390255286,0.00804514833106214,0.019594949887388177,0.0718829814589663,4.9768643891551746e-05,22,69,0.017848831875359867,0.0770994468737234,False,False,False,3.487387863611022e-05,COMPLETE
192,0.5149078249931336,2025-04-17 02:56:08.214936,2025-04-17 02:56:34.611387,0 days 00:00:26.396451,0.040699569165765774,0.9452145523434801,16,0.25613062658636165,0.21690945564940822,0.08824817049459854,0.002818964064047646,0.005260783027610427,0.07439966545614805,6.241575314329604e-05,22,75,0.01939272152265414,0.06755593670646787,False,False,False,2.7286290950667123e-05,COMPLETE
193,0.4913285255432129,2025-04-17 02:56:34.676430,2025-04-17 02:57:00.179689,0 days 00:00:25.503259,0.04904161262364313,0.784464369966177,16,0.2303424192425284,0.2053969661899266,0.09329395971230124,0.010475746866672277,0.015493511148263469,0.07769281882672963,4.1180204180937934e-05,21,66,0.024941488333106613,0.059465624727909734,False,False,False,2.0586834640733577e-05,COMPLETE
194,0.47429774999618535,2025-04-17 02:57:00.242328,2025-04-17 02:57:25.945225,0 days 00:00:25.702897,0.010974218921834795,0.9743251357152256,16,0.2403007634312518,0.22858943729717893,0.09633303837335201,0.006744179083362813,0.008346631477872563,0.08231882027626979,7.52687703848952e-05,21,70,0.014937040359022904,0.07343266289983649,False,False,False,1.6297410786367236e-05,COMPLETE
195,0.49539034366607665,2025-04-17 02:57:26.008206,2025-04-17 02:57:52.715092,0 days 00:00:26.706886,0.07552240136023305,0.7165513731256042,16,0.2664043359199382,0.19176662817976503,0.0929072256176437,0.013016149697299237,0.016994718083764133,0.07926382420544367,3.182680153641311e-05,24,63,0.021834980523901534,0.07959619912086664,False,False,False,4.008696744392903e-05,COMPLETE
196,0.5408807277679444,2025-04-17 02:57:52.779337,2025-04-17 02:58:19.084269,0 days 00:00:26.304932,0.03019472211792129,0.8690403095116505,16,0.2175015012573864,0.23852636978087088,0.0905550494679441,0.0010039808082239411,0.013763333766585726,0.07450511713421756,4.9964988942999626e-05,22,76,0.018461165662344813,0.06492889306576263,False,False,False,2.5137566616249776e-05,COMPLETE
197,0.5159656286239624,2025-04-17 02:58:19.146068,2025-04-17 02:58:45.734300,0 days 00:00:26.588232,0.09633039558801382,0.8667244980720608,16,0.21638043157482895,0.23849398213185327,0.09008404871571775,0.00346570302876055,0.013596846683741925,0.07688690884521479,5.754847287678766e-05,23,78,0.02018681239657873,0.05428028602091786,False,False,False,1.3696206420227015e-05,COMPLETE
198,0.5376494050025941,2025-04-17 02:58:45.806510,2025-04-17 02:59:12.403943,0 days 00:00:26.597433,0.05870780748893114,0.8421312306558966,16,0.22425689702027815,0.18755378684495422,0.09502318445550813,0.0011129144464022394,0.006322523603871937,0.07516006119069243,2.7937072180147188e-05,23,74,0.016389860093901514,0.06461900364810454,False,False,False,5.402782114455263e-05,COMPLETE
199,0.33632931113243103,2025-04-17 02:59:12.470234,2025-04-17 02:59:39.199648,0 days 00:00:26.729414,0.02886126908011992,0.8312761404156597,16,0.2236613672169208,0.18258263421262105,0.09528698019620285,0.0018754880711893888,0.0036235038235165763,0.0736349289476087,3.595222727385311e-05,22,79,0.012092923334111879,0.06605802141070251,False,False,False,5.612913821616492e-05,COMPLETE
200,0.4675869941711426,2025-04-17 02:59:39.262841,2025-04-17 03:00:05.735014,0 days 00:00:26.472173,0.05615836367510044,0.8498359315819957,16,0.20296391045277878,0.18795367866161825,0.09994026420819829,0.0011591678184199997,0.009712701678895454,0.07470794704788515,4.227784180990136e-05,23,73,0.016540968034585934,0.04187917076546045,False,False,False,2.7672092883187987e-05,COMPLETE
201,0.5317474603652954,2025-04-17 03:00:05.799471,2025-04-17 03:00:32.771880,0 days 00:00:26.972409,0.010030011234072978,0.8939765211166769,16,0.2270647061961901,0.20121350119557896,0.09400445980631349,0.004616836676566059,0.008156608445450353,0.08006929319917494,2.119498859735318e-05,23,76,0.017974433406134575,0.06166838407929489,False,False,False,4.862413626557833e-05,COMPLETE
202,0.33452842235565183,2025-04-17 03:00:32.836463,2025-04-17 03:01:00.013282,0 days 00:00:27.176819,0.06801481154668229,0.8022628225359165,16,0.23630792687675958,0.19439264862743005,0.09115442636506005,0.0061297454203243906,0.006395074516758988,0.07640030973259725,2.788902834711384e-05,24,70,0.013851272026419524,0.05169629347472185,False,False,False,2.091543895415037e-05,COMPLETE
203,0.5390621423721313,2025-04-17 03:01:00.078221,2025-04-17 03:01:26.185728,0 days 00:00:26.107507,0.03254426170030236,0.8741395591719087,16,0.2178854900717228,0.16831702281960573,0.09727250602170787,0.003846952750119607,0.01096915598581194,0.08239930391995835,2.634391951418993e-05,22,74,0.02304287879419816,0.06870364058038114,False,False,False,6.145389086102289e-05,COMPLETE
204,0.5000919461250305,2025-04-17 03:01:26.252668,2025-04-17 03:01:52.283934,0 days 00:00:26.031266,0.035494937209189135,0.875051642589934,16,0.21353647098456524,0.17158906709363714,0.09657192474911618,0.0010190657420660557,0.011381244395162662,0.08343798080330232,3.3252604901959725e-05,22,68,0.023916610021509865,0.06897811297983682,False,False,False,6.49189897029779e-05,COMPLETE
205,0.4836410760879517,2025-04-17 03:01:52.359279,2025-04-17 03:02:18.062880,0 days 00:00:25.703601,0.03053090862312299,0.8690045170204451,16,0.23103228169135293,0.16611867992853077,0.09785162036959169,0.0053742870738357935,0.013875677648713777,0.07874595801572952,5.2874468781668955e-05,21,73,0.05208068526132932,0.06525251000703712,False,False,False,3.7566269655897376e-05,COMPLETE
206,0.5020871996879578,2025-04-17 03:02:18.128004,2025-04-17 03:02:44.538334,0 days 00:00:26.410330,0.060924385150394014,0.8473935205087274,16,0.2421093831879427,0.1773279130736582,0.09408486363503435,0.003454507789500169,0.0022705528766111573,0.07204255951234627,2.541608476224951e-05,22,77,0.022004133520593654,0.08164123234076356,False,False,False,6.532496023025189e-05,COMPLETE
207,0.12619681358337403,2025-04-17 03:02:44.604697,2025-04-17 03:03:08.546843,0 days 00:00:23.942146,0.08797707512430676,0.9012629227037938,16,0.24558754440627042,0.1524091161177624,0.09775420649288843,0.0035473060249788394,0.01611259590207047,0.08534901672568067,3.971999434849015e-05,23,81,0.09175091952218555,0.059071855046429936,False,False,True,3.3118653933302016e-05,COMPLETE
208,0.5150288820266724,2025-04-17 03:03:08.612192,2025-04-17 03:03:34.774896,0 days 00:00:26.162704,0.050889882120679436,0.8154187522851802,16,0.21073269601888284,0.18072602045066027,0.09338386577178624,0.007002090698054263,0.012506666919735558,0.08866307280146257,7.839517758819851e-05,22,71,0.02565244795219508,0.07409734673973568,False,False,False,4.723168312222622e-05,COMPLETE
209,0.4942692875862122,2025-04-17 03:03:34.843449,2025-04-17 03:04:02.777553,0 days 00:00:27.934104,0.10567495767320363,0.8801913992356611,16,0.21909447703913962,0.26010175670796587,0.09573215517581575,0.0042971391513249415,0.010389997878117695,0.0822038566739346,2.963049870059895e-05,21,84,0.020561877159211622,0.04902149100282823,True,False,False,1.2266543274582284e-05,COMPLETE
210,0.11283803582191468,2025-04-17 03:04:02.845101,2025-04-17 03:04:26.406427,0 days 00:00:23.561326,0.028413650724994806,0.9239946156134037,16,0.25110589112329923,0.16311711825897682,0.09203907854661737,0.009796253265730484,0.005437615067785547,0.07539925782653333,4.709817297431008e-05,23,66,0.02815386928539007,0.06934429005731647,False,True,False,2.473429873910036e-05,COMPLETE
211,0.5247127294540406,2025-04-17 03:04:26.473395,2025-04-17 03:04:53.564605,0 days 00:00:27.091210,0.01014660240197016,0.7753164633022781,16,0.22466282223031336,0.19342023791353674,0.08855201892551266,0.008033742245749119,0.0076813968241240165,0.08100928661016632,2.0768634574031643e-05,24,74,0.01850497509972738,0.05916536570061931,False,False,False,0.0006637276050621676,COMPLETE
212,0.5311186194419861,2025-04-17 03:04:53.634196,2025-04-17 03:05:19.915916,0 days 00:00:26.281720,0.07884254128455348,0.752805922763905,16,0.2202261403949824,0.18600048292684584,0.09086801391005447,0.005372594946662855,0.013909116395665163,0.07747937661303646,2.6766936618170738e-05,22,75,0.015765162418124295,0.06470638723314248,False,False,False,1.679867070849118e-05,COMPLETE
213,0.5417594909667969,2025-04-17 03:05:19.993225,2025-04-17 03:05:46.521149,0 days 00:00:26.527924,0.034771488841666046,0.7830129436815335,16,0.2339774710473464,0.20661381140606946,0.09432953276445101,0.010694840335031895,0.007135452859047721,0.07951732905937371,3.520933803918871e-05,23,70,0.020055925581114686,0.05554987364267903,False,False,False,2.1456190762453965e-05,COMPLETE
214,0.5415456175804139,2025-04-17 03:05:46.589884,2025-04-17 03:06:13.133427,0 days 00:00:26.543543,0.044356085508451715,0.7258679292102493,16,0.2351516028155029,0.2077146946459903,0.09504642330725743,0.010848057407966709,0.0046481626341643625,0.0783963069808425,4.011319769905118e-05,23,69,0.02282019058395724,0.054732210177769636,False,False,False,1.9540789584662036e-05,COMPLETE
215,0.4968473792076111,2025-04-17 03:06:13.202058,2025-04-17 03:06:39.776763,0 days 00:00:26.574705,0.031574626314845,0.7268505450189809,16,0.23508457626321372,0.21543979183567896,0.09661103277725246,0.011461486463537148,0.0015203758985516654,0.07873515701752823,3.707467691431296e-05,23,68,0.023062429433471476,0.053589563684217974,False,False,False,1.9703049617380297e-05,COMPLETE
216,0.5021087050437928,2025-04-17 03:06:39.846105,2025-04-17 03:07:05.938902,0 days 00:00:26.092797,0.027991195046485087,0.7491987663892917,16,0.23955890046122505,0.2080148887882652,0.09875555110373246,0.00971623134780982,0.00422928609316447,0.08425649443214248,6.363616255049186e-05,22,71,0.024523364959969603,0.03999364041958665,False,False,False,1.4481596059306397e-05,COMPLETE
217,0.49160122871398926,2025-04-17 03:07:06.009294,2025-04-17 03:07:32.278298,0 days 00:00:26.269004,0.04718883645449422,0.707537400458168,16,0.2473056987737126,0.20803807497440324,0.09342163926610188,0.013340298075716628,0.017706221731634986,0.08222530885971895,4.557003523330559e-05,22,64,0.020528350558886754,0.056884076925848195,False,False,False,2.686703359287686e-05,COMPLETE
218,0.5512888193130494,2025-04-17 03:07:32.347084,2025-04-17 03:07:58.707240,0 days 00:00:26.360156,0.010034310728523205,0.7334351849775691,16,0.2330720195263162,0.21446098206570197,0.09477973938618726,0.007257731896766282,0.010543421684270284,0.08005769657226033,3.46976204763678e-05,23,61,0.022168377732754964,0.04838063745454036,False,False,False,1.085561048970136e-05,COMPLETE
219,0.5387003660202027,2025-04-17 03:07:58.776471,2025-04-17 03:08:25.374722,0 days 00:00:26.598251,0.010934923484523918,0.7902288292479533,16,0.23050881436013235,0.2240463650097022,0.08731458848353628,0.006879510129545401,0.01059636192598947,0.0800990842869375,3.548838125902312e-05,23,61,0.026890783194026,0.03040096701177432,False,False,False,2.324640729194925e-05,COMPLETE
220,0.5157882928848267,2025-04-17 03:08:25.454380,2025-04-17 03:08:52.524924,0 days 00:00:27.070544,0.03894075236921331,0.9100453320050762,16,0.23488096240213746,0.21263014028846994,0.0920041484456905,0.00786986780963978,0.008698411690877088,0.07793129319827533,3.3744139007347e-05,24,58,0.022249109090389445,0.04763197806924933,False,False,False,9.048808047673424e-06,COMPLETE
221,0.5127248644828797,2025-04-17 03:08:52.595069,2025-04-17 03:09:18.959403,0 days 00:00:26.364334,0.01003596072257365,0.7972450420897685,16,0.23025651670335537,0.22330331594844752,0.08705423512758335,0.00689114460695712,0.01077561219835979,0.0797593027077311,3.9236786692289886e-05,23,55,0.026516867909250307,0.05459966045414895,False,False,False,2.0002295968569415e-05,COMPLETE
222,0.4935048580169678,2025-04-17 03:09:19.029702,2025-04-17 03:09:45.654232,0 days 00:00:26.624530,0.010482809948980161,0.7723327822806376,16,0.2312607732395755,0.23012255409586388,0.08605829308306866,0.010310936435801868,0.011885309526449103,0.08065666741177316,3.260439170664747e-05,23,78,0.024062232500581683,0.027223367023022145,False,False,False,2.317372017895967e-05,COMPLETE
223,0.48001372814178467,2025-04-17 03:09:45.724316,2025-04-17 03:10:12.290755,0 days 00:00:26.566439,0.028386232276798175,0.9340580568265587,16,0.2414463392082453,0.22392261670023367,0.08845973982355604,0.0057680670957672,0.009808466477926523,0.07657686844087727,4.1352565539082246e-05,23,59,0.026575248405115545,0.03889297259530213,False,False,False,1.592378781193595e-05,COMPLETE
224,0.5084254384040833,2025-04-17 03:10:12.361503,2025-04-17 03:10:39.616344,0 days 00:00:27.254841,0.056162372478372455,0.7534497704678107,16,0.22715002294389078,0.21814462017598632,0.0897727706232493,0.008113925377885649,0.014770066389301253,0.08300727613181805,2.2439693827281994e-05,25,61,0.02213183411391593,0.018024241449801442,False,False,False,3.129132603967831e-05,COMPLETE
