number,value,datetime_start,datetime_complete,duration,params_alpha-eval,params_alpha-train,params_batch-size,params_eps-eval,params_eps-train,params_lambda-actions-eval,params_lambda-actions-train,params_lambda-frames-eval,params_lambda-frames-train,params_learning-rate,params_n-epochs,params_n-frames,params_radius-gw,params_rho,params_std-feats,params_ub-actions,params_ub-frames,params_weight-decay,state
1233,0.3360199451446534,2025-04-17 11:41:06.302338,2025-04-17 11:41:33.833826,0 days 00:00:27.531488,0.7631213992101654,0.7453795478441573,16,0.24098516109006257,0.13916408024071264,0.08797235207504243,0.007059518261396252,0.01361458030241123,0.09679856270146417,2.6976959108328223e-05,25,50,0.014576132020439562,0.17397778147492016,False,False,False,5.129973738366608e-06,COMPLETE
1234,0.4937714219093323,2025-04-17 11:41:34.248983,2025-04-17 11:42:01.202691,0 days 00:00:26.953708,0.13747807874421822,0.6448423263031496,16,0.22768046353896318,0.2048243078511842,0.09699439682542693,0.004077832284936625,0.02312431595636332,0.09217285190127669,3.4064221140716834e-05,24,65,0.036165456949085635,0.06456222665553774,False,False,False,1.042782844421231e-05,COMPLETE
1235,0.45246069431304936,2025-04-17 11:42:01.601053,2025-04-17 11:42:28.838178,0 days 00:00:27.237125,0.16251106656061215,0.5338854160004644,16,0.2591574877526316,0.19836785690149905,0.09235968004518749,0.03318774164750239,0.01913070228506604,0.09797816606008124,1.3137758126371383e-05,25,72,0.022841694168294287,0.099485736517638,False,False,False,6.283122996997632e-06,COMPLETE
1236,0.4658327341079712,2025-04-17 11:42:29.239962,2025-04-17 11:42:59.383615,0 days 00:00:30.143653,0.09891827719684726,0.6976248178331225,16,0.2682107146700666,0.25114814679374703,0.08968890808455282,0.009434177553005078,0.011687975268759296,0.0947510489599013,6.578479322563518e-05,27,149,0.029381822412117044,0.049482414846372745,False,False,False,1.015052293105506e-08,COMPLETE
1237,0.3389681935310364,2025-04-17 11:42:59.785934,2025-04-17 11:43:27.490195,0 days 00:00:27.704261,0.2107414575136774,0.720431002771036,16,0.2520526229713155,0.19003571006353476,0.09451307935926448,0.006101206803252358,0.016678614696916835,0.08831091001609112,2.1708502915992098e-05,26,57,0.01082197063969362,0.09403259064940601,False,False,False,2.610453237695684e-06,COMPLETE
1238,0.5245872616767884,2025-04-17 11:43:27.893116,2025-04-17 11:43:55.924055,0 days 00:00:28.030939,0.125448928026011,0.4506399774191502,16,0.24260845806231146,0.18138057311495942,0.07935417774864523,0.01196572583166454,0.022252445452167872,0.09610771068203999,4.095854384468258e-05,25,80,0.03241872089765532,0.07012989177853857,False,False,False,0.00011670945876613489,COMPLETE
1239,0.48771404027938847,2025-04-17 11:43:56.328481,2025-04-17 11:44:23.826433,0 days 00:00:27.497952,0.1817815916702026,0.6707483847874033,16,0.20821195337854334,0.2432288583141339,0.09996485611724207,0.0026065727683646303,0.02045461470426785,0.09819038436593856,3.0443439084011317e-05,24,62,0.017757035751567212,0.059653940637327346,False,False,False,2.0549097927633514e-05,COMPLETE
1240,0.5304680466651917,2025-04-17 11:44:24.222624,2025-04-17 11:45:00.071787,0 days 00:00:35.849163,0.07295472554916738,0.6302258009695093,8,0.19982540742350355,0.21314964571125944,0.09632027803948441,0.008177485468667374,0.014202577859032693,0.03080227172279264,1.6009420400283008e-05,23,75,0.02065518394401065,0.07471156525233814,False,False,False,2.7451320481280688e-08,COMPLETE
1241,0.5040902376174927,2025-04-17 11:45:00.473934,2025-04-17 11:45:26.997747,0 days 00:00:26.523813,0.15044714536960754,0.6050267251296477,16,0.2325560908623454,0.20172069357906808,0.08630898532536872,0.04849006756345095,0.01780022687101631,0.09071449847158783,2.575416455906465e-05,22,67,0.023650589688081362,0.08485188055511997,False,False,False,4.436047016002033e-06,COMPLETE
1242,0.316227513551712,2025-04-17 11:45:27.401140,2025-04-17 11:45:52.683340,0 days 00:00:25.282200,0.16845940997779754,0.6526120366688709,16,0.2737947122380168,0.19619078293973524,0.08310358616566357,0.010241668249662534,0.024281713725810602,0.09378506822103327,2.022919076555572e-05,20,59,0.0061437584611219636,0.05483666130502544,False,False,False,9.135595858444948e-06,COMPLETE
1243,0.4395962715148926,2025-04-17 11:45:53.085414,2025-04-17 11:47:37.598875,0 days 00:01:44.513461,0.19724579862808073,0.7850156747815348,2,0.25613685293027355,0.2073924476196445,0.06281106734892693,0.006279639609395423,0.008321444118526844,0.0984790295572052,0.00011927425717538029,26,99,0.027140559930317484,0.046106716776719195,False,False,False,1.7657942144758249e-06,COMPLETE
1244,0.5083585143089294,2025-04-17 11:47:37.999209,2025-04-17 11:48:04.402067,0 days 00:00:26.402858,0.22645744022473566,0.6864419330577238,16,0.19228956349272736,0.22126517887870686,0.09176625211107779,0.04334325785066765,0.03828924361913073,0.0956729995204547,4.5155653156842506e-05,21,90,0.02161150885437843,0.06507994711591003,False,False,False,3.300120465402694e-06,COMPLETE
1245,0.09466727823019029,2025-04-17 11:48:04.800487,2025-04-17 11:48:28.787460,0 days 00:00:23.986973,0.11050147200490097,0.5008206871334497,16,0.2161745924030534,0.17456492011372232,0.08884381186500279,0.004060311241756832,0.04188752847734327,0.08080309614675625,3.4558582714816446e-05,24,70,0.018131804011710925,0.08196806828920908,False,False,True,5.5378525969839824e-06,COMPLETE
1246,0.5347394108772278,2025-04-17 11:48:29.187396,2025-04-17 11:48:56.573877,0 days 00:00:27.386481,0.134836670844256,0.7385288021891564,16,0.264803450497648,0.25898565538171997,0.09832008015461029,0.01480966687261353,0.015783054962856542,0.04672484737667147,5.010999326122622e-05,25,66,0.02440708002688463,0.03883758299680673,False,False,False,3.954737789511262e-06,COMPLETE
1247,0.44440041780471806,2025-04-17 11:48:56.972558,2025-04-17 11:49:23.455277,0 days 00:00:26.482719,0.2554898310568886,0.7073246605047498,16,0.2462465042909322,0.19120946276184414,0.08082517286958774,0.00733901914510783,0.020901411810829634,0.09265968496883274,0.007886995668098258,22,61,0.01967327419768178,0.11488969905787394,False,False,False,6.8974116069041604e-06,COMPLETE
1248,0.10369753539562226,2025-04-17 11:49:23.858279,2025-04-17 11:49:51.587032,0 days 00:00:27.728753,0.15310085715632826,0.666484674328651,16,0.2375794589321684,0.2766660450555501,0.094406916857758,0.012002165869055826,0.02690639519702284,0.03317046836671681,1.841311913398762e-05,29,64,0.04117967356505395,0.0937773674906712,True,True,False,2.920581349992325e-06,COMPLETE
1249,0.3329806625843048,2025-04-17 11:49:51.989753,2025-04-17 11:50:19.717154,0 days 00:00:27.727401,0.08683759386382643,0.6166553399457697,16,0.22528068987916466,0.18269076206426335,0.09036095302389947,0.009175076342359867,0.018927388707817096,0.09995144626945664,0.0017751768206392975,26,55,0.012858074525775467,0.05775025413985111,False,False,False,5.0859643425321405e-06,COMPLETE
1250,0.47751997709274296,2025-04-17 11:50:20.117187,2025-04-17 11:50:46.467141,0 days 00:00:26.349954,0.18356327615905538,0.7572016731161335,16,0.2516472298394166,0.2035187821497331,0.08456700490770691,0.0303221225928759,0.004506819450462865,0.08930754126713802,2.37875332713354e-05,23,72,0.01668067275807088,0.048396392429274036,False,False,False,1.2596927913375646e-05,COMPLETE
1251,0.515338122844696,2025-04-17 11:50:46.866463,2025-04-17 11:51:13.959459,0 days 00:00:27.092996,0.2017101694374669,0.5549652516475674,16,0.26026871743755464,0.19645530817930967,0.09306870809273736,0.002757546756737792,0.02277300372412603,0.07674232114856736,3.0214969784442996e-05,24,77,0.021567451121627446,0.10441773027693876,False,False,False,6.9502321641019745e-06,COMPLETE
1252,0.5068729400634766,2025-04-17 11:51:14.362239,2025-04-17 11:51:42.860427,0 days 00:00:28.498188,0.12154473767919881,0.5840633203613183,16,0.26979117219556725,0.21421049375354567,0.08700545601660441,0.004868301910813966,0.054575074366684864,0.09655774652481766,3.766691876990871e-05,27,84,0.02545609960859381,0.08858035504329431,False,False,False,9.121492998487211e-06,COMPLETE
1253,0.5007420778274536,2025-04-17 11:51:43.268577,2025-04-17 11:52:08.354549,0 days 00:00:25.085972,0.167630628954511,0.7266678911216664,16,0.24474794423073215,0.2549480083682977,0.09566475747737738,0.008542305208064357,0.013687158386065254,0.09406793794192854,1.4122233154201534e-05,19,69,0.023030631278789314,0.06802755655358163,False,False,False,4.4199952154753084e-06,COMPLETE
1254,0.5239258766174317,2025-04-17 11:52:08.758793,2025-04-17 11:52:35.757853,0 days 00:00:26.999060,0.13859148029033494,0.6892735544265659,16,0.29066632623110433,0.2653650581046078,0.08198071836088361,0.03764980179751991,0.016549974079105786,0.09143578880191752,2.7049334121539116e-05,25,59,0.029287036275389557,0.07605451228736732,False,False,False,5.508015901821518e-06,COMPLETE
1255,0.4787570238113404,2025-04-17 11:52:36.179177,2025-04-17 11:53:01.209227,0 days 00:00:25.030050,0.23470213150106473,0.650046154237191,16,0.2368956745500672,0.1864684164068826,0.09799963495274422,0.012796954225114556,0.03054047449534065,0.09814535408431886,7.609898694334701e-05,20,63,0.020036518798392182,0.05325125162175304,False,False,False,3.220171747955905e-06,COMPLETE
1256,0.4843317866325379,2025-04-17 11:53:01.620334,2025-04-17 11:53:27.407005,0 days 00:00:25.786671,0.10603343227940287,0.7000322341835108,16,0.2767925027048344,0.2074934047871481,0.09145698035932452,0.016385442975576377,0.010915960851389269,0.09990191619433336,5.983798533600013e-05,21,67,0.015057960129595139,0.06151330053061907,False,False,False,2.2843627257485936e-06,COMPLETE
1257,0.5170372247695922,2025-04-17 11:53:27.814780,2025-04-17 11:53:55.831543,0 days 00:00:28.016763,0.20746149275813616,0.6739995917852553,16,0.254952716667278,0.23294507529965686,0.08512148850598054,0.027332252375415905,0.02567860551334723,0.09549772138134352,2.2231711944477348e-05,26,74,0.027018023726750207,0.041950650484545354,False,False,False,3.9903619195836485e-06,COMPLETE
1258,0.5165933251380921,2025-04-17 11:53:56.242456,2025-04-17 11:54:23.196370,0 days 00:00:26.953914,0.16633142999959194,0.629940263365729,16,0.17974225159008578,0.20037175232653898,0.04871001603707218,0.005874897993747052,0.020921299014330562,0.09281390567395877,1.8912361041976163e-05,24,65,0.01831981438466202,0.08275675711336679,False,False,False,2.164925896945094e-08,COMPLETE
1259,0.5206574082374573,2025-04-17 11:54:23.606324,2025-04-17 11:54:50.061685,0 days 00:00:26.455361,0.18419524334031737,0.7173928016739003,16,0.24784338331773248,0.19128393248844977,0.08916395288729512,0.010815927222267194,0.05913276462157918,0.0973200564981497,3.9142874633485624e-05,23,57,0.02210962070569209,0.050106540356267854,False,False,False,8.045053101170088e-06,COMPLETE
1260,0.5294019341468811,2025-04-17 11:54:50.469044,2025-04-17 11:55:18.008201,0 days 00:00:27.539157,0.47700900774990984,0.5994597804940399,16,0.2304505309464745,0.22500542493492545,0.0964406338303027,0.00759689455325788,0.017959866713027187,0.09439673150517196,2.8464224173572033e-05,25,70,0.02456339474019975,0.07048390610180554,False,False,False,5.945582420826236e-06,COMPLETE
1261,0.5283745050430299,2025-04-17 11:55:18.412327,2025-04-17 11:55:44.536345,0 days 00:00:26.124018,0.8581556887334166,0.7454065716112525,16,0.2608525793368378,0.19467031863915146,0.0782418567468101,0.040399755392387444,0.06778141508661478,0.04447257010679297,5.011480155240655e-05,22,61,0.020153377929578692,0.03246397080307507,False,False,False,4.895057155857033e-06,COMPLETE
1262,0.5011574149131774,2025-04-17 11:55:44.947227,2025-04-17 11:56:22.265944,0 days 00:00:37.318717,0.14609492186367545,0.6388217682875545,8,0.26579342785826177,0.17957961462005773,0.09338565394309734,0.00486626384117295,0.024018855714108455,0.03542901370475252,1.651704778772211e-05,25,65,0.023278103820144256,0.05925954714756132,False,False,False,1.1073925556108186e-05,COMPLETE
1263,0.5287830591201782,2025-04-17 11:56:22.672362,2025-04-17 11:56:48.413583,0 days 00:00:25.741221,0.059438004707951034,0.675973726791566,16,0.24079753372222903,0.1681699100456143,0.07612477519967996,0.013695308774300629,0.019430013270117525,0.0248537483868205,3.27221623082742e-05,21,81,0.015917454379530314,0.0769038685747486,False,False,False,3.6432665208200723e-06,COMPLETE
1264,0.09968830943107605,2025-04-17 11:56:48.823230,2025-04-17 11:57:15.089959,0 days 00:00:26.266729,0.13050660585750853,0.7062704604866723,16,0.2529899980025354,0.24738147767400293,0.08320109210412845,0.020763765135092427,0.015488794947071479,0.0964960899366525,2.3073169476666215e-05,28,88,0.028116896132762973,0.0920060735913672,False,False,True,7.55838095428381e-06,COMPLETE
1265,0.5285160303115845,2025-04-17 11:57:15.499464,2025-04-17 11:57:42.501478,0 days 00:00:27.002014,0.21207356507511815,0.7659345880860929,16,0.22172358753546317,0.2084297277239751,0.08796912768941227,0.009395461064590539,0.028342754198530457,0.08779232259317309,4.367124860792729e-05,24,71,0.025614606229547345,0.045630532326207465,False,False,False,5.182498644708883e-07,COMPLETE
1266,0.475753390789032,2025-04-17 11:57:42.906851,2025-04-17 11:59:26.235164,0 days 00:01:43.328313,0.09538647302672773,0.6544771181899635,2,0.23199078489184777,0.20045843791848122,0.09151745313652036,0.0011565068372854821,0.021572519691767617,0.04211700323457118,1.820612491349875e-05,26,93,0.018384643926866364,0.20999310689566092,False,False,False,2.6159784011969728e-06,COMPLETE
1267,0.20122494399547577,2025-04-17 11:59:26.639621,2025-04-17 11:59:52.598938,0 days 00:00:25.959317,0.15838958648328522,0.6179600255197311,16,0.2581376292993773,0.18660093390871113,0.09527870494080937,0.00788570090497808,0.03459726497216187,0.09017634745681236,2.9496662246274817e-05,27,52,0.0215976917992251,0.06288497398556218,True,True,False,6.340995287386085e-06,COMPLETE
1268,0.4599517107009888,2025-04-17 11:59:53.009314,2025-04-17 12:00:19.960734,0 days 00:00:26.951420,0.18556707355184915,0.7279720963071981,16,0.24758354974261748,0.2167025934555634,0.08024946563923778,0.0037216206140892813,0.012268850550331629,0.049087437457038426,0.00023159012103239813,24,60,0.03100770349298363,0.09863965720205936,False,False,False,3.5378792607516566e-05,COMPLETE
1269,0.5299405813217164,2025-04-17 12:00:20.371020,2025-04-17 12:00:47.641926,0 days 00:00:27.270906,0.11356334346988232,0.5745876712281607,16,0.26908557702420133,0.26100750623195795,0.09805058373090221,0.018165880674281123,0.017184142729014307,0.09500642956479308,3.5479951917077434e-05,25,68,0.023687303045171998,0.08667658551875262,False,False,False,4.333224319617742e-06,COMPLETE
1270,0.5159507036209107,2025-04-17 12:00:48.048954,2025-04-17 12:01:14.614652,0 days 00:00:26.565698,0.14611181804350276,0.5208851602643495,16,0.2404589510214774,0.19322301284846968,0.08624869511067786,0.005984992820669808,0.02494947888045393,0.07355602524733292,2.3483766782788477e-05,23,76,0.019877008513326883,0.05584403238348219,False,False,False,1.7640845109388442e-05,COMPLETE
1271,0.4568443655967712,2025-04-17 12:01:15.042637,2025-04-17 12:01:41.086160,0 days 00:00:26.043523,0.2308060487103643,0.688711095280762,16,0.26327163552382843,0.2038145464625237,0.0933337549787172,0.010105396827877379,0.022325431664584,0.07084451018303642,1.5110025659753647e-05,22,63,0.017312816171722988,0.07080383397423524,False,False,False,8.83501666805442e-06,COMPLETE
1272,0.3141700387001038,2025-04-17 12:01:41.504304,2025-04-17 12:02:09.021376,0 days 00:00:27.517072,0.1685433444972405,0.7127023793148038,16,0.25241228429637663,0.26959142144421294,0.0898502903797162,0.006938658834429689,0.019363800255356445,0.09219653029416844,1.213558024855287e-05,25,56,0.01343876205948361,0.039251269106662094,False,False,False,1.7867912378067098e-06,COMPLETE
1273,0.4747594475746155,2025-04-17 12:02:09.435285,2025-04-17 12:02:36.551094,0 days 00:00:27.115809,0.626646861794657,0.6683766065087434,16,0.28293885385101436,0.23989045528847394,0.08487844435143745,0.035648786595286995,0.014776384254472077,0.029288184772835943,5.7135192978715684e-05,24,72,0.0255912919416654,0.06514088360516124,False,False,False,5.555715844740689e-06,COMPLETE
1274,0.5363021731376648,2025-04-17 12:02:36.969321,2025-04-17 12:03:02.547897,0 days 00:00:25.578576,0.08122298242464976,0.5951910555803164,16,0.236227800254831,0.2535738886945825,0.09669505132792157,0.011218201413506556,0.020508450240370124,0.09988776054204858,2.6273943017050492e-05,20,85,0.02155109866092054,0.07947039763340982,False,False,False,3.254481833020494e-06,COMPLETE
1275,0.472691547870636,2025-04-17 12:03:02.960425,2025-04-17 12:03:30.918278,0 days 00:00:27.957853,0.1957561429972036,0.7366169351529672,16,0.22643669776906408,0.19775079735945103,0.08802615430673952,0.004109441531583306,0.017803988406127964,0.09817309992267453,4.011107754510117e-05,26,67,0.06425232716376938,0.049443146423770734,False,False,False,1.4181640756256776e-05,COMPLETE
1276,0.541748321056366,2025-04-17 12:03:31.330315,2025-04-17 12:04:00.700642,0 days 00:00:29.370327,0.12229583757208878,0.6955408279164655,16,0.27287244598477595,0.2108920064114041,0.0924837411436219,0.008088346718979351,0.023342381857173095,0.038516921290797125,1.955147276266488e-05,30,61,0.02310404138464923,0.0544201669085821,False,False,False,4.695453666199627e-06,COMPLETE
1277,0.5052040815353394,2025-04-17 12:04:01.114501,2025-04-17 12:04:28.658122,0 days 00:00:27.543621,0.027267015288497898,0.6393332186864668,16,0.25841295518703317,0.17569997774821977,0.0819183117647871,0.014100249465163597,0.01048510849499216,0.0941588075356173,3.1772555720826276e-05,25,64,0.019486998646541933,0.04367003344834684,False,False,False,1.382257557184161e-08,COMPLETE
1278,0.4864672064781189,2025-04-17 12:04:29.074200,2025-04-17 12:04:55.996944,0 days 00:00:26.922744,0.2604562074342466,0.6206659207409104,16,0.21260051637953542,0.1861405843412689,0.09995123605515055,0.0056063806692002675,0.01294294871576904,0.09652320916241672,2.3232556637959678e-05,24,58,0.027837710382388667,0.0735339124417452,False,False,False,7.184036387934795e-06,COMPLETE
1279,0.4867186307907105,2025-04-17 12:04:56.411244,2025-04-17 12:05:22.973689,0 days 00:00:26.562445,0.1761386113235584,0.550821887819658,16,0.24369954508730288,0.1911749087332536,0.09474423875614718,0.025047989504912292,0.0030283729132579355,0.09675740171881494,4.475312314647123e-05,23,70,0.03384004960997272,0.0887178835264479,False,False,False,2.6952739037779398e-06,COMPLETE
1280,0.49608839750289924,2025-04-17 12:05:23.385298,2025-04-17 12:05:51.901102,0 days 00:00:28.515804,0.21749390174509922,0.6695996766153329,16,0.16352784387768252,0.20337391964364762,0.09048410814752464,0.002751251388976266,0.00715780666681738,0.09199804986886335,2.795457694245049e-05,27,66,0.01650216275003497,0.05894139151905599,False,False,False,3.8090656211997014e-06,COMPLETE
1281,0.5401904463768006,2025-04-17 12:05:52.311182,2025-04-17 12:06:20.438243,0 days 00:00:28.127061,0.30815602934250225,0.7546421845578931,16,0.2476344842474412,0.19780364914525617,0.08367153032009968,0.031682557317197574,0.015745898633999646,0.08342752463438925,3.5520544290037024e-05,26,74,0.02477381063867095,0.10769324637788573,False,False,False,5.613089137344354e-06,COMPLETE
1282,0.4876506567001343,2025-04-17 12:06:20.850370,2025-04-17 12:06:46.213840,0 days 00:00:25.363470,0.1504306198583908,0.7225742067199202,16,0.13596471588200718,0.24836647015709776,0.0870242164637067,0.010894402162417488,0.01911162443565536,0.09442423040687144,1.977807125543712e-05,20,78,0.02072445413196429,0.06742030437394819,False,False,False,6.824991334042246e-06,COMPLETE
1283,0.09571355134248734,2025-04-17 12:06:46.626392,2025-04-17 12:07:09.987351,0 days 00:00:23.360959,0.19176084816838185,0.6531524757595322,16,0.2655274215962102,0.15922750266735888,0.09648692609881333,0.012698945604044389,0.026613846457105454,0.08944744861659057,5.238380775966562e-05,21,62,0.022342715891355613,0.08238239377637796,False,False,True,2.6880382168500456e-05,COMPLETE
1284,0.5430031061172486,2025-04-17 12:07:10.419429,2025-04-17 12:07:47.834059,0 days 00:00:37.414630,0.13338547250891025,0.6836150260152664,8,0.2341159457769225,0.18354003649436557,0.07890119964683007,0.009395032689272116,0.02174851579299213,0.08616634417011926,1.587397478677836e-05,25,69,0.01847070634846129,0.05395624481379421,False,False,False,9.964492739168594e-06,COMPLETE
1285,0.5240211486816406,2025-04-17 12:07:48.260119,2025-04-17 12:08:14.755635,0 days 00:00:26.495516,0.10076376478893886,0.706837308421831,16,0.2544039301099945,0.2222208239182142,0.025161736537279822,0.006357759202054437,0.024421528049388984,0.09999921273754206,2.406699936795899e-05,22,91,0.02655465033950683,0.04870527770583689,False,False,False,4.37610174634163e-06,COMPLETE
1286,0.5079412937164307,2025-04-17 12:08:15.174436,2025-04-17 12:08:43.043657,0 days 00:00:27.869221,0.17137852507160675,0.569673188674403,16,0.23884065324946754,0.20634322204356875,0.09350262662310835,0.002655920811370522,0.01382855265120088,0.0973165801975322,3.874412699213641e-05,26,54,0.029001779285125776,0.034215053468509504,False,False,False,0.0007815795012156312,COMPLETE
1287,0.09614165127277374,2025-04-17 12:08:43.459110,2025-04-17 12:10:11.795570,0 days 00:01:28.336460,0.15825385226367367,0.7879379243245304,2,0.21993555935087955,0.2139197592984753,0.09097496719058125,0.007575832543353284,0.016962553221980745,0.09349730903188254,6.432182727645744e-05,25,82,0.014760435109548904,0.09550827813733534,True,True,False,3.3401257281737796e-06,COMPLETE
1288,0.5094114780426026,2025-04-17 12:10:12.214995,2025-04-17 12:10:39.348492,0 days 00:00:27.133497,0.23497020919108275,0.6103720943183965,16,0.2501057679675388,0.19354922872065392,0.08857038061642687,0.015340901683456688,0.020066015658143737,0.0959210169872121,1.3204971538643066e-05,24,65,0.023659487986586798,0.07495248386964526,False,False,False,0.00015350441807700607,COMPLETE
