number,value,datetime_start,datetime_complete,duration,params_alpha-eval,params_alpha-train,params_batch-size,params_eps-eval,params_eps-train,params_lambda-actions-eval,params_lambda-actions-train,params_lambda-frames-eval,params_lambda-frames-train,params_learning-rate,params_n-epochs,params_n-frames,params_radius-gw,params_rho,params_std-feats,params_ub-actions,params_ub-frames,params_weight-decay,state
510,0.4806436061859131,2025-04-09 21:22:42.612263,2025-04-09 21:23:19.708710,0 days 00:00:37.096447,0.6568782640143654,0.2762098832059689,2,0.2888221519389439,0.04897117930820444,0.044651128115062076,0.09486558219302521,0.0881282626167004,0.049541074351939156,0.010173011472995448,5,70,0.013300053678128016,0.22593544320925166,False,False,False,2.1667417733794397e-07,COMPLETE
511,0.5064776301383973,2025-04-09 21:23:19.868982,2025-04-09 21:23:44.163346,0 days 00:00:24.294364,0.44667980937696644,0.22935891192452523,8,0.2829083041916107,0.04544635136390514,0.02211991061117731,0.017953986656163236,0.08233979439591269,0.045492779516401544,0.014419424026499565,9,35,0.006097658599663208,0.024115719909295404,False,False,False,3.433689550368232e-05,COMPLETE
512,0.5590763688087463,2025-04-09 21:23:44.324846,2025-04-09 21:24:27.405263,0 days 00:00:43.080417,0.6024355712453456,0.15836879800063908,2,0.2714113161431005,0.061839224095331616,0.04843527065865498,0.024689169624646227,0.0862588258311991,0.061909087744830636,0.008912504261772118,7,71,0.0011458834792046199,0.03672669813724211,False,False,False,1.7385595727537064e-07,COMPLETE
513,0.3404124259948731,2025-04-09 21:24:27.578749,2025-04-09 21:25:10.707945,0 days 00:00:43.129196,0.5950634012200292,0.18221436513729497,2,0.2998299235428671,0.06143181188414776,0.04814478890762022,0.025423313923576385,0.04582717846927842,0.0591471242311433,0.011489122327772439,7,72,0.0010538183254476523,0.030433640310208107,False,False,False,1.7880721619446363e-07,COMPLETE
514,0.3626788139343262,2025-04-09 21:25:10.869767,2025-04-09 21:25:54.070076,0 days 00:00:43.200309,0.3971068259678258,0.13623931724355057,2,0.27079763568458015,0.06741718604577969,0.04565894818579752,0.023358428720880082,0.07781823539435734,0.06582978559340902,0.005625074436248605,7,77,0.0022095483750034627,0.03655094909259728,False,False,False,3.6424656531352704e-06,COMPLETE
515,0.2634866535663605,2025-04-09 21:25:54.245086,2025-04-09 21:26:17.708117,0 days 00:00:23.463031,0.6015654766754497,0.1959743768207852,8,0.27819044997579184,0.0749287582170623,0.043246247032736204,0.02485728149038191,0.058217588484898816,0.055487099128891736,0.012472582842387805,8,74,0.0029239313794880146,0.027782061429009235,False,False,False,2.2699683462155477e-07,COMPLETE
516,0.511778736114502,2025-04-09 21:26:17.869751,2025-04-09 21:26:57.897764,0 days 00:00:40.028013,0.592512960035564,0.1154354992597951,2,0.27326070055006974,0.06728169409431041,0.04817624891300318,0.028274075142608695,0.08437924832571239,0.06078176557936589,0.00021385206029187994,6,68,0.002641608557446216,0.034675899070063944,False,False,False,3.7298957119768477e-07,COMPLETE
517,0.4435147881507874,2025-04-09 21:26:58.062458,2025-04-09 21:27:41.328143,0 days 00:00:43.265685,0.4834814591357137,0.1590661812924088,2,0.28549740066097984,0.05996948156937472,0.048578949580285295,0.02256174464139634,0.08064937591872093,0.06425751734887537,0.008869214018043416,7,71,0.004614688353934663,0.01947110034286239,True,False,False,1.6742116005839996e-07,COMPLETE
518,0.508071768283844,2025-04-09 21:27:41.502277,2025-04-09 21:28:24.272427,0 days 00:00:42.770150,0.372600511897272,0.07340524414691305,2,0.26722873006250114,0.054859961425601955,0.08243008554462802,0.02607219244849581,0.08633495422928537,0.07301657141507822,0.017041516806698406,7,74,0.014438563525041645,0.039573901387066165,False,False,False,2.483217458158031e-07,COMPLETE
519,0.5910970926284791,2025-04-09 21:28:24.434684,2025-04-09 21:28:58.519601,0 days 00:00:34.084917,0.6161375312067817,0.09428541030102697,8,0.2818992450006568,0.06400037379253506,0.05013091701658468,0.023911281206454693,0.08319264194355386,0.06749433783240948,0.006849235269074832,21,82,0.002196979836371039,0.025536963307315978,False,False,False,2.88140027437191e-07,COMPLETE
520,0.2322649300098419,2025-04-09 21:28:58.696138,2025-04-09 21:29:29.083551,0 days 00:00:30.387413,0.616085671270282,0.10333871768122667,8,0.2931052648040376,0.0734961320601874,0.04988942091021548,0.024670323271771467,0.08037615208181592,0.0687341178722565,0.005609885472099625,21,90,0.0025948192627755686,0.17967583437868417,False,True,False,6.0934243805622985e-05,COMPLETE
521,0.31444280147552495,2025-04-09 21:29:29.249184,2025-04-09 21:30:04.760123,0 days 00:00:35.510939,0.6273517183119335,0.16779045935298198,8,0.2832169192769473,0.06907052285192114,0.046115578826531306,0.021552401745142988,0.08304783069349413,0.06784828225437836,0.006660708720092446,23,84,0.0036558761247785653,0.012702589151993151,False,False,False,3.069157345644342e-07,COMPLETE
522,0.48488041162490847,2025-04-09 21:30:04.925251,2025-04-09 21:30:43.010459,0 days 00:00:38.085208,0.4304982973141364,0.11725787344493324,8,0.2883232448248173,0.06379842505860422,0.04924935743598487,0.023626377047862156,0.08142266320373778,0.07022551015370289,0.004752267400180376,26,67,0.08178231548646481,0.022305866555735458,False,False,False,3.079644302264411e-07,COMPLETE
523,0.511037814617157,2025-04-09 21:30:43.183881,2025-04-09 21:31:16.406673,0 days 00:00:33.222792,0.585489056678796,0.08362716040171352,8,0.17170749462384055,0.06040143027009264,0.051510133675592755,0.027244989952531346,0.0840615659835033,0.06616061162535507,0.0001350034026755009,20,70,0.0017362406445489374,0.025279927076992253,False,False,False,4.051937960410099e-07,COMPLETE
524,0.4805508852005005,2025-04-09 21:31:16.569818,2025-04-09 21:31:51.198059,0 days 00:00:34.628241,0.6104224379210115,0.08414590345145614,8,0.27629334581688403,0.06851296554859714,0.046497717438901257,0.019397434805771812,0.07806138993348644,0.06719678642535759,0.00693554077752595,21,147,0.003974291287443208,0.017539538154052986,False,False,False,4.898653623195938e-07,COMPLETE
525,0.3403930723667145,2025-04-09 21:31:51.372733,2025-04-09 21:32:29.017277,0 days 00:00:37.644544,0.32492005945727775,0.11791682999426652,8,0.16449246880861107,0.08654206913927931,0.05222592458713106,0.02066922034384569,0.06819872789855268,0.07170118840929558,0.004503772836987609,25,87,0.0015410149746493424,0.02867706981695325,False,False,False,2.0670094020336447e-07,COMPLETE
526,0.5444313049316406,2025-04-09 21:32:29.181430,2025-04-09 21:33:01.742265,0 days 00:00:32.560835,0.5758183991464951,0.06729281985683577,8,0.2828667888376188,0.06334011427604795,0.06546556229171678,0.02652973441198615,0.013176970483312955,0.06443262134399055,0.008477527728664934,19,80,0.0015271178484540667,0.005215322176915966,False,False,False,2.652290067217309e-07,COMPLETE
527,0.5058144450187684,2025-04-09 21:33:01.906820,2025-04-09 21:33:37.937061,0 days 00:00:36.030241,0.6239677080511646,0.09317352605866097,8,0.26956722428676283,0.057971954067796275,0.05013788545339816,0.030045308404893282,0.06477051418928975,0.0695888587037397,0.005865016589502606,23,50,0.0010995367666812002,0.03438747069561835,False,False,False,3.753248033517938e-07,COMPLETE
528,0.3100565791130066,2025-04-09 21:33:38.111736,2025-04-09 21:33:59.245000,0 days 00:00:21.133264,0.38594723324484154,0.16132021394718674,8,0.157415791721641,0.08310556213706818,0.04778144709547373,0.02505211407896613,0.0535541389323755,0.07450982366575219,0.007610015069423784,5,83,0.00410984275473384,0.04275440663208114,False,False,False,2.7632892660899033e-07,COMPLETE
529,0.09378920942544938,2025-04-09 21:33:59.411022,2025-04-09 21:34:20.332604,0 days 00:00:20.921582,0.5511592097679401,0.15092775243377893,8,0.26432983278757255,0.05376623817906041,0.003393391916541512,0.021669690964641785,0.08327376772438023,0.06596567720371554,0.009678722228209587,8,65,0.004937960966117375,0.013875147485437896,False,False,True,0.00027613885392151026,COMPLETE
530,0.36157088279724126,2025-04-09 21:34:20.509708,2025-04-09 21:34:40.145104,0 days 00:00:19.635396,0.41160801608381986,0.22527392636075588,16,0.27863692112591976,0.05160894234200812,0.04483258560951995,0.09728704333784842,0.08579685490988775,0.06280348474639522,0.006716228495505762,8,44,0.02049987537095133,0.023420390690110277,False,False,False,1.9370985525422498e-07,COMPLETE
531,0.3385168731212616,2025-04-09 21:34:40.311787,2025-04-09 21:35:12.945339,0 days 00:00:32.633552,0.5922425508086013,0.18038061163246008,8,0.27192412451526426,0.14452953317359143,0.05141923886314408,0.02291825898842737,0.08522631422227724,0.04833090873778341,0.0007539223324449772,19,48,0.004691429075259889,0.03230973108411072,False,False,False,5.824725861696951e-07,COMPLETE
532,0.3234714925289154,2025-04-09 21:35:13.127083,2025-04-09 21:35:35.206371,0 days 00:00:22.079288,0.46281361655750397,0.13020705188521997,8,0.28905497091809895,0.07521865788882938,0.04297415430804584,0.02890076714047516,0.08239658267339499,0.06773938164970823,0.014069645953366308,6,82,0.00750301418254185,0.045316597418588025,False,False,False,3.250394714328027e-07,COMPLETE
533,0.507750678062439,2025-04-09 21:35:35.373340,2025-04-09 21:35:59.260116,0 days 00:00:23.886776,0.5032570641496091,0.24111517124325849,16,0.2636339971449859,0.05497241269121743,0.08642796814681186,0.03380368436183101,0.035418170061594145,0.07840697690904164,0.000622045542784356,17,66,0.0011696900216569591,0.03764936058787851,False,False,False,2.293556442162881e-07,COMPLETE
534,0.5627657055854798,2025-04-09 21:35:59.426959,2025-04-09 21:36:21.091699,0 days 00:00:21.664740,0.6467730272605887,0.25493662463808786,8,0.0037787666048749446,0.0491926478441227,0.04806322075919188,0.02393805874636923,0.06695789288249483,0.07092795213488039,0.010834665330766961,6,53,0.004612221460308264,0.028057678217110308,False,False,False,1.9056447558207555e-07,COMPLETE
535,0.5473253607749939,2025-04-09 21:36:21.268513,2025-04-09 21:36:43.228716,0 days 00:00:21.960203,0.6324409083507407,0.20996664036095902,8,0.11809019263125772,0.05659648490864869,0.046786152221266426,0.027075961260862792,0.06600985909833312,0.07417470509048081,0.01974411572290389,6,52,0.003889282454521358,0.02014595979426711,False,False,False,1.4701336096569636e-07,COMPLETE
536,0.4729135274887085,2025-04-09 21:36:43.395585,2025-04-09 21:37:06.166596,0 days 00:00:22.771011,0.6783837199374947,0.29233129920325085,8,0.013958753375035304,0.0673016007370536,0.041100682002649665,0.023719084110011817,0.06939076234711647,0.07184985377729051,0.012615367418445931,7,55,0.0034729757343483158,0.04160444128167748,False,False,False,1.6481093787838636e-07,COMPLETE
537,0.4309826970100403,2025-04-09 21:37:06.347407,2025-04-09 21:37:30.041152,0 days 00:00:23.693745,0.6703619640960483,0.25285160992509986,8,0.2799936022119871,0.0499665178977136,0.044547400112947326,0.02417547030455018,0.06353491433886328,0.07105262439901995,0.010479215325503293,8,55,0.0057559589507363874,0.029385824039839185,True,False,False,1.7678500136736897e-07,COMPLETE
538,0.3306472659111023,2025-04-09 21:37:30.209222,2025-04-09 21:38:04.968285,0 days 00:00:34.759063,0.6419118298324104,0.2516819824912895,8,0.2741740106442579,0.06150171758286775,0.04776801045050151,0.021970263399986506,0.06672770168017372,0.07622337826815316,1.6760608254528385e-05,22,58,0.0011896007975358452,0.0491323222094858,False,False,False,1.9427018537264835e-07,COMPLETE
539,0.10984523445367814,2025-04-09 21:38:05.139674,2025-04-09 21:38:24.716356,0 days 00:00:19.576682,0.6523482215108667,0.2777846450813781,8,0.07773652545351814,0.05059081573736389,0.05361489688608878,0.019102749412871614,0.06730694655868252,0.06884841949738804,0.01536658559538563,6,53,0.004601269979402357,0.036420578176334095,False,True,False,0.0003392804953781385,COMPLETE
540,0.4982250809669495,2025-04-09 21:38:24.896319,2025-04-09 21:38:47.378933,0 days 00:00:22.482614,0.6511799576859661,0.2527596391713887,8,0.2719426835871219,0.04699520814032197,0.04859950321801263,0.026090313195901865,0.07134867826675044,0.066702697238054,0.010806022334897074,7,53,0.017362899291737975,0.012591996418648175,False,False,False,1.5491955099447454e-07,COMPLETE
541,0.5077960133552551,2025-04-09 21:38:47.547440,2025-04-09 21:39:11.846880,0 days 00:00:24.299440,0.6132804637288778,0.20875675660857132,8,0.28136069945076814,0.04182623760672412,0.0739312029787964,0.020420137801219384,0.06343728007077108,0.07317947393641755,0.012467241113532297,9,50,0.00267900556794666,0.023078803771206843,False,False,False,1.8115131136078015e-05,COMPLETE
542,0.4667737722396851,2025-04-09 21:39:12.025665,2025-04-09 21:39:35.519767,0 days 00:00:23.494102,0.3413832160729344,0.2891956097235503,8,0.06721012387237055,0.05401227565039239,0.07672276309775042,0.02970827987357097,0.061339347673434054,0.06914645133860003,0.008994122882457935,8,58,0.07136686073756121,0.04405370888553902,False,False,False,1.309247136654307e-07,COMPLETE
543,0.41963234543800354,2025-04-09 21:39:35.690986,2025-04-09 21:40:04.169231,0 days 00:00:28.478245,0.6648468187859774,0.3121845451561108,8,0.10900571564276675,0.06363255739137685,0.05140310501293064,0.032379931164955446,0.0686960451054737,0.07089791527588371,0.01577935260405967,14,49,0.006660330506061571,0.033022308606601734,False,False,False,4.306317331433789e-07,COMPLETE
544,0.3338045358657837,2025-04-09 21:40:04.350483,2025-04-09 21:40:26.179779,0 days 00:00:21.829296,0.3666773723073459,0.8264369738999106,8,0.19364307770428468,0.04700485242869252,0.04534614870822384,0.016765454217465062,0.08900585755251356,0.06571422642855627,0.011872776419007457,6,61,0.005484176322696689,0.03931485584643925,False,False,False,4.1016648154654435e-08,COMPLETE
545,0.544797158241272,2025-04-09 21:40:26.350457,2025-04-09 21:40:48.886222,0 days 00:00:22.535765,0.6314182949762659,0.26257634292693244,8,0.2667864651690503,0.039769807962876456,0.05750723578597206,0.023547781410476,0.07444327300768051,0.0646766642418089,0.022880246462826714,7,47,0.009542810382633679,0.02889645298295691,False,False,False,0.00023897853134027025,COMPLETE
546,0.48571122884750373,2025-04-09 21:40:49.056089,2025-04-09 21:41:13.287738,0 days 00:00:24.231649,0.4253278045157934,0.18901275300553932,8,0.29093410838112554,0.056631060406428846,0.06355112792309428,0.03789768949028877,0.06632665264163272,0.06998945124500298,0.009901944412867226,9,58,0.0010465331754690266,0.05585664187739203,False,False,False,0.00048010407882144424,COMPLETE
547,0.41828356981277465,2025-04-09 21:41:13.469314,2025-04-09 21:41:33.593380,0 days 00:00:20.124066,0.6935986638850082,0.05626266381483339,16,0.27560362926910376,0.04370132822259984,0.041874554041392946,0.020380515400377483,0.07173787738949725,0.007553530753988369,0.0004475369185484169,8,51,0.015485816004207387,0.049672912575276076,False,False,False,1.083055202256138e-07,COMPLETE
548,0.10240634381771088,2025-04-09 21:41:33.764374,2025-04-09 21:41:53.153471,0 days 00:00:19.389097,0.6193011242216628,0.22346238462421925,8,0.055264060168767955,0.07920999910400214,0.04983209245541352,0.02571929929282592,0.08622995296289078,0.06771175630949638,0.018441215658352404,6,56,0.0039950072651964465,0.020682750780686893,False,False,True,2.0640645991998824e-07,COMPLETE
549,0.5037154197692871,2025-04-09 21:41:53.336479,2025-04-09 21:42:15.965819,0 days 00:00:22.629340,0.39903678683996413,0.1405272552080693,8,0.03718707658043436,0.04976085831326463,0.05365909480452854,0.027914291661033083,0.07916296217619984,0.06286566366837837,0.01416701592218978,7,46,0.019296773368436174,0.040069408007374095,False,False,False,2.3408386940950527e-07,COMPLETE
550,0.5042054414749146,2025-04-09 21:42:16.137861,2025-04-09 21:42:35.988973,0 days 00:00:19.851112,0.49328170007581407,0.26846778377666114,16,0.284643270601725,0.03666865787280598,0.04664854204612717,0.021810079972238355,0.06516603302497548,0.07352579213323937,0.0012816126394890061,8,62,0.006424595667928833,0.0343966533001498,False,False,False,7.066735863549062e-08,COMPLETE
551,0.48512068986892704,2025-04-09 21:42:36.172614,2025-04-09 21:42:58.836108,0 days 00:00:22.663494,0.5174287423037628,0.23803006922162562,8,0.26815417467364866,0.04117545680096504,0.061074078402039766,0.018331454141161867,0.08338225681666928,0.08465233729520366,0.00886538204975818,7,70,0.010040462058967721,0.01696897080413976,False,False,False,1.5535494395881581e-07,COMPLETE
552,0.5145562052726746,2025-04-09 21:42:59.008744,2025-04-09 21:43:38.967068,0 days 00:00:39.958324,0.6408099948074736,0.3073123263883103,2,0.2599738388987318,0.02921544948136577,0.05174751155801674,0.09436385103929701,0.06892357454208058,0.06436564356290446,0.011355631231955649,6,53,0.011711476566214615,0.02689111417991909,False,False,False,3.24456826285359e-07,COMPLETE
553,0.5052706122398376,2025-04-09 21:43:39.151625,2025-04-09 21:44:19.154222,0 days 00:00:40.002597,0.6061592597772629,0.17229082829508366,2,0.2954690165411864,0.019045327724116164,0.04370878703839083,0.035266795880604856,0.08781414512467241,0.06739938820312025,0.013839096248496606,6,46,0.007565445631208773,0.044212129868452896,False,False,False,9.412764685627874e-08,COMPLETE
554,0.5072683334350586,2025-04-09 21:44:19.327845,2025-04-09 21:45:05.329059,0 days 00:00:46.001214,0.3511611383621421,0.10975911454585677,2,0.2644828347511943,0.060730301773044934,0.04848711281003718,0.010363916318366993,0.0843332848126289,0.07083463951549768,0.008075182283929045,8,65,0.02380413839602966,0.009401105842212721,False,False,False,1.3053434677073175e-07,COMPLETE
555,0.5144760012626648,2025-04-09 21:45:05.501791,2025-04-09 21:45:40.280015,0 days 00:00:34.778224,0.46853771448820414,0.059348415397584786,8,0.27838092744125736,0.03613079246018789,0.05657799918465458,0.09643022434326162,0.0813706908643135,0.06264636398139765,0.009988175481711044,22,59,0.0031900354030399737,0.03137988025922179,False,False,False,2.6862039868199715e-07,COMPLETE
556,0.3295311570167542,2025-04-09 21:45:40.462514,2025-04-09 21:47:34.509328,0 days 00:01:54.046814,0.6101406781871891,0.9985708190508338,2,0.27316325727966045,0.04889265635595987,0.053400078534836616,0.02443561661779018,0.089864743499356,0.042570869013329085,0.011703354795490279,29,49,0.013538296097417064,0.046928268043386304,True,False,False,1.8872368661800603e-07,COMPLETE
557,0.34044634699821474,2025-04-09 21:47:34.682703,2025-04-09 21:48:23.957843,0 days 00:00:49.275140,0.30824147470783664,0.7115139076331289,2,0.2697466349967237,0.12001604975130659,0.050740049833798456,0.03131329053152717,0.08654262802177351,0.06573327153475886,0.01772495033604683,9,69,0.00498111019205466,0.11908847634550303,False,False,False,6.964969403493461e-07,COMPLETE
558,0.13155795037746432,2025-04-09 21:48:24.144620,2025-04-09 21:48:41.454003,0 days 00:00:17.309383,0.6584454144146862,0.3246701858324442,16,0.26185248121372434,0.0441223116751519,0.046831607133856375,0.015210885514769424,0.076282023251903,0.07697632376537349,0.008168493219332178,7,65,0.008973775147342065,0.038276718347343745,False,True,False,3.7339856152499564e-07,COMPLETE
559,0.4812393665313721,2025-04-09 21:48:41.627729,2025-04-09 21:49:05.389744,0 days 00:00:23.762015,0.5665265307900168,0.2159049045019566,8,0.28333891864304167,0.07012049997758736,0.05851753939624982,0.09853759046689764,0.06314307209095565,0.0726454878624109,0.010532092464606645,8,77,0.016290661468470673,0.05559972252115743,False,False,False,7.469586231701727e-08,COMPLETE
560,0.33215647339820864,2025-04-09 21:49:05.579813,2025-04-09 21:49:48.262972,0 days 00:00:42.683159,0.43844251235117104,0.62932609021896,2,0.14163812186677693,0.11027883009743429,0.04900129488413146,0.0069127311759219125,0.06989863784293342,0.026402915793323076,0.014285836804795823,7,62,0.011895454653038004,0.02223897461191178,False,False,False,0.00018424732272885434,COMPLETE
561,0.47066739797592166,2025-04-09 21:49:48.438266,2025-04-09 21:50:25.078563,0 days 00:00:36.640297,0.38058772711968686,0.27930291390278406,2,0.29028165197170913,0.05292554604245295,0.03882130112179994,0.017858575241261818,0.08921961086173925,0.06905132344774499,0.00655777621763866,5,72,0.0027095464481899176,0.06569120447426374,False,False,False,2.0912529282893552e-07,COMPLETE
562,0.5214359045028687,2025-04-09 21:50:25.253184,2025-04-09 21:50:49.604379,0 days 00:00:24.351195,0.63252340524411,0.09128248663953703,8,0.2684615803756701,0.024786809517616283,0.045923402119327134,0.01269224036397714,0.05985438919685415,0.06360303571392695,0.009150876642199789,9,44,0.00730808833841778,0.032060406334366395,False,False,False,4.632736331177406e-07,COMPLETE
563,0.5063563346862794,2025-04-09 21:50:49.789166,2025-04-09 21:51:32.531764,0 days 00:00:42.742598,0.5368452787563256,0.13038302395103263,2,0.2749613757424549,0.03368227201292635,0.055100401920023453,0.027835066685534565,0.08484219877610981,0.0039574045002081434,0.012374042981218226,7,55,0.014635086748291429,0.025483361648828376,False,False,False,1.3638389067420338e-07,COMPLETE
564,0.471589183807373,2025-04-09 21:51:32.710202,2025-04-09 21:52:18.698053,0 days 00:00:45.987851,0.5947755077124948,0.33981061837796595,2,0.2626578957959758,0.04072954201443216,0.006717774015007267,0.09184898080882502,0.06727123215618477,0.06769762223067836,0.015957784245011795,8,50,0.005453698759907397,0.0013157498082234584,False,False,False,0.0003025727292027211,COMPLETE
565,0.48611446619033816,2025-04-09 21:52:18.885434,2025-04-09 21:52:40.520871,0 days 00:00:21.635437,0.6284355034628742,0.15206881841385053,8,0.28110124350113974,0.04753276117782439,0.052094348962020226,0.020092476001566887,0.08718340527142658,0.06154116221486557,0.047316193524499166,6,60,0.010213720463630909,0.038672457386180956,False,False,False,1.0176099881612719e-07,COMPLETE
