number,value,datetime_start,datetime_complete,duration,params_alpha-eval,params_alpha-train,params_batch-size,params_eps-eval,params_eps-train,params_lambda-actions-eval,params_lambda-actions-train,params_lambda-frames-eval,params_lambda-frames-train,params_learning-rate,params_n-epochs,params_n-frames,params_radius-gw,params_rho,params_std-feats,params_ub-actions,params_ub-frames,params_weight-decay,state
1355,0.42918154001235964,2025-04-10 08:24:31.500988,2025-04-10 08:25:31.814948,0 days 00:01:00.313960,0.5343387382311018,0.6022608029800991,2,0.29997316164768195,0.03571063287726967,0.07582951919386842,0.0982660139364198,0.04765752761849535,0.015988387894720714,0.0012848441406005545,12,125,0.009085956697617508,0.06487597555485713,False,False,False,1.623762744667444e-08,COMPLETE
1356,0.5180776953697205,2025-04-10 08:25:32.252834,2025-04-10 08:26:31.691316,0 days 00:00:59.438482,0.5020155810953394,0.5787853446288842,2,0.28582213839427356,0.029644178161911415,0.07113809514500302,0.095314348071771,0.043300381797386836,0.008363014014126893,0.0007060456030283981,12,134,0.005905677361736494,0.07263927083442995,False,False,False,2.7290077011076037e-08,COMPLETE
1357,0.5137588620185852,2025-04-10 08:26:32.125862,2025-04-10 08:27:34.923984,0 days 00:01:02.798122,0.5815587052328601,0.5450820819939238,2,0.28998546714022244,0.02263128213693209,0.0752552058711645,0.09976102900233244,0.04947757632032841,0.011800063305960505,0.0015776598834426247,13,128,0.002915060602671863,0.06391974890206556,False,False,False,9.697073073546292e-08,COMPLETE
1358,0.30630298852920534,2025-04-10 08:27:35.358757,2025-04-10 08:28:35.113941,0 days 00:00:59.755184,0.5499936536460918,0.5644213880868892,2,0.29344244318970963,0.03468690481578957,0.07344731422598445,0.09667848256873503,0.05093469146472343,0.014286672452159617,0.0009857228836931508,12,131,0.00708477902859779,0.06993799068880145,False,False,False,2.430733998262637e-08,COMPLETE
1359,0.3306425213813782,2025-04-10 08:28:35.549636,2025-04-10 08:29:42.802505,0 days 00:01:07.252869,0.4825024697862279,0.608779973629924,2,0.28539369844923534,0.14492253495257126,0.0774744965163494,0.09997777818942716,0.04579517729847726,0.006449005716191305,0.0012241097645263779,14,124,0.004725317266983978,0.07923693217612574,False,False,False,8.008276085583719e-08,COMPLETE
1360,0.5252007722854615,2025-04-10 08:29:43.259258,2025-04-10 08:30:06.557167,0 days 00:00:23.297909,0.526820738211295,0.5895911529922189,16,0.29318529300956286,0.027451040184033826,0.07160350703946443,0.09488522639857938,0.04731791567839203,0.009602018892509301,0.0008358821017439941,13,136,0.0027042345910609205,0.06218068143004501,False,False,False,1.8101109395716614e-08,COMPLETE
1361,0.12386813461780549,2025-04-10 08:30:06.996671,2025-04-10 08:30:58.914570,0 days 00:00:51.917899,0.5140606563763424,0.5359773087637798,2,0.2999868793654758,0.016983865490645185,0.08090664488540987,0.0978367731795353,0.043105207571835724,0.0029825242858009804,0.0016421608500397312,12,127,0.008351434532644926,0.07368806378971963,False,False,True,3.749894198312538e-08,COMPLETE
1362,0.4351065158843994,2025-04-10 08:30:59.359401,2025-04-10 08:32:02.301145,0 days 00:01:02.941744,0.5498403204705278,0.573351302626106,2,0.2901069993237787,0.035925163937292406,0.07301780027710704,0.0952602894848575,0.04452118497406252,0.012225017539444818,0.0013727214250720278,13,131,0.010921338204757353,0.0678315100594808,False,False,False,5.800173327253277e-08,COMPLETE
1363,0.5237478613853455,2025-04-10 08:32:02.737845,2025-04-10 08:33:02.684407,0 days 00:00:59.946562,0.5004864494408375,0.5137146163348876,2,0.2844661079974996,0.023912480638513638,0.0769185387817588,0.09816427543172265,0.05101013845094287,0.02757343466399023,0.001867588757622668,12,140,0.0010029928084041109,0.08160270071552127,False,False,False,7.505334536140892e-08,COMPLETE
1364,0.3342675149440766,2025-04-10 08:33:03.120558,2025-04-10 08:34:06.102710,0 days 00:01:02.982152,0.5705202430939001,0.5543990547353397,2,0.2942506351618285,0.18396374744100163,0.07083741485576482,0.0965674129846952,0.04819890777005696,0.007508299864783631,0.0010900609424034742,13,129,0.0055126370041990586,0.06073725144752163,False,False,False,9.964099943527622e-08,COMPLETE
1365,0.38511189818382263,2025-04-10 08:34:06.542150,2025-04-10 08:35:05.829299,0 days 00:00:59.287149,0.5304911243585204,0.6216508684945444,2,0.2900366277980172,0.03081853721181737,0.07480357001438971,0.09999495966462624,0.046224065638138065,0.0104683069338792,0.0015585216735608705,12,134,0.00403647504582049,0.07547506280030537,False,False,False,5.118309846847695e-08,COMPLETE
1366,0.5121012330055237,2025-04-10 08:35:06.263794,2025-04-10 08:36:15.192205,0 days 00:01:08.928411,0.4803691036537546,0.5952796317795781,2,0.27981884972850707,0.01867869430902979,0.07160489444076915,0.09408052416774468,0.04928906625690917,0.01781354988140683,0.0009196917030279696,15,124,0.007056123473946388,0.06749735947337365,False,False,False,3.741339215338293e-08,COMPLETE
1367,0.6047772765159607,2025-04-10 08:36:15.645513,2025-04-10 08:37:15.703617,0 days 00:01:00.058104,0.5179602935038105,0.5734448145690348,2,0.29449484886167804,0.02943154673152975,0.0740688206102838,0.09996108510013582,0.04082216027654398,0.005332524918787076,0.0011879099407827742,12,127,0.0028249690044367583,0.07228365931666618,False,False,False,6.823169333093659e-08,COMPLETE
1368,0.49070744514465336,2025-04-10 08:37:16.146344,2025-04-10 08:38:13.489970,0 days 00:00:57.343626,0.5563776553243133,0.5821124685696003,2,0.29999336593433157,0.012153068646032399,0.07719196062863497,0.09791825895044279,0.040064196323798505,0.004545964885139307,0.000681219858816608,11,17,0.0025973161572386983,0.06219464582973081,True,False,False,8.499618106635617e-08,COMPLETE
1369,0.531699287891388,2025-04-10 08:38:13.928414,2025-04-10 08:39:13.050181,0 days 00:00:59.121767,0.5387772662946666,0.6183052618944809,2,0.2944674973628271,0.024916774564862923,0.07402427964557838,0.0983886812053109,0.040160811856585286,0.0012908296626137792,0.0008475672808375208,12,132,0.0025112156025093434,0.06711256170590829,False,False,False,9.387556316961539e-08,COMPLETE
1370,0.33756548166275024,2025-04-10 08:39:13.493504,2025-04-10 08:40:02.814478,0 days 00:00:49.320974,0.5185837100623244,0.6040536657583983,2,0.2849260951538396,0.020660221379277092,0.07589956228393255,0.09831938137084102,0.040268015950054685,0.004405833953037821,0.0010973697914872529,11,136,0.00110137722240531,0.08260380430436318,False,True,False,7.36988053099199e-08,COMPLETE
1371,0.5006314873695373,2025-04-10 08:40:03.250864,2025-04-10 08:40:26.170649,0 days 00:00:22.919785,0.5769377846391734,0.5734225947636017,16,0.2949247297206723,0.028259916764865212,0.07963839900829847,0.09992501592649228,0.04195463316897276,0.0028056775399404195,0.001185455213825214,13,129,0.0028285940797537217,0.058600187640653875,False,False,False,1.4550691111424153e-08,COMPLETE
1372,0.5101134061813355,2025-04-10 08:40:26.611564,2025-04-10 08:41:26.361571,0 days 00:00:59.750007,0.5438147758115082,0.592861269068864,2,0.28955291093557867,0.016754194903314864,0.07424011176513219,0.09979547753889512,0.04280868336942416,0.005899527653017598,0.0009372015235814928,12,127,0.002851499586136977,0.07333617565070746,False,False,False,5.679890409469085e-08,COMPLETE
1373,0.5317622423171997,2025-04-10 08:41:26.820950,2025-04-10 08:42:33.330935,0 days 00:01:06.509985,0.5218478543841654,0.6255443986225137,2,0.2947848074479726,0.025318405079611906,0.07058423993272134,0.09792478705040034,0.039366361305320674,0.005310303424019788,0.0012795371668519507,14,132,0.0010742866117638044,0.06302320136378448,False,False,False,2.5311432088220172e-08,COMPLETE
1374,0.3356064319610596,2025-04-10 08:42:33.773573,2025-04-10 08:43:30.419052,0 days 00:00:56.645479,0.5611627861889265,0.5669387333017667,2,0.28508549597828614,0.03631517259049809,0.07354955924088202,0.09660673862774222,0.041677764637407105,0.0029852541772422596,0.0007529704418888935,11,138,0.0040631483853355715,0.07594726239224642,False,False,False,1.0191547658685963e-07,COMPLETE
1375,0.5908299326896668,2025-04-10 08:43:30.860767,2025-04-10 08:44:33.933041,0 days 00:01:03.072274,0.531263705081062,0.6020282972969241,2,0.2802938123606559,0.029933474036502258,0.07592694299017239,0.09994027885061603,0.04329412205921374,0.007164531929429849,0.001792660871312476,13,130,0.004546459644131005,0.06759468288772172,False,False,False,4.541212895727443e-08,COMPLETE
1376,0.5152684450149536,2025-04-10 08:44:34.387405,2025-04-10 08:45:33.800058,0 days 00:00:59.412653,0.5121685834712518,0.5781864489208397,2,0.29405518296348465,0.020060554951588462,0.07780045383505593,0.0968794110474955,0.04481955556330168,0.014622713718581658,0.0010392446905544933,12,135,0.004073812753422636,0.2348774258196153,False,False,False,7.296451718082005e-08,COMPLETE
1377,0.38364014029502874,2025-04-10 08:45:34.242626,2025-04-10 08:46:31.116640,0 days 00:00:56.874014,0.5515239063290938,0.5573494913819199,2,0.28918517369145896,0.0365219226619785,0.0732096215480239,0.09596859366022699,0.04107487380129783,0.006265272135974467,0.0004797039678489803,11,127,0.0025769731624828186,0.07965818806365206,False,False,False,6.16494178111727e-08,COMPLETE
1378,0.3326554358005524,2025-04-10 08:46:31.558963,2025-04-10 08:47:30.693641,0 days 00:00:59.134678,0.5308623048169918,0.6353608143594851,2,0.29407289327891567,0.008274238969140549,0.07516001736293082,0.09808269448074873,0.04497057449227261,0.012988594109746884,0.0012905385156767053,12,131,0.004714443326896051,0.22063028008420682,False,False,False,1.0076947353771404e-07,COMPLETE
1379,0.0893657311797142,2025-04-10 08:47:31.155485,2025-04-10 08:48:25.751621,0 days 00:00:54.596136,0.5761916496382425,0.5897622335091548,2,0.29959036904288694,0.10330841828121806,0.07324612548191664,0.09632641291588397,0.05140789909034626,0.00857198404678866,0.0019256128441040676,13,127,0.0028113328041518893,0.06061868560005549,False,False,True,3.716060981554474e-08,COMPLETE
1380,0.5232345819473267,2025-04-10 08:48:26.198940,2025-04-10 08:49:22.594839,0 days 00:00:56.395899,0.5086349691431586,0.6037740772941045,2,0.2853390916939032,0.025565478255953313,0.0793461184331156,0.09987285514946835,0.042740982334573345,0.011001101405468105,0.0008639545183602062,11,123,0.005756776924059371,0.07003563378464747,False,False,False,5.128112418354576e-08,COMPLETE
1381,0.4108945906162262,2025-04-10 08:49:23.043885,2025-04-10 08:50:17.145754,0 days 00:00:54.101869,0.5406675754645552,0.5556690783012482,2,0.29028862682108614,0.01606615883561558,0.07701445281157152,0.09823062257747063,0.046764147499826346,0.004540037487516747,0.001585917255334087,10,133,0.0010359088295328477,0.05840033987639651,False,False,False,8.226955632662718e-08,COMPLETE
1382,0.3696924507617951,2025-04-10 08:50:17.595223,2025-04-10 08:50:40.197115,0 days 00:00:22.601892,0.5622164270811715,0.5814671312578817,16,0.29978541230546707,0.030453795177725656,0.07175821058829834,0.09531490596682352,0.03916500906958889,0.016289730634451053,0.0006238121696840706,12,130,0.005342274729442896,0.06498185729957631,False,False,False,6.881373591308123e-08,COMPLETE
1383,0.5252016067504883,2025-04-10 08:50:40.645189,2025-04-10 08:51:46.329608,0 days 00:01:05.684419,0.5096089055895795,0.6177008331758496,2,0.2794206262778278,0.022479700675459624,0.08166939280909338,0.09987814708154368,0.04427257255303342,0.00938170535712797,0.0011305357809519394,14,126,0.002901287484064259,0.07514552080007465,False,False,False,2.8449332729055563e-08,COMPLETE
1384,0.35976250767707824,2025-04-10 08:51:46.778305,2025-04-10 08:52:43.811583,0 days 00:00:57.033278,0.5411566549474428,0.5670160925990899,2,0.29023993360197003,0.09076346714999306,0.07504964206168646,0.09669835364618208,0.049497189948064776,0.007033857360602242,0.0013829885467718764,11,134,0.004164898962833159,0.08394042800076566,False,False,False,4.2504616545099853e-08,COMPLETE
1385,0.596220886707306,2025-04-10 08:52:44.274392,2025-04-10 08:53:37.373369,0 days 00:00:53.098977,0.5226263891586651,0.5480429284412616,2,0.293942919179964,0.03081855060904959,0.07212734616564691,0.0943230853722972,0.05148145448108238,0.011981357321666362,0.0018613164988919588,10,123,0.005750414760835527,0.0715544598457471,False,False,False,9.672192265481244e-08,COMPLETE
1386,0.36256464123725896,2025-04-10 08:53:37.822431,2025-04-10 08:54:37.216824,0 days 00:00:59.394393,0.5789709575551636,0.6353183881759659,2,0.2846740602650443,0.03541205162964588,0.07280044154374259,0.09810052656683405,0.04561933035562917,0.014368357237926021,0.0009507043733351956,12,143,0.0024134561667228252,0.0640751916309677,False,False,False,5.753282744152517e-08,COMPLETE
1387,0.5242382645606994,2025-04-10 08:54:37.662477,2025-04-10 08:55:41.774021,0 days 00:01:04.111544,0.4979302874379234,0.5934298477120389,2,0.29454117430040533,0.015398385749543681,0.07792996582291478,0.09622915318493849,0.04775640139762079,0.0034145005314293007,0.0021523250087525712,13,129,0.004421665333850109,0.05804068545333611,True,False,False,7.759149293056221e-08,COMPLETE
1388,0.6005210399627686,2025-04-10 08:55:42.222730,2025-04-10 08:56:38.855799,0 days 00:00:56.633069,0.5461874635065582,0.6101550330938462,2,0.29989894285509455,0.026590659963496383,0.07532366170216621,0.09459818743389427,0.04101700477698832,0.02053952327431475,0.001578611363197618,11,136,0.006263824467212383,0.06901104285776832,False,False,False,4.76777889846107e-08,COMPLETE
1389,0.1351416826248169,2025-04-10 08:56:39.300766,2025-04-10 08:57:28.182810,0 days 00:00:48.882044,0.5559287368590421,0.614889614998731,2,0.29953289494007707,0.021219742498088993,0.07687869267354837,0.0937929771177375,0.03889417063861318,0.020348085535993387,0.0015240445833539728,11,138,0.008427430956450354,0.06904100616185345,False,True,False,3.106559259401193e-08,COMPLETE
1390,0.419836699962616,2025-04-10 08:57:28.649967,2025-04-10 08:58:25.328731,0 days 00:00:56.678764,0.5865306313198008,0.6409040802124526,2,0.2956945146478524,0.013710021500340315,0.0796950990806723,0.09498151005886397,0.03911654988602397,0.018721441969048656,0.0017156173372300315,11,136,0.006677617732507587,0.07903454477230973,False,False,False,4.164000839962008e-08,COMPLETE
1391,0.09427145123481752,2025-04-10 08:58:25.780707,2025-04-10 08:59:21.048933,0 days 00:00:55.268226,0.562639556286013,0.6223479790589045,2,0.2947399338203966,0.024648367410447323,0.07446530737195013,0.09332383573419785,0.04074814003784275,0.020713326471824004,0.0012104645169883964,11,138,0.008486526036329895,0.07119394274194422,False,False,False,3.624235117048536e-08,COMPLETE
1392,0.5206600189208984,2025-04-10 08:59:21.503202,2025-04-10 09:00:21.586921,0 days 00:01:00.083719,0.5423047716522702,0.6075933623059054,2,0.2995824470464117,0.020652410404637587,0.07556235699680078,0.09559577869242221,0.041033622714901304,0.014568569860326123,0.002096061758013734,12,135,0.00647323790529318,0.07681038304983061,False,False,False,4.7528859112957395e-08,COMPLETE
1393,0.2828107297420502,2025-04-10 09:00:22.035791,2025-04-10 09:01:18.227049,0 days 00:00:56.191258,0.5645146672655097,0.6486011749892104,2,0.288138263264404,0.03633794999785066,0.0757352687798728,0.09805773976952235,0.0423506490277736,0.013505443351435185,0.00144532336569359,11,133,0.002778010706620427,0.06366575930692246,False,False,False,1.712533172555516e-08,COMPLETE
1394,0.41002958416938784,2025-04-10 09:01:18.671811,2025-04-10 09:01:41.518292,0 days 00:00:22.846481,0.5357372302742053,0.595440419149032,16,0.29011756281630674,0.009920303750356853,0.07802267345885197,0.0940127414952068,0.04208249094262516,0.016737628938480586,0.00177273611862698,12,139,0.005960289789299632,0.05695774690904429,False,False,False,5.200373595550899e-08,COMPLETE
1395,0.4196631908416748,2025-04-10 09:01:41.971193,2025-04-10 09:02:40.843593,0 days 00:00:58.872400,0.5842800746668337,0.6276709754493385,2,0.2945937948424137,0.02793960763976675,0.07308156021912121,0.09664218026910379,0.037559074453313336,0.017484944245767534,0.001301072627875036,12,134,0.0104054572421425,0.0683592194254545,False,False,False,3.2917305699556806e-08,COMPLETE
1396,0.4710842251777649,2025-04-10 09:02:41.310417,2025-04-10 09:03:37.679903,0 days 00:00:56.369486,0.520212135949422,0.5877919540018907,2,0.29986608809575493,0.036611913417524324,0.07090411447511542,0.09989340036825427,0.04369611780798547,0.010451256900294404,0.0009986521604902886,11,132,0.004348545760343221,0.082525345741429,False,False,False,4.4524422087572775e-08,COMPLETE
1397,0.09427145123481752,2025-04-10 09:03:38.135596,2025-04-10 09:04:33.085336,0 days 00:00:54.949740,0.5466369984121678,0.6064853269004101,2,0.2873714327332764,0.018636010765856605,0.07478401859875343,0.0967993640055603,0.04087335641038236,0.012459362800205266,0.0016267302346131237,11,137,0.0075029004631306006,0.07367644793873937,False,False,False,5.9370916998127335e-08,COMPLETE
1398,0.08598392009735108,2025-04-10 09:04:33.533209,2025-04-10 09:05:25.751592,0 days 00:00:52.218383,0.5277262558237167,0.5771191059767554,2,0.2938186086163462,0.026261674161579644,0.0765985859155102,0.09475684367731262,0.04310234350193657,0.024213242314614223,0.002257368967990268,12,131,0.0025956353734768386,0.06259580590369176,False,False,True,2.7053591261448648e-08,COMPLETE
1399,0.26753605604171754,2025-04-10 09:05:26.203305,2025-04-10 09:06:26.099570,0 days 00:00:59.896265,0.5578599315775439,0.6263739844839925,2,0.2849785280392296,0.030206873076641494,0.07921900810193809,0.09807126844178436,0.046193268253031175,0.016009926659372592,2.9932319374653423e-05,12,136,0.005075004446824786,0.05284554169859654,False,False,False,6.110330497411327e-08,COMPLETE
1400,0.09427145123481752,2025-04-10 09:06:26.553720,2025-04-10 09:07:28.407262,0 days 00:01:01.853542,0.5145072361072354,0.6042693619995447,2,0.2947114081850018,0.023457555867366107,0.07003663171117318,0.09324284021740278,0.044273472773758704,0.00835530084581801,0.0011877950795661583,13,133,0.009384804702311095,0.08970138973296896,False,False,False,4.04906350198637e-08,COMPLETE
1401,0.28823060989379884,2025-04-10 09:07:28.874516,2025-04-10 09:08:25.625396,0 days 00:00:56.750880,0.5451424522831804,0.6487893023556126,2,0.2998972811042334,0.03687510625380507,0.07393571590829258,0.09548959008529971,0.04922753943040115,0.011428719943328787,0.0007633634139910263,11,129,0.006864737964389049,0.06743072418869266,False,False,False,5.028373554445675e-08,COMPLETE
1402,0.40062555074691775,2025-04-10 09:08:26.074969,2025-04-10 09:09:25.590020,0 days 00:00:59.515051,0.5764818893522923,0.5806586862846389,2,0.28978684999846943,0.01408583926628244,0.07182298619774036,0.09795253119999209,0.03878755835965225,0.005657624782971219,0.0014279652197520334,12,129,0.00249413957278181,0.07751099758053463,False,False,False,7.329599978571096e-08,COMPLETE
1403,0.5980029582977295,2025-04-10 09:09:26.038524,2025-04-10 09:10:22.462137,0 days 00:00:56.423613,0.5264604589308224,0.5702739411061629,2,0.2822909452344789,0.029794821191461002,0.07362338157779805,0.09992101969731167,0.045520042970744135,0.009620240470656127,0.0019208110934568331,11,134,0.0010022243055301592,0.05939559222217778,False,False,False,3.6447351997172473e-08,COMPLETE
1404,0.5218544006347656,2025-04-10 09:10:22.913699,2025-04-10 09:11:16.522948,0 days 00:00:53.609249,0.5005645828013772,0.6055166270435512,2,0.09754414809203073,0.020687572005696594,0.08048229109422013,0.09279150998612037,0.042219927309743034,0.013765394132675326,0.0010610650165353514,10,140,0.0010281341782016127,0.06701303235584727,False,False,False,6.09533330866859e-08,COMPLETE
1405,0.35409240126609803,2025-04-10 09:11:16.974863,2025-04-10 09:11:41.111614,0 days 00:00:24.136751,0.5478753974229746,0.5863038011167493,16,0.2906310840447415,0.11575022459126233,0.07692924052128879,0.09702905128816851,0.04752194210475534,0.01838762553485139,0.0015484342669093581,16,131,0.0040033682703803225,0.07255446706073225,False,False,False,4.907901950455871e-08,COMPLETE
1406,0.4290446162223816,2025-04-10 09:11:41.560590,2025-04-10 09:12:44.610856,0 days 00:01:03.050266,0.5163971317628966,0.6205213039507146,2,0.2996076783095366,0.007128290720613946,0.06986768747544725,0.09999510454520835,0.05201877891973967,0.007621169520887038,0.0008524201254982324,13,13,0.005827176447812801,0.058963369956864076,True,False,False,7.94728194014597e-08,COMPLETE
1407,0.3834205508232117,2025-04-10 09:12:45.077209,2025-04-10 09:13:44.730221,0 days 00:00:59.653012,0.5624002388994767,0.5741930898812548,2,0.2943819003421466,0.03233519102259836,0.07502072684376553,0.09493789567940769,0.04412068441904972,0.0010628403722363136,0.0012426288379138502,12,127,0.007570283509160171,0.0838729275792644,False,False,False,6.90128451049294e-08,COMPLETE
1408,0.4144762217998505,2025-04-10 09:13:45.188169,2025-04-10 09:14:34.749335,0 days 00:00:49.561166,0.531893906101981,0.5566462960182851,2,0.2998111755957285,0.026183588502897412,0.07164081490761075,0.0966697064206138,0.050431751518521306,0.011167972349663215,0.0018608460511038505,11,131,0.004420082467561971,0.06497524471096615,False,True,False,2.426630575925469e-08,COMPLETE
1409,0.09427145123481752,2025-04-10 09:14:35.200102,2025-04-10 09:15:37.130014,0 days 00:01:01.929912,0.49948763037503613,0.6343087685042771,2,0.28637671844093504,0.01894026972789345,0.07558009435244918,0.09311541364834723,0.040126143510557565,0.009623067284115834,0.0021808534837648107,13,136,0.028557269549826042,0.05445129319025418,False,False,False,1.0300650285784246e-07,COMPLETE
1410,0.44338850975036626,2025-04-10 09:15:37.583639,2025-04-10 09:16:46.321493,0 days 00:01:08.737854,0.5838887312329725,0.5946277301139761,2,0.2998195945245515,0.032549636087477345,0.07285603516942364,0.0953254896465168,0.04844262706535721,0.015353962783693314,0.0014335288713465968,15,126,0.010928315732103483,0.07581002977264746,False,False,False,5.0382804218508665e-08,COMPLETE
