number,value,datetime_start,datetime_complete,duration,params_alpha-eval,params_alpha-train,params_batch-size,params_eps-eval,params_eps-train,params_lambda-actions-eval,params_lambda-actions-train,params_lambda-frames-eval,params_lambda-frames-train,params_learning-rate,params_n-epochs,params_n-frames,params_radius-gw,params_rho,params_std-feats,params_ub-actions,params_ub-frames,params_weight-decay,state
1243,0.43142334222793577,2025-04-10 06:38:18.871634,2025-04-10 06:39:24.152315,0 days 00:01:05.280681,0.5120135870253093,0.5555637046233015,2,0.2884348572263298,0.03330523352151731,0.07050694617429176,0.09340343483645579,0.04778965248271327,0.009077026367018426,0.001708682328539717,14,130,0.009243287742895272,0.08747916634628525,False,False,False,6.465793805001009e-08,COMPLETE
1244,0.34354822635650634,2025-04-10 06:39:24.555150,2025-04-10 06:40:20.813399,0 days 00:00:56.258249,0.5540762792128515,0.5930429735219594,2,0.28182814241884274,0.13198541649050055,0.06321572144488921,0.08852676698094125,0.05661661145902974,0.006124688453157749,0.0008927173921854337,11,123,0.00427544887130342,0.07300292546906333,False,False,False,4.926835899208107e-08,COMPLETE
1245,0.33365629315376283,2025-04-10 06:40:21.213888,2025-04-10 06:41:24.004427,0 days 00:01:02.790539,0.4882647152166142,0.9346888209058614,2,0.29458803969776853,0.02549418146398866,0.06276024610427391,0.09553006569878339,0.05043977020654054,0.010073339244403325,0.0025115258858954353,13,126,0.0071432166883881295,0.05904707912659568,False,False,False,7.726207166557753e-08,COMPLETE
1246,0.0859523117542267,2025-04-10 06:41:24.407390,2025-04-10 06:42:17.143778,0 days 00:00:52.736388,0.5260913174369604,0.6356403408691349,2,0.28824058737073255,0.014993565537939907,0.06880857195564036,0.09215232431263905,0.044981643812327575,0.008128577839559396,0.0012431289100408626,12,131,0.005543852110187745,0.07822484616205831,False,False,True,8.704547416171294e-08,COMPLETE
1247,0.5196531057357788,2025-04-10 06:42:17.547139,2025-04-10 06:42:39.121486,0 days 00:00:21.574347,0.5067675933974836,0.5246642409017434,16,0.29445271413652563,0.03263003364967903,0.06528432859927537,0.09637416180576303,0.04678909474158675,0.012611602323209906,0.0019254882755161812,11,118,0.0049861310786726435,0.0650850824920734,False,False,False,5.803599102180149e-08,COMPLETE
1248,0.09427145123481752,2025-04-10 06:42:39.524496,2025-04-10 06:43:37.748908,0 days 00:00:58.224412,0.5706743860897249,0.6173935087251751,2,0.2997858830188321,0.02124988908037406,0.06714857167620672,0.09433203938616924,0.05374175681966899,0.0041052002100615695,0.0015605524318748534,12,128,0.009701971307073561,0.05831171761682802,False,False,False,4.151753275519282e-08,COMPLETE
1249,0.6004644274711609,2025-04-10 06:43:38.148234,2025-04-10 06:44:37.490945,0 days 00:00:59.342711,0.5373500982089022,0.575691328985822,2,0.2998979280662904,0.028218166489279623,0.06442058752458389,0.09661848168380828,0.04979713563974388,0.01100626883224302,0.001008348162400066,12,115,0.0038116926656462263,0.06781685658757952,False,False,False,6.865672986784026e-08,COMPLETE
1250,0.5346949338912964,2025-04-10 06:44:37.889688,2025-04-10 06:45:37.728553,0 days 00:00:59.838865,0.5566325390753043,0.5750225547590165,2,0.29997679462627586,0.03300043163662823,0.0659187186658674,0.0912062668441214,0.05089405095152259,0.013275267666245115,0.0007339215507535771,12,122,0.0036889266912041646,0.055424242415533016,False,False,False,5.413056298165491e-08,COMPLETE
1251,0.3838040888309479,2025-04-10 06:45:38.127602,2025-04-10 06:46:40.254380,0 days 00:01:02.126778,0.5726372112640672,0.5381122550883224,2,0.299744545327456,0.03293361233845243,0.06438345786454776,0.09460890615333825,0.0500235238632135,0.011130262995829015,0.0010104996675896563,13,118,0.026366150231771183,0.06245386994230537,False,False,False,6.363937327128513e-08,COMPLETE
1252,0.517699146270752,2025-04-10 06:46:40.655936,2025-04-10 06:47:40.745725,0 days 00:01:00.089789,0.5398870456617022,0.5629874833668924,2,0.2939146146283483,0.027858510037235037,0.06744412995930761,0.092743965801023,0.048723545755257405,0.012600552450455011,0.0008189605387641472,12,113,0.0076331793478002195,0.0674086604473175,False,False,False,3.003867299607076e-08,COMPLETE
1253,0.520339322090149,2025-04-10 06:47:41.150492,2025-04-10 06:48:37.248019,0 days 00:00:56.097527,0.5348294891827892,0.5453867605154916,2,0.2929659847160576,0.020331705976836218,0.06455536837618957,0.09621783860120121,0.05196958459064814,0.009899279435832273,0.0010760130557043927,11,110,0.006315050858349743,0.0636110040785634,False,False,False,4.281050749162084e-08,COMPLETE
1254,0.3267774224281311,2025-04-10 06:48:37.646862,2025-04-10 06:49:41.925277,0 days 00:01:04.278415,0.570473839881256,0.5826789183027101,2,0.2998922957323038,0.2541131091809567,0.06975384990392539,0.08952922462169409,0.048358109281244725,0.014111480899564086,0.0012503182351768964,13,119,0.004074786203503374,0.056194872395788666,True,False,False,6.702253647709681e-08,COMPLETE
1255,0.3334498465061188,2025-04-10 06:49:42.347656,2025-04-10 06:50:42.245903,0 days 00:00:59.898247,0.5462087501129353,0.564280584477718,2,0.2938161319619411,0.17796362742665273,0.07181536669137285,0.09804859395763464,0.054762992569117507,0.011598809604567186,0.001007567124572119,12,121,0.0027934943364308668,0.07160078116401222,False,False,False,5.2092317868441546e-08,COMPLETE
1256,0.27687926888465886,2025-04-10 06:50:42.654501,2025-04-10 06:51:37.650116,0 days 00:00:54.995615,0.5235273948750536,0.5865815683908066,2,0.2890199998013439,0.010201451949975297,0.0634034626487999,0.0947552375951487,0.051671684583155755,0.006775797882240766,0.0007050610187461059,13,119,0.00680291966181482,0.06046569189162879,False,True,False,7.057521238516308e-08,COMPLETE
1257,0.5682107210159302,2025-04-10 06:51:38.056023,2025-04-10 06:52:34.485429,0 days 00:00:56.429406,0.5536156624786099,0.5260626490132061,2,0.2942839472743057,0.026842587423741304,0.06627351594135397,0.09684671305413405,0.04640873081567244,0.008439679881511406,0.0014718674055648148,11,116,0.004272409422728808,0.068320168970302,False,False,False,4.0839046363212645e-08,COMPLETE
1258,0.5126652240753173,2025-04-10 06:52:34.894190,2025-04-10 06:52:58.372977,0 days 00:00:23.478787,0.5189317464041691,0.5465715669602891,16,0.2939432281792769,0.0331414694213556,0.06847148020964257,0.08677168451888345,0.05000612233266551,0.01087792535651593,0.0012402859374173144,15,115,0.008158889210881638,0.054583738610011374,False,False,False,5.428546884303486e-08,COMPLETE
1259,0.5182828307151794,2025-04-10 06:52:58.781276,2025-04-10 06:53:58.078059,0 days 00:00:59.296783,0.5319586183498749,0.5981570162132261,2,0.28880203060687576,0.018094657123096956,0.062271062787193916,0.0934175797651622,0.04807909088987953,0.006387609282660152,0.001801187816039763,12,117,0.00578380507046353,0.15985142666936616,False,False,False,8.48781762042644e-08,COMPLETE
1260,0.5164057135581971,2025-04-10 06:53:58.486480,2025-04-10 06:55:02.243030,0 days 00:01:03.756550,0.5067759186257007,0.5627346969203133,2,0.2822291417793863,0.03349204289243322,0.06479162487334782,0.0984655134149305,0.0533369611726493,0.013662098293909028,0.0005567661573439849,13,114,0.0027878096218013505,0.06694148368574529,False,False,False,3.327043041030647e-08,COMPLETE
1261,0.4238973736763001,2025-04-10 06:55:02.650656,2025-04-10 06:55:58.771159,0 days 00:00:56.120503,0.5726536469757298,0.5747206401300814,2,0.2998882393303064,0.02480166577188766,0.06468568560643853,0.09582720938859604,0.04988447461711229,0.0101197304837579,0.0023094346620897203,11,123,0.00967892309905817,0.06159800693756128,False,False,False,6.540927926852794e-08,COMPLETE
1262,0.6028640747070313,2025-04-10 06:55:59.185469,2025-04-10 06:56:58.945916,0 days 00:00:59.760447,0.5403493700327496,0.6068864139401401,2,0.2943333695732278,0.026919711863338212,0.0721424248693541,0.09154526325449368,0.04650049034537759,0.005168886503985722,0.0008937119389853738,12,125,0.004315152530470296,0.05449302005239909,False,False,False,4.807359639907166e-08,COMPLETE
1263,0.42257782220840456,2025-04-10 06:56:59.351728,2025-04-10 06:58:01.905494,0 days 00:01:02.553766,0.5622592145597497,0.5240427467434113,2,0.2994711861005738,0.015762066660722225,0.07361961868301783,0.08897192355748985,0.05149294438658199,0.0038369362720276096,0.0030926528102016198,13,123,0.006054297872322244,0.06038926840574757,False,False,False,2.3751938941482603e-08,COMPLETE
1264,0.5080507397651672,2025-04-10 06:58:02.315361,2025-04-10 06:59:07.761513,0 days 00:01:05.446152,0.545999329767549,0.5472708948826457,2,0.2947543567828963,0.020788987943888906,0.07120206684976044,0.0859368822249461,0.04778257582100833,0.0080799246414404,0.0007006850036247181,14,121,0.007659466066710404,0.05461658699743106,False,False,False,3.0069180055073567e-08,COMPLETE
1265,0.38165473341941836,2025-04-10 06:59:08.167087,2025-04-10 07:00:07.494089,0 days 00:00:59.327002,0.5755046166904416,0.5791304275911229,2,0.29995500703694894,0.012226236755762974,0.07250351132964117,0.09063280703040474,0.05488181588857479,0.012301927538684991,0.0008547766901649855,12,125,0.002709602677536088,0.05202162266707826,False,False,False,4.1191532390781634e-08,COMPLETE
1266,0.10999974757432938,2025-04-10 07:00:07.901690,2025-04-10 07:01:00.294045,0 days 00:00:52.392355,0.5481192268812438,0.6028712922889968,2,0.29395828305209,0.026069515579570695,0.07165664057594381,0.0917622481264456,0.04917376338541151,0.01657894351627074,0.0015295783517809405,12,121,0.005181978361267447,0.05403136821751776,False,False,True,4.437602015452993e-08,COMPLETE
1267,0.09427145123481752,2025-04-10 07:01:00.700121,2025-04-10 07:02:02.537791,0 days 00:01:01.837670,0.539627981524614,0.5603976267769732,2,0.2899477676137372,0.022711415098462164,0.07391733111850275,0.08824453839561291,0.05955809398095232,0.0030327077950397865,0.0008785501410236277,13,125,0.009369804561620473,0.054333988218492224,False,False,False,3.747383099149139e-08,COMPLETE
1268,0.33128964304924013,2025-04-10 07:02:02.945113,2025-04-10 07:03:02.861524,0 days 00:00:59.916411,0.5618326953476622,0.5904796100548837,2,0.2999670566259953,0.22410521150264612,0.07264823833454061,0.090116746265891,0.052952211011001483,0.010091142619315393,0.0020563728663578816,12,117,0.006000579098701032,0.058843650034054285,False,False,False,4.689171029038886e-08,COMPLETE
1269,0.42122874259948734,2025-04-10 07:03:03.271853,2025-04-10 07:03:25.481432,0 days 00:00:22.209579,0.5231448126831226,0.6101672223673327,16,0.2936053404504917,0.03286788501767663,0.07581881404640337,0.09831962117757392,0.04606477195344893,0.039219446818936916,0.0027522559994833558,12,112,0.0041012656952329005,0.060927672911315386,False,False,False,5.2868333319260864e-08,COMPLETE
1270,0.3984581589698792,2025-04-10 07:03:25.885993,2025-04-10 07:04:25.862877,0 days 00:00:59.976884,0.5332543805678099,0.5410696091149989,2,0.28832165043800784,0.016849008537365845,0.07018491974918144,0.092550390416437,0.05092426327293865,0.005011910692492353,0.0013127183802926542,12,120,0.007660728139210751,0.052905882819074344,False,False,False,1.7925260458127597e-08,COMPLETE
1271,0.5715684294700623,2025-04-10 07:04:26.289095,2025-04-10 07:05:30.012502,0 days 00:01:03.723407,0.5760489577536322,0.5683105868298218,2,0.2999901001885918,0.02557540949760244,0.07181749266862053,0.09664850432020806,0.056961085606850884,0.014320029618953229,0.0018444119934617554,13,124,0.0025491255739515505,0.054710146100982515,False,False,False,2.9515410840337713e-08,COMPLETE
1272,0.5035131454467774,2025-04-10 07:05:30.422985,2025-04-10 07:06:29.729028,0 days 00:00:59.306043,0.5498608088178422,0.5854492146265056,2,0.293449601299356,0.03447336235132459,0.06964711862407137,0.09803546642260445,0.04818959066955969,0.00843950568268734,0.0011077209779133301,12,99,0.004535254523238444,0.06435345459541633,False,False,False,5.5439774061296975e-08,COMPLETE
1273,0.5246723771095276,2025-04-10 07:06:30.143946,2025-04-10 07:07:32.784984,0 days 00:01:02.641038,0.5186124947679962,0.5202757214333985,2,0.28385010906082336,0.028560929473642013,0.06779137370989309,0.09492928532169917,0.0439846058181544,0.011667399985757143,0.002323793776651734,13,127,0.006200637385877043,0.17730482664452435,False,False,False,8.951164082719991e-08,COMPLETE
1274,0.3875129759311676,2025-04-10 07:07:33.199109,2025-04-10 07:08:29.374125,0 days 00:00:56.175016,0.5001710992648833,0.5628671686352559,2,0.29419903671071074,0.008469493640640794,0.06798196622089221,0.09180887759945407,0.04909023636549043,0.007246111456508097,0.0015548929884808295,11,124,0.001033562815052241,0.061250184611454504,False,False,False,3.5368829621751246e-08,COMPLETE
1275,0.20813795626163484,2025-04-10 07:08:29.785035,2025-04-10 07:09:21.986576,0 days 00:00:52.201541,0.5375600657117864,0.6204392315264161,2,0.28832981347321934,0.017959048969150467,0.0720621908702875,0.08835383308290591,0.04650101662934892,0.00973362290985617,0.0017494217396849347,12,105,0.009772683518287324,0.05415511690440046,True,True,False,7.401703093968792e-08,COMPLETE
1276,0.5226052880287171,2025-04-10 07:09:22.405242,2025-04-10 07:10:29.306685,0 days 00:01:06.901443,0.5577431288406298,0.5927263147398217,2,0.2944262681687281,0.021504849066513478,0.07382115138981071,0.09817099776800124,0.052907092382259276,0.012147839204071259,0.00126819166613717,14,121,0.0028475185277647185,0.13676230337768508,False,False,False,5.049040365132096e-08,COMPLETE
1277,0.48094537258148196,2025-04-10 07:10:29.714534,2025-04-10 07:11:28.926963,0 days 00:00:59.212429,0.5154501593060993,0.5465118382633413,2,0.2837717354289822,0.03415994574765746,0.06940733158253448,0.0938734315195811,0.050484087648712664,0.005810386641088929,0.0021611381048544528,12,115,0.007603247509496241,0.10884066807759071,False,False,False,2.2378936513793448e-08,COMPLETE
1278,0.603067147731781,2025-04-10 07:11:29.338757,2025-04-10 07:12:25.801174,0 days 00:00:56.462417,0.52861989826841,0.5799960884699873,2,0.28844060733328675,0.029155186961278175,0.06878714843878048,0.08545169324055352,0.04481205393535875,0.01510750071611108,0.0010173873280189605,11,126,0.004300888890720087,0.06672913527510364,False,False,False,8.81084712332308e-08,COMPLETE
1279,0.34077878594398503,2025-04-10 07:12:26.211790,2025-04-10 07:13:22.088674,0 days 00:00:55.876884,0.532607635267291,0.5773619481897521,2,0.2946068526042695,0.15487150611236483,0.07005255392328476,0.08649781039043461,0.04436699295989477,0.017676388077008692,0.0005831629059589716,11,126,0.007450551443130655,0.06759201841627457,False,False,False,8.515143608206461e-08,COMPLETE
1280,0.4246020555496216,2025-04-10 07:13:22.499375,2025-04-10 07:14:18.579467,0 days 00:00:56.080092,0.5576376423695703,0.6023279689141037,2,0.29982595669953976,0.20664022691143497,0.0710272246217401,0.08548449157807411,0.04539516063123019,0.015917974862462637,0.0009128067218243842,11,127,0.00910191912144866,0.12645509266410873,False,False,False,9.116549393850557e-08,COMPLETE
1281,0.09427145123481752,2025-04-10 07:14:18.985983,2025-04-10 07:15:15.354468,0 days 00:00:56.368485,0.5312800837452937,0.5576961763604844,2,0.2892696977882444,0.025953523002137463,0.06891860528329011,0.08927375677011394,0.043516682084962025,0.014911006870350692,0.0007564374848634271,11,123,0.04229330193528559,0.06406972480525094,False,False,False,7.239290979637308e-08,COMPLETE
1282,0.40436983704566953,2025-04-10 07:15:15.763733,2025-04-10 07:16:12.238256,0 days 00:00:56.474523,0.5482618262806767,0.6168097695357837,2,0.2999659358452626,0.012755578266322381,0.07199417630547042,0.09040880974493051,0.04769235852851229,0.013425850960771925,0.0009646375322354858,11,120,0.006060300677356018,0.07290704400040442,False,False,False,6.337215523421873e-08,COMPLETE
1283,0.5952002048492432,2025-04-10 07:16:12.651509,2025-04-10 07:17:15.289059,0 days 00:01:02.637550,0.5071442746361741,0.5750559357572675,2,0.2888757366789131,0.02927481680222206,0.06827582758359331,0.08428489956293225,0.045911391675929135,0.019033656222897172,0.0011674470214978758,13,126,0.0054646056704691975,0.059971845035935674,False,False,False,9.015807804239375e-08,COMPLETE
1284,0.13012266457080843,2025-04-10 07:17:15.719219,2025-04-10 07:18:07.476921,0 days 00:00:51.757702,0.5224258922124956,0.5322335002222676,2,0.29463367784105343,0.021904659032825582,0.07476078954196573,0.08762949110236684,0.04666580930292791,0.015455528479322706,0.0007961862019893205,12,123,0.009612104028896895,0.06847193292470607,False,False,True,6.091516325464478e-08,COMPLETE
1285,0.09427145123481752,2025-04-10 07:18:07.898537,2025-04-10 07:19:03.278256,0 days 00:00:55.379719,0.574102571459254,0.5900023052636834,2,0.294224179044746,0.0019054712720728978,0.06946429397054245,0.09153012064943852,0.04331462055713601,0.011478747444344099,0.00109213867803072,11,128,0.00745251596376055,0.0714965087600704,False,False,False,4.5150561083050304e-08,COMPLETE
1286,0.34323493838310243,2025-04-10 07:19:03.693881,2025-04-10 07:20:03.259373,0 days 00:00:59.565492,0.48801859671343034,0.5599024656897404,2,0.2890640194502284,0.028034249338026833,0.0666519575697562,0.09289586248172976,0.049212375636242256,0.014019421954085056,0.000436428467287365,12,118,0.03432409606714645,0.059177670273049904,False,False,False,8.885498810945996e-08,COMPLETE
1287,0.5125558376312256,2025-04-10 07:20:03.780081,2025-04-10 07:20:59.867536,0 days 00:00:56.087455,0.5409419434258741,0.6178534332496975,2,0.282842152369602,0.017985676518035898,0.06744011780420725,0.09577611749295739,0.04475800951021771,0.010335389541668056,0.0014294579663098254,11,125,0.004448592784425848,0.06538758267439995,False,False,False,7.273338952307768e-08,COMPLETE
1288,0.3252543985843659,2025-04-10 07:21:00.283579,2025-04-10 07:21:59.566396,0 days 00:00:59.282817,0.5044758431328132,0.6416214877656266,2,0.29502301622971644,0.033353645188877824,0.07120963631572344,0.08969993673967781,0.05166071056863913,0.01225971727341693,0.0006403250176376279,12,128,0.005246550432281432,0.07653096880868274,False,False,False,5.463247962206292e-08,COMPLETE
1289,0.09427145123481752,2025-04-10 07:21:59.981730,2025-04-10 07:23:01.607993,0 days 00:01:01.626263,0.5539976044402385,0.5909950775745865,2,0.2998915745750741,0.02349248529835951,0.07665544310699735,0.09993379462399296,0.04809374635239742,0.00832298631689326,0.000974282743317715,13,121,0.08822760451583084,0.054624743846596546,False,False,False,3.831774075891014e-08,COMPLETE
1290,0.3719467639923096,2025-04-10 07:23:02.019568,2025-04-10 07:23:58.106826,0 days 00:00:56.087258,0.5251592400101363,0.5443877001018161,2,0.2893493420772111,0.028411196246120048,0.0732897167530559,0.09298554656805377,0.055481293107673024,0.01413942259111913,0.001346095818432446,11,129,0.008221620503905427,0.06620548938137523,False,False,False,9.053673746905627e-08,COMPLETE
1291,0.4040538311004639,2025-04-10 07:23:58.525204,2025-04-10 07:24:58.510386,0 days 00:00:59.985182,0.49277575898135745,0.5774407357729604,2,0.29408162775324703,0.0145033656326575,0.07009794266070755,0.09624288065141329,0.04989618371023941,0.01732525446569894,0.0016599005210870428,12,125,0.004066380141198679,0.06000895177987859,False,False,False,6.270543266843867e-08,COMPLETE
1292,0.41961671113967897,2025-04-10 07:24:58.928827,2025-04-10 07:25:56.572048,0 days 00:00:57.643221,0.5368246665100456,0.7213386556027946,2,0.28571545882563004,0.02011772268375256,0.06627496295850498,0.09442452416741258,0.047090800479199786,0.00994304196001715,0.0008151775551894502,11,131,0.006543920373309424,0.07227223512186391,True,False,False,7.324543334413084e-08,COMPLETE
1293,0.42469927072525027,2025-04-10 07:25:56.988191,2025-04-10 07:26:56.353463,0 days 00:00:59.365272,0.5131023067533964,0.6062668395421892,2,0.28910494643927953,0.03431291587941002,0.06787861209314898,0.09102673305810237,0.05312080095370666,0.002846744809887964,0.0010944665077323747,12,124,0.07096921127915597,0.07939736902763181,False,False,False,5.281490028565938e-08,COMPLETE
1294,0.3931675612926483,2025-04-10 07:26:56.768620,2025-04-10 07:27:51.428310,0 days 00:00:54.659690,0.5620663707350168,0.5245661321594649,2,0.29472294518003134,0.026437578133903003,0.0662780296128421,0.0964906160098569,0.04254310243455702,0.007714741822541457,0.0013767826036827553,13,128,0.004326122207693287,0.05472662401893799,False,True,False,9.208056554985436e-08,COMPLETE
1295,0.4743464827537537,2025-04-10 07:27:51.844069,2025-04-10 07:28:50.536920,0 days 00:00:58.692851,0.4859988291211971,0.5561684462914664,2,0.28327773919348287,0.03334828325502954,0.06898405882313677,0.0999532396882832,0.046139859003969975,0.012003575418509188,0.0018143106766564997,12,121,0.009639477460195387,0.06465964856037927,False,False,False,4.2624831055300957e-08,COMPLETE
1296,0.524730134010315,2025-04-10 07:28:50.975968,2025-04-10 07:29:50.213493,0 days 00:00:59.237525,0.5229503419273446,0.5772956122277937,2,0.29398609988871194,0.021554808505490568,0.07256627652785111,0.09267136961736257,0.049454916471781796,0.03454713442513386,0.0025436856461688896,12,134,0.006598233267298266,0.07213987238743762,False,False,False,7.177908884763175e-08,COMPLETE
1297,0.42885391116142274,2025-04-10 07:29:50.631064,2025-04-10 07:30:46.840916,0 days 00:00:56.209852,0.5426829073586185,0.6226534689908015,2,0.29982364683612556,0.010617696504370666,0.06577903072416477,0.08782446153238241,0.051557099295553785,0.004958622279278594,0.0011800489420942882,11,117,0.0028614343554552502,0.061660133128438474,False,False,False,5.051108513237918e-08,COMPLETE
1298,0.6002681493759155,2025-04-10 07:30:47.263174,2025-04-10 07:31:43.409471,0 days 00:00:56.146297,0.5046390185380342,0.6014054528792905,2,0.2999055273565338,0.028691940567538387,0.06726519843187753,0.09796507400428242,0.04454421445015581,0.009572982310421575,0.0009326534922103004,11,126,0.005134365736415641,0.05303387699036514,False,False,False,9.283457719667454e-08,COMPLETE
