number,value,datetime_start,datetime_complete,duration,params_alpha-eval,params_alpha-train,params_batch-size,params_eps-eval,params_eps-train,params_lambda-actions-eval,params_lambda-actions-train,params_lambda-frames-eval,params_lambda-frames-train,params_learning-rate,params_n-epochs,params_n-frames,params_radius-gw,params_rho,params_std-feats,params_ub-actions,params_ub-frames,params_weight-decay,state
1803,0.5987304329872132,2025-04-10 16:29:31.051305,2025-04-10 16:30:36.769143,0 days 00:01:05.717838,0.5764847441672164,0.5407397772248328,2,0.04292169220130558,0.03113937741298335,0.0641744658535883,0.09811749900401442,0.04538432599996573,0.03340821307558942,0.0013441267433429473,14,131,0.006341422412923346,0.06620171728482913,False,False,False,3.3885863498018966e-08,COMPLETE
1804,0.34013837575912476,2025-04-10 16:30:37.348456,2025-04-10 16:31:46.677980,0 days 00:01:09.329524,0.6282533022010666,0.625736440971616,2,0.05905067986510014,0.2602250219064107,0.06832885506800762,0.09231526349945085,0.06024858726977137,0.008783629464696428,0.002130359468276436,15,135,0.004702132031883479,0.19339863640844043,False,False,False,2.0284743140385464e-08,COMPLETE
1805,0.26402407288551333,2025-04-10 16:31:47.276890,2025-04-10 16:32:53.724262,0 days 00:01:06.447372,0.5065083909091602,0.5674515187380086,2,0.034782618984505104,0.04211871954138038,0.07607564552278875,0.09995719220034793,0.05689714912507549,0.004535968477630439,0.0036912921852390824,14,145,0.011135318493245394,0.0910435411175342,True,False,False,1.2483691212926547e-08,COMPLETE
1806,0.5028857946395874,2025-04-10 16:32:54.305568,2025-04-10 16:34:03.714045,0 days 00:01:09.408477,0.540166527988159,0.5806592585482568,2,0.04254618583005309,0.02072667912523828,0.06600147880008458,0.08387175146762593,0.05366057242844065,0.013406959127168286,0.0015212192303598036,15,137,0.006948415045688294,0.0773902725798147,False,False,False,2.5932305090643413e-08,COMPLETE
1807,0.09427145123481752,2025-04-10 16:34:04.314920,2025-04-10 16:35:15.637831,0 days 00:01:11.322911,0.5987909997777937,0.6074657604458964,2,0.12346900905021939,0.027630267922928095,0.008187997377879154,0.09511292707980291,0.05112762487799116,0.025608218130286377,0.0026932869695140515,16,148,0.02541159585350392,0.0972491472588538,False,False,False,1.749535516352504e-08,COMPLETE
1808,0.40779516696929935,2025-04-10 16:35:16.243421,2025-04-10 16:36:35.485743,0 days 00:01:19.242322,0.48803138973802856,0.5222245208854751,2,0.024807829784923418,0.0355448091917689,0.06194945896266856,0.09188424710060253,0.04690261890117876,0.002815827661238053,0.0018222590584378235,18,130,0.0025981066790571497,0.10838337358048207,False,False,False,1.500166963658939e-08,COMPLETE
1809,0.5219024896621705,2025-04-10 16:36:36.073247,2025-04-10 16:37:42.841356,0 days 00:01:06.768109,0.5634233188184509,0.5499675681610671,2,0.08649883669791805,0.02444783660191961,0.058502264673042884,0.09652585835958756,0.05887277937368119,0.015763151959836495,0.0024706774565923543,14,140,0.004148677986960444,0.0715908995307273,False,False,False,1.9760561862055176e-08,COMPLETE
1810,0.09427145123481752,2025-04-10 16:37:43.448174,2025-04-10 16:38:37.650054,0 days 00:00:54.201880,0.5298784956747457,0.4865472313474024,2,0.07238109619703975,0.03517911962126128,0.07191620868058315,0.07983754535630051,0.04928151263421073,0.0066874628975339395,0.003368947074786613,13,143,0.009142353937933978,0.08223009200399489,False,True,False,1.2378042972331454e-08,COMPLETE
1811,0.3918524742126465,2025-04-10 16:38:38.232066,2025-04-10 16:39:44.495712,0 days 00:01:06.263646,0.5511515334303232,0.5642321170722401,2,0.03107539090103639,0.014405302965253273,0.06931924374605797,0.08664331544932183,0.04308097721336347,0.020205213643277455,0.0011696811547250944,14,133,0.005674139287680885,0.0677223322146441,False,False,False,3.3267123420544743e-08,COMPLETE
1812,0.5153616309165955,2025-04-10 16:39:45.099819,2025-04-10 16:40:54.649023,0 days 00:01:09.549204,0.5830551822737262,0.538891629760727,2,0.049006300699989666,0.030135685485083198,0.06405496055726678,0.08995916476716785,0.055665370066716756,0.011019104297721218,0.0015408850220483875,15,138,0.0028300207115251937,0.22829140696733072,False,False,False,2.3703339631188027e-08,COMPLETE
1813,0.37636277675628665,2025-04-10 16:40:55.236919,2025-04-10 16:41:58.248354,0 days 00:01:03.011435,0.5084574049504934,0.5869377283113825,2,0.012531021924135485,0.04060689212462015,0.06725948916070547,0.09351935938546753,0.062093638683491964,0.008861267181256315,0.0021868715159926266,13,130,0.003079013285172639,0.09027835272332538,False,False,False,1.6045096961916896e-08,COMPLETE
1814,0.3523077547550202,2025-04-10 16:41:58.853028,2025-04-10 16:43:08.790146,0 days 00:01:09.937118,0.6159766113691575,0.5058657680421762,2,0.05626631863889674,0.04842667260944582,0.060578507053733195,0.08203321222339668,0.05250061793856158,0.014451683094747203,0.0008919164036991197,15,147,0.001042674802534181,0.07527551677450703,False,False,False,3.4648889956391004e-08,COMPLETE
1815,0.476173746585846,2025-04-10 16:43:09.371746,2025-04-10 16:44:21.588248,0 days 00:01:12.216502,0.5590146088912346,0.6072525593538941,2,0.02228115129193112,0.021318455540637493,0.08042817934326019,0.09800497091787853,0.04516912220880425,0.012386001986946091,0.0028593994243440346,16,136,0.0071649185493741375,0.06581714854775658,False,False,False,1.2151510412956093e-08,COMPLETE
1816,0.3238449454307556,2025-04-10 16:44:22.203787,2025-04-10 16:45:37.814277,0 days 00:01:15.610490,0.5362236510211414,0.6302438677778639,2,0.15328970554576543,0.030844105405573613,0.07422914677209676,0.08811812995507305,0.05791629034472925,0.017548386612781942,2.4481160340785576e-05,17,142,0.0051357043068213275,0.08326858053131642,False,False,False,2.1446853957135633e-08,COMPLETE
1817,0.2592281103134155,2025-04-10 16:45:38.399572,2025-04-10 16:46:35.819315,0 days 00:00:57.419743,0.5755489070733413,0.5538524402566837,2,0.10598310363953048,0.02514031970438887,0.06565246836439441,0.09992088011650654,0.04851625559864566,0.007644711776197904,0.001914840110398389,14,133,0.062004276983037176,0.09922169347871639,False,False,True,2.729508415537947e-08,COMPLETE
1818,0.41913931369781493,2025-04-10 16:46:36.401857,2025-04-10 16:47:39.056279,0 days 00:01:02.654422,0.5145349339150334,0.5306468553692975,2,0.03574094185372822,0.03764810549706066,0.06342310827416808,0.09541520019623723,0.0547992433941067,0.02267826330503899,0.004438585358213628,13,145,0.004238466695479633,0.07910972061962239,False,False,False,1.6717529278751763e-08,COMPLETE
1819,0.09427145123481752,2025-04-10 16:47:39.657539,2025-04-10 16:48:48.657835,0 days 00:01:09.000296,0.5957299972904044,0.5742408719227766,2,0.07987781172132383,0.01760634316490877,0.07062728891912619,0.09086292120325333,0.05059662993133591,0.010348035336444782,0.001278204164788358,15,139,0.00907894627871323,0.07252602532255471,False,False,False,3.673607613632306e-08,COMPLETE
1820,0.6056897044181824,2025-04-10 16:48:49.267625,2025-04-10 16:49:52.562664,0 days 00:01:03.295039,0.48705208038735,0.5187798926340158,2,0.01811084214135812,0.03191411214874062,0.06823199206724609,0.08542413763245552,0.04635112907447325,0.01895846552412471,0.0022918700966335455,13,131,0.0028210747518306037,0.08769872968912404,False,False,False,1.4300323216478498e-08,COMPLETE
1821,0.4024405002593994,2025-04-10 16:49:53.155796,2025-04-10 16:50:59.425562,0 days 00:01:06.269766,0.4772119378689645,0.4893178848291986,2,0.017774493571344686,0.04415253128003839,0.06807040597032778,0.08292943035423216,0.04362730022838705,0.020535818581424843,0.0025578784214394103,14,133,0.0010046603191706978,0.08949375561108118,False,False,False,1.0178399252704691e-08,COMPLETE
1822,0.6088793635368347,2025-04-10 16:51:00.037776,2025-04-10 16:52:06.105983,0 days 00:01:06.068207,0.47918189986023146,0.5098918136846311,2,0.014399921810575646,0.03418758391312939,0.06630534594758541,0.08480946709043405,0.060578484679830104,0.019021272781603885,0.002216792510157971,14,135,0.0028778604916081824,0.09279688024283618,False,False,False,1.3385876112170744e-08,COMPLETE
1823,0.35349727869033815,2025-04-10 16:52:06.695829,2025-04-10 16:53:14.145570,0 days 00:01:07.449741,0.4766532205072179,0.48990030350990554,2,0.014603419210285382,0.05070056037261275,0.0645552745155347,0.08251987480021893,0.062340608915508175,0.02206041511098658,0.0023056850977325157,14,136,0.0027430170559640896,0.10193737151076926,True,False,False,1.2386038310129518e-08,COMPLETE
1824,0.39216713309288026,2025-04-10 16:53:14.728016,2025-04-10 16:54:21.032211,0 days 00:01:06.304195,0.4845253391130232,0.48151615277778226,2,0.009910148020541503,0.047554498924508436,0.06563986194482435,0.08050059810435221,0.06368231146667362,0.019952554752075153,0.0022419051393742107,14,135,0.0030395540698798756,0.09679723336295716,False,False,False,1.2967794412197213e-08,COMPLETE
1825,0.389783787727356,2025-04-10 16:54:21.638712,2025-04-10 16:55:27.704942,0 days 00:01:06.066230,0.4676048994056918,0.5008453197510468,2,0.016477988604427448,0.04159253655426757,0.06306123088210051,0.08417052353607186,0.06421341279908854,0.021581753653944137,0.0029960516081782252,14,137,0.0026551783777855956,0.09356588428086823,False,False,False,1.0217442258753502e-08,COMPLETE
1826,0.4206745147705079,2025-04-10 16:55:28.312831,2025-04-10 16:56:34.349204,0 days 00:01:06.036373,0.48055856304445216,0.5075260203648676,2,0.012372563372826977,0.04350081732938632,0.06591329291554242,0.08150238813615376,0.06094229682169234,0.01886018294456716,0.002517626790460673,14,135,0.0011242106973337867,0.10416893058605806,False,False,False,1.3816930820040384e-08,COMPLETE
1827,0.5041351675987243,2025-04-10 16:56:34.936692,2025-04-10 16:57:33.096515,0 days 00:00:58.159823,0.46861245611592556,0.4835434938734313,2,0.004998899314279152,0.03893338295041882,0.06433804550622244,0.07859233715720793,0.06045161164540819,0.02376793231225635,0.0020475257679214262,14,138,0.001073590768577326,0.09395463581393895,False,True,False,1.542752307314512e-08,COMPLETE
1828,0.46021192073822026,2025-04-10 16:57:33.705162,2025-04-10 16:58:36.514861,0 days 00:01:02.809699,0.48176824432013926,0.5085417694143068,2,0.020082541709602685,0.03782389684536844,0.0613157999092173,0.08457882647012038,0.0654106481515672,0.020244659031974338,0.003171369849066233,13,134,0.00288105539831731,0.09998787138106564,False,False,False,1.1935752097747209e-08,COMPLETE
1829,0.41812407970428467,2025-04-10 16:58:37.101278,2025-04-10 16:59:43.071798,0 days 00:01:05.970520,0.48669547236071464,0.4868152589556891,2,0.00940388585083982,0.04345975573692984,0.06670187479039263,0.08373845272606728,0.06203927130895564,0.02180375896411227,0.0025025964768988556,14,140,0.002788386260338682,0.09136668872413264,False,False,False,1.50577128994081e-08,COMPLETE
1830,0.3627483010292053,2025-04-10 16:59:43.654222,2025-04-10 17:00:46.457662,0 days 00:01:02.803440,0.4721743922676961,0.5100793124282881,2,0.021441526171105063,0.04897470845104228,0.013379964575671234,0.08505686801625562,0.05841516619439561,0.019146558878096222,0.002006513599522372,13,136,0.0028441572984117614,0.11071355116443367,False,False,False,1.2375738525081968e-08,COMPLETE
1831,0.6058771014213562,2025-04-10 17:00:47.064327,2025-04-10 17:01:53.312780,0 days 00:01:06.248453,0.4745644252747754,0.5079100021218146,2,0.009266502274469297,0.036391050596864774,0.06370985882147391,0.08246076348706252,0.0604550740158685,0.0238430947055155,0.0028258980769546227,14,132,0.0010916506174017647,0.08952558038521748,False,False,False,1.6017358428727674e-08,COMPLETE
1832,0.40790489315986633,2025-04-10 17:01:53.921995,2025-04-10 17:03:00.206933,0 days 00:01:06.284938,0.47170039495458355,0.4828085268211304,2,0.007246159252431364,0.046298281483410406,0.06549726151677886,0.07788748860045067,0.06463158378848517,0.024828566886186076,0.0038388991375314084,14,138,0.002726443513564935,0.09452208930153211,False,False,False,1.775151508844516e-08,COMPLETE
1833,0.12477438449859621,2025-04-10 17:03:00.797235,2025-04-10 17:04:05.775918,0 days 00:01:04.978683,0.46661136393490565,0.48625720245911097,2,0.0020190012508669386,0.04204046363180222,0.06645151589292503,0.08320004648122765,0.06240512491973067,0.024234150561102355,0.0032634500784224744,14,133,0.04367216826489488,0.08944904086904451,False,False,False,1.5747320775908935e-08,COMPLETE
1834,0.37910295724868776,2025-04-10 17:04:06.360726,2025-04-10 17:05:12.922653,0 days 00:01:06.561927,0.48127240270920085,0.4972451206749174,2,0.013157697693582104,0.049110066244165564,0.06464343778535292,0.08132400332964913,0.06392645550268959,0.026872234588776307,0.003366513499282101,14,135,0.0010030741720875353,0.09912681198855099,False,False,False,1.441458720138559e-08,COMPLETE
1835,0.2590712130069733,2025-04-10 17:05:13.527973,2025-04-10 17:06:13.642591,0 days 00:01:00.114618,0.4870657799883781,0.5037364142585444,2,0.012111969366788997,0.03844036579255114,0.06708510112042043,0.0830740159397127,0.062491831593306464,0.023580814835417588,0.002863983574249812,15,138,0.08212388858837394,0.08960020113974161,False,False,True,1.0031738712645169e-08,COMPLETE
1836,0.44775536060333254,2025-04-10 17:06:14.227557,2025-04-10 17:07:20.415601,0 days 00:01:06.188044,0.46930353245657264,0.5045698294972636,2,0.003929587555184187,0.03591211672968783,0.06449037771055459,0.08271452054247702,0.06273404562450517,0.025342499658128435,0.0038676834403769036,14,140,0.0011409890766038307,0.100298293883129,False,False,False,1.7613317103886032e-08,COMPLETE
1837,0.3547447144985199,2025-04-10 17:07:21.024918,2025-04-10 17:08:29.875380,0 days 00:01:08.850462,0.481739567466216,0.48004533988184783,2,0.014393628847299934,0.1198692949338189,0.0644080183508889,0.08527370230751695,0.06121222305503617,0.028373299041298802,0.002707241669977428,15,133,0.0023838329930990715,0.08822641906943807,False,False,False,1.2606525866664062e-08,COMPLETE
1838,0.612498152256012,2025-04-10 17:08:30.486703,2025-04-10 17:09:36.194458,0 days 00:01:05.707755,0.4669571216669435,0.5180155917992507,2,0.0033893642325125706,0.03583164770892624,0.06774376898472832,0.07968868370541687,0.060034881108184404,0.022956765624752132,0.003094293755024531,14,136,0.002816932518977419,0.09480901120680386,False,False,False,1.9150988793340396e-08,COMPLETE
1839,0.17120441198348998,2025-04-10 17:09:36.787456,2025-04-10 17:10:42.780962,0 days 00:01:05.993506,0.46964120965287254,0.4888262858258259,2,0.001210261172890614,0.05101867600258915,0.0673476153789081,0.07970767929060639,0.05935417819501979,0.02370686993690433,0.004233503877048965,14,141,0.002590380592194532,0.10999197070057601,False,False,False,1.972327800893719e-08,COMPLETE
1840,0.3754925727844239,2025-04-10 17:10:43.394787,2025-04-10 17:11:49.072205,0 days 00:01:05.677418,0.4754518258263989,0.5086886968041294,2,0.013033833929455108,0.04874878149031968,0.06805384224603471,0.08009375348641028,0.06056455491375272,0.026288529969305183,0.003494685136323502,14,139,0.002565132127036304,0.09414919629228334,False,False,False,1.8537258182878025e-08,COMPLETE
1841,0.4919601440429688,2025-04-10 17:11:49.664553,2025-04-10 17:12:55.196166,0 days 00:01:05.531613,0.48369255381209375,0.48044098204121,2,0.004667875572576334,0.0442415353736107,0.06762314207612995,0.07781307984485816,0.0648553706485642,0.023351906503110652,0.004531398838656128,14,137,0.002620582726873993,0.10265095531811382,False,False,False,1.589711714955616e-08,COMPLETE
1842,0.27197858691215515,2025-04-10 17:12:55.804784,2025-04-10 17:14:04.522405,0 days 00:01:08.717621,0.4720001277317836,0.5124708148422603,2,0.000517546708638874,0.04247158991226262,0.06833548540806778,0.0809843612507466,0.05984218429651214,0.02510126705103947,0.0038140276222398523,15,142,0.0010822650616849284,0.09693169901489083,False,False,False,2.0454187720156963e-08,COMPLETE
1843,0.44336645603179936,2025-04-10 17:14:05.110251,2025-04-10 17:15:11.361145,0 days 00:01:06.250894,0.4735109544448035,0.5027524331806807,2,0.009414425204561743,0.03978253491465851,0.06902282554802161,0.08044222146785304,0.06224380997570396,0.02581724602973614,0.003404117183886908,14,136,0.004367854935370787,0.1036872108458878,False,False,False,1.4537890424760152e-08,COMPLETE
1844,0.23752425312995912,2025-04-10 17:15:11.978315,2025-04-10 17:16:22.559839,0 days 00:01:10.581524,0.4561776908163964,0.49374912073628413,2,0.0006003457711789666,0.04433966572991127,0.06694050097315937,0.08162641974841074,0.06082892828205549,0.022714060450828036,0.003057504003702496,15,140,0.0011387097626834363,0.09606313195022166,True,False,False,1.895879963489252e-08,COMPLETE
1845,0.4464107394218445,2025-04-10 17:16:23.147346,2025-04-10 17:17:29.037098,0 days 00:01:05.889752,0.4605885866421813,0.5179611096512438,2,0.007787781942359556,0.037577153435964475,0.06650061322660891,0.07964888885009926,0.06026179890056877,0.022526031179450144,0.0029946139320277208,14,144,0.0010019071826863752,0.10759151708997722,False,False,False,1.2546189186570158e-08,COMPLETE
1846,0.40100951194763185,2025-04-10 17:17:29.647715,2025-04-10 17:18:39.882346,0 days 00:01:10.234631,0.46939097433005084,0.5173921105594624,2,0.010090005921211558,0.03834598056407762,0.06844297065904398,0.08206111943830696,0.060840424866722,0.02133615898199131,0.003827273975370379,15,136,0.0010902651910979372,0.09489898102308988,False,False,False,2.142867911442635e-08,COMPLETE
1847,0.48589582443237306,2025-04-10 17:18:40.472532,2025-04-10 17:19:38.376814,0 days 00:00:57.904282,0.4717237596629518,0.4966980420312015,2,0.017962121038021275,0.03457115036326176,0.06911720405305255,0.07673871861808476,0.0636997088904491,0.02845157008492162,0.002788790329798225,14,142,0.004570303439055878,0.08960547151769738,False,True,False,1.0039118937339952e-08,COMPLETE
1848,0.39657360911369327,2025-04-10 17:19:38.988227,2025-04-10 17:20:44.827221,0 days 00:01:05.838994,0.4606418747338109,0.47829992035962593,2,0.007205655101276217,0.0468946386808108,0.06615479464531074,0.08289486077230028,0.05842263999394262,0.024569210380932367,0.004587501941846576,14,139,0.004013195152849285,0.11637962167738622,False,False,False,1.561766700672579e-08,COMPLETE
1849,0.4319440722465515,2025-04-10 17:20:45.453981,2025-04-10 17:21:56.574866,0 days 00:01:11.120885,0.46074573085349585,0.5039517760702549,2,0.005652269009628872,0.0354133377939597,0.06625233494206931,0.08422876996629466,0.0632389722484051,0.027266818173305032,0.0024658731233203938,15,20,0.004472382310118767,0.10066739021082793,False,False,False,1.772383236704434e-08,COMPLETE
1850,0.42531576156616213,2025-04-10 17:21:57.173618,2025-04-10 17:23:03.206568,0 days 00:01:06.032950,0.49048499937818174,0.52544408389277,2,0.011112166383826347,0.04126171971762706,0.06951849107524397,0.08166759425453056,0.06527031555398242,0.021813800563659162,0.0030955714068553962,14,135,0.001109793879298671,0.09263964320941928,False,False,False,2.1873332881944092e-08,COMPLETE
1851,0.49527484178543096,2025-04-10 17:23:03.830437,2025-04-10 17:24:13.490415,0 days 00:01:09.659978,0.4887155536973171,0.4813095196202082,2,0.01804818590061628,0.03506323619188795,0.06753998004306616,0.0846555065686149,0.06009164906579155,0.02318937819687653,0.0032904640386654336,15,142,0.0028782550939628823,0.10584307783940669,False,False,False,1.2950676505500578e-08,COMPLETE
1852,0.6030340075492859,2025-04-10 17:24:14.084442,2025-04-10 17:25:20.390495,0 days 00:01:06.306053,0.45704400109576776,0.516632104040499,2,0.013234744859040762,0.03320337818610757,0.06507802953718371,0.08299270591876418,0.05900773355994603,0.020322753731781155,0.002544971497666273,14,132,0.0056146947913209,0.08732692653372978,False,False,False,1.4819390698940791e-08,COMPLETE
1853,0.37735635638237003,2025-04-10 17:25:21.003470,2025-04-10 17:26:30.136677,0 days 00:01:09.133207,0.491626322872747,0.5269500252312261,2,0.0011578851620770159,0.04030930191134261,0.06956524415767591,0.07935235525417145,0.06092543449862863,0.0212678940400814,0.00233214554535161,15,138,0.0027654105247182314,0.09607610824695031,False,False,False,2.2231259033927874e-08,COMPLETE
1854,0.26902074813842775,2025-04-10 17:26:30.727372,2025-04-10 17:27:28.009179,0 days 00:00:57.281807,0.487730880170023,0.5197264631712895,2,0.0059246963653617046,0.049959546390181936,0.06635574121992119,0.08580153241072279,0.05840035074516885,0.023254479922555877,0.003761919987328927,14,147,0.04790273074896715,0.08766338851277874,False,False,True,1.7542648827134715e-08,COMPLETE
1855,0.5689088344573975,2025-04-10 17:27:28.619977,2025-04-10 17:28:37.680260,0 days 00:01:09.060283,0.472650622417833,0.49887797221744934,2,0.0163881270758605,0.03355934458473102,0.06788272339379482,0.08442514406760031,0.062368470263996265,0.031068626633445815,0.0045603118833315755,15,144,0.00486500086613921,0.09662197645180157,False,False,False,1.2886137145354112e-08,COMPLETE
1856,0.09427145123481752,2025-04-10 17:28:38.286788,2025-04-10 17:29:42.960354,0 days 00:01:04.673566,0.498214311258654,0.4818257795398694,2,0.00013654188637969578,0.04593521541261522,0.0652751594315567,0.0856844601054394,0.05876017540717786,0.02044401610998007,0.0029958095594924215,14,135,0.003301958053303241,0.08721598725271693,False,False,False,1.6709856770269222e-08,COMPLETE
1857,0.6112147450447083,2025-04-10 17:29:43.580341,2025-04-10 17:30:53.029272,0 days 00:01:09.448931,0.45360492379833733,0.5218175925163486,2,0.02312588154593026,0.03352527737497316,0.06907005881405365,0.07610753765139544,0.06004185295749616,0.025471042674436454,0.0021916430649928627,15,139,0.0010078027951900498,0.09208598894096086,False,False,False,1.2163501674633908e-08,COMPLETE
1858,0.4533743619918823,2025-04-10 17:30:53.652907,2025-04-10 17:32:03.017540,0 days 00:01:09.364633,0.4576521247354555,0.5027398105243777,2,0.02196008871096747,0.04381847476011562,0.07015435853880567,0.07391511574639982,0.06586622086694338,0.027038376983661388,0.002561293137188069,15,140,0.0010482354054346056,0.1026349546982524,False,False,False,1.2173397125719808e-08,COMPLETE
