number,value,datetime_start,datetime_complete,duration,params_alpha-eval,params_alpha-train,params_batch-size,params_eps-eval,params_eps-train,params_lambda-actions-eval,params_lambda-actions-train,params_lambda-frames-eval,params_lambda-frames-train,params_learning-rate,params_n-epochs,params_n-frames,params_radius-gw,params_rho,params_std-feats,params_ub-actions,params_ub-frames,params_weight-decay,state
851,0.4721471846103668,2025-04-10 01:21:37.435504,2025-04-10 01:22:02.492985,0 days 00:00:25.057481,0.47387340253646004,0.3739362947424366,8,0.2458360634331958,0.03371780136548135,0.057780730368632835,0.09333034763083671,0.047934824582520505,0.05933192187847603,0.014078076813460431,10,71,0.01115763674636845,0.023296502908993492,False,False,False,8.901711594451408e-08,COMPLETE
852,0.5418271064758301,2025-04-10 01:22:02.759957,2025-04-10 01:22:27.777744,0 days 00:00:25.017787,0.36476726605230486,0.42589591573967905,8,0.23718657176014046,0.03817041979604987,0.060439125071485834,0.04790656710773267,0.07174018497071871,0.05887300115901214,0.008473536059984818,10,75,0.012837149285859741,0.015093932704713256,False,False,False,1.0023590994756185e-07,COMPLETE
853,0.5798408746719361,2025-04-10 01:22:28.055725,2025-04-10 01:22:53.210219,0 days 00:00:25.154494,0.6242915768420448,0.4072568207736883,8,0.249221242019396,0.04682984628153868,0.056523893576079516,0.014527482674139157,0.03789824375553276,0.05938574489366953,0.011079730571863669,10,72,0.008710231252610705,0.031728383836211974,False,False,False,8.030223029630536e-08,COMPLETE
854,0.4468032896518707,2025-04-10 01:22:53.494460,2025-04-10 01:23:18.989323,0 days 00:00:25.494863,0.6330825957941378,0.37956399177290356,8,0.24897677194079074,0.05432203650385921,0.05615848484444544,0.014156467439545586,0.038252280260803795,0.05849297019293096,0.017760042624104536,10,67,0.059936855636532255,0.027695965846861258,False,False,False,7.632302432965161e-08,COMPLETE
855,0.2750725865364075,2025-04-10 01:23:19.270439,2025-04-10 01:23:45.106492,0 days 00:00:25.836053,0.6449886940181864,0.3999892281330127,8,0.2511130199950188,0.062441805348419074,0.05446462923149422,0.014471530709517856,0.04409812195435243,0.05520765422409816,0.012933494610904702,11,80,0.0108649010185711,0.019411222137798795,False,False,False,5.731094274597114e-08,COMPLETE
856,0.33019538521766667,2025-04-10 01:23:45.374276,2025-04-10 01:24:10.599121,0 days 00:00:25.224845,0.6145243720802002,0.38720981614326055,8,0.2512548889210123,0.049478914144862385,0.056860910648880644,0.012755512626904409,0.046141193670779235,0.056903469050329024,0.011207830053484951,10,70,0.009357299691137615,0.010642645185969283,False,False,False,4.353631187354067e-08,COMPLETE
857,0.0920907661318779,2025-04-10 01:24:10.880754,2025-04-10 01:24:34.106460,0 days 00:00:23.225706,0.5923674964940487,0.3926388995257513,8,0.2558060206504586,0.04675572304475722,0.05574617538353086,0.015376398860027646,0.08526319627764108,0.054577213522755366,0.015147471016803967,11,44,0.013675578399909903,0.0318947336146928,False,False,True,8.534557085257449e-08,COMPLETE
858,0.2702597498893738,2025-04-10 01:24:34.389435,2025-04-10 01:24:59.464314,0 days 00:00:25.074879,0.6238587630655873,0.4159466148297438,8,0.24480974812249848,0.05909149690515144,0.05436989838615998,0.012771284081982422,0.03791933494943261,0.05641627400672587,0.012594402600566523,10,78,0.011375063151296069,0.023256998762948684,False,False,False,2.9243317216728498e-08,COMPLETE
859,0.3736210644245148,2025-04-10 01:24:59.730235,2025-04-10 01:25:25.129053,0 days 00:00:25.398818,0.6080176156905369,0.40299723767506707,8,0.19420717873588234,0.05082891299445395,0.058743827494151794,0.016304020129608104,0.04194236014566261,0.05249182250236377,0.022106979802871615,10,74,0.009039818489091238,0.028258691896532927,False,False,False,6.703280087674359e-08,COMPLETE
860,0.492064654827118,2025-04-10 01:25:25.410915,2025-04-10 01:25:50.308707,0 days 00:00:24.897792,0.5953874193523341,0.4158947349946724,8,0.25485546445649104,0.04427170908845222,0.05689354910454397,0.017225664319991802,0.03491856721021139,0.05924450166168994,0.010810305855768509,10,41,0.015398616545308582,0.03609311134044373,False,False,False,6.795299093679907e-08,COMPLETE
861,0.4382128179073334,2025-04-10 01:25:50.590576,2025-04-10 01:26:16.526173,0 days 00:00:25.935597,0.6599191639186319,0.37457917150244247,8,0.27964552111538443,0.05468079957363561,0.05356336601654507,0.010834516970519029,0.037854464071966645,0.060178968889950744,0.013896743223590113,11,51,0.08669548318931114,0.01747233134405013,False,False,False,8.166814392852354e-08,COMPLETE
862,0.4667623162269593,2025-04-10 01:26:16.794741,2025-04-10 01:26:41.783732,0 days 00:00:24.988991,0.6224878995358635,0.4244953933645859,8,0.26482618093421195,0.046746227745020234,0.0771102400694263,0.01779828807616308,0.03585528581227022,0.04681880084682077,0.009829502916954922,10,37,0.00819867875511098,0.032924842316505276,False,False,False,5.662235544068408e-08,COMPLETE
863,0.5074469685554505,2025-04-10 01:26:42.063431,2025-04-10 01:27:07.631520,0 days 00:00:25.568089,0.5837496992548796,0.3982903480514747,8,0.24894476188675504,0.04166741480904848,0.03877137743638741,0.014602232695806032,0.04449512887213785,0.019280958429597653,0.01802820449706294,10,69,0.01315652078134752,0.0260566872020172,False,False,False,9.818148846329123e-08,COMPLETE
864,0.36353619694709777,2025-04-10 01:27:07.911928,2025-04-10 01:27:32.866238,0 days 00:00:24.954310,0.6282568138160378,0.4293679567111549,8,0.2871663880633361,0.05087516738408729,0.05621297732516012,0.012366052861874038,0.042626445434509275,0.05689560495642514,0.011739781327491657,10,48,0.011179593143408849,0.03624110882797153,False,False,False,1.0560182656037174e-07,COMPLETE
865,0.3056879162788391,2025-04-10 01:27:33.152201,2025-04-10 01:27:57.349929,0 days 00:00:24.197728,0.5945184047314805,0.43248705858550684,8,0.2725468467516347,0.038576093333092365,0.07392718769842771,0.015845673292565525,0.04087070899187545,0.05038502234598882,0.014880536295245477,9,72,0.008814358580907771,0.0016271986871452537,False,False,False,7.308011867899108e-08,COMPLETE
866,0.11832056045532227,2025-04-10 01:27:57.618637,2025-04-10 01:28:19.113282,0 days 00:00:21.494645,0.6377033669517518,0.40581665435411146,8,0.2582460649209507,0.031330117093889755,0.05857460666258352,0.019324740671367822,0.03226941680610289,0.06114536593705999,0.009556864115107276,9,45,0.007477861810943126,0.01121777102089331,False,True,False,4.1016315896808024e-08,COMPLETE
867,0.44720450639724735,2025-04-10 01:28:19.393390,2025-04-10 01:28:44.807930,0 days 00:00:25.414540,0.6720395556370966,0.3570815613886391,8,0.24311220969135128,0.05872332012310851,0.04226474672700807,0.010858379570107986,0.04846833346972855,0.053198555975048675,0.011491639614152132,10,66,0.009863445869899488,0.019584152870188276,True,False,False,4.9928915981908544e-08,COMPLETE
868,0.4493568122386933,2025-04-10 01:28:45.091882,2025-04-10 01:29:09.348644,0 days 00:00:24.256762,0.5534148188335685,0.37489849286173704,8,0.2091996831364221,0.04331444244715337,0.045839727379843424,0.01801581757716013,0.0322692121775644,0.08019665101237064,0.008759312835929753,9,42,0.08368952497835569,0.0415450694011851,False,False,False,8.632418234288783e-08,COMPLETE
869,0.35875176191329955,2025-04-10 01:29:09.617755,2025-04-10 01:29:33.889741,0 days 00:00:24.271986,0.6097275386233838,0.4146870584205797,8,0.20332598504460023,0.04734257047181876,0.05364407496149143,0.06392070771520801,0.04400767676839883,0.05889933239279317,0.01600164459713515,9,76,0.011862924444686694,0.030175992100902316,False,False,False,1.1212224696482355e-07,COMPLETE
870,0.4953080296516419,2025-04-10 01:29:34.173211,2025-04-10 01:30:06.076467,0 days 00:00:31.903256,0.6415022102342147,0.05299263624411004,8,0.2663509525320551,0.027860786559628287,0.06991589499085692,0.009554946247279015,0.03892104698924454,0.07683794675907897,0.01007627869724576,18,35,0.007565811374176566,0.02321609065527495,False,False,False,6.219772615990592e-08,COMPLETE
871,0.42276511192321775,2025-04-10 01:30:06.363713,2025-04-10 01:30:27.854483,0 days 00:00:21.490770,0.5773742064215447,0.4408536811291773,8,0.27800615196310213,0.03704047589563387,0.05896694079488898,0.013775912487572931,0.03742045579667642,0.06178713848530735,0.013461796447225866,5,82,0.014930213771532367,0.03904172446846746,False,False,False,5.049076084818507e-05,COMPLETE
872,0.5432104587554932,2025-04-10 01:30:28.144009,2025-04-10 01:30:53.953842,0 days 00:00:25.809833,0.7042908878449458,0.38519459230196557,8,0.2982905297989655,0.0228541567415275,0.056541088928814154,0.021454350885260362,0.03545362893056524,0.056098829829625475,0.0002152888884468555,11,68,0.0057826922553387014,0.030258060285740573,False,False,False,1.1921475123352928e-07,COMPLETE
873,0.49777216911315925,2025-04-10 01:30:54.226308,2025-04-10 01:31:18.644730,0 days 00:00:24.418422,0.6119136507906131,0.10714480028223666,8,0.26039266454490173,0.03243837851243347,0.04858076311359694,0.011266487067974448,0.044358507550947925,0.05833572299702815,0.011492622361992645,9,73,0.007777758505732867,0.038913014501017064,False,False,False,8.525296456622954e-08,COMPLETE
874,0.5103403687477113,2025-04-10 01:31:18.927642,2025-04-10 01:31:40.764150,0 days 00:00:21.836508,0.5229562849591662,0.4267265199014177,8,0.25348044851189183,0.043172871478309005,0.0439829691532535,0.016573244368846943,0.052291171666936365,0.06204725671515147,0.028822646107688032,6,53,0.013749290936659376,0.07669463364158427,False,False,False,1.704289607157553e-06,COMPLETE
875,0.11231362819671632,2025-04-10 01:31:41.051662,2025-04-10 01:32:03.025690,0 days 00:00:21.974028,0.2702054839361461,0.4049585478191032,8,0.2709921183735597,0.011250949036878975,0.051820337836318904,0.02080539501561913,0.04009991912470187,0.042291432634720204,0.008592085518449016,9,110,0.010452344712802436,0.01792599016327901,False,False,True,1.0295681078325041e-07,COMPLETE
876,0.3578057289123535,2025-04-10 01:32:03.314548,2025-04-10 01:32:34.778832,0 days 00:00:31.464284,0.6582156018879246,0.44429326763154087,8,0.2831399070119835,0.039076094311913626,0.06686860660330159,0.00801324064773062,0.0016784015440704028,0.06279784066254257,0.013000598522843305,17,149,0.005367630423851814,0.024824440411061393,False,False,False,6.905264903451735e-08,COMPLETE
877,0.49522066116333013,2025-04-10 01:32:35.052491,2025-04-10 01:33:00.058947,0 days 00:00:25.006456,0.3428195538621995,0.32472060900792826,8,0.2493648892874174,0.05538572613717422,0.0550646763365707,0.014553470322707478,0.08184124462995218,0.05994989822656114,0.009798943801548686,10,46,0.016885380842251448,0.04627116943368601,False,False,False,5.3084325921416405e-08,COMPLETE
878,0.5377769708633423,2025-04-10 01:33:00.345053,2025-04-10 01:33:25.999746,0 days 00:00:25.654693,0.5382573409704107,0.35742172265584055,8,0.2893715946900201,0.047980583875525985,0.03555637105929964,0.012401243616263899,0.04526169223223866,0.0484247130514078,0.017839017038355744,11,49,0.006293518513425064,0.03314098630972664,False,False,False,1.26988141279536e-07,COMPLETE
879,0.4961435317993164,2025-04-10 01:33:26.296445,2025-04-10 01:33:50.798857,0 days 00:00:24.502412,0.5757645954837527,0.41735038576195166,8,0.26454901526813135,0.03296554103276701,0.03939284796870819,0.05522563401121457,0.03481744020284375,0.05477728541358164,0.007869546724059179,9,71,0.00918807553894145,0.18631335624953105,False,False,False,8.40831951042676e-08,COMPLETE
880,0.4561834454536438,2025-04-10 01:33:51.071839,2025-04-10 01:34:12.211195,0 days 00:00:21.139356,0.30528440987097816,0.4450710233946004,8,0.27473869977594995,0.040403380035907786,0.050196517589277616,0.03705785921215694,0.05202413015306165,0.057739699283883554,0.010857259810245672,5,40,0.011988445534187271,0.041933773549327244,False,False,False,9.960243605755478e-08,COMPLETE
881,0.41911773085594184,2025-04-10 01:34:12.496297,2025-04-10 01:34:47.732585,0 days 00:00:35.236288,0.3776295259034982,0.39467633533600077,8,0.25817206867513504,0.051606694669462536,0.05938354081043139,0.022754396180500153,0.04902669871301508,0.06000093255196682,0.014951801262334788,22,86,0.00442886283219587,0.011932588279999063,False,False,False,1.1812368296427519e-07,COMPLETE
882,0.5560293436050415,2025-04-10 01:34:48.021334,2025-04-10 01:35:07.223401,0 days 00:00:19.202067,0.6313531308254249,0.4348780793382487,16,0.17873515224539333,0.02840768390466352,0.06340441358377331,0.0446025120697081,0.05000911744858305,0.051451283059112625,0.008884463604542767,6,66,0.007147786175769855,0.0356396529200948,False,False,False,8.094822851129579e-08,COMPLETE
883,0.42242083549499515,2025-04-10 01:35:07.513975,2025-04-10 01:35:32.228571,0 days 00:00:24.714596,0.3591161610092891,0.41344640332581556,8,0.24438311037760166,0.03546217811299014,0.046390062817884964,0.052145595370227046,0.08300868141447124,0.06278563084339005,0.04561092192913556,9,56,0.003954698188656016,0.02600260452106445,True,False,False,6.37481210982441e-08,COMPLETE
884,0.30598536729812625,2025-04-10 01:35:32.505024,2025-04-10 01:35:57.546743,0 days 00:00:25.041719,0.6138433474062799,0.4469900816955116,8,0.21643618002379764,0.0643466081025631,0.053152630347337394,0.019290492160922247,0.04640300125799696,0.057239645150969506,0.0007403700951854667,10,77,0.009401034130015152,0.008000157384114144,False,False,False,1.3957929722842152e-07,COMPLETE
885,0.2963778793811798,2025-04-10 01:35:57.832686,2025-04-10 01:36:17.467245,0 days 00:00:19.634559,0.5841522249478722,0.1314165729199112,8,0.26854413496648777,0.045143525875506636,0.03797870576985872,0.04051404806811472,0.04022608868205426,0.06339032007074344,0.021454145447964146,6,69,0.0011483184081193983,0.017052878832752243,False,True,False,1.122126500199622e-07,COMPLETE
886,0.5052857756614685,2025-04-10 01:36:17.759852,2025-04-10 01:36:36.434893,0 days 00:00:18.675041,0.3892343507271881,0.07075553420845203,16,0.25377698805597443,0.025156855104391383,0.05574187174106121,0.009671423304204355,0.03436655637598641,0.06066568195681959,0.012553726744900814,5,43,0.005710854541242309,0.12229515977072361,False,False,False,8.608427622874275e-07,COMPLETE
887,0.4510367751121521,2025-04-10 01:36:36.709115,2025-04-10 01:37:01.063852,0 days 00:00:24.354737,0.8487545158706837,0.39234327064636054,8,0.26241527635236467,0.01670859776984855,0.07271811896926762,0.006193194939848873,0.08466058126876187,0.07465318279540026,0.007417654470180369,9,61,0.013979246393872631,0.049620188114848696,False,False,False,4.336719148956664e-08,COMPLETE
888,0.49559671878814704,2025-04-10 01:37:01.352858,2025-04-10 01:37:25.528016,0 days 00:00:24.175158,0.600145799309405,0.36485823037809856,8,0.2757963066752337,0.03979171524758153,0.057785959115422975,0.003109578384457204,0.0872446450804734,0.05371377399055161,0.00955797768777315,9,74,0.0074514577789578625,0.26630176759296836,False,False,False,9.09227813126028e-08,COMPLETE
889,0.35371376276016236,2025-04-10 01:37:25.815207,2025-04-10 01:37:48.573179,0 days 00:00:22.757972,0.40822983787020034,0.43206571268018956,8,0.2002530745895798,0.05036801279321538,0.040922083576859905,0.024043507033728737,0.07996857046252868,0.06499396463879761,0.011087043691446476,7,79,0.0010106627802899393,0.030646596050069686,False,False,False,5.540516679566492e-08,COMPLETE
890,0.49393588304519653,2025-04-10 01:37:48.864727,2025-04-10 01:38:12.797474,0 days 00:00:23.932747,0.6405384057472763,0.33804228012654347,8,0.2816020541491924,0.03300141231583219,0.05992928801549126,0.031069200526473804,0.08718419996549792,0.06923569413083726,0.015720783782685366,8,64,0.004283275976740889,0.04065215834398028,False,False,False,1.0956638049678557e-05,COMPLETE
891,0.3493546783924103,2025-04-10 01:38:13.078144,2025-04-10 01:38:39.607520,0 days 00:00:26.529376,0.49531839509262043,0.45266332997645775,16,0.24680905207856038,0.09133689816305715,0.07572239827857119,0.017283388179130228,0.056129228827427526,0.05853211394633652,0.006834313309594656,24,45,0.010141769315733408,0.022069627568398652,False,False,False,1.3607936970198848e-07,COMPLETE
892,0.5052506327629089,2025-04-10 01:38:39.896311,2025-04-10 01:39:05.086960,0 days 00:00:25.190649,0.5414356316887915,0.41702381090935436,8,0.269130308504551,0.043441451248967575,0.04784400227487338,0.021048569762645762,0.03008341674450548,0.05621509050405191,0.012782808091323863,10,71,0.011838357420496874,0.04526231383346035,False,False,False,7.632247735779636e-08,COMPLETE
893,0.2787794768810272,2025-04-10 01:39:05.377671,2025-04-10 01:39:27.188517,0 days 00:00:21.810846,0.5660701078794154,0.46017273323790064,8,0.19214779707903615,0.05787643282987972,0.044178868490315305,0.033879908150008894,0.030065661746259947,0.06179039326125947,0.009070819086650079,6,51,0.0029061039889231428,0.034622765858755455,False,False,False,4.621073866819031e-07,COMPLETE
894,0.09581104665994644,2025-04-10 01:39:27.480915,2025-04-10 01:39:47.911464,0 days 00:00:20.430549,0.5088047166012309,0.42837659961935887,8,0.24075598533270404,0.03736204606267349,0.06464077929336247,0.02748366824193925,0.08289867513837568,0.014075584951602401,0.01070475559440642,7,67,0.006129157940989214,0.027436151984173995,False,False,True,1.226870528575782e-06,COMPLETE
895,0.5077097058296204,2025-04-10 01:39:48.197441,2025-04-10 01:40:37.170218,0 days 00:00:48.972777,0.6647379873188934,0.10000758688300859,2,0.26027915676816005,0.0218877248044437,0.06841458886950413,0.013578351803780607,0.08499654778440556,0.06008622123329314,0.007910685030741355,9,38,0.008204829298695057,0.0392586793919561,False,False,False,1.0242787834220449e-07,COMPLETE
896,0.3391828179359436,2025-04-10 01:40:37.459875,2025-04-10 01:40:57.463844,0 days 00:00:20.003969,0.6201361909628368,0.3883786770329398,16,0.2908380868163909,0.16889883364297856,0.0501101073420261,0.00513368299910379,0.08053197891674345,0.06399603092398211,0.005602387767243872,8,59,0.0038168245582038624,0.15229390996906883,False,False,False,2.1228366322385377e-06,COMPLETE
897,0.4774476051330567,2025-04-10 01:40:57.754341,2025-04-10 01:41:44.267868,0 days 00:00:46.513527,0.0613448612471551,0.4535328655592903,2,0.25085230975703243,0.028967075859727374,0.0625873772593902,0.015367497974522401,0.0883562982962306,0.05131513790563034,0.00993683441179402,8,146,0.012554375941920005,0.05513585853746081,False,False,False,3.154192437848285e-06,COMPLETE
898,0.4202674388885498,2025-04-10 01:41:44.561433,2025-04-10 01:42:07.241280,0 days 00:00:22.679847,0.3282243321122176,0.4022076721061474,8,0.20727037996960085,0.04803549740533754,0.05384137839902762,0.011748079655206188,0.07905562066935519,0.04930101498681906,0.01359482652459346,7,47,0.005841180158946088,0.021503312525782442,False,False,False,1.3892070347536533e-07,COMPLETE
899,0.440524971485138,2025-04-10 01:42:07.521773,2025-04-10 01:43:35.017073,0 days 00:01:27.495300,0.5981267805688749,0.4343333162626822,2,0.2755152152491999,0.041690390877046284,0.057963785469496036,0.09998644942730066,0.08596428201989055,0.0667344180582398,0.017595610280712378,21,82,0.0158028738456896,0.03229623379002305,False,False,False,7.122560123864247e-08,COMPLETE
900,0.5835554003715515,2025-04-10 01:43:35.308367,2025-04-10 01:44:15.718612,0 days 00:00:40.410245,0.2064109119588921,0.47380832256247946,2,0.26821197583564516,0.03595816503256567,0.05163551335042529,0.018572980037204857,0.033392414471240764,0.055355052407765545,0.006428005532120555,6,125,0.002812706908123845,0.014403767675530164,False,False,False,1.631420168492928e-07,COMPLETE
901,0.350106155872345,2025-04-10 01:44:16.014272,2025-04-10 01:44:36.862193,0 days 00:00:20.847921,0.23736763925575946,0.4913585275673475,8,0.26841361071666986,0.05423128319572622,0.049948015709650344,0.018100296589333046,0.037839067035461214,0.052712880488615665,0.0043033019205893554,5,41,0.007478706933013047,0.0032317382432246414,False,False,False,1.5788341472678674e-05,COMPLETE
902,0.49211670160293586,2025-04-10 01:44:37.158473,2025-04-10 01:45:13.791077,0 days 00:00:36.632604,0.25254658317259937,0.287076050759971,2,0.2637105464393646,0.045868589839122786,0.05200738396956011,0.019957295067972686,0.03426672623266147,0.05411393833251229,0.005262024449904101,5,106,0.009815168817893426,0.010967690392392725,False,False,False,1.6304158544106135e-07,COMPLETE
903,0.47698891162872314,2025-04-10 01:45:14.071812,2025-04-10 01:45:54.131127,0 days 00:00:40.059315,0.15889106631491587,0.36839290312151396,2,0.27224201837420936,0.03773296579949652,0.05225505771396201,0.01713529307963014,0.0345299846185482,0.05537080261015903,0.004716837601321306,6,124,0.004768387394617334,0.006629390360484034,False,False,False,2.981132360233915e-05,COMPLETE
904,0.11304720640182496,2025-04-10 01:45:54.427754,2025-04-10 01:46:29.643937,0 days 00:00:35.216183,0.2321337551515002,0.15247715614991567,2,0.2814688901784581,0.05165459166268865,0.049064855618861515,0.02017479482154201,0.028025092419797795,0.05349951129610729,0.006311979352875565,6,122,0.00444680964413201,0.01586671873519972,True,True,False,1.5015484091431946e-07,COMPLETE
905,0.43504163026809695,2025-04-10 01:46:29.946013,2025-04-10 01:46:51.154126,0 days 00:00:21.208113,0.6936815444242548,0.4807992255181502,8,0.2575385120655649,0.044647905566135244,0.05150889759417474,0.018072662310247456,0.02655978728171991,0.05742245139522865,0.006625212583491493,5,73,0.06804216737130545,0.012476706326212457,False,False,False,1.2387257771534636e-07,COMPLETE
906,0.5003755331039429,2025-04-10 01:46:51.451024,2025-04-10 01:47:31.633120,0 days 00:00:40.182096,0.1696391767178309,0.3118540544767164,2,0.2668614853409191,0.03667350164700419,0.0537525381626007,0.022258276968201315,0.029279198595910445,0.051453107432688994,0.005935543826436043,6,124,0.002627020800842884,0.007107243135902316,False,False,False,1.0079919262952325e-08,COMPLETE
