number,value,datetime_start,datetime_complete,duration,params_alpha-eval,params_alpha-train,params_batch-size,params_eps-eval,params_eps-train,params_lambda-actions-eval,params_lambda-actions-train,params_lambda-frames-eval,params_lambda-frames-train,params_learning-rate,params_n-epochs,params_n-frames,params_radius-gw,params_rho,params_std-feats,params_ub-actions,params_ub-frames,params_weight-decay,state
1625,0.4960628390312195,2025-04-17 14:37:47.519996,2025-04-17 14:38:12.269156,0 days 00:00:24.749160,0.03537466253615461,0.7836444552000753,16,0.2103226306912003,0.26792259088891324,0.06416057807958907,0.07356729233200428,0.021624722952359305,0.09282193994534431,4.071770689898577e-05,19,67,0.023830188301506117,0.0963063049046078,False,False,False,2.118599225288781e-08,COMPLETE
1626,0.4906872391700745,2025-04-17 14:38:12.815574,2025-04-17 14:38:37.696718,0 days 00:00:24.881144,0.13700324618943774,0.8239700084235102,16,0.19926306101224683,0.22587045227137895,0.07008363892496476,0.0782508062305512,0.026305279995771227,0.09605415801728699,6.916759635987757e-05,18,53,0.025397670832305312,0.1273174174933135,False,False,False,1.1870225192607955e-08,COMPLETE
1627,0.4698847770690918,2025-04-17 14:38:38.225574,2025-04-17 14:39:03.448306,0 days 00:00:25.222732,0.6521377795405685,0.5063718978368082,16,0.18448620750669925,0.2584196842158698,0.06772619134148569,0.06870729605449015,0.028701667845192125,0.02948714843533101,5.284225748916005e-05,19,58,0.027596746831785247,0.10309002885861772,False,False,False,1.651583872989532e-08,COMPLETE
1628,0.09427145123481752,2025-04-17 14:39:03.974601,2025-04-17 14:39:26.608213,0 days 00:00:22.633612,0.06183045952920079,0.45041412114740875,16,0.0006724343218563744,0.24249872587252777,0.06342032250525426,0.07144051923953897,0.024077918982079453,0.09357907445684335,0.0015040648506156125,17,63,0.022431620712362366,0.10997053341619056,False,False,False,1.1174396512899635e-08,COMPLETE
1629,0.100156469643116,2025-04-17 14:39:27.153097,2025-04-17 14:39:49.506261,0 days 00:00:22.353164,0.1051183167019718,0.7713379705868322,16,0.16407428748653577,0.2531280698638267,0.06549873462631149,0.07629514813706002,0.02201123376335126,0.0953454338451171,3.609536907482956e-05,18,85,0.032132864705724955,0.09385956895147882,False,False,True,2.6599506448739988e-08,COMPLETE
1630,0.4736708760261536,2025-04-17 14:39:50.054561,2025-04-17 14:40:15.717279,0 days 00:00:25.662718,0.04922610318992608,0.7877400342858294,16,0.20382295035592773,0.2835312814818802,0.01312507091503494,0.07312941725293783,0.02597956047169277,0.09162292191561018,0.00010369746752937194,19,67,0.025865072630157485,0.09190758924526529,False,False,False,1.0075265002322572e-08,COMPLETE
1631,0.5452821493148804,2025-04-17 14:40:16.297372,2025-04-17 14:40:41.099516,0 days 00:00:24.802144,0.1264373148985175,0.7781089511082729,16,0.1746376456208499,0.26180276351183107,0.07168652119050108,0.08161327647574118,0.030821936161237348,0.09613778666576021,4.473350848154958e-05,17,61,0.029221489178647843,0.09935133026172288,False,False,False,8.043028859369028e-07,COMPLETE
1632,0.43931696414947513,2025-04-17 14:40:41.653202,2025-04-17 14:41:08.007537,0 days 00:00:26.354335,0.36255348476380095,0.7581740637722907,16,0.18715841525899443,0.26852534071646544,0.0693269743421952,0.08019569909815662,0.027993822790134,0.08983438428251901,6.713434700357165e-05,18,57,0.02307102689044655,0.09065357644271647,True,False,False,2.2949180521342592e-08,COMPLETE
1633,0.11429656445980073,2025-04-17 14:41:08.553308,2025-04-17 14:41:30.468224,0 days 00:00:21.914916,0.08295569492148777,0.8113048785184483,16,0.193448151123732,0.05902203384560438,0.06129729081101565,0.07512317071271458,0.02390859652156626,0.09351984342578196,3.712146658818694e-05,17,64,0.027155565933291638,0.10112467023116603,False,True,False,1.6848425664130945e-08,COMPLETE
1634,0.5048046231269837,2025-04-17 14:41:31.036933,2025-04-17 14:41:54.940518,0 days 00:00:23.903585,0.03534460516086823,0.7707573027534292,16,0.20638724351061416,0.25227576424762455,0.06676938336152745,0.0704102525981176,0.0219054775123984,0.02675873858429593,5.559307122442179e-05,15,54,0.022343819022756246,0.0943000351084887,False,False,False,1.2402507345102956e-08,COMPLETE
1635,0.4764985799789429,2025-04-17 14:41:55.488272,2025-04-17 14:42:21.373878,0 days 00:00:25.885606,0.4051621105407712,0.7567144602614562,16,0.21557509732294597,0.24790898768333175,0.072281731528279,0.07262156646128969,0.029800104973599514,0.09522931759907306,8.35485846566495e-05,19,59,0.024921865997107093,0.08912734530958687,False,False,False,2.2258884828786885e-08,COMPLETE
1636,0.4257642328739167,2025-04-17 14:42:21.956863,2025-04-17 14:42:44.834485,0 days 00:00:22.877622,0.10746931127168063,0.7599139621334795,16,0.17048668517693447,0.27464852502175924,0.06353147340684075,0.08291785048130693,0.033859621004638046,0.09190566278911798,6.082347076203918e-05,12,48,0.03760232222799874,0.016620863428907912,False,False,False,1.7835007093332356e-08,COMPLETE
1637,0.4580341696739197,2025-04-17 14:42:45.393400,2025-04-17 14:43:10.719324,0 days 00:00:25.325924,0.13510652963267208,0.7964783758675356,16,0.1983574680261127,0.2600235760707399,0.06652517413106196,0.07496335680627744,0.025886083704103304,0.08764209309298819,0.0004033117914125921,17,62,0.021433011086538493,0.08575436785920382,False,False,False,3.26120962208994e-08,COMPLETE
1638,0.4960972309112549,2025-04-17 14:43:11.267746,2025-04-17 14:43:36.701182,0 days 00:00:25.433436,0.08149380330985355,0.754382962779925,16,0.18159438431248442,0.23484375629058726,0.06919627696164116,0.07933688723318348,0.023639680175698615,0.09704461402165554,4.9202307151953246e-05,18,67,0.030126314604914193,0.09806115918175863,False,False,False,1.0215484831075377e-08,COMPLETE
1639,0.33425912261009216,2025-04-17 14:43:37.272021,2025-04-17 14:44:01.337634,0 days 00:00:24.065613,0.06741957832544858,0.8578331004623617,16,0.19148791223342673,0.2661737962873507,0.05929407981668541,0.07810081304714195,0.027137693860022676,0.09416404957014618,4.3450302715662445e-05,15,40,0.024303638987118986,0.0851013693186784,False,False,False,2.4793250095277055e-08,COMPLETE
1640,0.4981771111488343,2025-04-17 14:44:01.898618,2025-04-17 14:44:33.324329,0 days 00:00:31.425711,0.09672270653562344,0.44192365515841003,8,0.20626662570372456,0.24199705642702463,0.06787656479694598,0.0991029605453123,0.031267710707809364,0.09156827926878602,3.5471978315105847e-05,16,57,0.026919218047750135,0.10305679735774323,False,False,False,1.2840760730914005e-08,COMPLETE
1641,0.4855577349662781,2025-04-17 14:44:33.895067,2025-04-17 14:45:00.274226,0 days 00:00:26.379159,0.03944913081600929,0.7443971705815808,16,0.21761851566668536,0.2588307582381676,0.0616562359276837,0.07379795557403342,0.021688310670612054,0.05917053994504874,6.648472184717604e-05,20,64,0.02818372112478647,0.118105937015875,False,False,False,1.6523084156534808e-08,COMPLETE
1642,0.5438697695732118,2025-04-17 14:45:00.821764,2025-04-17 14:45:26.636916,0 days 00:00:25.815152,0.1352122229522222,0.4759893316249354,16,0.1583730337948611,0.253552393186767,0.07344208233497222,0.09988758001757407,0.025163338861520473,0.0965184948635663,5.189731344483402e-05,19,60,0.021674343648889594,0.1100558137605948,False,False,False,2.970060977216403e-08,COMPLETE
1643,0.475324821472168,2025-04-17 14:45:27.180340,2025-04-17 14:45:51.059601,0 days 00:00:23.879261,0.11697492196377027,0.7909866974111907,16,0.1990988310231809,0.27256328157346654,0.07063082303664626,0.0667510680345668,0.028623902578675423,0.09388447835502131,3.567706360393891e-05,14,52,0.024353998242628377,0.09315458936524978,False,False,False,1.5292171243401314e-08,COMPLETE
1644,0.46233457326889044,2025-04-17 14:45:51.633269,2025-04-17 14:47:10.160522,0 days 00:01:18.527253,0.05741067397471924,0.7761637945745652,2,0.21151349065061886,0.22479560428347659,0.0633173300341946,0.08596095436150138,0.022564786400497527,0.08918665784385721,7.698730110461284e-05,18,64,0.02621486702904985,0.08037972508734875,False,False,False,1.987819173866449e-08,COMPLETE
1645,0.5556038975715637,2025-04-17 14:47:10.691891,2025-04-17 14:47:34.739716,0 days 00:00:24.047825,0.08074885658905806,0.7409039128856199,16,0.17791762520914928,0.24522079684741582,0.06712837282013538,0.08901522176713991,0.027119843735797667,0.03213861280070178,4.3758654297882886e-05,17,60,0.02289203279144595,0.0884218699922215,False,False,False,4.852385264107627e-08,COMPLETE
1646,0.5121351957321167,2025-04-17 14:47:35.293870,2025-04-17 14:47:59.244044,0 days 00:00:23.950174,0.045903598359058974,0.7400802412119803,16,0.17018969876080017,0.22882969814951706,0.06911612566963658,0.0907014382196876,0.029504009027333303,0.03092135436706247,4.6122435135597845e-05,17,55,0.022131405903325584,0.08874442464441538,False,False,False,7.025775211791398e-08,COMPLETE
1647,0.5070398688316345,2025-04-17 14:47:59.774922,2025-04-17 14:48:23.845749,0 days 00:00:24.070827,0.0654215944694085,0.7561891744154545,16,0.175760037346912,0.2404476983244012,0.06699126564893479,0.08815888152357702,0.02677450365200548,0.03198083580522106,4.498115665221655e-05,17,56,0.023083513851661453,0.0956469262324155,False,False,False,4.9172895670540453e-08,COMPLETE
1648,0.09375500679016113,2025-04-17 14:48:24.376910,2025-04-17 14:48:46.479960,0 days 00:00:22.103050,0.3408638312843084,0.7667357690295361,16,0.18104191043270718,0.23381189019548654,0.06951028228014351,0.08943391037294067,0.03069180272480416,0.032904716265426875,5.750677112815811e-05,18,52,0.02107001937327431,0.0856904131732534,False,False,True,3.953796897075005e-08,COMPLETE
1649,0.3398029267787933,2025-04-17 14:48:47.028646,2025-04-17 14:49:11.121765,0 days 00:00:24.093119,0.03229019296254972,0.7326250596196929,16,0.16744587743015774,0.2409023241074526,0.07176059597992396,0.08858564894091098,0.028277610572875218,0.02859277883378987,4.322889023044912e-05,17,58,0.0038099642677174236,0.09211255533031176,False,False,False,7.035101746594972e-08,COMPLETE
1650,0.48200041055679327,2025-04-17 14:49:11.654169,2025-04-17 14:49:35.838892,0 days 00:00:24.184723,0.0737658312101577,0.7445091145708884,16,0.1749675865694861,0.23001308139286883,0.0703592063767367,0.09243478780639067,0.03194412907423582,0.031093222473174042,5.391522171088553e-05,17,59,0.06665365727690592,0.09707267835240742,False,False,False,4.476741577121562e-08,COMPLETE
1651,0.41964315176010136,2025-04-17 14:49:36.396775,2025-04-17 14:50:01.337550,0 days 00:00:24.940775,0.060509547428513215,0.7664012322224152,16,0.17802217786577387,0.238383323694636,0.06798543527592765,0.08694870565462548,0.028688475129549657,0.03522907094206709,4.279701546333135e-05,17,56,0.023574299050009167,0.08539534861166284,True,False,False,5.0450336413333887e-08,COMPLETE
1652,0.5478107929229736,2025-04-17 14:50:01.874625,2025-04-17 14:50:25.268607,0 days 00:00:23.393982,0.08249304921712554,0.7892253098416119,16,0.18465855676819445,0.2790049964824761,0.06623133334257705,0.09031297093106366,0.02675767578651054,0.03475980804142887,3.658482110974822e-05,16,60,0.020816400891502312,0.08098476357912333,False,False,False,3.625870666373178e-08,COMPLETE
1653,0.16080281138420105,2025-04-17 14:50:25.799201,2025-04-17 14:50:46.710865,0 days 00:00:20.911664,0.04357291957659862,0.8184204838536506,16,0.17178959941874258,0.24558114625548888,0.07438663502474616,0.08518570564653055,0.02856373523987283,0.029308663873828574,6.194422498847943e-05,16,54,0.024110761840671933,0.09022847586244151,False,True,False,8.939580615996575e-08,COMPLETE
1654,0.43840564489364625,2025-04-17 14:50:47.264260,2025-04-17 14:51:11.280226,0 days 00:00:24.015966,0.46276143701423744,0.746508531031402,16,0.16543169302029836,0.2456773920309284,0.0681760314244906,0.08685383194295436,0.032560538278558857,0.032651014474293125,0.012818295394088759,17,58,0.022223640187017276,0.1027141306489605,False,False,False,5.141574858653547e-08,COMPLETE
1655,0.554229474067688,2025-04-17 14:51:11.815527,2025-04-17 14:51:36.370241,0 days 00:00:24.554714,0.08901613122094117,0.7797394710190318,16,0.1875077244509426,0.22374528425263654,0.07167032146406463,0.08956780413530538,0.030239132227944807,0.030430299805298728,5.3139708734444e-05,18,61,0.025131458753311298,0.0754738505965817,False,False,False,5.650224612509387e-08,COMPLETE
1656,0.49650491476058967,2025-04-17 14:51:36.924486,2025-04-17 14:52:01.771347,0 days 00:00:24.846861,0.0831367304314958,0.8140797449191957,16,0.18327435293293473,0.22123735322297952,0.07314270813379628,0.08943947857358038,0.031889632802766375,0.02791589463032386,5.57838302990169e-05,18,56,0.02649289591022122,0.07703093182457868,False,False,False,6.072464230962268e-08,COMPLETE
1657,0.5389760971069336,2025-04-17 14:52:02.305074,2025-04-17 14:52:26.555071,0 days 00:00:24.249997,0.07163322416079573,0.829092580139681,16,0.1886295853939216,0.2237998466234942,0.07172608133614597,0.09127834500598811,0.03382274232629299,0.02782845846816701,6.818374888707118e-05,18,60,0.02559146594976895,0.076517641465245,False,False,False,7.064912694469134e-08,COMPLETE
1658,0.5062021851539612,2025-04-17 14:52:27.086217,2025-04-17 14:52:51.423527,0 days 00:00:24.337310,0.08872884567730818,0.7963665182994564,16,0.19026123869400452,0.22912755478928565,0.07228193723026144,0.0874253958888281,0.03123513730977676,0.029851307510781182,5.0407989893321474e-05,18,59,0.02772867905798862,0.0750635606490063,False,False,False,5.974676682420864e-08,COMPLETE
1659,0.443587863445282,2025-04-17 14:52:51.973892,2025-04-17 14:53:16.385914,0 days 00:00:24.412022,0.06435200432097085,0.7857181146573966,16,0.18015098302060228,0.235130823636318,0.0704739125872504,0.08913642528055798,0.03387548891530828,0.03327053699030253,0.0980315507523352,18,52,0.07538062726069197,0.08135301076837821,False,False,False,5.518872842754232e-08,COMPLETE
1660,0.4909857630729676,2025-04-17 14:53:16.919435,2025-04-17 14:53:41.430142,0 days 00:00:24.510707,0.09281100143117857,0.8042900478691445,16,0.187430682769021,0.22893530917008892,0.07272151872033009,0.09206706737034955,0.030248506676601353,0.03120066209515561,6.261805638751463e-05,18,49,0.02543863679396988,0.07451274752992271,False,False,False,8.447909632306612e-08,COMPLETE
1661,0.501125156879425,2025-04-17 14:53:41.990771,2025-04-17 14:54:06.034252,0 days 00:00:24.043481,0.05515164540790999,0.7790488834713439,16,0.17946280446552546,0.2273420186830713,0.07493818956440665,0.08962576193369165,0.02946355129831156,0.030719429676295543,5.071411457062489e-05,17,56,0.025201394999804002,0.08169414530580987,False,False,False,7.012401893613148e-08,COMPLETE
1662,0.5089781522750855,2025-04-17 14:54:06.570607,2025-04-17 14:54:31.163181,0 days 00:00:24.592574,0.10028003797075072,0.8090807230675658,16,0.18382521701794247,0.2225266730751925,0.0704115645172075,0.09220658713094448,0.037373300866447176,0.026313490587475237,8.374200245226224e-05,18,61,0.028187521955691505,0.08419954674831667,False,False,False,4.327213564620562e-08,COMPLETE
1663,0.4959950923919678,2025-04-17 14:54:31.695667,2025-04-17 14:54:55.668049,0 days 00:00:23.972382,0.04127745487922246,0.7789151393191442,16,0.1930217379415166,0.22358720341220792,0.06957427087355926,0.0876348248242378,0.03044478645528243,0.03213735189710914,4.482589147073599e-05,17,58,0.025776764897489986,0.0752991383268557,False,False,False,4.7293623782075356e-08,COMPLETE
1664,0.49675492048263553,2025-04-17 14:54:56.224201,2025-04-17 14:55:21.091522,0 days 00:00:24.867321,0.07662799621701874,0.8414281597001311,16,0.18690952990996876,0.23267074053237308,0.07285779824461508,0.09455813055004723,0.029977551018337233,0.028602719743014135,5.6538308682098565e-05,19,54,0.0269644016597875,0.08764184746079572,False,False,False,5.97699771859768e-08,COMPLETE
1665,0.4687608599662781,2025-04-17 14:55:21.625662,2025-04-17 14:55:46.454572,0 days 00:00:24.828910,0.10171385250159351,0.7699009904516187,16,0.17686235899275746,0.23981959282681797,0.06842356063232896,0.08515350092326203,0.027542702295674203,0.030358797316509645,7.547622275446523e-05,19,61,0.0910342383123271,0.07395286052873982,False,False,False,5.025526829673997e-08,COMPLETE
1666,0.49604371786117557,2025-04-17 14:55:47.010436,2025-04-17 14:56:19.033608,0 days 00:00:32.023172,0.05962601564451769,0.7945073669885223,8,0.17207890554451305,0.23952316156035158,0.07093593098892913,0.08842060347536958,0.035663646880957287,0.02936857726791377,4.0955910851229324e-05,18,58,0.02387217900979782,0.09091978634815034,False,False,False,3.8006270456309364e-08,COMPLETE
1667,0.5176869869232178,2025-04-17 14:56:19.568624,2025-04-17 14:56:43.613705,0 days 00:00:24.045081,0.8773004344844876,0.7654765023761189,16,0.18980376132452487,0.22212492919865384,0.07464069177347607,0.09014765418532583,0.033085843154584745,0.024989602665475695,5.0784088711791257e-05,17,61,0.02439642527000105,0.07980280769382797,False,False,False,3.2701869698011534e-08,COMPLETE
1668,0.09902962893247605,2025-04-17 14:56:44.179899,2025-04-17 14:57:51.145226,0 days 00:01:06.965327,0.07959947755603186,0.7840604734455267,2,0.18349009255043924,0.22741702800937652,0.06810671898173956,0.08446146392943082,0.03203625415335693,0.03405444279437017,6.505189971355153e-05,18,55,0.029196856132057546,0.08653394805894672,False,False,True,3.8201973319759896e-08,COMPLETE
1669,0.5089333772659302,2025-04-17 14:57:51.684843,2025-04-17 14:58:16.054276,0 days 00:00:24.369433,0.026094899018388934,0.7645291081430807,16,0.19281709806545716,0.23381390224200077,0.0663565379786596,0.09260685084679311,0.028265237845938446,0.030931768124557692,9.561045652200949e-05,17,61,0.02620812211557824,0.0958259163519869,False,False,False,9.682167002797391e-08,COMPLETE
1670,0.4987719178199769,2025-04-17 14:58:16.589313,2025-04-17 14:58:41.446903,0 days 00:00:24.857590,0.04825541204226668,0.8046628032051776,16,0.17832901368361587,0.235803192927398,0.07155992433050495,0.09050693874372172,0.03549202972256535,0.03292768127583307,4.3007447928895e-05,19,58,0.028234499167526975,0.08166485895553768,False,False,False,8.060286050643253e-08,COMPLETE
1671,0.39509570598602295,2025-04-17 14:58:42.008635,2025-04-17 14:59:06.560188,0 days 00:00:24.551553,0.10094792354111788,0.8204044691113905,16,0.1942941900340942,0.22204011094305992,0.06602847075234598,0.0864341788715147,0.030337650551231863,0.029189515770161656,5.569379348542888e-05,16,62,0.023217141871805652,0.07366345901546678,True,False,False,4.6767620123202104e-08,COMPLETE
1672,0.26678346991539004,2025-04-17 14:59:07.099070,2025-04-17 14:59:28.914079,0 days 00:00:21.815009,0.08056951065292099,0.527285108153743,16,0.16187989503534803,0.24425544773664754,0.06923114501736123,0.09370758985417063,0.02692610519332309,0.032129665030734667,7.183197645716972e-05,18,51,0.024760599649269056,0.09134750910200727,False,True,False,2.786673757214609e-08,COMPLETE
1673,0.45032541751861577,2025-04-17 14:59:29.478740,2025-04-17 14:59:53.459649,0 days 00:00:23.980909,0.03143618620717923,0.7619686130567864,16,0.17162832000398143,0.2526046601267713,0.07000971393395972,0.08839974106338556,0.028326035692736416,0.02776762397987893,0.03528921283110009,17,57,0.029664100311203364,0.07934080574693385,False,False,False,7.337312888295545e-08,COMPLETE
1674,0.47308259010314946,2025-04-17 14:59:53.999572,2025-04-17 15:00:17.894999,0 days 00:00:23.895427,0.06456383597661185,0.7849838392958679,16,0.17848973863525872,0.2647642859480426,0.07436541105758286,0.09690479419913765,0.02634580928743238,0.03270841349452013,0.00012456602152600903,17,62,0.027425941743204448,0.08375062630836749,False,False,False,6.014277202865772e-08,COMPLETE
1675,0.5154701232910156,2025-04-17 15:00:18.430099,2025-04-17 15:00:43.185081,0 days 00:00:24.754982,0.11506665610674074,0.7530463796541129,16,0.18356262614443206,0.231480164529606,0.06485973819976991,0.08437560984253646,0.03031193515048048,0.034352281158984005,5.127031940370732e-05,18,59,0.02349020327730076,0.09874205121434526,False,False,False,3.4962785180811155e-08,COMPLETE
1676,0.3371278762817383,2025-04-17 15:00:43.742547,2025-04-17 15:01:08.956213,0 days 00:00:25.213666,0.09136662269371781,0.7853680062307757,16,0.19649606895418245,0.2481990557389417,0.06729553246665879,0.08824587966570527,0.03317072235936318,0.02760849281233265,3.9068235838042535e-05,19,62,0.009009309395848784,0.08769501885838606,False,False,False,6.313444606883108e-08,COMPLETE
1677,0.4975428938865662,2025-04-17 15:01:09.494954,2025-04-17 15:01:33.968970,0 days 00:00:24.474016,0.05614908419208329,0.7706855255663512,16,0.19709059555670977,0.2734699043034464,0.06834599531600767,0.08261723581565425,0.026827466037798835,0.02596401432795165,6.174562494626099e-05,18,57,0.026531703922973913,0.10552124795170513,False,False,False,4.227950474365772e-08,COMPLETE
1678,0.5037320613861085,2025-04-17 15:01:34.530326,2025-04-17 15:01:58.935516,0 days 00:00:24.405190,0.11581329678199903,0.7508134496233236,16,0.19035150192467676,0.2588638577424637,0.07295756562445462,0.0865640237213884,0.028843863383698008,0.029181795362672812,4.538524616112591e-05,17,54,0.022060348211183512,0.07437916860486908,False,False,False,3.4378769465619056e-08,COMPLETE
1679,0.5513108491897583,2025-04-17 15:01:59.474550,2025-04-17 15:02:24.428355,0 days 00:00:24.953805,0.08003493742460341,0.7398521694137493,16,0.18616916891283616,0.28171684690712406,0.07105680856597706,0.0903918060825668,0.030793407099297794,0.03422021209023314,3.75879860152873e-05,19,60,0.0256732954415017,0.0930091135034344,False,False,False,5.13108013710265e-08,COMPLETE
1680,0.47100088596344,2025-04-17 15:02:24.988774,2025-04-17 15:02:48.848190,0 days 00:00:23.859416,0.10449821836074218,0.5026019058686593,16,0.17210525046159916,0.2678562183673897,0.06666203358641325,0.09214077343887686,0.025571010310208843,0.030249543829816133,0.00019102403545439583,16,87,0.011613021567182314,0.08635047426603316,False,False,False,1.0077695435734506e-07,COMPLETE
