number,value,datetime_start,datetime_complete,duration,params_alpha-eval,params_alpha-train,params_batch-size,params_eps-eval,params_eps-train,params_lambda-actions-eval,params_lambda-actions-train,params_lambda-frames-eval,params_lambda-frames-train,params_learning-rate,params_n-epochs,params_n-frames,params_radius-gw,params_rho,params_std-feats,params_ub-actions,params_ub-frames,params_weight-decay,state
953,0.41603227853775027,2025-04-17 09:18:34.021412,2025-04-17 09:18:58.989162,0 days 00:00:24.967750,0.18491351250527863,0.6744616446337887,16,0.21169463151444523,0.25116733087394866,0.07699796224456823,0.017184659475684615,0.018740871882246164,0.09630343705861866,1.711295485048208e-05,19,69,0.025361432632664344,0.15151081420756812,False,False,False,7.510345334856486e-06,COMPLETE
954,0.48916608095169073,2025-04-17 09:18:59.287613,2025-04-17 09:19:27.961129,0 days 00:00:28.673516,0.1503907068251224,0.7163699676210267,16,0.23126278354426538,0.20727816993074571,0.0937182328173685,0.007202332799161292,0.020772013645915775,0.0934926688884812,4.4798083727174527e-05,27,66,0.022324111668488633,0.11569450343286175,False,False,False,5.1470933278202534e-06,COMPLETE
955,0.452875816822052,2025-04-17 09:19:28.271102,2025-04-17 09:19:53.426070,0 days 00:00:25.154968,0.19815288081599952,0.6447284133160417,16,0.24683297133670984,0.202383896605628,0.08658867560856633,0.013602933253637262,0.007669460500591361,0.09106641148483112,2.2163684717305127e-05,20,57,0.024486556750857983,0.08929652400003156,False,False,False,4.29739371593893e-06,COMPLETE
956,0.4609411716461182,2025-04-17 09:19:53.737316,2025-04-17 09:21:29.943398,0 days 00:01:36.206082,0.23591819207959203,0.49029205809611004,2,0.2415570433449793,0.2153218723978323,0.08436416581024558,0.00949054596845772,0.05064766958918396,0.08729188424528857,2.885586112707834e-05,24,72,0.045016800322854725,0.0767270256802831,False,False,False,6.272833723524904e-06,COMPLETE
957,0.5535860061645508,2025-04-17 09:21:30.256157,2025-04-17 09:21:57.889258,0 days 00:00:27.633101,0.17295205447458264,0.6934645543097496,16,0.25444382022440576,0.19779145117734032,0.09071993698273832,0.004739920755603238,0.023156448481406366,0.09680690131414495,3.864269893016572e-05,26,60,0.019995192071885267,0.08224018179489033,False,False,False,1.36297573731316e-08,COMPLETE
958,0.4695043563842774,2025-04-17 09:21:58.204553,2025-04-17 09:22:25.924127,0 days 00:00:27.719574,0.6492014691825181,0.6632865395961657,16,0.2680723838706735,0.19319884931215697,0.09246342252248663,0.002811815157114414,0.02425132932011627,0.0967636986830855,7.24318440238089e-05,26,53,0.020698045133145732,0.08568335324047056,False,False,False,4.179776054611063e-07,COMPLETE
959,0.4834942698478699,2025-04-17 09:22:26.222341,2025-04-17 09:22:54.439414,0 days 00:00:28.217073,0.16343365456829703,0.6835460273072882,16,0.25954434728154613,0.18807626478085196,0.09082460485857947,0.004413830999110213,0.022588520744119937,0.09509279544710252,5.007925878106675e-05,27,56,0.01862045398266194,0.09251592952889579,False,False,False,3.79602030537028e-05,COMPLETE
960,0.09577282816171646,2025-04-17 09:22:54.750170,2025-04-17 09:23:19.783098,0 days 00:00:25.032928,0.1533147888709458,0.691215554602916,16,0.25523223041594,0.1995774023572519,0.09408145545045246,0.004655422026454777,0.02734422396054836,0.09835345510205165,5.761809336388532e-05,27,59,0.01969018314100209,0.08192039803548497,False,False,True,1.4300711673489787e-08,COMPLETE
961,0.5238591074943543,2025-04-17 09:23:20.094269,2025-04-17 09:23:47.994809,0 days 00:00:27.900540,0.08014312659837257,0.6335314045364169,16,0.1663980711834556,0.1828340146882145,0.0917582645045336,0.002142690907462472,0.024703614886919998,0.09654238670727354,4.006086910640624e-05,26,55,0.01945452248154066,0.08402786232684566,False,False,False,5.852922447093822e-07,COMPLETE
962,0.47990264892578127,2025-04-17 09:23:48.308484,2025-04-17 09:24:16.164913,0 days 00:00:27.856429,0.13846261211922234,0.6625013979656715,16,0.2652064181469473,0.19469210225261163,0.09398179442404228,0.0011707712191956743,0.02330241134255977,0.09398498831364135,4.46296860014865e-05,27,51,0.020621939231550934,0.10048324794024616,False,False,False,6.122886026709922e-08,COMPLETE
963,0.49721922874450686,2025-04-17 09:24:16.483404,2025-04-17 09:24:44.306136,0 days 00:00:27.822732,0.17395238392418394,0.6797339758891028,16,0.2720505500338406,0.19965227713248293,0.09109896178967054,0.007296567011078541,0.02274198456743178,0.09754926975408255,5.357210226098003e-05,26,59,0.021624253025834476,0.08875946668569608,False,False,False,1.2226603263335568e-05,COMPLETE
964,0.11377727091312409,2025-04-17 09:24:44.607473,2025-04-17 09:25:05.416226,0 days 00:00:20.808753,0.28706675883484606,0.698784085464154,16,0.2578745864851597,0.19005358063482147,0.08979861442156553,0.004779529489904217,0.025814088512601033,0.0983448648865077,3.617856801033881e-05,15,60,0.01974671697380048,0.0782828272644165,False,True,False,6.570633172233016e-05,COMPLETE
965,0.3707699179649353,2025-04-17 09:25:05.728882,2025-04-17 09:25:35.087251,0 days 00:00:29.358369,0.10262219876449433,0.6480686059144489,16,0.2626433687079794,0.19530576713031406,0.09386665845368773,0.006818051140871912,0.02152424650586713,0.09479689549073385,3.98708825632116e-05,26,63,0.01792380844368991,0.09684575991339912,True,False,False,1.0686375030125995e-07,COMPLETE
966,0.4407874703407288,2025-04-17 09:25:35.400355,2025-04-17 09:26:03.985226,0 days 00:00:28.584871,0.1513854947115637,0.7079727439255068,16,0.2534328424445545,0.1444522588902868,0.091802126283338,0.005941447923167492,0.02937196530744084,0.09303576905375299,4.589982528424666e-05,28,58,0.022269488243186836,0.08007901971539803,False,False,False,1.5859820043960578e-05,COMPLETE
967,0.3377487778663636,2025-04-17 09:26:04.303766,2025-04-17 09:26:32.272447,0 days 00:00:27.968681,0.17534866193310225,0.6759443886112918,16,0.2265064710371611,0.17832276007763057,0.08899606610992838,0.003717884341390093,0.019807600662411166,0.09980024135210473,3.9557326738817135e-05,27,47,0.01660597268900377,0.08583526148516796,False,False,False,3.722083287386008e-08,COMPLETE
968,0.5471793293952942,2025-04-17 09:26:32.591965,2025-04-17 09:26:58.644031,0 days 00:00:26.052066,0.12216548005925867,0.6182631681849747,16,0.2690328420631803,0.18489612023905358,0.022224055906186282,0.009528095146415328,0.027522570294233304,0.0917111523028567,3.4636560984449064e-05,21,61,0.02035439346226417,0.07425650680109207,False,False,False,1.2732206735095575e-08,COMPLETE
969,0.44652527570724493,2025-04-17 09:26:58.945848,2025-04-17 09:27:26.261693,0 days 00:00:27.315845,0.3229510936772275,0.6983687522714127,16,0.2514263915434605,0.2035712197392459,0.09276928171618998,0.007466866836877603,0.023074474492369584,0.09511486646483873,6.328547270202496e-05,23,89,0.02309463657473683,0.10941470591568829,False,False,False,0.0001142651664995021,COMPLETE
970,0.33914443850517273,2025-04-17 09:27:26.575086,2025-04-17 09:27:52.522229,0 days 00:00:25.947143,0.13463152417550656,0.6633602534753537,16,0.23718800247029523,0.1972148279219038,0.0950941689880046,0.005221965129110995,0.025173321741050858,0.096758054369938,3.235798487092301e-05,22,54,0.011452573153786725,0.0930238196850929,False,False,False,2.0442615845370438e-07,COMPLETE
971,0.33674855828285216,2025-04-17 09:27:52.837717,2025-04-17 09:28:21.251301,0 days 00:00:28.413584,0.15994539383389597,0.7120444819547596,16,0.2610929106569948,0.18937591379826424,0.08904105397985779,0.0011172237433497226,0.04065532614273149,0.09826460011917323,3.179922488643229e-05,26,62,0.014732209864325333,0.07821612397488797,False,False,False,0.00014496115919952803,COMPLETE
972,0.48819239139556886,2025-04-17 09:28:21.568343,2025-04-17 09:28:46.614120,0 days 00:00:25.045777,0.10341388316751023,0.6849271167274676,16,0.2231763180247192,0.07619642411130635,0.09055248518302239,0.011062317879090823,0.021010077837401567,0.09354187525310759,4.424337554218463e-05,20,57,0.021623180687933483,0.07251949128686264,False,False,False,1.834751199541052e-08,COMPLETE
973,0.5525482654571533,2025-04-17 09:28:46.933831,2025-04-17 09:29:12.479164,0 days 00:00:25.545333,0.19691671336053315,0.636571653097118,16,0.2463425626866039,0.20679171208007088,0.09547625307939309,0.008047550453941416,0.0186167427900345,0.09633677224582503,5.3743012794778336e-05,21,61,0.018983525507886956,0.08654212183107286,False,False,False,2.2933608337010467e-08,COMPLETE
974,0.33715273141860963,2025-04-17 09:29:12.779568,2025-04-17 09:29:37.583443,0 days 00:00:24.803875,0.1852938392502828,0.6122573693297966,16,0.23104657961251499,0.20111656657207586,0.09470980921213783,0.0030571703083394144,0.019443898824810606,0.09606054415121895,8.784153190421687e-05,19,57,0.017305246034500125,0.09701704848237744,False,False,False,1.4867988948331066e-08,COMPLETE
975,0.4811350464820862,2025-04-17 09:29:37.900311,2025-04-17 09:30:09.491960,0 days 00:00:31.591649,0.17266297873567935,0.6300450339305633,8,0.24426269841001833,0.194120799365984,0.09242903301858567,0.008430974710324354,0.021572475619826996,0.09584233895226842,5.6233523414955145e-05,18,54,0.01924400900772412,0.08952583209279484,False,False,False,1.932821530438172e-08,COMPLETE
976,0.4903236746788025,2025-04-17 09:30:09.808124,2025-04-17 09:30:30.645010,0 days 00:00:20.836886,0.15430713900716905,0.5940778509085677,16,0.23993359898529282,0.2068205505113583,0.08758352994011848,0.005547477833125203,0.018685279970614803,0.09998958948037262,6.447245640268274e-05,10,60,0.06908713142339096,0.10384123566007564,False,False,False,5.0652840012848826e-05,COMPLETE
977,0.5282412886619567,2025-04-17 09:30:30.963823,2025-04-17 09:30:56.263498,0 days 00:00:25.299675,0.1851761754687065,0.6401816945400218,16,0.2364850886641838,0.1995918948432874,0.096256131061104,0.0071552644071797055,0.024109746738689413,0.0981608807410011,7.487754802668555e-05,20,61,0.023881647550779015,0.09237221961191333,False,False,False,2.972351369939527e-07,COMPLETE
978,0.44437680244445804,2025-04-17 09:30:56.584200,2025-04-17 09:31:21.831103,0 days 00:00:25.246903,0.20308609035468694,0.6021562880155616,16,0.24702013587743943,0.19015449751465396,0.004193330097535405,0.01139216912975327,0.0263513664529577,0.09364911453041859,0.0569114337921097,20,62,0.026383822087253657,0.09712640040252156,False,False,False,1.2515509858637851e-08,COMPLETE
979,0.33714199662208555,2025-04-17 09:31:22.135270,2025-04-17 09:31:46.929391,0 days 00:00:24.794121,0.14128365677874483,0.6594960987976284,16,0.22908161544817482,0.16860466711521996,0.09312723497088796,0.0036119597470528333,0.03753461081232828,0.09658750201485175,6.822921496286977e-05,19,58,0.014066548621932795,0.0928316695979412,False,False,False,1.2691193342085048e-08,COMPLETE
980,0.3355265855789185,2025-04-17 09:31:47.250577,2025-04-17 09:32:10.974769,0 days 00:00:23.724192,0.17489063889609524,0.6295394067814309,16,0.25678170164440345,0.20479698172501293,0.07906233794682861,0.04773502303851594,0.021634663132669176,0.09509563162456601,1.4805866559696036e-05,16,64,0.009667895463285064,0.08580700193088589,False,False,False,5.582169181764165e-08,COMPLETE
981,0.5218218088150024,2025-04-17 09:32:11.293258,2025-04-17 09:33:53.813628,0 days 00:01:42.520370,0.1635715299962043,0.6189461305967257,2,0.2189812075535078,0.18413108092791047,0.09048568756964445,0.014188688212170583,0.017389960709062482,0.09237781350380359,1.8345930248357076e-05,26,61,0.021490216449340026,0.08506978332556336,False,False,False,1.0593396337181297e-08,COMPLETE
982,0.09661409556865694,2025-04-17 09:33:54.131323,2025-04-17 09:34:15.672051,0 days 00:00:21.540728,0.11677216069473814,0.6316217293979156,16,0.25136102872086075,0.19718517594861815,0.08794601690374501,0.05193121347783533,0.020394113474896145,0.09789173069353517,5.180154820943564e-05,17,57,0.01873160184459646,0.08350441659117012,False,False,True,2.4542886809392732e-08,COMPLETE
983,0.3939501762390137,2025-04-17 09:34:15.996071,2025-04-17 09:34:42.480543,0 days 00:00:26.484472,0.3802905512017897,0.651169496932028,16,0.2663032525195543,0.26176169986504016,0.09446077510408274,0.008917920236998937,0.02311116760307407,0.0967756540065339,4.929772155009845e-05,20,63,0.023730826372757193,0.0892643950992151,True,False,False,8.392056350023088e-05,COMPLETE
984,0.1248899668455124,2025-04-17 09:34:42.802922,2025-04-17 09:35:07.858766,0 days 00:00:25.055844,0.07748685479758899,0.5970643678140346,16,0.2742186627786173,0.206506381015583,0.09554126698989489,0.005173069785192717,0.018934163661683757,0.09407762612114337,1.3030322128065291e-05,27,50,0.015230044120358017,0.08056608746382829,False,True,False,1.2679014728740647e-08,COMPLETE
985,0.4969476938247681,2025-04-17 09:35:08.166668,2025-04-17 09:35:37.864719,0 days 00:00:29.698051,0.14247637126016802,0.6426735937182784,16,0.24394354808969138,0.2714598449975096,0.0812020236800408,0.012406632205361201,0.017095966816201635,0.0980869400673731,1.9696846040003228e-05,30,61,0.03808488288463943,0.10060323688133567,False,False,False,2.3584727162488065e-08,COMPLETE
986,0.40543667674064643,2025-04-17 09:35:38.188966,2025-04-17 09:36:05.581542,0 days 00:00:27.392576,0.9289488357062571,0.6548019343598682,16,0.2360829690271492,0.19293391935649168,0.09175762660792888,0.023684121526218238,0.029499098592022023,0.0910474246968701,1.619469902782645e-05,25,65,0.07943975453705758,0.03221390864275776,False,False,False,1.7718217887171e-08,COMPLETE
987,0.47900599241256714,2025-04-17 09:36:05.901256,2025-04-17 09:36:31.818748,0 days 00:00:25.917492,0.19685437108910692,0.6103334595311307,16,0.25580255693587867,0.17765184322494917,0.08974578341772693,0.009623687936037488,0.024257156187936155,0.09574768174403181,2.4645326204604617e-05,21,55,0.028886796889063048,0.03879463228746864,False,False,False,3.0285163775254064e-08,COMPLETE
988,0.5169480204582215,2025-04-17 09:36:32.139796,2025-04-17 09:36:56.916051,0 days 00:00:24.776255,0.12986045162731186,0.6614510977257722,16,0.22895070628581957,0.19759668634088398,0.08617693887847823,0.02078448156870929,0.020280513965151466,0.09521704447629432,5.767752382930596e-05,19,58,0.020420416058852517,0.04592695852609859,False,False,False,1.7263618209290356e-08,COMPLETE
989,0.5137759566307067,2025-04-17 09:36:57.239944,2025-04-17 09:37:26.218191,0 days 00:00:28.978247,0.16079875502708604,0.5867475579737393,16,0.2413960664035463,0.257310491737762,0.0965635977680893,0.006916197214783961,0.05449183367089688,0.09985056341427338,3.740014492446375e-05,29,65,0.025837445061697516,0.08751430080061273,False,False,False,1.0434536515296497e-08,COMPLETE
990,0.5108526468276978,2025-04-17 09:37:26.527896,2025-04-17 09:37:54.277753,0 days 00:00:27.749857,0.09022083276996982,0.6729014563820711,16,0.26226359748322525,0.2024195487484438,0.06228944817095137,0.015309289258839134,0.021726682199824196,0.09275321134510456,2.9860367905599654e-05,26,59,0.017626396629261458,0.07488554269168934,False,False,False,2.1696853276862054e-08,COMPLETE
991,0.5048798561096192,2025-04-17 09:37:54.602634,2025-04-17 09:38:21.879078,0 days 00:00:27.276444,0.21090274035173118,0.6785933512414102,16,0.24773918258240077,0.19140897913338428,0.09347678919854807,0.017948526540966004,0.01814759464208649,0.09803580891399623,2.213730831993318e-05,25,64,0.0219021844833063,0.10744200527856332,False,False,False,2.8001688641558442e-08,COMPLETE
992,0.5340958118438721,2025-04-17 09:38:22.203084,2025-04-17 09:38:47.931543,0 days 00:00:25.728459,0.1731825023521169,0.6383410218941963,16,0.2221486343307824,0.18606439594685956,0.08800862780847021,0.010629782300637056,0.016730001316550277,0.09014286300998196,2.7572368480318557e-05,21,61,0.03320426915710769,0.06630636617582822,False,False,False,0.00017231517040040755,COMPLETE
993,0.35334060788154603,2025-04-17 09:38:48.255531,2025-04-17 09:39:07.183302,0 days 00:00:18.927771,0.10961942804298754,0.6196881865574294,16,0.23422318988961613,0.2471536099262022,0.07625114963945086,0.003639249445252349,0.026128879739021046,0.09406386737266567,1.5755780772570204e-05,5,65,0.022493214963084766,0.0493480587909603,False,False,False,1.7960393036255393e-07,COMPLETE
994,0.4422840833663941,2025-04-17 09:39:07.510249,2025-04-17 09:39:34.718461,0 days 00:00:27.208212,0.1470472399799207,0.6909230441225349,16,0.25338143968899496,0.29184482832103725,0.0719210296482227,0.008363122728185051,0.022969493585872282,0.09608861251375991,1.1974241895423098e-05,25,62,0.02449083454866396,0.08231431087211007,False,False,False,5.970449690656995e-06,COMPLETE
995,0.3253861367702484,2025-04-17 09:39:35.044327,2025-04-17 09:40:02.994031,0 days 00:00:27.949704,0.19280899235746893,0.4445743506196973,16,0.21547905013081087,0.20912223426640797,0.08220028034032813,0.0059320360444306795,0.020343886827446468,0.09997068667750783,4.6540430119625184e-05,26,54,0.011950823605905958,0.04146666036722129,False,False,False,1.6927386699843315e-08,COMPLETE
996,0.5184166550636292,2025-04-17 09:40:03.305963,2025-04-17 09:40:30.549069,0 days 00:00:27.243106,0.13330338197756247,0.6532774089726097,16,0.2673169007225719,0.20040399046673943,0.09132173868420032,0.012780058296756614,0.018919796646076945,0.09692893874161694,1.9666913578671614e-05,25,66,0.03093176345029322,0.09267409093027601,False,False,False,2.906121592452968e-08,COMPLETE
997,0.3337271988391876,2025-04-17 09:40:30.872614,2025-04-17 09:40:59.315524,0 days 00:00:28.442910,0.1842678405513869,0.6717493243506736,16,0.25943737044116877,0.1720228027520014,0.0788879299305387,0.007904053413231785,0.01622218153737719,0.09220451141531022,3.8837151898399445e-05,27,58,0.016198766077913675,0.06104162536271699,False,False,False,4.563971950432437e-08,COMPLETE
998,0.5144784450531006,2025-04-17 09:40:59.640781,2025-04-17 09:41:27.368312,0 days 00:00:27.727531,0.15987475106643154,0.7003096944991418,16,0.2486581475331341,0.2520609136922599,0.08433907348307847,0.002765318686634706,0.02428542538259486,0.0943388408816838,2.4078976956107073e-05,26,67,0.02767035846161918,0.07168317619205417,False,False,False,1.6181343094902817e-08,COMPLETE
999,0.09522473216056825,2025-04-17 09:41:27.693262,2025-04-17 09:42:00.243116,0 days 00:00:32.549854,0.21789361296011725,0.644080548901,8,0.24120108526424916,0.19451889077638232,0.09541272822946813,0.01064554035983917,0.028056914581106113,0.09837079411053093,0.0002616559203685998,24,92,0.019561977784087126,0.05154521234358397,False,False,True,1.9757850707240925e-08,COMPLETE
1000,0.544477128982544,2025-04-17 09:42:00.570159,2025-04-17 09:42:25.084392,0 days 00:00:24.514233,0.09354306253091721,0.6812963391878004,16,0.22726277070836615,0.2050979063148902,0.09301332994278634,0.005359670710543412,0.02198452388370748,0.08947113111576724,3.265849054086358e-05,18,60,0.02343993719073938,0.08030690043654705,False,False,False,7.692842309681698e-06,COMPLETE
1001,0.4814933776855469,2025-04-17 09:42:25.414808,2025-04-17 09:42:51.024006,0 days 00:00:25.609198,0.12934036178463024,0.7116392247267316,16,0.27301417645606024,0.18535116611661506,0.08992440765789915,0.01552163289543135,0.018638965390166778,0.09223516130726658,8.021885874321861e-05,21,63,0.025741412684845484,0.03676414244561836,False,False,False,1.6766634914148074e-07,COMPLETE
1002,0.09910759925842286,2025-04-17 09:42:51.337872,2025-04-17 09:44:05.223094,0 days 00:01:13.885222,0.1505662210275299,0.6194777404997538,2,0.25514018320536114,0.19921752964807854,0.08631961040927191,0.009381512000979125,0.014951392792170778,0.09650668588441491,1.8749075925816906e-05,20,67,0.05251501509573411,0.045175234431570385,True,True,False,8.994531801056327e-08,COMPLETE
1003,0.5086952567100526,2025-04-17 09:44:05.549654,2025-04-17 09:44:34.151698,0 days 00:00:28.602044,0.1799250726198435,0.5790037130360802,16,0.10430219828091593,0.26890836349484265,0.0974569043535027,0.01306158446960069,0.020060958653690328,0.09459423788516697,2.7667294048932072e-05,28,64,0.018921057707283293,0.06782345554788138,False,False,False,5.426249733359708e-06,COMPLETE
1004,0.5038577198982239,2025-04-17 09:44:34.474934,2025-04-17 09:44:59.050289,0 days 00:00:24.575355,0.11448245095381913,0.5486708984296067,16,0.23706035127457495,0.20908648617791123,0.08302715780875626,0.005931224682127985,0.017042604675818366,0.09852785963618203,4.418527719992391e-05,19,55,0.021061544178227188,0.0975176709716568,False,False,False,1.4078827377585241e-08,COMPLETE
1005,0.48866814374923706,2025-04-17 09:44:59.377889,2025-04-17 09:45:26.773689,0 days 00:00:27.395800,0.203044275320652,0.6910848272418945,16,0.19349630946729718,0.19203295079086677,0.08806453225589181,0.007386032891049174,0.02569620607499516,0.09992024423096159,6.067434958066328e-05,25,60,0.035781864607842086,0.08724521888150752,False,False,False,6.53111872082255e-06,COMPLETE
1006,0.5144371747970582,2025-04-17 09:45:27.104162,2025-04-17 09:45:55.128440,0 days 00:00:28.024278,0.1621565087163679,0.6668355947306701,16,0.2067610501586313,0.1808809492317584,0.08006184299483758,0.09991316078542861,0.022217722437749245,0.09104713236441633,2.122094147006969e-05,26,68,0.028500992376006985,0.055375290451664776,False,False,False,2.371395724960407e-08,COMPLETE
1007,0.49110549688339233,2025-04-17 09:45:55.458106,2025-04-17 09:46:22.905715,0 days 00:00:27.447609,0.11739560116147235,0.7129772499028574,16,0.24776609377067024,0.20351556520588587,0.09487205135220296,0.011370660686350741,0.03079893063466043,0.09582617293368151,3.535141252902669e-05,25,64,0.022961965022200558,0.07629624855248304,False,False,False,4.279734866273236e-07,COMPLETE
1008,0.42245663404464723,2025-04-17 09:46:23.217411,2025-04-17 09:46:50.583833,0 days 00:00:27.366422,0.06912819600792222,0.6405489740579449,16,0.2661654616898038,0.262101908079288,0.09221979929038676,0.001045893339111089,0.015199185945768325,0.03267932372669506,1.520322356057228e-05,24,57,0.02515855235721724,0.1225896059870314,False,False,False,4.9746014382695895e-06,COMPLETE
