number,value,datetime_start,datetime_complete,duration,params_alpha-eval,params_alpha-train,params_batch-size,params_eps-eval,params_eps-train,params_lambda-actions-eval,params_lambda-actions-train,params_lambda-frames-eval,params_lambda-frames-train,params_learning-rate,params_n-epochs,params_n-frames,params_radius-gw,params_rho,params_std-feats,params_ub-actions,params_ub-frames,params_weight-decay,state
1849,0.5091385006904602,2025-04-17 16:16:58.020738,2025-04-17 16:17:21.182261,0 days 00:00:23.161523,0.04600612483554951,0.7530396469752288,16,0.20249392173940314,0.26494818760767935,0.061195127290139976,0.09831540694661105,0.030484989520868415,0.03691016472603956,5.481236508922505e-05,15,55,0.022855733672102436,0.0755149951519844,False,False,False,3.555588984005612e-08,COMPLETE
1850,0.495101261138916,2025-04-17 16:17:21.776263,2025-04-17 16:17:45.483248,0 days 00:00:23.706985,0.3255634098026778,0.7304481192891562,16,0.18513991692783122,0.24652563061451216,0.065131519591614,0.0956415732070199,0.03511341024814252,0.040917453099781,4.750879682326319e-05,16,64,0.027412392705540113,0.08735991709630844,False,False,False,1.2482997348439315e-08,COMPLETE
1851,0.49335796833038337,2025-04-17 16:17:46.101166,2025-04-17 16:18:08.489334,0 days 00:00:22.388168,0.09653433984444125,0.7747297834837119,16,0.20777283546892575,0.27231702203238356,0.06750610799334214,0.07428166565406025,0.025621623976915104,0.03361436163236772,6.625990400577402e-05,13,84,0.02172639045650061,0.28267215547066527,False,False,False,5.4530190872052785e-08,COMPLETE
1852,0.4509199142456055,2025-04-17 16:18:09.084372,2025-04-17 16:18:31.217240,0 days 00:00:22.132868,0.07728542041216205,0.4511099318198831,16,0.18770795333958765,0.2590736242627462,0.05838876791901725,0.09395563230560827,0.027033776849852434,0.0386720761239288,3.430574997897816e-05,12,59,0.024714171850613115,0.08251647801346156,False,False,False,7.333163805467964e-08,COMPLETE
1853,0.48365401029586796,2025-04-17 16:18:31.831253,2025-04-17 16:18:54.904025,0 days 00:00:23.072772,0.05856573873898554,0.7547953315786692,16,0.18024580789731062,0.2512895653406232,0.07227569356495557,0.09172922465958087,0.04933831387776773,0.03129517582486613,0.00016491107546854082,14,57,0.028510029388416746,0.1388930351482861,False,False,False,3.158432017894299e-08,COMPLETE
1854,0.5557737946510315,2025-04-17 16:18:55.494836,2025-04-17 16:19:18.350950,0 days 00:00:22.856114,0.03358594427086538,0.8071895375846672,16,0.19697206908923964,0.2661983391829527,0.06979006172643758,0.0720979252345194,0.057524917347336994,0.043603403142134775,5.3471014413134454e-05,14,61,0.024314035285903375,0.09118791379488878,False,False,False,9.466996552656116e-08,COMPLETE
1855,0.49265890121459965,2025-04-17 16:19:18.964532,2025-04-17 16:19:41.788667,0 days 00:00:22.824135,0.02814563003461966,0.8440399376136171,16,0.19954053044838166,0.2689278929365889,0.07364541707345529,0.07118960238642494,0.04906910426611198,0.04364487636641401,7.559594799581219e-05,14,65,0.026905718168549506,0.09386604162522777,False,False,False,1.8168929567127498e-07,COMPLETE
1856,0.4933014869689941,2025-04-17 16:19:42.381011,2025-04-17 16:20:05.274723,0 days 00:00:22.893712,0.010024434010218394,0.8697715004183352,16,0.19607182287022606,0.2797140299772445,0.07113903072131414,0.07478027912998836,0.06484757082252544,0.0442638402227097,8.138789178493083e-05,14,62,0.025679131508208483,0.09858961476648817,False,False,False,9.923014445957655e-08,COMPLETE
1857,0.09801961481571198,2025-04-17 16:20:05.890233,2025-04-17 16:20:26.318916,0 days 00:00:20.428683,0.024489104953624503,0.8216992906368401,16,0.20415468358480982,0.272400022287104,0.06958889005703732,0.0701112661478358,0.053342633128627935,0.04307102118487764,6.196622308401347e-05,14,65,0.029817357811089656,0.09386522972890024,False,False,True,9.190744457275498e-08,COMPLETE
1858,0.49804058074951174,2025-04-17 16:20:26.937867,2025-04-17 16:20:49.385937,0 days 00:00:22.448070,0.010402990336752675,0.8189999173154772,16,0.19551240514115478,0.2763951687219091,0.07412701625949573,0.07174049729017044,0.056921859522870884,0.03790978916454031,6.869514951950304e-05,13,62,0.026770242207761866,0.10255229406389924,False,False,False,1.1131556156836661e-07,COMPLETE
1859,0.5092657327651977,2025-04-17 16:20:49.983877,2025-04-17 16:21:12.959380,0 days 00:00:22.975503,0.04239205826321436,0.8534359119132905,16,0.19093558404754096,0.2649994290269876,0.07069607186747633,0.06795203819549925,0.051809885598247986,0.04132926288829544,0.00010029940652432308,14,61,0.024583239958519732,0.09203571934575774,False,False,False,1.2985789527107719e-07,COMPLETE
1860,0.5052199840545655,2025-04-17 16:21:13.574235,2025-04-17 16:21:36.309635,0 days 00:00:22.735400,0.030084150840410735,0.8366472019864871,16,0.19978928657247874,0.26812361285527386,0.07555261960477273,0.07258936436663548,0.031960082399684946,0.045310837443709694,5.5268406800011625e-05,13,58,0.028229187995157078,0.09078913892491598,False,False,False,7.847700244533026e-08,COMPLETE
1861,0.12283866107463837,2025-04-17 16:21:36.908383,2025-04-17 16:21:58.674259,0 days 00:00:21.765876,0.04492435635500962,0.8119801863440426,16,0.20704247628695216,0.2856014922509829,0.0692404557071782,0.07141980585789583,0.05925210290176929,0.04267633244394607,6.130610299260035e-05,15,65,0.025067919099544415,0.11163263949241978,True,True,False,8.905993168157053e-08,COMPLETE
1862,0.47193560600280765,2025-04-17 16:21:59.271184,2025-04-17 16:22:28.348700,0 days 00:00:29.077516,0.029193050890580725,0.833644216110708,8,0.1901842198433956,0.2606106603607381,0.0724772257968803,0.07302438548854967,0.033781830107332475,0.03895442910145598,8.732430850719292e-05,14,82,0.03090773956158419,0.12770784115008138,False,False,False,7.658130646521272e-08,COMPLETE
1863,0.5271391391754151,2025-04-17 16:22:28.960778,2025-04-17 16:22:52.377863,0 days 00:00:23.417085,0.04974930937587582,0.8548024761401142,16,0.20068248785834686,0.26645605942921774,0.06776692894118624,0.06801432510099792,0.029666756608660715,0.04398140757435501,5.3671631384358304e-05,15,88,0.026569624257175538,0.09868083681025375,False,False,False,6.852835143888298e-08,COMPLETE
1864,0.4970246195793152,2025-04-17 16:22:52.995186,2025-04-17 16:23:15.520338,0 days 00:00:22.525152,0.02716834382863878,0.8320275828063914,16,0.19523446835745156,0.27696053432207074,0.07145954233717312,0.06952320474496908,0.056147710843168754,0.045889018286947664,6.906240594771713e-05,13,63,0.023793551856943537,0.08942798078816225,False,False,False,6.803698132108559e-08,COMPLETE
1865,0.4951892256736755,2025-04-17 16:23:16.116482,2025-04-17 16:23:38.899270,0 days 00:00:22.782788,0.05665921208241082,0.7952581472815224,16,0.21000186813741548,0.2614256248296382,0.06972929175687144,0.07436929951398365,0.05583189011485428,0.04202452514643081,5.008119278702062e-05,14,55,0.028842174472284737,0.10552437070220416,False,False,False,1.708790061899431e-07,COMPLETE
1866,0.5079479932785035,2025-04-17 16:23:39.517965,2025-04-17 16:24:02.938851,0 days 00:00:23.420886,0.04235475803166358,0.8024679490120742,16,0.18804666032625036,0.27271247405549237,0.06721765793427785,0.07055046104940754,0.06137412436269932,0.04109195756413733,7.118060505179987e-05,15,59,0.02460104262306657,0.09477714068313842,False,False,False,1.2508567692178197e-07,COMPLETE
1867,0.4833866953849793,2025-04-17 16:24:03.540468,2025-04-17 16:25:08.822504,0 days 00:01:05.282036,0.06236395716312999,0.8161977780079849,2,0.19531118191806585,0.2639964601208333,0.07617969590524663,0.09969110436256795,0.05551078559624407,0.04313580445466439,5.944711408632785e-05,14,61,0.026561416124223376,0.08849393526459388,False,False,False,1.0659445652300431e-07,COMPLETE
1868,0.4827834844589234,2025-04-17 16:25:09.441248,2025-04-17 16:25:31.706608,0 days 00:00:22.265360,0.01028820166160159,0.792291152337683,16,0.20359973429066305,0.2586846752432554,0.07283525949500676,0.07614537225705624,0.05933437710203579,0.03828333066472835,4.785743640825609e-05,13,52,0.032876115153801996,0.09733191778700574,False,False,False,5.584544543060138e-08,COMPLETE
1869,0.4928968548774719,2025-04-17 16:25:32.330708,2025-04-17 16:25:55.454926,0 days 00:00:23.124218,0.06842643602565715,0.8092644185882029,16,0.18528370413055928,0.2552785659246663,0.06520417245964871,0.07273748728637477,0.03981843632299759,0.0406818369129839,7.835764791489046e-05,15,57,0.023219024858675188,0.08617919178774508,False,False,False,8.438340732758105e-08,COMPLETE
1870,0.5014771103858948,2025-04-17 16:25:56.057654,2025-04-17 16:26:18.410886,0 days 00:00:22.353232,0.04579253909654947,0.7892979685746719,16,0.2120451046616872,0.26929769784820184,0.06769005964781616,0.06928436884077978,0.06696762104036066,0.03854311745358362,5.674808080278697e-05,13,65,0.02773400217993284,0.10206294246839885,False,False,False,8.886473260225663e-08,COMPLETE
1871,0.5026039958000184,2025-04-17 16:26:19.004602,2025-04-17 16:26:41.939521,0 days 00:00:22.934919,0.07257021175794186,0.832820780444703,16,0.20264783513091414,0.2912176529001049,0.06994714117437084,0.06547775297283306,0.06161997169803009,0.03690743278504685,4.8911686040605096e-05,14,62,0.02535239530006196,0.0922608905613987,False,False,False,6.417319498352107e-08,COMPLETE
1872,0.5015419006347657,2025-04-17 16:26:42.556586,2025-04-17 16:27:05.210073,0 days 00:00:22.653487,0.026151147344188573,0.790224780147608,16,0.1921528588281001,0.25400274160402353,0.07384322928766272,0.0739980471635636,0.06614126948914534,0.04087029129145516,6.331400896424197e-05,14,59,0.02956334031715464,0.08553645301498973,False,False,False,5.224198484147868e-08,COMPLETE
1873,0.5109083533287049,2025-04-17 16:27:05.845985,2025-04-17 16:27:29.160822,0 days 00:00:23.314837,0.04728712585721481,0.8136955059764304,16,0.18086685620364581,0.26671532635730816,0.06609771667318474,0.07724445600735881,0.04531057625479184,0.039943518959989543,8.994845460346205e-05,15,55,0.02348952465122404,0.09744352794568446,False,False,False,1.3765820161464307e-07,COMPLETE
1874,0.5063174843788147,2025-04-17 16:27:29.769388,2025-04-17 16:27:52.281624,0 days 00:00:22.512236,0.07975535794802616,0.7801066969242785,16,0.199689041714825,0.2745879361993505,0.07033027671692206,0.0702908540962976,0.05559490989829324,0.040261700238350275,4.754126442955774e-05,13,66,0.026633194668511193,0.07871002413334299,False,False,False,7.755487096594708e-08,COMPLETE
1875,0.49458513259887693,2025-04-17 16:27:52.898728,2025-04-17 16:28:15.873654,0 days 00:00:22.974926,0.030516805113715486,0.7990646702755755,16,0.17507711130129466,0.2833432803723363,0.06919766665714913,0.07628135739215208,0.06346548320742706,0.03604286790182075,7.056348456390877e-05,15,62,0.02446263389002372,0.08679474802238803,False,False,False,5.6898287554940855e-08,COMPLETE
1876,0.10120166242122651,2025-04-17 16:28:16.471372,2025-04-17 16:28:35.921115,0 days 00:00:19.449743,0.07026426490003872,0.7765047781283532,16,0.18818094858867712,0.25708889179677535,0.06354451427335954,0.0744936735161283,0.03129864752915718,0.03919277134057554,5.602087288272928e-05,11,57,0.030679024518016976,0.09294339956051195,False,False,True,1.0088455773907307e-07,COMPLETE
1877,0.5003986597061157,2025-04-17 16:28:36.546519,2025-04-17 16:28:59.376418,0 days 00:00:22.829899,0.05907208698332386,0.8880943972937577,16,0.18321003558403767,0.26313226106142135,0.06674570180699137,0.06895446741841703,0.060180863620132134,0.036302072568606715,0.00012323855573340264,14,60,0.022541610314883154,0.11097476600078235,False,False,False,4.564130994842806e-08,COMPLETE
1878,0.4981431126594543,2025-04-17 16:29:00.009488,2025-04-17 16:29:23.672299,0 days 00:00:23.662811,0.039117652564024066,0.8045819595970807,16,0.19485921195320716,0.2534325906889554,0.0717845887467382,0.07817605690452961,0.03312697823155585,0.043845061785919764,4.200993761178667e-05,16,64,0.027273296033514586,0.08100138781123915,False,False,False,6.259908294955393e-08,COMPLETE
1879,0.5092849135398865,2025-04-17 16:29:24.277313,2025-04-17 16:29:47.172495,0 days 00:00:22.895182,0.0918436882912619,0.8259757673296602,16,0.20854005808278642,0.24937542848648744,0.06836618779077624,0.07168349593328545,0.036517976286425884,0.04729140008067155,5.479034052100973e-05,12,52,0.024815044871185302,0.0703272032758654,True,False,False,1.4235837080488681e-07,COMPLETE
1880,0.5019500017166137,2025-04-17 16:29:47.801797,2025-04-17 16:30:10.939905,0 days 00:00:23.138108,0.011172160463454876,0.7711793274769273,16,0.17564268928741175,0.27168468110228355,0.06476530737948429,0.07263462944573054,0.05785403635619768,0.04218318781864602,4.468987103176215e-05,15,59,0.028780712335803742,0.08722620470082787,False,False,False,7.010893570469085e-08,COMPLETE
1881,0.11973667591810226,2025-04-17 16:30:11.543504,2025-04-17 16:30:32.141172,0 days 00:00:20.597668,0.060369328412969187,0.7762712321898958,16,0.20276690744474601,0.262152473241487,0.023244358393493876,0.08861509308585724,0.06125710258021194,0.0395496916954277,7.131048188825417e-05,14,85,0.025893778931858628,0.10185702792343414,False,True,False,4.2853634799717757e-08,COMPLETE
1882,0.5284622073173523,2025-04-17 16:30:32.764789,2025-04-17 16:30:56.427127,0 days 00:00:23.662338,0.08537021141566348,0.843903809931392,16,0.163220904101714,0.24507789516389517,0.06155867445585077,0.080183890490067,0.028504365271289012,0.03718868735084955,5.966235182753116e-05,16,81,0.02267878356530104,0.075432715317005,False,False,False,9.077314029274328e-08,COMPLETE
1883,0.49441678524017335,2025-04-17 16:30:57.031184,2025-04-17 16:31:19.553329,0 days 00:00:22.522145,0.040879169061589414,0.8021312253385032,16,0.19183660637803374,0.2582339666492352,0.07328121690926406,0.07475006210324837,0.02902889814547457,0.03399935958644458,8.993590864178438e-05,13,63,0.027792547864475436,0.09234418401732127,False,False,False,3.374022182987552e-07,COMPLETE
1884,0.4448173642158509,2025-04-17 16:31:20.181064,2025-04-17 16:31:47.042685,0 days 00:00:26.861621,0.9487945662761034,0.7630294925849584,8,0.16937361663180273,0.2779401947262891,0.07580014416302423,0.09027575356584651,0.06349655140664615,0.03536951521013778,4.448538870200263e-05,12,56,0.031755297309173904,0.27525967601839724,False,False,False,5.0313596414414046e-08,COMPLETE
1885,0.4919489860534668,2025-04-17 16:31:47.645137,2025-04-17 16:32:12.638385,0 days 00:00:24.993248,0.0584279263859669,0.78810394029087,16,0.184591247612495,0.26710616151441374,0.07114168313868188,0.0855920264216552,0.030685648020011412,0.03765825709531235,5.221301190128198e-05,19,66,0.03418304156013073,0.10674011903987238,False,False,False,4.1302833218813676e-08,COMPLETE
1886,0.525971794128418,2025-04-17 16:32:13.240128,2025-04-17 16:32:36.430742,0 days 00:00:23.190614,0.026202299583311182,0.8643353733012346,16,0.19788271041494743,0.24962789984962216,0.06617681375613788,0.0725773267728,0.02746227473040896,0.03988007116289428,4.062219837161195e-05,15,61,0.023523114251703583,0.1186714833226622,False,False,False,6.360479054878658e-08,COMPLETE
1887,0.4814226508140564,2025-04-17 16:32:37.056006,2025-04-17 16:33:00.506137,0 days 00:00:23.450131,0.09344755826795312,0.7646129278377366,16,0.21120663017836405,0.2607980484146128,0.05166402275026685,0.06751803530603266,0.07331872158238792,0.03278877186366923,7.49801935972788e-05,16,58,0.0253740081934318,0.26381043850768193,False,False,False,7.768914171638266e-08,COMPLETE
1888,0.4663924932479859,2025-04-17 16:33:01.134028,2025-04-17 16:34:19.032369,0 days 00:01:17.898341,0.07399999417880943,0.8205977195951651,2,0.17917941911107532,0.2698292168367808,0.0683383391917721,0.09690929660333271,0.05154073560708616,0.03530646202481182,5.9296970666295445e-05,18,63,0.022436082267920238,0.08358881933381596,False,False,False,9.969970508546778e-08,COMPLETE
1889,0.5104694604873657,2025-04-17 16:34:19.633968,2025-04-17 16:34:42.368508,0 days 00:00:22.734540,0.037732226011552905,0.7887502217135907,16,0.18751234148798146,0.254421081987388,0.05482439500748406,0.07650325978444553,0.06810739837399264,0.04154118065991147,4.7369621794530896e-05,14,54,0.02867070989541571,0.09787538205843282,False,False,False,6.149094081086965e-07,COMPLETE
1890,0.5571252584457398,2025-04-17 16:34:42.994906,2025-04-17 16:35:05.551480,0 days 00:00:22.556574,0.10031043699153945,0.7694393752336371,16,0.19477724313815076,0.2413158547475019,0.06363820412257318,0.09319911160509398,0.04746131116947434,0.038054834527727247,6.409912372325146e-05,13,60,0.026368293370417514,0.07777841764690407,False,False,False,5.4477795505312835e-08,COMPLETE
1891,0.5238295674324036,2025-04-17 16:35:06.157229,2025-04-17 16:35:29.150031,0 days 00:00:22.992802,0.10467892222398914,0.5048037580663838,16,0.19718812927685414,0.2436937119998466,0.06525588499591,0.09078000997659538,0.04898041707721725,0.03512094054570678,3.905788185240528e-05,15,50,0.03003406768693502,0.07252653682271833,False,False,False,1.236714097928276e-07,COMPLETE
1892,0.48149046897888187,2025-04-17 16:35:29.776097,2025-04-17 16:35:53.337305,0 days 00:00:23.561208,0.0999833366666026,0.8138988689580786,16,0.20251863530223882,0.23506004282757972,0.06751594998108412,0.0942311969040976,0.05430714195664211,0.04592911254819525,9.927313688918843e-05,16,57,0.03178247981321056,0.07002294873450939,False,False,False,7.884044230225132e-08,COMPLETE
1893,0.4881283283233643,2025-04-17 16:35:53.970349,2025-04-17 16:36:18.973096,0 days 00:00:25.002747,0.10568567984339065,0.78621278026861,16,0.19657290548981604,0.2392989226511229,0.0647522986633271,0.0928425972992679,0.042306940887414726,0.04149327500784009,7.899608315962582e-05,19,53,0.027338070660702558,0.07651449678941435,False,False,False,6.137524801872494e-08,COMPLETE
1894,0.5036651968955994,2025-04-17 16:36:19.582110,2025-04-17 16:36:42.215797,0 days 00:00:22.633687,0.10898326195138844,0.7993272287733142,16,0.20623934967567592,0.237397084294298,0.06939826684493668,0.09369027390178132,0.05791791327444526,0.04187173991156624,5.252795697467731e-05,14,59,0.028604553738852793,0.07002545572116414,False,False,False,5.3915194259540284e-08,COMPLETE
1895,0.09828546047210694,2025-04-17 16:36:42.847528,2025-04-17 16:37:04.770257,0 days 00:00:21.922729,0.0911239557481296,0.7657879841744015,16,0.19333360969934818,0.24080734827020672,0.06650139776619113,0.09614514265457935,0.05355125503959492,0.03904475064376521,6.539179702920396e-05,18,57,0.02987278746171848,0.076456513877852,False,False,True,0.0005177117976565915,COMPLETE
1896,0.5240609645843506,2025-04-17 16:37:05.378206,2025-04-17 16:37:29.604708,0 days 00:00:24.226502,0.10695628681205856,0.8402165564041446,16,0.061217494239550446,0.23142224427151464,0.06323319510495098,0.0926783293042228,0.05066666175867576,0.036584184434200605,4.066020710753092e-05,16,91,0.026244764676124577,0.07841232839098959,False,False,False,8.37420352212915e-08,COMPLETE
1897,0.34187619686126713,2025-04-17 16:37:30.240648,2025-04-17 16:37:53.558120,0 days 00:00:23.317472,0.0794851041286943,0.7754173026352738,16,0.20136480715013902,0.241639278722837,0.06998761521585632,0.09198523986037599,0.04338507917363335,0.04400436998646307,4.961125042625174e-05,15,60,0.010462303413361962,0.07377402386671271,False,False,False,1.0152446642971352e-07,COMPLETE
1898,0.45585508346557624,2025-04-17 16:37:54.171844,2025-04-17 16:38:16.599971,0 days 00:00:22.428127,0.4420898194747824,0.7500485114084099,16,0.19222777556992052,0.242954050741106,0.06724187463359778,0.09529491378690758,0.025645857213231763,0.03940397744113011,0.0005661774992469574,13,66,0.02717059850561463,0.06803643205918264,False,False,False,6.577301960418847e-08,COMPLETE
1899,0.4256601452827454,2025-04-17 16:38:17.225215,2025-04-17 16:38:42.435662,0 days 00:00:25.210447,0.10144296006988142,0.47729327559623386,16,0.20668568385367045,0.24579249222421362,0.06408458103833418,0.0908418930281179,0.04636761240248192,0.03815691248684787,6.458400315335768e-05,18,55,0.02427721883949849,0.08119826806322708,True,False,False,1.5276590588549855e-07,COMPLETE
1900,0.12443679720163346,2025-04-17 16:38:43.070698,2025-04-17 16:39:02.877044,0 days 00:00:19.806346,0.08368605305115416,0.7767315171228438,16,0.19715917908158487,0.2478193101919065,0.07168394609634593,0.09986078272924946,0.04667491043975276,0.0859911748031797,3.370753412050812e-05,12,62,0.030951292833623932,0.0684990355967038,False,True,False,9.299675196724526e-07,COMPLETE
1901,0.5305156350135803,2025-04-17 16:39:03.484146,2025-04-17 16:39:26.586773,0 days 00:00:23.102627,0.10861107441011797,0.42577478046354267,16,0.18966242828712276,0.23165698573818613,0.06872219439311314,0.09395552478435873,0.04937142843114625,0.040468138013962054,5.519100478594131e-05,15,59,0.026251595250213377,0.07917577109033584,False,False,False,5.6062489956651276e-08,COMPLETE
1902,0.4884295225143433,2025-04-17 16:39:27.217241,2025-04-17 16:39:52.309720,0 days 00:00:25.092479,0.08358941780525303,0.8003777816260034,16,0.20245541609555162,0.23573934844519467,0.06585189199417239,0.09738110943930853,0.04774461461932793,0.03358288191038632,4.7040063308668865e-05,19,55,0.0830829929740173,0.07422849253628802,False,False,False,4.193395283794964e-08,COMPLETE
1903,0.5028047442436219,2025-04-17 16:39:52.915018,2025-04-17 16:40:17.036257,0 days 00:00:24.121239,0.08881238128295324,0.7498826549761353,16,0.21396633121705733,0.2487381626181187,0.07460314753353306,0.08937331992493813,0.044471379504430204,0.02751764184138707,4.1654234759362786e-05,17,64,0.021407546908776737,0.08227449436550299,False,False,False,7.106914035559453e-08,COMPLETE
1904,0.5327687501907349,2025-04-17 16:40:17.671955,2025-04-17 16:40:40.469564,0 days 00:00:22.797609,0.1063628708976515,0.7523873665964625,16,0.1972122976892225,0.2376610930708833,0.06379266644091265,0.09439254489098955,0.0436977235801132,0.05004724603634573,8.079299358114766e-05,14,60,0.03291865444704803,0.08303219273339592,False,False,False,9.576410573163843e-08,COMPLETE
