number,value,datetime_start,datetime_complete,duration,params_alpha-eval,params_alpha-train,params_batch-size,params_eps-eval,params_eps-train,params_lambda-actions-eval,params_lambda-actions-train,params_lambda-frames-eval,params_lambda-frames-train,params_learning-rate,params_n-epochs,params_n-frames,params_radius-gw,params_rho,params_std-feats,params_ub-actions,params_ub-frames,params_weight-decay,state
566,0.5065874099731446,2025-04-09 21:52:40.700163,2025-04-09 21:53:17.308485,0 days 00:00:36.608322,0.5844166219474894,0.29494455793587526,2,0.2576176142763699,0.012212777371046993,0.04979675793649374,0.023014361925939964,0.09082993423040758,0.06611078454886173,0.01036019598152309,5,47,0.011967988553549611,0.04754848148872455,False,False,False,2.840229936481126e-07,COMPLETE
567,0.12931127548217775,2025-04-09 21:53:17.499429,2025-04-09 21:53:34.954939,0 days 00:00:17.455510,0.7371181606359746,0.19546199445389062,16,0.26955441357119186,0.035638893485367744,0.07206358496968149,0.042795614149942436,0.05575206204829084,0.012485050632271465,0.007922863847128668,6,68,0.008540257253962001,0.033720253655488225,False,False,True,5.232189119781937e-08,COMPLETE
568,0.5267079949378968,2025-04-09 21:53:35.131744,2025-04-09 21:54:21.390677,0 days 00:00:46.258933,0.32837954705509687,0.24474986778872826,2,0.2865699567887862,0.028022589964587,0.04345997086373373,0.025642022347242895,0.08183706635236958,0.07016384419730151,0.013445871777722006,8,80,0.004981576792732777,0.05189730215068668,False,False,False,1.6490720358775116e-07,COMPLETE
569,0.5111200094223023,2025-04-09 21:54:21.582118,2025-04-09 21:55:36.223774,0 days 00:01:14.641656,0.5516162520751147,0.07451837156945436,2,0.276453721003541,0.05934935258903088,0.05462910283168648,0.03019211883571843,0.06476263337153224,0.06445022838892032,0.005589147989317137,17,43,0.0029005710102780356,0.015327917991881775,False,False,False,2.2040596214489877e-07,COMPLETE
570,0.4515015244483948,2025-04-09 21:55:36.403564,2025-04-09 21:55:59.191049,0 days 00:00:22.787485,0.4166210901149223,0.4500455990405607,8,0.26340292533655885,0.04275978227268875,0.04841323386409266,0.035692608017747374,0.08342771087117286,0.02114107031370528,0.009378541017864747,7,57,0.018716849420791604,0.04147267274769989,False,False,False,1.1747381880590628e-07,COMPLETE
571,0.5325812697410583,2025-04-09 21:55:59.370278,2025-04-09 21:57:36.625752,0 days 00:01:37.255474,0.6050671140261621,0.46608282975981413,2,0.25806725990191015,0.03707792659195573,0.06273613200092638,0.015308871519802592,0.08874630761152968,0.0816856423814766,0.006853553671882289,24,52,0.0010325444579162542,0.025153986990327337,False,False,False,6.34757763843094e-08,COMPLETE
572,0.4927644491195679,2025-04-09 21:57:36.815158,2025-04-09 21:59:23.844654,0 days 00:01:47.029496,0.6468438392598005,0.2593237582053975,2,0.030501375491734192,0.05302063877708501,0.04500390755046217,0.09579941832942421,0.08507879400277145,0.030535398588801107,0.011122562248325987,27,64,0.021632689891530225,0.04442575925979866,False,False,False,0.0005922321243813176,COMPLETE
573,0.4331206202507019,2025-04-09 21:59:24.025150,2025-04-09 21:59:48.511965,0 days 00:00:24.486815,0.5247984480978404,0.5201522742234616,8,0.1364575520758195,0.03112557176048249,0.05246315390704151,0.021826368714068758,0.07281949923988394,0.06857672816653873,0.024361069547903336,9,75,0.013635603816950902,0.059849994074319485,False,False,False,0.0003843232597482772,COMPLETE
574,0.5099022150039674,2025-04-09 21:59:48.702269,2025-04-09 22:00:34.547838,0 days 00:00:45.845569,0.6753371795815158,0.4237684343861564,2,0.2954321500693387,0.02432400904775241,0.040581291596101715,0.03254591135431975,0.09260468031128509,0.07197915999001195,0.018623247085897198,8,46,0.006986007317660277,0.03071033593115819,False,False,False,3.4187777258424103e-07,COMPLETE
575,0.4228455662727356,2025-04-09 22:00:34.726153,2025-04-09 22:01:00.667153,0 days 00:00:25.941000,0.39585441651294656,0.37313794113046483,16,0.2724945710831384,0.04544459142771453,0.08024776984704764,0.0010834757191773587,0.08567385349948724,0.061558992811118415,0.007856241265409618,18,72,0.015594971329272156,0.019673722946641242,True,False,False,1.5699643220113813e-07,COMPLETE
576,0.47506467103958133,2025-04-09 22:01:00.857494,2025-04-09 22:01:37.528497,0 days 00:00:36.671003,0.28963599860506306,0.22445259302063636,2,0.299696204021596,0.0646909336898856,0.06669472175196829,0.016771906357125034,0.0796764161069983,0.07560818937760415,0.0010581761930125535,5,67,0.010447308437958835,0.03805396747880126,False,False,False,8.402738258542531e-08,COMPLETE
577,0.20224145948886874,2025-04-09 22:01:37.707967,2025-04-09 22:01:57.661304,0 days 00:00:19.953337,0.3580092535178981,0.4955843184924945,8,0.2782451663939177,0.04036873317594685,0.05715143018510005,0.09299558946278845,0.08742384407493059,0.04733649319426223,0.012648197234077913,7,23,0.008716053814635897,0.0075730993575633225,False,True,False,2.967144260185934e-07,COMPLETE
578,0.5336241841316224,2025-04-09 22:01:57.855137,2025-04-09 22:02:37.626596,0 days 00:00:39.771459,0.5707228591660222,0.31400110449904817,2,0.2666694146094292,0.019013093762731498,0.06011108173681125,0.012635797367948896,0.09057600387443206,0.05107362578453439,0.009479227082939277,6,60,0.0036690691853902176,0.0515760361268916,False,False,False,1.9094701201563783e-07,COMPLETE
579,0.2603435873985291,2025-04-09 22:02:37.805975,2025-04-09 22:03:23.611965,0 days 00:00:45.805990,0.6210128177268479,0.463568391351748,2,0.21471902469761378,0.05375286544377313,0.04746997378875182,0.009099126348138153,0.06782850256003896,0.06681274075679301,0.0146361548895098,8,48,0.01248908002869518,0.0344738910027982,False,False,False,0.00010677194048709513,COMPLETE
580,0.5251125931739807,2025-04-09 22:03:23.804203,2025-04-09 22:03:48.788225,0 days 00:00:24.984022,0.4501058186973256,0.4063811137920647,8,0.18733174957025295,0.03403328487545225,0.050858824684928985,0.08887022040029686,0.07038890697833426,0.06503241265735983,0.011561135731708251,10,45,0.005550662844974351,0.026782152844096317,False,False,False,5.461458965202367e-07,COMPLETE
581,0.383506727218628,2025-04-09 22:03:48.970189,2025-04-09 22:04:31.421141,0 days 00:00:42.450952,0.48367780197659654,0.4420541538203408,2,0.28404617747143424,0.04853160915168253,0.05419813395408039,0.02679385822570564,0.08287130279195798,0.062454541234228195,0.01617187749963441,7,42,0.007142553609161054,0.04385693257643302,False,False,False,1.0842895864425787e-07,COMPLETE
582,0.5287699699401855,2025-04-09 22:04:31.615544,2025-04-09 22:05:08.998075,0 days 00:00:37.382531,0.599213679080208,0.5592716462611518,2,0.25803295761461087,0.02755416783723528,0.04294425458003054,0.04724997857779954,0.08810835011467552,0.06949045115356532,0.00835925228692431,5,14,0.0010187143204995724,0.03630772789916243,False,False,False,2.374734079316399e-07,COMPLETE
583,0.48031322956085204,2025-04-09 22:05:09.179200,2025-04-09 22:05:30.866191,0 days 00:00:21.686991,0.657350926894776,0.2920717247866585,8,0.2723582254888191,0.03910423534370653,0.04996713860560742,0.023809920771258264,0.09144127969390886,0.044880467919615495,0.006604203178160773,6,55,0.030648889839606588,0.01560818068783262,False,False,False,0.00023958234798550972,COMPLETE
584,0.5016172885894776,2025-04-09 22:05:31.047258,2025-04-09 22:07:09.486080,0 days 00:01:38.438822,0.6932550423020671,0.09852814230496756,2,0.2654423803104127,0.058416352457945825,0.04639354001470461,0.01917230509213523,0.06262554674705358,0.06010812939347169,0.010471529914841925,25,64,0.016729542203507492,0.03004625153272718,False,False,False,1.3181141465893918e-07,COMPLETE
585,0.4824976086616516,2025-04-09 22:07:09.680351,2025-04-09 22:07:58.947423,0 days 00:00:49.267072,0.6335965797602287,0.046015592354913516,2,0.1505412667903781,0.046391371275546885,0.05250536543573765,0.03958283609407413,0.08616637124223307,0.06354169885984903,0.011902305545944515,9,70,0.010538739887585538,0.04903798064612788,False,False,False,1.6581316151743967e-07,COMPLETE
586,0.09001318067312242,2025-04-09 22:07:59.128096,2025-04-09 22:08:16.864100,0 days 00:00:17.736004,0.5787629299793792,0.48244526354235495,16,0.2770071599637722,0.03539070074436844,0.05606329163601856,0.028731325320409392,0.06571628501327922,0.039367314892047936,0.02035623989877028,7,52,0.004088369508686914,0.040406406970525444,False,False,True,4.0637163240520764e-07,COMPLETE
587,0.32814688682556153,2025-04-09 22:08:17.057983,2025-04-09 22:08:41.026917,0 days 00:00:23.968934,0.6124405617733016,0.8667144389796879,8,0.28815988520570124,0.2640964478900401,0.04850913742452858,0.09811537179638735,0.08095935324743726,0.06587487732136244,0.009014498920930383,8,62,0.013761219453948474,0.019603664725865447,False,False,False,4.43734699414727e-08,COMPLETE
588,0.5129031300544739,2025-04-09 22:08:41.211669,2025-04-09 22:09:20.941844,0 days 00:00:39.730175,0.5583283896842389,0.334105694562567,2,0.2691858275860022,0.030015998452221176,0.0582935466740314,0.034583108774148455,0.04989667760309504,0.07184218963433632,0.013836200893800185,6,42,0.008822131097118435,0.05603377244409642,False,False,False,8.922498236645198e-08,COMPLETE
589,0.508543336391449,2025-04-09 22:09:21.136864,2025-04-09 22:10:44.445740,0 days 00:01:23.308876,0.37212742285514344,0.1261234543969142,2,0.2616307351893652,0.0427329713761202,0.04580705039940004,0.021024398501564526,0.08401554371734794,0.06846376088116041,0.003972566001671977,20,58,0.003206521884613833,0.02550734626962941,False,False,False,2.508675863607234e-07,COMPLETE
590,0.27892212867736815,2025-04-09 22:10:44.630791,2025-04-09 22:11:05.715707,0 days 00:00:21.084916,0.5855470877819582,0.4571659499595643,8,0.28209028546956627,0.07388498002850265,0.051179190533124454,0.01711777522846275,0.08945286892440768,0.06397694460785092,0.0075351346602687405,5,67,0.00686887456717524,0.012632070393725586,False,False,False,1.3677977389379322e-07,COMPLETE
591,0.43812505006790164,2025-04-09 22:11:05.912806,2025-04-09 22:11:55.199189,0 days 00:00:49.286383,0.49978023224119894,0.43532965604661666,2,0.17462370524164778,0.051939927928983005,0.044120497458623294,0.04500391857109321,0.09346971599856391,0.023772884427546118,0.009974634094206574,9,49,0.012107400022191614,0.04339398274686379,False,False,False,1.1644799993783446e-05,COMPLETE
592,0.48230599164962773,2025-04-09 22:11:55.385059,2025-04-09 22:12:38.534740,0 days 00:00:43.149681,0.5412789848484199,0.5369459748691154,2,0.2549898483098999,0.02062987524619669,0.053944316612646225,0.09464650532389308,0.08740338225298468,0.08832759311314052,0.005636177720017546,7,86,0.017528117501316765,0.03375696393544185,False,False,False,2.0062761175092343e-07,COMPLETE
593,0.4956774711608887,2025-04-09 22:12:38.736424,2025-04-09 22:12:58.662630,0 days 00:00:19.926206,0.6439430019568113,0.19069872196485133,16,0.16431071847998363,0.03711835892909452,0.04812348246692275,0.03697268701452275,0.08553745452252773,0.06065451587755633,0.015166130854905247,8,78,0.005354897848249612,0.19438395605303774,False,False,False,6.373028501790931e-08,COMPLETE
594,0.4354551196098328,2025-04-09 22:12:58.847662,2025-04-09 22:13:20.911439,0 days 00:00:22.063777,0.3414846276811573,0.5032578097680158,8,0.273065210026284,0.045299327964512685,0.06983890943735963,0.013922711185497344,0.08991529612618505,0.0936496928073888,0.011699585157433232,6,45,0.014461788647694917,0.027752019891351305,True,False,False,1.008301215478512e-06,COMPLETE
595,0.47742027044296265,2025-04-09 22:13:21.115539,2025-04-09 22:14:07.309646,0 days 00:00:46.194107,0.4101908636689895,0.39911579528557856,2,0.266419440543082,0.03293511216617338,0.03752188334743533,0.09019143213620708,0.02754889011433513,0.03665617248096993,0.00855621063763525,8,73,0.01015893699331037,0.037400870697391675,False,False,False,6.022552130363787e-06,COMPLETE
596,0.4584655523300171,2025-04-09 22:14:07.496620,2025-04-09 22:14:45.621175,0 days 00:00:38.124555,0.6202221725770338,0.4729591916921409,2,0.0005309004996191247,0.05730209838486604,0.0418920910261632,0.02344038931566573,0.06741320141518102,0.07363015287160937,0.01285443601736535,7,41,0.0010577980550577587,0.08233069701686868,False,True,False,3.035539305226839e-07,COMPLETE
597,0.4483486413955689,2025-04-09 22:14:45.819730,2025-04-09 22:15:15.467241,0 days 00:00:29.647511,0.601203672134619,0.2733105109897943,8,0.27826254970284914,0.025420846683776584,0.05093887823751489,0.03121354226359466,0.08266747776006093,0.06743631412209632,0.010177999646510739,16,63,0.008153736311301512,0.04488477273014784,False,False,False,1.071268543011977e-07,COMPLETE
598,0.3011718332767487,2025-04-09 22:15:15.655135,2025-04-09 22:15:55.467874,0 days 00:00:39.812739,0.6637305013407514,0.35341442422347946,2,0.2605252175813078,0.03978793487380756,0.05683575139267461,0.019300527084077458,0.09193498365699067,0.017767930580418333,3.387759931184111e-05,6,56,0.0034457073315536037,0.022157033657211535,False,False,False,1.6866563045629452e-07,COMPLETE
599,0.3034271538257599,2025-04-09 22:15:55.656682,2025-04-09 22:16:32.336535,0 days 00:00:36.679853,0.7136660285519165,0.4241169400481082,2,0.2899214272966695,0.0663385041447126,0.059869725110171926,0.033411214264025824,0.07911462272664671,0.07061723072455904,0.006697924428099095,5,69,0.011893549327140148,0.048605937611878744,False,False,False,0.00029948039619561275,COMPLETE
600,0.40521093606948855,2025-04-09 22:16:32.536388,2025-04-09 22:16:56.094607,0 days 00:00:23.558219,0.5660295729983775,0.45163209201375154,8,0.2698909094679062,0.050617727834238437,0.08357396283374711,0.02573866337357874,0.06143672490970735,0.06596211550923124,0.017590714202490004,8,51,0.01567136147007549,0.06182642687175143,False,False,False,2.3348446918058452e-07,COMPLETE
601,0.48823558092117314,2025-04-09 22:16:56.281215,2025-04-09 22:17:39.295200,0 days 00:00:43.013985,0.5261876319901717,0.23254397733329535,2,0.2522840248020532,0.030286626618280528,0.05340697435469304,0.028901569062872563,0.015670711520215416,0.04913814171631348,0.0007993908897973067,7,44,0.054817279018607806,0.03214117126676955,False,False,False,4.486168336805026e-07,COMPLETE
602,0.47843959331512453,2025-04-09 22:17:39.491333,2025-04-09 22:17:58.931541,0 days 00:00:19.440208,0.43138157685614015,0.16870915541886092,16,0.12475475405459599,0.04230108760863582,0.04968284588508403,0.012284587898756244,0.06501646974255755,0.06293074947698482,0.007710379567515065,7,60,0.06561410771313717,0.0545243194093109,False,False,False,6.760761899606782e-07,COMPLETE
603,0.3746567010879517,2025-04-09 22:17:59.122361,2025-04-09 22:18:48.461219,0 days 00:00:49.338858,0.598341342732681,0.48781693987358754,2,0.2802995039835579,0.04659656060388762,0.047232537028910476,0.021433786389248106,0.08792714258770122,0.052055675288296195,0.010652147118493261,9,65,0.005830984669643111,0.03982594084050605,False,False,False,8.58004099660846e-08,COMPLETE
604,0.3298467874526978,2025-04-09 22:18:48.660879,2025-04-09 22:19:10.920849,0 days 00:00:22.259970,0.31787969325968424,0.5187268475805982,8,0.2610641869430604,0.03712705100043609,0.06228394166225407,0.005080224700710005,0.023283203351412117,0.06772754864053573,0.013176629641904008,6,75,0.009302017078074647,0.007594561284049007,False,False,False,3.511133723767801e-07,COMPLETE
605,0.12314260005950928,2025-04-09 22:19:11.112426,2025-04-09 22:19:54.582224,0 days 00:00:43.469798,0.6226454689318011,0.14685490054487318,2,0.27420950154232754,0.015234672694085977,0.05232843227370555,0.01020058878080769,0.08556056065425645,0.06462721185230841,0.005045409037445426,9,40,0.0027611912106933123,0.029059291927504834,False,False,True,0.0004064924903329573,COMPLETE
606,0.500878405570984,2025-04-09 22:19:54.780570,2025-04-09 22:20:31.364841,0 days 00:00:36.584271,0.3832133856893602,0.3750137592035401,2,0.24002418203852954,0.02471810448985128,0.05523653656425878,0.024917664937413583,0.07012880414970359,0.060432064175632086,0.00900917830569522,5,47,0.012802661389562684,0.019751295198998355,False,False,False,1.426135650736826e-07,COMPLETE
607,0.36872497797012327,2025-04-09 22:20:31.554651,2025-04-09 22:21:33.501130,0 days 00:01:01.946479,0.6468440533632241,0.30416212189904884,2,0.20600244793738817,0.052174364659000834,0.0453628923835431,0.09943377087906137,0.08432623034262056,0.06976507197155311,0.015113607150870513,13,53,0.018450742327462355,0.03750239458314773,False,False,False,0.00021357318394431464,COMPLETE
608,0.4594402492046356,2025-04-09 22:21:33.702517,2025-04-09 22:22:02.838043,0 days 00:00:29.135526,0.1336532989016201,0.06968775567046091,8,0.2653535583160647,0.06243626859825148,0.04041221620843842,0.09365437571570377,0.0891451559830698,0.05834721943439235,0.027295215375951448,15,67,0.007161515404836116,0.04756963088126025,False,False,False,0.00015548305505430952,COMPLETE
609,0.5691730499267579,2025-04-09 22:22:03.028202,2025-04-09 22:22:49.107343,0 days 00:00:46.079141,0.45530892732849587,0.4654858921317217,2,0.2570096187597846,0.03252240854433815,0.04946312540057134,0.09663063604424046,0.07732053922897437,0.06237703750575593,0.011070239218152554,8,71,0.005117005337136337,0.03290617519429766,False,False,False,2.475967262277556e-07,COMPLETE
610,0.5727431893348695,2025-04-09 22:22:49.310602,2025-04-09 22:23:35.775979,0 days 00:00:46.465377,0.39622331348734396,0.4338319632459611,2,0.2530612140139303,0.04002737177167684,0.06559801162644183,0.099373611965011,0.08069919668987605,0.06165613528408707,0.007340403305334787,8,70,0.004449348955090577,0.04214905260818533,False,False,False,2.7150418882599256e-07,COMPLETE
611,0.33430129885673526,2025-04-09 22:23:35.966410,2025-04-09 22:23:56.972235,0 days 00:00:21.005825,0.4170185778164748,0.4287953303717799,16,0.2470258732793583,0.0391308085350706,0.06854606239968264,0.09826762916912048,0.07753330062100698,0.05937802787775949,1.222915230489889e-05,10,71,0.005079855332701951,0.06706458818279334,False,False,False,2.8204707115176546e-07,COMPLETE
612,0.49870103597640997,2025-04-09 22:23:57.173672,2025-04-09 22:24:20.815409,0 days 00:00:23.641737,0.4566955443113727,0.4454182635035847,8,0.2428738607922588,0.03494593867248553,0.06575259473103785,0.09735506394884713,0.07970614621365787,0.06182095586805706,0.006500156283952162,8,75,0.005982645470140474,0.15692519397354798,False,False,False,3.599272156940163e-07,COMPLETE
613,0.47036548852920534,2025-04-09 22:24:21.005944,2025-04-09 22:25:10.641899,0 days 00:00:49.635955,0.439028092383726,0.4086081844066406,2,0.2526085701741245,0.04384012328557121,0.06795163197422142,0.09972551965303232,0.07623056513873798,0.06264243867944248,0.004600766316513986,9,65,0.007821942921099452,0.05033308395629987,True,False,False,2.9329967904220766e-07,COMPLETE
614,0.563070547580719,2025-04-09 22:25:10.845503,2025-04-09 22:25:57.140406,0 days 00:00:46.294903,0.4726011942665549,0.4647739592170995,2,0.25480048665009036,0.032975179749280895,0.06126450501817107,0.09766450082406203,0.07478375321637756,0.06407434533248661,0.005782685885361562,8,90,0.004683739372165912,0.044427914887152406,False,False,False,4.867064095856979e-07,COMPLETE
615,0.33254838585853574,2025-04-09 22:25:57.333230,2025-04-09 22:26:43.837101,0 days 00:00:46.503871,0.47009414814461015,0.42092041222629345,2,0.24709067165395254,0.24711445043206687,0.05921096625315007,0.09586127195163209,0.07332085581513129,0.07545648036591,0.0047514576021669445,8,84,0.004182662412772365,0.044181811178536236,False,False,False,2.398623363674297e-07,COMPLETE
616,0.3134131491184235,2025-04-09 22:26:44.039742,2025-04-09 22:27:04.964750,0 days 00:00:20.925008,0.4421080745069906,0.4570013424767891,8,0.2507701663839023,0.031706606175145154,0.06201117933925692,0.09706378671982556,0.07668489321785171,0.06395432706649738,0.0054465888695137896,8,90,0.005685350492816621,0.04302621546605739,False,True,False,4.0090690849024156e-07,COMPLETE
617,0.48798369169235234,2025-04-09 22:27:05.157702,2025-04-09 22:27:54.769659,0 days 00:00:49.611957,0.4795815858369688,0.4370274404636273,2,0.25193324609145207,0.031356633003223736,0.06260441768459611,0.09936614323173006,0.07602805688187732,0.06500519422317869,0.00594291147202348,9,91,0.004430867613347598,0.04031785771733755,False,False,False,2.697921857996044e-07,COMPLETE
618,0.5641207933425904,2025-04-09 22:27:54.974537,2025-04-09 22:28:41.058210,0 days 00:00:46.083673,0.4507287709184887,0.45628707353697706,2,0.23791861553025262,0.03646002841415838,0.06116433113129516,0.09637920257416412,0.0739654456170853,0.061051194172608195,0.0070270838179372404,8,72,0.006714823003050164,0.03435648441181085,False,False,False,2.13436895422427e-07,COMPLETE
619,0.35896849632263184,2025-04-09 22:28:41.250302,2025-04-09 22:29:27.701198,0 days 00:00:46.450896,0.46636692252837314,0.4426410267512086,2,0.22873195991584214,0.16721314506335475,0.06327395517601571,0.09993227017670346,0.07353459533439562,0.05926996816176579,0.0033941633030386783,8,89,0.006202261077965896,0.032710035739123906,False,False,False,9.64654447412809e-06,COMPLETE
620,0.49924529790878297,2025-04-09 22:29:27.906372,2025-04-09 22:29:52.356759,0 days 00:00:24.450387,0.4526158049758442,0.41412390071856414,8,0.24027305538277843,0.036042106911308644,0.06403970747026987,0.09642303645496157,0.07470012707576945,0.060856699344016,0.006153337601312378,9,73,0.004221128793876013,0.034317729688036196,False,False,False,3.4625655232315087e-07,COMPLETE
621,0.5396158337593079,2025-04-09 22:29:52.549464,2025-04-09 22:30:12.646915,0 days 00:00:20.097451,0.4529947299477619,0.4594443656729138,16,0.23200593158176586,0.030208226619439643,0.06624020755127172,0.0961127313650329,0.07552044811037815,0.05784207973951997,0.005875374365935381,8,95,0.0071684607632968925,0.10537164235836376,False,False,False,2.1699002240621976e-07,COMPLETE
622,0.3418636977672577,2025-04-09 22:30:12.854168,2025-04-09 22:31:03.014533,0 days 00:00:50.160365,0.43448517464445885,0.39214741916351564,2,0.23587534081051986,0.09863864753162421,0.06055307534296511,0.09748304446357223,0.07234229939608389,0.06159470272631182,0.007525280651003683,9,95,0.002644976686783277,0.028877398949225395,False,False,False,5.515715846838827e-07,COMPLETE
