number,value,datetime_start,datetime_complete,duration,params_alpha-eval,params_alpha-train,params_batch-size,params_eps-eval,params_eps-train,params_lambda-actions-eval,params_lambda-actions-train,params_lambda-frames-eval,params_lambda-frames-train,params_learning-rate,params_n-epochs,params_n-frames,params_radius-gw,params_rho,params_std-feats,params_ub-actions,params_ub-frames,params_weight-decay,state
168,0.5435916066169739,2025-04-09 17:43:56.747930,2025-04-09 17:44:19.758051,0 days 00:00:23.010121,0.5631653447451435,0.4918364876174496,8,0.22705397408965322,0.028941618109619836,0.04053942583254534,0.016326757707075472,0.09269806792312621,0.0686525011527281,0.008552574738197436,7,38,0.004793138397692955,0.02789108988547465,False,False,False,3.9030575110604063e-07,COMPLETE
169,0.5069762825965881,2025-04-09 17:44:19.812090,2025-04-09 17:44:42.463666,0 days 00:00:22.651576,0.5723080127272683,0.49852814976090076,8,0.2244110200109027,0.029329280584922915,0.04379489263901394,0.014875518230052672,0.08534613579539277,0.06974147013317426,0.008333440715813635,7,37,0.0026322958089572274,0.187052955736673,True,False,False,4.773683800915324e-07,COMPLETE
170,0.5119428038597107,2025-04-09 17:44:42.517330,2025-04-09 17:45:05.189752,0 days 00:00:22.672422,0.6044373218913154,0.4903593599390625,8,0.23357417110142226,0.022036494320881787,0.033059636373048956,0.01202099588085628,0.09262889813422576,0.06829701427863914,0.019469042390025313,7,40,0.008263923432051446,0.026541744334486743,False,False,False,3.5410115127655326e-07,COMPLETE
171,0.33502581119537356,2025-04-09 17:45:05.244362,2025-04-09 17:45:26.959209,0 days 00:00:21.714847,0.557927387990206,0.46483134663235404,8,0.23556313866070522,0.27036815319747703,0.04015161116703613,0.01582777925386457,0.09360421060402918,0.06640707079137334,0.0058725285576324785,6,35,0.004864684942003949,0.02887710563322409,False,False,False,6.466744441248899e-07,COMPLETE
172,0.5206138730049134,2025-04-09 17:45:27.022577,2025-04-09 17:45:48.004833,0 days 00:00:20.982256,0.48209161214260254,0.540052495404596,8,0.24183799197851472,0.038081407664231744,0.038178964667199944,0.01576588278102922,0.09650969222261961,0.06171538243595938,0.009468383823439114,5,30,0.005804439019102135,0.05964091470166722,False,False,False,2.661338887323419e-07,COMPLETE
173,0.3697337031364441,2025-04-09 17:45:48.059823,2025-04-09 17:46:09.762944,0 days 00:00:21.703121,0.6203818956939262,0.5194101509086544,8,0.2305769370607681,0.04060864972168876,0.03885251133648781,0.009013652397348007,0.08871440186243268,0.06441021878051079,0.01348953311162496,6,53,0.00448429276145511,0.03786545477456046,False,False,False,1.9819223720204742e-07,COMPLETE
174,0.5249800682067871,2025-04-09 17:46:09.819008,2025-04-09 17:46:32.439022,0 days 00:00:22.620014,0.5514880647111254,0.5751706426069166,8,0.21744346448101995,0.028907183086104148,0.04493198334593845,0.053731184665812934,0.09408012256419494,0.07566240454420638,0.00723661767709625,7,27,0.00646839347674456,0.049789456533573306,False,False,False,4.2610388571737046e-07,COMPLETE
175,0.5276140809059143,2025-04-09 17:46:32.495617,2025-04-09 17:46:54.127961,0 days 00:00:21.632344,0.5881687913041768,0.4511011025635675,8,0.26531805970337297,0.03695530497994374,0.041152359373136785,0.017717743434396284,0.09039185808374352,0.06372410386559975,0.011104070393412066,6,48,0.009195361207377536,0.023989301665476928,False,False,False,8.953689585798785e-07,COMPLETE
176,0.1557411253452301,2025-04-09 17:46:54.184589,2025-04-09 17:47:21.381462,0 days 00:00:27.196873,0.5660383765877298,0.4842376169209176,8,0.25713479717643994,0.04316697013316608,0.03515148923495893,0.023752350827145195,0.08722056275403652,0.07120957903629106,0.008294539885596355,17,68,0.0027686703623007293,0.06597577466435331,False,True,False,3.2793371616015824e-07,COMPLETE
177,0.5066530346870423,2025-04-09 17:47:21.439089,2025-04-09 17:47:42.419060,0 days 00:00:20.979971,0.6214779297005059,0.42038758803230314,8,0.24518262440105262,0.01405579122314429,0.04673759844493974,0.02680611905241055,0.09556865820393827,0.067362138578114,0.013223154129621334,5,42,0.007873594120260202,0.03282791604182063,False,False,False,2.0453725154716927e-07,COMPLETE
178,0.5676790475845337,2025-04-09 17:47:42.476325,2025-04-09 17:48:04.316949,0 days 00:00:21.840624,0.5077835253816475,0.4420422297333241,8,0.2376463785578199,0.03194866623014226,0.04292038901899651,0.012879612377731442,0.09257190996592468,0.060007092607014895,0.00939320746624815,6,74,0.005315630255649484,0.041789930941937406,False,False,False,5.845649253476227e-07,COMPLETE
179,0.49228131771087646,2025-04-09 17:48:04.374349,2025-04-09 17:48:27.718642,0 days 00:00:23.344293,0.5247189383685578,0.5143173845869967,8,0.22520878077125422,0.02505719176413554,0.04366375682337577,0.006048225967996359,0.09217488502020345,0.006591349897232909,0.01645919559141188,8,71,0.00957552502134594,0.04096133338063554,False,False,False,5.577509874352737e-07,COMPLETE
180,0.3368346154689789,2025-04-09 17:48:27.777256,2025-04-09 17:48:50.362256,0 days 00:00:22.585000,0.5016589113580385,0.40736021523681853,8,0.19794466372923508,0.05546547392341323,0.05959887208966393,0.011967400845333709,0.08931579994518017,0.06511650756059036,0.00931655778241113,7,74,0.0018053782813270214,0.021081881078629017,False,False,False,1.346432761772954e-06,COMPLETE
181,0.5086095929145813,2025-04-09 17:48:50.429451,2025-04-09 17:49:12.808673,0 days 00:00:22.379222,0.5525608412522105,0.4379793930957415,8,0.23878762823261596,0.030730073163831778,0.04007279672460719,0.009833615074535264,0.09983359089946324,0.059838405317609214,0.0067048795835358286,6,64,0.0058022733908673066,0.04982563850693096,False,False,False,7.856654494185803e-07,COMPLETE
182,0.548737919330597,2025-04-09 17:49:12.867805,2025-04-09 17:49:34.718235,0 days 00:00:21.850430,0.5849509766583282,0.4659857766120995,8,0.24731660390762056,0.03417052307896232,0.04149089263791058,0.013309087881871774,0.09429180447740113,0.0609190038306257,0.011226208122768679,6,38,0.004532577113524117,0.05619092749360662,False,False,False,4.4934992915455714e-07,COMPLETE
183,0.5093643784523011,2025-04-09 17:49:34.777648,2025-04-09 17:49:55.606386,0 days 00:00:20.828738,0.600967981727584,0.4779664103770768,8,0.2463299993007934,0.019226826794693955,0.04208452483407009,0.015791111739666693,0.08415272290563144,0.062105020336794284,0.010781188738178113,5,39,0.004033722019956175,0.0566262333313064,False,False,False,1.4220405005047442e-07,COMPLETE
184,0.48304487466812135,2025-04-09 17:49:55.664617,2025-04-09 17:50:18.044661,0 days 00:00:22.380044,0.5802637037288885,0.49718857987016934,8,0.23482618139180994,0.03107812776600753,0.03639310827154428,0.011894676392277464,0.09320055305995745,0.05773373391510932,0.013162329806507214,7,33,0.007658870505452902,0.03563911530179323,False,False,False,4.178510693864293e-07,COMPLETE
185,0.3475500762462616,2025-04-09 17:50:18.103253,2025-04-09 17:50:39.821387,0 days 00:00:21.718134,0.6398993377156004,0.4276335750331294,8,0.2410827235614088,0.14820090168020775,0.04691209974210994,0.021804621784809422,0.09708664630035366,0.06313639779611545,0.008996749581754773,6,38,0.011908596557557695,0.030034183760138597,False,False,False,2.4415853907170296e-07,COMPLETE
186,0.2196314871311188,2025-04-09 17:50:39.880998,2025-04-09 17:51:01.151965,0 days 00:00:21.270967,0.5912864119029847,0.3970639390517845,8,0.2507018861760444,0.0440311034223008,0.031551361088544734,0.013141032081881873,0.09101904783352141,0.060510425758869876,0.01769064482000164,5,73,0.00686396496151795,0.008077776474986169,False,False,False,9.234385816785728e-08,COMPLETE
187,0.5524007201194763,2025-04-09 17:51:01.212637,2025-04-09 17:51:24.667209,0 days 00:00:23.454572,0.47108883399462226,0.4712990387460887,8,0.2675059818930049,0.03509140425836124,0.04276007529028957,0.01763953818778956,0.08646329779404628,0.06900606723431368,0.012335422839824165,8,46,0.009529018181536618,0.04326127377177105,False,False,False,1.800388231480275e-07,COMPLETE
188,0.09206773340702057,2025-04-09 17:51:24.728146,2025-04-09 17:51:46.254469,0 days 00:00:21.526323,0.4682489858457909,0.46760027743642907,8,0.17469048069091725,0.05181624760066898,0.04228159193103393,0.00872811676978848,0.08731715466297732,0.06688523084917088,0.02279407588546655,9,45,0.010091212668054652,0.04545205682214353,False,False,True,1.8478558267751126e-07,COMPLETE
189,0.44520255327224734,2025-04-09 17:51:46.314520,2025-04-09 17:52:10.416250,0 days 00:00:24.101730,0.498639689608286,0.44659967030534353,8,0.26991369930033243,0.03515415868889103,0.044734676824972563,0.04739469390020622,0.08875629553713887,0.08825461304278859,0.014804770637586694,8,69,0.013801255185111883,0.06404977178206123,False,False,False,1.1885494893424629e-07,COMPLETE
190,0.5244753122329713,2025-04-09 17:52:10.484940,2025-04-09 17:52:46.823989,0 days 00:00:36.339049,0.3498310578167728,0.5253814776341257,2,0.2657507440415476,0.04130391239644536,0.04906611962398532,0.013938232699346478,0.0820939176437482,0.05494872389095158,0.011212227199276208,5,49,0.009860474562374814,0.04076860798095874,False,False,False,2.725753024962354e-07,COMPLETE
191,0.49437148571014405,2025-04-09 17:52:46.887132,2025-04-09 17:53:08.707815,0 days 00:00:21.820683,0.5651691919703298,0.4764799773722045,8,0.13858856842701497,0.027913408103550655,0.041158336268595205,0.01750740082470849,0.09135394548341194,0.0697448989632091,0.0118116031830778,6,42,0.0010474031776095995,0.055046546101059066,False,False,False,5.161763170677444e-07,COMPLETE
192,0.3969660580158234,2025-04-09 17:53:08.769830,2025-04-09 17:53:32.307596,0 days 00:00:23.537766,0.5206621276538955,0.4937569432922817,8,0.2620927946095013,0.044637558751902395,0.04326179797307983,0.01770467729610546,0.09490639777850363,0.07239390125210704,0.009249616837175482,8,37,0.0040256172628228,0.023654994694785228,False,False,False,8.265874772992391e-08,COMPLETE
193,0.4982463240623474,2025-04-09 17:53:32.369272,2025-04-09 17:53:54.991670,0 days 00:00:22.622398,0.6198344153226536,0.43102716338187025,8,0.2294934373190803,0.032675119738235656,0.0651118368102099,0.05835499126906377,0.09287360229507914,0.0645826212537346,0.00799082699196354,7,62,0.008391887350557478,0.04086203546681064,False,False,False,3.417152860254936e-07,COMPLETE
194,0.5074561238288879,2025-04-09 17:53:55.053365,2025-04-09 17:54:17.078708,0 days 00:00:22.025343,0.5730108953475603,0.5093644651605369,8,0.255100969681965,0.020162507520565004,0.057754741894816886,0.015650427220399388,0.08555800859471496,0.06185019435797097,0.013246424272925928,6,47,0.006701126358367499,0.016719465658178563,False,False,False,1.6910532629467074e-07,COMPLETE
195,0.5688581466674805,2025-04-09 17:54:17.140943,2025-04-09 17:54:40.590294,0 days 00:00:23.449351,0.6046280493290785,0.4677309150654011,8,0.2731923403705379,0.03798656012700985,0.037150052457416434,0.06557245710210087,0.08931418952213208,0.07432724489019649,0.01075867162033622,8,41,0.011895459053628401,0.031067294845913317,False,False,False,5.913458305106818e-08,COMPLETE
196,0.3403941154479981,2025-04-09 17:54:40.653262,2025-04-09 17:55:26.610961,0 days 00:00:45.957699,0.6756622467252938,0.46071151447510555,2,0.27201757004037136,0.04833786449609748,0.036282248233151466,0.0742063533671533,0.09052143001843553,0.07501827859080203,0.016295764224141553,8,66,0.012054939428055057,0.04581975278530426,False,False,False,5.8243902411437245e-08,COMPLETE
197,0.557528555393219,2025-04-09 17:55:26.672783,2025-04-09 17:56:09.733105,0 days 00:00:43.060322,0.6027323210587857,0.4072893519719749,2,0.27543162173258484,0.03936120867802616,0.026381984653446586,0.07035475524049478,0.0869716015114213,0.058035982720528866,0.010832086777033303,7,76,0.012023908435123125,0.03297072331096014,False,False,False,1.0311431908650668e-07,COMPLETE
198,0.4569106698036194,2025-04-09 17:56:09.804502,2025-04-09 17:56:58.705133,0 days 00:00:48.900631,0.653892947857573,0.40330245764663203,2,0.2770228072089751,0.05770294278504415,0.008629550786215738,0.0653519406034831,0.08667423202568054,0.05694707769997656,0.01960612135259141,9,77,0.014744496525696933,0.031933186836351504,False,False,False,1.037481902872415e-07,COMPLETE
199,0.4777383387088776,2025-04-09 17:56:58.769894,2025-04-09 17:57:51.627625,0 days 00:00:52.857731,0.6120426861523404,0.4216719097829667,2,0.2858293165082188,0.04107898650288767,0.01457081709873672,0.0673192258152947,0.0835168445193148,0.05810878474745747,0.010585918629714893,10,56,0.011325412781847764,0.012936865651928864,False,False,False,7.85817941803333e-08,COMPLETE
200,0.4900790333747864,2025-04-09 17:57:51.692687,2025-04-09 17:58:37.350854,0 days 00:00:45.658167,0.635533258935273,0.3646896858032459,2,0.2746772204007239,0.047037840586851794,0.06227944021041374,0.07012167778564678,0.04030158355639696,0.05917752796838152,0.013574354526537958,8,75,0.012994639898976057,0.07275306447725806,False,False,False,4.536664894067494e-08,COMPLETE
201,0.5676013708114624,2025-04-09 17:58:37.414462,2025-04-09 17:59:19.999394,0 days 00:00:42.584932,0.6037387929224124,0.4389687339860369,2,0.26699297864539095,0.03576194815730553,0.060083647664812063,0.03167455859232444,0.08902234964280108,0.06088297835785602,0.01041451464995446,7,42,0.009116794909522264,0.037238666785450056,False,False,False,1.2511779138723687e-07,COMPLETE
202,0.4905007362365723,2025-04-09 17:59:20.064181,2025-04-09 18:00:02.829775,0 days 00:00:42.765594,0.5996942990151003,0.4357711273184433,2,0.26861300490050954,0.03680650329343796,0.024261931387972738,0.03124922236644035,0.0879979017084491,0.06133520528209999,0.011983581046445377,7,43,0.00948416491257605,0.03440421414491429,False,False,False,1.3432407140582217e-07,COMPLETE
203,0.5085097193717957,2025-04-09 18:00:02.893936,2025-04-09 18:00:48.997206,0 days 00:00:46.103270,0.58693507346022,0.40119184496988153,2,0.2821279636525642,0.02370208554507656,0.06068646789320032,0.03245135258650124,0.08536841488838706,0.054617219641101736,0.010147180759196057,8,51,0.008391104141878485,0.02639144845162145,False,False,False,6.854197485852753e-08,COMPLETE
204,0.2601834833621979,2025-04-09 18:00:49.062665,2025-04-09 18:01:32.268901,0 days 00:00:43.206236,0.6174228950747715,0.4635075576623506,2,0.25945755936155523,0.05234194984304808,0.05605102078173585,0.0345675889725358,0.08866771865698372,0.060245893675637756,0.015377023254943388,7,42,0.011098278081312746,0.019853500636796313,False,False,False,1.1101082795272811e-07,COMPLETE
205,0.3802532315254212,2025-04-09 18:01:32.343982,2025-04-09 18:02:22.063684,0 days 00:00:49.719702,0.5922547734472162,0.48028830145614954,2,0.2680717986927065,0.03315347677830974,0.06272318184114839,0.05352004533128162,0.09022066637943207,0.07901789317891121,0.005496500592919303,9,45,0.01348290279259265,0.05411399959806984,True,False,False,2.6964111092156733e-08,COMPLETE
206,0.48623834848403935,2025-04-09 18:02:22.129772,2025-04-09 18:03:05.573700,0 days 00:00:43.443928,0.6513184181661171,0.4402753790472114,2,0.26130172432980386,0.041670689122630264,0.026539980329958388,0.012909950243749819,0.08166718064551523,0.07908672813135072,0.011572112559295009,7,70,0.01680065040290085,0.04373042030817022,False,False,False,9.303808526561293e-08,COMPLETE
207,0.4041656255722046,2025-04-09 18:03:05.639598,2025-04-09 18:03:45.404570,0 days 00:00:39.764972,0.3638107696641182,0.5582132329290056,2,0.2771628643603344,0.04600705433972989,0.019254096637287266,0.04480203255210141,0.08690846602888203,0.06514727502312247,0.007149400979386069,6,40,0.007777944544186033,0.11078626014582978,False,False,False,1.2873381097370312e-07,COMPLETE
208,0.43550473451614385,2025-04-09 18:03:45.470679,2025-04-09 18:04:53.180326,0 days 00:01:07.709647,0.5975841270888567,0.3729421308946226,2,0.25309958109669023,0.026062615142999755,0.05850180447306187,0.05770071026730383,0.06183656449124931,0.056951300955310175,0.010286018853115152,18,64,0.010583787952905939,0.048835700763548956,False,True,False,1.502722596451632e-08,COMPLETE
209,0.4355285704135895,2025-04-09 18:04:53.245757,2025-04-09 18:05:29.613150,0 days 00:00:36.367393,0.6265367096271477,0.41769162298199003,2,0.2725145296544083,0.03446944913318056,0.04550476992471932,0.003693424583926923,0.08967717720861981,0.06668225731798365,0.014402752905889181,5,72,0.04949145228471952,0.1416724096779229,False,False,False,1.644590818276671e-07,COMPLETE
210,0.32262384295463564,2025-04-09 18:05:29.679504,2025-04-09 18:06:12.822246,0 days 00:00:43.142742,0.5752267112186462,0.9699738762785775,2,0.00865818796269538,0.040466974371893026,0.05143520343525219,0.09984433688984706,0.06628118839527812,0.058700193982960204,0.01824813751612598,7,60,0.008512923369907187,0.001334623075752904,False,False,False,5.402219798915493e-08,COMPLETE
211,0.5245440244674683,2025-04-09 18:06:12.890374,2025-04-09 18:06:34.689123,0 days 00:00:21.798749,0.5364726665914115,0.45534473162676026,8,0.24622429789574804,0.036118052620076044,0.03873317206039961,0.02049954152369073,0.09487859389738568,0.06300245165753648,0.008320294759653363,6,36,0.0040201484942969205,0.03890849687646811,False,False,False,6.832885638160644e-08,COMPLETE
212,0.5250709056854248,2025-04-09 18:06:34.756405,2025-04-09 18:06:56.741704,0 days 00:00:21.985299,0.542148507943056,0.46903165300441824,8,0.24920746682956396,0.03220759261143012,0.03390906212635586,0.019102170817318558,0.09113114520376327,0.06219551254482273,0.009170058559611815,6,34,0.006959710109701191,0.033730386073828986,False,False,False,8.680242637411413e-08,COMPLETE
213,0.4691081404685974,2025-04-09 18:06:56.818606,2025-04-09 18:07:17.996540,0 days 00:00:21.177934,0.561462432879683,0.4426106552294423,8,0.26201453811845205,0.03919914300768766,0.027156138945659138,0.09744834822746751,0.09218072851449118,0.06392382145889378,0.012077689985448274,5,40,0.006530793863920326,0.039578117683623876,False,False,False,2.2846294400694544e-07,COMPLETE
214,0.32936772108078005,2025-04-09 18:07:18.065495,2025-04-09 18:08:01.151585,0 days 00:00:43.086090,0.6107864474156398,0.4210464481949933,2,0.2408482368722238,0.05275789607396304,0.059935784881570725,0.01427150354933288,0.09620816343211042,0.06041311977349805,0.009642197020449132,7,67,0.005256150996796875,0.028617562928625977,False,False,False,1.2283624317533358e-07,COMPLETE
215,0.4214186429977417,2025-04-09 18:08:01.219000,2025-04-09 18:08:22.920480,0 days 00:00:21.701480,0.47943301060277044,0.5031578364763698,8,0.25614681121630034,0.04479345324687841,0.05665782984090228,0.03385701245384936,0.08825041633134864,0.08279920729763962,0.007458979616202523,6,32,0.009381932905945979,0.047708964112418796,False,False,False,1.6068966944455024e-07,COMPLETE
216,0.43512679338455207,2025-04-09 18:08:22.989634,2025-04-09 18:09:34.266313,0 days 00:01:11.276679,0.5827880044808129,0.3978781374780477,2,0.2674711233215762,0.025931350288040795,0.047445704612840714,0.021851033378421234,0.09338980474197604,0.0652838236694811,0.00011596400743961093,16,45,0.011861349979819972,0.05977938578022474,False,False,False,9.550973224660477e-08,COMPLETE
217,0.4373829007148743,2025-04-09 18:09:34.335451,2025-04-09 18:10:14.324888,0 days 00:00:39.989437,0.5099042157618361,0.4567919541508338,2,0.24771493922261126,0.16834511347724537,0.0645608224666511,0.039205649823366245,0.08459545596370618,0.056690623774232486,0.012885225728362792,6,35,0.06581475452131735,0.022408848405714492,False,False,False,5.581143358172979e-07,COMPLETE
218,0.5469788789749146,2025-04-09 18:10:14.394980,2025-04-09 18:10:37.912205,0 days 00:00:23.517225,0.5568109995925626,0.4822246409514337,8,0.0440670662042871,0.03788960003812976,0.043323737613412586,0.01085707176487381,0.0894875020495379,0.0699848896746154,0.010511962876361745,8,79,0.0028540142754691494,0.0357502414107136,False,False,False,2.972983715370724e-07,COMPLETE
219,0.09451923072338105,2025-04-09 18:10:37.983212,2025-04-09 18:11:18.516473,0 days 00:00:40.533261,0.6374076498502287,0.5177522137530544,2,0.2782511360294103,0.04637855785876266,0.043473944762235206,0.010952136733809325,0.08661493298291963,0.07042359922769417,0.015307482236814373,8,48,0.0037154405242775333,0.011906464167027526,False,False,True,2.839173096797219e-07,COMPLETE
220,0.34683670401573186,2025-04-09 18:11:18.595892,2025-04-09 18:11:42.903561,0 days 00:00:24.307669,0.6094593437388436,0.48443414992304895,8,0.0798103692294972,0.061357757388442076,0.04193441790431741,0.006011757082797,0.08956747820184702,0.0735315878983003,0.010820643102243602,9,54,0.003107178898728094,0.03395040556545429,False,False,False,1.8655963450025834e-07,COMPLETE
221,0.3443948864936829,2025-04-09 18:11:42.976656,2025-04-09 18:12:06.355695,0 days 00:00:23.379039,0.5561470527480854,0.5377379726835683,8,0.2606054014692369,0.03760796653529198,0.03810987402927731,0.016133453136353455,0.09260852734000441,0.06844567230414735,0.006214790302888239,8,77,0.00592870217277705,0.040938155253674294,False,False,False,4.116574842026015e-07,COMPLETE
222,0.560222840309143,2025-04-09 18:12:06.426996,2025-04-09 18:12:28.877800,0 days 00:00:22.450804,0.5805225668118774,0.4469283806256068,8,0.253361333557281,0.03206283847575517,0.045177552306904935,0.012744146954815181,0.09025951503822431,0.06255749441027289,0.009117665967849254,7,41,0.00625776458791243,0.037511169381993274,False,False,False,2.534277592872273e-07,COMPLETE
223,0.48231384754180906,2025-04-09 18:12:28.948956,2025-04-09 18:12:52.631749,0 days 00:00:23.682793,0.582001985326642,0.4794088894435289,8,0.07164586102550734,0.031063598860508967,0.04888274811353201,0.010018385085581201,0.0893563736016917,0.060417281224488806,0.011821764067576514,8,144,0.009240850022025808,0.029585924455940677,False,False,False,2.524651510487585e-07,COMPLETE
224,0.5322462439537049,2025-04-09 18:12:52.702526,2025-04-09 18:13:15.440483,0 days 00:00:22.737957,0.5306239251370403,0.42917230637371195,8,0.12125413133191247,0.03104596429439052,0.04661576943691672,0.013343811092829212,0.08691694658375199,0.06757684455937889,0.009569231008522376,7,41,0.002641974545242653,0.04457617080009344,False,False,False,3.2113666865249707e-07,COMPLETE
