number,value,datetime_start,datetime_complete,duration,params_alpha-eval,params_alpha-train,params_batch-size,params_eps-eval,params_eps-train,params_lambda-actions-eval,params_lambda-actions-train,params_lambda-frames-eval,params_lambda-frames-train,params_learning-rate,params_n-epochs,params_n-frames,params_radius-gw,params_rho,params_std-feats,params_ub-actions,params_ub-frames,params_weight-decay,state
1457,0.0999867007136345,2025-04-17 13:24:55.365038,2025-04-17 13:25:14.614911,0 days 00:00:19.249873,0.05541220090426059,0.7726031748295888,16,0.19790506759455198,0.28734035129029284,0.06408622270999347,0.0617220297854795,0.028863563097994316,0.03144750871940848,8.496598383031679e-05,11,62,0.028613513552078144,0.08344501323837253,False,False,True,5.036594253800582e-08,COMPLETE
1458,0.505244767665863,2025-04-17 13:25:15.086658,2025-04-17 13:25:37.161168,0 days 00:00:22.074510,0.08742523623621781,0.8285733425272154,16,0.19488484418326105,0.2683416536180541,0.05838813770952888,0.06328751940933132,0.03232596543669845,0.03274220213433035,5.939058812731269e-05,12,58,0.028393702731570953,0.10219745712593091,False,False,False,6.53718275103946e-08,COMPLETE
1459,0.4999186277389527,2025-04-17 13:25:37.630925,2025-04-17 13:25:59.956295,0 days 00:00:22.325370,0.010006397759788191,0.8057585076050966,16,0.19119421014401514,0.2720801605572485,0.06021681448186667,0.07192657989637898,0.028163435479367362,0.03695612370775395,6.164097825894127e-05,13,64,0.03158912049281574,0.09489695416375278,False,False,False,9.311760484174658e-08,COMPLETE
1460,0.14171083271503448,2025-04-17 13:26:00.430432,2025-04-17 13:26:21.630932,0 days 00:00:21.200500,0.04522621311558766,0.7781862051585218,16,0.18246323888816537,0.26412560961067216,0.062433445262729474,0.06907623954302614,0.030568236195967893,0.03621686740516512,7.517213221530604e-05,13,61,0.02836332216102445,0.08880561167199193,True,True,False,3.749017672237916e-08,COMPLETE
1461,0.5086251139640808,2025-04-17 13:26:22.100520,2025-04-17 13:26:44.592675,0 days 00:00:22.492155,0.09142721782577115,0.7805475598199278,16,0.20236739516536836,0.2610267711331084,0.06475971269678749,0.06115260488760439,0.026974191384877035,0.033288351137816904,5.581814845221322e-05,14,54,0.02703066580525765,0.10793749397081065,False,False,False,5.594319251021884e-08,COMPLETE
1462,0.49988187551498414,2025-04-17 13:26:45.079216,2025-04-17 13:27:07.671419,0 days 00:00:22.592203,0.06469355391316423,0.7893802141128599,16,0.18666134132950524,0.2694648992199715,0.0680724567341098,0.06479136506004501,0.02756458079916623,0.03024058361419983,8.604306780291426e-05,13,64,0.030561076642755314,0.08140311014948039,False,False,False,4.0747267926226044e-08,COMPLETE
1463,0.4889256477355957,2025-04-17 13:27:08.143518,2025-04-17 13:27:30.664745,0 days 00:00:22.521227,0.04485530484130835,0.8194541335069471,16,0.18921156377260465,0.25288424417817223,0.06262491090203409,0.06865758498888291,0.029183253716221526,0.038919570993583834,6.351692205719178e-05,14,58,0.07708014906818,0.09011938555068012,False,False,False,4.674796823048259e-08,COMPLETE
1464,0.5041237354278565,2025-04-17 13:27:31.131668,2025-04-17 13:27:59.581546,0 days 00:00:28.449878,0.08522963700589534,0.7751088913873184,8,0.17963200396207454,0.27696325855014436,0.06551242180912284,0.07394258545449568,0.03467068275871447,0.037242438800565915,5.2105089814624484e-05,14,51,0.027543208973854275,0.10074853113516681,False,False,False,8.020263560594322e-08,COMPLETE
1465,0.5444378018379212,2025-04-17 13:28:00.050277,2025-04-17 13:28:21.897323,0 days 00:00:21.847046,0.09867343935525102,0.7618687372283882,16,0.19556653135010593,0.25622719007193995,0.05416703074428009,0.057650495175814165,0.03194342005005936,0.03419282111324453,4.731300635757564e-05,12,60,0.02625145188449335,0.08175149510070115,False,False,False,1.0644901248050961e-07,COMPLETE
1466,0.47427325248718266,2025-04-17 13:28:22.384681,2025-04-17 13:28:45.359219,0 days 00:00:22.974538,0.032942809622016594,0.7608610085518719,16,0.19804791345267814,0.2639821403325075,0.061652692793544836,0.08039245218338313,0.02632248548395649,0.028992952937451074,0.00010352999368826792,15,56,0.04562056386477528,0.08895709404552339,False,False,False,2.880265974022879e-08,COMPLETE
1467,0.4737618923187256,2025-04-17 13:28:45.832278,2025-04-17 13:29:50.674458,0 days 00:01:04.842180,0.07022901789064617,0.7498144984937226,2,0.17812216731317232,0.2685927050566304,0.06020484515352711,0.05841665412138272,0.027503352743541744,0.03153170322385988,6.478975968092363e-05,14,64,0.02897967275797801,0.09529940837957702,False,False,False,5.049662494787821e-08,COMPLETE
1468,0.5065198540687561,2025-04-17 13:29:51.143838,2025-04-17 13:30:13.350150,0 days 00:00:22.206312,0.071572701846635,0.8024514107001726,16,0.2037078910989838,0.25595408385181284,0.07030070660011646,0.07189427346690383,0.0296722732625996,0.039309866540112245,5.3804798084338886e-05,13,61,0.05678265619718269,0.08119704896910106,False,False,False,3.5796025434332796e-08,COMPLETE
1469,0.4994842410087586,2025-04-17 13:30:13.826432,2025-04-17 13:30:37.417476,0 days 00:00:23.591044,0.10266356776546587,0.7794635356724037,16,0.18717221528338124,0.2809309726500188,0.057642600018715545,0.0750953965651551,0.026967057394529953,0.032523011075268775,4.618661170794428e-05,16,58,0.0317613320332217,0.08856408235548174,False,False,False,7.249142806768887e-08,COMPLETE
1470,0.4885688900947571,2025-04-17 13:30:37.908326,2025-04-17 13:31:02.401105,0 days 00:00:24.492779,0.030314409174533853,0.7557116854085055,16,0.1819037114260789,0.2505963347398763,0.06362810569794859,0.06948271282601037,0.026066170464110475,0.03570769610593993,7.174508573465504e-05,17,64,0.02628378396725783,0.08115138867056114,False,False,False,6.034961626097798e-08,COMPLETE
1471,0.5066447615623475,2025-04-17 13:31:02.877792,2025-04-17 13:31:26.437298,0 days 00:00:23.559506,0.04490031639255376,0.7973837165098008,16,0.175403631915661,0.26322653499321225,0.0678483457703734,0.07592322777522728,0.033273618797828204,0.03853230877269666,5.844043664608565e-05,16,61,0.06308759371076887,0.09601146348385738,False,False,False,3.2124608348662636e-08,COMPLETE
1472,0.47909910678863527,2025-04-17 13:31:26.916665,2025-04-17 13:31:49.261089,0 days 00:00:22.344424,0.09765129737353737,0.7419550519578634,16,0.18947469724030558,0.2896253575288334,0.07338143984107352,0.059485831618852146,0.029643623994231358,0.03573395237042788,5.026129646000247e-05,13,55,0.03429928813711461,0.08604469738311658,False,False,False,4.2451900177315015e-08,COMPLETE
1473,0.48812795877456666,2025-04-17 13:31:49.734885,2025-04-17 13:32:11.347041,0 days 00:00:21.612156,0.05589093538738454,0.7742842910017047,16,0.1998480859426605,0.2738226809674032,0.059490627156475295,0.06512811601162694,0.02854251677519331,0.034178164990433434,8.100400628456754e-05,11,64,0.025890227349645793,0.07966626951329472,False,False,False,7.469588744159804e-08,COMPLETE
1474,0.5062256693840027,2025-04-17 13:32:11.841059,2025-04-17 13:32:35.281699,0 days 00:00:23.440640,0.07306754873437876,0.75272891901112,16,0.19311698545072845,0.25916339371691216,0.06443803416840944,0.054802976196024034,0.03119664148961647,0.03129799990812221,4.445260251088677e-05,15,59,0.030591712640805742,0.1254179730573234,False,False,False,2.9894335196762604e-08,COMPLETE
1475,0.510127317905426,2025-04-17 13:32:35.755221,2025-04-17 13:32:58.883814,0 days 00:00:23.128593,0.10529174581888791,0.736643383697165,16,0.17625764164723723,0.24690569323612593,0.06761210763728795,0.07866902699119332,0.025651061096850458,0.03721171587976134,6.233431834634507e-05,14,54,0.02796346048334666,0.09342157384967782,False,False,False,1.643646286774761e-07,COMPLETE
1476,0.33608511686325077,2025-04-17 13:32:59.357688,2025-04-17 13:33:21.349895,0 days 00:00:21.992207,0.08138579415193026,0.7647460294793679,16,0.17035341735739482,0.2680484535426733,0.07086271091250021,0.0816801239205696,0.026047409446279816,0.029462557042956517,0.00012748448380980686,12,63,0.010450024796898685,0.08580243442029793,False,False,False,1.394629275433322e-07,COMPLETE
1477,0.09647062420845032,2025-04-17 13:33:21.844735,2025-04-17 13:33:41.780095,0 days 00:00:19.935360,0.030507883059338978,0.7903969358224345,16,0.18187298633644533,0.25420352429805054,0.06644218200215779,0.07400304727131066,0.028413574830422415,0.03149025053055764,4.6451298503030677e-05,13,61,0.025115405891857744,0.1005704722745217,False,False,True,5.249458004641404e-08,COMPLETE
1478,0.4820153713226319,2025-04-17 13:33:42.261680,2025-04-17 13:34:06.175200,0 days 00:00:23.913520,0.10314636180242105,0.8226267646739418,16,0.1909718959172576,0.25997273309362723,0.062024090533098715,0.07605500587703723,0.03587480826830572,0.033018435973516225,6.952494815930445e-05,17,58,0.05122091129929962,0.07960352711320645,False,False,False,4.0516956845678234e-08,COMPLETE
1479,0.1481331765651703,2025-04-17 13:34:06.650840,2025-04-17 13:34:27.048016,0 days 00:00:20.397176,0.06217424133083553,0.7275826526756708,16,0.18322314259763253,0.2749222897418151,0.07197306458882344,0.07085179209666784,0.025584972709422525,0.033426961378133585,5.584411535304854e-05,14,65,0.027435439641578938,0.11799616498886598,False,True,False,2.5235281117788197e-08,COMPLETE
1480,0.33446632623672484,2025-04-17 13:34:27.520613,2025-04-17 13:34:51.667950,0 days 00:00:24.147337,0.08077918267115305,0.7629362465597807,16,0.1996818234649905,0.25405084284785984,0.06867283269005331,0.06699969334993744,0.031534040010235395,0.04014949718531342,4.7439292652760645e-05,15,61,0.014658115167841376,0.10946128008535112,True,False,False,4.5288830775168457e-08,COMPLETE
1481,0.5087118268013,2025-04-17 13:34:52.163397,2025-04-17 13:35:15.300263,0 days 00:00:23.136866,0.05275238447996116,0.749407899464712,16,0.1660789158387733,0.28357967503154474,0.06161610763328853,0.08028763162914326,0.027456567109310187,0.03576797161280466,5.6846597396160864e-05,14,50,0.0241976786183879,0.09214722221332113,False,False,False,8.82187972075655e-08,COMPLETE
1482,0.481597650051117,2025-04-17 13:35:15.781286,2025-04-17 13:35:39.239199,0 days 00:00:23.457913,0.0931238331096344,0.8071640517690296,16,0.20617145236814466,0.26644592817424473,0.0648650577390709,0.07260867144073149,0.025151636225481198,0.02898833879271724,9.645379948435785e-05,16,56,0.026243030647056537,0.07932714163434602,False,False,False,3.355159950755007e-08,COMPLETE
1483,0.3380066812038422,2025-04-17 13:35:39.712989,2025-04-17 13:36:02.938029,0 days 00:00:23.225040,0.11168893841639399,0.7199703019800923,16,0.17412626558827293,0.25049833246042924,0.057386605846553536,0.06986433488277641,0.03101714961677928,0.03823324026287854,8.325751956231614e-05,15,53,0.008616826104792391,0.134754715960155,False,False,False,6.111902611624211e-08,COMPLETE
1484,0.5057979702949524,2025-04-17 13:36:03.413696,2025-04-17 13:36:25.156172,0 days 00:00:21.742476,0.05220623699429451,0.7824910925271683,16,0.18509360781411907,0.26252119629829546,0.07028465461100543,0.08449815935721525,0.029682764608623506,0.0341699502918288,4.4661380001531975e-05,12,59,0.029705772966345072,0.08469909525860668,False,False,False,3.034499749208561e-08,COMPLETE
1485,0.48707975149154664,2025-04-17 13:36:25.652666,2025-04-17 13:36:53.107372,0 days 00:00:27.454706,0.07569866085610934,0.736206134989906,8,0.20233457735646457,0.24601098597591634,0.0666257768502618,0.05969190497918288,0.03357710132980296,0.04290756086148674,6.734233094442618e-05,13,64,0.022090809319512687,0.08638097506309952,False,False,False,1.0611073120441067e-07,COMPLETE
1486,0.5041795730590821,2025-04-17 13:36:53.594303,2025-04-17 13:37:16.831379,0 days 00:00:23.237076,0.03696091390763612,0.718981466087971,16,0.17990091689503399,0.27111086436571885,0.05926484794866631,0.07371239564865208,0.025151348517222585,0.03493514094169771,4.1904523022495014e-05,15,62,0.02479007682008961,0.10171384178493191,False,False,False,2.6744152191652606e-08,COMPLETE
1487,0.5036388397216797,2025-04-17 13:37:17.309709,2025-04-17 13:37:40.916422,0 days 00:00:23.606713,0.010447108538984465,0.768041561735009,16,0.19154009595939678,0.25875356354036577,0.07222099142087894,0.07797720205840478,0.02681867854252901,0.031466936785562206,5.48995409647344e-05,16,56,0.02025836546230307,0.09273428314199937,False,False,False,7.260960723349844e-08,COMPLETE
1488,0.5156093001365661,2025-04-17 13:37:41.391316,2025-04-17 13:38:04.148969,0 days 00:00:22.757653,0.09303172380145314,0.7442546965530321,16,0.19547594896713802,0.255502624898569,0.06932975098165306,0.063083999322189,0.038036819016525045,0.025873542041252563,4.345933474522118e-05,14,65,0.029236854210897615,0.08072751852638001,False,False,False,4.550310230653228e-08,COMPLETE
1489,0.34234709143638614,2025-04-17 13:38:04.647714,2025-04-17 13:38:27.596968,0 days 00:00:22.949254,0.1139763811997877,0.7148170517809798,16,0.21046191894704755,0.26628779671746655,0.06421849387474818,0.0772052531848239,0.028531652859794216,0.03781319747250409,5.9572752768947143e-05,13,60,0.015610724505799619,0.09059142854007621,False,False,False,6.672691618490041e-08,COMPLETE
1490,0.4648515582084656,2025-04-17 13:38:28.075011,2025-04-17 13:39:42.069429,0 days 00:01:13.994418,0.10899216844110464,0.7597459864399441,2,0.17857955149096802,0.2477128443569915,0.06311048351898751,0.053561952005166835,0.024773965753840166,0.04048205962713949,7.497191269122721e-05,17,58,0.023384742598809505,0.0981376088556971,False,False,False,2.848311438443401e-08,COMPLETE
1491,0.33854418992996216,2025-04-17 13:39:42.552508,2025-04-17 13:40:05.399191,0 days 00:00:22.846683,0.06322429713140404,0.7765451481293673,16,0.16322618709830827,0.27584750941592107,0.06636558002168287,0.0748336074601084,0.02724242425519241,0.035908794421700335,5.2091176627432135e-05,14,62,0.012259648135839029,0.087042370365014,False,False,False,5.9251088580108395e-08,COMPLETE
1492,0.5052471041679383,2025-04-17 13:40:05.877202,2025-04-17 13:40:28.930975,0 days 00:00:23.053773,0.030696172687189147,0.7347623649098584,16,0.1875740495931393,0.24158629210443244,0.07413830280023413,0.07232013173384826,0.02467122878644489,0.03143790388999898,4.277089278562035e-05,15,65,0.032056568344169055,0.08163850125678178,False,False,False,3.65046863445918e-08,COMPLETE
1493,0.49808967113494873,2025-04-17 13:40:29.427441,2025-04-17 13:40:51.098627,0 days 00:00:21.671186,0.08926618646966408,0.7207768687282033,16,0.2054957918598708,0.26166818509424966,0.06941986738043657,0.06778018064686218,0.02902183190511241,0.028249958632625163,6.746142915612765e-05,12,56,0.026983121930352343,0.0768695914371851,False,False,False,5.1281568223036934e-08,COMPLETE
1494,0.4949123859405518,2025-04-17 13:40:51.576766,2025-04-17 13:41:15.335963,0 days 00:00:23.759197,0.07445578923968363,0.8020903235533534,16,0.19798417502772478,0.2527601273777886,0.06003738380458094,0.06362918215468742,0.033126376624055556,0.034691709022027686,5.0829454826083755e-05,16,62,0.019377515327842106,0.07852912098266464,False,False,False,1.659398462847988e-08,COMPLETE
1495,0.41672179698944095,2025-04-17 13:41:15.814919,2025-04-17 13:41:40.018830,0 days 00:00:24.203911,0.11336817889317882,0.4343353510222964,16,0.17404573830936323,0.2851617615825868,0.07177823432776119,0.07685781588419566,0.02470789894127299,0.033807915708858514,4.057206780829617e-05,18,58,0.025075245683703864,0.09163050239892102,False,False,False,2.0697086151987043e-08,COMPLETE
1496,0.0943457767367363,2025-04-17 13:41:40.518401,2025-04-17 13:42:00.662792,0 days 00:00:20.144391,0.04760608604938031,0.7538903408766041,16,0.17036060734240618,0.26861403392984334,0.05687571082661222,0.07014382538261844,0.02702279290082139,0.036444542519050306,6.238935597272096e-05,13,65,0.02176815047704956,0.10497443948058491,False,False,True,8.786343156087777e-08,COMPLETE
1497,0.5160433411598205,2025-04-17 13:42:01.143002,2025-04-17 13:42:25.554870,0 days 00:00:24.411868,0.09059940140224557,0.7380890983945048,16,0.1837233202147507,0.2596786795463984,0.06471466585698282,0.05719556036911409,0.02916953026524686,0.041353628803855666,8.0933713339162e-05,18,60,0.02341719413538377,0.08513157154377814,False,False,False,1.975089290615469e-08,COMPLETE
1498,0.29210836291313175,2025-04-17 13:42:26.037563,2025-04-17 13:42:47.639950,0 days 00:00:21.602387,0.06450008647068714,0.7851461964504389,16,0.18875438483291657,0.2502468980748327,0.062194745764377925,0.08287929233598196,0.024354572454189843,0.0381600652008869,4.883163056629444e-05,15,52,0.02806269320443766,0.09839877811711428,True,True,False,2.004492068925864e-07,COMPLETE
1499,0.33838144540786746,2025-04-17 13:42:48.117807,2025-04-17 13:43:12.433628,0 days 00:00:24.315821,0.026173913613329595,0.7157025299667663,16,0.1782349302250753,0.2634779319968811,0.06762801987520428,0.05198506282630006,0.03145873390373257,0.03928595026671139,4.1722269031873444e-05,17,62,0.00655254853403639,0.07921378043429375,False,False,False,3.8302368987061456e-08,COMPLETE
1500,0.5093622922897338,2025-04-17 13:43:12.935010,2025-04-17 13:43:36.081362,0 days 00:00:23.146352,0.10965692365939192,0.7642902367847006,16,0.15405174315401743,0.27794673523871566,0.055292045215475226,0.06064176689141962,0.025411337550405744,0.03037531362611743,5.857940940493556e-05,14,54,0.020121189373211307,0.0901030650522665,False,False,False,3.691291533379714e-08,COMPLETE
1501,0.4711044788360596,2025-04-17 13:43:36.559043,2025-04-17 13:44:01.502201,0 days 00:00:24.943158,0.08502427135590898,0.7413864831642393,16,0.17125370357896152,0.24144314170800985,0.06125232212782361,0.08830066074715658,0.02676722985254669,0.027973859515129294,0.00047781918443292644,19,58,0.017443184919051412,0.08534819123862342,False,False,False,6.368750358336375e-07,COMPLETE
1502,0.5040969252586365,2025-04-17 13:44:01.985428,2025-04-17 13:44:24.741314,0 days 00:00:22.755886,0.01034163373741599,0.8334438236037062,16,0.19597240081931055,0.2562678629579066,0.06995028802303067,0.07544114931165477,0.030593246300079067,0.047308755329983014,4.9562044006070724e-05,14,65,0.025660087654693402,0.09678806764348845,False,False,False,2.5551440721373085e-08,COMPLETE
1503,0.4893828392028809,2025-04-17 13:44:25.222236,2025-04-17 13:44:49.042108,0 days 00:00:23.819872,0.05005205252596094,0.8566065738335887,16,0.2031312466588993,0.27072883176793144,0.07299027705108445,0.07334627356924218,0.02378668592599156,0.0227852637191777,9.294534319046228e-05,16,61,0.03553861005028959,0.07631433705157799,False,False,False,2.2758279346062627e-08,COMPLETE
1504,0.48773646354675293,2025-04-17 13:44:49.540132,2025-04-17 13:45:12.753178,0 days 00:00:23.213046,0.10303174570115346,0.7183162370753688,16,0.21305268682495854,0.24781374322115252,0.0661802022307207,0.08049940530138708,0.024541685939931772,0.03364140747895177,7.418423859138865e-05,15,56,0.04381615409947825,0.1121322602526817,False,False,False,4.936010508922545e-08,COMPLETE
1505,0.468736469745636,2025-04-17 13:45:13.242074,2025-04-17 13:45:36.911189,0 days 00:00:23.669115,0.06710277315688776,0.7938029103586279,16,0.21072282896634642,0.2587739292012491,0.05950312487744589,0.0656982810033789,0.03547915642364798,0.04262209885778876,4.2948243033452435e-05,16,65,0.02967310408070096,0.24330294833664523,False,False,False,7.447332100475468e-08,COMPLETE
1506,0.5382880568504333,2025-04-17 13:45:37.391648,2025-04-17 13:46:02.088295,0 days 00:00:24.696647,0.04241443103969633,0.7578089780467506,16,0.16072830517111017,0.2707569672339905,0.06453731107413181,0.09150579537657873,0.02757088795891475,0.03723344199769947,5.834413732983045e-05,19,60,0.022117548132544382,0.09017823325304107,False,False,False,1.1311569119545368e-07,COMPLETE
1507,0.5072476625442505,2025-04-17 13:46:02.593418,2025-04-17 13:46:24.985366,0 days 00:00:22.391948,0.11533166816868608,0.7766304126309389,16,0.16717921575149808,0.26665459956449694,0.06871309431552362,0.05005386648676698,0.028612311526212537,0.0317830604347807,4.095711113167018e-05,13,63,0.02384346691366059,0.07843881578115826,False,False,False,5.764550666156612e-08,COMPLETE
1508,0.33622325062751773,2025-04-17 13:46:25.470157,2025-04-17 13:46:55.273432,0 days 00:00:29.803275,0.0936120215842651,0.7367792419459881,8,0.18395072235154972,0.2552234824219623,0.07556174066766354,0.07917174061741214,0.026213319459937483,0.02912722804204256,6.596629823884729e-05,15,58,0.01347088300834015,0.08697342843974805,False,False,False,1.5462496523861412e-08,COMPLETE
1509,0.5071284294128419,2025-04-17 13:46:55.760664,2025-04-17 13:47:19.965544,0 days 00:00:24.204880,0.08536603703191996,0.7108957211034718,16,0.19276088944070302,0.24943178566163,0.06297643657315767,0.07158867062916674,0.023720599117874403,0.0895543200478082,5.031435316905641e-05,18,54,0.02690881059765746,0.09593690114222804,False,False,False,2.7894061039884007e-08,COMPLETE
1510,0.5006927609443665,2025-04-17 13:47:20.454990,2025-04-17 13:47:43.519907,0 days 00:00:23.064917,0.11436638025270641,0.813107126300643,16,0.18942657003399904,0.2640930503331549,0.07240157596166288,0.07504210639645849,0.02976886947076364,0.09116060376810993,4.081020395252499e-05,14,62,0.019636107964248695,0.08227401424409111,False,False,False,3.430302154157462e-08,COMPLETE
1511,0.4672659635543824,2025-04-17 13:47:44.018164,2025-04-17 13:48:58.812170,0 days 00:01:14.794006,0.06403492512329904,0.7450689955717295,2,0.18345566748981484,0.23819554466134824,0.05817475295338271,0.06837424223127796,0.03423866905990572,0.04346300841446522,5.6841394510792226e-05,17,65,0.021832896087451148,0.07625743337124365,False,False,False,4.381395077342818e-08,COMPLETE
1512,0.48981603384017947,2025-04-17 13:48:59.295032,2025-04-17 13:49:24.004138,0 days 00:00:24.709106,0.028650808838528524,0.71887571030678,16,0.17414050962454639,0.29144379177650787,0.061012041837708655,0.0857142678789769,0.026267312439389248,0.025724452429830565,7.81814459919095e-05,19,59,0.0329006402656848,0.08494482928430917,False,False,False,1.2737721811883274e-08,COMPLETE
