number,value,datetime_start,datetime_complete,duration,params_alpha-eval,params_alpha-train,params_batch-size,params_eps-eval,params_eps-train,params_lambda-actions-eval,params_lambda-actions-train,params_lambda-frames-eval,params_lambda-frames-train,params_learning-rate,params_n-epochs,params_n-frames,params_radius-gw,params_rho,params_std-feats,params_ub-actions,params_ub-frames,params_weight-decay,state
111,0.5382900595664979,2025-04-09 17:07:10.542967,2025-04-09 17:07:53.223549,0 days 00:00:42.680582,0.5640123641633324,0.23833293575328884,2,0.2767306637758975,0.05094827103899252,0.0693992811263046,0.037138742085167056,0.06567380429149969,0.05276020610879782,0.012732645200028163,7,59,0.010748919852141374,0.013127209604230333,False,False,False,4.96259313983435e-06,COMPLETE
112,0.5222086787223816,2025-04-09 17:07:53.260665,2025-04-09 17:08:35.761142,0 days 00:00:42.500477,0.66190499793724,0.3256756634788245,2,0.2918005703322158,0.034632885051357934,0.07199692002935966,0.0404041356269914,0.0715104958591604,0.05317514218638866,0.028292274066179242,7,49,0.008780881959012232,0.012802946359294569,False,False,False,4.020935801064978e-06,COMPLETE
113,0.40573318004608155,2025-04-09 17:08:35.799248,2025-04-09 17:09:18.035836,0 days 00:00:42.236588,0.5527511224265566,0.30847851147967825,2,0.24901266223601548,0.0343354601535441,0.059173424482180464,0.039241272309585434,0.06632196383448397,0.05332344394162171,0.012215637549275064,7,48,0.008959833456439525,0.001185687285327905,False,False,False,1.5460673181741832e-06,COMPLETE
114,0.4715405702590943,2025-04-09 17:09:18.073800,2025-04-09 17:10:00.859990,0 days 00:00:42.786190,0.6763281235809523,0.3618308834238029,2,0.2857791139969579,0.019834994326434582,0.07154624878881985,0.031212230962739118,0.0706823199765718,0.05755197547937235,0.016724516724172158,7,51,0.006538791579501237,0.012736396598250582,False,False,False,2.7678511595972713e-07,COMPLETE
115,0.4402251482009888,2025-04-09 17:10:00.900269,2025-04-09 17:10:40.358352,0 days 00:00:39.458083,0.6338527762322992,0.28861133865523636,2,0.27537402327626087,0.03757011768212641,0.0696719367794851,0.039914640075708024,0.07224161365587595,0.05546989355553405,0.021172569511714496,6,36,0.003261499143850719,0.009391769044989128,False,False,False,3.2601271706541246e-06,COMPLETE
116,0.37171231508255004,2025-04-09 17:10:40.396603,2025-04-09 17:11:29.598887,0 days 00:00:49.202284,0.5853380412999741,0.24491114337451797,2,0.2937193597116875,0.18556843382207489,0.06432318547930115,0.04716220946735913,0.06868161249097557,0.05087123012618415,0.005845569303496768,9,56,0.011073032294325807,0.02232345576864211,False,False,False,7.039865064849293e-06,COMPLETE
117,0.5375867128372193,2025-04-09 17:11:29.637164,2025-04-09 17:12:15.340461,0 days 00:00:45.703297,0.7026112046998082,0.33726350739350397,2,0.25715888751435717,0.04157029909314743,0.05404713924319762,0.02917887792291228,0.06366453817415456,0.046638634273748404,0.026028943354623794,8,43,0.013470163621212367,0.01597905676946556,False,False,False,2.1987342852427485e-08,COMPLETE
118,0.5254923582077027,2025-04-09 17:12:15.378775,2025-04-09 17:12:51.709127,0 days 00:00:36.330352,0.7202137507401745,0.3514854444456914,2,0.22283932668955558,0.04196879465402533,0.06678978950967453,0.035450576095798984,0.06362035496669222,0.046110277650962296,0.03331601292613567,5,32,0.013563692536495937,0.015711601502002907,False,False,False,1.901916250969097e-08,COMPLETE
119,0.4972374200820923,2025-04-09 17:12:51.748210,2025-04-09 17:13:28.416016,0 days 00:00:36.667806,0.7487747159798327,0.3585626752277624,2,0.23876798177978723,0.011889081180119491,0.06091556330916953,0.03534140520100261,0.06385291648252243,0.04634405469088544,0.029229215003225506,5,23,0.013737550362132131,0.01591969835074545,False,False,False,3.2245601009480573e-08,COMPLETE
120,0.2723112463951111,2025-04-09 17:13:28.456959,2025-04-09 17:14:00.284601,0 days 00:00:31.827642,0.7208628221977037,0.343155146049595,2,0.2229164247656599,0.029130162171226187,0.04610508076693267,0.033319358144906705,0.05728749010508685,0.0477417974371579,0.06744143341323257,5,32,0.007654495494363586,0.03031529196732998,False,True,False,1.249397934475496e-08,COMPLETE
121,0.24145362973213197,2025-04-09 17:14:00.324163,2025-04-09 17:14:42.856117,0 days 00:00:42.531954,0.7177530311655276,0.4428333208350321,2,0.2537188569097059,0.041864724415074495,0.05802451694841685,0.027834395939354672,0.06578860695475293,0.045333013440457724,0.02080281157925272,7,39,0.0010811718704225775,0.0078057651398958094,False,False,False,2.9483956987815898e-06,COMPLETE
122,0.539397406578064,2025-04-09 17:14:42.895539,2025-04-09 17:15:23.451443,0 days 00:00:40.555904,0.6513160721142762,0.28609905341220515,2,0.25893103797291833,0.04808752089380606,0.05449265921572966,0.036918679739138066,0.06815385372805542,0.053066699324893815,0.01209734591324012,6,34,0.01027119514594891,0.019938926118545273,False,False,False,3.516688183891022e-08,COMPLETE
123,0.4721838712692261,2025-04-09 17:15:23.504097,2025-04-09 17:16:03.573983,0 days 00:00:40.069886,0.6516312050614886,0.2710949800991434,2,0.25995821545299985,0.04728880564544504,0.0528094555053944,0.03521708893468956,0.07000977405673918,0.05294638542088114,0.03258656479065557,6,30,0.0056196051859691235,0.021096274486803616,False,False,False,2.3165955668526245e-08,COMPLETE
124,0.5272057056427002,2025-04-09 17:16:03.614622,2025-04-09 17:16:41.328557,0 days 00:00:37.713935,0.7839288639780441,0.2970588168545972,2,0.2701408636315604,0.05124163923742369,0.056950639450294153,0.029319519713768623,0.07696847589052046,0.06108534101224869,0.011630293971151333,5,24,0.009892591405476133,0.04026891442320048,False,False,False,5.917373705783116e-08,COMPLETE
125,0.30297858715057374,2025-04-09 17:16:41.369276,2025-04-09 17:17:18.645505,0 days 00:00:37.276229,0.7021078920043868,0.5549588618804868,2,0.24736515255438446,0.04800565738189783,0.05411101705729501,0.0298926121505763,0.07559991799984368,0.06669532442877789,0.011793010221809022,5,21,0.013019076734573934,0.041737048720592224,False,False,False,5.0033832195835714e-08,COMPLETE
126,0.49745128154754636,2025-04-09 17:17:18.687750,2025-04-09 17:17:59.376135,0 days 00:00:40.688385,0.7874293191027139,0.254308188826047,2,0.26949829430442024,0.05748334372372266,0.062421495158955495,0.03767522528406191,0.0783682612603179,0.049916720275677645,0.049177477772231776,6,24,0.003152906373040061,0.02532956202325391,False,False,False,1.721231462537566e-08,COMPLETE
127,0.4151803493499756,2025-04-09 17:17:59.417595,2025-04-09 17:18:46.382076,0 days 00:00:46.964481,0.8099869110065414,0.2938368560896103,2,0.2320107188439018,0.0675833956538216,0.05576216709442853,0.03224417456539557,0.08248213956458411,0.05716741467303663,0.00733713923637095,8,19,0.010090428988878363,0.2558825589136255,False,False,False,1.0066847248944139e-08,COMPLETE
128,0.566739845275879,2025-04-09 17:18:46.423437,2025-04-09 17:19:22.863240,0 days 00:00:36.439803,0.6085189048003008,0.4147261441256047,2,0.2588030603137432,0.04142625781553641,0.06541800169820106,0.02155190112127615,0.06216050328535797,0.061494469372624525,0.010202922150108323,5,45,0.01244689715190374,0.038379635203583284,False,False,False,9.183127351912159e-08,COMPLETE
129,0.4894514679908753,2025-04-09 17:19:22.905576,2025-04-09 17:20:02.441624,0 days 00:00:39.536048,0.6132239622877678,0.2687651047396459,2,0.260150167714116,0.04033661105290327,0.0659440940503638,0.02852827867926001,0.06417714262883366,0.07256047078515782,0.01810572603371561,6,42,0.012092279650937236,0.036764030680902976,False,False,False,2.3454215023001678e-08,COMPLETE
130,0.11386087685823441,2025-04-09 17:20:02.484013,2025-04-09 17:20:34.638725,0 days 00:00:32.154712,0.76905118230145,0.370604361817192,2,0.25698524075302454,0.0249854885407552,0.047556349424966296,0.02506260535174791,0.06238777565784164,0.06247672459237319,0.00940172454557587,5,36,0.01864830456230212,0.031164493992092954,False,False,True,9.357840046790714e-08,COMPLETE
131,0.4901511430740357,2025-04-09 17:20:34.680671,2025-04-09 17:21:14.971351,0 days 00:00:40.290680,0.5391460989275074,0.4079948032314393,2,0.26815853931434397,0.04977398966641385,0.06837037226626949,0.022720892316371817,0.0682906181068576,0.06051612593157711,0.013861747807000805,6,27,0.014355305745035123,0.018504198691076716,False,False,False,6.199197018122363e-08,COMPLETE
132,0.5548052072525025,2025-04-09 17:21:15.014148,2025-04-09 17:21:51.849647,0 days 00:00:36.835499,0.596239347424195,0.345415297833024,2,0.24360319126523974,0.040944053651576516,0.0582278796629954,0.034231081392100585,0.06724234895406442,0.058842536419415836,0.011197545027854,5,36,0.004929030106428449,0.04548519719400266,False,False,False,2.9878742948815394e-08,COMPLETE
133,0.4491224527359009,2025-04-09 17:21:51.894066,2025-04-09 17:22:28.342088,0 days 00:00:36.448022,0.5710442358926172,0.33749057563333784,2,0.24111886377448435,0.020747414339848978,0.056483865280747406,0.0373614830700432,0.0804696043347629,0.06365426579555994,0.006531599628475779,5,44,0.0051777061224511775,0.04722769638319805,False,False,False,3.3816920290772764e-08,COMPLETE
134,0.5507609486579895,2025-04-09 17:22:28.385372,2025-04-09 17:23:05.023127,0 days 00:00:36.637755,0.6001513524563044,0.4147895868483168,2,0.24664661595377022,0.040482163052601494,0.0607892692888077,0.03394944540756901,0.06164821331569861,0.0595355068930357,0.011482295883048436,5,29,0.0075908520598180085,0.0245004637712327,False,False,False,8.388089869673368e-08,COMPLETE
135,0.5478206276893616,2025-04-09 17:23:05.066447,2025-04-09 17:23:44.942201,0 days 00:00:39.875754,0.6065153093986108,0.506408806152163,2,0.24572862391608158,0.030124260050088163,0.0544849006781349,0.033648218432780354,0.08733311890518572,0.05827470615453486,0.010513519973884817,6,38,0.00659366832141121,0.025895763909576847,False,False,False,9.88360357843603e-08,COMPLETE
136,0.49311400651931764,2025-04-09 17:23:44.986003,2025-04-09 17:24:25.826299,0 days 00:00:40.840296,0.6138622907748895,0.5449763450120705,2,0.2363666661976092,0.030348736498801744,0.05456241018714375,0.03336996339461464,0.08695475965371767,0.05956115232019416,0.010723161109979831,6,16,0.004895920563038828,0.03872258888860203,False,False,False,7.268678259262276e-08,COMPLETE
137,0.5114402055740357,2025-04-09 17:24:25.869913,2025-04-09 17:25:02.456435,0 days 00:00:36.586522,0.5941063527855452,0.50173910372651,2,0.2554099551992731,0.018180146152811383,0.06116248709647488,0.018261636380382654,0.08668351050756609,0.05892987842983533,0.008581563923503241,5,39,0.010473746173156507,0.02752800736835957,False,False,False,3.048826779206385e-07,COMPLETE
138,0.5683786511421204,2025-04-09 17:25:02.510046,2025-04-09 17:25:41.676356,0 days 00:00:39.166310,0.6442174761730985,0.4312163752736135,2,0.26367116728382994,0.03686629066271156,0.05854271499126843,0.0205101003024914,0.0915573004388236,0.06632518273113679,0.01334931724692004,6,45,0.007090945646526047,0.05218710422700655,False,False,False,9.954794802804138e-08,COMPLETE
139,0.498916506767273,2025-04-09 17:25:41.721668,2025-04-09 17:26:24.353214,0 days 00:00:42.631546,0.6314799402275347,0.42645098934631864,2,0.26319371410060444,0.03789892118426531,0.05869274264013587,0.010430031780620623,0.09219328043329812,0.0667471616287525,0.015408031228785419,7,37,0.002849231114409833,0.21948236808327864,False,False,False,1.6298458001893758e-07,COMPLETE
140,0.4839305877685547,2025-04-09 17:26:24.398683,2025-04-09 17:27:04.064001,0 days 00:00:39.665318,0.6499362648468601,0.5121199308660356,2,0.2445226833235967,0.02862196445574714,0.06186529730607562,0.04186780512082538,0.09652812106260292,0.0682308533174377,0.012845255507402802,6,45,0.0068612259854823115,0.06349022661928627,False,False,False,1.549193923734422e-07,COMPLETE
141,0.4625579357147217,2025-04-09 17:27:04.109555,2025-04-09 17:27:44.254275,0 days 00:00:40.144720,0.5945318058069657,0.42749896848714647,2,0.2728374151132858,0.050567238305927895,0.04827243611276868,0.021734887281988295,0.09986125534587703,0.06516066280395821,0.019226834233114665,6,34,0.009754570105492171,0.05252057553783391,False,False,False,8.539289641831922e-08,COMPLETE
142,0.09427145123481752,2025-04-09 17:27:44.300623,2025-04-09 17:28:19.641506,0 days 00:00:35.340883,0.5582544626424847,0.3833682086676947,2,0.26485210072900833,0.0033843941756516935,0.057539357630993215,0.028459884446139012,0.09549478920809062,0.07128980806386365,0.024179893145272593,5,29,0.006734546269965188,0.07114456807914886,False,False,False,1.2578398152382195e-07,COMPLETE
143,0.5421873092651368,2025-04-09 17:28:19.687793,2025-04-09 17:29:06.322665,0 days 00:00:46.634872,0.5366481459989736,0.38524943532352135,2,0.25127898603480575,0.045890580575400144,0.053342765716977776,0.019210262492259423,0.09093092352824149,0.05653563830801075,0.010651171663023026,8,44,0.01188435567406451,0.04520916535772046,False,False,False,3.6179371640374793e-08,COMPLETE
144,0.41098313927650454,2025-04-09 17:29:06.369606,2025-04-09 17:29:52.142564,0 days 00:00:45.772958,0.5405560553434621,0.47317627326271433,2,0.2529729884625763,0.043924027652679484,0.05265042701640314,0.013840806109152148,0.0906102130263228,0.0556345685464705,0.00807629870166066,8,52,0.004474522924280225,0.04822740640846014,False,False,False,3.7449914297442065e-08,COMPLETE
145,0.5487705707550049,2025-04-09 17:29:52.189680,2025-04-09 17:30:35.231335,0 days 00:00:43.041655,0.5980616130363241,0.4205568425339904,2,0.22931570125558665,0.03609358893311818,0.041823993035807666,0.017058301866607548,0.0880839702795326,0.05789164596291974,0.01503439484285938,7,44,0.01618781252778779,0.02448040321003235,False,False,False,2.6940517737901706e-08,COMPLETE
146,0.5117195844650269,2025-04-09 17:30:35.277541,2025-04-09 17:31:18.656585,0 days 00:00:43.379044,0.5757031474173177,0.41447379387923383,2,0.231121838497082,0.034033237027944946,0.04215076346647546,0.019814662173929028,0.09520852279489068,0.05795942391212908,0.0045998713482362985,7,46,0.01620127016215444,0.03298503119463208,False,False,False,3.582474883571007e-07,COMPLETE
147,0.1034876734018326,2025-04-09 17:31:18.704293,2025-04-09 17:31:53.254068,0 days 00:00:34.549775,0.6291775088739283,0.439675193776147,2,0.24278629631487886,0.021163591946612305,0.060018726754676455,0.019081576338055278,0.08562692829574292,0.05516220363619612,0.015464611322067582,6,58,0.011390263822970518,0.023363585401245907,False,True,False,4.510067982595232e-08,COMPLETE
148,0.41973068118095397,2025-04-09 17:31:53.302152,2025-04-09 17:32:36.620312,0 days 00:00:43.318160,0.6000209448579329,0.3870791078969308,2,0.21262667102801425,0.015107966653521777,0.06365975550089564,0.007632876201622223,0.0889962308091101,0.061661988590229075,0.006303149473891902,7,49,0.0078098954617659535,0.060512025452393814,False,False,False,2.9608974561988744e-08,COMPLETE
149,0.5595176100730896,2025-04-09 17:32:36.668258,2025-04-09 17:33:22.903507,0 days 00:00:46.235249,0.5676738369000959,0.5120806800645591,2,0.2490201404504794,0.0356539694480719,0.050569640779357904,0.015915782930696325,0.0902162301070007,0.0644258651114164,0.009983271755316174,8,62,0.008818001903721489,0.04636938215108621,False,False,False,2.0935344381721284e-07,COMPLETE
150,0.5041122198104858,2025-04-09 17:33:22.952792,2025-04-09 17:33:47.102449,0 days 00:00:24.149657,0.5394105467663192,0.5764701767342156,8,0.2360356630541533,0.03096300050880396,0.0452699643858622,0.01700040644791672,0.08947282395372116,0.06979774959635822,0.009935973035956553,9,40,0.0018320924816637605,0.08060784028705621,False,False,False,2.128938146406148e-07,COMPLETE
151,0.5568026065826416,2025-04-09 17:33:47.161323,2025-04-09 17:34:32.871059,0 days 00:00:45.709736,0.5699758103561837,0.49483629762119974,2,0.2520360803681313,0.03768297370094961,0.0502738416633525,0.015222408484347666,0.09189632007213042,0.06430933926277006,0.013449551177778818,8,62,0.008496537301985425,0.04330229007846684,False,False,False,7.109629692092092e-08,COMPLETE
152,0.5054311275482178,2025-04-09 17:34:32.920922,2025-04-09 17:35:18.925385,0 days 00:00:46.004463,0.6756436622000349,0.5020848775662949,2,0.24884572473317074,0.025838557233631425,0.05011286617796783,0.014340140976716459,0.09398448100535672,0.06565304180863019,0.010211304455974903,8,61,0.005893840951503448,0.055776340193919846,False,False,False,1.263658084743208e-07,COMPLETE
153,0.34201263785362246,2025-04-09 17:35:18.974394,2025-04-09 17:36:08.222472,0 days 00:00:49.248078,0.6141579235482558,0.6249028307404416,2,0.24526960695066483,0.03699207093890837,0.050736792295127175,0.01063966334629737,0.09190270127696448,0.06426313880176071,0.00783704185829262,9,66,0.008979539822092247,0.042528777572160545,False,False,False,7.573180122424092e-08,COMPLETE
154,0.32406023144721985,2025-04-09 17:36:08.271180,2025-04-09 17:36:48.180305,0 days 00:00:39.909125,0.6386517249416376,0.5253148307350326,2,0.23922783632013733,0.04590367974161109,0.03762648469725265,0.015464458146866072,0.09077260850760616,0.0736526236773811,0.017082151376400418,6,55,0.00370150874434539,0.046826780154279976,False,False,False,1.0539325167949644e-07,COMPLETE
155,0.41000056266784674,2025-04-09 17:36:48.229648,2025-04-09 17:37:35.115575,0 days 00:00:46.885927,0.5205050016456929,0.45541598119649074,2,0.260849913865114,0.03438864364683274,0.05505491880420566,0.023254033743467593,0.08466046120337162,0.06165640845499886,0.01391656922063508,8,66,0.007107543623227957,0.06741411957716179,False,False,False,4.063076167224795e-07,COMPLETE
156,0.48371104001998905,2025-04-09 17:37:35.166065,2025-04-09 17:39:24.559737,0 days 00:01:49.393672,0.5749093133134545,0.41076092808201514,2,0.22882636028205172,0.05646429679266977,0.04385837868896861,0.012502360508647345,0.0986854279704978,0.06819078897701435,0.003751331051391093,28,34,0.01202417605157316,0.035675186651704785,False,False,False,4.3390801065228506e-08,COMPLETE
157,0.5029230713844299,2025-04-09 17:39:24.608980,2025-04-09 17:40:07.830709,0 days 00:00:43.221729,0.49976809627248564,0.47850463380548114,2,0.25211314467315615,0.041807603457585274,0.04898667878627434,0.0246929022107529,0.09066454076219482,0.058161612500375125,0.005602882400512535,7,61,0.015593257025747277,0.05675513650631179,False,False,False,2.1569335681539475e-07,COMPLETE
158,0.08955870270729066,2025-04-09 17:40:07.881118,2025-04-09 17:40:39.738852,0 days 00:00:31.857734,0.6035271389095558,0.4852085626524058,2,0.1525878599105829,0.02699452976822544,0.051736960468232805,0.016915067853785614,0.08795117896258531,0.05617742984686304,0.01107821675249437,5,40,0.008512559785716533,0.029889739160030324,False,False,True,6.741511217381798e-08,COMPLETE
159,0.5426889896392822,2025-04-09 17:40:39.790324,2025-04-09 17:41:01.478245,0 days 00:00:21.687921,0.5431697166472345,0.4545335481148706,8,0.25612378951108306,0.03774213042026119,0.03912774990734079,0.01953499514788549,0.09431205458113563,0.05961968444507933,0.007136918936069129,6,27,0.005467047113414888,0.05074846609493559,False,False,False,7.050648058779169e-07,COMPLETE
160,0.502907645702362,2025-04-09 17:41:01.530863,2025-04-09 17:41:23.446839,0 days 00:00:21.915976,0.5329889284220847,0.5303132342077156,8,0.25542728913214624,0.006649921503354011,0.030485867133401567,0.01812574889377822,0.09462825552616347,0.0602338170834654,0.007307236504026401,6,27,0.004450503001891098,0.04543500245335724,False,False,False,1.0662238938172749e-07,COMPLETE
161,0.5456186056137085,2025-04-09 17:41:23.500859,2025-04-09 17:41:45.349844,0 days 00:00:21.848985,0.5592949489788229,0.4507527762480606,8,0.26441949795671044,0.03940428174760859,0.041889850608430826,0.01434591565662863,0.09231384965375707,0.06191794389987183,0.009722868019808595,6,37,0.005580017539872692,0.05075599205384845,False,False,False,5.186207288015018e-07,COMPLETE
162,0.545449721813202,2025-04-09 17:41:45.410943,2025-04-09 17:42:07.249301,0 days 00:00:21.838358,0.5577774913977837,0.45045215897079394,8,0.24766141293850324,0.036981559757786636,0.03825637963657197,0.02051334748805999,0.09323437819727409,0.063199150551897,0.008854019398812241,6,33,0.006028712655291999,0.03853723804748145,False,False,False,7.235563802372815e-07,COMPLETE
163,0.517651379108429,2025-04-09 17:42:07.302722,2025-04-09 17:42:29.783507,0 days 00:00:22.480785,0.5516202437505253,0.45104757614042396,8,0.24760063003726354,0.0369995517354583,0.03984201691292569,0.021266959972768888,0.09709567464506963,0.06332060504596855,0.009096105888465354,7,30,0.001023094245863978,0.04381989896950238,False,False,False,6.156617956659411e-07,COMPLETE
164,0.5078433632850647,2025-04-09 17:42:29.836584,2025-04-09 17:42:51.463931,0 days 00:00:21.627347,0.5785766853726144,0.4341997729599251,8,0.24188999778633347,0.014860499368202332,0.041584087630457935,0.020740583384131185,0.09280283387435148,0.06242968260879267,0.006706596085121086,6,37,0.006063041044793555,0.051874817413970736,False,False,False,7.684514601639255e-07,COMPLETE
165,0.35378815531730656,2025-04-09 17:42:51.517695,2025-04-09 17:43:13.002324,0 days 00:00:21.484629,0.5160663375433029,0.46428881575122166,8,0.2641043984068096,0.02244106248212702,0.037535939466573055,0.014264564253571116,0.08860790022528812,0.06542887949103456,0.004921282161583932,5,32,0.003271774337875859,0.0345605616655176,False,False,False,5.044469525952648e-07,COMPLETE
166,0.5017255783081055,2025-04-09 17:43:13.055597,2025-04-09 17:43:33.937911,0 days 00:00:20.882314,0.5900993631117387,0.3821902677749795,8,0.2506832162876272,0.03341778944387295,0.035434266295190475,0.019675429583983203,0.09783651923701893,0.05913679580534138,0.01524294266907453,5,44,0.007658039096434593,0.03791074908963862,False,False,False,1.0439157992736015e-06,COMPLETE
167,0.5565814495086671,2025-04-09 17:43:33.992719,2025-04-09 17:43:56.693301,0 days 00:00:22.700582,0.5585821310396605,0.49078512317780115,8,0.23377826440737826,0.03929866661962783,0.04097806892095093,0.016404188875061457,0.09338754860483466,0.06717774188073103,0.009022637306939769,7,37,0.005655730205967057,0.05982569480153512,False,False,False,4.789261772298823e-07,COMPLETE
