number,value,datetime_start,datetime_complete,duration,params_alpha-eval,params_alpha-train,params_batch-size,params_eps-eval,params_eps-train,params_lambda-actions-eval,params_lambda-actions-train,params_lambda-frames-eval,params_lambda-frames-train,params_learning-rate,params_n-epochs,params_n-frames,params_radius-gw,params_rho,params_std-feats,params_ub-actions,params_ub-frames,params_weight-decay,state
1299,0.44723286628723147,2025-04-10 07:31:43.829784,2025-04-10 07:32:40.077010,0 days 00:00:56.247226,0.4825290109848043,0.521632821157797,2,0.2998355836548173,0.03471365665501597,0.07104619859031734,0.09443316754628221,0.04260151172078001,0.007001182432867181,0.0005966358711469704,11,131,0.0447658325851309,0.14646517492899458,False,False,False,7.965225507121495e-08,COMPLETE
1300,0.460905933380127,2025-04-10 07:32:40.494459,2025-04-10 07:33:36.918333,0 days 00:00:56.423874,0.5013521699562767,0.6520008822133632,2,0.2892665378932297,0.029145917765676623,0.0725277321396616,0.09827906023595297,0.043132606299163004,0.013485614115708193,0.0008503857890730765,11,128,0.007575614299931242,0.05362991272090911,False,False,False,8.88748979626014e-08,COMPLETE
1301,0.4668431043624878,2025-04-10 07:33:37.338885,2025-04-10 07:34:33.979108,0 days 00:00:56.640223,0.49800855502327557,0.6027676712631453,2,0.2925721064843527,0.0355914596973048,0.06843392715340453,0.09609445057941578,0.04516919603362203,0.01146396171485503,0.0007283873900680805,11,131,0.010456019821258536,0.05206388770602327,False,False,False,9.101659965614421e-08,COMPLETE
1302,0.49421980381011965,2025-04-10 07:34:34.393534,2025-04-10 07:34:56.365487,0 days 00:00:21.971953,0.5645128356780116,0.6191711463535712,16,0.2999315298094718,0.02869261530210405,0.06915895051370001,0.09020926246626022,0.044375091308592435,0.009001144615599335,0.000915707637982201,11,128,0.0059234522088553445,0.0682738500612835,False,False,False,9.62875172364656e-08,COMPLETE
1303,0.14297989010810852,2025-04-10 07:34:56.783039,2025-04-10 07:35:45.937525,0 days 00:00:49.154486,0.5285579594501676,0.5477182016923673,2,0.28911468079605546,0.03324659383441425,0.06703294227666894,0.0852723288554251,0.04734869142724166,0.015632342477568964,0.0006936148145472618,11,135,0.008377403832773665,0.1668110113516787,False,False,True,3.3546625733050885e-08,COMPLETE
1304,0.3349530696868897,2025-04-10 07:35:46.356617,2025-04-10 07:36:43.381475,0 days 00:00:57.024858,0.5780198808684649,0.6370761230705402,2,0.2946039423358361,0.027995116922930736,0.06761964545552916,0.09833015130631424,0.045233237984843966,0.005929511534053543,0.000965688263920464,11,126,0.0057616228414748985,0.08243003104627648,False,False,False,5.8101084745006524e-08,COMPLETE
1305,0.09427145123481752,2025-04-10 07:36:43.802664,2025-04-10 07:37:42.636296,0 days 00:00:58.833632,0.4834438798507682,0.5722797772859668,2,0.28178814382241774,0.020754180593458318,0.070365272487038,0.09995903003311984,0.04410063252186889,0.008599309408021148,0.0005512983529891895,12,132,0.08083830787650581,0.06237624137738249,False,False,False,9.9857136949202e-08,COMPLETE
1306,0.3343466103076935,2025-04-10 07:37:43.077453,2025-04-10 07:38:39.710340,0 days 00:00:56.632887,0.5431736542303215,0.6026397975536776,2,0.29492757253787993,0.03413232860855431,0.06563722623043985,0.09408109067039984,0.042435959330683067,0.011170913909466037,0.0010878082840123779,11,145,0.0027703750680742644,0.05243091468105955,False,False,False,6.991172798035908e-08,COMPLETE
1307,0.5251308560371399,2025-04-10 07:38:40.131086,2025-04-10 07:39:36.471512,0 days 00:00:56.340426,0.5117760865289933,0.569861598529924,2,0.28829276655320757,0.027819021174144684,0.06634577545266357,0.09655637871296831,0.04720989613205123,0.002608888243016019,0.0007974920689708054,11,129,0.004088937733015833,0.07682397146002692,False,False,False,9.425720076167104e-08,COMPLETE
1308,0.09427145123481752,2025-04-10 07:39:36.892646,2025-04-10 07:40:38.582247,0 days 00:01:01.689601,0.4840668121571456,0.53876921675995,2,0.29984123041199123,0.01664644040343015,0.07453301887063334,0.09194420317494542,0.04639186074528772,0.01239147564055916,0.000968151767103887,13,123,0.010088168300839747,0.06927349116193536,False,False,False,4.644067746081768e-08,COMPLETE
1309,0.3161103904247284,2025-04-10 07:40:39.002769,2025-04-10 07:41:38.876090,0 days 00:00:59.873321,0.5548439888762885,0.5882088955732299,2,0.29986853349149833,0.03476985094823803,0.06487331952324052,0.09471831688498855,0.048170803176097066,0.007497729612516442,0.0012175534547086604,12,126,0.007698037454739834,0.05962785218513844,False,False,False,6.483471789896295e-08,COMPLETE
1310,0.5976754188537597,2025-04-10 07:41:39.297005,2025-04-10 07:42:35.745181,0 days 00:00:56.448176,0.5305908948785129,0.6827940569302511,2,0.28148005128430253,0.02252075199474495,0.0690431533711739,0.08876743377252805,0.04148567048649078,0.022616381828671542,0.001968048123836017,11,134,0.005770204253479464,0.07458767475317599,False,False,False,7.739103905381156e-08,COMPLETE
1311,0.09427145123481752,2025-04-10 07:42:36.167457,2025-04-10 07:43:32.773578,0 days 00:00:56.606121,0.5767762171727999,0.728000668383743,2,0.28410365290552964,0.00967557809204117,0.07108751723996994,0.08698967225364147,0.04160868992975706,0.01660165351303492,0.002166684111947887,11,141,0.010491559524156063,0.08412324301121955,True,False,False,7.525342870777268e-08,COMPLETE
1312,0.09427145123481752,2025-04-10 07:43:33.193384,2025-04-10 07:44:28.002808,0 days 00:00:54.809424,0.5391323585921681,0.685455350508129,2,0.2819451419924681,0.01263794906406176,0.07297534135718026,0.08859358906233733,0.041431468419063464,0.01461233386560703,0.0026275419055194365,11,138,0.008374585588023278,0.08068988931848903,False,False,False,5.748102154694787e-08,COMPLETE
1313,0.4856427431106568,2025-04-10 07:44:28.420419,2025-04-10 07:44:50.121266,0 days 00:00:21.700847,0.5607941053622385,0.6652506229406033,16,0.280527900169338,0.015987874400946598,0.0694082419856031,0.08473990949311376,0.042268718516135,0.017170685558141566,0.001958645626101401,11,134,0.00682411978042477,0.07668362563122891,False,False,False,7.617722904732396e-08,COMPLETE
1314,0.1432242274284363,2025-04-10 07:44:50.538527,2025-04-10 07:45:41.852557,0 days 00:00:51.314030,0.5315124370479887,0.6843374290924454,2,0.27993199778302685,0.007611352137759625,0.0691542862401889,0.08802354050223338,0.04392010207982272,0.022068012734761104,0.003234339745218752,12,136,0.00995007196140491,0.07449462457042635,False,True,False,9.268981899360483e-08,COMPLETE
1315,0.09427145123481752,2025-04-10 07:45:42.288839,2025-04-10 07:46:40.831867,0 days 00:00:58.543028,0.5512179382162988,0.7044136810230047,2,0.286488279079996,0.01965177864085978,0.07133469341088236,0.08892730890677793,0.04490597603768858,0.019110732493796852,0.0020661793588755053,12,134,0.08403328949280592,0.07150898648345984,False,False,False,5.662353076881275e-08,COMPLETE
1316,0.5985843062400817,2025-04-10 07:46:41.257431,2025-04-10 07:47:37.381306,0 days 00:00:56.123875,0.521044106389836,0.6770256371663566,2,0.28945144720327454,0.02117410671836446,0.06799896336899236,0.09116011715376306,0.041429600761444405,0.009484891571776103,0.0026934820938011622,11,132,0.006147553676309525,0.087570416583973,False,False,False,4.417287358657409e-08,COMPLETE
1317,0.09427145123481752,2025-04-10 07:47:37.805646,2025-04-10 07:48:32.857760,0 days 00:00:55.052114,0.5174510640153193,0.6566697840865905,2,0.2904678227213865,0.0032463787932628975,0.06760474348158405,0.09079795407295944,0.04465357915326142,0.009966697649307132,0.003220223226750804,11,131,0.00831832023892794,0.10290358414939416,False,False,False,3.212962879037799e-08,COMPLETE
1318,0.5278186202049255,2025-04-10 07:48:33.281709,2025-04-10 07:49:33.228210,0 days 00:00:59.946501,0.5171868383419389,0.7019411963909011,2,0.2939979983134295,0.014139754016510566,0.06798612144958265,0.09158906442753308,0.04656088568144203,0.00456365027234559,0.0028963397247817892,12,131,0.0073437525214882825,0.08460619316795664,False,False,False,3.377315678087194e-08,COMPLETE
1319,0.5257308721542359,2025-04-10 07:49:33.658176,2025-04-10 07:50:32.781996,0 days 00:00:59.123820,0.5076655677017702,0.6737437808247244,2,0.28906663625565476,0.018813342257115652,0.06700490810292214,0.09242393637494396,0.048709419561118836,0.008468094019232363,0.002639352558746675,12,129,0.0057250006458467164,0.08487516743879453,False,False,False,2.8556712848597162e-08,COMPLETE
1320,0.09427145123481752,2025-04-10 07:50:33.202012,2025-04-10 07:51:35.293723,0 days 00:01:02.091711,0.5399719082685696,0.6433605749279809,2,0.29469238640611234,0.02243018723752839,0.07013322917782806,0.09050427044579107,0.04344028151979523,0.011428349951270463,0.0016564385740855622,13,138,0.008053606903071239,0.08605690822083052,False,False,False,2.5811547305628752e-08,COMPLETE
1321,0.09427145123481752,2025-04-10 07:51:35.715161,2025-04-10 07:52:39.988826,0 days 00:01:04.273665,0.5726769891417528,0.6402368615468961,2,0.2897406609730503,0.01543766637677987,0.06707837444138037,0.09311563330491719,0.04575165325437892,0.006710103369791626,0.002310140714561896,14,132,0.00988501755064511,0.0928585941592848,False,False,False,3.949644545283156e-08,COMPLETE
1322,0.13296099603176117,2025-04-10 07:52:40.410810,2025-04-10 07:53:29.475846,0 days 00:00:49.065036,0.5519517252114912,0.6155131342870919,2,0.299933018924444,0.007694823441180821,0.06503917063347,0.09480742289765039,0.048029743880513814,0.00987010403474576,0.0026125637765816523,11,129,0.005669809932934013,0.09263939888593781,False,False,True,4.311717837102295e-08,COMPLETE
1323,0.5734161853790284,2025-04-10 07:53:29.919189,2025-04-10 07:54:29.354840,0 days 00:00:59.435651,0.5085449684113768,0.6555381408886624,2,0.2873465420179734,0.024647271067123038,0.07355363565318257,0.09651038102170746,0.04982962175624662,0.0132411955556602,0.00328322415218254,12,133,0.004649520445928506,0.09435333979805603,False,False,False,4.123581492682995e-08,COMPLETE
1324,0.5209794759750367,2025-04-10 07:54:29.781189,2025-04-10 07:55:25.977993,0 days 00:00:56.196804,0.529208815549417,0.6278588410299533,2,0.1143641532892497,0.02031073406497595,0.06622999240690397,0.0930194961158202,0.043066245233448375,0.005587777942112753,0.001463582512087271,11,128,0.006909126086985098,0.09269791651874228,False,False,False,4.728103381595105e-08,COMPLETE
1325,0.5281610608100892,2025-04-10 07:55:26.409066,2025-04-10 07:56:22.902562,0 days 00:00:56.493496,0.49674166984170615,0.5972083860362013,2,0.2943831090407107,0.024199477925585106,0.06480464118786897,0.08988841706269558,0.046945836836232636,0.008155815033582496,0.002023082667077484,11,126,0.004274125045525004,0.1006350771653535,False,False,False,2.205189217752401e-08,COMPLETE
1326,0.09427145123481752,2025-04-10 07:56:23.326806,2025-04-10 07:56:45.184423,0 days 00:00:21.857617,0.5244834397720566,0.5617624305328968,16,0.2945477587089075,0.012659090222281726,0.06939627837380523,0.09787936240427485,0.050360134576198944,0.010720732909942444,0.001737017367486685,12,136,0.010192808905836221,0.0895367653192124,False,False,False,3.7519232155325614e-08,COMPLETE
1327,0.09427145123481752,2025-04-10 07:56:45.611620,2025-04-10 07:57:47.995330,0 days 00:01:02.383710,0.5548698116408675,0.7052765058563862,2,0.28671507798105245,0.026608442003544806,0.0767209995509723,0.09494575718761646,0.041623005038817225,0.012935776064787219,0.0023839764296319206,13,130,0.008161034372710926,0.0808930637756451,False,False,False,4.8460763601676255e-08,COMPLETE
1328,0.5131878733634949,2025-04-10 07:57:48.424819,2025-04-10 07:58:48.373095,0 days 00:00:59.948276,0.5017091804972467,0.6686040369329471,2,0.1357158007890658,0.01799846631725406,0.0711879396428714,0.09679765396450575,0.04445044814820835,0.009395357458653433,0.0014409307202535731,12,132,0.005607818377321049,0.07696451569120405,False,False,False,5.3487034218406796e-08,COMPLETE
1329,0.5919361352920532,2025-04-10 07:58:48.793380,2025-04-10 07:59:44.975908,0 days 00:00:56.182528,0.5389827724626537,0.621902257328676,2,0.294467214374951,0.027334534987930367,0.06819540816327922,0.09162236124857828,0.04865609840512886,0.007500028424608307,0.001273697356325427,11,142,0.003270330469426423,0.06818818023121002,False,False,False,3.461813477868084e-08,COMPLETE
1330,0.09427145123481752,2025-04-10 07:59:45.402932,2025-04-10 08:00:47.503931,0 days 00:01:02.100999,0.5773149718746775,0.5801592946036151,2,0.2856961698975625,0.00017633608093181596,0.0641886618868261,0.09838881480785064,0.04602082347805703,0.004314680784350604,0.0017881356749712548,13,127,0.00594449892693516,0.08768585276932322,False,False,False,6.06171697594627e-08,COMPLETE
1331,0.41213827133178715,2025-04-10 08:00:47.931472,2025-04-10 08:01:48.534516,0 days 00:01:00.603044,0.5181737832490544,0.7611399658550402,2,0.2997005866802215,0.02077411945744817,0.06629744714717677,0.09358642294027364,0.050868074836232124,0.011111867871635808,0.00034866860318947743,12,134,0.004003935869054792,0.07973972462124454,True,False,False,4.695987378196187e-08,COMPLETE
1332,0.12560316026210785,2025-04-10 08:01:48.985078,2025-04-10 08:02:37.869572,0 days 00:00:48.884494,0.5561498784108327,0.5503374152353937,2,0.2900822757615036,0.02921875519464857,0.06414253546051811,0.09536899754984071,0.04772546833079026,0.0140028365749453,0.002397358766566039,11,138,0.09963690577141918,0.07041635947114405,False,True,False,2.926989482042693e-08,COMPLETE
1333,0.09427145123481752,2025-04-10 08:02:38.319403,2025-04-10 08:03:36.437075,0 days 00:00:58.117672,0.5290223148509763,0.5865581652037178,2,0.2942269263090493,0.015268421846503812,0.06801697530552583,0.0908527651624839,0.04505054026312696,0.006125961729334131,0.0015929858420698504,12,130,0.00812408623253265,0.06643657918164998,False,False,False,6.282016732250879e-08,COMPLETE
1334,0.5328382015228271,2025-04-10 08:03:36.872206,2025-04-10 08:04:33.865528,0 days 00:00:56.993322,0.501810533538723,0.6122976931456783,2,0.28284662892534757,0.02354407612946276,0.06318419381214263,0.08657272559477844,0.04889718332340708,0.008539211395665946,0.002923786974640654,11,150,0.002541171662393469,0.0986809551055322,False,False,False,3.9468295045196955e-08,COMPLETE
1335,0.6083647966384889,2025-04-10 08:04:34.294277,2025-04-10 08:05:36.718086,0 days 00:01:02.423809,0.5448658701241202,0.5654644692604095,2,0.2900663692878026,0.029822926961837533,0.07502758754615464,0.0982743269070381,0.04129822450024641,0.01095514528640188,0.0013028223330360912,13,127,0.006440591561881619,0.08063109119760581,False,False,False,5.846250681431253e-08,COMPLETE
1336,0.4040378212928772,2025-04-10 08:05:37.149606,2025-04-10 08:05:59.787916,0 days 00:00:22.638310,0.5770145746849324,0.6410219053924072,16,0.2821038208010298,0.030688615883574383,0.07724012862290983,0.09628532152713651,0.04008814408280932,0.012787474889123192,0.0010626973084093157,13,129,0.010374343993901513,0.08624652645937142,False,False,False,7.543607206197768e-08,COMPLETE
1337,0.4054866552352906,2025-04-10 08:06:00.218490,2025-04-10 08:07:06.062944,0 days 00:01:05.844454,0.5614955378787418,0.5219193675077445,2,0.28873716759967993,0.031385104127704164,0.07452714186751767,0.0933565504972639,0.0407753423240976,0.015169907458711843,0.0012633755522028548,14,132,0.0081001962308689,0.08760399102931427,False,False,False,4.84085883132328e-08,COMPLETE
1338,0.5840631246566773,2025-04-10 08:07:06.489198,2025-04-10 08:08:12.895692,0 days 00:01:06.406494,0.543150237157075,0.5375919215610617,2,0.2803458940971788,0.03403842648971081,0.07827307469068494,0.09847145186245472,0.04119427845034715,0.0011314422087724055,0.0011570790320710224,14,134,0.006722702664099707,0.08042050853199803,False,False,False,9.71409699287279e-08,COMPLETE
1339,0.09427145123481752,2025-04-10 08:08:13.344755,2025-04-10 08:09:14.491170,0 days 00:01:01.146415,0.5688618948575476,0.6060711738160214,2,0.2892922652105057,0.02836825364857334,0.07545680937312003,0.09485597560138924,0.04216826254201316,0.012097193558093763,0.001369839366561877,13,126,0.008656659320928604,0.09523359978627526,False,False,False,6.511513286611845e-08,COMPLETE
1340,0.5153806805610657,2025-04-10 08:09:14.923510,2025-04-10 08:10:21.723761,0 days 00:01:06.800251,0.5514366418359249,0.5717291794824386,2,0.294213372023112,0.02164194883886219,0.07416586853830959,0.09203978315956146,0.04344406938848564,0.010794789024398246,0.0010150724950206908,14,130,0.004250151487300985,0.08403268270950913,False,False,False,5.2551321810172686e-08,COMPLETE
1341,0.08819098621606827,2025-04-10 08:10:22.157505,2025-04-10 08:11:22.178260,0 days 00:01:00.020755,0.5830905255235748,0.5938437384266293,2,0.2804445334712953,0.034392743289301544,0.07309247778099312,0.09837051934012814,0.0428035001114748,0.014449225677170087,0.001161364067619887,15,127,0.0026670532351206412,0.07971361196141084,False,False,True,7.846871799844034e-08,COMPLETE
1342,0.6185043334960938,2025-04-10 08:11:22.611690,2025-04-10 08:12:25.771290,0 days 00:01:03.159600,0.5391843864931047,0.552463385730354,2,0.29997201176499355,0.02860914054622777,0.07404273485565391,0.09998956558304598,0.04519510829906091,0.010580700876223531,0.001455194517567502,13,132,0.00648582982402082,0.07550933967588162,False,False,False,2.701617325903011e-08,COMPLETE
1343,0.4329468965530396,2025-04-10 08:12:26.202442,2025-04-10 08:13:31.745244,0 days 00:01:05.542802,0.5838041583965562,0.5457492410433169,2,0.2960676468564208,0.03587291725707343,0.07728154497467138,0.0996149391659858,0.044941613713896315,0.012858275182339635,0.00138329795080478,14,136,0.009998959313824796,0.07496246052057524,False,False,False,3.349392613929923e-08,COMPLETE
1344,0.5231604814529419,2025-04-10 08:13:32.174792,2025-04-10 08:14:39.046958,0 days 00:01:06.872166,0.5612920718061742,0.5224955949358316,2,0.296030606199052,0.02995951635501273,0.07611183765227285,0.09996394203128266,0.04635145624778079,0.011306483729965901,0.0014755225796109985,14,140,0.007050216093564837,0.07224396404898069,False,False,False,3.021697778122672e-08,COMPLETE
1345,0.4639014720916748,2025-04-10 08:14:39.477410,2025-04-10 08:15:42.066422,0 days 00:01:02.589012,0.5440100101913892,0.5487597082644458,2,0.29486906449414874,0.035647248535668266,0.0787775120221344,0.0981546161395585,0.04686621189395965,0.014758970404509726,0.0011402496498346658,13,129,0.010314590342745442,0.0706232431748008,False,False,False,9.810669006093294e-08,COMPLETE
1346,0.5193641662597657,2025-04-10 08:15:42.496509,2025-04-10 08:16:45.268945,0 days 00:01:02.772436,0.5402328967280425,0.5626349626707146,2,0.29929120426793354,0.029047505469492578,0.07589570216882442,0.09969609157476916,0.04594465880304253,0.010984450254044606,0.0008429791607599846,13,126,0.004483915298854643,0.07822914472771537,False,False,False,9.384346187375867e-08,COMPLETE
1347,0.5135162353515625,2025-04-10 08:16:45.718929,2025-04-10 08:17:48.382432,0 days 00:01:02.663503,0.5800118619946872,0.5188586595588323,2,0.2949706924950973,0.03508358751357104,0.07468394786773996,0.09987012421905905,0.04456954031219231,0.013115524009401375,0.0009510156774520528,13,134,0.002767404094240224,0.07617943152930967,False,False,False,2.8147416251065794e-08,COMPLETE
1348,0.428633463382721,2025-04-10 08:17:48.817702,2025-04-10 08:18:11.840986,0 days 00:00:23.023284,0.5622187093297728,0.5635578930405346,16,0.2994040472207196,0.19742002075021925,0.07307173256828485,0.09658601121379147,0.0481052559965278,0.007682536707177733,0.001339693496008217,13,131,0.00850857527821752,0.07323679785786054,False,False,False,1.167319859769775e-08,COMPLETE
1349,0.5936157226562501,2025-04-10 08:18:12.273505,2025-04-10 08:19:18.235346,0 days 00:01:05.961841,0.5373768269235244,0.542005954617546,2,0.2899527170545235,0.028636915180955343,0.07442454627078461,0.09999949840729645,0.04388327289995853,0.016543876071082594,0.0016968851609429267,14,128,0.0010678749115784405,0.06673880111019041,False,False,False,7.167331532680892e-08,COMPLETE
1350,0.526108694076538,2025-04-10 08:19:18.667790,2025-04-10 08:20:21.994813,0 days 00:01:03.327023,0.5505089073384908,0.5786436780228704,2,0.29993990125753334,0.025258398069889002,0.07271239364541095,0.09708785719601107,0.04762437562853375,0.010167597595440028,0.0011557653572991887,13,125,0.006200591288854713,0.06712056840752577,False,False,False,6.494717561409973e-08,COMPLETE
1351,0.0890771046280861,2025-04-10 08:20:22.423826,2025-04-10 08:21:18.480277,0 days 00:00:56.056451,0.5285731536560159,0.980292132137965,2,0.2997690586394562,0.03524516293006405,0.07584791277562429,0.09753066345449177,0.04963400295551408,0.006687131413606721,0.05489631868204266,13,137,0.00428585062237441,0.07560468808666584,True,True,False,2.3251645179610135e-08,COMPLETE
1352,0.09427145123481752,2025-04-10 08:21:18.912245,2025-04-10 08:22:20.782886,0 days 00:01:01.870641,0.4851693462355498,0.5900684699262445,2,0.2998608580112117,0.030075396018629,0.07822778661631655,0.09689763949167296,0.04619199237530045,0.012912769889725593,0.0014350685062793937,13,146,0.006983975878898372,0.06538269880499263,False,False,False,2.0363069298380836e-08,COMPLETE
1353,0.3488407194614411,2025-04-10 08:22:21.210803,2025-04-10 08:23:27.277990,0 days 00:01:06.067187,0.5072524654355228,0.5588466533856657,2,0.28944495177656265,0.12499372515886062,0.07257626545627952,0.09799884468743984,0.045070263824199916,0.010122249261504153,0.0016283724586154495,14,132,0.0010079702207344077,0.07196429338148475,False,False,False,2.077301692016214e-08,COMPLETE
1354,0.5162773370742798,2025-04-10 08:23:27.727732,2025-04-10 08:24:31.061486,0 days 00:01:03.333754,0.5640063995018773,0.5265403695389675,2,0.29989303354895896,0.024242750775956154,0.07916876895241702,0.09588490347586956,0.049274354861827796,0.004500229574972727,0.001035424802318105,13,129,0.004369572143099042,0.07961916237740423,False,False,False,2.0839812576336593e-08,COMPLETE
